 WARN [2015-11-16 15:38:06,820] (BaseRetryAspect.java:isLoginExceptionRetryable:117) - Login evaluation deemed exception not retry-able:
 LoginFault: Invalid username, password, security token; or user locked out. Are you at a new location? When accessing Salesforce--either via a desktop client or the API--from outside of your company’s trusted networks, you must add a security token to your password to log in. To get your new security token, log in to Salesforce. From your personal settings, enter Reset My Security Token in the Quick Find box, then select Reset My Security Token.
 WARN [2015-11-16 15:38:06,830] (BaseRetryAspect.java:isConnectionExceptionRetryable:153) - Connection evaluation deemed exception not retry-able:
 LoginFault: Invalid username, password, security token; or user locked out. Are you at a new location? When accessing Salesforce--either via a desktop client or the API--from outside of your company’s trusted networks, you must add a security token to your password to log in. To get your new security token, log in to Salesforce. From your personal settings, enter Reset My Security Token in the Quick Find box, then select Reset My Security Token.
 WARN [2015-11-16 15:38:06,840] (ProjectController.java:getRemotePackageNames:939) - Unable to get project packages for project 'NLFFullCopySndbx': Invalid username, password, security token; or user locked out. Are you at a new location? When accessing Salesforce--either via a desktop client or the API--from outside of your company’s trusted networks, you must add a security token to your password to log in. To get your new security token, log in to Salesforce. From your personal settings, enter Reset My Security Token in the Quick Find box, then select Reset My Security Token.
 WARN [2015-11-16 15:38:06,861] (ProjectOrganizationPage.java:prepareNextPage:269) - Unable to login: Invalid username, password, security token; or user locked out. Are you at a new location? When accessing Salesforce--either via a desktop client or the API--from outside of your company’s trusted networks, you must add a security token to your password to log in. To get your new security token, log in to Salesforce. From your personal settings, enter Reset My Security Token in the Quick Find box, then select Reset My Security Token.
 WARN [2015-11-16 15:38:26,719] (BaseRetryAspect.java:isLoginExceptionRetryable:117) - Login evaluation deemed exception not retry-able:
 LoginFault: Invalid username, password, security token; or user locked out. Are you at a new location? When accessing Salesforce--either via a desktop client or the API--from outside of your company’s trusted networks, you must add a security token to your password to log in. To get your new security token, log in to Salesforce. From your personal settings, enter Reset My Security Token in the Quick Find box, then select Reset My Security Token.
 WARN [2015-11-16 15:38:26,729] (BaseRetryAspect.java:isConnectionExceptionRetryable:153) - Connection evaluation deemed exception not retry-able:
 LoginFault: Invalid username, password, security token; or user locked out. Are you at a new location? When accessing Salesforce--either via a desktop client or the API--from outside of your company’s trusted networks, you must add a security token to your password to log in. To get your new security token, log in to Salesforce. From your personal settings, enter Reset My Security Token in the Quick Find box, then select Reset My Security Token.
 WARN [2015-11-16 15:38:26,729] (ProjectController.java:getRemotePackageNames:939) - Unable to get project packages for project 'NLFFullCopySndbx': Invalid username, password, security token; or user locked out. Are you at a new location? When accessing Salesforce--either via a desktop client or the API--from outside of your company’s trusted networks, you must add a security token to your password to log in. To get your new security token, log in to Salesforce. From your personal settings, enter Reset My Security Token in the Quick Find box, then select Reset My Security Token.
 WARN [2015-11-16 15:38:26,769] (ProjectOrganizationPage.java:prepareNextPage:269) - Unable to login: Invalid username, password, security token; or user locked out. Are you at a new location? When accessing Salesforce--either via a desktop client or the API--from outside of your company’s trusted networks, you must add a security token to your password to log in. To get your new security token, log in to Salesforce. From your personal settings, enter Reset My Security Token in the Quick Find box, then select Reset My Security Token.
 WARN [2015-11-16 15:40:02,880] (ComponentFactory.java:getComponentBean:1154) - Unable to get component for id 'AuraDefinitionBundle': Unable to get bean for id 'AuraDefinitionBundle'
 WARN [2015-11-16 15:40:02,890] (ComponentFactory.java:getComponentBean:1154) - Unable to get component for id 'ExternalDataSource': Unable to get bean for id 'ExternalDataSource'
 WARN [2015-11-16 15:40:02,890] (ComponentFactory.java:getComponentBean:1154) - Unable to get component for id 'NamedCredential': Unable to get bean for id 'NamedCredential'
 WARN [2015-11-16 15:40:02,913] (ComponentFactory.java:getComponentBean:1154) - Unable to get component for id 'MatchingRules': Unable to get bean for id 'MatchingRules'
 WARN [2015-11-16 15:40:02,919] (ComponentFactory.java:getComponentBean:1154) - Unable to get component for id 'ChannelLayout': Unable to get bean for id 'ChannelLayout'
 WARN [2015-11-16 15:40:02,923] (ComponentFactory.java:getComponentBean:1154) - Unable to get component for id 'SharingRules': Unable to get bean for id 'SharingRules'
 WARN [2015-11-16 15:40:02,929] (ComponentFactory.java:getComponentBean:1154) - Unable to get component for id 'CorsWhitelistOrigin': Unable to get bean for id 'CorsWhitelistOrigin'
 WARN [2015-11-16 15:40:02,934] (ComponentFactory.java:getComponentBean:1154) - Unable to get component for id 'ActionLinkGroupTemplate': Unable to get bean for id 'ActionLinkGroupTemplate'
 WARN [2015-11-16 15:40:04,829] (ComponentFactory.java:getComponentBean:1154) - Unable to get component for id 'AuraDefinitionBundle': Unable to get bean for id 'AuraDefinitionBundle'
 WARN [2015-11-16 15:40:04,839] (ComponentFactory.java:getComponentBean:1154) - Unable to get component for id 'ExternalDataSource': Unable to get bean for id 'ExternalDataSource'
 WARN [2015-11-16 15:40:04,839] (ComponentFactory.java:getComponentBean:1154) - Unable to get component for id 'NamedCredential': Unable to get bean for id 'NamedCredential'
 WARN [2015-11-16 15:40:04,849] (ComponentFactory.java:getComponentBean:1154) - Unable to get component for id 'MatchingRules': Unable to get bean for id 'MatchingRules'
 WARN [2015-11-16 15:40:04,859] (ComponentFactory.java:getComponentBean:1154) - Unable to get component for id 'ChannelLayout': Unable to get bean for id 'ChannelLayout'
 WARN [2015-11-16 15:40:04,859] (ComponentFactory.java:getComponentBean:1154) - Unable to get component for id 'SharingRules': Unable to get bean for id 'SharingRules'
 WARN [2015-11-16 15:40:04,875] (ComponentFactory.java:getComponentBean:1154) - Unable to get component for id 'CorsWhitelistOrigin': Unable to get bean for id 'CorsWhitelistOrigin'
 WARN [2015-11-16 15:40:04,880] (ComponentFactory.java:getComponentBean:1154) - Unable to get component for id 'ActionLinkGroupTemplate': Unable to get bean for id 'ActionLinkGroupTemplate'
 WARN [2015-11-16 15:40:28,740] (Utils.java:loadDocument:799) - Unable to load document: C:\NLFFullCopySandbox\.metadata\.plugins\com.salesforce.ide.core\packageCache.xml (The system cannot find the file specified)
 WARN [2015-11-16 15:40:30,131] (ComponentFactory.java:getComponentBean:1154) - Unable to get component for id 'AuraDefinitionBundle': Unable to get bean for id 'AuraDefinitionBundle'
 WARN [2015-11-16 15:40:30,131] (ComponentFactory.java:getComponentBean:1154) - Unable to get component for id 'ExternalDataSource': Unable to get bean for id 'ExternalDataSource'
 WARN [2015-11-16 15:40:30,141] (ComponentFactory.java:getComponentBean:1154) - Unable to get component for id 'NamedCredential': Unable to get bean for id 'NamedCredential'
 WARN [2015-11-16 15:40:30,161] (ComponentFactory.java:getComponentBean:1154) - Unable to get component for id 'MatchingRules': Unable to get bean for id 'MatchingRules'
 WARN [2015-11-16 15:40:30,161] (ComponentFactory.java:getComponentBean:1154) - Unable to get component for id 'ChannelLayout': Unable to get bean for id 'ChannelLayout'
 WARN [2015-11-16 15:40:30,171] (ComponentFactory.java:getComponentBean:1154) - Unable to get component for id 'SharingRules': Unable to get bean for id 'SharingRules'
 WARN [2015-11-16 15:40:30,171] (ComponentFactory.java:getComponentBean:1154) - Unable to get component for id 'CorsWhitelistOrigin': Unable to get bean for id 'CorsWhitelistOrigin'
 WARN [2015-11-16 15:40:30,181] (ComponentFactory.java:getComponentBean:1154) - Unable to get component for id 'ActionLinkGroupTemplate': Unable to get bean for id 'ActionLinkGroupTemplate'
 WARN [2015-11-16 15:40:32,403] (ComponentFactory.java:getComponentBean:1154) - Unable to get component for id 'AuraDefinitionBundle': Unable to get bean for id 'AuraDefinitionBundle'
 WARN [2015-11-16 15:40:32,413] (ComponentFactory.java:getComponentBean:1154) - Unable to get component for id 'ExternalDataSource': Unable to get bean for id 'ExternalDataSource'
 WARN [2015-11-16 15:40:32,423] (ComponentFactory.java:getComponentBean:1154) - Unable to get component for id 'NamedCredential': Unable to get bean for id 'NamedCredential'
 WARN [2015-11-16 15:40:32,443] (ComponentFactory.java:getComponentBean:1154) - Unable to get component for id 'MatchingRules': Unable to get bean for id 'MatchingRules'
 WARN [2015-11-16 15:40:32,443] (ComponentFactory.java:getComponentBean:1154) - Unable to get component for id 'ChannelLayout': Unable to get bean for id 'ChannelLayout'
 WARN [2015-11-16 15:40:32,443] (ComponentFactory.java:getComponentBean:1154) - Unable to get component for id 'SharingRules': Unable to get bean for id 'SharingRules'
 WARN [2015-11-16 15:40:32,453] (ComponentFactory.java:getComponentBean:1154) - Unable to get component for id 'CorsWhitelistOrigin': Unable to get bean for id 'CorsWhitelistOrigin'
 WARN [2015-11-16 15:40:32,453] (ComponentFactory.java:getComponentBean:1154) - Unable to get component for id 'ActionLinkGroupTemplate': Unable to get bean for id 'ActionLinkGroupTemplate'
 WARN [2015-11-16 15:40:33,863] (ComponentFactory.java:getComponentBean:1154) - Unable to get component for id 'AuraDefinitionBundle': Unable to get bean for id 'AuraDefinitionBundle'
 WARN [2015-11-16 15:40:33,873] (ComponentFactory.java:getComponentBean:1154) - Unable to get component for id 'ExternalDataSource': Unable to get bean for id 'ExternalDataSource'
 WARN [2015-11-16 15:40:33,883] (ComponentFactory.java:getComponentBean:1154) - Unable to get component for id 'NamedCredential': Unable to get bean for id 'NamedCredential'
 WARN [2015-11-16 15:40:33,903] (ComponentFactory.java:getComponentBean:1154) - Unable to get component for id 'MatchingRules': Unable to get bean for id 'MatchingRules'
 WARN [2015-11-16 15:40:33,903] (ComponentFactory.java:getComponentBean:1154) - Unable to get component for id 'ChannelLayout': Unable to get bean for id 'ChannelLayout'
 WARN [2015-11-16 15:40:33,903] (ComponentFactory.java:getComponentBean:1154) - Unable to get component for id 'SharingRules': Unable to get bean for id 'SharingRules'
 WARN [2015-11-16 15:40:33,913] (ComponentFactory.java:getComponentBean:1154) - Unable to get component for id 'CorsWhitelistOrigin': Unable to get bean for id 'CorsWhitelistOrigin'
 WARN [2015-11-16 15:40:33,913] (ComponentFactory.java:getComponentBean:1154) - Unable to get component for id 'ActionLinkGroupTemplate': Unable to get bean for id 'ActionLinkGroupTemplate'
 WARN [2015-11-16 15:40:35,457] (ComponentFactory.java:getComponentBean:1154) - Unable to get component for id 'AuraDefinitionBundle': Unable to get bean for id 'AuraDefinitionBundle'
 WARN [2015-11-16 15:40:35,467] (ComponentFactory.java:getComponentBean:1154) - Unable to get component for id 'ExternalDataSource': Unable to get bean for id 'ExternalDataSource'
 WARN [2015-11-16 15:40:35,477] (ComponentFactory.java:getComponentBean:1154) - Unable to get component for id 'NamedCredential': Unable to get bean for id 'NamedCredential'
 WARN [2015-11-16 15:40:35,497] (ComponentFactory.java:getComponentBean:1154) - Unable to get component for id 'MatchingRules': Unable to get bean for id 'MatchingRules'
 WARN [2015-11-16 15:40:35,497] (ComponentFactory.java:getComponentBean:1154) - Unable to get component for id 'ChannelLayout': Unable to get bean for id 'ChannelLayout'
 WARN [2015-11-16 15:40:35,507] (ComponentFactory.java:getComponentBean:1154) - Unable to get component for id 'SharingRules': Unable to get bean for id 'SharingRules'
 WARN [2015-11-16 15:40:35,507] (ComponentFactory.java:getComponentBean:1154) - Unable to get component for id 'CorsWhitelistOrigin': Unable to get bean for id 'CorsWhitelistOrigin'
 WARN [2015-11-16 15:40:35,517] (ComponentFactory.java:getComponentBean:1154) - Unable to get component for id 'ActionLinkGroupTemplate': Unable to get bean for id 'ActionLinkGroupTemplate'
 WARN [2015-11-16 15:40:37,271] (ComponentFactory.java:getComponentBean:1154) - Unable to get component for id 'AuraDefinitionBundle': Unable to get bean for id 'AuraDefinitionBundle'
 WARN [2015-11-16 15:40:37,291] (ComponentFactory.java:getComponentBean:1154) - Unable to get component for id 'ExternalDataSource': Unable to get bean for id 'ExternalDataSource'
 WARN [2015-11-16 15:40:37,301] (ComponentFactory.java:getComponentBean:1154) - Unable to get component for id 'NamedCredential': Unable to get bean for id 'NamedCredential'
 WARN [2015-11-16 15:40:37,311] (ComponentFactory.java:getComponentBean:1154) - Unable to get component for id 'MatchingRules': Unable to get bean for id 'MatchingRules'
 WARN [2015-11-16 15:40:37,321] (ComponentFactory.java:getComponentBean:1154) - Unable to get component for id 'ChannelLayout': Unable to get bean for id 'ChannelLayout'
 WARN [2015-11-16 15:40:37,321] (ComponentFactory.java:getComponentBean:1154) - Unable to get component for id 'SharingRules': Unable to get bean for id 'SharingRules'
 WARN [2015-11-16 15:40:37,331] (ComponentFactory.java:getComponentBean:1154) - Unable to get component for id 'CorsWhitelistOrigin': Unable to get bean for id 'CorsWhitelistOrigin'
 WARN [2015-11-16 15:40:37,331] (ComponentFactory.java:getComponentBean:1154) - Unable to get component for id 'ActionLinkGroupTemplate': Unable to get bean for id 'ActionLinkGroupTemplate'
 WARN [2015-11-16 15:41:14,077] (ComponentFactory.java:getComponentBean:1154) - Unable to get component for id 'ActionLinkGroupTemplate': Unable to get bean for id 'ActionLinkGroupTemplate'
 WARN [2015-11-16 15:41:14,107] (ComponentFactory.java:getComponentBean:1154) - Unable to get component for id 'AuraDefinitionBundle': Unable to get bean for id 'AuraDefinitionBundle'
 WARN [2015-11-16 15:41:14,127] (ComponentFactory.java:getComponentBean:1154) - Unable to get component for id 'BusinessProcess': Unable to get bean for id 'BusinessProcess'
 WARN [2015-11-16 15:41:14,127] (ComponentFactory.java:getComponentBean:1154) - Unable to get component for id 'ChannelLayout': Unable to get bean for id 'ChannelLayout'
 WARN [2015-11-16 15:41:14,137] (ComponentFactory.java:getComponentBean:1154) - Unable to get component for id 'CompactLayout': Unable to get bean for id 'CompactLayout'
 WARN [2015-11-16 15:41:14,147] (ComponentFactory.java:getComponentBean:1154) - Unable to get component for id 'CorsWhitelistOrigin': Unable to get bean for id 'CorsWhitelistOrigin'
 WARN [2015-11-16 15:41:14,159] (ComponentFactory.java:getComponentBean:1154) - Unable to get component for id 'CustomField': Unable to get bean for id 'CustomField'
 WARN [2015-11-16 15:41:14,170] (ComponentFactory.java:getComponentBean:1154) - Unable to get component for id 'CustomLabel': Unable to get bean for id 'CustomLabel'
 WARN [2015-11-16 15:41:15,080] (ComponentFactory.java:getComponentBean:1154) - Unable to get component for id 'AuraDefinitionBundle': Unable to get bean for id 'AuraDefinitionBundle'
 WARN [2015-11-16 15:41:15,100] (ComponentFactory.java:getComponentBean:1154) - Unable to get component for id 'ExternalDataSource': Unable to get bean for id 'ExternalDataSource'
 WARN [2015-11-16 15:41:15,100] (ComponentFactory.java:getComponentBean:1154) - Unable to get component for id 'NamedCredential': Unable to get bean for id 'NamedCredential'
 WARN [2015-11-16 15:41:15,110] (ComponentFactory.java:getComponentBean:1154) - Unable to get component for id 'MatchingRules': Unable to get bean for id 'MatchingRules'
 WARN [2015-11-16 15:41:15,110] (ComponentFactory.java:getComponentBean:1154) - Unable to get component for id 'ChannelLayout': Unable to get bean for id 'ChannelLayout'
 WARN [2015-11-16 15:41:15,120] (ComponentFactory.java:getComponentBean:1154) - Unable to get component for id 'SharingRules': Unable to get bean for id 'SharingRules'
 WARN [2015-11-16 15:41:15,120] (ComponentFactory.java:getComponentBean:1154) - Unable to get component for id 'CorsWhitelistOrigin': Unable to get bean for id 'CorsWhitelistOrigin'
 WARN [2015-11-16 15:41:15,130] (ComponentFactory.java:getComponentBean:1154) - Unable to get component for id 'ActionLinkGroupTemplate': Unable to get bean for id 'ActionLinkGroupTemplate'
 WARN [2015-11-16 15:41:16,662] (ComponentFactory.java:getComponentBean:1154) - Unable to get component for id 'AuraDefinitionBundle': Unable to get bean for id 'AuraDefinitionBundle'
 WARN [2015-11-16 15:41:16,672] (ComponentFactory.java:getComponentBean:1154) - Unable to get component for id 'ExternalDataSource': Unable to get bean for id 'ExternalDataSource'
 WARN [2015-11-16 15:41:16,672] (ComponentFactory.java:getComponentBean:1154) - Unable to get component for id 'NamedCredential': Unable to get bean for id 'NamedCredential'
 WARN [2015-11-16 15:41:16,692] (ComponentFactory.java:getComponentBean:1154) - Unable to get component for id 'MatchingRules': Unable to get bean for id 'MatchingRules'
 WARN [2015-11-16 15:41:16,692] (ComponentFactory.java:getComponentBean:1154) - Unable to get component for id 'ChannelLayout': Unable to get bean for id 'ChannelLayout'
 WARN [2015-11-16 15:41:16,702] (ComponentFactory.java:getComponentBean:1154) - Unable to get component for id 'SharingRules': Unable to get bean for id 'SharingRules'
 WARN [2015-11-16 15:41:16,702] (ComponentFactory.java:getComponentBean:1154) - Unable to get component for id 'CorsWhitelistOrigin': Unable to get bean for id 'CorsWhitelistOrigin'
 WARN [2015-11-16 15:41:16,712] (ComponentFactory.java:getComponentBean:1154) - Unable to get component for id 'ActionLinkGroupTemplate': Unable to get bean for id 'ActionLinkGroupTemplate'
 WARN [2015-11-16 15:41:18,224] (ComponentFactory.java:getComponentBean:1154) - Unable to get component for id 'AuraDefinitionBundle': Unable to get bean for id 'AuraDefinitionBundle'
 WARN [2015-11-16 15:41:18,234] (ComponentFactory.java:getComponentBean:1154) - Unable to get component for id 'ExternalDataSource': Unable to get bean for id 'ExternalDataSource'
 WARN [2015-11-16 15:41:18,234] (ComponentFactory.java:getComponentBean:1154) - Unable to get component for id 'NamedCredential': Unable to get bean for id 'NamedCredential'
 WARN [2015-11-16 15:41:18,244] (ComponentFactory.java:getComponentBean:1154) - Unable to get component for id 'MatchingRules': Unable to get bean for id 'MatchingRules'
 WARN [2015-11-16 15:41:18,254] (ComponentFactory.java:getComponentBean:1154) - Unable to get component for id 'ChannelLayout': Unable to get bean for id 'ChannelLayout'
 WARN [2015-11-16 15:41:18,254] (ComponentFactory.java:getComponentBean:1154) - Unable to get component for id 'SharingRules': Unable to get bean for id 'SharingRules'
 WARN [2015-11-16 15:41:18,264] (ComponentFactory.java:getComponentBean:1154) - Unable to get component for id 'CorsWhitelistOrigin': Unable to get bean for id 'CorsWhitelistOrigin'
 WARN [2015-11-16 15:41:18,284] (ComponentFactory.java:getComponentBean:1154) - Unable to get component for id 'ActionLinkGroupTemplate': Unable to get bean for id 'ActionLinkGroupTemplate'
 WARN [2015-11-16 15:41:18,923] (ComponentFactory.java:getComponentBean:1154) - Unable to get component for id 'ExternalDataSource': Unable to get bean for id 'ExternalDataSource'
 WARN [2015-11-16 15:41:18,933] (ComponentFactory.java:getComponentBean:1154) - Unable to get component for id 'FieldSet': Unable to get bean for id 'FieldSet'
 WARN [2015-11-16 15:41:18,943] (ComponentFactory.java:getComponentBean:1154) - Unable to get component for id 'ListView': Unable to get bean for id 'ListView'
 WARN [2015-11-16 15:41:18,953] (ComponentFactory.java:getComponentBean:1154) - Unable to get component for id 'MatchingRule': Unable to get bean for id 'MatchingRule'
 WARN [2015-11-16 15:41:18,963] (ComponentFactory.java:getComponentBean:1154) - Unable to get component for id 'MatchingRules': Unable to get bean for id 'MatchingRules'
 WARN [2015-11-16 15:41:18,973] (ComponentFactory.java:getComponentBean:1154) - Unable to get component for id 'NamedCredential': Unable to get bean for id 'NamedCredential'
 WARN [2015-11-16 15:41:18,983] (ComponentFactory.java:getComponentBean:1154) - Unable to get component for id 'RecordType': Unable to get bean for id 'RecordType'
 WARN [2015-11-16 15:41:19,855] (ComponentFactory.java:getComponentBean:1154) - Unable to get component for id 'AuraDefinitionBundle': Unable to get bean for id 'AuraDefinitionBundle'
 WARN [2015-11-16 15:41:19,865] (ComponentFactory.java:getComponentBean:1154) - Unable to get component for id 'ExternalDataSource': Unable to get bean for id 'ExternalDataSource'
 WARN [2015-11-16 15:41:19,875] (ComponentFactory.java:getComponentBean:1154) - Unable to get component for id 'NamedCredential': Unable to get bean for id 'NamedCredential'
 WARN [2015-11-16 15:41:19,885] (ComponentFactory.java:getComponentBean:1154) - Unable to get component for id 'MatchingRules': Unable to get bean for id 'MatchingRules'
 WARN [2015-11-16 15:41:19,895] (ComponentFactory.java:getComponentBean:1154) - Unable to get component for id 'ChannelLayout': Unable to get bean for id 'ChannelLayout'
 WARN [2015-11-16 15:41:19,895] (ComponentFactory.java:getComponentBean:1154) - Unable to get component for id 'SharingRules': Unable to get bean for id 'SharingRules'
 WARN [2015-11-16 15:41:19,905] (ComponentFactory.java:getComponentBean:1154) - Unable to get component for id 'CorsWhitelistOrigin': Unable to get bean for id 'CorsWhitelistOrigin'
 WARN [2015-11-16 15:41:19,905] (ComponentFactory.java:getComponentBean:1154) - Unable to get component for id 'ActionLinkGroupTemplate': Unable to get bean for id 'ActionLinkGroupTemplate'
 WARN [2015-11-16 15:41:20,985] (ComponentFactory.java:getComponentBean:1154) - Unable to get component for id 'SharingCriteriaRule': Unable to get bean for id 'SharingCriteriaRule'
 WARN [2015-11-16 15:41:20,995] (ComponentFactory.java:getComponentBean:1154) - Unable to get component for id 'SharingOwnerRule': Unable to get bean for id 'SharingOwnerRule'
 WARN [2015-11-16 15:41:21,005] (ComponentFactory.java:getComponentBean:1154) - Unable to get component for id 'SharingReason': Unable to get bean for id 'SharingReason'
 WARN [2015-11-16 15:41:21,005] (ComponentFactory.java:getComponentBean:1154) - Unable to get component for id 'SharingRules': Unable to get bean for id 'SharingRules'
 WARN [2015-11-16 15:41:21,015] (ComponentFactory.java:getComponentBean:1154) - Unable to get component for id 'ValidationRule': Unable to get bean for id 'ValidationRule'
 WARN [2015-11-16 15:41:21,025] (ComponentFactory.java:getComponentBean:1154) - Unable to get component for id 'WebLink': Unable to get bean for id 'WebLink'
 WARN [2015-11-16 15:41:21,025] (ComponentFactory.java:getComponentBean:1154) - Unable to get component for id 'WorkflowAlert': Unable to get bean for id 'WorkflowAlert'
 WARN [2015-11-16 15:41:21,035] (ComponentFactory.java:getComponentBean:1154) - Unable to get component for id 'WorkflowFieldUpdate': Unable to get bean for id 'WorkflowFieldUpdate'
 WARN [2015-11-16 15:41:21,035] (ComponentFactory.java:getComponentBean:1154) - Unable to get component for id 'WorkflowOutboundMessage': Unable to get bean for id 'WorkflowOutboundMessage'
 WARN [2015-11-16 15:41:21,045] (ComponentFactory.java:getComponentBean:1154) - Unable to get component for id 'WorkflowRule': Unable to get bean for id 'WorkflowRule'
 WARN [2015-11-16 15:41:21,045] (ComponentFactory.java:getComponentBean:1154) - Unable to get component for id 'WorkflowSend': Unable to get bean for id 'WorkflowSend'
 WARN [2015-11-16 15:41:21,045] (ComponentFactory.java:getComponentBean:1154) - Unable to get component for id 'WorkflowTask': Unable to get bean for id 'WorkflowTask'
 WARN [2015-11-16 15:41:21,105] (ComponentFactory.java:getComponentBean:1154) - Unable to get component for id 'ActionLinkGroupTemplate': Unable to get bean for id 'ActionLinkGroupTemplate'
 WARN [2015-11-16 15:41:21,115] (ComponentFactory.java:getComponentBean:1154) - Unable to get component for id 'AuraDefinitionBundle': Unable to get bean for id 'AuraDefinitionBundle'
 WARN [2015-11-16 15:41:21,115] (ComponentFactory.java:getComponentBean:1154) - Unable to get component for id 'ChannelLayout': Unable to get bean for id 'ChannelLayout'
 WARN [2015-11-16 15:41:21,115] (ComponentFactory.java:getComponentBean:1154) - Unable to get component for id 'CorsWhitelistOrigin': Unable to get bean for id 'CorsWhitelistOrigin'
 WARN [2015-11-16 15:41:21,146] (ComponentFactory.java:getComponentBean:1154) - Unable to get component for id 'ExternalDataSource': Unable to get bean for id 'ExternalDataSource'
 WARN [2015-11-16 15:41:21,156] (ComponentFactory.java:getComponentBean:1154) - Unable to get component for id 'MatchingRule': Unable to get bean for id 'MatchingRule'
 WARN [2015-11-16 15:41:21,156] (ComponentFactory.java:getComponentBean:1154) - Unable to get component for id 'MatchingRules': Unable to get bean for id 'MatchingRules'
 WARN [2015-11-16 15:41:21,156] (ComponentFactory.java:getComponentBean:1154) - Unable to get component for id 'NamedCredential': Unable to get bean for id 'NamedCredential'
 WARN [2015-11-16 15:41:21,174] (ComponentFactory.java:getComponentBean:1154) - Unable to get component for id 'SharingCriteriaRule': Unable to get bean for id 'SharingCriteriaRule'
 WARN [2015-11-16 15:41:21,177] (ComponentFactory.java:getComponentBean:1154) - Unable to get component for id 'SharingOwnerRule': Unable to get bean for id 'SharingOwnerRule'
 WARN [2015-11-16 15:41:21,181] (ComponentFactory.java:getComponentBean:1154) - Unable to get component for id 'SharingRules': Unable to get bean for id 'SharingRules'
 WARN [2015-11-16 15:56:16,692] (ProjectContentSummaryAssembler.java:generateSummaryText:138) - Unable to get display name for component type 'CustomField'
 WARN [2015-11-16 15:56:43,758] (ComponentFactory.java:getComponentBean:1154) - Unable to get component for id 'CustomField': Unable to get bean for id 'CustomField'
 WARN [2015-11-16 15:58:24,694] (ProjectController.java:handleRetrieveResults:772) - Failed to retrieve: 'Mca Funding App/package.xml': Can't retrieve non-customizable CustomObject named: Bank_API_Settings__c
 WARN [2015-11-16 15:58:24,704] (ProjectController.java:handleRetrieveResults:772) - Failed to retrieve: 'Mca Funding App/package.xml': Can't retrieve non-customizable CustomObject named: Bank_API_Settings__c
 WARN [2015-11-16 15:58:24,704] (ProjectController.java:handleRetrieveResults:772) - Failed to retrieve: 'Salesforce Connected Apps/package.xml': Metadata API received improper input. Please ensure file name and capitalization is correct. Load of metadata from db failed for metadata of type:ConnectedApp and file name:Workbench.
 WARN [2015-11-16 15:58:24,704] (ProjectController.java:handleRetrieveResults:772) - Failed to retrieve: 'Salesforce Connected Apps/package.xml': Metadata API received improper input. Please ensure file name and capitalization is correct. Load of metadata from db failed for metadata of type:ConnectedApp and file name:Salesforce_for_Outlook.
 WARN [2015-11-16 15:58:24,714] (ProjectController.java:handleRetrieveResults:772) - Failed to retrieve: 'Salesforce Connected Apps/package.xml': Metadata API received improper input. Please ensure file name and capitalization is correct. Load of metadata from db failed for metadata of type:ConnectedApp and file name:Salesforce_Touch.
 WARN [2015-11-16 15:58:24,714] (ProjectController.java:handleRetrieveResults:772) - Failed to retrieve: 'Salesforce Connected Apps/package.xml': Metadata API received improper input. Please ensure file name and capitalization is correct. Load of metadata from db failed for metadata of type:ConnectedApp and file name:Salesforce_Mobile_Dashboards.
 WARN [2015-11-16 15:58:24,714] (ProjectController.java:handleRetrieveResults:772) - Failed to retrieve: 'Salesforce Connected Apps/package.xml': Metadata API received improper input. Please ensure file name and capitalization is correct. Load of metadata from db failed for metadata of type:ConnectedApp and file name:Forcecom_Migration_Tool.
 WARN [2015-11-16 15:58:24,724] (ProjectController.java:handleRetrieveResults:772) - Failed to retrieve: 'Salesforce Connected Apps/package.xml': Metadata API received improper input. Please ensure file name and capitalization is correct. Load of metadata from db failed for metadata of type:ConnectedApp and file name:Forcecom_IDE.
 WARN [2015-11-16 15:58:24,724] (ProjectController.java:handleRetrieveResults:772) - Failed to retrieve: 'Salesforce Connected Apps/package.xml': Metadata API received improper input. Please ensure file name and capitalization is correct. Load of metadata from db failed for metadata of type:ConnectedApp and file name:Dataloader_Partner.
 WARN [2015-11-16 15:58:24,724] (ProjectController.java:handleRetrieveResults:772) - Failed to retrieve: 'Salesforce Connected Apps/package.xml': Metadata API received improper input. Please ensure file name and capitalization is correct. Load of metadata from db failed for metadata of type:ConnectedApp and file name:Dataloader_Bulk.
 WARN [2015-11-16 15:58:24,734] (ProjectController.java:handleRetrieveResults:772) - Failed to retrieve: 'Salesforce1 and Chatter Apps/package.xml': Metadata API received improper input. Please ensure file name and capitalization is correct. Load of metadata from db failed for metadata of type:ConnectedApp and file name:Chatter_for_iOS.
 WARN [2015-11-16 15:58:24,734] (ProjectController.java:handleRetrieveResults:772) - Failed to retrieve: 'Salesforce1 and Chatter Apps/package.xml': Metadata API received improper input. Please ensure file name and capitalization is correct. Load of metadata from db failed for metadata of type:ConnectedApp and file name:Chatter_for_BlackBerry.
 WARN [2015-11-16 15:58:24,734] (ProjectController.java:handleRetrieveResults:772) - Failed to retrieve: 'Salesforce1 and Chatter Apps/package.xml': Metadata API received improper input. Please ensure file name and capitalization is correct. Load of metadata from db failed for metadata of type:ConnectedApp and file name:Salesforce1_for_Windows.
 WARN [2015-11-16 15:58:24,744] (ProjectController.java:handleRetrieveResults:772) - Failed to retrieve: 'Salesforce1 and Chatter Apps/package.xml': Metadata API received improper input. Please ensure file name and capitalization is correct. Load of metadata from db failed for metadata of type:ConnectedApp and file name:Salesforce_Chatterbox.
 WARN [2015-11-16 15:58:24,744] (ProjectController.java:handleRetrieveResults:772) - Failed to retrieve: 'Salesforce1 and Chatter Apps/package.xml': Metadata API received improper input. Please ensure file name and capitalization is correct. Load of metadata from db failed for metadata of type:ConnectedApp and file name:SalesforceA.
 WARN [2015-11-16 15:58:24,744] (ProjectController.java:handleRetrieveResults:772) - Failed to retrieve: 'Salesforce1 and Chatter Apps/package.xml': Metadata API received improper input. Please ensure file name and capitalization is correct. Load of metadata from db failed for metadata of type:ConnectedApp and file name:Chatter_for_Android.
 WARN [2015-11-16 15:58:24,744] (ProjectController.java:handleRetrieveResults:772) - Failed to retrieve: 'Salesforce1 and Chatter Apps/package.xml': Metadata API received improper input. Please ensure file name and capitalization is correct. Load of metadata from db failed for metadata of type:ConnectedApp and file name:Chatter_Desktop.
 WARN [2015-11-16 15:58:25,007] (ComponentFactory.java:getComponentByFilePath:622) - No id found for filepath 'modules/dataloader_io2_oauth_c4s/Canvases/dataloader_io2_oauth_c4sCanvas.Canvas', tagging as component of type 'Unknown'
 WARN [2015-11-16 15:58:25,007] (ComponentFactory.java:getComponentByFilePath:622) - No id found for filepath 'modules/dataloader_io2_oauth_c4s/modules/mule__dataloader_io2_oauth_c4s', tagging as component of type 'Unknown'
 WARN [2015-11-16 15:58:25,017] (ComponentFactory.java:getComponentByFilePath:622) - No id found for filepath 'modules/C5r_Desktop_oauth/ConnectivityDevConfigs/C5r_Desktop_oauth_devConfig.ConnectivityDevConfig', tagging as component of type 'Unknown'
 WARN [2015-11-16 15:58:25,017] (ComponentFactory.java:getComponentByFilePath:622) - No id found for filepath 'modules/C5r_Desktop_oauth/modules/sf_chttr_apps__C5r_Desktop_oauth', tagging as component of type 'Unknown'
 WARN [2015-11-16 15:58:25,017] (ComponentFactory.java:getComponentByFilePath:622) - No id found for filepath 'applicationManifests/Chatter_Desktop', tagging as component of type 'Unknown'
 WARN [2015-11-16 15:58:25,027] (ComponentFactory.java:getComponentByFilePath:622) - No id found for filepath 'modules/C5r_for_Android_oauth_android/AndroidPushApplicationSetup/C5r_for_Android_oauth_androidAndroidPushApplicationSetup.AndroidPushApplicationSetup', tagging as component of type 'Unknown'
 WARN [2015-11-16 15:58:25,027] (ComponentFactory.java:getComponentByFilePath:622) - No id found for filepath 'modules/C5r_for_Android_oauth_android/modules/sf_chttr_apps__C5r_for_Android_oauth_android', tagging as component of type 'Unknown'
 WARN [2015-11-16 15:58:25,037] (ComponentFactory.java:getComponentByFilePath:622) - No id found for filepath 'modules/C5r_for_Android_oauth/ConnectivityDevConfigs/C5r_for_Android_oauth_devConfig.ConnectivityDevConfig', tagging as component of type 'Unknown'
 WARN [2015-11-16 15:58:25,037] (ComponentFactory.java:getComponentByFilePath:622) - No id found for filepath 'modules/C5r_for_Android_oauth/modules/sf_chttr_apps__C5r_for_Android_oauth', tagging as component of type 'Unknown'
 WARN [2015-11-16 15:58:25,047] (ComponentFactory.java:getComponentByFilePath:622) - No id found for filepath 'applicationManifests/Chatter_for_Android', tagging as component of type 'Unknown'
 WARN [2015-11-16 15:58:25,047] (ComponentFactory.java:getComponentByFilePath:622) - No id found for filepath 'modules/C5r_for_BlackBerry_oauth/ConnectivityDevConfigs/C5r_for_BlackBerry_oauth_devConfig.ConnectivityDevConfig', tagging as component of type 'Unknown'
 WARN [2015-11-16 15:58:25,047] (ComponentFactory.java:getComponentByFilePath:622) - No id found for filepath 'modules/C5r_for_BlackBerry_oauth/modules/sf_chttr_apps__C5r_for_BlackBerry_oauth', tagging as component of type 'Unknown'
 WARN [2015-11-16 15:58:25,057] (ComponentFactory.java:getComponentByFilePath:622) - No id found for filepath 'applicationManifests/Chatter_for_BlackBerry', tagging as component of type 'Unknown'
 WARN [2015-11-16 15:58:25,057] (ComponentFactory.java:getComponentByFilePath:622) - No id found for filepath 'modules/C5r_for_iOS_oauth_apple/ApplePushApplicationSetup/C5r_for_iOS_oauth_appleApplePushApplicationSetup.ApplePushApplicationSetup', tagging as component of type 'Unknown'
 WARN [2015-11-16 15:58:25,067] (ComponentFactory.java:getComponentByFilePath:622) - No id found for filepath 'modules/C5r_for_iOS_oauth_apple/modules/sf_chttr_apps__C5r_for_iOS_oauth_apple', tagging as component of type 'Unknown'
 WARN [2015-11-16 15:58:25,067] (ComponentFactory.java:getComponentByFilePath:622) - No id found for filepath 'modules/C5r_for_iOS_oauth/ConnectivityDevConfigs/C5r_for_iOS_oauth_devConfig.ConnectivityDevConfig', tagging as component of type 'Unknown'
 WARN [2015-11-16 15:58:25,067] (ComponentFactory.java:getComponentByFilePath:622) - No id found for filepath 'modules/C5r_for_iOS_oauth/modules/sf_chttr_apps__C5r_for_iOS_oauth', tagging as component of type 'Unknown'
 WARN [2015-11-16 15:58:25,077] (ComponentFactory.java:getComponentByFilePath:622) - No id found for filepath 'applicationManifests/Chatter_for_iOS', tagging as component of type 'Unknown'
 WARN [2015-11-16 15:58:25,077] (ComponentFactory.java:getComponentByFilePath:622) - No id found for filepath 'modules/S91_for_Windows_oauth/ConnectivityDevConfigs/S91_for_Windows_oauth_devConfig.ConnectivityDevConfig', tagging as component of type 'Unknown'
 WARN [2015-11-16 15:58:25,077] (ComponentFactory.java:getComponentByFilePath:622) - No id found for filepath 'modules/S91_for_Windows_oauth/modules/sf_chttr_apps__S91_for_Windows_oauth', tagging as component of type 'Unknown'
 WARN [2015-11-16 15:58:25,087] (ComponentFactory.java:getComponentByFilePath:622) - No id found for filepath 'applicationManifests/Salesforce1_for_Windows', tagging as component of type 'Unknown'
 WARN [2015-11-16 15:58:25,087] (ComponentFactory.java:getComponentByFilePath:622) - No id found for filepath 'modules/S9A_oauth/ConnectivityDevConfigs/S9A_oauth_devConfig.ConnectivityDevConfig', tagging as component of type 'Unknown'
 WARN [2015-11-16 15:58:25,097] (ComponentFactory.java:getComponentByFilePath:622) - No id found for filepath 'modules/S9A_oauth/modules/sf_chttr_apps__S9A_oauth', tagging as component of type 'Unknown'
 WARN [2015-11-16 15:58:25,097] (ComponentFactory.java:getComponentByFilePath:622) - No id found for filepath 'applicationManifests/SalesforceA', tagging as component of type 'Unknown'
 WARN [2015-11-16 15:58:25,097] (ComponentFactory.java:getComponentByFilePath:622) - No id found for filepath 'modules/S8e_C8x_oauth/ConnectivityDevConfigs/S8e_C8x_oauth_devConfig.ConnectivityDevConfig', tagging as component of type 'Unknown'
 WARN [2015-11-16 15:58:25,107] (ComponentFactory.java:getComponentByFilePath:622) - No id found for filepath 'modules/S8e_C8x_oauth/modules/sf_chttr_apps__S8e_C8x_oauth', tagging as component of type 'Unknown'
 WARN [2015-11-16 15:58:25,107] (ComponentFactory.java:getComponentByFilePath:622) - No id found for filepath 'applicationManifests/Salesforce_Chatterbox', tagging as component of type 'Unknown'
ERROR [2015-11-16 15:58:25,117] (ProjectPackageList.java:generateComponents:482) - Filepath-zip mapping is null or empty for package 'Salesforce1 and Chatter Apps' [0A3o0000000HgMGCA0] - skipping component generation
 WARN [2015-11-16 15:58:25,840] (ComponentFactory.java:getComponentByFilePath:622) - No id found for filepath 'modules/Dataloader_Bulk_oauth/ConnectivityDevConfigs/Dataloader_Bulk_oauth_devConfig.ConnectivityDevConfig', tagging as component of type 'Unknown'
 WARN [2015-11-16 15:58:25,845] (ComponentFactory.java:getComponentByFilePath:622) - No id found for filepath 'modules/Dataloader_Bulk_oauth/modules/sf_com_apps__Dataloader_Bulk_oauth', tagging as component of type 'Unknown'
 WARN [2015-11-16 15:58:25,850] (ComponentFactory.java:getComponentByFilePath:622) - No id found for filepath 'applicationManifests/Dataloader_Bulk', tagging as component of type 'Unknown'
 WARN [2015-11-16 15:58:25,854] (ComponentFactory.java:getComponentByFilePath:622) - No id found for filepath 'modules/Dataloader_P5r_oauth/ConnectivityDevConfigs/Dataloader_P5r_oauth_devConfig.ConnectivityDevConfig', tagging as component of type 'Unknown'
 WARN [2015-11-16 15:58:25,858] (ComponentFactory.java:getComponentByFilePath:622) - No id found for filepath 'modules/Dataloader_P5r_oauth/modules/sf_com_apps__Dataloader_P5r_oauth', tagging as component of type 'Unknown'
 WARN [2015-11-16 15:58:25,863] (ComponentFactory.java:getComponentByFilePath:622) - No id found for filepath 'applicationManifests/Dataloader_Partner', tagging as component of type 'Unknown'
 WARN [2015-11-16 15:58:25,863] (ComponentFactory.java:getComponentByFilePath:622) - No id found for filepath 'modules/Forcecom_IDE_oauth/ConnectivityDevConfigs/Forcecom_IDE_oauth_devConfig.ConnectivityDevConfig', tagging as component of type 'Unknown'
 WARN [2015-11-16 15:58:25,863] (ComponentFactory.java:getComponentByFilePath:622) - No id found for filepath 'modules/Forcecom_IDE_oauth/modules/sf_com_apps__Forcecom_IDE_oauth', tagging as component of type 'Unknown'
 WARN [2015-11-16 15:58:25,873] (ComponentFactory.java:getComponentByFilePath:622) - No id found for filepath 'applicationManifests/Forcecom_IDE', tagging as component of type 'Unknown'
 WARN [2015-11-16 15:58:25,873] (ComponentFactory.java:getComponentByFilePath:622) - No id found for filepath 'modules/Forcecom_Migration_Tool_oauth/ConnectivityDevConfigs/Forcecom_Migration_Tool_oauth_devConfig.ConnectivityDevConfig', tagging as component of type 'Unknown'
 WARN [2015-11-16 15:58:25,883] (ComponentFactory.java:getComponentByFilePath:622) - No id found for filepath 'modules/Forcecom_Migration_Tool_oauth/modules/sf_com_apps__Forcecom_Migration_Tool_oauth', tagging as component of type 'Unknown'
 WARN [2015-11-16 15:58:25,884] (ComponentFactory.java:getComponentByFilePath:622) - No id found for filepath 'applicationManifests/Forcecom_Migration_Tool', tagging as component of type 'Unknown'
 WARN [2015-11-16 15:58:25,884] (ComponentFactory.java:getComponentByFilePath:622) - No id found for filepath 'modules/S8e_M4e_Dashboards_oauth/ConnectivityDevConfigs/S8e_M4e_Dashboards_oauth_devConfig.ConnectivityDevConfig', tagging as component of type 'Unknown'
 WARN [2015-11-16 15:58:25,894] (ComponentFactory.java:getComponentByFilePath:622) - No id found for filepath 'modules/S8e_M4e_Dashboards_oauth/modules/sf_com_apps__S8e_M4e_Dashboards_oauth', tagging as component of type 'Unknown'
 WARN [2015-11-16 15:58:25,894] (ComponentFactory.java:getComponentByFilePath:622) - No id found for filepath 'applicationManifests/Salesforce_Mobile_Dashboards', tagging as component of type 'Unknown'
 WARN [2015-11-16 15:58:25,904] (ComponentFactory.java:getComponentByFilePath:622) - No id found for filepath 'modules/S8e_T3h_oauth/ConnectivityDevConfigs/S8e_T3h_oauth_devConfig.ConnectivityDevConfig', tagging as component of type 'Unknown'
 WARN [2015-11-16 15:58:25,904] (ComponentFactory.java:getComponentByFilePath:622) - No id found for filepath 'modules/S8e_T3h_oauth/modules/sf_com_apps__S8e_T3h_oauth', tagging as component of type 'Unknown'
 WARN [2015-11-16 15:58:25,914] (ComponentFactory.java:getComponentByFilePath:622) - No id found for filepath 'applicationManifests/Salesforce_Touch', tagging as component of type 'Unknown'
 WARN [2015-11-16 15:58:25,914] (ComponentFactory.java:getComponentByFilePath:622) - No id found for filepath 'modules/S8e_for_Outlook_oauth/ConnectivityDevConfigs/S8e_for_Outlook_oauth_devConfig.ConnectivityDevConfig', tagging as component of type 'Unknown'
 WARN [2015-11-16 15:58:25,925] (ComponentFactory.java:getComponentByFilePath:622) - No id found for filepath 'modules/S8e_for_Outlook_oauth/modules/sf_com_apps__S8e_for_Outlook_oauth', tagging as component of type 'Unknown'
 WARN [2015-11-16 15:58:25,937] (ComponentFactory.java:getComponentByFilePath:622) - No id found for filepath 'applicationManifests/Salesforce_for_Outlook', tagging as component of type 'Unknown'
 WARN [2015-11-16 15:58:25,951] (ComponentFactory.java:getComponentByFilePath:622) - No id found for filepath 'modules/Workbench_oauth/ConnectivityDevConfigs/Workbench_oauth_devConfig.ConnectivityDevConfig', tagging as component of type 'Unknown'
 WARN [2015-11-16 15:58:25,956] (ComponentFactory.java:getComponentByFilePath:622) - No id found for filepath 'modules/Workbench_oauth/modules/sf_com_apps__Workbench_oauth', tagging as component of type 'Unknown'
 WARN [2015-11-16 15:58:25,960] (ComponentFactory.java:getComponentByFilePath:622) - No id found for filepath 'applicationManifests/Workbench', tagging as component of type 'Unknown'
ERROR [2015-11-16 15:58:25,965] (ProjectPackageList.java:generateComponents:482) - Filepath-zip mapping is null or empty for package 'Salesforce Connected Apps' [0A3170000008h0wCAA] - skipping component generation
ERROR [2015-11-16 15:58:30,258] (SyncServiceListenerBroadcaster.java:handleException:59) - Error executing a contributed ISyncServiceListener
java.lang.NullPointerException
	at com.salesforce.ide.core.model.ComponentList.getComponentFactory(ComponentList.java:62)
	at com.salesforce.ide.core.model.ComponentList.getComponentListForComponentType(ComponentList.java:266)
	at com.salesforce.ide.debug.ui.sync.SyncActionListener.collectDebuggerElements(SyncActionListener.java:154)
	at com.salesforce.ide.debug.ui.sync.SyncActionListener.invalidateApexModelManager(SyncActionListener.java:122)
	at com.salesforce.ide.debug.ui.sync.SyncActionListener.projectSync(SyncActionListener.java:114)
	at com.salesforce.ide.core.services.hooks.SyncServiceListenerBroadcaster$1.run(SyncServiceListenerBroadcaster.java:54)
	at org.eclipse.core.runtime.SafeRunner.run(SafeRunner.java:42)
	at org.eclipse.ui.internal.JFaceUtil$1.run(JFaceUtil.java:49)
	at org.eclipse.jface.util.SafeRunnable.run(SafeRunnable.java:175)
	at com.salesforce.ide.core.services.hooks.SyncServiceListenerBroadcaster.executeExtension(SyncServiceListenerBroadcaster.java:62)
	at com.salesforce.ide.core.services.hooks.SyncServiceListenerBroadcaster.broadcast(SyncServiceListenerBroadcaster.java:40)
	at com.salesforce.ide.core.model.ProjectPackageList.saveResources(ProjectPackageList.java:1210)
	at com.salesforce.ide.core.model.ProjectPackageList.saveResources(ProjectPackageList.java:1123)
	at com.salesforce.ide.core.services.ForceProjectRefreshJob$ForceProjectRefreshProject.doSaveResources(ForceProjectRefreshJob.java:62)
	at com.salesforce.ide.core.services.ForceProjectRefreshJob.runInWorkspace(ForceProjectRefreshJob.java:42)
	at org.eclipse.core.internal.resources.InternalWorkspaceJob.run(InternalWorkspaceJob.java:38)
	at org.eclipse.core.internal.jobs.Worker.run(Worker.java:53)
 WARN [2015-11-16 15:58:40,533] (ProjectPackageList.java:saveResources:1159) - Component list in project package 'Salesforce1 and Chatter Apps' is empty.  No resources to save.
 WARN [2015-11-16 15:59:24,611] (ProjectPackageList.java:saveResources:1159) - Component list in project package 'Salesforce Connected Apps' is empty.  No resources to save.
 WARN [2015-11-16 16:19:15,735] (ProjectContentSummaryAssembler.java:generateSummaryText:138) - Unable to get display name for component type 'CustomField'
 WARN [2015-11-16 16:19:19,726] (ComponentFactory.java:getComponentBean:1154) - Unable to get component for id 'ActionLinkGroupTemplate': Unable to get bean for id 'ActionLinkGroupTemplate'
 WARN [2015-11-16 16:19:19,736] (ComponentFactory.java:getComponentBean:1154) - Unable to get component for id 'AuraDefinitionBundle': Unable to get bean for id 'AuraDefinitionBundle'
 WARN [2015-11-16 16:19:19,736] (ComponentFactory.java:getComponentBean:1154) - Unable to get component for id 'ChannelLayout': Unable to get bean for id 'ChannelLayout'
 WARN [2015-11-16 16:19:19,746] (ComponentFactory.java:getComponentBean:1154) - Unable to get component for id 'CorsWhitelistOrigin': Unable to get bean for id 'CorsWhitelistOrigin'
 WARN [2015-11-16 16:19:19,766] (ComponentFactory.java:getComponentBean:1154) - Unable to get component for id 'ExternalDataSource': Unable to get bean for id 'ExternalDataSource'
 WARN [2015-11-16 16:19:19,766] (ComponentFactory.java:getComponentBean:1154) - Unable to get component for id 'MatchingRule': Unable to get bean for id 'MatchingRule'
 WARN [2015-11-16 16:19:19,776] (ComponentFactory.java:getComponentBean:1154) - Unable to get component for id 'MatchingRules': Unable to get bean for id 'MatchingRules'
 WARN [2015-11-16 16:19:19,776] (ComponentFactory.java:getComponentBean:1154) - Unable to get component for id 'NamedCredential': Unable to get bean for id 'NamedCredential'
 WARN [2015-11-16 16:19:19,786] (ComponentFactory.java:getComponentBean:1154) - Unable to get component for id 'SharingCriteriaRule': Unable to get bean for id 'SharingCriteriaRule'
 WARN [2015-11-16 16:19:19,786] (ComponentFactory.java:getComponentBean:1154) - Unable to get component for id 'SharingOwnerRule': Unable to get bean for id 'SharingOwnerRule'
 WARN [2015-11-16 16:19:19,796] (ComponentFactory.java:getComponentBean:1154) - Unable to get component for id 'SharingRules': Unable to get bean for id 'SharingRules'
 WARN [2015-11-16 16:29:15,787] (ProjectContentSummaryAssembler.java:generateSummaryText:138) - Unable to get display name for component type 'CustomField'
 WARN [2015-11-16 16:29:16,284] (ProjectContentSummaryAssembler.java:generateSummaryText:138) - Unable to get display name for component type 'WorkflowFieldUpdate'
 WARN [2015-11-16 16:29:16,324] (ProjectContentSummaryAssembler.java:generateSummaryText:138) - Unable to get display name for component type 'WorkflowRule'
ERROR [2015-11-16 16:29:34,633] (SyncServiceListenerBroadcaster.java:handleException:59) - Error executing a contributed ISyncServiceListener
java.lang.NullPointerException
	at com.salesforce.ide.core.model.ComponentList.getComponentFactory(ComponentList.java:62)
	at com.salesforce.ide.core.model.ComponentList.getComponentListForComponentType(ComponentList.java:266)
	at com.salesforce.ide.debug.ui.sync.SyncActionListener.collectDebuggerElements(SyncActionListener.java:154)
	at com.salesforce.ide.debug.ui.sync.SyncActionListener.invalidateApexModelManager(SyncActionListener.java:122)
	at com.salesforce.ide.debug.ui.sync.SyncActionListener.projectSync(SyncActionListener.java:114)
	at com.salesforce.ide.core.services.hooks.SyncServiceListenerBroadcaster$1.run(SyncServiceListenerBroadcaster.java:54)
	at org.eclipse.core.runtime.SafeRunner.run(SafeRunner.java:42)
	at org.eclipse.ui.internal.JFaceUtil$1.run(JFaceUtil.java:49)
	at org.eclipse.jface.util.SafeRunnable.run(SafeRunnable.java:175)
	at com.salesforce.ide.core.services.hooks.SyncServiceListenerBroadcaster.executeExtension(SyncServiceListenerBroadcaster.java:62)
	at com.salesforce.ide.core.services.hooks.SyncServiceListenerBroadcaster.broadcast(SyncServiceListenerBroadcaster.java:40)
	at com.salesforce.ide.core.model.ProjectPackageList.saveResources(ProjectPackageList.java:1210)
	at com.salesforce.ide.core.model.ProjectPackageList.saveResources(ProjectPackageList.java:1127)
	at com.salesforce.ide.core.services.ProjectService$1.run(ProjectService.java:2103)
	at org.eclipse.core.internal.resources.Workspace.run(Workspace.java:2345)
	at com.salesforce.ide.core.services.ProjectService.handleRetrieveResult(ProjectService.java:2099)
	at com.salesforce.ide.ui.actions.RefreshResourceActionController.refreshSourceFolder(RefreshResourceActionController.java:238)
	at com.salesforce.ide.ui.actions.RefreshResourceActionController.handleSourceRefresh(RefreshResourceActionController.java:194)
	at com.salesforce.ide.ui.actions.RefreshResourceActionController.refreshResources(RefreshResourceActionController.java:161)
	at com.salesforce.ide.ui.actions.RefreshResourceAction$1.execute(RefreshResourceAction.java:77)
	at org.eclipse.ui.actions.WorkspaceModifyOperation$1.run(WorkspaceModifyOperation.java:106)
	at org.eclipse.core.internal.resources.Workspace.run(Workspace.java:2345)
	at org.eclipse.ui.actions.WorkspaceModifyOperation.run(WorkspaceModifyOperation.java:118)
	at org.eclipse.jface.operation.ModalContext$ModalContextThread.run(ModalContext.java:121)
 WARN [2015-11-16 16:38:00,470] (ProjectContentSummaryAssembler.java:generateSummaryText:138) - Unable to get display name for component type 'CustomField'
 WARN [2015-11-16 16:38:00,894] (ProjectContentSummaryAssembler.java:generateSummaryText:138) - Unable to get display name for component type 'WorkflowFieldUpdate'
 WARN [2015-11-16 16:38:00,956] (ProjectContentSummaryAssembler.java:generateSummaryText:138) - Unable to get display name for component type 'WorkflowRule'
 WARN [2015-11-16 16:38:02,584] (ComponentFactory.java:getComponentBean:1154) - Unable to get component for id 'ActionLinkGroupTemplate': Unable to get bean for id 'ActionLinkGroupTemplate'
 WARN [2015-11-16 16:38:02,594] (ComponentFactory.java:getComponentBean:1154) - Unable to get component for id 'AuraDefinitionBundle': Unable to get bean for id 'AuraDefinitionBundle'
 WARN [2015-11-16 16:38:02,604] (ComponentFactory.java:getComponentBean:1154) - Unable to get component for id 'ChannelLayout': Unable to get bean for id 'ChannelLayout'
 WARN [2015-11-16 16:38:02,614] (ComponentFactory.java:getComponentBean:1154) - Unable to get component for id 'CorsWhitelistOrigin': Unable to get bean for id 'CorsWhitelistOrigin'
 WARN [2015-11-16 16:38:02,624] (ComponentFactory.java:getComponentBean:1154) - Unable to get component for id 'ExternalDataSource': Unable to get bean for id 'ExternalDataSource'
 WARN [2015-11-16 16:38:02,648] (ComponentFactory.java:getComponentBean:1154) - Unable to get component for id 'MatchingRule': Unable to get bean for id 'MatchingRule'
 WARN [2015-11-16 16:38:02,654] (ComponentFactory.java:getComponentBean:1154) - Unable to get component for id 'MatchingRules': Unable to get bean for id 'MatchingRules'
 WARN [2015-11-16 16:38:02,660] (ComponentFactory.java:getComponentBean:1154) - Unable to get component for id 'NamedCredential': Unable to get bean for id 'NamedCredential'
 WARN [2015-11-16 16:38:02,669] (ComponentFactory.java:getComponentBean:1154) - Unable to get component for id 'SharingCriteriaRule': Unable to get bean for id 'SharingCriteriaRule'
 WARN [2015-11-16 16:38:02,675] (ComponentFactory.java:getComponentBean:1154) - Unable to get component for id 'SharingOwnerRule': Unable to get bean for id 'SharingOwnerRule'
 WARN [2015-11-16 16:38:02,681] (ComponentFactory.java:getComponentBean:1154) - Unable to get component for id 'SharingRules': Unable to get bean for id 'SharingRules'
 WARN [2015-11-16 16:38:12,844] (ProjectContentSummaryAssembler.java:generateSummaryText:138) - Unable to get display name for component type 'CustomField'
 WARN [2015-11-16 16:38:13,096] (ProjectContentSummaryAssembler.java:generateSummaryText:138) - Unable to get display name for component type 'WorkflowFieldUpdate'
 WARN [2015-11-16 16:38:13,106] (ProjectContentSummaryAssembler.java:generateSummaryText:138) - Unable to get display name for component type 'WorkflowRule'
ERROR [2015-11-16 16:38:28,179] (SyncServiceListenerBroadcaster.java:handleException:59) - Error executing a contributed ISyncServiceListener
java.lang.NullPointerException
	at com.salesforce.ide.core.model.ComponentList.getComponentFactory(ComponentList.java:62)
	at com.salesforce.ide.core.model.ComponentList.getComponentListForComponentType(ComponentList.java:266)
	at com.salesforce.ide.debug.ui.sync.SyncActionListener.collectDebuggerElements(SyncActionListener.java:154)
	at com.salesforce.ide.debug.ui.sync.SyncActionListener.invalidateApexModelManager(SyncActionListener.java:122)
	at com.salesforce.ide.debug.ui.sync.SyncActionListener.projectSync(SyncActionListener.java:114)
	at com.salesforce.ide.core.services.hooks.SyncServiceListenerBroadcaster$1.run(SyncServiceListenerBroadcaster.java:54)
	at org.eclipse.core.runtime.SafeRunner.run(SafeRunner.java:42)
	at org.eclipse.ui.internal.JFaceUtil$1.run(JFaceUtil.java:49)
	at org.eclipse.jface.util.SafeRunnable.run(SafeRunnable.java:175)
	at com.salesforce.ide.core.services.hooks.SyncServiceListenerBroadcaster.executeExtension(SyncServiceListenerBroadcaster.java:62)
	at com.salesforce.ide.core.services.hooks.SyncServiceListenerBroadcaster.broadcast(SyncServiceListenerBroadcaster.java:40)
	at com.salesforce.ide.core.model.ProjectPackageList.saveResources(ProjectPackageList.java:1210)
	at com.salesforce.ide.core.model.ProjectPackageList.saveResources(ProjectPackageList.java:1127)
	at com.salesforce.ide.core.services.ProjectService$1.run(ProjectService.java:2103)
	at org.eclipse.core.internal.resources.Workspace.run(Workspace.java:2345)
	at com.salesforce.ide.core.services.ProjectService.handleRetrieveResult(ProjectService.java:2099)
	at com.salesforce.ide.ui.actions.RefreshResourceActionController.refreshSourceFolder(RefreshResourceActionController.java:238)
	at com.salesforce.ide.ui.actions.RefreshResourceActionController.handleSourceRefresh(RefreshResourceActionController.java:194)
	at com.salesforce.ide.ui.actions.RefreshResourceActionController.refreshResources(RefreshResourceActionController.java:161)
	at com.salesforce.ide.ui.actions.RefreshResourceAction$1.execute(RefreshResourceAction.java:77)
	at org.eclipse.ui.actions.WorkspaceModifyOperation$1.run(WorkspaceModifyOperation.java:106)
	at org.eclipse.core.internal.resources.Workspace.run(Workspace.java:2345)
	at org.eclipse.ui.actions.WorkspaceModifyOperation.run(WorkspaceModifyOperation.java:118)
	at org.eclipse.jface.operation.ModalContext$ModalContextThread.run(ModalContext.java:121)
 WARN [2015-11-16 20:42:51,419] (ConnectionFactory.java:clearCache:220) - Clearing the following cached connections
 WARN [2015-11-16 20:42:51,450] (DescribeObjectRegistry.java:clearCache:664) - Clearing cached describes
 WARN [2015-11-16 20:42:51,461] (MetadataFactory.java:clearCache:129) - Clearing the following cached metadata stubs
 WARN [2015-11-23 11:37:10,845] (BaseRetryAspect.java:isLoginExceptionRetryable:117) - Login evaluation deemed exception not retry-able:
 LoginFault: Invalid username, password, security token; or user locked out. Are you at a new location? When accessing Salesforce--either via a desktop client or the API--from outside of your company’s trusted networks, you must add a security token to your password to log in. To get your new security token, log in to Salesforce. From your personal settings, enter Reset My Security Token in the Quick Find box, then select Reset My Security Token.
 WARN [2015-11-23 11:37:10,875] (BaseRetryAspect.java:isConnectionExceptionRetryable:153) - Connection evaluation deemed exception not retry-able:
 LoginFault: Invalid username, password, security token; or user locked out. Are you at a new location? When accessing Salesforce--either via a desktop client or the API--from outside of your company’s trusted networks, you must add a security token to your password to log in. To get your new security token, log in to Salesforce. From your personal settings, enter Reset My Security Token in the Quick Find box, then select Reset My Security Token.
 WARN [2015-11-23 11:37:10,875] (BaseMultiPageEditorPart.java:run:118) - Unable to get describe object for project 'NLFFullCopySndbx':Invalid username, password, security token; or user locked out. Are you at a new location? When accessing Salesforce--either via a desktop client or the API--from outside of your company’s trusted networks, you must add a security token to your password to log in. To get your new security token, log in to Salesforce. From your personal settings, enter Reset My Security Token in the Quick Find box, then select Reset My Security Token.
 WARN [2015-11-23 11:40:20,261] (ConnectionFactory.java:clearCache:217) - No cached connections
 WARN [2015-11-23 11:40:20,261] (DescribeObjectRegistry.java:clearCache:661) - No cached describes
 WARN [2015-11-23 11:40:20,271] (MetadataFactory.java:clearCache:126) - No cached metadata stubs
 WARN [2015-11-23 11:47:40,940] (BaseRetryAspect.java:isLoginExceptionRetryable:117) - Login evaluation deemed exception not retry-able:
 LoginFault: Invalid username, password, security token; or user locked out. Are you at a new location? When accessing Salesforce--either via a desktop client or the API--from outside of your company’s trusted networks, you must add a security token to your password to log in. To get your new security token, log in to Salesforce. From your personal settings, enter Reset My Security Token in the Quick Find box, then select Reset My Security Token.
 WARN [2015-11-23 11:47:41,512] (BaseRetryAspect.java:isConnectionExceptionRetryable:153) - Connection evaluation deemed exception not retry-able:
 LoginFault: Invalid username, password, security token; or user locked out. Are you at a new location? When accessing Salesforce--either via a desktop client or the API--from outside of your company’s trusted networks, you must add a security token to your password to log in. To get your new security token, log in to Salesforce. From your personal settings, enter Reset My Security Token in the Quick Find box, then select Reset My Security Token.
 WARN [2015-11-23 11:47:41,609] (BaseMultiPageEditorPart.java:run:118) - Unable to get describe object for project 'NLFFullCopySndbx':Invalid username, password, security token; or user locked out. Are you at a new location? When accessing Salesforce--either via a desktop client or the API--from outside of your company’s trusted networks, you must add a security token to your password to log in. To get your new security token, log in to Salesforce. From your personal settings, enter Reset My Security Token in the Quick Find box, then select Reset My Security Token.
 WARN [2015-11-23 11:52:54,666] (ConnectionFactory.java:clearCache:217) - No cached connections
 WARN [2015-11-23 11:52:54,676] (DescribeObjectRegistry.java:clearCache:661) - No cached describes
 WARN [2015-11-23 11:52:54,676] (MetadataFactory.java:clearCache:126) - No cached metadata stubs
