37.0 APEX_CODE,FINEST;APEX_PROFILING,INFO;CALLOUT,INFO;DB,INFO;SYSTEM,DEBUG;VALIDATION,INFO;VISUALFORCE,INFO;WAVE,INFO;WORKFLOW,FINER
07:02:21.0 (364931)|USER_INFO|[EXTERNAL]|00529000000zYiy|bhakti.gujrathi@eternussolutions.com.frnstgng|Central Standard Time|GMT-06:00
07:02:21.0 (406033)|EXECUTION_STARTED
07:02:21.0 (411443)|CODE_UNIT_STARTED|[EXTERNAL]|0660a0000009uTC|VF: /apex/PAW_New_Edit
07:02:21.0 (988701)|VF_DESERIALIZE_VIEWSTATE_BEGIN|0660a0000009uTC
07:02:21.0 (5411943)|HEAP_ALLOCATE|[72]|Bytes:3
07:02:21.0 (5462102)|HEAP_ALLOCATE|[77]|Bytes:152
07:02:21.0 (5482795)|HEAP_ALLOCATE|[342]|Bytes:408
07:02:21.0 (5504804)|HEAP_ALLOCATE|[355]|Bytes:408
07:02:21.0 (5531151)|HEAP_ALLOCATE|[467]|Bytes:48
07:02:21.0 (5564349)|HEAP_ALLOCATE|[139]|Bytes:6
07:02:21.0 (5594056)|HEAP_ALLOCATE|[50]|Bytes:5
07:02:21.0 (5618258)|HEAP_ALLOCATE|[56]|Bytes:5
07:02:21.0 (5629446)|HEAP_ALLOCATE|[64]|Bytes:7
07:02:21.0 (8460677)|VARIABLE_SCOPE_BEGIN|[35]|PAW_New_EditCntrllr.globalSchemaMap|Map<String,Schema.SObjectType>|true|true
07:02:21.0 (8477642)|VARIABLE_SCOPE_BEGIN|[3]|PAW_New_EditCntrllr.yearEndMode|Boolean|false|true
07:02:21.0 (13889165)|VF_DESERIALIZE_VIEWSTATE_END
07:02:21.15 (15984757)|SYSTEM_MODE_ENTER|true
07:02:21.15 (16066800)|HEAP_ALLOCATE|[EXTERNAL]|Bytes:38
07:02:21.15 (16079789)|HEAP_ALLOCATE|[EXTERNAL]|Bytes:7
07:02:21.15 (16091375)|SYSTEM_METHOD_ENTRY|[1]|PageMessagesComponentController.PageMessagesComponentController()
07:02:21.15 (16098402)|STATEMENT_EXECUTE|[1]
07:02:21.17 (17125479)|SYSTEM_MODE_ENTER|true
07:02:21.17 (17186811)|HEAP_ALLOCATE|[EXTERNAL]|Bytes:8
07:02:21.17 (17196712)|VARIABLE_SCOPE_BEGIN|[88]|this|ApexPage.PageMessagesComponentController|true|false
07:02:21.17 (17244633)|VARIABLE_ASSIGNMENT|[88]|this|{}|0x67fa4bf7
07:02:21.17 (17251730)|VARIABLE_SCOPE_BEGIN|[88]|escape|Boolean|false|false
07:02:21.17 (17260867)|VARIABLE_ASSIGNMENT|[88]|escape|null
07:02:21.0 (17501024)|SYSTEM_MODE_ENTER|true
07:02:21.0 (17536443)|HEAP_ALLOCATE|[EXTERNAL]|Bytes:11
07:02:21.0 (17549281)|HEAP_ALLOCATE|[EXTERNAL]|Bytes:304
07:02:21.0 (17554756)|HEAP_ALLOCATE|[EXTERNAL]|Bytes:98
07:02:21.0 (17559512)|HEAP_ALLOCATE|[EXTERNAL]|Bytes:10
07:02:21.0 (17570072)|METHOD_ENTRY|[1]|01p0a000004sKzV|PAW_New_EditCntrllr.PAW_New_EditCntrllr()
07:02:21.0 (17575954)|STATEMENT_EXECUTE|[1]
07:02:21.0 (17579952)|STATEMENT_EXECUTE|[1]
07:02:21.0 (17581497)|STATEMENT_EXECUTE|[3]
07:02:21.0 (18281067)|VARIABLE_SCOPE_BEGIN|[3]|PAW_YearEnd_Config.setting|Year_End_PAW_Settings__c|true|true
07:02:21.0 (18300994)|HEAP_ALLOCATE|[3]|Bytes:1
07:02:21.0 (18309682)|HEAP_ALLOCATE|[3]|Bytes:1
07:02:21.0 (18322778)|METHOD_ENTRY|[1]|01p29000000Aswf|PAW_YearEnd_Config.PAW_YearEnd_Config()
07:02:21.0 (18327878)|STATEMENT_EXECUTE|[1]
07:02:21.0 (18330725)|STATEMENT_EXECUTE|[1]
07:02:21.0 (18350306)|SYSTEM_MODE_ENTER|false
07:02:21.0 (18365401)|HEAP_ALLOCATE|[3]|Bytes:5
07:02:21.0 (18374714)|SYSTEM_MODE_EXIT|false
07:02:21.0 (18384520)|METHOD_EXIT|[1]|PAW_YearEnd_Config
07:02:21.0 (18405208)|METHOD_ENTRY|[3]|01p29000000Aswf|PAW_YearEnd_Config.fetch()
07:02:21.0 (18443859)|SYSTEM_MODE_ENTER|false
07:02:21.0 (18452778)|HEAP_ALLOCATE|[6]|Bytes:5
07:02:21.0 (18459118)|STATEMENT_EXECUTE|[5]
07:02:21.0 (18463322)|STATEMENT_EXECUTE|[7]
07:02:21.0 (19928336)|HEAP_ALLOCATE|[7]|Bytes:20
07:02:21.0 (19976834)|VARIABLE_ASSIGNMENT|[7]|PAW_YearEnd_Config.setting|{"IsDeleted":false,"Name":"Year End PAW Setting (11 more) ...","SetupOwnerId":"00529000000zYiyAAE","Year_End_Mode_Enable (4 more) ...":false}|0x1859841c
07:02:21.0 (19987115)|STATEMENT_EXECUTE|[9]
07:02:21.0 (19990878)|HEAP_ALLOCATE|[9]|Bytes:14
07:02:21.0 (20185098)|HEAP_ALLOCATE|[9]|Bytes:145
07:02:21.0 (20217256)|HEAP_ALLOCATE|[9]|Bytes:159
07:02:21.0 (20245171)|USER_DEBUG|[9]|DEBUG|>>> setting : Year_End_PAW_Settings__c:{IsDeleted=false, Name=Year End PAW Settings (Profile), SetupOwnerId=00529000000zYiyAAE, Year_End_Mode_Enabled__c=false}
07:02:21.0 (20256365)|STATEMENT_EXECUTE|[10]
07:02:21.0 (20262053)|SYSTEM_MODE_EXIT|false
07:02:21.0 (20271743)|METHOD_EXIT|[3]|01p29000000Aswf|PAW_YearEnd_Config.fetch()
07:02:21.0 (20320339)|VARIABLE_ASSIGNMENT|[3]|PAW_New_EditCntrllr.yearEndMode|false
07:02:21.0 (20327244)|STATEMENT_EXECUTE|[522]
07:02:21.0 (20333453)|METHOD_EXIT|[1]|PAW_New_EditCntrllr
07:02:21.0 (21827969)|SYSTEM_MODE_ENTER|true
07:02:21.0 (23702704)|SYSTEM_MODE_ENTER|true
07:02:21.0 (23767618)|HEAP_ALLOCATE|[EXTERNAL]|Bytes:476
07:02:21.0 (23779855)|HEAP_ALLOCATE|[EXTERNAL]|Bytes:71
07:02:21.0 (29333271)|SYSTEM_MODE_ENTER|true
07:02:21.0 (29430777)|SYSTEM_MODE_ENTER|true
07:02:21.0 (35585689)|SYSTEM_MODE_ENTER|true
07:02:21.0 (35863820)|HEAP_ALLOCATE|[EXTERNAL]|Bytes:112
07:02:21.0 (35877294)|VARIABLE_SCOPE_BEGIN|[186]|this|PAW_New_EditCntrllr|true|false
07:02:21.0 (36172927)|VARIABLE_ASSIGNMENT|[186]|this|{"estmtCvrgeDaysObj":"0x1c51c41d","faciltyOptions":"0x54765c6d","fcltyPrgrmOptions":"0x613b7171","idToOwnershipFacilit (4 more) ...":"0x1fa059b2","idToTypeFacilityMap":"0xdc31777","insrncBnftMap":"0x6b30a796","insrncBnftOptions":"0x513af378","isIop":false,"isTalbott":false,"meta":"0x4cca5d24","oppId":"00629000004NTeZ","pawObj":"0x59279365","ptntInsrnceOptions":"0x374583c0","ptntInsrncMap":"0x31621763","ptntInsrncObj":"0x2fdf5f16","quoteObj":"0x4a065d33","recordId":"00629000004NTeZ","rtAdjstmntOptions":"0x51468c30","showPILookup":false,"sObjectQueryStr":"","wrprObj":"0x6f36937f"}|0x5c34b3d3
07:02:21.0 (36197506)|STATEMENT_EXECUTE|[186]
07:02:21.0 (36199335)|STATEMENT_EXECUTE|[190]
07:02:21.0 (36213135)|HEAP_ALLOCATE|[190]|Bytes:4
07:02:21.0 (36269718)|HEAP_ALLOCATE|[EXTERNAL]|Bytes:4
07:02:21.0 (36286946)|VARIABLE_ASSIGNMENT|[190]|this.ptntInsrnceOptions|[]|0x5c34b3d3
07:02:21.0 (36293082)|STATEMENT_EXECUTE|[191]
07:02:21.0 (36303065)|HEAP_ALLOCATE|[191]|Bytes:12
07:02:21.0 (36374239)|HEAP_ALLOCATE|[EXTERNAL]|Bytes:4
07:02:21.0 (36387256)|STATEMENT_EXECUTE|[192]
07:02:21.0 (36417269)|HEAP_ALLOCATE|[192]|Bytes:4
07:02:21.0 (36425834)|HEAP_ALLOCATE|[192]|Bytes:95
07:02:21.0 (36438075)|HEAP_ALLOCATE|[192]|Bytes:4
07:02:21.0 (36450505)|HEAP_ALLOCATE|[192]|Bytes:7
07:02:21.0 (36797435)|SOQL_EXECUTE_BEGIN|[192]|Aggregations:0|SELECT Id, Name, Insurance_Company__c FROM Patient_Insurance__c WHERE Opportunity__c = :tmpVar1
07:02:21.0 (42585681)|SOQL_EXECUTE_END|[192]|Rows:4
07:02:21.0 (42612572)|HEAP_ALLOCATE|[192]|Bytes:20
07:02:21.0 (42638635)|HEAP_ALLOCATE|[192]|Bytes:449
07:02:21.0 (42691311)|HEAP_ALLOCATE|[192]|Bytes:20
07:02:21.0 (42724861)|HEAP_ALLOCATE|[192]|Bytes:16
07:02:21.0 (42739648)|HEAP_ALLOCATE|[192]|Bytes:4
07:02:21.0 (42745755)|HEAP_ALLOCATE|[192]|Bytes:16
07:02:21.0 (42751654)|HEAP_ALLOCATE|[192]|Bytes:4
07:02:21.0 (42756478)|HEAP_ALLOCATE|[192]|Bytes:16
07:02:21.0 (42762074)|HEAP_ALLOCATE|[192]|Bytes:4
07:02:21.0 (42766569)|HEAP_ALLOCATE|[192]|Bytes:16
07:02:21.0 (42772177)|HEAP_ALLOCATE|[192]|Bytes:4
07:02:21.0 (42813006)|VARIABLE_ASSIGNMENT|[192]|this.ptntInsrncMap|{"a1b29000000l40nAAA":{"Id":"a1b29000000l40nAAA","Name":"Maria Johnson - BCBS (17 more) ...","Insurance_Company__c":"0012900000AXSPBAA5"},"a1b29000000lvHQAAY":{"Id":"a1b29000000lvHQAAY","Name":"Maria Johnson - Valu (23 more) ...","Insurance_Company__c":"0012900000AXSP3AAP"},"a1b29000000lvHVAAY":{"Id":"a1b29000000lvHVAAY","Name":"Maria Johnson - Priv (7 more) ...","Insurance_Company__c":"0012900000AXSDqAAP"},"a1b29000000ly7uAAA":{"Id":"a1b29000000ly7uAAA","Name":"Maria Johnson - Alle (6 more) ...","Insurance_Company__c":"0012900000AXSlPAAX"}}|0x5c34b3d3
07:02:21.0 (42861371)|HEAP_ALLOCATE|[EXTERNAL]|Bytes:20
07:02:21.0 (42876366)|HEAP_ALLOCATE|[197]|Bytes:465
07:02:21.0 (43020254)|HEAP_ALLOCATE|[197]|Bytes:5
07:02:21.0 (43039987)|HEAP_ALLOCATE|[197]|Bytes:16
07:02:21.0 (43050419)|VARIABLE_SCOPE_BEGIN|[197]|ptntInsrnceInstance|Patient_Insurance__c|true|false
07:02:21.0 (43068520)|VARIABLE_ASSIGNMENT|[197]|ptntInsrnceInstance|{"Id":"a1b29000000l40nAAA","Name":"Maria Johnson - BCBS (17 more) ...","Insurance_Company__c":"0012900000AXSPBAA5"}|0x55c53d04
07:02:21.0 (43075760)|STATEMENT_EXECUTE|[197]
07:02:21.0 (43077212)|STATEMENT_EXECUTE|[198]
07:02:21.0 (43126034)|HEAP_ALLOCATE|[198]|Bytes:18
07:02:21.0 (43197091)|HEAP_ALLOCATE|[EXTERNAL]|Bytes:4
07:02:21.0 (43217129)|HEAP_ALLOCATE|[197]|Bytes:5
07:02:21.0 (43230406)|HEAP_ALLOCATE|[197]|Bytes:16
07:02:21.0 (43239476)|VARIABLE_SCOPE_BEGIN|[197]|ptntInsrnceInstance|Patient_Insurance__c|true|false
07:02:21.0 (43256460)|VARIABLE_ASSIGNMENT|[197]|ptntInsrnceInstance|{"Id":"a1b29000000lvHQAAY","Name":"Maria Johnson - Valu (23 more) ...","Insurance_Company__c":"0012900000AXSP3AAP"}|0x4c41b0c1
07:02:21.0 (43263277)|STATEMENT_EXECUTE|[197]
07:02:21.0 (43264575)|STATEMENT_EXECUTE|[198]
07:02:21.0 (43279159)|HEAP_ALLOCATE|[198]|Bytes:18
07:02:21.0 (43298922)|HEAP_ALLOCATE|[EXTERNAL]|Bytes:4
07:02:21.0 (43313325)|HEAP_ALLOCATE|[197]|Bytes:5
07:02:21.0 (43325556)|HEAP_ALLOCATE|[197]|Bytes:16
07:02:21.0 (43333918)|VARIABLE_SCOPE_BEGIN|[197]|ptntInsrnceInstance|Patient_Insurance__c|true|false
07:02:21.0 (43349851)|VARIABLE_ASSIGNMENT|[197]|ptntInsrnceInstance|{"Id":"a1b29000000lvHVAAY","Name":"Maria Johnson - Priv (7 more) ...","Insurance_Company__c":"0012900000AXSDqAAP"}|0x5da7faaf
07:02:21.0 (43356832)|STATEMENT_EXECUTE|[197]
07:02:21.0 (43358015)|STATEMENT_EXECUTE|[198]
07:02:21.0 (43370261)|HEAP_ALLOCATE|[198]|Bytes:18
07:02:21.0 (43388191)|HEAP_ALLOCATE|[EXTERNAL]|Bytes:4
07:02:21.0 (43402136)|HEAP_ALLOCATE|[197]|Bytes:5
07:02:21.0 (43414009)|HEAP_ALLOCATE|[197]|Bytes:16
07:02:21.0 (43422159)|VARIABLE_SCOPE_BEGIN|[197]|ptntInsrnceInstance|Patient_Insurance__c|true|false
07:02:21.0 (43437629)|VARIABLE_ASSIGNMENT|[197]|ptntInsrnceInstance|{"Id":"a1b29000000ly7uAAA","Name":"Maria Johnson - Alle (6 more) ...","Insurance_Company__c":"0012900000AXSlPAAX"}|0x5cea0662
07:02:21.0 (43444243)|STATEMENT_EXECUTE|[197]
07:02:21.0 (43445370)|STATEMENT_EXECUTE|[198]
07:02:21.0 (43457057)|HEAP_ALLOCATE|[198]|Bytes:18
07:02:21.0 (43474553)|HEAP_ALLOCATE|[EXTERNAL]|Bytes:4
07:02:21.0 (43488507)|HEAP_ALLOCATE|[197]|Bytes:5
07:02:21.0 (43501957)|VARIABLE_ASSIGNMENT|[197]|ptntInsrnceInstance|null|
07:02:21.0 (43515355)|STATEMENT_EXECUTE|[201]
07:02:21.50 (50163708)|SYSTEM_MODE_ENTER|true
07:02:21.50 (50254966)|HEAP_ALLOCATE|[EXTERNAL]|Bytes:8
07:02:21.50 (50266536)|VARIABLE_SCOPE_BEGIN|[88]|this|ApexPage.PageMessagesComponentController|true|false
07:02:21.50 (50297894)|VARIABLE_ASSIGNMENT|[88]|this|{}|0x67fa4bf7
07:02:21.50 (50304571)|VARIABLE_SCOPE_BEGIN|[88]|escape|Boolean|false|false
07:02:21.50 (50312116)|VARIABLE_ASSIGNMENT|[88]|escape|null
07:02:21.0 (51087068)|HEAP_ALLOCATE|[EXTERNAL]|Bytes:84
07:02:21.0 (51102455)|VARIABLE_ASSIGNMENT|[EXTERNAL]|this.insrncBnftSelected|null|0x6f36937f
07:02:21.0 (51171692)|HEAP_ALLOCATE|[EXTERNAL]|Bytes:84
07:02:21.0 (51183269)|VARIABLE_ASSIGNMENT|[EXTERNAL]|this.facilitySelected|null|0x6f36937f
07:02:21.0 (51248304)|HEAP_ALLOCATE|[EXTERNAL]|Bytes:84
07:02:21.0 (51260544)|VARIABLE_ASSIGNMENT|[EXTERNAL]|this.rateAdjstmntSelected|null|0x6f36937f
07:02:21.0 (51325664)|HEAP_ALLOCATE|[EXTERNAL]|Bytes:84
07:02:21.0 (51336868)|VARIABLE_ASSIGNMENT|[EXTERNAL]|this.fcltyPrgrmSelected|null|0x6f36937f
07:02:21.0 (56545724)|HEAP_ALLOCATE|[EXTERNAL]|Bytes:112
07:02:21.0 (56557808)|VARIABLE_SCOPE_BEGIN|[205]|this|PAW_New_EditCntrllr|true|false
07:02:21.0 (56637654)|VARIABLE_ASSIGNMENT|[205]|this|{"estmtCvrgeDaysObj":"0x1c51c41d","faciltyOptions":"0x54765c6d","fcltyPrgrmOptions":"0x613b7171","idToOwnershipFacilit (4 more) ...":"0x1fa059b2","idToTypeFacilityMap":"0xdc31777","insrncBnftMap":"0x6b30a796","insrncBnftOptions":"0x513af378","isIop":false,"isTalbott":false,"meta":"0x4cca5d24","oppId":"00629000004NTeZ","pawObj":"0x59279365","ptntInsrnceOptions":"0x3108e434","ptntInsrncMap":"0x79314585","ptntInsrncObj":"0x2fdf5f16","quoteObj":"0x4a065d33","recordId":"00629000004NTeZ","rtAdjstmntOptions":"0x51468c30","showPILookup":false,"sObjectQueryStr":"","wrprObj":"0x6f36937f"}|0x5c34b3d3
07:02:21.0 (56655869)|STATEMENT_EXECUTE|[205]
07:02:21.0 (56741216)|VARIABLE_ASSIGNMENT|[EXTERNAL]|this|{"estmtCvrgeDaysObj":"0x1c51c41d","faciltyOptions":"0x54765c6d","fcltyPrgrmOptions":"0x613b7171","idToOwnershipFacilit (4 more) ...":"0x1fa059b2","idToTypeFacilityMap":"0xdc31777","insrncBnftMap":"0x6b30a796","insrncBnftOptions":"0x513af378","isIop":false,"isTalbott":false,"meta":"0x4cca5d24","oppId":"00629000004NTeZ","pawObj":"0x59279365","ptntInsrnceOptions":"0x3108e434","ptntInsrncMap":"0x79314585","ptntInsrncObj":"0x2fdf5f16","quoteObj":"0x4a065d33","recordId":"00629000004NTeZ","rtAdjstmntOptions":"0x51468c30","showPILookup":false,"sObjectQueryStr":"","wrprObj":"0x6f36937f"}|0x5c34b3d3
07:02:21.0 (56850773)|VARIABLE_ASSIGNMENT|[EXTERNAL]|this|{"pawDetailListDisplay (4 more) ...":false,"pyAgrmntWrksht":"0x42a544d2","relatedPAWDetailsLis (1 more) ...":"0x347a31f6","targetEDR":0.00,"totalAppliedDeductib (2 more) ...":0.00,"totalCoInsurance":0.00,"totalCoPayAmt":0.00,"totalInsCoResp":0.00,"totalInsEIVAmt":0.00,"totalRowCount":0,"totalTalbottDay":0.00}|0x6f36937f
07:02:21.0 (56909599)|STATEMENT_EXECUTE|[206]
07:02:21.0 (56912192)|STATEMENT_EXECUTE|[207]
07:02:21.0 (56987963)|VARIABLE_ASSIGNMENT|[EXTERNAL]|this|{"estmtCvrgeDaysObj":"0x1c51c41d","faciltyOptions":"0x54765c6d","fcltyPrgrmOptions":"0x613b7171","idToOwnershipFacilit (4 more) ...":"0x1fa059b2","idToTypeFacilityMap":"0xdc31777","insrncBnftMap":"0x6b30a796","insrncBnftOptions":"0x513af378","isIop":false,"isTalbott":false,"meta":"0x4cca5d24","oppId":"00629000004NTeZ","pawObj":"0x59279365","ptntInsrnceOptions":"0x3108e434","ptntInsrncMap":"0x79314585","ptntInsrncObj":"0x2fdf5f16","quoteObj":"0x4a065d33","recordId":"00629000004NTeZ","rtAdjstmntOptions":"0x51468c30","showPILookup":false,"sObjectQueryStr":"","wrprObj":"0x6f36937f"}|0x5c34b3d3
07:02:21.0 (57105036)|VARIABLE_ASSIGNMENT|[EXTERNAL]|this|{"pawDetailListDisplay (4 more) ...":false,"pyAgrmntWrksht":"0x42a544d2","relatedPAWDetailsLis (1 more) ...":"0x347a31f6","targetEDR":0.00,"totalAppliedDeductib (2 more) ...":0.00,"totalCoInsurance":0.00,"totalCoPayAmt":0.00,"totalInsCoResp":0.00,"totalInsEIVAmt":0.00,"totalRowCount":0,"totalTalbottDay":0.00}|0x6f36937f
07:02:21.0 (57218899)|VARIABLE_ASSIGNMENT|[EXTERNAL]|this|{"estmtCvrgeDaysObj":"0x1c51c41d","faciltyOptions":"0x54765c6d","fcltyPrgrmOptions":"0x613b7171","idToOwnershipFacilit (4 more) ...":"0x1fa059b2","idToTypeFacilityMap":"0xdc31777","insrncBnftMap":"0x6b30a796","insrncBnftOptions":"0x513af378","isIop":false,"isTalbott":false,"meta":"0x4cca5d24","oppId":"00629000004NTeZ","pawObj":"0x59279365","ptntInsrnceOptions":"0x3108e434","ptntInsrncMap":"0x79314585","ptntInsrncObj":"0x2fdf5f16","quoteObj":"0x4a065d33","recordId":"00629000004NTeZ","rtAdjstmntOptions":"0x51468c30","showPILookup":false,"sObjectQueryStr":"","wrprObj":"0x6f36937f"}|0x5c34b3d3
07:02:21.0 (57244681)|VARIABLE_ASSIGNMENT|[EXTERNAL]|value|{"Id":"a1b29000000lvHQAAY","Name":"Maria Johnson - Valu (23 more) ...","Insurance_Company__c":"0012900000AXSP3AAP"}|0x4c41b0c1
07:02:21.0 (57261943)|VARIABLE_ASSIGNMENT|[18]|this.ptntInsrncObj|{"Id":"a1b29000000lvHQAAY","Name":"Maria Johnson - Valu (23 more) ...","Insurance_Company__c":"0012900000AXSP3AAP"}|0x5c34b3d3
07:02:21.0 (57274050)|STATEMENT_EXECUTE|[211]
07:02:21.0 (57343976)|VARIABLE_ASSIGNMENT|[EXTERNAL]|this|{"estmtCvrgeDaysObj":"0x1c51c41d","faciltyOptions":"0x54765c6d","fcltyPrgrmOptions":"0x613b7171","idToOwnershipFacilit (4 more) ...":"0x1fa059b2","idToTypeFacilityMap":"0xdc31777","insrncBnftMap":"0x6b30a796","insrncBnftOptions":"0x513af378","isIop":false,"isTalbott":false,"meta":"0x4cca5d24","oppId":"00629000004NTeZ","pawObj":"0x59279365","ptntInsrnceOptions":"0x3108e434","ptntInsrncMap":"0x79314585","ptntInsrncObj":"0x4c41b0c1","quoteObj":"0x4a065d33","recordId":"00629000004NTeZ","rtAdjstmntOptions":"0x51468c30","showPILookup":false,"sObjectQueryStr":"","wrprObj":"0x6f36937f"}|0x5c34b3d3
07:02:21.0 (57414218)|VARIABLE_ASSIGNMENT|[EXTERNAL]|this|{"pawDetailListDisplay (4 more) ...":false,"pyAgrmntWrksht":"0x42a544d2","relatedPAWDetailsLis (1 more) ...":"0x347a31f6","targetEDR":0.00,"totalAppliedDeductib (2 more) ...":0.00,"totalCoInsurance":0.00,"totalCoPayAmt":0.00,"totalInsCoResp":0.00,"totalInsEIVAmt":0.00,"totalRowCount":0,"totalTalbottDay":0.00}|0x6f36937f
07:02:21.0 (57428711)|VARIABLE_ASSIGNMENT|[EXTERNAL]|value|""
07:02:21.0 (57439047)|VARIABLE_ASSIGNMENT|[525]|this.insrncBnftSelected|""|0x6f36937f
07:02:21.0 (57448992)|STATEMENT_EXECUTE|[212]
07:02:21.0 (57468404)|METHOD_ENTRY|[212]|01p0a000004sKzV|PAW_New_EditCntrllr.updateWraperValues()
07:02:21.0 (57494496)|VARIABLE_SCOPE_BEGIN|[404]|this|PAW_New_EditCntrllr|true|false
07:02:21.0 (57560707)|VARIABLE_ASSIGNMENT|[404]|this|{"estmtCvrgeDaysObj":"0x1c51c41d","faciltyOptions":"0x54765c6d","fcltyPrgrmOptions":"0x613b7171","idToOwnershipFacilit (4 more) ...":"0x1fa059b2","idToTypeFacilityMap":"0xdc31777","insrncBnftMap":"0x6b30a796","insrncBnftOptions":"0x513af378","isIop":false,"isTalbott":false,"meta":"0x4cca5d24","oppId":"00629000004NTeZ","pawObj":"0x59279365","ptntInsrnceOptions":"0x3108e434","ptntInsrncMap":"0x79314585","ptntInsrncObj":"0x4c41b0c1","quoteObj":"0x4a065d33","recordId":"00629000004NTeZ","rtAdjstmntOptions":"0x51468c30","showPILookup":false,"sObjectQueryStr":"","wrprObj":"0x6f36937f"}|0x5c34b3d3
07:02:21.0 (57576571)|STATEMENT_EXECUTE|[404]
07:02:21.0 (57654558)|VARIABLE_ASSIGNMENT|[EXTERNAL]|this|{"estmtCvrgeDaysObj":"0x1c51c41d","faciltyOptions":"0x54765c6d","fcltyPrgrmOptions":"0x613b7171","idToOwnershipFacilit (4 more) ...":"0x1fa059b2","idToTypeFacilityMap":"0xdc31777","insrncBnftMap":"0x6b30a796","insrncBnftOptions":"0x513af378","isIop":false,"isTalbott":false,"meta":"0x4cca5d24","oppId":"00629000004NTeZ","pawObj":"0x59279365","ptntInsrnceOptions":"0x3108e434","ptntInsrncMap":"0x79314585","ptntInsrncObj":"0x4c41b0c1","quoteObj":"0x4a065d33","recordId":"00629000004NTeZ","rtAdjstmntOptions":"0x51468c30","showPILookup":false,"sObjectQueryStr":"","wrprObj":"0x6f36937f"}|0x5c34b3d3
07:02:21.0 (57748462)|VARIABLE_ASSIGNMENT|[EXTERNAL]|this|{"estmtCvrgeDaysObj":"0x1c51c41d","faciltyOptions":"0x54765c6d","fcltyPrgrmOptions":"0x613b7171","idToOwnershipFacilit (4 more) ...":"0x1fa059b2","idToTypeFacilityMap":"0xdc31777","insrncBnftMap":"0x6b30a796","insrncBnftOptions":"0x513af378","isIop":false,"isTalbott":false,"meta":"0x4cca5d24","oppId":"00629000004NTeZ","pawObj":"0x59279365","ptntInsrnceOptions":"0x3108e434","ptntInsrncMap":"0x79314585","ptntInsrncObj":"0x4c41b0c1","quoteObj":"0x4a065d33","recordId":"00629000004NTeZ","rtAdjstmntOptions":"0x51468c30","showPILookup":false,"sObjectQueryStr":"","wrprObj":"0x6f36937f"}|0x5c34b3d3
07:02:21.0 (57771551)|STATEMENT_EXECUTE|[420]
07:02:21.0 (57773200)|STATEMENT_EXECUTE|[421]
07:02:21.0 (59222012)|VARIABLE_SCOPE_BEGIN|[3]|PAWValueCalculationService.pawObj|Pay_Agreement_Worksheet__c|true|true
07:02:21.0 (59236988)|VARIABLE_SCOPE_BEGIN|[2]|PAWValueCalculationService.skipDML|Boolean|false|true
07:02:21.0 (59248840)|HEAP_ALLOCATE|[421]|Bytes:6
07:02:21.0 (59270029)|METHOD_ENTRY|[1]|01p0a000004sKzO|PAWFrnFacilityService.PAWFrnFacilityService()
07:02:21.0 (59275536)|STATEMENT_EXECUTE|[1]
07:02:21.0 (59280397)|STATEMENT_EXECUTE|[1]
07:02:21.0 (59297657)|SYSTEM_MODE_ENTER|false
07:02:21.0 (59306495)|HEAP_ALLOCATE|[421]|Bytes:5
07:02:21.0 (59314937)|SYSTEM_MODE_EXIT|false
07:02:21.0 (59326990)|METHOD_EXIT|[1]|PAWFrnFacilityService
07:02:21.0 (59343713)|HEAP_ALLOCATE|[421]|Bytes:4
07:02:21.0 (59358205)|CONSTRUCTOR_ENTRY|[421]|01p0a000004sKzO|<init>()
07:02:21.0 (59380265)|VARIABLE_SCOPE_BEGIN|[2]|this|PAWFrnFacilityService|true|false
07:02:21.0 (59402172)|VARIABLE_ASSIGNMENT|[2]|this|{}|0xe49be7a
07:02:21.0 (59424280)|SYSTEM_MODE_ENTER|false
07:02:21.0 (59432525)|HEAP_ALLOCATE|[2]|Bytes:5
07:02:21.0 (59437887)|STATEMENT_EXECUTE|[1]
07:02:21.0 (59447709)|HEAP_ALLOCATE|[2]|Bytes:5
07:02:21.0 (59462556)|HEAP_ALLOCATE|[2]|Bytes:39
07:02:21.0 (59469421)|HEAP_ALLOCATE|[2]|Bytes:11
07:02:21.0 (59478245)|METHOD_ENTRY|[1]|01p0a000004sKzT|PAWValueCalculationService.PAWValueCalculationService()
07:02:21.0 (59483042)|STATEMENT_EXECUTE|[1]
07:02:21.0 (59485196)|STATEMENT_EXECUTE|[1]
07:02:21.0 (59489720)|METHOD_EXIT|[1]|PAWValueCalculationService
07:02:21.0 (59497226)|CONSTRUCTOR_ENTRY|[2]|01p0a000004sKzT|<init>()
07:02:21.0 (59547193)|VARIABLE_SCOPE_BEGIN|[5]|this|PAWValueCalculationService|true|false
07:02:21.0 (59567118)|VARIABLE_ASSIGNMENT|[5]|this|{}|0xe49be7a
07:02:21.0 (59574112)|STATEMENT_EXECUTE|[1]
07:02:21.0 (59583915)|HEAP_ALLOCATE|[6]|Bytes:6
07:02:21.0 (59610336)|STATEMENT_EXECUTE|[5]
07:02:21.0 (59612242)|STATEMENT_EXECUTE|[6]
07:02:21.0 (59619001)|HEAP_ALLOCATE|[6]|Bytes:5
07:02:21.0 (59630075)|VARIABLE_ASSIGNMENT|[6]|PAWValueCalculationService.skipDML|false
07:02:21.0 (59638194)|CONSTRUCTOR_EXIT|[2]|01p0a000004sKzT|<init>()
07:02:21.0 (59643678)|STATEMENT_EXECUTE|[2]
07:02:21.0 (59648050)|SYSTEM_MODE_EXIT|false
07:02:21.0 (59655295)|CONSTRUCTOR_EXIT|[421]|01p0a000004sKzO|<init>()
07:02:21.0 (59724415)|VARIABLE_ASSIGNMENT|[EXTERNAL]|this|{"estmtCvrgeDaysObj":"0x1c51c41d","faciltyOptions":"0x54765c6d","fcltyPrgrmOptions":"0x613b7171","idToOwnershipFacilit (4 more) ...":"0x1fa059b2","idToTypeFacilityMap":"0xdc31777","insrncBnftMap":"0x6b30a796","insrncBnftOptions":"0x513af378","isIop":false,"isTalbott":false,"meta":"0x4cca5d24","oppId":"00629000004NTeZ","pawObj":"0x59279365","ptntInsrnceOptions":"0x3108e434","ptntInsrncMap":"0x79314585","ptntInsrncObj":"0x4c41b0c1","quoteObj":"0x4a065d33","recordId":"00629000004NTeZ","rtAdjstmntOptions":"0x51468c30","showPILookup":false,"sObjectQueryStr":"","wrprObj":"0x6f36937f"}|0x5c34b3d3
07:02:21.0 (59777426)|METHOD_ENTRY|[421]|01p0a000004sKzO|PAWFrnFacilityService.calculateWraperValuesFRN(PAW_New_EditCntrllr.WraperClass, Map<Id,Facility_Program__c>, Map<Id,Insurance_Company_Rate_Adjustment__c>, Map<Id,Insurance_Benefit__c>, Estimated_Coverage_Days__c)
07:02:21.0 (59788962)|VARIABLE_SCOPE_BEGIN|[7]|this|PAWFrnFacilityService|true|false
07:02:21.0 (59805669)|VARIABLE_ASSIGNMENT|[7]|this|{}|0xe49be7a
07:02:21.0 (59811283)|VARIABLE_SCOPE_BEGIN|[7]|pWrprObj|PAW_New_EditCntrllr.WraperClass|true|false
07:02:21.0 (59854095)|VARIABLE_ASSIGNMENT|[7]|pWrprObj|{"insrncBnftSelected":"","pawDetailListDisplay (4 more) ...":false,"pyAgrmntWrksht":"0x42a544d2","relatedPAWDetailsLis (1 more) ...":"0x347a31f6","targetEDR":0.00,"totalAppliedDeductib (2 more) ...":0.00,"totalCoInsurance":0.00,"totalCoPayAmt":0.00,"totalInsCoResp":0.00,"totalInsEIVAmt":0.00,"totalRowCount":0,"totalTalbottDay":0.00}|0x6f36937f
07:02:21.0 (59865717)|VARIABLE_SCOPE_BEGIN|[7]|pFcltyPrgmMap|Map<Id,Facility_Program__c>|true|false
07:02:21.0 (59872977)|VARIABLE_ASSIGNMENT|[7]|pFcltyPrgmMap|null|
07:02:21.0 (59877180)|VARIABLE_SCOPE_BEGIN|[7]|pCmpnyRateAdjstmntMap|Map<Id,Insurance_Company_Rate_Adjustment__c>|true|false
07:02:21.0 (59883881)|VARIABLE_ASSIGNMENT|[7]|pCmpnyRateAdjstmntMap|null|
07:02:21.0 (59887878)|VARIABLE_SCOPE_BEGIN|[7]|pInsrncBnftMap|Map<Id,Insurance_Benefit__c>|true|false
07:02:21.0 (59898831)|VARIABLE_ASSIGNMENT|[7]|pInsrncBnftMap|{}|0x6b30a796
07:02:21.0 (59904557)|VARIABLE_SCOPE_BEGIN|[7]|pEstmtCvrgeDaysObj|Estimated_Coverage_Days__c|true|false
07:02:21.0 (59914392)|VARIABLE_ASSIGNMENT|[7]|pEstmtCvrgeDaysObj|{}|0x1c51c41d
07:02:21.0 (59937577)|SYSTEM_MODE_ENTER|false
07:02:21.0 (59945898)|HEAP_ALLOCATE|[13]|Bytes:5
07:02:21.0 (59951574)|STATEMENT_EXECUTE|[12]
07:02:21.0 (59952969)|STATEMENT_EXECUTE|[13]
07:02:21.0 (59973103)|METHOD_ENTRY|[13]|01p0a000004sKzT|PAWValueCalculationService.calculateWraperValues(PAW_New_EditCntrllr.WraperClass, Map<Id,Facility_Program__c>, Map<Id,Insurance_Company_Rate_Adjustment__c>, Map<Id,Insurance_Benefit__c>, Estimated_Coverage_Days__c)
07:02:21.0 (59996515)|VARIABLE_SCOPE_BEGIN|[10]|this|PAWValueCalculationService|true|false
07:02:21.0 (60014342)|VARIABLE_ASSIGNMENT|[10]|this|{}|0xe49be7a
07:02:21.0 (60021304)|VARIABLE_SCOPE_BEGIN|[10]|pWrprObj|PAW_New_EditCntrllr.WraperClass|true|false
07:02:21.0 (60063678)|VARIABLE_ASSIGNMENT|[10]|pWrprObj|{"insrncBnftSelected":"","pawDetailListDisplay (4 more) ...":false,"pyAgrmntWrksht":"0x42a544d2","relatedPAWDetailsLis (1 more) ...":"0x347a31f6","targetEDR":0.00,"totalAppliedDeductib (2 more) ...":0.00,"totalCoInsurance":0.00,"totalCoPayAmt":0.00,"totalInsCoResp":0.00,"totalInsEIVAmt":0.00,"totalRowCount":0,"totalTalbottDay":0.00}|0x6f36937f
07:02:21.0 (60075317)|VARIABLE_SCOPE_BEGIN|[10]|pFcltyPrgmMap|Map<Id,Facility_Program__c>|true|false
07:02:21.0 (60082482)|VARIABLE_ASSIGNMENT|[10]|pFcltyPrgmMap|null|
07:02:21.0 (60086584)|VARIABLE_SCOPE_BEGIN|[10]|pCmpnyRateAdjstmntMap|Map<Id,Insurance_Company_Rate_Adjustment__c>|true|false
07:02:21.0 (60092779)|VARIABLE_ASSIGNMENT|[10]|pCmpnyRateAdjstmntMap|null|
07:02:21.0 (60096593)|VARIABLE_SCOPE_BEGIN|[10]|pInsrncBnftMap|Map<Id,Insurance_Benefit__c>|true|false
07:02:21.0 (60106531)|VARIABLE_ASSIGNMENT|[10]|pInsrncBnftMap|{}|0x6b30a796
07:02:21.0 (60112233)|VARIABLE_SCOPE_BEGIN|[10]|pEstmtCvrgeDaysObj|Estimated_Coverage_Days__c|true|false
07:02:21.0 (60119919)|VARIABLE_ASSIGNMENT|[10]|pEstmtCvrgeDaysObj|{}|0x1c51c41d
07:02:21.0 (60127130)|STATEMENT_EXECUTE|[14]
07:02:21.0 (60128553)|STATEMENT_EXECUTE|[16]
07:02:21.0 (60190680)|VARIABLE_ASSIGNMENT|[EXTERNAL]|this|{"insrncBnftSelected":"","pawDetailListDisplay (4 more) ...":false,"pyAgrmntWrksht":"0x42a544d2","relatedPAWDetailsLis (1 more) ...":"0x347a31f6","targetEDR":0.00,"totalAppliedDeductib (2 more) ...":0.00,"totalCoInsurance":0.00,"totalCoPayAmt":0.00,"totalInsCoResp":0.00,"totalInsEIVAmt":0.00,"totalRowCount":0,"totalTalbottDay":0.00}|0x6f36937f
07:02:21.0 (60288120)|VARIABLE_ASSIGNMENT|[16]|this.Rate_Adjustment_Type__c|null|0x42a544d2
07:02:21.0 (60361396)|VARIABLE_ASSIGNMENT|[EXTERNAL]|this|{"insrncBnftSelected":"","pawDetailListDisplay (4 more) ...":false,"pyAgrmntWrksht":"0x42a544d2","relatedPAWDetailsLis (1 more) ...":"0x347a31f6","targetEDR":0.00,"totalAppliedDeductib (2 more) ...":0.00,"totalCoInsurance":0.00,"totalCoPayAmt":0.00,"totalInsCoResp":0.00,"totalInsEIVAmt":0.00,"totalRowCount":0,"totalTalbottDay":0.00}|0x6f36937f
07:02:21.0 (60382743)|STATEMENT_EXECUTE|[17]
07:02:21.0 (60384438)|STATEMENT_EXECUTE|[24]
07:02:21.0 (60442627)|VARIABLE_ASSIGNMENT|[EXTERNAL]|this|{"insrncBnftSelected":"","pawDetailListDisplay (4 more) ...":false,"pyAgrmntWrksht":"0x42a544d2","relatedPAWDetailsLis (1 more) ...":"0x347a31f6","targetEDR":0.00,"totalAppliedDeductib (2 more) ...":0.00,"totalCoInsurance":0.00,"totalCoPayAmt":0.00,"totalInsCoResp":0.00,"totalInsEIVAmt":0.00,"totalRowCount":0,"totalTalbottDay":0.00}|0x6f36937f
07:02:21.0 (60500142)|VARIABLE_ASSIGNMENT|[EXTERNAL]|this|{"insrncBnftSelected":"","pawDetailListDisplay (4 more) ...":false,"pyAgrmntWrksht":"0x42a544d2","relatedPAWDetailsLis (1 more) ...":"0x347a31f6","targetEDR":0.00,"totalAppliedDeductib (2 more) ...":0.00,"totalCoInsurance":0.00,"totalCoPayAmt":0.00,"totalInsCoResp":0.00,"totalInsEIVAmt":0.00,"totalRowCount":0,"totalTalbottDay":0.00}|0x6f36937f
07:02:21.0 (60582921)|HEAP_ALLOCATE|[25]|Bytes:4
07:02:21.0 (60751120)|VARIABLE_ASSIGNMENT|[EXTERNAL]|this|{"insrncBnftSelected":"","pawDetailListDisplay (4 more) ...":false,"pyAgrmntWrksht":"0x42a544d2","relatedPAWDetailsLis (1 more) ...":"0x347a31f6","targetEDR":0.00,"totalAppliedDeductib (2 more) ...":0.00,"totalCoInsurance":0.00,"totalCoPayAmt":0.00,"totalInsCoResp":0.00,"totalInsEIVAmt":0.00,"totalRowCount":0,"totalTalbottDay":0.00}|0x6f36937f
07:02:21.0 (60770267)|VARIABLE_ASSIGNMENT|[EXTERNAL]|value|{}|0x285c9a3f
07:02:21.0 (60782894)|VARIABLE_ASSIGNMENT|[524]|this.insrncBnft|{}|0x6f36937f
07:02:21.0 (60793947)|STATEMENT_EXECUTE|[26]
07:02:21.0 (60867806)|VARIABLE_ASSIGNMENT|[EXTERNAL]|this|{"insrncBnft":"0x285c9a3f","insrncBnftSelected":"","pawDetailListDisplay (4 more) ...":false,"pyAgrmntWrksht":"0x42a544d2","relatedPAWDetailsLis (1 more) ...":"0x347a31f6","targetEDR":0.00,"totalAppliedDeductib (2 more) ...":0.00,"totalCoInsurance":0.00,"totalCoPayAmt":0.00,"totalInsCoResp":0.00,"totalInsEIVAmt":0.00,"totalRowCount":0,"totalTalbottDay":0.00}|0x6f36937f
07:02:21.0 (60884467)|VARIABLE_ASSIGNMENT|[EXTERNAL]|value|0
07:02:21.0 (60891039)|HEAP_ALLOCATE|[529]|Bytes:4
07:02:21.0 (60899968)|VARIABLE_ASSIGNMENT|[529]|this.totalRowCount|0|0x6f36937f
07:02:21.0 (60910130)|STATEMENT_EXECUTE|[27]
07:02:21.0 (60948175)|HEAP_ALLOCATE|[27]|Bytes:28
07:02:21.0 (60954209)|HEAP_ALLOCATE|[27]|Bytes:28
07:02:21.0 (61028692)|VARIABLE_ASSIGNMENT|[EXTERNAL]|this|{"insrncBnft":"0x285c9a3f","insrncBnftSelected":"","pawDetailListDisplay (4 more) ...":false,"pyAgrmntWrksht":"0x42a544d2","relatedPAWDetailsLis (1 more) ...":"0x347a31f6","targetEDR":0.00,"totalAppliedDeductib (2 more) ...":0.00,"totalCoInsurance":0.00,"totalCoPayAmt":0.00,"totalInsCoResp":0.00,"totalInsEIVAmt":0.00,"totalRowCount":0,"totalTalbottDay":0.00}|0x6f36937f
07:02:21.0 (61046505)|VARIABLE_ASSIGNMENT|[EXTERNAL]|value|0
07:02:21.0 (61056821)|VARIABLE_ASSIGNMENT|[530]|this.totalTalbottDay|0|0x6f36937f
07:02:21.0 (61067645)|STATEMENT_EXECUTE|[28]
07:02:21.0 (61069117)|STATEMENT_EXECUTE|[29]
07:02:21.0 (61128582)|VARIABLE_ASSIGNMENT|[EXTERNAL]|this|{"insrncBnft":"0x285c9a3f","insrncBnftSelected":"","pawDetailListDisplay (4 more) ...":false,"pyAgrmntWrksht":"0x42a544d2","relatedPAWDetailsLis (1 more) ...":"0x347a31f6","targetEDR":0.00,"totalAppliedDeductib (2 more) ...":0.00,"totalCoInsurance":0.00,"totalCoPayAmt":0.00,"totalInsCoResp":0.00,"totalInsEIVAmt":0.00,"totalRowCount":0,"totalTalbottDay":0}|0x6f36937f
07:02:21.0 (61155628)|HEAP_ALLOCATE|[29]|Bytes:28
07:02:21.0 (61161065)|HEAP_ALLOCATE|[29]|Bytes:28
07:02:21.0 (61261719)|VARIABLE_ASSIGNMENT|[EXTERNAL]|this|{"insrncBnft":"0x285c9a3f","insrncBnftSelected":"","pawDetailListDisplay (4 more) ...":false,"pyAgrmntWrksht":"0x42a544d2","relatedPAWDetailsLis (1 more) ...":"0x347a31f6","targetEDR":0.00,"totalAppliedDeductib (2 more) ...":0.00,"totalCoInsurance":0.00,"totalCoPayAmt":0.00,"totalInsCoResp":0.00,"totalInsEIVAmt":0.00,"totalRowCount":0,"totalTalbottDay":0}|0x6f36937f
07:02:21.0 (61275651)|VARIABLE_ASSIGNMENT|[EXTERNAL]|value|0
07:02:21.0 (61281117)|HEAP_ALLOCATE|[529]|Bytes:4
07:02:21.0 (61289704)|VARIABLE_ASSIGNMENT|[529]|this.totalRowCount|0|0x6f36937f
07:02:21.0 (61299679)|STATEMENT_EXECUTE|[31]
07:02:21.0 (61354747)|VARIABLE_ASSIGNMENT|[EXTERNAL]|this|{"insrncBnft":"0x285c9a3f","insrncBnftSelected":"","pawDetailListDisplay (4 more) ...":false,"pyAgrmntWrksht":"0x42a544d2","relatedPAWDetailsLis (1 more) ...":"0x347a31f6","targetEDR":0.00,"totalAppliedDeductib (2 more) ...":0.00,"totalCoInsurance":0.00,"totalCoPayAmt":0.00,"totalInsCoResp":0.00,"totalInsEIVAmt":0.00,"totalRowCount":0,"totalTalbottDay":0}|0x6f36937f
07:02:21.0 (61380433)|HEAP_ALLOCATE|[31]|Bytes:28
07:02:21.0 (61385460)|HEAP_ALLOCATE|[31]|Bytes:28
07:02:21.0 (61468149)|VARIABLE_ASSIGNMENT|[EXTERNAL]|this|{"insrncBnft":"0x285c9a3f","insrncBnftSelected":"","pawDetailListDisplay (4 more) ...":false,"pyAgrmntWrksht":"0x42a544d2","relatedPAWDetailsLis (1 more) ...":"0x347a31f6","targetEDR":0.00,"totalAppliedDeductib (2 more) ...":0.00,"totalCoInsurance":0.00,"totalCoPayAmt":0.00,"totalInsCoResp":0.00,"totalInsEIVAmt":0.00,"totalRowCount":0,"totalTalbottDay":0}|0x6f36937f
07:02:21.0 (61481987)|VARIABLE_ASSIGNMENT|[EXTERNAL]|value|0
07:02:21.0 (61487419)|HEAP_ALLOCATE|[529]|Bytes:4
07:02:21.0 (61495742)|VARIABLE_ASSIGNMENT|[529]|this.totalRowCount|0|0x6f36937f
07:02:21.0 (61505543)|STATEMENT_EXECUTE|[33]
07:02:21.0 (61565084)|VARIABLE_ASSIGNMENT|[EXTERNAL]|this|{"insrncBnft":"0x285c9a3f","insrncBnftSelected":"","pawDetailListDisplay (4 more) ...":false,"pyAgrmntWrksht":"0x42a544d2","relatedPAWDetailsLis (1 more) ...":"0x347a31f6","targetEDR":0.00,"totalAppliedDeductib (2 more) ...":0.00,"totalCoInsurance":0.00,"totalCoPayAmt":0.00,"totalInsCoResp":0.00,"totalInsEIVAmt":0.00,"totalRowCount":0,"totalTalbottDay":0}|0x6f36937f
07:02:21.0 (61590880)|HEAP_ALLOCATE|[33]|Bytes:28
07:02:21.0 (61595895)|HEAP_ALLOCATE|[33]|Bytes:28
07:02:21.0 (61677765)|VARIABLE_ASSIGNMENT|[EXTERNAL]|this|{"insrncBnft":"0x285c9a3f","insrncBnftSelected":"","pawDetailListDisplay (4 more) ...":false,"pyAgrmntWrksht":"0x42a544d2","relatedPAWDetailsLis (1 more) ...":"0x347a31f6","targetEDR":0.00,"totalAppliedDeductib (2 more) ...":0.00,"totalCoInsurance":0.00,"totalCoPayAmt":0.00,"totalInsCoResp":0.00,"totalInsEIVAmt":0.00,"totalRowCount":0,"totalTalbottDay":0}|0x6f36937f
07:02:21.0 (61691486)|VARIABLE_ASSIGNMENT|[EXTERNAL]|value|0
07:02:21.0 (61696827)|HEAP_ALLOCATE|[529]|Bytes:4
07:02:21.0 (61705350)|VARIABLE_ASSIGNMENT|[529]|this.totalRowCount|0|0x6f36937f
07:02:21.0 (61714807)|STATEMENT_EXECUTE|[35]
07:02:21.0 (61768415)|VARIABLE_ASSIGNMENT|[EXTERNAL]|this|{"insrncBnft":"0x285c9a3f","insrncBnftSelected":"","pawDetailListDisplay (4 more) ...":false,"pyAgrmntWrksht":"0x42a544d2","relatedPAWDetailsLis (1 more) ...":"0x347a31f6","targetEDR":0.00,"totalAppliedDeductib (2 more) ...":0.00,"totalCoInsurance":0.00,"totalCoPayAmt":0.00,"totalInsCoResp":0.00,"totalInsEIVAmt":0.00,"totalRowCount":0,"totalTalbottDay":0}|0x6f36937f
07:02:21.0 (61794504)|HEAP_ALLOCATE|[35]|Bytes:28
07:02:21.0 (61799346)|HEAP_ALLOCATE|[35]|Bytes:28
07:02:21.0 (61881324)|VARIABLE_ASSIGNMENT|[EXTERNAL]|this|{"insrncBnft":"0x285c9a3f","insrncBnftSelected":"","pawDetailListDisplay (4 more) ...":false,"pyAgrmntWrksht":"0x42a544d2","relatedPAWDetailsLis (1 more) ...":"0x347a31f6","targetEDR":0.00,"totalAppliedDeductib (2 more) ...":0.00,"totalCoInsurance":0.00,"totalCoPayAmt":0.00,"totalInsCoResp":0.00,"totalInsEIVAmt":0.00,"totalRowCount":0,"totalTalbottDay":0}|0x6f36937f
07:02:21.0 (61894552)|VARIABLE_ASSIGNMENT|[EXTERNAL]|value|0
07:02:21.0 (61899821)|HEAP_ALLOCATE|[529]|Bytes:4
07:02:21.0 (61908231)|VARIABLE_ASSIGNMENT|[529]|this.totalRowCount|0|0x6f36937f
07:02:21.0 (61918025)|STATEMENT_EXECUTE|[40]
07:02:21.0 (61977235)|VARIABLE_ASSIGNMENT|[EXTERNAL]|this|{"insrncBnft":"0x285c9a3f","insrncBnftSelected":"","pawDetailListDisplay (4 more) ...":false,"pyAgrmntWrksht":"0x42a544d2","relatedPAWDetailsLis (1 more) ...":"0x347a31f6","targetEDR":0.00,"totalAppliedDeductib (2 more) ...":0.00,"totalCoInsurance":0.00,"totalCoPayAmt":0.00,"totalInsCoResp":0.00,"totalInsEIVAmt":0.00,"totalRowCount":0,"totalTalbottDay":0}|0x6f36937f
07:02:21.0 (62052653)|VARIABLE_ASSIGNMENT|[EXTERNAL]|this|{"insrncBnft":"0x285c9a3f","insrncBnftSelected":"","pawDetailListDisplay (4 more) ...":false,"pyAgrmntWrksht":"0x42a544d2","relatedPAWDetailsLis (1 more) ...":"0x347a31f6","targetEDR":0.00,"totalAppliedDeductib (2 more) ...":0.00,"totalCoInsurance":0.00,"totalCoPayAmt":0.00,"totalInsCoResp":0.00,"totalInsEIVAmt":0.00,"totalRowCount":0,"totalTalbottDay":0}|0x6f36937f
07:02:21.0 (62097127)|HEAP_ALLOCATE|[40]|Bytes:28
07:02:21.0 (62103251)|HEAP_ALLOCATE|[40]|Bytes:28
07:02:21.0 (62150992)|VARIABLE_ASSIGNMENT|[EXTERNAL]|this|{"insrncBnft":"0x285c9a3f","insrncBnftSelected":"","pawDetailListDisplay (4 more) ...":false,"pyAgrmntWrksht":"0x42a544d2","relatedPAWDetailsLis (1 more) ...":"0x347a31f6","targetEDR":0.00,"totalAppliedDeductib (2 more) ...":0.00,"totalCoInsurance":0.00,"totalCoPayAmt":0.00,"totalInsCoResp":0.00,"totalInsEIVAmt":0.00,"totalRowCount":0,"totalTalbottDay":0}|0x6f36937f
07:02:21.0 (62164361)|VARIABLE_ASSIGNMENT|[EXTERNAL]|value|0
07:02:21.0 (62174180)|VARIABLE_ASSIGNMENT|[530]|this.totalTalbottDay|0|0x6f36937f
07:02:21.0 (62183898)|STATEMENT_EXECUTE|[43]
07:02:21.0 (62236781)|VARIABLE_ASSIGNMENT|[EXTERNAL]|this|{"insrncBnft":"0x285c9a3f","insrncBnftSelected":"","pawDetailListDisplay (4 more) ...":false,"pyAgrmntWrksht":"0x42a544d2","relatedPAWDetailsLis (1 more) ...":"0x347a31f6","targetEDR":0.00,"totalAppliedDeductib (2 more) ...":0.00,"totalCoInsurance":0.00,"totalCoPayAmt":0.00,"totalInsCoResp":0.00,"totalInsEIVAmt":0.00,"totalRowCount":0,"totalTalbottDay":0}|0x6f36937f
07:02:21.0 (62305189)|VARIABLE_ASSIGNMENT|[EXTERNAL]|this|{"insrncBnft":"0x285c9a3f","insrncBnftSelected":"","pawDetailListDisplay (4 more) ...":false,"pyAgrmntWrksht":"0x42a544d2","relatedPAWDetailsLis (1 more) ...":"0x347a31f6","targetEDR":0.00,"totalAppliedDeductib (2 more) ...":0.00,"totalCoInsurance":0.00,"totalCoPayAmt":0.00,"totalInsCoResp":0.00,"totalInsEIVAmt":0.00,"totalRowCount":0,"totalTalbottDay":0}|0x6f36937f
07:02:21.0 (62348128)|HEAP_ALLOCATE|[43]|Bytes:28
07:02:21.0 (62353929)|HEAP_ALLOCATE|[43]|Bytes:28
07:02:21.0 (62401147)|VARIABLE_ASSIGNMENT|[EXTERNAL]|this|{"insrncBnft":"0x285c9a3f","insrncBnftSelected":"","pawDetailListDisplay (4 more) ...":false,"pyAgrmntWrksht":"0x42a544d2","relatedPAWDetailsLis (1 more) ...":"0x347a31f6","targetEDR":0.00,"totalAppliedDeductib (2 more) ...":0.00,"totalCoInsurance":0.00,"totalCoPayAmt":0.00,"totalInsCoResp":0.00,"totalInsEIVAmt":0.00,"totalRowCount":0,"totalTalbottDay":0}|0x6f36937f
07:02:21.0 (62414237)|VARIABLE_ASSIGNMENT|[EXTERNAL]|value|0
07:02:21.0 (62424006)|VARIABLE_ASSIGNMENT|[530]|this.totalTalbottDay|0|0x6f36937f
07:02:21.0 (62433808)|STATEMENT_EXECUTE|[47]
07:02:21.0 (62446320)|HEAP_ALLOCATE|[47]|Bytes:28
07:02:21.0 (62451373)|HEAP_ALLOCATE|[47]|Bytes:28
07:02:21.0 (62507066)|VARIABLE_ASSIGNMENT|[EXTERNAL]|this|{"insrncBnft":"0x285c9a3f","insrncBnftSelected":"","pawDetailListDisplay (4 more) ...":false,"pyAgrmntWrksht":"0x42a544d2","relatedPAWDetailsLis (1 more) ...":"0x347a31f6","targetEDR":0.00,"totalAppliedDeductib (2 more) ...":0.00,"totalCoInsurance":0.00,"totalCoPayAmt":0.00,"totalInsCoResp":0.00,"totalInsEIVAmt":0.00,"totalRowCount":0,"totalTalbottDay":0}|0x6f36937f
07:02:21.0 (62581255)|VARIABLE_ASSIGNMENT|[47]|this.Num_Days_Detox_DTX__c|0|0x42a544d2
07:02:21.0 (62589571)|STATEMENT_EXECUTE|[48]
07:02:21.0 (62647772)|VARIABLE_ASSIGNMENT|[EXTERNAL]|this|{"insrncBnft":"0x285c9a3f","insrncBnftSelected":"","pawDetailListDisplay (4 more) ...":false,"pyAgrmntWrksht":"0x42a544d2","relatedPAWDetailsLis (1 more) ...":"0x347a31f6","targetEDR":0.00,"totalAppliedDeductib (2 more) ...":0.00,"totalCoInsurance":0.00,"totalCoPayAmt":0.00,"totalInsCoResp":0.00,"totalInsEIVAmt":0.00,"totalRowCount":0,"totalTalbottDay":0}|0x6f36937f
07:02:21.0 (62669257)|HEAP_ALLOCATE|[48]|Bytes:4
07:02:21.0 (62685349)|HEAP_ALLOCATE|[48]|Bytes:28
07:02:21.0 (62733634)|VARIABLE_ASSIGNMENT|[EXTERNAL]|this|{"insrncBnft":"0x285c9a3f","insrncBnftSelected":"","pawDetailListDisplay (4 more) ...":false,"pyAgrmntWrksht":"0x42a544d2","relatedPAWDetailsLis (1 more) ...":"0x347a31f6","targetEDR":0.00,"totalAppliedDeductib (2 more) ...":0.00,"totalCoInsurance":0.00,"totalCoPayAmt":0.00,"totalInsCoResp":0.00,"totalInsEIVAmt":0.00,"totalRowCount":0,"totalTalbottDay":0}|0x6f36937f
07:02:21.0 (62794933)|VARIABLE_ASSIGNMENT|[48]|this.Detox_Over__c|0.00|0x42a544d2
07:02:21.0 (62803325)|STATEMENT_EXECUTE|[49]
07:02:21.0 (62860394)|VARIABLE_ASSIGNMENT|[EXTERNAL]|this|{"insrncBnft":"0x285c9a3f","insrncBnftSelected":"","pawDetailListDisplay (4 more) ...":false,"pyAgrmntWrksht":"0x42a544d2","relatedPAWDetailsLis (1 more) ...":"0x347a31f6","targetEDR":0.00,"totalAppliedDeductib (2 more) ...":0.00,"totalCoInsurance":0.00,"totalCoPayAmt":0.00,"totalInsCoResp":0.00,"totalInsEIVAmt":0.00,"totalRowCount":0,"totalTalbottDay":0}|0x6f36937f
07:02:21.0 (62886820)|HEAP_ALLOCATE|[49]|Bytes:28
07:02:21.0 (62936126)|VARIABLE_ASSIGNMENT|[EXTERNAL]|this|{"insrncBnft":"0x285c9a3f","insrncBnftSelected":"","pawDetailListDisplay (4 more) ...":false,"pyAgrmntWrksht":"0x42a544d2","relatedPAWDetailsLis (1 more) ...":"0x347a31f6","targetEDR":0.00,"totalAppliedDeductib (2 more) ...":0.00,"totalCoInsurance":0.00,"totalCoPayAmt":0.00,"totalInsCoResp":0.00,"totalInsEIVAmt":0.00,"totalRowCount":0,"totalTalbottDay":0}|0x6f36937f
07:02:21.0 (62995409)|VARIABLE_ASSIGNMENT|[49]|this.Detox_Pays_at__c|0.00|0x42a544d2
07:02:21.0 (63003984)|STATEMENT_EXECUTE|[51]
07:02:21.0 (63019386)|HEAP_ALLOCATE|[51]|Bytes:28
07:02:21.0 (63024145)|HEAP_ALLOCATE|[51]|Bytes:28
07:02:21.0 (63083114)|VARIABLE_ASSIGNMENT|[EXTERNAL]|this|{"insrncBnft":"0x285c9a3f","insrncBnftSelected":"","pawDetailListDisplay (4 more) ...":false,"pyAgrmntWrksht":"0x42a544d2","relatedPAWDetailsLis (1 more) ...":"0x347a31f6","targetEDR":0.00,"totalAppliedDeductib (2 more) ...":0.00,"totalCoInsurance":0.00,"totalCoPayAmt":0.00,"totalInsCoResp":0.00,"totalInsEIVAmt":0.00,"totalRowCount":0,"totalTalbottDay":0}|0x6f36937f
07:02:21.0 (63146097)|VARIABLE_ASSIGNMENT|[51]|this.Num_Days_Residential_Treatment_RTC__c|0|0x42a544d2
07:02:21.0 (63154539)|STATEMENT_EXECUTE|[52]
07:02:21.0 (63212002)|VARIABLE_ASSIGNMENT|[EXTERNAL]|this|{"insrncBnft":"0x285c9a3f","insrncBnftSelected":"","pawDetailListDisplay (4 more) ...":false,"pyAgrmntWrksht":"0x42a544d2","relatedPAWDetailsLis (1 more) ...":"0x347a31f6","targetEDR":0.00,"totalAppliedDeductib (2 more) ...":0.00,"totalCoInsurance":0.00,"totalCoPayAmt":0.00,"totalInsCoResp":0.00,"totalInsEIVAmt":0.00,"totalRowCount":0,"totalTalbottDay":0}|0x6f36937f
07:02:21.0 (63238492)|HEAP_ALLOCATE|[52]|Bytes:28
07:02:21.0 (63287053)|VARIABLE_ASSIGNMENT|[EXTERNAL]|this|{"insrncBnft":"0x285c9a3f","insrncBnftSelected":"","pawDetailListDisplay (4 more) ...":false,"pyAgrmntWrksht":"0x42a544d2","relatedPAWDetailsLis (1 more) ...":"0x347a31f6","targetEDR":0.00,"totalAppliedDeductib (2 more) ...":0.00,"totalCoInsurance":0.00,"totalCoPayAmt":0.00,"totalInsCoResp":0.00,"totalInsEIVAmt":0.00,"totalRowCount":0,"totalTalbottDay":0}|0x6f36937f
07:02:21.0 (63346798)|VARIABLE_ASSIGNMENT|[52]|this.Residential_Treatment_Override__c|0.00|0x42a544d2
07:02:21.0 (63354866)|STATEMENT_EXECUTE|[53]
07:02:21.0 (63411420)|VARIABLE_ASSIGNMENT|[EXTERNAL]|this|{"insrncBnft":"0x285c9a3f","insrncBnftSelected":"","pawDetailListDisplay (4 more) ...":false,"pyAgrmntWrksht":"0x42a544d2","relatedPAWDetailsLis (1 more) ...":"0x347a31f6","targetEDR":0.00,"totalAppliedDeductib (2 more) ...":0.00,"totalCoInsurance":0.00,"totalCoPayAmt":0.00,"totalInsCoResp":0.00,"totalInsEIVAmt":0.00,"totalRowCount":0,"totalTalbottDay":0}|0x6f36937f
07:02:21.0 (63437948)|HEAP_ALLOCATE|[53]|Bytes:28
07:02:21.0 (63486435)|VARIABLE_ASSIGNMENT|[EXTERNAL]|this|{"insrncBnft":"0x285c9a3f","insrncBnftSelected":"","pawDetailListDisplay (4 more) ...":false,"pyAgrmntWrksht":"0x42a544d2","relatedPAWDetailsLis (1 more) ...":"0x347a31f6","targetEDR":0.00,"totalAppliedDeductib (2 more) ...":0.00,"totalCoInsurance":0.00,"totalCoPayAmt":0.00,"totalInsCoResp":0.00,"totalInsEIVAmt":0.00,"totalRowCount":0,"totalTalbottDay":0}|0x6f36937f
07:02:21.0 (63550566)|VARIABLE_ASSIGNMENT|[53]|this.RTC_Pays_at__c|0.00|0x42a544d2
07:02:21.0 (63559124)|STATEMENT_EXECUTE|[55]
07:02:21.0 (63573494)|HEAP_ALLOCATE|[55]|Bytes:28
07:02:21.0 (63578532)|HEAP_ALLOCATE|[55]|Bytes:28
07:02:21.0 (63637183)|VARIABLE_ASSIGNMENT|[EXTERNAL]|this|{"insrncBnft":"0x285c9a3f","insrncBnftSelected":"","pawDetailListDisplay (4 more) ...":false,"pyAgrmntWrksht":"0x42a544d2","relatedPAWDetailsLis (1 more) ...":"0x347a31f6","targetEDR":0.00,"totalAppliedDeductib (2 more) ...":0.00,"totalCoInsurance":0.00,"totalCoPayAmt":0.00,"totalInsCoResp":0.00,"totalInsEIVAmt":0.00,"totalRowCount":0,"totalTalbottDay":0}|0x6f36937f
07:02:21.0 (63699792)|VARIABLE_ASSIGNMENT|[55]|this.Num_Days_Partial_Hospitalization_PHP__c|0|0x42a544d2
07:02:21.0 (63707987)|STATEMENT_EXECUTE|[56]
07:02:21.0 (63766078)|VARIABLE_ASSIGNMENT|[EXTERNAL]|this|{"insrncBnft":"0x285c9a3f","insrncBnftSelected":"","pawDetailListDisplay (4 more) ...":false,"pyAgrmntWrksht":"0x42a544d2","relatedPAWDetailsLis (1 more) ...":"0x347a31f6","targetEDR":0.00,"totalAppliedDeductib (2 more) ...":0.00,"totalCoInsurance":0.00,"totalCoPayAmt":0.00,"totalInsCoResp":0.00,"totalInsEIVAmt":0.00,"totalRowCount":0,"totalTalbottDay":0}|0x6f36937f
07:02:21.0 (63792631)|HEAP_ALLOCATE|[56]|Bytes:28
07:02:21.0 (63840854)|VARIABLE_ASSIGNMENT|[EXTERNAL]|this|{"insrncBnft":"0x285c9a3f","insrncBnftSelected":"","pawDetailListDisplay (4 more) ...":false,"pyAgrmntWrksht":"0x42a544d2","relatedPAWDetailsLis (1 more) ...":"0x347a31f6","targetEDR":0.00,"totalAppliedDeductib (2 more) ...":0.00,"totalCoInsurance":0.00,"totalCoPayAmt":0.00,"totalInsCoResp":0.00,"totalInsEIVAmt":0.00,"totalRowCount":0,"totalTalbottDay":0}|0x6f36937f
07:02:21.0 (63899683)|VARIABLE_ASSIGNMENT|[56]|this.Partial_Hospitalization_Override__c|0.00|0x42a544d2
07:02:21.0 (63907745)|STATEMENT_EXECUTE|[57]
07:02:21.0 (63964453)|VARIABLE_ASSIGNMENT|[EXTERNAL]|this|{"insrncBnft":"0x285c9a3f","insrncBnftSelected":"","pawDetailListDisplay (4 more) ...":false,"pyAgrmntWrksht":"0x42a544d2","relatedPAWDetailsLis (1 more) ...":"0x347a31f6","targetEDR":0.00,"totalAppliedDeductib (2 more) ...":0.00,"totalCoInsurance":0.00,"totalCoPayAmt":0.00,"totalInsCoResp":0.00,"totalInsEIVAmt":0.00,"totalRowCount":0,"totalTalbottDay":0}|0x6f36937f
07:02:21.0 (63990812)|HEAP_ALLOCATE|[57]|Bytes:28
07:02:21.0 (64039524)|VARIABLE_ASSIGNMENT|[EXTERNAL]|this|{"insrncBnft":"0x285c9a3f","insrncBnftSelected":"","pawDetailListDisplay (4 more) ...":false,"pyAgrmntWrksht":"0x42a544d2","relatedPAWDetailsLis (1 more) ...":"0x347a31f6","targetEDR":0.00,"totalAppliedDeductib (2 more) ...":0.00,"totalCoInsurance":0.00,"totalCoPayAmt":0.00,"totalInsCoResp":0.00,"totalInsEIVAmt":0.00,"totalRowCount":0,"totalTalbottDay":0}|0x6f36937f
07:02:21.0 (64099116)|VARIABLE_ASSIGNMENT|[57]|this.PHP_Pays_at__c|0.00|0x42a544d2
07:02:21.0 (64107180)|STATEMENT_EXECUTE|[59]
07:02:21.0 (64121608)|HEAP_ALLOCATE|[59]|Bytes:28
07:02:21.0 (64126268)|HEAP_ALLOCATE|[59]|Bytes:28
07:02:21.0 (64185141)|VARIABLE_ASSIGNMENT|[EXTERNAL]|this|{"insrncBnft":"0x285c9a3f","insrncBnftSelected":"","pawDetailListDisplay (4 more) ...":false,"pyAgrmntWrksht":"0x42a544d2","relatedPAWDetailsLis (1 more) ...":"0x347a31f6","targetEDR":0.00,"totalAppliedDeductib (2 more) ...":0.00,"totalCoInsurance":0.00,"totalCoPayAmt":0.00,"totalInsCoResp":0.00,"totalInsEIVAmt":0.00,"totalRowCount":0,"totalTalbottDay":0}|0x6f36937f
07:02:21.0 (64247678)|VARIABLE_ASSIGNMENT|[59]|this.Num_Days_Intensive_Outpatient_IOP__c|0|0x42a544d2
07:02:21.0 (64255841)|STATEMENT_EXECUTE|[60]
07:02:21.0 (64312724)|VARIABLE_ASSIGNMENT|[EXTERNAL]|this|{"insrncBnft":"0x285c9a3f","insrncBnftSelected":"","pawDetailListDisplay (4 more) ...":false,"pyAgrmntWrksht":"0x42a544d2","relatedPAWDetailsLis (1 more) ...":"0x347a31f6","targetEDR":0.00,"totalAppliedDeductib (2 more) ...":0.00,"totalCoInsurance":0.00,"totalCoPayAmt":0.00,"totalInsCoResp":0.00,"totalInsEIVAmt":0.00,"totalRowCount":0,"totalTalbottDay":0}|0x6f36937f
07:02:21.0 (64339400)|HEAP_ALLOCATE|[60]|Bytes:28
07:02:21.0 (64387646)|VARIABLE_ASSIGNMENT|[EXTERNAL]|this|{"insrncBnft":"0x285c9a3f","insrncBnftSelected":"","pawDetailListDisplay (4 more) ...":false,"pyAgrmntWrksht":"0x42a544d2","relatedPAWDetailsLis (1 more) ...":"0x347a31f6","targetEDR":0.00,"totalAppliedDeductib (2 more) ...":0.00,"totalCoInsurance":0.00,"totalCoPayAmt":0.00,"totalInsCoResp":0.00,"totalInsEIVAmt":0.00,"totalRowCount":0,"totalTalbottDay":0}|0x6f36937f
07:02:21.0 (64448047)|VARIABLE_ASSIGNMENT|[60]|this.Intensive_Outpatient_Override__c|0.00|0x42a544d2
07:02:21.0 (64456712)|STATEMENT_EXECUTE|[61]
07:02:21.0 (64518107)|VARIABLE_ASSIGNMENT|[EXTERNAL]|this|{"insrncBnft":"0x285c9a3f","insrncBnftSelected":"","pawDetailListDisplay (4 more) ...":false,"pyAgrmntWrksht":"0x42a544d2","relatedPAWDetailsLis (1 more) ...":"0x347a31f6","targetEDR":0.00,"totalAppliedDeductib (2 more) ...":0.00,"totalCoInsurance":0.00,"totalCoPayAmt":0.00,"totalInsCoResp":0.00,"totalInsEIVAmt":0.00,"totalRowCount":0,"totalTalbottDay":0}|0x6f36937f
07:02:21.0 (64545374)|HEAP_ALLOCATE|[61]|Bytes:28
07:02:21.0 (64593757)|VARIABLE_ASSIGNMENT|[EXTERNAL]|this|{"insrncBnft":"0x285c9a3f","insrncBnftSelected":"","pawDetailListDisplay (4 more) ...":false,"pyAgrmntWrksht":"0x42a544d2","relatedPAWDetailsLis (1 more) ...":"0x347a31f6","targetEDR":0.00,"totalAppliedDeductib (2 more) ...":0.00,"totalCoInsurance":0.00,"totalCoPayAmt":0.00,"totalInsCoResp":0.00,"totalInsEIVAmt":0.00,"totalRowCount":0,"totalTalbottDay":0}|0x6f36937f
07:02:21.0 (64653764)|VARIABLE_ASSIGNMENT|[61]|this.IOP_Pays_at__c|0.00|0x42a544d2
07:02:21.0 (64662039)|STATEMENT_EXECUTE|[63]
07:02:21.0 (64719546)|VARIABLE_ASSIGNMENT|[EXTERNAL]|this|{"insrncBnft":"0x285c9a3f","insrncBnftSelected":"","pawDetailListDisplay (4 more) ...":false,"pyAgrmntWrksht":"0x42a544d2","relatedPAWDetailsLis (1 more) ...":"0x347a31f6","targetEDR":0.00,"totalAppliedDeductib (2 more) ...":0.00,"totalCoInsurance":0.00,"totalCoPayAmt":0.00,"totalInsCoResp":0.00,"totalInsEIVAmt":0.00,"totalRowCount":0,"totalTalbottDay":0}|0x6f36937f
07:02:21.0 (64747551)|HEAP_ALLOCATE|[63]|Bytes:28
07:02:21.0 (64752858)|HEAP_ALLOCATE|[63]|Bytes:28
07:02:21.0 (64799108)|VARIABLE_ASSIGNMENT|[EXTERNAL]|this|{"insrncBnft":"0x285c9a3f","insrncBnftSelected":"","pawDetailListDisplay (4 more) ...":false,"pyAgrmntWrksht":"0x42a544d2","relatedPAWDetailsLis (1 more) ...":"0x347a31f6","targetEDR":0.00,"totalAppliedDeductib (2 more) ...":0.00,"totalCoInsurance":0.00,"totalCoPayAmt":0.00,"totalInsCoResp":0.00,"totalInsEIVAmt":0.00,"totalRowCount":0,"totalTalbottDay":0}|0x6f36937f
07:02:21.0 (64860836)|VARIABLE_ASSIGNMENT|[63]|this.Num_Days_Uncovered__c|0|0x42a544d2
07:02:21.0 (64868818)|STATEMENT_EXECUTE|[64]
07:02:21.0 (64926087)|VARIABLE_ASSIGNMENT|[EXTERNAL]|this|{"insrncBnft":"0x285c9a3f","insrncBnftSelected":"","pawDetailListDisplay (4 more) ...":false,"pyAgrmntWrksht":"0x42a544d2","relatedPAWDetailsLis (1 more) ...":"0x347a31f6","targetEDR":0.00,"totalAppliedDeductib (2 more) ...":0.00,"totalCoInsurance":0.00,"totalCoPayAmt":0.00,"totalInsCoResp":0.00,"totalInsEIVAmt":0.00,"totalRowCount":0,"totalTalbottDay":0}|0x6f36937f
07:02:21.0 (64954310)|HEAP_ALLOCATE|[64]|Bytes:28
07:02:21.0 (64959387)|HEAP_ALLOCATE|[64]|Bytes:28
07:02:21.0 (65005338)|VARIABLE_ASSIGNMENT|[EXTERNAL]|this|{"insrncBnft":"0x285c9a3f","insrncBnftSelected":"","pawDetailListDisplay (4 more) ...":false,"pyAgrmntWrksht":"0x42a544d2","relatedPAWDetailsLis (1 more) ...":"0x347a31f6","targetEDR":0.00,"totalAppliedDeductib (2 more) ...":0.00,"totalCoInsurance":0.00,"totalCoPayAmt":0.00,"totalInsCoResp":0.00,"totalInsEIVAmt":0.00,"totalRowCount":0,"totalTalbottDay":0}|0x6f36937f
07:02:21.0 (65067422)|VARIABLE_ASSIGNMENT|[64]|this.Uncovered_Days_Rate__c|0|0x42a544d2
07:02:21.0 (65075894)|STATEMENT_EXECUTE|[65]
07:02:21.0 (65132832)|VARIABLE_ASSIGNMENT|[EXTERNAL]|this|{"insrncBnft":"0x285c9a3f","insrncBnftSelected":"","pawDetailListDisplay (4 more) ...":false,"pyAgrmntWrksht":"0x42a544d2","relatedPAWDetailsLis (1 more) ...":"0x347a31f6","targetEDR":0.00,"totalAppliedDeductib (2 more) ...":0.00,"totalCoInsurance":0.00,"totalCoPayAmt":0.00,"totalInsCoResp":0.00,"totalInsEIVAmt":0.00,"totalRowCount":0,"totalTalbottDay":0}|0x6f36937f
07:02:21.0 (65160443)|HEAP_ALLOCATE|[65]|Bytes:28
07:02:21.0 (65165652)|HEAP_ALLOCATE|[65]|Bytes:28
07:02:21.0 (65212614)|VARIABLE_ASSIGNMENT|[EXTERNAL]|this|{"insrncBnft":"0x285c9a3f","insrncBnftSelected":"","pawDetailListDisplay (4 more) ...":false,"pyAgrmntWrksht":"0x42a544d2","relatedPAWDetailsLis (1 more) ...":"0x347a31f6","targetEDR":0.00,"totalAppliedDeductib (2 more) ...":0.00,"totalCoInsurance":0.00,"totalCoPayAmt":0.00,"totalInsCoResp":0.00,"totalInsEIVAmt":0.00,"totalRowCount":0,"totalTalbottDay":0}|0x6f36937f
07:02:21.0 (65274525)|VARIABLE_ASSIGNMENT|[65]|this.Uncovered_Days_Override__c|0|0x42a544d2
07:02:21.0 (65288617)|STATEMENT_EXECUTE|[66]
07:02:21.0 (65346891)|VARIABLE_ASSIGNMENT|[EXTERNAL]|this|{"insrncBnft":"0x285c9a3f","insrncBnftSelected":"","pawDetailListDisplay (4 more) ...":false,"pyAgrmntWrksht":"0x42a544d2","relatedPAWDetailsLis (1 more) ...":"0x347a31f6","targetEDR":0.00,"totalAppliedDeductib (2 more) ...":0.00,"totalCoInsurance":0.00,"totalCoPayAmt":0.00,"totalInsCoResp":0.00,"totalInsEIVAmt":0.00,"totalRowCount":0,"totalTalbottDay":0}|0x6f36937f
07:02:21.0 (65374755)|HEAP_ALLOCATE|[66]|Bytes:28
07:02:21.0 (65379930)|HEAP_ALLOCATE|[66]|Bytes:28
07:02:21.0 (65426606)|VARIABLE_ASSIGNMENT|[EXTERNAL]|this|{"insrncBnft":"0x285c9a3f","insrncBnftSelected":"","pawDetailListDisplay (4 more) ...":false,"pyAgrmntWrksht":"0x42a544d2","relatedPAWDetailsLis (1 more) ...":"0x347a31f6","targetEDR":0.00,"totalAppliedDeductib (2 more) ...":0.00,"totalCoInsurance":0.00,"totalCoPayAmt":0.00,"totalInsCoResp":0.00,"totalInsEIVAmt":0.00,"totalRowCount":0,"totalTalbottDay":0}|0x6f36937f
07:02:21.0 (65488262)|VARIABLE_ASSIGNMENT|[66]|this.Num_Days_Room__c|0|0x42a544d2
07:02:21.0 (65496436)|STATEMENT_EXECUTE|[70]
07:02:21.0 (65558087)|VARIABLE_ASSIGNMENT|[EXTERNAL]|this|{"insrncBnft":"0x285c9a3f","insrncBnftSelected":"","pawDetailListDisplay (4 more) ...":false,"pyAgrmntWrksht":"0x42a544d2","relatedPAWDetailsLis (1 more) ...":"0x347a31f6","targetEDR":0.00,"totalAppliedDeductib (2 more) ...":0.00,"totalCoInsurance":0.00,"totalCoPayAmt":0.00,"totalInsCoResp":0.00,"totalInsEIVAmt":0.00,"totalRowCount":0,"totalTalbottDay":0}|0x6f36937f
07:02:21.0 (65585791)|HEAP_ALLOCATE|[70]|Bytes:28
07:02:21.0 (65590846)|HEAP_ALLOCATE|[70]|Bytes:28
07:02:21.0 (65637338)|VARIABLE_ASSIGNMENT|[EXTERNAL]|this|{"insrncBnft":"0x285c9a3f","insrncBnftSelected":"","pawDetailListDisplay (4 more) ...":false,"pyAgrmntWrksht":"0x42a544d2","relatedPAWDetailsLis (1 more) ...":"0x347a31f6","targetEDR":0.00,"totalAppliedDeductib (2 more) ...":0.00,"totalCoInsurance":0.00,"totalCoPayAmt":0.00,"totalInsCoResp":0.00,"totalInsEIVAmt":0.00,"totalRowCount":0,"totalTalbottDay":0}|0x6f36937f
07:02:21.0 (65699666)|VARIABLE_ASSIGNMENT|[70]|this.Room_and_Board_Days_Override__c|0|0x42a544d2
07:02:21.0 (65769981)|VARIABLE_ASSIGNMENT|[EXTERNAL]|this|{"insrncBnft":"0x285c9a3f","insrncBnftSelected":"","pawDetailListDisplay (4 more) ...":false,"pyAgrmntWrksht":"0x42a544d2","relatedPAWDetailsLis (1 more) ...":"0x347a31f6","targetEDR":0.00,"totalAppliedDeductib (2 more) ...":0.00,"totalCoInsurance":0.00,"totalCoPayAmt":0.00,"totalInsCoResp":0.00,"totalInsEIVAmt":0.00,"totalRowCount":0,"totalTalbottDay":0}|0x6f36937f
07:02:21.0 (65790818)|STATEMENT_EXECUTE|[71]
07:02:21.0 (65842288)|VARIABLE_ASSIGNMENT|[EXTERNAL]|this|{"insrncBnft":"0x285c9a3f","insrncBnftSelected":"","pawDetailListDisplay (4 more) ...":false,"pyAgrmntWrksht":"0x42a544d2","relatedPAWDetailsLis (1 more) ...":"0x347a31f6","targetEDR":0.00,"totalAppliedDeductib (2 more) ...":0.00,"totalCoInsurance":0.00,"totalCoPayAmt":0.00,"totalInsCoResp":0.00,"totalInsEIVAmt":0.00,"totalRowCount":0,"totalTalbottDay":0}|0x6f36937f
07:02:21.0 (65862034)|STATEMENT_EXECUTE|[77]
07:02:21.0 (65863556)|STATEMENT_EXECUTE|[78]
07:02:21.0 (65913488)|VARIABLE_ASSIGNMENT|[EXTERNAL]|this|{"insrncBnft":"0x285c9a3f","insrncBnftSelected":"","pawDetailListDisplay (4 more) ...":false,"pyAgrmntWrksht":"0x42a544d2","relatedPAWDetailsLis (1 more) ...":"0x347a31f6","targetEDR":0.00,"totalAppliedDeductib (2 more) ...":0.00,"totalCoInsurance":0.00,"totalCoPayAmt":0.00,"totalInsCoResp":0.00,"totalInsEIVAmt":0.00,"totalRowCount":0,"totalTalbottDay":0}|0x6f36937f
07:02:21.0 (65971669)|VARIABLE_ASSIGNMENT|[EXTERNAL]|this|{"insrncBnft":"0x285c9a3f","insrncBnftSelected":"","pawDetailListDisplay (4 more) ...":false,"pyAgrmntWrksht":"0x42a544d2","relatedPAWDetailsLis (1 more) ...":"0x347a31f6","targetEDR":0.00,"totalAppliedDeductib (2 more) ...":0.00,"totalCoInsurance":0.00,"totalCoPayAmt":0.00,"totalInsCoResp":0.00,"totalInsEIVAmt":0.00,"totalRowCount":0,"totalTalbottDay":0}|0x6f36937f
07:02:21.0 (66031806)|VARIABLE_ASSIGNMENT|[78]|this.Uncovered_Charges__c|null|0x42a544d2
07:02:21.0 (66041370)|STATEMENT_EXECUTE|[80]
07:02:21.0 (66050998)|HEAP_ALLOCATE|[80]|Bytes:28
07:02:21.0 (66059518)|VARIABLE_SCOPE_BEGIN|[80]|coPayRemaining|Decimal|false|false
07:02:21.0 (66070412)|VARIABLE_ASSIGNMENT|[80]|coPayRemaining|0.00
07:02:21.0 (66074650)|STATEMENT_EXECUTE|[81]
07:02:21.0 (66129612)|VARIABLE_ASSIGNMENT|[EXTERNAL]|this|{"insrncBnft":"0x285c9a3f","insrncBnftSelected":"","pawDetailListDisplay (4 more) ...":false,"pyAgrmntWrksht":"0x42a544d2","relatedPAWDetailsLis (1 more) ...":"0x347a31f6","targetEDR":0.00,"totalAppliedDeductib (2 more) ...":0.00,"totalCoInsurance":0.00,"totalCoPayAmt":0.00,"totalInsCoResp":0.00,"totalInsEIVAmt":0.00,"totalRowCount":0,"totalTalbottDay":0}|0x6f36937f
07:02:21.0 (66172940)|HEAP_ALLOCATE|[81]|Bytes:28
07:02:21.0 (66225449)|VARIABLE_ASSIGNMENT|[EXTERNAL]|this|{"insrncBnft":"0x285c9a3f","insrncBnftSelected":"","pawDetailListDisplay (4 more) ...":false,"pyAgrmntWrksht":"0x42a544d2","relatedPAWDetailsLis (1 more) ...":"0x347a31f6","targetEDR":0.00,"totalAppliedDeductib (2 more) ...":0.00,"totalCoInsurance":0.00,"totalCoPayAmt":0.00,"totalInsCoResp":0.00,"totalInsEIVAmt":0.00,"totalRowCount":0,"totalTalbottDay":0}|0x6f36937f
07:02:21.0 (66251563)|HEAP_ALLOCATE|[81]|Bytes:28
07:02:21.0 (66256981)|HEAP_ALLOCATE|[81]|Bytes:28
07:02:21.0 (66312789)|HEAP_ALLOCATE|[81]|Bytes:28
07:02:21.0 (66319616)|HEAP_ALLOCATE|[81]|Bytes:28
07:02:21.0 (66338927)|VARIABLE_ASSIGNMENT|[81]|coPayRemaining|0
07:02:21.0 (66344203)|STATEMENT_EXECUTE|[82]
07:02:21.0 (66399649)|VARIABLE_ASSIGNMENT|[EXTERNAL]|this|{"insrncBnft":"0x285c9a3f","insrncBnftSelected":"","pawDetailListDisplay (4 more) ...":false,"pyAgrmntWrksht":"0x42a544d2","relatedPAWDetailsLis (1 more) ...":"0x347a31f6","targetEDR":0.00,"totalAppliedDeductib (2 more) ...":0.00,"totalCoInsurance":0.00,"totalCoPayAmt":0.00,"totalInsCoResp":0.00,"totalInsEIVAmt":0.00,"totalRowCount":0,"totalTalbottDay":0}|0x6f36937f
07:02:21.0 (66441869)|HEAP_ALLOCATE|[82]|Bytes:28
07:02:21.0 (66494429)|VARIABLE_ASSIGNMENT|[EXTERNAL]|this|{"insrncBnft":"0x285c9a3f","insrncBnftSelected":"","pawDetailListDisplay (4 more) ...":false,"pyAgrmntWrksht":"0x42a544d2","relatedPAWDetailsLis (1 more) ...":"0x347a31f6","targetEDR":0.00,"totalAppliedDeductib (2 more) ...":0.00,"totalCoInsurance":0.00,"totalCoPayAmt":0.00,"totalInsCoResp":0.00,"totalInsEIVAmt":0.00,"totalRowCount":0,"totalTalbottDay":0}|0x6f36937f
07:02:21.0 (66524915)|HEAP_ALLOCATE|[82]|Bytes:28
07:02:21.0 (66530232)|HEAP_ALLOCATE|[82]|Bytes:28
07:02:21.0 (66556221)|HEAP_ALLOCATE|[82]|Bytes:28
07:02:21.0 (66561745)|HEAP_ALLOCATE|[82]|Bytes:28
07:02:21.0 (66591509)|HEAP_ALLOCATE|[82]|Bytes:28
07:02:21.0 (66596742)|HEAP_ALLOCATE|[82]|Bytes:28
07:02:21.0 (66612822)|VARIABLE_ASSIGNMENT|[82]|coPayRemaining|0
07:02:21.0 (66618071)|STATEMENT_EXECUTE|[83]
07:02:21.0 (66672402)|VARIABLE_ASSIGNMENT|[EXTERNAL]|this|{"insrncBnft":"0x285c9a3f","insrncBnftSelected":"","pawDetailListDisplay (4 more) ...":false,"pyAgrmntWrksht":"0x42a544d2","relatedPAWDetailsLis (1 more) ...":"0x347a31f6","targetEDR":0.00,"totalAppliedDeductib (2 more) ...":0.00,"totalCoInsurance":0.00,"totalCoPayAmt":0.00,"totalInsCoResp":0.00,"totalInsEIVAmt":0.00,"totalRowCount":0,"totalTalbottDay":0}|0x6f36937f
07:02:21.0 (66713782)|HEAP_ALLOCATE|[83]|Bytes:28
07:02:21.0 (66766451)|VARIABLE_ASSIGNMENT|[EXTERNAL]|this|{"insrncBnft":"0x285c9a3f","insrncBnftSelected":"","pawDetailListDisplay (4 more) ...":false,"pyAgrmntWrksht":"0x42a544d2","relatedPAWDetailsLis (1 more) ...":"0x347a31f6","targetEDR":0.00,"totalAppliedDeductib (2 more) ...":0.00,"totalCoInsurance":0.00,"totalCoPayAmt":0.00,"totalInsCoResp":0.00,"totalInsEIVAmt":0.00,"totalRowCount":0,"totalTalbottDay":0}|0x6f36937f
07:02:21.0 (66792339)|HEAP_ALLOCATE|[83]|Bytes:28
07:02:21.0 (66797561)|HEAP_ALLOCATE|[83]|Bytes:28
07:02:21.0 (66822900)|HEAP_ALLOCATE|[83]|Bytes:28
07:02:21.0 (66828548)|HEAP_ALLOCATE|[83]|Bytes:28
07:02:21.0 (66852975)|HEAP_ALLOCATE|[83]|Bytes:28
07:02:21.0 (66858058)|HEAP_ALLOCATE|[83]|Bytes:28
07:02:21.0 (66873719)|VARIABLE_ASSIGNMENT|[83]|coPayRemaining|0
07:02:21.0 (66878921)|STATEMENT_EXECUTE|[84]
07:02:21.0 (66932806)|VARIABLE_ASSIGNMENT|[EXTERNAL]|this|{"insrncBnft":"0x285c9a3f","insrncBnftSelected":"","pawDetailListDisplay (4 more) ...":false,"pyAgrmntWrksht":"0x42a544d2","relatedPAWDetailsLis (1 more) ...":"0x347a31f6","targetEDR":0.00,"totalAppliedDeductib (2 more) ...":0.00,"totalCoInsurance":0.00,"totalCoPayAmt":0.00,"totalInsCoResp":0.00,"totalInsEIVAmt":0.00,"totalRowCount":0,"totalTalbottDay":0}|0x6f36937f
07:02:21.0 (66973848)|HEAP_ALLOCATE|[84]|Bytes:28
07:02:21.0 (67025893)|VARIABLE_ASSIGNMENT|[EXTERNAL]|this|{"insrncBnft":"0x285c9a3f","insrncBnftSelected":"","pawDetailListDisplay (4 more) ...":false,"pyAgrmntWrksht":"0x42a544d2","relatedPAWDetailsLis (1 more) ...":"0x347a31f6","targetEDR":0.00,"totalAppliedDeductib (2 more) ...":0.00,"totalCoInsurance":0.00,"totalCoPayAmt":0.00,"totalInsCoResp":0.00,"totalInsEIVAmt":0.00,"totalRowCount":0,"totalTalbottDay":0}|0x6f36937f
07:02:21.0 (67053252)|HEAP_ALLOCATE|[84]|Bytes:28
07:02:21.0 (67058247)|HEAP_ALLOCATE|[84]|Bytes:28
07:02:21.0 (67083393)|HEAP_ALLOCATE|[84]|Bytes:28
07:02:21.0 (67088877)|HEAP_ALLOCATE|[84]|Bytes:28
07:02:21.0 (67113954)|HEAP_ALLOCATE|[84]|Bytes:28
07:02:21.0 (67119015)|HEAP_ALLOCATE|[84]|Bytes:28
07:02:21.0 (67134803)|VARIABLE_ASSIGNMENT|[84]|coPayRemaining|0
07:02:21.0 (67139799)|STATEMENT_EXECUTE|[85]
07:02:21.0 (67183401)|HEAP_ALLOCATE|[85]|Bytes:28
07:02:21.0 (67190056)|HEAP_ALLOCATE|[85]|Bytes:28
07:02:21.0 (67248907)|VARIABLE_ASSIGNMENT|[EXTERNAL]|this|{"insrncBnft":"0x285c9a3f","insrncBnftSelected":"","pawDetailListDisplay (4 more) ...":false,"pyAgrmntWrksht":"0x42a544d2","relatedPAWDetailsLis (1 more) ...":"0x347a31f6","targetEDR":0.00,"totalAppliedDeductib (2 more) ...":0.00,"totalCoInsurance":0.00,"totalCoPayAmt":0.00,"totalInsCoResp":0.00,"totalInsEIVAmt":0.00,"totalRowCount":0,"totalTalbottDay":0}|0x6f36937f
07:02:21.0 (67314521)|VARIABLE_ASSIGNMENT|[85]|this.Co_Pay_Remaining__c|0.00|0x42a544d2
07:02:21.0 (67322714)|STATEMENT_EXECUTE|[86]
07:02:21.0 (67332786)|METHOD_EXIT|[13]|01p0a000004sKzT|PAWValueCalculationService.calculateWraperValues(PAW_New_EditCntrllr.WraperClass, Map<Id,Facility_Program__c>, Map<Id,Insurance_Company_Rate_Adjustment__c>, Map<Id,Insurance_Benefit__c>, Estimated_Coverage_Days__c)
07:02:21.0 (67380751)|VARIABLE_ASSIGNMENT|[13]|pWrprObj|{"insrncBnft":"0x285c9a3f","insrncBnftSelected":"","pawDetailListDisplay (4 more) ...":false,"pyAgrmntWrksht":"0x42a544d2","relatedPAWDetailsLis (1 more) ...":"0x347a31f6","targetEDR":0.00,"totalAppliedDeductib (2 more) ...":0.00,"totalCoInsurance":0.00,"totalCoPayAmt":0.00,"totalInsCoResp":0.00,"totalInsEIVAmt":0.00,"totalRowCount":0,"totalTalbottDay":0}|0x6f36937f
07:02:21.0 (67392074)|STATEMENT_EXECUTE|[18]
07:02:21.0 (67396890)|SYSTEM_MODE_EXIT|false
07:02:21.0 (67408249)|METHOD_EXIT|[421]|01p0a000004sKzO|PAWFrnFacilityService.calculateWraperValuesFRN(PAW_New_EditCntrllr.WraperClass, Map<Id,Facility_Program__c>, Map<Id,Insurance_Company_Rate_Adjustment__c>, Map<Id,Insurance_Benefit__c>, Estimated_Coverage_Days__c)
07:02:21.0 (67485657)|VARIABLE_ASSIGNMENT|[EXTERNAL]|this|{"estmtCvrgeDaysObj":"0x1c51c41d","faciltyOptions":"0x54765c6d","fcltyPrgrmOptions":"0x613b7171","idToOwnershipFacilit (4 more) ...":"0x1fa059b2","idToTypeFacilityMap":"0xdc31777","insrncBnftMap":"0x6b30a796","insrncBnftOptions":"0x513af378","isIop":false,"isTalbott":false,"meta":"0x4cca5d24","oppId":"00629000004NTeZ","pawObj":"0x59279365","ptntInsrnceOptions":"0x3108e434","ptntInsrncMap":"0x79314585","ptntInsrncObj":"0x4c41b0c1","quoteObj":"0x4a065d33","recordId":"00629000004NTeZ","rtAdjstmntOptions":"0x51468c30","showPILookup":false,"sObjectQueryStr":"","wrprObj":"0x6f36937f"}|0x5c34b3d3
07:02:21.0 (67540486)|VARIABLE_ASSIGNMENT|[EXTERNAL]|value|{"insrncBnft":"0x285c9a3f","insrncBnftSelected":"","pawDetailListDisplay (4 more) ...":false,"pyAgrmntWrksht":"0x42a544d2","relatedPAWDetailsLis (1 more) ...":"0x347a31f6","targetEDR":0.00,"totalAppliedDeductib (2 more) ...":0.00,"totalCoInsurance":0.00,"totalCoPayAmt":0.00,"totalInsCoResp":0.00,"totalInsEIVAmt":0.00,"totalRowCount":0,"totalTalbottDay":0}|0x6f36937f
07:02:21.0 (67558406)|VARIABLE_ASSIGNMENT|[30]|this.wrprObj|0x6f36937f|0x5c34b3d3
07:02:21.0 (67641895)|VARIABLE_ASSIGNMENT|[EXTERNAL]|this|{"estmtCvrgeDaysObj":"0x1c51c41d","faciltyOptions":"0x54765c6d","fcltyPrgrmOptions":"0x613b7171","idToOwnershipFacilit (4 more) ...":"0x1fa059b2","idToTypeFacilityMap":"0xdc31777","insrncBnftMap":"0x6b30a796","insrncBnftOptions":"0x513af378","isIop":false,"isTalbott":false,"meta":"0x4cca5d24","oppId":"00629000004NTeZ","pawObj":"0x59279365","ptntInsrnceOptions":"0x3108e434","ptntInsrncMap":"0x79314585","ptntInsrncObj":"0x4c41b0c1","quoteObj":"0x4a065d33","recordId":"00629000004NTeZ","rtAdjstmntOptions":"0x51468c30","showPILookup":false,"sObjectQueryStr":"","wrprObj":"0x6f36937f"}|0x5c34b3d3
07:02:21.0 (67664313)|STATEMENT_EXECUTE|[427]
07:02:21.0 (67668119)|METHOD_EXIT|[212]|01p0a000004sKzV|PAW_New_EditCntrllr.updateWraperValues()
07:02:21.78 (78549168)|SYSTEM_MODE_ENTER|true
07:02:21.78 (78611680)|HEAP_ALLOCATE|[EXTERNAL]|Bytes:8
07:02:21.78 (78621453)|VARIABLE_SCOPE_BEGIN|[88]|this|ApexPage.PageMessagesComponentController|true|false
07:02:21.78 (78645765)|VARIABLE_ASSIGNMENT|[88]|this|{}|0x67fa4bf7
07:02:21.78 (78652541)|VARIABLE_SCOPE_BEGIN|[88]|escape|Boolean|false|false
07:02:21.78 (78659837)|VARIABLE_ASSIGNMENT|[88]|escape|null
07:02:21.78 (78790438)|SYSTEM_MODE_ENTER|true
07:02:21.78 (78827113)|HEAP_ALLOCATE|[EXTERNAL]|Bytes:8
07:02:21.78 (78835484)|VARIABLE_SCOPE_BEGIN|[2]|this|ApexPage.PageMessagesComponentController|true|false
07:02:21.78 (78856497)|VARIABLE_ASSIGNMENT|[2]|this|{}|0x67fa4bf7
07:02:21.0 (79346914)|SYSTEM_MODE_ENTER|true
07:02:21.0 (79491029)|SYSTEM_MODE_ENTER|true
07:02:21.0 (79850681)|SYSTEM_MODE_ENTER|true
07:02:21.0 (84532805)|SYSTEM_MODE_ENTER|true
07:02:21.0 (84611203)|SYSTEM_MODE_ENTER|true
07:02:21.0 (92864514)|SYSTEM_MODE_ENTER|true
07:02:21.0 (92910962)|HEAP_ALLOCATE|[EXTERNAL]|Bytes:112
07:02:21.0 (92925304)|VARIABLE_SCOPE_BEGIN|[215]|this|PAW_New_EditCntrllr|true|false
07:02:21.0 (93002370)|VARIABLE_ASSIGNMENT|[215]|this|{"estmtCvrgeDaysObj":"0x1c51c41d","faciltyOptions":"0x54765c6d","fcltyPrgrmOptions":"0x613b7171","idToOwnershipFacilit (4 more) ...":"0x1fa059b2","idToTypeFacilityMap":"0xdc31777","insrncBnftMap":"0x6b30a796","insrncBnftOptions":"0x513af378","isIop":false,"isTalbott":false,"meta":"0x4cca5d24","oppId":"00629000004NTeZ","pawObj":"0x59279365","ptntInsrnceOptions":"0x3108e434","ptntInsrncMap":"0x79314585","ptntInsrncObj":"0x4c41b0c1","quoteObj":"0x4a065d33","recordId":"00629000004NTeZ","rtAdjstmntOptions":"0x51468c30","showPILookup":false,"sObjectQueryStr":"","wrprObj":"0x6f36937f"}|0x5c34b3d3
07:02:21.0 (93022319)|STATEMENT_EXECUTE|[215]
07:02:21.0 (93024274)|STATEMENT_EXECUTE|[216]
07:02:21.0 (93070244)|STATEMENT_EXECUTE|[217]
07:02:21.0 (93135826)|HEAP_ALLOCATE|[EXTERNAL]|Bytes:4
07:02:21.0 (93226602)|VARIABLE_ASSIGNMENT|[EXTERNAL]|this|{"estmtCvrgeDaysObj":"0x1c51c41d","faciltyOptions":"0x54765c6d","fcltyPrgrmOptions":"0x613b7171","idToOwnershipFacilit (4 more) ...":"0x1fa059b2","idToTypeFacilityMap":"0xdc31777","insrncBnftMap":"0x6b30a796","insrncBnftOptions":"0x513af378","isIop":false,"isTalbott":false,"meta":"0x4cca5d24","oppId":"00629000004NTeZ","pawObj":"0x59279365","ptntInsrnceOptions":"0x3108e434","ptntInsrncMap":"0x79314585","ptntInsrncObj":"0x4c41b0c1","quoteObj":"0x4a065d33","recordId":"00629000004NTeZ","rtAdjstmntOptions":"0x51468c30","showPILookup":false,"sObjectQueryStr":"","wrprObj":"0x6f36937f"}|0x5c34b3d3
07:02:21.0 (93250533)|STATEMENT_EXECUTE|[218]
07:02:21.0 (93252070)|STATEMENT_EXECUTE|[219]
07:02:21.0 (93281820)|HEAP_ALLOCATE|[219]|Bytes:4
07:02:21.0 (93291458)|HEAP_ALLOCATE|[219]|Bytes:1083
07:02:21.0 (93301428)|HEAP_ALLOCATE|[219]|Bytes:4
07:02:21.0 (93386901)|VARIABLE_ASSIGNMENT|[EXTERNAL]|this|{"estmtCvrgeDaysObj":"0x1c51c41d","faciltyOptions":"0x54765c6d","fcltyPrgrmOptions":"0x613b7171","idToOwnershipFacilit (4 more) ...":"0x1fa059b2","idToTypeFacilityMap":"0xdc31777","insrncBnftMap":"0x6b30a796","insrncBnftOptions":"0x513af378","isIop":false,"isTalbott":false,"meta":"0x4cca5d24","oppId":"00629000004NTeZ","pawObj":"0x59279365","ptntInsrnceOptions":"0x3108e434","ptntInsrncMap":"0x79314585","ptntInsrncObj":"0x4c41b0c1","quoteObj":"0x4a065d33","recordId":"00629000004NTeZ","rtAdjstmntOptions":"0x51468c30","showPILookup":false,"sObjectQueryStr":"","wrprObj":"0x6f36937f"}|0x5c34b3d3
07:02:21.0 (97432983)|SOQL_EXECUTE_BEGIN|[219]|Aggregations:0|SELECT Id, Name, RecordType.Name, Uncovered_Charges__c, Patient_Insurance__r.Accepts_Assignment_of_Benefits__c, Patient_Insurance__r.Opportunity__c, Patient_Insurance__r.Accreditation__c, Patient_Insurance__r.Insurance_Company__r.Name, PHP_Admit_Co_Payment__c, Detox_Admit_Co_Payment__c, RTC_Admit_Co_Payment__c, Deductible__c, Deductible_Met__c, IOP_Admit_Co_Payment__c, Max_Out_of_Pocket_Remaining__c, Insurance_Company_is_Out_of_Network__c, Annual_Max_Remaining__c, Deductible_Remaining__c, Detox_Pays_at__c, Detox_Over__c, RTC_Pays_at__c, Residential_Treatment_Override__c, PHP_Pays_at__c, Partial_Hospitalization_Override__c, IOP_Pays_at__c, Intensive_Outpatient_Override__c, Num_Days_Uncovered__c, Num_Days_Room__c, Uncovered_Days_Rate__c, Room_and_Board_Days_Rate__c, Uncovered_Days_Override__c, Room_and_Board_Days_Override__c, Deductible_Included_in_OOP__c, Uncovered_Days__c, Lifetime_Max__c, Lifetime_Max_Met__c, Annual_Max__c, Annual_Max_Met__c, Max_Out_of_Pocket__c, Max_Out_of_Pocket_Met__c, Co_Pay_Met__c FROM Insurance_Benefit__c WHERE Patient_Insurance__c = :tmpVar1
07:02:21.0 (112513434)|SOQL_EXECUTE_END|[219]|Rows:2
07:02:21.0 (112541471)|HEAP_ALLOCATE|[219]|Bytes:12
07:02:21.0 (112588676)|HEAP_ALLOCATE|[219]|Bytes:2986
07:02:21.0 (112648691)|HEAP_ALLOCATE|[219]|Bytes:12
07:02:21.0 (112686449)|HEAP_ALLOCATE|[219]|Bytes:108
07:02:21.0 (112700072)|HEAP_ALLOCATE|[219]|Bytes:4
07:02:21.0 (112706211)|HEAP_ALLOCATE|[219]|Bytes:108
07:02:21.0 (112712206)|HEAP_ALLOCATE|[219]|Bytes:4
07:02:21.0 (112802044)|VARIABLE_ASSIGNMENT|[219]|this.insrncBnftMap|{"a1H29000000pRTUEA2":{"Id":"a1H29000000pRTUEA2","Name":"Insurance Benefit 75 (2 more) ...","RecordTypeId":"012j00000015GS6AAM","Patient_Insurance__c":"a1b29000000lvHQAAY","PHP_Admit_Co_Payment (3 more) ...":0.00,"Deductible__c":5000.00,"Deductible_Met__c":0.00,"Max_Out_of_Pocket_Re (10 more) ...":10000.00,"Insurance_Company_is (18 more) ...":false,"Annual_Max_Remaining (3 more) ...":1000000,"Deductible_Remaining (3 more) ...":5000.00,"Detox_Pays_at__c":80.00,"RTC_Pays_at__c":80.00,"PHP_Pays_at__c":80.00,"IOP_Pays_at__c":80.00,"Uncovered_Days_Rate_ (2 more) ...":630.00,"Room_and_Board_Days_ (7 more) ...":2000.00,"Deductible_Included_ (9 more) ...":"Yes","Lifetime_Max__c":1000000.00,"Lifetime_Max_Met__c":0.00,"Annual_Max__c":1000000.00,"Annual_Max_Met__c":0.00,"Max_Out_of_Pocket__c":10000.00,"Max_Out_of_Pocket_Me (4 more) ...":0.00,"RecordType":{"Name":"In Network","Id":"012j00000015GS6AAM"},"Patient_Insurance__r":{"Opportunity__c":"00629000004NTeZAAW","Accreditation__c":"State","Insurance_Company__c":"0012900000AXSP3AAP","Id":"a1b29000000lvHQAAY","Insurance_Company__r":{"Name":"Value Options/Beacon (7 more) ...","Id":"0012900000AXSP3AAP","RecordTypeId":"012j00000015GRqAAM"}}},"a1H29000000pRTZEA2":{"Id":"a1H29000000pRTZEA2","Name":"Insurance Benefit 75 (2 more) ...","RecordTypeId":"012j00000015GS7AAM","Patient_Insurance__c":"a1b29000000lvHQAAY","PHP_Admit_Co_Payment (3 more) ...":0.00,"Deductible__c":10000.00,"Deductible_Met__c":0.00,"Max_Out_of_Pocket_Re (10 more) ...":20000.00,"Insurance_Company_is (18 more) ...":false,"Annual_Max_Remaining (3 more) ...":1000000,"Deductible_Remaining (3 more) ...":10000.00,"Detox_Pays_at__c":60.00,"RTC_Pays_at__c":60.00,"PHP_Pays_at__c":60.00,"IOP_Pays_at__c":60.00,"Uncovered_Days_Rate_ (2 more) ...":630.00,"Room_and_Board_Days_ (7 more) ...":2000.00,"Deductible_Included_ (9 more) ...":"Yes","Lifetime_Max__c":1000000.00,"Lifetime_Max_Met__c":0.00,"Annual_Max__c":1000000.00,"Annual_Max_Met__c":0.00,"Max_Out_of_Pocket__c":20000.00,"Max_Out_of_Pocket_Me (4 more) ...":0.00,"RecordType":{"Name":"Out of Network","Id":"012j00000015GS7AAM"},"Patient_Insurance__r":{"Opportunity__c":"00629000004NTeZAAW","Accreditation__c":"State","Insurance_Company__c":"0012900000AXSP3AAP","Id":"a1b29000000lvHQAAY","Insurance_Company__r":{"Name":"Value Options/Beacon (7 more) ...","Id":"0012900000AXSP3AAP","RecordTypeId":"012j00000015GRqAAM"}}}}|0x5c34b3d3
07:02:21.0 (112873948)|HEAP_ALLOCATE|[EXTERNAL]|Bytes:12
07:02:21.0 (112901723)|HEAP_ALLOCATE|[263]|Bytes:2996
07:02:21.0 (113054789)|HEAP_ALLOCATE|[263]|Bytes:5
07:02:21.0 (113073944)|HEAP_ALLOCATE|[263]|Bytes:108
07:02:21.0 (113083971)|VARIABLE_SCOPE_BEGIN|[263]|insrncBnftInstance|Insurance_Benefit__c|true|false
07:02:21.0 (113124582)|VARIABLE_ASSIGNMENT|[263]|insrncBnftInstance|{"Id":"a1H29000000pRTUEA2","Name":"Insurance Benefit 75 (2 more) ...","RecordTypeId":"012j00000015GS6AAM","Patient_Insurance__c":"a1b29000000lvHQAAY","PHP_Admit_Co_Payment (3 more) ...":0.00,"Deductible__c":5000.00,"Deductible_Met__c":0.00,"Max_Out_of_Pocket_Re (10 more) ...":10000.00,"Insurance_Company_is (18 more) ...":false,"Annual_Max_Remaining (3 more) ...":1000000,"Deductible_Remaining (3 more) ...":5000.00,"Detox_Pays_at__c":80.00,"RTC_Pays_at__c":80.00,"PHP_Pays_at__c":80.00,"IOP_Pays_at__c":80.00,"Uncovered_Days_Rate_ (2 more) ...":630.00,"Room_and_Board_Days_ (7 more) ...":2000.00,"Deductible_Included_ (9 more) ...":"Yes","Lifetime_Max__c":1000000.00,"Lifetime_Max_Met__c":0.00,"Annual_Max__c":1000000.00,"Annual_Max_Met__c":0.00,"Max_Out_of_Pocket__c":10000.00,"Max_Out_of_Pocket_Me (4 more) ...":0.00,"RecordType":{"Name":"In Network","Id":"012j00000015GS6AAM"},"Patient_Insurance__r":{"Opportunity__c":"00629000004NTeZAAW","Accreditation__c":"State","Insurance_Company__c":"0012900000AXSP3AAP","Id":"a1b29000000lvHQAAY","Insurance_Company__r":{"Name":"Value Options/Beacon (7 more) ...","Id":"0012900000AXSP3AAP","RecordTypeId":"012j00000015GRqAAM"}}}|0x71f7053
07:02:21.0 (113146344)|STATEMENT_EXECUTE|[263]
07:02:21.0 (113147959)|STATEMENT_EXECUTE|[264]
07:02:21.0 (113193442)|HEAP_ALLOCATE|[264]|Bytes:18
07:02:21.0 (113266128)|HEAP_ALLOCATE|[264]|Bytes:3
07:02:21.0 (113298083)|HEAP_ALLOCATE|[264]|Bytes:35
07:02:21.0 (113357202)|HEAP_ALLOCATE|[EXTERNAL]|Bytes:4
07:02:21.0 (113377005)|HEAP_ALLOCATE|[263]|Bytes:5
07:02:21.0 (113390386)|HEAP_ALLOCATE|[263]|Bytes:108
07:02:21.0 (113399160)|VARIABLE_SCOPE_BEGIN|[263]|insrncBnftInstance|Insurance_Benefit__c|true|false
07:02:21.0 (113438058)|VARIABLE_ASSIGNMENT|[263]|insrncBnftInstance|{"Id":"a1H29000000pRTZEA2","Name":"Insurance Benefit 75 (2 more) ...","RecordTypeId":"012j00000015GS7AAM","Patient_Insurance__c":"a1b29000000lvHQAAY","PHP_Admit_Co_Payment (3 more) ...":0.00,"Deductible__c":10000.00,"Deductible_Met__c":0.00,"Max_Out_of_Pocket_Re (10 more) ...":20000.00,"Insurance_Company_is (18 more) ...":false,"Annual_Max_Remaining (3 more) ...":1000000,"Deductible_Remaining (3 more) ...":10000.00,"Detox_Pays_at__c":60.00,"RTC_Pays_at__c":60.00,"PHP_Pays_at__c":60.00,"IOP_Pays_at__c":60.00,"Uncovered_Days_Rate_ (2 more) ...":630.00,"Room_and_Board_Days_ (7 more) ...":2000.00,"Deductible_Included_ (9 more) ...":"Yes","Lifetime_Max__c":1000000.00,"Lifetime_Max_Met__c":0.00,"Annual_Max__c":1000000.00,"Annual_Max_Met__c":0.00,"Max_Out_of_Pocket__c":20000.00,"Max_Out_of_Pocket_Me (4 more) ...":0.00,"RecordType":{"Name":"Out of Network","Id":"012j00000015GS7AAM"},"Patient_Insurance__r":{"Opportunity__c":"00629000004NTeZAAW","Accreditation__c":"State","Insurance_Company__c":"0012900000AXSP3AAP","Id":"a1b29000000lvHQAAY","Insurance_Company__r":{"Name":"Value Options/Beacon (7 more) ...","Id":"0012900000AXSP3AAP","RecordTypeId":"012j00000015GRqAAM"}}}|0x4a9fa29f
07:02:21.0 (113457912)|STATEMENT_EXECUTE|[263]
07:02:21.0 (113459286)|STATEMENT_EXECUTE|[264]
07:02:21.0 (113478519)|HEAP_ALLOCATE|[264]|Bytes:18
07:02:21.0 (113505937)|HEAP_ALLOCATE|[264]|Bytes:39
07:02:21.0 (113528151)|HEAP_ALLOCATE|[EXTERNAL]|Bytes:4
07:02:21.0 (113543186)|HEAP_ALLOCATE|[263]|Bytes:5
07:02:21.0 (113557438)|VARIABLE_ASSIGNMENT|[263]|insrncBnftInstance|null|
07:02:21.0 (113654753)|VARIABLE_ASSIGNMENT|[EXTERNAL]|this|{"estmtCvrgeDaysObj":"0x1c51c41d","faciltyOptions":"0x54765c6d","fcltyPrgrmOptions":"0x613b7171","idToOwnershipFacilit (4 more) ...":"0x1fa059b2","idToTypeFacilityMap":"0xdc31777","insrncBnftMap":"0x49899e0a","insrncBnftOptions":"0x513af378","isIop":false,"isTalbott":false,"meta":"0x4cca5d24","oppId":"00629000004NTeZ","pawObj":"0x59279365","ptntInsrnceOptions":"0x3108e434","ptntInsrncMap":"0x79314585","ptntInsrncObj":"0x4c41b0c1","quoteObj":"0x4a065d33","recordId":"00629000004NTeZ","rtAdjstmntOptions":"0x51468c30","showPILookup":false,"sObjectQueryStr":"","wrprObj":"0x6f36937f"}|0x5c34b3d3
07:02:21.0 (113735452)|VARIABLE_ASSIGNMENT|[EXTERNAL]|this|{"insrncBnft":"0x285c9a3f","insrncBnftSelected":"","pawDetailListDisplay (4 more) ...":false,"pyAgrmntWrksht":"0x42a544d2","relatedPAWDetailsLis (1 more) ...":"0x347a31f6","targetEDR":0.00,"totalAppliedDeductib (2 more) ...":0.00,"totalCoInsurance":0.00,"totalCoPayAmt":0.00,"totalInsCoResp":0.00,"totalInsEIVAmt":0.00,"totalRowCount":0,"totalTalbottDay":0}|0x6f36937f
07:02:21.0 (113808861)|VARIABLE_ASSIGNMENT|[EXTERNAL]|this|{"estmtCvrgeDaysObj":"0x1c51c41d","faciltyOptions":"0x54765c6d","fcltyPrgrmOptions":"0x613b7171","idToOwnershipFacilit (4 more) ...":"0x1fa059b2","idToTypeFacilityMap":"0xdc31777","insrncBnftMap":"0x49899e0a","insrncBnftOptions":"0x513af378","isIop":false,"isTalbott":false,"meta":"0x4cca5d24","oppId":"00629000004NTeZ","pawObj":"0x59279365","ptntInsrnceOptions":"0x3108e434","ptntInsrncMap":"0x79314585","ptntInsrncObj":"0x4c41b0c1","quoteObj":"0x4a065d33","recordId":"00629000004NTeZ","rtAdjstmntOptions":"0x51468c30","showPILookup":false,"sObjectQueryStr":"","wrprObj":"0x6f36937f"}|0x5c34b3d3
07:02:21.0 (113870540)|VARIABLE_ASSIGNMENT|[EXTERNAL]|this|{"insrncBnft":"0x285c9a3f","insrncBnftSelected":"","pawDetailListDisplay (4 more) ...":false,"pyAgrmntWrksht":"0x42a544d2","relatedPAWDetailsLis (1 more) ...":"0x347a31f6","targetEDR":0.00,"totalAppliedDeductib (2 more) ...":0.00,"totalCoInsurance":0.00,"totalCoPayAmt":0.00,"totalInsCoResp":0.00,"totalInsEIVAmt":0.00,"totalRowCount":0,"totalTalbottDay":0}|0x6f36937f
07:02:21.0 (113895920)|STATEMENT_EXECUTE|[269]
07:02:21.0 (113897814)|STATEMENT_EXECUTE|[270]
07:02:21.0 (113965849)|VARIABLE_ASSIGNMENT|[EXTERNAL]|this|{"estmtCvrgeDaysObj":"0x1c51c41d","faciltyOptions":"0x54765c6d","fcltyPrgrmOptions":"0x613b7171","idToOwnershipFacilit (4 more) ...":"0x1fa059b2","idToTypeFacilityMap":"0xdc31777","insrncBnftMap":"0x49899e0a","insrncBnftOptions":"0x513af378","isIop":false,"isTalbott":false,"meta":"0x4cca5d24","oppId":"00629000004NTeZ","pawObj":"0x59279365","ptntInsrnceOptions":"0x3108e434","ptntInsrncMap":"0x79314585","ptntInsrncObj":"0x4c41b0c1","quoteObj":"0x4a065d33","recordId":"00629000004NTeZ","rtAdjstmntOptions":"0x51468c30","showPILookup":false,"sObjectQueryStr":"","wrprObj":"0x6f36937f"}|0x5c34b3d3
07:02:21.0 (114029398)|VARIABLE_ASSIGNMENT|[EXTERNAL]|this|{"insrncBnft":"0x285c9a3f","insrncBnftSelected":"","pawDetailListDisplay (4 more) ...":false,"pyAgrmntWrksht":"0x42a544d2","relatedPAWDetailsLis (1 more) ...":"0x347a31f6","targetEDR":0.00,"totalAppliedDeductib (2 more) ...":0.00,"totalCoInsurance":0.00,"totalCoPayAmt":0.00,"totalInsCoResp":0.00,"totalInsEIVAmt":0.00,"totalRowCount":0,"totalTalbottDay":0}|0x6f36937f
07:02:21.0 (114042716)|VARIABLE_ASSIGNMENT|[EXTERNAL]|value|null|
07:02:21.0 (114052777)|VARIABLE_ASSIGNMENT|[524]|this.insrncBnft|null|0x6f36937f
07:02:21.0 (114062790)|STATEMENT_EXECUTE|[272]
07:02:21.0 (115126264)|SYSTEM_MODE_ENTER|true
07:02:21.0 (115437243)|SYSTEM_MODE_ENTER|true
07:02:21.0 (115483512)|HEAP_ALLOCATE|[EXTERNAL]|Bytes:112
07:02:21.0 (115493982)|VARIABLE_SCOPE_BEGIN|[379]|this|PAW_New_EditCntrllr|true|false
07:02:21.0 (115564868)|VARIABLE_ASSIGNMENT|[379]|this|{"estmtCvrgeDaysObj":"0x1c51c41d","faciltyOptions":"0x54765c6d","fcltyPrgrmOptions":"0x613b7171","idToOwnershipFacilit (4 more) ...":"0x1fa059b2","idToTypeFacilityMap":"0xdc31777","insrncBnftMap":"0x49899e0a","insrncBnftOptions":"0x513af378","isIop":false,"isTalbott":false,"meta":"0x4cca5d24","oppId":"00629000004NTeZ","pawObj":"0x59279365","ptntInsrnceOptions":"0x3108e434","ptntInsrncMap":"0x79314585","ptntInsrncObj":"0x4c41b0c1","quoteObj":"0x4a065d33","recordId":"00629000004NTeZ","rtAdjstmntOptions":"0x51468c30","showPILookup":false,"sObjectQueryStr":"","wrprObj":"0x6f36937f"}|0x5c34b3d3
07:02:21.0 (115583105)|STATEMENT_EXECUTE|[379]
07:02:21.0 (115584671)|STATEMENT_EXECUTE|[380]
07:02:21.0 (115596104)|HEAP_ALLOCATE|[380]|Bytes:4
07:02:21.0 (115646233)|HEAP_ALLOCATE|[EXTERNAL]|Bytes:4
07:02:21.0 (115660941)|VARIABLE_ASSIGNMENT|[380]|this.rtAdjstmntOptions|[]|0x5c34b3d3
07:02:21.0 (115666957)|STATEMENT_EXECUTE|[381]
07:02:21.0 (115673974)|HEAP_ALLOCATE|[381]|Bytes:8
07:02:21.0 (115723159)|HEAP_ALLOCATE|[EXTERNAL]|Bytes:4
07:02:21.0 (115805133)|VARIABLE_ASSIGNMENT|[EXTERNAL]|this|{"estmtCvrgeDaysObj":"0x1c51c41d","faciltyOptions":"0x54765c6d","fcltyPrgrmOptions":"0x613b7171","idToOwnershipFacilit (4 more) ...":"0x1fa059b2","idToTypeFacilityMap":"0xdc31777","insrncBnftMap":"0x49899e0a","insrncBnftOptions":"0x513af378","isIop":false,"isTalbott":false,"meta":"0x4cca5d24","oppId":"00629000004NTeZ","pawObj":"0x59279365","ptntInsrnceOptions":"0x3108e434","ptntInsrncMap":"0x79314585","ptntInsrncObj":"0x4c41b0c1","quoteObj":"0x4a065d33","recordId":"00629000004NTeZ","rtAdjstmntOptions":"0x66db71af","showPILookup":false,"sObjectQueryStr":"","wrprObj":"0x6f36937f"}|0x5c34b3d3
07:02:21.0 (115875609)|VARIABLE_ASSIGNMENT|[EXTERNAL]|this|{"insrncBnftSelected":"","pawDetailListDisplay (4 more) ...":false,"pyAgrmntWrksht":"0x42a544d2","relatedPAWDetailsLis (1 more) ...":"0x347a31f6","targetEDR":0.00,"totalAppliedDeductib (2 more) ...":0.00,"totalCoInsurance":0.00,"totalCoPayAmt":0.00,"totalInsCoResp":0.00,"totalInsEIVAmt":0.00,"totalRowCount":0,"totalTalbottDay":0}|0x6f36937f
07:02:21.0 (115894644)|STATEMENT_EXECUTE|[382]
07:02:21.0 (115896507)|STATEMENT_EXECUTE|[400]
07:02:21.0 (116266015)|SYSTEM_MODE_ENTER|true
07:02:21.0 (125310279)|VF_SERIALIZE_VIEWSTATE_BEGIN|0660a0000009uTC
07:02:21.0 (132982095)|VF_SERIALIZE_VIEWSTATE_END
07:02:21.142 (142329721)|CUMULATIVE_LIMIT_USAGE
07:02:21.142 (142329721)|LIMIT_USAGE_FOR_NS|(default)|
  Number of SOQL queries: 2 out of 100
  Number of query rows: 6 out of 50000
  Number of SOSL queries: 0 out of 20
  Number of DML statements: 0 out of 150
  Number of DML rows: 0 out of 10000
  Maximum CPU time: 0 out of 10000
  Maximum heap size: 0 out of 6000000
  Number of callouts: 0 out of 100
  Number of Email Invocations: 0 out of 10
  Number of future calls: 0 out of 50
  Number of queueable jobs added to the queue: 0 out of 50
  Number of Mobile Apex push calls: 0 out of 10

07:02:21.142 (142329721)|CUMULATIVE_LIMIT_USAGE_END

07:02:21.0 (142376205)|CODE_UNIT_FINISHED|VF: /apex/PAW_New_Edit
07:02:21.0 (143161075)|EXECUTION_FINISHED
