40.0 APEX_CODE,FINEST;APEX_PROFILING,INFO;CALLOUT,INFO;DB,INFO;SYSTEM,DEBUG;VALIDATION,INFO;VISUALFORCE,INFO;WAVE,INFO;WORKFLOW,FINER
01:13:33.0 (380723)|USER_INFO|[EXTERNAL]|00529000000zYiy|bhakti.gujrathi@eternussolutions.com.frnstgng|Central Standard Time|GMT-06:00
01:13:33.0 (436571)|EXECUTION_STARTED
01:13:33.0 (442331)|CODE_UNIT_STARTED|[EXTERNAL]|01p0a000004sKkr|CCPullTripFromConcurAndSF-2/2/2018 1:08 AM
01:13:33.0 (1721280)|VARIABLE_SCOPE_BEGIN|[4]|CCPullTripFromConcurAndSF.accessToken|String|false|true
01:13:33.0 (1742636)|VARIABLE_SCOPE_BEGIN|[8]|CCPullTripFromConcurAndSF.lstApxlog|List<Apex_Debug_log__c>|true|true
01:13:33.0 (6059827)|HEAP_ALLOCATE|[72]|Bytes:3
01:13:33.0 (6112089)|HEAP_ALLOCATE|[77]|Bytes:152
01:13:33.0 (6135205)|HEAP_ALLOCATE|[342]|Bytes:408
01:13:33.0 (6159369)|HEAP_ALLOCATE|[355]|Bytes:408
01:13:33.0 (6182002)|HEAP_ALLOCATE|[467]|Bytes:48
01:13:33.0 (6215725)|HEAP_ALLOCATE|[139]|Bytes:6
01:13:33.0 (6243310)|HEAP_ALLOCATE|[EXTERNAL]|Bytes:3
01:13:33.0 (6270249)|SYSTEM_METHOD_ENTRY|[1]|SchedulableContextImpl.SchedulableContextImpl()
01:13:33.0 (6280903)|STATEMENT_EXECUTE|[1]
01:13:33.0 (6292152)|SYSTEM_METHOD_EXIT|[1]|SchedulableContextImpl
01:13:33.0 (6301346)|HEAP_ALLOCATE|[EXTERNAL]|Bytes:8
01:13:33.0 (6307322)|HEAP_ALLOCATE|[EXTERNAL]|Bytes:4
01:13:33.0 (6319330)|VARIABLE_SCOPE_BEGIN|[4]|this|System.SchedulableContextImpl|true|false
01:13:33.0 (6444696)|VARIABLE_ASSIGNMENT|[4]|this|{}|0x75c39fa5
01:13:33.0 (6457475)|VARIABLE_SCOPE_BEGIN|[4]|triggerId|Id|false|false
01:13:33.0 (6614367)|VARIABLE_ASSIGNMENT|[4]|triggerId|"08e290000070CaxAAE"
01:13:33.0 (7178709)|HEAP_ALLOCATE|[EXTERNAL]|Bytes:11
01:13:33.0 (7531524)|METHOD_ENTRY|[1]|01p0a000004sKkr|CCPullTripFromConcurAndSF.CCPullTripFromConcurAndSF()
01:13:33.0 (7542597)|STATEMENT_EXECUTE|[1]
01:13:33.0 (7549530)|STATEMENT_EXECUTE|[1]
01:13:33.0 (7551109)|STATEMENT_EXECUTE|[8]
01:13:33.0 (7586332)|HEAP_ALLOCATE|[8]|Bytes:4
01:13:33.0 (7684121)|HEAP_ALLOCATE|[EXTERNAL]|Bytes:4
01:13:33.0 (7712354)|VARIABLE_ASSIGNMENT|[8]|CCPullTripFromConcurAndSF.lstApxlog|[]|0x17480810
01:13:33.0 (7725000)|METHOD_EXIT|[1]|CCPullTripFromConcurAndSF
01:13:33.0 (7735743)|HEAP_ALLOCATE|[EXTERNAL]|Bytes:4
01:13:33.0 (7741585)|HEAP_ALLOCATE|[EXTERNAL]|Bytes:8
01:13:33.0 (7749844)|VARIABLE_SCOPE_BEGIN|[39]|this|CCPullTripFromConcurAndSF|true|false
01:13:33.0 (7772030)|VARIABLE_ASSIGNMENT|[39]|this|{}|0x6ec44635
01:13:33.0 (7781500)|VARIABLE_SCOPE_BEGIN|[39]|ctx|System.SchedulableContext|true|false
01:13:33.0 (7870563)|VARIABLE_ASSIGNMENT|[39]|ctx|{"triggerId":"08e290000070CaxAAE"}|0x75c39fa5
01:13:33.0 (7901646)|STATEMENT_EXECUTE|[40]
01:13:33.0 (7904938)|STATEMENT_EXECUTE|[42]
01:13:33.0 (7909608)|HEAP_ALLOCATE|[42]|Bytes:25
01:13:33.0 (7918379)|HEAP_ALLOCATE|[42]|Bytes:30
01:13:33.0 (7936659)|HEAP_ALLOCATE|[42]|Bytes:4
01:13:33.0 (7979965)|HEAP_ALLOCATE|[42]|Bytes:4
01:13:33.0 (8010571)|HEAP_ALLOCATE|[50]|Bytes:5
01:13:33.0 (8031582)|HEAP_ALLOCATE|[56]|Bytes:5
01:13:33.0 (8045412)|HEAP_ALLOCATE|[64]|Bytes:7
01:13:33.0 (8093197)|HEAP_ALLOCATE|[EXTERNAL]|Bytes:4
01:13:33.0 (8110840)|HEAP_ALLOCATE|[EXTERNAL]|Bytes:4
01:13:33.24 (24635126)|CUMULATIVE_LIMIT_USAGE
01:13:33.24 (24635126)|LIMIT_USAGE_FOR_NS|(default)|
  Number of SOQL queries: 0 out of 100
  Number of query rows: 0 out of 50000
  Number of SOSL queries: 0 out of 20
  Number of DML statements: 0 out of 150
  Number of DML rows: 0 out of 10000
  Maximum CPU time: 0 out of 10000
  Maximum heap size: 0 out of 6000000
  Number of callouts: 0 out of 100
  Number of Email Invocations: 0 out of 10
  Number of future calls: 1 out of 50
  Number of queueable jobs added to the queue: 0 out of 50
  Number of Mobile Apex push calls: 0 out of 10

01:13:33.24 (24635126)|CUMULATIVE_LIMIT_USAGE_END

01:13:33.0 (24689098)|CODE_UNIT_FINISHED|CCPullTripFromConcurAndSF-2/2/2018 1:08 AM
01:13:33.0 (25523342)|EXECUTION_FINISHED
