37.0 APEX_CODE,FINEST;APEX_PROFILING,INFO;CALLOUT,INFO;DB,INFO;SYSTEM,DEBUG;VALIDATION,INFO;VISUALFORCE,INFO;WAVE,INFO;WORKFLOW,FINER
08:20:40.0 (268764)|USER_INFO|[EXTERNAL]|00529000000zYiy|bhakti.gujrathi@eternussolutions.com.frnstgng|Central Standard Time|GMT-06:00
08:20:40.0 (303417)|EXECUTION_STARTED
08:20:40.0 (307086)|CODE_UNIT_STARTED|[EXTERNAL]|0660a0000009uTC|VF: /apex/PAW_New_Edit
08:20:40.0 (1845464)|SYSTEM_MODE_ENTER|true
08:20:40.0 (2060752)|VARIABLE_SCOPE_BEGIN|[35]|PAW_New_EditCntrllr.globalSchemaMap|Map<String,Schema.SObjectType>|true|true
08:20:40.0 (2074521)|VARIABLE_SCOPE_BEGIN|[3]|PAW_New_EditCntrllr.yearEndMode|Boolean|false|true
08:20:40.0 (2242715)|HEAP_ALLOCATE|[72]|Bytes:3
08:20:40.0 (2282924)|HEAP_ALLOCATE|[77]|Bytes:152
08:20:40.0 (2298354)|HEAP_ALLOCATE|[342]|Bytes:408
08:20:40.0 (2313134)|HEAP_ALLOCATE|[355]|Bytes:408
08:20:40.0 (2325841)|HEAP_ALLOCATE|[467]|Bytes:48
08:20:40.0 (2355306)|HEAP_ALLOCATE|[139]|Bytes:6
08:20:40.0 (2371367)|HEAP_ALLOCATE|[EXTERNAL]|Bytes:11
08:20:40.0 (2378292)|HEAP_ALLOCATE|[EXTERNAL]|Bytes:304
08:20:40.0 (2382435)|HEAP_ALLOCATE|[EXTERNAL]|Bytes:98
08:20:40.0 (2386228)|HEAP_ALLOCATE|[EXTERNAL]|Bytes:14
08:20:40.0 (2402391)|METHOD_ENTRY|[1]|01p0a000004sKzV|PAW_New_EditCntrllr.PAW_New_EditCntrllr()
08:20:40.0 (2408178)|STATEMENT_EXECUTE|[1]
08:20:40.0 (2413904)|STATEMENT_EXECUTE|[1]
08:20:40.0 (2415265)|STATEMENT_EXECUTE|[3]
08:20:40.0 (5125014)|VARIABLE_SCOPE_BEGIN|[3]|PAW_YearEnd_Config.setting|Year_End_PAW_Settings__c|true|true
08:20:40.0 (5144578)|HEAP_ALLOCATE|[3]|Bytes:1
08:20:40.0 (5152091)|HEAP_ALLOCATE|[3]|Bytes:1
08:20:40.0 (5227984)|METHOD_ENTRY|[1]|01p29000000Aswf|PAW_YearEnd_Config.PAW_YearEnd_Config()
08:20:40.0 (5233678)|STATEMENT_EXECUTE|[1]
08:20:40.0 (5237018)|STATEMENT_EXECUTE|[1]
08:20:40.0 (5266384)|HEAP_ALLOCATE|[50]|Bytes:5
08:20:40.0 (5290097)|HEAP_ALLOCATE|[56]|Bytes:5
08:20:40.0 (5297771)|HEAP_ALLOCATE|[64]|Bytes:7
08:20:40.0 (5643319)|SYSTEM_MODE_ENTER|false
08:20:40.0 (5659835)|HEAP_ALLOCATE|[3]|Bytes:5
08:20:40.0 (5668449)|SYSTEM_MODE_EXIT|false
08:20:40.0 (5677995)|METHOD_EXIT|[1]|PAW_YearEnd_Config
08:20:40.0 (5690856)|METHOD_ENTRY|[3]|01p29000000Aswf|PAW_YearEnd_Config.fetch()
08:20:40.0 (5724829)|SYSTEM_MODE_ENTER|false
08:20:40.0 (5730223)|HEAP_ALLOCATE|[6]|Bytes:5
08:20:40.0 (5734568)|STATEMENT_EXECUTE|[5]
08:20:40.0 (5738985)|STATEMENT_EXECUTE|[7]
08:20:40.0 (7215517)|HEAP_ALLOCATE|[7]|Bytes:20
08:20:40.0 (7271025)|VARIABLE_ASSIGNMENT|[7]|PAW_YearEnd_Config.setting|{"IsDeleted":false,"Name":"Year End PAW Setting (11 more) ...","SetupOwnerId":"00529000000zYiyAAE","Year_End_Mode_Enable (4 more) ...":false}|0x108a9b7e
08:20:40.0 (7279955)|STATEMENT_EXECUTE|[9]
08:20:40.0 (7283075)|HEAP_ALLOCATE|[9]|Bytes:14
08:20:40.0 (7445015)|HEAP_ALLOCATE|[9]|Bytes:145
08:20:40.0 (7470639)|HEAP_ALLOCATE|[9]|Bytes:159
08:20:40.0 (7493712)|USER_DEBUG|[9]|DEBUG|>>> setting : Year_End_PAW_Settings__c:{IsDeleted=false, Name=Year End PAW Settings (Profile), SetupOwnerId=00529000000zYiyAAE, Year_End_Mode_Enabled__c=false}
08:20:40.0 (7502238)|STATEMENT_EXECUTE|[10]
08:20:40.0 (7508250)|SYSTEM_MODE_EXIT|false
08:20:40.0 (7517752)|METHOD_EXIT|[3]|01p29000000Aswf|PAW_YearEnd_Config.fetch()
08:20:40.0 (7569534)|VARIABLE_ASSIGNMENT|[3]|PAW_New_EditCntrllr.yearEndMode|false
08:20:40.0 (7577831)|STATEMENT_EXECUTE|[523]
08:20:40.0 (7585433)|METHOD_EXIT|[1]|PAW_New_EditCntrllr
08:20:40.0 (7593731)|HEAP_ALLOCATE|[EXTERNAL]|Bytes:112
08:20:40.0 (7601396)|VARIABLE_SCOPE_BEGIN|[41]|this|PAW_New_EditCntrllr|true|false
08:20:40.0 (7661995)|VARIABLE_ASSIGNMENT|[41]|this|{}|0x613b2e3a
08:20:40.0 (7669878)|STATEMENT_EXECUTE|[1]
08:20:40.0 (7671092)|STATEMENT_EXECUTE|[7]
08:20:40.0 (7671954)|STATEMENT_EXECUTE|[8]
08:20:40.0 (7672740)|STATEMENT_EXECUTE|[9]
08:20:40.0 (7673534)|STATEMENT_EXECUTE|[10]
08:20:40.0 (7674453)|STATEMENT_EXECUTE|[11]
08:20:40.0 (7685921)|VARIABLE_ASSIGNMENT|[11]|this.oppId|""|0x613b2e3a
08:20:40.0 (7690504)|STATEMENT_EXECUTE|[12]
08:20:40.0 (7691453)|STATEMENT_EXECUTE|[13]
08:20:40.0 (7692366)|STATEMENT_EXECUTE|[14]
08:20:40.0 (7693163)|STATEMENT_EXECUTE|[15]
08:20:40.0 (7694057)|STATEMENT_EXECUTE|[16]
08:20:40.0 (7694883)|STATEMENT_EXECUTE|[18]
08:20:40.0 (7695661)|STATEMENT_EXECUTE|[19]
08:20:40.0 (7696443)|STATEMENT_EXECUTE|[20]
08:20:40.0 (7697333)|STATEMENT_EXECUTE|[21]
08:20:40.0 (7698261)|STATEMENT_EXECUTE|[22]
08:20:40.0 (7699042)|STATEMENT_EXECUTE|[23]
08:20:40.0 (7699938)|STATEMENT_EXECUTE|[24]
08:20:40.0 (7700722)|STATEMENT_EXECUTE|[25]
08:20:40.0 (7701509)|STATEMENT_EXECUTE|[26]
08:20:40.0 (7702392)|STATEMENT_EXECUTE|[27]
08:20:40.0 (7703174)|STATEMENT_EXECUTE|[28]
08:20:40.0 (7704054)|STATEMENT_EXECUTE|[30]
08:20:40.0 (7704832)|STATEMENT_EXECUTE|[31]
08:20:40.0 (7705717)|STATEMENT_EXECUTE|[32]
08:20:40.0 (7706498)|STATEMENT_EXECUTE|[33]
08:20:40.0 (7707396)|STATEMENT_EXECUTE|[37]
08:20:40.0 (7708176)|STATEMENT_EXECUTE|[38]
08:20:40.0 (7714777)|HEAP_ALLOCATE|[11]|Bytes:6
08:20:40.0 (7746951)|STATEMENT_EXECUTE|[41]
08:20:40.0 (7748733)|STATEMENT_EXECUTE|[44]
08:20:40.0 (52165071)|HEAP_ALLOCATE|[44]|Bytes:2408
08:20:40.0 (52588378)|VARIABLE_ASSIGNMENT|[44]|PAW_New_EditCntrllr.globalSchemaMap|"{abused_substance__c=Abused_Substance__c, abused_substance__feed=Abused_Substance__Feed, abused_substance__history=Abused_Substance__History, acceptedeventrelation=AcceptedEventRelation, account=Account, account_review__c=Account_Review__c, account_review__history=Account_Review__History, account_satisfaction_survey__c=Account_Satisfaction_Survey__c, accountcontactrole=AccountContactRole, accountfeed=AccountFeed, ...}"|0x254be4e
08:20:40.0 (52604345)|STATEMENT_EXECUTE|[45]
08:20:40.0 (52755228)|VARIABLE_ASSIGNMENT|[EXTERNAL]|this|{"oppId":""}|0x613b2e3a
08:20:40.0 (52769945)|VARIABLE_ASSIGNMENT|[EXTERNAL]|value|false
08:20:40.0 (52777988)|HEAP_ALLOCATE|[32]|Bytes:5
08:20:40.0 (52790604)|VARIABLE_ASSIGNMENT|[32]|this.isTalbott|false|0x613b2e3a
08:20:40.0 (52800038)|STATEMENT_EXECUTE|[46]
08:20:40.0 (52858235)|VARIABLE_ASSIGNMENT|[EXTERNAL]|this|{"isTalbott":false,"oppId":""}|0x613b2e3a
08:20:40.0 (52867308)|VARIABLE_ASSIGNMENT|[EXTERNAL]|value|false
08:20:40.0 (52872698)|HEAP_ALLOCATE|[33]|Bytes:5
08:20:40.0 (52879312)|VARIABLE_ASSIGNMENT|[33]|this.isIop|false|0x613b2e3a
08:20:40.0 (52886108)|STATEMENT_EXECUTE|[47]
08:20:40.0 (52893411)|VARIABLE_ASSIGNMENT|[47]|this.sObjectQueryStr|""|0x613b2e3a
08:20:40.0 (52897981)|STATEMENT_EXECUTE|[48]
08:20:40.0 (52947331)|HEAP_ALLOCATE|[48]|Bytes:4
08:20:40.0 (53064826)|VARIABLE_ASSIGNMENT|[48]|this.quoteObj|{}|0x613b2e3a
08:20:40.0 (53074864)|STATEMENT_EXECUTE|[49]
08:20:40.0 (53161074)|HEAP_ALLOCATE|[49]|Bytes:476
08:20:40.0 (53168735)|HEAP_ALLOCATE|[49]|Bytes:71
08:20:40.0 (53178414)|HEAP_ALLOCATE|[49]|Bytes:84
08:20:40.0 (53190739)|CONSTRUCTOR_ENTRY|[49]|01p0a000004sKzV|<init>()
08:20:40.0 (53215263)|VARIABLE_SCOPE_BEGIN|[545]|this|PAW_New_EditCntrllr.WraperClass|true|false
08:20:40.0 (53254075)|VARIABLE_ASSIGNMENT|[545]|this|{}|0x734cd23f
08:20:40.0 (53260587)|STATEMENT_EXECUTE|[523]
08:20:40.0 (53261806)|STATEMENT_EXECUTE|[524]
08:20:40.0 (53263242)|STATEMENT_EXECUTE|[525]
08:20:40.0 (53264167)|STATEMENT_EXECUTE|[526]
08:20:40.0 (53265271)|STATEMENT_EXECUTE|[527]
08:20:40.0 (53266062)|STATEMENT_EXECUTE|[528]
08:20:40.0 (53267122)|STATEMENT_EXECUTE|[529]
08:20:40.0 (53267902)|STATEMENT_EXECUTE|[530]
08:20:40.0 (53268692)|STATEMENT_EXECUTE|[531]
08:20:40.0 (53269596)|STATEMENT_EXECUTE|[532]
08:20:40.0 (53270393)|STATEMENT_EXECUTE|[533]
08:20:40.0 (53271177)|STATEMENT_EXECUTE|[534]
08:20:40.0 (53271967)|STATEMENT_EXECUTE|[535]
08:20:40.0 (53273204)|STATEMENT_EXECUTE|[536]
08:20:40.0 (53273986)|STATEMENT_EXECUTE|[537]
08:20:40.0 (53275016)|STATEMENT_EXECUTE|[538]
08:20:40.0 (53275803)|STATEMENT_EXECUTE|[539]
08:20:40.0 (53276705)|STATEMENT_EXECUTE|[540]
08:20:40.0 (53277496)|STATEMENT_EXECUTE|[541]
08:20:40.0 (53278372)|STATEMENT_EXECUTE|[542]
08:20:40.0 (53279152)|STATEMENT_EXECUTE|[543]
08:20:40.0 (53293237)|STATEMENT_EXECUTE|[545]
08:20:40.0 (53294475)|STATEMENT_EXECUTE|[546]
08:20:40.0 (53326183)|HEAP_ALLOCATE|[546]|Bytes:4
08:20:40.0 (53483042)|VARIABLE_ASSIGNMENT|[EXTERNAL]|this|{}|0x734cd23f
08:20:40.0 (53499317)|VARIABLE_ASSIGNMENT|[EXTERNAL]|value|{}|0x1914e603
08:20:40.0 (53514158)|VARIABLE_ASSIGNMENT|[524]|this.pyAgrmntWrksht|{}|0x734cd23f
08:20:40.0 (53527904)|STATEMENT_EXECUTE|[547]
08:20:40.0 (53559104)|HEAP_ALLOCATE|[547]|Bytes:4
08:20:40.0 (53662202)|VARIABLE_ASSIGNMENT|[EXTERNAL]|this|{"pyAgrmntWrksht":"0x1914e603"}|0x734cd23f
08:20:40.0 (53671952)|VARIABLE_ASSIGNMENT|[EXTERNAL]|value|{}|0x20e1a907
08:20:40.0 (53681124)|VARIABLE_ASSIGNMENT|[525]|this.insrncBnft|{}|0x734cd23f
08:20:40.0 (53689006)|STATEMENT_EXECUTE|[548]
08:20:40.0 (53734141)|VARIABLE_ASSIGNMENT|[EXTERNAL]|this|{"insrncBnft":"0x20e1a907","pyAgrmntWrksht":"0x1914e603"}|0x734cd23f
08:20:40.0 (53741842)|VARIABLE_ASSIGNMENT|[EXTERNAL]|value|""
08:20:40.0 (53748659)|VARIABLE_ASSIGNMENT|[526]|this.insrncBnftSelected|""|0x734cd23f
08:20:40.0 (53755450)|STATEMENT_EXECUTE|[549]
08:20:40.0 (53797303)|VARIABLE_ASSIGNMENT|[EXTERNAL]|this|{"insrncBnft":"0x20e1a907","insrncBnftSelected":"","pyAgrmntWrksht":"0x1914e603"}|0x734cd23f
08:20:40.0 (53804781)|VARIABLE_ASSIGNMENT|[EXTERNAL]|value|""
08:20:40.0 (53811029)|VARIABLE_ASSIGNMENT|[527]|this.facilitySelected|""|0x734cd23f
08:20:40.0 (53817237)|STATEMENT_EXECUTE|[550]
08:20:40.0 (53858524)|VARIABLE_ASSIGNMENT|[EXTERNAL]|this|{"facilitySelected":"","insrncBnft":"0x20e1a907","insrncBnftSelected":"","pyAgrmntWrksht":"0x1914e603"}|0x734cd23f
08:20:40.0 (53865623)|VARIABLE_ASSIGNMENT|[EXTERNAL]|value|""
08:20:40.0 (53871101)|VARIABLE_ASSIGNMENT|[528]|this.fcltyPrgrmSelected|""|0x734cd23f
08:20:40.0 (53876834)|STATEMENT_EXECUTE|[551]
08:20:40.0 (53916452)|VARIABLE_ASSIGNMENT|[EXTERNAL]|this|{"facilitySelected":"","fcltyPrgrmSelected":"","insrncBnft":"0x20e1a907","insrncBnftSelected":"","pyAgrmntWrksht":"0x1914e603"}|0x734cd23f
08:20:40.0 (53924315)|VARIABLE_ASSIGNMENT|[EXTERNAL]|value|""
08:20:40.0 (53930100)|VARIABLE_ASSIGNMENT|[529]|this.rateAdjstmntSelected|""|0x734cd23f
08:20:40.0 (53937398)|STATEMENT_EXECUTE|[552]
08:20:40.0 (53979816)|VARIABLE_ASSIGNMENT|[EXTERNAL]|this|{"facilitySelected":"","fcltyPrgrmSelected":"","insrncBnft":"0x20e1a907","insrncBnftSelected":"","pyAgrmntWrksht":"0x1914e603","rateAdjstmntSelected":""}|0x734cd23f
08:20:40.0 (53990376)|VARIABLE_ASSIGNMENT|[EXTERNAL]|value|0
08:20:40.0 (53996811)|HEAP_ALLOCATE|[530]|Bytes:4
08:20:40.0 (54008931)|VARIABLE_ASSIGNMENT|[530]|this.totalRowCount|0|0x734cd23f
08:20:40.0 (54021011)|STATEMENT_EXECUTE|[553]
08:20:40.0 (54025443)|HEAP_ALLOCATE|[553]|Bytes:4
08:20:40.0 (54067429)|HEAP_ALLOCATE|[553]|Bytes:28
08:20:40.0 (54128381)|VARIABLE_ASSIGNMENT|[EXTERNAL]|this|{"facilitySelected":"","fcltyPrgrmSelected":"","insrncBnft":"0x20e1a907","insrncBnftSelected":"","pyAgrmntWrksht":"0x1914e603","rateAdjstmntSelected":"","totalRowCount":0}|0x734cd23f
08:20:40.0 (54139236)|VARIABLE_ASSIGNMENT|[EXTERNAL]|value|0.00
08:20:40.0 (54147591)|VARIABLE_ASSIGNMENT|[531]|this.totalTalbottDay|0.00|0x734cd23f
08:20:40.0 (54155727)|STATEMENT_EXECUTE|[554]
08:20:40.0 (54161948)|HEAP_ALLOCATE|[554]|Bytes:28
08:20:40.0 (54205310)|VARIABLE_ASSIGNMENT|[EXTERNAL]|this|{"facilitySelected":"","fcltyPrgrmSelected":"","insrncBnft":"0x20e1a907","insrncBnftSelected":"","pyAgrmntWrksht":"0x1914e603","rateAdjstmntSelected":"","totalRowCount":0,"totalTalbottDay":0.00}|0x734cd23f
08:20:40.0 (54213022)|VARIABLE_ASSIGNMENT|[EXTERNAL]|value|0.00
08:20:40.0 (54219352)|VARIABLE_ASSIGNMENT|[532]|this.totalInsCoResp|0.00|0x734cd23f
08:20:40.0 (54226071)|STATEMENT_EXECUTE|[555]
08:20:40.0 (54230476)|HEAP_ALLOCATE|[555]|Bytes:28
08:20:40.0 (54269502)|VARIABLE_ASSIGNMENT|[EXTERNAL]|this|{"facilitySelected":"","fcltyPrgrmSelected":"","insrncBnft":"0x20e1a907","insrncBnftSelected":"","pyAgrmntWrksht":"0x1914e603","rateAdjstmntSelected":"","totalInsCoResp":0.00,"totalRowCount":0,"totalTalbottDay":0.00}|0x734cd23f
08:20:40.0 (54277557)|VARIABLE_ASSIGNMENT|[EXTERNAL]|value|0.00
08:20:40.0 (54283345)|VARIABLE_ASSIGNMENT|[533]|this.totalCoPayAmt|0.00|0x734cd23f
08:20:40.0 (54289142)|STATEMENT_EXECUTE|[556]
08:20:40.0 (54292644)|HEAP_ALLOCATE|[556]|Bytes:28
08:20:40.0 (54336220)|VARIABLE_ASSIGNMENT|[EXTERNAL]|this|{"facilitySelected":"","fcltyPrgrmSelected":"","insrncBnft":"0x20e1a907","insrncBnftSelected":"","pyAgrmntWrksht":"0x1914e603","rateAdjstmntSelected":"","totalCoPayAmt":0.00,"totalInsCoResp":0.00,"totalRowCount":0,"totalTalbottDay":0.00}|0x734cd23f
08:20:40.0 (54344553)|VARIABLE_ASSIGNMENT|[EXTERNAL]|value|0.00
08:20:40.0 (54350412)|VARIABLE_ASSIGNMENT|[534]|this.targetEDR|0.00|0x734cd23f
08:20:40.0 (54358096)|STATEMENT_EXECUTE|[557]
08:20:40.0 (54363770)|HEAP_ALLOCATE|[557]|Bytes:28
08:20:40.0 (54375420)|VARIABLE_ASSIGNMENT|[557]|this.totalAppliedDeductible|0.00|0x734cd23f
08:20:40.0 (54382094)|STATEMENT_EXECUTE|[558]
08:20:40.0 (54386670)|HEAP_ALLOCATE|[558]|Bytes:28
08:20:40.0 (54396967)|VARIABLE_ASSIGNMENT|[558]|this.totalCoInsurance|0.00|0x734cd23f
08:20:40.0 (54403633)|STATEMENT_EXECUTE|[559]
08:20:40.0 (54406606)|HEAP_ALLOCATE|[559]|Bytes:28
08:20:40.0 (54412891)|VARIABLE_ASSIGNMENT|[559]|this.totalInsEIVAmt|0.00|0x734cd23f
08:20:40.0 (54417691)|STATEMENT_EXECUTE|[560]
08:20:40.0 (54470131)|VARIABLE_ASSIGNMENT|[EXTERNAL]|this|{"facilitySelected":"","fcltyPrgrmSelected":"","insrncBnft":"0x20e1a907","insrncBnftSelected":"","pyAgrmntWrksht":"0x1914e603","rateAdjstmntSelected":"","targetEDR":0.00,"totalAppliedDeductib (2 more) ...":0.00,"totalCoInsurance":0.00,"totalCoPayAmt":0.00,"totalInsCoResp":0.00,"totalInsEIVAmt":0.00,"totalRowCount":0,"totalTalbottDay":0.00}|0x734cd23f
08:20:40.0 (54482338)|VARIABLE_ASSIGNMENT|[EXTERNAL]|value|false
08:20:40.0 (54487536)|HEAP_ALLOCATE|[542]|Bytes:5
08:20:40.0 (54492550)|VARIABLE_ASSIGNMENT|[542]|this.pawDetailListDisplayFlag|false|0x734cd23f
08:20:40.0 (54498941)|STATEMENT_EXECUTE|[561]
08:20:40.0 (54538636)|HEAP_ALLOCATE|[561]|Bytes:4
08:20:40.0 (54676315)|VARIABLE_ASSIGNMENT|[EXTERNAL]|this|{"facilitySelected":"","fcltyPrgrmSelected":"","insrncBnft":"0x20e1a907","insrncBnftSelected":"","pawDetailListDisplay (4 more) ...":false,"pyAgrmntWrksht":"0x1914e603","rateAdjstmntSelected":"","targetEDR":0.00,"totalAppliedDeductib (2 more) ...":0.00,"totalCoInsurance":0.00,"totalCoPayAmt":0.00,"totalInsCoResp":0.00,"totalInsEIVAmt":0.00,"totalRowCount":0,"totalTalbottDay":0.00}|0x734cd23f
08:20:40.0 (54691061)|HEAP_ALLOCATE|[EXTERNAL]|Bytes:4
08:20:40.0 (54700739)|VARIABLE_ASSIGNMENT|[EXTERNAL]|value|[]|0x19c27203
08:20:40.0 (54710878)|VARIABLE_ASSIGNMENT|[543]|this.relatedPAWDetailsList|[]|0x734cd23f
08:20:40.0 (54720940)|CONSTRUCTOR_EXIT|[49]|01p0a000004sKzV|<init>()
08:20:40.0 (54770049)|VARIABLE_ASSIGNMENT|[EXTERNAL]|this|{"isIop":false,"isTalbott":false,"oppId":"","quoteObj":"0x72d5bd8b","sObjectQueryStr":""}|0x613b2e3a
08:20:40.0 (54818464)|VARIABLE_ASSIGNMENT|[EXTERNAL]|value|{"facilitySelected":"","fcltyPrgrmSelected":"","insrncBnft":"0x20e1a907","insrncBnftSelected":"","pawDetailListDisplay (4 more) ...":false,"pyAgrmntWrksht":"0x1914e603","rateAdjstmntSelected":"","relatedPAWDetailsLis (1 more) ...":"0x19c27203","targetEDR":0.00,"totalAppliedDeductib (2 more) ...":0.00,"totalCoInsurance":0.00,"totalCoPayAmt":0.00,"totalInsCoResp":0.00,"totalInsEIVAmt":0.00,"totalRowCount":0,"totalTalbottDay":0.00}|0x734cd23f
08:20:40.0 (54841964)|VARIABLE_ASSIGNMENT|[30]|this.wrprObj|0x734cd23f|0x613b2e3a
08:20:40.0 (54854852)|STATEMENT_EXECUTE|[50]
08:20:40.0 (54893226)|HEAP_ALLOCATE|[50]|Bytes:4
08:20:40.0 (55016015)|VARIABLE_ASSIGNMENT|[EXTERNAL]|this|{"isIop":false,"isTalbott":false,"oppId":"","quoteObj":"0x72d5bd8b","sObjectQueryStr":"","wrprObj":"0x734cd23f"}|0x613b2e3a
08:20:40.0 (55027530)|VARIABLE_ASSIGNMENT|[EXTERNAL]|value|{}|0x7b388914
08:20:40.0 (55037339)|VARIABLE_ASSIGNMENT|[18]|this.ptntInsrncObj|{}|0x613b2e3a
08:20:40.0 (55044844)|STATEMENT_EXECUTE|[51]
08:20:40.0 (55056642)|HEAP_ALLOCATE|[51]|Bytes:4
08:20:40.0 (55099860)|HEAP_ALLOCATE|[EXTERNAL]|Bytes:4
08:20:40.0 (55111516)|VARIABLE_ASSIGNMENT|[51]|this.ptntInsrnceOptions|[]|0x613b2e3a
08:20:40.0 (55116367)|STATEMENT_EXECUTE|[52]
08:20:40.0 (55121628)|HEAP_ALLOCATE|[52]|Bytes:4
08:20:40.0 (55143178)|HEAP_ALLOCATE|[EXTERNAL]|Bytes:4
08:20:40.0 (55148809)|VARIABLE_ASSIGNMENT|[52]|this.insrncBnftOptions|[]|0x613b2e3a
08:20:40.0 (55153490)|STATEMENT_EXECUTE|[53]
08:20:40.0 (55157830)|HEAP_ALLOCATE|[53]|Bytes:4
08:20:40.0 (55217848)|VARIABLE_ASSIGNMENT|[EXTERNAL]|this|{"insrncBnftOptions":"0x2e866c58","isIop":false,"isTalbott":false,"oppId":"","ptntInsrnceOptions":"0x29bf23fc","ptntInsrncObj":"0x7b388914","quoteObj":"0x72d5bd8b","sObjectQueryStr":"","wrprObj":"0x734cd23f"}|0x613b2e3a
08:20:40.0 (55234078)|HEAP_ALLOCATE|[EXTERNAL]|Bytes:4
08:20:40.0 (55239143)|VARIABLE_ASSIGNMENT|[EXTERNAL]|value|[]|0x16f06ff6
08:20:40.0 (55247924)|VARIABLE_ASSIGNMENT|[14]|this.faciltyOptions|[]|0x613b2e3a
08:20:40.0 (55255168)|STATEMENT_EXECUTE|[54]
08:20:40.0 (55260234)|HEAP_ALLOCATE|[54]|Bytes:4
08:20:40.0 (55317516)|VARIABLE_ASSIGNMENT|[EXTERNAL]|this|{"faciltyOptions":"0x16f06ff6","insrncBnftOptions":"0x2e866c58","isIop":false,"isTalbott":false,"oppId":"","ptntInsrnceOptions":"0x29bf23fc","ptntInsrncObj":"0x7b388914","quoteObj":"0x72d5bd8b","sObjectQueryStr":"","wrprObj":"0x734cd23f"}|0x613b2e3a
08:20:40.0 (55333114)|HEAP_ALLOCATE|[EXTERNAL]|Bytes:4
08:20:40.0 (55337780)|VARIABLE_ASSIGNMENT|[EXTERNAL]|value|[]|0x7fed57fa
08:20:40.0 (55345937)|VARIABLE_ASSIGNMENT|[15]|this.fcltyPrgrmOptions|[]|0x613b2e3a
08:20:40.0 (55352282)|STATEMENT_EXECUTE|[55]
08:20:40.0 (55357581)|HEAP_ALLOCATE|[55]|Bytes:4
08:20:40.0 (55382027)|HEAP_ALLOCATE|[EXTERNAL]|Bytes:4
08:20:40.0 (55387814)|VARIABLE_ASSIGNMENT|[55]|this.rtAdjstmntOptions|[]|0x613b2e3a
08:20:40.0 (55392333)|STATEMENT_EXECUTE|[56]
08:20:40.0 (55409142)|HEAP_ALLOCATE|[56]|Bytes:4
08:20:40.0 (55431880)|VARIABLE_ASSIGNMENT|[56]|this.idToOwnershipFacilityMap|{}|0x613b2e3a
08:20:40.0 (55436531)|STATEMENT_EXECUTE|[57]
08:20:40.0 (55441580)|HEAP_ALLOCATE|[57]|Bytes:4
08:20:40.0 (55449819)|VARIABLE_ASSIGNMENT|[57]|this.idToTypeFacilityMap|{}|0x613b2e3a
08:20:40.0 (55453856)|STATEMENT_EXECUTE|[58]
08:20:40.0 (55491768)|HEAP_ALLOCATE|[58]|Bytes:4
08:20:40.0 (55519110)|VARIABLE_ASSIGNMENT|[58]|this.insrncBnftMap|{}|0x613b2e3a
08:20:40.0 (55523584)|STATEMENT_EXECUTE|[59]
08:20:40.0 (55549665)|HEAP_ALLOCATE|[59]|Bytes:4
08:20:40.0 (55604369)|VARIABLE_ASSIGNMENT|[59]|this.estmtCvrgeDaysObj|{}|0x613b2e3a
08:20:40.0 (55609831)|STATEMENT_EXECUTE|[60]
08:20:40.0 (55620997)|HEAP_ALLOCATE|[60]|Bytes:4
08:20:40.0 (55635059)|VARIABLE_ASSIGNMENT|[60]|this.pawObj|{}|0x613b2e3a
08:20:40.0 (55639486)|STATEMENT_EXECUTE|[61]
08:20:40.0 (55719006)|HEAP_ALLOCATE|[61]|Bytes:39
08:20:40.0 (55755868)|HEAP_ALLOCATE|[61]|Bytes:17
08:20:40.0 (55773722)|HEAP_ALLOCATE|[61]|Bytes:2
08:20:40.0 (55859992)|VARIABLE_ASSIGNMENT|[EXTERNAL]|this|{"estmtCvrgeDaysObj":"0x3a876ef2","faciltyOptions":"0x16f06ff6","fcltyPrgrmOptions":"0x7fed57fa","idToOwnershipFacilit (4 more) ...":"0x78cb949d","idToTypeFacilityMap":"0x6d8c5ef9","insrncBnftMap":"0x2b8e7c8b","insrncBnftOptions":"0x2e866c58","isIop":false,"isTalbott":false,"oppId":"","pawObj":"0x2a7f77f6","ptntInsrnceOptions":"0x29bf23fc","ptntInsrncObj":"0x7b388914","quoteObj":"0x72d5bd8b","rtAdjstmntOptions":"0xeb46158","sObjectQueryStr":"","wrprObj":"0x734cd23f"}|0x613b2e3a
08:20:40.0 (55873108)|VARIABLE_ASSIGNMENT|[EXTERNAL]|value|"00629000004NTeZ"
08:20:40.0 (55882848)|VARIABLE_ASSIGNMENT|[7]|this.recordId|"00629000004NTeZ"|0x613b2e3a
08:20:40.0 (55889726)|STATEMENT_EXECUTE|[62]
08:20:40.0 (55906516)|HEAP_ALLOCATE|[62]|Bytes:39
08:20:40.0 (55924143)|HEAP_ALLOCATE|[62]|Bytes:17
08:20:40.0 (55935991)|HEAP_ALLOCATE|[62]|Bytes:5
08:20:40.0 (55951961)|VARIABLE_ASSIGNMENT|[62]|this.isClone|null|0x613b2e3a
08:20:40.0 (55957342)|STATEMENT_EXECUTE|[63]
08:20:40.0 (55968549)|HEAP_ALLOCATE|[63]|Bytes:39
08:20:40.0 (55983036)|HEAP_ALLOCATE|[63]|Bytes:17
08:20:40.0 (55993671)|HEAP_ALLOCATE|[63]|Bytes:7
08:20:40.0 (56007177)|VARIABLE_ASSIGNMENT|[63]|this.quoteId|null|0x613b2e3a
08:20:40.0 (56012713)|STATEMENT_EXECUTE|[64]
08:20:40.0 (58726504)|HEAP_ALLOCATE|[64]|Bytes:160
08:20:40.0 (58736923)|HEAP_ALLOCATE|[64]|Bytes:11
08:20:40.0 (58749799)|HEAP_ALLOCATE|[64]|Bytes:44
08:20:40.0 (58764508)|CONSTRUCTOR_ENTRY|[64]|01p29000000Aswe|<init>()
08:20:40.0 (58788692)|VARIABLE_SCOPE_BEGIN|[12]|this|PAW_Editor_YearEndController.MetaData|true|false
08:20:40.0 (58829532)|VARIABLE_ASSIGNMENT|[12]|this|{}|0x26803e8c
08:20:40.0 (58849165)|STATEMENT_EXECUTE|[12]
08:20:40.0 (58850837)|STATEMENT_EXECUTE|[13]
08:20:40.0 (58851907)|STATEMENT_EXECUTE|[14]
08:20:40.0 (58852709)|STATEMENT_EXECUTE|[15]
08:20:40.0 (58853606)|STATEMENT_EXECUTE|[16]
08:20:40.0 (58854392)|STATEMENT_EXECUTE|[17]
08:20:40.0 (58855287)|STATEMENT_EXECUTE|[18]
08:20:40.0 (58856189)|STATEMENT_EXECUTE|[19]
08:20:40.0 (58857004)|STATEMENT_EXECUTE|[20]
08:20:40.0 (58857794)|STATEMENT_EXECUTE|[21]
08:20:40.0 (58858691)|STATEMENT_EXECUTE|[22]
08:20:40.0 (58861895)|CONSTRUCTOR_EXIT|[64]|01p29000000Aswe|<init>()
08:20:40.0 (58929589)|VARIABLE_ASSIGNMENT|[EXTERNAL]|this|{"estmtCvrgeDaysObj":"0x3a876ef2","faciltyOptions":"0x16f06ff6","fcltyPrgrmOptions":"0x7fed57fa","idToOwnershipFacilit (4 more) ...":"0x78cb949d","idToTypeFacilityMap":"0x6d8c5ef9","insrncBnftMap":"0x2b8e7c8b","insrncBnftOptions":"0x2e866c58","isIop":false,"isTalbott":false,"oppId":"","pawObj":"0x2a7f77f6","ptntInsrnceOptions":"0x29bf23fc","ptntInsrncObj":"0x7b388914","quoteObj":"0x72d5bd8b","recordId":"00629000004NTeZ","rtAdjstmntOptions":"0xeb46158","sObjectQueryStr":"","wrprObj":"0x734cd23f"}|0x613b2e3a
08:20:40.0 (58954077)|VARIABLE_ASSIGNMENT|[EXTERNAL]|value|{}|0x26803e8c
08:20:40.0 (58965021)|VARIABLE_ASSIGNMENT|[37]|this.meta|0x26803e8c|0x613b2e3a
08:20:40.0 (63111254)|HEAP_ALLOCATE|[EXTERNAL]|Bytes:112
08:20:40.0 (63123766)|VARIABLE_SCOPE_BEGIN|[69]|this|PAW_New_EditCntrllr|true|false
08:20:40.0 (63190796)|VARIABLE_ASSIGNMENT|[69]|this|{"estmtCvrgeDaysObj":"0x3a876ef2","faciltyOptions":"0x16f06ff6","fcltyPrgrmOptions":"0x7fed57fa","idToOwnershipFacilit (4 more) ...":"0x78cb949d","idToTypeFacilityMap":"0x6d8c5ef9","insrncBnftMap":"0x2b8e7c8b","insrncBnftOptions":"0x2e866c58","isIop":false,"isTalbott":false,"meta":"0x26803e8c","oppId":"","pawObj":"0x2a7f77f6","ptntInsrnceOptions":"0x29bf23fc","ptntInsrncObj":"0x7b388914","quoteObj":"0x72d5bd8b","recordId":"00629000004NTeZ","rtAdjstmntOptions":"0xeb46158","sObjectQueryStr":"","wrprObj":"0x734cd23f"}|0x613b2e3a
08:20:40.0 (63207165)|STATEMENT_EXECUTE|[69]
08:20:40.0 (63208886)|STATEMENT_EXECUTE|[71]
08:20:40.0 (63212476)|HEAP_ALLOCATE|[71]|Bytes:5
08:20:40.0 (63242706)|USER_DEBUG|[71]|DEBUG|>>> 1
08:20:40.0 (63259228)|STATEMENT_EXECUTE|[72]
08:20:40.0 (63325058)|VARIABLE_ASSIGNMENT|[EXTERNAL]|this|{"estmtCvrgeDaysObj":"0x3a876ef2","faciltyOptions":"0x16f06ff6","fcltyPrgrmOptions":"0x7fed57fa","idToOwnershipFacilit (4 more) ...":"0x78cb949d","idToTypeFacilityMap":"0x6d8c5ef9","insrncBnftMap":"0x2b8e7c8b","insrncBnftOptions":"0x2e866c58","isIop":false,"isTalbott":false,"meta":"0x26803e8c","oppId":"","pawObj":"0x2a7f77f6","ptntInsrnceOptions":"0x29bf23fc","ptntInsrncObj":"0x7b388914","quoteObj":"0x72d5bd8b","recordId":"00629000004NTeZ","rtAdjstmntOptions":"0xeb46158","sObjectQueryStr":"","wrprObj":"0x734cd23f"}|0x613b2e3a
08:20:40.0 (63392888)|VARIABLE_ASSIGNMENT|[EXTERNAL]|this|{"estmtCvrgeDaysObj":"0x3a876ef2","faciltyOptions":"0x16f06ff6","fcltyPrgrmOptions":"0x7fed57fa","idToOwnershipFacilit (4 more) ...":"0x78cb949d","idToTypeFacilityMap":"0x6d8c5ef9","insrncBnftMap":"0x2b8e7c8b","insrncBnftOptions":"0x2e866c58","isIop":false,"isTalbott":false,"meta":"0x26803e8c","oppId":"","pawObj":"0x2a7f77f6","ptntInsrnceOptions":"0x29bf23fc","ptntInsrncObj":"0x7b388914","quoteObj":"0x72d5bd8b","recordId":"00629000004NTeZ","rtAdjstmntOptions":"0xeb46158","sObjectQueryStr":"","wrprObj":"0x734cd23f"}|0x613b2e3a
08:20:40.0 (63433989)|STATEMENT_EXECUTE|[79]
08:20:40.0 (63488417)|VARIABLE_ASSIGNMENT|[EXTERNAL]|this|{"estmtCvrgeDaysObj":"0x3a876ef2","faciltyOptions":"0x16f06ff6","fcltyPrgrmOptions":"0x7fed57fa","idToOwnershipFacilit (4 more) ...":"0x78cb949d","idToTypeFacilityMap":"0x6d8c5ef9","insrncBnftMap":"0x2b8e7c8b","insrncBnftOptions":"0x2e866c58","isIop":false,"isTalbott":false,"meta":"0x26803e8c","oppId":"","pawObj":"0x2a7f77f6","ptntInsrnceOptions":"0x29bf23fc","ptntInsrncObj":"0x7b388914","quoteObj":"0x72d5bd8b","recordId":"00629000004NTeZ","rtAdjstmntOptions":"0xeb46158","sObjectQueryStr":"","wrprObj":"0x734cd23f"}|0x613b2e3a
08:20:40.0 (63507258)|HEAP_ALLOCATE|[81]|Bytes:11
08:20:40.0 (64061334)|HEAP_ALLOCATE|[81]|Bytes:4
08:20:40.0 (64093465)|HEAP_ALLOCATE|[81]|Bytes:3
08:20:40.0 (64127986)|STATEMENT_EXECUTE|[81]
08:20:40.0 (64129530)|STATEMENT_EXECUTE|[82]
08:20:40.0 (64210491)|VARIABLE_ASSIGNMENT|[EXTERNAL]|this|{"estmtCvrgeDaysObj":"0x3a876ef2","faciltyOptions":"0x16f06ff6","fcltyPrgrmOptions":"0x7fed57fa","idToOwnershipFacilit (4 more) ...":"0x78cb949d","idToTypeFacilityMap":"0x6d8c5ef9","insrncBnftMap":"0x2b8e7c8b","insrncBnftOptions":"0x2e866c58","isIop":false,"isTalbott":false,"meta":"0x26803e8c","oppId":"","pawObj":"0x2a7f77f6","ptntInsrnceOptions":"0x29bf23fc","ptntInsrncObj":"0x7b388914","quoteObj":"0x72d5bd8b","recordId":"00629000004NTeZ","rtAdjstmntOptions":"0xeb46158","sObjectQueryStr":"","wrprObj":"0x734cd23f"}|0x613b2e3a
08:20:40.0 (64227169)|VARIABLE_ASSIGNMENT|[EXTERNAL]|value|false
08:20:40.0 (64233671)|HEAP_ALLOCATE|[31]|Bytes:5
08:20:40.0 (64242481)|VARIABLE_ASSIGNMENT|[31]|this.showPILookup|false|0x613b2e3a
08:20:40.0 (64250939)|STATEMENT_EXECUTE|[83]
08:20:40.0 (64305483)|VARIABLE_ASSIGNMENT|[EXTERNAL]|this|{"estmtCvrgeDaysObj":"0x3a876ef2","faciltyOptions":"0x16f06ff6","fcltyPrgrmOptions":"0x7fed57fa","idToOwnershipFacilit (4 more) ...":"0x78cb949d","idToTypeFacilityMap":"0x6d8c5ef9","insrncBnftMap":"0x2b8e7c8b","insrncBnftOptions":"0x2e866c58","isIop":false,"isTalbott":false,"meta":"0x26803e8c","oppId":"","pawObj":"0x2a7f77f6","ptntInsrnceOptions":"0x29bf23fc","ptntInsrncObj":"0x7b388914","quoteObj":"0x72d5bd8b","recordId":"00629000004NTeZ","rtAdjstmntOptions":"0xeb46158","showPILookup":false,"sObjectQueryStr":"","wrprObj":"0x734cd23f"}|0x613b2e3a
08:20:40.0 (64324175)|VARIABLE_ASSIGNMENT|[83]|this.oppId|"00629000004NTeZ"|0x613b2e3a
08:20:40.0 (64329386)|STATEMENT_EXECUTE|[84]
08:20:40.0 (64342109)|METHOD_ENTRY|[84]|01p0a000004sKzV|PAW_New_EditCntrllr.getPtntInsrnceOptions()
08:20:40.0 (64359257)|VARIABLE_SCOPE_BEGIN|[186]|this|PAW_New_EditCntrllr|true|false
08:20:40.0 (64409086)|VARIABLE_ASSIGNMENT|[186]|this|{"estmtCvrgeDaysObj":"0x3a876ef2","faciltyOptions":"0x16f06ff6","fcltyPrgrmOptions":"0x7fed57fa","idToOwnershipFacilit (4 more) ...":"0x78cb949d","idToTypeFacilityMap":"0x6d8c5ef9","insrncBnftMap":"0x2b8e7c8b","insrncBnftOptions":"0x2e866c58","isIop":false,"isTalbott":false,"meta":"0x26803e8c","oppId":"00629000004NTeZ","pawObj":"0x2a7f77f6","ptntInsrnceOptions":"0x29bf23fc","ptntInsrncObj":"0x7b388914","quoteObj":"0x72d5bd8b","recordId":"00629000004NTeZ","rtAdjstmntOptions":"0xeb46158","showPILookup":false,"sObjectQueryStr":"","wrprObj":"0x734cd23f"}|0x613b2e3a
08:20:40.0 (64421534)|STATEMENT_EXECUTE|[186]
08:20:40.0 (64422802)|STATEMENT_EXECUTE|[190]
08:20:40.0 (64432210)|HEAP_ALLOCATE|[190]|Bytes:4
08:20:40.0 (64474579)|HEAP_ALLOCATE|[EXTERNAL]|Bytes:4
08:20:40.0 (64484048)|VARIABLE_ASSIGNMENT|[190]|this.ptntInsrnceOptions|[]|0x613b2e3a
08:20:40.0 (64488802)|STATEMENT_EXECUTE|[191]
08:20:40.0 (64495494)|HEAP_ALLOCATE|[191]|Bytes:12
08:20:40.0 (64547236)|HEAP_ALLOCATE|[EXTERNAL]|Bytes:4
08:20:40.0 (64554316)|STATEMENT_EXECUTE|[192]
08:20:40.0 (64600305)|HEAP_ALLOCATE|[192]|Bytes:4
08:20:40.0 (64606268)|HEAP_ALLOCATE|[192]|Bytes:95
08:20:40.0 (64615991)|HEAP_ALLOCATE|[192]|Bytes:4
08:20:40.0 (64628231)|HEAP_ALLOCATE|[192]|Bytes:7
08:20:40.0 (64916896)|SOQL_EXECUTE_BEGIN|[192]|Aggregations:0|SELECT Id, Name, Insurance_Company__c FROM Patient_Insurance__c WHERE Opportunity__c = :tmpVar1
08:20:40.0 (70658940)|SOQL_EXECUTE_END|[192]|Rows:4
08:20:40.0 (70696186)|HEAP_ALLOCATE|[192]|Bytes:20
08:20:40.0 (70724613)|HEAP_ALLOCATE|[192]|Bytes:449
08:20:40.0 (70801239)|HEAP_ALLOCATE|[192]|Bytes:20
08:20:40.0 (70858826)|HEAP_ALLOCATE|[192]|Bytes:16
08:20:40.0 (70872675)|HEAP_ALLOCATE|[192]|Bytes:4
08:20:40.0 (70878225)|HEAP_ALLOCATE|[192]|Bytes:16
08:20:40.0 (70882132)|HEAP_ALLOCATE|[192]|Bytes:4
08:20:40.0 (70885070)|HEAP_ALLOCATE|[192]|Bytes:16
08:20:40.0 (70888722)|HEAP_ALLOCATE|[192]|Bytes:4
08:20:40.0 (70891201)|HEAP_ALLOCATE|[192]|Bytes:16
08:20:40.0 (70895541)|HEAP_ALLOCATE|[192]|Bytes:4
08:20:40.0 (70955044)|VARIABLE_ASSIGNMENT|[192]|this.ptntInsrncMap|{"a1b29000000l40nAAA":{"Id":"a1b29000000l40nAAA","Name":"Maria Johnson - BCBS (17 more) ...","Insurance_Company__c":"0012900000AXSPBAA5"},"a1b29000000lvHQAAY":{"Id":"a1b29000000lvHQAAY","Name":"Maria Johnson - Valu (23 more) ...","Insurance_Company__c":"0012900000AXSP3AAP"},"a1b29000000lvHVAAY":{"Id":"a1b29000000lvHVAAY","Name":"Maria Johnson - Priv (7 more) ...","Insurance_Company__c":"0012900000AXSDqAAP"},"a1b29000000ly7uAAA":{"Id":"a1b29000000ly7uAAA","Name":"Maria Johnson - Alle (6 more) ...","Insurance_Company__c":"0012900000AXSlPAAX"}}|0x613b2e3a
08:20:40.0 (71015181)|HEAP_ALLOCATE|[EXTERNAL]|Bytes:20
08:20:40.0 (71029573)|HEAP_ALLOCATE|[197]|Bytes:465
08:20:40.0 (71233825)|HEAP_ALLOCATE|[197]|Bytes:5
08:20:40.0 (71253243)|HEAP_ALLOCATE|[197]|Bytes:16
08:20:40.0 (71264606)|VARIABLE_SCOPE_BEGIN|[197]|ptntInsrnceInstance|Patient_Insurance__c|true|false
08:20:40.0 (71283886)|VARIABLE_ASSIGNMENT|[197]|ptntInsrnceInstance|{"Id":"a1b29000000l40nAAA","Name":"Maria Johnson - BCBS (17 more) ...","Insurance_Company__c":"0012900000AXSPBAA5"}|0x69165d96
08:20:40.0 (71291904)|STATEMENT_EXECUTE|[197]
08:20:40.0 (71293476)|STATEMENT_EXECUTE|[198]
08:20:40.0 (71353261)|HEAP_ALLOCATE|[198]|Bytes:18
08:20:40.0 (71439623)|HEAP_ALLOCATE|[EXTERNAL]|Bytes:4
08:20:40.0 (71454436)|HEAP_ALLOCATE|[197]|Bytes:5
08:20:40.0 (71463220)|HEAP_ALLOCATE|[197]|Bytes:16
08:20:40.0 (71469198)|VARIABLE_SCOPE_BEGIN|[197]|ptntInsrnceInstance|Patient_Insurance__c|true|false
08:20:40.0 (71484526)|VARIABLE_ASSIGNMENT|[197]|ptntInsrnceInstance|{"Id":"a1b29000000lvHQAAY","Name":"Maria Johnson - Valu (23 more) ...","Insurance_Company__c":"0012900000AXSP3AAP"}|0x67ee5006
08:20:40.0 (71490653)|STATEMENT_EXECUTE|[197]
08:20:40.0 (71491697)|STATEMENT_EXECUTE|[198]
08:20:40.0 (71505021)|HEAP_ALLOCATE|[198]|Bytes:18
08:20:40.0 (71517233)|HEAP_ALLOCATE|[EXTERNAL]|Bytes:4
08:20:40.0 (71526640)|HEAP_ALLOCATE|[197]|Bytes:5
08:20:40.0 (71533211)|HEAP_ALLOCATE|[197]|Bytes:16
08:20:40.0 (71537464)|VARIABLE_SCOPE_BEGIN|[197]|ptntInsrnceInstance|Patient_Insurance__c|true|false
08:20:40.0 (71549212)|VARIABLE_ASSIGNMENT|[197]|ptntInsrnceInstance|{"Id":"a1b29000000lvHVAAY","Name":"Maria Johnson - Priv (7 more) ...","Insurance_Company__c":"0012900000AXSDqAAP"}|0x7b8ec8f5
08:20:40.0 (71553794)|STATEMENT_EXECUTE|[197]
08:20:40.0 (71554723)|STATEMENT_EXECUTE|[198]
08:20:40.0 (71559987)|HEAP_ALLOCATE|[198]|Bytes:18
08:20:40.0 (71569277)|HEAP_ALLOCATE|[EXTERNAL]|Bytes:4
08:20:40.0 (71576978)|HEAP_ALLOCATE|[197]|Bytes:5
08:20:40.0 (71582872)|HEAP_ALLOCATE|[197]|Bytes:16
08:20:40.0 (71586954)|VARIABLE_SCOPE_BEGIN|[197]|ptntInsrnceInstance|Patient_Insurance__c|true|false
08:20:40.0 (71596942)|VARIABLE_ASSIGNMENT|[197]|ptntInsrnceInstance|{"Id":"a1b29000000ly7uAAA","Name":"Maria Johnson - Alle (6 more) ...","Insurance_Company__c":"0012900000AXSlPAAX"}|0x45c0d32c
08:20:40.0 (71601700)|STATEMENT_EXECUTE|[197]
08:20:40.0 (71602616)|STATEMENT_EXECUTE|[198]
08:20:40.0 (71607270)|HEAP_ALLOCATE|[198]|Bytes:18
08:20:40.0 (71615372)|HEAP_ALLOCATE|[EXTERNAL]|Bytes:4
08:20:40.0 (71623052)|HEAP_ALLOCATE|[197]|Bytes:5
08:20:40.0 (71631493)|VARIABLE_ASSIGNMENT|[197]|ptntInsrnceInstance|null|
08:20:40.0 (71636858)|STATEMENT_EXECUTE|[201]
08:20:40.0 (71645796)|METHOD_EXIT|[84]|01p0a000004sKzV|PAW_New_EditCntrllr.getPtntInsrnceOptions()
08:20:40.0 (71749160)|VARIABLE_ASSIGNMENT|[EXTERNAL]|this|{"estmtCvrgeDaysObj":"0x3a876ef2","faciltyOptions":"0x16f06ff6","fcltyPrgrmOptions":"0x7fed57fa","idToOwnershipFacilit (4 more) ...":"0x78cb949d","idToTypeFacilityMap":"0x6d8c5ef9","insrncBnftMap":"0x2b8e7c8b","insrncBnftOptions":"0x2e866c58","isIop":false,"isTalbott":false,"meta":"0x26803e8c","oppId":"00629000004NTeZ","pawObj":"0x2a7f77f6","ptntInsrnceOptions":"0x5519d437","ptntInsrncMap":"0xea1c9af","ptntInsrncObj":"0x7b388914","quoteObj":"0x72d5bd8b","recordId":"00629000004NTeZ","rtAdjstmntOptions":"0xeb46158","showPILookup":false,"sObjectQueryStr":"","wrprObj":"0x734cd23f"}|0x613b2e3a
08:20:40.0 (71772209)|HEAP_ALLOCATE|[86]|Bytes:26
08:20:40.0 (71936715)|HEAP_ALLOCATE|[86]|Bytes:4
08:20:40.0 (71966206)|HEAP_ALLOCATE|[86]|Bytes:3
08:20:40.0 (71990035)|STATEMENT_EXECUTE|[86]
08:20:40.0 (71992374)|STATEMENT_EXECUTE|[156]
08:20:40.0 (72009759)|METHOD_ENTRY|[156]|01p0a000004sKzV|PAW_New_EditCntrllr.getRedirect()
08:20:40.0 (72029370)|VARIABLE_SCOPE_BEGIN|[159]|this|PAW_New_EditCntrllr|true|false
08:20:40.0 (72090149)|VARIABLE_ASSIGNMENT|[159]|this|{"estmtCvrgeDaysObj":"0x3a876ef2","faciltyOptions":"0x16f06ff6","fcltyPrgrmOptions":"0x7fed57fa","idToOwnershipFacilit (4 more) ...":"0x78cb949d","idToTypeFacilityMap":"0x6d8c5ef9","insrncBnftMap":"0x2b8e7c8b","insrncBnftOptions":"0x2e866c58","isIop":false,"isTalbott":false,"meta":"0x26803e8c","oppId":"00629000004NTeZ","pawObj":"0x2a7f77f6","ptntInsrnceOptions":"0x5519d437","ptntInsrncMap":"0xea1c9af","ptntInsrncObj":"0x7b388914","quoteObj":"0x72d5bd8b","recordId":"00629000004NTeZ","rtAdjstmntOptions":"0xeb46158","showPILookup":false,"sObjectQueryStr":"","wrprObj":"0x734cd23f"}|0x613b2e3a
08:20:40.0 (72105058)|STATEMENT_EXECUTE|[159]
08:20:40.0 (72106119)|STATEMENT_EXECUTE|[160]
08:20:40.0 (72108852)|HEAP_ALLOCATE|[160]|Bytes:5
08:20:40.0 (72142685)|USER_DEBUG|[160]|DEBUG|>>> 2
08:20:40.0 (72150055)|STATEMENT_EXECUTE|[161]
08:20:40.0 (72159799)|METHOD_ENTRY|[161]|01p0a000004sKzV|PAW_New_EditCntrllr.redirectIfLocked()
08:20:40.0 (72171229)|VARIABLE_SCOPE_BEGIN|[177]|this|PAW_New_EditCntrllr|true|false
08:20:40.0 (72223217)|VARIABLE_ASSIGNMENT|[177]|this|{"estmtCvrgeDaysObj":"0x3a876ef2","faciltyOptions":"0x16f06ff6","fcltyPrgrmOptions":"0x7fed57fa","idToOwnershipFacilit (4 more) ...":"0x78cb949d","idToTypeFacilityMap":"0x6d8c5ef9","insrncBnftMap":"0x2b8e7c8b","insrncBnftOptions":"0x2e866c58","isIop":false,"isTalbott":false,"meta":"0x26803e8c","oppId":"00629000004NTeZ","pawObj":"0x2a7f77f6","ptntInsrnceOptions":"0x5519d437","ptntInsrncMap":"0xea1c9af","ptntInsrncObj":"0x7b388914","quoteObj":"0x72d5bd8b","recordId":"00629000004NTeZ","rtAdjstmntOptions":"0xeb46158","showPILookup":false,"sObjectQueryStr":"","wrprObj":"0x734cd23f"}|0x613b2e3a
08:20:40.0 (72235013)|STATEMENT_EXECUTE|[177]
08:20:40.0 (72289752)|VARIABLE_ASSIGNMENT|[EXTERNAL]|this|{"estmtCvrgeDaysObj":"0x3a876ef2","faciltyOptions":"0x16f06ff6","fcltyPrgrmOptions":"0x7fed57fa","idToOwnershipFacilit (4 more) ...":"0x78cb949d","idToTypeFacilityMap":"0x6d8c5ef9","insrncBnftMap":"0x2b8e7c8b","insrncBnftOptions":"0x2e866c58","isIop":false,"isTalbott":false,"meta":"0x26803e8c","oppId":"00629000004NTeZ","pawObj":"0x2a7f77f6","ptntInsrnceOptions":"0x5519d437","ptntInsrncMap":"0xea1c9af","ptntInsrncObj":"0x7b388914","quoteObj":"0x72d5bd8b","recordId":"00629000004NTeZ","rtAdjstmntOptions":"0xeb46158","showPILookup":false,"sObjectQueryStr":"","wrprObj":"0x734cd23f"}|0x613b2e3a
08:20:40.0 (72305346)|STATEMENT_EXECUTE|[178]
08:20:40.0 (72306514)|STATEMENT_EXECUTE|[182]
08:20:40.0 (72359449)|VARIABLE_ASSIGNMENT|[EXTERNAL]|this|{"estmtCvrgeDaysObj":"0x3a876ef2","faciltyOptions":"0x16f06ff6","fcltyPrgrmOptions":"0x7fed57fa","idToOwnershipFacilit (4 more) ...":"0x78cb949d","idToTypeFacilityMap":"0x6d8c5ef9","insrncBnftMap":"0x2b8e7c8b","insrncBnftOptions":"0x2e866c58","isIop":false,"isTalbott":false,"meta":"0x26803e8c","oppId":"00629000004NTeZ","pawObj":"0x2a7f77f6","ptntInsrnceOptions":"0x5519d437","ptntInsrncMap":"0xea1c9af","ptntInsrncObj":"0x7b388914","quoteObj":"0x72d5bd8b","recordId":"00629000004NTeZ","rtAdjstmntOptions":"0xeb46158","showPILookup":false,"sObjectQueryStr":"","wrprObj":"0x734cd23f"}|0x613b2e3a
08:20:40.0 (76162370)|VARIABLE_SCOPE_BEGIN|[4]|RecordLockUtility.isLockedFlag|Boolean|false|true
08:20:40.0 (76193023)|HEAP_ALLOCATE|[182]|Bytes:13
08:20:40.0 (76220025)|METHOD_ENTRY|[1]|01p0a000004sCDb|RecordLockUtility.RecordLockUtility()
08:20:40.0 (76226064)|STATEMENT_EXECUTE|[1]
08:20:40.0 (76231388)|STATEMENT_EXECUTE|[1]
08:20:40.0 (77000590)|SYSTEM_MODE_ENTER|false
08:20:40.0 (77022132)|HEAP_ALLOCATE|[182]|Bytes:5
08:20:40.0 (77033447)|SYSTEM_MODE_EXIT|false
08:20:40.0 (77046182)|METHOD_EXIT|[1]|RecordLockUtility
08:20:40.0 (77078903)|METHOD_ENTRY|[182]|01p0a000004sCDb|RecordLockUtility.redirectIfLocked(String)
08:20:40.0 (77089827)|VARIABLE_SCOPE_BEGIN|[29]|recordId|String|false|false
08:20:40.0 (77109290)|VARIABLE_ASSIGNMENT|[29]|recordId|"00629000004NTeZ"
08:20:40.0 (77130315)|SYSTEM_MODE_ENTER|false
08:20:40.0 (77135936)|HEAP_ALLOCATE|[30]|Bytes:5
08:20:40.0 (77141240)|STATEMENT_EXECUTE|[29]
08:20:40.0 (77142629)|STATEMENT_EXECUTE|[30]
08:20:40.0 (77162438)|HEAP_ALLOCATE|[30]|Bytes:4
08:20:40.0 (77177364)|METHOD_ENTRY|[30]|01p0a000004sCDb|RecordLockUtility.verifyIfLocked(Id)
08:20:40.0 (77228016)|VARIABLE_SCOPE_BEGIN|[14]|pRecordId|Id|false|false
08:20:40.0 (77372373)|VARIABLE_ASSIGNMENT|[14]|pRecordId|"00629000004NTeZAAW"
08:20:40.0 (77389030)|HEAP_ALLOCATE|[15]|Bytes:5
08:20:40.0 (77392964)|STATEMENT_EXECUTE|[14]
08:20:40.0 (77394077)|STATEMENT_EXECUTE|[15]
08:20:40.0 (77998036)|HEAP_ALLOCATE|[15]|Bytes:5
08:20:40.0 (78011711)|METHOD_EXIT|[30]|01p0a000004sCDb|RecordLockUtility.verifyIfLocked(Id)
08:20:40.0 (78021270)|HEAP_ALLOCATE|[30]|Bytes:5
08:20:40.0 (78034804)|VARIABLE_ASSIGNMENT|[30]|RecordLockUtility.isLockedFlag|false
08:20:40.0 (78043144)|STATEMENT_EXECUTE|[35]
08:20:40.0 (78044616)|STATEMENT_EXECUTE|[36]
08:20:40.0 (78048004)|SYSTEM_MODE_EXIT|false
08:20:40.0 (78054400)|METHOD_EXIT|[182]|01p0a000004sCDb|RecordLockUtility.redirectIfLocked(String)
08:20:40.0 (78060651)|METHOD_EXIT|[161]|01p0a000004sKzV|PAW_New_EditCntrllr.redirectIfLocked()
08:20:40.0 (78069106)|VARIABLE_SCOPE_BEGIN|[161]|redirectPR|System.PageReference|true|false
08:20:40.0 (78079425)|VARIABLE_ASSIGNMENT|[161]|redirectPR|null|
08:20:40.0 (78084064)|STATEMENT_EXECUTE|[162]
08:20:40.0 (78093672)|STATEMENT_EXECUTE|[166]
08:20:40.0 (78094648)|STATEMENT_EXECUTE|[173]
08:20:40.0 (78098841)|METHOD_EXIT|[156]|01p0a000004sKzV|PAW_New_EditCntrllr.getRedirect()
08:20:40.78 (78616407)|SYSTEM_MODE_ENTER|true
08:20:40.78 (78658908)|HEAP_ALLOCATE|[EXTERNAL]|Bytes:38
08:20:40.78 (78664792)|HEAP_ALLOCATE|[EXTERNAL]|Bytes:7
08:20:40.78 (78678768)|SYSTEM_METHOD_ENTRY|[1]|PageMessagesComponentController.PageMessagesComponentController()
08:20:40.78 (78682742)|STATEMENT_EXECUTE|[1]
08:20:40.78 (78853576)|SYSTEM_MODE_ENTER|true
08:20:40.78 (78906596)|HEAP_ALLOCATE|[EXTERNAL]|Bytes:8
08:20:40.78 (78913197)|VARIABLE_SCOPE_BEGIN|[88]|this|ApexPage.PageMessagesComponentController|true|false
08:20:40.78 (78943228)|VARIABLE_ASSIGNMENT|[88]|this|{}|0x42d27a9c
08:20:40.78 (78948292)|VARIABLE_SCOPE_BEGIN|[88]|escape|Boolean|false|false
08:20:40.78 (78954721)|VARIABLE_ASSIGNMENT|[88]|escape|null
08:20:40.79 (79091477)|SYSTEM_MODE_ENTER|true
08:20:40.79 (79118459)|HEAP_ALLOCATE|[EXTERNAL]|Bytes:8
08:20:40.79 (79123890)|VARIABLE_SCOPE_BEGIN|[2]|this|ApexPage.PageMessagesComponentController|true|false
08:20:40.79 (79140170)|VARIABLE_ASSIGNMENT|[2]|this|{}|0x42d27a9c
08:20:40.0 (79991072)|SYSTEM_MODE_ENTER|true
08:20:40.0 (80185519)|SYSTEM_MODE_ENTER|true
08:20:40.0 (80474378)|SYSTEM_MODE_ENTER|true
08:20:40.0 (86055964)|SYSTEM_MODE_ENTER|true
08:20:40.0 (86145602)|SYSTEM_MODE_ENTER|true
08:20:40.105 (105661460)|SYSTEM_MODE_ENTER|true
08:20:40.105 (105758050)|HEAP_ALLOCATE|[EXTERNAL]|Bytes:8
08:20:40.105 (105773816)|VARIABLE_SCOPE_BEGIN|[88]|this|ApexPage.PageMessagesComponentController|true|false
08:20:40.105 (105814960)|VARIABLE_ASSIGNMENT|[88]|this|{}|0x42d27a9c
08:20:40.105 (105821901)|VARIABLE_SCOPE_BEGIN|[88]|escape|Boolean|false|false
08:20:40.105 (105828835)|VARIABLE_ASSIGNMENT|[88]|escape|null
08:20:40.105 (105983059)|SYSTEM_MODE_ENTER|true
08:20:40.105 (106013764)|HEAP_ALLOCATE|[EXTERNAL]|Bytes:8
08:20:40.105 (106019863)|VARIABLE_SCOPE_BEGIN|[2]|this|ApexPage.PageMessagesComponentController|true|false
08:20:40.105 (106037098)|VARIABLE_ASSIGNMENT|[2]|this|{}|0x42d27a9c
08:20:40.0 (109907749)|SYSTEM_MODE_ENTER|true
08:20:40.0 (109949823)|HEAP_ALLOCATE|[EXTERNAL]|Bytes:112
08:20:40.0 (109958718)|VARIABLE_SCOPE_BEGIN|[186]|this|PAW_New_EditCntrllr|true|false
08:20:40.0 (110058017)|VARIABLE_ASSIGNMENT|[186]|this|{"estmtCvrgeDaysObj":"0x3a876ef2","faciltyOptions":"0x16f06ff6","fcltyPrgrmOptions":"0x7fed57fa","idToOwnershipFacilit (4 more) ...":"0x78cb949d","idToTypeFacilityMap":"0x6d8c5ef9","insrncBnftMap":"0x2b8e7c8b","insrncBnftOptions":"0x2e866c58","isIop":false,"isTalbott":false,"meta":"0x26803e8c","oppId":"00629000004NTeZ","pawObj":"0x2a7f77f6","ptntInsrnceOptions":"0x5519d437","ptntInsrncMap":"0xea1c9af","ptntInsrncObj":"0x7b388914","quoteObj":"0x72d5bd8b","recordId":"00629000004NTeZ","rtAdjstmntOptions":"0xeb46158","showPILookup":false,"sObjectQueryStr":"","wrprObj":"0x734cd23f"}|0x613b2e3a
08:20:40.0 (110075269)|STATEMENT_EXECUTE|[186]
08:20:40.0 (110077361)|STATEMENT_EXECUTE|[190]
08:20:40.0 (110087508)|HEAP_ALLOCATE|[190]|Bytes:4
08:20:40.0 (110132783)|HEAP_ALLOCATE|[EXTERNAL]|Bytes:4
08:20:40.0 (110146593)|VARIABLE_ASSIGNMENT|[190]|this.ptntInsrnceOptions|[]|0x613b2e3a
08:20:40.0 (110151605)|STATEMENT_EXECUTE|[191]
08:20:40.0 (110179094)|HEAP_ALLOCATE|[EXTERNAL]|Bytes:4
08:20:40.0 (110187569)|STATEMENT_EXECUTE|[192]
08:20:40.0 (110210354)|HEAP_ALLOCATE|[192]|Bytes:4
08:20:40.0 (110220693)|HEAP_ALLOCATE|[192]|Bytes:4
08:20:40.0 (110470458)|SOQL_EXECUTE_BEGIN|[192]|Aggregations:0|SELECT Id, Name, Insurance_Company__c FROM Patient_Insurance__c WHERE Opportunity__c = :tmpVar1
08:20:40.0 (113407502)|SOQL_EXECUTE_END|[192]|Rows:4
08:20:40.0 (113432115)|HEAP_ALLOCATE|[192]|Bytes:20
08:20:40.0 (113455014)|HEAP_ALLOCATE|[192]|Bytes:449
08:20:40.0 (113487026)|HEAP_ALLOCATE|[192]|Bytes:20
08:20:40.0 (113505846)|HEAP_ALLOCATE|[192]|Bytes:16
08:20:40.0 (113516292)|HEAP_ALLOCATE|[192]|Bytes:4
08:20:40.0 (113520625)|HEAP_ALLOCATE|[192]|Bytes:16
08:20:40.0 (113525275)|HEAP_ALLOCATE|[192]|Bytes:4
08:20:40.0 (113528070)|HEAP_ALLOCATE|[192]|Bytes:16
08:20:40.0 (113532142)|HEAP_ALLOCATE|[192]|Bytes:4
08:20:40.0 (113534929)|HEAP_ALLOCATE|[192]|Bytes:16
08:20:40.0 (113538695)|HEAP_ALLOCATE|[192]|Bytes:4
08:20:40.0 (113584454)|VARIABLE_ASSIGNMENT|[192]|this.ptntInsrncMap|{"a1b29000000l40nAAA":{"Id":"a1b29000000l40nAAA","Name":"Maria Johnson - BCBS (17 more) ...","Insurance_Company__c":"0012900000AXSPBAA5"},"a1b29000000lvHQAAY":{"Id":"a1b29000000lvHQAAY","Name":"Maria Johnson - Valu (23 more) ...","Insurance_Company__c":"0012900000AXSP3AAP"},"a1b29000000lvHVAAY":{"Id":"a1b29000000lvHVAAY","Name":"Maria Johnson - Priv (7 more) ...","Insurance_Company__c":"0012900000AXSDqAAP"},"a1b29000000ly7uAAA":{"Id":"a1b29000000ly7uAAA","Name":"Maria Johnson - Alle (6 more) ...","Insurance_Company__c":"0012900000AXSlPAAX"}}|0x613b2e3a
08:20:40.0 (113610445)|HEAP_ALLOCATE|[EXTERNAL]|Bytes:20
08:20:40.0 (113622180)|HEAP_ALLOCATE|[197]|Bytes:465
08:20:40.0 (113646018)|HEAP_ALLOCATE|[197]|Bytes:5
08:20:40.0 (113656593)|HEAP_ALLOCATE|[197]|Bytes:16
08:20:40.0 (113664753)|VARIABLE_SCOPE_BEGIN|[197]|ptntInsrnceInstance|Patient_Insurance__c|true|false
08:20:40.0 (113680012)|VARIABLE_ASSIGNMENT|[197]|ptntInsrnceInstance|{"Id":"a1b29000000l40nAAA","Name":"Maria Johnson - BCBS (17 more) ...","Insurance_Company__c":"0012900000AXSPBAA5"}|0x4cd6a5da
08:20:40.0 (113686024)|STATEMENT_EXECUTE|[197]
08:20:40.0 (113687393)|STATEMENT_EXECUTE|[198]
08:20:40.0 (113702853)|HEAP_ALLOCATE|[198]|Bytes:18
08:20:40.0 (113725729)|HEAP_ALLOCATE|[EXTERNAL]|Bytes:4
08:20:40.0 (113736677)|HEAP_ALLOCATE|[197]|Bytes:5
08:20:40.0 (113743910)|HEAP_ALLOCATE|[197]|Bytes:16
08:20:40.0 (113748423)|VARIABLE_SCOPE_BEGIN|[197]|ptntInsrnceInstance|Patient_Insurance__c|true|false
08:20:40.0 (113759598)|VARIABLE_ASSIGNMENT|[197]|ptntInsrnceInstance|{"Id":"a1b29000000lvHQAAY","Name":"Maria Johnson - Valu (23 more) ...","Insurance_Company__c":"0012900000AXSP3AAP"}|0x138a06db
08:20:40.0 (113764475)|STATEMENT_EXECUTE|[197]
08:20:40.0 (113765449)|STATEMENT_EXECUTE|[198]
08:20:40.0 (113771377)|HEAP_ALLOCATE|[198]|Bytes:18
08:20:40.0 (113781645)|HEAP_ALLOCATE|[EXTERNAL]|Bytes:4
08:20:40.0 (113790464)|HEAP_ALLOCATE|[197]|Bytes:5
08:20:40.0 (113796992)|HEAP_ALLOCATE|[197]|Bytes:16
08:20:40.0 (113801069)|VARIABLE_SCOPE_BEGIN|[197]|ptntInsrnceInstance|Patient_Insurance__c|true|false
08:20:40.0 (113811307)|VARIABLE_ASSIGNMENT|[197]|ptntInsrnceInstance|{"Id":"a1b29000000lvHVAAY","Name":"Maria Johnson - Priv (7 more) ...","Insurance_Company__c":"0012900000AXSDqAAP"}|0x4e8cd181
08:20:40.0 (113815817)|STATEMENT_EXECUTE|[197]
08:20:40.0 (113816816)|STATEMENT_EXECUTE|[198]
08:20:40.0 (113821474)|HEAP_ALLOCATE|[198]|Bytes:18
08:20:40.0 (113829900)|HEAP_ALLOCATE|[EXTERNAL]|Bytes:4
08:20:40.0 (113838006)|HEAP_ALLOCATE|[197]|Bytes:5
08:20:40.0 (113844117)|HEAP_ALLOCATE|[197]|Bytes:16
08:20:40.0 (113848041)|VARIABLE_SCOPE_BEGIN|[197]|ptntInsrnceInstance|Patient_Insurance__c|true|false
08:20:40.0 (113858722)|VARIABLE_ASSIGNMENT|[197]|ptntInsrnceInstance|{"Id":"a1b29000000ly7uAAA","Name":"Maria Johnson - Alle (6 more) ...","Insurance_Company__c":"0012900000AXSlPAAX"}|0x2ef099da
08:20:40.0 (113863549)|STATEMENT_EXECUTE|[197]
08:20:40.0 (113864444)|STATEMENT_EXECUTE|[198]
08:20:40.0 (113869392)|HEAP_ALLOCATE|[198]|Bytes:18
08:20:40.0 (113877527)|HEAP_ALLOCATE|[EXTERNAL]|Bytes:4
08:20:40.0 (113885187)|HEAP_ALLOCATE|[197]|Bytes:5
08:20:40.0 (113892817)|VARIABLE_ASSIGNMENT|[197]|ptntInsrnceInstance|null|
08:20:40.0 (113897112)|STATEMENT_EXECUTE|[201]
08:20:40.0 (115646572)|SYSTEM_MODE_ENTER|true
08:20:40.0 (115693503)|HEAP_ALLOCATE|[EXTERNAL]|Bytes:112
08:20:40.0 (115701974)|VARIABLE_SCOPE_BEGIN|[215]|this|PAW_New_EditCntrllr|true|false
08:20:40.0 (115789956)|VARIABLE_ASSIGNMENT|[215]|this|{"estmtCvrgeDaysObj":"0x3a876ef2","faciltyOptions":"0x16f06ff6","fcltyPrgrmOptions":"0x7fed57fa","idToOwnershipFacilit (4 more) ...":"0x78cb949d","idToTypeFacilityMap":"0x6d8c5ef9","insrncBnftMap":"0x2b8e7c8b","insrncBnftOptions":"0x2e866c58","isIop":false,"isTalbott":false,"meta":"0x26803e8c","oppId":"00629000004NTeZ","pawObj":"0x2a7f77f6","ptntInsrnceOptions":"0x54d5ffee","ptntInsrncMap":"0x4eae67b5","ptntInsrncObj":"0x7b388914","quoteObj":"0x72d5bd8b","recordId":"00629000004NTeZ","rtAdjstmntOptions":"0xeb46158","showPILookup":false,"sObjectQueryStr":"","wrprObj":"0x734cd23f"}|0x613b2e3a
08:20:40.0 (115807130)|STATEMENT_EXECUTE|[215]
08:20:40.0 (115808661)|STATEMENT_EXECUTE|[216]
08:20:40.0 (115854944)|STATEMENT_EXECUTE|[217]
08:20:40.0 (115897273)|HEAP_ALLOCATE|[EXTERNAL]|Bytes:4
08:20:40.0 (115978236)|VARIABLE_ASSIGNMENT|[EXTERNAL]|this|{"estmtCvrgeDaysObj":"0x3a876ef2","faciltyOptions":"0x16f06ff6","fcltyPrgrmOptions":"0x7fed57fa","idToOwnershipFacilit (4 more) ...":"0x78cb949d","idToTypeFacilityMap":"0x6d8c5ef9","insrncBnftMap":"0x2b8e7c8b","insrncBnftOptions":"0x2e866c58","isIop":false,"isTalbott":false,"meta":"0x26803e8c","oppId":"00629000004NTeZ","pawObj":"0x2a7f77f6","ptntInsrnceOptions":"0x54d5ffee","ptntInsrncMap":"0x4eae67b5","ptntInsrncObj":"0x7b388914","quoteObj":"0x72d5bd8b","recordId":"00629000004NTeZ","rtAdjstmntOptions":"0xeb46158","showPILookup":false,"sObjectQueryStr":"","wrprObj":"0x734cd23f"}|0x613b2e3a
08:20:40.0 (115996202)|STATEMENT_EXECUTE|[218]
08:20:40.0 (115997732)|STATEMENT_EXECUTE|[219]
08:20:40.0 (116020853)|HEAP_ALLOCATE|[219]|Bytes:4
08:20:40.0 (116028281)|HEAP_ALLOCATE|[219]|Bytes:1083
08:20:40.0 (116037008)|HEAP_ALLOCATE|[219]|Bytes:4
08:20:40.0 (116102195)|VARIABLE_ASSIGNMENT|[EXTERNAL]|this|{"estmtCvrgeDaysObj":"0x3a876ef2","faciltyOptions":"0x16f06ff6","fcltyPrgrmOptions":"0x7fed57fa","idToOwnershipFacilit (4 more) ...":"0x78cb949d","idToTypeFacilityMap":"0x6d8c5ef9","insrncBnftMap":"0x2b8e7c8b","insrncBnftOptions":"0x2e866c58","isIop":false,"isTalbott":false,"meta":"0x26803e8c","oppId":"00629000004NTeZ","pawObj":"0x2a7f77f6","ptntInsrnceOptions":"0x54d5ffee","ptntInsrncMap":"0x4eae67b5","ptntInsrncObj":"0x7b388914","quoteObj":"0x72d5bd8b","recordId":"00629000004NTeZ","rtAdjstmntOptions":"0xeb46158","showPILookup":false,"sObjectQueryStr":"","wrprObj":"0x734cd23f"}|0x613b2e3a
08:20:40.0 (119595451)|SOQL_EXECUTE_BEGIN|[219]|Aggregations:0|SELECT Id, Name, RecordType.Name, Uncovered_Charges__c, Patient_Insurance__r.Accepts_Assignment_of_Benefits__c, Patient_Insurance__r.Opportunity__c, Patient_Insurance__r.Accreditation__c, Patient_Insurance__r.Insurance_Company__r.Name, PHP_Admit_Co_Payment__c, Detox_Admit_Co_Payment__c, RTC_Admit_Co_Payment__c, Deductible__c, Deductible_Met__c, IOP_Admit_Co_Payment__c, Max_Out_of_Pocket_Remaining__c, Insurance_Company_is_Out_of_Network__c, Annual_Max_Remaining__c, Deductible_Remaining__c, Detox_Pays_at__c, Detox_Over__c, RTC_Pays_at__c, Residential_Treatment_Override__c, PHP_Pays_at__c, Partial_Hospitalization_Override__c, IOP_Pays_at__c, Intensive_Outpatient_Override__c, Num_Days_Uncovered__c, Num_Days_Room__c, Uncovered_Days_Rate__c, Room_and_Board_Days_Rate__c, Uncovered_Days_Override__c, Room_and_Board_Days_Override__c, Deductible_Included_in_OOP__c, Uncovered_Days__c, Lifetime_Max__c, Lifetime_Max_Met__c, Annual_Max__c, Annual_Max_Met__c, Max_Out_of_Pocket__c, Max_Out_of_Pocket_Met__c, Co_Pay_Met__c FROM Insurance_Benefit__c WHERE Patient_Insurance__c = :tmpVar1
08:20:40.0 (123116353)|SOQL_EXECUTE_END|[219]|Rows:0
08:20:40.0 (123142559)|HEAP_ALLOCATE|[219]|Bytes:4
08:20:40.0 (123158290)|HEAP_ALLOCATE|[219]|Bytes:0
08:20:40.0 (123214438)|HEAP_ALLOCATE|[219]|Bytes:4
08:20:40.0 (123258113)|VARIABLE_ASSIGNMENT|[219]|this.insrncBnftMap|{}|0x613b2e3a
08:20:40.0 (123301241)|HEAP_ALLOCATE|[EXTERNAL]|Bytes:4
08:20:40.0 (123308194)|HEAP_ALLOCATE|[263]|Bytes:4
08:20:40.0 (123449357)|HEAP_ALLOCATE|[263]|Bytes:5
08:20:40.0 (123465949)|VARIABLE_ASSIGNMENT|[263]|insrncBnftInstance|null|
08:20:40.0 (123472099)|STATEMENT_EXECUTE|[263]
08:20:40.0 (123573647)|VARIABLE_ASSIGNMENT|[EXTERNAL]|this|{"estmtCvrgeDaysObj":"0x3a876ef2","faciltyOptions":"0x16f06ff6","fcltyPrgrmOptions":"0x7fed57fa","idToOwnershipFacilit (4 more) ...":"0x78cb949d","idToTypeFacilityMap":"0x6d8c5ef9","insrncBnftMap":"0x3716a982","insrncBnftOptions":"0x2e866c58","isIop":false,"isTalbott":false,"meta":"0x26803e8c","oppId":"00629000004NTeZ","pawObj":"0x2a7f77f6","ptntInsrnceOptions":"0x54d5ffee","ptntInsrncMap":"0x4eae67b5","ptntInsrncObj":"0x7b388914","quoteObj":"0x72d5bd8b","recordId":"00629000004NTeZ","rtAdjstmntOptions":"0xeb46158","showPILookup":false,"sObjectQueryStr":"","wrprObj":"0x734cd23f"}|0x613b2e3a
08:20:40.0 (123650657)|VARIABLE_ASSIGNMENT|[EXTERNAL]|this|{"facilitySelected":"","fcltyPrgrmSelected":"","insrncBnft":"0x20e1a907","insrncBnftSelected":"","pawDetailListDisplay (4 more) ...":false,"pyAgrmntWrksht":"0x1914e603","rateAdjstmntSelected":"","relatedPAWDetailsLis (1 more) ...":"0x19c27203","targetEDR":0.00,"totalAppliedDeductib (2 more) ...":0.00,"totalCoInsurance":0.00,"totalCoPayAmt":0.00,"totalInsCoResp":0.00,"totalInsEIVAmt":0.00,"totalRowCount":0,"totalTalbottDay":0.00}|0x734cd23f
08:20:40.0 (123712230)|VARIABLE_ASSIGNMENT|[EXTERNAL]|this|{"estmtCvrgeDaysObj":"0x3a876ef2","faciltyOptions":"0x16f06ff6","fcltyPrgrmOptions":"0x7fed57fa","idToOwnershipFacilit (4 more) ...":"0x78cb949d","idToTypeFacilityMap":"0x6d8c5ef9","insrncBnftMap":"0x3716a982","insrncBnftOptions":"0x2e866c58","isIop":false,"isTalbott":false,"meta":"0x26803e8c","oppId":"00629000004NTeZ","pawObj":"0x2a7f77f6","ptntInsrnceOptions":"0x54d5ffee","ptntInsrncMap":"0x4eae67b5","ptntInsrncObj":"0x7b388914","quoteObj":"0x72d5bd8b","recordId":"00629000004NTeZ","rtAdjstmntOptions":"0xeb46158","showPILookup":false,"sObjectQueryStr":"","wrprObj":"0x734cd23f"}|0x613b2e3a
08:20:40.0 (123757884)|VARIABLE_ASSIGNMENT|[EXTERNAL]|this|{"facilitySelected":"","fcltyPrgrmSelected":"","insrncBnft":"0x20e1a907","insrncBnftSelected":"","pawDetailListDisplay (4 more) ...":false,"pyAgrmntWrksht":"0x1914e603","rateAdjstmntSelected":"","relatedPAWDetailsLis (1 more) ...":"0x19c27203","targetEDR":0.00,"totalAppliedDeductib (2 more) ...":0.00,"totalCoInsurance":0.00,"totalCoPayAmt":0.00,"totalInsCoResp":0.00,"totalInsEIVAmt":0.00,"totalRowCount":0,"totalTalbottDay":0.00}|0x734cd23f
08:20:40.0 (123781220)|STATEMENT_EXECUTE|[269]
08:20:40.0 (123783041)|STATEMENT_EXECUTE|[270]
08:20:40.0 (123838768)|VARIABLE_ASSIGNMENT|[EXTERNAL]|this|{"estmtCvrgeDaysObj":"0x3a876ef2","faciltyOptions":"0x16f06ff6","fcltyPrgrmOptions":"0x7fed57fa","idToOwnershipFacilit (4 more) ...":"0x78cb949d","idToTypeFacilityMap":"0x6d8c5ef9","insrncBnftMap":"0x3716a982","insrncBnftOptions":"0x2e866c58","isIop":false,"isTalbott":false,"meta":"0x26803e8c","oppId":"00629000004NTeZ","pawObj":"0x2a7f77f6","ptntInsrnceOptions":"0x54d5ffee","ptntInsrncMap":"0x4eae67b5","ptntInsrncObj":"0x7b388914","quoteObj":"0x72d5bd8b","recordId":"00629000004NTeZ","rtAdjstmntOptions":"0xeb46158","showPILookup":false,"sObjectQueryStr":"","wrprObj":"0x734cd23f"}|0x613b2e3a
08:20:40.0 (123885998)|VARIABLE_ASSIGNMENT|[EXTERNAL]|this|{"facilitySelected":"","fcltyPrgrmSelected":"","insrncBnft":"0x20e1a907","insrncBnftSelected":"","pawDetailListDisplay (4 more) ...":false,"pyAgrmntWrksht":"0x1914e603","rateAdjstmntSelected":"","relatedPAWDetailsLis (1 more) ...":"0x19c27203","targetEDR":0.00,"totalAppliedDeductib (2 more) ...":0.00,"totalCoInsurance":0.00,"totalCoPayAmt":0.00,"totalInsCoResp":0.00,"totalInsEIVAmt":0.00,"totalRowCount":0,"totalTalbottDay":0.00}|0x734cd23f
08:20:40.0 (123896318)|VARIABLE_ASSIGNMENT|[EXTERNAL]|value|null|
08:20:40.0 (123903769)|VARIABLE_ASSIGNMENT|[525]|this.insrncBnft|null|0x734cd23f
08:20:40.0 (123910315)|STATEMENT_EXECUTE|[272]
08:20:40.0 (124736450)|SYSTEM_MODE_ENTER|true
08:20:40.0 (124959448)|SYSTEM_MODE_ENTER|true
08:20:40.0 (124993826)|HEAP_ALLOCATE|[EXTERNAL]|Bytes:112
08:20:40.0 (125002091)|VARIABLE_SCOPE_BEGIN|[379]|this|PAW_New_EditCntrllr|true|false
08:20:40.0 (125069900)|VARIABLE_ASSIGNMENT|[379]|this|{"estmtCvrgeDaysObj":"0x3a876ef2","faciltyOptions":"0x16f06ff6","fcltyPrgrmOptions":"0x7fed57fa","idToOwnershipFacilit (4 more) ...":"0x78cb949d","idToTypeFacilityMap":"0x6d8c5ef9","insrncBnftMap":"0x3716a982","insrncBnftOptions":"0x2e866c58","isIop":false,"isTalbott":false,"meta":"0x26803e8c","oppId":"00629000004NTeZ","pawObj":"0x2a7f77f6","ptntInsrnceOptions":"0x54d5ffee","ptntInsrncMap":"0x4eae67b5","ptntInsrncObj":"0x7b388914","quoteObj":"0x72d5bd8b","recordId":"00629000004NTeZ","rtAdjstmntOptions":"0xeb46158","showPILookup":false,"sObjectQueryStr":"","wrprObj":"0x734cd23f"}|0x613b2e3a
08:20:40.0 (125085703)|STATEMENT_EXECUTE|[379]
08:20:40.0 (125087541)|STATEMENT_EXECUTE|[380]
08:20:40.0 (125096833)|HEAP_ALLOCATE|[380]|Bytes:4
08:20:40.0 (125145690)|HEAP_ALLOCATE|[EXTERNAL]|Bytes:4
08:20:40.0 (125158116)|VARIABLE_ASSIGNMENT|[380]|this.rtAdjstmntOptions|[]|0x613b2e3a
08:20:40.0 (125180827)|STATEMENT_EXECUTE|[381]
08:20:40.0 (125188328)|HEAP_ALLOCATE|[381]|Bytes:8
08:20:40.0 (125242396)|HEAP_ALLOCATE|[EXTERNAL]|Bytes:4
08:20:40.0 (125320530)|VARIABLE_ASSIGNMENT|[EXTERNAL]|this|{"estmtCvrgeDaysObj":"0x3a876ef2","faciltyOptions":"0x16f06ff6","fcltyPrgrmOptions":"0x7fed57fa","idToOwnershipFacilit (4 more) ...":"0x78cb949d","idToTypeFacilityMap":"0x6d8c5ef9","insrncBnftMap":"0x3716a982","insrncBnftOptions":"0x2e866c58","isIop":false,"isTalbott":false,"meta":"0x26803e8c","oppId":"00629000004NTeZ","pawObj":"0x2a7f77f6","ptntInsrnceOptions":"0x54d5ffee","ptntInsrncMap":"0x4eae67b5","ptntInsrncObj":"0x7b388914","quoteObj":"0x72d5bd8b","recordId":"00629000004NTeZ","rtAdjstmntOptions":"0x7964cb98","showPILookup":false,"sObjectQueryStr":"","wrprObj":"0x734cd23f"}|0x613b2e3a
08:20:40.0 (125386949)|VARIABLE_ASSIGNMENT|[EXTERNAL]|this|{"facilitySelected":"","fcltyPrgrmSelected":"","insrncBnftSelected":"","pawDetailListDisplay (4 more) ...":false,"pyAgrmntWrksht":"0x1914e603","rateAdjstmntSelected":"","relatedPAWDetailsLis (1 more) ...":"0x19c27203","targetEDR":0.00,"totalAppliedDeductib (2 more) ...":0.00,"totalCoInsurance":0.00,"totalCoPayAmt":0.00,"totalInsCoResp":0.00,"totalInsEIVAmt":0.00,"totalRowCount":0,"totalTalbottDay":0.00}|0x734cd23f
08:20:40.0 (125451531)|VARIABLE_ASSIGNMENT|[EXTERNAL]|this|{"estmtCvrgeDaysObj":"0x3a876ef2","faciltyOptions":"0x16f06ff6","fcltyPrgrmOptions":"0x7fed57fa","idToOwnershipFacilit (4 more) ...":"0x78cb949d","idToTypeFacilityMap":"0x6d8c5ef9","insrncBnftMap":"0x3716a982","insrncBnftOptions":"0x2e866c58","isIop":false,"isTalbott":false,"meta":"0x26803e8c","oppId":"00629000004NTeZ","pawObj":"0x2a7f77f6","ptntInsrnceOptions":"0x54d5ffee","ptntInsrncMap":"0x4eae67b5","ptntInsrncObj":"0x7b388914","quoteObj":"0x72d5bd8b","recordId":"00629000004NTeZ","rtAdjstmntOptions":"0x7964cb98","showPILookup":false,"sObjectQueryStr":"","wrprObj":"0x734cd23f"}|0x613b2e3a
08:20:40.0 (125499425)|VARIABLE_ASSIGNMENT|[EXTERNAL]|this|{"facilitySelected":"","fcltyPrgrmSelected":"","insrncBnftSelected":"","pawDetailListDisplay (4 more) ...":false,"pyAgrmntWrksht":"0x1914e603","rateAdjstmntSelected":"","relatedPAWDetailsLis (1 more) ...":"0x19c27203","targetEDR":0.00,"totalAppliedDeductib (2 more) ...":0.00,"totalCoInsurance":0.00,"totalCoPayAmt":0.00,"totalInsCoResp":0.00,"totalInsEIVAmt":0.00,"totalRowCount":0,"totalTalbottDay":0.00}|0x734cd23f
08:20:40.0 (125519155)|STATEMENT_EXECUTE|[382]
08:20:40.0 (125520663)|STATEMENT_EXECUTE|[400]
08:20:40.0 (125829544)|SYSTEM_MODE_ENTER|true
08:20:40.0 (143010509)|VF_SERIALIZE_VIEWSTATE_BEGIN|0660a0000009uTC
08:20:40.0 (150105881)|VF_SERIALIZE_VIEWSTATE_END
08:20:40.155 (155861998)|CUMULATIVE_LIMIT_USAGE
08:20:40.155 (155861998)|LIMIT_USAGE_FOR_NS|(default)|
  Number of SOQL queries: 3 out of 100
  Number of query rows: 8 out of 50000
  Number of SOSL queries: 0 out of 20
  Number of DML statements: 0 out of 150
  Number of DML rows: 0 out of 10000
  Maximum CPU time: 0 out of 10000
  Maximum heap size: 0 out of 6000000
  Number of callouts: 0 out of 100
  Number of Email Invocations: 0 out of 10
  Number of future calls: 0 out of 50
  Number of queueable jobs added to the queue: 0 out of 50
  Number of Mobile Apex push calls: 0 out of 10

08:20:40.155 (155861998)|CUMULATIVE_LIMIT_USAGE_END

08:20:40.0 (155901056)|CODE_UNIT_FINISHED|VF: /apex/PAW_New_Edit
08:20:40.0 (156677267)|EXECUTION_FINISHED
