38.0 APEX_CODE,FINEST;APEX_PROFILING,INFO;CALLOUT,INFO;DB,INFO;SYSTEM,DEBUG;VALIDATION,INFO;VISUALFORCE,INFO;WAVE,INFO;WORKFLOW,FINER
07:33:52.0 (289499)|USER_INFO|[EXTERNAL]|00529000000zYiy|bhakti.gujrathi@eternussolutions.com.frnstgng|Central Standard Time|GMT-06:00
07:33:52.0 (324268)|EXECUTION_STARTED
07:33:52.0 (328558)|CODE_UNIT_STARTED|[EXTERNAL]|01pj0000004Sbuc|BenefitsVOBStatus.VOBStatusCheck
07:33:52.0 (484341)|HEAP_ALLOCATE|[72]|Bytes:3
07:33:52.0 (525473)|HEAP_ALLOCATE|[77]|Bytes:152
07:33:52.0 (538377)|HEAP_ALLOCATE|[342]|Bytes:408
07:33:52.0 (549784)|HEAP_ALLOCATE|[355]|Bytes:408
07:33:52.0 (560020)|HEAP_ALLOCATE|[467]|Bytes:48
07:33:52.0 (585088)|HEAP_ALLOCATE|[139]|Bytes:6
07:33:52.0 (599392)|HEAP_ALLOCATE|[EXTERNAL]|Bytes:4
07:33:52.0 (609787)|METHOD_ENTRY|[1]|01pj0000004Sbuc|BenefitsVOBStatus.BenefitsVOBStatus()
07:33:52.0 (617151)|STATEMENT_EXECUTE|[1]
07:33:52.0 (621978)|STATEMENT_EXECUTE|[1]
07:33:52.0 (625027)|METHOD_EXIT|[1]|BenefitsVOBStatus
07:33:52.0 (629850)|HEAP_ALLOCATE|[EXTERNAL]|Bytes:15
07:33:52.0 (638140)|VARIABLE_SCOPE_BEGIN|[2]|agreementID|String|false|false
07:33:52.0 (660272)|VARIABLE_ASSIGNMENT|[2]|agreementID|"00629000004NTeZ"
07:33:52.0 (669788)|STATEMENT_EXECUTE|[2]
07:33:52.0 (671273)|STATEMENT_EXECUTE|[4]
07:33:52.0 (672149)|STATEMENT_EXECUTE|[5]
07:33:52.0 (674725)|HEAP_ALLOCATE|[5]|Bytes:66
07:33:52.0 (692847)|HEAP_ALLOCATE|[5]|Bytes:4
07:33:52.0 (704401)|HEAP_ALLOCATE|[5]|Bytes:7
07:33:52.0 (747087)|HEAP_ALLOCATE|[50]|Bytes:5
07:33:52.0 (767906)|HEAP_ALLOCATE|[56]|Bytes:5
07:33:52.0 (774443)|HEAP_ALLOCATE|[64]|Bytes:7
07:33:52.0 (2974772)|SOQL_EXECUTE_BEGIN|[5]|Aggregations:0|SELECT Id, Benefits_Status__c FROM Opportunity WHERE id = :tmpVar1
07:33:52.0 (8186379)|SOQL_EXECUTE_END|[5]|Rows:1
07:33:52.0 (8209177)|HEAP_ALLOCATE|[5]|Bytes:8
07:33:52.0 (8225054)|HEAP_ALLOCATE|[5]|Bytes:69
07:33:52.0 (8324518)|HEAP_ALLOCATE|[5]|Bytes:8
07:33:52.0 (8336584)|HEAP_ALLOCATE|[5]|Bytes:37
07:33:52.0 (8377602)|HEAP_ALLOCATE|[5]|Bytes:12
07:33:52.0 (8385880)|VARIABLE_SCOPE_BEGIN|[5]|OpportunityBS|Opportunity|true|false
07:33:52.0 (8413786)|VARIABLE_ASSIGNMENT|[5]|OpportunityBS|{"Id":"00629000004NTeZAAW","Benefits_Status__c":"Benefits Submitted"}|0x17a26b76
07:33:52.0 (8421181)|STATEMENT_EXECUTE|[7]
07:33:52.0 (8450101)|HEAP_ALLOCATE|[8]|Bytes:12
07:33:52.0 (8477875)|STATEMENT_EXECUTE|[10]
07:33:52.0 (8479556)|STATEMENT_EXECUTE|[11]
07:33:52.0 (8481818)|HEAP_ALLOCATE|[11]|Bytes:16
07:33:52.8 (8505441)|CUMULATIVE_LIMIT_USAGE
07:33:52.8 (8505441)|LIMIT_USAGE_FOR_NS|(default)|
  Number of SOQL queries: 1 out of 100
  Number of query rows: 1 out of 50000
  Number of SOSL queries: 0 out of 20
  Number of DML statements: 0 out of 150
  Number of DML rows: 0 out of 10000
  Maximum CPU time: 0 out of 10000
  Maximum heap size: 0 out of 6000000
  Number of callouts: 0 out of 100
  Number of Email Invocations: 0 out of 10
  Number of future calls: 0 out of 50
  Number of queueable jobs added to the queue: 0 out of 50
  Number of Mobile Apex push calls: 0 out of 10

07:33:52.8 (8505441)|CUMULATIVE_LIMIT_USAGE_END

07:33:52.0 (8539848)|CODE_UNIT_FINISHED|BenefitsVOBStatus.VOBStatusCheck
07:33:52.0 (9266792)|EXECUTION_FINISHED
