37.0 APEX_CODE,FINEST;APEX_PROFILING,INFO;CALLOUT,INFO;DB,INFO;SYSTEM,DEBUG;VALIDATION,INFO;VISUALFORCE,INFO;WAVE,INFO;WORKFLOW,FINER
07:48:51.0 (246645)|USER_INFO|[EXTERNAL]|00529000000zYiy|bhakti.gujrathi@eternussolutions.com.frnstgng|Central Standard Time|GMT-06:00
07:48:51.0 (280252)|EXECUTION_STARTED
07:48:51.0 (285238)|CODE_UNIT_STARTED|[EXTERNAL]|0660a0000009uTC|VF: /apex/PAW_New_Edit
07:48:51.0 (736866)|VF_DESERIALIZE_VIEWSTATE_BEGIN|0660a0000009uTC
07:48:51.0 (4895638)|HEAP_ALLOCATE|[72]|Bytes:3
07:48:51.0 (4942550)|HEAP_ALLOCATE|[77]|Bytes:152
07:48:51.0 (4957743)|HEAP_ALLOCATE|[342]|Bytes:408
07:48:51.0 (4969127)|HEAP_ALLOCATE|[355]|Bytes:408
07:48:51.0 (4980470)|HEAP_ALLOCATE|[467]|Bytes:48
07:48:51.0 (5008406)|HEAP_ALLOCATE|[139]|Bytes:6
07:48:51.0 (5035392)|HEAP_ALLOCATE|[50]|Bytes:5
07:48:51.0 (5058488)|HEAP_ALLOCATE|[56]|Bytes:5
07:48:51.0 (5065779)|HEAP_ALLOCATE|[64]|Bytes:7
07:48:51.0 (8410768)|VARIABLE_SCOPE_BEGIN|[35]|PAW_New_EditCntrllr.globalSchemaMap|Map<String,Schema.SObjectType>|true|true
07:48:51.0 (8425314)|VARIABLE_SCOPE_BEGIN|[3]|PAW_New_EditCntrllr.yearEndMode|Boolean|false|true
07:48:51.0 (13155835)|VF_DESERIALIZE_VIEWSTATE_END
07:48:51.14 (14111376)|SYSTEM_MODE_ENTER|true
07:48:51.14 (14185687)|HEAP_ALLOCATE|[EXTERNAL]|Bytes:38
07:48:51.14 (14194135)|HEAP_ALLOCATE|[EXTERNAL]|Bytes:7
07:48:51.14 (14205373)|SYSTEM_METHOD_ENTRY|[1]|PageMessagesComponentController.PageMessagesComponentController()
07:48:51.14 (14210495)|STATEMENT_EXECUTE|[1]
07:48:51.15 (15007270)|SYSTEM_MODE_ENTER|true
07:48:51.15 (15064858)|HEAP_ALLOCATE|[EXTERNAL]|Bytes:8
07:48:51.15 (15072369)|VARIABLE_SCOPE_BEGIN|[88]|this|ApexPage.PageMessagesComponentController|true|false
07:48:51.15 (15109622)|VARIABLE_ASSIGNMENT|[88]|this|{}|0x5846ea30
07:48:51.15 (15116144)|VARIABLE_SCOPE_BEGIN|[88]|escape|Boolean|false|false
07:48:51.15 (15124669)|VARIABLE_ASSIGNMENT|[88]|escape|null
07:48:51.0 (15323698)|SYSTEM_MODE_ENTER|true
07:48:51.0 (15348278)|HEAP_ALLOCATE|[EXTERNAL]|Bytes:11
07:48:51.0 (15364197)|HEAP_ALLOCATE|[EXTERNAL]|Bytes:304
07:48:51.0 (15369196)|HEAP_ALLOCATE|[EXTERNAL]|Bytes:98
07:48:51.0 (15373039)|HEAP_ALLOCATE|[EXTERNAL]|Bytes:14
07:48:51.0 (15384158)|METHOD_ENTRY|[1]|01p0a000004sKzV|PAW_New_EditCntrllr.PAW_New_EditCntrllr()
07:48:51.0 (15388477)|STATEMENT_EXECUTE|[1]
07:48:51.0 (15392537)|STATEMENT_EXECUTE|[1]
07:48:51.0 (15393924)|STATEMENT_EXECUTE|[3]
07:48:51.0 (15864904)|VARIABLE_SCOPE_BEGIN|[3]|PAW_YearEnd_Config.setting|Year_End_PAW_Settings__c|true|true
07:48:51.0 (15881414)|HEAP_ALLOCATE|[3]|Bytes:1
07:48:51.0 (15887922)|HEAP_ALLOCATE|[3]|Bytes:1
07:48:51.0 (15931664)|METHOD_ENTRY|[1]|01p29000000Aswf|PAW_YearEnd_Config.PAW_YearEnd_Config()
07:48:51.0 (15937092)|STATEMENT_EXECUTE|[1]
07:48:51.0 (15940179)|STATEMENT_EXECUTE|[1]
07:48:51.0 (15957553)|SYSTEM_MODE_ENTER|false
07:48:51.0 (15964451)|HEAP_ALLOCATE|[3]|Bytes:5
07:48:51.0 (15971834)|SYSTEM_MODE_EXIT|false
07:48:51.0 (15979109)|METHOD_EXIT|[1]|PAW_YearEnd_Config
07:48:51.0 (15989342)|METHOD_ENTRY|[3]|01p29000000Aswf|PAW_YearEnd_Config.fetch()
07:48:51.0 (16016123)|SYSTEM_MODE_ENTER|false
07:48:51.0 (16022156)|HEAP_ALLOCATE|[6]|Bytes:5
07:48:51.0 (16026229)|STATEMENT_EXECUTE|[5]
07:48:51.0 (16029781)|STATEMENT_EXECUTE|[7]
07:48:51.0 (17121722)|HEAP_ALLOCATE|[7]|Bytes:20
07:48:51.0 (17169339)|VARIABLE_ASSIGNMENT|[7]|PAW_YearEnd_Config.setting|{"IsDeleted":false,"Name":"Year End PAW Setting (11 more) ...","SetupOwnerId":"00529000000zYiyAAE","Year_End_Mode_Enable (4 more) ...":false}|0x6e0b59b9
07:48:51.0 (17177719)|STATEMENT_EXECUTE|[9]
07:48:51.0 (17181400)|HEAP_ALLOCATE|[9]|Bytes:14
07:48:51.0 (17328276)|HEAP_ALLOCATE|[9]|Bytes:145
07:48:51.0 (17357822)|HEAP_ALLOCATE|[9]|Bytes:159
07:48:51.0 (17378574)|USER_DEBUG|[9]|DEBUG|>>> setting : Year_End_PAW_Settings__c:{IsDeleted=false, Name=Year End PAW Settings (Profile), SetupOwnerId=00529000000zYiyAAE, Year_End_Mode_Enabled__c=false}
07:48:51.0 (17388516)|STATEMENT_EXECUTE|[10]
07:48:51.0 (17394527)|SYSTEM_MODE_EXIT|false
07:48:51.0 (17402472)|METHOD_EXIT|[3]|01p29000000Aswf|PAW_YearEnd_Config.fetch()
07:48:51.0 (17441703)|VARIABLE_ASSIGNMENT|[3]|PAW_New_EditCntrllr.yearEndMode|false
07:48:51.0 (17447370)|STATEMENT_EXECUTE|[523]
07:48:51.0 (17452682)|METHOD_EXIT|[1]|PAW_New_EditCntrllr
07:48:51.0 (18766718)|SYSTEM_MODE_ENTER|true
07:48:51.0 (20308581)|SYSTEM_MODE_ENTER|true
07:48:51.0 (20366810)|HEAP_ALLOCATE|[EXTERNAL]|Bytes:476
07:48:51.0 (20377063)|HEAP_ALLOCATE|[EXTERNAL]|Bytes:71
07:48:51.0 (26344634)|SYSTEM_MODE_ENTER|true
07:48:51.0 (26416701)|SYSTEM_MODE_ENTER|true
07:48:51.0 (32001935)|SYSTEM_MODE_ENTER|true
07:48:51.0 (32203951)|HEAP_ALLOCATE|[EXTERNAL]|Bytes:112
07:48:51.0 (32213722)|VARIABLE_SCOPE_BEGIN|[215]|this|PAW_New_EditCntrllr|true|false
07:48:51.0 (32315506)|VARIABLE_ASSIGNMENT|[215]|this|{"cmpnyRateAdjstmntMap":"0x797dd8ad","estmtCnrgDaysMap":"0x9407235","estmtCvrgeDaysObj":"0x463b3b73","faciltyOptions":"0x44ff3c4","fcltyPrgmMap":"0x1360eb50","fcltyPrgrmOptions":"0x193be2d3","idToOwnershipFacilit (4 more) ...":"0x6c4b224","idToTypeFacilityMap":"0x7deea0eb","insrncBnftMap":"0x69c0fe6d","insrncBnftOptions":"0x2faba4fc","isIop":false,"isTalbott":false,"meta":"0xc5d66bf","oppId":"00629000004NTeZ","pawObj":"0x4bc6627","ptntInsrnceOptions":"0x6ae1d34b","ptntInsrncMap":"0x181f06af","ptntInsrncObj":"0xf2c90de","quoteObj":"0x7f10e38d","recordId":"00629000004NTeZ","rtAdjstmntOptions":"0x18fa2f16","showPILookup":false,"sObjectQueryStr":"","wrprObj":"0x4709ed7c"}|0x6a489a83
07:48:51.0 (32334514)|STATEMENT_EXECUTE|[215]
07:48:51.0 (32336315)|STATEMENT_EXECUTE|[216]
07:48:51.0 (32391712)|STATEMENT_EXECUTE|[217]
07:48:51.0 (32402675)|HEAP_ALLOCATE|[217]|Bytes:12
07:48:51.0 (32451682)|HEAP_ALLOCATE|[EXTERNAL]|Bytes:4
07:48:51.0 (32537317)|VARIABLE_ASSIGNMENT|[EXTERNAL]|this|{"cmpnyRateAdjstmntMap":"0x797dd8ad","estmtCnrgDaysMap":"0x9407235","estmtCvrgeDaysObj":"0x463b3b73","faciltyOptions":"0x44ff3c4","fcltyPrgmMap":"0x1360eb50","fcltyPrgrmOptions":"0x193be2d3","idToOwnershipFacilit (4 more) ...":"0x6c4b224","idToTypeFacilityMap":"0x7deea0eb","insrncBnftMap":"0x69c0fe6d","insrncBnftOptions":"0x2faba4fc","isIop":false,"isTalbott":false,"meta":"0xc5d66bf","oppId":"00629000004NTeZ","pawObj":"0x4bc6627","ptntInsrnceOptions":"0x6ae1d34b","ptntInsrncMap":"0x181f06af","ptntInsrncObj":"0xf2c90de","quoteObj":"0x7f10e38d","recordId":"00629000004NTeZ","rtAdjstmntOptions":"0x18fa2f16","showPILookup":false,"sObjectQueryStr":"","wrprObj":"0x4709ed7c"}|0x6a489a83
07:48:51.0 (32558123)|STATEMENT_EXECUTE|[218]
07:48:51.0 (32559546)|STATEMENT_EXECUTE|[219]
07:48:51.0 (32589965)|HEAP_ALLOCATE|[219]|Bytes:4
07:48:51.0 (32597344)|HEAP_ALLOCATE|[219]|Bytes:1083
07:48:51.0 (32606786)|HEAP_ALLOCATE|[219]|Bytes:4
07:48:51.0 (32615756)|HEAP_ALLOCATE|[219]|Bytes:7
07:48:51.0 (32688194)|VARIABLE_ASSIGNMENT|[EXTERNAL]|this|{"cmpnyRateAdjstmntMap":"0x797dd8ad","estmtCnrgDaysMap":"0x9407235","estmtCvrgeDaysObj":"0x463b3b73","faciltyOptions":"0x44ff3c4","fcltyPrgmMap":"0x1360eb50","fcltyPrgrmOptions":"0x193be2d3","idToOwnershipFacilit (4 more) ...":"0x6c4b224","idToTypeFacilityMap":"0x7deea0eb","insrncBnftMap":"0x69c0fe6d","insrncBnftOptions":"0x2faba4fc","isIop":false,"isTalbott":false,"meta":"0xc5d66bf","oppId":"00629000004NTeZ","pawObj":"0x4bc6627","ptntInsrnceOptions":"0x6ae1d34b","ptntInsrncMap":"0x181f06af","ptntInsrncObj":"0xf2c90de","quoteObj":"0x7f10e38d","recordId":"00629000004NTeZ","rtAdjstmntOptions":"0x18fa2f16","showPILookup":false,"sObjectQueryStr":"","wrprObj":"0x4709ed7c"}|0x6a489a83
07:48:51.0 (35607475)|SOQL_EXECUTE_BEGIN|[219]|Aggregations:0|SELECT Id, Name, RecordType.Name, Uncovered_Charges__c, Patient_Insurance__r.Accepts_Assignment_of_Benefits__c, Patient_Insurance__r.Opportunity__c, Patient_Insurance__r.Accreditation__c, Patient_Insurance__r.Insurance_Company__r.Name, PHP_Admit_Co_Payment__c, Detox_Admit_Co_Payment__c, RTC_Admit_Co_Payment__c, Deductible__c, Deductible_Met__c, IOP_Admit_Co_Payment__c, Max_Out_of_Pocket_Remaining__c, Insurance_Company_is_Out_of_Network__c, Annual_Max_Remaining__c, Deductible_Remaining__c, Detox_Pays_at__c, Detox_Over__c, RTC_Pays_at__c, Residential_Treatment_Override__c, PHP_Pays_at__c, Partial_Hospitalization_Override__c, IOP_Pays_at__c, Intensive_Outpatient_Override__c, Num_Days_Uncovered__c, Num_Days_Room__c, Uncovered_Days_Rate__c, Room_and_Board_Days_Rate__c, Uncovered_Days_Override__c, Room_and_Board_Days_Override__c, Deductible_Included_in_OOP__c, Uncovered_Days__c, Lifetime_Max__c, Lifetime_Max_Met__c, Annual_Max__c, Annual_Max_Met__c, Max_Out_of_Pocket__c, Max_Out_of_Pocket_Met__c, Co_Pay_Met__c FROM Insurance_Benefit__c WHERE Patient_Insurance__c = :tmpVar1
07:48:51.0 (49212117)|SOQL_EXECUTE_END|[219]|Rows:2
07:48:51.0 (49236223)|HEAP_ALLOCATE|[219]|Bytes:12
07:48:51.0 (49286630)|HEAP_ALLOCATE|[219]|Bytes:2986
07:48:51.0 (49354005)|HEAP_ALLOCATE|[219]|Bytes:12
07:48:51.0 (49394751)|HEAP_ALLOCATE|[219]|Bytes:108
07:48:51.0 (49407563)|HEAP_ALLOCATE|[219]|Bytes:4
07:48:51.0 (49413037)|HEAP_ALLOCATE|[219]|Bytes:108
07:48:51.0 (49417592)|HEAP_ALLOCATE|[219]|Bytes:4
07:48:51.0 (49505675)|VARIABLE_ASSIGNMENT|[219]|this.insrncBnftMap|{"a1H29000000pRTUEA2":{"Id":"a1H29000000pRTUEA2","Name":"Insurance Benefit 75 (2 more) ...","RecordTypeId":"012j00000015GS6AAM","Patient_Insurance__c":"a1b29000000lvHQAAY","PHP_Admit_Co_Payment (3 more) ...":0.00,"Deductible__c":5000.00,"Deductible_Met__c":0.00,"Max_Out_of_Pocket_Re (10 more) ...":10000.00,"Insurance_Company_is (18 more) ...":false,"Annual_Max_Remaining (3 more) ...":1000000,"Deductible_Remaining (3 more) ...":5000.00,"Detox_Pays_at__c":80.00,"RTC_Pays_at__c":80.00,"PHP_Pays_at__c":80.00,"IOP_Pays_at__c":80.00,"Uncovered_Days_Rate_ (2 more) ...":630.00,"Room_and_Board_Days_ (7 more) ...":2000.00,"Deductible_Included_ (9 more) ...":"Yes","Lifetime_Max__c":1000000.00,"Lifetime_Max_Met__c":0.00,"Annual_Max__c":1000000.00,"Annual_Max_Met__c":0.00,"Max_Out_of_Pocket__c":10000.00,"Max_Out_of_Pocket_Me (4 more) ...":0.00,"RecordType":{"Name":"In Network","Id":"012j00000015GS6AAM"},"Patient_Insurance__r":{"Opportunity__c":"00629000004NTeZAAW","Accreditation__c":"State","Insurance_Company__c":"0012900000AXSP3AAP","Id":"a1b29000000lvHQAAY","Insurance_Company__r":{"Name":"Value Options/Beacon (7 more) ...","Id":"0012900000AXSP3AAP","RecordTypeId":"012j00000015GRqAAM"}}},"a1H29000000pRTZEA2":{"Id":"a1H29000000pRTZEA2","Name":"Insurance Benefit 75 (2 more) ...","RecordTypeId":"012j00000015GS7AAM","Patient_Insurance__c":"a1b29000000lvHQAAY","PHP_Admit_Co_Payment (3 more) ...":0.00,"Deductible__c":10000.00,"Deductible_Met__c":0.00,"Max_Out_of_Pocket_Re (10 more) ...":20000.00,"Insurance_Company_is (18 more) ...":false,"Annual_Max_Remaining (3 more) ...":1000000,"Deductible_Remaining (3 more) ...":10000.00,"Detox_Pays_at__c":60.00,"RTC_Pays_at__c":60.00,"PHP_Pays_at__c":60.00,"IOP_Pays_at__c":60.00,"Uncovered_Days_Rate_ (2 more) ...":630.00,"Room_and_Board_Days_ (7 more) ...":2000.00,"Deductible_Included_ (9 more) ...":"Yes","Lifetime_Max__c":1000000.00,"Lifetime_Max_Met__c":0.00,"Annual_Max__c":1000000.00,"Annual_Max_Met__c":0.00,"Max_Out_of_Pocket__c":20000.00,"Max_Out_of_Pocket_Me (4 more) ...":0.00,"RecordType":{"Name":"Out of Network","Id":"012j00000015GS7AAM"},"Patient_Insurance__r":{"Opportunity__c":"00629000004NTeZAAW","Accreditation__c":"State","Insurance_Company__c":"0012900000AXSP3AAP","Id":"a1b29000000lvHQAAY","Insurance_Company__r":{"Name":"Value Options/Beacon (7 more) ...","Id":"0012900000AXSP3AAP","RecordTypeId":"012j00000015GRqAAM"}}}}|0x6a489a83
07:48:51.0 (49579701)|HEAP_ALLOCATE|[EXTERNAL]|Bytes:12
07:48:51.0 (49608045)|HEAP_ALLOCATE|[263]|Bytes:2996
07:48:51.0 (49750793)|HEAP_ALLOCATE|[263]|Bytes:5
07:48:51.0 (49767658)|HEAP_ALLOCATE|[263]|Bytes:108
07:48:51.0 (49777733)|VARIABLE_SCOPE_BEGIN|[263]|insrncBnftInstance|Insurance_Benefit__c|true|false
07:48:51.0 (49817488)|VARIABLE_ASSIGNMENT|[263]|insrncBnftInstance|{"Id":"a1H29000000pRTUEA2","Name":"Insurance Benefit 75 (2 more) ...","RecordTypeId":"012j00000015GS6AAM","Patient_Insurance__c":"a1b29000000lvHQAAY","PHP_Admit_Co_Payment (3 more) ...":0.00,"Deductible__c":5000.00,"Deductible_Met__c":0.00,"Max_Out_of_Pocket_Re (10 more) ...":10000.00,"Insurance_Company_is (18 more) ...":false,"Annual_Max_Remaining (3 more) ...":1000000,"Deductible_Remaining (3 more) ...":5000.00,"Detox_Pays_at__c":80.00,"RTC_Pays_at__c":80.00,"PHP_Pays_at__c":80.00,"IOP_Pays_at__c":80.00,"Uncovered_Days_Rate_ (2 more) ...":630.00,"Room_and_Board_Days_ (7 more) ...":2000.00,"Deductible_Included_ (9 more) ...":"Yes","Lifetime_Max__c":1000000.00,"Lifetime_Max_Met__c":0.00,"Annual_Max__c":1000000.00,"Annual_Max_Met__c":0.00,"Max_Out_of_Pocket__c":10000.00,"Max_Out_of_Pocket_Me (4 more) ...":0.00,"RecordType":{"Name":"In Network","Id":"012j00000015GS6AAM"},"Patient_Insurance__r":{"Opportunity__c":"00629000004NTeZAAW","Accreditation__c":"State","Insurance_Company__c":"0012900000AXSP3AAP","Id":"a1b29000000lvHQAAY","Insurance_Company__r":{"Name":"Value Options/Beacon (7 more) ...","Id":"0012900000AXSP3AAP","RecordTypeId":"012j00000015GRqAAM"}}}|0x3b665cd
07:48:51.0 (49837569)|STATEMENT_EXECUTE|[263]
07:48:51.0 (49839275)|STATEMENT_EXECUTE|[264]
07:48:51.0 (49882736)|HEAP_ALLOCATE|[264]|Bytes:18
07:48:51.0 (49937909)|HEAP_ALLOCATE|[264]|Bytes:3
07:48:51.0 (49956593)|HEAP_ALLOCATE|[264]|Bytes:35
07:48:51.0 (50015834)|HEAP_ALLOCATE|[EXTERNAL]|Bytes:4
07:48:51.0 (50032377)|HEAP_ALLOCATE|[263]|Bytes:5
07:48:51.0 (50042646)|HEAP_ALLOCATE|[263]|Bytes:108
07:48:51.0 (50049195)|VARIABLE_SCOPE_BEGIN|[263]|insrncBnftInstance|Insurance_Benefit__c|true|false
07:48:51.0 (50087632)|VARIABLE_ASSIGNMENT|[263]|insrncBnftInstance|{"Id":"a1H29000000pRTZEA2","Name":"Insurance Benefit 75 (2 more) ...","RecordTypeId":"012j00000015GS7AAM","Patient_Insurance__c":"a1b29000000lvHQAAY","PHP_Admit_Co_Payment (3 more) ...":0.00,"Deductible__c":10000.00,"Deductible_Met__c":0.00,"Max_Out_of_Pocket_Re (10 more) ...":20000.00,"Insurance_Company_is (18 more) ...":false,"Annual_Max_Remaining (3 more) ...":1000000,"Deductible_Remaining (3 more) ...":10000.00,"Detox_Pays_at__c":60.00,"RTC_Pays_at__c":60.00,"PHP_Pays_at__c":60.00,"IOP_Pays_at__c":60.00,"Uncovered_Days_Rate_ (2 more) ...":630.00,"Room_and_Board_Days_ (7 more) ...":2000.00,"Deductible_Included_ (9 more) ...":"Yes","Lifetime_Max__c":1000000.00,"Lifetime_Max_Met__c":0.00,"Annual_Max__c":1000000.00,"Annual_Max_Met__c":0.00,"Max_Out_of_Pocket__c":20000.00,"Max_Out_of_Pocket_Me (4 more) ...":0.00,"RecordType":{"Name":"Out of Network","Id":"012j00000015GS7AAM"},"Patient_Insurance__r":{"Opportunity__c":"00629000004NTeZAAW","Accreditation__c":"State","Insurance_Company__c":"0012900000AXSP3AAP","Id":"a1b29000000lvHQAAY","Insurance_Company__r":{"Name":"Value Options/Beacon (7 more) ...","Id":"0012900000AXSP3AAP","RecordTypeId":"012j00000015GRqAAM"}}}|0x7efe474
07:48:51.0 (50106826)|STATEMENT_EXECUTE|[263]
07:48:51.0 (50108189)|STATEMENT_EXECUTE|[264]
07:48:51.0 (50121066)|HEAP_ALLOCATE|[264]|Bytes:18
07:48:51.0 (50140470)|HEAP_ALLOCATE|[264]|Bytes:39
07:48:51.0 (50152701)|HEAP_ALLOCATE|[EXTERNAL]|Bytes:4
07:48:51.0 (50164010)|HEAP_ALLOCATE|[263]|Bytes:5
07:48:51.0 (50174256)|VARIABLE_ASSIGNMENT|[263]|insrncBnftInstance|null|
07:48:51.0 (50270522)|VARIABLE_ASSIGNMENT|[EXTERNAL]|this|{"cmpnyRateAdjstmntMap":"0x797dd8ad","estmtCnrgDaysMap":"0x9407235","estmtCvrgeDaysObj":"0x463b3b73","faciltyOptions":"0x44ff3c4","fcltyPrgmMap":"0x1360eb50","fcltyPrgrmOptions":"0x193be2d3","idToOwnershipFacilit (4 more) ...":"0x6c4b224","idToTypeFacilityMap":"0x7deea0eb","insrncBnftMap":"0x8d7efc4","insrncBnftOptions":"0x2faba4fc","isIop":false,"isTalbott":false,"meta":"0xc5d66bf","oppId":"00629000004NTeZ","pawObj":"0x4bc6627","ptntInsrnceOptions":"0x6ae1d34b","ptntInsrncMap":"0x181f06af","ptntInsrncObj":"0xf2c90de","quoteObj":"0x7f10e38d","recordId":"00629000004NTeZ","rtAdjstmntOptions":"0x18fa2f16","showPILookup":false,"sObjectQueryStr":"","wrprObj":"0x4709ed7c"}|0x6a489a83
07:48:51.0 (50355858)|VARIABLE_ASSIGNMENT|[EXTERNAL]|this|{"facilitySelected":"001j000000NqKMtAAN","fcltyPrgrmSelected":"a1B290000003SEdEAM","insrncBnft":"0x23a32fc1","insrncBnftSelected":"a1H29000000pRTUEA2","pawDetailListDisplay (4 more) ...":false,"pyAgrmntWrksht":"0x775005d4","rateAdjstmntSelected":"a1I29000000HR5FEAW","relatedPAWDetailsLis (1 more) ...":"0x2c229f11","targetEDR":0.00,"totalAppliedDeductib (2 more) ...":0.00,"totalCoInsurance":0.00,"totalCoPayAmt":0.00,"totalInsCoResp":0.00,"totalInsEIVAmt":0.00,"totalRowCount":20,"totalTalbottDay":0}|0x4709ed7c
07:48:51.0 (50426507)|VARIABLE_ASSIGNMENT|[EXTERNAL]|this|{"cmpnyRateAdjstmntMap":"0x797dd8ad","estmtCnrgDaysMap":"0x9407235","estmtCvrgeDaysObj":"0x463b3b73","faciltyOptions":"0x44ff3c4","fcltyPrgmMap":"0x1360eb50","fcltyPrgrmOptions":"0x193be2d3","idToOwnershipFacilit (4 more) ...":"0x6c4b224","idToTypeFacilityMap":"0x7deea0eb","insrncBnftMap":"0x8d7efc4","insrncBnftOptions":"0x2faba4fc","isIop":false,"isTalbott":false,"meta":"0xc5d66bf","oppId":"00629000004NTeZ","pawObj":"0x4bc6627","ptntInsrnceOptions":"0x6ae1d34b","ptntInsrncMap":"0x181f06af","ptntInsrncObj":"0xf2c90de","quoteObj":"0x7f10e38d","recordId":"00629000004NTeZ","rtAdjstmntOptions":"0x18fa2f16","showPILookup":false,"sObjectQueryStr":"","wrprObj":"0x4709ed7c"}|0x6a489a83
07:48:51.0 (50478981)|VARIABLE_ASSIGNMENT|[EXTERNAL]|this|{"facilitySelected":"001j000000NqKMtAAN","fcltyPrgrmSelected":"a1B290000003SEdEAM","insrncBnft":"0x23a32fc1","insrncBnftSelected":"a1H29000000pRTUEA2","pawDetailListDisplay (4 more) ...":false,"pyAgrmntWrksht":"0x775005d4","rateAdjstmntSelected":"a1I29000000HR5FEAW","relatedPAWDetailsLis (1 more) ...":"0x2c229f11","targetEDR":0.00,"totalAppliedDeductib (2 more) ...":0.00,"totalCoInsurance":0.00,"totalCoPayAmt":0.00,"totalInsCoResp":0.00,"totalInsEIVAmt":0.00,"totalRowCount":20,"totalTalbottDay":0}|0x4709ed7c
07:48:51.0 (50511658)|STATEMENT_EXECUTE|[267]
07:48:51.0 (50513146)|STATEMENT_EXECUTE|[268]
07:48:51.0 (50582488)|VARIABLE_ASSIGNMENT|[EXTERNAL]|this|{"cmpnyRateAdjstmntMap":"0x797dd8ad","estmtCnrgDaysMap":"0x9407235","estmtCvrgeDaysObj":"0x463b3b73","faciltyOptions":"0x44ff3c4","fcltyPrgmMap":"0x1360eb50","fcltyPrgrmOptions":"0x193be2d3","idToOwnershipFacilit (4 more) ...":"0x6c4b224","idToTypeFacilityMap":"0x7deea0eb","insrncBnftMap":"0x8d7efc4","insrncBnftOptions":"0x2faba4fc","isIop":false,"isTalbott":false,"meta":"0xc5d66bf","oppId":"00629000004NTeZ","pawObj":"0x4bc6627","ptntInsrnceOptions":"0x6ae1d34b","ptntInsrncMap":"0x181f06af","ptntInsrncObj":"0xf2c90de","quoteObj":"0x7f10e38d","recordId":"00629000004NTeZ","rtAdjstmntOptions":"0x18fa2f16","showPILookup":false,"sObjectQueryStr":"","wrprObj":"0x4709ed7c"}|0x6a489a83
07:48:51.0 (50640626)|VARIABLE_ASSIGNMENT|[EXTERNAL]|this|{"facilitySelected":"001j000000NqKMtAAN","fcltyPrgrmSelected":"a1B290000003SEdEAM","insrncBnft":"0x23a32fc1","insrncBnftSelected":"a1H29000000pRTUEA2","pawDetailListDisplay (4 more) ...":false,"pyAgrmntWrksht":"0x775005d4","rateAdjstmntSelected":"a1I29000000HR5FEAW","relatedPAWDetailsLis (1 more) ...":"0x2c229f11","targetEDR":0.00,"totalAppliedDeductib (2 more) ...":0.00,"totalCoInsurance":0.00,"totalCoPayAmt":0.00,"totalInsCoResp":0.00,"totalInsEIVAmt":0.00,"totalRowCount":20,"totalTalbottDay":0}|0x4709ed7c
07:48:51.0 (50734709)|VARIABLE_ASSIGNMENT|[EXTERNAL]|this|{"cmpnyRateAdjstmntMap":"0x797dd8ad","estmtCnrgDaysMap":"0x9407235","estmtCvrgeDaysObj":"0x463b3b73","faciltyOptions":"0x44ff3c4","fcltyPrgmMap":"0x1360eb50","fcltyPrgrmOptions":"0x193be2d3","idToOwnershipFacilit (4 more) ...":"0x6c4b224","idToTypeFacilityMap":"0x7deea0eb","insrncBnftMap":"0x8d7efc4","insrncBnftOptions":"0x2faba4fc","isIop":false,"isTalbott":false,"meta":"0xc5d66bf","oppId":"00629000004NTeZ","pawObj":"0x4bc6627","ptntInsrnceOptions":"0x6ae1d34b","ptntInsrncMap":"0x181f06af","ptntInsrncObj":"0xf2c90de","quoteObj":"0x7f10e38d","recordId":"00629000004NTeZ","rtAdjstmntOptions":"0x18fa2f16","showPILookup":false,"sObjectQueryStr":"","wrprObj":"0x4709ed7c"}|0x6a489a83
07:48:51.0 (50790533)|VARIABLE_ASSIGNMENT|[EXTERNAL]|this|{"facilitySelected":"001j000000NqKMtAAN","fcltyPrgrmSelected":"a1B290000003SEdEAM","insrncBnft":"0x23a32fc1","insrncBnftSelected":"a1H29000000pRTUEA2","pawDetailListDisplay (4 more) ...":false,"pyAgrmntWrksht":"0x775005d4","rateAdjstmntSelected":"a1I29000000HR5FEAW","relatedPAWDetailsLis (1 more) ...":"0x2c229f11","targetEDR":0.00,"totalAppliedDeductib (2 more) ...":0.00,"totalCoInsurance":0.00,"totalCoPayAmt":0.00,"totalInsCoResp":0.00,"totalInsEIVAmt":0.00,"totalRowCount":20,"totalTalbottDay":0}|0x4709ed7c
07:48:51.0 (50830312)|VARIABLE_ASSIGNMENT|[EXTERNAL]|value|{"Id":"a1H29000000pRTUEA2","Name":"Insurance Benefit 75 (2 more) ...","RecordTypeId":"012j00000015GS6AAM","Patient_Insurance__c":"a1b29000000lvHQAAY","PHP_Admit_Co_Payment (3 more) ...":0.00,"Deductible__c":5000.00,"Deductible_Met__c":0.00,"Max_Out_of_Pocket_Re (10 more) ...":10000.00,"Insurance_Company_is (18 more) ...":false,"Annual_Max_Remaining (3 more) ...":1000000,"Deductible_Remaining (3 more) ...":5000.00,"Detox_Pays_at__c":80.00,"RTC_Pays_at__c":80.00,"PHP_Pays_at__c":80.00,"IOP_Pays_at__c":80.00,"Uncovered_Days_Rate_ (2 more) ...":630.00,"Room_and_Board_Days_ (7 more) ...":2000.00,"Deductible_Included_ (9 more) ...":"Yes","Lifetime_Max__c":1000000.00,"Lifetime_Max_Met__c":0.00,"Annual_Max__c":1000000.00,"Annual_Max_Met__c":0.00,"Max_Out_of_Pocket__c":10000.00,"Max_Out_of_Pocket_Me (4 more) ...":0.00,"RecordType":{"Name":"In Network","Id":"012j00000015GS6AAM"},"Patient_Insurance__r":{"Opportunity__c":"00629000004NTeZAAW","Accreditation__c":"State","Insurance_Company__c":"0012900000AXSP3AAP","Id":"a1b29000000lvHQAAY","Insurance_Company__r":{"Name":"Value Options/Beacon (7 more) ...","Id":"0012900000AXSP3AAP","RecordTypeId":"012j00000015GRqAAM"}}}|0x3b665cd
07:48:51.0 (50876445)|VARIABLE_ASSIGNMENT|[525]|this.insrncBnft|{"Id":"a1H29000000pRTUEA2","Name":"Insurance Benefit 75 (2 more) ...","RecordTypeId":"012j00000015GS6AAM","Patient_Insurance__c":"a1b29000000lvHQAAY","PHP_Admit_Co_Payment (3 more) ...":0.00,"Deductible__c":5000.00,"Deductible_Met__c":0.00,"Max_Out_of_Pocket_Re (10 more) ...":10000.00,"Insurance_Company_is (18 more) ...":false,"Annual_Max_Remaining (3 more) ...":1000000,"Deductible_Remaining (3 more) ...":5000.00,"Detox_Pays_at__c":80.00,"RTC_Pays_at__c":80.00,"PHP_Pays_at__c":80.00,"IOP_Pays_at__c":80.00,"Uncovered_Days_Rate_ (2 more) ...":630.00,"Room_and_Board_Days_ (7 more) ...":2000.00,"Deductible_Included_ (9 more) ...":"Yes","Lifetime_Max__c":1000000.00,"Lifetime_Max_Met__c":0.00,"Annual_Max__c":1000000.00,"Annual_Max_Met__c":0.00,"Max_Out_of_Pocket__c":10000.00,"Max_Out_of_Pocket_Me (4 more) ...":0.00,"RecordType":{"Name":"In Network","Id":"012j00000015GS6AAM"},"Patient_Insurance__r":{"Opportunity__c":"00629000004NTeZAAW","Accreditation__c":"State","Insurance_Company__c":"0012900000AXSP3AAP","Id":"a1b29000000lvHQAAY","Insurance_Company__r":{"Name":"Value Options/Beacon (7 more) ...","Id":"0012900000AXSP3AAP","RecordTypeId":"012j00000015GRqAAM"}}}|0x4709ed7c
07:48:51.0 (50898750)|STATEMENT_EXECUTE|[272]
07:48:51.0 (51488336)|SYSTEM_MODE_ENTER|true
07:48:51.0 (51646461)|SYSTEM_MODE_ENTER|true
07:48:51.0 (51682913)|HEAP_ALLOCATE|[EXTERNAL]|Bytes:112
07:48:51.0 (51690602)|VARIABLE_SCOPE_BEGIN|[379]|this|PAW_New_EditCntrllr|true|false
07:48:51.0 (51761039)|VARIABLE_ASSIGNMENT|[379]|this|{"cmpnyRateAdjstmntMap":"0x797dd8ad","estmtCnrgDaysMap":"0x9407235","estmtCvrgeDaysObj":"0x463b3b73","faciltyOptions":"0x44ff3c4","fcltyPrgmMap":"0x1360eb50","fcltyPrgrmOptions":"0x193be2d3","idToOwnershipFacilit (4 more) ...":"0x6c4b224","idToTypeFacilityMap":"0x7deea0eb","insrncBnftMap":"0x8d7efc4","insrncBnftOptions":"0x2faba4fc","isIop":false,"isTalbott":false,"meta":"0xc5d66bf","oppId":"00629000004NTeZ","pawObj":"0x4bc6627","ptntInsrnceOptions":"0x6ae1d34b","ptntInsrncMap":"0x181f06af","ptntInsrncObj":"0xf2c90de","quoteObj":"0x7f10e38d","recordId":"00629000004NTeZ","rtAdjstmntOptions":"0x18fa2f16","showPILookup":false,"sObjectQueryStr":"","wrprObj":"0x4709ed7c"}|0x6a489a83
07:48:51.0 (51777880)|STATEMENT_EXECUTE|[379]
07:48:51.0 (51780029)|STATEMENT_EXECUTE|[380]
07:48:51.0 (51790399)|HEAP_ALLOCATE|[380]|Bytes:4
07:48:51.0 (51841908)|HEAP_ALLOCATE|[EXTERNAL]|Bytes:4
07:48:51.0 (51852858)|VARIABLE_ASSIGNMENT|[380]|this.rtAdjstmntOptions|[]|0x6a489a83
07:48:51.0 (51858263)|STATEMENT_EXECUTE|[381]
07:48:51.0 (51864494)|HEAP_ALLOCATE|[381]|Bytes:8
07:48:51.0 (51907343)|HEAP_ALLOCATE|[EXTERNAL]|Bytes:4
07:48:51.0 (51988368)|VARIABLE_ASSIGNMENT|[EXTERNAL]|this|{"cmpnyRateAdjstmntMap":"0x797dd8ad","estmtCnrgDaysMap":"0x9407235","estmtCvrgeDaysObj":"0x463b3b73","faciltyOptions":"0x44ff3c4","fcltyPrgmMap":"0x1360eb50","fcltyPrgrmOptions":"0x193be2d3","idToOwnershipFacilit (4 more) ...":"0x6c4b224","idToTypeFacilityMap":"0x7deea0eb","insrncBnftMap":"0x8d7efc4","insrncBnftOptions":"0x2faba4fc","isIop":false,"isTalbott":false,"meta":"0xc5d66bf","oppId":"00629000004NTeZ","pawObj":"0x4bc6627","ptntInsrnceOptions":"0x6ae1d34b","ptntInsrncMap":"0x181f06af","ptntInsrncObj":"0xf2c90de","quoteObj":"0x7f10e38d","recordId":"00629000004NTeZ","rtAdjstmntOptions":"0x5e8512c6","showPILookup":false,"sObjectQueryStr":"","wrprObj":"0x4709ed7c"}|0x6a489a83
07:48:51.0 (52051634)|VARIABLE_ASSIGNMENT|[EXTERNAL]|this|{"facilitySelected":"001j000000NqKMtAAN","fcltyPrgrmSelected":"a1B290000003SEdEAM","insrncBnft":"0x3b665cd","insrncBnftSelected":"a1H29000000pRTUEA2","pawDetailListDisplay (4 more) ...":false,"pyAgrmntWrksht":"0x775005d4","rateAdjstmntSelected":"a1I29000000HR5FEAW","relatedPAWDetailsLis (1 more) ...":"0x2c229f11","targetEDR":0.00,"totalAppliedDeductib (2 more) ...":0.00,"totalCoInsurance":0.00,"totalCoPayAmt":0.00,"totalInsCoResp":0.00,"totalInsEIVAmt":0.00,"totalRowCount":20,"totalTalbottDay":0}|0x4709ed7c
07:48:51.0 (52120097)|VARIABLE_ASSIGNMENT|[EXTERNAL]|this|{"cmpnyRateAdjstmntMap":"0x797dd8ad","estmtCnrgDaysMap":"0x9407235","estmtCvrgeDaysObj":"0x463b3b73","faciltyOptions":"0x44ff3c4","fcltyPrgmMap":"0x1360eb50","fcltyPrgrmOptions":"0x193be2d3","idToOwnershipFacilit (4 more) ...":"0x6c4b224","idToTypeFacilityMap":"0x7deea0eb","insrncBnftMap":"0x8d7efc4","insrncBnftOptions":"0x2faba4fc","isIop":false,"isTalbott":false,"meta":"0xc5d66bf","oppId":"00629000004NTeZ","pawObj":"0x4bc6627","ptntInsrnceOptions":"0x6ae1d34b","ptntInsrncMap":"0x181f06af","ptntInsrncObj":"0xf2c90de","quoteObj":"0x7f10e38d","recordId":"00629000004NTeZ","rtAdjstmntOptions":"0x5e8512c6","showPILookup":false,"sObjectQueryStr":"","wrprObj":"0x4709ed7c"}|0x6a489a83
07:48:51.0 (52172900)|VARIABLE_ASSIGNMENT|[EXTERNAL]|this|{"facilitySelected":"001j000000NqKMtAAN","fcltyPrgrmSelected":"a1B290000003SEdEAM","insrncBnft":"0x3b665cd","insrncBnftSelected":"a1H29000000pRTUEA2","pawDetailListDisplay (4 more) ...":false,"pyAgrmntWrksht":"0x775005d4","rateAdjstmntSelected":"a1I29000000HR5FEAW","relatedPAWDetailsLis (1 more) ...":"0x2c229f11","targetEDR":0.00,"totalAppliedDeductib (2 more) ...":0.00,"totalCoInsurance":0.00,"totalCoPayAmt":0.00,"totalInsCoResp":0.00,"totalInsEIVAmt":0.00,"totalRowCount":20,"totalTalbottDay":0}|0x4709ed7c
07:48:51.0 (52246593)|VARIABLE_ASSIGNMENT|[EXTERNAL]|this|{"cmpnyRateAdjstmntMap":"0x797dd8ad","estmtCnrgDaysMap":"0x9407235","estmtCvrgeDaysObj":"0x463b3b73","faciltyOptions":"0x44ff3c4","fcltyPrgmMap":"0x1360eb50","fcltyPrgrmOptions":"0x193be2d3","idToOwnershipFacilit (4 more) ...":"0x6c4b224","idToTypeFacilityMap":"0x7deea0eb","insrncBnftMap":"0x8d7efc4","insrncBnftOptions":"0x2faba4fc","isIop":false,"isTalbott":false,"meta":"0xc5d66bf","oppId":"00629000004NTeZ","pawObj":"0x4bc6627","ptntInsrnceOptions":"0x6ae1d34b","ptntInsrncMap":"0x181f06af","ptntInsrncObj":"0xf2c90de","quoteObj":"0x7f10e38d","recordId":"00629000004NTeZ","rtAdjstmntOptions":"0x5e8512c6","showPILookup":false,"sObjectQueryStr":"","wrprObj":"0x4709ed7c"}|0x6a489a83
07:48:51.0 (52264269)|STATEMENT_EXECUTE|[382]
07:48:51.0 (52265772)|STATEMENT_EXECUTE|[383]
07:48:51.0 (52296322)|HEAP_ALLOCATE|[383]|Bytes:4
07:48:51.0 (52304210)|HEAP_ALLOCATE|[383]|Bytes:287
07:48:51.0 (52315088)|HEAP_ALLOCATE|[383]|Bytes:4
07:48:51.0 (52395116)|VARIABLE_ASSIGNMENT|[EXTERNAL]|this|{"cmpnyRateAdjstmntMap":"0x797dd8ad","estmtCnrgDaysMap":"0x9407235","estmtCvrgeDaysObj":"0x463b3b73","faciltyOptions":"0x44ff3c4","fcltyPrgmMap":"0x1360eb50","fcltyPrgrmOptions":"0x193be2d3","idToOwnershipFacilit (4 more) ...":"0x6c4b224","idToTypeFacilityMap":"0x7deea0eb","insrncBnftMap":"0x8d7efc4","insrncBnftOptions":"0x2faba4fc","isIop":false,"isTalbott":false,"meta":"0xc5d66bf","oppId":"00629000004NTeZ","pawObj":"0x4bc6627","ptntInsrnceOptions":"0x6ae1d34b","ptntInsrncMap":"0x181f06af","ptntInsrncObj":"0xf2c90de","quoteObj":"0x7f10e38d","recordId":"00629000004NTeZ","rtAdjstmntOptions":"0x5e8512c6","showPILookup":false,"sObjectQueryStr":"","wrprObj":"0x4709ed7c"}|0x6a489a83
07:48:51.0 (52444159)|HEAP_ALLOCATE|[383]|Bytes:7
07:48:51.0 (52516083)|VARIABLE_ASSIGNMENT|[EXTERNAL]|this|{"cmpnyRateAdjstmntMap":"0x797dd8ad","estmtCnrgDaysMap":"0x9407235","estmtCvrgeDaysObj":"0x463b3b73","faciltyOptions":"0x44ff3c4","fcltyPrgmMap":"0x1360eb50","fcltyPrgrmOptions":"0x193be2d3","idToOwnershipFacilit (4 more) ...":"0x6c4b224","idToTypeFacilityMap":"0x7deea0eb","insrncBnftMap":"0x8d7efc4","insrncBnftOptions":"0x2faba4fc","isIop":false,"isTalbott":false,"meta":"0xc5d66bf","oppId":"00629000004NTeZ","pawObj":"0x4bc6627","ptntInsrnceOptions":"0x6ae1d34b","ptntInsrncMap":"0x181f06af","ptntInsrncObj":"0xf2c90de","quoteObj":"0x7f10e38d","recordId":"00629000004NTeZ","rtAdjstmntOptions":"0x5e8512c6","showPILookup":false,"sObjectQueryStr":"","wrprObj":"0x4709ed7c"}|0x6a489a83
07:48:51.0 (52573262)|VARIABLE_ASSIGNMENT|[EXTERNAL]|this|{"facilitySelected":"001j000000NqKMtAAN","fcltyPrgrmSelected":"a1B290000003SEdEAM","insrncBnft":"0x3b665cd","insrncBnftSelected":"a1H29000000pRTUEA2","pawDetailListDisplay (4 more) ...":false,"pyAgrmntWrksht":"0x775005d4","rateAdjstmntSelected":"a1I29000000HR5FEAW","relatedPAWDetailsLis (1 more) ...":"0x2c229f11","targetEDR":0.00,"totalAppliedDeductib (2 more) ...":0.00,"totalCoInsurance":0.00,"totalCoPayAmt":0.00,"totalInsCoResp":0.00,"totalInsEIVAmt":0.00,"totalRowCount":20,"totalTalbottDay":0}|0x4709ed7c
07:48:51.0 (53490206)|SOQL_EXECUTE_BEGIN|[383]|Aggregations:0|SELECT Id, Name, Type__c, Rate_Adjustment__c, In_Network_Rate_Adjustment__c, Out_of_Network_Rate_Adjustment__c, Active_Date__c, Term_Date__c FROM Insurance_Company_Rate_Adjustment__c WHERE (Insurance_Company__c = :tmpVar1 AND FRN_Facility__c = :tmpVar2) ORDER BY Type__c DESC NULLS FIRST
07:48:51.0 (59260919)|SOQL_EXECUTE_END|[383]|Rows:2
07:48:51.0 (59280603)|HEAP_ALLOCATE|[383]|Bytes:12
07:48:51.0 (59299565)|HEAP_ALLOCATE|[383]|Bytes:319
07:48:51.0 (59343920)|HEAP_ALLOCATE|[383]|Bytes:12
07:48:51.0 (59387231)|HEAP_ALLOCATE|[383]|Bytes:24
07:48:51.0 (59399773)|HEAP_ALLOCATE|[383]|Bytes:4
07:48:51.0 (59404612)|HEAP_ALLOCATE|[383]|Bytes:24
07:48:51.0 (59408842)|HEAP_ALLOCATE|[383]|Bytes:4
07:48:51.0 (59462276)|VARIABLE_ASSIGNMENT|[383]|this.cmpnyRateAdjstmntMap|{"a1I29000000HR5FEAW":{"Id":"a1I29000000HR5FEAW","Name":"Ins Co Rate Adjstmt  (5 more) ...","Type__c":"Contracted","Rate_Adjustment__c":3.00,"Active_Date__c":"2017-02-24T00:00:00.000Z"},"a1I29000000HR5EEAW":{"Id":"a1I29000000HR5EEAW","Name":"Ins Co Rate Adjstmt  (5 more) ...","Type__c":"OON","Rate_Adjustment__c":15.00,"Active_Date__c":"2017-02-24T00:00:00.000Z"}}|0x6a489a83
07:48:51.0 (59500823)|HEAP_ALLOCATE|[EXTERNAL]|Bytes:12
07:48:51.0 (59512811)|HEAP_ALLOCATE|[395]|Bytes:329
07:48:51.0 (59610395)|HEAP_ALLOCATE|[395]|Bytes:5
07:48:51.0 (59624351)|HEAP_ALLOCATE|[395]|Bytes:24
07:48:51.0 (59632475)|VARIABLE_SCOPE_BEGIN|[395]|rateAdjstmntInstance|Insurance_Company_Rate_Adjustment__c|true|false
07:48:51.0 (59655920)|VARIABLE_ASSIGNMENT|[395]|rateAdjstmntInstance|{"Id":"a1I29000000HR5FEAW","Name":"Ins Co Rate Adjstmt  (5 more) ...","Type__c":"Contracted","Rate_Adjustment__c":3.00,"Active_Date__c":"2017-02-24T00:00:00.000Z"}|0x3c1bd8c4
07:48:51.0 (59663224)|STATEMENT_EXECUTE|[395]
07:48:51.0 (59704749)|METHOD_ENTRY|[396]|01p0a000004sKzV|PAW_New_EditCntrllr.checkIfActive(Insurance_Company_Rate_Adjustment__c)
07:48:51.0 (59723856)|VARIABLE_SCOPE_BEGIN|[496]|this|PAW_New_EditCntrllr|true|false
07:48:51.0 (59798068)|VARIABLE_ASSIGNMENT|[496]|this|{"cmpnyRateAdjstmntMap":"0x1584e76c","estmtCnrgDaysMap":"0x9407235","estmtCvrgeDaysObj":"0x463b3b73","faciltyOptions":"0x44ff3c4","fcltyPrgmMap":"0x1360eb50","fcltyPrgrmOptions":"0x193be2d3","idToOwnershipFacilit (4 more) ...":"0x6c4b224","idToTypeFacilityMap":"0x7deea0eb","insrncBnftMap":"0x8d7efc4","insrncBnftOptions":"0x2faba4fc","isIop":false,"isTalbott":false,"meta":"0xc5d66bf","oppId":"00629000004NTeZ","pawObj":"0x4bc6627","ptntInsrnceOptions":"0x6ae1d34b","ptntInsrncMap":"0x181f06af","ptntInsrncObj":"0xf2c90de","quoteObj":"0x7f10e38d","recordId":"00629000004NTeZ","rtAdjstmntOptions":"0x5e8512c6","showPILookup":false,"sObjectQueryStr":"","wrprObj":"0x4709ed7c"}|0x6a489a83
07:48:51.0 (59811965)|VARIABLE_SCOPE_BEGIN|[496]|pInsRateAdjustmentOnj|Insurance_Company_Rate_Adjustment__c|true|false
07:48:51.0 (59828882)|VARIABLE_ASSIGNMENT|[496]|pInsRateAdjustmentOnj|{"Id":"a1I29000000HR5FEAW","Name":"Ins Co Rate Adjstmt  (5 more) ...","Type__c":"Contracted","Rate_Adjustment__c":3.00,"Active_Date__c":"2017-02-24T00:00:00.000Z"}|0x3c1bd8c4
07:48:51.0 (59836975)|STATEMENT_EXECUTE|[496]
07:48:51.0 (59838513)|STATEMENT_EXECUTE|[497]
07:48:51.0 (59874646)|HEAP_ALLOCATE|[497]|Bytes:4
07:48:51.0 (59892889)|VARIABLE_SCOPE_BEGIN|[497]|todayDate|Date|false|false
07:48:51.0 (59908419)|VARIABLE_ASSIGNMENT|[497]|todayDate|"2018-01-17T00:00:00.000Z"
07:48:51.0 (59930483)|STATEMENT_EXECUTE|[498]
07:48:51.0 (59931915)|STATEMENT_EXECUTE|[499]
07:48:51.0 (59938863)|VARIABLE_SCOPE_BEGIN|[499]|endDate|Date|false|false
07:48:51.0 (59951763)|VARIABLE_ASSIGNMENT|[499]|endDate|"2018-01-17T00:00:00.000Z"
07:48:51.0 (60007589)|STATEMENT_EXECUTE|[500]
07:48:51.0 (60009901)|STATEMENT_EXECUTE|[501]
07:48:51.0 (60015148)|METHOD_EXIT|[396]|01p0a000004sKzV|PAW_New_EditCntrllr.checkIfActive(Insurance_Company_Rate_Adjustment__c)
07:48:51.0 (60021987)|STATEMENT_EXECUTE|[397]
07:48:51.0 (60046362)|HEAP_ALLOCATE|[397]|Bytes:18
07:48:51.0 (60091059)|HEAP_ALLOCATE|[EXTERNAL]|Bytes:4
07:48:51.0 (60106544)|HEAP_ALLOCATE|[395]|Bytes:5
07:48:51.0 (60117335)|HEAP_ALLOCATE|[395]|Bytes:24
07:48:51.0 (60123933)|VARIABLE_SCOPE_BEGIN|[395]|rateAdjstmntInstance|Insurance_Company_Rate_Adjustment__c|true|false
07:48:51.0 (60146591)|VARIABLE_ASSIGNMENT|[395]|rateAdjstmntInstance|{"Id":"a1I29000000HR5EEAW","Name":"Ins Co Rate Adjstmt  (5 more) ...","Type__c":"OON","Rate_Adjustment__c":15.00,"Active_Date__c":"2017-02-24T00:00:00.000Z"}|0x628bc56a
07:48:51.0 (60153394)|STATEMENT_EXECUTE|[395]
07:48:51.0 (60165480)|METHOD_ENTRY|[396]|01p0a000004sKzV|PAW_New_EditCntrllr.checkIfActive(Insurance_Company_Rate_Adjustment__c)
07:48:51.0 (60171356)|VARIABLE_SCOPE_BEGIN|[496]|this|PAW_New_EditCntrllr|true|false
07:48:51.0 (60238777)|VARIABLE_ASSIGNMENT|[496]|this|{"cmpnyRateAdjstmntMap":"0x1584e76c","estmtCnrgDaysMap":"0x9407235","estmtCvrgeDaysObj":"0x463b3b73","faciltyOptions":"0x44ff3c4","fcltyPrgmMap":"0x1360eb50","fcltyPrgrmOptions":"0x193be2d3","idToOwnershipFacilit (4 more) ...":"0x6c4b224","idToTypeFacilityMap":"0x7deea0eb","insrncBnftMap":"0x8d7efc4","insrncBnftOptions":"0x2faba4fc","isIop":false,"isTalbott":false,"meta":"0xc5d66bf","oppId":"00629000004NTeZ","pawObj":"0x4bc6627","ptntInsrnceOptions":"0x6ae1d34b","ptntInsrncMap":"0x181f06af","ptntInsrncObj":"0xf2c90de","quoteObj":"0x7f10e38d","recordId":"00629000004NTeZ","rtAdjstmntOptions":"0x5e8512c6","showPILookup":false,"sObjectQueryStr":"","wrprObj":"0x4709ed7c"}|0x6a489a83
07:48:51.0 (60251770)|VARIABLE_SCOPE_BEGIN|[496]|pInsRateAdjustmentOnj|Insurance_Company_Rate_Adjustment__c|true|false
07:48:51.0 (60266345)|VARIABLE_ASSIGNMENT|[496]|pInsRateAdjustmentOnj|{"Id":"a1I29000000HR5EEAW","Name":"Ins Co Rate Adjstmt  (5 more) ...","Type__c":"OON","Rate_Adjustment__c":15.00,"Active_Date__c":"2017-02-24T00:00:00.000Z"}|0x628bc56a
07:48:51.0 (60273349)|STATEMENT_EXECUTE|[496]
07:48:51.0 (60274797)|STATEMENT_EXECUTE|[497]
07:48:51.0 (60286119)|HEAP_ALLOCATE|[497]|Bytes:4
07:48:51.0 (60298786)|VARIABLE_SCOPE_BEGIN|[497]|todayDate|Date|false|false
07:48:51.0 (60311075)|VARIABLE_ASSIGNMENT|[497]|todayDate|"2018-01-17T00:00:00.000Z"
07:48:51.0 (60318440)|STATEMENT_EXECUTE|[498]
07:48:51.0 (60319628)|STATEMENT_EXECUTE|[499]
07:48:51.0 (60324245)|VARIABLE_SCOPE_BEGIN|[499]|endDate|Date|false|false
07:48:51.0 (60334365)|VARIABLE_ASSIGNMENT|[499]|endDate|"2018-01-17T00:00:00.000Z"
07:48:51.0 (60359551)|STATEMENT_EXECUTE|[500]
07:48:51.0 (60360770)|STATEMENT_EXECUTE|[501]
07:48:51.0 (60365330)|METHOD_EXIT|[396]|01p0a000004sKzV|PAW_New_EditCntrllr.checkIfActive(Insurance_Company_Rate_Adjustment__c)
07:48:51.0 (60370921)|STATEMENT_EXECUTE|[397]
07:48:51.0 (60378952)|HEAP_ALLOCATE|[397]|Bytes:18
07:48:51.0 (60392410)|HEAP_ALLOCATE|[EXTERNAL]|Bytes:4
07:48:51.0 (60403941)|HEAP_ALLOCATE|[395]|Bytes:5
07:48:51.0 (60414039)|VARIABLE_ASSIGNMENT|[395]|rateAdjstmntInstance|null|
07:48:51.0 (60418560)|STATEMENT_EXECUTE|[400]
07:48:51.0 (60926861)|SYSTEM_MODE_ENTER|true
07:48:51.67 (67388628)|SYSTEM_MODE_ENTER|true
07:48:51.67 (67455068)|HEAP_ALLOCATE|[EXTERNAL]|Bytes:8
07:48:51.67 (67463514)|VARIABLE_SCOPE_BEGIN|[88]|this|ApexPage.PageMessagesComponentController|true|false
07:48:51.67 (67488950)|VARIABLE_ASSIGNMENT|[88]|this|{}|0x5846ea30
07:48:51.67 (67495013)|VARIABLE_SCOPE_BEGIN|[88]|escape|Boolean|false|false
07:48:51.67 (67501372)|VARIABLE_ASSIGNMENT|[88]|escape|null
07:48:51.0 (67844233)|HEAP_ALLOCATE|[EXTERNAL]|Bytes:18
07:48:51.0 (67851695)|HEAP_ALLOCATE|[EXTERNAL]|Bytes:84
07:48:51.0 (67862019)|VARIABLE_ASSIGNMENT|[EXTERNAL]|this.insrncBnftSelected|"a1H29000000pRTUEA2"|0x4709ed7c
07:48:51.0 (67920271)|HEAP_ALLOCATE|[EXTERNAL]|Bytes:18
07:48:51.0 (67925204)|HEAP_ALLOCATE|[EXTERNAL]|Bytes:84
07:48:51.0 (67932115)|VARIABLE_ASSIGNMENT|[EXTERNAL]|this.facilitySelected|"001j000000NqKMtAAN"|0x4709ed7c
07:48:51.0 (67981028)|HEAP_ALLOCATE|[EXTERNAL]|Bytes:18
07:48:51.0 (67985534)|HEAP_ALLOCATE|[EXTERNAL]|Bytes:84
07:48:51.0 (67992588)|VARIABLE_ASSIGNMENT|[EXTERNAL]|this.rateAdjstmntSelected|"a1I29000000HR5FEAW"|0x4709ed7c
07:48:51.0 (68040139)|HEAP_ALLOCATE|[EXTERNAL]|Bytes:18
07:48:51.0 (68044943)|HEAP_ALLOCATE|[EXTERNAL]|Bytes:84
07:48:51.0 (68051244)|VARIABLE_ASSIGNMENT|[EXTERNAL]|this.fcltyPrgrmSelected|"a1B290000003SEdEAM"|0x4709ed7c
07:48:51.84 (84696703)|SYSTEM_MODE_ENTER|true
07:48:51.84 (84757697)|HEAP_ALLOCATE|[EXTERNAL]|Bytes:8
07:48:51.84 (84766503)|VARIABLE_SCOPE_BEGIN|[88]|this|ApexPage.PageMessagesComponentController|true|false
07:48:51.84 (84790033)|VARIABLE_ASSIGNMENT|[88]|this|{}|0x5846ea30
07:48:51.84 (84795716)|VARIABLE_SCOPE_BEGIN|[88]|escape|Boolean|false|false
07:48:51.84 (84802429)|VARIABLE_ASSIGNMENT|[88]|escape|null
07:48:51.84 (84910569)|SYSTEM_MODE_ENTER|true
07:48:51.84 (84943682)|HEAP_ALLOCATE|[EXTERNAL]|Bytes:8
07:48:51.84 (84950113)|VARIABLE_SCOPE_BEGIN|[2]|this|ApexPage.PageMessagesComponentController|true|false
07:48:51.84 (84968529)|VARIABLE_ASSIGNMENT|[2]|this|{}|0x5846ea30
07:48:51.0 (85362209)|SYSTEM_MODE_ENTER|true
07:48:51.0 (85467025)|SYSTEM_MODE_ENTER|true
07:48:51.0 (85731095)|SYSTEM_MODE_ENTER|true
07:48:51.0 (88591110)|SYSTEM_MODE_ENTER|true
07:48:51.0 (88646743)|SYSTEM_MODE_ENTER|true
07:48:51.0 (98322548)|VF_SERIALIZE_VIEWSTATE_BEGIN|0660a0000009uTC
07:48:51.0 (106719509)|VF_SERIALIZE_VIEWSTATE_END
07:48:51.113 (113396426)|CUMULATIVE_LIMIT_USAGE
07:48:51.113 (113396426)|LIMIT_USAGE_FOR_NS|(default)|
  Number of SOQL queries: 2 out of 100
  Number of query rows: 4 out of 50000
  Number of SOSL queries: 0 out of 20
  Number of DML statements: 0 out of 150
  Number of DML rows: 0 out of 10000
  Maximum CPU time: 0 out of 10000
  Maximum heap size: 0 out of 6000000
  Number of callouts: 0 out of 100
  Number of Email Invocations: 0 out of 10
  Number of future calls: 0 out of 50
  Number of queueable jobs added to the queue: 0 out of 50
  Number of Mobile Apex push calls: 0 out of 10

07:48:51.113 (113396426)|CUMULATIVE_LIMIT_USAGE_END

07:48:51.0 (113438573)|CODE_UNIT_FINISHED|VF: /apex/PAW_New_Edit
07:48:51.0 (114211615)|EXECUTION_FINISHED
