37.0 APEX_CODE,FINEST;APEX_PROFILING,INFO;CALLOUT,INFO;DB,INFO;SYSTEM,DEBUG;VALIDATION,INFO;VISUALFORCE,INFO;WAVE,INFO;WORKFLOW,FINER
01:16:33.0 (40671)|USER_INFO|[EXTERNAL]|00529000000zYiy|bhakti.gujrathi@eternussolutions.com.frnstgng|Central Standard Time|GMT-06:00
01:16:33.0 (74021)|EXECUTION_STARTED
01:16:33.0 (76612)|CODE_UNIT_STARTED|[EXTERNAL]|066j0000002vLOr|VF: /apex/OppotunityExtensionPage
01:16:33.0 (7269814)|SYSTEM_MODE_ENTER|true
01:16:33.0 (7563210)|HEAP_ALLOCATE|[72]|Bytes:3
01:16:33.0 (7596881)|HEAP_ALLOCATE|[77]|Bytes:152
01:16:33.0 (7610438)|HEAP_ALLOCATE|[342]|Bytes:408
01:16:33.0 (7624981)|HEAP_ALLOCATE|[355]|Bytes:408
01:16:33.0 (7638903)|HEAP_ALLOCATE|[467]|Bytes:48
01:16:33.0 (7662793)|HEAP_ALLOCATE|[139]|Bytes:6
01:16:33.0 (7717742)|HEAP_ALLOCATE|[EXTERNAL]|Bytes:84
01:16:33.0 (7724562)|HEAP_ALLOCATE|[EXTERNAL]|Bytes:3
01:16:33.0 (7729858)|HEAP_ALLOCATE|[EXTERNAL]|Bytes:5
01:16:33.0 (7738253)|METHOD_ENTRY|[1]|01pj0000004Sbw6|OppotunityExtension.OppotunityExtension()
01:16:33.0 (7744075)|STATEMENT_EXECUTE|[1]
01:16:33.0 (7749997)|STATEMENT_EXECUTE|[1]
01:16:33.0 (7752913)|METHOD_EXIT|[1]|OppotunityExtension
01:16:33.0 (7759155)|HEAP_ALLOCATE|[EXTERNAL]|Bytes:12
01:16:33.0 (7773874)|VARIABLE_SCOPE_BEGIN|[5]|this|OppotunityExtension|true|false
01:16:33.0 (7811292)|VARIABLE_ASSIGNMENT|[5]|this|{}|0x6c18966f
01:16:33.0 (7818968)|VARIABLE_SCOPE_BEGIN|[5]|controller|ApexPages.StandardController|true|false
01:16:33.0 (7978775)|VARIABLE_ASSIGNMENT|[5]|controller|"StandardController [null]"|0x9990d16
01:16:33.0 (7991766)|STATEMENT_EXECUTE|[1]
01:16:33.0 (7993647)|STATEMENT_EXECUTE|[2]
01:16:33.0 (7996427)|STATEMENT_EXECUTE|[3]
01:16:33.0 (8003865)|HEAP_ALLOCATE|[7]|Bytes:6
01:16:33.0 (8067508)|STATEMENT_EXECUTE|[5]
01:16:33.0 (8070345)|STATEMENT_EXECUTE|[7]
01:16:33.0 (8135317)|HEAP_ALLOCATE|[7]|Bytes:4
01:16:33.0 (8221583)|VARIABLE_ASSIGNMENT|[EXTERNAL]|this|{}|0x6c18966f
01:16:33.0 (8232089)|HEAP_ALLOCATE|[EXTERNAL]|Bytes:4
01:16:33.0 (8241080)|VARIABLE_ASSIGNMENT|[EXTERNAL]|value|[]|0x79626c99
01:16:33.0 (8255559)|VARIABLE_ASSIGNMENT|[2]|this.opplist|[]|0x6c18966f
01:16:33.0 (8265542)|STATEMENT_EXECUTE|[9]
01:16:33.0 (12137201)|HEAP_ALLOCATE|[9]|Bytes:12
01:16:33.0 (12191662)|HEAP_ALLOCATE|[9]|Bytes:18
01:16:33.0 (12208922)|VARIABLE_ASSIGNMENT|[9]|this.opprec|"00629000005D2rcAAC"|0x6c18966f
01:16:33.0 (12218461)|STATEMENT_EXECUTE|[10]
01:16:33.0 (12220026)|STATEMENT_EXECUTE|[11]
01:16:33.0 (12224193)|HEAP_ALLOCATE|[11]|Bytes:117
01:16:33.0 (12245317)|HEAP_ALLOCATE|[11]|Bytes:4
01:16:33.0 (12254880)|HEAP_ALLOCATE|[11]|Bytes:7
01:16:33.0 (12281844)|HEAP_ALLOCATE|[50]|Bytes:5
01:16:33.0 (12299498)|HEAP_ALLOCATE|[56]|Bytes:5
01:16:33.0 (12307403)|HEAP_ALLOCATE|[64]|Bytes:7
01:16:33.0 (14209510)|SOQL_EXECUTE_BEGIN|[11]|Aggregations:0|SELECT Id, Contact__c, Contact__r.Name, Contact__r.MobilePhone, Contact__r.Phone FROM Opportunity WHERE Id = :tmpVar1
01:16:33.0 (19522551)|SOQL_EXECUTE_END|[11]|Rows:1
01:16:33.0 (19544547)|HEAP_ALLOCATE|[11]|Bytes:8
01:16:33.0 (19565018)|HEAP_ALLOCATE|[11]|Bytes:203
01:16:33.0 (19607243)|HEAP_ALLOCATE|[11]|Bytes:8
01:16:33.0 (19619195)|HEAP_ALLOCATE|[11]|Bytes:37
01:16:33.0 (19636023)|HEAP_ALLOCATE|[11]|Bytes:20
01:16:33.0 (19644940)|VARIABLE_SCOPE_BEGIN|[11]|oppo|Opportunity|true|false
01:16:33.0 (19670926)|VARIABLE_ASSIGNMENT|[11]|oppo|{"Id":"00629000005D2rcAAC","Contact__c":"0032900000Bt1bzAAB","RecordTypeId":"012j00000015GSJAA2","Contact__r":{"Name":"Danika A","Phone":"6874623","Id":"0032900000Bt1bzAAB","RecordTypeId":"012j00000015GS0AAM"}}|0x1b161fdd
01:16:33.0 (19680143)|STATEMENT_EXECUTE|[12]
01:16:33.0 (19747639)|VARIABLE_SCOPE_BEGIN|[12]|conName|String|false|false
01:16:33.0 (19760707)|VARIABLE_ASSIGNMENT|[12]|conName|"Danika A"
01:16:33.0 (19774735)|STATEMENT_EXECUTE|[13]
01:16:33.0 (19777412)|STATEMENT_EXECUTE|[14]
01:16:33.0 (19779876)|HEAP_ALLOCATE|[14]|Bytes:132
01:16:33.0 (19785646)|VARIABLE_SCOPE_BEGIN|[14]|opportunityQuery|String|false|false
01:16:33.0 (19796786)|VARIABLE_ASSIGNMENT|[14]|opportunityQuery|"Select Id, Owner.Nam (112 more) ..."
01:16:33.0 (19806118)|STATEMENT_EXECUTE|[15]
01:16:33.0 (19816560)|STATEMENT_EXECUTE|[20]
01:16:33.0 (19817667)|STATEMENT_EXECUTE|[21]
01:16:33.0 (19821089)|HEAP_ALLOCATE|[21]|Bytes:1
01:16:33.0 (19887924)|HEAP_ALLOCATE|[21]|Bytes:131
01:16:33.0 (19905893)|VARIABLE_ASSIGNMENT|[21]|opportunityQuery|"Select Id, Owner.Nam (111 more) ..."
01:16:33.0 (19911399)|STATEMENT_EXECUTE|[22]
01:16:33.0 (19919093)|VARIABLE_SCOPE_BEGIN|[22]|conPhone|String|false|false
01:16:33.0 (19929992)|VARIABLE_ASSIGNMENT|[22]|conPhone|"6874623"
01:16:33.0 (19933962)|STATEMENT_EXECUTE|[23]
01:16:33.0 (19936796)|HEAP_ALLOCATE|[23]|Bytes:72
01:16:33.0 (19952920)|HEAP_ALLOCATE|[23]|Bytes:203
01:16:33.0 (19959093)|VARIABLE_ASSIGNMENT|[23]|opportunityQuery|"Select Id, Owner.Nam (183 more) ..."
01:16:33.0 (19966894)|STATEMENT_EXECUTE|[25]
01:16:33.0 (19971578)|HEAP_ALLOCATE|[25]|Bytes:36
01:16:33.0 (19976892)|HEAP_ALLOCATE|[25]|Bytes:239
01:16:33.0 (19981646)|VARIABLE_ASSIGNMENT|[25]|opportunityQuery|"Select Id, Owner.Nam (219 more) ..."
01:16:33.0 (19986459)|STATEMENT_EXECUTE|[26]
01:16:33.0 (19988245)|HEAP_ALLOCATE|[26]|Bytes:20
01:16:33.0 (19992780)|HEAP_ALLOCATE|[26]|Bytes:259
01:16:33.0 (20024534)|USER_DEBUG|[26]|DEBUG|opportunityQuery ::>Select Id, Owner.Name, StageName, CloseDate,Name, CreatedDate FROM Opportunity WHERE Id !=: opprec AND (Contact__r.Name =: conName  OR Contact__r.Phone =: conPhone OR Contact__r.MobilePhone =: conPhone ) order by CloseDate DESC LIMIT 50000
01:16:33.0 (20038407)|STATEMENT_EXECUTE|[27]
01:16:33.0 (21580133)|SOQL_EXECUTE_BEGIN|[27]|Aggregations:0|Select Id, Owner.Name, StageName, CloseDate,Name, CreatedDate FROM Opportunity WHERE Id !=: opprec AND (Contact__r.Name =: conName  OR Contact__r.Phone =: conPhone OR Contact__r.MobilePhone =: conPhone ) order by CloseDate DESC LIMIT 50000
01:16:33.0 (46792464)|SOQL_EXECUTE_END|[27]|Rows:0
01:16:33.0 (46824562)|HEAP_ALLOCATE|[27]|Bytes:4
01:16:33.0 (46841920)|HEAP_ALLOCATE|[27]|Bytes:0
01:16:33.0 (46889886)|HEAP_ALLOCATE|[27]|Bytes:4
01:16:33.0 (46962220)|VARIABLE_ASSIGNMENT|[EXTERNAL]|this|{"opplist":"0x79626c99","opprec":"00629000005D2rcAAC"}|0x6c18966f
01:16:33.0 (46976927)|VARIABLE_ASSIGNMENT|[EXTERNAL]|value|[]|0x4eae39b
01:16:33.0 (46993549)|VARIABLE_ASSIGNMENT|[2]|this.opplist|[]|0x6c18966f
01:16:33.0 (47005329)|STATEMENT_EXECUTE|[30]
01:16:33.0 (47010736)|HEAP_ALLOCATE|[30]|Bytes:11
01:16:33.0 (47053262)|VARIABLE_ASSIGNMENT|[EXTERNAL]|this|{"opplist":"0x4eae39b","opprec":"00629000005D2rcAAC"}|0x6c18966f
01:16:33.0 (47104197)|HEAP_ALLOCATE|[30]|Bytes:1
01:16:33.0 (47117784)|HEAP_ALLOCATE|[30]|Bytes:12
01:16:33.0 (47133887)|USER_DEBUG|[30]|DEBUG|opplist----0
01:16:33.0 (47223769)|SYSTEM_MODE_ENTER|true
01:16:33.0 (49826394)|VF_SERIALIZE_VIEWSTATE_BEGIN|066j0000002vLOr
01:16:33.0 (52368265)|VF_SERIALIZE_VIEWSTATE_END
01:16:33.54 (54684296)|CUMULATIVE_LIMIT_USAGE
01:16:33.54 (54684296)|LIMIT_USAGE_FOR_NS|(default)|
  Number of SOQL queries: 2 out of 100
  Number of query rows: 1 out of 50000
  Number of SOSL queries: 0 out of 20
  Number of DML statements: 0 out of 150
  Number of DML rows: 0 out of 10000
  Maximum CPU time: 0 out of 10000
  Maximum heap size: 0 out of 6000000
  Number of callouts: 0 out of 100
  Number of Email Invocations: 0 out of 10
  Number of future calls: 0 out of 50
  Number of queueable jobs added to the queue: 0 out of 50
  Number of Mobile Apex push calls: 0 out of 10

01:16:33.54 (54684296)|CUMULATIVE_LIMIT_USAGE_END

01:16:33.0 (54719731)|CODE_UNIT_FINISHED|VF: /apex/OppotunityExtensionPage
01:16:33.0 (55490633)|EXECUTION_FINISHED
