37.0 APEX_CODE,FINEST;APEX_PROFILING,INFO;CALLOUT,INFO;DB,INFO;SYSTEM,DEBUG;VALIDATION,INFO;VISUALFORCE,INFO;WAVE,INFO;WORKFLOW,FINER
07:14:27.0 (293288)|USER_INFO|[EXTERNAL]|00529000000zYiy|bhakti.gujrathi@eternussolutions.com.frnstgng|Central Standard Time|GMT-06:00
07:14:27.0 (328252)|EXECUTION_STARTED
07:14:27.0 (331999)|CODE_UNIT_STARTED|[EXTERNAL]|0660a0000009uTC|VF: /apex/PAW_New_Edit
07:14:27.0 (233142340)|SYSTEM_MODE_ENTER|true
07:14:27.0 (233618511)|VARIABLE_SCOPE_BEGIN|[35]|PAW_New_EditCntrllr.globalSchemaMap|Map<String,Schema.SObjectType>|true|true
07:14:27.0 (233639780)|VARIABLE_SCOPE_BEGIN|[3]|PAW_New_EditCntrllr.yearEndMode|Boolean|false|true
07:14:27.0 (233786435)|HEAP_ALLOCATE|[72]|Bytes:3
07:14:27.0 (233827260)|HEAP_ALLOCATE|[77]|Bytes:152
07:14:27.0 (233840252)|HEAP_ALLOCATE|[342]|Bytes:408
07:14:27.0 (233853763)|HEAP_ALLOCATE|[355]|Bytes:408
07:14:27.0 (233866513)|HEAP_ALLOCATE|[467]|Bytes:48
07:14:27.0 (233895967)|HEAP_ALLOCATE|[139]|Bytes:6
07:14:27.0 (233909443)|HEAP_ALLOCATE|[EXTERNAL]|Bytes:11
07:14:27.0 (233915955)|HEAP_ALLOCATE|[EXTERNAL]|Bytes:304
07:14:27.0 (233920180)|HEAP_ALLOCATE|[EXTERNAL]|Bytes:98
07:14:27.0 (233923921)|HEAP_ALLOCATE|[EXTERNAL]|Bytes:10
07:14:27.0 (233952700)|METHOD_ENTRY|[1]|01p0a000004sKzV|PAW_New_EditCntrllr.PAW_New_EditCntrllr()
07:14:27.0 (233960020)|STATEMENT_EXECUTE|[1]
07:14:27.0 (233964869)|STATEMENT_EXECUTE|[1]
07:14:27.0 (233965988)|STATEMENT_EXECUTE|[3]
07:14:27.0 (237879435)|VARIABLE_SCOPE_BEGIN|[3]|PAW_YearEnd_Config.setting|Year_End_PAW_Settings__c|true|true
07:14:27.0 (237899704)|HEAP_ALLOCATE|[3]|Bytes:1
07:14:27.0 (237905967)|HEAP_ALLOCATE|[3]|Bytes:1
07:14:27.0 (237933063)|METHOD_ENTRY|[1]|01p29000000Aswf|PAW_YearEnd_Config.PAW_YearEnd_Config()
07:14:27.0 (237939230)|STATEMENT_EXECUTE|[1]
07:14:27.0 (237942980)|STATEMENT_EXECUTE|[1]
07:14:27.0 (237971931)|HEAP_ALLOCATE|[50]|Bytes:5
07:14:27.0 (237995332)|HEAP_ALLOCATE|[56]|Bytes:5
07:14:27.0 (238002113)|HEAP_ALLOCATE|[64]|Bytes:7
07:14:27.0 (238328493)|SYSTEM_MODE_ENTER|false
07:14:27.0 (238344827)|HEAP_ALLOCATE|[3]|Bytes:5
07:14:27.0 (238353066)|SYSTEM_MODE_EXIT|false
07:14:27.0 (238362418)|METHOD_EXIT|[1]|PAW_YearEnd_Config
07:14:27.0 (238381728)|METHOD_ENTRY|[3]|01p29000000Aswf|PAW_YearEnd_Config.fetch()
07:14:27.0 (238422322)|SYSTEM_MODE_ENTER|false
07:14:27.0 (238427893)|HEAP_ALLOCATE|[6]|Bytes:5
07:14:27.0 (238431733)|STATEMENT_EXECUTE|[5]
07:14:27.0 (238440748)|STATEMENT_EXECUTE|[7]
07:14:27.0 (239911764)|HEAP_ALLOCATE|[7]|Bytes:20
07:14:27.0 (239966431)|VARIABLE_ASSIGNMENT|[7]|PAW_YearEnd_Config.setting|{"IsDeleted":false,"Name":"Year End PAW Setting (11 more) ...","SetupOwnerId":"00529000000zYiyAAE","Year_End_Mode_Enable (4 more) ...":false}|0x21d80e06
07:14:27.0 (239974934)|STATEMENT_EXECUTE|[9]
07:14:27.0 (239977922)|HEAP_ALLOCATE|[9]|Bytes:14
07:14:27.0 (240132716)|HEAP_ALLOCATE|[9]|Bytes:145
07:14:27.0 (240156506)|HEAP_ALLOCATE|[9]|Bytes:159
07:14:27.0 (240179325)|USER_DEBUG|[9]|DEBUG|>>> setting : Year_End_PAW_Settings__c:{IsDeleted=false, Name=Year End PAW Settings (Profile), SetupOwnerId=00529000000zYiyAAE, Year_End_Mode_Enabled__c=false}
07:14:27.0 (240187384)|STATEMENT_EXECUTE|[10]
07:14:27.0 (240192668)|SYSTEM_MODE_EXIT|false
07:14:27.0 (240201229)|METHOD_EXIT|[3]|01p29000000Aswf|PAW_YearEnd_Config.fetch()
07:14:27.0 (240239497)|VARIABLE_ASSIGNMENT|[3]|PAW_New_EditCntrllr.yearEndMode|false
07:14:27.0 (240244953)|STATEMENT_EXECUTE|[522]
07:14:27.0 (240250363)|METHOD_EXIT|[1]|PAW_New_EditCntrllr
07:14:27.0 (258088605)|HEAP_ALLOCATE|[EXTERNAL]|Bytes:112
07:14:27.0 (258179961)|VARIABLE_SCOPE_BEGIN|[41]|this|PAW_New_EditCntrllr|true|false
07:14:27.0 (258288983)|VARIABLE_ASSIGNMENT|[41]|this|{}|0x5220bcb2
07:14:27.0 (258310463)|STATEMENT_EXECUTE|[1]
07:14:27.0 (258312693)|STATEMENT_EXECUTE|[7]
07:14:27.0 (258314103)|STATEMENT_EXECUTE|[8]
07:14:27.0 (258315367)|STATEMENT_EXECUTE|[9]
07:14:27.0 (258316544)|STATEMENT_EXECUTE|[10]
07:14:27.0 (258317915)|STATEMENT_EXECUTE|[11]
07:14:27.0 (258345216)|VARIABLE_ASSIGNMENT|[11]|this.oppId|""|0x5220bcb2
07:14:27.0 (258350648)|STATEMENT_EXECUTE|[12]
07:14:27.0 (258351774)|STATEMENT_EXECUTE|[13]
07:14:27.0 (258352589)|STATEMENT_EXECUTE|[14]
07:14:27.0 (258353358)|STATEMENT_EXECUTE|[15]
07:14:27.0 (258354138)|STATEMENT_EXECUTE|[16]
07:14:27.0 (258354949)|STATEMENT_EXECUTE|[18]
07:14:27.0 (258355733)|STATEMENT_EXECUTE|[19]
07:14:27.0 (258356503)|STATEMENT_EXECUTE|[20]
07:14:27.0 (258357273)|STATEMENT_EXECUTE|[21]
07:14:27.0 (258358051)|STATEMENT_EXECUTE|[22]
07:14:27.0 (258358841)|STATEMENT_EXECUTE|[23]
07:14:27.0 (258359633)|STATEMENT_EXECUTE|[24]
07:14:27.0 (258360436)|STATEMENT_EXECUTE|[25]
07:14:27.0 (258361204)|STATEMENT_EXECUTE|[26]
07:14:27.0 (258361986)|STATEMENT_EXECUTE|[27]
07:14:27.0 (258362775)|STATEMENT_EXECUTE|[28]
07:14:27.0 (258363568)|STATEMENT_EXECUTE|[30]
07:14:27.0 (258364371)|STATEMENT_EXECUTE|[31]
07:14:27.0 (258365163)|STATEMENT_EXECUTE|[32]
07:14:27.0 (258365928)|STATEMENT_EXECUTE|[33]
07:14:27.0 (258366891)|STATEMENT_EXECUTE|[37]
07:14:27.0 (258367720)|STATEMENT_EXECUTE|[38]
07:14:27.0 (258378968)|HEAP_ALLOCATE|[11]|Bytes:6
07:14:27.0 (258428507)|STATEMENT_EXECUTE|[41]
07:14:27.0 (258429890)|STATEMENT_EXECUTE|[44]
07:14:27.0 (298717522)|HEAP_ALLOCATE|[44]|Bytes:2408
07:14:27.0 (299120340)|VARIABLE_ASSIGNMENT|[44]|PAW_New_EditCntrllr.globalSchemaMap|"{abused_substance__c=Abused_Substance__c, abused_substance__feed=Abused_Substance__Feed, abused_substance__history=Abused_Substance__History, acceptedeventrelation=AcceptedEventRelation, account=Account, account_review__c=Account_Review__c, account_review__history=Account_Review__History, account_satisfaction_survey__c=Account_Satisfaction_Survey__c, accountcontactrole=AccountContactRole, accountfeed=AccountFeed, ...}"|0x20434f71
07:14:27.0 (299136140)|STATEMENT_EXECUTE|[45]
07:14:27.0 (299291681)|VARIABLE_ASSIGNMENT|[EXTERNAL]|this|{"oppId":""}|0x5220bcb2
07:14:27.0 (299309915)|VARIABLE_ASSIGNMENT|[EXTERNAL]|value|false
07:14:27.0 (299318538)|HEAP_ALLOCATE|[32]|Bytes:5
07:14:27.0 (299331000)|VARIABLE_ASSIGNMENT|[32]|this.isTalbott|false|0x5220bcb2
07:14:27.0 (299340988)|STATEMENT_EXECUTE|[46]
07:14:27.0 (299396904)|VARIABLE_ASSIGNMENT|[EXTERNAL]|this|{"isTalbott":false,"oppId":""}|0x5220bcb2
07:14:27.0 (299405135)|VARIABLE_ASSIGNMENT|[EXTERNAL]|value|false
07:14:27.0 (299410349)|HEAP_ALLOCATE|[33]|Bytes:5
07:14:27.0 (299416617)|VARIABLE_ASSIGNMENT|[33]|this.isIop|false|0x5220bcb2
07:14:27.0 (299424171)|STATEMENT_EXECUTE|[47]
07:14:27.0 (299431903)|VARIABLE_ASSIGNMENT|[47]|this.sObjectQueryStr|""|0x5220bcb2
07:14:27.0 (299438089)|STATEMENT_EXECUTE|[48]
07:14:27.0 (299471692)|HEAP_ALLOCATE|[48]|Bytes:4
07:14:27.0 (299582903)|VARIABLE_ASSIGNMENT|[48]|this.quoteObj|{}|0x5220bcb2
07:14:27.0 (299588826)|STATEMENT_EXECUTE|[49]
07:14:27.0 (299598224)|HEAP_ALLOCATE|[49]|Bytes:476
07:14:27.0 (299608589)|HEAP_ALLOCATE|[49]|Bytes:71
07:14:27.0 (299683136)|HEAP_ALLOCATE|[49]|Bytes:84
07:14:27.0 (299705669)|CONSTRUCTOR_ENTRY|[49]|01p0a000004sKzV|<init>()
07:14:27.0 (299731740)|VARIABLE_SCOPE_BEGIN|[544]|this|PAW_New_EditCntrllr.WraperClass|true|false
07:14:27.0 (299794623)|VARIABLE_ASSIGNMENT|[544]|this|{}|0x846f402
07:14:27.0 (299801380)|STATEMENT_EXECUTE|[522]
07:14:27.0 (299802723)|STATEMENT_EXECUTE|[523]
07:14:27.0 (299803713)|STATEMENT_EXECUTE|[524]
07:14:27.0 (299804705)|STATEMENT_EXECUTE|[525]
07:14:27.0 (299805480)|STATEMENT_EXECUTE|[526]
07:14:27.0 (299806545)|STATEMENT_EXECUTE|[527]
07:14:27.0 (299807318)|STATEMENT_EXECUTE|[528]
07:14:27.0 (299808105)|STATEMENT_EXECUTE|[529]
07:14:27.0 (299808881)|STATEMENT_EXECUTE|[530]
07:14:27.0 (299809681)|STATEMENT_EXECUTE|[531]
07:14:27.0 (299810604)|STATEMENT_EXECUTE|[532]
07:14:27.0 (299811379)|STATEMENT_EXECUTE|[533]
07:14:27.0 (299812154)|STATEMENT_EXECUTE|[534]
07:14:27.0 (299812928)|STATEMENT_EXECUTE|[535]
07:14:27.0 (299813809)|STATEMENT_EXECUTE|[536]
07:14:27.0 (299814620)|STATEMENT_EXECUTE|[537]
07:14:27.0 (299815544)|STATEMENT_EXECUTE|[538]
07:14:27.0 (299816322)|STATEMENT_EXECUTE|[539]
07:14:27.0 (299817253)|STATEMENT_EXECUTE|[540]
07:14:27.0 (299818062)|STATEMENT_EXECUTE|[541]
07:14:27.0 (299819174)|STATEMENT_EXECUTE|[542]
07:14:27.0 (299834445)|STATEMENT_EXECUTE|[544]
07:14:27.0 (299835568)|STATEMENT_EXECUTE|[545]
07:14:27.0 (299852841)|HEAP_ALLOCATE|[545]|Bytes:4
07:14:27.0 (299984317)|VARIABLE_ASSIGNMENT|[EXTERNAL]|this|{}|0x846f402
07:14:27.0 (299995172)|VARIABLE_ASSIGNMENT|[EXTERNAL]|value|{}|0x11c73e69
07:14:27.0 (300005364)|VARIABLE_ASSIGNMENT|[523]|this.pyAgrmntWrksht|{}|0x846f402
07:14:27.0 (300014146)|STATEMENT_EXECUTE|[546]
07:14:27.0 (300029741)|HEAP_ALLOCATE|[546]|Bytes:4
07:14:27.0 (300119107)|VARIABLE_ASSIGNMENT|[EXTERNAL]|this|{"pyAgrmntWrksht":"0x11c73e69"}|0x846f402
07:14:27.0 (300128724)|VARIABLE_ASSIGNMENT|[EXTERNAL]|value|{}|0x19430bfe
07:14:27.0 (300137095)|VARIABLE_ASSIGNMENT|[524]|this.insrncBnft|{}|0x846f402
07:14:27.0 (300144416)|STATEMENT_EXECUTE|[547]
07:14:27.0 (300184904)|VARIABLE_ASSIGNMENT|[EXTERNAL]|this|{"insrncBnft":"0x19430bfe","pyAgrmntWrksht":"0x11c73e69"}|0x846f402
07:14:27.0 (300192155)|VARIABLE_ASSIGNMENT|[EXTERNAL]|value|""
07:14:27.0 (300199286)|VARIABLE_ASSIGNMENT|[525]|this.insrncBnftSelected|""|0x846f402
07:14:27.0 (300206541)|STATEMENT_EXECUTE|[548]
07:14:27.0 (300244385)|VARIABLE_ASSIGNMENT|[EXTERNAL]|this|{"insrncBnft":"0x19430bfe","insrncBnftSelected":"","pyAgrmntWrksht":"0x11c73e69"}|0x846f402
07:14:27.0 (300251397)|VARIABLE_ASSIGNMENT|[EXTERNAL]|value|""
07:14:27.0 (300257683)|VARIABLE_ASSIGNMENT|[526]|this.facilitySelected|""|0x846f402
07:14:27.0 (300264006)|STATEMENT_EXECUTE|[549]
07:14:27.0 (300301405)|VARIABLE_ASSIGNMENT|[EXTERNAL]|this|{"facilitySelected":"","insrncBnft":"0x19430bfe","insrncBnftSelected":"","pyAgrmntWrksht":"0x11c73e69"}|0x846f402
07:14:27.0 (300307967)|VARIABLE_ASSIGNMENT|[EXTERNAL]|value|""
07:14:27.0 (300314151)|VARIABLE_ASSIGNMENT|[527]|this.fcltyPrgrmSelected|""|0x846f402
07:14:27.0 (300320062)|STATEMENT_EXECUTE|[550]
07:14:27.0 (300357090)|VARIABLE_ASSIGNMENT|[EXTERNAL]|this|{"facilitySelected":"","fcltyPrgrmSelected":"","insrncBnft":"0x19430bfe","insrncBnftSelected":"","pyAgrmntWrksht":"0x11c73e69"}|0x846f402
07:14:27.0 (300364083)|VARIABLE_ASSIGNMENT|[EXTERNAL]|value|""
07:14:27.0 (300369626)|VARIABLE_ASSIGNMENT|[528]|this.rateAdjstmntSelected|""|0x846f402
07:14:27.0 (300375772)|STATEMENT_EXECUTE|[551]
07:14:27.0 (300414953)|VARIABLE_ASSIGNMENT|[EXTERNAL]|this|{"facilitySelected":"","fcltyPrgrmSelected":"","insrncBnft":"0x19430bfe","insrncBnftSelected":"","pyAgrmntWrksht":"0x11c73e69","rateAdjstmntSelected":""}|0x846f402
07:14:27.0 (300424713)|VARIABLE_ASSIGNMENT|[EXTERNAL]|value|0
07:14:27.0 (300429791)|HEAP_ALLOCATE|[529]|Bytes:4
07:14:27.0 (300439232)|VARIABLE_ASSIGNMENT|[529]|this.totalRowCount|0|0x846f402
07:14:27.0 (300446510)|STATEMENT_EXECUTE|[552]
07:14:27.0 (300450049)|HEAP_ALLOCATE|[552]|Bytes:4
07:14:27.0 (300476346)|HEAP_ALLOCATE|[552]|Bytes:28
07:14:27.0 (300527479)|VARIABLE_ASSIGNMENT|[EXTERNAL]|this|{"facilitySelected":"","fcltyPrgrmSelected":"","insrncBnft":"0x19430bfe","insrncBnftSelected":"","pyAgrmntWrksht":"0x11c73e69","rateAdjstmntSelected":"","totalRowCount":0}|0x846f402
07:14:27.0 (300538949)|VARIABLE_ASSIGNMENT|[EXTERNAL]|value|0.00
07:14:27.0 (300546454)|VARIABLE_ASSIGNMENT|[530]|this.totalTalbottDay|0.00|0x846f402
07:14:27.0 (300552646)|STATEMENT_EXECUTE|[553]
07:14:27.0 (300558309)|HEAP_ALLOCATE|[553]|Bytes:28
07:14:27.0 (300603398)|VARIABLE_ASSIGNMENT|[EXTERNAL]|this|{"facilitySelected":"","fcltyPrgrmSelected":"","insrncBnft":"0x19430bfe","insrncBnftSelected":"","pyAgrmntWrksht":"0x11c73e69","rateAdjstmntSelected":"","totalRowCount":0,"totalTalbottDay":0.00}|0x846f402
07:14:27.0 (300611583)|VARIABLE_ASSIGNMENT|[EXTERNAL]|value|0.00
07:14:27.0 (300618075)|VARIABLE_ASSIGNMENT|[531]|this.totalInsCoResp|0.00|0x846f402
07:14:27.0 (300624602)|STATEMENT_EXECUTE|[554]
07:14:27.0 (300629340)|HEAP_ALLOCATE|[554]|Bytes:28
07:14:27.0 (300671594)|VARIABLE_ASSIGNMENT|[EXTERNAL]|this|{"facilitySelected":"","fcltyPrgrmSelected":"","insrncBnft":"0x19430bfe","insrncBnftSelected":"","pyAgrmntWrksht":"0x11c73e69","rateAdjstmntSelected":"","totalInsCoResp":0.00,"totalRowCount":0,"totalTalbottDay":0.00}|0x846f402
07:14:27.0 (300680594)|VARIABLE_ASSIGNMENT|[EXTERNAL]|value|0.00
07:14:27.0 (300687305)|VARIABLE_ASSIGNMENT|[532]|this.totalCoPayAmt|0.00|0x846f402
07:14:27.0 (300693425)|STATEMENT_EXECUTE|[555]
07:14:27.0 (300697814)|HEAP_ALLOCATE|[555]|Bytes:28
07:14:27.0 (300741192)|VARIABLE_ASSIGNMENT|[EXTERNAL]|this|{"facilitySelected":"","fcltyPrgrmSelected":"","insrncBnft":"0x19430bfe","insrncBnftSelected":"","pyAgrmntWrksht":"0x11c73e69","rateAdjstmntSelected":"","totalCoPayAmt":0.00,"totalInsCoResp":0.00,"totalRowCount":0,"totalTalbottDay":0.00}|0x846f402
07:14:27.0 (300749453)|VARIABLE_ASSIGNMENT|[EXTERNAL]|value|0.00
07:14:27.0 (300757417)|VARIABLE_ASSIGNMENT|[533]|this.targetEDR|0.00|0x846f402
07:14:27.0 (300763622)|STATEMENT_EXECUTE|[556]
07:14:27.0 (300768063)|HEAP_ALLOCATE|[556]|Bytes:28
07:14:27.0 (300774443)|VARIABLE_ASSIGNMENT|[556]|this.totalAppliedDeductible|0.00|0x846f402
07:14:27.0 (300779125)|STATEMENT_EXECUTE|[557]
07:14:27.0 (300781714)|HEAP_ALLOCATE|[557]|Bytes:28
07:14:27.0 (300787042)|VARIABLE_ASSIGNMENT|[557]|this.totalCoInsurance|0.00|0x846f402
07:14:27.0 (300790936)|STATEMENT_EXECUTE|[558]
07:14:27.0 (300793146)|HEAP_ALLOCATE|[558]|Bytes:28
07:14:27.0 (300798222)|VARIABLE_ASSIGNMENT|[558]|this.totalInsEIVAmt|0.00|0x846f402
07:14:27.0 (300802940)|STATEMENT_EXECUTE|[559]
07:14:27.0 (300848164)|VARIABLE_ASSIGNMENT|[EXTERNAL]|this|{"facilitySelected":"","fcltyPrgrmSelected":"","insrncBnft":"0x19430bfe","insrncBnftSelected":"","pyAgrmntWrksht":"0x11c73e69","rateAdjstmntSelected":"","targetEDR":0.00,"totalAppliedDeductib (2 more) ...":0.00,"totalCoInsurance":0.00,"totalCoPayAmt":0.00,"totalInsCoResp":0.00,"totalInsEIVAmt":0.00,"totalRowCount":0,"totalTalbottDay":0.00}|0x846f402
07:14:27.0 (300859212)|VARIABLE_ASSIGNMENT|[EXTERNAL]|value|false
07:14:27.0 (300863680)|HEAP_ALLOCATE|[541]|Bytes:5
07:14:27.0 (300868778)|VARIABLE_ASSIGNMENT|[541]|this.pawDetailListDisplayFlag|false|0x846f402
07:14:27.0 (300875335)|STATEMENT_EXECUTE|[560]
07:14:27.0 (300895077)|HEAP_ALLOCATE|[560]|Bytes:4
07:14:27.0 (300991067)|VARIABLE_ASSIGNMENT|[EXTERNAL]|this|{"facilitySelected":"","fcltyPrgrmSelected":"","insrncBnft":"0x19430bfe","insrncBnftSelected":"","pawDetailListDisplay (4 more) ...":false,"pyAgrmntWrksht":"0x11c73e69","rateAdjstmntSelected":"","targetEDR":0.00,"totalAppliedDeductib (2 more) ...":0.00,"totalCoInsurance":0.00,"totalCoPayAmt":0.00,"totalInsCoResp":0.00,"totalInsEIVAmt":0.00,"totalRowCount":0,"totalTalbottDay":0.00}|0x846f402
07:14:27.0 (301005241)|HEAP_ALLOCATE|[EXTERNAL]|Bytes:4
07:14:27.0 (301016160)|VARIABLE_ASSIGNMENT|[EXTERNAL]|value|[]|0x242602ed
07:14:27.0 (301025565)|VARIABLE_ASSIGNMENT|[542]|this.relatedPAWDetailsList|[]|0x846f402
07:14:27.0 (301034137)|CONSTRUCTOR_EXIT|[49]|01p0a000004sKzV|<init>()
07:14:27.0 (301080143)|VARIABLE_ASSIGNMENT|[EXTERNAL]|this|{"isIop":false,"isTalbott":false,"oppId":"","quoteObj":"0x2fbd33e9","sObjectQueryStr":""}|0x5220bcb2
07:14:27.0 (301114368)|VARIABLE_ASSIGNMENT|[EXTERNAL]|value|{"facilitySelected":"","fcltyPrgrmSelected":"","insrncBnft":"0x19430bfe","insrncBnftSelected":"","pawDetailListDisplay (4 more) ...":false,"pyAgrmntWrksht":"0x11c73e69","rateAdjstmntSelected":"","relatedPAWDetailsLis (1 more) ...":"0x242602ed","targetEDR":0.00,"totalAppliedDeductib (2 more) ...":0.00,"totalCoInsurance":0.00,"totalCoPayAmt":0.00,"totalInsCoResp":0.00,"totalInsEIVAmt":0.00,"totalRowCount":0,"totalTalbottDay":0.00}|0x846f402
07:14:27.0 (301128470)|VARIABLE_ASSIGNMENT|[30]|this.wrprObj|0x846f402|0x5220bcb2
07:14:27.0 (301135472)|STATEMENT_EXECUTE|[50]
07:14:27.0 (301155245)|HEAP_ALLOCATE|[50]|Bytes:4
07:14:27.0 (301263118)|VARIABLE_ASSIGNMENT|[EXTERNAL]|this|{"isIop":false,"isTalbott":false,"oppId":"","quoteObj":"0x2fbd33e9","sObjectQueryStr":"","wrprObj":"0x846f402"}|0x5220bcb2
07:14:27.0 (301272852)|VARIABLE_ASSIGNMENT|[EXTERNAL]|value|{}|0x21a2052f
07:14:27.0 (301282286)|VARIABLE_ASSIGNMENT|[18]|this.ptntInsrncObj|{}|0x5220bcb2
07:14:27.0 (301289591)|STATEMENT_EXECUTE|[51]
07:14:27.0 (301300991)|HEAP_ALLOCATE|[51]|Bytes:4
07:14:27.0 (301344044)|HEAP_ALLOCATE|[EXTERNAL]|Bytes:4
07:14:27.0 (301354259)|VARIABLE_ASSIGNMENT|[51]|this.ptntInsrnceOptions|[]|0x5220bcb2
07:14:27.0 (301359716)|STATEMENT_EXECUTE|[52]
07:14:27.0 (301365074)|HEAP_ALLOCATE|[52]|Bytes:4
07:14:27.0 (301386162)|HEAP_ALLOCATE|[EXTERNAL]|Bytes:4
07:14:27.0 (301392378)|VARIABLE_ASSIGNMENT|[52]|this.insrncBnftOptions|[]|0x5220bcb2
07:14:27.0 (301396704)|STATEMENT_EXECUTE|[53]
07:14:27.0 (301401157)|HEAP_ALLOCATE|[53]|Bytes:4
07:14:27.0 (301459513)|VARIABLE_ASSIGNMENT|[EXTERNAL]|this|{"insrncBnftOptions":"0x768fbf29","isIop":false,"isTalbott":false,"oppId":"","ptntInsrnceOptions":"0x79c77e78","ptntInsrncObj":"0x21a2052f","quoteObj":"0x2fbd33e9","sObjectQueryStr":"","wrprObj":"0x846f402"}|0x5220bcb2
07:14:27.0 (301475856)|HEAP_ALLOCATE|[EXTERNAL]|Bytes:4
07:14:27.0 (301481017)|VARIABLE_ASSIGNMENT|[EXTERNAL]|value|[]|0x487d9712
07:14:27.0 (301489447)|VARIABLE_ASSIGNMENT|[14]|this.faciltyOptions|[]|0x5220bcb2
07:14:27.0 (301496617)|STATEMENT_EXECUTE|[54]
07:14:27.0 (301501524)|HEAP_ALLOCATE|[54]|Bytes:4
07:14:27.0 (301560247)|VARIABLE_ASSIGNMENT|[EXTERNAL]|this|{"faciltyOptions":"0x487d9712","insrncBnftOptions":"0x768fbf29","isIop":false,"isTalbott":false,"oppId":"","ptntInsrnceOptions":"0x79c77e78","ptntInsrncObj":"0x21a2052f","quoteObj":"0x2fbd33e9","sObjectQueryStr":"","wrprObj":"0x846f402"}|0x5220bcb2
07:14:27.0 (301576326)|HEAP_ALLOCATE|[EXTERNAL]|Bytes:4
07:14:27.0 (301581090)|VARIABLE_ASSIGNMENT|[EXTERNAL]|value|[]|0x2c01a55a
07:14:27.0 (301589690)|VARIABLE_ASSIGNMENT|[15]|this.fcltyPrgrmOptions|[]|0x5220bcb2
07:14:27.0 (301596231)|STATEMENT_EXECUTE|[55]
07:14:27.0 (301601136)|HEAP_ALLOCATE|[55]|Bytes:4
07:14:27.0 (301621367)|HEAP_ALLOCATE|[EXTERNAL]|Bytes:4
07:14:27.0 (301626585)|VARIABLE_ASSIGNMENT|[55]|this.rtAdjstmntOptions|[]|0x5220bcb2
07:14:27.0 (301630868)|STATEMENT_EXECUTE|[56]
07:14:27.0 (301641442)|HEAP_ALLOCATE|[56]|Bytes:4
07:14:27.0 (301659686)|VARIABLE_ASSIGNMENT|[56]|this.idToOwnershipFacilityMap|{}|0x5220bcb2
07:14:27.0 (301664432)|STATEMENT_EXECUTE|[57]
07:14:27.0 (301669426)|HEAP_ALLOCATE|[57]|Bytes:4
07:14:27.0 (301677105)|VARIABLE_ASSIGNMENT|[57]|this.idToTypeFacilityMap|{}|0x5220bcb2
07:14:27.0 (301681245)|STATEMENT_EXECUTE|[58]
07:14:27.0 (301694368)|HEAP_ALLOCATE|[58]|Bytes:4
07:14:27.0 (301719375)|VARIABLE_ASSIGNMENT|[58]|this.insrncBnftMap|{}|0x5220bcb2
07:14:27.0 (301724249)|STATEMENT_EXECUTE|[59]
07:14:27.0 (301738694)|HEAP_ALLOCATE|[59]|Bytes:4
07:14:27.0 (301789901)|VARIABLE_ASSIGNMENT|[59]|this.estmtCvrgeDaysObj|{}|0x5220bcb2
07:14:27.0 (301795961)|STATEMENT_EXECUTE|[60]
07:14:27.0 (301806736)|HEAP_ALLOCATE|[60]|Bytes:4
07:14:27.0 (301820751)|VARIABLE_ASSIGNMENT|[60]|this.pawObj|{}|0x5220bcb2
07:14:27.0 (301825276)|STATEMENT_EXECUTE|[61]
07:14:27.0 (301892538)|HEAP_ALLOCATE|[61]|Bytes:39
07:14:27.0 (301927485)|HEAP_ALLOCATE|[61]|Bytes:17
07:14:27.0 (301945837)|HEAP_ALLOCATE|[61]|Bytes:2
07:14:27.0 (302029773)|VARIABLE_ASSIGNMENT|[EXTERNAL]|this|{"estmtCvrgeDaysObj":"0x4a16f5d7","faciltyOptions":"0x487d9712","fcltyPrgrmOptions":"0x2c01a55a","idToOwnershipFacilit (4 more) ...":"0xc2ffb16","idToTypeFacilityMap":"0x2da5b4bc","insrncBnftMap":"0x7a554cce","insrncBnftOptions":"0x768fbf29","isIop":false,"isTalbott":false,"oppId":"","pawObj":"0x710a61e","ptntInsrnceOptions":"0x79c77e78","ptntInsrncObj":"0x21a2052f","quoteObj":"0x2fbd33e9","rtAdjstmntOptions":"0x74141aa1","sObjectQueryStr":"","wrprObj":"0x846f402"}|0x5220bcb2
07:14:27.0 (302043358)|VARIABLE_ASSIGNMENT|[EXTERNAL]|value|"00629000004NTeZ"
07:14:27.0 (302052843)|VARIABLE_ASSIGNMENT|[7]|this.recordId|"00629000004NTeZ"|0x5220bcb2
07:14:27.0 (302060156)|STATEMENT_EXECUTE|[62]
07:14:27.0 (302076276)|HEAP_ALLOCATE|[62]|Bytes:39
07:14:27.0 (302094094)|HEAP_ALLOCATE|[62]|Bytes:17
07:14:27.0 (302105466)|HEAP_ALLOCATE|[62]|Bytes:5
07:14:27.0 (302120380)|VARIABLE_ASSIGNMENT|[62]|this.isClone|null|0x5220bcb2
07:14:27.0 (302125290)|STATEMENT_EXECUTE|[63]
07:14:27.0 (302136533)|HEAP_ALLOCATE|[63]|Bytes:39
07:14:27.0 (302149853)|HEAP_ALLOCATE|[63]|Bytes:17
07:14:27.0 (302159603)|HEAP_ALLOCATE|[63]|Bytes:7
07:14:27.0 (302172896)|VARIABLE_ASSIGNMENT|[63]|this.quoteId|null|0x5220bcb2
07:14:27.0 (302177808)|STATEMENT_EXECUTE|[64]
07:14:27.0 (302183068)|HEAP_ALLOCATE|[64]|Bytes:160
07:14:27.0 (302190575)|HEAP_ALLOCATE|[64]|Bytes:11
07:14:27.0 (302203595)|HEAP_ALLOCATE|[64]|Bytes:44
07:14:27.0 (302217462)|CONSTRUCTOR_ENTRY|[64]|01p29000000Aswe|<init>()
07:14:27.0 (302234639)|VARIABLE_SCOPE_BEGIN|[12]|this|PAW_Editor_YearEndController.MetaData|true|false
07:14:27.0 (302268999)|VARIABLE_ASSIGNMENT|[12]|this|{}|0x247741bb
07:14:27.0 (302283956)|STATEMENT_EXECUTE|[12]
07:14:27.0 (302285250)|STATEMENT_EXECUTE|[13]
07:14:27.0 (302286210)|STATEMENT_EXECUTE|[14]
07:14:27.0 (302287059)|STATEMENT_EXECUTE|[15]
07:14:27.0 (302287942)|STATEMENT_EXECUTE|[16]
07:14:27.0 (302288719)|STATEMENT_EXECUTE|[17]
07:14:27.0 (302289477)|STATEMENT_EXECUTE|[18]
07:14:27.0 (302290366)|STATEMENT_EXECUTE|[19]
07:14:27.0 (302291127)|STATEMENT_EXECUTE|[20]
07:14:27.0 (302291896)|STATEMENT_EXECUTE|[21]
07:14:27.0 (302292784)|STATEMENT_EXECUTE|[22]
07:14:27.0 (302295658)|CONSTRUCTOR_EXIT|[64]|01p29000000Aswe|<init>()
07:14:27.0 (302354319)|VARIABLE_ASSIGNMENT|[EXTERNAL]|this|{"estmtCvrgeDaysObj":"0x4a16f5d7","faciltyOptions":"0x487d9712","fcltyPrgrmOptions":"0x2c01a55a","idToOwnershipFacilit (4 more) ...":"0xc2ffb16","idToTypeFacilityMap":"0x2da5b4bc","insrncBnftMap":"0x7a554cce","insrncBnftOptions":"0x768fbf29","isIop":false,"isTalbott":false,"oppId":"","pawObj":"0x710a61e","ptntInsrnceOptions":"0x79c77e78","ptntInsrncObj":"0x21a2052f","quoteObj":"0x2fbd33e9","recordId":"00629000004NTeZ","rtAdjstmntOptions":"0x74141aa1","sObjectQueryStr":"","wrprObj":"0x846f402"}|0x5220bcb2
07:14:27.0 (302376112)|VARIABLE_ASSIGNMENT|[EXTERNAL]|value|{}|0x247741bb
07:14:27.0 (302385187)|VARIABLE_ASSIGNMENT|[37]|this.meta|0x247741bb|0x5220bcb2
07:14:27.0 (306921271)|HEAP_ALLOCATE|[EXTERNAL]|Bytes:112
07:14:27.0 (307245213)|VARIABLE_SCOPE_BEGIN|[69]|this|PAW_New_EditCntrllr|true|false
07:14:27.0 (307316082)|VARIABLE_ASSIGNMENT|[69]|this|{"estmtCvrgeDaysObj":"0x4a16f5d7","faciltyOptions":"0x487d9712","fcltyPrgrmOptions":"0x2c01a55a","idToOwnershipFacilit (4 more) ...":"0xc2ffb16","idToTypeFacilityMap":"0x2da5b4bc","insrncBnftMap":"0x7a554cce","insrncBnftOptions":"0x768fbf29","isIop":false,"isTalbott":false,"meta":"0x247741bb","oppId":"","pawObj":"0x710a61e","ptntInsrnceOptions":"0x79c77e78","ptntInsrncObj":"0x21a2052f","quoteObj":"0x2fbd33e9","recordId":"00629000004NTeZ","rtAdjstmntOptions":"0x74141aa1","sObjectQueryStr":"","wrprObj":"0x846f402"}|0x5220bcb2
07:14:27.0 (307338160)|STATEMENT_EXECUTE|[69]
07:14:27.0 (307339960)|STATEMENT_EXECUTE|[71]
07:14:27.0 (307343661)|HEAP_ALLOCATE|[71]|Bytes:5
07:14:27.0 (307374586)|USER_DEBUG|[71]|DEBUG|>>> 1
07:14:27.0 (307389316)|STATEMENT_EXECUTE|[72]
07:14:27.0 (307463755)|VARIABLE_ASSIGNMENT|[EXTERNAL]|this|{"estmtCvrgeDaysObj":"0x4a16f5d7","faciltyOptions":"0x487d9712","fcltyPrgrmOptions":"0x2c01a55a","idToOwnershipFacilit (4 more) ...":"0xc2ffb16","idToTypeFacilityMap":"0x2da5b4bc","insrncBnftMap":"0x7a554cce","insrncBnftOptions":"0x768fbf29","isIop":false,"isTalbott":false,"meta":"0x247741bb","oppId":"","pawObj":"0x710a61e","ptntInsrnceOptions":"0x79c77e78","ptntInsrncObj":"0x21a2052f","quoteObj":"0x2fbd33e9","recordId":"00629000004NTeZ","rtAdjstmntOptions":"0x74141aa1","sObjectQueryStr":"","wrprObj":"0x846f402"}|0x5220bcb2
07:14:27.0 (307522799)|VARIABLE_ASSIGNMENT|[EXTERNAL]|this|{"estmtCvrgeDaysObj":"0x4a16f5d7","faciltyOptions":"0x487d9712","fcltyPrgrmOptions":"0x2c01a55a","idToOwnershipFacilit (4 more) ...":"0xc2ffb16","idToTypeFacilityMap":"0x2da5b4bc","insrncBnftMap":"0x7a554cce","insrncBnftOptions":"0x768fbf29","isIop":false,"isTalbott":false,"meta":"0x247741bb","oppId":"","pawObj":"0x710a61e","ptntInsrnceOptions":"0x79c77e78","ptntInsrncObj":"0x21a2052f","quoteObj":"0x2fbd33e9","recordId":"00629000004NTeZ","rtAdjstmntOptions":"0x74141aa1","sObjectQueryStr":"","wrprObj":"0x846f402"}|0x5220bcb2
07:14:27.0 (307552760)|STATEMENT_EXECUTE|[79]
07:14:27.0 (307601371)|VARIABLE_ASSIGNMENT|[EXTERNAL]|this|{"estmtCvrgeDaysObj":"0x4a16f5d7","faciltyOptions":"0x487d9712","fcltyPrgrmOptions":"0x2c01a55a","idToOwnershipFacilit (4 more) ...":"0xc2ffb16","idToTypeFacilityMap":"0x2da5b4bc","insrncBnftMap":"0x7a554cce","insrncBnftOptions":"0x768fbf29","isIop":false,"isTalbott":false,"meta":"0x247741bb","oppId":"","pawObj":"0x710a61e","ptntInsrnceOptions":"0x79c77e78","ptntInsrncObj":"0x21a2052f","quoteObj":"0x2fbd33e9","recordId":"00629000004NTeZ","rtAdjstmntOptions":"0x74141aa1","sObjectQueryStr":"","wrprObj":"0x846f402"}|0x5220bcb2
07:14:27.0 (307618888)|HEAP_ALLOCATE|[81]|Bytes:11
07:14:27.0 (308206434)|HEAP_ALLOCATE|[81]|Bytes:4
07:14:27.0 (308238156)|HEAP_ALLOCATE|[81]|Bytes:3
07:14:27.0 (308270646)|STATEMENT_EXECUTE|[81]
07:14:27.0 (308272380)|STATEMENT_EXECUTE|[82]
07:14:27.0 (308357225)|VARIABLE_ASSIGNMENT|[EXTERNAL]|this|{"estmtCvrgeDaysObj":"0x4a16f5d7","faciltyOptions":"0x487d9712","fcltyPrgrmOptions":"0x2c01a55a","idToOwnershipFacilit (4 more) ...":"0xc2ffb16","idToTypeFacilityMap":"0x2da5b4bc","insrncBnftMap":"0x7a554cce","insrncBnftOptions":"0x768fbf29","isIop":false,"isTalbott":false,"meta":"0x247741bb","oppId":"","pawObj":"0x710a61e","ptntInsrnceOptions":"0x79c77e78","ptntInsrncObj":"0x21a2052f","quoteObj":"0x2fbd33e9","recordId":"00629000004NTeZ","rtAdjstmntOptions":"0x74141aa1","sObjectQueryStr":"","wrprObj":"0x846f402"}|0x5220bcb2
07:14:27.0 (308373640)|VARIABLE_ASSIGNMENT|[EXTERNAL]|value|false
07:14:27.0 (308379976)|HEAP_ALLOCATE|[31]|Bytes:5
07:14:27.0 (308389558)|VARIABLE_ASSIGNMENT|[31]|this.showPILookup|false|0x5220bcb2
07:14:27.0 (308398472)|STATEMENT_EXECUTE|[83]
07:14:27.0 (308459106)|VARIABLE_ASSIGNMENT|[EXTERNAL]|this|{"estmtCvrgeDaysObj":"0x4a16f5d7","faciltyOptions":"0x487d9712","fcltyPrgrmOptions":"0x2c01a55a","idToOwnershipFacilit (4 more) ...":"0xc2ffb16","idToTypeFacilityMap":"0x2da5b4bc","insrncBnftMap":"0x7a554cce","insrncBnftOptions":"0x768fbf29","isIop":false,"isTalbott":false,"meta":"0x247741bb","oppId":"","pawObj":"0x710a61e","ptntInsrnceOptions":"0x79c77e78","ptntInsrncObj":"0x21a2052f","quoteObj":"0x2fbd33e9","recordId":"00629000004NTeZ","rtAdjstmntOptions":"0x74141aa1","showPILookup":false,"sObjectQueryStr":"","wrprObj":"0x846f402"}|0x5220bcb2
07:14:27.0 (308479709)|VARIABLE_ASSIGNMENT|[83]|this.oppId|"00629000004NTeZ"|0x5220bcb2
07:14:27.0 (308484093)|STATEMENT_EXECUTE|[84]
07:14:27.0 (308523047)|METHOD_ENTRY|[84]|01p0a000004sKzV|PAW_New_EditCntrllr.getPtntInsrnceOptions()
07:14:27.0 (308596580)|VARIABLE_SCOPE_BEGIN|[186]|this|PAW_New_EditCntrllr|true|false
07:14:27.0 (308647764)|VARIABLE_ASSIGNMENT|[186]|this|{"estmtCvrgeDaysObj":"0x4a16f5d7","faciltyOptions":"0x487d9712","fcltyPrgrmOptions":"0x2c01a55a","idToOwnershipFacilit (4 more) ...":"0xc2ffb16","idToTypeFacilityMap":"0x2da5b4bc","insrncBnftMap":"0x7a554cce","insrncBnftOptions":"0x768fbf29","isIop":false,"isTalbott":false,"meta":"0x247741bb","oppId":"00629000004NTeZ","pawObj":"0x710a61e","ptntInsrnceOptions":"0x79c77e78","ptntInsrncObj":"0x21a2052f","quoteObj":"0x2fbd33e9","recordId":"00629000004NTeZ","rtAdjstmntOptions":"0x74141aa1","showPILookup":false,"sObjectQueryStr":"","wrprObj":"0x846f402"}|0x5220bcb2
07:14:27.0 (308660226)|STATEMENT_EXECUTE|[186]
07:14:27.0 (308661453)|STATEMENT_EXECUTE|[190]
07:14:27.0 (308670307)|HEAP_ALLOCATE|[190]|Bytes:4
07:14:27.0 (308709783)|HEAP_ALLOCATE|[EXTERNAL]|Bytes:4
07:14:27.0 (308718345)|VARIABLE_ASSIGNMENT|[190]|this.ptntInsrnceOptions|[]|0x5220bcb2
07:14:27.0 (308723616)|STATEMENT_EXECUTE|[191]
07:14:27.0 (308731383)|HEAP_ALLOCATE|[191]|Bytes:12
07:14:27.0 (308781467)|HEAP_ALLOCATE|[EXTERNAL]|Bytes:4
07:14:27.0 (308788901)|STATEMENT_EXECUTE|[192]
07:14:27.0 (308808281)|HEAP_ALLOCATE|[192]|Bytes:4
07:14:27.0 (308813643)|HEAP_ALLOCATE|[192]|Bytes:95
07:14:27.0 (308823466)|HEAP_ALLOCATE|[192]|Bytes:4
07:14:27.0 (308834675)|HEAP_ALLOCATE|[192]|Bytes:7
07:14:27.0 (309128853)|SOQL_EXECUTE_BEGIN|[192]|Aggregations:0|SELECT Id, Name, Insurance_Company__c FROM Patient_Insurance__c WHERE Opportunity__c = :tmpVar1
07:14:27.0 (313656199)|SOQL_EXECUTE_END|[192]|Rows:4
07:14:27.0 (313680288)|HEAP_ALLOCATE|[192]|Bytes:20
07:14:27.0 (313705059)|HEAP_ALLOCATE|[192]|Bytes:449
07:14:27.0 (313754555)|HEAP_ALLOCATE|[192]|Bytes:20
07:14:27.0 (313792046)|HEAP_ALLOCATE|[192]|Bytes:16
07:14:27.0 (313803571)|HEAP_ALLOCATE|[192]|Bytes:4
07:14:27.0 (313808583)|HEAP_ALLOCATE|[192]|Bytes:16
07:14:27.0 (313812524)|HEAP_ALLOCATE|[192]|Bytes:4
07:14:27.0 (313815329)|HEAP_ALLOCATE|[192]|Bytes:16
07:14:27.0 (313818845)|HEAP_ALLOCATE|[192]|Bytes:4
07:14:27.0 (313821556)|HEAP_ALLOCATE|[192]|Bytes:16
07:14:27.0 (313825340)|HEAP_ALLOCATE|[192]|Bytes:4
07:14:27.0 (313861843)|VARIABLE_ASSIGNMENT|[192]|this.ptntInsrncMap|{"a1b29000000l40nAAA":{"Id":"a1b29000000l40nAAA","Name":"Maria Johnson - BCBS (17 more) ...","Insurance_Company__c":"0012900000AXSPBAA5"},"a1b29000000lvHQAAY":{"Id":"a1b29000000lvHQAAY","Name":"Maria Johnson - Valu (23 more) ...","Insurance_Company__c":"0012900000AXSP3AAP"},"a1b29000000lvHVAAY":{"Id":"a1b29000000lvHVAAY","Name":"Maria Johnson - Priv (7 more) ...","Insurance_Company__c":"0012900000AXSDqAAP"},"a1b29000000ly7uAAA":{"Id":"a1b29000000ly7uAAA","Name":"Maria Johnson - Alle (6 more) ...","Insurance_Company__c":"0012900000AXSlPAAX"}}|0x5220bcb2
07:14:27.0 (313906434)|HEAP_ALLOCATE|[EXTERNAL]|Bytes:20
07:14:27.0 (313918038)|HEAP_ALLOCATE|[197]|Bytes:465
07:14:27.0 (314093665)|HEAP_ALLOCATE|[197]|Bytes:5
07:14:27.0 (314108734)|HEAP_ALLOCATE|[197]|Bytes:16
07:14:27.0 (314117658)|VARIABLE_SCOPE_BEGIN|[197]|ptntInsrnceInstance|Patient_Insurance__c|true|false
07:14:27.0 (314134348)|VARIABLE_ASSIGNMENT|[197]|ptntInsrnceInstance|{"Id":"a1b29000000l40nAAA","Name":"Maria Johnson - BCBS (17 more) ...","Insurance_Company__c":"0012900000AXSPBAA5"}|0x5f969d7c
07:14:27.0 (314140992)|STATEMENT_EXECUTE|[197]
07:14:27.0 (314142327)|STATEMENT_EXECUTE|[198]
07:14:27.0 (314185899)|HEAP_ALLOCATE|[198]|Bytes:18
07:14:27.0 (314243989)|HEAP_ALLOCATE|[EXTERNAL]|Bytes:4
07:14:27.0 (314258180)|HEAP_ALLOCATE|[197]|Bytes:5
07:14:27.0 (314266751)|HEAP_ALLOCATE|[197]|Bytes:16
07:14:27.0 (314271995)|VARIABLE_SCOPE_BEGIN|[197]|ptntInsrnceInstance|Patient_Insurance__c|true|false
07:14:27.0 (314284936)|VARIABLE_ASSIGNMENT|[197]|ptntInsrnceInstance|{"Id":"a1b29000000lvHQAAY","Name":"Maria Johnson - Valu (23 more) ...","Insurance_Company__c":"0012900000AXSP3AAP"}|0x6e91f7aa
07:14:27.0 (314290585)|STATEMENT_EXECUTE|[197]
07:14:27.0 (314291615)|STATEMENT_EXECUTE|[198]
07:14:27.0 (314300821)|HEAP_ALLOCATE|[198]|Bytes:18
07:14:27.0 (314311848)|HEAP_ALLOCATE|[EXTERNAL]|Bytes:4
07:14:27.0 (314320068)|HEAP_ALLOCATE|[197]|Bytes:5
07:14:27.0 (314326296)|HEAP_ALLOCATE|[197]|Bytes:16
07:14:27.0 (314330667)|VARIABLE_SCOPE_BEGIN|[197]|ptntInsrnceInstance|Patient_Insurance__c|true|false
07:14:27.0 (314342549)|VARIABLE_ASSIGNMENT|[197]|ptntInsrnceInstance|{"Id":"a1b29000000lvHVAAY","Name":"Maria Johnson - Priv (7 more) ...","Insurance_Company__c":"0012900000AXSDqAAP"}|0x4354555
07:14:27.0 (314347271)|STATEMENT_EXECUTE|[197]
07:14:27.0 (314348224)|STATEMENT_EXECUTE|[198]
07:14:27.0 (314353888)|HEAP_ALLOCATE|[198]|Bytes:18
07:14:27.0 (314362189)|HEAP_ALLOCATE|[EXTERNAL]|Bytes:4
07:14:27.0 (314369857)|HEAP_ALLOCATE|[197]|Bytes:5
07:14:27.0 (314375934)|HEAP_ALLOCATE|[197]|Bytes:16
07:14:27.0 (314379844)|VARIABLE_SCOPE_BEGIN|[197]|ptntInsrnceInstance|Patient_Insurance__c|true|false
07:14:27.0 (314390513)|VARIABLE_ASSIGNMENT|[197]|ptntInsrnceInstance|{"Id":"a1b29000000ly7uAAA","Name":"Maria Johnson - Alle (6 more) ...","Insurance_Company__c":"0012900000AXSlPAAX"}|0x3916297
07:14:27.0 (314395027)|STATEMENT_EXECUTE|[197]
07:14:27.0 (314395923)|STATEMENT_EXECUTE|[198]
07:14:27.0 (314400631)|HEAP_ALLOCATE|[198]|Bytes:18
07:14:27.0 (314408527)|HEAP_ALLOCATE|[EXTERNAL]|Bytes:4
07:14:27.0 (314416040)|HEAP_ALLOCATE|[197]|Bytes:5
07:14:27.0 (314423814)|VARIABLE_ASSIGNMENT|[197]|ptntInsrnceInstance|null|
07:14:27.0 (314428414)|STATEMENT_EXECUTE|[201]
07:14:27.0 (314439036)|METHOD_EXIT|[84]|01p0a000004sKzV|PAW_New_EditCntrllr.getPtntInsrnceOptions()
07:14:27.0 (314513053)|VARIABLE_ASSIGNMENT|[EXTERNAL]|this|{"estmtCvrgeDaysObj":"0x4a16f5d7","faciltyOptions":"0x487d9712","fcltyPrgrmOptions":"0x2c01a55a","idToOwnershipFacilit (4 more) ...":"0xc2ffb16","idToTypeFacilityMap":"0x2da5b4bc","insrncBnftMap":"0x7a554cce","insrncBnftOptions":"0x768fbf29","isIop":false,"isTalbott":false,"meta":"0x247741bb","oppId":"00629000004NTeZ","pawObj":"0x710a61e","ptntInsrnceOptions":"0x44799475","ptntInsrncMap":"0x6d12f124","ptntInsrncObj":"0x21a2052f","quoteObj":"0x2fbd33e9","recordId":"00629000004NTeZ","rtAdjstmntOptions":"0x74141aa1","showPILookup":false,"sObjectQueryStr":"","wrprObj":"0x846f402"}|0x5220bcb2
07:14:27.0 (314533181)|HEAP_ALLOCATE|[86]|Bytes:26
07:14:27.0 (314657232)|HEAP_ALLOCATE|[86]|Bytes:4
07:14:27.0 (314681572)|HEAP_ALLOCATE|[86]|Bytes:3
07:14:27.0 (314704072)|STATEMENT_EXECUTE|[86]
07:14:27.0 (314706107)|STATEMENT_EXECUTE|[156]
07:14:27.0 (314717951)|METHOD_ENTRY|[156]|01p0a000004sKzV|PAW_New_EditCntrllr.getRedirect()
07:14:27.0 (314782425)|VARIABLE_SCOPE_BEGIN|[159]|this|PAW_New_EditCntrllr|true|false
07:14:27.0 (314841287)|VARIABLE_ASSIGNMENT|[159]|this|{"estmtCvrgeDaysObj":"0x4a16f5d7","faciltyOptions":"0x487d9712","fcltyPrgrmOptions":"0x2c01a55a","idToOwnershipFacilit (4 more) ...":"0xc2ffb16","idToTypeFacilityMap":"0x2da5b4bc","insrncBnftMap":"0x7a554cce","insrncBnftOptions":"0x768fbf29","isIop":false,"isTalbott":false,"meta":"0x247741bb","oppId":"00629000004NTeZ","pawObj":"0x710a61e","ptntInsrnceOptions":"0x44799475","ptntInsrncMap":"0x6d12f124","ptntInsrncObj":"0x21a2052f","quoteObj":"0x2fbd33e9","recordId":"00629000004NTeZ","rtAdjstmntOptions":"0x74141aa1","showPILookup":false,"sObjectQueryStr":"","wrprObj":"0x846f402"}|0x5220bcb2
07:14:27.0 (314854660)|STATEMENT_EXECUTE|[159]
07:14:27.0 (314855774)|STATEMENT_EXECUTE|[160]
07:14:27.0 (314858472)|HEAP_ALLOCATE|[160]|Bytes:5
07:14:27.0 (314884135)|USER_DEBUG|[160]|DEBUG|>>> 2
07:14:27.0 (314890991)|STATEMENT_EXECUTE|[161]
07:14:27.0 (314899825)|METHOD_ENTRY|[161]|01p0a000004sKzV|PAW_New_EditCntrllr.redirectIfLocked()
07:14:27.0 (314923211)|VARIABLE_SCOPE_BEGIN|[177]|this|PAW_New_EditCntrllr|true|false
07:14:27.0 (314974770)|VARIABLE_ASSIGNMENT|[177]|this|{"estmtCvrgeDaysObj":"0x4a16f5d7","faciltyOptions":"0x487d9712","fcltyPrgrmOptions":"0x2c01a55a","idToOwnershipFacilit (4 more) ...":"0xc2ffb16","idToTypeFacilityMap":"0x2da5b4bc","insrncBnftMap":"0x7a554cce","insrncBnftOptions":"0x768fbf29","isIop":false,"isTalbott":false,"meta":"0x247741bb","oppId":"00629000004NTeZ","pawObj":"0x710a61e","ptntInsrnceOptions":"0x44799475","ptntInsrncMap":"0x6d12f124","ptntInsrncObj":"0x21a2052f","quoteObj":"0x2fbd33e9","recordId":"00629000004NTeZ","rtAdjstmntOptions":"0x74141aa1","showPILookup":false,"sObjectQueryStr":"","wrprObj":"0x846f402"}|0x5220bcb2
07:14:27.0 (314986933)|STATEMENT_EXECUTE|[177]
07:14:27.0 (315036505)|VARIABLE_ASSIGNMENT|[EXTERNAL]|this|{"estmtCvrgeDaysObj":"0x4a16f5d7","faciltyOptions":"0x487d9712","fcltyPrgrmOptions":"0x2c01a55a","idToOwnershipFacilit (4 more) ...":"0xc2ffb16","idToTypeFacilityMap":"0x2da5b4bc","insrncBnftMap":"0x7a554cce","insrncBnftOptions":"0x768fbf29","isIop":false,"isTalbott":false,"meta":"0x247741bb","oppId":"00629000004NTeZ","pawObj":"0x710a61e","ptntInsrnceOptions":"0x44799475","ptntInsrncMap":"0x6d12f124","ptntInsrncObj":"0x21a2052f","quoteObj":"0x2fbd33e9","recordId":"00629000004NTeZ","rtAdjstmntOptions":"0x74141aa1","showPILookup":false,"sObjectQueryStr":"","wrprObj":"0x846f402"}|0x5220bcb2
07:14:27.0 (315052447)|STATEMENT_EXECUTE|[178]
07:14:27.0 (315053604)|STATEMENT_EXECUTE|[182]
07:14:27.0 (315098104)|VARIABLE_ASSIGNMENT|[EXTERNAL]|this|{"estmtCvrgeDaysObj":"0x4a16f5d7","faciltyOptions":"0x487d9712","fcltyPrgrmOptions":"0x2c01a55a","idToOwnershipFacilit (4 more) ...":"0xc2ffb16","idToTypeFacilityMap":"0x2da5b4bc","insrncBnftMap":"0x7a554cce","insrncBnftOptions":"0x768fbf29","isIop":false,"isTalbott":false,"meta":"0x247741bb","oppId":"00629000004NTeZ","pawObj":"0x710a61e","ptntInsrnceOptions":"0x44799475","ptntInsrncMap":"0x6d12f124","ptntInsrncObj":"0x21a2052f","quoteObj":"0x2fbd33e9","recordId":"00629000004NTeZ","rtAdjstmntOptions":"0x74141aa1","showPILookup":false,"sObjectQueryStr":"","wrprObj":"0x846f402"}|0x5220bcb2
07:14:27.0 (319205159)|VARIABLE_SCOPE_BEGIN|[4]|RecordLockUtility.isLockedFlag|Boolean|false|true
07:14:27.0 (319227741)|HEAP_ALLOCATE|[182]|Bytes:13
07:14:27.0 (319247877)|METHOD_ENTRY|[1]|01p0a000004sCDb|RecordLockUtility.RecordLockUtility()
07:14:27.0 (319253037)|STATEMENT_EXECUTE|[1]
07:14:27.0 (319256248)|STATEMENT_EXECUTE|[1]
07:14:27.0 (319585158)|SYSTEM_MODE_ENTER|false
07:14:27.0 (319595921)|HEAP_ALLOCATE|[182]|Bytes:5
07:14:27.0 (319604496)|SYSTEM_MODE_EXIT|false
07:14:27.0 (319615177)|METHOD_EXIT|[1]|RecordLockUtility
07:14:27.0 (319633932)|METHOD_ENTRY|[182]|01p0a000004sCDb|RecordLockUtility.redirectIfLocked(String)
07:14:27.0 (319641440)|VARIABLE_SCOPE_BEGIN|[29]|recordId|String|false|false
07:14:27.0 (319651339)|VARIABLE_ASSIGNMENT|[29]|recordId|"00629000004NTeZ"
07:14:27.0 (319667186)|SYSTEM_MODE_ENTER|false
07:14:27.0 (319672710)|HEAP_ALLOCATE|[30]|Bytes:5
07:14:27.0 (319677179)|STATEMENT_EXECUTE|[29]
07:14:27.0 (319678309)|STATEMENT_EXECUTE|[30]
07:14:27.0 (319692390)|HEAP_ALLOCATE|[30]|Bytes:4
07:14:27.0 (319704811)|METHOD_ENTRY|[30]|01p0a000004sCDb|RecordLockUtility.verifyIfLocked(Id)
07:14:27.0 (319740063)|VARIABLE_SCOPE_BEGIN|[14]|pRecordId|Id|false|false
07:14:27.0 (319900758)|VARIABLE_ASSIGNMENT|[14]|pRecordId|"00629000004NTeZAAW"
07:14:27.0 (319916370)|HEAP_ALLOCATE|[15]|Bytes:5
07:14:27.0 (319920539)|STATEMENT_EXECUTE|[14]
07:14:27.0 (319921564)|STATEMENT_EXECUTE|[15]
07:14:27.0 (320394269)|HEAP_ALLOCATE|[15]|Bytes:5
07:14:27.0 (320405351)|METHOD_EXIT|[30]|01p0a000004sCDb|RecordLockUtility.verifyIfLocked(Id)
07:14:27.0 (320412838)|HEAP_ALLOCATE|[30]|Bytes:5
07:14:27.0 (320422489)|VARIABLE_ASSIGNMENT|[30]|RecordLockUtility.isLockedFlag|false
07:14:27.0 (320429022)|STATEMENT_EXECUTE|[35]
07:14:27.0 (320430004)|STATEMENT_EXECUTE|[36]
07:14:27.0 (320432906)|SYSTEM_MODE_EXIT|false
07:14:27.0 (320443263)|METHOD_EXIT|[182]|01p0a000004sCDb|RecordLockUtility.redirectIfLocked(String)
07:14:27.0 (320448295)|METHOD_EXIT|[161]|01p0a000004sKzV|PAW_New_EditCntrllr.redirectIfLocked()
07:14:27.0 (320453581)|VARIABLE_SCOPE_BEGIN|[161]|redirectPR|System.PageReference|true|false
07:14:27.0 (320462530)|VARIABLE_ASSIGNMENT|[161]|redirectPR|null|
07:14:27.0 (320466585)|STATEMENT_EXECUTE|[162]
07:14:27.0 (320471771)|STATEMENT_EXECUTE|[166]
07:14:27.0 (320472632)|STATEMENT_EXECUTE|[173]
07:14:27.0 (320475041)|METHOD_EXIT|[156]|01p0a000004sKzV|PAW_New_EditCntrllr.getRedirect()
07:14:27.320 (320869882)|SYSTEM_MODE_ENTER|true
07:14:27.320 (320909290)|HEAP_ALLOCATE|[EXTERNAL]|Bytes:38
07:14:27.320 (320914665)|HEAP_ALLOCATE|[EXTERNAL]|Bytes:7
07:14:27.320 (320924425)|SYSTEM_METHOD_ENTRY|[1]|PageMessagesComponentController.PageMessagesComponentController()
07:14:27.320 (320928694)|STATEMENT_EXECUTE|[1]
07:14:27.321 (321097604)|SYSTEM_MODE_ENTER|true
07:14:27.321 (321171138)|HEAP_ALLOCATE|[EXTERNAL]|Bytes:8
07:14:27.321 (321178170)|VARIABLE_SCOPE_BEGIN|[88]|this|ApexPage.PageMessagesComponentController|true|false
07:14:27.321 (321212498)|VARIABLE_ASSIGNMENT|[88]|this|{}|0x3e667f99
07:14:27.321 (321218484)|VARIABLE_SCOPE_BEGIN|[88]|escape|Boolean|false|false
07:14:27.321 (321225063)|VARIABLE_ASSIGNMENT|[88]|escape|null
07:14:27.321 (321359986)|SYSTEM_MODE_ENTER|true
07:14:27.321 (321389614)|HEAP_ALLOCATE|[EXTERNAL]|Bytes:8
07:14:27.321 (321395014)|VARIABLE_SCOPE_BEGIN|[2]|this|ApexPage.PageMessagesComponentController|true|false
07:14:27.321 (321411108)|VARIABLE_ASSIGNMENT|[2]|this|{}|0x3e667f99
07:14:27.0 (322157536)|SYSTEM_MODE_ENTER|true
07:14:27.0 (322514390)|SYSTEM_MODE_ENTER|true
07:14:27.0 (322796120)|SYSTEM_MODE_ENTER|true
07:14:27.0 (327108091)|SYSTEM_MODE_ENTER|true
07:14:27.0 (327165493)|SYSTEM_MODE_ENTER|true
07:14:27.344 (344755634)|SYSTEM_MODE_ENTER|true
07:14:27.344 (344852780)|HEAP_ALLOCATE|[EXTERNAL]|Bytes:8
07:14:27.344 (344867654)|VARIABLE_SCOPE_BEGIN|[88]|this|ApexPage.PageMessagesComponentController|true|false
07:14:27.344 (344907998)|VARIABLE_ASSIGNMENT|[88]|this|{}|0x3e667f99
07:14:27.344 (344914419)|VARIABLE_SCOPE_BEGIN|[88]|escape|Boolean|false|false
07:14:27.344 (344921272)|VARIABLE_ASSIGNMENT|[88]|escape|null
07:14:27.345 (345064669)|SYSTEM_MODE_ENTER|true
07:14:27.345 (345097302)|HEAP_ALLOCATE|[EXTERNAL]|Bytes:8
07:14:27.345 (345103524)|VARIABLE_SCOPE_BEGIN|[2]|this|ApexPage.PageMessagesComponentController|true|false
07:14:27.345 (345120703)|VARIABLE_ASSIGNMENT|[2]|this|{}|0x3e667f99
07:14:27.0 (347501694)|SYSTEM_MODE_ENTER|true
07:14:27.0 (347538736)|HEAP_ALLOCATE|[EXTERNAL]|Bytes:112
07:14:27.0 (347545988)|VARIABLE_SCOPE_BEGIN|[186]|this|PAW_New_EditCntrllr|true|false
07:14:27.0 (347629845)|VARIABLE_ASSIGNMENT|[186]|this|{"estmtCvrgeDaysObj":"0x4a16f5d7","faciltyOptions":"0x487d9712","fcltyPrgrmOptions":"0x2c01a55a","idToOwnershipFacilit (4 more) ...":"0xc2ffb16","idToTypeFacilityMap":"0x2da5b4bc","insrncBnftMap":"0x7a554cce","insrncBnftOptions":"0x768fbf29","isIop":false,"isTalbott":false,"meta":"0x247741bb","oppId":"00629000004NTeZ","pawObj":"0x710a61e","ptntInsrnceOptions":"0x44799475","ptntInsrncMap":"0x6d12f124","ptntInsrncObj":"0x21a2052f","quoteObj":"0x2fbd33e9","recordId":"00629000004NTeZ","rtAdjstmntOptions":"0x74141aa1","showPILookup":false,"sObjectQueryStr":"","wrprObj":"0x846f402"}|0x5220bcb2
07:14:27.0 (347647248)|STATEMENT_EXECUTE|[186]
07:14:27.0 (347648879)|STATEMENT_EXECUTE|[190]
07:14:27.0 (347659901)|HEAP_ALLOCATE|[190]|Bytes:4
07:14:27.0 (347698686)|HEAP_ALLOCATE|[EXTERNAL]|Bytes:4
07:14:27.0 (347712314)|VARIABLE_ASSIGNMENT|[190]|this.ptntInsrnceOptions|[]|0x5220bcb2
07:14:27.0 (347717480)|STATEMENT_EXECUTE|[191]
07:14:27.0 (347743634)|HEAP_ALLOCATE|[EXTERNAL]|Bytes:4
07:14:27.0 (347750447)|STATEMENT_EXECUTE|[192]
07:14:27.0 (347773959)|HEAP_ALLOCATE|[192]|Bytes:4
07:14:27.0 (347784584)|HEAP_ALLOCATE|[192]|Bytes:4
07:14:27.0 (348034277)|SOQL_EXECUTE_BEGIN|[192]|Aggregations:0|SELECT Id, Name, Insurance_Company__c FROM Patient_Insurance__c WHERE Opportunity__c = :tmpVar1
07:14:27.0 (351045948)|SOQL_EXECUTE_END|[192]|Rows:4
07:14:27.0 (351068299)|HEAP_ALLOCATE|[192]|Bytes:20
07:14:27.0 (351092865)|HEAP_ALLOCATE|[192]|Bytes:449
07:14:27.0 (351127544)|HEAP_ALLOCATE|[192]|Bytes:20
07:14:27.0 (351145689)|HEAP_ALLOCATE|[192]|Bytes:16
07:14:27.0 (351157001)|HEAP_ALLOCATE|[192]|Bytes:4
07:14:27.0 (351161799)|HEAP_ALLOCATE|[192]|Bytes:16
07:14:27.0 (351165696)|HEAP_ALLOCATE|[192]|Bytes:4
07:14:27.0 (351168205)|HEAP_ALLOCATE|[192]|Bytes:16
07:14:27.0 (351172284)|HEAP_ALLOCATE|[192]|Bytes:4
07:14:27.0 (351174634)|HEAP_ALLOCATE|[192]|Bytes:16
07:14:27.0 (351178348)|HEAP_ALLOCATE|[192]|Bytes:4
07:14:27.0 (351217911)|VARIABLE_ASSIGNMENT|[192]|this.ptntInsrncMap|{"a1b29000000l40nAAA":{"Id":"a1b29000000l40nAAA","Name":"Maria Johnson - BCBS (17 more) ...","Insurance_Company__c":"0012900000AXSPBAA5"},"a1b29000000lvHQAAY":{"Id":"a1b29000000lvHQAAY","Name":"Maria Johnson - Valu (23 more) ...","Insurance_Company__c":"0012900000AXSP3AAP"},"a1b29000000lvHVAAY":{"Id":"a1b29000000lvHVAAY","Name":"Maria Johnson - Priv (7 more) ...","Insurance_Company__c":"0012900000AXSDqAAP"},"a1b29000000ly7uAAA":{"Id":"a1b29000000ly7uAAA","Name":"Maria Johnson - Alle (6 more) ...","Insurance_Company__c":"0012900000AXSlPAAX"}}|0x5220bcb2
07:14:27.0 (351242013)|HEAP_ALLOCATE|[EXTERNAL]|Bytes:20
07:14:27.0 (351253751)|HEAP_ALLOCATE|[197]|Bytes:465
07:14:27.0 (351280439)|HEAP_ALLOCATE|[197]|Bytes:5
07:14:27.0 (351292414)|HEAP_ALLOCATE|[197]|Bytes:16
07:14:27.0 (351300841)|VARIABLE_SCOPE_BEGIN|[197]|ptntInsrnceInstance|Patient_Insurance__c|true|false
07:14:27.0 (351315800)|VARIABLE_ASSIGNMENT|[197]|ptntInsrnceInstance|{"Id":"a1b29000000l40nAAA","Name":"Maria Johnson - BCBS (17 more) ...","Insurance_Company__c":"0012900000AXSPBAA5"}|0x17f49bc9
07:14:27.0 (351321711)|STATEMENT_EXECUTE|[197]
07:14:27.0 (351323170)|STATEMENT_EXECUTE|[198]
07:14:27.0 (351343102)|HEAP_ALLOCATE|[198]|Bytes:18
07:14:27.0 (351362885)|HEAP_ALLOCATE|[EXTERNAL]|Bytes:4
07:14:27.0 (351373368)|HEAP_ALLOCATE|[197]|Bytes:5
07:14:27.0 (351380528)|HEAP_ALLOCATE|[197]|Bytes:16
07:14:27.0 (351385944)|VARIABLE_SCOPE_BEGIN|[197]|ptntInsrnceInstance|Patient_Insurance__c|true|false
07:14:27.0 (351397653)|VARIABLE_ASSIGNMENT|[197]|ptntInsrnceInstance|{"Id":"a1b29000000lvHQAAY","Name":"Maria Johnson - Valu (23 more) ...","Insurance_Company__c":"0012900000AXSP3AAP"}|0x653603ee
07:14:27.0 (351402502)|STATEMENT_EXECUTE|[197]
07:14:27.0 (351403516)|STATEMENT_EXECUTE|[198]
07:14:27.0 (351409804)|HEAP_ALLOCATE|[198]|Bytes:18
07:14:27.0 (351419801)|HEAP_ALLOCATE|[EXTERNAL]|Bytes:4
07:14:27.0 (351427853)|HEAP_ALLOCATE|[197]|Bytes:5
07:14:27.0 (351438676)|HEAP_ALLOCATE|[197]|Bytes:16
07:14:27.0 (351443445)|VARIABLE_SCOPE_BEGIN|[197]|ptntInsrnceInstance|Patient_Insurance__c|true|false
07:14:27.0 (351453963)|VARIABLE_ASSIGNMENT|[197]|ptntInsrnceInstance|{"Id":"a1b29000000lvHVAAY","Name":"Maria Johnson - Priv (7 more) ...","Insurance_Company__c":"0012900000AXSDqAAP"}|0x20249423
07:14:27.0 (351458804)|STATEMENT_EXECUTE|[197]
07:14:27.0 (351459789)|STATEMENT_EXECUTE|[198]
07:14:27.0 (351465621)|HEAP_ALLOCATE|[198]|Bytes:18
07:14:27.0 (351475143)|HEAP_ALLOCATE|[EXTERNAL]|Bytes:4
07:14:27.0 (351482841)|HEAP_ALLOCATE|[197]|Bytes:5
07:14:27.0 (351488979)|HEAP_ALLOCATE|[197]|Bytes:16
07:14:27.0 (351492969)|VARIABLE_SCOPE_BEGIN|[197]|ptntInsrnceInstance|Patient_Insurance__c|true|false
07:14:27.0 (351502549)|VARIABLE_ASSIGNMENT|[197]|ptntInsrnceInstance|{"Id":"a1b29000000ly7uAAA","Name":"Maria Johnson - Alle (6 more) ...","Insurance_Company__c":"0012900000AXSlPAAX"}|0x4712b179
07:14:27.0 (351507792)|STATEMENT_EXECUTE|[197]
07:14:27.0 (351509116)|STATEMENT_EXECUTE|[198]
07:14:27.0 (351515863)|HEAP_ALLOCATE|[198]|Bytes:18
07:14:27.0 (351524662)|HEAP_ALLOCATE|[EXTERNAL]|Bytes:4
07:14:27.0 (351532068)|HEAP_ALLOCATE|[197]|Bytes:5
07:14:27.0 (351539899)|VARIABLE_ASSIGNMENT|[197]|ptntInsrnceInstance|null|
07:14:27.0 (351544696)|STATEMENT_EXECUTE|[201]
07:14:27.0 (353069052)|SYSTEM_MODE_ENTER|true
07:14:27.0 (353106247)|HEAP_ALLOCATE|[EXTERNAL]|Bytes:112
07:14:27.0 (353217744)|VARIABLE_SCOPE_BEGIN|[215]|this|PAW_New_EditCntrllr|true|false
07:14:27.0 (353293027)|VARIABLE_ASSIGNMENT|[215]|this|{"estmtCvrgeDaysObj":"0x4a16f5d7","faciltyOptions":"0x487d9712","fcltyPrgrmOptions":"0x2c01a55a","idToOwnershipFacilit (4 more) ...":"0xc2ffb16","idToTypeFacilityMap":"0x2da5b4bc","insrncBnftMap":"0x7a554cce","insrncBnftOptions":"0x768fbf29","isIop":false,"isTalbott":false,"meta":"0x247741bb","oppId":"00629000004NTeZ","pawObj":"0x710a61e","ptntInsrnceOptions":"0x6ed73716","ptntInsrncMap":"0xe711815","ptntInsrncObj":"0x21a2052f","quoteObj":"0x2fbd33e9","recordId":"00629000004NTeZ","rtAdjstmntOptions":"0x74141aa1","showPILookup":false,"sObjectQueryStr":"","wrprObj":"0x846f402"}|0x5220bcb2
07:14:27.0 (353309081)|STATEMENT_EXECUTE|[215]
07:14:27.0 (353310605)|STATEMENT_EXECUTE|[216]
07:14:27.0 (353353168)|STATEMENT_EXECUTE|[217]
07:14:27.0 (353393776)|HEAP_ALLOCATE|[EXTERNAL]|Bytes:4
07:14:27.0 (353477176)|VARIABLE_ASSIGNMENT|[EXTERNAL]|this|{"estmtCvrgeDaysObj":"0x4a16f5d7","faciltyOptions":"0x487d9712","fcltyPrgrmOptions":"0x2c01a55a","idToOwnershipFacilit (4 more) ...":"0xc2ffb16","idToTypeFacilityMap":"0x2da5b4bc","insrncBnftMap":"0x7a554cce","insrncBnftOptions":"0x768fbf29","isIop":false,"isTalbott":false,"meta":"0x247741bb","oppId":"00629000004NTeZ","pawObj":"0x710a61e","ptntInsrnceOptions":"0x6ed73716","ptntInsrncMap":"0xe711815","ptntInsrncObj":"0x21a2052f","quoteObj":"0x2fbd33e9","recordId":"00629000004NTeZ","rtAdjstmntOptions":"0x74141aa1","showPILookup":false,"sObjectQueryStr":"","wrprObj":"0x846f402"}|0x5220bcb2
07:14:27.0 (353495667)|STATEMENT_EXECUTE|[218]
07:14:27.0 (353496840)|STATEMENT_EXECUTE|[219]
07:14:27.0 (353517590)|HEAP_ALLOCATE|[219]|Bytes:4
07:14:27.0 (353524286)|HEAP_ALLOCATE|[219]|Bytes:1083
07:14:27.0 (353532339)|HEAP_ALLOCATE|[219]|Bytes:4
07:14:27.0 (353593223)|VARIABLE_ASSIGNMENT|[EXTERNAL]|this|{"estmtCvrgeDaysObj":"0x4a16f5d7","faciltyOptions":"0x487d9712","fcltyPrgrmOptions":"0x2c01a55a","idToOwnershipFacilit (4 more) ...":"0xc2ffb16","idToTypeFacilityMap":"0x2da5b4bc","insrncBnftMap":"0x7a554cce","insrncBnftOptions":"0x768fbf29","isIop":false,"isTalbott":false,"meta":"0x247741bb","oppId":"00629000004NTeZ","pawObj":"0x710a61e","ptntInsrnceOptions":"0x6ed73716","ptntInsrncMap":"0xe711815","ptntInsrncObj":"0x21a2052f","quoteObj":"0x2fbd33e9","recordId":"00629000004NTeZ","rtAdjstmntOptions":"0x74141aa1","showPILookup":false,"sObjectQueryStr":"","wrprObj":"0x846f402"}|0x5220bcb2
07:14:27.0 (354364545)|SOQL_EXECUTE_BEGIN|[219]|Aggregations:0|SELECT Id, Name, RecordType.Name, Uncovered_Charges__c, Patient_Insurance__r.Accepts_Assignment_of_Benefits__c, Patient_Insurance__r.Opportunity__c, Patient_Insurance__r.Accreditation__c, Patient_Insurance__r.Insurance_Company__r.Name, PHP_Admit_Co_Payment__c, Detox_Admit_Co_Payment__c, RTC_Admit_Co_Payment__c, Deductible__c, Deductible_Met__c, IOP_Admit_Co_Payment__c, Max_Out_of_Pocket_Remaining__c, Insurance_Company_is_Out_of_Network__c, Annual_Max_Remaining__c, Deductible_Remaining__c, Detox_Pays_at__c, Detox_Over__c, RTC_Pays_at__c, Residential_Treatment_Override__c, PHP_Pays_at__c, Partial_Hospitalization_Override__c, IOP_Pays_at__c, Intensive_Outpatient_Override__c, Num_Days_Uncovered__c, Num_Days_Room__c, Uncovered_Days_Rate__c, Room_and_Board_Days_Rate__c, Uncovered_Days_Override__c, Room_and_Board_Days_Override__c, Deductible_Included_in_OOP__c, Uncovered_Days__c, Lifetime_Max__c, Lifetime_Max_Met__c, Annual_Max__c, Annual_Max_Met__c, Max_Out_of_Pocket__c, Max_Out_of_Pocket_Met__c, Co_Pay_Met__c FROM Insurance_Benefit__c WHERE Patient_Insurance__c = :tmpVar1
07:14:27.0 (357857047)|SOQL_EXECUTE_END|[219]|Rows:0
07:14:27.0 (357879927)|HEAP_ALLOCATE|[219]|Bytes:4
07:14:27.0 (357898771)|HEAP_ALLOCATE|[219]|Bytes:0
07:14:27.0 (357951347)|HEAP_ALLOCATE|[219]|Bytes:4
07:14:27.0 (357985488)|VARIABLE_ASSIGNMENT|[219]|this.insrncBnftMap|{}|0x5220bcb2
07:14:27.0 (358023240)|HEAP_ALLOCATE|[EXTERNAL]|Bytes:4
07:14:27.0 (358030403)|HEAP_ALLOCATE|[263]|Bytes:4
07:14:27.0 (358165204)|HEAP_ALLOCATE|[263]|Bytes:5
07:14:27.0 (358179579)|VARIABLE_ASSIGNMENT|[263]|insrncBnftInstance|null|
07:14:27.0 (358185193)|STATEMENT_EXECUTE|[263]
07:14:27.0 (358271328)|VARIABLE_ASSIGNMENT|[EXTERNAL]|this|{"estmtCvrgeDaysObj":"0x4a16f5d7","faciltyOptions":"0x487d9712","fcltyPrgrmOptions":"0x2c01a55a","idToOwnershipFacilit (4 more) ...":"0xc2ffb16","idToTypeFacilityMap":"0x2da5b4bc","insrncBnftMap":"0x18350e62","insrncBnftOptions":"0x768fbf29","isIop":false,"isTalbott":false,"meta":"0x247741bb","oppId":"00629000004NTeZ","pawObj":"0x710a61e","ptntInsrnceOptions":"0x6ed73716","ptntInsrncMap":"0xe711815","ptntInsrncObj":"0x21a2052f","quoteObj":"0x2fbd33e9","recordId":"00629000004NTeZ","rtAdjstmntOptions":"0x74141aa1","showPILookup":false,"sObjectQueryStr":"","wrprObj":"0x846f402"}|0x5220bcb2
07:14:27.0 (358365374)|VARIABLE_ASSIGNMENT|[EXTERNAL]|this|{"facilitySelected":"","fcltyPrgrmSelected":"","insrncBnft":"0x19430bfe","insrncBnftSelected":"","pawDetailListDisplay (4 more) ...":false,"pyAgrmntWrksht":"0x11c73e69","rateAdjstmntSelected":"","relatedPAWDetailsLis (1 more) ...":"0x242602ed","targetEDR":0.00,"totalAppliedDeductib (2 more) ...":0.00,"totalCoInsurance":0.00,"totalCoPayAmt":0.00,"totalInsCoResp":0.00,"totalInsEIVAmt":0.00,"totalRowCount":0,"totalTalbottDay":0.00}|0x846f402
07:14:27.0 (358429311)|VARIABLE_ASSIGNMENT|[EXTERNAL]|this|{"estmtCvrgeDaysObj":"0x4a16f5d7","faciltyOptions":"0x487d9712","fcltyPrgrmOptions":"0x2c01a55a","idToOwnershipFacilit (4 more) ...":"0xc2ffb16","idToTypeFacilityMap":"0x2da5b4bc","insrncBnftMap":"0x18350e62","insrncBnftOptions":"0x768fbf29","isIop":false,"isTalbott":false,"meta":"0x247741bb","oppId":"00629000004NTeZ","pawObj":"0x710a61e","ptntInsrnceOptions":"0x6ed73716","ptntInsrncMap":"0xe711815","ptntInsrncObj":"0x21a2052f","quoteObj":"0x2fbd33e9","recordId":"00629000004NTeZ","rtAdjstmntOptions":"0x74141aa1","showPILookup":false,"sObjectQueryStr":"","wrprObj":"0x846f402"}|0x5220bcb2
07:14:27.0 (358480005)|VARIABLE_ASSIGNMENT|[EXTERNAL]|this|{"facilitySelected":"","fcltyPrgrmSelected":"","insrncBnft":"0x19430bfe","insrncBnftSelected":"","pawDetailListDisplay (4 more) ...":false,"pyAgrmntWrksht":"0x11c73e69","rateAdjstmntSelected":"","relatedPAWDetailsLis (1 more) ...":"0x242602ed","targetEDR":0.00,"totalAppliedDeductib (2 more) ...":0.00,"totalCoInsurance":0.00,"totalCoPayAmt":0.00,"totalInsCoResp":0.00,"totalInsEIVAmt":0.00,"totalRowCount":0,"totalTalbottDay":0.00}|0x846f402
07:14:27.0 (358506212)|STATEMENT_EXECUTE|[269]
07:14:27.0 (358507781)|STATEMENT_EXECUTE|[270]
07:14:27.0 (358559455)|VARIABLE_ASSIGNMENT|[EXTERNAL]|this|{"estmtCvrgeDaysObj":"0x4a16f5d7","faciltyOptions":"0x487d9712","fcltyPrgrmOptions":"0x2c01a55a","idToOwnershipFacilit (4 more) ...":"0xc2ffb16","idToTypeFacilityMap":"0x2da5b4bc","insrncBnftMap":"0x18350e62","insrncBnftOptions":"0x768fbf29","isIop":false,"isTalbott":false,"meta":"0x247741bb","oppId":"00629000004NTeZ","pawObj":"0x710a61e","ptntInsrnceOptions":"0x6ed73716","ptntInsrncMap":"0xe711815","ptntInsrncObj":"0x21a2052f","quoteObj":"0x2fbd33e9","recordId":"00629000004NTeZ","rtAdjstmntOptions":"0x74141aa1","showPILookup":false,"sObjectQueryStr":"","wrprObj":"0x846f402"}|0x5220bcb2
07:14:27.0 (358604537)|VARIABLE_ASSIGNMENT|[EXTERNAL]|this|{"facilitySelected":"","fcltyPrgrmSelected":"","insrncBnft":"0x19430bfe","insrncBnftSelected":"","pawDetailListDisplay (4 more) ...":false,"pyAgrmntWrksht":"0x11c73e69","rateAdjstmntSelected":"","relatedPAWDetailsLis (1 more) ...":"0x242602ed","targetEDR":0.00,"totalAppliedDeductib (2 more) ...":0.00,"totalCoInsurance":0.00,"totalCoPayAmt":0.00,"totalInsCoResp":0.00,"totalInsEIVAmt":0.00,"totalRowCount":0,"totalTalbottDay":0.00}|0x846f402
07:14:27.0 (358614849)|VARIABLE_ASSIGNMENT|[EXTERNAL]|value|null|
07:14:27.0 (358621699)|VARIABLE_ASSIGNMENT|[524]|this.insrncBnft|null|0x846f402
07:14:27.0 (358629122)|STATEMENT_EXECUTE|[272]
07:14:27.0 (359359480)|SYSTEM_MODE_ENTER|true
07:14:27.0 (359596860)|SYSTEM_MODE_ENTER|true
07:14:27.0 (359629547)|HEAP_ALLOCATE|[EXTERNAL]|Bytes:112
07:14:27.0 (359735803)|VARIABLE_SCOPE_BEGIN|[379]|this|PAW_New_EditCntrllr|true|false
07:14:27.0 (359800498)|VARIABLE_ASSIGNMENT|[379]|this|{"estmtCvrgeDaysObj":"0x4a16f5d7","faciltyOptions":"0x487d9712","fcltyPrgrmOptions":"0x2c01a55a","idToOwnershipFacilit (4 more) ...":"0xc2ffb16","idToTypeFacilityMap":"0x2da5b4bc","insrncBnftMap":"0x18350e62","insrncBnftOptions":"0x768fbf29","isIop":false,"isTalbott":false,"meta":"0x247741bb","oppId":"00629000004NTeZ","pawObj":"0x710a61e","ptntInsrnceOptions":"0x6ed73716","ptntInsrncMap":"0xe711815","ptntInsrncObj":"0x21a2052f","quoteObj":"0x2fbd33e9","recordId":"00629000004NTeZ","rtAdjstmntOptions":"0x74141aa1","showPILookup":false,"sObjectQueryStr":"","wrprObj":"0x846f402"}|0x5220bcb2
07:14:27.0 (359815631)|STATEMENT_EXECUTE|[379]
07:14:27.0 (359816972)|STATEMENT_EXECUTE|[380]
07:14:27.0 (359826334)|HEAP_ALLOCATE|[380]|Bytes:4
07:14:27.0 (359876435)|HEAP_ALLOCATE|[EXTERNAL]|Bytes:4
07:14:27.0 (359888622)|VARIABLE_ASSIGNMENT|[380]|this.rtAdjstmntOptions|[]|0x5220bcb2
07:14:27.0 (359893589)|STATEMENT_EXECUTE|[381]
07:14:27.0 (359900387)|HEAP_ALLOCATE|[381]|Bytes:8
07:14:27.0 (359948345)|HEAP_ALLOCATE|[EXTERNAL]|Bytes:4
07:14:27.0 (360016265)|VARIABLE_ASSIGNMENT|[EXTERNAL]|this|{"estmtCvrgeDaysObj":"0x4a16f5d7","faciltyOptions":"0x487d9712","fcltyPrgrmOptions":"0x2c01a55a","idToOwnershipFacilit (4 more) ...":"0xc2ffb16","idToTypeFacilityMap":"0x2da5b4bc","insrncBnftMap":"0x18350e62","insrncBnftOptions":"0x768fbf29","isIop":false,"isTalbott":false,"meta":"0x247741bb","oppId":"00629000004NTeZ","pawObj":"0x710a61e","ptntInsrnceOptions":"0x6ed73716","ptntInsrncMap":"0xe711815","ptntInsrncObj":"0x21a2052f","quoteObj":"0x2fbd33e9","recordId":"00629000004NTeZ","rtAdjstmntOptions":"0x14547ce2","showPILookup":false,"sObjectQueryStr":"","wrprObj":"0x846f402"}|0x5220bcb2
07:14:27.0 (360072854)|VARIABLE_ASSIGNMENT|[EXTERNAL]|this|{"facilitySelected":"","fcltyPrgrmSelected":"","insrncBnftSelected":"","pawDetailListDisplay (4 more) ...":false,"pyAgrmntWrksht":"0x11c73e69","rateAdjstmntSelected":"","relatedPAWDetailsLis (1 more) ...":"0x242602ed","targetEDR":0.00,"totalAppliedDeductib (2 more) ...":0.00,"totalCoInsurance":0.00,"totalCoPayAmt":0.00,"totalInsCoResp":0.00,"totalInsEIVAmt":0.00,"totalRowCount":0,"totalTalbottDay":0.00}|0x846f402
07:14:27.0 (360129947)|VARIABLE_ASSIGNMENT|[EXTERNAL]|this|{"estmtCvrgeDaysObj":"0x4a16f5d7","faciltyOptions":"0x487d9712","fcltyPrgrmOptions":"0x2c01a55a","idToOwnershipFacilit (4 more) ...":"0xc2ffb16","idToTypeFacilityMap":"0x2da5b4bc","insrncBnftMap":"0x18350e62","insrncBnftOptions":"0x768fbf29","isIop":false,"isTalbott":false,"meta":"0x247741bb","oppId":"00629000004NTeZ","pawObj":"0x710a61e","ptntInsrnceOptions":"0x6ed73716","ptntInsrncMap":"0xe711815","ptntInsrncObj":"0x21a2052f","quoteObj":"0x2fbd33e9","recordId":"00629000004NTeZ","rtAdjstmntOptions":"0x14547ce2","showPILookup":false,"sObjectQueryStr":"","wrprObj":"0x846f402"}|0x5220bcb2
07:14:27.0 (360173340)|VARIABLE_ASSIGNMENT|[EXTERNAL]|this|{"facilitySelected":"","fcltyPrgrmSelected":"","insrncBnftSelected":"","pawDetailListDisplay (4 more) ...":false,"pyAgrmntWrksht":"0x11c73e69","rateAdjstmntSelected":"","relatedPAWDetailsLis (1 more) ...":"0x242602ed","targetEDR":0.00,"totalAppliedDeductib (2 more) ...":0.00,"totalCoInsurance":0.00,"totalCoPayAmt":0.00,"totalInsCoResp":0.00,"totalInsEIVAmt":0.00,"totalRowCount":0,"totalTalbottDay":0.00}|0x846f402
07:14:27.0 (360192503)|STATEMENT_EXECUTE|[382]
07:14:27.0 (360193875)|STATEMENT_EXECUTE|[400]
07:14:27.0 (360514980)|SYSTEM_MODE_ENTER|true
07:14:27.0 (377954068)|VF_SERIALIZE_VIEWSTATE_BEGIN|0660a0000009uTC
07:14:27.0 (384983106)|VF_SERIALIZE_VIEWSTATE_END
07:14:27.390 (390328043)|CUMULATIVE_LIMIT_USAGE
07:14:27.390 (390328043)|LIMIT_USAGE_FOR_NS|(default)|
  Number of SOQL queries: 3 out of 100
  Number of query rows: 8 out of 50000
  Number of SOSL queries: 0 out of 20
  Number of DML statements: 0 out of 150
  Number of DML rows: 0 out of 10000
  Maximum CPU time: 0 out of 10000
  Maximum heap size: 0 out of 6000000
  Number of callouts: 0 out of 100
  Number of Email Invocations: 0 out of 10
  Number of future calls: 0 out of 50
  Number of queueable jobs added to the queue: 0 out of 50
  Number of Mobile Apex push calls: 0 out of 10

07:14:27.390 (390328043)|CUMULATIVE_LIMIT_USAGE_END

07:14:27.0 (390366598)|CODE_UNIT_FINISHED|VF: /apex/PAW_New_Edit
07:14:27.0 (391109595)|EXECUTION_FINISHED
