37.0 APEX_CODE,FINEST;APEX_PROFILING,INFO;CALLOUT,INFO;DB,INFO;SYSTEM,DEBUG;VALIDATION,INFO;VISUALFORCE,INFO;WAVE,INFO;WORKFLOW,FINER
03:09:36.0 (322017)|USER_INFO|[EXTERNAL]|00529000000zYiy|bhakti.gujrathi@eternussolutions.com.frnstgng|Central Standard Time|GMT-06:00
03:09:36.0 (357976)|EXECUTION_STARTED
03:09:36.0 (362214)|CODE_UNIT_STARTED|[EXTERNAL]|066j0000002vLO5|VF: /apex/CreateOpportunity
03:09:36.0 (1191664)|VF_DESERIALIZE_VIEWSTATE_BEGIN|066j0000002vLO5
03:09:36.0 (34215758)|HEAP_ALLOCATE|[72]|Bytes:3
03:09:36.0 (34260845)|HEAP_ALLOCATE|[77]|Bytes:152
03:09:36.0 (34275074)|HEAP_ALLOCATE|[342]|Bytes:408
03:09:36.0 (34291341)|HEAP_ALLOCATE|[355]|Bytes:408
03:09:36.0 (34305724)|HEAP_ALLOCATE|[467]|Bytes:48
03:09:36.0 (34334340)|HEAP_ALLOCATE|[139]|Bytes:6
03:09:36.0 (34357886)|HEAP_ALLOCATE|[50]|Bytes:5
03:09:36.0 (34373962)|HEAP_ALLOCATE|[56]|Bytes:5
03:09:36.0 (34381178)|HEAP_ALLOCATE|[64]|Bytes:7
03:09:36.0 (42821997)|VARIABLE_SCOPE_BEGIN|[4]|CreateOpportunityExt.IOP_RECORDTYPE|String|false|true
03:09:36.0 (42842298)|VARIABLE_SCOPE_BEGIN|[3109]|CreateOpportunityExt.SOBER_ANSWER_YES|String|false|true
03:09:36.0 (42850949)|VARIABLE_SCOPE_BEGIN|[99]|CreateOpportunityExt.opportunityId|Id|false|true
03:09:36.0 (70438061)|VF_DESERIALIZE_VIEWSTATE_END
03:09:36.75 (75410539)|SYSTEM_MODE_ENTER|true
03:09:36.75 (75464640)|HEAP_ALLOCATE|[EXTERNAL]|Bytes:38
03:09:36.75 (75479375)|HEAP_ALLOCATE|[EXTERNAL]|Bytes:7
03:09:36.75 (75492907)|SYSTEM_METHOD_ENTRY|[1]|PageMessagesComponentController.PageMessagesComponentController()
03:09:36.75 (75497002)|STATEMENT_EXECUTE|[1]
03:09:36.80 (80840829)|SYSTEM_MODE_ENTER|true
03:09:36.80 (80878479)|HEAP_ALLOCATE|[EXTERNAL]|Bytes:8
03:09:36.80 (80888032)|VARIABLE_SCOPE_BEGIN|[1]|this|ApexPage.PageMessagesComponentController|true|false
03:09:36.80 (80942830)|VARIABLE_ASSIGNMENT|[1]|this|{}|0x2189ef3e
03:09:36.0 (97370604)|SYSTEM_MODE_ENTER|true
03:09:36.0 (97421077)|HEAP_ALLOCATE|[EXTERNAL]|Bytes:407
03:09:36.0 (97449816)|HEAP_ALLOCATE|[EXTERNAL]|Bytes:1568
03:09:36.0 (97456695)|HEAP_ALLOCATE|[EXTERNAL]|Bytes:747
03:09:36.0 (97462251)|HEAP_ALLOCATE|[EXTERNAL]|Bytes:54
03:09:36.0 (97467661)|HEAP_ALLOCATE|[EXTERNAL]|Bytes:3
03:09:36.0 (97488726)|VARIABLE_ASSIGNMENT|[EXTERNAL]|CreateOpportunityExt.IOP_RECORDTYPE|"IOP"
03:09:36.0 (97493799)|HEAP_ALLOCATE|[EXTERNAL]|Bytes:3
03:09:36.0 (97504356)|VARIABLE_ASSIGNMENT|[EXTERNAL]|CreateOpportunityExt.SOBER_ANSWER_YES|"Yes"
03:09:36.0 (97522633)|METHOD_ENTRY|[1]|01pj0000004Sbv3|CreateOpportunityExt.CreateOpportunityExt()
03:09:36.0 (97527228)|STATEMENT_EXECUTE|[1]
03:09:36.0 (97533899)|STATEMENT_EXECUTE|[1]
03:09:36.0 (97535496)|STATEMENT_EXECUTE|[1044]
03:09:36.0 (97536872)|STATEMENT_EXECUTE|[1052]
03:09:36.0 (97537973)|STATEMENT_EXECUTE|[1799]
03:09:36.0 (97539043)|STATEMENT_EXECUTE|[1869]
03:09:36.0 (97540187)|STATEMENT_EXECUTE|[1910]
03:09:36.0 (97541328)|STATEMENT_EXECUTE|[1952]
03:09:36.0 (97542332)|STATEMENT_EXECUTE|[1993]
03:09:36.0 (97543398)|STATEMENT_EXECUTE|[2038]
03:09:36.0 (97544540)|STATEMENT_EXECUTE|[2079]
03:09:36.0 (97545537)|STATEMENT_EXECUTE|[2122]
03:09:36.0 (97546738)|STATEMENT_EXECUTE|[2165]
03:09:36.0 (97547854)|STATEMENT_EXECUTE|[2213]
03:09:36.0 (97548958)|STATEMENT_EXECUTE|[2254]
03:09:36.0 (97550096)|STATEMENT_EXECUTE|[2308]
03:09:36.0 (97551247)|STATEMENT_EXECUTE|[2350]
03:09:36.0 (97552350)|STATEMENT_EXECUTE|[2641]
03:09:36.0 (97553529)|STATEMENT_EXECUTE|[2682]
03:09:36.0 (97554664)|STATEMENT_EXECUTE|[2691]
03:09:36.0 (97555662)|STATEMENT_EXECUTE|[2739]
03:09:36.0 (97556913)|STATEMENT_EXECUTE|[2788]
03:09:36.0 (97557909)|STATEMENT_EXECUTE|[2832]
03:09:36.0 (97559135)|STATEMENT_EXECUTE|[2866]
03:09:36.0 (97560175)|STATEMENT_EXECUTE|[2913]
03:09:36.0 (97567186)|METHOD_EXIT|[1]|CreateOpportunityExt
03:09:36.0 (97677732)|SYSTEM_MODE_ENTER|true
03:09:36.0 (97747488)|SYSTEM_MODE_ENTER|true
03:09:36.98 (98404298)|SYSTEM_MODE_ENTER|true
03:09:36.98 (98467755)|HEAP_ALLOCATE|[EXTERNAL]|Bytes:8
03:09:36.98 (98478379)|VARIABLE_SCOPE_BEGIN|[2]|this|ApexPage.PageMessagesComponentController|true|false
03:09:36.98 (98510193)|VARIABLE_ASSIGNMENT|[2]|this|{}|0x7335149e
03:09:36.99 (99308928)|SYSTEM_MODE_ENTER|true
03:09:36.99 (99365232)|HEAP_ALLOCATE|[EXTERNAL]|Bytes:8
03:09:36.99 (99373817)|VARIABLE_SCOPE_BEGIN|[88]|this|ApexPage.PageMessagesComponentController|true|false
03:09:36.99 (99394832)|VARIABLE_ASSIGNMENT|[88]|this|{}|0x7335149e
03:09:36.99 (99400710)|VARIABLE_SCOPE_BEGIN|[88]|escape|Boolean|false|false
03:09:36.99 (99408516)|VARIABLE_ASSIGNMENT|[88]|escape|null
03:09:36.0 (103124979)|SYSTEM_MODE_ENTER|true
03:09:36.0 (108408388)|SYSTEM_MODE_ENTER|true
03:09:36.0 (145524904)|SYSTEM_MODE_ENTER|true
03:09:36.0 (145716460)|SYSTEM_MODE_ENTER|true
03:09:36.0 (145782533)|SYSTEM_MODE_ENTER|true
03:09:36.0 (145844571)|SYSTEM_MODE_ENTER|true
03:09:36.0 (145901799)|SYSTEM_MODE_ENTER|true
03:09:36.0 (146023271)|SYSTEM_MODE_ENTER|true
03:09:36.0 (147364143)|SYSTEM_MODE_ENTER|true
03:09:36.0 (186378805)|SYSTEM_MODE_ENTER|true
03:09:36.0 (195576813)|SYSTEM_MODE_ENTER|true
03:09:36.0 (196096412)|HEAP_ALLOCATE|[EXTERNAL]|Bytes:112
03:09:36.0 (196112616)|HEAP_ALLOCATE|[EXTERNAL]|Bytes:14
03:09:36.0 (200165243)|SYSTEM_MODE_ENTER|true
03:09:36.0 (200748810)|HEAP_ALLOCATE|[EXTERNAL]|Bytes:116
03:09:36.0 (200761951)|HEAP_ALLOCATE|[EXTERNAL]|Bytes:14
03:09:36.0 (203199871)|SYSTEM_MODE_ENTER|true
03:09:36.0 (203656836)|HEAP_ALLOCATE|[EXTERNAL]|Bytes:112
03:09:36.0 (203668573)|HEAP_ALLOCATE|[EXTERNAL]|Bytes:14
03:09:36.0 (211049050)|SYSTEM_MODE_ENTER|true
03:09:36.0 (211686103)|HEAP_ALLOCATE|[EXTERNAL]|Bytes:148
03:09:36.0 (211700807)|HEAP_ALLOCATE|[EXTERNAL]|Bytes:19
03:09:36.0 (240487423)|SYSTEM_MODE_ENTER|true
03:09:36.0 (241011164)|HEAP_ALLOCATE|[EXTERNAL]|Bytes:112
03:09:36.0 (241029996)|HEAP_ALLOCATE|[EXTERNAL]|Bytes:14
03:09:36.0 (249830493)|SYSTEM_MODE_ENTER|true
03:09:36.0 (250325436)|HEAP_ALLOCATE|[EXTERNAL]|Bytes:112
03:09:36.0 (250340068)|HEAP_ALLOCATE|[EXTERNAL]|Bytes:14
03:09:36.0 (256049221)|SYSTEM_MODE_ENTER|true
03:09:36.0 (256335462)|HEAP_ALLOCATE|[EXTERNAL]|Bytes:112
03:09:36.0 (256352428)|HEAP_ALLOCATE|[EXTERNAL]|Bytes:14
03:09:36.0 (262921362)|SYSTEM_MODE_ENTER|true
03:09:36.0 (263307391)|HEAP_ALLOCATE|[EXTERNAL]|Bytes:112
03:09:36.0 (263321878)|HEAP_ALLOCATE|[EXTERNAL]|Bytes:14
03:09:36.0 (281460197)|SYSTEM_MODE_ENTER|true
03:09:36.0 (281734769)|HEAP_ALLOCATE|[EXTERNAL]|Bytes:116
03:09:36.0 (281749012)|HEAP_ALLOCATE|[EXTERNAL]|Bytes:14
03:09:36.0 (291798011)|SYSTEM_MODE_ENTER|true
03:09:36.0 (292054869)|SYSTEM_MODE_ENTER|true
03:09:36.0 (293313977)|SYSTEM_MODE_ENTER|true
03:09:36.0 (303489135)|SYSTEM_MODE_ENTER|true
03:09:36.0 (303623471)|HEAP_ALLOCATE|[EXTERNAL]|Bytes:324
03:09:36.0 (303640129)|HEAP_ALLOCATE|[EXTERNAL]|Bytes:54
03:09:36.0 (306702701)|SYSTEM_MODE_ENTER|true
03:09:36.344 (344394835)|SYSTEM_MODE_ENTER|true
03:09:36.344 (344490376)|HEAP_ALLOCATE|[EXTERNAL]|Bytes:8
03:09:36.344 (344505465)|VARIABLE_SCOPE_BEGIN|[88]|this|ApexPage.PageMessagesComponentController|true|false
03:09:36.344 (344541933)|VARIABLE_ASSIGNMENT|[88]|this|{}|0x7335149e
03:09:36.344 (344548527)|VARIABLE_SCOPE_BEGIN|[88]|escape|Boolean|false|false
03:09:36.344 (344556519)|VARIABLE_ASSIGNMENT|[88]|escape|null
03:09:36.0 (347268550)|SYSTEM_MODE_ENTER|true
03:09:36.0 (347299332)|HEAP_ALLOCATE|[EXTERNAL]|Bytes:8
03:09:36.0 (347335477)|HEAP_ALLOCATE|[EXTERNAL]|Bytes:376
03:09:36.0 (347362734)|VARIABLE_ASSIGNMENT|[EXTERNAL]|this.searchPosition|0|0x2f537296
03:09:36.0 (347425152)|HEAP_ALLOCATE|[EXTERNAL]|Bytes:18
03:09:36.0 (347434352)|HEAP_ALLOCATE|[EXTERNAL]|Bytes:44
03:09:36.0 (347446457)|VARIABLE_ASSIGNMENT|[EXTERNAL]|this.searchKeyWord|"001j000000m2QR5AAM"|0x25a2591d
03:09:36.0 (347485668)|HEAP_ALLOCATE|[EXTERNAL]|Bytes:25
03:09:36.0 (347490705)|HEAP_ALLOCATE|[EXTERNAL]|Bytes:44
03:09:36.0 (347500288)|VARIABLE_ASSIGNMENT|[EXTERNAL]|this.selectedKeyWrp|"Alumni Referral (Sky (5 more) ..."|0x25a2591d
03:09:36.0 (348013562)|SYSTEM_MODE_ENTER|true
03:09:36.0 (348034557)|HEAP_ALLOCATE|[EXTERNAL]|Bytes:8
03:09:36.0 (348039925)|HEAP_ALLOCATE|[EXTERNAL]|Bytes:376
03:09:36.0 (348051322)|VARIABLE_ASSIGNMENT|[EXTERNAL]|this.rankPosition|0|0x2f537296
03:09:36.0 (348222226)|SYSTEM_MODE_ENTER|true
03:09:36.0 (348385045)|SYSTEM_MODE_ENTER|true
03:09:36.0 (348448349)|SYSTEM_MODE_ENTER|true
03:09:36.349 (349867388)|HEAP_ALLOCATE|[EXTERNAL]|Bytes:-4
03:09:36.0 (351753092)|SYSTEM_MODE_ENTER|true
03:09:36.0 (352173894)|SYSTEM_MODE_ENTER|true
03:09:36.0 (352982563)|SYSTEM_MODE_ENTER|true
03:09:36.0 (354026631)|SYSTEM_MODE_ENTER|true
03:09:36.0 (362613776)|SYSTEM_MODE_ENTER|true
03:09:36.0 (363838202)|SYSTEM_MODE_ENTER|true
03:09:36.0 (370694087)|SYSTEM_MODE_ENTER|true
03:09:36.0 (370949786)|SYSTEM_MODE_ENTER|true
03:09:36.0 (374607549)|HEAP_ALLOCATE|[EXTERNAL]|Bytes:376
03:09:36.0 (374627962)|VARIABLE_SCOPE_BEGIN|[884]|this|CreateOpportunityExt|true|false
03:09:36.0 (375005902)|VARIABLE_ASSIGNMENT|[884]|this|{"absSubsWrpList":"0x3320a21f","baseURL":"https://c.cs19.visua (11 more) ...","caList":"0x287aee83","CaseWrpList":"0xf805116","caWrpList":"0x4f3ffbf1","cliAss":"0x3b14cdb1","con":"0x446522a6","conAge":0,"displayOpptyName":"Danika A RTC 02/01/2 (15 more) ...","displayPopup":false,"dispRecTypeName":"Residential Treatmen (1 more) ...","finalName":"Danika A","getretURL":"00629000005D2rcAAC","highPriorityCheck":false,"highPriorityReferral (5 more) ...":0,"highPriorityReferral (4 more) ...":99,"idWrpList":"0x5901902e","iiWrpList":"0x41c06b31","IOIC":false,"isContactNull":false,"isForUpdate":false,"isFromPatIns":false,"isFromQualityReport":false,"isHeightNull":false,"isOpportunitySaved":false,"isWeightNull":false,"localtimeinString":"02/01/2018 12:56:43  (2 more) ...","loggedinUserName":"Anvil Nelson","loWrpList":"0x6a64492c","meWrpList":"0x6e382546","mhsWrpList":"0x5048db08","mmiWrpList":"0xca4543d","mPSWrpList":"0x4960d3dd","NoteCommentWrpList":"0x79305973","onlyEdit":true,"opName":true,"opp":"0xd98d5f9","oppId":"00629000005D2rcAAC","oppInEditMode":true,"patcon":"0x64546aa1","patConCounter":0,"patconEmployer":"","patIns":"0x9c9049f","PayAgreementWorkshee (8 more) ...":"0x46f8d040","pcWrpList":"0xfa07566","pdWrpList":"0x7b8ae13a","piWrpList":"0x692c5871","pmWrpList":"0x393e5590","pthList":"0x3df8e22d","pTHWrpList":"0x748fdf4b","QuotesWrpList":"0x7a3e9651","rankPosition":0,"recordTypeName":"RTC","redBoolead":false,"ReferralWrpList":"0x7ca470ad","ReferWrpList":"0x1fefbffe","refralRankStrToRank":"0x3b128875","refRecId":"012j0000000krj2AAA","rend1":false,"rend2":true,"rend3":true,"rend4":false,"rend5":false,"rend6":false,"rend7":false,"resCrtdPatConIds":"0x3be83587","sahfWrpList":"0x417b515d","searchPosition":0,"searchTerm":"","selectedRecordType":"012j00000015GSJAA2","showForAbusedIns":false,"showForNoteCommentFi (4 more) ...":false,"showForOthers":false,"showForOutPatient":false,"showForOutPatientFie (3 more) ...":false,"showForReferal":false,"showForReferalFields":false,"showForResidentialTr (7 more) ...":true,"specialInstructionsM (2 more) ...":"","stageValue":"In Process","sub":"0x4f79cb3d","TripWrpList":"0x6007a387","usrName":"Anvil Nelson","validHighReferralWrp":false}|0x2f537296
03:09:36.0 (375053952)|STATEMENT_EXECUTE|[884]
03:09:36.0 (375056112)|STATEMENT_EXECUTE|[885]
03:09:36.0 (375266066)|VARIABLE_ASSIGNMENT|[EXTERNAL]|this|{"absSubsWrpList":"0x3320a21f","baseURL":"https://c.cs19.visua (11 more) ...","caList":"0x287aee83","CaseWrpList":"0xf805116","caWrpList":"0x4f3ffbf1","cliAss":"0x3b14cdb1","con":"0x446522a6","conAge":0,"displayOpptyName":"Danika A RTC 02/01/2 (15 more) ...","displayPopup":false,"dispRecTypeName":"Residential Treatmen (1 more) ...","finalName":"Danika A","getretURL":"00629000005D2rcAAC","highPriorityCheck":false,"highPriorityReferral (5 more) ...":0,"highPriorityReferral (4 more) ...":99,"idWrpList":"0x5901902e","iiWrpList":"0x41c06b31","IOIC":false,"isContactNull":false,"isForUpdate":false,"isFromPatIns":false,"isFromQualityReport":false,"isHeightNull":false,"isOpportunitySaved":false,"isWeightNull":false,"localtimeinString":"02/01/2018 12:56:43  (2 more) ...","loggedinUserName":"Anvil Nelson","loWrpList":"0x6a64492c","meWrpList":"0x6e382546","mhsWrpList":"0x5048db08","mmiWrpList":"0xca4543d","mPSWrpList":"0x4960d3dd","NoteCommentWrpList":"0x79305973","onlyEdit":true,"opName":true,"opp":"0xd98d5f9","oppId":"00629000005D2rcAAC","oppInEditMode":true,"patcon":"0x64546aa1","patConCounter":0,"patconEmployer":"","patIns":"0x9c9049f","PayAgreementWorkshee (8 more) ...":"0x46f8d040","pcWrpList":"0xfa07566","pdWrpList":"0x7b8ae13a","piWrpList":"0x692c5871","pmWrpList":"0x393e5590","pthList":"0x3df8e22d","pTHWrpList":"0x748fdf4b","QuotesWrpList":"0x7a3e9651","rankPosition":0,"recordTypeName":"RTC","redBoolead":false,"ReferralWrpList":"0x7ca470ad","ReferWrpList":"0x1fefbffe","refralRankStrToRank":"0x3b128875","refRecId":"012j0000000krj2AAA","rend1":false,"rend2":true,"rend3":true,"rend4":false,"rend5":false,"rend6":false,"rend7":false,"resCrtdPatConIds":"0x3be83587","sahfWrpList":"0x417b515d","searchPosition":0,"searchTerm":"","selectedRecordType":"012j00000015GSJAA2","showForAbusedIns":false,"showForNoteCommentFi (4 more) ...":false,"showForOthers":false,"showForOutPatient":false,"showForOutPatientFie (3 more) ...":false,"showForReferal":false,"showForReferalFields":false,"showForResidentialTr (7 more) ...":true,"specialInstructionsM (2 more) ...":"","stageValue":"In Process","sub":"0x4f79cb3d","TripWrpList":"0x6007a387","usrName":"Anvil Nelson","validHighReferralWrp":false}|0x2f537296
03:09:36.0 (375308550)|VARIABLE_ASSIGNMENT|[EXTERNAL]|value|false
03:09:36.0 (375317073)|HEAP_ALLOCATE|[91]|Bytes:5
03:09:36.0 (375332223)|VARIABLE_ASSIGNMENT|[91]|this.validHighReferralWrp|false|0x2f537296
03:09:36.0 (375517078)|VARIABLE_ASSIGNMENT|[EXTERNAL]|this|{"absSubsWrpList":"0x3320a21f","baseURL":"https://c.cs19.visua (11 more) ...","caList":"0x287aee83","CaseWrpList":"0xf805116","caWrpList":"0x4f3ffbf1","cliAss":"0x3b14cdb1","con":"0x446522a6","conAge":0,"displayOpptyName":"Danika A RTC 02/01/2 (15 more) ...","displayPopup":false,"dispRecTypeName":"Residential Treatmen (1 more) ...","finalName":"Danika A","getretURL":"00629000005D2rcAAC","highPriorityCheck":false,"highPriorityReferral (5 more) ...":0,"highPriorityReferral (4 more) ...":99,"idWrpList":"0x5901902e","iiWrpList":"0x41c06b31","IOIC":false,"isContactNull":false,"isForUpdate":false,"isFromPatIns":false,"isFromQualityReport":false,"isHeightNull":false,"isOpportunitySaved":false,"isWeightNull":false,"localtimeinString":"02/01/2018 12:56:43  (2 more) ...","loggedinUserName":"Anvil Nelson","loWrpList":"0x6a64492c","meWrpList":"0x6e382546","mhsWrpList":"0x5048db08","mmiWrpList":"0xca4543d","mPSWrpList":"0x4960d3dd","NoteCommentWrpList":"0x79305973","onlyEdit":true,"opName":true,"opp":"0xd98d5f9","oppId":"00629000005D2rcAAC","oppInEditMode":true,"patcon":"0x64546aa1","patConCounter":0,"patconEmployer":"","patIns":"0x9c9049f","PayAgreementWorkshee (8 more) ...":"0x46f8d040","pcWrpList":"0xfa07566","pdWrpList":"0x7b8ae13a","piWrpList":"0x692c5871","pmWrpList":"0x393e5590","pthList":"0x3df8e22d","pTHWrpList":"0x748fdf4b","QuotesWrpList":"0x7a3e9651","rankPosition":0,"recordTypeName":"RTC","redBoolead":false,"ReferralWrpList":"0x7ca470ad","ReferWrpList":"0x1fefbffe","refralRankStrToRank":"0x3b128875","refRecId":"012j0000000krj2AAA","rend1":false,"rend2":true,"rend3":true,"rend4":false,"rend5":false,"rend6":false,"rend7":false,"resCrtdPatConIds":"0x3be83587","sahfWrpList":"0x417b515d","searchPosition":0,"searchTerm":"","selectedRecordType":"012j00000015GSJAA2","showForAbusedIns":false,"showForNoteCommentFi (4 more) ...":false,"showForOthers":false,"showForOutPatient":false,"showForOutPatientFie (3 more) ...":false,"showForReferal":false,"showForReferalFields":false,"showForResidentialTr (7 more) ...":true,"specialInstructionsM (2 more) ...":"","stageValue":"In Process","sub":"0x4f79cb3d","TripWrpList":"0x6007a387","usrName":"Anvil Nelson","validHighReferralWrp":false}|0x2f537296
03:09:36.0 (375764922)|VARIABLE_ASSIGNMENT|[EXTERNAL]|this|{"absSubsWrpList":"0x3320a21f","baseURL":"https://c.cs19.visua (11 more) ...","caList":"0x287aee83","CaseWrpList":"0xf805116","caWrpList":"0x4f3ffbf1","cliAss":"0x3b14cdb1","con":"0x446522a6","conAge":0,"displayOpptyName":"Danika A RTC 02/01/2 (15 more) ...","displayPopup":false,"dispRecTypeName":"Residential Treatmen (1 more) ...","finalName":"Danika A","getretURL":"00629000005D2rcAAC","highPriorityCheck":false,"highPriorityReferral (5 more) ...":0,"highPriorityReferral (4 more) ...":99,"idWrpList":"0x5901902e","iiWrpList":"0x41c06b31","IOIC":false,"isContactNull":false,"isForUpdate":false,"isFromPatIns":false,"isFromQualityReport":false,"isHeightNull":false,"isOpportunitySaved":false,"isWeightNull":false,"localtimeinString":"02/01/2018 12:56:43  (2 more) ...","loggedinUserName":"Anvil Nelson","loWrpList":"0x6a64492c","meWrpList":"0x6e382546","mhsWrpList":"0x5048db08","mmiWrpList":"0xca4543d","mPSWrpList":"0x4960d3dd","NoteCommentWrpList":"0x79305973","onlyEdit":true,"opName":true,"opp":"0xd98d5f9","oppId":"00629000005D2rcAAC","oppInEditMode":true,"patcon":"0x64546aa1","patConCounter":0,"patconEmployer":"","patIns":"0x9c9049f","PayAgreementWorkshee (8 more) ...":"0x46f8d040","pcWrpList":"0xfa07566","pdWrpList":"0x7b8ae13a","piWrpList":"0x692c5871","pmWrpList":"0x393e5590","pthList":"0x3df8e22d","pTHWrpList":"0x748fdf4b","QuotesWrpList":"0x7a3e9651","rankPosition":0,"recordTypeName":"RTC","redBoolead":false,"ReferralWrpList":"0x7ca470ad","ReferWrpList":"0x1fefbffe","refralRankStrToRank":"0x3b128875","refRecId":"012j0000000krj2AAA","rend1":false,"rend2":true,"rend3":true,"rend4":false,"rend5":false,"rend6":false,"rend7":false,"resCrtdPatConIds":"0x3be83587","sahfWrpList":"0x417b515d","searchPosition":0,"searchTerm":"","selectedRecordType":"012j00000015GSJAA2","showForAbusedIns":false,"showForNoteCommentFi (4 more) ...":false,"showForOthers":false,"showForOutPatient":false,"showForOutPatientFie (3 more) ...":false,"showForReferal":false,"showForReferalFields":false,"showForResidentialTr (7 more) ...":true,"specialInstructionsM (2 more) ...":"","stageValue":"In Process","sub":"0x4f79cb3d","TripWrpList":"0x6007a387","usrName":"Anvil Nelson","validHighReferralWrp":false}|0x2f537296
03:09:36.0 (375809071)|STATEMENT_EXECUTE|[886]
03:09:36.0 (375811308)|STATEMENT_EXECUTE|[887]
03:09:36.0 (375815721)|HEAP_ALLOCATE|[887]|Bytes:7
03:09:36.0 (376510596)|HEAP_ALLOCATE|[887]|Bytes:4
03:09:36.0 (376539535)|VARIABLE_SCOPE_BEGIN|[887]|r|Schema.DescribeSObjectResult|true|false
03:09:36.0 (376812273)|VARIABLE_ASSIGNMENT|[887]|r|"common.api.soap.wsdl.DescribeSObjectResult@e81ed298"|0x159aaae
03:09:36.0 (376821053)|STATEMENT_EXECUTE|[888]
03:09:36.0 (376844805)|HEAP_ALLOCATE|[888]|Bytes:3
03:09:36.0 (376852748)|VARIABLE_SCOPE_BEGIN|[888]|acckeyPrefix|String|false|false
03:09:36.0 (376862711)|VARIABLE_ASSIGNMENT|[888]|acckeyPrefix|"001"
03:09:36.0 (376866307)|STATEMENT_EXECUTE|[889]
03:09:36.0 (376868902)|HEAP_ALLOCATE|[889]|Bytes:7
03:09:36.0 (377256254)|HEAP_ALLOCATE|[889]|Bytes:4
03:09:36.0 (377270547)|VARIABLE_SCOPE_BEGIN|[889]|r1|Schema.DescribeSObjectResult|true|false
03:09:36.0 (377349831)|VARIABLE_ASSIGNMENT|[889]|r1|"common.api.soap.wsdl.DescribeSObjectResult@36bd9e2e"|0x765f3e29
03:09:36.0 (377357910)|STATEMENT_EXECUTE|[890]
03:09:36.0 (377372516)|HEAP_ALLOCATE|[890]|Bytes:3
03:09:36.0 (377379152)|VARIABLE_SCOPE_BEGIN|[890]|conkeyPrefix|String|false|false
03:09:36.0 (377388232)|VARIABLE_ASSIGNMENT|[890]|conkeyPrefix|"003"
03:09:36.0 (377391707)|STATEMENT_EXECUTE|[892]
03:09:36.0 (377576865)|VARIABLE_ASSIGNMENT|[EXTERNAL]|this|{"absSubsWrpList":"0x3320a21f","baseURL":"https://c.cs19.visua (11 more) ...","caList":"0x287aee83","CaseWrpList":"0xf805116","caWrpList":"0x4f3ffbf1","cliAss":"0x3b14cdb1","con":"0x446522a6","conAge":0,"displayOpptyName":"Danika A RTC 02/01/2 (15 more) ...","displayPopup":false,"dispRecTypeName":"Residential Treatmen (1 more) ...","finalName":"Danika A","getretURL":"00629000005D2rcAAC","highPriorityCheck":false,"highPriorityReferral (5 more) ...":0,"highPriorityReferral (4 more) ...":99,"idWrpList":"0x5901902e","iiWrpList":"0x41c06b31","IOIC":false,"isContactNull":false,"isForUpdate":false,"isFromPatIns":false,"isFromQualityReport":false,"isHeightNull":false,"isOpportunitySaved":false,"isWeightNull":false,"localtimeinString":"02/01/2018 12:56:43  (2 more) ...","loggedinUserName":"Anvil Nelson","loWrpList":"0x6a64492c","meWrpList":"0x6e382546","mhsWrpList":"0x5048db08","mmiWrpList":"0xca4543d","mPSWrpList":"0x4960d3dd","NoteCommentWrpList":"0x79305973","onlyEdit":true,"opName":true,"opp":"0xd98d5f9","oppId":"00629000005D2rcAAC","oppInEditMode":true,"patcon":"0x64546aa1","patConCounter":0,"patconEmployer":"","patIns":"0x9c9049f","PayAgreementWorkshee (8 more) ...":"0x46f8d040","pcWrpList":"0xfa07566","pdWrpList":"0x7b8ae13a","piWrpList":"0x692c5871","pmWrpList":"0x393e5590","pthList":"0x3df8e22d","pTHWrpList":"0x748fdf4b","QuotesWrpList":"0x7a3e9651","rankPosition":0,"recordTypeName":"RTC","redBoolead":false,"ReferralWrpList":"0x7ca470ad","ReferWrpList":"0x1fefbffe","refralRankStrToRank":"0x3b128875","refRecId":"012j0000000krj2AAA","rend1":false,"rend2":true,"rend3":true,"rend4":false,"rend5":false,"rend6":false,"rend7":false,"resCrtdPatConIds":"0x3be83587","sahfWrpList":"0x417b515d","searchPosition":0,"searchTerm":"","selectedRecordType":"012j00000015GSJAA2","showForAbusedIns":false,"showForNoteCommentFi (4 more) ...":false,"showForOthers":false,"showForOutPatient":false,"showForOutPatientFie (3 more) ...":false,"showForReferal":false,"showForReferalFields":false,"showForResidentialTr (7 more) ...":true,"specialInstructionsM (2 more) ...":"","stageValue":"In Process","sub":"0x4f79cb3d","TripWrpList":"0x6007a387","usrName":"Anvil Nelson","validHighReferralWrp":false}|0x2f537296
03:09:36.0 (377774242)|VARIABLE_ASSIGNMENT|[EXTERNAL]|this|{"absSubsWrpList":"0x3320a21f","baseURL":"https://c.cs19.visua (11 more) ...","caList":"0x287aee83","CaseWrpList":"0xf805116","caWrpList":"0x4f3ffbf1","cliAss":"0x3b14cdb1","con":"0x446522a6","conAge":0,"displayOpptyName":"Danika A RTC 02/01/2 (15 more) ...","displayPopup":false,"dispRecTypeName":"Residential Treatmen (1 more) ...","finalName":"Danika A","getretURL":"00629000005D2rcAAC","highPriorityCheck":false,"highPriorityReferral (5 more) ...":0,"highPriorityReferral (4 more) ...":99,"idWrpList":"0x5901902e","iiWrpList":"0x41c06b31","IOIC":false,"isContactNull":false,"isForUpdate":false,"isFromPatIns":false,"isFromQualityReport":false,"isHeightNull":false,"isOpportunitySaved":false,"isWeightNull":false,"localtimeinString":"02/01/2018 12:56:43  (2 more) ...","loggedinUserName":"Anvil Nelson","loWrpList":"0x6a64492c","meWrpList":"0x6e382546","mhsWrpList":"0x5048db08","mmiWrpList":"0xca4543d","mPSWrpList":"0x4960d3dd","NoteCommentWrpList":"0x79305973","onlyEdit":true,"opName":true,"opp":"0xd98d5f9","oppId":"00629000005D2rcAAC","oppInEditMode":true,"patcon":"0x64546aa1","patConCounter":0,"patconEmployer":"","patIns":"0x9c9049f","PayAgreementWorkshee (8 more) ...":"0x46f8d040","pcWrpList":"0xfa07566","pdWrpList":"0x7b8ae13a","piWrpList":"0x692c5871","pmWrpList":"0x393e5590","pthList":"0x3df8e22d","pTHWrpList":"0x748fdf4b","QuotesWrpList":"0x7a3e9651","rankPosition":0,"recordTypeName":"RTC","redBoolead":false,"ReferralWrpList":"0x7ca470ad","ReferWrpList":"0x1fefbffe","refralRankStrToRank":"0x3b128875","refRecId":"012j0000000krj2AAA","rend1":false,"rend2":true,"rend3":true,"rend4":false,"rend5":false,"rend6":false,"rend7":false,"resCrtdPatConIds":"0x3be83587","sahfWrpList":"0x417b515d","searchPosition":0,"searchTerm":"","selectedRecordType":"012j00000015GSJAA2","showForAbusedIns":false,"showForNoteCommentFi (4 more) ...":false,"showForOthers":false,"showForOutPatient":false,"showForOutPatientFie (3 more) ...":false,"showForReferal":false,"showForReferalFields":false,"showForResidentialTr (7 more) ...":true,"specialInstructionsM (2 more) ...":"","stageValue":"In Process","sub":"0x4f79cb3d","TripWrpList":"0x6007a387","usrName":"Anvil Nelson","validHighReferralWrp":false}|0x2f537296
03:09:36.0 (377820575)|HEAP_ALLOCATE|[892]|Bytes:44
03:09:36.0 (377827908)|VARIABLE_SCOPE_BEGIN|[892]|wrp|CreateOpportunityExt.ReferralWrapper|true|false
03:09:36.0 (377884314)|VARIABLE_ASSIGNMENT|[892]|wrp|{"cmpM":"0x3a1fe696","index":0,"isHighPriority":false,"referalRank":"","referralSourceConLis (1 more) ...":"0x6f8cabba","referralSourceList":"0x5281fa8f","refOrders":"0x4c3f81e6","searchKeyWord":"001j000000m2QR5AAM","selectedKeyWrp":"Alumni Referral (Sky (5 more) ..."}|0x25a2591d
03:09:36.0 (377893133)|STATEMENT_EXECUTE|[893]
03:09:36.0 (377939234)|VARIABLE_ASSIGNMENT|[EXTERNAL]|this|{"cmpM":"0x3a1fe696","index":0,"isHighPriority":false,"referalRank":"","referralSourceConLis (1 more) ...":"0x6f8cabba","referralSourceList":"0x5281fa8f","refOrders":"0x4c3f81e6","searchKeyWord":"001j000000m2QR5AAM","selectedKeyWrp":"Alumni Referral (Sky (5 more) ..."}|0x25a2591d
03:09:36.0 (377966369)|STATEMENT_EXECUTE|[894]
03:09:36.0 (378002548)|VARIABLE_ASSIGNMENT|[EXTERNAL]|this|{"cmpM":"0x3a1fe696","index":0,"isHighPriority":false,"referalRank":"","referralSourceConLis (1 more) ...":"0x6f8cabba","referralSourceList":"0x5281fa8f","refOrders":"0x4c3f81e6","searchKeyWord":"001j000000m2QR5AAM","selectedKeyWrp":"Alumni Referral (Sky (5 more) ..."}|0x25a2591d
03:09:36.0 (378055872)|VARIABLE_ASSIGNMENT|[EXTERNAL]|this|{"cmpM":"0x3a1fe696","index":0,"isHighPriority":false,"referalRank":"","referralSourceConLis (1 more) ...":"0x6f8cabba","referralSourceList":"0x5281fa8f","refOrders":"0x4c3f81e6","searchKeyWord":"001j000000m2QR5AAM","selectedKeyWrp":"Alumni Referral (Sky (5 more) ..."}|0x25a2591d
03:09:36.0 (378089967)|VARIABLE_ASSIGNMENT|[EXTERNAL]|this|{"cmpM":"0x3a1fe696","index":0,"isHighPriority":false,"referalRank":"","referralSourceConLis (1 more) ...":"0x6f8cabba","referralSourceList":"0x5281fa8f","refOrders":"0x4c3f81e6","searchKeyWord":"001j000000m2QR5AAM","selectedKeyWrp":"Alumni Referral (Sky (5 more) ..."}|0x25a2591d
03:09:36.0 (378119296)|STATEMENT_EXECUTE|[895]
03:09:36.0 (378120719)|STATEMENT_EXECUTE|[896]
03:09:36.0 (378123478)|VARIABLE_SCOPE_BEGIN|[896]|accName|String|false|false
03:09:36.0 (378132733)|VARIABLE_ASSIGNMENT|[896]|accName|null
03:09:36.0 (378136347)|STATEMENT_EXECUTE|[896]
03:09:36.0 (378138274)|VARIABLE_SCOPE_BEGIN|[896]|accID|String|false|false
03:09:36.0 (378144532)|VARIABLE_ASSIGNMENT|[896]|accID|null
03:09:36.0 (378186001)|VARIABLE_ASSIGNMENT|[EXTERNAL]|this|{"cmpM":"0x3a1fe696","index":0,"isHighPriority":false,"referalRank":"","referralSourceConLis (1 more) ...":"0x6f8cabba","referralSourceList":"0x5281fa8f","refOrders":"0x4c3f81e6","searchKeyWord":"001j000000m2QR5AAM","selectedKeyWrp":"Alumni Referral (Sky (5 more) ..."}|0x25a2591d
03:09:36.0 (378224184)|HEAP_ALLOCATE|[897]|Bytes:18
03:09:36.0 (378247131)|STATEMENT_EXECUTE|[897]
03:09:36.0 (378250945)|HEAP_ALLOCATE|[899]|Bytes:138
03:09:36.0 (378267839)|HEAP_ALLOCATE|[899]|Bytes:4
03:09:36.0 (378278011)|HEAP_ALLOCATE|[899]|Bytes:7
03:09:36.0 (378315589)|VARIABLE_ASSIGNMENT|[EXTERNAL]|this|{"cmpM":"0x3a1fe696","index":0,"isHighPriority":false,"referalRank":"","referralSourceConLis (1 more) ...":"0x6f8cabba","referralSourceList":"0x5281fa8f","refOrders":"0x4c3f81e6","searchKeyWord":"001j000000m2QR5AAM","selectedKeyWrp":"Alumni Referral (Sky (5 more) ..."}|0x25a2591d
03:09:36.0 (381203363)|SOQL_EXECUTE_BEGIN|[899]|Aggregations:0|SELECT id, AccountId, Account.name, Name, Currently_Employed__c FROM Contact 
03:09:36.0 (431740370)|SOQL_EXECUTE_END|[899]|Rows:1
03:09:36.0 (431775486)|HEAP_ALLOCATE|[EXTERNAL]|Bytes:8
03:09:36.0 (431978136)|HEAP_ALLOCATE|[899]|Bytes:54
03:09:36.0 (431989596)|HEAP_ALLOCATE|[899]|Bytes:8
03:09:36.0 (432005934)|SYSTEM_METHOD_ENTRY|[7]|QueryLocatorIterator.QueryLocatorIterator()
03:09:36.0 (432010215)|STATEMENT_EXECUTE|[7]
03:09:36.0 (432019715)|SYSTEM_METHOD_EXIT|[7]|QueryLocatorIterator
03:09:36.0 (432026969)|HEAP_ALLOCATE|[899]|Bytes:28
03:09:36.0 (432083718)|HEAP_ALLOCATE|[899]|Bytes:8
03:09:36.0 (432099847)|HEAP_ALLOCATE|[899]|Bytes:8
03:09:36.0 (432103304)|HEAP_ALLOCATE|[899]|Bytes:8
03:09:36.0 (432111023)|VARIABLE_SCOPE_BEGIN|[15]|this|Database.QueryLocatorIterator|true|false
03:09:36.0 (432150000)|VARIABLE_ASSIGNMENT|[15]|this|{}|0x6960ab08
03:09:36.0 (432156367)|VARIABLE_SCOPE_BEGIN|[15]|values|List<SObject>|true|false
03:09:36.0 (432198639)|VARIABLE_ASSIGNMENT|[15]|values|[{"Id":"003j000000wbzW5AAI","AccountId":"001j000000m2QR5AAM","Name":"Skywood Alumni","Currently_Employed__ (1 more) ...":true,"RecordTypeId":"012j00000015GS1AAM","Account":{"Name":"Alumni Referral (Sky (5 more) ...","Id":"001j000000m2QR5AAM","RecordTypeId":"012j0000000m6BuAAI"}}]|0x475c3873
03:09:36.0 (432207495)|VARIABLE_SCOPE_BEGIN|[15]|ql|Database.QueryLocator|true|false
03:09:36.0 (432223499)|VARIABLE_ASSIGNMENT|[15]|ql|{"query":"SELECT id, AccountId (118 more) ..."}|0x4bd0256
03:09:36.0 (432228606)|VARIABLE_SCOPE_BEGIN|[15]|totalNumRecords|Integer|false|false
03:09:36.0 (432235712)|VARIABLE_ASSIGNMENT|[15]|totalNumRecords|1
03:09:36.0 (432239189)|VARIABLE_SCOPE_BEGIN|[15]|queryMoreSize|Integer|false|false
03:09:36.0 (432244646)|VARIABLE_ASSIGNMENT|[15]|queryMoreSize|49999
03:09:36.0 (432294492)|HEAP_ALLOCATE|[899]|Bytes:28
03:09:36.0 (432318116)|METHOD_ENTRY|[899]||Database.QueryLocatorIterator.hasNext()
03:09:36.0 (432397962)|METHOD_EXIT|[899]||Database.QueryLocatorIterator.hasNext()
03:09:36.0 (432408019)|METHOD_ENTRY|[899]||Database.QueryLocatorIterator.next()
03:09:36.0 (432474823)|METHOD_EXIT|[899]||Database.QueryLocatorIterator.next()
03:09:36.0 (432483503)|VARIABLE_SCOPE_BEGIN|[899]|con|Contact|true|false
03:09:36.0 (432504071)|VARIABLE_ASSIGNMENT|[899]|con|{"Id":"003j000000wbzW5AAI","AccountId":"001j000000m2QR5AAM","Name":"Skywood Alumni","Currently_Employed__ (1 more) ...":true,"RecordTypeId":"012j00000015GS1AAM","Account":{"Name":"Alumni Referral (Sky (5 more) ...","Id":"001j000000m2QR5AAM","RecordTypeId":"012j0000000m6BuAAI"}}|0x622578f4
03:09:36.0 (432513825)|STATEMENT_EXECUTE|[907]
03:09:36.0 (432515771)|STATEMENT_EXECUTE|[908]
03:09:36.0 (432577117)|VARIABLE_ASSIGNMENT|[EXTERNAL]|this|{"cmpM":"0x3a1fe696","index":0,"isHighPriority":false,"referalRank":"","referralSourceConLis (1 more) ...":"0x6f8cabba","referralSourceList":"0x5281fa8f","refOrders":"0x4c3f81e6","searchKeyWord":"001j000000m2QR5AAM","selectedKeyWrp":"Alumni Referral (Sky (5 more) ..."}|0x25a2591d
03:09:36.0 (432637030)|HEAP_ALLOCATE|[908]|Bytes:18
03:09:36.0 (432707195)|HEAP_ALLOCATE|[EXTERNAL]|Bytes:4
03:09:36.0 (432727098)|METHOD_ENTRY|[899]||Database.QueryLocatorIterator.hasNext()
03:09:36.0 (432748391)|METHOD_EXIT|[899]||Database.QueryLocatorIterator.hasNext()
03:09:36.0 (432760877)|VARIABLE_ASSIGNMENT|[899]|con|null|
03:09:36.0 (432788730)|HEAP_ALLOCATE|[911]|Bytes:126
03:09:36.0 (432810649)|HEAP_ALLOCATE|[911]|Bytes:4
03:09:36.0 (432884407)|VARIABLE_ASSIGNMENT|[EXTERNAL]|this|{"cmpM":"0x3a1fe696","index":0,"isHighPriority":false,"referalRank":"","referralSourceConLis (1 more) ...":"0x6f8cabba","referralSourceList":"0x5281fa8f","refOrders":"0x4c3f81e6","searchKeyWord":"001j000000m2QR5AAM","selectedKeyWrp":"Alumni Referral (Sky (5 more) ..."}|0x25a2591d
03:09:36.0 (434990887)|SOQL_EXECUTE_BEGIN|[911]|Aggregations:0|SELECT id, name, RAM_Lookup__c, RAM_Lookup__r.Name, High_Priority__c, Special_Instructions__c FROM Account 
03:09:36.0 (449607973)|SOQL_EXECUTE_END|[911]|Rows:1
03:09:36.0 (449646331)|HEAP_ALLOCATE|[EXTERNAL]|Bytes:8
03:09:36.0 (449788260)|HEAP_ALLOCATE|[911]|Bytes:28
03:09:36.0 (449878118)|HEAP_ALLOCATE|[911]|Bytes:8
03:09:36.0 (449895682)|HEAP_ALLOCATE|[911]|Bytes:8
03:09:36.0 (449899105)|HEAP_ALLOCATE|[911]|Bytes:8
03:09:36.0 (449906622)|VARIABLE_SCOPE_BEGIN|[15]|this|Database.QueryLocatorIterator|true|false
03:09:36.0 (449943541)|VARIABLE_ASSIGNMENT|[15]|this|{}|0x7c2bdfc1
03:09:36.0 (449949570)|VARIABLE_SCOPE_BEGIN|[15]|values|List<SObject>|true|false
03:09:36.0 (449974172)|VARIABLE_ASSIGNMENT|[15]|values|[{"Id":"001j000000m2QR5AAM","Name":"Alumni Referral (Sky (5 more) ...","High_Priority__c":false,"RecordTypeId":"012j0000000m6BuAAI"}]|0x2c472d9a
03:09:36.0 (449980561)|VARIABLE_SCOPE_BEGIN|[15]|ql|Database.QueryLocator|true|false
03:09:36.0 (449995337)|VARIABLE_ASSIGNMENT|[15]|ql|{"query":"SELECT id, name, RAM (106 more) ..."}|0x5e26357d
03:09:36.0 (450000004)|VARIABLE_SCOPE_BEGIN|[15]|totalNumRecords|Integer|false|false
03:09:36.0 (450007708)|VARIABLE_ASSIGNMENT|[15]|totalNumRecords|1
03:09:36.0 (450011038)|VARIABLE_SCOPE_BEGIN|[15]|queryMoreSize|Integer|false|false
03:09:36.0 (450017139)|VARIABLE_ASSIGNMENT|[15]|queryMoreSize|49998
03:09:36.0 (450062474)|HEAP_ALLOCATE|[911]|Bytes:28
03:09:36.0 (450080923)|METHOD_ENTRY|[911]||Database.QueryLocatorIterator.hasNext()
03:09:36.0 (450144154)|METHOD_EXIT|[911]||Database.QueryLocatorIterator.hasNext()
03:09:36.0 (450152156)|METHOD_ENTRY|[911]||Database.QueryLocatorIterator.next()
03:09:36.0 (450213411)|METHOD_EXIT|[911]||Database.QueryLocatorIterator.next()
03:09:36.0 (450222059)|VARIABLE_SCOPE_BEGIN|[911]|acc|Account|true|false
03:09:36.0 (450239017)|VARIABLE_ASSIGNMENT|[911]|acc|{"Id":"001j000000m2QR5AAM","Name":"Alumni Referral (Sky (5 more) ...","High_Priority__c":false,"RecordTypeId":"012j0000000m6BuAAI"}|0x3f728af3
03:09:36.0 (450251438)|STATEMENT_EXECUTE|[919]
03:09:36.0 (450253444)|STATEMENT_EXECUTE|[920]
03:09:36.0 (450318359)|VARIABLE_ASSIGNMENT|[EXTERNAL]|this|{"cmpM":"0x3a1fe696","index":0,"isHighPriority":false,"referalRank":"","referralSourceConLis (1 more) ...":"0x6f8cabba","referralSourceList":"0x5281fa8f","refOrders":"0x4c3f81e6","searchKeyWord":"001j000000m2QR5AAM","selectedKeyWrp":"Alumni Referral (Sky (5 more) ..."}|0x25a2591d
03:09:36.0 (450375413)|HEAP_ALLOCATE|[920]|Bytes:18
03:09:36.0 (450424331)|HEAP_ALLOCATE|[EXTERNAL]|Bytes:4
03:09:36.0 (450434081)|STATEMENT_EXECUTE|[921]
03:09:36.0 (450450349)|STATEMENT_EXECUTE|[923]
03:09:36.0 (450456360)|METHOD_ENTRY|[911]||Database.QueryLocatorIterator.hasNext()
03:09:36.0 (450470614)|METHOD_EXIT|[911]||Database.QueryLocatorIterator.hasNext()
03:09:36.0 (450478986)|VARIABLE_ASSIGNMENT|[911]|acc|null|
03:09:36.0 (450534312)|VARIABLE_ASSIGNMENT|[EXTERNAL]|this|{"cmpM":"0x3a1fe696","index":0,"isHighPriority":false,"referalRank":"","referralSourceConLis (1 more) ...":"0x6f8cabba","referralSourceList":"0x5281fa8f","refOrders":"0x4c3f81e6","searchKeyWord":"001j000000m2QR5AAM","selectedKeyWrp":"Alumni Referral (Sky (5 more) ..."}|0x25a2591d
03:09:36.0 (450563198)|HEAP_ALLOCATE|[936]|Bytes:18
03:09:36.0 (450584186)|STATEMENT_EXECUTE|[936]
03:09:36.0 (543767376)|SYSTEM_MODE_ENTER|true
03:09:36.0 (543862893)|SYSTEM_MODE_ENTER|true
03:09:36.0 (543912735)|SYSTEM_MODE_ENTER|true
03:09:36.0 (544059672)|SYSTEM_MODE_ENTER|true
03:09:36.544 (544220200)|SYSTEM_MODE_ENTER|true
03:09:36.544 (544303362)|HEAP_ALLOCATE|[EXTERNAL]|Bytes:8
03:09:36.544 (544316972)|VARIABLE_SCOPE_BEGIN|[88]|this|ApexPage.PageMessagesComponentController|true|false
03:09:36.544 (544354413)|VARIABLE_ASSIGNMENT|[88]|this|{}|0x7335149e
03:09:36.544 (544360743)|VARIABLE_SCOPE_BEGIN|[88]|escape|Boolean|false|false
03:09:36.544 (544368422)|VARIABLE_ASSIGNMENT|[88]|escape|null
03:09:36.544 (544463752)|SYSTEM_MODE_ENTER|true
03:09:36.544 (544496745)|HEAP_ALLOCATE|[EXTERNAL]|Bytes:8
03:09:36.544 (544503432)|VARIABLE_SCOPE_BEGIN|[2]|this|ApexPage.PageMessagesComponentController|true|false
03:09:36.544 (544520962)|VARIABLE_ASSIGNMENT|[2]|this|{}|0x7335149e
03:09:36.0 (544951563)|SYSTEM_MODE_ENTER|true
03:09:36.0 (545074976)|SYSTEM_MODE_ENTER|true
03:09:36.0 (553024302)|SYSTEM_MODE_ENTER|true
03:09:36.0 (553105579)|SYSTEM_MODE_ENTER|true
03:09:36.0 (553150432)|SYSTEM_MODE_ENTER|true
03:09:36.0 (553205910)|SYSTEM_MODE_ENTER|true
03:09:36.0 (553253572)|SYSTEM_MODE_ENTER|true
03:09:36.0 (553325052)|SYSTEM_MODE_ENTER|true
03:09:36.0 (554138870)|SYSTEM_MODE_ENTER|true
03:09:36.0 (561103585)|SYSTEM_MODE_ENTER|true
03:09:36.0 (567043739)|SYSTEM_MODE_ENTER|true
03:09:36.0 (568414303)|SYSTEM_MODE_ENTER|true
03:09:36.0 (569064352)|SYSTEM_MODE_ENTER|true
03:09:36.0 (572025773)|SYSTEM_MODE_ENTER|true
03:09:36.0 (593837840)|SYSTEM_MODE_ENTER|true
03:09:36.0 (599099945)|SYSTEM_MODE_ENTER|true
03:09:36.0 (601872733)|SYSTEM_MODE_ENTER|true
03:09:36.0 (605957486)|SYSTEM_MODE_ENTER|true
03:09:36.0 (620128203)|SYSTEM_MODE_ENTER|true
03:09:36.0 (624797327)|SYSTEM_MODE_ENTER|true
03:09:36.0 (624984151)|SYSTEM_MODE_ENTER|true
03:09:36.0 (625554582)|SYSTEM_MODE_ENTER|true
03:09:36.0 (634867082)|SYSTEM_MODE_ENTER|true
03:09:36.0 (635718880)|SYSTEM_MODE_ENTER|true
03:09:36.0 (635797227)|SYSTEM_MODE_ENTER|true
03:09:36.0 (636200426)|SYSTEM_MODE_ENTER|true
03:09:36.0 (639551142)|SYSTEM_MODE_ENTER|true
03:09:36.0 (659374360)|VF_SERIALIZE_VIEWSTATE_BEGIN|066j0000002vLO5
03:09:36.0 (707595597)|VF_SERIALIZE_VIEWSTATE_END
03:09:36.790 (790646210)|CUMULATIVE_LIMIT_USAGE
03:09:36.790 (790646210)|LIMIT_USAGE_FOR_NS|(default)|
  Number of SOQL queries: 2 out of 100
  Number of query rows: 2 out of 50000
  Number of SOSL queries: 0 out of 20
  Number of DML statements: 0 out of 150
  Number of DML rows: 0 out of 10000
  Maximum CPU time: 0 out of 10000
  Maximum heap size: 0 out of 6000000
  Number of callouts: 0 out of 100
  Number of Email Invocations: 0 out of 10
  Number of future calls: 0 out of 50
  Number of queueable jobs added to the queue: 0 out of 50
  Number of Mobile Apex push calls: 0 out of 10

03:09:36.790 (790646210)|CUMULATIVE_LIMIT_USAGE_END

03:09:36.0 (790685438)|CODE_UNIT_FINISHED|VF: /apex/CreateOpportunity
03:09:36.0 (791842075)|EXECUTION_FINISHED
