38.0 APEX_CODE,FINEST;APEX_PROFILING,INFO;CALLOUT,INFO;DB,INFO;SYSTEM,DEBUG;VALIDATION,INFO;VISUALFORCE,INFO;WAVE,INFO;WORKFLOW,FINER
08:29:00.0 (234970)|USER_INFO|[EXTERNAL]|00529000000zYiy|bhakti.gujrathi@eternussolutions.com.frnstgng|Central Standard Time|GMT-06:00
08:29:00.0 (266421)|EXECUTION_STARTED
08:29:00.0 (269910)|CODE_UNIT_STARTED|[EXTERNAL]|01pj0000004Sbuc|BenefitsVOBStatus.VOBStatusCheck
08:29:00.0 (422501)|HEAP_ALLOCATE|[72]|Bytes:3
08:29:00.0 (466669)|HEAP_ALLOCATE|[77]|Bytes:152
08:29:00.0 (479151)|HEAP_ALLOCATE|[342]|Bytes:408
08:29:00.0 (491311)|HEAP_ALLOCATE|[355]|Bytes:408
08:29:00.0 (503051)|HEAP_ALLOCATE|[467]|Bytes:48
08:29:00.0 (532013)|HEAP_ALLOCATE|[139]|Bytes:6
08:29:00.0 (546269)|HEAP_ALLOCATE|[EXTERNAL]|Bytes:4
08:29:00.0 (556971)|METHOD_ENTRY|[1]|01pj0000004Sbuc|BenefitsVOBStatus.BenefitsVOBStatus()
08:29:00.0 (563472)|STATEMENT_EXECUTE|[1]
08:29:00.0 (568577)|STATEMENT_EXECUTE|[1]
08:29:00.0 (571949)|METHOD_EXIT|[1]|BenefitsVOBStatus
08:29:00.0 (576182)|HEAP_ALLOCATE|[EXTERNAL]|Bytes:15
08:29:00.0 (585006)|VARIABLE_SCOPE_BEGIN|[2]|agreementID|String|false|false
08:29:00.0 (608593)|VARIABLE_ASSIGNMENT|[2]|agreementID|"00629000004NTeZ"
08:29:00.0 (617964)|STATEMENT_EXECUTE|[2]
08:29:00.0 (619892)|STATEMENT_EXECUTE|[4]
08:29:00.0 (620817)|STATEMENT_EXECUTE|[5]
08:29:00.0 (622860)|HEAP_ALLOCATE|[5]|Bytes:66
08:29:00.0 (642711)|HEAP_ALLOCATE|[5]|Bytes:4
08:29:00.0 (655087)|HEAP_ALLOCATE|[5]|Bytes:7
08:29:00.0 (699623)|HEAP_ALLOCATE|[50]|Bytes:5
08:29:00.0 (723839)|HEAP_ALLOCATE|[56]|Bytes:5
08:29:00.0 (730684)|HEAP_ALLOCATE|[64]|Bytes:7
08:29:00.0 (3270442)|SOQL_EXECUTE_BEGIN|[5]|Aggregations:0|SELECT Id, Benefits_Status__c FROM Opportunity WHERE id = :tmpVar1
08:29:00.0 (9866010)|SOQL_EXECUTE_END|[5]|Rows:1
08:29:00.0 (9895398)|HEAP_ALLOCATE|[5]|Bytes:8
08:29:00.0 (9914823)|HEAP_ALLOCATE|[5]|Bytes:69
08:29:00.0 (10052034)|HEAP_ALLOCATE|[5]|Bytes:8
08:29:00.0 (10070389)|HEAP_ALLOCATE|[5]|Bytes:37
08:29:00.0 (10124447)|HEAP_ALLOCATE|[5]|Bytes:12
08:29:00.0 (10132995)|VARIABLE_SCOPE_BEGIN|[5]|OpportunityBS|Opportunity|true|false
08:29:00.0 (10162220)|VARIABLE_ASSIGNMENT|[5]|OpportunityBS|{"Id":"00629000004NTeZAAW","Benefits_Status__c":"Benefits Submitted"}|0x1589a7cb
08:29:00.0 (10173964)|STATEMENT_EXECUTE|[7]
08:29:00.0 (10207622)|HEAP_ALLOCATE|[8]|Bytes:12
08:29:00.0 (10243513)|STATEMENT_EXECUTE|[10]
08:29:00.0 (10245254)|STATEMENT_EXECUTE|[11]
08:29:00.0 (10247384)|HEAP_ALLOCATE|[11]|Bytes:16
08:29:00.10 (10276138)|CUMULATIVE_LIMIT_USAGE
08:29:00.10 (10276138)|LIMIT_USAGE_FOR_NS|(default)|
  Number of SOQL queries: 1 out of 100
  Number of query rows: 1 out of 50000
  Number of SOSL queries: 0 out of 20
  Number of DML statements: 0 out of 150
  Number of DML rows: 0 out of 10000
  Maximum CPU time: 0 out of 10000
  Maximum heap size: 0 out of 6000000
  Number of callouts: 0 out of 100
  Number of Email Invocations: 0 out of 10
  Number of future calls: 0 out of 50
  Number of queueable jobs added to the queue: 0 out of 50
  Number of Mobile Apex push calls: 0 out of 10

08:29:00.10 (10276138)|CUMULATIVE_LIMIT_USAGE_END

08:29:00.0 (10313221)|CODE_UNIT_FINISHED|BenefitsVOBStatus.VOBStatusCheck
08:29:00.0 (11509601)|EXECUTION_FINISHED
