37.0 APEX_CODE,FINEST;APEX_PROFILING,INFO;CALLOUT,INFO;DB,INFO;SYSTEM,DEBUG;VALIDATION,INFO;VISUALFORCE,INFO;WAVE,INFO;WORKFLOW,FINER
03:09:51.0 (313871)|USER_INFO|[EXTERNAL]|00529000000zYiy|bhakti.gujrathi@eternussolutions.com.frnstgng|Central Standard Time|GMT-06:00
03:09:51.0 (354769)|EXECUTION_STARTED
03:09:51.0 (363319)|CODE_UNIT_STARTED|[EXTERNAL]|066j0000002vLOn|VF: /apex/Opp_vfpage
03:09:51.0 (11529589)|SYSTEM_MODE_ENTER|true
03:09:51.0 (11858603)|HEAP_ALLOCATE|[72]|Bytes:3
03:09:51.0 (11905557)|HEAP_ALLOCATE|[77]|Bytes:152
03:09:51.0 (11922291)|HEAP_ALLOCATE|[342]|Bytes:408
03:09:51.0 (11937929)|HEAP_ALLOCATE|[355]|Bytes:408
03:09:51.0 (11951861)|HEAP_ALLOCATE|[467]|Bytes:48
03:09:51.0 (11981634)|HEAP_ALLOCATE|[139]|Bytes:6
03:09:51.0 (11998667)|HEAP_ALLOCATE|[EXTERNAL]|Bytes:348
03:09:51.0 (12005443)|HEAP_ALLOCATE|[EXTERNAL]|Bytes:33
03:09:51.0 (12009621)|HEAP_ALLOCATE|[EXTERNAL]|Bytes:84
03:09:51.0 (12023116)|METHOD_ENTRY|[1]|01pj0000004SbwI|PatientNameforOppObj.PatientNameforOppObj()
03:09:51.0 (12030327)|STATEMENT_EXECUTE|[1]
03:09:51.0 (12034601)|STATEMENT_EXECUTE|[1]
03:09:51.0 (12038148)|METHOD_EXIT|[1]|PatientNameforOppObj
03:09:51.0 (12341384)|HEAP_ALLOCATE|[EXTERNAL]|Bytes:60
03:09:51.0 (12376862)|VARIABLE_SCOPE_BEGIN|[17]|this|PatientNameforOppObj|true|false
03:09:51.0 (12480949)|VARIABLE_ASSIGNMENT|[17]|this|{}|0x7fda2c6b
03:09:51.0 (12490399)|VARIABLE_SCOPE_BEGIN|[17]|controller|ApexPages.StandardController|true|false
03:09:51.0 (12761509)|VARIABLE_ASSIGNMENT|[17]|controller|"StandardController [null]"|0x646d751a
03:09:51.0 (12780478)|STATEMENT_EXECUTE|[1]
03:09:51.0 (12782882)|STATEMENT_EXECUTE|[2]
03:09:51.0 (12784317)|STATEMENT_EXECUTE|[3]
03:09:51.0 (12785466)|STATEMENT_EXECUTE|[4]
03:09:51.0 (12786637)|STATEMENT_EXECUTE|[5]
03:09:51.0 (12787674)|STATEMENT_EXECUTE|[6]
03:09:51.0 (12788687)|STATEMENT_EXECUTE|[7]
03:09:51.0 (12789621)|STATEMENT_EXECUTE|[8]
03:09:51.0 (12790803)|STATEMENT_EXECUTE|[9]
03:09:51.0 (12791899)|STATEMENT_EXECUTE|[10]
03:09:51.0 (12793105)|STATEMENT_EXECUTE|[11]
03:09:51.0 (12794026)|STATEMENT_EXECUTE|[12]
03:09:51.0 (12795005)|STATEMENT_EXECUTE|[13]
03:09:51.0 (12796022)|STATEMENT_EXECUTE|[14]
03:09:51.0 (12796988)|STATEMENT_EXECUTE|[15]
03:09:51.0 (12807191)|HEAP_ALLOCATE|[18]|Bytes:6
03:09:51.0 (12865375)|STATEMENT_EXECUTE|[17]
03:09:51.0 (12867273)|STATEMENT_EXECUTE|[18]
03:09:51.0 (12886295)|VARIABLE_ASSIGNMENT|[18]|this.recTypeLocal|""|0x7fda2c6b
03:09:51.0 (12892315)|STATEMENT_EXECUTE|[19]
03:09:51.0 (12979628)|VARIABLE_ASSIGNMENT|[EXTERNAL]|this|{"recTypeLocal":""}|0x7fda2c6b
03:09:51.0 (12988937)|VARIABLE_ASSIGNMENT|[EXTERNAL]|value|""
03:09:51.0 (12999216)|VARIABLE_ASSIGNMENT|[13]|this.recTypeName|""|0x7fda2c6b
03:09:51.0 (13014541)|STATEMENT_EXECUTE|[20]
03:09:51.0 (13032651)|HEAP_ALLOCATE|[50]|Bytes:5
03:09:51.0 (13049512)|HEAP_ALLOCATE|[56]|Bytes:5
03:09:51.0 (13056986)|HEAP_ALLOCATE|[64]|Bytes:7
03:09:51.0 (13104354)|HEAP_ALLOCATE|[20]|Bytes:44
03:09:51.0 (13153597)|HEAP_ALLOCATE|[20]|Bytes:24
03:09:51.0 (13180620)|HEAP_ALLOCATE|[20]|Bytes:2
03:09:51.0 (13202473)|VARIABLE_SCOPE_BEGIN|[20]|currentObjId|String|false|false
03:09:51.0 (13213276)|VARIABLE_ASSIGNMENT|[20]|currentObjId|"00629000005D2rc"
03:09:51.0 (13217001)|STATEMENT_EXECUTE|[21]
03:09:51.0 (13219666)|HEAP_ALLOCATE|[21]|Bytes:45
03:09:51.0 (13236691)|HEAP_ALLOCATE|[21]|Bytes:60
03:09:51.0 (13264457)|USER_DEBUG|[21]|DEBUG|currentObjId_________________________________00629000005D2rc
03:09:51.0 (13272814)|STATEMENT_EXECUTE|[24]
03:09:51.0 (13275237)|HEAP_ALLOCATE|[24]|Bytes:11
03:09:51.0 (13713900)|HEAP_ALLOCATE|[24]|Bytes:4
03:09:51.0 (13747661)|HEAP_ALLOCATE|[24]|Bytes:3
03:09:51.0 (13753999)|VARIABLE_SCOPE_BEGIN|[24]|oppKeyPrif|String|false|false
03:09:51.0 (13764454)|VARIABLE_ASSIGNMENT|[24]|oppKeyPrif|"006"
03:09:51.0 (13768608)|STATEMENT_EXECUTE|[25]
03:09:51.0 (13771697)|HEAP_ALLOCATE|[25]|Bytes:36
03:09:51.0 (13779526)|HEAP_ALLOCATE|[25]|Bytes:39
03:09:51.0 (13798533)|USER_DEBUG|[25]|DEBUG|oppKeyPrif__________________________006
03:09:51.0 (13856303)|STATEMENT_EXECUTE|[26]
03:09:51.0 (13857977)|STATEMENT_EXECUTE|[27]
03:09:51.0 (13881323)|HEAP_ALLOCATE|[27]|Bytes:4
03:09:51.0 (14019648)|VARIABLE_ASSIGNMENT|[EXTERNAL]|this|{"recTypeLocal":"","recTypeName":""}|0x7fda2c6b
03:09:51.0 (14039551)|VARIABLE_ASSIGNMENT|[EXTERNAL]|value|{}|0x3520a472
03:09:51.0 (14051525)|VARIABLE_ASSIGNMENT|[2]|this.oppty|{}|0x7fda2c6b
03:09:51.0 (14060732)|STATEMENT_EXECUTE|[28]
03:09:51.0 (14103914)|VARIABLE_ASSIGNMENT|[EXTERNAL]|this|{"oppty":"0x3520a472","recTypeLocal":"","recTypeName":""}|0x7fda2c6b
03:09:51.0 (14112415)|VARIABLE_ASSIGNMENT|[EXTERNAL]|value|""
03:09:51.0 (14120301)|VARIABLE_ASSIGNMENT|[15]|this.finalName|""|0x7fda2c6b
03:09:51.0 (14127671)|STATEMENT_EXECUTE|[29]
03:09:51.0 (14130777)|HEAP_ALLOCATE|[29]|Bytes:140
03:09:51.0 (14147216)|HEAP_ALLOCATE|[29]|Bytes:4
03:09:51.0 (14161491)|HEAP_ALLOCATE|[29]|Bytes:7
03:09:51.0 (14571067)|SOQL_EXECUTE_BEGIN|[29]|Aggregations:0|SELECT Id, Contact__c, Contact__r.FirstName, Contact__r.LastName, Contact__r.Birthdate, RecordType.Name FROM Opportunity WHERE Id = :tmpVar1
03:09:51.0 (23350969)|SOQL_EXECUTE_END|[29]|Rows:1
03:09:51.0 (23383653)|HEAP_ALLOCATE|[29]|Bytes:8
03:09:51.0 (23409767)|HEAP_ALLOCATE|[29]|Bytes:291
03:09:51.0 (23521892)|HEAP_ALLOCATE|[29]|Bytes:8
03:09:51.0 (23540277)|HEAP_ALLOCATE|[29]|Bytes:37
03:09:51.0 (23588931)|HEAP_ALLOCATE|[29]|Bytes:24
03:09:51.0 (23659306)|VARIABLE_ASSIGNMENT|[EXTERNAL]|this|{"finalName":"","oppty":"0x3520a472","recTypeLocal":"","recTypeName":""}|0x7fda2c6b
03:09:51.0 (23714979)|VARIABLE_ASSIGNMENT|[EXTERNAL]|value|{"Id":"00629000005D2rcAAC","Contact__c":"0032900000Bt1bzAAB","RecordTypeId":"012j00000015GSJAA2","Contact__r":{"FirstName":"Danika","LastName":"A","Birthdate":"2000-02-01T00:00:00.000Z","Id":"0032900000Bt1bzAAB","RecordTypeId":"012j00000015GS0AAM"},"RecordType":{"Name":"Residential Treatmen (1 more) ...","Id":"012j00000015GSJAA2"}}|0x2c1d691b
03:09:51.0 (23746308)|VARIABLE_ASSIGNMENT|[2]|this.oppty|{"Id":"00629000005D2rcAAC","Contact__c":"0032900000Bt1bzAAB","RecordTypeId":"012j00000015GSJAA2","Contact__r":{"FirstName":"Danika","LastName":"A","Birthdate":"2000-02-01T00:00:00.000Z","Id":"0032900000Bt1bzAAB","RecordTypeId":"012j00000015GS0AAM"},"RecordType":{"Name":"Residential Treatmen (1 more) ...","Id":"012j00000015GSJAA2"}}|0x7fda2c6b
03:09:51.0 (23763491)|STATEMENT_EXECUTE|[30]
03:09:51.0 (23817235)|VARIABLE_ASSIGNMENT|[EXTERNAL]|this|{"finalName":"","oppty":"0x2c1d691b","recTypeLocal":"","recTypeName":""}|0x7fda2c6b
03:09:51.0 (23908993)|VARIABLE_ASSIGNMENT|[30]|this.recTypeLocal|"Residential Treatmen (1 more) ..."|0x7fda2c6b
03:09:51.0 (23916039)|STATEMENT_EXECUTE|[31]
03:09:51.0 (23920009)|HEAP_ALLOCATE|[31]|Bytes:31
03:09:51.0 (23959348)|VARIABLE_ASSIGNMENT|[EXTERNAL]|this|{"finalName":"","oppty":"0x2c1d691b","recTypeLocal":"Residential Treatmen (1 more) ...","recTypeName":""}|0x7fda2c6b
03:09:51.0 (24023906)|HEAP_ALLOCATE|[31]|Bytes:99
03:09:51.0 (24042052)|HEAP_ALLOCATE|[31]|Bytes:130
03:09:51.0 (24055438)|USER_DEBUG|[31]|DEBUG|oppty__________________________Opportunity:{Id=00629000005D2rcAAC, Contact__c=0032900000Bt1bzAAB, RecordTypeId=012j00000015GSJAA2}
03:09:51.0 (24097474)|VARIABLE_ASSIGNMENT|[EXTERNAL]|this|{"finalName":"","oppty":"0x2c1d691b","recTypeLocal":"Residential Treatmen (1 more) ...","recTypeName":""}|0x7fda2c6b
03:09:51.0 (24185980)|VARIABLE_ASSIGNMENT|[EXTERNAL]|this|{"finalName":"","oppty":"0x2c1d691b","recTypeLocal":"Residential Treatmen (1 more) ...","recTypeName":""}|0x7fda2c6b
03:09:51.0 (24219358)|STATEMENT_EXECUTE|[33]
03:09:51.0 (24251155)|VARIABLE_ASSIGNMENT|[EXTERNAL]|this|{"finalName":"","oppty":"0x2c1d691b","recTypeLocal":"Residential Treatmen (1 more) ...","recTypeName":""}|0x7fda2c6b
03:09:51.0 (24294613)|VARIABLE_ASSIGNMENT|[EXTERNAL]|this|{"finalName":"","oppty":"0x2c1d691b","recTypeLocal":"Residential Treatmen (1 more) ...","recTypeName":""}|0x7fda2c6b
03:09:51.0 (24302952)|VARIABLE_ASSIGNMENT|[EXTERNAL]|value|"Danika"
03:09:51.0 (24312502)|VARIABLE_ASSIGNMENT|[15]|this.finalName|"Danika"|0x7fda2c6b
03:09:51.0 (24320905)|STATEMENT_EXECUTE|[34]
03:09:51.0 (24355543)|VARIABLE_ASSIGNMENT|[EXTERNAL]|this|{"finalName":"Danika","oppty":"0x2c1d691b","recTypeLocal":"Residential Treatmen (1 more) ...","recTypeName":""}|0x7fda2c6b
03:09:51.0 (24385195)|VARIABLE_ASSIGNMENT|[EXTERNAL]|this|{"finalName":"Danika","oppty":"0x2c1d691b","recTypeLocal":"Residential Treatmen (1 more) ...","recTypeName":""}|0x7fda2c6b
03:09:51.0 (24395158)|HEAP_ALLOCATE|[34]|Bytes:1
03:09:51.0 (24418629)|VARIABLE_ASSIGNMENT|[EXTERNAL]|this|{"finalName":"Danika","oppty":"0x2c1d691b","recTypeLocal":"Residential Treatmen (1 more) ...","recTypeName":""}|0x7fda2c6b
03:09:51.0 (24450532)|HEAP_ALLOCATE|[34]|Bytes:8
03:09:51.0 (24480829)|VARIABLE_ASSIGNMENT|[EXTERNAL]|this|{"finalName":"Danika","oppty":"0x2c1d691b","recTypeLocal":"Residential Treatmen (1 more) ...","recTypeName":""}|0x7fda2c6b
03:09:51.0 (24487928)|VARIABLE_ASSIGNMENT|[EXTERNAL]|value|"Danika A"
03:09:51.0 (24495030)|VARIABLE_ASSIGNMENT|[15]|this.finalName|"Danika A"|0x7fda2c6b
03:09:51.0 (24503011)|STATEMENT_EXECUTE|[39]
03:09:51.0 (24506107)|HEAP_ALLOCATE|[39]|Bytes:19
03:09:51.0 (24963789)|HEAP_ALLOCATE|[39]|Bytes:4
03:09:51.0 (24999627)|HEAP_ALLOCATE|[39]|Bytes:3
03:09:51.0 (25006469)|VARIABLE_SCOPE_BEGIN|[39]|abusedKeyPrif|String|false|false
03:09:51.0 (25020159)|VARIABLE_ASSIGNMENT|[39]|abusedKeyPrif|"a0n"
03:09:51.0 (25024842)|STATEMENT_EXECUTE|[40]
03:09:51.0 (25028348)|HEAP_ALLOCATE|[40]|Bytes:39
03:09:51.0 (25036873)|HEAP_ALLOCATE|[40]|Bytes:42
03:09:51.0 (25066289)|USER_DEBUG|[40]|DEBUG|abusedKeyPrif__________________________a0n
03:09:51.0 (25108458)|STATEMENT_EXECUTE|[41]
03:09:51.0 (25110315)|STATEMENT_EXECUTE|[54]
03:09:51.0 (25113668)|HEAP_ALLOCATE|[54]|Bytes:20
03:09:51.0 (25458017)|HEAP_ALLOCATE|[54]|Bytes:4
03:09:51.0 (25479722)|HEAP_ALLOCATE|[54]|Bytes:3
03:09:51.0 (25485464)|VARIABLE_SCOPE_BEGIN|[54]|tHstKeyPrif|String|false|false
03:09:51.0 (25496484)|VARIABLE_ASSIGNMENT|[54]|tHstKeyPrif|"a20"
03:09:51.0 (25500973)|STATEMENT_EXECUTE|[55]
03:09:51.0 (25503802)|HEAP_ALLOCATE|[55]|Bytes:37
03:09:51.0 (25511751)|HEAP_ALLOCATE|[55]|Bytes:40
03:09:51.0 (25530293)|USER_DEBUG|[55]|DEBUG|tHstKeyPrif__________________________a20
03:09:51.0 (25563099)|STATEMENT_EXECUTE|[56]
03:09:51.0 (25564622)|STATEMENT_EXECUTE|[69]
03:09:51.0 (25567025)|HEAP_ALLOCATE|[69]|Bytes:26
03:09:51.0 (25945765)|HEAP_ALLOCATE|[69]|Bytes:4
03:09:51.0 (25973573)|HEAP_ALLOCATE|[69]|Bytes:3
03:09:51.0 (25980370)|VARIABLE_SCOPE_BEGIN|[69]|medPSKeyPrif|String|false|false
03:09:51.0 (25992176)|VARIABLE_ASSIGNMENT|[69]|medPSKeyPrif|"a1R"
03:09:51.0 (25996831)|STATEMENT_EXECUTE|[70]
03:09:51.0 (26000469)|HEAP_ALLOCATE|[70]|Bytes:38
03:09:51.0 (26010123)|HEAP_ALLOCATE|[70]|Bytes:41
03:09:51.0 (26032386)|USER_DEBUG|[70]|DEBUG|medPSKeyPrif__________________________a1R
03:09:51.0 (26070805)|STATEMENT_EXECUTE|[71]
03:09:51.0 (26072399)|STATEMENT_EXECUTE|[84]
03:09:51.0 (26075356)|HEAP_ALLOCATE|[84]|Bytes:26
03:09:51.0 (26417442)|HEAP_ALLOCATE|[84]|Bytes:4
03:09:51.0 (26439480)|HEAP_ALLOCATE|[84]|Bytes:3
03:09:51.0 (26445063)|VARIABLE_SCOPE_BEGIN|[84]|pMedKeyPrif|String|false|false
03:09:51.0 (26455908)|VARIABLE_ASSIGNMENT|[84]|pMedKeyPrif|"a1h"
03:09:51.0 (26460241)|STATEMENT_EXECUTE|[85]
03:09:51.0 (26463313)|HEAP_ALLOCATE|[85]|Bytes:37
03:09:51.0 (26470752)|HEAP_ALLOCATE|[85]|Bytes:40
03:09:51.0 (26488893)|USER_DEBUG|[85]|DEBUG|pMedKeyPrif__________________________a1h
03:09:51.0 (26521545)|STATEMENT_EXECUTE|[86]
03:09:51.0 (26523062)|STATEMENT_EXECUTE|[99]
03:09:51.0 (26525609)|HEAP_ALLOCATE|[99]|Bytes:24
03:09:51.0 (26872077)|HEAP_ALLOCATE|[99]|Bytes:4
03:09:51.0 (26893061)|HEAP_ALLOCATE|[99]|Bytes:3
03:09:51.0 (26903348)|VARIABLE_SCOPE_BEGIN|[99]|HSymKeyPrif|String|false|false
03:09:51.0 (26914131)|VARIABLE_ASSIGNMENT|[99]|HSymKeyPrif|"a1T"
03:09:51.0 (26918169)|STATEMENT_EXECUTE|[100]
03:09:51.0 (26921427)|HEAP_ALLOCATE|[100]|Bytes:37
03:09:51.0 (26929136)|HEAP_ALLOCATE|[100]|Bytes:40
03:09:51.0 (26948105)|USER_DEBUG|[100]|DEBUG|HSymKeyPrif__________________________a1T
03:09:51.0 (26979773)|STATEMENT_EXECUTE|[101]
03:09:51.0 (26981296)|STATEMENT_EXECUTE|[114]
03:09:51.0 (26984087)|HEAP_ALLOCATE|[114]|Bytes:24
03:09:51.0 (27287748)|HEAP_ALLOCATE|[114]|Bytes:4
03:09:51.0 (27308607)|HEAP_ALLOCATE|[114]|Bytes:3
03:09:51.0 (27314280)|VARIABLE_SCOPE_BEGIN|[114]|psDiKeyPrif|String|false|false
03:09:51.0 (27324609)|VARIABLE_ASSIGNMENT|[114]|psDiKeyPrif|"a1k"
03:09:51.0 (27328774)|STATEMENT_EXECUTE|[115]
03:09:51.0 (27331691)|HEAP_ALLOCATE|[115]|Bytes:37
03:09:51.0 (27339100)|HEAP_ALLOCATE|[115]|Bytes:40
03:09:51.0 (27356626)|USER_DEBUG|[115]|DEBUG|psDiKeyPrif__________________________a1k
03:09:51.0 (27387404)|STATEMENT_EXECUTE|[116]
03:09:51.0 (27388861)|STATEMENT_EXECUTE|[129]
03:09:51.0 (27391524)|HEAP_ALLOCATE|[129]|Bytes:21
03:09:51.0 (27720926)|HEAP_ALLOCATE|[129]|Bytes:4
03:09:51.0 (27740466)|HEAP_ALLOCATE|[129]|Bytes:3
03:09:51.0 (27745870)|VARIABLE_SCOPE_BEGIN|[129]|InDiseaseKeyPrif|String|false|false
03:09:51.0 (27756667)|VARIABLE_ASSIGNMENT|[129]|InDiseaseKeyPrif|"a1G"
03:09:51.0 (27761132)|STATEMENT_EXECUTE|[130]
03:09:51.0 (27763950)|HEAP_ALLOCATE|[130]|Bytes:42
03:09:51.0 (27771431)|HEAP_ALLOCATE|[130]|Bytes:45
03:09:51.0 (27788444)|USER_DEBUG|[130]|DEBUG|InDiseaseKeyPrif__________________________a1G
03:09:51.0 (27819433)|STATEMENT_EXECUTE|[131]
03:09:51.0 (27820966)|STATEMENT_EXECUTE|[144]
03:09:51.0 (27823564)|HEAP_ALLOCATE|[144]|Bytes:20
03:09:51.0 (28131784)|HEAP_ALLOCATE|[144]|Bytes:4
03:09:51.0 (28151721)|HEAP_ALLOCATE|[144]|Bytes:3
03:09:51.0 (28157472)|VARIABLE_SCOPE_BEGIN|[144]|MeEqKeyPrif|String|false|false
03:09:51.0 (28167920)|VARIABLE_ASSIGNMENT|[144]|MeEqKeyPrif|"a1P"
03:09:51.0 (28172262)|STATEMENT_EXECUTE|[145]
03:09:51.0 (28175228)|HEAP_ALLOCATE|[145]|Bytes:37
03:09:51.0 (28182545)|HEAP_ALLOCATE|[145]|Bytes:40
03:09:51.0 (28199562)|USER_DEBUG|[145]|DEBUG|MeEqKeyPrif__________________________a1P
03:09:51.0 (28229142)|STATEMENT_EXECUTE|[146]
03:09:51.0 (28230657)|STATEMENT_EXECUTE|[159]
03:09:51.0 (28233776)|HEAP_ALLOCATE|[159]|Bytes:16
03:09:51.0 (28555297)|HEAP_ALLOCATE|[159]|Bytes:4
03:09:51.0 (28575380)|HEAP_ALLOCATE|[159]|Bytes:3
03:09:51.0 (28581011)|VARIABLE_SCOPE_BEGIN|[159]|LeOffKeyPrif|String|false|false
03:09:51.0 (28591580)|VARIABLE_ASSIGNMENT|[159]|LeOffKeyPrif|"a1L"
03:09:51.0 (28595756)|STATEMENT_EXECUTE|[160]
03:09:51.0 (28598568)|HEAP_ALLOCATE|[160]|Bytes:38
03:09:51.0 (28605746)|HEAP_ALLOCATE|[160]|Bytes:41
03:09:51.0 (28623456)|USER_DEBUG|[160]|DEBUG|LeOffKeyPrif__________________________a1L
03:09:51.0 (28654607)|STATEMENT_EXECUTE|[161]
03:09:51.0 (28656101)|STATEMENT_EXECUTE|[174]
03:09:51.0 (28659007)|HEAP_ALLOCATE|[174]|Bytes:40
03:09:51.0 (29004623)|HEAP_ALLOCATE|[174]|Bytes:4
03:09:51.0 (29024811)|HEAP_ALLOCATE|[174]|Bytes:3
03:09:51.0 (29030079)|VARIABLE_SCOPE_BEGIN|[174]|SubAbHFKeyPrif|String|false|false
03:09:51.0 (29040545)|VARIABLE_ASSIGNMENT|[174]|SubAbHFKeyPrif|"a1u"
03:09:51.0 (29044553)|STATEMENT_EXECUTE|[175]
03:09:51.0 (29047550)|HEAP_ALLOCATE|[175]|Bytes:40
03:09:51.0 (29055023)|HEAP_ALLOCATE|[175]|Bytes:43
03:09:51.0 (29072091)|USER_DEBUG|[175]|DEBUG|SubAbHFKeyPrif__________________________a1u
03:09:51.0 (29102798)|STATEMENT_EXECUTE|[176]
03:09:51.0 (29109318)|HEAP_ALLOCATE|[190]|Bytes:21
03:09:51.0 (29127824)|STATEMENT_EXECUTE|[190]
03:09:51.0 (29129143)|STATEMENT_EXECUTE|[191]
03:09:51.0 (29131071)|HEAP_ALLOCATE|[191]|Bytes:3
03:09:51.0 (29184969)|VARIABLE_ASSIGNMENT|[EXTERNAL]|this|{"finalName":"Danika A","oppty":"0x2c1d691b","recTypeLocal":"Residential Treatmen (1 more) ...","recTypeName":""}|0x7fda2c6b
03:09:51.0 (29194513)|VARIABLE_ASSIGNMENT|[EXTERNAL]|value|"RTC"
03:09:51.0 (29204853)|VARIABLE_ASSIGNMENT|[13]|this.recTypeName|"RTC"|0x7fda2c6b
03:09:51.0 (29214239)|STATEMENT_EXECUTE|[196]
03:09:51.0 (29217194)|HEAP_ALLOCATE|[196]|Bytes:32
03:09:51.0 (29256949)|VARIABLE_ASSIGNMENT|[EXTERNAL]|this|{"finalName":"Danika A","oppty":"0x2c1d691b","recTypeLocal":"Residential Treatmen (1 more) ...","recTypeName":"RTC"}|0x7fda2c6b
03:09:51.0 (29272724)|HEAP_ALLOCATE|[196]|Bytes:35
03:09:51.0 (29287519)|USER_DEBUG|[196]|DEBUG|recTypeName_____________________RTC
03:09:51.0 (29388817)|SYSTEM_MODE_ENTER|true
03:09:51.0 (31416360)|SYSTEM_MODE_ENTER|true
03:09:51.34 (34184190)|CUMULATIVE_LIMIT_USAGE
03:09:51.34 (34184190)|LIMIT_USAGE_FOR_NS|(default)|
  Number of SOQL queries: 1 out of 100
  Number of query rows: 1 out of 50000
  Number of SOSL queries: 0 out of 20
  Number of DML statements: 0 out of 150
  Number of DML rows: 0 out of 10000
  Maximum CPU time: 0 out of 10000
  Maximum heap size: 0 out of 6000000
  Number of callouts: 0 out of 100
  Number of Email Invocations: 0 out of 10
  Number of future calls: 0 out of 50
  Number of queueable jobs added to the queue: 0 out of 50
  Number of Mobile Apex push calls: 0 out of 10

03:09:51.34 (34184190)|CUMULATIVE_LIMIT_USAGE_END

03:09:51.0 (34218994)|CODE_UNIT_FINISHED|VF: /apex/Opp_vfpage
03:09:51.0 (35021577)|EXECUTION_FINISHED
