38.0 APEX_CODE,FINEST;APEX_PROFILING,INFO;CALLOUT,INFO;DB,INFO;SYSTEM,DEBUG;VALIDATION,INFO;VISUALFORCE,INFO;WAVE,INFO;WORKFLOW,FINER
08:22:41.0 (75219)|USER_INFO|[EXTERNAL]|00529000000zYiy|bhakti.gujrathi@eternussolutions.com.frnstgng|Central Standard Time|GMT-06:00
08:22:41.0 (130876)|EXECUTION_STARTED
08:22:41.0 (136358)|CODE_UNIT_STARTED|[EXTERNAL]|01pj0000004Sbuc|BenefitsVOBStatus.VOBStatusCheck
08:22:41.0 (311744)|HEAP_ALLOCATE|[72]|Bytes:3
08:22:41.0 (364958)|HEAP_ALLOCATE|[77]|Bytes:152
08:22:41.0 (383120)|HEAP_ALLOCATE|[342]|Bytes:408
08:22:41.0 (404605)|HEAP_ALLOCATE|[355]|Bytes:408
08:22:41.0 (425183)|HEAP_ALLOCATE|[467]|Bytes:48
08:22:41.0 (459842)|HEAP_ALLOCATE|[139]|Bytes:6
08:22:41.0 (480205)|HEAP_ALLOCATE|[EXTERNAL]|Bytes:4
08:22:41.0 (495638)|METHOD_ENTRY|[1]|01pj0000004Sbuc|BenefitsVOBStatus.BenefitsVOBStatus()
08:22:41.0 (502960)|STATEMENT_EXECUTE|[1]
08:22:41.0 (507492)|STATEMENT_EXECUTE|[1]
08:22:41.0 (512453)|METHOD_EXIT|[1]|BenefitsVOBStatus
08:22:41.0 (518568)|HEAP_ALLOCATE|[EXTERNAL]|Bytes:15
08:22:41.0 (528774)|VARIABLE_SCOPE_BEGIN|[2]|agreementID|String|false|false
08:22:41.0 (560980)|VARIABLE_ASSIGNMENT|[2]|agreementID|"00629000003FJ4b"
08:22:41.0 (571927)|STATEMENT_EXECUTE|[2]
08:22:41.0 (573651)|STATEMENT_EXECUTE|[4]
08:22:41.0 (574544)|STATEMENT_EXECUTE|[5]
08:22:41.0 (577661)|HEAP_ALLOCATE|[5]|Bytes:66
08:22:41.0 (603124)|HEAP_ALLOCATE|[5]|Bytes:4
08:22:41.0 (618972)|HEAP_ALLOCATE|[5]|Bytes:7
08:22:41.0 (672775)|HEAP_ALLOCATE|[50]|Bytes:5
08:22:41.0 (706708)|HEAP_ALLOCATE|[56]|Bytes:5
08:22:41.0 (718730)|HEAP_ALLOCATE|[64]|Bytes:7
08:22:41.0 (4220445)|SOQL_EXECUTE_BEGIN|[5]|Aggregations:0|SELECT Id, Benefits_Status__c FROM Opportunity WHERE id = :tmpVar1
08:22:41.0 (10065288)|SOQL_EXECUTE_END|[5]|Rows:1
08:22:41.0 (10096638)|HEAP_ALLOCATE|[5]|Bytes:8
08:22:41.0 (10118042)|HEAP_ALLOCATE|[5]|Bytes:69
08:22:41.0 (10276187)|HEAP_ALLOCATE|[5]|Bytes:8
08:22:41.0 (10295850)|HEAP_ALLOCATE|[5]|Bytes:37
08:22:41.0 (10346765)|HEAP_ALLOCATE|[5]|Bytes:12
08:22:41.0 (10357721)|VARIABLE_SCOPE_BEGIN|[5]|OpportunityBS|Opportunity|true|false
08:22:41.0 (10391931)|VARIABLE_ASSIGNMENT|[5]|OpportunityBS|{"Id":"00629000003FJ4bAAG","Benefits_Status__c":"Benefits Submitted"}|0xeccc4cf
08:22:41.0 (10401775)|STATEMENT_EXECUTE|[7]
08:22:41.0 (10437602)|HEAP_ALLOCATE|[8]|Bytes:12
08:22:41.0 (10471151)|STATEMENT_EXECUTE|[10]
08:22:41.0 (10473052)|STATEMENT_EXECUTE|[11]
08:22:41.0 (10476076)|HEAP_ALLOCATE|[11]|Bytes:16
08:22:41.10 (10508038)|CUMULATIVE_LIMIT_USAGE
08:22:41.10 (10508038)|LIMIT_USAGE_FOR_NS|(default)|
  Number of SOQL queries: 1 out of 100
  Number of query rows: 1 out of 50000
  Number of SOSL queries: 0 out of 20
  Number of DML statements: 0 out of 150
  Number of DML rows: 0 out of 10000
  Maximum CPU time: 0 out of 10000
  Maximum heap size: 0 out of 6000000
  Number of callouts: 0 out of 100
  Number of Email Invocations: 0 out of 10
  Number of future calls: 0 out of 50
  Number of queueable jobs added to the queue: 0 out of 50
  Number of Mobile Apex push calls: 0 out of 10

08:22:41.10 (10508038)|CUMULATIVE_LIMIT_USAGE_END

08:22:41.0 (10550968)|CODE_UNIT_FINISHED|BenefitsVOBStatus.VOBStatusCheck
08:22:41.0 (11375620)|EXECUTION_FINISHED
