42.0 APEX_CODE,FINEST;APEX_PROFILING,INFO;CALLOUT,INFO;DB,INFO;SYSTEM,DEBUG;VALIDATION,INFO;VISUALFORCE,INFO;WAVE,INFO;WORKFLOW,FINER
05:45:45.1 (1746758)|USER_INFO|[EXTERNAL]|00529000000zYiy|bhakti.gujrathi@eternussolutions.com.frnstgng|Central Standard Time|GMT-06:00
05:45:45.1 (1778376)|EXECUTION_STARTED
05:45:45.1 (1781818)|CODE_UNIT_STARTED|[EXTERNAL]|VisualForce View State
05:45:45.1 (7429231)|HEAP_ALLOCATE|[72]|Bytes:3
05:45:45.1 (7480347)|HEAP_ALLOCATE|[77]|Bytes:152
05:45:45.1 (7502430)|HEAP_ALLOCATE|[342]|Bytes:408
05:45:45.1 (7527566)|HEAP_ALLOCATE|[355]|Bytes:408
05:45:45.1 (7551159)|HEAP_ALLOCATE|[467]|Bytes:48
05:45:45.1 (7587043)|HEAP_ALLOCATE|[139]|Bytes:6
05:45:45.1 (11596492)|CODE_UNIT_FINISHED|VisualForce View State
05:45:45.1 (12451801)|EXECUTION_FINISHED
05:45:46.69 (1069841391)|USER_INFO|[EXTERNAL]|00529000000zYiy|bhakti.gujrathi@eternussolutions.com.frnstgng|Central Standard Time|GMT-06:00
05:45:46.69 (1070559242)|SYSTEM_MODE_ENTER|true
05:45:46.69 (1070598383)|HEAP_ALLOCATE|[EXTERNAL]|Bytes:120
05:45:46.69 (1070613501)|HEAP_ALLOCATE|[EXTERNAL]|Bytes:10
05:45:46.69 (1070627701)|SYSTEM_METHOD_ENTRY|[1]|pagemessagecomponentcontroller.pagemessagecomponentcontroller()
05:45:46.69 (1070633977)|STATEMENT_EXECUTE|[1]
05:45:46.151 (1151065903)|CUMULATIVE_LIMIT_USAGE
05:45:46.151 (1151065903)|LIMIT_USAGE_FOR_NS|(default)|
  Number of SOQL queries: 0 out of 100
  Number of query rows: 0 out of 50000
  Number of SOSL queries: 0 out of 20
  Number of DML statements: 0 out of 150
  Number of DML rows: 0 out of 10000
  Maximum CPU time: 0 out of 10000
  Maximum heap size: 0 out of 6000000
  Number of callouts: 0 out of 100
  Number of Email Invocations: 0 out of 10
  Number of future calls: 0 out of 50
  Number of queueable jobs added to the queue: 0 out of 50
  Number of Mobile Apex push calls: 0 out of 10

05:45:46.151 (1151065903)|CUMULATIVE_LIMIT_USAGE_END

