37.0 APEX_CODE,FINEST;APEX_PROFILING,INFO;CALLOUT,INFO;DB,INFO;SYSTEM,DEBUG;VALIDATION,INFO;VISUALFORCE,INFO;WAVE,INFO;WORKFLOW,FINER
08:29:07.0 (273796)|USER_INFO|[EXTERNAL]|00529000000zYiy|bhakti.gujrathi@eternussolutions.com.frnstgng|Central Standard Time|GMT-06:00
08:29:07.0 (311939)|EXECUTION_STARTED
08:29:07.0 (315942)|CODE_UNIT_STARTED|[EXTERNAL]|0660a0000009uTC|VF: /apex/PAW_New_Edit
08:29:07.0 (823927)|VF_DESERIALIZE_VIEWSTATE_BEGIN|0660a0000009uTC
08:29:07.0 (5316017)|HEAP_ALLOCATE|[72]|Bytes:3
08:29:07.0 (5349758)|HEAP_ALLOCATE|[77]|Bytes:152
08:29:07.0 (5365820)|HEAP_ALLOCATE|[342]|Bytes:408
08:29:07.0 (5379263)|HEAP_ALLOCATE|[355]|Bytes:408
08:29:07.0 (5390166)|HEAP_ALLOCATE|[467]|Bytes:48
08:29:07.0 (5415581)|HEAP_ALLOCATE|[139]|Bytes:6
08:29:07.0 (5436564)|HEAP_ALLOCATE|[50]|Bytes:5
08:29:07.0 (5452676)|HEAP_ALLOCATE|[56]|Bytes:5
08:29:07.0 (5460171)|HEAP_ALLOCATE|[64]|Bytes:7
08:29:07.0 (8089332)|VARIABLE_SCOPE_BEGIN|[35]|PAW_New_EditCntrllr.globalSchemaMap|Map<String,Schema.SObjectType>|true|true
08:29:07.0 (8103228)|VARIABLE_SCOPE_BEGIN|[3]|PAW_New_EditCntrllr.yearEndMode|Boolean|false|true
08:29:07.0 (13199688)|VF_DESERIALIZE_VIEWSTATE_END
08:29:07.14 (14961729)|SYSTEM_MODE_ENTER|true
08:29:07.14 (15025414)|HEAP_ALLOCATE|[EXTERNAL]|Bytes:38
08:29:07.14 (15034505)|HEAP_ALLOCATE|[EXTERNAL]|Bytes:7
08:29:07.14 (15044377)|SYSTEM_METHOD_ENTRY|[1]|PageMessagesComponentController.PageMessagesComponentController()
08:29:07.14 (15049946)|STATEMENT_EXECUTE|[1]
08:29:07.15 (15836732)|SYSTEM_MODE_ENTER|true
08:29:07.15 (15885692)|HEAP_ALLOCATE|[EXTERNAL]|Bytes:8
08:29:07.15 (15894147)|VARIABLE_SCOPE_BEGIN|[88]|this|ApexPage.PageMessagesComponentController|true|false
08:29:07.15 (15933628)|VARIABLE_ASSIGNMENT|[88]|this|{}|0x1688a65e
08:29:07.15 (15939973)|VARIABLE_SCOPE_BEGIN|[88]|escape|Boolean|false|false
08:29:07.15 (15948165)|VARIABLE_ASSIGNMENT|[88]|escape|null
08:29:07.0 (16147663)|SYSTEM_MODE_ENTER|true
08:29:07.0 (16170439)|HEAP_ALLOCATE|[EXTERNAL]|Bytes:11
08:29:07.0 (16182699)|HEAP_ALLOCATE|[EXTERNAL]|Bytes:304
08:29:07.0 (16187992)|HEAP_ALLOCATE|[EXTERNAL]|Bytes:98
08:29:07.0 (16191719)|HEAP_ALLOCATE|[EXTERNAL]|Bytes:14
08:29:07.0 (16204311)|METHOD_ENTRY|[1]|01p0a000004sKzV|PAW_New_EditCntrllr.PAW_New_EditCntrllr()
08:29:07.0 (16209449)|STATEMENT_EXECUTE|[1]
08:29:07.0 (16212538)|STATEMENT_EXECUTE|[1]
08:29:07.0 (16213755)|STATEMENT_EXECUTE|[3]
08:29:07.0 (16693342)|VARIABLE_SCOPE_BEGIN|[3]|PAW_YearEnd_Config.setting|Year_End_PAW_Settings__c|true|true
08:29:07.0 (16711157)|HEAP_ALLOCATE|[3]|Bytes:1
08:29:07.0 (16717308)|HEAP_ALLOCATE|[3]|Bytes:1
08:29:07.0 (16759873)|METHOD_ENTRY|[1]|01p29000000Aswf|PAW_YearEnd_Config.PAW_YearEnd_Config()
08:29:07.0 (16767635)|STATEMENT_EXECUTE|[1]
08:29:07.0 (16770560)|STATEMENT_EXECUTE|[1]
08:29:07.0 (16786397)|SYSTEM_MODE_ENTER|false
08:29:07.0 (16793566)|HEAP_ALLOCATE|[3]|Bytes:5
08:29:07.0 (16800143)|SYSTEM_MODE_EXIT|false
08:29:07.0 (16807051)|METHOD_EXIT|[1]|PAW_YearEnd_Config
08:29:07.0 (16818414)|METHOD_ENTRY|[3]|01p29000000Aswf|PAW_YearEnd_Config.fetch()
08:29:07.0 (16846378)|SYSTEM_MODE_ENTER|false
08:29:07.0 (16851985)|HEAP_ALLOCATE|[6]|Bytes:5
08:29:07.0 (16855951)|STATEMENT_EXECUTE|[5]
08:29:07.0 (16858894)|STATEMENT_EXECUTE|[7]
08:29:07.0 (17992725)|HEAP_ALLOCATE|[7]|Bytes:20
08:29:07.0 (18039495)|VARIABLE_ASSIGNMENT|[7]|PAW_YearEnd_Config.setting|{"IsDeleted":false,"Name":"Year End PAW Setting (11 more) ...","SetupOwnerId":"00529000000zYiyAAE","Year_End_Mode_Enable (4 more) ...":false}|0x352bdf54
08:29:07.0 (18048064)|STATEMENT_EXECUTE|[9]
08:29:07.0 (18051727)|HEAP_ALLOCATE|[9]|Bytes:14
08:29:07.0 (18184104)|HEAP_ALLOCATE|[9]|Bytes:145
08:29:07.0 (18210546)|HEAP_ALLOCATE|[9]|Bytes:159
08:29:07.0 (18236547)|USER_DEBUG|[9]|DEBUG|>>> setting : Year_End_PAW_Settings__c:{IsDeleted=false, Name=Year End PAW Settings (Profile), SetupOwnerId=00529000000zYiyAAE, Year_End_Mode_Enabled__c=false}
08:29:07.0 (18250834)|STATEMENT_EXECUTE|[10]
08:29:07.0 (18257314)|SYSTEM_MODE_EXIT|false
08:29:07.0 (18265541)|METHOD_EXIT|[3]|01p29000000Aswf|PAW_YearEnd_Config.fetch()
08:29:07.0 (18310439)|VARIABLE_ASSIGNMENT|[3]|PAW_New_EditCntrllr.yearEndMode|false
08:29:07.0 (18318619)|STATEMENT_EXECUTE|[523]
08:29:07.0 (18326358)|METHOD_EXIT|[1]|PAW_New_EditCntrllr
08:29:07.0 (19722083)|SYSTEM_MODE_ENTER|true
08:29:07.0 (21411501)|SYSTEM_MODE_ENTER|true
08:29:07.0 (21463413)|HEAP_ALLOCATE|[EXTERNAL]|Bytes:476
08:29:07.0 (21476185)|HEAP_ALLOCATE|[EXTERNAL]|Bytes:71
08:29:07.0 (25477298)|SYSTEM_MODE_ENTER|true
08:29:07.0 (25544999)|SYSTEM_MODE_ENTER|true
08:29:07.0 (29803073)|SYSTEM_MODE_ENTER|true
08:29:07.0 (30054118)|HEAP_ALLOCATE|[EXTERNAL]|Bytes:112
08:29:07.0 (30070812)|VARIABLE_SCOPE_BEGIN|[186]|this|PAW_New_EditCntrllr|true|false
08:29:07.0 (30182259)|VARIABLE_ASSIGNMENT|[186]|this|{"estmtCvrgeDaysObj":"0x5d925afe","faciltyOptions":"0x72947219","fcltyPrgrmOptions":"0x685a668f","idToOwnershipFacilit (4 more) ...":"0x7f7a3d6c","idToTypeFacilityMap":"0x30f0cdd7","insrncBnftMap":"0x6125756a","insrncBnftOptions":"0x5af019df","isIop":false,"isTalbott":false,"meta":"0x744fdeb0","oppId":"00629000004NTeZ","pawObj":"0x42673b9b","ptntInsrnceOptions":"0x8238898","ptntInsrncMap":"0x52c756a2","ptntInsrncObj":"0x5877a814","quoteObj":"0x2337eb62","recordId":"00629000004NTeZ","rtAdjstmntOptions":"0x3744c0d4","showPILookup":false,"sObjectQueryStr":"","wrprObj":"0x11c752"}|0x2dcec1a4
08:29:07.0 (30206690)|STATEMENT_EXECUTE|[186]
08:29:07.0 (30208600)|STATEMENT_EXECUTE|[190]
08:29:07.0 (30231488)|HEAP_ALLOCATE|[190]|Bytes:4
08:29:07.0 (30314395)|HEAP_ALLOCATE|[EXTERNAL]|Bytes:4
08:29:07.0 (30327900)|VARIABLE_ASSIGNMENT|[190]|this.ptntInsrnceOptions|[]|0x2dcec1a4
08:29:07.0 (30332787)|STATEMENT_EXECUTE|[191]
08:29:07.0 (30342308)|HEAP_ALLOCATE|[191]|Bytes:12
08:29:07.0 (30421891)|HEAP_ALLOCATE|[EXTERNAL]|Bytes:4
08:29:07.0 (30432303)|STATEMENT_EXECUTE|[192]
08:29:07.0 (30469690)|HEAP_ALLOCATE|[192]|Bytes:4
08:29:07.0 (30475812)|HEAP_ALLOCATE|[192]|Bytes:95
08:29:07.0 (30488471)|HEAP_ALLOCATE|[192]|Bytes:4
08:29:07.0 (30499432)|HEAP_ALLOCATE|[192]|Bytes:7
08:29:07.0 (30819213)|SOQL_EXECUTE_BEGIN|[192]|Aggregations:0|SELECT Id, Name, Insurance_Company__c FROM Patient_Insurance__c WHERE Opportunity__c = :tmpVar1
08:29:07.0 (36049617)|SOQL_EXECUTE_END|[192]|Rows:4
08:29:07.0 (36078183)|HEAP_ALLOCATE|[192]|Bytes:20
08:29:07.0 (36102690)|HEAP_ALLOCATE|[192]|Bytes:449
08:29:07.0 (36167739)|HEAP_ALLOCATE|[192]|Bytes:20
08:29:07.0 (36216471)|HEAP_ALLOCATE|[192]|Bytes:16
08:29:07.0 (36227393)|HEAP_ALLOCATE|[192]|Bytes:4
08:29:07.0 (36233362)|HEAP_ALLOCATE|[192]|Bytes:16
08:29:07.0 (36237488)|HEAP_ALLOCATE|[192]|Bytes:4
08:29:07.0 (36240564)|HEAP_ALLOCATE|[192]|Bytes:16
08:29:07.0 (36244642)|HEAP_ALLOCATE|[192]|Bytes:4
08:29:07.0 (36247949)|HEAP_ALLOCATE|[192]|Bytes:16
08:29:07.0 (36251720)|HEAP_ALLOCATE|[192]|Bytes:4
08:29:07.0 (36297510)|VARIABLE_ASSIGNMENT|[192]|this.ptntInsrncMap|{"a1b29000000l40nAAA":{"Id":"a1b29000000l40nAAA","Name":"Maria Johnson - BCBS (17 more) ...","Insurance_Company__c":"0012900000AXSPBAA5"},"a1b29000000lvHQAAY":{"Id":"a1b29000000lvHQAAY","Name":"Maria Johnson - Valu (23 more) ...","Insurance_Company__c":"0012900000AXSP3AAP"},"a1b29000000lvHVAAY":{"Id":"a1b29000000lvHVAAY","Name":"Maria Johnson - Priv (7 more) ...","Insurance_Company__c":"0012900000AXSDqAAP"},"a1b29000000ly7uAAA":{"Id":"a1b29000000ly7uAAA","Name":"Maria Johnson - Alle (6 more) ...","Insurance_Company__c":"0012900000AXSlPAAX"}}|0x2dcec1a4
08:29:07.0 (36355356)|HEAP_ALLOCATE|[EXTERNAL]|Bytes:20
08:29:07.0 (36368414)|HEAP_ALLOCATE|[197]|Bytes:465
08:29:07.0 (36519883)|HEAP_ALLOCATE|[197]|Bytes:5
08:29:07.0 (36534784)|HEAP_ALLOCATE|[197]|Bytes:16
08:29:07.0 (36544567)|VARIABLE_SCOPE_BEGIN|[197]|ptntInsrnceInstance|Patient_Insurance__c|true|false
08:29:07.0 (36567465)|VARIABLE_ASSIGNMENT|[197]|ptntInsrnceInstance|{"Id":"a1b29000000l40nAAA","Name":"Maria Johnson - BCBS (17 more) ...","Insurance_Company__c":"0012900000AXSPBAA5"}|0x1f412170
08:29:07.0 (36574107)|STATEMENT_EXECUTE|[197]
08:29:07.0 (36575650)|STATEMENT_EXECUTE|[198]
08:29:07.0 (36619663)|HEAP_ALLOCATE|[198]|Bytes:18
08:29:07.0 (36685802)|HEAP_ALLOCATE|[EXTERNAL]|Bytes:4
08:29:07.0 (36701940)|HEAP_ALLOCATE|[197]|Bytes:5
08:29:07.0 (36712174)|HEAP_ALLOCATE|[197]|Bytes:16
08:29:07.0 (36718847)|VARIABLE_SCOPE_BEGIN|[197]|ptntInsrnceInstance|Patient_Insurance__c|true|false
08:29:07.0 (36737190)|VARIABLE_ASSIGNMENT|[197]|ptntInsrnceInstance|{"Id":"a1b29000000lvHQAAY","Name":"Maria Johnson - Valu (23 more) ...","Insurance_Company__c":"0012900000AXSP3AAP"}|0x582b0da7
08:29:07.0 (36743332)|STATEMENT_EXECUTE|[197]
08:29:07.0 (36744588)|STATEMENT_EXECUTE|[198]
08:29:07.0 (36754820)|HEAP_ALLOCATE|[198]|Bytes:18
08:29:07.0 (36767459)|HEAP_ALLOCATE|[EXTERNAL]|Bytes:4
08:29:07.0 (36777075)|HEAP_ALLOCATE|[197]|Bytes:5
08:29:07.0 (36785302)|HEAP_ALLOCATE|[197]|Bytes:16
08:29:07.0 (36790373)|VARIABLE_SCOPE_BEGIN|[197]|ptntInsrnceInstance|Patient_Insurance__c|true|false
08:29:07.0 (36802917)|VARIABLE_ASSIGNMENT|[197]|ptntInsrnceInstance|{"Id":"a1b29000000lvHVAAY","Name":"Maria Johnson - Priv (7 more) ...","Insurance_Company__c":"0012900000AXSDqAAP"}|0x55854b7d
08:29:07.0 (36808306)|STATEMENT_EXECUTE|[197]
08:29:07.0 (36809370)|STATEMENT_EXECUTE|[198]
08:29:07.0 (36816209)|HEAP_ALLOCATE|[198]|Bytes:18
08:29:07.0 (36828907)|HEAP_ALLOCATE|[EXTERNAL]|Bytes:4
08:29:07.0 (36838207)|HEAP_ALLOCATE|[197]|Bytes:5
08:29:07.0 (36846029)|HEAP_ALLOCATE|[197]|Bytes:16
08:29:07.0 (36850973)|VARIABLE_SCOPE_BEGIN|[197]|ptntInsrnceInstance|Patient_Insurance__c|true|false
08:29:07.0 (36862787)|VARIABLE_ASSIGNMENT|[197]|ptntInsrnceInstance|{"Id":"a1b29000000ly7uAAA","Name":"Maria Johnson - Alle (6 more) ...","Insurance_Company__c":"0012900000AXSlPAAX"}|0x78796510
08:29:07.0 (36868289)|STATEMENT_EXECUTE|[197]
08:29:07.0 (36869377)|STATEMENT_EXECUTE|[198]
08:29:07.0 (36877675)|HEAP_ALLOCATE|[198]|Bytes:18
08:29:07.0 (36886999)|HEAP_ALLOCATE|[EXTERNAL]|Bytes:4
08:29:07.0 (36895770)|HEAP_ALLOCATE|[197]|Bytes:5
08:29:07.0 (36904801)|VARIABLE_ASSIGNMENT|[197]|ptntInsrnceInstance|null|
08:29:07.0 (36909051)|STATEMENT_EXECUTE|[201]
08:29:07.43 (43305982)|SYSTEM_MODE_ENTER|true
08:29:07.43 (43385242)|HEAP_ALLOCATE|[EXTERNAL]|Bytes:8
08:29:07.43 (43396186)|VARIABLE_SCOPE_BEGIN|[88]|this|ApexPage.PageMessagesComponentController|true|false
08:29:07.43 (43429192)|VARIABLE_ASSIGNMENT|[88]|this|{}|0x1688a65e
08:29:07.43 (43435349)|VARIABLE_SCOPE_BEGIN|[88]|escape|Boolean|false|false
08:29:07.43 (43442339)|VARIABLE_ASSIGNMENT|[88]|escape|null
08:29:07.0 (43988919)|HEAP_ALLOCATE|[EXTERNAL]|Bytes:84
08:29:07.0 (44003569)|VARIABLE_ASSIGNMENT|[EXTERNAL]|this.insrncBnftSelected|null|0x11c752
08:29:07.0 (44055997)|HEAP_ALLOCATE|[EXTERNAL]|Bytes:84
08:29:07.0 (44064308)|VARIABLE_ASSIGNMENT|[EXTERNAL]|this.facilitySelected|null|0x11c752
08:29:07.0 (44108311)|HEAP_ALLOCATE|[EXTERNAL]|Bytes:84
08:29:07.0 (44116386)|VARIABLE_ASSIGNMENT|[EXTERNAL]|this.rateAdjstmntSelected|null|0x11c752
08:29:07.0 (44159520)|HEAP_ALLOCATE|[EXTERNAL]|Bytes:84
08:29:07.0 (44166343)|VARIABLE_ASSIGNMENT|[EXTERNAL]|this.fcltyPrgrmSelected|null|0x11c752
08:29:07.0 (48305620)|HEAP_ALLOCATE|[EXTERNAL]|Bytes:112
08:29:07.0 (48320733)|VARIABLE_SCOPE_BEGIN|[205]|this|PAW_New_EditCntrllr|true|false
08:29:07.0 (48403916)|VARIABLE_ASSIGNMENT|[205]|this|{"estmtCvrgeDaysObj":"0x5d925afe","faciltyOptions":"0x72947219","fcltyPrgrmOptions":"0x685a668f","idToOwnershipFacilit (4 more) ...":"0x7f7a3d6c","idToTypeFacilityMap":"0x30f0cdd7","insrncBnftMap":"0x6125756a","insrncBnftOptions":"0x5af019df","isIop":false,"isTalbott":false,"meta":"0x744fdeb0","oppId":"00629000004NTeZ","pawObj":"0x42673b9b","ptntInsrnceOptions":"0x263311c6","ptntInsrncMap":"0x6e04fd4e","ptntInsrncObj":"0x5877a814","quoteObj":"0x2337eb62","recordId":"00629000004NTeZ","rtAdjstmntOptions":"0x3744c0d4","showPILookup":false,"sObjectQueryStr":"","wrprObj":"0x11c752"}|0x2dcec1a4
08:29:07.0 (48420779)|STATEMENT_EXECUTE|[205]
08:29:07.0 (48495907)|VARIABLE_ASSIGNMENT|[EXTERNAL]|this|{"estmtCvrgeDaysObj":"0x5d925afe","faciltyOptions":"0x72947219","fcltyPrgrmOptions":"0x685a668f","idToOwnershipFacilit (4 more) ...":"0x7f7a3d6c","idToTypeFacilityMap":"0x30f0cdd7","insrncBnftMap":"0x6125756a","insrncBnftOptions":"0x5af019df","isIop":false,"isTalbott":false,"meta":"0x744fdeb0","oppId":"00629000004NTeZ","pawObj":"0x42673b9b","ptntInsrnceOptions":"0x263311c6","ptntInsrncMap":"0x6e04fd4e","ptntInsrncObj":"0x5877a814","quoteObj":"0x2337eb62","recordId":"00629000004NTeZ","rtAdjstmntOptions":"0x3744c0d4","showPILookup":false,"sObjectQueryStr":"","wrprObj":"0x11c752"}|0x2dcec1a4
08:29:07.0 (48566320)|VARIABLE_ASSIGNMENT|[EXTERNAL]|this|{"pawDetailListDisplay (4 more) ...":false,"pyAgrmntWrksht":"0x5f4f0f4e","relatedPAWDetailsLis (1 more) ...":"0x61cc8840","targetEDR":0.00,"totalAppliedDeductib (2 more) ...":0.00,"totalCoInsurance":0.00,"totalCoPayAmt":0.00,"totalInsCoResp":0.00,"totalInsEIVAmt":0.00,"totalRowCount":0,"totalTalbottDay":0.00}|0x11c752
08:29:07.0 (48612571)|STATEMENT_EXECUTE|[206]
08:29:07.0 (48614346)|STATEMENT_EXECUTE|[207]
08:29:07.0 (48679562)|VARIABLE_ASSIGNMENT|[EXTERNAL]|this|{"estmtCvrgeDaysObj":"0x5d925afe","faciltyOptions":"0x72947219","fcltyPrgrmOptions":"0x685a668f","idToOwnershipFacilit (4 more) ...":"0x7f7a3d6c","idToTypeFacilityMap":"0x30f0cdd7","insrncBnftMap":"0x6125756a","insrncBnftOptions":"0x5af019df","isIop":false,"isTalbott":false,"meta":"0x744fdeb0","oppId":"00629000004NTeZ","pawObj":"0x42673b9b","ptntInsrnceOptions":"0x263311c6","ptntInsrncMap":"0x6e04fd4e","ptntInsrncObj":"0x5877a814","quoteObj":"0x2337eb62","recordId":"00629000004NTeZ","rtAdjstmntOptions":"0x3744c0d4","showPILookup":false,"sObjectQueryStr":"","wrprObj":"0x11c752"}|0x2dcec1a4
08:29:07.0 (48733102)|VARIABLE_ASSIGNMENT|[EXTERNAL]|this|{"pawDetailListDisplay (4 more) ...":false,"pyAgrmntWrksht":"0x5f4f0f4e","relatedPAWDetailsLis (1 more) ...":"0x61cc8840","targetEDR":0.00,"totalAppliedDeductib (2 more) ...":0.00,"totalCoInsurance":0.00,"totalCoPayAmt":0.00,"totalInsCoResp":0.00,"totalInsEIVAmt":0.00,"totalRowCount":0,"totalTalbottDay":0.00}|0x11c752
08:29:07.0 (48816094)|VARIABLE_ASSIGNMENT|[EXTERNAL]|this|{"estmtCvrgeDaysObj":"0x5d925afe","faciltyOptions":"0x72947219","fcltyPrgrmOptions":"0x685a668f","idToOwnershipFacilit (4 more) ...":"0x7f7a3d6c","idToTypeFacilityMap":"0x30f0cdd7","insrncBnftMap":"0x6125756a","insrncBnftOptions":"0x5af019df","isIop":false,"isTalbott":false,"meta":"0x744fdeb0","oppId":"00629000004NTeZ","pawObj":"0x42673b9b","ptntInsrnceOptions":"0x263311c6","ptntInsrncMap":"0x6e04fd4e","ptntInsrncObj":"0x5877a814","quoteObj":"0x2337eb62","recordId":"00629000004NTeZ","rtAdjstmntOptions":"0x3744c0d4","showPILookup":false,"sObjectQueryStr":"","wrprObj":"0x11c752"}|0x2dcec1a4
08:29:07.0 (48834705)|VARIABLE_ASSIGNMENT|[EXTERNAL]|value|{"Id":"a1b29000000lvHQAAY","Name":"Maria Johnson - Valu (23 more) ...","Insurance_Company__c":"0012900000AXSP3AAP"}|0x582b0da7
08:29:07.0 (48849538)|VARIABLE_ASSIGNMENT|[18]|this.ptntInsrncObj|{"Id":"a1b29000000lvHQAAY","Name":"Maria Johnson - Valu (23 more) ...","Insurance_Company__c":"0012900000AXSP3AAP"}|0x2dcec1a4
08:29:07.0 (48857964)|STATEMENT_EXECUTE|[211]
08:29:07.0 (48915394)|VARIABLE_ASSIGNMENT|[EXTERNAL]|this|{"estmtCvrgeDaysObj":"0x5d925afe","faciltyOptions":"0x72947219","fcltyPrgrmOptions":"0x685a668f","idToOwnershipFacilit (4 more) ...":"0x7f7a3d6c","idToTypeFacilityMap":"0x30f0cdd7","insrncBnftMap":"0x6125756a","insrncBnftOptions":"0x5af019df","isIop":false,"isTalbott":false,"meta":"0x744fdeb0","oppId":"00629000004NTeZ","pawObj":"0x42673b9b","ptntInsrnceOptions":"0x263311c6","ptntInsrncMap":"0x6e04fd4e","ptntInsrncObj":"0x582b0da7","quoteObj":"0x2337eb62","recordId":"00629000004NTeZ","rtAdjstmntOptions":"0x3744c0d4","showPILookup":false,"sObjectQueryStr":"","wrprObj":"0x11c752"}|0x2dcec1a4
08:29:07.0 (48970458)|VARIABLE_ASSIGNMENT|[EXTERNAL]|this|{"pawDetailListDisplay (4 more) ...":false,"pyAgrmntWrksht":"0x5f4f0f4e","relatedPAWDetailsLis (1 more) ...":"0x61cc8840","targetEDR":0.00,"totalAppliedDeductib (2 more) ...":0.00,"totalCoInsurance":0.00,"totalCoPayAmt":0.00,"totalInsCoResp":0.00,"totalInsEIVAmt":0.00,"totalRowCount":0,"totalTalbottDay":0.00}|0x11c752
08:29:07.0 (48980709)|VARIABLE_ASSIGNMENT|[EXTERNAL]|value|""
08:29:07.0 (48989059)|VARIABLE_ASSIGNMENT|[526]|this.insrncBnftSelected|""|0x11c752
08:29:07.0 (48996202)|STATEMENT_EXECUTE|[212]
08:29:07.0 (49011107)|METHOD_ENTRY|[212]|01p0a000004sKzV|PAW_New_EditCntrllr.updateWraperValues()
08:29:07.0 (49041619)|VARIABLE_SCOPE_BEGIN|[404]|this|PAW_New_EditCntrllr|true|false
08:29:07.0 (49130586)|VARIABLE_ASSIGNMENT|[404]|this|{"estmtCvrgeDaysObj":"0x5d925afe","faciltyOptions":"0x72947219","fcltyPrgrmOptions":"0x685a668f","idToOwnershipFacilit (4 more) ...":"0x7f7a3d6c","idToTypeFacilityMap":"0x30f0cdd7","insrncBnftMap":"0x6125756a","insrncBnftOptions":"0x5af019df","isIop":false,"isTalbott":false,"meta":"0x744fdeb0","oppId":"00629000004NTeZ","pawObj":"0x42673b9b","ptntInsrnceOptions":"0x263311c6","ptntInsrncMap":"0x6e04fd4e","ptntInsrncObj":"0x582b0da7","quoteObj":"0x2337eb62","recordId":"00629000004NTeZ","rtAdjstmntOptions":"0x3744c0d4","showPILookup":false,"sObjectQueryStr":"","wrprObj":"0x11c752"}|0x2dcec1a4
08:29:07.0 (49154377)|STATEMENT_EXECUTE|[404]
08:29:07.0 (49231839)|VARIABLE_ASSIGNMENT|[EXTERNAL]|this|{"estmtCvrgeDaysObj":"0x5d925afe","faciltyOptions":"0x72947219","fcltyPrgrmOptions":"0x685a668f","idToOwnershipFacilit (4 more) ...":"0x7f7a3d6c","idToTypeFacilityMap":"0x30f0cdd7","insrncBnftMap":"0x6125756a","insrncBnftOptions":"0x5af019df","isIop":false,"isTalbott":false,"meta":"0x744fdeb0","oppId":"00629000004NTeZ","pawObj":"0x42673b9b","ptntInsrnceOptions":"0x263311c6","ptntInsrncMap":"0x6e04fd4e","ptntInsrncObj":"0x582b0da7","quoteObj":"0x2337eb62","recordId":"00629000004NTeZ","rtAdjstmntOptions":"0x3744c0d4","showPILookup":false,"sObjectQueryStr":"","wrprObj":"0x11c752"}|0x2dcec1a4
08:29:07.0 (49305805)|VARIABLE_ASSIGNMENT|[EXTERNAL]|this|{"estmtCvrgeDaysObj":"0x5d925afe","faciltyOptions":"0x72947219","fcltyPrgrmOptions":"0x685a668f","idToOwnershipFacilit (4 more) ...":"0x7f7a3d6c","idToTypeFacilityMap":"0x30f0cdd7","insrncBnftMap":"0x6125756a","insrncBnftOptions":"0x5af019df","isIop":false,"isTalbott":false,"meta":"0x744fdeb0","oppId":"00629000004NTeZ","pawObj":"0x42673b9b","ptntInsrnceOptions":"0x263311c6","ptntInsrncMap":"0x6e04fd4e","ptntInsrncObj":"0x582b0da7","quoteObj":"0x2337eb62","recordId":"00629000004NTeZ","rtAdjstmntOptions":"0x3744c0d4","showPILookup":false,"sObjectQueryStr":"","wrprObj":"0x11c752"}|0x2dcec1a4
08:29:07.0 (49327282)|STATEMENT_EXECUTE|[420]
08:29:07.0 (49328696)|STATEMENT_EXECUTE|[421]
08:29:07.0 (50769985)|VARIABLE_SCOPE_BEGIN|[3]|PAWValueCalculationService.pawObj|Pay_Agreement_Worksheet__c|true|true
08:29:07.0 (50781600)|VARIABLE_SCOPE_BEGIN|[2]|PAWValueCalculationService.skipDML|Boolean|false|true
08:29:07.0 (50794500)|HEAP_ALLOCATE|[421]|Bytes:6
08:29:07.0 (50808495)|METHOD_ENTRY|[1]|01p0a000004sKzO|PAWFrnFacilityService.PAWFrnFacilityService()
08:29:07.0 (50813223)|STATEMENT_EXECUTE|[1]
08:29:07.0 (50816444)|STATEMENT_EXECUTE|[1]
08:29:07.0 (50831825)|SYSTEM_MODE_ENTER|false
08:29:07.0 (50839402)|HEAP_ALLOCATE|[421]|Bytes:5
08:29:07.0 (50845652)|SYSTEM_MODE_EXIT|false
08:29:07.0 (50855065)|METHOD_EXIT|[1]|PAWFrnFacilityService
08:29:07.0 (50861761)|HEAP_ALLOCATE|[421]|Bytes:4
08:29:07.0 (50872748)|CONSTRUCTOR_ENTRY|[421]|01p0a000004sKzO|<init>()
08:29:07.0 (50889433)|VARIABLE_SCOPE_BEGIN|[2]|this|PAWFrnFacilityService|true|false
08:29:07.0 (50908423)|VARIABLE_ASSIGNMENT|[2]|this|{}|0x39544076
08:29:07.0 (50925052)|SYSTEM_MODE_ENTER|false
08:29:07.0 (50930572)|HEAP_ALLOCATE|[2]|Bytes:5
08:29:07.0 (50951346)|STATEMENT_EXECUTE|[1]
08:29:07.0 (50966536)|HEAP_ALLOCATE|[2]|Bytes:5
08:29:07.0 (50981970)|HEAP_ALLOCATE|[2]|Bytes:39
08:29:07.0 (50990381)|HEAP_ALLOCATE|[2]|Bytes:35
08:29:07.0 (51035504)|METHOD_ENTRY|[1]|01p0a000004sKzT|PAWValueCalculationService.PAWValueCalculationService()
08:29:07.0 (51042218)|STATEMENT_EXECUTE|[1]
08:29:07.0 (51044894)|STATEMENT_EXECUTE|[1]
08:29:07.0 (51049212)|METHOD_EXIT|[1]|PAWValueCalculationService
08:29:07.0 (51055573)|CONSTRUCTOR_ENTRY|[2]|01p0a000004sKzT|<init>()
08:29:07.0 (51069922)|VARIABLE_SCOPE_BEGIN|[5]|this|PAWValueCalculationService|true|false
08:29:07.0 (51086441)|VARIABLE_ASSIGNMENT|[5]|this|{}|0x39544076
08:29:07.0 (51092218)|STATEMENT_EXECUTE|[1]
08:29:07.0 (51100293)|HEAP_ALLOCATE|[6]|Bytes:6
08:29:07.0 (51120435)|STATEMENT_EXECUTE|[5]
08:29:07.0 (51121824)|STATEMENT_EXECUTE|[6]
08:29:07.0 (51128080)|HEAP_ALLOCATE|[6]|Bytes:5
08:29:07.0 (51136962)|VARIABLE_ASSIGNMENT|[6]|PAWValueCalculationService.skipDML|false
08:29:07.0 (51143338)|CONSTRUCTOR_EXIT|[2]|01p0a000004sKzT|<init>()
08:29:07.0 (51147991)|STATEMENT_EXECUTE|[2]
08:29:07.0 (51151714)|SYSTEM_MODE_EXIT|false
08:29:07.0 (51171896)|CONSTRUCTOR_EXIT|[421]|01p0a000004sKzO|<init>()
08:29:07.0 (51272571)|VARIABLE_ASSIGNMENT|[EXTERNAL]|this|{"estmtCvrgeDaysObj":"0x5d925afe","faciltyOptions":"0x72947219","fcltyPrgrmOptions":"0x685a668f","idToOwnershipFacilit (4 more) ...":"0x7f7a3d6c","idToTypeFacilityMap":"0x30f0cdd7","insrncBnftMap":"0x6125756a","insrncBnftOptions":"0x5af019df","isIop":false,"isTalbott":false,"meta":"0x744fdeb0","oppId":"00629000004NTeZ","pawObj":"0x42673b9b","ptntInsrnceOptions":"0x263311c6","ptntInsrncMap":"0x6e04fd4e","ptntInsrncObj":"0x582b0da7","quoteObj":"0x2337eb62","recordId":"00629000004NTeZ","rtAdjstmntOptions":"0x3744c0d4","showPILookup":false,"sObjectQueryStr":"","wrprObj":"0x11c752"}|0x2dcec1a4
08:29:07.0 (51333982)|METHOD_ENTRY|[421]|01p0a000004sKzO|PAWFrnFacilityService.calculateWraperValuesFRN(PAW_New_EditCntrllr.WraperClass, Map<Id,Facility_Program__c>, Map<Id,Insurance_Company_Rate_Adjustment__c>, Map<Id,Insurance_Benefit__c>, Estimated_Coverage_Days__c)
08:29:07.0 (51350797)|VARIABLE_SCOPE_BEGIN|[7]|this|PAWFrnFacilityService|true|false
08:29:07.0 (51375052)|VARIABLE_ASSIGNMENT|[7]|this|{}|0x39544076
08:29:07.0 (51383334)|VARIABLE_SCOPE_BEGIN|[7]|pWrprObj|PAW_New_EditCntrllr.WraperClass|true|false
08:29:07.0 (51448304)|VARIABLE_ASSIGNMENT|[7]|pWrprObj|{"insrncBnftSelected":"","pawDetailListDisplay (4 more) ...":false,"pyAgrmntWrksht":"0x5f4f0f4e","relatedPAWDetailsLis (1 more) ...":"0x61cc8840","targetEDR":0.00,"totalAppliedDeductib (2 more) ...":0.00,"totalCoInsurance":0.00,"totalCoPayAmt":0.00,"totalInsCoResp":0.00,"totalInsEIVAmt":0.00,"totalRowCount":0,"totalTalbottDay":0.00}|0x11c752
08:29:07.0 (51465059)|VARIABLE_SCOPE_BEGIN|[7]|pFcltyPrgmMap|Map<Id,Facility_Program__c>|true|false
08:29:07.0 (51475170)|VARIABLE_ASSIGNMENT|[7]|pFcltyPrgmMap|null|
08:29:07.0 (51478674)|VARIABLE_SCOPE_BEGIN|[7]|pCmpnyRateAdjstmntMap|Map<Id,Insurance_Company_Rate_Adjustment__c>|true|false
08:29:07.0 (51484676)|VARIABLE_ASSIGNMENT|[7]|pCmpnyRateAdjstmntMap|null|
08:29:07.0 (51487837)|VARIABLE_SCOPE_BEGIN|[7]|pInsrncBnftMap|Map<Id,Insurance_Benefit__c>|true|false
08:29:07.0 (51498896)|VARIABLE_ASSIGNMENT|[7]|pInsrncBnftMap|{}|0x6125756a
08:29:07.0 (51503448)|VARIABLE_SCOPE_BEGIN|[7]|pEstmtCvrgeDaysObj|Estimated_Coverage_Days__c|true|false
08:29:07.0 (51512708)|VARIABLE_ASSIGNMENT|[7]|pEstmtCvrgeDaysObj|{}|0x5d925afe
08:29:07.0 (51533992)|SYSTEM_MODE_ENTER|false
08:29:07.0 (51541564)|HEAP_ALLOCATE|[13]|Bytes:5
08:29:07.0 (51546457)|STATEMENT_EXECUTE|[12]
08:29:07.0 (51547894)|STATEMENT_EXECUTE|[13]
08:29:07.0 (51561626)|METHOD_ENTRY|[13]|01p0a000004sKzT|PAWValueCalculationService.calculateWraperValues(PAW_New_EditCntrllr.WraperClass, Map<Id,Facility_Program__c>, Map<Id,Insurance_Company_Rate_Adjustment__c>, Map<Id,Insurance_Benefit__c>, Estimated_Coverage_Days__c)
08:29:07.0 (51579878)|VARIABLE_SCOPE_BEGIN|[10]|this|PAWValueCalculationService|true|false
08:29:07.0 (51594965)|VARIABLE_ASSIGNMENT|[10]|this|{}|0x39544076
08:29:07.0 (51600118)|VARIABLE_SCOPE_BEGIN|[10]|pWrprObj|PAW_New_EditCntrllr.WraperClass|true|false
08:29:07.0 (51641606)|VARIABLE_ASSIGNMENT|[10]|pWrprObj|{"insrncBnftSelected":"","pawDetailListDisplay (4 more) ...":false,"pyAgrmntWrksht":"0x5f4f0f4e","relatedPAWDetailsLis (1 more) ...":"0x61cc8840","targetEDR":0.00,"totalAppliedDeductib (2 more) ...":0.00,"totalCoInsurance":0.00,"totalCoPayAmt":0.00,"totalInsCoResp":0.00,"totalInsEIVAmt":0.00,"totalRowCount":0,"totalTalbottDay":0.00}|0x11c752
08:29:07.0 (51650255)|VARIABLE_SCOPE_BEGIN|[10]|pFcltyPrgmMap|Map<Id,Facility_Program__c>|true|false
08:29:07.0 (51672037)|VARIABLE_ASSIGNMENT|[10]|pFcltyPrgmMap|null|
08:29:07.0 (51678504)|VARIABLE_SCOPE_BEGIN|[10]|pCmpnyRateAdjstmntMap|Map<Id,Insurance_Company_Rate_Adjustment__c>|true|false
08:29:07.0 (51688174)|VARIABLE_ASSIGNMENT|[10]|pCmpnyRateAdjstmntMap|null|
08:29:07.0 (51694237)|VARIABLE_SCOPE_BEGIN|[10]|pInsrncBnftMap|Map<Id,Insurance_Benefit__c>|true|false
08:29:07.0 (51707747)|VARIABLE_ASSIGNMENT|[10]|pInsrncBnftMap|{}|0x6125756a
08:29:07.0 (51715861)|VARIABLE_SCOPE_BEGIN|[10]|pEstmtCvrgeDaysObj|Estimated_Coverage_Days__c|true|false
08:29:07.0 (51727625)|VARIABLE_ASSIGNMENT|[10]|pEstmtCvrgeDaysObj|{}|0x5d925afe
08:29:07.0 (51736508)|STATEMENT_EXECUTE|[14]
08:29:07.0 (51737786)|STATEMENT_EXECUTE|[16]
08:29:07.0 (51794763)|VARIABLE_ASSIGNMENT|[EXTERNAL]|this|{"insrncBnftSelected":"","pawDetailListDisplay (4 more) ...":false,"pyAgrmntWrksht":"0x5f4f0f4e","relatedPAWDetailsLis (1 more) ...":"0x61cc8840","targetEDR":0.00,"totalAppliedDeductib (2 more) ...":0.00,"totalCoInsurance":0.00,"totalCoPayAmt":0.00,"totalInsCoResp":0.00,"totalInsEIVAmt":0.00,"totalRowCount":0,"totalTalbottDay":0.00}|0x11c752
08:29:07.0 (51866217)|VARIABLE_ASSIGNMENT|[16]|this.Rate_Adjustment_Type__c|null|0x5f4f0f4e
08:29:07.0 (51925758)|VARIABLE_ASSIGNMENT|[EXTERNAL]|this|{"insrncBnftSelected":"","pawDetailListDisplay (4 more) ...":false,"pyAgrmntWrksht":"0x5f4f0f4e","relatedPAWDetailsLis (1 more) ...":"0x61cc8840","targetEDR":0.00,"totalAppliedDeductib (2 more) ...":0.00,"totalCoInsurance":0.00,"totalCoPayAmt":0.00,"totalInsCoResp":0.00,"totalInsEIVAmt":0.00,"totalRowCount":0,"totalTalbottDay":0.00}|0x11c752
08:29:07.0 (51943275)|STATEMENT_EXECUTE|[17]
08:29:07.0 (51944776)|STATEMENT_EXECUTE|[24]
08:29:07.0 (51987061)|VARIABLE_ASSIGNMENT|[EXTERNAL]|this|{"insrncBnftSelected":"","pawDetailListDisplay (4 more) ...":false,"pyAgrmntWrksht":"0x5f4f0f4e","relatedPAWDetailsLis (1 more) ...":"0x61cc8840","targetEDR":0.00,"totalAppliedDeductib (2 more) ...":0.00,"totalCoInsurance":0.00,"totalCoPayAmt":0.00,"totalInsCoResp":0.00,"totalInsEIVAmt":0.00,"totalRowCount":0,"totalTalbottDay":0.00}|0x11c752
08:29:07.0 (52030455)|VARIABLE_ASSIGNMENT|[EXTERNAL]|this|{"insrncBnftSelected":"","pawDetailListDisplay (4 more) ...":false,"pyAgrmntWrksht":"0x5f4f0f4e","relatedPAWDetailsLis (1 more) ...":"0x61cc8840","targetEDR":0.00,"totalAppliedDeductib (2 more) ...":0.00,"totalCoInsurance":0.00,"totalCoPayAmt":0.00,"totalInsCoResp":0.00,"totalInsEIVAmt":0.00,"totalRowCount":0,"totalTalbottDay":0.00}|0x11c752
08:29:07.0 (52088982)|HEAP_ALLOCATE|[25]|Bytes:4
08:29:07.0 (52233904)|VARIABLE_ASSIGNMENT|[EXTERNAL]|this|{"insrncBnftSelected":"","pawDetailListDisplay (4 more) ...":false,"pyAgrmntWrksht":"0x5f4f0f4e","relatedPAWDetailsLis (1 more) ...":"0x61cc8840","targetEDR":0.00,"totalAppliedDeductib (2 more) ...":0.00,"totalCoInsurance":0.00,"totalCoPayAmt":0.00,"totalInsCoResp":0.00,"totalInsEIVAmt":0.00,"totalRowCount":0,"totalTalbottDay":0.00}|0x11c752
08:29:07.0 (52248067)|VARIABLE_ASSIGNMENT|[EXTERNAL]|value|{}|0x7073249f
08:29:07.0 (52258578)|VARIABLE_ASSIGNMENT|[525]|this.insrncBnft|{}|0x11c752
08:29:07.0 (52266390)|STATEMENT_EXECUTE|[26]
08:29:07.0 (52319816)|VARIABLE_ASSIGNMENT|[EXTERNAL]|this|{"insrncBnft":"0x7073249f","insrncBnftSelected":"","pawDetailListDisplay (4 more) ...":false,"pyAgrmntWrksht":"0x5f4f0f4e","relatedPAWDetailsLis (1 more) ...":"0x61cc8840","targetEDR":0.00,"totalAppliedDeductib (2 more) ...":0.00,"totalCoInsurance":0.00,"totalCoPayAmt":0.00,"totalInsCoResp":0.00,"totalInsEIVAmt":0.00,"totalRowCount":0,"totalTalbottDay":0.00}|0x11c752
08:29:07.0 (52332162)|VARIABLE_ASSIGNMENT|[EXTERNAL]|value|0
08:29:07.0 (52337776)|HEAP_ALLOCATE|[530]|Bytes:4
08:29:07.0 (52344959)|VARIABLE_ASSIGNMENT|[530]|this.totalRowCount|0|0x11c752
08:29:07.0 (52352166)|STATEMENT_EXECUTE|[27]
08:29:07.0 (52387069)|HEAP_ALLOCATE|[27]|Bytes:28
08:29:07.0 (52391202)|HEAP_ALLOCATE|[27]|Bytes:28
08:29:07.0 (52440218)|VARIABLE_ASSIGNMENT|[EXTERNAL]|this|{"insrncBnft":"0x7073249f","insrncBnftSelected":"","pawDetailListDisplay (4 more) ...":false,"pyAgrmntWrksht":"0x5f4f0f4e","relatedPAWDetailsLis (1 more) ...":"0x61cc8840","targetEDR":0.00,"totalAppliedDeductib (2 more) ...":0.00,"totalCoInsurance":0.00,"totalCoPayAmt":0.00,"totalInsCoResp":0.00,"totalInsEIVAmt":0.00,"totalRowCount":0,"totalTalbottDay":0.00}|0x11c752
08:29:07.0 (52452040)|VARIABLE_ASSIGNMENT|[EXTERNAL]|value|0
08:29:07.0 (52459496)|VARIABLE_ASSIGNMENT|[531]|this.totalTalbottDay|0|0x11c752
08:29:07.0 (52467717)|STATEMENT_EXECUTE|[28]
08:29:07.0 (52468806)|STATEMENT_EXECUTE|[29]
08:29:07.0 (52512490)|VARIABLE_ASSIGNMENT|[EXTERNAL]|this|{"insrncBnft":"0x7073249f","insrncBnftSelected":"","pawDetailListDisplay (4 more) ...":false,"pyAgrmntWrksht":"0x5f4f0f4e","relatedPAWDetailsLis (1 more) ...":"0x61cc8840","targetEDR":0.00,"totalAppliedDeductib (2 more) ...":0.00,"totalCoInsurance":0.00,"totalCoPayAmt":0.00,"totalInsCoResp":0.00,"totalInsEIVAmt":0.00,"totalRowCount":0,"totalTalbottDay":0}|0x11c752
08:29:07.0 (52531501)|HEAP_ALLOCATE|[29]|Bytes:28
08:29:07.0 (52534908)|HEAP_ALLOCATE|[29]|Bytes:28
08:29:07.0 (52632181)|VARIABLE_ASSIGNMENT|[EXTERNAL]|this|{"insrncBnft":"0x7073249f","insrncBnftSelected":"","pawDetailListDisplay (4 more) ...":false,"pyAgrmntWrksht":"0x5f4f0f4e","relatedPAWDetailsLis (1 more) ...":"0x61cc8840","targetEDR":0.00,"totalAppliedDeductib (2 more) ...":0.00,"totalCoInsurance":0.00,"totalCoPayAmt":0.00,"totalInsCoResp":0.00,"totalInsEIVAmt":0.00,"totalRowCount":0,"totalTalbottDay":0}|0x11c752
08:29:07.0 (52643621)|VARIABLE_ASSIGNMENT|[EXTERNAL]|value|0
08:29:07.0 (52648065)|HEAP_ALLOCATE|[530]|Bytes:4
08:29:07.0 (52654622)|VARIABLE_ASSIGNMENT|[530]|this.totalRowCount|0|0x11c752
08:29:07.0 (52662061)|STATEMENT_EXECUTE|[31]
08:29:07.0 (52704133)|VARIABLE_ASSIGNMENT|[EXTERNAL]|this|{"insrncBnft":"0x7073249f","insrncBnftSelected":"","pawDetailListDisplay (4 more) ...":false,"pyAgrmntWrksht":"0x5f4f0f4e","relatedPAWDetailsLis (1 more) ...":"0x61cc8840","targetEDR":0.00,"totalAppliedDeductib (2 more) ...":0.00,"totalCoInsurance":0.00,"totalCoPayAmt":0.00,"totalInsCoResp":0.00,"totalInsEIVAmt":0.00,"totalRowCount":0,"totalTalbottDay":0}|0x11c752
08:29:07.0 (52722673)|HEAP_ALLOCATE|[31]|Bytes:28
08:29:07.0 (52726261)|HEAP_ALLOCATE|[31]|Bytes:28
08:29:07.0 (52788842)|VARIABLE_ASSIGNMENT|[EXTERNAL]|this|{"insrncBnft":"0x7073249f","insrncBnftSelected":"","pawDetailListDisplay (4 more) ...":false,"pyAgrmntWrksht":"0x5f4f0f4e","relatedPAWDetailsLis (1 more) ...":"0x61cc8840","targetEDR":0.00,"totalAppliedDeductib (2 more) ...":0.00,"totalCoInsurance":0.00,"totalCoPayAmt":0.00,"totalInsCoResp":0.00,"totalInsEIVAmt":0.00,"totalRowCount":0,"totalTalbottDay":0}|0x11c752
08:29:07.0 (52799692)|VARIABLE_ASSIGNMENT|[EXTERNAL]|value|0
08:29:07.0 (52803466)|HEAP_ALLOCATE|[530]|Bytes:4
08:29:07.0 (52809342)|VARIABLE_ASSIGNMENT|[530]|this.totalRowCount|0|0x11c752
08:29:07.0 (52816763)|STATEMENT_EXECUTE|[33]
08:29:07.0 (52856553)|VARIABLE_ASSIGNMENT|[EXTERNAL]|this|{"insrncBnft":"0x7073249f","insrncBnftSelected":"","pawDetailListDisplay (4 more) ...":false,"pyAgrmntWrksht":"0x5f4f0f4e","relatedPAWDetailsLis (1 more) ...":"0x61cc8840","targetEDR":0.00,"totalAppliedDeductib (2 more) ...":0.00,"totalCoInsurance":0.00,"totalCoPayAmt":0.00,"totalInsCoResp":0.00,"totalInsEIVAmt":0.00,"totalRowCount":0,"totalTalbottDay":0}|0x11c752
08:29:07.0 (52873243)|HEAP_ALLOCATE|[33]|Bytes:28
08:29:07.0 (52876524)|HEAP_ALLOCATE|[33]|Bytes:28
08:29:07.0 (52942851)|VARIABLE_ASSIGNMENT|[EXTERNAL]|this|{"insrncBnft":"0x7073249f","insrncBnftSelected":"","pawDetailListDisplay (4 more) ...":false,"pyAgrmntWrksht":"0x5f4f0f4e","relatedPAWDetailsLis (1 more) ...":"0x61cc8840","targetEDR":0.00,"totalAppliedDeductib (2 more) ...":0.00,"totalCoInsurance":0.00,"totalCoPayAmt":0.00,"totalInsCoResp":0.00,"totalInsEIVAmt":0.00,"totalRowCount":0,"totalTalbottDay":0}|0x11c752
08:29:07.0 (52954753)|VARIABLE_ASSIGNMENT|[EXTERNAL]|value|0
08:29:07.0 (52958921)|HEAP_ALLOCATE|[530]|Bytes:4
08:29:07.0 (52964635)|VARIABLE_ASSIGNMENT|[530]|this.totalRowCount|0|0x11c752
08:29:07.0 (52971855)|STATEMENT_EXECUTE|[35]
08:29:07.0 (53013790)|VARIABLE_ASSIGNMENT|[EXTERNAL]|this|{"insrncBnft":"0x7073249f","insrncBnftSelected":"","pawDetailListDisplay (4 more) ...":false,"pyAgrmntWrksht":"0x5f4f0f4e","relatedPAWDetailsLis (1 more) ...":"0x61cc8840","targetEDR":0.00,"totalAppliedDeductib (2 more) ...":0.00,"totalCoInsurance":0.00,"totalCoPayAmt":0.00,"totalInsCoResp":0.00,"totalInsEIVAmt":0.00,"totalRowCount":0,"totalTalbottDay":0}|0x11c752
08:29:07.0 (53031180)|HEAP_ALLOCATE|[35]|Bytes:28
08:29:07.0 (53034749)|HEAP_ALLOCATE|[35]|Bytes:28
08:29:07.0 (53096142)|VARIABLE_ASSIGNMENT|[EXTERNAL]|this|{"insrncBnft":"0x7073249f","insrncBnftSelected":"","pawDetailListDisplay (4 more) ...":false,"pyAgrmntWrksht":"0x5f4f0f4e","relatedPAWDetailsLis (1 more) ...":"0x61cc8840","targetEDR":0.00,"totalAppliedDeductib (2 more) ...":0.00,"totalCoInsurance":0.00,"totalCoPayAmt":0.00,"totalInsCoResp":0.00,"totalInsEIVAmt":0.00,"totalRowCount":0,"totalTalbottDay":0}|0x11c752
08:29:07.0 (53106604)|VARIABLE_ASSIGNMENT|[EXTERNAL]|value|0
08:29:07.0 (53110527)|HEAP_ALLOCATE|[530]|Bytes:4
08:29:07.0 (53116051)|VARIABLE_ASSIGNMENT|[530]|this.totalRowCount|0|0x11c752
08:29:07.0 (53123559)|STATEMENT_EXECUTE|[40]
08:29:07.0 (53166073)|VARIABLE_ASSIGNMENT|[EXTERNAL]|this|{"insrncBnft":"0x7073249f","insrncBnftSelected":"","pawDetailListDisplay (4 more) ...":false,"pyAgrmntWrksht":"0x5f4f0f4e","relatedPAWDetailsLis (1 more) ...":"0x61cc8840","targetEDR":0.00,"totalAppliedDeductib (2 more) ...":0.00,"totalCoInsurance":0.00,"totalCoPayAmt":0.00,"totalInsCoResp":0.00,"totalInsEIVAmt":0.00,"totalRowCount":0,"totalTalbottDay":0}|0x11c752
08:29:07.0 (53218795)|VARIABLE_ASSIGNMENT|[EXTERNAL]|this|{"insrncBnft":"0x7073249f","insrncBnftSelected":"","pawDetailListDisplay (4 more) ...":false,"pyAgrmntWrksht":"0x5f4f0f4e","relatedPAWDetailsLis (1 more) ...":"0x61cc8840","targetEDR":0.00,"totalAppliedDeductib (2 more) ...":0.00,"totalCoInsurance":0.00,"totalCoPayAmt":0.00,"totalInsCoResp":0.00,"totalInsEIVAmt":0.00,"totalRowCount":0,"totalTalbottDay":0}|0x11c752
08:29:07.0 (53248012)|HEAP_ALLOCATE|[40]|Bytes:28
08:29:07.0 (53251820)|HEAP_ALLOCATE|[40]|Bytes:28
08:29:07.0 (53288663)|VARIABLE_ASSIGNMENT|[EXTERNAL]|this|{"insrncBnft":"0x7073249f","insrncBnftSelected":"","pawDetailListDisplay (4 more) ...":false,"pyAgrmntWrksht":"0x5f4f0f4e","relatedPAWDetailsLis (1 more) ...":"0x61cc8840","targetEDR":0.00,"totalAppliedDeductib (2 more) ...":0.00,"totalCoInsurance":0.00,"totalCoPayAmt":0.00,"totalInsCoResp":0.00,"totalInsEIVAmt":0.00,"totalRowCount":0,"totalTalbottDay":0}|0x11c752
08:29:07.0 (53299627)|VARIABLE_ASSIGNMENT|[EXTERNAL]|value|0
08:29:07.0 (53307226)|VARIABLE_ASSIGNMENT|[531]|this.totalTalbottDay|0|0x11c752
08:29:07.0 (53318831)|STATEMENT_EXECUTE|[43]
08:29:07.0 (53358432)|VARIABLE_ASSIGNMENT|[EXTERNAL]|this|{"insrncBnft":"0x7073249f","insrncBnftSelected":"","pawDetailListDisplay (4 more) ...":false,"pyAgrmntWrksht":"0x5f4f0f4e","relatedPAWDetailsLis (1 more) ...":"0x61cc8840","targetEDR":0.00,"totalAppliedDeductib (2 more) ...":0.00,"totalCoInsurance":0.00,"totalCoPayAmt":0.00,"totalInsCoResp":0.00,"totalInsEIVAmt":0.00,"totalRowCount":0,"totalTalbottDay":0}|0x11c752
08:29:07.0 (53406571)|VARIABLE_ASSIGNMENT|[EXTERNAL]|this|{"insrncBnft":"0x7073249f","insrncBnftSelected":"","pawDetailListDisplay (4 more) ...":false,"pyAgrmntWrksht":"0x5f4f0f4e","relatedPAWDetailsLis (1 more) ...":"0x61cc8840","targetEDR":0.00,"totalAppliedDeductib (2 more) ...":0.00,"totalCoInsurance":0.00,"totalCoPayAmt":0.00,"totalInsCoResp":0.00,"totalInsEIVAmt":0.00,"totalRowCount":0,"totalTalbottDay":0}|0x11c752
08:29:07.0 (53468789)|HEAP_ALLOCATE|[43]|Bytes:28
08:29:07.0 (53477099)|HEAP_ALLOCATE|[43]|Bytes:28
08:29:07.0 (53545671)|VARIABLE_ASSIGNMENT|[EXTERNAL]|this|{"insrncBnft":"0x7073249f","insrncBnftSelected":"","pawDetailListDisplay (4 more) ...":false,"pyAgrmntWrksht":"0x5f4f0f4e","relatedPAWDetailsLis (1 more) ...":"0x61cc8840","targetEDR":0.00,"totalAppliedDeductib (2 more) ...":0.00,"totalCoInsurance":0.00,"totalCoPayAmt":0.00,"totalInsCoResp":0.00,"totalInsEIVAmt":0.00,"totalRowCount":0,"totalTalbottDay":0}|0x11c752
08:29:07.0 (53565168)|VARIABLE_ASSIGNMENT|[EXTERNAL]|value|0
08:29:07.0 (53580258)|VARIABLE_ASSIGNMENT|[531]|this.totalTalbottDay|0|0x11c752
08:29:07.0 (53593428)|STATEMENT_EXECUTE|[47]
08:29:07.0 (53605986)|HEAP_ALLOCATE|[47]|Bytes:28
08:29:07.0 (53609314)|HEAP_ALLOCATE|[47]|Bytes:28
08:29:07.0 (53658505)|VARIABLE_ASSIGNMENT|[EXTERNAL]|this|{"insrncBnft":"0x7073249f","insrncBnftSelected":"","pawDetailListDisplay (4 more) ...":false,"pyAgrmntWrksht":"0x5f4f0f4e","relatedPAWDetailsLis (1 more) ...":"0x61cc8840","targetEDR":0.00,"totalAppliedDeductib (2 more) ...":0.00,"totalCoInsurance":0.00,"totalCoPayAmt":0.00,"totalInsCoResp":0.00,"totalInsEIVAmt":0.00,"totalRowCount":0,"totalTalbottDay":0}|0x11c752
08:29:07.0 (53718313)|VARIABLE_ASSIGNMENT|[47]|this.Num_Days_Detox_DTX__c|0|0x5f4f0f4e
08:29:07.0 (53725468)|STATEMENT_EXECUTE|[48]
08:29:07.0 (53794028)|VARIABLE_ASSIGNMENT|[EXTERNAL]|this|{"insrncBnft":"0x7073249f","insrncBnftSelected":"","pawDetailListDisplay (4 more) ...":false,"pyAgrmntWrksht":"0x5f4f0f4e","relatedPAWDetailsLis (1 more) ...":"0x61cc8840","targetEDR":0.00,"totalAppliedDeductib (2 more) ...":0.00,"totalCoInsurance":0.00,"totalCoPayAmt":0.00,"totalInsCoResp":0.00,"totalInsEIVAmt":0.00,"totalRowCount":0,"totalTalbottDay":0}|0x11c752
08:29:07.0 (53823326)|HEAP_ALLOCATE|[48]|Bytes:4
08:29:07.0 (53843162)|HEAP_ALLOCATE|[48]|Bytes:28
08:29:07.0 (53909637)|VARIABLE_ASSIGNMENT|[EXTERNAL]|this|{"insrncBnft":"0x7073249f","insrncBnftSelected":"","pawDetailListDisplay (4 more) ...":false,"pyAgrmntWrksht":"0x5f4f0f4e","relatedPAWDetailsLis (1 more) ...":"0x61cc8840","targetEDR":0.00,"totalAppliedDeductib (2 more) ...":0.00,"totalCoInsurance":0.00,"totalCoPayAmt":0.00,"totalInsCoResp":0.00,"totalInsEIVAmt":0.00,"totalRowCount":0,"totalTalbottDay":0}|0x11c752
08:29:07.0 (53972988)|VARIABLE_ASSIGNMENT|[48]|this.Detox_Over__c|0.00|0x5f4f0f4e
08:29:07.0 (53979841)|STATEMENT_EXECUTE|[49]
08:29:07.0 (54035272)|VARIABLE_ASSIGNMENT|[EXTERNAL]|this|{"insrncBnft":"0x7073249f","insrncBnftSelected":"","pawDetailListDisplay (4 more) ...":false,"pyAgrmntWrksht":"0x5f4f0f4e","relatedPAWDetailsLis (1 more) ...":"0x61cc8840","targetEDR":0.00,"totalAppliedDeductib (2 more) ...":0.00,"totalCoInsurance":0.00,"totalCoPayAmt":0.00,"totalInsCoResp":0.00,"totalInsEIVAmt":0.00,"totalRowCount":0,"totalTalbottDay":0}|0x11c752
08:29:07.0 (54069447)|HEAP_ALLOCATE|[49]|Bytes:28
08:29:07.0 (54128683)|VARIABLE_ASSIGNMENT|[EXTERNAL]|this|{"insrncBnft":"0x7073249f","insrncBnftSelected":"","pawDetailListDisplay (4 more) ...":false,"pyAgrmntWrksht":"0x5f4f0f4e","relatedPAWDetailsLis (1 more) ...":"0x61cc8840","targetEDR":0.00,"totalAppliedDeductib (2 more) ...":0.00,"totalCoInsurance":0.00,"totalCoPayAmt":0.00,"totalInsCoResp":0.00,"totalInsEIVAmt":0.00,"totalRowCount":0,"totalTalbottDay":0}|0x11c752
08:29:07.0 (54197442)|VARIABLE_ASSIGNMENT|[49]|this.Detox_Pays_at__c|0.00|0x5f4f0f4e
08:29:07.0 (54208571)|STATEMENT_EXECUTE|[51]
08:29:07.0 (54226648)|HEAP_ALLOCATE|[51]|Bytes:28
08:29:07.0 (54233009)|HEAP_ALLOCATE|[51]|Bytes:28
08:29:07.0 (54317372)|VARIABLE_ASSIGNMENT|[EXTERNAL]|this|{"insrncBnft":"0x7073249f","insrncBnftSelected":"","pawDetailListDisplay (4 more) ...":false,"pyAgrmntWrksht":"0x5f4f0f4e","relatedPAWDetailsLis (1 more) ...":"0x61cc8840","targetEDR":0.00,"totalAppliedDeductib (2 more) ...":0.00,"totalCoInsurance":0.00,"totalCoPayAmt":0.00,"totalInsCoResp":0.00,"totalInsEIVAmt":0.00,"totalRowCount":0,"totalTalbottDay":0}|0x11c752
08:29:07.0 (54389586)|VARIABLE_ASSIGNMENT|[51]|this.Num_Days_Residential_Treatment_RTC__c|0|0x5f4f0f4e
08:29:07.0 (54400780)|STATEMENT_EXECUTE|[52]
08:29:07.0 (54483395)|VARIABLE_ASSIGNMENT|[EXTERNAL]|this|{"insrncBnft":"0x7073249f","insrncBnftSelected":"","pawDetailListDisplay (4 more) ...":false,"pyAgrmntWrksht":"0x5f4f0f4e","relatedPAWDetailsLis (1 more) ...":"0x61cc8840","targetEDR":0.00,"totalAppliedDeductib (2 more) ...":0.00,"totalCoInsurance":0.00,"totalCoPayAmt":0.00,"totalInsCoResp":0.00,"totalInsEIVAmt":0.00,"totalRowCount":0,"totalTalbottDay":0}|0x11c752
08:29:07.0 (54521294)|HEAP_ALLOCATE|[52]|Bytes:28
08:29:07.0 (54590134)|VARIABLE_ASSIGNMENT|[EXTERNAL]|this|{"insrncBnft":"0x7073249f","insrncBnftSelected":"","pawDetailListDisplay (4 more) ...":false,"pyAgrmntWrksht":"0x5f4f0f4e","relatedPAWDetailsLis (1 more) ...":"0x61cc8840","targetEDR":0.00,"totalAppliedDeductib (2 more) ...":0.00,"totalCoInsurance":0.00,"totalCoPayAmt":0.00,"totalInsCoResp":0.00,"totalInsEIVAmt":0.00,"totalRowCount":0,"totalTalbottDay":0}|0x11c752
08:29:07.0 (54667280)|VARIABLE_ASSIGNMENT|[52]|this.Residential_Treatment_Override__c|0.00|0x5f4f0f4e
08:29:07.0 (54679083)|STATEMENT_EXECUTE|[53]
08:29:07.0 (54758705)|VARIABLE_ASSIGNMENT|[EXTERNAL]|this|{"insrncBnft":"0x7073249f","insrncBnftSelected":"","pawDetailListDisplay (4 more) ...":false,"pyAgrmntWrksht":"0x5f4f0f4e","relatedPAWDetailsLis (1 more) ...":"0x61cc8840","targetEDR":0.00,"totalAppliedDeductib (2 more) ...":0.00,"totalCoInsurance":0.00,"totalCoPayAmt":0.00,"totalInsCoResp":0.00,"totalInsEIVAmt":0.00,"totalRowCount":0,"totalTalbottDay":0}|0x11c752
08:29:07.0 (54795191)|HEAP_ALLOCATE|[53]|Bytes:28
08:29:07.0 (54842787)|VARIABLE_ASSIGNMENT|[EXTERNAL]|this|{"insrncBnft":"0x7073249f","insrncBnftSelected":"","pawDetailListDisplay (4 more) ...":false,"pyAgrmntWrksht":"0x5f4f0f4e","relatedPAWDetailsLis (1 more) ...":"0x61cc8840","targetEDR":0.00,"totalAppliedDeductib (2 more) ...":0.00,"totalCoInsurance":0.00,"totalCoPayAmt":0.00,"totalInsCoResp":0.00,"totalInsEIVAmt":0.00,"totalRowCount":0,"totalTalbottDay":0}|0x11c752
08:29:07.0 (54893878)|VARIABLE_ASSIGNMENT|[53]|this.RTC_Pays_at__c|0.00|0x5f4f0f4e
08:29:07.0 (54900249)|STATEMENT_EXECUTE|[55]
08:29:07.0 (54913554)|HEAP_ALLOCATE|[55]|Bytes:28
08:29:07.0 (54917229)|HEAP_ALLOCATE|[55]|Bytes:28
08:29:07.0 (54992162)|VARIABLE_ASSIGNMENT|[EXTERNAL]|this|{"insrncBnft":"0x7073249f","insrncBnftSelected":"","pawDetailListDisplay (4 more) ...":false,"pyAgrmntWrksht":"0x5f4f0f4e","relatedPAWDetailsLis (1 more) ...":"0x61cc8840","targetEDR":0.00,"totalAppliedDeductib (2 more) ...":0.00,"totalCoInsurance":0.00,"totalCoPayAmt":0.00,"totalInsCoResp":0.00,"totalInsEIVAmt":0.00,"totalRowCount":0,"totalTalbottDay":0}|0x11c752
08:29:07.0 (55060728)|VARIABLE_ASSIGNMENT|[55]|this.Num_Days_Partial_Hospitalization_PHP__c|0|0x5f4f0f4e
08:29:07.0 (55068402)|STATEMENT_EXECUTE|[56]
08:29:07.0 (55122707)|VARIABLE_ASSIGNMENT|[EXTERNAL]|this|{"insrncBnft":"0x7073249f","insrncBnftSelected":"","pawDetailListDisplay (4 more) ...":false,"pyAgrmntWrksht":"0x5f4f0f4e","relatedPAWDetailsLis (1 more) ...":"0x61cc8840","targetEDR":0.00,"totalAppliedDeductib (2 more) ...":0.00,"totalCoInsurance":0.00,"totalCoPayAmt":0.00,"totalInsCoResp":0.00,"totalInsEIVAmt":0.00,"totalRowCount":0,"totalTalbottDay":0}|0x11c752
08:29:07.0 (55144959)|HEAP_ALLOCATE|[56]|Bytes:28
08:29:07.0 (55182185)|VARIABLE_ASSIGNMENT|[EXTERNAL]|this|{"insrncBnft":"0x7073249f","insrncBnftSelected":"","pawDetailListDisplay (4 more) ...":false,"pyAgrmntWrksht":"0x5f4f0f4e","relatedPAWDetailsLis (1 more) ...":"0x61cc8840","targetEDR":0.00,"totalAppliedDeductib (2 more) ...":0.00,"totalCoInsurance":0.00,"totalCoPayAmt":0.00,"totalInsCoResp":0.00,"totalInsEIVAmt":0.00,"totalRowCount":0,"totalTalbottDay":0}|0x11c752
08:29:07.0 (55224910)|VARIABLE_ASSIGNMENT|[56]|this.Partial_Hospitalization_Override__c|0.00|0x5f4f0f4e
08:29:07.0 (55231034)|STATEMENT_EXECUTE|[57]
08:29:07.0 (55277452)|VARIABLE_ASSIGNMENT|[EXTERNAL]|this|{"insrncBnft":"0x7073249f","insrncBnftSelected":"","pawDetailListDisplay (4 more) ...":false,"pyAgrmntWrksht":"0x5f4f0f4e","relatedPAWDetailsLis (1 more) ...":"0x61cc8840","targetEDR":0.00,"totalAppliedDeductib (2 more) ...":0.00,"totalCoInsurance":0.00,"totalCoPayAmt":0.00,"totalInsCoResp":0.00,"totalInsEIVAmt":0.00,"totalRowCount":0,"totalTalbottDay":0}|0x11c752
08:29:07.0 (55297156)|HEAP_ALLOCATE|[57]|Bytes:28
08:29:07.0 (55337485)|VARIABLE_ASSIGNMENT|[EXTERNAL]|this|{"insrncBnft":"0x7073249f","insrncBnftSelected":"","pawDetailListDisplay (4 more) ...":false,"pyAgrmntWrksht":"0x5f4f0f4e","relatedPAWDetailsLis (1 more) ...":"0x61cc8840","targetEDR":0.00,"totalAppliedDeductib (2 more) ...":0.00,"totalCoInsurance":0.00,"totalCoPayAmt":0.00,"totalInsCoResp":0.00,"totalInsEIVAmt":0.00,"totalRowCount":0,"totalTalbottDay":0}|0x11c752
08:29:07.0 (55378389)|VARIABLE_ASSIGNMENT|[57]|this.PHP_Pays_at__c|0.00|0x5f4f0f4e
08:29:07.0 (55384860)|STATEMENT_EXECUTE|[59]
08:29:07.0 (55396691)|HEAP_ALLOCATE|[59]|Bytes:28
08:29:07.0 (55400280)|HEAP_ALLOCATE|[59]|Bytes:28
08:29:07.0 (55449207)|VARIABLE_ASSIGNMENT|[EXTERNAL]|this|{"insrncBnft":"0x7073249f","insrncBnftSelected":"","pawDetailListDisplay (4 more) ...":false,"pyAgrmntWrksht":"0x5f4f0f4e","relatedPAWDetailsLis (1 more) ...":"0x61cc8840","targetEDR":0.00,"totalAppliedDeductib (2 more) ...":0.00,"totalCoInsurance":0.00,"totalCoPayAmt":0.00,"totalInsCoResp":0.00,"totalInsEIVAmt":0.00,"totalRowCount":0,"totalTalbottDay":0}|0x11c752
08:29:07.0 (55491424)|VARIABLE_ASSIGNMENT|[59]|this.Num_Days_Intensive_Outpatient_IOP__c|0|0x5f4f0f4e
08:29:07.0 (55497173)|STATEMENT_EXECUTE|[60]
08:29:07.0 (55543148)|VARIABLE_ASSIGNMENT|[EXTERNAL]|this|{"insrncBnft":"0x7073249f","insrncBnftSelected":"","pawDetailListDisplay (4 more) ...":false,"pyAgrmntWrksht":"0x5f4f0f4e","relatedPAWDetailsLis (1 more) ...":"0x61cc8840","targetEDR":0.00,"totalAppliedDeductib (2 more) ...":0.00,"totalCoInsurance":0.00,"totalCoPayAmt":0.00,"totalInsCoResp":0.00,"totalInsEIVAmt":0.00,"totalRowCount":0,"totalTalbottDay":0}|0x11c752
08:29:07.0 (55561531)|HEAP_ALLOCATE|[60]|Bytes:28
08:29:07.0 (55597626)|VARIABLE_ASSIGNMENT|[EXTERNAL]|this|{"insrncBnft":"0x7073249f","insrncBnftSelected":"","pawDetailListDisplay (4 more) ...":false,"pyAgrmntWrksht":"0x5f4f0f4e","relatedPAWDetailsLis (1 more) ...":"0x61cc8840","targetEDR":0.00,"totalAppliedDeductib (2 more) ...":0.00,"totalCoInsurance":0.00,"totalCoPayAmt":0.00,"totalInsCoResp":0.00,"totalInsEIVAmt":0.00,"totalRowCount":0,"totalTalbottDay":0}|0x11c752
08:29:07.0 (55637668)|VARIABLE_ASSIGNMENT|[60]|this.Intensive_Outpatient_Override__c|0.00|0x5f4f0f4e
08:29:07.0 (55643716)|STATEMENT_EXECUTE|[61]
08:29:07.0 (55689150)|VARIABLE_ASSIGNMENT|[EXTERNAL]|this|{"insrncBnft":"0x7073249f","insrncBnftSelected":"","pawDetailListDisplay (4 more) ...":false,"pyAgrmntWrksht":"0x5f4f0f4e","relatedPAWDetailsLis (1 more) ...":"0x61cc8840","targetEDR":0.00,"totalAppliedDeductib (2 more) ...":0.00,"totalCoInsurance":0.00,"totalCoPayAmt":0.00,"totalInsCoResp":0.00,"totalInsEIVAmt":0.00,"totalRowCount":0,"totalTalbottDay":0}|0x11c752
08:29:07.0 (55710260)|HEAP_ALLOCATE|[61]|Bytes:28
08:29:07.0 (55746915)|VARIABLE_ASSIGNMENT|[EXTERNAL]|this|{"insrncBnft":"0x7073249f","insrncBnftSelected":"","pawDetailListDisplay (4 more) ...":false,"pyAgrmntWrksht":"0x5f4f0f4e","relatedPAWDetailsLis (1 more) ...":"0x61cc8840","targetEDR":0.00,"totalAppliedDeductib (2 more) ...":0.00,"totalCoInsurance":0.00,"totalCoPayAmt":0.00,"totalInsCoResp":0.00,"totalInsEIVAmt":0.00,"totalRowCount":0,"totalTalbottDay":0}|0x11c752
08:29:07.0 (55786350)|VARIABLE_ASSIGNMENT|[61]|this.IOP_Pays_at__c|0.00|0x5f4f0f4e
08:29:07.0 (55792235)|STATEMENT_EXECUTE|[63]
08:29:07.0 (55837309)|VARIABLE_ASSIGNMENT|[EXTERNAL]|this|{"insrncBnft":"0x7073249f","insrncBnftSelected":"","pawDetailListDisplay (4 more) ...":false,"pyAgrmntWrksht":"0x5f4f0f4e","relatedPAWDetailsLis (1 more) ...":"0x61cc8840","targetEDR":0.00,"totalAppliedDeductib (2 more) ...":0.00,"totalCoInsurance":0.00,"totalCoPayAmt":0.00,"totalInsCoResp":0.00,"totalInsEIVAmt":0.00,"totalRowCount":0,"totalTalbottDay":0}|0x11c752
08:29:07.0 (55857287)|HEAP_ALLOCATE|[63]|Bytes:28
08:29:07.0 (55860867)|HEAP_ALLOCATE|[63]|Bytes:28
08:29:07.0 (55897642)|VARIABLE_ASSIGNMENT|[EXTERNAL]|this|{"insrncBnft":"0x7073249f","insrncBnftSelected":"","pawDetailListDisplay (4 more) ...":false,"pyAgrmntWrksht":"0x5f4f0f4e","relatedPAWDetailsLis (1 more) ...":"0x61cc8840","targetEDR":0.00,"totalAppliedDeductib (2 more) ...":0.00,"totalCoInsurance":0.00,"totalCoPayAmt":0.00,"totalInsCoResp":0.00,"totalInsEIVAmt":0.00,"totalRowCount":0,"totalTalbottDay":0}|0x11c752
08:29:07.0 (55937943)|VARIABLE_ASSIGNMENT|[63]|this.Num_Days_Uncovered__c|0|0x5f4f0f4e
08:29:07.0 (55943850)|STATEMENT_EXECUTE|[64]
08:29:07.0 (55989184)|VARIABLE_ASSIGNMENT|[EXTERNAL]|this|{"insrncBnft":"0x7073249f","insrncBnftSelected":"","pawDetailListDisplay (4 more) ...":false,"pyAgrmntWrksht":"0x5f4f0f4e","relatedPAWDetailsLis (1 more) ...":"0x61cc8840","targetEDR":0.00,"totalAppliedDeductib (2 more) ...":0.00,"totalCoInsurance":0.00,"totalCoPayAmt":0.00,"totalInsCoResp":0.00,"totalInsEIVAmt":0.00,"totalRowCount":0,"totalTalbottDay":0}|0x11c752
08:29:07.0 (56009396)|HEAP_ALLOCATE|[64]|Bytes:28
08:29:07.0 (56013682)|HEAP_ALLOCATE|[64]|Bytes:28
08:29:07.0 (56048465)|VARIABLE_ASSIGNMENT|[EXTERNAL]|this|{"insrncBnft":"0x7073249f","insrncBnftSelected":"","pawDetailListDisplay (4 more) ...":false,"pyAgrmntWrksht":"0x5f4f0f4e","relatedPAWDetailsLis (1 more) ...":"0x61cc8840","targetEDR":0.00,"totalAppliedDeductib (2 more) ...":0.00,"totalCoInsurance":0.00,"totalCoPayAmt":0.00,"totalInsCoResp":0.00,"totalInsEIVAmt":0.00,"totalRowCount":0,"totalTalbottDay":0}|0x11c752
08:29:07.0 (56087561)|VARIABLE_ASSIGNMENT|[64]|this.Uncovered_Days_Rate__c|0|0x5f4f0f4e
08:29:07.0 (56093624)|STATEMENT_EXECUTE|[65]
08:29:07.0 (56138929)|VARIABLE_ASSIGNMENT|[EXTERNAL]|this|{"insrncBnft":"0x7073249f","insrncBnftSelected":"","pawDetailListDisplay (4 more) ...":false,"pyAgrmntWrksht":"0x5f4f0f4e","relatedPAWDetailsLis (1 more) ...":"0x61cc8840","targetEDR":0.00,"totalAppliedDeductib (2 more) ...":0.00,"totalCoInsurance":0.00,"totalCoPayAmt":0.00,"totalInsCoResp":0.00,"totalInsEIVAmt":0.00,"totalRowCount":0,"totalTalbottDay":0}|0x11c752
08:29:07.0 (56159370)|HEAP_ALLOCATE|[65]|Bytes:28
08:29:07.0 (56163015)|HEAP_ALLOCATE|[65]|Bytes:28
08:29:07.0 (56198588)|VARIABLE_ASSIGNMENT|[EXTERNAL]|this|{"insrncBnft":"0x7073249f","insrncBnftSelected":"","pawDetailListDisplay (4 more) ...":false,"pyAgrmntWrksht":"0x5f4f0f4e","relatedPAWDetailsLis (1 more) ...":"0x61cc8840","targetEDR":0.00,"totalAppliedDeductib (2 more) ...":0.00,"totalCoInsurance":0.00,"totalCoPayAmt":0.00,"totalInsCoResp":0.00,"totalInsEIVAmt":0.00,"totalRowCount":0,"totalTalbottDay":0}|0x11c752
08:29:07.0 (56237001)|VARIABLE_ASSIGNMENT|[65]|this.Uncovered_Days_Override__c|0|0x5f4f0f4e
08:29:07.0 (56242962)|STATEMENT_EXECUTE|[66]
08:29:07.0 (56287271)|VARIABLE_ASSIGNMENT|[EXTERNAL]|this|{"insrncBnft":"0x7073249f","insrncBnftSelected":"","pawDetailListDisplay (4 more) ...":false,"pyAgrmntWrksht":"0x5f4f0f4e","relatedPAWDetailsLis (1 more) ...":"0x61cc8840","targetEDR":0.00,"totalAppliedDeductib (2 more) ...":0.00,"totalCoInsurance":0.00,"totalCoPayAmt":0.00,"totalInsCoResp":0.00,"totalInsEIVAmt":0.00,"totalRowCount":0,"totalTalbottDay":0}|0x11c752
08:29:07.0 (56306749)|HEAP_ALLOCATE|[66]|Bytes:28
08:29:07.0 (56309971)|HEAP_ALLOCATE|[66]|Bytes:28
08:29:07.0 (56350475)|VARIABLE_ASSIGNMENT|[EXTERNAL]|this|{"insrncBnft":"0x7073249f","insrncBnftSelected":"","pawDetailListDisplay (4 more) ...":false,"pyAgrmntWrksht":"0x5f4f0f4e","relatedPAWDetailsLis (1 more) ...":"0x61cc8840","targetEDR":0.00,"totalAppliedDeductib (2 more) ...":0.00,"totalCoInsurance":0.00,"totalCoPayAmt":0.00,"totalInsCoResp":0.00,"totalInsEIVAmt":0.00,"totalRowCount":0,"totalTalbottDay":0}|0x11c752
08:29:07.0 (56389463)|VARIABLE_ASSIGNMENT|[66]|this.Num_Days_Room__c|0|0x5f4f0f4e
08:29:07.0 (56395475)|STATEMENT_EXECUTE|[70]
08:29:07.0 (56439516)|VARIABLE_ASSIGNMENT|[EXTERNAL]|this|{"insrncBnft":"0x7073249f","insrncBnftSelected":"","pawDetailListDisplay (4 more) ...":false,"pyAgrmntWrksht":"0x5f4f0f4e","relatedPAWDetailsLis (1 more) ...":"0x61cc8840","targetEDR":0.00,"totalAppliedDeductib (2 more) ...":0.00,"totalCoInsurance":0.00,"totalCoPayAmt":0.00,"totalInsCoResp":0.00,"totalInsEIVAmt":0.00,"totalRowCount":0,"totalTalbottDay":0}|0x11c752
08:29:07.0 (56458948)|HEAP_ALLOCATE|[70]|Bytes:28
08:29:07.0 (56462438)|HEAP_ALLOCATE|[70]|Bytes:28
08:29:07.0 (56497159)|VARIABLE_ASSIGNMENT|[EXTERNAL]|this|{"insrncBnft":"0x7073249f","insrncBnftSelected":"","pawDetailListDisplay (4 more) ...":false,"pyAgrmntWrksht":"0x5f4f0f4e","relatedPAWDetailsLis (1 more) ...":"0x61cc8840","targetEDR":0.00,"totalAppliedDeductib (2 more) ...":0.00,"totalCoInsurance":0.00,"totalCoPayAmt":0.00,"totalInsCoResp":0.00,"totalInsEIVAmt":0.00,"totalRowCount":0,"totalTalbottDay":0}|0x11c752
08:29:07.0 (56536234)|VARIABLE_ASSIGNMENT|[70]|this.Room_and_Board_Days_Override__c|0|0x5f4f0f4e
08:29:07.0 (56589278)|VARIABLE_ASSIGNMENT|[EXTERNAL]|this|{"insrncBnft":"0x7073249f","insrncBnftSelected":"","pawDetailListDisplay (4 more) ...":false,"pyAgrmntWrksht":"0x5f4f0f4e","relatedPAWDetailsLis (1 more) ...":"0x61cc8840","targetEDR":0.00,"totalAppliedDeductib (2 more) ...":0.00,"totalCoInsurance":0.00,"totalCoPayAmt":0.00,"totalInsCoResp":0.00,"totalInsEIVAmt":0.00,"totalRowCount":0,"totalTalbottDay":0}|0x11c752
08:29:07.0 (56604782)|STATEMENT_EXECUTE|[71]
08:29:07.0 (56642353)|VARIABLE_ASSIGNMENT|[EXTERNAL]|this|{"insrncBnft":"0x7073249f","insrncBnftSelected":"","pawDetailListDisplay (4 more) ...":false,"pyAgrmntWrksht":"0x5f4f0f4e","relatedPAWDetailsLis (1 more) ...":"0x61cc8840","targetEDR":0.00,"totalAppliedDeductib (2 more) ...":0.00,"totalCoInsurance":0.00,"totalCoPayAmt":0.00,"totalInsCoResp":0.00,"totalInsEIVAmt":0.00,"totalRowCount":0,"totalTalbottDay":0}|0x11c752
08:29:07.0 (56656098)|STATEMENT_EXECUTE|[77]
08:29:07.0 (56657252)|STATEMENT_EXECUTE|[78]
08:29:07.0 (56735100)|VARIABLE_ASSIGNMENT|[EXTERNAL]|this|{"insrncBnft":"0x7073249f","insrncBnftSelected":"","pawDetailListDisplay (4 more) ...":false,"pyAgrmntWrksht":"0x5f4f0f4e","relatedPAWDetailsLis (1 more) ...":"0x61cc8840","targetEDR":0.00,"totalAppliedDeductib (2 more) ...":0.00,"totalCoInsurance":0.00,"totalCoPayAmt":0.00,"totalInsCoResp":0.00,"totalInsEIVAmt":0.00,"totalRowCount":0,"totalTalbottDay":0}|0x11c752
08:29:07.0 (56817979)|VARIABLE_ASSIGNMENT|[EXTERNAL]|this|{"insrncBnft":"0x7073249f","insrncBnftSelected":"","pawDetailListDisplay (4 more) ...":false,"pyAgrmntWrksht":"0x5f4f0f4e","relatedPAWDetailsLis (1 more) ...":"0x61cc8840","targetEDR":0.00,"totalAppliedDeductib (2 more) ...":0.00,"totalCoInsurance":0.00,"totalCoPayAmt":0.00,"totalInsCoResp":0.00,"totalInsEIVAmt":0.00,"totalRowCount":0,"totalTalbottDay":0}|0x11c752
08:29:07.0 (56874208)|VARIABLE_ASSIGNMENT|[78]|this.Uncovered_Charges__c|null|0x5f4f0f4e
08:29:07.0 (56881474)|STATEMENT_EXECUTE|[80]
08:29:07.0 (56891652)|HEAP_ALLOCATE|[80]|Bytes:28
08:29:07.0 (56898810)|VARIABLE_SCOPE_BEGIN|[80]|coPayRemaining|Decimal|false|false
08:29:07.0 (56908869)|VARIABLE_ASSIGNMENT|[80]|coPayRemaining|0.00
08:29:07.0 (56912789)|STATEMENT_EXECUTE|[81]
08:29:07.0 (56961232)|VARIABLE_ASSIGNMENT|[EXTERNAL]|this|{"insrncBnft":"0x7073249f","insrncBnftSelected":"","pawDetailListDisplay (4 more) ...":false,"pyAgrmntWrksht":"0x5f4f0f4e","relatedPAWDetailsLis (1 more) ...":"0x61cc8840","targetEDR":0.00,"totalAppliedDeductib (2 more) ...":0.00,"totalCoInsurance":0.00,"totalCoPayAmt":0.00,"totalInsCoResp":0.00,"totalInsEIVAmt":0.00,"totalRowCount":0,"totalTalbottDay":0}|0x11c752
08:29:07.0 (57010075)|HEAP_ALLOCATE|[81]|Bytes:28
08:29:07.0 (57080765)|VARIABLE_ASSIGNMENT|[EXTERNAL]|this|{"insrncBnft":"0x7073249f","insrncBnftSelected":"","pawDetailListDisplay (4 more) ...":false,"pyAgrmntWrksht":"0x5f4f0f4e","relatedPAWDetailsLis (1 more) ...":"0x61cc8840","targetEDR":0.00,"totalAppliedDeductib (2 more) ...":0.00,"totalCoInsurance":0.00,"totalCoPayAmt":0.00,"totalInsCoResp":0.00,"totalInsEIVAmt":0.00,"totalRowCount":0,"totalTalbottDay":0}|0x11c752
08:29:07.0 (57117194)|HEAP_ALLOCATE|[81]|Bytes:28
08:29:07.0 (57122833)|HEAP_ALLOCATE|[81]|Bytes:28
08:29:07.0 (57180838)|HEAP_ALLOCATE|[81]|Bytes:28
08:29:07.0 (57188779)|HEAP_ALLOCATE|[81]|Bytes:28
08:29:07.0 (57214720)|VARIABLE_ASSIGNMENT|[81]|coPayRemaining|0
08:29:07.0 (57219799)|STATEMENT_EXECUTE|[82]
08:29:07.0 (57271436)|VARIABLE_ASSIGNMENT|[EXTERNAL]|this|{"insrncBnft":"0x7073249f","insrncBnftSelected":"","pawDetailListDisplay (4 more) ...":false,"pyAgrmntWrksht":"0x5f4f0f4e","relatedPAWDetailsLis (1 more) ...":"0x61cc8840","targetEDR":0.00,"totalAppliedDeductib (2 more) ...":0.00,"totalCoInsurance":0.00,"totalCoPayAmt":0.00,"totalInsCoResp":0.00,"totalInsEIVAmt":0.00,"totalRowCount":0,"totalTalbottDay":0}|0x11c752
08:29:07.0 (57306120)|HEAP_ALLOCATE|[82]|Bytes:28
08:29:07.0 (57374167)|VARIABLE_ASSIGNMENT|[EXTERNAL]|this|{"insrncBnft":"0x7073249f","insrncBnftSelected":"","pawDetailListDisplay (4 more) ...":false,"pyAgrmntWrksht":"0x5f4f0f4e","relatedPAWDetailsLis (1 more) ...":"0x61cc8840","targetEDR":0.00,"totalAppliedDeductib (2 more) ...":0.00,"totalCoInsurance":0.00,"totalCoPayAmt":0.00,"totalInsCoResp":0.00,"totalInsEIVAmt":0.00,"totalRowCount":0,"totalTalbottDay":0}|0x11c752
08:29:07.0 (57408669)|HEAP_ALLOCATE|[82]|Bytes:28
08:29:07.0 (57416108)|HEAP_ALLOCATE|[82]|Bytes:28
08:29:07.0 (57446937)|HEAP_ALLOCATE|[82]|Bytes:28
08:29:07.0 (57452767)|HEAP_ALLOCATE|[82]|Bytes:28
08:29:07.0 (57491636)|HEAP_ALLOCATE|[82]|Bytes:28
08:29:07.0 (57498502)|HEAP_ALLOCATE|[82]|Bytes:28
08:29:07.0 (57521389)|VARIABLE_ASSIGNMENT|[82]|coPayRemaining|0
08:29:07.0 (57529174)|STATEMENT_EXECUTE|[83]
08:29:07.0 (57603455)|VARIABLE_ASSIGNMENT|[EXTERNAL]|this|{"insrncBnft":"0x7073249f","insrncBnftSelected":"","pawDetailListDisplay (4 more) ...":false,"pyAgrmntWrksht":"0x5f4f0f4e","relatedPAWDetailsLis (1 more) ...":"0x61cc8840","targetEDR":0.00,"totalAppliedDeductib (2 more) ...":0.00,"totalCoInsurance":0.00,"totalCoPayAmt":0.00,"totalInsCoResp":0.00,"totalInsEIVAmt":0.00,"totalRowCount":0,"totalTalbottDay":0}|0x11c752
08:29:07.0 (57651793)|HEAP_ALLOCATE|[83]|Bytes:28
08:29:07.0 (57721268)|VARIABLE_ASSIGNMENT|[EXTERNAL]|this|{"insrncBnft":"0x7073249f","insrncBnftSelected":"","pawDetailListDisplay (4 more) ...":false,"pyAgrmntWrksht":"0x5f4f0f4e","relatedPAWDetailsLis (1 more) ...":"0x61cc8840","targetEDR":0.00,"totalAppliedDeductib (2 more) ...":0.00,"totalCoInsurance":0.00,"totalCoPayAmt":0.00,"totalInsCoResp":0.00,"totalInsEIVAmt":0.00,"totalRowCount":0,"totalTalbottDay":0}|0x11c752
08:29:07.0 (57758940)|HEAP_ALLOCATE|[83]|Bytes:28
08:29:07.0 (57766091)|HEAP_ALLOCATE|[83]|Bytes:28
08:29:07.0 (57798890)|HEAP_ALLOCATE|[83]|Bytes:28
08:29:07.0 (57805570)|HEAP_ALLOCATE|[83]|Bytes:28
08:29:07.0 (57840488)|HEAP_ALLOCATE|[83]|Bytes:28
08:29:07.0 (57847603)|HEAP_ALLOCATE|[83]|Bytes:28
08:29:07.0 (57868314)|VARIABLE_ASSIGNMENT|[83]|coPayRemaining|0
08:29:07.0 (57876539)|STATEMENT_EXECUTE|[84]
08:29:07.0 (57954048)|VARIABLE_ASSIGNMENT|[EXTERNAL]|this|{"insrncBnft":"0x7073249f","insrncBnftSelected":"","pawDetailListDisplay (4 more) ...":false,"pyAgrmntWrksht":"0x5f4f0f4e","relatedPAWDetailsLis (1 more) ...":"0x61cc8840","targetEDR":0.00,"totalAppliedDeductib (2 more) ...":0.00,"totalCoInsurance":0.00,"totalCoPayAmt":0.00,"totalInsCoResp":0.00,"totalInsEIVAmt":0.00,"totalRowCount":0,"totalTalbottDay":0}|0x11c752
08:29:07.0 (58008013)|HEAP_ALLOCATE|[84]|Bytes:28
08:29:07.0 (58080228)|VARIABLE_ASSIGNMENT|[EXTERNAL]|this|{"insrncBnft":"0x7073249f","insrncBnftSelected":"","pawDetailListDisplay (4 more) ...":false,"pyAgrmntWrksht":"0x5f4f0f4e","relatedPAWDetailsLis (1 more) ...":"0x61cc8840","targetEDR":0.00,"totalAppliedDeductib (2 more) ...":0.00,"totalCoInsurance":0.00,"totalCoPayAmt":0.00,"totalInsCoResp":0.00,"totalInsEIVAmt":0.00,"totalRowCount":0,"totalTalbottDay":0}|0x11c752
08:29:07.0 (58120371)|HEAP_ALLOCATE|[84]|Bytes:28
08:29:07.0 (58127490)|HEAP_ALLOCATE|[84]|Bytes:28
08:29:07.0 (58160124)|HEAP_ALLOCATE|[84]|Bytes:28
08:29:07.0 (58166344)|HEAP_ALLOCATE|[84]|Bytes:28
08:29:07.0 (58196287)|HEAP_ALLOCATE|[84]|Bytes:28
08:29:07.0 (58202182)|HEAP_ALLOCATE|[84]|Bytes:28
08:29:07.0 (58221616)|VARIABLE_ASSIGNMENT|[84]|coPayRemaining|0
08:29:07.0 (58229021)|STATEMENT_EXECUTE|[85]
08:29:07.0 (58277419)|HEAP_ALLOCATE|[85]|Bytes:28
08:29:07.0 (58282350)|HEAP_ALLOCATE|[85]|Bytes:28
08:29:07.0 (58342983)|VARIABLE_ASSIGNMENT|[EXTERNAL]|this|{"insrncBnft":"0x7073249f","insrncBnftSelected":"","pawDetailListDisplay (4 more) ...":false,"pyAgrmntWrksht":"0x5f4f0f4e","relatedPAWDetailsLis (1 more) ...":"0x61cc8840","targetEDR":0.00,"totalAppliedDeductib (2 more) ...":0.00,"totalCoInsurance":0.00,"totalCoPayAmt":0.00,"totalInsCoResp":0.00,"totalInsEIVAmt":0.00,"totalRowCount":0,"totalTalbottDay":0}|0x11c752
08:29:07.0 (58404924)|VARIABLE_ASSIGNMENT|[85]|this.Co_Pay_Remaining__c|0.00|0x5f4f0f4e
08:29:07.0 (58411533)|STATEMENT_EXECUTE|[86]
08:29:07.0 (58420043)|METHOD_EXIT|[13]|01p0a000004sKzT|PAWValueCalculationService.calculateWraperValues(PAW_New_EditCntrllr.WraperClass, Map<Id,Facility_Program__c>, Map<Id,Insurance_Company_Rate_Adjustment__c>, Map<Id,Insurance_Benefit__c>, Estimated_Coverage_Days__c)
08:29:07.0 (58495739)|VARIABLE_ASSIGNMENT|[13]|pWrprObj|{"insrncBnft":"0x7073249f","insrncBnftSelected":"","pawDetailListDisplay (4 more) ...":false,"pyAgrmntWrksht":"0x5f4f0f4e","relatedPAWDetailsLis (1 more) ...":"0x61cc8840","targetEDR":0.00,"totalAppliedDeductib (2 more) ...":0.00,"totalCoInsurance":0.00,"totalCoPayAmt":0.00,"totalInsCoResp":0.00,"totalInsEIVAmt":0.00,"totalRowCount":0,"totalTalbottDay":0}|0x11c752
08:29:07.0 (58513491)|STATEMENT_EXECUTE|[18]
08:29:07.0 (58519897)|SYSTEM_MODE_EXIT|false
08:29:07.0 (58532300)|METHOD_EXIT|[421]|01p0a000004sKzO|PAWFrnFacilityService.calculateWraperValuesFRN(PAW_New_EditCntrllr.WraperClass, Map<Id,Facility_Program__c>, Map<Id,Insurance_Company_Rate_Adjustment__c>, Map<Id,Insurance_Benefit__c>, Estimated_Coverage_Days__c)
08:29:07.0 (58611227)|VARIABLE_ASSIGNMENT|[EXTERNAL]|this|{"estmtCvrgeDaysObj":"0x5d925afe","faciltyOptions":"0x72947219","fcltyPrgrmOptions":"0x685a668f","idToOwnershipFacilit (4 more) ...":"0x7f7a3d6c","idToTypeFacilityMap":"0x30f0cdd7","insrncBnftMap":"0x6125756a","insrncBnftOptions":"0x5af019df","isIop":false,"isTalbott":false,"meta":"0x744fdeb0","oppId":"00629000004NTeZ","pawObj":"0x42673b9b","ptntInsrnceOptions":"0x263311c6","ptntInsrncMap":"0x6e04fd4e","ptntInsrncObj":"0x582b0da7","quoteObj":"0x2337eb62","recordId":"00629000004NTeZ","rtAdjstmntOptions":"0x3744c0d4","showPILookup":false,"sObjectQueryStr":"","wrprObj":"0x11c752"}|0x2dcec1a4
08:29:07.0 (58654788)|VARIABLE_ASSIGNMENT|[EXTERNAL]|value|{"insrncBnft":"0x7073249f","insrncBnftSelected":"","pawDetailListDisplay (4 more) ...":false,"pyAgrmntWrksht":"0x5f4f0f4e","relatedPAWDetailsLis (1 more) ...":"0x61cc8840","targetEDR":0.00,"totalAppliedDeductib (2 more) ...":0.00,"totalCoInsurance":0.00,"totalCoPayAmt":0.00,"totalInsCoResp":0.00,"totalInsEIVAmt":0.00,"totalRowCount":0,"totalTalbottDay":0}|0x11c752
08:29:07.0 (58670078)|VARIABLE_ASSIGNMENT|[30]|this.wrprObj|0x11c752|0x2dcec1a4
08:29:07.0 (58740693)|VARIABLE_ASSIGNMENT|[EXTERNAL]|this|{"estmtCvrgeDaysObj":"0x5d925afe","faciltyOptions":"0x72947219","fcltyPrgrmOptions":"0x685a668f","idToOwnershipFacilit (4 more) ...":"0x7f7a3d6c","idToTypeFacilityMap":"0x30f0cdd7","insrncBnftMap":"0x6125756a","insrncBnftOptions":"0x5af019df","isIop":false,"isTalbott":false,"meta":"0x744fdeb0","oppId":"00629000004NTeZ","pawObj":"0x42673b9b","ptntInsrnceOptions":"0x263311c6","ptntInsrncMap":"0x6e04fd4e","ptntInsrncObj":"0x582b0da7","quoteObj":"0x2337eb62","recordId":"00629000004NTeZ","rtAdjstmntOptions":"0x3744c0d4","showPILookup":false,"sObjectQueryStr":"","wrprObj":"0x11c752"}|0x2dcec1a4
08:29:07.0 (58757566)|STATEMENT_EXECUTE|[427]
08:29:07.0 (58760989)|METHOD_EXIT|[212]|01p0a000004sKzV|PAW_New_EditCntrllr.updateWraperValues()
08:29:07.71 (71628554)|SYSTEM_MODE_ENTER|true
08:29:07.71 (71707404)|HEAP_ALLOCATE|[EXTERNAL]|Bytes:8
08:29:07.71 (71721907)|VARIABLE_SCOPE_BEGIN|[88]|this|ApexPage.PageMessagesComponentController|true|false
08:29:07.71 (71760655)|VARIABLE_ASSIGNMENT|[88]|this|{}|0x1688a65e
08:29:07.71 (71767160)|VARIABLE_SCOPE_BEGIN|[88]|escape|Boolean|false|false
08:29:07.71 (71774742)|VARIABLE_ASSIGNMENT|[88]|escape|null
08:29:07.71 (71891657)|SYSTEM_MODE_ENTER|true
08:29:07.71 (71920906)|HEAP_ALLOCATE|[EXTERNAL]|Bytes:8
08:29:07.71 (71927305)|VARIABLE_SCOPE_BEGIN|[2]|this|ApexPage.PageMessagesComponentController|true|false
08:29:07.71 (71944859)|VARIABLE_ASSIGNMENT|[2]|this|{}|0x1688a65e
08:29:07.0 (72489307)|SYSTEM_MODE_ENTER|true
08:29:07.0 (72695630)|SYSTEM_MODE_ENTER|true
08:29:07.0 (73167964)|SYSTEM_MODE_ENTER|true
08:29:07.0 (77972507)|SYSTEM_MODE_ENTER|true
08:29:07.0 (78033877)|SYSTEM_MODE_ENTER|true
08:29:07.0 (84951120)|SYSTEM_MODE_ENTER|true
08:29:07.0 (85001715)|HEAP_ALLOCATE|[EXTERNAL]|Bytes:112
08:29:07.0 (85019151)|VARIABLE_SCOPE_BEGIN|[215]|this|PAW_New_EditCntrllr|true|false
08:29:07.0 (85118151)|VARIABLE_ASSIGNMENT|[215]|this|{"estmtCvrgeDaysObj":"0x5d925afe","faciltyOptions":"0x72947219","fcltyPrgrmOptions":"0x685a668f","idToOwnershipFacilit (4 more) ...":"0x7f7a3d6c","idToTypeFacilityMap":"0x30f0cdd7","insrncBnftMap":"0x6125756a","insrncBnftOptions":"0x5af019df","isIop":false,"isTalbott":false,"meta":"0x744fdeb0","oppId":"00629000004NTeZ","pawObj":"0x42673b9b","ptntInsrnceOptions":"0x263311c6","ptntInsrncMap":"0x6e04fd4e","ptntInsrncObj":"0x582b0da7","quoteObj":"0x2337eb62","recordId":"00629000004NTeZ","rtAdjstmntOptions":"0x3744c0d4","showPILookup":false,"sObjectQueryStr":"","wrprObj":"0x11c752"}|0x2dcec1a4
08:29:07.0 (85138196)|STATEMENT_EXECUTE|[215]
08:29:07.0 (85140172)|STATEMENT_EXECUTE|[216]
08:29:07.0 (85214024)|STATEMENT_EXECUTE|[217]
08:29:07.0 (85273265)|HEAP_ALLOCATE|[EXTERNAL]|Bytes:4
08:29:07.0 (85376255)|VARIABLE_ASSIGNMENT|[EXTERNAL]|this|{"estmtCvrgeDaysObj":"0x5d925afe","faciltyOptions":"0x72947219","fcltyPrgrmOptions":"0x685a668f","idToOwnershipFacilit (4 more) ...":"0x7f7a3d6c","idToTypeFacilityMap":"0x30f0cdd7","insrncBnftMap":"0x6125756a","insrncBnftOptions":"0x5af019df","isIop":false,"isTalbott":false,"meta":"0x744fdeb0","oppId":"00629000004NTeZ","pawObj":"0x42673b9b","ptntInsrnceOptions":"0x263311c6","ptntInsrncMap":"0x6e04fd4e","ptntInsrncObj":"0x582b0da7","quoteObj":"0x2337eb62","recordId":"00629000004NTeZ","rtAdjstmntOptions":"0x3744c0d4","showPILookup":false,"sObjectQueryStr":"","wrprObj":"0x11c752"}|0x2dcec1a4
08:29:07.0 (85397244)|STATEMENT_EXECUTE|[218]
08:29:07.0 (85398791)|STATEMENT_EXECUTE|[219]
08:29:07.0 (85431546)|HEAP_ALLOCATE|[219]|Bytes:4
08:29:07.0 (85438371)|HEAP_ALLOCATE|[219]|Bytes:1083
08:29:07.0 (85446587)|HEAP_ALLOCATE|[219]|Bytes:4
08:29:07.0 (85517910)|VARIABLE_ASSIGNMENT|[EXTERNAL]|this|{"estmtCvrgeDaysObj":"0x5d925afe","faciltyOptions":"0x72947219","fcltyPrgrmOptions":"0x685a668f","idToOwnershipFacilit (4 more) ...":"0x7f7a3d6c","idToTypeFacilityMap":"0x30f0cdd7","insrncBnftMap":"0x6125756a","insrncBnftOptions":"0x5af019df","isIop":false,"isTalbott":false,"meta":"0x744fdeb0","oppId":"00629000004NTeZ","pawObj":"0x42673b9b","ptntInsrnceOptions":"0x263311c6","ptntInsrncMap":"0x6e04fd4e","ptntInsrncObj":"0x582b0da7","quoteObj":"0x2337eb62","recordId":"00629000004NTeZ","rtAdjstmntOptions":"0x3744c0d4","showPILookup":false,"sObjectQueryStr":"","wrprObj":"0x11c752"}|0x2dcec1a4
08:29:07.0 (89297774)|SOQL_EXECUTE_BEGIN|[219]|Aggregations:0|SELECT Id, Name, RecordType.Name, Uncovered_Charges__c, Patient_Insurance__r.Accepts_Assignment_of_Benefits__c, Patient_Insurance__r.Opportunity__c, Patient_Insurance__r.Accreditation__c, Patient_Insurance__r.Insurance_Company__r.Name, PHP_Admit_Co_Payment__c, Detox_Admit_Co_Payment__c, RTC_Admit_Co_Payment__c, Deductible__c, Deductible_Met__c, IOP_Admit_Co_Payment__c, Max_Out_of_Pocket_Remaining__c, Insurance_Company_is_Out_of_Network__c, Annual_Max_Remaining__c, Deductible_Remaining__c, Detox_Pays_at__c, Detox_Over__c, RTC_Pays_at__c, Residential_Treatment_Override__c, PHP_Pays_at__c, Partial_Hospitalization_Override__c, IOP_Pays_at__c, Intensive_Outpatient_Override__c, Num_Days_Uncovered__c, Num_Days_Room__c, Uncovered_Days_Rate__c, Room_and_Board_Days_Rate__c, Uncovered_Days_Override__c, Room_and_Board_Days_Override__c, Deductible_Included_in_OOP__c, Uncovered_Days__c, Lifetime_Max__c, Lifetime_Max_Met__c, Annual_Max__c, Annual_Max_Met__c, Max_Out_of_Pocket__c, Max_Out_of_Pocket_Met__c, Co_Pay_Met__c FROM Insurance_Benefit__c WHERE Patient_Insurance__c = :tmpVar1
08:29:07.0 (110079938)|SOQL_EXECUTE_END|[219]|Rows:2
08:29:07.0 (110116294)|HEAP_ALLOCATE|[219]|Bytes:12
08:29:07.0 (110171769)|HEAP_ALLOCATE|[219]|Bytes:2986
08:29:07.0 (110226327)|HEAP_ALLOCATE|[219]|Bytes:12
08:29:07.0 (110269789)|HEAP_ALLOCATE|[219]|Bytes:108
08:29:07.0 (110281559)|HEAP_ALLOCATE|[219]|Bytes:4
08:29:07.0 (110287451)|HEAP_ALLOCATE|[219]|Bytes:108
08:29:07.0 (110292026)|HEAP_ALLOCATE|[219]|Bytes:4
08:29:07.0 (110393676)|VARIABLE_ASSIGNMENT|[219]|this.insrncBnftMap|{"a1H29000000pRTUEA2":{"Id":"a1H29000000pRTUEA2","Name":"Insurance Benefit 75 (2 more) ...","RecordTypeId":"012j00000015GS6AAM","Patient_Insurance__c":"a1b29000000lvHQAAY","PHP_Admit_Co_Payment (3 more) ...":0.00,"Deductible__c":5000.00,"Deductible_Met__c":0.00,"Max_Out_of_Pocket_Re (10 more) ...":10000.00,"Insurance_Company_is (18 more) ...":false,"Annual_Max_Remaining (3 more) ...":1000000,"Deductible_Remaining (3 more) ...":5000.00,"Detox_Pays_at__c":80.00,"RTC_Pays_at__c":80.00,"PHP_Pays_at__c":80.00,"IOP_Pays_at__c":80.00,"Uncovered_Days_Rate_ (2 more) ...":630.00,"Room_and_Board_Days_ (7 more) ...":2000.00,"Deductible_Included_ (9 more) ...":"Yes","Lifetime_Max__c":1000000.00,"Lifetime_Max_Met__c":0.00,"Annual_Max__c":1000000.00,"Annual_Max_Met__c":0.00,"Max_Out_of_Pocket__c":10000.00,"Max_Out_of_Pocket_Me (4 more) ...":0.00,"RecordType":{"Name":"In Network","Id":"012j00000015GS6AAM"},"Patient_Insurance__r":{"Opportunity__c":"00629000004NTeZAAW","Accreditation__c":"State","Insurance_Company__c":"0012900000AXSP3AAP","Id":"a1b29000000lvHQAAY","Insurance_Company__r":{"Name":"Value Options/Beacon (7 more) ...","Id":"0012900000AXSP3AAP","RecordTypeId":"012j00000015GRqAAM"}}},"a1H29000000pRTZEA2":{"Id":"a1H29000000pRTZEA2","Name":"Insurance Benefit 75 (2 more) ...","RecordTypeId":"012j00000015GS7AAM","Patient_Insurance__c":"a1b29000000lvHQAAY","PHP_Admit_Co_Payment (3 more) ...":0.00,"Deductible__c":10000.00,"Deductible_Met__c":0.00,"Max_Out_of_Pocket_Re (10 more) ...":20000.00,"Insurance_Company_is (18 more) ...":false,"Annual_Max_Remaining (3 more) ...":1000000,"Deductible_Remaining (3 more) ...":10000.00,"Detox_Pays_at__c":60.00,"RTC_Pays_at__c":60.00,"PHP_Pays_at__c":60.00,"IOP_Pays_at__c":60.00,"Uncovered_Days_Rate_ (2 more) ...":630.00,"Room_and_Board_Days_ (7 more) ...":2000.00,"Deductible_Included_ (9 more) ...":"Yes","Lifetime_Max__c":1000000.00,"Lifetime_Max_Met__c":0.00,"Annual_Max__c":1000000.00,"Annual_Max_Met__c":0.00,"Max_Out_of_Pocket__c":20000.00,"Max_Out_of_Pocket_Me (4 more) ...":0.00,"RecordType":{"Name":"Out of Network","Id":"012j00000015GS7AAM"},"Patient_Insurance__r":{"Opportunity__c":"00629000004NTeZAAW","Accreditation__c":"State","Insurance_Company__c":"0012900000AXSP3AAP","Id":"a1b29000000lvHQAAY","Insurance_Company__r":{"Name":"Value Options/Beacon (7 more) ...","Id":"0012900000AXSP3AAP","RecordTypeId":"012j00000015GRqAAM"}}}}|0x2dcec1a4
08:29:07.0 (110481495)|HEAP_ALLOCATE|[EXTERNAL]|Bytes:12
08:29:07.0 (110507979)|HEAP_ALLOCATE|[263]|Bytes:2996
08:29:07.0 (110654519)|HEAP_ALLOCATE|[263]|Bytes:5
08:29:07.0 (110671273)|HEAP_ALLOCATE|[263]|Bytes:108
08:29:07.0 (110681364)|VARIABLE_SCOPE_BEGIN|[263]|insrncBnftInstance|Insurance_Benefit__c|true|false
08:29:07.0 (110722801)|VARIABLE_ASSIGNMENT|[263]|insrncBnftInstance|{"Id":"a1H29000000pRTUEA2","Name":"Insurance Benefit 75 (2 more) ...","RecordTypeId":"012j00000015GS6AAM","Patient_Insurance__c":"a1b29000000lvHQAAY","PHP_Admit_Co_Payment (3 more) ...":0.00,"Deductible__c":5000.00,"Deductible_Met__c":0.00,"Max_Out_of_Pocket_Re (10 more) ...":10000.00,"Insurance_Company_is (18 more) ...":false,"Annual_Max_Remaining (3 more) ...":1000000,"Deductible_Remaining (3 more) ...":5000.00,"Detox_Pays_at__c":80.00,"RTC_Pays_at__c":80.00,"PHP_Pays_at__c":80.00,"IOP_Pays_at__c":80.00,"Uncovered_Days_Rate_ (2 more) ...":630.00,"Room_and_Board_Days_ (7 more) ...":2000.00,"Deductible_Included_ (9 more) ...":"Yes","Lifetime_Max__c":1000000.00,"Lifetime_Max_Met__c":0.00,"Annual_Max__c":1000000.00,"Annual_Max_Met__c":0.00,"Max_Out_of_Pocket__c":10000.00,"Max_Out_of_Pocket_Me (4 more) ...":0.00,"RecordType":{"Name":"In Network","Id":"012j00000015GS6AAM"},"Patient_Insurance__r":{"Opportunity__c":"00629000004NTeZAAW","Accreditation__c":"State","Insurance_Company__c":"0012900000AXSP3AAP","Id":"a1b29000000lvHQAAY","Insurance_Company__r":{"Name":"Value Options/Beacon (7 more) ...","Id":"0012900000AXSP3AAP","RecordTypeId":"012j00000015GRqAAM"}}}|0x2641bb33
08:29:07.0 (110743516)|STATEMENT_EXECUTE|[263]
08:29:07.0 (110745501)|STATEMENT_EXECUTE|[264]
08:29:07.0 (110784983)|HEAP_ALLOCATE|[264]|Bytes:18
08:29:07.0 (110841454)|HEAP_ALLOCATE|[264]|Bytes:3
08:29:07.0 (110865515)|HEAP_ALLOCATE|[264]|Bytes:35
08:29:07.0 (110932299)|HEAP_ALLOCATE|[EXTERNAL]|Bytes:4
08:29:07.0 (110949063)|HEAP_ALLOCATE|[263]|Bytes:5
08:29:07.0 (110960008)|HEAP_ALLOCATE|[263]|Bytes:108
08:29:07.0 (110967245)|VARIABLE_SCOPE_BEGIN|[263]|insrncBnftInstance|Insurance_Benefit__c|true|false
08:29:07.0 (111004280)|VARIABLE_ASSIGNMENT|[263]|insrncBnftInstance|{"Id":"a1H29000000pRTZEA2","Name":"Insurance Benefit 75 (2 more) ...","RecordTypeId":"012j00000015GS7AAM","Patient_Insurance__c":"a1b29000000lvHQAAY","PHP_Admit_Co_Payment (3 more) ...":0.00,"Deductible__c":10000.00,"Deductible_Met__c":0.00,"Max_Out_of_Pocket_Re (10 more) ...":20000.00,"Insurance_Company_is (18 more) ...":false,"Annual_Max_Remaining (3 more) ...":1000000,"Deductible_Remaining (3 more) ...":10000.00,"Detox_Pays_at__c":60.00,"RTC_Pays_at__c":60.00,"PHP_Pays_at__c":60.00,"IOP_Pays_at__c":60.00,"Uncovered_Days_Rate_ (2 more) ...":630.00,"Room_and_Board_Days_ (7 more) ...":2000.00,"Deductible_Included_ (9 more) ...":"Yes","Lifetime_Max__c":1000000.00,"Lifetime_Max_Met__c":0.00,"Annual_Max__c":1000000.00,"Annual_Max_Met__c":0.00,"Max_Out_of_Pocket__c":20000.00,"Max_Out_of_Pocket_Me (4 more) ...":0.00,"RecordType":{"Name":"Out of Network","Id":"012j00000015GS7AAM"},"Patient_Insurance__r":{"Opportunity__c":"00629000004NTeZAAW","Accreditation__c":"State","Insurance_Company__c":"0012900000AXSP3AAP","Id":"a1b29000000lvHQAAY","Insurance_Company__r":{"Name":"Value Options/Beacon (7 more) ...","Id":"0012900000AXSP3AAP","RecordTypeId":"012j00000015GRqAAM"}}}|0x22cdc8c4
08:29:07.0 (111028854)|STATEMENT_EXECUTE|[263]
08:29:07.0 (111030383)|STATEMENT_EXECUTE|[264]
08:29:07.0 (111042732)|HEAP_ALLOCATE|[264]|Bytes:18
08:29:07.0 (111061823)|HEAP_ALLOCATE|[264]|Bytes:39
08:29:07.0 (111074957)|HEAP_ALLOCATE|[EXTERNAL]|Bytes:4
08:29:07.0 (111086078)|HEAP_ALLOCATE|[263]|Bytes:5
08:29:07.0 (111096681)|VARIABLE_ASSIGNMENT|[263]|insrncBnftInstance|null|
08:29:07.0 (111202329)|VARIABLE_ASSIGNMENT|[EXTERNAL]|this|{"estmtCvrgeDaysObj":"0x5d925afe","faciltyOptions":"0x72947219","fcltyPrgrmOptions":"0x685a668f","idToOwnershipFacilit (4 more) ...":"0x7f7a3d6c","idToTypeFacilityMap":"0x30f0cdd7","insrncBnftMap":"0x3848013c","insrncBnftOptions":"0x5af019df","isIop":false,"isTalbott":false,"meta":"0x744fdeb0","oppId":"00629000004NTeZ","pawObj":"0x42673b9b","ptntInsrnceOptions":"0x263311c6","ptntInsrncMap":"0x6e04fd4e","ptntInsrncObj":"0x582b0da7","quoteObj":"0x2337eb62","recordId":"00629000004NTeZ","rtAdjstmntOptions":"0x3744c0d4","showPILookup":false,"sObjectQueryStr":"","wrprObj":"0x11c752"}|0x2dcec1a4
08:29:07.0 (111276169)|VARIABLE_ASSIGNMENT|[EXTERNAL]|this|{"insrncBnft":"0x7073249f","insrncBnftSelected":"","pawDetailListDisplay (4 more) ...":false,"pyAgrmntWrksht":"0x5f4f0f4e","relatedPAWDetailsLis (1 more) ...":"0x61cc8840","targetEDR":0.00,"totalAppliedDeductib (2 more) ...":0.00,"totalCoInsurance":0.00,"totalCoPayAmt":0.00,"totalInsCoResp":0.00,"totalInsEIVAmt":0.00,"totalRowCount":0,"totalTalbottDay":0}|0x11c752
08:29:07.0 (111340959)|VARIABLE_ASSIGNMENT|[EXTERNAL]|this|{"estmtCvrgeDaysObj":"0x5d925afe","faciltyOptions":"0x72947219","fcltyPrgrmOptions":"0x685a668f","idToOwnershipFacilit (4 more) ...":"0x7f7a3d6c","idToTypeFacilityMap":"0x30f0cdd7","insrncBnftMap":"0x3848013c","insrncBnftOptions":"0x5af019df","isIop":false,"isTalbott":false,"meta":"0x744fdeb0","oppId":"00629000004NTeZ","pawObj":"0x42673b9b","ptntInsrnceOptions":"0x263311c6","ptntInsrncMap":"0x6e04fd4e","ptntInsrncObj":"0x582b0da7","quoteObj":"0x2337eb62","recordId":"00629000004NTeZ","rtAdjstmntOptions":"0x3744c0d4","showPILookup":false,"sObjectQueryStr":"","wrprObj":"0x11c752"}|0x2dcec1a4
08:29:07.0 (111389963)|VARIABLE_ASSIGNMENT|[EXTERNAL]|this|{"insrncBnft":"0x7073249f","insrncBnftSelected":"","pawDetailListDisplay (4 more) ...":false,"pyAgrmntWrksht":"0x5f4f0f4e","relatedPAWDetailsLis (1 more) ...":"0x61cc8840","targetEDR":0.00,"totalAppliedDeductib (2 more) ...":0.00,"totalCoInsurance":0.00,"totalCoPayAmt":0.00,"totalInsCoResp":0.00,"totalInsEIVAmt":0.00,"totalRowCount":0,"totalTalbottDay":0}|0x11c752
08:29:07.0 (111409751)|STATEMENT_EXECUTE|[269]
08:29:07.0 (111411193)|STATEMENT_EXECUTE|[270]
08:29:07.0 (111466960)|VARIABLE_ASSIGNMENT|[EXTERNAL]|this|{"estmtCvrgeDaysObj":"0x5d925afe","faciltyOptions":"0x72947219","fcltyPrgrmOptions":"0x685a668f","idToOwnershipFacilit (4 more) ...":"0x7f7a3d6c","idToTypeFacilityMap":"0x30f0cdd7","insrncBnftMap":"0x3848013c","insrncBnftOptions":"0x5af019df","isIop":false,"isTalbott":false,"meta":"0x744fdeb0","oppId":"00629000004NTeZ","pawObj":"0x42673b9b","ptntInsrnceOptions":"0x263311c6","ptntInsrncMap":"0x6e04fd4e","ptntInsrncObj":"0x582b0da7","quoteObj":"0x2337eb62","recordId":"00629000004NTeZ","rtAdjstmntOptions":"0x3744c0d4","showPILookup":false,"sObjectQueryStr":"","wrprObj":"0x11c752"}|0x2dcec1a4
08:29:07.0 (111516610)|VARIABLE_ASSIGNMENT|[EXTERNAL]|this|{"insrncBnft":"0x7073249f","insrncBnftSelected":"","pawDetailListDisplay (4 more) ...":false,"pyAgrmntWrksht":"0x5f4f0f4e","relatedPAWDetailsLis (1 more) ...":"0x61cc8840","targetEDR":0.00,"totalAppliedDeductib (2 more) ...":0.00,"totalCoInsurance":0.00,"totalCoPayAmt":0.00,"totalInsCoResp":0.00,"totalInsEIVAmt":0.00,"totalRowCount":0,"totalTalbottDay":0}|0x11c752
08:29:07.0 (111526634)|VARIABLE_ASSIGNMENT|[EXTERNAL]|value|null|
08:29:07.0 (111534755)|VARIABLE_ASSIGNMENT|[525]|this.insrncBnft|null|0x11c752
08:29:07.0 (111541770)|STATEMENT_EXECUTE|[272]
08:29:07.0 (112473144)|SYSTEM_MODE_ENTER|true
08:29:07.0 (112715015)|SYSTEM_MODE_ENTER|true
08:29:07.0 (112748053)|HEAP_ALLOCATE|[EXTERNAL]|Bytes:112
08:29:07.0 (112757595)|VARIABLE_SCOPE_BEGIN|[379]|this|PAW_New_EditCntrllr|true|false
08:29:07.0 (112824799)|VARIABLE_ASSIGNMENT|[379]|this|{"estmtCvrgeDaysObj":"0x5d925afe","faciltyOptions":"0x72947219","fcltyPrgrmOptions":"0x685a668f","idToOwnershipFacilit (4 more) ...":"0x7f7a3d6c","idToTypeFacilityMap":"0x30f0cdd7","insrncBnftMap":"0x3848013c","insrncBnftOptions":"0x5af019df","isIop":false,"isTalbott":false,"meta":"0x744fdeb0","oppId":"00629000004NTeZ","pawObj":"0x42673b9b","ptntInsrnceOptions":"0x263311c6","ptntInsrncMap":"0x6e04fd4e","ptntInsrncObj":"0x582b0da7","quoteObj":"0x2337eb62","recordId":"00629000004NTeZ","rtAdjstmntOptions":"0x3744c0d4","showPILookup":false,"sObjectQueryStr":"","wrprObj":"0x11c752"}|0x2dcec1a4
08:29:07.0 (112840878)|STATEMENT_EXECUTE|[379]
08:29:07.0 (112842676)|STATEMENT_EXECUTE|[380]
08:29:07.0 (112853577)|HEAP_ALLOCATE|[380]|Bytes:4
08:29:07.0 (112905527)|HEAP_ALLOCATE|[EXTERNAL]|Bytes:4
08:29:07.0 (112916439)|VARIABLE_ASSIGNMENT|[380]|this.rtAdjstmntOptions|[]|0x2dcec1a4
08:29:07.0 (112921426)|STATEMENT_EXECUTE|[381]
08:29:07.0 (112927798)|HEAP_ALLOCATE|[381]|Bytes:8
08:29:07.0 (112972749)|HEAP_ALLOCATE|[EXTERNAL]|Bytes:4
08:29:07.0 (113048760)|VARIABLE_ASSIGNMENT|[EXTERNAL]|this|{"estmtCvrgeDaysObj":"0x5d925afe","faciltyOptions":"0x72947219","fcltyPrgrmOptions":"0x685a668f","idToOwnershipFacilit (4 more) ...":"0x7f7a3d6c","idToTypeFacilityMap":"0x30f0cdd7","insrncBnftMap":"0x3848013c","insrncBnftOptions":"0x5af019df","isIop":false,"isTalbott":false,"meta":"0x744fdeb0","oppId":"00629000004NTeZ","pawObj":"0x42673b9b","ptntInsrnceOptions":"0x263311c6","ptntInsrncMap":"0x6e04fd4e","ptntInsrncObj":"0x582b0da7","quoteObj":"0x2337eb62","recordId":"00629000004NTeZ","rtAdjstmntOptions":"0x31051710","showPILookup":false,"sObjectQueryStr":"","wrprObj":"0x11c752"}|0x2dcec1a4
08:29:07.0 (113110849)|VARIABLE_ASSIGNMENT|[EXTERNAL]|this|{"insrncBnftSelected":"","pawDetailListDisplay (4 more) ...":false,"pyAgrmntWrksht":"0x5f4f0f4e","relatedPAWDetailsLis (1 more) ...":"0x61cc8840","targetEDR":0.00,"totalAppliedDeductib (2 more) ...":0.00,"totalCoInsurance":0.00,"totalCoPayAmt":0.00,"totalInsCoResp":0.00,"totalInsEIVAmt":0.00,"totalRowCount":0,"totalTalbottDay":0}|0x11c752
08:29:07.0 (113125433)|STATEMENT_EXECUTE|[382]
08:29:07.0 (113126888)|STATEMENT_EXECUTE|[400]
08:29:07.0 (113452586)|SYSTEM_MODE_ENTER|true
08:29:07.0 (120204602)|VF_SERIALIZE_VIEWSTATE_BEGIN|0660a0000009uTC
08:29:07.0 (128179014)|VF_SERIALIZE_VIEWSTATE_END
08:29:07.135 (135024607)|CUMULATIVE_LIMIT_USAGE
08:29:07.135 (135024607)|LIMIT_USAGE_FOR_NS|(default)|
  Number of SOQL queries: 2 out of 100
  Number of query rows: 6 out of 50000
  Number of SOSL queries: 0 out of 20
  Number of DML statements: 0 out of 150
  Number of DML rows: 0 out of 10000
  Maximum CPU time: 0 out of 10000
  Maximum heap size: 0 out of 6000000
  Number of callouts: 0 out of 100
  Number of Email Invocations: 0 out of 10
  Number of future calls: 0 out of 50
  Number of queueable jobs added to the queue: 0 out of 50
  Number of Mobile Apex push calls: 0 out of 10

08:29:07.135 (135024607)|CUMULATIVE_LIMIT_USAGE_END

08:29:07.0 (135069824)|CODE_UNIT_FINISHED|VF: /apex/PAW_New_Edit
08:29:07.0 (135829381)|EXECUTION_FINISHED
