42.0 APEX_CODE,FINEST;APEX_PROFILING,INFO;CALLOUT,INFO;DB,INFO;SYSTEM,DEBUG;VALIDATION,INFO;VISUALFORCE,INFO;WAVE,INFO;WORKFLOW,FINER
05:21:11.0 (258915)|USER_INFO|[EXTERNAL]|00529000000zYiy|bhakti.gujrathi@eternussolutions.com.frnstgng|Central Standard Time|GMT-06:00
05:21:11.0 (292170)|EXECUTION_STARTED
05:21:11.0 (295852)|CODE_UNIT_STARTED|[EXTERNAL]|VisualForce View State
05:21:11.0 (4111260)|HEAP_ALLOCATE|[72]|Bytes:3
05:21:11.0 (4149441)|HEAP_ALLOCATE|[77]|Bytes:152
05:21:11.0 (4164470)|HEAP_ALLOCATE|[342]|Bytes:408
05:21:11.0 (4192263)|HEAP_ALLOCATE|[355]|Bytes:408
05:21:11.0 (4207316)|HEAP_ALLOCATE|[467]|Bytes:48
05:21:11.0 (4233725)|HEAP_ALLOCATE|[139]|Bytes:6
05:21:11.0 (5756654)|CODE_UNIT_FINISHED|VisualForce View State
05:21:11.0 (6497144)|EXECUTION_FINISHED
05:21:14.86 (3086046470)|USER_INFO|[EXTERNAL]|00529000000zYiy|bhakti.gujrathi@eternussolutions.com.frnstgng|Central Standard Time|GMT-06:00
05:21:14.86 (3086730614)|SYSTEM_MODE_ENTER|true
05:21:14.86 (3088404224)|HEAP_ALLOCATE|[EXTERNAL]|Bytes:120
05:21:14.86 (3088422052)|HEAP_ALLOCATE|[EXTERNAL]|Bytes:10
05:21:14.86 (3088435039)|SYSTEM_METHOD_ENTRY|[1]|pagemessagecomponentcontroller.pagemessagecomponentcontroller()
05:21:14.86 (3088440645)|STATEMENT_EXECUTE|[1]
05:21:14.102 (3102444467)|CUMULATIVE_LIMIT_USAGE
05:21:14.102 (3102444467)|LIMIT_USAGE_FOR_NS|(default)|
  Number of SOQL queries: 0 out of 100
  Number of query rows: 0 out of 50000
  Number of SOSL queries: 0 out of 20
  Number of DML statements: 0 out of 150
  Number of DML rows: 0 out of 10000
  Maximum CPU time: 0 out of 10000
  Maximum heap size: 0 out of 6000000
  Number of callouts: 0 out of 100
  Number of Email Invocations: 0 out of 10
  Number of future calls: 0 out of 50
  Number of queueable jobs added to the queue: 0 out of 50
  Number of Mobile Apex push calls: 0 out of 10

05:21:14.102 (3102444467)|CUMULATIVE_LIMIT_USAGE_END

