37.0 APEX_CODE,FINEST;APEX_PROFILING,INFO;CALLOUT,INFO;DB,INFO;SYSTEM,DEBUG;VALIDATION,INFO;VISUALFORCE,INFO;WAVE,INFO;WORKFLOW,FINER
08:29:02.0 (298379)|USER_INFO|[EXTERNAL]|00529000000zYiy|bhakti.gujrathi@eternussolutions.com.frnstgng|Central Standard Time|GMT-06:00
08:29:02.0 (335801)|EXECUTION_STARTED
08:29:02.0 (339132)|CODE_UNIT_STARTED|[EXTERNAL]|0660a0000009uTC|VF: /apex/PAW_New_Edit
08:29:02.0 (11675867)|SYSTEM_MODE_ENTER|true
08:29:02.0 (11981656)|HEAP_ALLOCATE|[72]|Bytes:3
08:29:02.0 (12020307)|HEAP_ALLOCATE|[77]|Bytes:152
08:29:02.0 (12036358)|HEAP_ALLOCATE|[342]|Bytes:408
08:29:02.0 (12050577)|HEAP_ALLOCATE|[355]|Bytes:408
08:29:02.0 (12063504)|HEAP_ALLOCATE|[467]|Bytes:48
08:29:02.0 (12094400)|HEAP_ALLOCATE|[139]|Bytes:6
08:29:02.0 (12129548)|VARIABLE_SCOPE_BEGIN|[35]|PAW_New_EditCntrllr.globalSchemaMap|Map<String,Schema.SObjectType>|true|true
08:29:02.0 (12140073)|VARIABLE_SCOPE_BEGIN|[3]|PAW_New_EditCntrllr.yearEndMode|Boolean|false|true
08:29:02.0 (12185015)|HEAP_ALLOCATE|[EXTERNAL]|Bytes:11
08:29:02.0 (12191992)|HEAP_ALLOCATE|[EXTERNAL]|Bytes:304
08:29:02.0 (12196143)|HEAP_ALLOCATE|[EXTERNAL]|Bytes:98
08:29:02.0 (12199767)|HEAP_ALLOCATE|[EXTERNAL]|Bytes:14
08:29:02.0 (12215047)|METHOD_ENTRY|[1]|01p0a000004sKzV|PAW_New_EditCntrllr.PAW_New_EditCntrllr()
08:29:02.0 (12221134)|STATEMENT_EXECUTE|[1]
08:29:02.0 (12225726)|STATEMENT_EXECUTE|[1]
08:29:02.0 (12226922)|STATEMENT_EXECUTE|[3]
08:29:02.0 (43538254)|VARIABLE_SCOPE_BEGIN|[3]|PAW_YearEnd_Config.setting|Year_End_PAW_Settings__c|true|true
08:29:02.0 (43585562)|HEAP_ALLOCATE|[3]|Bytes:1
08:29:02.0 (43599127)|HEAP_ALLOCATE|[3]|Bytes:1
08:29:02.0 (43949115)|METHOD_ENTRY|[1]|01p29000000Aswf|PAW_YearEnd_Config.PAW_YearEnd_Config()
08:29:02.0 (43958460)|STATEMENT_EXECUTE|[1]
08:29:02.0 (43965866)|STATEMENT_EXECUTE|[1]
08:29:02.0 (44004366)|HEAP_ALLOCATE|[50]|Bytes:5
08:29:02.0 (44040425)|HEAP_ALLOCATE|[56]|Bytes:5
08:29:02.0 (44050353)|HEAP_ALLOCATE|[64]|Bytes:7
08:29:02.0 (44082179)|SYSTEM_MODE_ENTER|false
08:29:02.0 (44099653)|HEAP_ALLOCATE|[3]|Bytes:5
08:29:02.0 (44107659)|SYSTEM_MODE_EXIT|false
08:29:02.0 (44116655)|METHOD_EXIT|[1]|PAW_YearEnd_Config
08:29:02.0 (44134182)|METHOD_ENTRY|[3]|01p29000000Aswf|PAW_YearEnd_Config.fetch()
08:29:02.0 (44175354)|SYSTEM_MODE_ENTER|false
08:29:02.0 (44180420)|HEAP_ALLOCATE|[6]|Bytes:5
08:29:02.0 (44185009)|STATEMENT_EXECUTE|[5]
08:29:02.0 (44189618)|STATEMENT_EXECUTE|[7]
08:29:02.0 (45368148)|HEAP_ALLOCATE|[7]|Bytes:20
08:29:02.0 (45423945)|VARIABLE_ASSIGNMENT|[7]|PAW_YearEnd_Config.setting|{"IsDeleted":false,"Name":"Year End PAW Setting (11 more) ...","SetupOwnerId":"00529000000zYiyAAE","Year_End_Mode_Enable (4 more) ...":false}|0x4019d320
08:29:02.0 (45432067)|STATEMENT_EXECUTE|[9]
08:29:02.0 (45435360)|HEAP_ALLOCATE|[9]|Bytes:14
08:29:02.0 (45592371)|HEAP_ALLOCATE|[9]|Bytes:145
08:29:02.0 (45617186)|HEAP_ALLOCATE|[9]|Bytes:159
08:29:02.0 (45638496)|USER_DEBUG|[9]|DEBUG|>>> setting : Year_End_PAW_Settings__c:{IsDeleted=false, Name=Year End PAW Settings (Profile), SetupOwnerId=00529000000zYiyAAE, Year_End_Mode_Enabled__c=false}
08:29:02.0 (45651558)|STATEMENT_EXECUTE|[10]
08:29:02.0 (45656818)|SYSTEM_MODE_EXIT|false
08:29:02.0 (45664895)|METHOD_EXIT|[3]|01p29000000Aswf|PAW_YearEnd_Config.fetch()
08:29:02.0 (45707862)|VARIABLE_ASSIGNMENT|[3]|PAW_New_EditCntrllr.yearEndMode|false
08:29:02.0 (45713762)|STATEMENT_EXECUTE|[523]
08:29:02.0 (45720849)|METHOD_EXIT|[1]|PAW_New_EditCntrllr
08:29:02.0 (45731255)|HEAP_ALLOCATE|[EXTERNAL]|Bytes:112
08:29:02.0 (45738930)|VARIABLE_SCOPE_BEGIN|[41]|this|PAW_New_EditCntrllr|true|false
08:29:02.0 (45796912)|VARIABLE_ASSIGNMENT|[41]|this|{}|0x129d2bdc
08:29:02.0 (45805205)|STATEMENT_EXECUTE|[1]
08:29:02.0 (45806532)|STATEMENT_EXECUTE|[7]
08:29:02.0 (45807609)|STATEMENT_EXECUTE|[8]
08:29:02.0 (45808434)|STATEMENT_EXECUTE|[9]
08:29:02.0 (45809216)|STATEMENT_EXECUTE|[10]
08:29:02.0 (45810169)|STATEMENT_EXECUTE|[11]
08:29:02.0 (45820835)|VARIABLE_ASSIGNMENT|[11]|this.oppId|""|0x129d2bdc
08:29:02.0 (45825578)|STATEMENT_EXECUTE|[12]
08:29:02.0 (45826549)|STATEMENT_EXECUTE|[13]
08:29:02.0 (45832657)|STATEMENT_EXECUTE|[14]
08:29:02.0 (45833895)|STATEMENT_EXECUTE|[15]
08:29:02.0 (45834826)|STATEMENT_EXECUTE|[16]
08:29:02.0 (45835637)|STATEMENT_EXECUTE|[18]
08:29:02.0 (45836542)|STATEMENT_EXECUTE|[19]
08:29:02.0 (45837359)|STATEMENT_EXECUTE|[20]
08:29:02.0 (45838264)|STATEMENT_EXECUTE|[21]
08:29:02.0 (45839187)|STATEMENT_EXECUTE|[22]
08:29:02.0 (45839975)|STATEMENT_EXECUTE|[23]
08:29:02.0 (45840864)|STATEMENT_EXECUTE|[24]
08:29:02.0 (45841653)|STATEMENT_EXECUTE|[25]
08:29:02.0 (45842445)|STATEMENT_EXECUTE|[26]
08:29:02.0 (45843369)|STATEMENT_EXECUTE|[27]
08:29:02.0 (45844159)|STATEMENT_EXECUTE|[28]
08:29:02.0 (45845064)|STATEMENT_EXECUTE|[30]
08:29:02.0 (45845838)|STATEMENT_EXECUTE|[31]
08:29:02.0 (45846719)|STATEMENT_EXECUTE|[32]
08:29:02.0 (45847505)|STATEMENT_EXECUTE|[33]
08:29:02.0 (45848392)|STATEMENT_EXECUTE|[37]
08:29:02.0 (45849280)|STATEMENT_EXECUTE|[38]
08:29:02.0 (45856952)|HEAP_ALLOCATE|[11]|Bytes:6
08:29:02.0 (45889183)|STATEMENT_EXECUTE|[41]
08:29:02.0 (45890774)|STATEMENT_EXECUTE|[44]
08:29:02.0 (90314484)|HEAP_ALLOCATE|[44]|Bytes:2408
08:29:02.0 (90727759)|VARIABLE_ASSIGNMENT|[44]|PAW_New_EditCntrllr.globalSchemaMap|"{abused_substance__c=Abused_Substance__c, abused_substance__feed=Abused_Substance__Feed, abused_substance__history=Abused_Substance__History, acceptedeventrelation=AcceptedEventRelation, account=Account, account_review__c=Account_Review__c, account_review__history=Account_Review__History, account_satisfaction_survey__c=Account_Satisfaction_Survey__c, accountcontactrole=AccountContactRole, accountfeed=AccountFeed, ...}"|0x495db0e1
08:29:02.0 (90744004)|STATEMENT_EXECUTE|[45]
08:29:02.0 (90853172)|VARIABLE_ASSIGNMENT|[EXTERNAL]|this|{"oppId":""}|0x129d2bdc
08:29:02.0 (90866828)|VARIABLE_ASSIGNMENT|[EXTERNAL]|value|false
08:29:02.0 (90873753)|HEAP_ALLOCATE|[32]|Bytes:5
08:29:02.0 (90884581)|VARIABLE_ASSIGNMENT|[32]|this.isTalbott|false|0x129d2bdc
08:29:02.0 (90894427)|STATEMENT_EXECUTE|[46]
08:29:02.0 (90937496)|VARIABLE_ASSIGNMENT|[EXTERNAL]|this|{"isTalbott":false,"oppId":""}|0x129d2bdc
08:29:02.0 (90944841)|VARIABLE_ASSIGNMENT|[EXTERNAL]|value|false
08:29:02.0 (90949609)|HEAP_ALLOCATE|[33]|Bytes:5
08:29:02.0 (90955591)|VARIABLE_ASSIGNMENT|[33]|this.isIop|false|0x129d2bdc
08:29:02.0 (90962345)|STATEMENT_EXECUTE|[47]
08:29:02.0 (90969184)|VARIABLE_ASSIGNMENT|[47]|this.sObjectQueryStr|""|0x129d2bdc
08:29:02.0 (90973234)|STATEMENT_EXECUTE|[48]
08:29:02.0 (91020364)|HEAP_ALLOCATE|[48]|Bytes:4
08:29:02.0 (91120429)|VARIABLE_ASSIGNMENT|[48]|this.quoteObj|{}|0x129d2bdc
08:29:02.0 (91128663)|STATEMENT_EXECUTE|[49]
08:29:02.0 (91215441)|HEAP_ALLOCATE|[49]|Bytes:476
08:29:02.0 (91223284)|HEAP_ALLOCATE|[49]|Bytes:71
08:29:02.0 (91231766)|HEAP_ALLOCATE|[49]|Bytes:84
08:29:02.0 (91243757)|CONSTRUCTOR_ENTRY|[49]|01p0a000004sKzV|<init>()
08:29:02.0 (91263379)|VARIABLE_SCOPE_BEGIN|[545]|this|PAW_New_EditCntrllr.WraperClass|true|false
08:29:02.0 (91298570)|VARIABLE_ASSIGNMENT|[545]|this|{}|0x3f3e9cb2
08:29:02.0 (91304836)|STATEMENT_EXECUTE|[523]
08:29:02.0 (91306424)|STATEMENT_EXECUTE|[524]
08:29:02.0 (91307587)|STATEMENT_EXECUTE|[525]
08:29:02.0 (91308381)|STATEMENT_EXECUTE|[526]
08:29:02.0 (91309434)|STATEMENT_EXECUTE|[527]
08:29:02.0 (91310484)|STATEMENT_EXECUTE|[528]
08:29:02.0 (91311436)|STATEMENT_EXECUTE|[529]
08:29:02.0 (91312258)|STATEMENT_EXECUTE|[530]
08:29:02.0 (91313044)|STATEMENT_EXECUTE|[531]
08:29:02.0 (91313955)|STATEMENT_EXECUTE|[532]
08:29:02.0 (91314749)|STATEMENT_EXECUTE|[533]
08:29:02.0 (91315541)|STATEMENT_EXECUTE|[534]
08:29:02.0 (91316327)|STATEMENT_EXECUTE|[535]
08:29:02.0 (91317221)|STATEMENT_EXECUTE|[536]
08:29:02.0 (91318020)|STATEMENT_EXECUTE|[537]
08:29:02.0 (91319045)|STATEMENT_EXECUTE|[538]
08:29:02.0 (91319837)|STATEMENT_EXECUTE|[539]
08:29:02.0 (91320742)|STATEMENT_EXECUTE|[540]
08:29:02.0 (91321533)|STATEMENT_EXECUTE|[541]
08:29:02.0 (91322321)|STATEMENT_EXECUTE|[542]
08:29:02.0 (91323120)|STATEMENT_EXECUTE|[543]
08:29:02.0 (91336385)|STATEMENT_EXECUTE|[545]
08:29:02.0 (91337500)|STATEMENT_EXECUTE|[546]
08:29:02.0 (91368228)|HEAP_ALLOCATE|[546]|Bytes:4
08:29:02.0 (91459667)|VARIABLE_ASSIGNMENT|[EXTERNAL]|this|{}|0x3f3e9cb2
08:29:02.0 (91469845)|VARIABLE_ASSIGNMENT|[EXTERNAL]|value|{}|0x4aaddc97
08:29:02.0 (91478770)|VARIABLE_ASSIGNMENT|[524]|this.pyAgrmntWrksht|{}|0x3f3e9cb2
08:29:02.0 (91486482)|STATEMENT_EXECUTE|[547]
08:29:02.0 (91511665)|HEAP_ALLOCATE|[547]|Bytes:4
08:29:02.0 (91587283)|VARIABLE_ASSIGNMENT|[EXTERNAL]|this|{"pyAgrmntWrksht":"0x4aaddc97"}|0x3f3e9cb2
08:29:02.0 (91596096)|VARIABLE_ASSIGNMENT|[EXTERNAL]|value|{}|0x3195ddd5
08:29:02.0 (91603721)|VARIABLE_ASSIGNMENT|[525]|this.insrncBnft|{}|0x3f3e9cb2
08:29:02.0 (91615434)|STATEMENT_EXECUTE|[548]
08:29:02.0 (91650450)|VARIABLE_ASSIGNMENT|[EXTERNAL]|this|{"insrncBnft":"0x3195ddd5","pyAgrmntWrksht":"0x4aaddc97"}|0x3f3e9cb2
08:29:02.0 (91657173)|VARIABLE_ASSIGNMENT|[EXTERNAL]|value|""
08:29:02.0 (91663272)|VARIABLE_ASSIGNMENT|[526]|this.insrncBnftSelected|""|0x3f3e9cb2
08:29:02.0 (91669840)|STATEMENT_EXECUTE|[549]
08:29:02.0 (91702190)|VARIABLE_ASSIGNMENT|[EXTERNAL]|this|{"insrncBnft":"0x3195ddd5","insrncBnftSelected":"","pyAgrmntWrksht":"0x4aaddc97"}|0x3f3e9cb2
08:29:02.0 (91708482)|VARIABLE_ASSIGNMENT|[EXTERNAL]|value|""
08:29:02.0 (91717651)|VARIABLE_ASSIGNMENT|[527]|this.facilitySelected|""|0x3f3e9cb2
08:29:02.0 (91724297)|STATEMENT_EXECUTE|[550]
08:29:02.0 (91755287)|VARIABLE_ASSIGNMENT|[EXTERNAL]|this|{"facilitySelected":"","insrncBnft":"0x3195ddd5","insrncBnftSelected":"","pyAgrmntWrksht":"0x4aaddc97"}|0x3f3e9cb2
08:29:02.0 (91761727)|VARIABLE_ASSIGNMENT|[EXTERNAL]|value|""
08:29:02.0 (91767028)|VARIABLE_ASSIGNMENT|[528]|this.fcltyPrgrmSelected|""|0x3f3e9cb2
08:29:02.0 (91773137)|STATEMENT_EXECUTE|[551]
08:29:02.0 (91802308)|VARIABLE_ASSIGNMENT|[EXTERNAL]|this|{"facilitySelected":"","fcltyPrgrmSelected":"","insrncBnft":"0x3195ddd5","insrncBnftSelected":"","pyAgrmntWrksht":"0x4aaddc97"}|0x3f3e9cb2
08:29:02.0 (91809216)|VARIABLE_ASSIGNMENT|[EXTERNAL]|value|""
08:29:02.0 (91814796)|VARIABLE_ASSIGNMENT|[529]|this.rateAdjstmntSelected|""|0x3f3e9cb2
08:29:02.0 (91820763)|STATEMENT_EXECUTE|[552]
08:29:02.0 (91852577)|VARIABLE_ASSIGNMENT|[EXTERNAL]|this|{"facilitySelected":"","fcltyPrgrmSelected":"","insrncBnft":"0x3195ddd5","insrncBnftSelected":"","pyAgrmntWrksht":"0x4aaddc97","rateAdjstmntSelected":""}|0x3f3e9cb2
08:29:02.0 (91860949)|VARIABLE_ASSIGNMENT|[EXTERNAL]|value|0
08:29:02.0 (91865437)|HEAP_ALLOCATE|[530]|Bytes:4
08:29:02.0 (91872682)|VARIABLE_ASSIGNMENT|[530]|this.totalRowCount|0|0x3f3e9cb2
08:29:02.0 (91878682)|STATEMENT_EXECUTE|[553]
08:29:02.0 (91881423)|HEAP_ALLOCATE|[553]|Bytes:4
08:29:02.0 (91910949)|HEAP_ALLOCATE|[553]|Bytes:28
08:29:02.0 (91949421)|VARIABLE_ASSIGNMENT|[EXTERNAL]|this|{"facilitySelected":"","fcltyPrgrmSelected":"","insrncBnft":"0x3195ddd5","insrncBnftSelected":"","pyAgrmntWrksht":"0x4aaddc97","rateAdjstmntSelected":"","totalRowCount":0}|0x3f3e9cb2
08:29:02.0 (91960384)|VARIABLE_ASSIGNMENT|[EXTERNAL]|value|0.00
08:29:02.0 (91966821)|VARIABLE_ASSIGNMENT|[531]|this.totalTalbottDay|0.00|0x3f3e9cb2
08:29:02.0 (91972953)|STATEMENT_EXECUTE|[554]
08:29:02.0 (91978555)|HEAP_ALLOCATE|[554]|Bytes:28
08:29:02.0 (92016059)|VARIABLE_ASSIGNMENT|[EXTERNAL]|this|{"facilitySelected":"","fcltyPrgrmSelected":"","insrncBnft":"0x3195ddd5","insrncBnftSelected":"","pyAgrmntWrksht":"0x4aaddc97","rateAdjstmntSelected":"","totalRowCount":0,"totalTalbottDay":0.00}|0x3f3e9cb2
08:29:02.0 (92024320)|VARIABLE_ASSIGNMENT|[EXTERNAL]|value|0.00
08:29:02.0 (92030339)|VARIABLE_ASSIGNMENT|[532]|this.totalInsCoResp|0.00|0x3f3e9cb2
08:29:02.0 (92036205)|STATEMENT_EXECUTE|[555]
08:29:02.0 (92039906)|HEAP_ALLOCATE|[555]|Bytes:28
08:29:02.0 (92074411)|VARIABLE_ASSIGNMENT|[EXTERNAL]|this|{"facilitySelected":"","fcltyPrgrmSelected":"","insrncBnft":"0x3195ddd5","insrncBnftSelected":"","pyAgrmntWrksht":"0x4aaddc97","rateAdjstmntSelected":"","totalInsCoResp":0.00,"totalRowCount":0,"totalTalbottDay":0.00}|0x3f3e9cb2
08:29:02.0 (92082034)|VARIABLE_ASSIGNMENT|[EXTERNAL]|value|0.00
08:29:02.0 (92087736)|VARIABLE_ASSIGNMENT|[533]|this.totalCoPayAmt|0.00|0x3f3e9cb2
08:29:02.0 (92094060)|STATEMENT_EXECUTE|[556]
08:29:02.0 (92097436)|HEAP_ALLOCATE|[556]|Bytes:28
08:29:02.0 (92132273)|VARIABLE_ASSIGNMENT|[EXTERNAL]|this|{"facilitySelected":"","fcltyPrgrmSelected":"","insrncBnft":"0x3195ddd5","insrncBnftSelected":"","pyAgrmntWrksht":"0x4aaddc97","rateAdjstmntSelected":"","totalCoPayAmt":0.00,"totalInsCoResp":0.00,"totalRowCount":0,"totalTalbottDay":0.00}|0x3f3e9cb2
08:29:02.0 (92140016)|VARIABLE_ASSIGNMENT|[EXTERNAL]|value|0.00
08:29:02.0 (92145584)|VARIABLE_ASSIGNMENT|[534]|this.targetEDR|0.00|0x3f3e9cb2
08:29:02.0 (92151738)|STATEMENT_EXECUTE|[557]
08:29:02.0 (92155166)|HEAP_ALLOCATE|[557]|Bytes:28
08:29:02.0 (92161165)|VARIABLE_ASSIGNMENT|[557]|this.totalAppliedDeductible|0.00|0x3f3e9cb2
08:29:02.0 (92165585)|STATEMENT_EXECUTE|[558]
08:29:02.0 (92167987)|HEAP_ALLOCATE|[558]|Bytes:28
08:29:02.0 (92173375)|VARIABLE_ASSIGNMENT|[558]|this.totalCoInsurance|0.00|0x3f3e9cb2
08:29:02.0 (92177527)|STATEMENT_EXECUTE|[559]
08:29:02.0 (92179880)|HEAP_ALLOCATE|[559]|Bytes:28
08:29:02.0 (92184799)|VARIABLE_ASSIGNMENT|[559]|this.totalInsEIVAmt|0.00|0x3f3e9cb2
08:29:02.0 (92188839)|STATEMENT_EXECUTE|[560]
08:29:02.0 (92226813)|VARIABLE_ASSIGNMENT|[EXTERNAL]|this|{"facilitySelected":"","fcltyPrgrmSelected":"","insrncBnft":"0x3195ddd5","insrncBnftSelected":"","pyAgrmntWrksht":"0x4aaddc97","rateAdjstmntSelected":"","targetEDR":0.00,"totalAppliedDeductib (2 more) ...":0.00,"totalCoInsurance":0.00,"totalCoPayAmt":0.00,"totalInsCoResp":0.00,"totalInsEIVAmt":0.00,"totalRowCount":0,"totalTalbottDay":0.00}|0x3f3e9cb2
08:29:02.0 (92237355)|VARIABLE_ASSIGNMENT|[EXTERNAL]|value|false
08:29:02.0 (92241843)|HEAP_ALLOCATE|[542]|Bytes:5
08:29:02.0 (92246875)|VARIABLE_ASSIGNMENT|[542]|this.pawDetailListDisplayFlag|false|0x3f3e9cb2
08:29:02.0 (92253048)|STATEMENT_EXECUTE|[561]
08:29:02.0 (92329931)|HEAP_ALLOCATE|[561]|Bytes:4
08:29:02.0 (92424714)|VARIABLE_ASSIGNMENT|[EXTERNAL]|this|{"facilitySelected":"","fcltyPrgrmSelected":"","insrncBnft":"0x3195ddd5","insrncBnftSelected":"","pawDetailListDisplay (4 more) ...":false,"pyAgrmntWrksht":"0x4aaddc97","rateAdjstmntSelected":"","targetEDR":0.00,"totalAppliedDeductib (2 more) ...":0.00,"totalCoInsurance":0.00,"totalCoPayAmt":0.00,"totalInsCoResp":0.00,"totalInsEIVAmt":0.00,"totalRowCount":0,"totalTalbottDay":0.00}|0x3f3e9cb2
08:29:02.0 (92437867)|HEAP_ALLOCATE|[EXTERNAL]|Bytes:4
08:29:02.0 (92447259)|VARIABLE_ASSIGNMENT|[EXTERNAL]|value|[]|0x156ba9be
08:29:02.0 (92455740)|VARIABLE_ASSIGNMENT|[543]|this.relatedPAWDetailsList|[]|0x3f3e9cb2
08:29:02.0 (92464022)|CONSTRUCTOR_EXIT|[49]|01p0a000004sKzV|<init>()
08:29:02.0 (92504178)|VARIABLE_ASSIGNMENT|[EXTERNAL]|this|{"isIop":false,"isTalbott":false,"oppId":"","quoteObj":"0x5e7b6cad","sObjectQueryStr":""}|0x129d2bdc
08:29:02.0 (92536570)|VARIABLE_ASSIGNMENT|[EXTERNAL]|value|{"facilitySelected":"","fcltyPrgrmSelected":"","insrncBnft":"0x3195ddd5","insrncBnftSelected":"","pawDetailListDisplay (4 more) ...":false,"pyAgrmntWrksht":"0x4aaddc97","rateAdjstmntSelected":"","relatedPAWDetailsLis (1 more) ...":"0x156ba9be","targetEDR":0.00,"totalAppliedDeductib (2 more) ...":0.00,"totalCoInsurance":0.00,"totalCoPayAmt":0.00,"totalInsCoResp":0.00,"totalInsEIVAmt":0.00,"totalRowCount":0,"totalTalbottDay":0.00}|0x3f3e9cb2
08:29:02.0 (92548639)|VARIABLE_ASSIGNMENT|[30]|this.wrprObj|0x3f3e9cb2|0x129d2bdc
08:29:02.0 (92555034)|STATEMENT_EXECUTE|[50]
08:29:02.0 (92585451)|HEAP_ALLOCATE|[50]|Bytes:4
08:29:02.0 (92689493)|VARIABLE_ASSIGNMENT|[EXTERNAL]|this|{"isIop":false,"isTalbott":false,"oppId":"","quoteObj":"0x5e7b6cad","sObjectQueryStr":"","wrprObj":"0x3f3e9cb2"}|0x129d2bdc
08:29:02.0 (92699314)|VARIABLE_ASSIGNMENT|[EXTERNAL]|value|{}|0x7a164a91
08:29:02.0 (92708774)|VARIABLE_ASSIGNMENT|[18]|this.ptntInsrncObj|{}|0x129d2bdc
08:29:02.0 (92715776)|STATEMENT_EXECUTE|[51]
08:29:02.0 (92727698)|HEAP_ALLOCATE|[51]|Bytes:4
08:29:02.0 (92770329)|HEAP_ALLOCATE|[EXTERNAL]|Bytes:4
08:29:02.0 (92780902)|VARIABLE_ASSIGNMENT|[51]|this.ptntInsrnceOptions|[]|0x129d2bdc
08:29:02.0 (92785930)|STATEMENT_EXECUTE|[52]
08:29:02.0 (92790958)|HEAP_ALLOCATE|[52]|Bytes:4
08:29:02.0 (92810022)|HEAP_ALLOCATE|[EXTERNAL]|Bytes:4
08:29:02.0 (92815792)|VARIABLE_ASSIGNMENT|[52]|this.insrncBnftOptions|[]|0x129d2bdc
08:29:02.0 (92820581)|STATEMENT_EXECUTE|[53]
08:29:02.0 (92826903)|HEAP_ALLOCATE|[53]|Bytes:4
08:29:02.0 (92881835)|VARIABLE_ASSIGNMENT|[EXTERNAL]|this|{"insrncBnftOptions":"0x65724b73","isIop":false,"isTalbott":false,"oppId":"","ptntInsrnceOptions":"0x2d9c383a","ptntInsrncObj":"0x7a164a91","quoteObj":"0x5e7b6cad","sObjectQueryStr":"","wrprObj":"0x3f3e9cb2"}|0x129d2bdc
08:29:02.0 (92898023)|HEAP_ALLOCATE|[EXTERNAL]|Bytes:4
08:29:02.0 (92902952)|VARIABLE_ASSIGNMENT|[EXTERNAL]|value|[]|0x28073720
08:29:02.0 (92911645)|VARIABLE_ASSIGNMENT|[14]|this.faciltyOptions|[]|0x129d2bdc
08:29:02.0 (92917891)|STATEMENT_EXECUTE|[54]
08:29:02.0 (92922668)|HEAP_ALLOCATE|[54]|Bytes:4
08:29:02.0 (92970709)|VARIABLE_ASSIGNMENT|[EXTERNAL]|this|{"faciltyOptions":"0x28073720","insrncBnftOptions":"0x65724b73","isIop":false,"isTalbott":false,"oppId":"","ptntInsrnceOptions":"0x2d9c383a","ptntInsrncObj":"0x7a164a91","quoteObj":"0x5e7b6cad","sObjectQueryStr":"","wrprObj":"0x3f3e9cb2"}|0x129d2bdc
08:29:02.0 (92985039)|HEAP_ALLOCATE|[EXTERNAL]|Bytes:4
08:29:02.0 (92989780)|VARIABLE_ASSIGNMENT|[EXTERNAL]|value|[]|0x608db273
08:29:02.0 (92997709)|VARIABLE_ASSIGNMENT|[15]|this.fcltyPrgrmOptions|[]|0x129d2bdc
08:29:02.0 (93004044)|STATEMENT_EXECUTE|[55]
08:29:02.0 (93009468)|HEAP_ALLOCATE|[55]|Bytes:4
08:29:02.0 (93029091)|HEAP_ALLOCATE|[EXTERNAL]|Bytes:4
08:29:02.0 (93034826)|VARIABLE_ASSIGNMENT|[55]|this.rtAdjstmntOptions|[]|0x129d2bdc
08:29:02.0 (93039629)|STATEMENT_EXECUTE|[56]
08:29:02.0 (93052647)|HEAP_ALLOCATE|[56]|Bytes:4
08:29:02.0 (93070884)|VARIABLE_ASSIGNMENT|[56]|this.idToOwnershipFacilityMap|{}|0x129d2bdc
08:29:02.0 (93075596)|STATEMENT_EXECUTE|[57]
08:29:02.0 (93080175)|HEAP_ALLOCATE|[57]|Bytes:4
08:29:02.0 (93087498)|VARIABLE_ASSIGNMENT|[57]|this.idToTypeFacilityMap|{}|0x129d2bdc
08:29:02.0 (93092223)|STATEMENT_EXECUTE|[58]
08:29:02.0 (93132446)|HEAP_ALLOCATE|[58]|Bytes:4
08:29:02.0 (93157140)|VARIABLE_ASSIGNMENT|[58]|this.insrncBnftMap|{}|0x129d2bdc
08:29:02.0 (93162191)|STATEMENT_EXECUTE|[59]
08:29:02.0 (93187562)|HEAP_ALLOCATE|[59]|Bytes:4
08:29:02.0 (93238820)|VARIABLE_ASSIGNMENT|[59]|this.estmtCvrgeDaysObj|{}|0x129d2bdc
08:29:02.0 (93244065)|STATEMENT_EXECUTE|[60]
08:29:02.0 (93255243)|HEAP_ALLOCATE|[60]|Bytes:4
08:29:02.0 (93268430)|VARIABLE_ASSIGNMENT|[60]|this.pawObj|{}|0x129d2bdc
08:29:02.0 (93273460)|STATEMENT_EXECUTE|[61]
08:29:02.0 (93334354)|HEAP_ALLOCATE|[61]|Bytes:39
08:29:02.0 (93367386)|HEAP_ALLOCATE|[61]|Bytes:17
08:29:02.0 (93385971)|HEAP_ALLOCATE|[61]|Bytes:2
08:29:02.0 (93461140)|VARIABLE_ASSIGNMENT|[EXTERNAL]|this|{"estmtCvrgeDaysObj":"0x175354c2","faciltyOptions":"0x28073720","fcltyPrgrmOptions":"0x608db273","idToOwnershipFacilit (4 more) ...":"0x5b42e3fa","idToTypeFacilityMap":"0x4aed6185","insrncBnftMap":"0x477e5c81","insrncBnftOptions":"0x65724b73","isIop":false,"isTalbott":false,"oppId":"","pawObj":"0x4a06f5e8","ptntInsrnceOptions":"0x2d9c383a","ptntInsrncObj":"0x7a164a91","quoteObj":"0x5e7b6cad","rtAdjstmntOptions":"0x6179261","sObjectQueryStr":"","wrprObj":"0x3f3e9cb2"}|0x129d2bdc
08:29:02.0 (93473164)|VARIABLE_ASSIGNMENT|[EXTERNAL]|value|"00629000004NTeZ"
08:29:02.0 (93482108)|VARIABLE_ASSIGNMENT|[7]|this.recordId|"00629000004NTeZ"|0x129d2bdc
08:29:02.0 (93489131)|STATEMENT_EXECUTE|[62]
08:29:02.0 (93505859)|HEAP_ALLOCATE|[62]|Bytes:39
08:29:02.0 (93523965)|HEAP_ALLOCATE|[62]|Bytes:17
08:29:02.0 (93535976)|HEAP_ALLOCATE|[62]|Bytes:5
08:29:02.0 (93550394)|VARIABLE_ASSIGNMENT|[62]|this.isClone|null|0x129d2bdc
08:29:02.0 (93555303)|STATEMENT_EXECUTE|[63]
08:29:02.0 (93566929)|HEAP_ALLOCATE|[63]|Bytes:39
08:29:02.0 (93580687)|HEAP_ALLOCATE|[63]|Bytes:17
08:29:02.0 (93591377)|HEAP_ALLOCATE|[63]|Bytes:7
08:29:02.0 (93603275)|VARIABLE_ASSIGNMENT|[63]|this.quoteId|null|0x129d2bdc
08:29:02.0 (93612286)|STATEMENT_EXECUTE|[64]
08:29:02.0 (94302710)|HEAP_ALLOCATE|[64]|Bytes:160
08:29:02.0 (94311752)|HEAP_ALLOCATE|[64]|Bytes:11
08:29:02.0 (94318714)|HEAP_ALLOCATE|[64]|Bytes:44
08:29:02.0 (94328435)|CONSTRUCTOR_ENTRY|[64]|01p29000000Aswe|<init>()
08:29:02.0 (94348051)|VARIABLE_SCOPE_BEGIN|[12]|this|PAW_Editor_YearEndController.MetaData|true|false
08:29:02.0 (94374337)|VARIABLE_ASSIGNMENT|[12]|this|{}|0x27d73a6f
08:29:02.0 (94389716)|STATEMENT_EXECUTE|[12]
08:29:02.0 (94391138)|STATEMENT_EXECUTE|[13]
08:29:02.0 (94392173)|STATEMENT_EXECUTE|[14]
08:29:02.0 (94392959)|STATEMENT_EXECUTE|[15]
08:29:02.0 (94393918)|STATEMENT_EXECUTE|[16]
08:29:02.0 (94394914)|STATEMENT_EXECUTE|[17]
08:29:02.0 (94395815)|STATEMENT_EXECUTE|[18]
08:29:02.0 (94396746)|STATEMENT_EXECUTE|[19]
08:29:02.0 (94397531)|STATEMENT_EXECUTE|[20]
08:29:02.0 (94398321)|STATEMENT_EXECUTE|[21]
08:29:02.0 (94399208)|STATEMENT_EXECUTE|[22]
08:29:02.0 (94402106)|CONSTRUCTOR_EXIT|[64]|01p29000000Aswe|<init>()
08:29:02.0 (94466658)|VARIABLE_ASSIGNMENT|[EXTERNAL]|this|{"estmtCvrgeDaysObj":"0x175354c2","faciltyOptions":"0x28073720","fcltyPrgrmOptions":"0x608db273","idToOwnershipFacilit (4 more) ...":"0x5b42e3fa","idToTypeFacilityMap":"0x4aed6185","insrncBnftMap":"0x477e5c81","insrncBnftOptions":"0x65724b73","isIop":false,"isTalbott":false,"oppId":"","pawObj":"0x4a06f5e8","ptntInsrnceOptions":"0x2d9c383a","ptntInsrncObj":"0x7a164a91","quoteObj":"0x5e7b6cad","recordId":"00629000004NTeZ","rtAdjstmntOptions":"0x6179261","sObjectQueryStr":"","wrprObj":"0x3f3e9cb2"}|0x129d2bdc
08:29:02.0 (94498638)|VARIABLE_ASSIGNMENT|[EXTERNAL]|value|{}|0x27d73a6f
08:29:02.0 (94512161)|VARIABLE_ASSIGNMENT|[37]|this.meta|0x27d73a6f|0x129d2bdc
08:29:02.0 (99841718)|HEAP_ALLOCATE|[EXTERNAL]|Bytes:112
08:29:02.0 (99866015)|VARIABLE_SCOPE_BEGIN|[69]|this|PAW_New_EditCntrllr|true|false
08:29:02.0 (99977723)|VARIABLE_ASSIGNMENT|[69]|this|{"estmtCvrgeDaysObj":"0x175354c2","faciltyOptions":"0x28073720","fcltyPrgrmOptions":"0x608db273","idToOwnershipFacilit (4 more) ...":"0x5b42e3fa","idToTypeFacilityMap":"0x4aed6185","insrncBnftMap":"0x477e5c81","insrncBnftOptions":"0x65724b73","isIop":false,"isTalbott":false,"meta":"0x27d73a6f","oppId":"","pawObj":"0x4a06f5e8","ptntInsrnceOptions":"0x2d9c383a","ptntInsrncObj":"0x7a164a91","quoteObj":"0x5e7b6cad","recordId":"00629000004NTeZ","rtAdjstmntOptions":"0x6179261","sObjectQueryStr":"","wrprObj":"0x3f3e9cb2"}|0x129d2bdc
08:29:02.0 (100005412)|STATEMENT_EXECUTE|[69]
08:29:02.0 (100008591)|STATEMENT_EXECUTE|[71]
08:29:02.0 (100012795)|HEAP_ALLOCATE|[71]|Bytes:5
08:29:02.0 (100053366)|USER_DEBUG|[71]|DEBUG|>>> 1
08:29:02.0 (100073979)|STATEMENT_EXECUTE|[72]
08:29:02.0 (100162692)|VARIABLE_ASSIGNMENT|[EXTERNAL]|this|{"estmtCvrgeDaysObj":"0x175354c2","faciltyOptions":"0x28073720","fcltyPrgrmOptions":"0x608db273","idToOwnershipFacilit (4 more) ...":"0x5b42e3fa","idToTypeFacilityMap":"0x4aed6185","insrncBnftMap":"0x477e5c81","insrncBnftOptions":"0x65724b73","isIop":false,"isTalbott":false,"meta":"0x27d73a6f","oppId":"","pawObj":"0x4a06f5e8","ptntInsrnceOptions":"0x2d9c383a","ptntInsrncObj":"0x7a164a91","quoteObj":"0x5e7b6cad","recordId":"00629000004NTeZ","rtAdjstmntOptions":"0x6179261","sObjectQueryStr":"","wrprObj":"0x3f3e9cb2"}|0x129d2bdc
08:29:02.0 (100249402)|VARIABLE_ASSIGNMENT|[EXTERNAL]|this|{"estmtCvrgeDaysObj":"0x175354c2","faciltyOptions":"0x28073720","fcltyPrgrmOptions":"0x608db273","idToOwnershipFacilit (4 more) ...":"0x5b42e3fa","idToTypeFacilityMap":"0x4aed6185","insrncBnftMap":"0x477e5c81","insrncBnftOptions":"0x65724b73","isIop":false,"isTalbott":false,"meta":"0x27d73a6f","oppId":"","pawObj":"0x4a06f5e8","ptntInsrnceOptions":"0x2d9c383a","ptntInsrncObj":"0x7a164a91","quoteObj":"0x5e7b6cad","recordId":"00629000004NTeZ","rtAdjstmntOptions":"0x6179261","sObjectQueryStr":"","wrprObj":"0x3f3e9cb2"}|0x129d2bdc
08:29:02.0 (100298314)|STATEMENT_EXECUTE|[79]
08:29:02.0 (100372699)|VARIABLE_ASSIGNMENT|[EXTERNAL]|this|{"estmtCvrgeDaysObj":"0x175354c2","faciltyOptions":"0x28073720","fcltyPrgrmOptions":"0x608db273","idToOwnershipFacilit (4 more) ...":"0x5b42e3fa","idToTypeFacilityMap":"0x4aed6185","insrncBnftMap":"0x477e5c81","insrncBnftOptions":"0x65724b73","isIop":false,"isTalbott":false,"meta":"0x27d73a6f","oppId":"","pawObj":"0x4a06f5e8","ptntInsrnceOptions":"0x2d9c383a","ptntInsrncObj":"0x7a164a91","quoteObj":"0x5e7b6cad","recordId":"00629000004NTeZ","rtAdjstmntOptions":"0x6179261","sObjectQueryStr":"","wrprObj":"0x3f3e9cb2"}|0x129d2bdc
08:29:02.0 (100399828)|HEAP_ALLOCATE|[81]|Bytes:11
08:29:02.0 (101041692)|HEAP_ALLOCATE|[81]|Bytes:4
08:29:02.0 (101080981)|HEAP_ALLOCATE|[81]|Bytes:3
08:29:02.0 (101138584)|STATEMENT_EXECUTE|[81]
08:29:02.0 (101141643)|STATEMENT_EXECUTE|[82]
08:29:02.0 (101242976)|VARIABLE_ASSIGNMENT|[EXTERNAL]|this|{"estmtCvrgeDaysObj":"0x175354c2","faciltyOptions":"0x28073720","fcltyPrgrmOptions":"0x608db273","idToOwnershipFacilit (4 more) ...":"0x5b42e3fa","idToTypeFacilityMap":"0x4aed6185","insrncBnftMap":"0x477e5c81","insrncBnftOptions":"0x65724b73","isIop":false,"isTalbott":false,"meta":"0x27d73a6f","oppId":"","pawObj":"0x4a06f5e8","ptntInsrnceOptions":"0x2d9c383a","ptntInsrncObj":"0x7a164a91","quoteObj":"0x5e7b6cad","recordId":"00629000004NTeZ","rtAdjstmntOptions":"0x6179261","sObjectQueryStr":"","wrprObj":"0x3f3e9cb2"}|0x129d2bdc
08:29:02.0 (101268150)|VARIABLE_ASSIGNMENT|[EXTERNAL]|value|false
08:29:02.0 (101279148)|HEAP_ALLOCATE|[31]|Bytes:5
08:29:02.0 (101296541)|VARIABLE_ASSIGNMENT|[31]|this.showPILookup|false|0x129d2bdc
08:29:02.0 (101311703)|STATEMENT_EXECUTE|[83]
08:29:02.0 (101396509)|VARIABLE_ASSIGNMENT|[EXTERNAL]|this|{"estmtCvrgeDaysObj":"0x175354c2","faciltyOptions":"0x28073720","fcltyPrgrmOptions":"0x608db273","idToOwnershipFacilit (4 more) ...":"0x5b42e3fa","idToTypeFacilityMap":"0x4aed6185","insrncBnftMap":"0x477e5c81","insrncBnftOptions":"0x65724b73","isIop":false,"isTalbott":false,"meta":"0x27d73a6f","oppId":"","pawObj":"0x4a06f5e8","ptntInsrnceOptions":"0x2d9c383a","ptntInsrncObj":"0x7a164a91","quoteObj":"0x5e7b6cad","recordId":"00629000004NTeZ","rtAdjstmntOptions":"0x6179261","showPILookup":false,"sObjectQueryStr":"","wrprObj":"0x3f3e9cb2"}|0x129d2bdc
08:29:02.0 (101430111)|VARIABLE_ASSIGNMENT|[83]|this.oppId|"00629000004NTeZ"|0x129d2bdc
08:29:02.0 (101438816)|STATEMENT_EXECUTE|[84]
08:29:02.0 (101456853)|METHOD_ENTRY|[84]|01p0a000004sKzV|PAW_New_EditCntrllr.getPtntInsrnceOptions()
08:29:02.0 (101477442)|VARIABLE_SCOPE_BEGIN|[186]|this|PAW_New_EditCntrllr|true|false
08:29:02.0 (101559933)|VARIABLE_ASSIGNMENT|[186]|this|{"estmtCvrgeDaysObj":"0x175354c2","faciltyOptions":"0x28073720","fcltyPrgrmOptions":"0x608db273","idToOwnershipFacilit (4 more) ...":"0x5b42e3fa","idToTypeFacilityMap":"0x4aed6185","insrncBnftMap":"0x477e5c81","insrncBnftOptions":"0x65724b73","isIop":false,"isTalbott":false,"meta":"0x27d73a6f","oppId":"00629000004NTeZ","pawObj":"0x4a06f5e8","ptntInsrnceOptions":"0x2d9c383a","ptntInsrncObj":"0x7a164a91","quoteObj":"0x5e7b6cad","recordId":"00629000004NTeZ","rtAdjstmntOptions":"0x6179261","showPILookup":false,"sObjectQueryStr":"","wrprObj":"0x3f3e9cb2"}|0x129d2bdc
08:29:02.0 (101581242)|STATEMENT_EXECUTE|[186]
08:29:02.0 (101583160)|STATEMENT_EXECUTE|[190]
08:29:02.0 (101599346)|HEAP_ALLOCATE|[190]|Bytes:4
08:29:02.0 (101675028)|HEAP_ALLOCATE|[EXTERNAL]|Bytes:4
08:29:02.0 (101692094)|VARIABLE_ASSIGNMENT|[190]|this.ptntInsrnceOptions|[]|0x129d2bdc
08:29:02.0 (101701226)|STATEMENT_EXECUTE|[191]
08:29:02.0 (101709628)|HEAP_ALLOCATE|[191]|Bytes:12
08:29:02.0 (101785835)|HEAP_ALLOCATE|[EXTERNAL]|Bytes:4
08:29:02.0 (101798893)|STATEMENT_EXECUTE|[192]
08:29:02.0 (101858113)|HEAP_ALLOCATE|[192]|Bytes:4
08:29:02.0 (101867559)|HEAP_ALLOCATE|[192]|Bytes:95
08:29:02.0 (101883695)|HEAP_ALLOCATE|[192]|Bytes:4
08:29:02.0 (101904730)|HEAP_ALLOCATE|[192]|Bytes:7
08:29:02.0 (104343516)|SOQL_EXECUTE_BEGIN|[192]|Aggregations:0|SELECT Id, Name, Insurance_Company__c FROM Patient_Insurance__c WHERE Opportunity__c = :tmpVar1
08:29:02.0 (108865493)|SOQL_EXECUTE_END|[192]|Rows:4
08:29:02.0 (108894363)|HEAP_ALLOCATE|[192]|Bytes:20
08:29:02.0 (108924448)|HEAP_ALLOCATE|[192]|Bytes:449
08:29:02.0 (108987196)|HEAP_ALLOCATE|[192]|Bytes:20
08:29:02.0 (109037229)|HEAP_ALLOCATE|[192]|Bytes:16
08:29:02.0 (109052017)|HEAP_ALLOCATE|[192]|Bytes:4
08:29:02.0 (109059781)|HEAP_ALLOCATE|[192]|Bytes:16
08:29:02.0 (109066200)|HEAP_ALLOCATE|[192]|Bytes:4
08:29:02.0 (109070730)|HEAP_ALLOCATE|[192]|Bytes:16
08:29:02.0 (109076969)|HEAP_ALLOCATE|[192]|Bytes:4
08:29:02.0 (109081066)|HEAP_ALLOCATE|[192]|Bytes:16
08:29:02.0 (109087829)|HEAP_ALLOCATE|[192]|Bytes:4
08:29:02.0 (109154565)|VARIABLE_ASSIGNMENT|[192]|this.ptntInsrncMap|{"a1b29000000l40nAAA":{"Id":"a1b29000000l40nAAA","Name":"Maria Johnson - BCBS (17 more) ...","Insurance_Company__c":"0012900000AXSPBAA5"},"a1b29000000lvHQAAY":{"Id":"a1b29000000lvHQAAY","Name":"Maria Johnson - Valu (23 more) ...","Insurance_Company__c":"0012900000AXSP3AAP"},"a1b29000000lvHVAAY":{"Id":"a1b29000000lvHVAAY","Name":"Maria Johnson - Priv (7 more) ...","Insurance_Company__c":"0012900000AXSDqAAP"},"a1b29000000ly7uAAA":{"Id":"a1b29000000ly7uAAA","Name":"Maria Johnson - Alle (6 more) ...","Insurance_Company__c":"0012900000AXSlPAAX"}}|0x129d2bdc
08:29:02.0 (109225207)|HEAP_ALLOCATE|[EXTERNAL]|Bytes:20
08:29:02.0 (109243042)|HEAP_ALLOCATE|[197]|Bytes:465
08:29:02.0 (109491741)|HEAP_ALLOCATE|[197]|Bytes:5
08:29:02.0 (109512248)|HEAP_ALLOCATE|[197]|Bytes:16
08:29:02.0 (109524491)|VARIABLE_SCOPE_BEGIN|[197]|ptntInsrnceInstance|Patient_Insurance__c|true|false
08:29:02.0 (109585533)|VARIABLE_ASSIGNMENT|[197]|ptntInsrnceInstance|{"Id":"a1b29000000l40nAAA","Name":"Maria Johnson - BCBS (17 more) ...","Insurance_Company__c":"0012900000AXSPBAA5"}|0x53afe5f8
08:29:02.0 (109599532)|STATEMENT_EXECUTE|[197]
08:29:02.0 (109601622)|STATEMENT_EXECUTE|[198]
08:29:02.0 (109656055)|HEAP_ALLOCATE|[198]|Bytes:18
08:29:02.0 (109741922)|HEAP_ALLOCATE|[EXTERNAL]|Bytes:4
08:29:02.0 (109762658)|HEAP_ALLOCATE|[197]|Bytes:5
08:29:02.0 (109775124)|HEAP_ALLOCATE|[197]|Bytes:16
08:29:02.0 (109783544)|VARIABLE_SCOPE_BEGIN|[197]|ptntInsrnceInstance|Patient_Insurance__c|true|false
08:29:02.0 (109804116)|VARIABLE_ASSIGNMENT|[197]|ptntInsrnceInstance|{"Id":"a1b29000000lvHQAAY","Name":"Maria Johnson - Valu (23 more) ...","Insurance_Company__c":"0012900000AXSP3AAP"}|0x2704f8e3
08:29:02.0 (109813341)|STATEMENT_EXECUTE|[197]
08:29:02.0 (109814932)|STATEMENT_EXECUTE|[198]
08:29:02.0 (109826624)|HEAP_ALLOCATE|[198]|Bytes:18
08:29:02.0 (109884144)|HEAP_ALLOCATE|[EXTERNAL]|Bytes:4
08:29:02.0 (109904711)|HEAP_ALLOCATE|[197]|Bytes:5
08:29:02.0 (109917193)|HEAP_ALLOCATE|[197]|Bytes:16
08:29:02.0 (109925649)|VARIABLE_SCOPE_BEGIN|[197]|ptntInsrnceInstance|Patient_Insurance__c|true|false
08:29:02.0 (109946874)|VARIABLE_ASSIGNMENT|[197]|ptntInsrnceInstance|{"Id":"a1b29000000lvHVAAY","Name":"Maria Johnson - Priv (7 more) ...","Insurance_Company__c":"0012900000AXSDqAAP"}|0x6da821dc
08:29:02.0 (109955576)|STATEMENT_EXECUTE|[197]
08:29:02.0 (109957192)|STATEMENT_EXECUTE|[198]
08:29:02.0 (109968802)|HEAP_ALLOCATE|[198]|Bytes:18
08:29:02.0 (109985153)|HEAP_ALLOCATE|[EXTERNAL]|Bytes:4
08:29:02.0 (110040410)|HEAP_ALLOCATE|[197]|Bytes:5
08:29:02.0 (110058053)|HEAP_ALLOCATE|[197]|Bytes:16
08:29:02.0 (110066394)|VARIABLE_SCOPE_BEGIN|[197]|ptntInsrnceInstance|Patient_Insurance__c|true|false
08:29:02.0 (110085819)|VARIABLE_ASSIGNMENT|[197]|ptntInsrnceInstance|{"Id":"a1b29000000ly7uAAA","Name":"Maria Johnson - Alle (6 more) ...","Insurance_Company__c":"0012900000AXSlPAAX"}|0x77d15076
08:29:02.0 (110094456)|STATEMENT_EXECUTE|[197]
08:29:02.0 (110095919)|STATEMENT_EXECUTE|[198]
08:29:02.0 (110106628)|HEAP_ALLOCATE|[198]|Bytes:18
08:29:02.0 (110121808)|HEAP_ALLOCATE|[EXTERNAL]|Bytes:4
08:29:02.0 (110134845)|HEAP_ALLOCATE|[197]|Bytes:5
08:29:02.0 (110147423)|VARIABLE_ASSIGNMENT|[197]|ptntInsrnceInstance|null|
08:29:02.0 (110153984)|STATEMENT_EXECUTE|[201]
08:29:02.0 (110162676)|METHOD_EXIT|[84]|01p0a000004sKzV|PAW_New_EditCntrllr.getPtntInsrnceOptions()
08:29:02.0 (110292143)|VARIABLE_ASSIGNMENT|[EXTERNAL]|this|{"estmtCvrgeDaysObj":"0x175354c2","faciltyOptions":"0x28073720","fcltyPrgrmOptions":"0x608db273","idToOwnershipFacilit (4 more) ...":"0x5b42e3fa","idToTypeFacilityMap":"0x4aed6185","insrncBnftMap":"0x477e5c81","insrncBnftOptions":"0x65724b73","isIop":false,"isTalbott":false,"meta":"0x27d73a6f","oppId":"00629000004NTeZ","pawObj":"0x4a06f5e8","ptntInsrnceOptions":"0x1c2c015b","ptntInsrncMap":"0x79981274","ptntInsrncObj":"0x7a164a91","quoteObj":"0x5e7b6cad","recordId":"00629000004NTeZ","rtAdjstmntOptions":"0x6179261","showPILookup":false,"sObjectQueryStr":"","wrprObj":"0x3f3e9cb2"}|0x129d2bdc
08:29:02.0 (110321231)|HEAP_ALLOCATE|[86]|Bytes:26
08:29:02.0 (110490099)|HEAP_ALLOCATE|[86]|Bytes:4
08:29:02.0 (110519133)|HEAP_ALLOCATE|[86]|Bytes:3
08:29:02.0 (110549930)|STATEMENT_EXECUTE|[86]
08:29:02.0 (110552971)|STATEMENT_EXECUTE|[156]
08:29:02.0 (110570429)|METHOD_ENTRY|[156]|01p0a000004sKzV|PAW_New_EditCntrllr.getRedirect()
08:29:02.0 (110591107)|VARIABLE_SCOPE_BEGIN|[159]|this|PAW_New_EditCntrllr|true|false
08:29:02.0 (110679842)|VARIABLE_ASSIGNMENT|[159]|this|{"estmtCvrgeDaysObj":"0x175354c2","faciltyOptions":"0x28073720","fcltyPrgrmOptions":"0x608db273","idToOwnershipFacilit (4 more) ...":"0x5b42e3fa","idToTypeFacilityMap":"0x4aed6185","insrncBnftMap":"0x477e5c81","insrncBnftOptions":"0x65724b73","isIop":false,"isTalbott":false,"meta":"0x27d73a6f","oppId":"00629000004NTeZ","pawObj":"0x4a06f5e8","ptntInsrnceOptions":"0x1c2c015b","ptntInsrncMap":"0x79981274","ptntInsrncObj":"0x7a164a91","quoteObj":"0x5e7b6cad","recordId":"00629000004NTeZ","rtAdjstmntOptions":"0x6179261","showPILookup":false,"sObjectQueryStr":"","wrprObj":"0x3f3e9cb2"}|0x129d2bdc
08:29:02.0 (110700622)|STATEMENT_EXECUTE|[159]
08:29:02.0 (110702341)|STATEMENT_EXECUTE|[160]
08:29:02.0 (110705961)|HEAP_ALLOCATE|[160]|Bytes:5
08:29:02.0 (110742503)|USER_DEBUG|[160]|DEBUG|>>> 2
08:29:02.0 (110754022)|STATEMENT_EXECUTE|[161]
08:29:02.0 (110766009)|METHOD_ENTRY|[161]|01p0a000004sKzV|PAW_New_EditCntrllr.redirectIfLocked()
08:29:02.0 (110780765)|VARIABLE_SCOPE_BEGIN|[177]|this|PAW_New_EditCntrllr|true|false
08:29:02.0 (110857444)|VARIABLE_ASSIGNMENT|[177]|this|{"estmtCvrgeDaysObj":"0x175354c2","faciltyOptions":"0x28073720","fcltyPrgrmOptions":"0x608db273","idToOwnershipFacilit (4 more) ...":"0x5b42e3fa","idToTypeFacilityMap":"0x4aed6185","insrncBnftMap":"0x477e5c81","insrncBnftOptions":"0x65724b73","isIop":false,"isTalbott":false,"meta":"0x27d73a6f","oppId":"00629000004NTeZ","pawObj":"0x4a06f5e8","ptntInsrnceOptions":"0x1c2c015b","ptntInsrncMap":"0x79981274","ptntInsrncObj":"0x7a164a91","quoteObj":"0x5e7b6cad","recordId":"00629000004NTeZ","rtAdjstmntOptions":"0x6179261","showPILookup":false,"sObjectQueryStr":"","wrprObj":"0x3f3e9cb2"}|0x129d2bdc
08:29:02.0 (110876867)|STATEMENT_EXECUTE|[177]
08:29:02.0 (110953529)|VARIABLE_ASSIGNMENT|[EXTERNAL]|this|{"estmtCvrgeDaysObj":"0x175354c2","faciltyOptions":"0x28073720","fcltyPrgrmOptions":"0x608db273","idToOwnershipFacilit (4 more) ...":"0x5b42e3fa","idToTypeFacilityMap":"0x4aed6185","insrncBnftMap":"0x477e5c81","insrncBnftOptions":"0x65724b73","isIop":false,"isTalbott":false,"meta":"0x27d73a6f","oppId":"00629000004NTeZ","pawObj":"0x4a06f5e8","ptntInsrnceOptions":"0x1c2c015b","ptntInsrncMap":"0x79981274","ptntInsrncObj":"0x7a164a91","quoteObj":"0x5e7b6cad","recordId":"00629000004NTeZ","rtAdjstmntOptions":"0x6179261","showPILookup":false,"sObjectQueryStr":"","wrprObj":"0x3f3e9cb2"}|0x129d2bdc
08:29:02.0 (110976175)|STATEMENT_EXECUTE|[178]
08:29:02.0 (110977866)|STATEMENT_EXECUTE|[182]
08:29:02.0 (111052289)|VARIABLE_ASSIGNMENT|[EXTERNAL]|this|{"estmtCvrgeDaysObj":"0x175354c2","faciltyOptions":"0x28073720","fcltyPrgrmOptions":"0x608db273","idToOwnershipFacilit (4 more) ...":"0x5b42e3fa","idToTypeFacilityMap":"0x4aed6185","insrncBnftMap":"0x477e5c81","insrncBnftOptions":"0x65724b73","isIop":false,"isTalbott":false,"meta":"0x27d73a6f","oppId":"00629000004NTeZ","pawObj":"0x4a06f5e8","ptntInsrnceOptions":"0x1c2c015b","ptntInsrncMap":"0x79981274","ptntInsrncObj":"0x7a164a91","quoteObj":"0x5e7b6cad","recordId":"00629000004NTeZ","rtAdjstmntOptions":"0x6179261","showPILookup":false,"sObjectQueryStr":"","wrprObj":"0x3f3e9cb2"}|0x129d2bdc
08:29:02.0 (111707900)|VARIABLE_SCOPE_BEGIN|[4]|RecordLockUtility.isLockedFlag|Boolean|false|true
08:29:02.0 (111732976)|HEAP_ALLOCATE|[182]|Bytes:13
08:29:02.0 (111751220)|METHOD_ENTRY|[1]|01p0a000004sCDb|RecordLockUtility.RecordLockUtility()
08:29:02.0 (111758283)|STATEMENT_EXECUTE|[1]
08:29:02.0 (111762514)|STATEMENT_EXECUTE|[1]
08:29:02.0 (112135584)|SYSTEM_MODE_ENTER|false
08:29:02.0 (112150316)|HEAP_ALLOCATE|[182]|Bytes:5
08:29:02.0 (112159953)|SYSTEM_MODE_EXIT|false
08:29:02.0 (112199974)|METHOD_EXIT|[1]|RecordLockUtility
08:29:02.0 (112218450)|METHOD_ENTRY|[182]|01p0a000004sCDb|RecordLockUtility.redirectIfLocked(String)
08:29:02.0 (112227532)|VARIABLE_SCOPE_BEGIN|[29]|recordId|String|false|false
08:29:02.0 (112241862)|VARIABLE_ASSIGNMENT|[29]|recordId|"00629000004NTeZ"
08:29:02.0 (112267199)|SYSTEM_MODE_ENTER|false
08:29:02.0 (112275142)|HEAP_ALLOCATE|[30]|Bytes:5
08:29:02.0 (112281822)|STATEMENT_EXECUTE|[29]
08:29:02.0 (112283559)|STATEMENT_EXECUTE|[30]
08:29:02.0 (112298928)|HEAP_ALLOCATE|[30]|Bytes:4
08:29:02.0 (112345974)|METHOD_ENTRY|[30]|01p0a000004sCDb|RecordLockUtility.verifyIfLocked(Id)
08:29:02.0 (112367506)|VARIABLE_SCOPE_BEGIN|[14]|pRecordId|Id|false|false
08:29:02.0 (112572490)|VARIABLE_ASSIGNMENT|[14]|pRecordId|"00629000004NTeZAAW"
08:29:02.0 (112603244)|HEAP_ALLOCATE|[15]|Bytes:5
08:29:02.0 (112615741)|STATEMENT_EXECUTE|[14]
08:29:02.0 (112617691)|STATEMENT_EXECUTE|[15]
08:29:02.0 (113806016)|HEAP_ALLOCATE|[15]|Bytes:5
08:29:02.0 (113823375)|METHOD_EXIT|[30]|01p0a000004sCDb|RecordLockUtility.verifyIfLocked(Id)
08:29:02.0 (113835500)|HEAP_ALLOCATE|[30]|Bytes:5
08:29:02.0 (113851369)|VARIABLE_ASSIGNMENT|[30]|RecordLockUtility.isLockedFlag|false
08:29:02.0 (113861029)|STATEMENT_EXECUTE|[35]
08:29:02.0 (113862955)|STATEMENT_EXECUTE|[36]
08:29:02.0 (113866717)|SYSTEM_MODE_EXIT|false
08:29:02.0 (113875723)|METHOD_EXIT|[182]|01p0a000004sCDb|RecordLockUtility.redirectIfLocked(String)
08:29:02.0 (113884204)|METHOD_EXIT|[161]|01p0a000004sKzV|PAW_New_EditCntrllr.redirectIfLocked()
08:29:02.0 (113894463)|VARIABLE_SCOPE_BEGIN|[161]|redirectPR|System.PageReference|true|false
08:29:02.0 (113906762)|VARIABLE_ASSIGNMENT|[161]|redirectPR|null|
08:29:02.0 (113912788)|STATEMENT_EXECUTE|[162]
08:29:02.0 (113918896)|STATEMENT_EXECUTE|[166]
08:29:02.0 (113920326)|STATEMENT_EXECUTE|[173]
08:29:02.0 (113924885)|METHOD_EXIT|[156]|01p0a000004sKzV|PAW_New_EditCntrllr.getRedirect()
08:29:02.114 (114509314)|SYSTEM_MODE_ENTER|true
08:29:02.114 (114554979)|HEAP_ALLOCATE|[EXTERNAL]|Bytes:38
08:29:02.114 (114566155)|HEAP_ALLOCATE|[EXTERNAL]|Bytes:7
08:29:02.114 (114580107)|SYSTEM_METHOD_ENTRY|[1]|PageMessagesComponentController.PageMessagesComponentController()
08:29:02.114 (114585800)|STATEMENT_EXECUTE|[1]
08:29:02.114 (114786781)|SYSTEM_MODE_ENTER|true
08:29:02.114 (114853160)|HEAP_ALLOCATE|[EXTERNAL]|Bytes:8
08:29:02.114 (114862148)|VARIABLE_SCOPE_BEGIN|[88]|this|ApexPage.PageMessagesComponentController|true|false
08:29:02.114 (114922832)|VARIABLE_ASSIGNMENT|[88]|this|{}|0x39a31687
08:29:02.114 (114932655)|VARIABLE_SCOPE_BEGIN|[88]|escape|Boolean|false|false
08:29:02.114 (114942494)|VARIABLE_ASSIGNMENT|[88]|escape|null
08:29:02.115 (115110128)|SYSTEM_MODE_ENTER|true
08:29:02.115 (115147765)|HEAP_ALLOCATE|[EXTERNAL]|Bytes:8
08:29:02.115 (115155206)|VARIABLE_SCOPE_BEGIN|[2]|this|ApexPage.PageMessagesComponentController|true|false
08:29:02.115 (115177980)|VARIABLE_ASSIGNMENT|[2]|this|{}|0x39a31687
08:29:02.0 (116463728)|SYSTEM_MODE_ENTER|true
08:29:02.0 (116718483)|SYSTEM_MODE_ENTER|true
08:29:02.0 (117067044)|SYSTEM_MODE_ENTER|true
08:29:02.0 (124010648)|SYSTEM_MODE_ENTER|true
08:29:02.0 (124071928)|SYSTEM_MODE_ENTER|true
08:29:02.143 (143809208)|SYSTEM_MODE_ENTER|true
08:29:02.143 (143930769)|HEAP_ALLOCATE|[EXTERNAL]|Bytes:8
08:29:02.143 (143952241)|VARIABLE_SCOPE_BEGIN|[88]|this|ApexPage.PageMessagesComponentController|true|false
08:29:02.143 (144007860)|VARIABLE_ASSIGNMENT|[88]|this|{}|0x39a31687
08:29:02.143 (144018972)|VARIABLE_SCOPE_BEGIN|[88]|escape|Boolean|false|false
08:29:02.143 (144030555)|VARIABLE_ASSIGNMENT|[88]|escape|null
08:29:02.144 (144229589)|SYSTEM_MODE_ENTER|true
08:29:02.144 (144272205)|HEAP_ALLOCATE|[EXTERNAL]|Bytes:8
08:29:02.144 (144280457)|VARIABLE_SCOPE_BEGIN|[2]|this|ApexPage.PageMessagesComponentController|true|false
08:29:02.144 (144304416)|VARIABLE_ASSIGNMENT|[2]|this|{}|0x39a31687
08:29:02.0 (147069018)|SYSTEM_MODE_ENTER|true
08:29:02.0 (147103037)|HEAP_ALLOCATE|[EXTERNAL]|Bytes:112
08:29:02.0 (147111149)|VARIABLE_SCOPE_BEGIN|[186]|this|PAW_New_EditCntrllr|true|false
08:29:02.0 (147201608)|VARIABLE_ASSIGNMENT|[186]|this|{"estmtCvrgeDaysObj":"0x175354c2","faciltyOptions":"0x28073720","fcltyPrgrmOptions":"0x608db273","idToOwnershipFacilit (4 more) ...":"0x5b42e3fa","idToTypeFacilityMap":"0x4aed6185","insrncBnftMap":"0x477e5c81","insrncBnftOptions":"0x65724b73","isIop":false,"isTalbott":false,"meta":"0x27d73a6f","oppId":"00629000004NTeZ","pawObj":"0x4a06f5e8","ptntInsrnceOptions":"0x1c2c015b","ptntInsrncMap":"0x79981274","ptntInsrncObj":"0x7a164a91","quoteObj":"0x5e7b6cad","recordId":"00629000004NTeZ","rtAdjstmntOptions":"0x6179261","showPILookup":false,"sObjectQueryStr":"","wrprObj":"0x3f3e9cb2"}|0x129d2bdc
08:29:02.0 (147220693)|STATEMENT_EXECUTE|[186]
08:29:02.0 (147222307)|STATEMENT_EXECUTE|[190]
08:29:02.0 (147233085)|HEAP_ALLOCATE|[190]|Bytes:4
08:29:02.0 (147273315)|HEAP_ALLOCATE|[EXTERNAL]|Bytes:4
08:29:02.0 (147289314)|VARIABLE_ASSIGNMENT|[190]|this.ptntInsrnceOptions|[]|0x129d2bdc
08:29:02.0 (147294920)|STATEMENT_EXECUTE|[191]
08:29:02.0 (147321099)|HEAP_ALLOCATE|[EXTERNAL]|Bytes:4
08:29:02.0 (147328019)|STATEMENT_EXECUTE|[192]
08:29:02.0 (147349691)|HEAP_ALLOCATE|[192]|Bytes:4
08:29:02.0 (147358702)|HEAP_ALLOCATE|[192]|Bytes:4
08:29:02.0 (147522885)|SOQL_EXECUTE_BEGIN|[192]|Aggregations:0|SELECT Id, Name, Insurance_Company__c FROM Patient_Insurance__c WHERE Opportunity__c = :tmpVar1
08:29:02.0 (150195596)|SOQL_EXECUTE_END|[192]|Rows:4
08:29:02.0 (150215688)|HEAP_ALLOCATE|[192]|Bytes:20
08:29:02.0 (150237981)|HEAP_ALLOCATE|[192]|Bytes:449
08:29:02.0 (150268987)|HEAP_ALLOCATE|[192]|Bytes:20
08:29:02.0 (150288271)|HEAP_ALLOCATE|[192]|Bytes:16
08:29:02.0 (150298837)|HEAP_ALLOCATE|[192]|Bytes:4
08:29:02.0 (150303560)|HEAP_ALLOCATE|[192]|Bytes:16
08:29:02.0 (150307701)|HEAP_ALLOCATE|[192]|Bytes:4
08:29:02.0 (150310439)|HEAP_ALLOCATE|[192]|Bytes:16
08:29:02.0 (150314443)|HEAP_ALLOCATE|[192]|Bytes:4
08:29:02.0 (150317260)|HEAP_ALLOCATE|[192]|Bytes:16
08:29:02.0 (150320998)|HEAP_ALLOCATE|[192]|Bytes:4
08:29:02.0 (150367144)|VARIABLE_ASSIGNMENT|[192]|this.ptntInsrncMap|{"a1b29000000l40nAAA":{"Id":"a1b29000000l40nAAA","Name":"Maria Johnson - BCBS (17 more) ...","Insurance_Company__c":"0012900000AXSPBAA5"},"a1b29000000lvHQAAY":{"Id":"a1b29000000lvHQAAY","Name":"Maria Johnson - Valu (23 more) ...","Insurance_Company__c":"0012900000AXSP3AAP"},"a1b29000000lvHVAAY":{"Id":"a1b29000000lvHVAAY","Name":"Maria Johnson - Priv (7 more) ...","Insurance_Company__c":"0012900000AXSDqAAP"},"a1b29000000ly7uAAA":{"Id":"a1b29000000ly7uAAA","Name":"Maria Johnson - Alle (6 more) ...","Insurance_Company__c":"0012900000AXSlPAAX"}}|0x129d2bdc
08:29:02.0 (150393153)|HEAP_ALLOCATE|[EXTERNAL]|Bytes:20
08:29:02.0 (150405441)|HEAP_ALLOCATE|[197]|Bytes:465
08:29:02.0 (150431173)|HEAP_ALLOCATE|[197]|Bytes:5
08:29:02.0 (150455522)|HEAP_ALLOCATE|[197]|Bytes:16
08:29:02.0 (150466698)|VARIABLE_SCOPE_BEGIN|[197]|ptntInsrnceInstance|Patient_Insurance__c|true|false
08:29:02.0 (150482289)|VARIABLE_ASSIGNMENT|[197]|ptntInsrnceInstance|{"Id":"a1b29000000l40nAAA","Name":"Maria Johnson - BCBS (17 more) ...","Insurance_Company__c":"0012900000AXSPBAA5"}|0x670a7f
08:29:02.0 (150488855)|STATEMENT_EXECUTE|[197]
08:29:02.0 (150490408)|STATEMENT_EXECUTE|[198]
08:29:02.0 (150518519)|HEAP_ALLOCATE|[198]|Bytes:18
08:29:02.0 (150555453)|HEAP_ALLOCATE|[EXTERNAL]|Bytes:4
08:29:02.0 (150574786)|HEAP_ALLOCATE|[197]|Bytes:5
08:29:02.0 (150587440)|HEAP_ALLOCATE|[197]|Bytes:16
08:29:02.0 (150595618)|VARIABLE_SCOPE_BEGIN|[197]|ptntInsrnceInstance|Patient_Insurance__c|true|false
08:29:02.0 (150615275)|VARIABLE_ASSIGNMENT|[197]|ptntInsrnceInstance|{"Id":"a1b29000000lvHQAAY","Name":"Maria Johnson - Valu (23 more) ...","Insurance_Company__c":"0012900000AXSP3AAP"}|0x73f6a194
08:29:02.0 (150624777)|STATEMENT_EXECUTE|[197]
08:29:02.0 (150626390)|STATEMENT_EXECUTE|[198]
08:29:02.0 (150641996)|HEAP_ALLOCATE|[198]|Bytes:18
08:29:02.0 (150674819)|HEAP_ALLOCATE|[EXTERNAL]|Bytes:4
08:29:02.0 (150690930)|HEAP_ALLOCATE|[197]|Bytes:5
08:29:02.0 (150702366)|HEAP_ALLOCATE|[197]|Bytes:16
08:29:02.0 (150709978)|VARIABLE_SCOPE_BEGIN|[197]|ptntInsrnceInstance|Patient_Insurance__c|true|false
08:29:02.0 (150729680)|VARIABLE_ASSIGNMENT|[197]|ptntInsrnceInstance|{"Id":"a1b29000000lvHVAAY","Name":"Maria Johnson - Priv (7 more) ...","Insurance_Company__c":"0012900000AXSDqAAP"}|0x2cb04b08
08:29:02.0 (150738192)|STATEMENT_EXECUTE|[197]
08:29:02.0 (150739728)|STATEMENT_EXECUTE|[198]
08:29:02.0 (150750032)|HEAP_ALLOCATE|[198]|Bytes:18
08:29:02.0 (150766320)|HEAP_ALLOCATE|[EXTERNAL]|Bytes:4
08:29:02.0 (150783907)|HEAP_ALLOCATE|[197]|Bytes:5
08:29:02.0 (150792031)|HEAP_ALLOCATE|[197]|Bytes:16
08:29:02.0 (150797027)|VARIABLE_SCOPE_BEGIN|[197]|ptntInsrnceInstance|Patient_Insurance__c|true|false
08:29:02.0 (150809559)|VARIABLE_ASSIGNMENT|[197]|ptntInsrnceInstance|{"Id":"a1b29000000ly7uAAA","Name":"Maria Johnson - Alle (6 more) ...","Insurance_Company__c":"0012900000AXSlPAAX"}|0xe1f4b8e
08:29:02.0 (150814566)|STATEMENT_EXECUTE|[197]
08:29:02.0 (150815597)|STATEMENT_EXECUTE|[198]
08:29:02.0 (150821707)|HEAP_ALLOCATE|[198]|Bytes:18
08:29:02.0 (150831444)|HEAP_ALLOCATE|[EXTERNAL]|Bytes:4
08:29:02.0 (150839277)|HEAP_ALLOCATE|[197]|Bytes:5
08:29:02.0 (150847698)|VARIABLE_ASSIGNMENT|[197]|ptntInsrnceInstance|null|
08:29:02.0 (150852611)|STATEMENT_EXECUTE|[201]
08:29:02.0 (152548714)|SYSTEM_MODE_ENTER|true
08:29:02.0 (152590905)|HEAP_ALLOCATE|[EXTERNAL]|Bytes:112
08:29:02.0 (152599690)|VARIABLE_SCOPE_BEGIN|[215]|this|PAW_New_EditCntrllr|true|false
08:29:02.0 (152686785)|VARIABLE_ASSIGNMENT|[215]|this|{"estmtCvrgeDaysObj":"0x175354c2","faciltyOptions":"0x28073720","fcltyPrgrmOptions":"0x608db273","idToOwnershipFacilit (4 more) ...":"0x5b42e3fa","idToTypeFacilityMap":"0x4aed6185","insrncBnftMap":"0x477e5c81","insrncBnftOptions":"0x65724b73","isIop":false,"isTalbott":false,"meta":"0x27d73a6f","oppId":"00629000004NTeZ","pawObj":"0x4a06f5e8","ptntInsrnceOptions":"0x10056166","ptntInsrncMap":"0x36306a13","ptntInsrncObj":"0x7a164a91","quoteObj":"0x5e7b6cad","recordId":"00629000004NTeZ","rtAdjstmntOptions":"0x6179261","showPILookup":false,"sObjectQueryStr":"","wrprObj":"0x3f3e9cb2"}|0x129d2bdc
08:29:02.0 (152706197)|STATEMENT_EXECUTE|[215]
08:29:02.0 (152707774)|STATEMENT_EXECUTE|[216]
08:29:02.0 (152758624)|STATEMENT_EXECUTE|[217]
08:29:02.0 (152801889)|HEAP_ALLOCATE|[EXTERNAL]|Bytes:4
08:29:02.0 (152872665)|VARIABLE_ASSIGNMENT|[EXTERNAL]|this|{"estmtCvrgeDaysObj":"0x175354c2","faciltyOptions":"0x28073720","fcltyPrgrmOptions":"0x608db273","idToOwnershipFacilit (4 more) ...":"0x5b42e3fa","idToTypeFacilityMap":"0x4aed6185","insrncBnftMap":"0x477e5c81","insrncBnftOptions":"0x65724b73","isIop":false,"isTalbott":false,"meta":"0x27d73a6f","oppId":"00629000004NTeZ","pawObj":"0x4a06f5e8","ptntInsrnceOptions":"0x10056166","ptntInsrncMap":"0x36306a13","ptntInsrncObj":"0x7a164a91","quoteObj":"0x5e7b6cad","recordId":"00629000004NTeZ","rtAdjstmntOptions":"0x6179261","showPILookup":false,"sObjectQueryStr":"","wrprObj":"0x3f3e9cb2"}|0x129d2bdc
08:29:02.0 (152891332)|STATEMENT_EXECUTE|[218]
08:29:02.0 (152892742)|STATEMENT_EXECUTE|[219]
08:29:02.0 (152915767)|HEAP_ALLOCATE|[219]|Bytes:4
08:29:02.0 (152922779)|HEAP_ALLOCATE|[219]|Bytes:1083
08:29:02.0 (152930812)|HEAP_ALLOCATE|[219]|Bytes:4
08:29:02.0 (152992144)|VARIABLE_ASSIGNMENT|[EXTERNAL]|this|{"estmtCvrgeDaysObj":"0x175354c2","faciltyOptions":"0x28073720","fcltyPrgrmOptions":"0x608db273","idToOwnershipFacilit (4 more) ...":"0x5b42e3fa","idToTypeFacilityMap":"0x4aed6185","insrncBnftMap":"0x477e5c81","insrncBnftOptions":"0x65724b73","isIop":false,"isTalbott":false,"meta":"0x27d73a6f","oppId":"00629000004NTeZ","pawObj":"0x4a06f5e8","ptntInsrnceOptions":"0x10056166","ptntInsrncMap":"0x36306a13","ptntInsrncObj":"0x7a164a91","quoteObj":"0x5e7b6cad","recordId":"00629000004NTeZ","rtAdjstmntOptions":"0x6179261","showPILookup":false,"sObjectQueryStr":"","wrprObj":"0x3f3e9cb2"}|0x129d2bdc
08:29:02.0 (156569168)|SOQL_EXECUTE_BEGIN|[219]|Aggregations:0|SELECT Id, Name, RecordType.Name, Uncovered_Charges__c, Patient_Insurance__r.Accepts_Assignment_of_Benefits__c, Patient_Insurance__r.Opportunity__c, Patient_Insurance__r.Accreditation__c, Patient_Insurance__r.Insurance_Company__r.Name, PHP_Admit_Co_Payment__c, Detox_Admit_Co_Payment__c, RTC_Admit_Co_Payment__c, Deductible__c, Deductible_Met__c, IOP_Admit_Co_Payment__c, Max_Out_of_Pocket_Remaining__c, Insurance_Company_is_Out_of_Network__c, Annual_Max_Remaining__c, Deductible_Remaining__c, Detox_Pays_at__c, Detox_Over__c, RTC_Pays_at__c, Residential_Treatment_Override__c, PHP_Pays_at__c, Partial_Hospitalization_Override__c, IOP_Pays_at__c, Intensive_Outpatient_Override__c, Num_Days_Uncovered__c, Num_Days_Room__c, Uncovered_Days_Rate__c, Room_and_Board_Days_Rate__c, Uncovered_Days_Override__c, Room_and_Board_Days_Override__c, Deductible_Included_in_OOP__c, Uncovered_Days__c, Lifetime_Max__c, Lifetime_Max_Met__c, Annual_Max__c, Annual_Max_Met__c, Max_Out_of_Pocket__c, Max_Out_of_Pocket_Met__c, Co_Pay_Met__c FROM Insurance_Benefit__c WHERE Patient_Insurance__c = :tmpVar1
08:29:02.0 (160908620)|SOQL_EXECUTE_END|[219]|Rows:0
08:29:02.0 (160939510)|HEAP_ALLOCATE|[219]|Bytes:4
08:29:02.0 (160959807)|HEAP_ALLOCATE|[219]|Bytes:0
08:29:02.0 (161030931)|HEAP_ALLOCATE|[219]|Bytes:4
08:29:02.0 (161090537)|VARIABLE_ASSIGNMENT|[219]|this.insrncBnftMap|{}|0x129d2bdc
08:29:02.0 (161149422)|HEAP_ALLOCATE|[EXTERNAL]|Bytes:4
08:29:02.0 (161159504)|HEAP_ALLOCATE|[263]|Bytes:4
08:29:02.0 (161337360)|HEAP_ALLOCATE|[263]|Bytes:5
08:29:02.0 (161362916)|VARIABLE_ASSIGNMENT|[263]|insrncBnftInstance|null|
08:29:02.0 (161372510)|STATEMENT_EXECUTE|[263]
08:29:02.0 (161509859)|VARIABLE_ASSIGNMENT|[EXTERNAL]|this|{"estmtCvrgeDaysObj":"0x175354c2","faciltyOptions":"0x28073720","fcltyPrgrmOptions":"0x608db273","idToOwnershipFacilit (4 more) ...":"0x5b42e3fa","idToTypeFacilityMap":"0x4aed6185","insrncBnftMap":"0x2b6d8425","insrncBnftOptions":"0x65724b73","isIop":false,"isTalbott":false,"meta":"0x27d73a6f","oppId":"00629000004NTeZ","pawObj":"0x4a06f5e8","ptntInsrnceOptions":"0x10056166","ptntInsrncMap":"0x36306a13","ptntInsrncObj":"0x7a164a91","quoteObj":"0x5e7b6cad","recordId":"00629000004NTeZ","rtAdjstmntOptions":"0x6179261","showPILookup":false,"sObjectQueryStr":"","wrprObj":"0x3f3e9cb2"}|0x129d2bdc
08:29:02.0 (161641149)|VARIABLE_ASSIGNMENT|[EXTERNAL]|this|{"facilitySelected":"","fcltyPrgrmSelected":"","insrncBnft":"0x3195ddd5","insrncBnftSelected":"","pawDetailListDisplay (4 more) ...":false,"pyAgrmntWrksht":"0x4aaddc97","rateAdjstmntSelected":"","relatedPAWDetailsLis (1 more) ...":"0x156ba9be","targetEDR":0.00,"totalAppliedDeductib (2 more) ...":0.00,"totalCoInsurance":0.00,"totalCoPayAmt":0.00,"totalInsCoResp":0.00,"totalInsEIVAmt":0.00,"totalRowCount":0,"totalTalbottDay":0.00}|0x3f3e9cb2
08:29:02.0 (161738225)|VARIABLE_ASSIGNMENT|[EXTERNAL]|this|{"estmtCvrgeDaysObj":"0x175354c2","faciltyOptions":"0x28073720","fcltyPrgrmOptions":"0x608db273","idToOwnershipFacilit (4 more) ...":"0x5b42e3fa","idToTypeFacilityMap":"0x4aed6185","insrncBnftMap":"0x2b6d8425","insrncBnftOptions":"0x65724b73","isIop":false,"isTalbott":false,"meta":"0x27d73a6f","oppId":"00629000004NTeZ","pawObj":"0x4a06f5e8","ptntInsrnceOptions":"0x10056166","ptntInsrncMap":"0x36306a13","ptntInsrncObj":"0x7a164a91","quoteObj":"0x5e7b6cad","recordId":"00629000004NTeZ","rtAdjstmntOptions":"0x6179261","showPILookup":false,"sObjectQueryStr":"","wrprObj":"0x3f3e9cb2"}|0x129d2bdc
08:29:02.0 (161793938)|VARIABLE_ASSIGNMENT|[EXTERNAL]|this|{"facilitySelected":"","fcltyPrgrmSelected":"","insrncBnft":"0x3195ddd5","insrncBnftSelected":"","pawDetailListDisplay (4 more) ...":false,"pyAgrmntWrksht":"0x4aaddc97","rateAdjstmntSelected":"","relatedPAWDetailsLis (1 more) ...":"0x156ba9be","targetEDR":0.00,"totalAppliedDeductib (2 more) ...":0.00,"totalCoInsurance":0.00,"totalCoPayAmt":0.00,"totalInsCoResp":0.00,"totalInsEIVAmt":0.00,"totalRowCount":0,"totalTalbottDay":0.00}|0x3f3e9cb2
08:29:02.0 (161821860)|STATEMENT_EXECUTE|[269]
08:29:02.0 (161824100)|STATEMENT_EXECUTE|[270]
08:29:02.0 (161884663)|VARIABLE_ASSIGNMENT|[EXTERNAL]|this|{"estmtCvrgeDaysObj":"0x175354c2","faciltyOptions":"0x28073720","fcltyPrgrmOptions":"0x608db273","idToOwnershipFacilit (4 more) ...":"0x5b42e3fa","idToTypeFacilityMap":"0x4aed6185","insrncBnftMap":"0x2b6d8425","insrncBnftOptions":"0x65724b73","isIop":false,"isTalbott":false,"meta":"0x27d73a6f","oppId":"00629000004NTeZ","pawObj":"0x4a06f5e8","ptntInsrnceOptions":"0x10056166","ptntInsrncMap":"0x36306a13","ptntInsrncObj":"0x7a164a91","quoteObj":"0x5e7b6cad","recordId":"00629000004NTeZ","rtAdjstmntOptions":"0x6179261","showPILookup":false,"sObjectQueryStr":"","wrprObj":"0x3f3e9cb2"}|0x129d2bdc
08:29:02.0 (161931788)|VARIABLE_ASSIGNMENT|[EXTERNAL]|this|{"facilitySelected":"","fcltyPrgrmSelected":"","insrncBnft":"0x3195ddd5","insrncBnftSelected":"","pawDetailListDisplay (4 more) ...":false,"pyAgrmntWrksht":"0x4aaddc97","rateAdjstmntSelected":"","relatedPAWDetailsLis (1 more) ...":"0x156ba9be","targetEDR":0.00,"totalAppliedDeductib (2 more) ...":0.00,"totalCoInsurance":0.00,"totalCoPayAmt":0.00,"totalInsCoResp":0.00,"totalInsEIVAmt":0.00,"totalRowCount":0,"totalTalbottDay":0.00}|0x3f3e9cb2
08:29:02.0 (161942106)|VARIABLE_ASSIGNMENT|[EXTERNAL]|value|null|
08:29:02.0 (161949915)|VARIABLE_ASSIGNMENT|[525]|this.insrncBnft|null|0x3f3e9cb2
08:29:02.0 (161957942)|STATEMENT_EXECUTE|[272]
08:29:02.0 (162967581)|SYSTEM_MODE_ENTER|true
08:29:02.0 (163313031)|SYSTEM_MODE_ENTER|true
08:29:02.0 (163362573)|HEAP_ALLOCATE|[EXTERNAL]|Bytes:112
08:29:02.0 (163374140)|VARIABLE_SCOPE_BEGIN|[379]|this|PAW_New_EditCntrllr|true|false
08:29:02.0 (163460478)|VARIABLE_ASSIGNMENT|[379]|this|{"estmtCvrgeDaysObj":"0x175354c2","faciltyOptions":"0x28073720","fcltyPrgrmOptions":"0x608db273","idToOwnershipFacilit (4 more) ...":"0x5b42e3fa","idToTypeFacilityMap":"0x4aed6185","insrncBnftMap":"0x2b6d8425","insrncBnftOptions":"0x65724b73","isIop":false,"isTalbott":false,"meta":"0x27d73a6f","oppId":"00629000004NTeZ","pawObj":"0x4a06f5e8","ptntInsrnceOptions":"0x10056166","ptntInsrncMap":"0x36306a13","ptntInsrncObj":"0x7a164a91","quoteObj":"0x5e7b6cad","recordId":"00629000004NTeZ","rtAdjstmntOptions":"0x6179261","showPILookup":false,"sObjectQueryStr":"","wrprObj":"0x3f3e9cb2"}|0x129d2bdc
08:29:02.0 (163484420)|STATEMENT_EXECUTE|[379]
08:29:02.0 (163486798)|STATEMENT_EXECUTE|[380]
08:29:02.0 (163498898)|HEAP_ALLOCATE|[380]|Bytes:4
08:29:02.0 (163560748)|HEAP_ALLOCATE|[EXTERNAL]|Bytes:4
08:29:02.0 (163578687)|VARIABLE_ASSIGNMENT|[380]|this.rtAdjstmntOptions|[]|0x129d2bdc
08:29:02.0 (163587949)|STATEMENT_EXECUTE|[381]
08:29:02.0 (163597292)|HEAP_ALLOCATE|[381]|Bytes:8
08:29:02.0 (163672623)|HEAP_ALLOCATE|[EXTERNAL]|Bytes:4
08:29:02.0 (163778969)|VARIABLE_ASSIGNMENT|[EXTERNAL]|this|{"estmtCvrgeDaysObj":"0x175354c2","faciltyOptions":"0x28073720","fcltyPrgrmOptions":"0x608db273","idToOwnershipFacilit (4 more) ...":"0x5b42e3fa","idToTypeFacilityMap":"0x4aed6185","insrncBnftMap":"0x2b6d8425","insrncBnftOptions":"0x65724b73","isIop":false,"isTalbott":false,"meta":"0x27d73a6f","oppId":"00629000004NTeZ","pawObj":"0x4a06f5e8","ptntInsrnceOptions":"0x10056166","ptntInsrncMap":"0x36306a13","ptntInsrncObj":"0x7a164a91","quoteObj":"0x5e7b6cad","recordId":"00629000004NTeZ","rtAdjstmntOptions":"0x245c599b","showPILookup":false,"sObjectQueryStr":"","wrprObj":"0x3f3e9cb2"}|0x129d2bdc
08:29:02.0 (163866543)|VARIABLE_ASSIGNMENT|[EXTERNAL]|this|{"facilitySelected":"","fcltyPrgrmSelected":"","insrncBnftSelected":"","pawDetailListDisplay (4 more) ...":false,"pyAgrmntWrksht":"0x4aaddc97","rateAdjstmntSelected":"","relatedPAWDetailsLis (1 more) ...":"0x156ba9be","targetEDR":0.00,"totalAppliedDeductib (2 more) ...":0.00,"totalCoInsurance":0.00,"totalCoPayAmt":0.00,"totalInsCoResp":0.00,"totalInsEIVAmt":0.00,"totalRowCount":0,"totalTalbottDay":0.00}|0x3f3e9cb2
08:29:02.0 (163960672)|VARIABLE_ASSIGNMENT|[EXTERNAL]|this|{"estmtCvrgeDaysObj":"0x175354c2","faciltyOptions":"0x28073720","fcltyPrgrmOptions":"0x608db273","idToOwnershipFacilit (4 more) ...":"0x5b42e3fa","idToTypeFacilityMap":"0x4aed6185","insrncBnftMap":"0x2b6d8425","insrncBnftOptions":"0x65724b73","isIop":false,"isTalbott":false,"meta":"0x27d73a6f","oppId":"00629000004NTeZ","pawObj":"0x4a06f5e8","ptntInsrnceOptions":"0x10056166","ptntInsrncMap":"0x36306a13","ptntInsrncObj":"0x7a164a91","quoteObj":"0x5e7b6cad","recordId":"00629000004NTeZ","rtAdjstmntOptions":"0x245c599b","showPILookup":false,"sObjectQueryStr":"","wrprObj":"0x3f3e9cb2"}|0x129d2bdc
08:29:02.0 (164036285)|VARIABLE_ASSIGNMENT|[EXTERNAL]|this|{"facilitySelected":"","fcltyPrgrmSelected":"","insrncBnftSelected":"","pawDetailListDisplay (4 more) ...":false,"pyAgrmntWrksht":"0x4aaddc97","rateAdjstmntSelected":"","relatedPAWDetailsLis (1 more) ...":"0x156ba9be","targetEDR":0.00,"totalAppliedDeductib (2 more) ...":0.00,"totalCoInsurance":0.00,"totalCoPayAmt":0.00,"totalInsCoResp":0.00,"totalInsEIVAmt":0.00,"totalRowCount":0,"totalTalbottDay":0.00}|0x3f3e9cb2
08:29:02.0 (164067412)|STATEMENT_EXECUTE|[382]
08:29:02.0 (164069848)|STATEMENT_EXECUTE|[400]
08:29:02.0 (164504832)|SYSTEM_MODE_ENTER|true
08:29:02.0 (182906038)|VF_SERIALIZE_VIEWSTATE_BEGIN|0660a0000009uTC
08:29:02.0 (189885629)|VF_SERIALIZE_VIEWSTATE_END
08:29:02.195 (195160037)|CUMULATIVE_LIMIT_USAGE
08:29:02.195 (195160037)|LIMIT_USAGE_FOR_NS|(default)|
  Number of SOQL queries: 3 out of 100
  Number of query rows: 8 out of 50000
  Number of SOSL queries: 0 out of 20
  Number of DML statements: 0 out of 150
  Number of DML rows: 0 out of 10000
  Maximum CPU time: 0 out of 10000
  Maximum heap size: 0 out of 6000000
  Number of callouts: 0 out of 100
  Number of Email Invocations: 0 out of 10
  Number of future calls: 0 out of 50
  Number of queueable jobs added to the queue: 0 out of 50
  Number of Mobile Apex push calls: 0 out of 10

08:29:02.195 (195160037)|CUMULATIVE_LIMIT_USAGE_END

08:29:02.0 (195197149)|CODE_UNIT_FINISHED|VF: /apex/PAW_New_Edit
08:29:02.0 (195992749)|EXECUTION_FINISHED
