37.0 APEX_CODE,FINEST;APEX_PROFILING,INFO;CALLOUT,INFO;DB,INFO;SYSTEM,DEBUG;VALIDATION,INFO;VISUALFORCE,INFO;WAVE,INFO;WORKFLOW,FINER
07:25:05.0 (294096)|USER_INFO|[EXTERNAL]|00529000000zYiy|bhakti.gujrathi@eternussolutions.com.frnstgng|Central Standard Time|GMT-06:00
07:25:05.0 (334635)|EXECUTION_STARTED
07:25:05.0 (338972)|CODE_UNIT_STARTED|[EXTERNAL]|0660a0000009uTC|VF: /apex/PAW_New_Edit
07:25:05.0 (762039)|VF_DESERIALIZE_VIEWSTATE_BEGIN|0660a0000009uTC
07:25:05.0 (9439256)|HEAP_ALLOCATE|[72]|Bytes:3
07:25:05.0 (9496550)|HEAP_ALLOCATE|[77]|Bytes:152
07:25:05.0 (9510428)|HEAP_ALLOCATE|[342]|Bytes:408
07:25:05.0 (9523412)|HEAP_ALLOCATE|[355]|Bytes:408
07:25:05.0 (9534219)|HEAP_ALLOCATE|[467]|Bytes:48
07:25:05.0 (9561863)|HEAP_ALLOCATE|[139]|Bytes:6
07:25:05.0 (9590440)|HEAP_ALLOCATE|[50]|Bytes:5
07:25:05.0 (9611469)|HEAP_ALLOCATE|[56]|Bytes:5
07:25:05.0 (9618420)|HEAP_ALLOCATE|[64]|Bytes:7
07:25:05.0 (14014689)|VARIABLE_SCOPE_BEGIN|[35]|PAW_New_EditCntrllr.globalSchemaMap|Map<String,Schema.SObjectType>|true|true
07:25:05.0 (14030446)|VARIABLE_SCOPE_BEGIN|[3]|PAW_New_EditCntrllr.yearEndMode|Boolean|false|true
07:25:05.0 (18559805)|VF_DESERIALIZE_VIEWSTATE_END
07:25:05.20 (20297512)|SYSTEM_MODE_ENTER|true
07:25:05.20 (20383713)|HEAP_ALLOCATE|[EXTERNAL]|Bytes:38
07:25:05.20 (20393691)|HEAP_ALLOCATE|[EXTERNAL]|Bytes:7
07:25:05.20 (20404589)|SYSTEM_METHOD_ENTRY|[1]|PageMessagesComponentController.PageMessagesComponentController()
07:25:05.20 (20409477)|STATEMENT_EXECUTE|[1]
07:25:05.21 (21152380)|SYSTEM_MODE_ENTER|true
07:25:05.21 (21206333)|HEAP_ALLOCATE|[EXTERNAL]|Bytes:8
07:25:05.21 (21214212)|VARIABLE_SCOPE_BEGIN|[88]|this|ApexPage.PageMessagesComponentController|true|false
07:25:05.21 (21251453)|VARIABLE_ASSIGNMENT|[88]|this|{}|0x5c05c32
07:25:05.21 (21257447)|VARIABLE_SCOPE_BEGIN|[88]|escape|Boolean|false|false
07:25:05.21 (21264382)|VARIABLE_ASSIGNMENT|[88]|escape|null
07:25:05.0 (21470336)|SYSTEM_MODE_ENTER|true
07:25:05.0 (21492561)|HEAP_ALLOCATE|[EXTERNAL]|Bytes:11
07:25:05.0 (21501928)|HEAP_ALLOCATE|[EXTERNAL]|Bytes:304
07:25:05.0 (21506818)|HEAP_ALLOCATE|[EXTERNAL]|Bytes:98
07:25:05.0 (21510303)|HEAP_ALLOCATE|[EXTERNAL]|Bytes:10
07:25:05.0 (21521382)|METHOD_ENTRY|[1]|01p0a000004sKzV|PAW_New_EditCntrllr.PAW_New_EditCntrllr()
07:25:05.0 (21526523)|STATEMENT_EXECUTE|[1]
07:25:05.0 (21530255)|STATEMENT_EXECUTE|[1]
07:25:05.0 (21531296)|STATEMENT_EXECUTE|[3]
07:25:05.0 (22747036)|VARIABLE_SCOPE_BEGIN|[3]|PAW_YearEnd_Config.setting|Year_End_PAW_Settings__c|true|true
07:25:05.0 (22768622)|HEAP_ALLOCATE|[3]|Bytes:1
07:25:05.0 (22778740)|HEAP_ALLOCATE|[3]|Bytes:1
07:25:05.0 (22792762)|METHOD_ENTRY|[1]|01p29000000Aswf|PAW_YearEnd_Config.PAW_YearEnd_Config()
07:25:05.0 (22799461)|STATEMENT_EXECUTE|[1]
07:25:05.0 (22803830)|STATEMENT_EXECUTE|[1]
07:25:05.0 (22824007)|SYSTEM_MODE_ENTER|false
07:25:05.0 (22834065)|HEAP_ALLOCATE|[3]|Bytes:5
07:25:05.0 (22843630)|SYSTEM_MODE_EXIT|false
07:25:05.0 (22853875)|METHOD_EXIT|[1]|PAW_YearEnd_Config
07:25:05.0 (22869457)|METHOD_ENTRY|[3]|01p29000000Aswf|PAW_YearEnd_Config.fetch()
07:25:05.0 (22899920)|SYSTEM_MODE_ENTER|false
07:25:05.0 (22904960)|HEAP_ALLOCATE|[6]|Bytes:5
07:25:05.0 (22908851)|STATEMENT_EXECUTE|[5]
07:25:05.0 (22912549)|STATEMENT_EXECUTE|[7]
07:25:05.0 (23893534)|HEAP_ALLOCATE|[7]|Bytes:20
07:25:05.0 (23945811)|VARIABLE_ASSIGNMENT|[7]|PAW_YearEnd_Config.setting|{"IsDeleted":false,"Name":"Year End PAW Setting (11 more) ...","SetupOwnerId":"00529000000zYiyAAE","Year_End_Mode_Enable (4 more) ...":false}|0x4f3f6e4
07:25:05.0 (23957280)|STATEMENT_EXECUTE|[9]
07:25:05.0 (23960563)|HEAP_ALLOCATE|[9]|Bytes:14
07:25:05.0 (24109274)|HEAP_ALLOCATE|[9]|Bytes:145
07:25:05.0 (24135236)|HEAP_ALLOCATE|[9]|Bytes:159
07:25:05.0 (24156777)|USER_DEBUG|[9]|DEBUG|>>> setting : Year_End_PAW_Settings__c:{IsDeleted=false, Name=Year End PAW Settings (Profile), SetupOwnerId=00529000000zYiyAAE, Year_End_Mode_Enabled__c=false}
07:25:05.0 (24165451)|STATEMENT_EXECUTE|[10]
07:25:05.0 (24170976)|SYSTEM_MODE_EXIT|false
07:25:05.0 (24178700)|METHOD_EXIT|[3]|01p29000000Aswf|PAW_YearEnd_Config.fetch()
07:25:05.0 (24214334)|VARIABLE_ASSIGNMENT|[3]|PAW_New_EditCntrllr.yearEndMode|false
07:25:05.0 (24218944)|STATEMENT_EXECUTE|[522]
07:25:05.0 (24223539)|METHOD_EXIT|[1]|PAW_New_EditCntrllr
07:25:05.0 (25385326)|SYSTEM_MODE_ENTER|true
07:25:05.0 (26839701)|SYSTEM_MODE_ENTER|true
07:25:05.0 (26897849)|HEAP_ALLOCATE|[EXTERNAL]|Bytes:476
07:25:05.0 (26910964)|HEAP_ALLOCATE|[EXTERNAL]|Bytes:71
07:25:05.0 (32372137)|SYSTEM_MODE_ENTER|true
07:25:05.0 (32434537)|SYSTEM_MODE_ENTER|true
07:25:05.0 (37271436)|SYSTEM_MODE_ENTER|true
07:25:05.0 (37489503)|HEAP_ALLOCATE|[EXTERNAL]|Bytes:112
07:25:05.0 (37502849)|VARIABLE_SCOPE_BEGIN|[215]|this|PAW_New_EditCntrllr|true|false
07:25:05.0 (37628707)|VARIABLE_ASSIGNMENT|[215]|this|{"cmpnyRateAdjstmntMap":"0x3af25932","estmtCnrgDaysMap":"0x648d1a81","estmtCvrgeDaysObj":"0x354d033c","faciltyOptions":"0x713b5e4f","fcltyPrgmMap":"0x5928a293","fcltyPrgrmOptions":"0x55fde225","idToOwnershipFacilit (4 more) ...":"0x8f44f45","idToTypeFacilityMap":"0x2396b132","insrncBnftMap":"0x3fb6b3e9","insrncBnftOptions":"0x56092f0","isIop":false,"isTalbott":false,"meta":"0x2fc47b7e","oppId":"00629000004NTeZ","pawObj":"0x394d4095","ptntInsrnceOptions":"0x33ee85ae","ptntInsrncMap":"0x32186631","ptntInsrncObj":"0x4143b702","quoteObj":"0x3e0bf487","recordId":"00629000004NTeZ","rtAdjstmntOptions":"0x6d91523b","showPILookup":false,"sObjectQueryStr":"","wrprObj":"0x344b0540"}|0x3dcf9983
07:25:05.0 (37651705)|STATEMENT_EXECUTE|[215]
07:25:05.0 (37653625)|STATEMENT_EXECUTE|[216]
07:25:05.0 (37702800)|STATEMENT_EXECUTE|[217]
07:25:05.0 (37716073)|HEAP_ALLOCATE|[217]|Bytes:12
07:25:05.0 (37766849)|HEAP_ALLOCATE|[EXTERNAL]|Bytes:4
07:25:05.0 (37841392)|VARIABLE_ASSIGNMENT|[EXTERNAL]|this|{"cmpnyRateAdjstmntMap":"0x3af25932","estmtCnrgDaysMap":"0x648d1a81","estmtCvrgeDaysObj":"0x354d033c","faciltyOptions":"0x713b5e4f","fcltyPrgmMap":"0x5928a293","fcltyPrgrmOptions":"0x55fde225","idToOwnershipFacilit (4 more) ...":"0x8f44f45","idToTypeFacilityMap":"0x2396b132","insrncBnftMap":"0x3fb6b3e9","insrncBnftOptions":"0x56092f0","isIop":false,"isTalbott":false,"meta":"0x2fc47b7e","oppId":"00629000004NTeZ","pawObj":"0x394d4095","ptntInsrnceOptions":"0x33ee85ae","ptntInsrncMap":"0x32186631","ptntInsrncObj":"0x4143b702","quoteObj":"0x3e0bf487","recordId":"00629000004NTeZ","rtAdjstmntOptions":"0x6d91523b","showPILookup":false,"sObjectQueryStr":"","wrprObj":"0x344b0540"}|0x3dcf9983
07:25:05.0 (37862014)|STATEMENT_EXECUTE|[218]
07:25:05.0 (37863258)|STATEMENT_EXECUTE|[219]
07:25:05.0 (37893940)|HEAP_ALLOCATE|[219]|Bytes:4
07:25:05.0 (37899979)|HEAP_ALLOCATE|[219]|Bytes:1083
07:25:05.0 (37911831)|HEAP_ALLOCATE|[219]|Bytes:4
07:25:05.0 (37922185)|HEAP_ALLOCATE|[219]|Bytes:7
07:25:05.0 (37982821)|VARIABLE_ASSIGNMENT|[EXTERNAL]|this|{"cmpnyRateAdjstmntMap":"0x3af25932","estmtCnrgDaysMap":"0x648d1a81","estmtCvrgeDaysObj":"0x354d033c","faciltyOptions":"0x713b5e4f","fcltyPrgmMap":"0x5928a293","fcltyPrgrmOptions":"0x55fde225","idToOwnershipFacilit (4 more) ...":"0x8f44f45","idToTypeFacilityMap":"0x2396b132","insrncBnftMap":"0x3fb6b3e9","insrncBnftOptions":"0x56092f0","isIop":false,"isTalbott":false,"meta":"0x2fc47b7e","oppId":"00629000004NTeZ","pawObj":"0x394d4095","ptntInsrnceOptions":"0x33ee85ae","ptntInsrncMap":"0x32186631","ptntInsrncObj":"0x4143b702","quoteObj":"0x3e0bf487","recordId":"00629000004NTeZ","rtAdjstmntOptions":"0x6d91523b","showPILookup":false,"sObjectQueryStr":"","wrprObj":"0x344b0540"}|0x3dcf9983
07:25:05.0 (41161558)|SOQL_EXECUTE_BEGIN|[219]|Aggregations:0|SELECT Id, Name, RecordType.Name, Uncovered_Charges__c, Patient_Insurance__r.Accepts_Assignment_of_Benefits__c, Patient_Insurance__r.Opportunity__c, Patient_Insurance__r.Accreditation__c, Patient_Insurance__r.Insurance_Company__r.Name, PHP_Admit_Co_Payment__c, Detox_Admit_Co_Payment__c, RTC_Admit_Co_Payment__c, Deductible__c, Deductible_Met__c, IOP_Admit_Co_Payment__c, Max_Out_of_Pocket_Remaining__c, Insurance_Company_is_Out_of_Network__c, Annual_Max_Remaining__c, Deductible_Remaining__c, Detox_Pays_at__c, Detox_Over__c, RTC_Pays_at__c, Residential_Treatment_Override__c, PHP_Pays_at__c, Partial_Hospitalization_Override__c, IOP_Pays_at__c, Intensive_Outpatient_Override__c, Num_Days_Uncovered__c, Num_Days_Room__c, Uncovered_Days_Rate__c, Room_and_Board_Days_Rate__c, Uncovered_Days_Override__c, Room_and_Board_Days_Override__c, Deductible_Included_in_OOP__c, Uncovered_Days__c, Lifetime_Max__c, Lifetime_Max_Met__c, Annual_Max__c, Annual_Max_Met__c, Max_Out_of_Pocket__c, Max_Out_of_Pocket_Met__c, Co_Pay_Met__c FROM Insurance_Benefit__c WHERE Patient_Insurance__c = :tmpVar1
07:25:05.0 (56876325)|SOQL_EXECUTE_END|[219]|Rows:2
07:25:05.0 (56914150)|HEAP_ALLOCATE|[219]|Bytes:12
07:25:05.0 (56968637)|HEAP_ALLOCATE|[219]|Bytes:2986
07:25:05.0 (57063371)|HEAP_ALLOCATE|[219]|Bytes:12
07:25:05.0 (57121413)|HEAP_ALLOCATE|[219]|Bytes:108
07:25:05.0 (57134787)|HEAP_ALLOCATE|[219]|Bytes:4
07:25:05.0 (57140532)|HEAP_ALLOCATE|[219]|Bytes:108
07:25:05.0 (57145027)|HEAP_ALLOCATE|[219]|Bytes:4
07:25:05.0 (57246356)|VARIABLE_ASSIGNMENT|[219]|this.insrncBnftMap|{"a1H29000000pRTUEA2":{"Id":"a1H29000000pRTUEA2","Name":"Insurance Benefit 75 (2 more) ...","RecordTypeId":"012j00000015GS6AAM","Patient_Insurance__c":"a1b29000000lvHQAAY","PHP_Admit_Co_Payment (3 more) ...":0.00,"Deductible__c":5000.00,"Deductible_Met__c":0.00,"Max_Out_of_Pocket_Re (10 more) ...":10000.00,"Insurance_Company_is (18 more) ...":false,"Annual_Max_Remaining (3 more) ...":1000000,"Deductible_Remaining (3 more) ...":5000.00,"Detox_Pays_at__c":80.00,"RTC_Pays_at__c":80.00,"PHP_Pays_at__c":80.00,"IOP_Pays_at__c":80.00,"Uncovered_Days_Rate_ (2 more) ...":630.00,"Room_and_Board_Days_ (7 more) ...":2000.00,"Deductible_Included_ (9 more) ...":"Yes","Lifetime_Max__c":1000000.00,"Lifetime_Max_Met__c":0.00,"Annual_Max__c":1000000.00,"Annual_Max_Met__c":0.00,"Max_Out_of_Pocket__c":10000.00,"Max_Out_of_Pocket_Me (4 more) ...":0.00,"RecordType":{"Name":"In Network","Id":"012j00000015GS6AAM"},"Patient_Insurance__r":{"Opportunity__c":"00629000004NTeZAAW","Accreditation__c":"State","Insurance_Company__c":"0012900000AXSP3AAP","Id":"a1b29000000lvHQAAY","Insurance_Company__r":{"Name":"Value Options/Beacon (7 more) ...","Id":"0012900000AXSP3AAP","RecordTypeId":"012j00000015GRqAAM"}}},"a1H29000000pRTZEA2":{"Id":"a1H29000000pRTZEA2","Name":"Insurance Benefit 75 (2 more) ...","RecordTypeId":"012j00000015GS7AAM","Patient_Insurance__c":"a1b29000000lvHQAAY","PHP_Admit_Co_Payment (3 more) ...":0.00,"Deductible__c":10000.00,"Deductible_Met__c":0.00,"Max_Out_of_Pocket_Re (10 more) ...":20000.00,"Insurance_Company_is (18 more) ...":false,"Annual_Max_Remaining (3 more) ...":1000000,"Deductible_Remaining (3 more) ...":10000.00,"Detox_Pays_at__c":60.00,"RTC_Pays_at__c":60.00,"PHP_Pays_at__c":60.00,"IOP_Pays_at__c":60.00,"Uncovered_Days_Rate_ (2 more) ...":630.00,"Room_and_Board_Days_ (7 more) ...":2000.00,"Deductible_Included_ (9 more) ...":"Yes","Lifetime_Max__c":1000000.00,"Lifetime_Max_Met__c":0.00,"Annual_Max__c":1000000.00,"Annual_Max_Met__c":0.00,"Max_Out_of_Pocket__c":20000.00,"Max_Out_of_Pocket_Me (4 more) ...":0.00,"RecordType":{"Name":"Out of Network","Id":"012j00000015GS7AAM"},"Patient_Insurance__r":{"Opportunity__c":"00629000004NTeZAAW","Accreditation__c":"State","Insurance_Company__c":"0012900000AXSP3AAP","Id":"a1b29000000lvHQAAY","Insurance_Company__r":{"Name":"Value Options/Beacon (7 more) ...","Id":"0012900000AXSP3AAP","RecordTypeId":"012j00000015GRqAAM"}}}}|0x3dcf9983
07:25:05.0 (57336115)|HEAP_ALLOCATE|[EXTERNAL]|Bytes:12
07:25:05.0 (57363344)|HEAP_ALLOCATE|[263]|Bytes:2996
07:25:05.0 (57512627)|HEAP_ALLOCATE|[263]|Bytes:5
07:25:05.0 (57528875)|HEAP_ALLOCATE|[263]|Bytes:108
07:25:05.0 (57540197)|VARIABLE_SCOPE_BEGIN|[263]|insrncBnftInstance|Insurance_Benefit__c|true|false
07:25:05.0 (57576796)|VARIABLE_ASSIGNMENT|[263]|insrncBnftInstance|{"Id":"a1H29000000pRTUEA2","Name":"Insurance Benefit 75 (2 more) ...","RecordTypeId":"012j00000015GS6AAM","Patient_Insurance__c":"a1b29000000lvHQAAY","PHP_Admit_Co_Payment (3 more) ...":0.00,"Deductible__c":5000.00,"Deductible_Met__c":0.00,"Max_Out_of_Pocket_Re (10 more) ...":10000.00,"Insurance_Company_is (18 more) ...":false,"Annual_Max_Remaining (3 more) ...":1000000,"Deductible_Remaining (3 more) ...":5000.00,"Detox_Pays_at__c":80.00,"RTC_Pays_at__c":80.00,"PHP_Pays_at__c":80.00,"IOP_Pays_at__c":80.00,"Uncovered_Days_Rate_ (2 more) ...":630.00,"Room_and_Board_Days_ (7 more) ...":2000.00,"Deductible_Included_ (9 more) ...":"Yes","Lifetime_Max__c":1000000.00,"Lifetime_Max_Met__c":0.00,"Annual_Max__c":1000000.00,"Annual_Max_Met__c":0.00,"Max_Out_of_Pocket__c":10000.00,"Max_Out_of_Pocket_Me (4 more) ...":0.00,"RecordType":{"Name":"In Network","Id":"012j00000015GS6AAM"},"Patient_Insurance__r":{"Opportunity__c":"00629000004NTeZAAW","Accreditation__c":"State","Insurance_Company__c":"0012900000AXSP3AAP","Id":"a1b29000000lvHQAAY","Insurance_Company__r":{"Name":"Value Options/Beacon (7 more) ...","Id":"0012900000AXSP3AAP","RecordTypeId":"012j00000015GRqAAM"}}}|0x15ed2bde
07:25:05.0 (57597136)|STATEMENT_EXECUTE|[263]
07:25:05.0 (57599257)|STATEMENT_EXECUTE|[264]
07:25:05.0 (57654719)|HEAP_ALLOCATE|[264]|Bytes:18
07:25:05.0 (57709769)|HEAP_ALLOCATE|[264]|Bytes:3
07:25:05.0 (57729849)|HEAP_ALLOCATE|[264]|Bytes:35
07:25:05.0 (57801180)|HEAP_ALLOCATE|[EXTERNAL]|Bytes:4
07:25:05.0 (57815504)|HEAP_ALLOCATE|[263]|Bytes:5
07:25:05.0 (57825978)|HEAP_ALLOCATE|[263]|Bytes:108
07:25:05.0 (57831991)|VARIABLE_SCOPE_BEGIN|[263]|insrncBnftInstance|Insurance_Benefit__c|true|false
07:25:05.0 (57866242)|VARIABLE_ASSIGNMENT|[263]|insrncBnftInstance|{"Id":"a1H29000000pRTZEA2","Name":"Insurance Benefit 75 (2 more) ...","RecordTypeId":"012j00000015GS7AAM","Patient_Insurance__c":"a1b29000000lvHQAAY","PHP_Admit_Co_Payment (3 more) ...":0.00,"Deductible__c":10000.00,"Deductible_Met__c":0.00,"Max_Out_of_Pocket_Re (10 more) ...":20000.00,"Insurance_Company_is (18 more) ...":false,"Annual_Max_Remaining (3 more) ...":1000000,"Deductible_Remaining (3 more) ...":10000.00,"Detox_Pays_at__c":60.00,"RTC_Pays_at__c":60.00,"PHP_Pays_at__c":60.00,"IOP_Pays_at__c":60.00,"Uncovered_Days_Rate_ (2 more) ...":630.00,"Room_and_Board_Days_ (7 more) ...":2000.00,"Deductible_Included_ (9 more) ...":"Yes","Lifetime_Max__c":1000000.00,"Lifetime_Max_Met__c":0.00,"Annual_Max__c":1000000.00,"Annual_Max_Met__c":0.00,"Max_Out_of_Pocket__c":20000.00,"Max_Out_of_Pocket_Me (4 more) ...":0.00,"RecordType":{"Name":"Out of Network","Id":"012j00000015GS7AAM"},"Patient_Insurance__r":{"Opportunity__c":"00629000004NTeZAAW","Accreditation__c":"State","Insurance_Company__c":"0012900000AXSP3AAP","Id":"a1b29000000lvHQAAY","Insurance_Company__r":{"Name":"Value Options/Beacon (7 more) ...","Id":"0012900000AXSP3AAP","RecordTypeId":"012j00000015GRqAAM"}}}|0x76191add
07:25:05.0 (57884936)|STATEMENT_EXECUTE|[263]
07:25:05.0 (57886165)|STATEMENT_EXECUTE|[264]
07:25:05.0 (57897761)|HEAP_ALLOCATE|[264]|Bytes:18
07:25:05.0 (57914773)|HEAP_ALLOCATE|[264]|Bytes:39
07:25:05.0 (57925639)|HEAP_ALLOCATE|[EXTERNAL]|Bytes:4
07:25:05.0 (57935058)|HEAP_ALLOCATE|[263]|Bytes:5
07:25:05.0 (57944377)|VARIABLE_ASSIGNMENT|[263]|insrncBnftInstance|null|
07:25:05.0 (58061618)|VARIABLE_ASSIGNMENT|[EXTERNAL]|this|{"cmpnyRateAdjstmntMap":"0x3af25932","estmtCnrgDaysMap":"0x648d1a81","estmtCvrgeDaysObj":"0x354d033c","faciltyOptions":"0x713b5e4f","fcltyPrgmMap":"0x5928a293","fcltyPrgrmOptions":"0x55fde225","idToOwnershipFacilit (4 more) ...":"0x8f44f45","idToTypeFacilityMap":"0x2396b132","insrncBnftMap":"0x356ea8ec","insrncBnftOptions":"0x56092f0","isIop":false,"isTalbott":false,"meta":"0x2fc47b7e","oppId":"00629000004NTeZ","pawObj":"0x394d4095","ptntInsrnceOptions":"0x33ee85ae","ptntInsrncMap":"0x32186631","ptntInsrncObj":"0x4143b702","quoteObj":"0x3e0bf487","recordId":"00629000004NTeZ","rtAdjstmntOptions":"0x6d91523b","showPILookup":false,"sObjectQueryStr":"","wrprObj":"0x344b0540"}|0x3dcf9983
07:25:05.0 (58178335)|VARIABLE_ASSIGNMENT|[EXTERNAL]|this|{"facilitySelected":"001j000000NqKMtAAN","fcltyPrgrmSelected":"a1B290000003SEdEAM","insrncBnft":"0x5d44b8ac","insrncBnftSelected":"a1H29000000pRTUEA2","pawDetailListDisplay (4 more) ...":false,"pyAgrmntWrksht":"0x59e1d325","rateAdjstmntSelected":"a1I29000000HR5FEAW","relatedPAWDetailsLis (1 more) ...":"0x42ac59a8","targetEDR":0.00,"totalAppliedDeductib (2 more) ...":0.00,"totalCoInsurance":0.00,"totalCoPayAmt":0.00,"totalInsCoResp":0.00,"totalInsEIVAmt":0.00,"totalRowCount":20,"totalTalbottDay":0}|0x344b0540
07:25:05.0 (58242293)|VARIABLE_ASSIGNMENT|[EXTERNAL]|this|{"cmpnyRateAdjstmntMap":"0x3af25932","estmtCnrgDaysMap":"0x648d1a81","estmtCvrgeDaysObj":"0x354d033c","faciltyOptions":"0x713b5e4f","fcltyPrgmMap":"0x5928a293","fcltyPrgrmOptions":"0x55fde225","idToOwnershipFacilit (4 more) ...":"0x8f44f45","idToTypeFacilityMap":"0x2396b132","insrncBnftMap":"0x356ea8ec","insrncBnftOptions":"0x56092f0","isIop":false,"isTalbott":false,"meta":"0x2fc47b7e","oppId":"00629000004NTeZ","pawObj":"0x394d4095","ptntInsrnceOptions":"0x33ee85ae","ptntInsrncMap":"0x32186631","ptntInsrncObj":"0x4143b702","quoteObj":"0x3e0bf487","recordId":"00629000004NTeZ","rtAdjstmntOptions":"0x6d91523b","showPILookup":false,"sObjectQueryStr":"","wrprObj":"0x344b0540"}|0x3dcf9983
07:25:05.0 (58291196)|VARIABLE_ASSIGNMENT|[EXTERNAL]|this|{"facilitySelected":"001j000000NqKMtAAN","fcltyPrgrmSelected":"a1B290000003SEdEAM","insrncBnft":"0x5d44b8ac","insrncBnftSelected":"a1H29000000pRTUEA2","pawDetailListDisplay (4 more) ...":false,"pyAgrmntWrksht":"0x59e1d325","rateAdjstmntSelected":"a1I29000000HR5FEAW","relatedPAWDetailsLis (1 more) ...":"0x42ac59a8","targetEDR":0.00,"totalAppliedDeductib (2 more) ...":0.00,"totalCoInsurance":0.00,"totalCoPayAmt":0.00,"totalInsCoResp":0.00,"totalInsEIVAmt":0.00,"totalRowCount":20,"totalTalbottDay":0}|0x344b0540
07:25:05.0 (58328537)|STATEMENT_EXECUTE|[267]
07:25:05.0 (58329936)|STATEMENT_EXECUTE|[268]
07:25:05.0 (58391049)|VARIABLE_ASSIGNMENT|[EXTERNAL]|this|{"cmpnyRateAdjstmntMap":"0x3af25932","estmtCnrgDaysMap":"0x648d1a81","estmtCvrgeDaysObj":"0x354d033c","faciltyOptions":"0x713b5e4f","fcltyPrgmMap":"0x5928a293","fcltyPrgrmOptions":"0x55fde225","idToOwnershipFacilit (4 more) ...":"0x8f44f45","idToTypeFacilityMap":"0x2396b132","insrncBnftMap":"0x356ea8ec","insrncBnftOptions":"0x56092f0","isIop":false,"isTalbott":false,"meta":"0x2fc47b7e","oppId":"00629000004NTeZ","pawObj":"0x394d4095","ptntInsrnceOptions":"0x33ee85ae","ptntInsrncMap":"0x32186631","ptntInsrncObj":"0x4143b702","quoteObj":"0x3e0bf487","recordId":"00629000004NTeZ","rtAdjstmntOptions":"0x6d91523b","showPILookup":false,"sObjectQueryStr":"","wrprObj":"0x344b0540"}|0x3dcf9983
07:25:05.0 (58438950)|VARIABLE_ASSIGNMENT|[EXTERNAL]|this|{"facilitySelected":"001j000000NqKMtAAN","fcltyPrgrmSelected":"a1B290000003SEdEAM","insrncBnft":"0x5d44b8ac","insrncBnftSelected":"a1H29000000pRTUEA2","pawDetailListDisplay (4 more) ...":false,"pyAgrmntWrksht":"0x59e1d325","rateAdjstmntSelected":"a1I29000000HR5FEAW","relatedPAWDetailsLis (1 more) ...":"0x42ac59a8","targetEDR":0.00,"totalAppliedDeductib (2 more) ...":0.00,"totalCoInsurance":0.00,"totalCoPayAmt":0.00,"totalInsCoResp":0.00,"totalInsEIVAmt":0.00,"totalRowCount":20,"totalTalbottDay":0}|0x344b0540
07:25:05.0 (58528543)|VARIABLE_ASSIGNMENT|[EXTERNAL]|this|{"cmpnyRateAdjstmntMap":"0x3af25932","estmtCnrgDaysMap":"0x648d1a81","estmtCvrgeDaysObj":"0x354d033c","faciltyOptions":"0x713b5e4f","fcltyPrgmMap":"0x5928a293","fcltyPrgrmOptions":"0x55fde225","idToOwnershipFacilit (4 more) ...":"0x8f44f45","idToTypeFacilityMap":"0x2396b132","insrncBnftMap":"0x356ea8ec","insrncBnftOptions":"0x56092f0","isIop":false,"isTalbott":false,"meta":"0x2fc47b7e","oppId":"00629000004NTeZ","pawObj":"0x394d4095","ptntInsrnceOptions":"0x33ee85ae","ptntInsrncMap":"0x32186631","ptntInsrncObj":"0x4143b702","quoteObj":"0x3e0bf487","recordId":"00629000004NTeZ","rtAdjstmntOptions":"0x6d91523b","showPILookup":false,"sObjectQueryStr":"","wrprObj":"0x344b0540"}|0x3dcf9983
07:25:05.0 (58582770)|VARIABLE_ASSIGNMENT|[EXTERNAL]|this|{"facilitySelected":"001j000000NqKMtAAN","fcltyPrgrmSelected":"a1B290000003SEdEAM","insrncBnft":"0x5d44b8ac","insrncBnftSelected":"a1H29000000pRTUEA2","pawDetailListDisplay (4 more) ...":false,"pyAgrmntWrksht":"0x59e1d325","rateAdjstmntSelected":"a1I29000000HR5FEAW","relatedPAWDetailsLis (1 more) ...":"0x42ac59a8","targetEDR":0.00,"totalAppliedDeductib (2 more) ...":0.00,"totalCoInsurance":0.00,"totalCoPayAmt":0.00,"totalInsCoResp":0.00,"totalInsEIVAmt":0.00,"totalRowCount":20,"totalTalbottDay":0}|0x344b0540
07:25:05.0 (58624115)|VARIABLE_ASSIGNMENT|[EXTERNAL]|value|{"Id":"a1H29000000pRTUEA2","Name":"Insurance Benefit 75 (2 more) ...","RecordTypeId":"012j00000015GS6AAM","Patient_Insurance__c":"a1b29000000lvHQAAY","PHP_Admit_Co_Payment (3 more) ...":0.00,"Deductible__c":5000.00,"Deductible_Met__c":0.00,"Max_Out_of_Pocket_Re (10 more) ...":10000.00,"Insurance_Company_is (18 more) ...":false,"Annual_Max_Remaining (3 more) ...":1000000,"Deductible_Remaining (3 more) ...":5000.00,"Detox_Pays_at__c":80.00,"RTC_Pays_at__c":80.00,"PHP_Pays_at__c":80.00,"IOP_Pays_at__c":80.00,"Uncovered_Days_Rate_ (2 more) ...":630.00,"Room_and_Board_Days_ (7 more) ...":2000.00,"Deductible_Included_ (9 more) ...":"Yes","Lifetime_Max__c":1000000.00,"Lifetime_Max_Met__c":0.00,"Annual_Max__c":1000000.00,"Annual_Max_Met__c":0.00,"Max_Out_of_Pocket__c":10000.00,"Max_Out_of_Pocket_Me (4 more) ...":0.00,"RecordType":{"Name":"In Network","Id":"012j00000015GS6AAM"},"Patient_Insurance__r":{"Opportunity__c":"00629000004NTeZAAW","Accreditation__c":"State","Insurance_Company__c":"0012900000AXSP3AAP","Id":"a1b29000000lvHQAAY","Insurance_Company__r":{"Name":"Value Options/Beacon (7 more) ...","Id":"0012900000AXSP3AAP","RecordTypeId":"012j00000015GRqAAM"}}}|0x15ed2bde
07:25:05.0 (58668255)|VARIABLE_ASSIGNMENT|[524]|this.insrncBnft|{"Id":"a1H29000000pRTUEA2","Name":"Insurance Benefit 75 (2 more) ...","RecordTypeId":"012j00000015GS6AAM","Patient_Insurance__c":"a1b29000000lvHQAAY","PHP_Admit_Co_Payment (3 more) ...":0.00,"Deductible__c":5000.00,"Deductible_Met__c":0.00,"Max_Out_of_Pocket_Re (10 more) ...":10000.00,"Insurance_Company_is (18 more) ...":false,"Annual_Max_Remaining (3 more) ...":1000000,"Deductible_Remaining (3 more) ...":5000.00,"Detox_Pays_at__c":80.00,"RTC_Pays_at__c":80.00,"PHP_Pays_at__c":80.00,"IOP_Pays_at__c":80.00,"Uncovered_Days_Rate_ (2 more) ...":630.00,"Room_and_Board_Days_ (7 more) ...":2000.00,"Deductible_Included_ (9 more) ...":"Yes","Lifetime_Max__c":1000000.00,"Lifetime_Max_Met__c":0.00,"Annual_Max__c":1000000.00,"Annual_Max_Met__c":0.00,"Max_Out_of_Pocket__c":10000.00,"Max_Out_of_Pocket_Me (4 more) ...":0.00,"RecordType":{"Name":"In Network","Id":"012j00000015GS6AAM"},"Patient_Insurance__r":{"Opportunity__c":"00629000004NTeZAAW","Accreditation__c":"State","Insurance_Company__c":"0012900000AXSP3AAP","Id":"a1b29000000lvHQAAY","Insurance_Company__r":{"Name":"Value Options/Beacon (7 more) ...","Id":"0012900000AXSP3AAP","RecordTypeId":"012j00000015GRqAAM"}}}|0x344b0540
07:25:05.0 (58689368)|STATEMENT_EXECUTE|[272]
07:25:05.0 (59316505)|SYSTEM_MODE_ENTER|true
07:25:05.0 (59458698)|SYSTEM_MODE_ENTER|true
07:25:05.0 (59502629)|HEAP_ALLOCATE|[EXTERNAL]|Bytes:112
07:25:05.0 (59513355)|VARIABLE_SCOPE_BEGIN|[379]|this|PAW_New_EditCntrllr|true|false
07:25:05.0 (59577029)|VARIABLE_ASSIGNMENT|[379]|this|{"cmpnyRateAdjstmntMap":"0x3af25932","estmtCnrgDaysMap":"0x648d1a81","estmtCvrgeDaysObj":"0x354d033c","faciltyOptions":"0x713b5e4f","fcltyPrgmMap":"0x5928a293","fcltyPrgrmOptions":"0x55fde225","idToOwnershipFacilit (4 more) ...":"0x8f44f45","idToTypeFacilityMap":"0x2396b132","insrncBnftMap":"0x356ea8ec","insrncBnftOptions":"0x56092f0","isIop":false,"isTalbott":false,"meta":"0x2fc47b7e","oppId":"00629000004NTeZ","pawObj":"0x394d4095","ptntInsrnceOptions":"0x33ee85ae","ptntInsrncMap":"0x32186631","ptntInsrncObj":"0x4143b702","quoteObj":"0x3e0bf487","recordId":"00629000004NTeZ","rtAdjstmntOptions":"0x6d91523b","showPILookup":false,"sObjectQueryStr":"","wrprObj":"0x344b0540"}|0x3dcf9983
07:25:05.0 (59595159)|STATEMENT_EXECUTE|[379]
07:25:05.0 (59597063)|STATEMENT_EXECUTE|[380]
07:25:05.0 (59611165)|HEAP_ALLOCATE|[380]|Bytes:4
07:25:05.0 (59661895)|HEAP_ALLOCATE|[EXTERNAL]|Bytes:4
07:25:05.0 (59671403)|VARIABLE_ASSIGNMENT|[380]|this.rtAdjstmntOptions|[]|0x3dcf9983
07:25:05.0 (59676848)|STATEMENT_EXECUTE|[381]
07:25:05.0 (59683632)|HEAP_ALLOCATE|[381]|Bytes:8
07:25:05.0 (59725105)|HEAP_ALLOCATE|[EXTERNAL]|Bytes:4
07:25:05.0 (59794167)|VARIABLE_ASSIGNMENT|[EXTERNAL]|this|{"cmpnyRateAdjstmntMap":"0x3af25932","estmtCnrgDaysMap":"0x648d1a81","estmtCvrgeDaysObj":"0x354d033c","faciltyOptions":"0x713b5e4f","fcltyPrgmMap":"0x5928a293","fcltyPrgrmOptions":"0x55fde225","idToOwnershipFacilit (4 more) ...":"0x8f44f45","idToTypeFacilityMap":"0x2396b132","insrncBnftMap":"0x356ea8ec","insrncBnftOptions":"0x56092f0","isIop":false,"isTalbott":false,"meta":"0x2fc47b7e","oppId":"00629000004NTeZ","pawObj":"0x394d4095","ptntInsrnceOptions":"0x33ee85ae","ptntInsrncMap":"0x32186631","ptntInsrncObj":"0x4143b702","quoteObj":"0x3e0bf487","recordId":"00629000004NTeZ","rtAdjstmntOptions":"0x78e1cf50","showPILookup":false,"sObjectQueryStr":"","wrprObj":"0x344b0540"}|0x3dcf9983
07:25:05.0 (59858111)|VARIABLE_ASSIGNMENT|[EXTERNAL]|this|{"facilitySelected":"001j000000NqKMtAAN","fcltyPrgrmSelected":"a1B290000003SEdEAM","insrncBnft":"0x15ed2bde","insrncBnftSelected":"a1H29000000pRTUEA2","pawDetailListDisplay (4 more) ...":false,"pyAgrmntWrksht":"0x59e1d325","rateAdjstmntSelected":"a1I29000000HR5FEAW","relatedPAWDetailsLis (1 more) ...":"0x42ac59a8","targetEDR":0.00,"totalAppliedDeductib (2 more) ...":0.00,"totalCoInsurance":0.00,"totalCoPayAmt":0.00,"totalInsCoResp":0.00,"totalInsEIVAmt":0.00,"totalRowCount":20,"totalTalbottDay":0}|0x344b0540
07:25:05.0 (59920708)|VARIABLE_ASSIGNMENT|[EXTERNAL]|this|{"cmpnyRateAdjstmntMap":"0x3af25932","estmtCnrgDaysMap":"0x648d1a81","estmtCvrgeDaysObj":"0x354d033c","faciltyOptions":"0x713b5e4f","fcltyPrgmMap":"0x5928a293","fcltyPrgrmOptions":"0x55fde225","idToOwnershipFacilit (4 more) ...":"0x8f44f45","idToTypeFacilityMap":"0x2396b132","insrncBnftMap":"0x356ea8ec","insrncBnftOptions":"0x56092f0","isIop":false,"isTalbott":false,"meta":"0x2fc47b7e","oppId":"00629000004NTeZ","pawObj":"0x394d4095","ptntInsrnceOptions":"0x33ee85ae","ptntInsrncMap":"0x32186631","ptntInsrncObj":"0x4143b702","quoteObj":"0x3e0bf487","recordId":"00629000004NTeZ","rtAdjstmntOptions":"0x78e1cf50","showPILookup":false,"sObjectQueryStr":"","wrprObj":"0x344b0540"}|0x3dcf9983
07:25:05.0 (59967147)|VARIABLE_ASSIGNMENT|[EXTERNAL]|this|{"facilitySelected":"001j000000NqKMtAAN","fcltyPrgrmSelected":"a1B290000003SEdEAM","insrncBnft":"0x15ed2bde","insrncBnftSelected":"a1H29000000pRTUEA2","pawDetailListDisplay (4 more) ...":false,"pyAgrmntWrksht":"0x59e1d325","rateAdjstmntSelected":"a1I29000000HR5FEAW","relatedPAWDetailsLis (1 more) ...":"0x42ac59a8","targetEDR":0.00,"totalAppliedDeductib (2 more) ...":0.00,"totalCoInsurance":0.00,"totalCoPayAmt":0.00,"totalInsCoResp":0.00,"totalInsEIVAmt":0.00,"totalRowCount":20,"totalTalbottDay":0}|0x344b0540
07:25:05.0 (60035509)|VARIABLE_ASSIGNMENT|[EXTERNAL]|this|{"cmpnyRateAdjstmntMap":"0x3af25932","estmtCnrgDaysMap":"0x648d1a81","estmtCvrgeDaysObj":"0x354d033c","faciltyOptions":"0x713b5e4f","fcltyPrgmMap":"0x5928a293","fcltyPrgrmOptions":"0x55fde225","idToOwnershipFacilit (4 more) ...":"0x8f44f45","idToTypeFacilityMap":"0x2396b132","insrncBnftMap":"0x356ea8ec","insrncBnftOptions":"0x56092f0","isIop":false,"isTalbott":false,"meta":"0x2fc47b7e","oppId":"00629000004NTeZ","pawObj":"0x394d4095","ptntInsrnceOptions":"0x33ee85ae","ptntInsrncMap":"0x32186631","ptntInsrncObj":"0x4143b702","quoteObj":"0x3e0bf487","recordId":"00629000004NTeZ","rtAdjstmntOptions":"0x78e1cf50","showPILookup":false,"sObjectQueryStr":"","wrprObj":"0x344b0540"}|0x3dcf9983
07:25:05.0 (60054727)|STATEMENT_EXECUTE|[382]
07:25:05.0 (60055966)|STATEMENT_EXECUTE|[383]
07:25:05.0 (60090210)|HEAP_ALLOCATE|[383]|Bytes:4
07:25:05.0 (60096123)|HEAP_ALLOCATE|[383]|Bytes:287
07:25:05.0 (60108509)|HEAP_ALLOCATE|[383]|Bytes:4
07:25:05.0 (60171132)|VARIABLE_ASSIGNMENT|[EXTERNAL]|this|{"cmpnyRateAdjstmntMap":"0x3af25932","estmtCnrgDaysMap":"0x648d1a81","estmtCvrgeDaysObj":"0x354d033c","faciltyOptions":"0x713b5e4f","fcltyPrgmMap":"0x5928a293","fcltyPrgrmOptions":"0x55fde225","idToOwnershipFacilit (4 more) ...":"0x8f44f45","idToTypeFacilityMap":"0x2396b132","insrncBnftMap":"0x356ea8ec","insrncBnftOptions":"0x56092f0","isIop":false,"isTalbott":false,"meta":"0x2fc47b7e","oppId":"00629000004NTeZ","pawObj":"0x394d4095","ptntInsrnceOptions":"0x33ee85ae","ptntInsrncMap":"0x32186631","ptntInsrncObj":"0x4143b702","quoteObj":"0x3e0bf487","recordId":"00629000004NTeZ","rtAdjstmntOptions":"0x78e1cf50","showPILookup":false,"sObjectQueryStr":"","wrprObj":"0x344b0540"}|0x3dcf9983
07:25:05.0 (60219284)|HEAP_ALLOCATE|[383]|Bytes:7
07:25:05.0 (60277855)|VARIABLE_ASSIGNMENT|[EXTERNAL]|this|{"cmpnyRateAdjstmntMap":"0x3af25932","estmtCnrgDaysMap":"0x648d1a81","estmtCvrgeDaysObj":"0x354d033c","faciltyOptions":"0x713b5e4f","fcltyPrgmMap":"0x5928a293","fcltyPrgrmOptions":"0x55fde225","idToOwnershipFacilit (4 more) ...":"0x8f44f45","idToTypeFacilityMap":"0x2396b132","insrncBnftMap":"0x356ea8ec","insrncBnftOptions":"0x56092f0","isIop":false,"isTalbott":false,"meta":"0x2fc47b7e","oppId":"00629000004NTeZ","pawObj":"0x394d4095","ptntInsrnceOptions":"0x33ee85ae","ptntInsrncMap":"0x32186631","ptntInsrncObj":"0x4143b702","quoteObj":"0x3e0bf487","recordId":"00629000004NTeZ","rtAdjstmntOptions":"0x78e1cf50","showPILookup":false,"sObjectQueryStr":"","wrprObj":"0x344b0540"}|0x3dcf9983
07:25:05.0 (60328328)|VARIABLE_ASSIGNMENT|[EXTERNAL]|this|{"facilitySelected":"001j000000NqKMtAAN","fcltyPrgrmSelected":"a1B290000003SEdEAM","insrncBnft":"0x15ed2bde","insrncBnftSelected":"a1H29000000pRTUEA2","pawDetailListDisplay (4 more) ...":false,"pyAgrmntWrksht":"0x59e1d325","rateAdjstmntSelected":"a1I29000000HR5FEAW","relatedPAWDetailsLis (1 more) ...":"0x42ac59a8","targetEDR":0.00,"totalAppliedDeductib (2 more) ...":0.00,"totalCoInsurance":0.00,"totalCoPayAmt":0.00,"totalInsCoResp":0.00,"totalInsEIVAmt":0.00,"totalRowCount":20,"totalTalbottDay":0}|0x344b0540
07:25:05.0 (61423566)|SOQL_EXECUTE_BEGIN|[383]|Aggregations:0|SELECT Id, Name, Type__c, Rate_Adjustment__c, In_Network_Rate_Adjustment__c, Out_of_Network_Rate_Adjustment__c, Active_Date__c, Term_Date__c FROM Insurance_Company_Rate_Adjustment__c WHERE (Insurance_Company__c = :tmpVar1 AND FRN_Facility__c = :tmpVar2) ORDER BY Type__c DESC NULLS FIRST
07:25:05.0 (67273292)|SOQL_EXECUTE_END|[383]|Rows:2
07:25:05.0 (67295407)|HEAP_ALLOCATE|[383]|Bytes:12
07:25:05.0 (67315583)|HEAP_ALLOCATE|[383]|Bytes:319
07:25:05.0 (67362898)|HEAP_ALLOCATE|[383]|Bytes:12
07:25:05.0 (67393643)|HEAP_ALLOCATE|[383]|Bytes:24
07:25:05.0 (67404449)|HEAP_ALLOCATE|[383]|Bytes:4
07:25:05.0 (67409336)|HEAP_ALLOCATE|[383]|Bytes:24
07:25:05.0 (67413626)|HEAP_ALLOCATE|[383]|Bytes:4
07:25:05.0 (67468579)|VARIABLE_ASSIGNMENT|[383]|this.cmpnyRateAdjstmntMap|{"a1I29000000HR5FEAW":{"Id":"a1I29000000HR5FEAW","Name":"Ins Co Rate Adjstmt  (5 more) ...","Type__c":"Contracted","Rate_Adjustment__c":3.00,"Active_Date__c":"2017-02-24T00:00:00.000Z"},"a1I29000000HR5EEAW":{"Id":"a1I29000000HR5EEAW","Name":"Ins Co Rate Adjstmt  (5 more) ...","Type__c":"OON","Rate_Adjustment__c":15.00,"Active_Date__c":"2017-02-24T00:00:00.000Z"}}|0x3dcf9983
07:25:05.0 (67508327)|HEAP_ALLOCATE|[EXTERNAL]|Bytes:12
07:25:05.0 (67519374)|HEAP_ALLOCATE|[395]|Bytes:329
07:25:05.0 (67649921)|HEAP_ALLOCATE|[395]|Bytes:5
07:25:05.0 (67662683)|HEAP_ALLOCATE|[395]|Bytes:24
07:25:05.0 (67670683)|VARIABLE_SCOPE_BEGIN|[395]|rateAdjstmntInstance|Insurance_Company_Rate_Adjustment__c|true|false
07:25:05.0 (67691433)|VARIABLE_ASSIGNMENT|[395]|rateAdjstmntInstance|{"Id":"a1I29000000HR5FEAW","Name":"Ins Co Rate Adjstmt  (5 more) ...","Type__c":"Contracted","Rate_Adjustment__c":3.00,"Active_Date__c":"2017-02-24T00:00:00.000Z"}|0x100e5128
07:25:05.0 (67698694)|STATEMENT_EXECUTE|[395]
07:25:05.0 (67761556)|METHOD_ENTRY|[396]|01p0a000004sKzV|PAW_New_EditCntrllr.checkIfActive(Insurance_Company_Rate_Adjustment__c)
07:25:05.0 (67782506)|VARIABLE_SCOPE_BEGIN|[495]|this|PAW_New_EditCntrllr|true|false
07:25:05.0 (67847848)|VARIABLE_ASSIGNMENT|[495]|this|{"cmpnyRateAdjstmntMap":"0x48b6b515","estmtCnrgDaysMap":"0x648d1a81","estmtCvrgeDaysObj":"0x354d033c","faciltyOptions":"0x713b5e4f","fcltyPrgmMap":"0x5928a293","fcltyPrgrmOptions":"0x55fde225","idToOwnershipFacilit (4 more) ...":"0x8f44f45","idToTypeFacilityMap":"0x2396b132","insrncBnftMap":"0x356ea8ec","insrncBnftOptions":"0x56092f0","isIop":false,"isTalbott":false,"meta":"0x2fc47b7e","oppId":"00629000004NTeZ","pawObj":"0x394d4095","ptntInsrnceOptions":"0x33ee85ae","ptntInsrncMap":"0x32186631","ptntInsrncObj":"0x4143b702","quoteObj":"0x3e0bf487","recordId":"00629000004NTeZ","rtAdjstmntOptions":"0x78e1cf50","showPILookup":false,"sObjectQueryStr":"","wrprObj":"0x344b0540"}|0x3dcf9983
07:25:05.0 (67863092)|VARIABLE_SCOPE_BEGIN|[495]|pInsRateAdjustmentOnj|Insurance_Company_Rate_Adjustment__c|true|false
07:25:05.0 (67878051)|VARIABLE_ASSIGNMENT|[495]|pInsRateAdjustmentOnj|{"Id":"a1I29000000HR5FEAW","Name":"Ins Co Rate Adjstmt  (5 more) ...","Type__c":"Contracted","Rate_Adjustment__c":3.00,"Active_Date__c":"2017-02-24T00:00:00.000Z"}|0x100e5128
07:25:05.0 (67887408)|STATEMENT_EXECUTE|[495]
07:25:05.0 (67888835)|STATEMENT_EXECUTE|[496]
07:25:05.0 (67925487)|HEAP_ALLOCATE|[496]|Bytes:4
07:25:05.0 (67943140)|VARIABLE_SCOPE_BEGIN|[496]|todayDate|Date|false|false
07:25:05.0 (67956553)|VARIABLE_ASSIGNMENT|[496]|todayDate|"2018-01-17T00:00:00.000Z"
07:25:05.0 (67977015)|STATEMENT_EXECUTE|[497]
07:25:05.0 (67978202)|STATEMENT_EXECUTE|[498]
07:25:05.0 (67984365)|VARIABLE_SCOPE_BEGIN|[498]|endDate|Date|false|false
07:25:05.0 (67996052)|VARIABLE_ASSIGNMENT|[498]|endDate|"2018-01-17T00:00:00.000Z"
07:25:05.0 (68049739)|STATEMENT_EXECUTE|[499]
07:25:05.0 (68051859)|STATEMENT_EXECUTE|[500]
07:25:05.0 (68055882)|METHOD_EXIT|[396]|01p0a000004sKzV|PAW_New_EditCntrllr.checkIfActive(Insurance_Company_Rate_Adjustment__c)
07:25:05.0 (68062452)|STATEMENT_EXECUTE|[397]
07:25:05.0 (68085446)|HEAP_ALLOCATE|[397]|Bytes:18
07:25:05.0 (68129400)|HEAP_ALLOCATE|[EXTERNAL]|Bytes:4
07:25:05.0 (68143668)|HEAP_ALLOCATE|[395]|Bytes:5
07:25:05.0 (68153998)|HEAP_ALLOCATE|[395]|Bytes:24
07:25:05.0 (68159749)|VARIABLE_SCOPE_BEGIN|[395]|rateAdjstmntInstance|Insurance_Company_Rate_Adjustment__c|true|false
07:25:05.0 (68178661)|VARIABLE_ASSIGNMENT|[395]|rateAdjstmntInstance|{"Id":"a1I29000000HR5EEAW","Name":"Ins Co Rate Adjstmt  (5 more) ...","Type__c":"OON","Rate_Adjustment__c":15.00,"Active_Date__c":"2017-02-24T00:00:00.000Z"}|0x69c7bb4b
07:25:05.0 (68185520)|STATEMENT_EXECUTE|[395]
07:25:05.0 (68195563)|METHOD_ENTRY|[396]|01p0a000004sKzV|PAW_New_EditCntrllr.checkIfActive(Insurance_Company_Rate_Adjustment__c)
07:25:05.0 (68201167)|VARIABLE_SCOPE_BEGIN|[495]|this|PAW_New_EditCntrllr|true|false
07:25:05.0 (68263789)|VARIABLE_ASSIGNMENT|[495]|this|{"cmpnyRateAdjstmntMap":"0x48b6b515","estmtCnrgDaysMap":"0x648d1a81","estmtCvrgeDaysObj":"0x354d033c","faciltyOptions":"0x713b5e4f","fcltyPrgmMap":"0x5928a293","fcltyPrgrmOptions":"0x55fde225","idToOwnershipFacilit (4 more) ...":"0x8f44f45","idToTypeFacilityMap":"0x2396b132","insrncBnftMap":"0x356ea8ec","insrncBnftOptions":"0x56092f0","isIop":false,"isTalbott":false,"meta":"0x2fc47b7e","oppId":"00629000004NTeZ","pawObj":"0x394d4095","ptntInsrnceOptions":"0x33ee85ae","ptntInsrncMap":"0x32186631","ptntInsrncObj":"0x4143b702","quoteObj":"0x3e0bf487","recordId":"00629000004NTeZ","rtAdjstmntOptions":"0x78e1cf50","showPILookup":false,"sObjectQueryStr":"","wrprObj":"0x344b0540"}|0x3dcf9983
07:25:05.0 (68278165)|VARIABLE_SCOPE_BEGIN|[495]|pInsRateAdjustmentOnj|Insurance_Company_Rate_Adjustment__c|true|false
07:25:05.0 (68291683)|VARIABLE_ASSIGNMENT|[495]|pInsRateAdjustmentOnj|{"Id":"a1I29000000HR5EEAW","Name":"Ins Co Rate Adjstmt  (5 more) ...","Type__c":"OON","Rate_Adjustment__c":15.00,"Active_Date__c":"2017-02-24T00:00:00.000Z"}|0x69c7bb4b
07:25:05.0 (68299801)|STATEMENT_EXECUTE|[495]
07:25:05.0 (68300871)|STATEMENT_EXECUTE|[496]
07:25:05.0 (68311199)|HEAP_ALLOCATE|[496]|Bytes:4
07:25:05.0 (68323080)|VARIABLE_SCOPE_BEGIN|[496]|todayDate|Date|false|false
07:25:05.0 (68334463)|VARIABLE_ASSIGNMENT|[496]|todayDate|"2018-01-17T00:00:00.000Z"
07:25:05.0 (68342112)|STATEMENT_EXECUTE|[497]
07:25:05.0 (68343063)|STATEMENT_EXECUTE|[498]
07:25:05.0 (68347691)|VARIABLE_SCOPE_BEGIN|[498]|endDate|Date|false|false
07:25:05.0 (68358100)|VARIABLE_ASSIGNMENT|[498]|endDate|"2018-01-17T00:00:00.000Z"
07:25:05.0 (68376597)|STATEMENT_EXECUTE|[499]
07:25:05.0 (68377642)|STATEMENT_EXECUTE|[500]
07:25:05.0 (68381108)|METHOD_EXIT|[396]|01p0a000004sKzV|PAW_New_EditCntrllr.checkIfActive(Insurance_Company_Rate_Adjustment__c)
07:25:05.0 (68385942)|STATEMENT_EXECUTE|[397]
07:25:05.0 (68392574)|HEAP_ALLOCATE|[397]|Bytes:18
07:25:05.0 (68404656)|HEAP_ALLOCATE|[EXTERNAL]|Bytes:4
07:25:05.0 (68414733)|HEAP_ALLOCATE|[395]|Bytes:5
07:25:05.0 (68423737)|VARIABLE_ASSIGNMENT|[395]|rateAdjstmntInstance|null|
07:25:05.0 (68428441)|STATEMENT_EXECUTE|[400]
07:25:05.0 (68939770)|SYSTEM_MODE_ENTER|true
07:25:05.74 (74915051)|SYSTEM_MODE_ENTER|true
07:25:05.74 (74989383)|HEAP_ALLOCATE|[EXTERNAL]|Bytes:8
07:25:05.74 (75000392)|VARIABLE_SCOPE_BEGIN|[88]|this|ApexPage.PageMessagesComponentController|true|false
07:25:05.74 (75029966)|VARIABLE_ASSIGNMENT|[88]|this|{}|0x5c05c32
07:25:05.74 (75035548)|VARIABLE_SCOPE_BEGIN|[88]|escape|Boolean|false|false
07:25:05.74 (75042157)|VARIABLE_ASSIGNMENT|[88]|escape|null
07:25:05.0 (75364636)|HEAP_ALLOCATE|[EXTERNAL]|Bytes:18
07:25:05.0 (75382381)|HEAP_ALLOCATE|[EXTERNAL]|Bytes:84
07:25:05.0 (75393687)|VARIABLE_ASSIGNMENT|[EXTERNAL]|this.insrncBnftSelected|"a1H29000000pRTUEA2"|0x344b0540
07:25:05.0 (75447042)|HEAP_ALLOCATE|[EXTERNAL]|Bytes:18
07:25:05.0 (75451157)|HEAP_ALLOCATE|[EXTERNAL]|Bytes:84
07:25:05.0 (75457649)|VARIABLE_ASSIGNMENT|[EXTERNAL]|this.facilitySelected|"001j000000NqKMtAAN"|0x344b0540
07:25:05.0 (75499409)|HEAP_ALLOCATE|[EXTERNAL]|Bytes:18
07:25:05.0 (75503228)|HEAP_ALLOCATE|[EXTERNAL]|Bytes:84
07:25:05.0 (75510345)|VARIABLE_ASSIGNMENT|[EXTERNAL]|this.rateAdjstmntSelected|"a1I29000000HR5FEAW"|0x344b0540
07:25:05.0 (75554916)|HEAP_ALLOCATE|[EXTERNAL]|Bytes:18
07:25:05.0 (75558604)|HEAP_ALLOCATE|[EXTERNAL]|Bytes:84
07:25:05.0 (75564506)|VARIABLE_ASSIGNMENT|[EXTERNAL]|this.fcltyPrgrmSelected|"a1B290000003SEdEAM"|0x344b0540
07:25:05.0 (80484487)|HEAP_ALLOCATE|[EXTERNAL]|Bytes:112
07:25:05.0 (80497287)|VARIABLE_SCOPE_BEGIN|[468]|this|PAW_New_EditCntrllr|true|false
07:25:05.0 (80577367)|VARIABLE_ASSIGNMENT|[468]|this|{"cmpnyRateAdjstmntMap":"0x48b6b515","estmtCnrgDaysMap":"0x648d1a81","estmtCvrgeDaysObj":"0x354d033c","faciltyOptions":"0x713b5e4f","fcltyPrgmMap":"0x5928a293","fcltyPrgrmOptions":"0x55fde225","idToOwnershipFacilit (4 more) ...":"0x8f44f45","idToTypeFacilityMap":"0x2396b132","insrncBnftMap":"0x356ea8ec","insrncBnftOptions":"0x56092f0","isIop":false,"isTalbott":false,"meta":"0x2fc47b7e","oppId":"00629000004NTeZ","pawObj":"0x394d4095","ptntInsrnceOptions":"0x33ee85ae","ptntInsrncMap":"0x32186631","ptntInsrncObj":"0x4143b702","quoteObj":"0x3e0bf487","recordId":"00629000004NTeZ","rtAdjstmntOptions":"0x78e1cf50","showPILookup":false,"sObjectQueryStr":"","wrprObj":"0x344b0540"}|0x3dcf9983
07:25:05.0 (80596246)|STATEMENT_EXECUTE|[468]
07:25:05.0 (80598256)|STATEMENT_EXECUTE|[470]
07:25:05.0 (80602231)|HEAP_ALLOCATE|[470]|Bytes:45
07:25:05.0 (80682688)|VARIABLE_ASSIGNMENT|[EXTERNAL]|this|{"cmpnyRateAdjstmntMap":"0x48b6b515","estmtCnrgDaysMap":"0x648d1a81","estmtCvrgeDaysObj":"0x354d033c","faciltyOptions":"0x713b5e4f","fcltyPrgmMap":"0x5928a293","fcltyPrgrmOptions":"0x55fde225","idToOwnershipFacilit (4 more) ...":"0x8f44f45","idToTypeFacilityMap":"0x2396b132","insrncBnftMap":"0x356ea8ec","insrncBnftOptions":"0x56092f0","isIop":false,"isTalbott":false,"meta":"0x2fc47b7e","oppId":"00629000004NTeZ","pawObj":"0x394d4095","ptntInsrnceOptions":"0x33ee85ae","ptntInsrncMap":"0x32186631","ptntInsrncObj":"0x4143b702","quoteObj":"0x3e0bf487","recordId":"00629000004NTeZ","rtAdjstmntOptions":"0x78e1cf50","showPILookup":false,"sObjectQueryStr":"","wrprObj":"0x344b0540"}|0x3dcf9983
07:25:05.0 (80754366)|VARIABLE_ASSIGNMENT|[EXTERNAL]|this|{"facilitySelected":"001j000000NqKMtAAN","fcltyPrgrmSelected":"a1B290000003SEdEAM","insrncBnft":"0x15ed2bde","insrncBnftSelected":"a1H29000000pRTUEA2","pawDetailListDisplay (4 more) ...":false,"pyAgrmntWrksht":"0x59e1d325","rateAdjstmntSelected":"a1I29000000HR5FEAW","relatedPAWDetailsLis (1 more) ...":"0x42ac59a8","targetEDR":0.00,"totalAppliedDeductib (2 more) ...":0.00,"totalCoInsurance":0.00,"totalCoPayAmt":0.00,"totalInsCoResp":0.00,"totalInsEIVAmt":0.00,"totalRowCount":20,"totalTalbottDay":0}|0x344b0540
07:25:05.0 (80801767)|HEAP_ALLOCATE|[470]|Bytes:49
07:25:05.0 (80818062)|USER_DEBUG|[470]|DEBUG|>>> wrprObj  Total_Patient_Contribution__c : null
07:25:05.0 (80825817)|STATEMENT_EXECUTE|[471]
07:25:05.0 (80883229)|VARIABLE_ASSIGNMENT|[EXTERNAL]|this|{"cmpnyRateAdjstmntMap":"0x48b6b515","estmtCnrgDaysMap":"0x648d1a81","estmtCvrgeDaysObj":"0x354d033c","faciltyOptions":"0x713b5e4f","fcltyPrgmMap":"0x5928a293","fcltyPrgrmOptions":"0x55fde225","idToOwnershipFacilit (4 more) ...":"0x8f44f45","idToTypeFacilityMap":"0x2396b132","insrncBnftMap":"0x356ea8ec","insrncBnftOptions":"0x56092f0","isIop":false,"isTalbott":false,"meta":"0x2fc47b7e","oppId":"00629000004NTeZ","pawObj":"0x394d4095","ptntInsrnceOptions":"0x33ee85ae","ptntInsrncMap":"0x32186631","ptntInsrncObj":"0x4143b702","quoteObj":"0x3e0bf487","recordId":"00629000004NTeZ","rtAdjstmntOptions":"0x78e1cf50","showPILookup":false,"sObjectQueryStr":"","wrprObj":"0x344b0540"}|0x3dcf9983
07:25:05.0 (80955757)|VARIABLE_ASSIGNMENT|[EXTERNAL]|this|{"cmpnyRateAdjstmntMap":"0x48b6b515","estmtCnrgDaysMap":"0x648d1a81","estmtCvrgeDaysObj":"0x354d033c","faciltyOptions":"0x713b5e4f","fcltyPrgmMap":"0x5928a293","fcltyPrgrmOptions":"0x55fde225","idToOwnershipFacilit (4 more) ...":"0x8f44f45","idToTypeFacilityMap":"0x2396b132","insrncBnftMap":"0x356ea8ec","insrncBnftOptions":"0x56092f0","isIop":false,"isTalbott":false,"meta":"0x2fc47b7e","oppId":"00629000004NTeZ","pawObj":"0x394d4095","ptntInsrnceOptions":"0x33ee85ae","ptntInsrncMap":"0x32186631","ptntInsrncObj":"0x4143b702","quoteObj":"0x3e0bf487","recordId":"00629000004NTeZ","rtAdjstmntOptions":"0x78e1cf50","showPILookup":false,"sObjectQueryStr":"","wrprObj":"0x344b0540"}|0x3dcf9983
07:25:05.0 (86087422)|VARIABLE_SCOPE_BEGIN|[3]|PAWValueCalculationService.pawObj|Pay_Agreement_Worksheet__c|true|true
07:25:05.0 (86100603)|VARIABLE_SCOPE_BEGIN|[2]|PAWValueCalculationService.skipDML|Boolean|false|true
07:25:05.0 (86118088)|HEAP_ALLOCATE|[471]|Bytes:39
07:25:05.0 (86126381)|HEAP_ALLOCATE|[471]|Bytes:19
07:25:05.0 (86142663)|METHOD_ENTRY|[1]|01p0a000004sKzT|PAWValueCalculationService.PAWValueCalculationService()
07:25:05.0 (86148110)|STATEMENT_EXECUTE|[1]
07:25:05.0 (86151231)|STATEMENT_EXECUTE|[1]
07:25:05.0 (86156600)|METHOD_EXIT|[1]|PAWValueCalculationService
07:25:05.0 (86178520)|METHOD_ENTRY|[471]|01p0a000004sKzT|PAWValueCalculationService.commitToDB(PAW_New_EditCntrllr.WraperClass, String, Patient_Insurance__c, String, String)
07:25:05.0 (86187401)|VARIABLE_SCOPE_BEGIN|[370]|pWrprObj|PAW_New_EditCntrllr.WraperClass|true|false
07:25:05.0 (86238475)|VARIABLE_ASSIGNMENT|[370]|pWrprObj|{"facilitySelected":"001j000000NqKMtAAN","fcltyPrgrmSelected":"a1B290000003SEdEAM","insrncBnft":"0x15ed2bde","insrncBnftSelected":"a1H29000000pRTUEA2","pawDetailListDisplay (4 more) ...":false,"pyAgrmntWrksht":"0x59e1d325","rateAdjstmntSelected":"a1I29000000HR5FEAW","relatedPAWDetailsLis (1 more) ...":"0x42ac59a8","targetEDR":0.00,"totalAppliedDeductib (2 more) ...":0.00,"totalCoInsurance":0.00,"totalCoPayAmt":0.00,"totalInsCoResp":0.00,"totalInsEIVAmt":0.00,"totalRowCount":20,"totalTalbottDay":0}|0x344b0540
07:25:05.0 (86251227)|VARIABLE_SCOPE_BEGIN|[370]|pOpportunityId|String|false|false
07:25:05.0 (86258224)|VARIABLE_ASSIGNMENT|[370]|pOpportunityId|"00629000004NTeZ"
07:25:05.0 (86261936)|VARIABLE_SCOPE_BEGIN|[370]|pPtntInsrncObj|Patient_Insurance__c|true|false
07:25:05.0 (86273065)|VARIABLE_ASSIGNMENT|[370]|pPtntInsrncObj|{"Id":"a1b29000000lvHQAAY","Name":"Maria Johnson - Valu (23 more) ...","Insurance_Company__c":"0012900000AXSP3AAP"}|0x4143b702
07:25:05.0 (86278399)|VARIABLE_SCOPE_BEGIN|[370]|pIsClone|String|false|false
07:25:05.0 (86284089)|VARIABLE_ASSIGNMENT|[370]|pIsClone|null
07:25:05.0 (86287090)|VARIABLE_SCOPE_BEGIN|[370]|pQuoteId|String|false|false
07:25:05.0 (86292024)|VARIABLE_ASSIGNMENT|[370]|pQuoteId|null
07:25:05.0 (86296746)|STATEMENT_EXECUTE|[374]
07:25:05.0 (86298120)|STATEMENT_EXECUTE|[375]
07:25:05.0 (86336144)|HEAP_ALLOCATE|[375]|Bytes:4
07:25:05.0 (86425888)|VARIABLE_SCOPE_BEGIN|[375]|pawDetailList|List<Pay_Agreement_Worksheet_Detail__c>|true|false
07:25:05.0 (86436048)|HEAP_ALLOCATE|[EXTERNAL]|Bytes:4
07:25:05.0 (86445033)|VARIABLE_ASSIGNMENT|[375]|pawDetailList|[]|0x70e6d73a
07:25:05.0 (86449743)|STATEMENT_EXECUTE|[376]
07:25:05.0 (86476050)|HEAP_ALLOCATE|[376]|Bytes:4
07:25:05.0 (86589163)|VARIABLE_ASSIGNMENT|[376]|PAWValueCalculationService.pawObj|{}|0x13827146
07:25:05.0 (86659918)|VARIABLE_ASSIGNMENT|[EXTERNAL]|this|{"facilitySelected":"001j000000NqKMtAAN","fcltyPrgrmSelected":"a1B290000003SEdEAM","insrncBnft":"0x15ed2bde","insrncBnftSelected":"a1H29000000pRTUEA2","pawDetailListDisplay (4 more) ...":false,"pyAgrmntWrksht":"0x59e1d325","rateAdjstmntSelected":"a1I29000000HR5FEAW","relatedPAWDetailsLis (1 more) ...":"0x42ac59a8","targetEDR":0.00,"totalAppliedDeductib (2 more) ...":0.00,"totalCoInsurance":0.00,"totalCoPayAmt":0.00,"totalInsCoResp":0.00,"totalInsEIVAmt":0.00,"totalRowCount":20,"totalTalbottDay":0}|0x344b0540
07:25:05.0 (86690416)|STATEMENT_EXECUTE|[378]
07:25:05.0 (86691962)|STATEMENT_EXECUTE|[383]
07:25:05.0 (86735842)|VARIABLE_ASSIGNMENT|[EXTERNAL]|this|{"facilitySelected":"001j000000NqKMtAAN","fcltyPrgrmSelected":"a1B290000003SEdEAM","insrncBnft":"0x15ed2bde","insrncBnftSelected":"a1H29000000pRTUEA2","pawDetailListDisplay (4 more) ...":false,"pyAgrmntWrksht":"0x59e1d325","rateAdjstmntSelected":"a1I29000000HR5FEAW","relatedPAWDetailsLis (1 more) ...":"0x42ac59a8","targetEDR":0.00,"totalAppliedDeductib (2 more) ...":0.00,"totalCoInsurance":0.00,"totalCoPayAmt":0.00,"totalInsCoResp":0.00,"totalInsEIVAmt":0.00,"totalRowCount":20,"totalTalbottDay":0}|0x344b0540
07:25:05.0 (86788195)|HEAP_ALLOCATE|[383]|Bytes:28
07:25:05.0 (86801548)|METHOD_ENTRY|[383]|01p0a000004sKzT|PAWValueCalculationService.treatNullAsZero(Decimal)
07:25:05.0 (86808750)|VARIABLE_SCOPE_BEGIN|[612]|pIntgerToTreat|Decimal|false|false
07:25:05.0 (86818864)|VARIABLE_ASSIGNMENT|[612]|pIntgerToTreat|0.00
07:25:05.0 (86823745)|STATEMENT_EXECUTE|[612]
07:25:05.0 (86828380)|STATEMENT_EXECUTE|[613]
07:25:05.0 (86829435)|STATEMENT_EXECUTE|[614]
07:25:05.0 (86833055)|METHOD_EXIT|[383]|01p0a000004sKzT|PAWValueCalculationService.treatNullAsZero(Decimal)
07:25:05.0 (86874329)|VARIABLE_ASSIGNMENT|[EXTERNAL]|this|{"facilitySelected":"001j000000NqKMtAAN","fcltyPrgrmSelected":"a1B290000003SEdEAM","insrncBnft":"0x15ed2bde","insrncBnftSelected":"a1H29000000pRTUEA2","pawDetailListDisplay (4 more) ...":false,"pyAgrmntWrksht":"0x59e1d325","rateAdjstmntSelected":"a1I29000000HR5FEAW","relatedPAWDetailsLis (1 more) ...":"0x42ac59a8","targetEDR":0.00,"totalAppliedDeductib (2 more) ...":0.00,"totalCoInsurance":0.00,"totalCoPayAmt":0.00,"totalInsCoResp":0.00,"totalInsEIVAmt":0.00,"totalRowCount":20,"totalTalbottDay":0}|0x344b0540
07:25:05.0 (86935605)|VARIABLE_ASSIGNMENT|[383]|this.Co_Insurance_Amount_Requested__c|0.00|0x59e1d325
07:25:05.0 (86941844)|STATEMENT_EXECUTE|[384]
07:25:05.0 (86986545)|VARIABLE_ASSIGNMENT|[EXTERNAL]|this|{"facilitySelected":"001j000000NqKMtAAN","fcltyPrgrmSelected":"a1B290000003SEdEAM","insrncBnft":"0x15ed2bde","insrncBnftSelected":"a1H29000000pRTUEA2","pawDetailListDisplay (4 more) ...":false,"pyAgrmntWrksht":"0x59e1d325","rateAdjstmntSelected":"a1I29000000HR5FEAW","relatedPAWDetailsLis (1 more) ...":"0x42ac59a8","targetEDR":0.00,"totalAppliedDeductib (2 more) ...":0.00,"totalCoInsurance":0.00,"totalCoPayAmt":0.00,"totalInsCoResp":0.00,"totalInsEIVAmt":0.00,"totalRowCount":20,"totalTalbottDay":0}|0x344b0540
07:25:05.0 (87016042)|HEAP_ALLOCATE|[384]|Bytes:28
07:25:05.0 (87024147)|METHOD_ENTRY|[384]|01p0a000004sKzT|PAWValueCalculationService.treatNullAsZero(Decimal)
07:25:05.0 (87028629)|VARIABLE_SCOPE_BEGIN|[612]|pIntgerToTreat|Decimal|false|false
07:25:05.0 (87036170)|VARIABLE_ASSIGNMENT|[612]|pIntgerToTreat|0.00
07:25:05.0 (87040575)|STATEMENT_EXECUTE|[612]
07:25:05.0 (87041743)|STATEMENT_EXECUTE|[613]
07:25:05.0 (87042622)|STATEMENT_EXECUTE|[614]
07:25:05.0 (87045181)|METHOD_EXIT|[384]|01p0a000004sKzT|PAWValueCalculationService.treatNullAsZero(Decimal)
07:25:05.0 (87083185)|VARIABLE_ASSIGNMENT|[EXTERNAL]|this|{"facilitySelected":"001j000000NqKMtAAN","fcltyPrgrmSelected":"a1B290000003SEdEAM","insrncBnft":"0x15ed2bde","insrncBnftSelected":"a1H29000000pRTUEA2","pawDetailListDisplay (4 more) ...":false,"pyAgrmntWrksht":"0x59e1d325","rateAdjstmntSelected":"a1I29000000HR5FEAW","relatedPAWDetailsLis (1 more) ...":"0x42ac59a8","targetEDR":0.00,"totalAppliedDeductib (2 more) ...":0.00,"totalCoInsurance":0.00,"totalCoPayAmt":0.00,"totalInsCoResp":0.00,"totalInsEIVAmt":0.00,"totalRowCount":20,"totalTalbottDay":0}|0x344b0540
07:25:05.0 (87119647)|VARIABLE_ASSIGNMENT|[384]|this.Deductible_Amount_Requested__c|0.00|0x59e1d325
07:25:05.0 (87125443)|STATEMENT_EXECUTE|[385]
07:25:05.0 (87168274)|VARIABLE_ASSIGNMENT|[EXTERNAL]|this|{"facilitySelected":"001j000000NqKMtAAN","fcltyPrgrmSelected":"a1B290000003SEdEAM","insrncBnft":"0x15ed2bde","insrncBnftSelected":"a1H29000000pRTUEA2","pawDetailListDisplay (4 more) ...":false,"pyAgrmntWrksht":"0x59e1d325","rateAdjstmntSelected":"a1I29000000HR5FEAW","relatedPAWDetailsLis (1 more) ...":"0x42ac59a8","targetEDR":0.00,"totalAppliedDeductib (2 more) ...":0.00,"totalCoInsurance":0.00,"totalCoPayAmt":0.00,"totalInsCoResp":0.00,"totalInsEIVAmt":0.00,"totalRowCount":20,"totalTalbottDay":0}|0x344b0540
07:25:05.0 (87195057)|HEAP_ALLOCATE|[385]|Bytes:28
07:25:05.0 (87202294)|METHOD_ENTRY|[385]|01p0a000004sKzT|PAWValueCalculationService.treatNullAsZero(Decimal)
07:25:05.0 (87206982)|VARIABLE_SCOPE_BEGIN|[612]|pIntgerToTreat|Decimal|false|false
07:25:05.0 (87214401)|VARIABLE_ASSIGNMENT|[612]|pIntgerToTreat|0.00
07:25:05.0 (87218265)|STATEMENT_EXECUTE|[612]
07:25:05.0 (87219453)|STATEMENT_EXECUTE|[613]
07:25:05.0 (87220365)|STATEMENT_EXECUTE|[614]
07:25:05.0 (87222648)|METHOD_EXIT|[385]|01p0a000004sKzT|PAWValueCalculationService.treatNullAsZero(Decimal)
07:25:05.0 (87260147)|VARIABLE_ASSIGNMENT|[EXTERNAL]|this|{"facilitySelected":"001j000000NqKMtAAN","fcltyPrgrmSelected":"a1B290000003SEdEAM","insrncBnft":"0x15ed2bde","insrncBnftSelected":"a1H29000000pRTUEA2","pawDetailListDisplay (4 more) ...":false,"pyAgrmntWrksht":"0x59e1d325","rateAdjstmntSelected":"a1I29000000HR5FEAW","relatedPAWDetailsLis (1 more) ...":"0x42ac59a8","targetEDR":0.00,"totalAppliedDeductib (2 more) ...":0.00,"totalCoInsurance":0.00,"totalCoPayAmt":0.00,"totalInsCoResp":0.00,"totalInsEIVAmt":0.00,"totalRowCount":20,"totalTalbottDay":0}|0x344b0540
07:25:05.0 (87292997)|VARIABLE_ASSIGNMENT|[385]|this.Co_Pay_Amount_Requested__c|0.00|0x59e1d325
07:25:05.0 (87339087)|VARIABLE_ASSIGNMENT|[EXTERNAL]|this|{"facilitySelected":"001j000000NqKMtAAN","fcltyPrgrmSelected":"a1B290000003SEdEAM","insrncBnft":"0x15ed2bde","insrncBnftSelected":"a1H29000000pRTUEA2","pawDetailListDisplay (4 more) ...":false,"pyAgrmntWrksht":"0x59e1d325","rateAdjstmntSelected":"a1I29000000HR5FEAW","relatedPAWDetailsLis (1 more) ...":"0x42ac59a8","targetEDR":0.00,"totalAppliedDeductib (2 more) ...":0.00,"totalCoInsurance":0.00,"totalCoPayAmt":0.00,"totalInsCoResp":0.00,"totalInsEIVAmt":0.00,"totalRowCount":20,"totalTalbottDay":0}|0x344b0540
07:25:05.0 (87386362)|VARIABLE_ASSIGNMENT|[EXTERNAL]|this|{"facilitySelected":"001j000000NqKMtAAN","fcltyPrgrmSelected":"a1B290000003SEdEAM","insrncBnft":"0x15ed2bde","insrncBnftSelected":"a1H29000000pRTUEA2","pawDetailListDisplay (4 more) ...":false,"pyAgrmntWrksht":"0x59e1d325","rateAdjstmntSelected":"a1I29000000HR5FEAW","relatedPAWDetailsLis (1 more) ...":"0x42ac59a8","targetEDR":0.00,"totalAppliedDeductib (2 more) ...":0.00,"totalCoInsurance":0.00,"totalCoPayAmt":0.00,"totalInsCoResp":0.00,"totalInsEIVAmt":0.00,"totalRowCount":20,"totalTalbottDay":0}|0x344b0540
07:25:05.0 (87404431)|HEAP_ALLOCATE|[388]|Bytes:28
07:25:05.0 (87442775)|VARIABLE_ASSIGNMENT|[EXTERNAL]|this|{"facilitySelected":"001j000000NqKMtAAN","fcltyPrgrmSelected":"a1B290000003SEdEAM","insrncBnft":"0x15ed2bde","insrncBnftSelected":"a1H29000000pRTUEA2","pawDetailListDisplay (4 more) ...":false,"pyAgrmntWrksht":"0x59e1d325","rateAdjstmntSelected":"a1I29000000HR5FEAW","relatedPAWDetailsLis (1 more) ...":"0x42ac59a8","targetEDR":0.00,"totalAppliedDeductib (2 more) ...":0.00,"totalCoInsurance":0.00,"totalCoPayAmt":0.00,"totalInsCoResp":0.00,"totalInsEIVAmt":0.00,"totalRowCount":20,"totalTalbottDay":0}|0x344b0540
07:25:05.0 (87458180)|HEAP_ALLOCATE|[389]|Bytes:28
07:25:05.0 (87498438)|STATEMENT_EXECUTE|[387]
07:25:05.0 (87544208)|VARIABLE_ASSIGNMENT|[EXTERNAL]|this|{"facilitySelected":"001j000000NqKMtAAN","fcltyPrgrmSelected":"a1B290000003SEdEAM","insrncBnft":"0x15ed2bde","insrncBnftSelected":"a1H29000000pRTUEA2","pawDetailListDisplay (4 more) ...":false,"pyAgrmntWrksht":"0x59e1d325","rateAdjstmntSelected":"a1I29000000HR5FEAW","relatedPAWDetailsLis (1 more) ...":"0x42ac59a8","targetEDR":0.00,"totalAppliedDeductib (2 more) ...":0.00,"totalCoInsurance":0.00,"totalCoPayAmt":0.00,"totalInsCoResp":0.00,"totalInsEIVAmt":0.00,"totalRowCount":20,"totalTalbottDay":0}|0x344b0540
07:25:05.0 (87587969)|VARIABLE_ASSIGNMENT|[EXTERNAL]|this|{"facilitySelected":"001j000000NqKMtAAN","fcltyPrgrmSelected":"a1B290000003SEdEAM","insrncBnft":"0x15ed2bde","insrncBnftSelected":"a1H29000000pRTUEA2","pawDetailListDisplay (4 more) ...":false,"pyAgrmntWrksht":"0x59e1d325","rateAdjstmntSelected":"a1I29000000HR5FEAW","relatedPAWDetailsLis (1 more) ...":"0x42ac59a8","targetEDR":0.00,"totalAppliedDeductib (2 more) ...":0.00,"totalCoInsurance":0.00,"totalCoPayAmt":0.00,"totalInsCoResp":0.00,"totalInsEIVAmt":0.00,"totalRowCount":20,"totalTalbottDay":0}|0x344b0540
07:25:05.0 (87618530)|STATEMENT_EXECUTE|[394]
07:25:05.0 (87656594)|VARIABLE_ASSIGNMENT|[EXTERNAL]|this|{"facilitySelected":"001j000000NqKMtAAN","fcltyPrgrmSelected":"a1B290000003SEdEAM","insrncBnft":"0x15ed2bde","insrncBnftSelected":"a1H29000000pRTUEA2","pawDetailListDisplay (4 more) ...":false,"pyAgrmntWrksht":"0x59e1d325","rateAdjstmntSelected":"a1I29000000HR5FEAW","relatedPAWDetailsLis (1 more) ...":"0x42ac59a8","targetEDR":0.00,"totalAppliedDeductib (2 more) ...":0.00,"totalCoInsurance":0.00,"totalCoPayAmt":0.00,"totalInsCoResp":0.00,"totalInsEIVAmt":0.00,"totalRowCount":20,"totalTalbottDay":0}|0x344b0540
07:25:05.0 (87674731)|HEAP_ALLOCATE|[395]|Bytes:28
07:25:05.0 (87714031)|VARIABLE_ASSIGNMENT|[EXTERNAL]|this|{"facilitySelected":"001j000000NqKMtAAN","fcltyPrgrmSelected":"a1B290000003SEdEAM","insrncBnft":"0x15ed2bde","insrncBnftSelected":"a1H29000000pRTUEA2","pawDetailListDisplay (4 more) ...":false,"pyAgrmntWrksht":"0x59e1d325","rateAdjstmntSelected":"a1I29000000HR5FEAW","relatedPAWDetailsLis (1 more) ...":"0x42ac59a8","targetEDR":0.00,"totalAppliedDeductib (2 more) ...":0.00,"totalCoInsurance":0.00,"totalCoPayAmt":0.00,"totalInsCoResp":0.00,"totalInsEIVAmt":0.00,"totalRowCount":20,"totalTalbottDay":0}|0x344b0540
07:25:05.0 (87765099)|STATEMENT_EXECUTE|[395]
07:25:05.0 (87805385)|VARIABLE_ASSIGNMENT|[EXTERNAL]|this|{"facilitySelected":"001j000000NqKMtAAN","fcltyPrgrmSelected":"a1B290000003SEdEAM","insrncBnft":"0x15ed2bde","insrncBnftSelected":"a1H29000000pRTUEA2","pawDetailListDisplay (4 more) ...":false,"pyAgrmntWrksht":"0x59e1d325","rateAdjstmntSelected":"a1I29000000HR5FEAW","relatedPAWDetailsLis (1 more) ...":"0x42ac59a8","targetEDR":0.00,"totalAppliedDeductib (2 more) ...":0.00,"totalCoInsurance":0.00,"totalCoPayAmt":0.00,"totalInsCoResp":0.00,"totalInsEIVAmt":0.00,"totalRowCount":20,"totalTalbottDay":0}|0x344b0540
07:25:05.0 (87822473)|HEAP_ALLOCATE|[401]|Bytes:28
07:25:05.0 (87860912)|VARIABLE_ASSIGNMENT|[EXTERNAL]|this|{"facilitySelected":"001j000000NqKMtAAN","fcltyPrgrmSelected":"a1B290000003SEdEAM","insrncBnft":"0x15ed2bde","insrncBnftSelected":"a1H29000000pRTUEA2","pawDetailListDisplay (4 more) ...":false,"pyAgrmntWrksht":"0x59e1d325","rateAdjstmntSelected":"a1I29000000HR5FEAW","relatedPAWDetailsLis (1 more) ...":"0x42ac59a8","targetEDR":0.00,"totalAppliedDeductib (2 more) ...":0.00,"totalCoInsurance":0.00,"totalCoPayAmt":0.00,"totalInsCoResp":0.00,"totalInsEIVAmt":0.00,"totalRowCount":20,"totalTalbottDay":0}|0x344b0540
07:25:05.0 (87888653)|STATEMENT_EXECUTE|[401]
07:25:05.0 (87889953)|STATEMENT_EXECUTE|[406]
07:25:05.0 (87892378)|HEAP_ALLOCATE|[406]|Bytes:67
07:25:05.0 (87932214)|VARIABLE_ASSIGNMENT|[EXTERNAL]|this|{"facilitySelected":"001j000000NqKMtAAN","fcltyPrgrmSelected":"a1B290000003SEdEAM","insrncBnft":"0x15ed2bde","insrncBnftSelected":"a1H29000000pRTUEA2","pawDetailListDisplay (4 more) ...":false,"pyAgrmntWrksht":"0x59e1d325","rateAdjstmntSelected":"a1I29000000HR5FEAW","relatedPAWDetailsLis (1 more) ...":"0x42ac59a8","targetEDR":0.00,"totalAppliedDeductib (2 more) ...":0.00,"totalCoInsurance":0.00,"totalCoPayAmt":0.00,"totalInsCoResp":0.00,"totalInsEIVAmt":0.00,"totalRowCount":20,"totalTalbottDay":0}|0x344b0540
07:25:05.0 (87960161)|HEAP_ALLOCATE|[406]|Bytes:71
07:25:05.0 (87969419)|USER_DEBUG|[406]|DEBUG|>>> pWrprObj.pyAgrmntWrksht.Insurance_Company_Rate_Adjustment__c : null
07:25:05.0 (87975459)|STATEMENT_EXECUTE|[407]
07:25:05.0 (87977394)|HEAP_ALLOCATE|[407]|Bytes:54
07:25:05.0 (88016363)|VARIABLE_ASSIGNMENT|[EXTERNAL]|this|{"facilitySelected":"001j000000NqKMtAAN","fcltyPrgrmSelected":"a1B290000003SEdEAM","insrncBnft":"0x15ed2bde","insrncBnftSelected":"a1H29000000pRTUEA2","pawDetailListDisplay (4 more) ...":false,"pyAgrmntWrksht":"0x59e1d325","rateAdjstmntSelected":"a1I29000000HR5FEAW","relatedPAWDetailsLis (1 more) ...":"0x42ac59a8","targetEDR":0.00,"totalAppliedDeductib (2 more) ...":0.00,"totalCoInsurance":0.00,"totalCoPayAmt":0.00,"totalInsCoResp":0.00,"totalInsEIVAmt":0.00,"totalRowCount":20,"totalTalbottDay":0}|0x344b0540
07:25:05.0 (88032309)|HEAP_ALLOCATE|[407]|Bytes:58
07:25:05.0 (88039153)|USER_DEBUG|[407]|DEBUG|>>> pWrprObj.pyAgrmntWrksht.Rate_Adjustment_Type__c : null
07:25:05.0 (88044263)|STATEMENT_EXECUTE|[408]
07:25:05.0 (88079950)|VARIABLE_ASSIGNMENT|[EXTERNAL]|this|{"facilitySelected":"001j000000NqKMtAAN","fcltyPrgrmSelected":"a1B290000003SEdEAM","insrncBnft":"0x15ed2bde","insrncBnftSelected":"a1H29000000pRTUEA2","pawDetailListDisplay (4 more) ...":false,"pyAgrmntWrksht":"0x59e1d325","rateAdjstmntSelected":"a1I29000000HR5FEAW","relatedPAWDetailsLis (1 more) ...":"0x42ac59a8","targetEDR":0.00,"totalAppliedDeductib (2 more) ...":0.00,"totalCoInsurance":0.00,"totalCoPayAmt":0.00,"totalInsCoResp":0.00,"totalInsEIVAmt":0.00,"totalRowCount":20,"totalTalbottDay":0}|0x344b0540
07:25:05.0 (88231641)|HEAP_ALLOCATE|[408]|Bytes:1615
07:25:05.0 (88238323)|HEAP_ALLOCATE|[408]|Bytes:112
07:25:05.0 (88280314)|VARIABLE_ASSIGNMENT|[408]|PAWValueCalculationService.pawObj|{"Patient_Insurance__c":"a1b29000000lvHQAAY","Num_Days_Detox_DTX__ (1 more) ...":0,"Detox_Over__c":0.00,"Detox_Pays_at__c":80.00,"Num_Days_Residential (17 more) ...":7,"Residential_Treatmen (13 more) ...":0.00,"RTC_Pays_at__c":80.00,"Num_Days_Partial_Hos (19 more) ...":13,"Partial_Hospitalizat (15 more) ...":0.00,"PHP_Pays_at__c":80.00,"Num_Days_Intensive_O (16 more) ...":0,"Intensive_Outpatient (12 more) ...":0.00,"IOP_Pays_at__c":80.00,"Num_Days_Uncovered__ (1 more) ...":0,"Uncovered_Days_Rate_ (2 more) ...":630.00,"Uncovered_Days_Overr (6 more) ...":0,"Num_Days_Room__c":0,"Room_and_Board_Days_ (11 more) ...":0,"Co_Pay_Remaining__c":0.00,"Deductible_Included_ (9 more) ...":"Yes","Days_60_90_Fees__c":0,"Ancillary_Fees__c":350,"Deductible_Amount_Re (10 more) ...":0.00,"Co_Insurance_Amount_ (12 more) ...":0.00,"Co_Pay_Amount_Reques (6 more) ...":0.00}|0x7b5c2a7
07:25:05.0 (88294930)|STATEMENT_EXECUTE|[409]
07:25:05.0 (88297824)|HEAP_ALLOCATE|[409]|Bytes:13
07:25:05.0 (88402751)|HEAP_ALLOCATE|[409]|Bytes:862
07:25:05.0 (88415797)|HEAP_ALLOCATE|[409]|Bytes:875
07:25:05.0 (88424183)|USER_DEBUG|[409]|DEBUG|>>> pawObj : Pay_Agreement_Worksheet__c:{Patient_Insurance__c=a1b29000000lvHQAAY, Rate_Adjustment_Type__c=null, Num_Days_Detox_DTX__c=0, Detox_Over__c=0.00, Detox_Pays_at__c=80.00, Num_Days_Residential_Treatment_RTC__c=7, Residential_Treatment_Override__c=0.00, RTC_Pays_at__c=80.00, Num_Days_Partial_Hospitalization_PHP__c=13, Partial_Hospitalization_Override__c=0.00, PHP_Pays_at__c=80.00, Num_Days_Intensive_Outpatient_IOP__c=0, Intensive_Outpatient_Override__c=0.00, IOP_Pays_at__c=80.00, Num_Days_Uncovered__c=0, Uncovered_Days_Rate__c=630.00, Uncovered_Days_Override__c=0, Num_Days_Room__c=0, Room_and_Board_Days_Override__c=0, Uncovered_Charges__c=null, Co_Pay_Remaining__c=0.00, Deductible_Included_in_OOP__c=Yes, Days_60_90_Fees__c=0, Ancillary_Fees__c=350, Deductible_Amount_Requested__c=0.00, Co_Insurance_Amount_Requested__c=0.00, Co_Pay_Amount_Requested__c=0.00}
07:25:05.0 (88440178)|STATEMENT_EXECUTE|[410]
07:25:05.0 (88488969)|VARIABLE_ASSIGNMENT|[EXTERNAL]|this|{"facilitySelected":"001j000000NqKMtAAN","fcltyPrgrmSelected":"a1B290000003SEdEAM","insrncBnft":"0x15ed2bde","insrncBnftSelected":"a1H29000000pRTUEA2","pawDetailListDisplay (4 more) ...":false,"pyAgrmntWrksht":"0x59e1d325","rateAdjstmntSelected":"a1I29000000HR5FEAW","relatedPAWDetailsLis (1 more) ...":"0x42ac59a8","targetEDR":0.00,"totalAppliedDeductib (2 more) ...":0.00,"totalCoInsurance":0.00,"totalCoPayAmt":0.00,"totalInsCoResp":0.00,"totalInsEIVAmt":0.00,"totalRowCount":20,"totalTalbottDay":0}|0x344b0540
07:25:05.0 (88541446)|VARIABLE_ASSIGNMENT|[EXTERNAL]|this|{"facilitySelected":"001j000000NqKMtAAN","fcltyPrgrmSelected":"a1B290000003SEdEAM","insrncBnft":"0x15ed2bde","insrncBnftSelected":"a1H29000000pRTUEA2","pawDetailListDisplay (4 more) ...":false,"pyAgrmntWrksht":"0x59e1d325","rateAdjstmntSelected":"a1I29000000HR5FEAW","relatedPAWDetailsLis (1 more) ...":"0x42ac59a8","targetEDR":0.00,"totalAppliedDeductib (2 more) ...":0.00,"totalCoInsurance":0.00,"totalCoPayAmt":0.00,"totalInsCoResp":0.00,"totalInsEIVAmt":0.00,"totalRowCount":20,"totalTalbottDay":0}|0x344b0540
07:25:05.0 (88596871)|VARIABLE_ASSIGNMENT|[EXTERNAL]|this|{"facilitySelected":"001j000000NqKMtAAN","fcltyPrgrmSelected":"a1B290000003SEdEAM","insrncBnft":"0x15ed2bde","insrncBnftSelected":"a1H29000000pRTUEA2","pawDetailListDisplay (4 more) ...":false,"pyAgrmntWrksht":"0x59e1d325","rateAdjstmntSelected":"a1I29000000HR5FEAW","relatedPAWDetailsLis (1 more) ...":"0x42ac59a8","targetEDR":0.00,"totalAppliedDeductib (2 more) ...":0.00,"totalCoInsurance":0.00,"totalCoPayAmt":0.00,"totalInsCoResp":0.00,"totalInsEIVAmt":0.00,"totalRowCount":20,"totalTalbottDay":0}|0x344b0540
07:25:05.0 (88668092)|VARIABLE_ASSIGNMENT|[EXTERNAL]|this|{"facilitySelected":"001j000000NqKMtAAN","fcltyPrgrmSelected":"a1B290000003SEdEAM","insrncBnft":"0x15ed2bde","insrncBnftSelected":"a1H29000000pRTUEA2","pawDetailListDisplay (4 more) ...":false,"pyAgrmntWrksht":"0x59e1d325","rateAdjstmntSelected":"a1I29000000HR5FEAW","relatedPAWDetailsLis (1 more) ...":"0x42ac59a8","targetEDR":0.00,"totalAppliedDeductib (2 more) ...":0.00,"totalCoInsurance":0.00,"totalCoPayAmt":0.00,"totalInsCoResp":0.00,"totalInsEIVAmt":0.00,"totalRowCount":20,"totalTalbottDay":0}|0x344b0540
07:25:05.0 (88691180)|HEAP_ALLOCATE|[410]|Bytes:4
07:25:05.0 (88739988)|VARIABLE_ASSIGNMENT|[410]|this.Insurance_Benefit__c|"a1H29000000pRTUEA2"|0x7b5c2a7
07:25:05.0 (88745646)|STATEMENT_EXECUTE|[415]
07:25:05.0 (88794625)|VARIABLE_ASSIGNMENT|[EXTERNAL]|this|{"facilitySelected":"001j000000NqKMtAAN","fcltyPrgrmSelected":"a1B290000003SEdEAM","insrncBnft":"0x15ed2bde","insrncBnftSelected":"a1H29000000pRTUEA2","pawDetailListDisplay (4 more) ...":false,"pyAgrmntWrksht":"0x59e1d325","rateAdjstmntSelected":"a1I29000000HR5FEAW","relatedPAWDetailsLis (1 more) ...":"0x42ac59a8","targetEDR":0.00,"totalAppliedDeductib (2 more) ...":0.00,"totalCoInsurance":0.00,"totalCoPayAmt":0.00,"totalInsCoResp":0.00,"totalInsEIVAmt":0.00,"totalRowCount":20,"totalTalbottDay":0}|0x344b0540
07:25:05.0 (88843712)|VARIABLE_ASSIGNMENT|[415]|this.Deductible_Included_in_OOP__c|"Yes"|0x7b5c2a7
07:25:05.0 (88849312)|STATEMENT_EXECUTE|[416]
07:25:05.0 (88897795)|VARIABLE_ASSIGNMENT|[EXTERNAL]|this|{"facilitySelected":"001j000000NqKMtAAN","fcltyPrgrmSelected":"a1B290000003SEdEAM","insrncBnft":"0x15ed2bde","insrncBnftSelected":"a1H29000000pRTUEA2","pawDetailListDisplay (4 more) ...":false,"pyAgrmntWrksht":"0x59e1d325","rateAdjstmntSelected":"a1I29000000HR5FEAW","relatedPAWDetailsLis (1 more) ...":"0x42ac59a8","targetEDR":0.00,"totalAppliedDeductib (2 more) ...":0.00,"totalCoInsurance":0.00,"totalCoPayAmt":0.00,"totalInsCoResp":0.00,"totalInsEIVAmt":0.00,"totalRowCount":20,"totalTalbottDay":0}|0x344b0540
07:25:05.0 (88943061)|VARIABLE_ASSIGNMENT|[EXTERNAL]|this|{"facilitySelected":"001j000000NqKMtAAN","fcltyPrgrmSelected":"a1B290000003SEdEAM","insrncBnft":"0x15ed2bde","insrncBnftSelected":"a1H29000000pRTUEA2","pawDetailListDisplay (4 more) ...":false,"pyAgrmntWrksht":"0x59e1d325","rateAdjstmntSelected":"a1I29000000HR5FEAW","relatedPAWDetailsLis (1 more) ...":"0x42ac59a8","targetEDR":0.00,"totalAppliedDeductib (2 more) ...":0.00,"totalCoInsurance":0.00,"totalCoPayAmt":0.00,"totalInsCoResp":0.00,"totalInsEIVAmt":0.00,"totalRowCount":20,"totalTalbottDay":0}|0x344b0540
07:25:05.0 (88998379)|VARIABLE_ASSIGNMENT|[EXTERNAL]|this|{"facilitySelected":"001j000000NqKMtAAN","fcltyPrgrmSelected":"a1B290000003SEdEAM","insrncBnft":"0x15ed2bde","insrncBnftSelected":"a1H29000000pRTUEA2","pawDetailListDisplay (4 more) ...":false,"pyAgrmntWrksht":"0x59e1d325","rateAdjstmntSelected":"a1I29000000HR5FEAW","relatedPAWDetailsLis (1 more) ...":"0x42ac59a8","targetEDR":0.00,"totalAppliedDeductib (2 more) ...":0.00,"totalCoInsurance":0.00,"totalCoPayAmt":0.00,"totalInsCoResp":0.00,"totalInsEIVAmt":0.00,"totalRowCount":20,"totalTalbottDay":0}|0x344b0540
07:25:05.0 (89014254)|HEAP_ALLOCATE|[416]|Bytes:4
07:25:05.0 (89059116)|VARIABLE_ASSIGNMENT|[416]|this.Facility_Program__c|"a1B290000003SEdEAM"|0x7b5c2a7
07:25:05.0 (89065269)|STATEMENT_EXECUTE|[417]
07:25:05.0 (89110858)|VARIABLE_ASSIGNMENT|[EXTERNAL]|this|{"facilitySelected":"001j000000NqKMtAAN","fcltyPrgrmSelected":"a1B290000003SEdEAM","insrncBnft":"0x15ed2bde","insrncBnftSelected":"a1H29000000pRTUEA2","pawDetailListDisplay (4 more) ...":false,"pyAgrmntWrksht":"0x59e1d325","rateAdjstmntSelected":"a1I29000000HR5FEAW","relatedPAWDetailsLis (1 more) ...":"0x42ac59a8","targetEDR":0.00,"totalAppliedDeductib (2 more) ...":0.00,"totalCoInsurance":0.00,"totalCoPayAmt":0.00,"totalInsCoResp":0.00,"totalInsEIVAmt":0.00,"totalRowCount":20,"totalTalbottDay":0}|0x344b0540
07:25:05.0 (89127863)|HEAP_ALLOCATE|[417]|Bytes:4
07:25:05.0 (89166760)|VARIABLE_ASSIGNMENT|[417]|this.FRN_Facility__c|"001j000000NqKMtAAN"|0x7b5c2a7
07:25:05.0 (89172054)|STATEMENT_EXECUTE|[418]
07:25:05.0 (89214147)|VARIABLE_ASSIGNMENT|[EXTERNAL]|this|{"facilitySelected":"001j000000NqKMtAAN","fcltyPrgrmSelected":"a1B290000003SEdEAM","insrncBnft":"0x15ed2bde","insrncBnftSelected":"a1H29000000pRTUEA2","pawDetailListDisplay (4 more) ...":false,"pyAgrmntWrksht":"0x59e1d325","rateAdjstmntSelected":"a1I29000000HR5FEAW","relatedPAWDetailsLis (1 more) ...":"0x42ac59a8","targetEDR":0.00,"totalAppliedDeductib (2 more) ...":0.00,"totalCoInsurance":0.00,"totalCoPayAmt":0.00,"totalInsCoResp":0.00,"totalInsEIVAmt":0.00,"totalRowCount":20,"totalTalbottDay":0}|0x344b0540
07:25:05.0 (89245363)|METHOD_ENTRY|[418]|01p0a000004sKzT|PAWValueCalculationService.treatNullAsZero(Decimal)
07:25:05.0 (89251812)|VARIABLE_SCOPE_BEGIN|[612]|pIntgerToTreat|Decimal|false|false
07:25:05.0 (89260484)|VARIABLE_ASSIGNMENT|[612]|pIntgerToTreat|5000.00
07:25:05.0 (89264580)|STATEMENT_EXECUTE|[612]
07:25:05.0 (89265882)|STATEMENT_EXECUTE|[613]
07:25:05.0 (89266761)|STATEMENT_EXECUTE|[614]
07:25:05.0 (89269446)|METHOD_EXIT|[418]|01p0a000004sKzT|PAWValueCalculationService.treatNullAsZero(Decimal)
07:25:05.0 (89296589)|VARIABLE_ASSIGNMENT|[418]|this.Deductible__c|5000.00|0x7b5c2a7
07:25:05.0 (89302036)|STATEMENT_EXECUTE|[419]
07:25:05.0 (89345069)|VARIABLE_ASSIGNMENT|[EXTERNAL]|this|{"facilitySelected":"001j000000NqKMtAAN","fcltyPrgrmSelected":"a1B290000003SEdEAM","insrncBnft":"0x15ed2bde","insrncBnftSelected":"a1H29000000pRTUEA2","pawDetailListDisplay (4 more) ...":false,"pyAgrmntWrksht":"0x59e1d325","rateAdjstmntSelected":"a1I29000000HR5FEAW","relatedPAWDetailsLis (1 more) ...":"0x42ac59a8","targetEDR":0.00,"totalAppliedDeductib (2 more) ...":0.00,"totalCoInsurance":0.00,"totalCoPayAmt":0.00,"totalInsCoResp":0.00,"totalInsEIVAmt":0.00,"totalRowCount":20,"totalTalbottDay":0}|0x344b0540
07:25:05.0 (89372290)|HEAP_ALLOCATE|[419]|Bytes:28
07:25:05.0 (89379387)|METHOD_ENTRY|[419]|01p0a000004sKzT|PAWValueCalculationService.treatNullAsZero(Decimal)
07:25:05.0 (89384317)|VARIABLE_SCOPE_BEGIN|[612]|pIntgerToTreat|Decimal|false|false
07:25:05.0 (89391792)|VARIABLE_ASSIGNMENT|[612]|pIntgerToTreat|0.00
07:25:05.0 (89395895)|STATEMENT_EXECUTE|[612]
07:25:05.0 (89397464)|STATEMENT_EXECUTE|[613]
07:25:05.0 (89398292)|STATEMENT_EXECUTE|[614]
07:25:05.0 (89400752)|METHOD_EXIT|[419]|01p0a000004sKzT|PAWValueCalculationService.treatNullAsZero(Decimal)
07:25:05.0 (89426460)|VARIABLE_ASSIGNMENT|[419]|this.Deductible_Met__c|0.00|0x7b5c2a7
07:25:05.0 (89431616)|STATEMENT_EXECUTE|[420]
07:25:05.0 (89474317)|VARIABLE_ASSIGNMENT|[EXTERNAL]|this|{"facilitySelected":"001j000000NqKMtAAN","fcltyPrgrmSelected":"a1B290000003SEdEAM","insrncBnft":"0x15ed2bde","insrncBnftSelected":"a1H29000000pRTUEA2","pawDetailListDisplay (4 more) ...":false,"pyAgrmntWrksht":"0x59e1d325","rateAdjstmntSelected":"a1I29000000HR5FEAW","relatedPAWDetailsLis (1 more) ...":"0x42ac59a8","targetEDR":0.00,"totalAppliedDeductib (2 more) ...":0.00,"totalCoInsurance":0.00,"totalCoPayAmt":0.00,"totalInsCoResp":0.00,"totalInsEIVAmt":0.00,"totalRowCount":20,"totalTalbottDay":0}|0x344b0540
07:25:05.0 (89502218)|METHOD_ENTRY|[420]|01p0a000004sKzT|PAWValueCalculationService.treatNullAsZero(Decimal)
07:25:05.0 (89507183)|VARIABLE_SCOPE_BEGIN|[612]|pIntgerToTreat|Decimal|false|false
07:25:05.0 (89514250)|VARIABLE_ASSIGNMENT|[612]|pIntgerToTreat|1000000.00
07:25:05.0 (89518046)|STATEMENT_EXECUTE|[612]
07:25:05.0 (89519326)|STATEMENT_EXECUTE|[613]
07:25:05.0 (89520208)|STATEMENT_EXECUTE|[614]
07:25:05.0 (89522894)|METHOD_EXIT|[420]|01p0a000004sKzT|PAWValueCalculationService.treatNullAsZero(Decimal)
07:25:05.0 (89550643)|VARIABLE_ASSIGNMENT|[420]|this.Lifetime_Max__c|1000000.00|0x7b5c2a7
07:25:05.0 (89556222)|STATEMENT_EXECUTE|[421]
07:25:05.0 (89598147)|VARIABLE_ASSIGNMENT|[EXTERNAL]|this|{"facilitySelected":"001j000000NqKMtAAN","fcltyPrgrmSelected":"a1B290000003SEdEAM","insrncBnft":"0x15ed2bde","insrncBnftSelected":"a1H29000000pRTUEA2","pawDetailListDisplay (4 more) ...":false,"pyAgrmntWrksht":"0x59e1d325","rateAdjstmntSelected":"a1I29000000HR5FEAW","relatedPAWDetailsLis (1 more) ...":"0x42ac59a8","targetEDR":0.00,"totalAppliedDeductib (2 more) ...":0.00,"totalCoInsurance":0.00,"totalCoPayAmt":0.00,"totalInsCoResp":0.00,"totalInsEIVAmt":0.00,"totalRowCount":20,"totalTalbottDay":0}|0x344b0540
07:25:05.0 (89627406)|HEAP_ALLOCATE|[421]|Bytes:28
07:25:05.0 (89634468)|METHOD_ENTRY|[421]|01p0a000004sKzT|PAWValueCalculationService.treatNullAsZero(Decimal)
07:25:05.0 (89638875)|VARIABLE_SCOPE_BEGIN|[612]|pIntgerToTreat|Decimal|false|false
07:25:05.0 (89645647)|VARIABLE_ASSIGNMENT|[612]|pIntgerToTreat|0.00
07:25:05.0 (89649436)|STATEMENT_EXECUTE|[612]
07:25:05.0 (89650629)|STATEMENT_EXECUTE|[613]
07:25:05.0 (89651520)|STATEMENT_EXECUTE|[614]
07:25:05.0 (89653706)|METHOD_EXIT|[421]|01p0a000004sKzT|PAWValueCalculationService.treatNullAsZero(Decimal)
07:25:05.0 (89679740)|VARIABLE_ASSIGNMENT|[421]|this.Lifetime_Max_Used__c|0.00|0x7b5c2a7
07:25:05.0 (89684718)|STATEMENT_EXECUTE|[422]
07:25:05.0 (89727840)|VARIABLE_ASSIGNMENT|[EXTERNAL]|this|{"facilitySelected":"001j000000NqKMtAAN","fcltyPrgrmSelected":"a1B290000003SEdEAM","insrncBnft":"0x15ed2bde","insrncBnftSelected":"a1H29000000pRTUEA2","pawDetailListDisplay (4 more) ...":false,"pyAgrmntWrksht":"0x59e1d325","rateAdjstmntSelected":"a1I29000000HR5FEAW","relatedPAWDetailsLis (1 more) ...":"0x42ac59a8","targetEDR":0.00,"totalAppliedDeductib (2 more) ...":0.00,"totalCoInsurance":0.00,"totalCoPayAmt":0.00,"totalInsCoResp":0.00,"totalInsEIVAmt":0.00,"totalRowCount":20,"totalTalbottDay":0}|0x344b0540
07:25:05.0 (89754804)|METHOD_ENTRY|[422]|01p0a000004sKzT|PAWValueCalculationService.treatNullAsZero(Decimal)
07:25:05.0 (89760270)|VARIABLE_SCOPE_BEGIN|[612]|pIntgerToTreat|Decimal|false|false
07:25:05.0 (89767005)|VARIABLE_ASSIGNMENT|[612]|pIntgerToTreat|1000000.00
07:25:05.0 (89770859)|STATEMENT_EXECUTE|[612]
07:25:05.0 (89772011)|STATEMENT_EXECUTE|[613]
07:25:05.0 (89772927)|STATEMENT_EXECUTE|[614]
07:25:05.0 (89775289)|METHOD_EXIT|[422]|01p0a000004sKzT|PAWValueCalculationService.treatNullAsZero(Decimal)
07:25:05.0 (89800166)|VARIABLE_ASSIGNMENT|[422]|this.Annual_Max__c|1000000.00|0x7b5c2a7
07:25:05.0 (89805888)|STATEMENT_EXECUTE|[423]
07:25:05.0 (89853031)|VARIABLE_ASSIGNMENT|[EXTERNAL]|this|{"facilitySelected":"001j000000NqKMtAAN","fcltyPrgrmSelected":"a1B290000003SEdEAM","insrncBnft":"0x15ed2bde","insrncBnftSelected":"a1H29000000pRTUEA2","pawDetailListDisplay (4 more) ...":false,"pyAgrmntWrksht":"0x59e1d325","rateAdjstmntSelected":"a1I29000000HR5FEAW","relatedPAWDetailsLis (1 more) ...":"0x42ac59a8","targetEDR":0.00,"totalAppliedDeductib (2 more) ...":0.00,"totalCoInsurance":0.00,"totalCoPayAmt":0.00,"totalInsCoResp":0.00,"totalInsEIVAmt":0.00,"totalRowCount":20,"totalTalbottDay":0}|0x344b0540
07:25:05.0 (89878405)|HEAP_ALLOCATE|[423]|Bytes:28
07:25:05.0 (89885529)|METHOD_ENTRY|[423]|01p0a000004sKzT|PAWValueCalculationService.treatNullAsZero(Decimal)
07:25:05.0 (89890968)|VARIABLE_SCOPE_BEGIN|[612]|pIntgerToTreat|Decimal|false|false
07:25:05.0 (89897784)|VARIABLE_ASSIGNMENT|[612]|pIntgerToTreat|0.00
07:25:05.0 (89901301)|STATEMENT_EXECUTE|[612]
07:25:05.0 (89902449)|STATEMENT_EXECUTE|[613]
07:25:05.0 (89903345)|STATEMENT_EXECUTE|[614]
07:25:05.0 (89905634)|METHOD_EXIT|[423]|01p0a000004sKzT|PAWValueCalculationService.treatNullAsZero(Decimal)
07:25:05.0 (89931228)|VARIABLE_ASSIGNMENT|[423]|this.Annual_Max_Used__c|0.00|0x7b5c2a7
07:25:05.0 (89936377)|STATEMENT_EXECUTE|[424]
07:25:05.0 (89977281)|VARIABLE_ASSIGNMENT|[EXTERNAL]|this|{"facilitySelected":"001j000000NqKMtAAN","fcltyPrgrmSelected":"a1B290000003SEdEAM","insrncBnft":"0x15ed2bde","insrncBnftSelected":"a1H29000000pRTUEA2","pawDetailListDisplay (4 more) ...":false,"pyAgrmntWrksht":"0x59e1d325","rateAdjstmntSelected":"a1I29000000HR5FEAW","relatedPAWDetailsLis (1 more) ...":"0x42ac59a8","targetEDR":0.00,"totalAppliedDeductib (2 more) ...":0.00,"totalCoInsurance":0.00,"totalCoPayAmt":0.00,"totalInsCoResp":0.00,"totalInsEIVAmt":0.00,"totalRowCount":20,"totalTalbottDay":0}|0x344b0540
07:25:05.0 (89993601)|METHOD_ENTRY|[424]|01p0a000004sKzT|PAWValueCalculationService.treatNullAsZero(Decimal)
07:25:05.0 (89997859)|VARIABLE_SCOPE_BEGIN|[612]|pIntgerToTreat|Decimal|false|false
07:25:05.0 (90003707)|VARIABLE_ASSIGNMENT|[612]|pIntgerToTreat|null
07:25:05.0 (90007655)|STATEMENT_EXECUTE|[612]
07:25:05.0 (90008778)|STATEMENT_EXECUTE|[616]
07:25:05.0 (90009719)|STATEMENT_EXECUTE|[617]
07:25:05.0 (90012501)|HEAP_ALLOCATE|[617]|Bytes:4
07:25:05.0 (90024900)|HEAP_ALLOCATE|[617]|Bytes:28
07:25:05.0 (90028960)|METHOD_EXIT|[424]|01p0a000004sKzT|PAWValueCalculationService.treatNullAsZero(Decimal)
07:25:05.0 (90057390)|VARIABLE_ASSIGNMENT|[424]|this.Co_Pay_Met__c|0.00|0x7b5c2a7
07:25:05.0 (90062735)|STATEMENT_EXECUTE|[425]
07:25:05.0 (90104370)|VARIABLE_ASSIGNMENT|[EXTERNAL]|this|{"facilitySelected":"001j000000NqKMtAAN","fcltyPrgrmSelected":"a1B290000003SEdEAM","insrncBnft":"0x15ed2bde","insrncBnftSelected":"a1H29000000pRTUEA2","pawDetailListDisplay (4 more) ...":false,"pyAgrmntWrksht":"0x59e1d325","rateAdjstmntSelected":"a1I29000000HR5FEAW","relatedPAWDetailsLis (1 more) ...":"0x42ac59a8","targetEDR":0.00,"totalAppliedDeductib (2 more) ...":0.00,"totalCoInsurance":0.00,"totalCoPayAmt":0.00,"totalInsCoResp":0.00,"totalInsEIVAmt":0.00,"totalRowCount":20,"totalTalbottDay":0}|0x344b0540
07:25:05.0 (90131908)|METHOD_ENTRY|[425]|01p0a000004sKzT|PAWValueCalculationService.treatNullAsZero(Decimal)
07:25:05.0 (90136679)|VARIABLE_SCOPE_BEGIN|[612]|pIntgerToTreat|Decimal|false|false
07:25:05.0 (90143718)|VARIABLE_ASSIGNMENT|[612]|pIntgerToTreat|10000.00
07:25:05.0 (90147840)|STATEMENT_EXECUTE|[612]
07:25:05.0 (90149108)|STATEMENT_EXECUTE|[613]
07:25:05.0 (90149960)|STATEMENT_EXECUTE|[614]
07:25:05.0 (90152145)|METHOD_EXIT|[425]|01p0a000004sKzT|PAWValueCalculationService.treatNullAsZero(Decimal)
07:25:05.0 (90177338)|VARIABLE_ASSIGNMENT|[425]|this.Out_of_Pocket_Max__c|10000.00|0x7b5c2a7
07:25:05.0 (90182495)|STATEMENT_EXECUTE|[426]
07:25:05.0 (90223649)|VARIABLE_ASSIGNMENT|[EXTERNAL]|this|{"facilitySelected":"001j000000NqKMtAAN","fcltyPrgrmSelected":"a1B290000003SEdEAM","insrncBnft":"0x15ed2bde","insrncBnftSelected":"a1H29000000pRTUEA2","pawDetailListDisplay (4 more) ...":false,"pyAgrmntWrksht":"0x59e1d325","rateAdjstmntSelected":"a1I29000000HR5FEAW","relatedPAWDetailsLis (1 more) ...":"0x42ac59a8","targetEDR":0.00,"totalAppliedDeductib (2 more) ...":0.00,"totalCoInsurance":0.00,"totalCoPayAmt":0.00,"totalInsCoResp":0.00,"totalInsEIVAmt":0.00,"totalRowCount":20,"totalTalbottDay":0}|0x344b0540
07:25:05.0 (90250009)|HEAP_ALLOCATE|[426]|Bytes:28
07:25:05.0 (90256418)|METHOD_ENTRY|[426]|01p0a000004sKzT|PAWValueCalculationService.treatNullAsZero(Decimal)
07:25:05.0 (90260649)|VARIABLE_SCOPE_BEGIN|[612]|pIntgerToTreat|Decimal|false|false
07:25:05.0 (90267034)|VARIABLE_ASSIGNMENT|[612]|pIntgerToTreat|0.00
07:25:05.0 (90270746)|STATEMENT_EXECUTE|[612]
07:25:05.0 (90272029)|STATEMENT_EXECUTE|[613]
07:25:05.0 (90272912)|STATEMENT_EXECUTE|[614]
07:25:05.0 (90275019)|METHOD_EXIT|[426]|01p0a000004sKzT|PAWValueCalculationService.treatNullAsZero(Decimal)
07:25:05.0 (90301338)|VARIABLE_ASSIGNMENT|[426]|this.Out_of_Pocket_Max_Met__c|0.00|0x7b5c2a7
07:25:05.0 (90306343)|STATEMENT_EXECUTE|[427]
07:25:05.0 (90351074)|VARIABLE_ASSIGNMENT|[EXTERNAL]|this|{"facilitySelected":"001j000000NqKMtAAN","fcltyPrgrmSelected":"a1B290000003SEdEAM","insrncBnft":"0x15ed2bde","insrncBnftSelected":"a1H29000000pRTUEA2","pawDetailListDisplay (4 more) ...":false,"pyAgrmntWrksht":"0x59e1d325","rateAdjstmntSelected":"a1I29000000HR5FEAW","relatedPAWDetailsLis (1 more) ...":"0x42ac59a8","targetEDR":0.00,"totalAppliedDeductib (2 more) ...":0.00,"totalCoInsurance":0.00,"totalCoPayAmt":0.00,"totalInsCoResp":0.00,"totalInsEIVAmt":0.00,"totalRowCount":20,"totalTalbottDay":0}|0x344b0540
07:25:05.0 (90387763)|VARIABLE_ASSIGNMENT|[427]|this.Co_Pay__c|0.00|0x7b5c2a7
07:25:05.0 (90402771)|STATEMENT_EXECUTE|[429]
07:25:05.0 (90404219)|STATEMENT_EXECUTE|[430]
07:25:05.0 (90409719)|HEAP_ALLOCATE|[430]|Bytes:4
07:25:05.0 (90446682)|VARIABLE_ASSIGNMENT|[430]|this.Opportunity__c|"00629000004NTeZAAW"|0x7b5c2a7
07:25:05.0 (90453193)|STATEMENT_EXECUTE|[432]
07:25:05.0 (90454165)|STATEMENT_EXECUTE|[433]
07:25:05.0 (90480755)|VARIABLE_ASSIGNMENT|[433]|this.Patient_Insurance__c|"a1b29000000lvHQAAY"|0x7b5c2a7
07:25:05.0 (90487264)|STATEMENT_EXECUTE|[435]
07:25:05.0 (90488230)|STATEMENT_EXECUTE|[438]
07:25:05.0 (90489165)|STATEMENT_EXECUTE|[438]
07:25:05.0 (90490318)|STATEMENT_EXECUTE|[439]
07:25:05.0 (90519795)|HEAP_ALLOCATE|[439]|Bytes:4
07:25:05.0 (90579106)|VARIABLE_SCOPE_BEGIN|[439]|parentOpportunity|Opportunity|true|false
07:25:05.0 (90592466)|VARIABLE_ASSIGNMENT|[439]|parentOpportunity|{}|0x718fc589
07:25:05.0 (90618096)|STATEMENT_EXECUTE|[440]
07:25:05.0 (90619405)|STATEMENT_EXECUTE|[441]
07:25:05.0 (90621733)|HEAP_ALLOCATE|[441]|Bytes:57
07:25:05.0 (90636057)|HEAP_ALLOCATE|[441]|Bytes:4
07:25:05.0 (92973996)|SOQL_EXECUTE_BEGIN|[441]|Aggregations:0|SELECT Id, StageName FROM Opportunity WHERE Id = :tmpVar1
07:25:05.0 (98970571)|SOQL_EXECUTE_END|[441]|Rows:1
07:25:05.0 (98994725)|HEAP_ALLOCATE|[441]|Bytes:8
07:25:05.0 (99009771)|HEAP_ALLOCATE|[441]|Bytes:99
07:25:05.0 (99064674)|HEAP_ALLOCATE|[441]|Bytes:8
07:25:05.0 (99076617)|HEAP_ALLOCATE|[441]|Bytes:37
07:25:05.0 (99111006)|HEAP_ALLOCATE|[441]|Bytes:16
07:25:05.0 (99128851)|VARIABLE_ASSIGNMENT|[441]|parentOpportunity|{"Id":"00629000004NTeZAAW","StageName":"Counter Offer Reques (3 more) ...","RecordTypeId":"012j00000015GSJAA2"}|0x3f5f9e52
07:25:05.0 (99135467)|STATEMENT_EXECUTE|[445]
07:25:05.0 (99149815)|HEAP_ALLOCATE|[445]|Bytes:4
07:25:05.0 (99184333)|VARIABLE_SCOPE_BEGIN|[445]|vobProfileId|Set<Id>|true|false
07:25:05.0 (99210063)|VARIABLE_ASSIGNMENT|[445]|vobProfileId|[]|0x4865c7bc
07:25:05.0 (99217915)|HEAP_ALLOCATE|[446]|Bytes:78
07:25:05.0 (99230603)|HEAP_ALLOCATE|[446]|Bytes:4
07:25:05.0 (100256574)|SOQL_EXECUTE_BEGIN|[446]|Aggregations:0|SELECT Id FROM Profile 
07:25:05.0 (106158653)|SOQL_EXECUTE_END|[446]|Rows:2
07:25:05.0 (106177162)|HEAP_ALLOCATE|[EXTERNAL]|Bytes:12
07:25:05.0 (106341714)|HEAP_ALLOCATE|[446]|Bytes:54
07:25:05.0 (106350533)|HEAP_ALLOCATE|[446]|Bytes:8
07:25:05.0 (106362460)|SYSTEM_METHOD_ENTRY|[7]|QueryLocatorIterator.QueryLocatorIterator()
07:25:05.0 (106366400)|STATEMENT_EXECUTE|[7]
07:25:05.0 (106375657)|SYSTEM_METHOD_EXIT|[7]|QueryLocatorIterator
07:25:05.0 (106382819)|HEAP_ALLOCATE|[446]|Bytes:28
07:25:05.0 (106450557)|HEAP_ALLOCATE|[446]|Bytes:12
07:25:05.0 (106464935)|HEAP_ALLOCATE|[446]|Bytes:8
07:25:05.0 (106468543)|HEAP_ALLOCATE|[446]|Bytes:8
07:25:05.0 (106473253)|VARIABLE_SCOPE_BEGIN|[15]|this|Database.QueryLocatorIterator|true|false
07:25:05.0 (106499013)|VARIABLE_ASSIGNMENT|[15]|this|{}|0x503c1043
07:25:05.0 (106504629)|VARIABLE_SCOPE_BEGIN|[15]|values|List<SObject>|true|false
07:25:05.0 (106520589)|VARIABLE_ASSIGNMENT|[15]|values|[{"Id":"00ej0000001QutBAAS"},{"Id":"00ej0000001QutCAAS"}]|0x41f9ea88
07:25:05.0 (106525642)|VARIABLE_SCOPE_BEGIN|[15]|ql|Database.QueryLocator|true|false
07:25:05.0 (106540768)|VARIABLE_ASSIGNMENT|[15]|ql|{"query":"SELECT Id FROM Profi (58 more) ..."}|0x4a5c247c
07:25:05.0 (106546210)|VARIABLE_SCOPE_BEGIN|[15]|totalNumRecords|Integer|false|false
07:25:05.0 (106553440)|VARIABLE_ASSIGNMENT|[15]|totalNumRecords|2
07:25:05.0 (106557204)|VARIABLE_SCOPE_BEGIN|[15]|queryMoreSize|Integer|false|false
07:25:05.0 (106562638)|VARIABLE_ASSIGNMENT|[15]|queryMoreSize|49993
07:25:05.0 (106643865)|HEAP_ALLOCATE|[446]|Bytes:28
07:25:05.0 (106664936)|METHOD_ENTRY|[446]||Database.QueryLocatorIterator.hasNext()
07:25:05.0 (106723867)|METHOD_EXIT|[446]||Database.QueryLocatorIterator.hasNext()
07:25:05.0 (106731337)|METHOD_ENTRY|[446]||Database.QueryLocatorIterator.next()
07:25:05.0 (106789394)|METHOD_EXIT|[446]||Database.QueryLocatorIterator.next()
07:25:05.0 (106797429)|VARIABLE_SCOPE_BEGIN|[446]|prfl|Profile|true|false
07:25:05.0 (106809662)|VARIABLE_ASSIGNMENT|[446]|prfl|{"Id":"00ej0000001QutBAAS"}|0xe5c2d37
07:25:05.0 (106815682)|STATEMENT_EXECUTE|[446]
07:25:05.0 (106817123)|STATEMENT_EXECUTE|[447]
07:25:05.0 (106871271)|HEAP_ALLOCATE|[EXTERNAL]|Bytes:4
07:25:05.0 (106882691)|METHOD_ENTRY|[446]||Database.QueryLocatorIterator.hasNext()
07:25:05.0 (106896665)|METHOD_EXIT|[446]||Database.QueryLocatorIterator.hasNext()
07:25:05.0 (106900840)|METHOD_ENTRY|[446]||Database.QueryLocatorIterator.next()
07:25:05.0 (106934940)|METHOD_EXIT|[446]||Database.QueryLocatorIterator.next()
07:25:05.0 (106940905)|VARIABLE_SCOPE_BEGIN|[446]|prfl|Profile|true|false
07:25:05.0 (106952463)|VARIABLE_ASSIGNMENT|[446]|prfl|{"Id":"00ej0000001QutCAAS"}|0xff3bde
07:25:05.0 (106957344)|STATEMENT_EXECUTE|[446]
07:25:05.0 (106958405)|STATEMENT_EXECUTE|[447]
07:25:05.0 (106967909)|HEAP_ALLOCATE|[EXTERNAL]|Bytes:4
07:25:05.0 (106974752)|METHOD_ENTRY|[446]||Database.QueryLocatorIterator.hasNext()
07:25:05.0 (106983927)|METHOD_EXIT|[446]||Database.QueryLocatorIterator.hasNext()
07:25:05.0 (106989934)|VARIABLE_ASSIGNMENT|[446]|prfl|null|
07:25:05.0 (107022462)|HEAP_ALLOCATE|[449]|Bytes:22
07:25:05.0 (107037795)|STATEMENT_EXECUTE|[449]
07:25:05.0 (107040384)|STATEMENT_EXECUTE|[456]
07:25:05.0 (107046595)|STATEMENT_EXECUTE|[487]
07:25:05.0 (107047675)|STATEMENT_EXECUTE|[488]
07:25:05.0 (107049575)|HEAP_ALLOCATE|[488]|Bytes:4
07:25:05.0 (107104068)|VARIABLE_ASSIGNMENT|[488]|this.Status__c|"Open"|0x7b5c2a7
07:25:05.0 (107110335)|STATEMENT_EXECUTE|[490]
07:25:05.0 (107139946)|HEAP_ALLOCATE|[490]|Bytes:8
07:25:05.0 (107154229)|DML_BEGIN|[490]|Op:Upsert|Type:Pay_Agreement_Worksheet__c|Rows:1
07:25:05.0 (107183062)|HEAP_ALLOCATE|[EXTERNAL]|Bytes:8
07:25:05.0 (204779595)|DML_END|[490]
07:25:05.0 (205019343)|VARIABLE_ASSIGNMENT|[EXTERNAL]|this|{"facilitySelected":"001j000000NqKMtAAN","fcltyPrgrmSelected":"a1B290000003SEdEAM","insrncBnft":"0x15ed2bde","insrncBnftSelected":"a1H29000000pRTUEA2","pawDetailListDisplay (4 more) ...":false,"pyAgrmntWrksht":"0x59e1d325","rateAdjstmntSelected":"a1I29000000HR5FEAW","relatedPAWDetailsLis (1 more) ...":"0x42ac59a8","targetEDR":0.00,"totalAppliedDeductib (2 more) ...":0.00,"totalCoInsurance":0.00,"totalCoPayAmt":0.00,"totalInsCoResp":0.00,"totalInsEIVAmt":0.00,"totalRowCount":20,"totalTalbottDay":0}|0x344b0540
07:25:05.0 (205273628)|HEAP_ALLOCATE|[492]|Bytes:5
07:25:05.0 (205302767)|VARIABLE_ASSIGNMENT|[492]|pawd|null|
07:25:05.0 (205314364)|STATEMENT_EXECUTE|[492]
07:25:05.0 (205364233)|STATEMENT_EXECUTE|[499]
07:25:05.0 (205366305)|STATEMENT_EXECUTE|[500]
07:25:05.0 (205371661)|HEAP_ALLOCATE|[500]|Bytes:92
07:25:05.0 (205402225)|HEAP_ALLOCATE|[500]|Bytes:4
07:25:05.0 (206345046)|SOQL_EXECUTE_BEGIN|[500]|Aggregations:0|SELECT Id FROM Pay_Agreement_Worksheet_Detail__c WHERE Pay_Agreement_Worksheet__c = :tmpVar1
07:25:05.0 (218026933)|SOQL_EXECUTE_END|[500]|Rows:0
07:25:05.0 (218080365)|HEAP_ALLOCATE|[500]|Bytes:4
07:25:05.0 (218101783)|HEAP_ALLOCATE|[500]|Bytes:0
07:25:05.0 (218180802)|HEAP_ALLOCATE|[500]|Bytes:4
07:25:05.0 (218325491)|HEAP_ALLOCATE|[EXTERNAL]|Bytes:4
07:25:05.0 (218392351)|STATEMENT_EXECUTE|[502]
07:25:05.0 (218397893)|STATEMENT_EXECUTE|[510]
07:25:05.0 (218405770)|VARIABLE_SCOPE_BEGIN|[510]|orderPage|System.PageReference|true|false
07:25:05.0 (218427182)|VARIABLE_ASSIGNMENT|[510]|orderPage|null|
07:25:05.0 (218434156)|STATEMENT_EXECUTE|[511]
07:25:05.0 (218446365)|HEAP_ALLOCATE|[511]|Bytes:1
07:25:05.0 (218532546)|HEAP_ALLOCATE|[511]|Bytes:18
07:25:05.0 (218555616)|HEAP_ALLOCATE|[511]|Bytes:19
07:25:05.0 (218796262)|VARIABLE_ASSIGNMENT|[511]|orderPage|"/a1d29000000gbSvAAI"|0x2960b37a
07:25:05.0 (218807939)|STATEMENT_EXECUTE|[512]
07:25:05.0 (218879469)|STATEMENT_EXECUTE|[513]
07:25:05.0 (218896009)|METHOD_EXIT|[471]|01p0a000004sKzT|PAWValueCalculationService.commitToDB(PAW_New_EditCntrllr.WraperClass, String, Patient_Insurance__c, String, String)
07:25:05.278 (278347037)|CUMULATIVE_LIMIT_USAGE
07:25:05.278 (278347037)|LIMIT_USAGE_FOR_NS|(default)|
  Number of SOQL queries: 5 out of 100
  Number of query rows: 7 out of 50000
  Number of SOSL queries: 0 out of 20
  Number of DML statements: 1 out of 150
  Number of DML rows: 1 out of 10000
  Maximum CPU time: 0 out of 10000
  Maximum heap size: 0 out of 6000000
  Number of callouts: 0 out of 100
  Number of Email Invocations: 0 out of 10
  Number of future calls: 0 out of 50
  Number of queueable jobs added to the queue: 0 out of 50
  Number of Mobile Apex push calls: 0 out of 10

07:25:05.278 (278347037)|CUMULATIVE_LIMIT_USAGE_END

07:25:05.0 (278395160)|CODE_UNIT_FINISHED|VF: /apex/PAW_New_Edit
07:25:05.0 (279280246)|EXECUTION_FINISHED
