37.0 APEX_CODE,FINEST;APEX_PROFILING,INFO;CALLOUT,INFO;DB,INFO;SYSTEM,DEBUG;VALIDATION,INFO;VISUALFORCE,INFO;WAVE,INFO;WORKFLOW,FINER
07:14:33.0 (383983)|USER_INFO|[EXTERNAL]|00529000000zYiy|bhakti.gujrathi@eternussolutions.com.frnstgng|Central Standard Time|GMT-06:00
07:14:33.0 (435783)|EXECUTION_STARTED
07:14:33.0 (442016)|CODE_UNIT_STARTED|[EXTERNAL]|0660a0000009uTC|VF: /apex/PAW_New_Edit
07:14:33.0 (1053124)|VF_DESERIALIZE_VIEWSTATE_BEGIN|0660a0000009uTC
07:14:33.0 (9732516)|HEAP_ALLOCATE|[72]|Bytes:3
07:14:33.0 (9770786)|HEAP_ALLOCATE|[77]|Bytes:152
07:14:33.0 (9788090)|HEAP_ALLOCATE|[342]|Bytes:408
07:14:33.0 (9808603)|HEAP_ALLOCATE|[355]|Bytes:408
07:14:33.0 (9828649)|HEAP_ALLOCATE|[467]|Bytes:48
07:14:33.0 (9859884)|HEAP_ALLOCATE|[139]|Bytes:6
07:14:33.0 (9887513)|HEAP_ALLOCATE|[50]|Bytes:5
07:14:33.0 (9909080)|HEAP_ALLOCATE|[56]|Bytes:5
07:14:33.0 (9920722)|HEAP_ALLOCATE|[64]|Bytes:7
07:14:33.0 (14914889)|VARIABLE_SCOPE_BEGIN|[35]|PAW_New_EditCntrllr.globalSchemaMap|Map<String,Schema.SObjectType>|true|true
07:14:33.0 (14935541)|VARIABLE_SCOPE_BEGIN|[3]|PAW_New_EditCntrllr.yearEndMode|Boolean|false|true
07:14:33.0 (20811613)|VF_DESERIALIZE_VIEWSTATE_END
07:14:33.23 (23155930)|SYSTEM_MODE_ENTER|true
07:14:33.23 (23249516)|HEAP_ALLOCATE|[EXTERNAL]|Bytes:38
07:14:33.23 (23262374)|HEAP_ALLOCATE|[EXTERNAL]|Bytes:7
07:14:33.23 (23273894)|SYSTEM_METHOD_ENTRY|[1]|PageMessagesComponentController.PageMessagesComponentController()
07:14:33.23 (23279673)|STATEMENT_EXECUTE|[1]
07:14:33.24 (24265929)|SYSTEM_MODE_ENTER|true
07:14:33.24 (24356892)|HEAP_ALLOCATE|[EXTERNAL]|Bytes:8
07:14:33.24 (24371945)|VARIABLE_SCOPE_BEGIN|[88]|this|ApexPage.PageMessagesComponentController|true|false
07:14:33.24 (24414565)|VARIABLE_ASSIGNMENT|[88]|this|{}|0x50e19bfc
07:14:33.24 (24422899)|VARIABLE_SCOPE_BEGIN|[88]|escape|Boolean|false|false
07:14:33.24 (24430435)|VARIABLE_ASSIGNMENT|[88]|escape|null
07:14:33.0 (24731411)|SYSTEM_MODE_ENTER|true
07:14:33.0 (24764801)|HEAP_ALLOCATE|[EXTERNAL]|Bytes:11
07:14:33.0 (24779237)|HEAP_ALLOCATE|[EXTERNAL]|Bytes:304
07:14:33.0 (24784240)|HEAP_ALLOCATE|[EXTERNAL]|Bytes:98
07:14:33.0 (24788895)|HEAP_ALLOCATE|[EXTERNAL]|Bytes:10
07:14:33.0 (24800212)|METHOD_ENTRY|[1]|01p0a000004sKzV|PAW_New_EditCntrllr.PAW_New_EditCntrllr()
07:14:33.0 (24805564)|STATEMENT_EXECUTE|[1]
07:14:33.0 (24808273)|STATEMENT_EXECUTE|[1]
07:14:33.0 (24809450)|STATEMENT_EXECUTE|[3]
07:14:33.0 (26640061)|VARIABLE_SCOPE_BEGIN|[3]|PAW_YearEnd_Config.setting|Year_End_PAW_Settings__c|true|true
07:14:33.0 (26658556)|HEAP_ALLOCATE|[3]|Bytes:1
07:14:33.0 (26668402)|HEAP_ALLOCATE|[3]|Bytes:1
07:14:33.0 (26681699)|METHOD_ENTRY|[1]|01p29000000Aswf|PAW_YearEnd_Config.PAW_YearEnd_Config()
07:14:33.0 (26687087)|STATEMENT_EXECUTE|[1]
07:14:33.0 (26689734)|STATEMENT_EXECUTE|[1]
07:14:33.0 (26709592)|SYSTEM_MODE_ENTER|false
07:14:33.0 (26718520)|HEAP_ALLOCATE|[3]|Bytes:5
07:14:33.0 (26726368)|SYSTEM_MODE_EXIT|false
07:14:33.0 (26734669)|METHOD_EXIT|[1]|PAW_YearEnd_Config
07:14:33.0 (26752373)|METHOD_ENTRY|[3]|01p29000000Aswf|PAW_YearEnd_Config.fetch()
07:14:33.0 (26797049)|SYSTEM_MODE_ENTER|false
07:14:33.0 (26806068)|HEAP_ALLOCATE|[6]|Bytes:5
07:14:33.0 (26812041)|STATEMENT_EXECUTE|[5]
07:14:33.0 (26815962)|STATEMENT_EXECUTE|[7]
07:14:33.0 (28246458)|HEAP_ALLOCATE|[7]|Bytes:20
07:14:33.0 (28298180)|VARIABLE_ASSIGNMENT|[7]|PAW_YearEnd_Config.setting|{"IsDeleted":false,"Name":"Year End PAW Setting (11 more) ...","SetupOwnerId":"00529000000zYiyAAE","Year_End_Mode_Enable (4 more) ...":false}|0x2f14730c
07:14:33.0 (28308827)|STATEMENT_EXECUTE|[9]
07:14:33.0 (28313297)|HEAP_ALLOCATE|[9]|Bytes:14
07:14:33.0 (28494994)|HEAP_ALLOCATE|[9]|Bytes:145
07:14:33.0 (28526574)|HEAP_ALLOCATE|[9]|Bytes:159
07:14:33.0 (28554173)|USER_DEBUG|[9]|DEBUG|>>> setting : Year_End_PAW_Settings__c:{IsDeleted=false, Name=Year End PAW Settings (Profile), SetupOwnerId=00529000000zYiyAAE, Year_End_Mode_Enabled__c=false}
07:14:33.0 (28565130)|STATEMENT_EXECUTE|[10]
07:14:33.0 (28571897)|SYSTEM_MODE_EXIT|false
07:14:33.0 (28581815)|METHOD_EXIT|[3]|01p29000000Aswf|PAW_YearEnd_Config.fetch()
07:14:33.0 (28632977)|VARIABLE_ASSIGNMENT|[3]|PAW_New_EditCntrllr.yearEndMode|false
07:14:33.0 (28640268)|STATEMENT_EXECUTE|[522]
07:14:33.0 (28646839)|METHOD_EXIT|[1]|PAW_New_EditCntrllr
07:14:33.0 (30305998)|SYSTEM_MODE_ENTER|true
07:14:33.0 (32850726)|SYSTEM_MODE_ENTER|true
07:14:33.0 (32943774)|HEAP_ALLOCATE|[EXTERNAL]|Bytes:476
07:14:33.0 (32958469)|HEAP_ALLOCATE|[EXTERNAL]|Bytes:71
07:14:33.0 (38852176)|SYSTEM_MODE_ENTER|true
07:14:33.0 (38966125)|SYSTEM_MODE_ENTER|true
07:14:33.0 (47717129)|SYSTEM_MODE_ENTER|true
07:14:33.0 (48043682)|HEAP_ALLOCATE|[EXTERNAL]|Bytes:112
07:14:33.0 (48065666)|VARIABLE_SCOPE_BEGIN|[186]|this|PAW_New_EditCntrllr|true|false
07:14:33.0 (48216517)|VARIABLE_ASSIGNMENT|[186]|this|{"estmtCvrgeDaysObj":"0x1e720f53","faciltyOptions":"0x38948d6b","fcltyPrgrmOptions":"0x5b38e58b","idToOwnershipFacilit (4 more) ...":"0x38f14509","idToTypeFacilityMap":"0x36f7cdd3","insrncBnftMap":"0x2a14f1b3","insrncBnftOptions":"0x369c4dc7","isIop":false,"isTalbott":false,"meta":"0x4779f10","oppId":"00629000004NTeZ","pawObj":"0xce65318","ptntInsrnceOptions":"0x172a25e","ptntInsrncMap":"0x555425c2","ptntInsrncObj":"0x6d63af67","quoteObj":"0x53234f40","recordId":"00629000004NTeZ","rtAdjstmntOptions":"0x47d77728","showPILookup":false,"sObjectQueryStr":"","wrprObj":"0x2f3168da"}|0x2c4c4a32
07:14:33.0 (48241306)|STATEMENT_EXECUTE|[186]
07:14:33.0 (48243550)|STATEMENT_EXECUTE|[190]
07:14:33.0 (48266867)|HEAP_ALLOCATE|[190]|Bytes:4
07:14:33.0 (48354131)|HEAP_ALLOCATE|[EXTERNAL]|Bytes:4
07:14:33.0 (48371123)|VARIABLE_ASSIGNMENT|[190]|this.ptntInsrnceOptions|[]|0x2c4c4a32
07:14:33.0 (48377338)|STATEMENT_EXECUTE|[191]
07:14:33.0 (48394950)|HEAP_ALLOCATE|[191]|Bytes:12
07:14:33.0 (48480846)|HEAP_ALLOCATE|[EXTERNAL]|Bytes:4
07:14:33.0 (48493880)|STATEMENT_EXECUTE|[192]
07:14:33.0 (48531930)|HEAP_ALLOCATE|[192]|Bytes:4
07:14:33.0 (48542671)|HEAP_ALLOCATE|[192]|Bytes:95
07:14:33.0 (48559057)|HEAP_ALLOCATE|[192]|Bytes:4
07:14:33.0 (48574064)|HEAP_ALLOCATE|[192]|Bytes:7
07:14:33.0 (48909682)|SOQL_EXECUTE_BEGIN|[192]|Aggregations:0|SELECT Id, Name, Insurance_Company__c FROM Patient_Insurance__c WHERE Opportunity__c = :tmpVar1
07:14:33.0 (54036204)|SOQL_EXECUTE_END|[192]|Rows:4
07:14:33.0 (54068802)|HEAP_ALLOCATE|[192]|Bytes:20
07:14:33.0 (54101021)|HEAP_ALLOCATE|[192]|Bytes:449
07:14:33.0 (54175917)|HEAP_ALLOCATE|[192]|Bytes:20
07:14:33.0 (54236021)|HEAP_ALLOCATE|[192]|Bytes:16
07:14:33.0 (54252832)|HEAP_ALLOCATE|[192]|Bytes:4
07:14:33.0 (54260396)|HEAP_ALLOCATE|[192]|Bytes:16
07:14:33.0 (54267538)|HEAP_ALLOCATE|[192]|Bytes:4
07:14:33.0 (54272807)|HEAP_ALLOCATE|[192]|Bytes:16
07:14:33.0 (54279244)|HEAP_ALLOCATE|[192]|Bytes:4
07:14:33.0 (54284259)|HEAP_ALLOCATE|[192]|Bytes:16
07:14:33.0 (54290644)|HEAP_ALLOCATE|[192]|Bytes:4
07:14:33.0 (54353136)|VARIABLE_ASSIGNMENT|[192]|this.ptntInsrncMap|{"a1b29000000l40nAAA":{"Id":"a1b29000000l40nAAA","Name":"Maria Johnson - BCBS (17 more) ...","Insurance_Company__c":"0012900000AXSPBAA5"},"a1b29000000lvHQAAY":{"Id":"a1b29000000lvHQAAY","Name":"Maria Johnson - Valu (23 more) ...","Insurance_Company__c":"0012900000AXSP3AAP"},"a1b29000000lvHVAAY":{"Id":"a1b29000000lvHVAAY","Name":"Maria Johnson - Priv (7 more) ...","Insurance_Company__c":"0012900000AXSDqAAP"},"a1b29000000ly7uAAA":{"Id":"a1b29000000ly7uAAA","Name":"Maria Johnson - Alle (6 more) ...","Insurance_Company__c":"0012900000AXSlPAAX"}}|0x2c4c4a32
07:14:33.0 (54432214)|HEAP_ALLOCATE|[EXTERNAL]|Bytes:20
07:14:33.0 (54449175)|HEAP_ALLOCATE|[197]|Bytes:465
07:14:33.0 (54626052)|HEAP_ALLOCATE|[197]|Bytes:5
07:14:33.0 (54647325)|HEAP_ALLOCATE|[197]|Bytes:16
07:14:33.0 (54659795)|VARIABLE_SCOPE_BEGIN|[197]|ptntInsrnceInstance|Patient_Insurance__c|true|false
07:14:33.0 (54681130)|VARIABLE_ASSIGNMENT|[197]|ptntInsrnceInstance|{"Id":"a1b29000000l40nAAA","Name":"Maria Johnson - BCBS (17 more) ...","Insurance_Company__c":"0012900000AXSPBAA5"}|0x4c413e6d
07:14:33.0 (54689494)|STATEMENT_EXECUTE|[197]
07:14:33.0 (54691354)|STATEMENT_EXECUTE|[198]
07:14:33.0 (54745789)|HEAP_ALLOCATE|[198]|Bytes:18
07:14:33.0 (54837994)|HEAP_ALLOCATE|[EXTERNAL]|Bytes:4
07:14:33.0 (54859130)|HEAP_ALLOCATE|[197]|Bytes:5
07:14:33.0 (54874050)|HEAP_ALLOCATE|[197]|Bytes:16
07:14:33.0 (54883784)|VARIABLE_SCOPE_BEGIN|[197]|ptntInsrnceInstance|Patient_Insurance__c|true|false
07:14:33.0 (54901509)|VARIABLE_ASSIGNMENT|[197]|ptntInsrnceInstance|{"Id":"a1b29000000lvHQAAY","Name":"Maria Johnson - Valu (23 more) ...","Insurance_Company__c":"0012900000AXSP3AAP"}|0x30bcff15
07:14:33.0 (54908135)|STATEMENT_EXECUTE|[197]
07:14:33.0 (54909432)|STATEMENT_EXECUTE|[198]
07:14:33.0 (54923551)|HEAP_ALLOCATE|[198]|Bytes:18
07:14:33.0 (54942997)|HEAP_ALLOCATE|[EXTERNAL]|Bytes:4
07:14:33.0 (54958022)|HEAP_ALLOCATE|[197]|Bytes:5
07:14:33.0 (54972324)|HEAP_ALLOCATE|[197]|Bytes:16
07:14:33.0 (54981245)|VARIABLE_SCOPE_BEGIN|[197]|ptntInsrnceInstance|Patient_Insurance__c|true|false
07:14:33.0 (54997900)|VARIABLE_ASSIGNMENT|[197]|ptntInsrnceInstance|{"Id":"a1b29000000lvHVAAY","Name":"Maria Johnson - Priv (7 more) ...","Insurance_Company__c":"0012900000AXSDqAAP"}|0x1ec54112
07:14:33.0 (55004133)|STATEMENT_EXECUTE|[197]
07:14:33.0 (55005954)|STATEMENT_EXECUTE|[198]
07:14:33.0 (55018758)|HEAP_ALLOCATE|[198]|Bytes:18
07:14:33.0 (55037028)|HEAP_ALLOCATE|[EXTERNAL]|Bytes:4
07:14:33.0 (55051332)|HEAP_ALLOCATE|[197]|Bytes:5
07:14:33.0 (55064909)|HEAP_ALLOCATE|[197]|Bytes:16
07:14:33.0 (55073436)|VARIABLE_SCOPE_BEGIN|[197]|ptntInsrnceInstance|Patient_Insurance__c|true|false
07:14:33.0 (55089828)|VARIABLE_ASSIGNMENT|[197]|ptntInsrnceInstance|{"Id":"a1b29000000ly7uAAA","Name":"Maria Johnson - Alle (6 more) ...","Insurance_Company__c":"0012900000AXSlPAAX"}|0xd353aa0
07:14:33.0 (55096272)|STATEMENT_EXECUTE|[197]
07:14:33.0 (55097528)|STATEMENT_EXECUTE|[198]
07:14:33.0 (55109054)|HEAP_ALLOCATE|[198]|Bytes:18
07:14:33.0 (55126440)|HEAP_ALLOCATE|[EXTERNAL]|Bytes:4
07:14:33.0 (55140950)|HEAP_ALLOCATE|[197]|Bytes:5
07:14:33.0 (55154811)|VARIABLE_ASSIGNMENT|[197]|ptntInsrnceInstance|null|
07:14:33.0 (55160544)|STATEMENT_EXECUTE|[201]
07:14:33.63 (63001338)|SYSTEM_MODE_ENTER|true
07:14:33.63 (63103854)|HEAP_ALLOCATE|[EXTERNAL]|Bytes:8
07:14:33.63 (63120963)|VARIABLE_SCOPE_BEGIN|[88]|this|ApexPage.PageMessagesComponentController|true|false
07:14:33.63 (63166727)|VARIABLE_ASSIGNMENT|[88]|this|{}|0x50e19bfc
07:14:33.63 (63179031)|VARIABLE_SCOPE_BEGIN|[88]|escape|Boolean|false|false
07:14:33.63 (63191427)|VARIABLE_ASSIGNMENT|[88]|escape|null
07:14:33.0 (64133773)|HEAP_ALLOCATE|[EXTERNAL]|Bytes:84
07:14:33.0 (64150911)|VARIABLE_ASSIGNMENT|[EXTERNAL]|this.insrncBnftSelected|null|0x2f3168da
07:14:33.0 (64234849)|HEAP_ALLOCATE|[EXTERNAL]|Bytes:84
07:14:33.0 (64246287)|VARIABLE_ASSIGNMENT|[EXTERNAL]|this.facilitySelected|null|0x2f3168da
07:14:33.0 (64323183)|HEAP_ALLOCATE|[EXTERNAL]|Bytes:84
07:14:33.0 (64334868)|VARIABLE_ASSIGNMENT|[EXTERNAL]|this.rateAdjstmntSelected|null|0x2f3168da
07:14:33.0 (64419263)|HEAP_ALLOCATE|[EXTERNAL]|Bytes:84
07:14:33.0 (64430373)|VARIABLE_ASSIGNMENT|[EXTERNAL]|this.fcltyPrgrmSelected|null|0x2f3168da
07:14:33.0 (70351101)|HEAP_ALLOCATE|[EXTERNAL]|Bytes:112
07:14:33.0 (70371111)|VARIABLE_SCOPE_BEGIN|[205]|this|PAW_New_EditCntrllr|true|false
07:14:33.0 (70511545)|VARIABLE_ASSIGNMENT|[205]|this|{"estmtCvrgeDaysObj":"0x1e720f53","faciltyOptions":"0x38948d6b","fcltyPrgrmOptions":"0x5b38e58b","idToOwnershipFacilit (4 more) ...":"0x38f14509","idToTypeFacilityMap":"0x36f7cdd3","insrncBnftMap":"0x2a14f1b3","insrncBnftOptions":"0x369c4dc7","isIop":false,"isTalbott":false,"meta":"0x4779f10","oppId":"00629000004NTeZ","pawObj":"0xce65318","ptntInsrnceOptions":"0x25838a62","ptntInsrncMap":"0x23f541bc","ptntInsrncObj":"0x6d63af67","quoteObj":"0x53234f40","recordId":"00629000004NTeZ","rtAdjstmntOptions":"0x47d77728","showPILookup":false,"sObjectQueryStr":"","wrprObj":"0x2f3168da"}|0x2c4c4a32
07:14:33.0 (70542558)|STATEMENT_EXECUTE|[205]
07:14:33.0 (70689568)|VARIABLE_ASSIGNMENT|[EXTERNAL]|this|{"estmtCvrgeDaysObj":"0x1e720f53","faciltyOptions":"0x38948d6b","fcltyPrgrmOptions":"0x5b38e58b","idToOwnershipFacilit (4 more) ...":"0x38f14509","idToTypeFacilityMap":"0x36f7cdd3","insrncBnftMap":"0x2a14f1b3","insrncBnftOptions":"0x369c4dc7","isIop":false,"isTalbott":false,"meta":"0x4779f10","oppId":"00629000004NTeZ","pawObj":"0xce65318","ptntInsrnceOptions":"0x25838a62","ptntInsrncMap":"0x23f541bc","ptntInsrncObj":"0x6d63af67","quoteObj":"0x53234f40","recordId":"00629000004NTeZ","rtAdjstmntOptions":"0x47d77728","showPILookup":false,"sObjectQueryStr":"","wrprObj":"0x2f3168da"}|0x2c4c4a32
07:14:33.0 (70870146)|VARIABLE_ASSIGNMENT|[EXTERNAL]|this|{"pawDetailListDisplay (4 more) ...":false,"pyAgrmntWrksht":"0x6394cbc8","relatedPAWDetailsLis (1 more) ...":"0x6a659ea7","targetEDR":0.00,"totalAppliedDeductib (2 more) ...":0.00,"totalCoInsurance":0.00,"totalCoPayAmt":0.00,"totalInsCoResp":0.00,"totalInsEIVAmt":0.00,"totalRowCount":0,"totalTalbottDay":0.00}|0x2f3168da
07:14:33.0 (70972917)|STATEMENT_EXECUTE|[206]
07:14:33.0 (70976555)|STATEMENT_EXECUTE|[207]
07:14:33.0 (71107777)|VARIABLE_ASSIGNMENT|[EXTERNAL]|this|{"estmtCvrgeDaysObj":"0x1e720f53","faciltyOptions":"0x38948d6b","fcltyPrgrmOptions":"0x5b38e58b","idToOwnershipFacilit (4 more) ...":"0x38f14509","idToTypeFacilityMap":"0x36f7cdd3","insrncBnftMap":"0x2a14f1b3","insrncBnftOptions":"0x369c4dc7","isIop":false,"isTalbott":false,"meta":"0x4779f10","oppId":"00629000004NTeZ","pawObj":"0xce65318","ptntInsrnceOptions":"0x25838a62","ptntInsrncMap":"0x23f541bc","ptntInsrncObj":"0x6d63af67","quoteObj":"0x53234f40","recordId":"00629000004NTeZ","rtAdjstmntOptions":"0x47d77728","showPILookup":false,"sObjectQueryStr":"","wrprObj":"0x2f3168da"}|0x2c4c4a32
07:14:33.0 (71219323)|VARIABLE_ASSIGNMENT|[EXTERNAL]|this|{"pawDetailListDisplay (4 more) ...":false,"pyAgrmntWrksht":"0x6394cbc8","relatedPAWDetailsLis (1 more) ...":"0x6a659ea7","targetEDR":0.00,"totalAppliedDeductib (2 more) ...":0.00,"totalCoInsurance":0.00,"totalCoPayAmt":0.00,"totalInsCoResp":0.00,"totalInsEIVAmt":0.00,"totalRowCount":0,"totalTalbottDay":0.00}|0x2f3168da
07:14:33.0 (71413395)|VARIABLE_ASSIGNMENT|[EXTERNAL]|this|{"estmtCvrgeDaysObj":"0x1e720f53","faciltyOptions":"0x38948d6b","fcltyPrgrmOptions":"0x5b38e58b","idToOwnershipFacilit (4 more) ...":"0x38f14509","idToTypeFacilityMap":"0x36f7cdd3","insrncBnftMap":"0x2a14f1b3","insrncBnftOptions":"0x369c4dc7","isIop":false,"isTalbott":false,"meta":"0x4779f10","oppId":"00629000004NTeZ","pawObj":"0xce65318","ptntInsrnceOptions":"0x25838a62","ptntInsrncMap":"0x23f541bc","ptntInsrncObj":"0x6d63af67","quoteObj":"0x53234f40","recordId":"00629000004NTeZ","rtAdjstmntOptions":"0x47d77728","showPILookup":false,"sObjectQueryStr":"","wrprObj":"0x2f3168da"}|0x2c4c4a32
07:14:33.0 (71455724)|VARIABLE_ASSIGNMENT|[EXTERNAL]|value|{"Id":"a1b29000000lvHQAAY","Name":"Maria Johnson - Valu (23 more) ...","Insurance_Company__c":"0012900000AXSP3AAP"}|0x30bcff15
07:14:33.0 (71480366)|VARIABLE_ASSIGNMENT|[18]|this.ptntInsrncObj|{"Id":"a1b29000000lvHQAAY","Name":"Maria Johnson - Valu (23 more) ...","Insurance_Company__c":"0012900000AXSP3AAP"}|0x2c4c4a32
07:14:33.0 (71494909)|STATEMENT_EXECUTE|[211]
07:14:33.0 (71594609)|VARIABLE_ASSIGNMENT|[EXTERNAL]|this|{"estmtCvrgeDaysObj":"0x1e720f53","faciltyOptions":"0x38948d6b","fcltyPrgrmOptions":"0x5b38e58b","idToOwnershipFacilit (4 more) ...":"0x38f14509","idToTypeFacilityMap":"0x36f7cdd3","insrncBnftMap":"0x2a14f1b3","insrncBnftOptions":"0x369c4dc7","isIop":false,"isTalbott":false,"meta":"0x4779f10","oppId":"00629000004NTeZ","pawObj":"0xce65318","ptntInsrnceOptions":"0x25838a62","ptntInsrncMap":"0x23f541bc","ptntInsrncObj":"0x30bcff15","quoteObj":"0x53234f40","recordId":"00629000004NTeZ","rtAdjstmntOptions":"0x47d77728","showPILookup":false,"sObjectQueryStr":"","wrprObj":"0x2f3168da"}|0x2c4c4a32
07:14:33.0 (71695402)|VARIABLE_ASSIGNMENT|[EXTERNAL]|this|{"pawDetailListDisplay (4 more) ...":false,"pyAgrmntWrksht":"0x6394cbc8","relatedPAWDetailsLis (1 more) ...":"0x6a659ea7","targetEDR":0.00,"totalAppliedDeductib (2 more) ...":0.00,"totalCoInsurance":0.00,"totalCoPayAmt":0.00,"totalInsCoResp":0.00,"totalInsEIVAmt":0.00,"totalRowCount":0,"totalTalbottDay":0.00}|0x2f3168da
07:14:33.0 (71712400)|VARIABLE_ASSIGNMENT|[EXTERNAL]|value|""
07:14:33.0 (71725112)|VARIABLE_ASSIGNMENT|[525]|this.insrncBnftSelected|""|0x2f3168da
07:14:33.0 (71736306)|STATEMENT_EXECUTE|[212]
07:14:33.0 (71772811)|METHOD_ENTRY|[212]|01p0a000004sKzV|PAW_New_EditCntrllr.updateWraperValues()
07:14:33.0 (71813204)|VARIABLE_SCOPE_BEGIN|[404]|this|PAW_New_EditCntrllr|true|false
07:14:33.0 (71893702)|VARIABLE_ASSIGNMENT|[404]|this|{"estmtCvrgeDaysObj":"0x1e720f53","faciltyOptions":"0x38948d6b","fcltyPrgrmOptions":"0x5b38e58b","idToOwnershipFacilit (4 more) ...":"0x38f14509","idToTypeFacilityMap":"0x36f7cdd3","insrncBnftMap":"0x2a14f1b3","insrncBnftOptions":"0x369c4dc7","isIop":false,"isTalbott":false,"meta":"0x4779f10","oppId":"00629000004NTeZ","pawObj":"0xce65318","ptntInsrnceOptions":"0x25838a62","ptntInsrncMap":"0x23f541bc","ptntInsrncObj":"0x30bcff15","quoteObj":"0x53234f40","recordId":"00629000004NTeZ","rtAdjstmntOptions":"0x47d77728","showPILookup":false,"sObjectQueryStr":"","wrprObj":"0x2f3168da"}|0x2c4c4a32
07:14:33.0 (71911754)|STATEMENT_EXECUTE|[404]
07:14:33.0 (72042663)|VARIABLE_ASSIGNMENT|[EXTERNAL]|this|{"estmtCvrgeDaysObj":"0x1e720f53","faciltyOptions":"0x38948d6b","fcltyPrgrmOptions":"0x5b38e58b","idToOwnershipFacilit (4 more) ...":"0x38f14509","idToTypeFacilityMap":"0x36f7cdd3","insrncBnftMap":"0x2a14f1b3","insrncBnftOptions":"0x369c4dc7","isIop":false,"isTalbott":false,"meta":"0x4779f10","oppId":"00629000004NTeZ","pawObj":"0xce65318","ptntInsrnceOptions":"0x25838a62","ptntInsrncMap":"0x23f541bc","ptntInsrncObj":"0x30bcff15","quoteObj":"0x53234f40","recordId":"00629000004NTeZ","rtAdjstmntOptions":"0x47d77728","showPILookup":false,"sObjectQueryStr":"","wrprObj":"0x2f3168da"}|0x2c4c4a32
07:14:33.0 (72207160)|VARIABLE_ASSIGNMENT|[EXTERNAL]|this|{"estmtCvrgeDaysObj":"0x1e720f53","faciltyOptions":"0x38948d6b","fcltyPrgrmOptions":"0x5b38e58b","idToOwnershipFacilit (4 more) ...":"0x38f14509","idToTypeFacilityMap":"0x36f7cdd3","insrncBnftMap":"0x2a14f1b3","insrncBnftOptions":"0x369c4dc7","isIop":false,"isTalbott":false,"meta":"0x4779f10","oppId":"00629000004NTeZ","pawObj":"0xce65318","ptntInsrnceOptions":"0x25838a62","ptntInsrncMap":"0x23f541bc","ptntInsrncObj":"0x30bcff15","quoteObj":"0x53234f40","recordId":"00629000004NTeZ","rtAdjstmntOptions":"0x47d77728","showPILookup":false,"sObjectQueryStr":"","wrprObj":"0x2f3168da"}|0x2c4c4a32
07:14:33.0 (72248000)|STATEMENT_EXECUTE|[420]
07:14:33.0 (72251122)|STATEMENT_EXECUTE|[421]
07:14:33.0 (327588984)|VARIABLE_SCOPE_BEGIN|[3]|PAWValueCalculationService.pawObj|Pay_Agreement_Worksheet__c|true|true
07:14:33.0 (327607956)|VARIABLE_SCOPE_BEGIN|[2]|PAWValueCalculationService.skipDML|Boolean|false|true
07:14:33.0 (327630418)|HEAP_ALLOCATE|[421]|Bytes:6
07:14:33.0 (327671077)|METHOD_ENTRY|[1]|01p0a000004sKzO|PAWFrnFacilityService.PAWFrnFacilityService()
07:14:33.0 (327677779)|STATEMENT_EXECUTE|[1]
07:14:33.0 (327682758)|STATEMENT_EXECUTE|[1]
07:14:33.0 (328112071)|SYSTEM_MODE_ENTER|false
07:14:33.0 (328126048)|HEAP_ALLOCATE|[421]|Bytes:5
07:14:33.0 (328137193)|SYSTEM_MODE_EXIT|false
07:14:33.0 (328150164)|METHOD_EXIT|[1]|PAWFrnFacilityService
07:14:33.0 (328170015)|HEAP_ALLOCATE|[421]|Bytes:4
07:14:33.0 (328188495)|CONSTRUCTOR_ENTRY|[421]|01p0a000004sKzO|<init>()
07:14:33.0 (328244695)|VARIABLE_SCOPE_BEGIN|[2]|this|PAWFrnFacilityService|true|false
07:14:33.0 (328275030)|VARIABLE_ASSIGNMENT|[2]|this|{}|0x2a20878b
07:14:33.0 (328300846)|SYSTEM_MODE_ENTER|false
07:14:33.0 (328309367)|HEAP_ALLOCATE|[2]|Bytes:5
07:14:33.0 (328315046)|STATEMENT_EXECUTE|[1]
07:14:33.0 (328326514)|HEAP_ALLOCATE|[2]|Bytes:5
07:14:33.0 (328342071)|HEAP_ALLOCATE|[2]|Bytes:39
07:14:33.0 (328349619)|HEAP_ALLOCATE|[2]|Bytes:19
07:14:33.0 (328364449)|METHOD_ENTRY|[1]|01p0a000004sKzT|PAWValueCalculationService.PAWValueCalculationService()
07:14:33.0 (328369732)|STATEMENT_EXECUTE|[1]
07:14:33.0 (328372038)|STATEMENT_EXECUTE|[1]
07:14:33.0 (328376295)|METHOD_EXIT|[1]|PAWValueCalculationService
07:14:33.0 (328384451)|CONSTRUCTOR_ENTRY|[2]|01p0a000004sKzT|<init>()
07:14:33.0 (328465824)|VARIABLE_SCOPE_BEGIN|[5]|this|PAWValueCalculationService|true|false
07:14:33.0 (328487422)|VARIABLE_ASSIGNMENT|[5]|this|{}|0x2a20878b
07:14:33.0 (328494492)|STATEMENT_EXECUTE|[1]
07:14:33.0 (328505844)|HEAP_ALLOCATE|[6]|Bytes:6
07:14:33.0 (328531818)|STATEMENT_EXECUTE|[5]
07:14:33.0 (328533816)|STATEMENT_EXECUTE|[6]
07:14:33.0 (328543131)|HEAP_ALLOCATE|[6]|Bytes:5
07:14:33.0 (328556273)|VARIABLE_ASSIGNMENT|[6]|PAWValueCalculationService.skipDML|false
07:14:33.0 (328565500)|CONSTRUCTOR_EXIT|[2]|01p0a000004sKzT|<init>()
07:14:33.0 (328570454)|STATEMENT_EXECUTE|[2]
07:14:33.0 (328575092)|SYSTEM_MODE_EXIT|false
07:14:33.0 (328581718)|CONSTRUCTOR_EXIT|[421]|01p0a000004sKzO|<init>()
07:14:33.0 (328690992)|VARIABLE_ASSIGNMENT|[EXTERNAL]|this|{"estmtCvrgeDaysObj":"0x1e720f53","faciltyOptions":"0x38948d6b","fcltyPrgrmOptions":"0x5b38e58b","idToOwnershipFacilit (4 more) ...":"0x38f14509","idToTypeFacilityMap":"0x36f7cdd3","insrncBnftMap":"0x2a14f1b3","insrncBnftOptions":"0x369c4dc7","isIop":false,"isTalbott":false,"meta":"0x4779f10","oppId":"00629000004NTeZ","pawObj":"0xce65318","ptntInsrnceOptions":"0x25838a62","ptntInsrncMap":"0x23f541bc","ptntInsrncObj":"0x30bcff15","quoteObj":"0x53234f40","recordId":"00629000004NTeZ","rtAdjstmntOptions":"0x47d77728","showPILookup":false,"sObjectQueryStr":"","wrprObj":"0x2f3168da"}|0x2c4c4a32
07:14:33.0 (328756544)|METHOD_ENTRY|[421]|01p0a000004sKzO|PAWFrnFacilityService.calculateWraperValuesFRN(PAW_New_EditCntrllr.WraperClass, Map<Id,Facility_Program__c>, Map<Id,Insurance_Company_Rate_Adjustment__c>, Map<Id,Insurance_Benefit__c>, Estimated_Coverage_Days__c)
07:14:33.0 (328788504)|VARIABLE_SCOPE_BEGIN|[7]|this|PAWFrnFacilityService|true|false
07:14:33.0 (328807653)|VARIABLE_ASSIGNMENT|[7]|this|{}|0x2a20878b
07:14:33.0 (328813957)|VARIABLE_SCOPE_BEGIN|[7]|pWrprObj|PAW_New_EditCntrllr.WraperClass|true|false
07:14:33.0 (328874116)|VARIABLE_ASSIGNMENT|[7]|pWrprObj|{"insrncBnftSelected":"","pawDetailListDisplay (4 more) ...":false,"pyAgrmntWrksht":"0x6394cbc8","relatedPAWDetailsLis (1 more) ...":"0x6a659ea7","targetEDR":0.00,"totalAppliedDeductib (2 more) ...":0.00,"totalCoInsurance":0.00,"totalCoPayAmt":0.00,"totalInsCoResp":0.00,"totalInsEIVAmt":0.00,"totalRowCount":0,"totalTalbottDay":0.00}|0x2f3168da
07:14:33.0 (328885919)|VARIABLE_SCOPE_BEGIN|[7]|pFcltyPrgmMap|Map<Id,Facility_Program__c>|true|false
07:14:33.0 (328892639)|VARIABLE_ASSIGNMENT|[7]|pFcltyPrgmMap|null|
07:14:33.0 (328896718)|VARIABLE_SCOPE_BEGIN|[7]|pCmpnyRateAdjstmntMap|Map<Id,Insurance_Company_Rate_Adjustment__c>|true|false
07:14:33.0 (328902639)|VARIABLE_ASSIGNMENT|[7]|pCmpnyRateAdjstmntMap|null|
07:14:33.0 (328906525)|VARIABLE_SCOPE_BEGIN|[7]|pInsrncBnftMap|Map<Id,Insurance_Benefit__c>|true|false
07:14:33.0 (328919130)|VARIABLE_ASSIGNMENT|[7]|pInsrncBnftMap|{}|0x2a14f1b3
07:14:33.0 (328925515)|VARIABLE_SCOPE_BEGIN|[7]|pEstmtCvrgeDaysObj|Estimated_Coverage_Days__c|true|false
07:14:33.0 (328935377)|VARIABLE_ASSIGNMENT|[7]|pEstmtCvrgeDaysObj|{}|0x1e720f53
07:14:33.0 (328959003)|SYSTEM_MODE_ENTER|false
07:14:33.0 (328967587)|HEAP_ALLOCATE|[13]|Bytes:5
07:14:33.0 (328973379)|STATEMENT_EXECUTE|[12]
07:14:33.0 (328974792)|STATEMENT_EXECUTE|[13]
07:14:33.0 (328994965)|METHOD_ENTRY|[13]|01p0a000004sKzT|PAWValueCalculationService.calculateWraperValues(PAW_New_EditCntrllr.WraperClass, Map<Id,Facility_Program__c>, Map<Id,Insurance_Company_Rate_Adjustment__c>, Map<Id,Insurance_Benefit__c>, Estimated_Coverage_Days__c)
07:14:33.0 (329022417)|VARIABLE_SCOPE_BEGIN|[10]|this|PAWValueCalculationService|true|false
07:14:33.0 (329042346)|VARIABLE_ASSIGNMENT|[10]|this|{}|0x2a20878b
07:14:33.0 (329048698)|VARIABLE_SCOPE_BEGIN|[10]|pWrprObj|PAW_New_EditCntrllr.WraperClass|true|false
07:14:33.0 (329093799)|VARIABLE_ASSIGNMENT|[10]|pWrprObj|{"insrncBnftSelected":"","pawDetailListDisplay (4 more) ...":false,"pyAgrmntWrksht":"0x6394cbc8","relatedPAWDetailsLis (1 more) ...":"0x6a659ea7","targetEDR":0.00,"totalAppliedDeductib (2 more) ...":0.00,"totalCoInsurance":0.00,"totalCoPayAmt":0.00,"totalInsCoResp":0.00,"totalInsEIVAmt":0.00,"totalRowCount":0,"totalTalbottDay":0.00}|0x2f3168da
07:14:33.0 (329105428)|VARIABLE_SCOPE_BEGIN|[10]|pFcltyPrgmMap|Map<Id,Facility_Program__c>|true|false
07:14:33.0 (329112180)|VARIABLE_ASSIGNMENT|[10]|pFcltyPrgmMap|null|
07:14:33.0 (329116215)|VARIABLE_SCOPE_BEGIN|[10]|pCmpnyRateAdjstmntMap|Map<Id,Insurance_Company_Rate_Adjustment__c>|true|false
07:14:33.0 (329122305)|VARIABLE_ASSIGNMENT|[10]|pCmpnyRateAdjstmntMap|null|
07:14:33.0 (329126208)|VARIABLE_SCOPE_BEGIN|[10]|pInsrncBnftMap|Map<Id,Insurance_Benefit__c>|true|false
07:14:33.0 (329140034)|VARIABLE_ASSIGNMENT|[10]|pInsrncBnftMap|{}|0x2a14f1b3
07:14:33.0 (329146213)|VARIABLE_SCOPE_BEGIN|[10]|pEstmtCvrgeDaysObj|Estimated_Coverage_Days__c|true|false
07:14:33.0 (329154722)|VARIABLE_ASSIGNMENT|[10]|pEstmtCvrgeDaysObj|{}|0x1e720f53
07:14:33.0 (329161755)|STATEMENT_EXECUTE|[14]
07:14:33.0 (329163044)|STATEMENT_EXECUTE|[16]
07:14:33.0 (329228608)|VARIABLE_ASSIGNMENT|[EXTERNAL]|this|{"insrncBnftSelected":"","pawDetailListDisplay (4 more) ...":false,"pyAgrmntWrksht":"0x6394cbc8","relatedPAWDetailsLis (1 more) ...":"0x6a659ea7","targetEDR":0.00,"totalAppliedDeductib (2 more) ...":0.00,"totalCoInsurance":0.00,"totalCoPayAmt":0.00,"totalInsCoResp":0.00,"totalInsEIVAmt":0.00,"totalRowCount":0,"totalTalbottDay":0.00}|0x2f3168da
07:14:33.0 (329356331)|VARIABLE_ASSIGNMENT|[16]|this.Rate_Adjustment_Type__c|null|0x6394cbc8
07:14:33.0 (329433799)|VARIABLE_ASSIGNMENT|[EXTERNAL]|this|{"insrncBnftSelected":"","pawDetailListDisplay (4 more) ...":false,"pyAgrmntWrksht":"0x6394cbc8","relatedPAWDetailsLis (1 more) ...":"0x6a659ea7","targetEDR":0.00,"totalAppliedDeductib (2 more) ...":0.00,"totalCoInsurance":0.00,"totalCoPayAmt":0.00,"totalInsCoResp":0.00,"totalInsEIVAmt":0.00,"totalRowCount":0,"totalTalbottDay":0.00}|0x2f3168da
07:14:33.0 (329459989)|STATEMENT_EXECUTE|[17]
07:14:33.0 (329462053)|STATEMENT_EXECUTE|[24]
07:14:33.0 (329525457)|VARIABLE_ASSIGNMENT|[EXTERNAL]|this|{"insrncBnftSelected":"","pawDetailListDisplay (4 more) ...":false,"pyAgrmntWrksht":"0x6394cbc8","relatedPAWDetailsLis (1 more) ...":"0x6a659ea7","targetEDR":0.00,"totalAppliedDeductib (2 more) ...":0.00,"totalCoInsurance":0.00,"totalCoPayAmt":0.00,"totalInsCoResp":0.00,"totalInsEIVAmt":0.00,"totalRowCount":0,"totalTalbottDay":0.00}|0x2f3168da
07:14:33.0 (329631915)|VARIABLE_ASSIGNMENT|[EXTERNAL]|this|{"insrncBnftSelected":"","pawDetailListDisplay (4 more) ...":false,"pyAgrmntWrksht":"0x6394cbc8","relatedPAWDetailsLis (1 more) ...":"0x6a659ea7","targetEDR":0.00,"totalAppliedDeductib (2 more) ...":0.00,"totalCoInsurance":0.00,"totalCoPayAmt":0.00,"totalInsCoResp":0.00,"totalInsEIVAmt":0.00,"totalRowCount":0,"totalTalbottDay":0.00}|0x2f3168da
07:14:33.0 (329731192)|HEAP_ALLOCATE|[25]|Bytes:4
07:14:33.0 (329911002)|VARIABLE_ASSIGNMENT|[EXTERNAL]|this|{"insrncBnftSelected":"","pawDetailListDisplay (4 more) ...":false,"pyAgrmntWrksht":"0x6394cbc8","relatedPAWDetailsLis (1 more) ...":"0x6a659ea7","targetEDR":0.00,"totalAppliedDeductib (2 more) ...":0.00,"totalCoInsurance":0.00,"totalCoPayAmt":0.00,"totalInsCoResp":0.00,"totalInsEIVAmt":0.00,"totalRowCount":0,"totalTalbottDay":0.00}|0x2f3168da
07:14:33.0 (329929691)|VARIABLE_ASSIGNMENT|[EXTERNAL]|value|{}|0x6a80bb6b
07:14:33.0 (329945887)|VARIABLE_ASSIGNMENT|[524]|this.insrncBnft|{}|0x2f3168da
07:14:33.0 (329956968)|STATEMENT_EXECUTE|[26]
07:14:33.0 (330040004)|VARIABLE_ASSIGNMENT|[EXTERNAL]|this|{"insrncBnft":"0x6a80bb6b","insrncBnftSelected":"","pawDetailListDisplay (4 more) ...":false,"pyAgrmntWrksht":"0x6394cbc8","relatedPAWDetailsLis (1 more) ...":"0x6a659ea7","targetEDR":0.00,"totalAppliedDeductib (2 more) ...":0.00,"totalCoInsurance":0.00,"totalCoPayAmt":0.00,"totalInsCoResp":0.00,"totalInsEIVAmt":0.00,"totalRowCount":0,"totalTalbottDay":0.00}|0x2f3168da
07:14:33.0 (330056490)|VARIABLE_ASSIGNMENT|[EXTERNAL]|value|0
07:14:33.0 (330063350)|HEAP_ALLOCATE|[529]|Bytes:4
07:14:33.0 (330072503)|VARIABLE_ASSIGNMENT|[529]|this.totalRowCount|0|0x2f3168da
07:14:33.0 (330083334)|STATEMENT_EXECUTE|[27]
07:14:33.0 (330122974)|HEAP_ALLOCATE|[27]|Bytes:28
07:14:33.0 (330129508)|HEAP_ALLOCATE|[27]|Bytes:28
07:14:33.0 (330208653)|VARIABLE_ASSIGNMENT|[EXTERNAL]|this|{"insrncBnft":"0x6a80bb6b","insrncBnftSelected":"","pawDetailListDisplay (4 more) ...":false,"pyAgrmntWrksht":"0x6394cbc8","relatedPAWDetailsLis (1 more) ...":"0x6a659ea7","targetEDR":0.00,"totalAppliedDeductib (2 more) ...":0.00,"totalCoInsurance":0.00,"totalCoPayAmt":0.00,"totalInsCoResp":0.00,"totalInsEIVAmt":0.00,"totalRowCount":0,"totalTalbottDay":0.00}|0x2f3168da
07:14:33.0 (330226039)|VARIABLE_ASSIGNMENT|[EXTERNAL]|value|0
07:14:33.0 (330237599)|VARIABLE_ASSIGNMENT|[530]|this.totalTalbottDay|0|0x2f3168da
07:14:33.0 (330248705)|STATEMENT_EXECUTE|[28]
07:14:33.0 (330250155)|STATEMENT_EXECUTE|[29]
07:14:33.0 (330316056)|VARIABLE_ASSIGNMENT|[EXTERNAL]|this|{"insrncBnft":"0x6a80bb6b","insrncBnftSelected":"","pawDetailListDisplay (4 more) ...":false,"pyAgrmntWrksht":"0x6394cbc8","relatedPAWDetailsLis (1 more) ...":"0x6a659ea7","targetEDR":0.00,"totalAppliedDeductib (2 more) ...":0.00,"totalCoInsurance":0.00,"totalCoPayAmt":0.00,"totalInsCoResp":0.00,"totalInsEIVAmt":0.00,"totalRowCount":0,"totalTalbottDay":0}|0x2f3168da
07:14:33.0 (330345282)|HEAP_ALLOCATE|[29]|Bytes:28
07:14:33.0 (330350852)|HEAP_ALLOCATE|[29]|Bytes:28
07:14:33.0 (330465046)|VARIABLE_ASSIGNMENT|[EXTERNAL]|this|{"insrncBnft":"0x6a80bb6b","insrncBnftSelected":"","pawDetailListDisplay (4 more) ...":false,"pyAgrmntWrksht":"0x6394cbc8","relatedPAWDetailsLis (1 more) ...":"0x6a659ea7","targetEDR":0.00,"totalAppliedDeductib (2 more) ...":0.00,"totalCoInsurance":0.00,"totalCoPayAmt":0.00,"totalInsCoResp":0.00,"totalInsEIVAmt":0.00,"totalRowCount":0,"totalTalbottDay":0}|0x2f3168da
07:14:33.0 (330479134)|VARIABLE_ASSIGNMENT|[EXTERNAL]|value|0
07:14:33.0 (330485063)|HEAP_ALLOCATE|[529]|Bytes:4
07:14:33.0 (330493900)|VARIABLE_ASSIGNMENT|[529]|this.totalRowCount|0|0x2f3168da
07:14:33.0 (330503666)|STATEMENT_EXECUTE|[31]
07:14:33.0 (330562506)|VARIABLE_ASSIGNMENT|[EXTERNAL]|this|{"insrncBnft":"0x6a80bb6b","insrncBnftSelected":"","pawDetailListDisplay (4 more) ...":false,"pyAgrmntWrksht":"0x6394cbc8","relatedPAWDetailsLis (1 more) ...":"0x6a659ea7","targetEDR":0.00,"totalAppliedDeductib (2 more) ...":0.00,"totalCoInsurance":0.00,"totalCoPayAmt":0.00,"totalInsCoResp":0.00,"totalInsEIVAmt":0.00,"totalRowCount":0,"totalTalbottDay":0}|0x2f3168da
07:14:33.0 (330589449)|HEAP_ALLOCATE|[31]|Bytes:28
07:14:33.0 (330594802)|HEAP_ALLOCATE|[31]|Bytes:28
07:14:33.0 (330686312)|VARIABLE_ASSIGNMENT|[EXTERNAL]|this|{"insrncBnft":"0x6a80bb6b","insrncBnftSelected":"","pawDetailListDisplay (4 more) ...":false,"pyAgrmntWrksht":"0x6394cbc8","relatedPAWDetailsLis (1 more) ...":"0x6a659ea7","targetEDR":0.00,"totalAppliedDeductib (2 more) ...":0.00,"totalCoInsurance":0.00,"totalCoPayAmt":0.00,"totalInsCoResp":0.00,"totalInsEIVAmt":0.00,"totalRowCount":0,"totalTalbottDay":0}|0x2f3168da
07:14:33.0 (330699771)|VARIABLE_ASSIGNMENT|[EXTERNAL]|value|0
07:14:33.0 (330705116)|HEAP_ALLOCATE|[529]|Bytes:4
07:14:33.0 (330713610)|VARIABLE_ASSIGNMENT|[529]|this.totalRowCount|0|0x2f3168da
07:14:33.0 (330723226)|STATEMENT_EXECUTE|[33]
07:14:33.0 (330780552)|VARIABLE_ASSIGNMENT|[EXTERNAL]|this|{"insrncBnft":"0x6a80bb6b","insrncBnftSelected":"","pawDetailListDisplay (4 more) ...":false,"pyAgrmntWrksht":"0x6394cbc8","relatedPAWDetailsLis (1 more) ...":"0x6a659ea7","targetEDR":0.00,"totalAppliedDeductib (2 more) ...":0.00,"totalCoInsurance":0.00,"totalCoPayAmt":0.00,"totalInsCoResp":0.00,"totalInsEIVAmt":0.00,"totalRowCount":0,"totalTalbottDay":0}|0x2f3168da
07:14:33.0 (330806953)|HEAP_ALLOCATE|[33]|Bytes:28
07:14:33.0 (330812775)|HEAP_ALLOCATE|[33]|Bytes:28
07:14:33.0 (330899402)|VARIABLE_ASSIGNMENT|[EXTERNAL]|this|{"insrncBnft":"0x6a80bb6b","insrncBnftSelected":"","pawDetailListDisplay (4 more) ...":false,"pyAgrmntWrksht":"0x6394cbc8","relatedPAWDetailsLis (1 more) ...":"0x6a659ea7","targetEDR":0.00,"totalAppliedDeductib (2 more) ...":0.00,"totalCoInsurance":0.00,"totalCoPayAmt":0.00,"totalInsCoResp":0.00,"totalInsEIVAmt":0.00,"totalRowCount":0,"totalTalbottDay":0}|0x2f3168da
07:14:33.0 (330912586)|VARIABLE_ASSIGNMENT|[EXTERNAL]|value|0
07:14:33.0 (330918150)|HEAP_ALLOCATE|[529]|Bytes:4
07:14:33.0 (330926420)|VARIABLE_ASSIGNMENT|[529]|this.totalRowCount|0|0x2f3168da
07:14:33.0 (330936018)|STATEMENT_EXECUTE|[35]
07:14:33.0 (330993519)|VARIABLE_ASSIGNMENT|[EXTERNAL]|this|{"insrncBnft":"0x6a80bb6b","insrncBnftSelected":"","pawDetailListDisplay (4 more) ...":false,"pyAgrmntWrksht":"0x6394cbc8","relatedPAWDetailsLis (1 more) ...":"0x6a659ea7","targetEDR":0.00,"totalAppliedDeductib (2 more) ...":0.00,"totalCoInsurance":0.00,"totalCoPayAmt":0.00,"totalInsCoResp":0.00,"totalInsEIVAmt":0.00,"totalRowCount":0,"totalTalbottDay":0}|0x2f3168da
07:14:33.0 (331020140)|HEAP_ALLOCATE|[35]|Bytes:28
07:14:33.0 (331026086)|HEAP_ALLOCATE|[35]|Bytes:28
07:14:33.0 (331112063)|VARIABLE_ASSIGNMENT|[EXTERNAL]|this|{"insrncBnft":"0x6a80bb6b","insrncBnftSelected":"","pawDetailListDisplay (4 more) ...":false,"pyAgrmntWrksht":"0x6394cbc8","relatedPAWDetailsLis (1 more) ...":"0x6a659ea7","targetEDR":0.00,"totalAppliedDeductib (2 more) ...":0.00,"totalCoInsurance":0.00,"totalCoPayAmt":0.00,"totalInsCoResp":0.00,"totalInsEIVAmt":0.00,"totalRowCount":0,"totalTalbottDay":0}|0x2f3168da
07:14:33.0 (331125365)|VARIABLE_ASSIGNMENT|[EXTERNAL]|value|0
07:14:33.0 (331130989)|HEAP_ALLOCATE|[529]|Bytes:4
07:14:33.0 (331139251)|VARIABLE_ASSIGNMENT|[529]|this.totalRowCount|0|0x2f3168da
07:14:33.0 (331148701)|STATEMENT_EXECUTE|[40]
07:14:33.0 (331213131)|VARIABLE_ASSIGNMENT|[EXTERNAL]|this|{"insrncBnft":"0x6a80bb6b","insrncBnftSelected":"","pawDetailListDisplay (4 more) ...":false,"pyAgrmntWrksht":"0x6394cbc8","relatedPAWDetailsLis (1 more) ...":"0x6a659ea7","targetEDR":0.00,"totalAppliedDeductib (2 more) ...":0.00,"totalCoInsurance":0.00,"totalCoPayAmt":0.00,"totalInsCoResp":0.00,"totalInsEIVAmt":0.00,"totalRowCount":0,"totalTalbottDay":0}|0x2f3168da
07:14:33.0 (331293960)|VARIABLE_ASSIGNMENT|[EXTERNAL]|this|{"insrncBnft":"0x6a80bb6b","insrncBnftSelected":"","pawDetailListDisplay (4 more) ...":false,"pyAgrmntWrksht":"0x6394cbc8","relatedPAWDetailsLis (1 more) ...":"0x6a659ea7","targetEDR":0.00,"totalAppliedDeductib (2 more) ...":0.00,"totalCoInsurance":0.00,"totalCoPayAmt":0.00,"totalInsCoResp":0.00,"totalInsEIVAmt":0.00,"totalRowCount":0,"totalTalbottDay":0}|0x2f3168da
07:14:33.0 (331339027)|HEAP_ALLOCATE|[40]|Bytes:28
07:14:33.0 (331345103)|HEAP_ALLOCATE|[40]|Bytes:28
07:14:33.0 (331396106)|VARIABLE_ASSIGNMENT|[EXTERNAL]|this|{"insrncBnft":"0x6a80bb6b","insrncBnftSelected":"","pawDetailListDisplay (4 more) ...":false,"pyAgrmntWrksht":"0x6394cbc8","relatedPAWDetailsLis (1 more) ...":"0x6a659ea7","targetEDR":0.00,"totalAppliedDeductib (2 more) ...":0.00,"totalCoInsurance":0.00,"totalCoPayAmt":0.00,"totalInsCoResp":0.00,"totalInsEIVAmt":0.00,"totalRowCount":0,"totalTalbottDay":0}|0x2f3168da
07:14:33.0 (331409297)|VARIABLE_ASSIGNMENT|[EXTERNAL]|value|0
07:14:33.0 (331418845)|VARIABLE_ASSIGNMENT|[530]|this.totalTalbottDay|0|0x2f3168da
07:14:33.0 (331428701)|STATEMENT_EXECUTE|[43]
07:14:33.0 (331488572)|VARIABLE_ASSIGNMENT|[EXTERNAL]|this|{"insrncBnft":"0x6a80bb6b","insrncBnftSelected":"","pawDetailListDisplay (4 more) ...":false,"pyAgrmntWrksht":"0x6394cbc8","relatedPAWDetailsLis (1 more) ...":"0x6a659ea7","targetEDR":0.00,"totalAppliedDeductib (2 more) ...":0.00,"totalCoInsurance":0.00,"totalCoPayAmt":0.00,"totalInsCoResp":0.00,"totalInsEIVAmt":0.00,"totalRowCount":0,"totalTalbottDay":0}|0x2f3168da
07:14:33.0 (331560809)|VARIABLE_ASSIGNMENT|[EXTERNAL]|this|{"insrncBnft":"0x6a80bb6b","insrncBnftSelected":"","pawDetailListDisplay (4 more) ...":false,"pyAgrmntWrksht":"0x6394cbc8","relatedPAWDetailsLis (1 more) ...":"0x6a659ea7","targetEDR":0.00,"totalAppliedDeductib (2 more) ...":0.00,"totalCoInsurance":0.00,"totalCoPayAmt":0.00,"totalInsCoResp":0.00,"totalInsEIVAmt":0.00,"totalRowCount":0,"totalTalbottDay":0}|0x2f3168da
07:14:33.0 (331604442)|HEAP_ALLOCATE|[43]|Bytes:28
07:14:33.0 (331612185)|HEAP_ALLOCATE|[43]|Bytes:28
07:14:33.0 (331699735)|VARIABLE_ASSIGNMENT|[EXTERNAL]|this|{"insrncBnft":"0x6a80bb6b","insrncBnftSelected":"","pawDetailListDisplay (4 more) ...":false,"pyAgrmntWrksht":"0x6394cbc8","relatedPAWDetailsLis (1 more) ...":"0x6a659ea7","targetEDR":0.00,"totalAppliedDeductib (2 more) ...":0.00,"totalCoInsurance":0.00,"totalCoPayAmt":0.00,"totalInsCoResp":0.00,"totalInsEIVAmt":0.00,"totalRowCount":0,"totalTalbottDay":0}|0x2f3168da
07:14:33.0 (331723249)|VARIABLE_ASSIGNMENT|[EXTERNAL]|value|0
07:14:33.0 (331744368)|VARIABLE_ASSIGNMENT|[530]|this.totalTalbottDay|0|0x2f3168da
07:14:33.0 (331758314)|STATEMENT_EXECUTE|[47]
07:14:33.0 (331779102)|HEAP_ALLOCATE|[47]|Bytes:28
07:14:33.0 (331787142)|HEAP_ALLOCATE|[47]|Bytes:28
07:14:33.0 (331855954)|VARIABLE_ASSIGNMENT|[EXTERNAL]|this|{"insrncBnft":"0x6a80bb6b","insrncBnftSelected":"","pawDetailListDisplay (4 more) ...":false,"pyAgrmntWrksht":"0x6394cbc8","relatedPAWDetailsLis (1 more) ...":"0x6a659ea7","targetEDR":0.00,"totalAppliedDeductib (2 more) ...":0.00,"totalCoInsurance":0.00,"totalCoPayAmt":0.00,"totalInsCoResp":0.00,"totalInsEIVAmt":0.00,"totalRowCount":0,"totalTalbottDay":0}|0x2f3168da
07:14:33.0 (331932143)|VARIABLE_ASSIGNMENT|[47]|this.Num_Days_Detox_DTX__c|0|0x6394cbc8
07:14:33.0 (331940575)|STATEMENT_EXECUTE|[48]
07:14:33.0 (332010041)|VARIABLE_ASSIGNMENT|[EXTERNAL]|this|{"insrncBnft":"0x6a80bb6b","insrncBnftSelected":"","pawDetailListDisplay (4 more) ...":false,"pyAgrmntWrksht":"0x6394cbc8","relatedPAWDetailsLis (1 more) ...":"0x6a659ea7","targetEDR":0.00,"totalAppliedDeductib (2 more) ...":0.00,"totalCoInsurance":0.00,"totalCoPayAmt":0.00,"totalInsCoResp":0.00,"totalInsEIVAmt":0.00,"totalRowCount":0,"totalTalbottDay":0}|0x2f3168da
07:14:33.0 (332034928)|HEAP_ALLOCATE|[48]|Bytes:4
07:14:33.0 (332055839)|HEAP_ALLOCATE|[48]|Bytes:28
07:14:33.0 (332177208)|VARIABLE_ASSIGNMENT|[EXTERNAL]|this|{"insrncBnft":"0x6a80bb6b","insrncBnftSelected":"","pawDetailListDisplay (4 more) ...":false,"pyAgrmntWrksht":"0x6394cbc8","relatedPAWDetailsLis (1 more) ...":"0x6a659ea7","targetEDR":0.00,"totalAppliedDeductib (2 more) ...":0.00,"totalCoInsurance":0.00,"totalCoPayAmt":0.00,"totalInsCoResp":0.00,"totalInsEIVAmt":0.00,"totalRowCount":0,"totalTalbottDay":0}|0x2f3168da
07:14:33.0 (332332313)|VARIABLE_ASSIGNMENT|[48]|this.Detox_Over__c|0.00|0x6394cbc8
07:14:33.0 (332343923)|STATEMENT_EXECUTE|[49]
07:14:33.0 (332451129)|VARIABLE_ASSIGNMENT|[EXTERNAL]|this|{"insrncBnft":"0x6a80bb6b","insrncBnftSelected":"","pawDetailListDisplay (4 more) ...":false,"pyAgrmntWrksht":"0x6394cbc8","relatedPAWDetailsLis (1 more) ...":"0x6a659ea7","targetEDR":0.00,"totalAppliedDeductib (2 more) ...":0.00,"totalCoInsurance":0.00,"totalCoPayAmt":0.00,"totalInsCoResp":0.00,"totalInsEIVAmt":0.00,"totalRowCount":0,"totalTalbottDay":0}|0x2f3168da
07:14:33.0 (332486375)|HEAP_ALLOCATE|[49]|Bytes:28
07:14:33.0 (332563214)|VARIABLE_ASSIGNMENT|[EXTERNAL]|this|{"insrncBnft":"0x6a80bb6b","insrncBnftSelected":"","pawDetailListDisplay (4 more) ...":false,"pyAgrmntWrksht":"0x6394cbc8","relatedPAWDetailsLis (1 more) ...":"0x6a659ea7","targetEDR":0.00,"totalAppliedDeductib (2 more) ...":0.00,"totalCoInsurance":0.00,"totalCoPayAmt":0.00,"totalInsCoResp":0.00,"totalInsEIVAmt":0.00,"totalRowCount":0,"totalTalbottDay":0}|0x2f3168da
07:14:33.0 (332652368)|VARIABLE_ASSIGNMENT|[49]|this.Detox_Pays_at__c|0.00|0x6394cbc8
07:14:33.0 (332661578)|STATEMENT_EXECUTE|[51]
07:14:33.0 (332678597)|HEAP_ALLOCATE|[51]|Bytes:28
07:14:33.0 (332684030)|HEAP_ALLOCATE|[51]|Bytes:28
07:14:33.0 (332760936)|VARIABLE_ASSIGNMENT|[EXTERNAL]|this|{"insrncBnft":"0x6a80bb6b","insrncBnftSelected":"","pawDetailListDisplay (4 more) ...":false,"pyAgrmntWrksht":"0x6394cbc8","relatedPAWDetailsLis (1 more) ...":"0x6a659ea7","targetEDR":0.00,"totalAppliedDeductib (2 more) ...":0.00,"totalCoInsurance":0.00,"totalCoPayAmt":0.00,"totalInsCoResp":0.00,"totalInsEIVAmt":0.00,"totalRowCount":0,"totalTalbottDay":0}|0x2f3168da
07:14:33.0 (332827097)|VARIABLE_ASSIGNMENT|[51]|this.Num_Days_Residential_Treatment_RTC__c|0|0x6394cbc8
07:14:33.0 (332835435)|STATEMENT_EXECUTE|[52]
07:14:33.0 (332897361)|VARIABLE_ASSIGNMENT|[EXTERNAL]|this|{"insrncBnft":"0x6a80bb6b","insrncBnftSelected":"","pawDetailListDisplay (4 more) ...":false,"pyAgrmntWrksht":"0x6394cbc8","relatedPAWDetailsLis (1 more) ...":"0x6a659ea7","targetEDR":0.00,"totalAppliedDeductib (2 more) ...":0.00,"totalCoInsurance":0.00,"totalCoPayAmt":0.00,"totalInsCoResp":0.00,"totalInsEIVAmt":0.00,"totalRowCount":0,"totalTalbottDay":0}|0x2f3168da
07:14:33.0 (332925522)|HEAP_ALLOCATE|[52]|Bytes:28
07:14:33.0 (332977676)|VARIABLE_ASSIGNMENT|[EXTERNAL]|this|{"insrncBnft":"0x6a80bb6b","insrncBnftSelected":"","pawDetailListDisplay (4 more) ...":false,"pyAgrmntWrksht":"0x6394cbc8","relatedPAWDetailsLis (1 more) ...":"0x6a659ea7","targetEDR":0.00,"totalAppliedDeductib (2 more) ...":0.00,"totalCoInsurance":0.00,"totalCoPayAmt":0.00,"totalInsCoResp":0.00,"totalInsEIVAmt":0.00,"totalRowCount":0,"totalTalbottDay":0}|0x2f3168da
07:14:33.0 (333084861)|VARIABLE_ASSIGNMENT|[52]|this.Residential_Treatment_Override__c|0.00|0x6394cbc8
07:14:33.0 (333093783)|STATEMENT_EXECUTE|[53]
07:14:33.0 (333156940)|VARIABLE_ASSIGNMENT|[EXTERNAL]|this|{"insrncBnft":"0x6a80bb6b","insrncBnftSelected":"","pawDetailListDisplay (4 more) ...":false,"pyAgrmntWrksht":"0x6394cbc8","relatedPAWDetailsLis (1 more) ...":"0x6a659ea7","targetEDR":0.00,"totalAppliedDeductib (2 more) ...":0.00,"totalCoInsurance":0.00,"totalCoPayAmt":0.00,"totalInsCoResp":0.00,"totalInsEIVAmt":0.00,"totalRowCount":0,"totalTalbottDay":0}|0x2f3168da
07:14:33.0 (333184798)|HEAP_ALLOCATE|[53]|Bytes:28
07:14:33.0 (333236236)|VARIABLE_ASSIGNMENT|[EXTERNAL]|this|{"insrncBnft":"0x6a80bb6b","insrncBnftSelected":"","pawDetailListDisplay (4 more) ...":false,"pyAgrmntWrksht":"0x6394cbc8","relatedPAWDetailsLis (1 more) ...":"0x6a659ea7","targetEDR":0.00,"totalAppliedDeductib (2 more) ...":0.00,"totalCoInsurance":0.00,"totalCoPayAmt":0.00,"totalInsCoResp":0.00,"totalInsEIVAmt":0.00,"totalRowCount":0,"totalTalbottDay":0}|0x2f3168da
07:14:33.0 (333296634)|VARIABLE_ASSIGNMENT|[53]|this.RTC_Pays_at__c|0.00|0x6394cbc8
07:14:33.0 (333304848)|STATEMENT_EXECUTE|[55]
07:14:33.0 (333320845)|HEAP_ALLOCATE|[55]|Bytes:28
07:14:33.0 (333325924)|HEAP_ALLOCATE|[55]|Bytes:28
07:14:33.0 (333388406)|VARIABLE_ASSIGNMENT|[EXTERNAL]|this|{"insrncBnft":"0x6a80bb6b","insrncBnftSelected":"","pawDetailListDisplay (4 more) ...":false,"pyAgrmntWrksht":"0x6394cbc8","relatedPAWDetailsLis (1 more) ...":"0x6a659ea7","targetEDR":0.00,"totalAppliedDeductib (2 more) ...":0.00,"totalCoInsurance":0.00,"totalCoPayAmt":0.00,"totalInsCoResp":0.00,"totalInsEIVAmt":0.00,"totalRowCount":0,"totalTalbottDay":0}|0x2f3168da
07:14:33.0 (333450280)|VARIABLE_ASSIGNMENT|[55]|this.Num_Days_Partial_Hospitalization_PHP__c|0|0x6394cbc8
07:14:33.0 (333462895)|STATEMENT_EXECUTE|[56]
07:14:33.0 (333527010)|VARIABLE_ASSIGNMENT|[EXTERNAL]|this|{"insrncBnft":"0x6a80bb6b","insrncBnftSelected":"","pawDetailListDisplay (4 more) ...":false,"pyAgrmntWrksht":"0x6394cbc8","relatedPAWDetailsLis (1 more) ...":"0x6a659ea7","targetEDR":0.00,"totalAppliedDeductib (2 more) ...":0.00,"totalCoInsurance":0.00,"totalCoPayAmt":0.00,"totalInsCoResp":0.00,"totalInsEIVAmt":0.00,"totalRowCount":0,"totalTalbottDay":0}|0x2f3168da
07:14:33.0 (333554925)|HEAP_ALLOCATE|[56]|Bytes:28
07:14:33.0 (333606803)|VARIABLE_ASSIGNMENT|[EXTERNAL]|this|{"insrncBnft":"0x6a80bb6b","insrncBnftSelected":"","pawDetailListDisplay (4 more) ...":false,"pyAgrmntWrksht":"0x6394cbc8","relatedPAWDetailsLis (1 more) ...":"0x6a659ea7","targetEDR":0.00,"totalAppliedDeductib (2 more) ...":0.00,"totalCoInsurance":0.00,"totalCoPayAmt":0.00,"totalInsCoResp":0.00,"totalInsEIVAmt":0.00,"totalRowCount":0,"totalTalbottDay":0}|0x2f3168da
07:14:33.0 (333672938)|VARIABLE_ASSIGNMENT|[56]|this.Partial_Hospitalization_Override__c|0.00|0x6394cbc8
07:14:33.0 (333681618)|STATEMENT_EXECUTE|[57]
07:14:33.0 (333742428)|VARIABLE_ASSIGNMENT|[EXTERNAL]|this|{"insrncBnft":"0x6a80bb6b","insrncBnftSelected":"","pawDetailListDisplay (4 more) ...":false,"pyAgrmntWrksht":"0x6394cbc8","relatedPAWDetailsLis (1 more) ...":"0x6a659ea7","targetEDR":0.00,"totalAppliedDeductib (2 more) ...":0.00,"totalCoInsurance":0.00,"totalCoPayAmt":0.00,"totalInsCoResp":0.00,"totalInsEIVAmt":0.00,"totalRowCount":0,"totalTalbottDay":0}|0x2f3168da
07:14:33.0 (333769882)|HEAP_ALLOCATE|[57]|Bytes:28
07:14:33.0 (333821207)|VARIABLE_ASSIGNMENT|[EXTERNAL]|this|{"insrncBnft":"0x6a80bb6b","insrncBnftSelected":"","pawDetailListDisplay (4 more) ...":false,"pyAgrmntWrksht":"0x6394cbc8","relatedPAWDetailsLis (1 more) ...":"0x6a659ea7","targetEDR":0.00,"totalAppliedDeductib (2 more) ...":0.00,"totalCoInsurance":0.00,"totalCoPayAmt":0.00,"totalInsCoResp":0.00,"totalInsEIVAmt":0.00,"totalRowCount":0,"totalTalbottDay":0}|0x2f3168da
07:14:33.0 (333881219)|VARIABLE_ASSIGNMENT|[57]|this.PHP_Pays_at__c|0.00|0x6394cbc8
07:14:33.0 (333890057)|STATEMENT_EXECUTE|[59]
07:14:33.0 (333906187)|HEAP_ALLOCATE|[59]|Bytes:28
07:14:33.0 (333911387)|HEAP_ALLOCATE|[59]|Bytes:28
07:14:33.0 (333973565)|VARIABLE_ASSIGNMENT|[EXTERNAL]|this|{"insrncBnft":"0x6a80bb6b","insrncBnftSelected":"","pawDetailListDisplay (4 more) ...":false,"pyAgrmntWrksht":"0x6394cbc8","relatedPAWDetailsLis (1 more) ...":"0x6a659ea7","targetEDR":0.00,"totalAppliedDeductib (2 more) ...":0.00,"totalCoInsurance":0.00,"totalCoPayAmt":0.00,"totalInsCoResp":0.00,"totalInsEIVAmt":0.00,"totalRowCount":0,"totalTalbottDay":0}|0x2f3168da
07:14:33.0 (334034577)|VARIABLE_ASSIGNMENT|[59]|this.Num_Days_Intensive_Outpatient_IOP__c|0|0x6394cbc8
07:14:33.0 (334043217)|STATEMENT_EXECUTE|[60]
07:14:33.0 (334104485)|VARIABLE_ASSIGNMENT|[EXTERNAL]|this|{"insrncBnft":"0x6a80bb6b","insrncBnftSelected":"","pawDetailListDisplay (4 more) ...":false,"pyAgrmntWrksht":"0x6394cbc8","relatedPAWDetailsLis (1 more) ...":"0x6a659ea7","targetEDR":0.00,"totalAppliedDeductib (2 more) ...":0.00,"totalCoInsurance":0.00,"totalCoPayAmt":0.00,"totalInsCoResp":0.00,"totalInsEIVAmt":0.00,"totalRowCount":0,"totalTalbottDay":0}|0x2f3168da
07:14:33.0 (334133126)|HEAP_ALLOCATE|[60]|Bytes:28
07:14:33.0 (334184131)|VARIABLE_ASSIGNMENT|[EXTERNAL]|this|{"insrncBnft":"0x6a80bb6b","insrncBnftSelected":"","pawDetailListDisplay (4 more) ...":false,"pyAgrmntWrksht":"0x6394cbc8","relatedPAWDetailsLis (1 more) ...":"0x6a659ea7","targetEDR":0.00,"totalAppliedDeductib (2 more) ...":0.00,"totalCoInsurance":0.00,"totalCoPayAmt":0.00,"totalInsCoResp":0.00,"totalInsEIVAmt":0.00,"totalRowCount":0,"totalTalbottDay":0}|0x2f3168da
07:14:33.0 (334246033)|VARIABLE_ASSIGNMENT|[60]|this.Intensive_Outpatient_Override__c|0.00|0x6394cbc8
07:14:33.0 (334254516)|STATEMENT_EXECUTE|[61]
07:14:33.0 (334315764)|VARIABLE_ASSIGNMENT|[EXTERNAL]|this|{"insrncBnft":"0x6a80bb6b","insrncBnftSelected":"","pawDetailListDisplay (4 more) ...":false,"pyAgrmntWrksht":"0x6394cbc8","relatedPAWDetailsLis (1 more) ...":"0x6a659ea7","targetEDR":0.00,"totalAppliedDeductib (2 more) ...":0.00,"totalCoInsurance":0.00,"totalCoPayAmt":0.00,"totalInsCoResp":0.00,"totalInsEIVAmt":0.00,"totalRowCount":0,"totalTalbottDay":0}|0x2f3168da
07:14:33.0 (334343384)|HEAP_ALLOCATE|[61]|Bytes:28
07:14:33.0 (334394281)|VARIABLE_ASSIGNMENT|[EXTERNAL]|this|{"insrncBnft":"0x6a80bb6b","insrncBnftSelected":"","pawDetailListDisplay (4 more) ...":false,"pyAgrmntWrksht":"0x6394cbc8","relatedPAWDetailsLis (1 more) ...":"0x6a659ea7","targetEDR":0.00,"totalAppliedDeductib (2 more) ...":0.00,"totalCoInsurance":0.00,"totalCoPayAmt":0.00,"totalInsCoResp":0.00,"totalInsEIVAmt":0.00,"totalRowCount":0,"totalTalbottDay":0}|0x2f3168da
07:14:33.0 (334457256)|VARIABLE_ASSIGNMENT|[61]|this.IOP_Pays_at__c|0.00|0x6394cbc8
07:14:33.0 (334465626)|STATEMENT_EXECUTE|[63]
07:14:33.0 (334526699)|VARIABLE_ASSIGNMENT|[EXTERNAL]|this|{"insrncBnft":"0x6a80bb6b","insrncBnftSelected":"","pawDetailListDisplay (4 more) ...":false,"pyAgrmntWrksht":"0x6394cbc8","relatedPAWDetailsLis (1 more) ...":"0x6a659ea7","targetEDR":0.00,"totalAppliedDeductib (2 more) ...":0.00,"totalCoInsurance":0.00,"totalCoPayAmt":0.00,"totalInsCoResp":0.00,"totalInsEIVAmt":0.00,"totalRowCount":0,"totalTalbottDay":0}|0x2f3168da
07:14:33.0 (334556085)|HEAP_ALLOCATE|[63]|Bytes:28
07:14:33.0 (334566103)|HEAP_ALLOCATE|[63]|Bytes:28
07:14:33.0 (334620679)|VARIABLE_ASSIGNMENT|[EXTERNAL]|this|{"insrncBnft":"0x6a80bb6b","insrncBnftSelected":"","pawDetailListDisplay (4 more) ...":false,"pyAgrmntWrksht":"0x6394cbc8","relatedPAWDetailsLis (1 more) ...":"0x6a659ea7","targetEDR":0.00,"totalAppliedDeductib (2 more) ...":0.00,"totalCoInsurance":0.00,"totalCoPayAmt":0.00,"totalInsCoResp":0.00,"totalInsEIVAmt":0.00,"totalRowCount":0,"totalTalbottDay":0}|0x2f3168da
07:14:33.0 (334682766)|VARIABLE_ASSIGNMENT|[63]|this.Num_Days_Uncovered__c|0|0x6394cbc8
07:14:33.0 (334690715)|STATEMENT_EXECUTE|[64]
07:14:33.0 (334752679)|VARIABLE_ASSIGNMENT|[EXTERNAL]|this|{"insrncBnft":"0x6a80bb6b","insrncBnftSelected":"","pawDetailListDisplay (4 more) ...":false,"pyAgrmntWrksht":"0x6394cbc8","relatedPAWDetailsLis (1 more) ...":"0x6a659ea7","targetEDR":0.00,"totalAppliedDeductib (2 more) ...":0.00,"totalCoInsurance":0.00,"totalCoPayAmt":0.00,"totalInsCoResp":0.00,"totalInsEIVAmt":0.00,"totalRowCount":0,"totalTalbottDay":0}|0x2f3168da
07:14:33.0 (334781900)|HEAP_ALLOCATE|[64]|Bytes:28
07:14:33.0 (334787262)|HEAP_ALLOCATE|[64]|Bytes:28
07:14:33.0 (334836845)|VARIABLE_ASSIGNMENT|[EXTERNAL]|this|{"insrncBnft":"0x6a80bb6b","insrncBnftSelected":"","pawDetailListDisplay (4 more) ...":false,"pyAgrmntWrksht":"0x6394cbc8","relatedPAWDetailsLis (1 more) ...":"0x6a659ea7","targetEDR":0.00,"totalAppliedDeductib (2 more) ...":0.00,"totalCoInsurance":0.00,"totalCoPayAmt":0.00,"totalInsCoResp":0.00,"totalInsEIVAmt":0.00,"totalRowCount":0,"totalTalbottDay":0}|0x2f3168da
07:14:33.0 (334896645)|VARIABLE_ASSIGNMENT|[64]|this.Uncovered_Days_Rate__c|0|0x6394cbc8
07:14:33.0 (334904651)|STATEMENT_EXECUTE|[65]
07:14:33.0 (334965314)|VARIABLE_ASSIGNMENT|[EXTERNAL]|this|{"insrncBnft":"0x6a80bb6b","insrncBnftSelected":"","pawDetailListDisplay (4 more) ...":false,"pyAgrmntWrksht":"0x6394cbc8","relatedPAWDetailsLis (1 more) ...":"0x6a659ea7","targetEDR":0.00,"totalAppliedDeductib (2 more) ...":0.00,"totalCoInsurance":0.00,"totalCoPayAmt":0.00,"totalInsCoResp":0.00,"totalInsEIVAmt":0.00,"totalRowCount":0,"totalTalbottDay":0}|0x2f3168da
07:14:33.0 (334994540)|HEAP_ALLOCATE|[65]|Bytes:28
07:14:33.0 (335000011)|HEAP_ALLOCATE|[65]|Bytes:28
07:14:33.0 (335050355)|VARIABLE_ASSIGNMENT|[EXTERNAL]|this|{"insrncBnft":"0x6a80bb6b","insrncBnftSelected":"","pawDetailListDisplay (4 more) ...":false,"pyAgrmntWrksht":"0x6394cbc8","relatedPAWDetailsLis (1 more) ...":"0x6a659ea7","targetEDR":0.00,"totalAppliedDeductib (2 more) ...":0.00,"totalCoInsurance":0.00,"totalCoPayAmt":0.00,"totalInsCoResp":0.00,"totalInsEIVAmt":0.00,"totalRowCount":0,"totalTalbottDay":0}|0x2f3168da
07:14:33.0 (335110394)|VARIABLE_ASSIGNMENT|[65]|this.Uncovered_Days_Override__c|0|0x6394cbc8
07:14:33.0 (335118310)|STATEMENT_EXECUTE|[66]
07:14:33.0 (335179838)|VARIABLE_ASSIGNMENT|[EXTERNAL]|this|{"insrncBnft":"0x6a80bb6b","insrncBnftSelected":"","pawDetailListDisplay (4 more) ...":false,"pyAgrmntWrksht":"0x6394cbc8","relatedPAWDetailsLis (1 more) ...":"0x6a659ea7","targetEDR":0.00,"totalAppliedDeductib (2 more) ...":0.00,"totalCoInsurance":0.00,"totalCoPayAmt":0.00,"totalInsCoResp":0.00,"totalInsEIVAmt":0.00,"totalRowCount":0,"totalTalbottDay":0}|0x2f3168da
07:14:33.0 (335208340)|HEAP_ALLOCATE|[66]|Bytes:28
07:14:33.0 (335213632)|HEAP_ALLOCATE|[66]|Bytes:28
07:14:33.0 (335263244)|VARIABLE_ASSIGNMENT|[EXTERNAL]|this|{"insrncBnft":"0x6a80bb6b","insrncBnftSelected":"","pawDetailListDisplay (4 more) ...":false,"pyAgrmntWrksht":"0x6394cbc8","relatedPAWDetailsLis (1 more) ...":"0x6a659ea7","targetEDR":0.00,"totalAppliedDeductib (2 more) ...":0.00,"totalCoInsurance":0.00,"totalCoPayAmt":0.00,"totalInsCoResp":0.00,"totalInsEIVAmt":0.00,"totalRowCount":0,"totalTalbottDay":0}|0x2f3168da
07:14:33.0 (335323492)|VARIABLE_ASSIGNMENT|[66]|this.Num_Days_Room__c|0|0x6394cbc8
07:14:33.0 (335331884)|STATEMENT_EXECUTE|[70]
07:14:33.0 (335698033)|VARIABLE_ASSIGNMENT|[EXTERNAL]|this|{"insrncBnft":"0x6a80bb6b","insrncBnftSelected":"","pawDetailListDisplay (4 more) ...":false,"pyAgrmntWrksht":"0x6394cbc8","relatedPAWDetailsLis (1 more) ...":"0x6a659ea7","targetEDR":0.00,"totalAppliedDeductib (2 more) ...":0.00,"totalCoInsurance":0.00,"totalCoPayAmt":0.00,"totalInsCoResp":0.00,"totalInsEIVAmt":0.00,"totalRowCount":0,"totalTalbottDay":0}|0x2f3168da
07:14:33.0 (335728860)|HEAP_ALLOCATE|[70]|Bytes:28
07:14:33.0 (335734282)|HEAP_ALLOCATE|[70]|Bytes:28
07:14:33.0 (335784490)|VARIABLE_ASSIGNMENT|[EXTERNAL]|this|{"insrncBnft":"0x6a80bb6b","insrncBnftSelected":"","pawDetailListDisplay (4 more) ...":false,"pyAgrmntWrksht":"0x6394cbc8","relatedPAWDetailsLis (1 more) ...":"0x6a659ea7","targetEDR":0.00,"totalAppliedDeductib (2 more) ...":0.00,"totalCoInsurance":0.00,"totalCoPayAmt":0.00,"totalInsCoResp":0.00,"totalInsEIVAmt":0.00,"totalRowCount":0,"totalTalbottDay":0}|0x2f3168da
07:14:33.0 (335846966)|VARIABLE_ASSIGNMENT|[70]|this.Room_and_Board_Days_Override__c|0|0x6394cbc8
07:14:33.0 (335923033)|VARIABLE_ASSIGNMENT|[EXTERNAL]|this|{"insrncBnft":"0x6a80bb6b","insrncBnftSelected":"","pawDetailListDisplay (4 more) ...":false,"pyAgrmntWrksht":"0x6394cbc8","relatedPAWDetailsLis (1 more) ...":"0x6a659ea7","targetEDR":0.00,"totalAppliedDeductib (2 more) ...":0.00,"totalCoInsurance":0.00,"totalCoPayAmt":0.00,"totalInsCoResp":0.00,"totalInsEIVAmt":0.00,"totalRowCount":0,"totalTalbottDay":0}|0x2f3168da
07:14:33.0 (335944779)|STATEMENT_EXECUTE|[71]
07:14:33.0 (336001039)|VARIABLE_ASSIGNMENT|[EXTERNAL]|this|{"insrncBnft":"0x6a80bb6b","insrncBnftSelected":"","pawDetailListDisplay (4 more) ...":false,"pyAgrmntWrksht":"0x6394cbc8","relatedPAWDetailsLis (1 more) ...":"0x6a659ea7","targetEDR":0.00,"totalAppliedDeductib (2 more) ...":0.00,"totalCoInsurance":0.00,"totalCoPayAmt":0.00,"totalInsCoResp":0.00,"totalInsEIVAmt":0.00,"totalRowCount":0,"totalTalbottDay":0}|0x2f3168da
07:14:33.0 (336021949)|STATEMENT_EXECUTE|[77]
07:14:33.0 (336023512)|STATEMENT_EXECUTE|[78]
07:14:33.0 (336077497)|VARIABLE_ASSIGNMENT|[EXTERNAL]|this|{"insrncBnft":"0x6a80bb6b","insrncBnftSelected":"","pawDetailListDisplay (4 more) ...":false,"pyAgrmntWrksht":"0x6394cbc8","relatedPAWDetailsLis (1 more) ...":"0x6a659ea7","targetEDR":0.00,"totalAppliedDeductib (2 more) ...":0.00,"totalCoInsurance":0.00,"totalCoPayAmt":0.00,"totalInsCoResp":0.00,"totalInsEIVAmt":0.00,"totalRowCount":0,"totalTalbottDay":0}|0x2f3168da
07:14:33.0 (336138815)|VARIABLE_ASSIGNMENT|[EXTERNAL]|this|{"insrncBnft":"0x6a80bb6b","insrncBnftSelected":"","pawDetailListDisplay (4 more) ...":false,"pyAgrmntWrksht":"0x6394cbc8","relatedPAWDetailsLis (1 more) ...":"0x6a659ea7","targetEDR":0.00,"totalAppliedDeductib (2 more) ...":0.00,"totalCoInsurance":0.00,"totalCoPayAmt":0.00,"totalInsCoResp":0.00,"totalInsEIVAmt":0.00,"totalRowCount":0,"totalTalbottDay":0}|0x2f3168da
07:14:33.0 (336197948)|VARIABLE_ASSIGNMENT|[78]|this.Uncovered_Charges__c|null|0x6394cbc8
07:14:33.0 (336206977)|STATEMENT_EXECUTE|[80]
07:14:33.0 (336217562)|HEAP_ALLOCATE|[80]|Bytes:28
07:14:33.0 (336226546)|VARIABLE_SCOPE_BEGIN|[80]|coPayRemaining|Decimal|false|false
07:14:33.0 (336238684)|VARIABLE_ASSIGNMENT|[80]|coPayRemaining|0.00
07:14:33.0 (336243022)|STATEMENT_EXECUTE|[81]
07:14:33.0 (336302736)|VARIABLE_ASSIGNMENT|[EXTERNAL]|this|{"insrncBnft":"0x6a80bb6b","insrncBnftSelected":"","pawDetailListDisplay (4 more) ...":false,"pyAgrmntWrksht":"0x6394cbc8","relatedPAWDetailsLis (1 more) ...":"0x6a659ea7","targetEDR":0.00,"totalAppliedDeductib (2 more) ...":0.00,"totalCoInsurance":0.00,"totalCoPayAmt":0.00,"totalInsCoResp":0.00,"totalInsEIVAmt":0.00,"totalRowCount":0,"totalTalbottDay":0}|0x2f3168da
07:14:33.0 (336353220)|HEAP_ALLOCATE|[81]|Bytes:28
07:14:33.0 (336409627)|VARIABLE_ASSIGNMENT|[EXTERNAL]|this|{"insrncBnft":"0x6a80bb6b","insrncBnftSelected":"","pawDetailListDisplay (4 more) ...":false,"pyAgrmntWrksht":"0x6394cbc8","relatedPAWDetailsLis (1 more) ...":"0x6a659ea7","targetEDR":0.00,"totalAppliedDeductib (2 more) ...":0.00,"totalCoInsurance":0.00,"totalCoPayAmt":0.00,"totalInsCoResp":0.00,"totalInsEIVAmt":0.00,"totalRowCount":0,"totalTalbottDay":0}|0x2f3168da
07:14:33.0 (336436825)|HEAP_ALLOCATE|[81]|Bytes:28
07:14:33.0 (336442019)|HEAP_ALLOCATE|[81]|Bytes:28
07:14:33.0 (336505968)|HEAP_ALLOCATE|[81]|Bytes:28
07:14:33.0 (336513129)|HEAP_ALLOCATE|[81]|Bytes:28
07:14:33.0 (336533458)|VARIABLE_ASSIGNMENT|[81]|coPayRemaining|0
07:14:33.0 (336538778)|STATEMENT_EXECUTE|[82]
07:14:33.0 (336598434)|VARIABLE_ASSIGNMENT|[EXTERNAL]|this|{"insrncBnft":"0x6a80bb6b","insrncBnftSelected":"","pawDetailListDisplay (4 more) ...":false,"pyAgrmntWrksht":"0x6394cbc8","relatedPAWDetailsLis (1 more) ...":"0x6a659ea7","targetEDR":0.00,"totalAppliedDeductib (2 more) ...":0.00,"totalCoInsurance":0.00,"totalCoPayAmt":0.00,"totalInsCoResp":0.00,"totalInsEIVAmt":0.00,"totalRowCount":0,"totalTalbottDay":0}|0x2f3168da
07:14:33.0 (336643659)|HEAP_ALLOCATE|[82]|Bytes:28
07:14:33.0 (336700745)|VARIABLE_ASSIGNMENT|[EXTERNAL]|this|{"insrncBnft":"0x6a80bb6b","insrncBnftSelected":"","pawDetailListDisplay (4 more) ...":false,"pyAgrmntWrksht":"0x6394cbc8","relatedPAWDetailsLis (1 more) ...":"0x6a659ea7","targetEDR":0.00,"totalAppliedDeductib (2 more) ...":0.00,"totalCoInsurance":0.00,"totalCoPayAmt":0.00,"totalInsCoResp":0.00,"totalInsEIVAmt":0.00,"totalRowCount":0,"totalTalbottDay":0}|0x2f3168da
07:14:33.0 (336727991)|HEAP_ALLOCATE|[82]|Bytes:28
07:14:33.0 (336733073)|HEAP_ALLOCATE|[82]|Bytes:28
07:14:33.0 (336758033)|HEAP_ALLOCATE|[82]|Bytes:28
07:14:33.0 (336763597)|HEAP_ALLOCATE|[82]|Bytes:28
07:14:33.0 (336794572)|HEAP_ALLOCATE|[82]|Bytes:28
07:14:33.0 (336799815)|HEAP_ALLOCATE|[82]|Bytes:28
07:14:33.0 (336817073)|VARIABLE_ASSIGNMENT|[82]|coPayRemaining|0
07:14:33.0 (336822596)|STATEMENT_EXECUTE|[83]
07:14:33.0 (336881668)|VARIABLE_ASSIGNMENT|[EXTERNAL]|this|{"insrncBnft":"0x6a80bb6b","insrncBnftSelected":"","pawDetailListDisplay (4 more) ...":false,"pyAgrmntWrksht":"0x6394cbc8","relatedPAWDetailsLis (1 more) ...":"0x6a659ea7","targetEDR":0.00,"totalAppliedDeductib (2 more) ...":0.00,"totalCoInsurance":0.00,"totalCoPayAmt":0.00,"totalInsCoResp":0.00,"totalInsEIVAmt":0.00,"totalRowCount":0,"totalTalbottDay":0}|0x2f3168da
07:14:33.0 (336923873)|HEAP_ALLOCATE|[83]|Bytes:28
07:14:33.0 (336979448)|VARIABLE_ASSIGNMENT|[EXTERNAL]|this|{"insrncBnft":"0x6a80bb6b","insrncBnftSelected":"","pawDetailListDisplay (4 more) ...":false,"pyAgrmntWrksht":"0x6394cbc8","relatedPAWDetailsLis (1 more) ...":"0x6a659ea7","targetEDR":0.00,"totalAppliedDeductib (2 more) ...":0.00,"totalCoInsurance":0.00,"totalCoPayAmt":0.00,"totalInsCoResp":0.00,"totalInsEIVAmt":0.00,"totalRowCount":0,"totalTalbottDay":0}|0x2f3168da
07:14:33.0 (337006150)|HEAP_ALLOCATE|[83]|Bytes:28
07:14:33.0 (337011757)|HEAP_ALLOCATE|[83]|Bytes:28
07:14:33.0 (337036850)|HEAP_ALLOCATE|[83]|Bytes:28
07:14:33.0 (337042341)|HEAP_ALLOCATE|[83]|Bytes:28
07:14:33.0 (337068927)|HEAP_ALLOCATE|[83]|Bytes:28
07:14:33.0 (337074011)|HEAP_ALLOCATE|[83]|Bytes:28
07:14:33.0 (337090975)|VARIABLE_ASSIGNMENT|[83]|coPayRemaining|0
07:14:33.0 (337096522)|STATEMENT_EXECUTE|[84]
07:14:33.0 (337154775)|VARIABLE_ASSIGNMENT|[EXTERNAL]|this|{"insrncBnft":"0x6a80bb6b","insrncBnftSelected":"","pawDetailListDisplay (4 more) ...":false,"pyAgrmntWrksht":"0x6394cbc8","relatedPAWDetailsLis (1 more) ...":"0x6a659ea7","targetEDR":0.00,"totalAppliedDeductib (2 more) ...":0.00,"totalCoInsurance":0.00,"totalCoPayAmt":0.00,"totalInsCoResp":0.00,"totalInsEIVAmt":0.00,"totalRowCount":0,"totalTalbottDay":0}|0x2f3168da
07:14:33.0 (337195546)|HEAP_ALLOCATE|[84]|Bytes:28
07:14:33.0 (337251403)|VARIABLE_ASSIGNMENT|[EXTERNAL]|this|{"insrncBnft":"0x6a80bb6b","insrncBnftSelected":"","pawDetailListDisplay (4 more) ...":false,"pyAgrmntWrksht":"0x6394cbc8","relatedPAWDetailsLis (1 more) ...":"0x6a659ea7","targetEDR":0.00,"totalAppliedDeductib (2 more) ...":0.00,"totalCoInsurance":0.00,"totalCoPayAmt":0.00,"totalInsCoResp":0.00,"totalInsEIVAmt":0.00,"totalRowCount":0,"totalTalbottDay":0}|0x2f3168da
07:14:33.0 (337277540)|HEAP_ALLOCATE|[84]|Bytes:28
07:14:33.0 (337282995)|HEAP_ALLOCATE|[84]|Bytes:28
07:14:33.0 (337306906)|HEAP_ALLOCATE|[84]|Bytes:28
07:14:33.0 (337312227)|HEAP_ALLOCATE|[84]|Bytes:28
07:14:33.0 (337337852)|HEAP_ALLOCATE|[84]|Bytes:28
07:14:33.0 (337342848)|HEAP_ALLOCATE|[84]|Bytes:28
07:14:33.0 (337359421)|VARIABLE_ASSIGNMENT|[84]|coPayRemaining|0
07:14:33.0 (337364417)|STATEMENT_EXECUTE|[85]
07:14:33.0 (337412611)|HEAP_ALLOCATE|[85]|Bytes:28
07:14:33.0 (337419295)|HEAP_ALLOCATE|[85]|Bytes:28
07:14:33.0 (337486626)|VARIABLE_ASSIGNMENT|[EXTERNAL]|this|{"insrncBnft":"0x6a80bb6b","insrncBnftSelected":"","pawDetailListDisplay (4 more) ...":false,"pyAgrmntWrksht":"0x6394cbc8","relatedPAWDetailsLis (1 more) ...":"0x6a659ea7","targetEDR":0.00,"totalAppliedDeductib (2 more) ...":0.00,"totalCoInsurance":0.00,"totalCoPayAmt":0.00,"totalInsCoResp":0.00,"totalInsEIVAmt":0.00,"totalRowCount":0,"totalTalbottDay":0}|0x2f3168da
07:14:33.0 (337551202)|VARIABLE_ASSIGNMENT|[85]|this.Co_Pay_Remaining__c|0.00|0x6394cbc8
07:14:33.0 (337559381)|STATEMENT_EXECUTE|[86]
07:14:33.0 (337570988)|METHOD_EXIT|[13]|01p0a000004sKzT|PAWValueCalculationService.calculateWraperValues(PAW_New_EditCntrllr.WraperClass, Map<Id,Facility_Program__c>, Map<Id,Insurance_Company_Rate_Adjustment__c>, Map<Id,Insurance_Benefit__c>, Estimated_Coverage_Days__c)
07:14:33.0 (337626687)|VARIABLE_ASSIGNMENT|[13]|pWrprObj|{"insrncBnft":"0x6a80bb6b","insrncBnftSelected":"","pawDetailListDisplay (4 more) ...":false,"pyAgrmntWrksht":"0x6394cbc8","relatedPAWDetailsLis (1 more) ...":"0x6a659ea7","targetEDR":0.00,"totalAppliedDeductib (2 more) ...":0.00,"totalCoInsurance":0.00,"totalCoPayAmt":0.00,"totalInsCoResp":0.00,"totalInsEIVAmt":0.00,"totalRowCount":0,"totalTalbottDay":0}|0x2f3168da
07:14:33.0 (337637678)|STATEMENT_EXECUTE|[18]
07:14:33.0 (337643431)|SYSTEM_MODE_EXIT|false
07:14:33.0 (337657304)|METHOD_EXIT|[421]|01p0a000004sKzO|PAWFrnFacilityService.calculateWraperValuesFRN(PAW_New_EditCntrllr.WraperClass, Map<Id,Facility_Program__c>, Map<Id,Insurance_Company_Rate_Adjustment__c>, Map<Id,Insurance_Benefit__c>, Estimated_Coverage_Days__c)
07:14:33.0 (337763202)|VARIABLE_ASSIGNMENT|[EXTERNAL]|this|{"estmtCvrgeDaysObj":"0x1e720f53","faciltyOptions":"0x38948d6b","fcltyPrgrmOptions":"0x5b38e58b","idToOwnershipFacilit (4 more) ...":"0x38f14509","idToTypeFacilityMap":"0x36f7cdd3","insrncBnftMap":"0x2a14f1b3","insrncBnftOptions":"0x369c4dc7","isIop":false,"isTalbott":false,"meta":"0x4779f10","oppId":"00629000004NTeZ","pawObj":"0xce65318","ptntInsrnceOptions":"0x25838a62","ptntInsrncMap":"0x23f541bc","ptntInsrncObj":"0x30bcff15","quoteObj":"0x53234f40","recordId":"00629000004NTeZ","rtAdjstmntOptions":"0x47d77728","showPILookup":false,"sObjectQueryStr":"","wrprObj":"0x2f3168da"}|0x2c4c4a32
07:14:33.0 (337816647)|VARIABLE_ASSIGNMENT|[EXTERNAL]|value|{"insrncBnft":"0x6a80bb6b","insrncBnftSelected":"","pawDetailListDisplay (4 more) ...":false,"pyAgrmntWrksht":"0x6394cbc8","relatedPAWDetailsLis (1 more) ...":"0x6a659ea7","targetEDR":0.00,"totalAppliedDeductib (2 more) ...":0.00,"totalCoInsurance":0.00,"totalCoPayAmt":0.00,"totalInsCoResp":0.00,"totalInsEIVAmt":0.00,"totalRowCount":0,"totalTalbottDay":0}|0x2f3168da
07:14:33.0 (337836890)|VARIABLE_ASSIGNMENT|[30]|this.wrprObj|0x2f3168da|0x2c4c4a32
07:14:33.0 (337929274)|VARIABLE_ASSIGNMENT|[EXTERNAL]|this|{"estmtCvrgeDaysObj":"0x1e720f53","faciltyOptions":"0x38948d6b","fcltyPrgrmOptions":"0x5b38e58b","idToOwnershipFacilit (4 more) ...":"0x38f14509","idToTypeFacilityMap":"0x36f7cdd3","insrncBnftMap":"0x2a14f1b3","insrncBnftOptions":"0x369c4dc7","isIop":false,"isTalbott":false,"meta":"0x4779f10","oppId":"00629000004NTeZ","pawObj":"0xce65318","ptntInsrnceOptions":"0x25838a62","ptntInsrncMap":"0x23f541bc","ptntInsrncObj":"0x30bcff15","quoteObj":"0x53234f40","recordId":"00629000004NTeZ","rtAdjstmntOptions":"0x47d77728","showPILookup":false,"sObjectQueryStr":"","wrprObj":"0x2f3168da"}|0x2c4c4a32
07:14:33.0 (337952550)|STATEMENT_EXECUTE|[427]
07:14:33.0 (337957679)|METHOD_EXIT|[212]|01p0a000004sKzV|PAW_New_EditCntrllr.updateWraperValues()
07:14:33.349 (349208824)|SYSTEM_MODE_ENTER|true
07:14:33.349 (349302006)|HEAP_ALLOCATE|[EXTERNAL]|Bytes:8
07:14:33.349 (349315922)|VARIABLE_SCOPE_BEGIN|[88]|this|ApexPage.PageMessagesComponentController|true|false
07:14:33.349 (349350099)|VARIABLE_ASSIGNMENT|[88]|this|{}|0x50e19bfc
07:14:33.349 (349357947)|VARIABLE_SCOPE_BEGIN|[88]|escape|Boolean|false|false
07:14:33.349 (349365091)|VARIABLE_ASSIGNMENT|[88]|escape|null
07:14:33.349 (349503424)|SYSTEM_MODE_ENTER|true
07:14:33.349 (349543869)|HEAP_ALLOCATE|[EXTERNAL]|Bytes:8
07:14:33.349 (349552597)|VARIABLE_SCOPE_BEGIN|[2]|this|ApexPage.PageMessagesComponentController|true|false
07:14:33.349 (349574713)|VARIABLE_ASSIGNMENT|[2]|this|{}|0x50e19bfc
07:14:33.0 (350043641)|SYSTEM_MODE_ENTER|true
07:14:33.0 (350198296)|SYSTEM_MODE_ENTER|true
07:14:33.0 (350600855)|SYSTEM_MODE_ENTER|true
07:14:33.0 (355643798)|SYSTEM_MODE_ENTER|true
07:14:33.0 (355740334)|SYSTEM_MODE_ENTER|true
07:14:33.0 (365042735)|SYSTEM_MODE_ENTER|true
07:14:33.0 (365115378)|HEAP_ALLOCATE|[EXTERNAL]|Bytes:112
07:14:33.0 (365140875)|VARIABLE_SCOPE_BEGIN|[215]|this|PAW_New_EditCntrllr|true|false
07:14:33.0 (365252837)|VARIABLE_ASSIGNMENT|[215]|this|{"estmtCvrgeDaysObj":"0x1e720f53","faciltyOptions":"0x38948d6b","fcltyPrgrmOptions":"0x5b38e58b","idToOwnershipFacilit (4 more) ...":"0x38f14509","idToTypeFacilityMap":"0x36f7cdd3","insrncBnftMap":"0x2a14f1b3","insrncBnftOptions":"0x369c4dc7","isIop":false,"isTalbott":false,"meta":"0x4779f10","oppId":"00629000004NTeZ","pawObj":"0xce65318","ptntInsrnceOptions":"0x25838a62","ptntInsrncMap":"0x23f541bc","ptntInsrncObj":"0x30bcff15","quoteObj":"0x53234f40","recordId":"00629000004NTeZ","rtAdjstmntOptions":"0x47d77728","showPILookup":false,"sObjectQueryStr":"","wrprObj":"0x2f3168da"}|0x2c4c4a32
07:14:33.0 (365274728)|STATEMENT_EXECUTE|[215]
07:14:33.0 (365276713)|STATEMENT_EXECUTE|[216]
07:14:33.0 (365338623)|STATEMENT_EXECUTE|[217]
07:14:33.0 (365416269)|HEAP_ALLOCATE|[EXTERNAL]|Bytes:4
07:14:33.0 (365526650)|VARIABLE_ASSIGNMENT|[EXTERNAL]|this|{"estmtCvrgeDaysObj":"0x1e720f53","faciltyOptions":"0x38948d6b","fcltyPrgrmOptions":"0x5b38e58b","idToOwnershipFacilit (4 more) ...":"0x38f14509","idToTypeFacilityMap":"0x36f7cdd3","insrncBnftMap":"0x2a14f1b3","insrncBnftOptions":"0x369c4dc7","isIop":false,"isTalbott":false,"meta":"0x4779f10","oppId":"00629000004NTeZ","pawObj":"0xce65318","ptntInsrnceOptions":"0x25838a62","ptntInsrncMap":"0x23f541bc","ptntInsrncObj":"0x30bcff15","quoteObj":"0x53234f40","recordId":"00629000004NTeZ","rtAdjstmntOptions":"0x47d77728","showPILookup":false,"sObjectQueryStr":"","wrprObj":"0x2f3168da"}|0x2c4c4a32
07:14:33.0 (365552476)|STATEMENT_EXECUTE|[218]
07:14:33.0 (365554271)|STATEMENT_EXECUTE|[219]
07:14:33.0 (365608768)|HEAP_ALLOCATE|[219]|Bytes:4
07:14:33.0 (365622645)|HEAP_ALLOCATE|[219]|Bytes:1083
07:14:33.0 (365636281)|HEAP_ALLOCATE|[219]|Bytes:4
07:14:33.0 (365742817)|VARIABLE_ASSIGNMENT|[EXTERNAL]|this|{"estmtCvrgeDaysObj":"0x1e720f53","faciltyOptions":"0x38948d6b","fcltyPrgrmOptions":"0x5b38e58b","idToOwnershipFacilit (4 more) ...":"0x38f14509","idToTypeFacilityMap":"0x36f7cdd3","insrncBnftMap":"0x2a14f1b3","insrncBnftOptions":"0x369c4dc7","isIop":false,"isTalbott":false,"meta":"0x4779f10","oppId":"00629000004NTeZ","pawObj":"0xce65318","ptntInsrnceOptions":"0x25838a62","ptntInsrncMap":"0x23f541bc","ptntInsrncObj":"0x30bcff15","quoteObj":"0x53234f40","recordId":"00629000004NTeZ","rtAdjstmntOptions":"0x47d77728","showPILookup":false,"sObjectQueryStr":"","wrprObj":"0x2f3168da"}|0x2c4c4a32
07:14:33.0 (367003502)|SOQL_EXECUTE_BEGIN|[219]|Aggregations:0|SELECT Id, Name, RecordType.Name, Uncovered_Charges__c, Patient_Insurance__r.Accepts_Assignment_of_Benefits__c, Patient_Insurance__r.Opportunity__c, Patient_Insurance__r.Accreditation__c, Patient_Insurance__r.Insurance_Company__r.Name, PHP_Admit_Co_Payment__c, Detox_Admit_Co_Payment__c, RTC_Admit_Co_Payment__c, Deductible__c, Deductible_Met__c, IOP_Admit_Co_Payment__c, Max_Out_of_Pocket_Remaining__c, Insurance_Company_is_Out_of_Network__c, Annual_Max_Remaining__c, Deductible_Remaining__c, Detox_Pays_at__c, Detox_Over__c, RTC_Pays_at__c, Residential_Treatment_Override__c, PHP_Pays_at__c, Partial_Hospitalization_Override__c, IOP_Pays_at__c, Intensive_Outpatient_Override__c, Num_Days_Uncovered__c, Num_Days_Room__c, Uncovered_Days_Rate__c, Room_and_Board_Days_Rate__c, Uncovered_Days_Override__c, Room_and_Board_Days_Override__c, Deductible_Included_in_OOP__c, Uncovered_Days__c, Lifetime_Max__c, Lifetime_Max_Met__c, Annual_Max__c, Annual_Max_Met__c, Max_Out_of_Pocket__c, Max_Out_of_Pocket_Met__c, Co_Pay_Met__c FROM Insurance_Benefit__c WHERE Patient_Insurance__c = :tmpVar1
07:14:33.0 (385564871)|SOQL_EXECUTE_END|[219]|Rows:2
07:14:33.0 (385619234)|HEAP_ALLOCATE|[219]|Bytes:12
07:14:33.0 (385690326)|HEAP_ALLOCATE|[219]|Bytes:2986
07:14:33.0 (385789021)|HEAP_ALLOCATE|[219]|Bytes:12
07:14:33.0 (385857144)|HEAP_ALLOCATE|[219]|Bytes:108
07:14:33.0 (385878345)|HEAP_ALLOCATE|[219]|Bytes:4
07:14:33.0 (385885828)|HEAP_ALLOCATE|[219]|Bytes:108
07:14:33.0 (385892930)|HEAP_ALLOCATE|[219]|Bytes:4
07:14:33.0 (386004408)|VARIABLE_ASSIGNMENT|[219]|this.insrncBnftMap|{"a1H29000000pRTUEA2":{"Id":"a1H29000000pRTUEA2","Name":"Insurance Benefit 75 (2 more) ...","RecordTypeId":"012j00000015GS6AAM","Patient_Insurance__c":"a1b29000000lvHQAAY","PHP_Admit_Co_Payment (3 more) ...":0.00,"Deductible__c":5000.00,"Deductible_Met__c":0.00,"Max_Out_of_Pocket_Re (10 more) ...":10000.00,"Insurance_Company_is (18 more) ...":false,"Annual_Max_Remaining (3 more) ...":1000000,"Deductible_Remaining (3 more) ...":5000.00,"Detox_Pays_at__c":80.00,"RTC_Pays_at__c":80.00,"PHP_Pays_at__c":80.00,"IOP_Pays_at__c":80.00,"Uncovered_Days_Rate_ (2 more) ...":630.00,"Room_and_Board_Days_ (7 more) ...":2000.00,"Deductible_Included_ (9 more) ...":"Yes","Lifetime_Max__c":1000000.00,"Lifetime_Max_Met__c":0.00,"Annual_Max__c":1000000.00,"Annual_Max_Met__c":0.00,"Max_Out_of_Pocket__c":10000.00,"Max_Out_of_Pocket_Me (4 more) ...":0.00,"RecordType":{"Name":"In Network","Id":"012j00000015GS6AAM"},"Patient_Insurance__r":{"Opportunity__c":"00629000004NTeZAAW","Accreditation__c":"State","Insurance_Company__c":"0012900000AXSP3AAP","Id":"a1b29000000lvHQAAY","Insurance_Company__r":{"Name":"Value Options/Beacon (7 more) ...","Id":"0012900000AXSP3AAP","RecordTypeId":"012j00000015GRqAAM"}}},"a1H29000000pRTZEA2":{"Id":"a1H29000000pRTZEA2","Name":"Insurance Benefit 75 (2 more) ...","RecordTypeId":"012j00000015GS7AAM","Patient_Insurance__c":"a1b29000000lvHQAAY","PHP_Admit_Co_Payment (3 more) ...":0.00,"Deductible__c":10000.00,"Deductible_Met__c":0.00,"Max_Out_of_Pocket_Re (10 more) ...":20000.00,"Insurance_Company_is (18 more) ...":false,"Annual_Max_Remaining (3 more) ...":1000000,"Deductible_Remaining (3 more) ...":10000.00,"Detox_Pays_at__c":60.00,"RTC_Pays_at__c":60.00,"PHP_Pays_at__c":60.00,"IOP_Pays_at__c":60.00,"Uncovered_Days_Rate_ (2 more) ...":630.00,"Room_and_Board_Days_ (7 more) ...":2000.00,"Deductible_Included_ (9 more) ...":"Yes","Lifetime_Max__c":1000000.00,"Lifetime_Max_Met__c":0.00,"Annual_Max__c":1000000.00,"Annual_Max_Met__c":0.00,"Max_Out_of_Pocket__c":20000.00,"Max_Out_of_Pocket_Me (4 more) ...":0.00,"RecordType":{"Name":"Out of Network","Id":"012j00000015GS7AAM"},"Patient_Insurance__r":{"Opportunity__c":"00629000004NTeZAAW","Accreditation__c":"State","Insurance_Company__c":"0012900000AXSP3AAP","Id":"a1b29000000lvHQAAY","Insurance_Company__r":{"Name":"Value Options/Beacon (7 more) ...","Id":"0012900000AXSP3AAP","RecordTypeId":"012j00000015GRqAAM"}}}}|0x2c4c4a32
07:14:33.0 (386112019)|HEAP_ALLOCATE|[EXTERNAL]|Bytes:12
07:14:33.0 (386141587)|HEAP_ALLOCATE|[263]|Bytes:2996
07:14:33.0 (386320798)|HEAP_ALLOCATE|[263]|Bytes:5
07:14:33.0 (386340492)|HEAP_ALLOCATE|[263]|Bytes:108
07:14:33.0 (386353673)|VARIABLE_SCOPE_BEGIN|[263]|insrncBnftInstance|Insurance_Benefit__c|true|false
07:14:33.0 (386400462)|VARIABLE_ASSIGNMENT|[263]|insrncBnftInstance|{"Id":"a1H29000000pRTUEA2","Name":"Insurance Benefit 75 (2 more) ...","RecordTypeId":"012j00000015GS6AAM","Patient_Insurance__c":"a1b29000000lvHQAAY","PHP_Admit_Co_Payment (3 more) ...":0.00,"Deductible__c":5000.00,"Deductible_Met__c":0.00,"Max_Out_of_Pocket_Re (10 more) ...":10000.00,"Insurance_Company_is (18 more) ...":false,"Annual_Max_Remaining (3 more) ...":1000000,"Deductible_Remaining (3 more) ...":5000.00,"Detox_Pays_at__c":80.00,"RTC_Pays_at__c":80.00,"PHP_Pays_at__c":80.00,"IOP_Pays_at__c":80.00,"Uncovered_Days_Rate_ (2 more) ...":630.00,"Room_and_Board_Days_ (7 more) ...":2000.00,"Deductible_Included_ (9 more) ...":"Yes","Lifetime_Max__c":1000000.00,"Lifetime_Max_Met__c":0.00,"Annual_Max__c":1000000.00,"Annual_Max_Met__c":0.00,"Max_Out_of_Pocket__c":10000.00,"Max_Out_of_Pocket_Me (4 more) ...":0.00,"RecordType":{"Name":"In Network","Id":"012j00000015GS6AAM"},"Patient_Insurance__r":{"Opportunity__c":"00629000004NTeZAAW","Accreditation__c":"State","Insurance_Company__c":"0012900000AXSP3AAP","Id":"a1b29000000lvHQAAY","Insurance_Company__r":{"Name":"Value Options/Beacon (7 more) ...","Id":"0012900000AXSP3AAP","RecordTypeId":"012j00000015GRqAAM"}}}|0x7affdb1c
07:14:33.0 (386422390)|STATEMENT_EXECUTE|[263]
07:14:33.0 (386424221)|STATEMENT_EXECUTE|[264]
07:14:33.0 (386489120)|HEAP_ALLOCATE|[264]|Bytes:18
07:14:33.0 (386576131)|HEAP_ALLOCATE|[264]|Bytes:3
07:14:33.0 (386616726)|HEAP_ALLOCATE|[264]|Bytes:35
07:14:33.0 (386711060)|HEAP_ALLOCATE|[EXTERNAL]|Bytes:4
07:14:33.0 (386732942)|HEAP_ALLOCATE|[263]|Bytes:5
07:14:33.0 (386748536)|HEAP_ALLOCATE|[263]|Bytes:108
07:14:33.0 (386758044)|VARIABLE_SCOPE_BEGIN|[263]|insrncBnftInstance|Insurance_Benefit__c|true|false
07:14:33.0 (386806774)|VARIABLE_ASSIGNMENT|[263]|insrncBnftInstance|{"Id":"a1H29000000pRTZEA2","Name":"Insurance Benefit 75 (2 more) ...","RecordTypeId":"012j00000015GS7AAM","Patient_Insurance__c":"a1b29000000lvHQAAY","PHP_Admit_Co_Payment (3 more) ...":0.00,"Deductible__c":10000.00,"Deductible_Met__c":0.00,"Max_Out_of_Pocket_Re (10 more) ...":20000.00,"Insurance_Company_is (18 more) ...":false,"Annual_Max_Remaining (3 more) ...":1000000,"Deductible_Remaining (3 more) ...":10000.00,"Detox_Pays_at__c":60.00,"RTC_Pays_at__c":60.00,"PHP_Pays_at__c":60.00,"IOP_Pays_at__c":60.00,"Uncovered_Days_Rate_ (2 more) ...":630.00,"Room_and_Board_Days_ (7 more) ...":2000.00,"Deductible_Included_ (9 more) ...":"Yes","Lifetime_Max__c":1000000.00,"Lifetime_Max_Met__c":0.00,"Annual_Max__c":1000000.00,"Annual_Max_Met__c":0.00,"Max_Out_of_Pocket__c":20000.00,"Max_Out_of_Pocket_Me (4 more) ...":0.00,"RecordType":{"Name":"Out of Network","Id":"012j00000015GS7AAM"},"Patient_Insurance__r":{"Opportunity__c":"00629000004NTeZAAW","Accreditation__c":"State","Insurance_Company__c":"0012900000AXSP3AAP","Id":"a1b29000000lvHQAAY","Insurance_Company__r":{"Name":"Value Options/Beacon (7 more) ...","Id":"0012900000AXSP3AAP","RecordTypeId":"012j00000015GRqAAM"}}}|0x305db02a
07:14:33.0 (386827096)|STATEMENT_EXECUTE|[263]
07:14:33.0 (386828574)|STATEMENT_EXECUTE|[264]
07:14:33.0 (386845358)|HEAP_ALLOCATE|[264]|Bytes:18
07:14:33.0 (386875611)|HEAP_ALLOCATE|[264]|Bytes:39
07:14:33.0 (386893290)|HEAP_ALLOCATE|[EXTERNAL]|Bytes:4
07:14:33.0 (386909160)|HEAP_ALLOCATE|[263]|Bytes:5
07:14:33.0 (386923948)|VARIABLE_ASSIGNMENT|[263]|insrncBnftInstance|null|
07:14:33.0 (387050922)|VARIABLE_ASSIGNMENT|[EXTERNAL]|this|{"estmtCvrgeDaysObj":"0x1e720f53","faciltyOptions":"0x38948d6b","fcltyPrgrmOptions":"0x5b38e58b","idToOwnershipFacilit (4 more) ...":"0x38f14509","idToTypeFacilityMap":"0x36f7cdd3","insrncBnftMap":"0x3ea6c785","insrncBnftOptions":"0x369c4dc7","isIop":false,"isTalbott":false,"meta":"0x4779f10","oppId":"00629000004NTeZ","pawObj":"0xce65318","ptntInsrnceOptions":"0x25838a62","ptntInsrncMap":"0x23f541bc","ptntInsrncObj":"0x30bcff15","quoteObj":"0x53234f40","recordId":"00629000004NTeZ","rtAdjstmntOptions":"0x47d77728","showPILookup":false,"sObjectQueryStr":"","wrprObj":"0x2f3168da"}|0x2c4c4a32
07:14:33.0 (387140799)|VARIABLE_ASSIGNMENT|[EXTERNAL]|this|{"insrncBnft":"0x6a80bb6b","insrncBnftSelected":"","pawDetailListDisplay (4 more) ...":false,"pyAgrmntWrksht":"0x6394cbc8","relatedPAWDetailsLis (1 more) ...":"0x6a659ea7","targetEDR":0.00,"totalAppliedDeductib (2 more) ...":0.00,"totalCoInsurance":0.00,"totalCoPayAmt":0.00,"totalInsCoResp":0.00,"totalInsEIVAmt":0.00,"totalRowCount":0,"totalTalbottDay":0}|0x2f3168da
07:14:33.0 (387221583)|VARIABLE_ASSIGNMENT|[EXTERNAL]|this|{"estmtCvrgeDaysObj":"0x1e720f53","faciltyOptions":"0x38948d6b","fcltyPrgrmOptions":"0x5b38e58b","idToOwnershipFacilit (4 more) ...":"0x38f14509","idToTypeFacilityMap":"0x36f7cdd3","insrncBnftMap":"0x3ea6c785","insrncBnftOptions":"0x369c4dc7","isIop":false,"isTalbott":false,"meta":"0x4779f10","oppId":"00629000004NTeZ","pawObj":"0xce65318","ptntInsrnceOptions":"0x25838a62","ptntInsrncMap":"0x23f541bc","ptntInsrncObj":"0x30bcff15","quoteObj":"0x53234f40","recordId":"00629000004NTeZ","rtAdjstmntOptions":"0x47d77728","showPILookup":false,"sObjectQueryStr":"","wrprObj":"0x2f3168da"}|0x2c4c4a32
07:14:33.0 (387287484)|VARIABLE_ASSIGNMENT|[EXTERNAL]|this|{"insrncBnft":"0x6a80bb6b","insrncBnftSelected":"","pawDetailListDisplay (4 more) ...":false,"pyAgrmntWrksht":"0x6394cbc8","relatedPAWDetailsLis (1 more) ...":"0x6a659ea7","targetEDR":0.00,"totalAppliedDeductib (2 more) ...":0.00,"totalCoInsurance":0.00,"totalCoPayAmt":0.00,"totalInsCoResp":0.00,"totalInsEIVAmt":0.00,"totalRowCount":0,"totalTalbottDay":0}|0x2f3168da
07:14:33.0 (387320996)|STATEMENT_EXECUTE|[269]
07:14:33.0 (387323189)|STATEMENT_EXECUTE|[270]
07:14:33.0 (387409392)|VARIABLE_ASSIGNMENT|[EXTERNAL]|this|{"estmtCvrgeDaysObj":"0x1e720f53","faciltyOptions":"0x38948d6b","fcltyPrgrmOptions":"0x5b38e58b","idToOwnershipFacilit (4 more) ...":"0x38f14509","idToTypeFacilityMap":"0x36f7cdd3","insrncBnftMap":"0x3ea6c785","insrncBnftOptions":"0x369c4dc7","isIop":false,"isTalbott":false,"meta":"0x4779f10","oppId":"00629000004NTeZ","pawObj":"0xce65318","ptntInsrnceOptions":"0x25838a62","ptntInsrncMap":"0x23f541bc","ptntInsrncObj":"0x30bcff15","quoteObj":"0x53234f40","recordId":"00629000004NTeZ","rtAdjstmntOptions":"0x47d77728","showPILookup":false,"sObjectQueryStr":"","wrprObj":"0x2f3168da"}|0x2c4c4a32
07:14:33.0 (387484446)|VARIABLE_ASSIGNMENT|[EXTERNAL]|this|{"insrncBnft":"0x6a80bb6b","insrncBnftSelected":"","pawDetailListDisplay (4 more) ...":false,"pyAgrmntWrksht":"0x6394cbc8","relatedPAWDetailsLis (1 more) ...":"0x6a659ea7","targetEDR":0.00,"totalAppliedDeductib (2 more) ...":0.00,"totalCoInsurance":0.00,"totalCoPayAmt":0.00,"totalInsCoResp":0.00,"totalInsEIVAmt":0.00,"totalRowCount":0,"totalTalbottDay":0}|0x2f3168da
07:14:33.0 (387497832)|VARIABLE_ASSIGNMENT|[EXTERNAL]|value|null|
07:14:33.0 (387507587)|VARIABLE_ASSIGNMENT|[524]|this.insrncBnft|null|0x2f3168da
07:14:33.0 (387518252)|STATEMENT_EXECUTE|[272]
07:14:33.0 (389139803)|SYSTEM_MODE_ENTER|true
07:14:33.0 (389630593)|SYSTEM_MODE_ENTER|true
07:14:33.0 (389685296)|HEAP_ALLOCATE|[EXTERNAL]|Bytes:112
07:14:33.0 (389699823)|VARIABLE_SCOPE_BEGIN|[379]|this|PAW_New_EditCntrllr|true|false
07:14:33.0 (389781092)|VARIABLE_ASSIGNMENT|[379]|this|{"estmtCvrgeDaysObj":"0x1e720f53","faciltyOptions":"0x38948d6b","fcltyPrgrmOptions":"0x5b38e58b","idToOwnershipFacilit (4 more) ...":"0x38f14509","idToTypeFacilityMap":"0x36f7cdd3","insrncBnftMap":"0x3ea6c785","insrncBnftOptions":"0x369c4dc7","isIop":false,"isTalbott":false,"meta":"0x4779f10","oppId":"00629000004NTeZ","pawObj":"0xce65318","ptntInsrnceOptions":"0x25838a62","ptntInsrncMap":"0x23f541bc","ptntInsrncObj":"0x30bcff15","quoteObj":"0x53234f40","recordId":"00629000004NTeZ","rtAdjstmntOptions":"0x47d77728","showPILookup":false,"sObjectQueryStr":"","wrprObj":"0x2f3168da"}|0x2c4c4a32
07:14:33.0 (389800541)|STATEMENT_EXECUTE|[379]
07:14:33.0 (389802497)|STATEMENT_EXECUTE|[380]
07:14:33.0 (389814751)|HEAP_ALLOCATE|[380]|Bytes:4
07:14:33.0 (389880032)|HEAP_ALLOCATE|[EXTERNAL]|Bytes:4
07:14:33.0 (389895004)|VARIABLE_ASSIGNMENT|[380]|this.rtAdjstmntOptions|[]|0x2c4c4a32
07:14:33.0 (389900780)|STATEMENT_EXECUTE|[381]
07:14:33.0 (389909871)|HEAP_ALLOCATE|[381]|Bytes:8
07:14:33.0 (389967676)|HEAP_ALLOCATE|[EXTERNAL]|Bytes:4
07:14:33.0 (390061158)|VARIABLE_ASSIGNMENT|[EXTERNAL]|this|{"estmtCvrgeDaysObj":"0x1e720f53","faciltyOptions":"0x38948d6b","fcltyPrgrmOptions":"0x5b38e58b","idToOwnershipFacilit (4 more) ...":"0x38f14509","idToTypeFacilityMap":"0x36f7cdd3","insrncBnftMap":"0x3ea6c785","insrncBnftOptions":"0x369c4dc7","isIop":false,"isTalbott":false,"meta":"0x4779f10","oppId":"00629000004NTeZ","pawObj":"0xce65318","ptntInsrnceOptions":"0x25838a62","ptntInsrncMap":"0x23f541bc","ptntInsrncObj":"0x30bcff15","quoteObj":"0x53234f40","recordId":"00629000004NTeZ","rtAdjstmntOptions":"0x35f15d58","showPILookup":false,"sObjectQueryStr":"","wrprObj":"0x2f3168da"}|0x2c4c4a32
07:14:33.0 (390146122)|VARIABLE_ASSIGNMENT|[EXTERNAL]|this|{"insrncBnftSelected":"","pawDetailListDisplay (4 more) ...":false,"pyAgrmntWrksht":"0x6394cbc8","relatedPAWDetailsLis (1 more) ...":"0x6a659ea7","targetEDR":0.00,"totalAppliedDeductib (2 more) ...":0.00,"totalCoInsurance":0.00,"totalCoPayAmt":0.00,"totalInsCoResp":0.00,"totalInsEIVAmt":0.00,"totalRowCount":0,"totalTalbottDay":0}|0x2f3168da
07:14:33.0 (390167727)|STATEMENT_EXECUTE|[382]
07:14:33.0 (390169689)|STATEMENT_EXECUTE|[400]
07:14:33.0 (390590583)|SYSTEM_MODE_ENTER|true
07:14:33.0 (400996227)|VF_SERIALIZE_VIEWSTATE_BEGIN|0660a0000009uTC
07:14:33.0 (409051363)|VF_SERIALIZE_VIEWSTATE_END
07:14:33.419 (419328142)|CUMULATIVE_LIMIT_USAGE
07:14:33.419 (419328142)|LIMIT_USAGE_FOR_NS|(default)|
  Number of SOQL queries: 2 out of 100
  Number of query rows: 6 out of 50000
  Number of SOSL queries: 0 out of 20
  Number of DML statements: 0 out of 150
  Number of DML rows: 0 out of 10000
  Maximum CPU time: 0 out of 10000
  Maximum heap size: 0 out of 6000000
  Number of callouts: 0 out of 100
  Number of Email Invocations: 0 out of 10
  Number of future calls: 0 out of 50
  Number of queueable jobs added to the queue: 0 out of 50
  Number of Mobile Apex push calls: 0 out of 10

07:14:33.419 (419328142)|CUMULATIVE_LIMIT_USAGE_END

07:14:33.0 (419393219)|CODE_UNIT_FINISHED|VF: /apex/PAW_New_Edit
07:14:33.0 (420268719)|EXECUTION_FINISHED
