37.0 APEX_CODE,FINEST;APEX_PROFILING,INFO;CALLOUT,INFO;DB,INFO;SYSTEM,DEBUG;VALIDATION,INFO;VISUALFORCE,INFO;WAVE,INFO;WORKFLOW,FINER
08:23:17.0 (273802)|USER_INFO|[EXTERNAL]|00529000000zYiy|bhakti.gujrathi@eternussolutions.com.frnstgng|Central Standard Time|GMT-06:00
08:23:17.0 (314765)|EXECUTION_STARTED
08:23:17.0 (318616)|CODE_UNIT_STARTED|[EXTERNAL]|0660a0000009uTC|VF: /apex/PAW_New_Edit
08:23:17.0 (736568)|VF_DESERIALIZE_VIEWSTATE_BEGIN|0660a0000009uTC
08:23:17.0 (8519905)|HEAP_ALLOCATE|[72]|Bytes:3
08:23:17.0 (8559598)|HEAP_ALLOCATE|[77]|Bytes:152
08:23:17.0 (8571498)|HEAP_ALLOCATE|[342]|Bytes:408
08:23:17.0 (8582294)|HEAP_ALLOCATE|[355]|Bytes:408
08:23:17.0 (8592735)|HEAP_ALLOCATE|[467]|Bytes:48
08:23:17.0 (8617985)|HEAP_ALLOCATE|[139]|Bytes:6
08:23:17.0 (8643113)|HEAP_ALLOCATE|[50]|Bytes:5
08:23:17.0 (8661686)|HEAP_ALLOCATE|[56]|Bytes:5
08:23:17.0 (8669191)|HEAP_ALLOCATE|[64]|Bytes:7
08:23:17.0 (13957699)|VARIABLE_SCOPE_BEGIN|[35]|PAW_New_EditCntrllr.globalSchemaMap|Map<String,Schema.SObjectType>|true|true
08:23:17.0 (13980265)|VARIABLE_SCOPE_BEGIN|[3]|PAW_New_EditCntrllr.yearEndMode|Boolean|false|true
08:23:17.0 (19349495)|VF_DESERIALIZE_VIEWSTATE_END
08:23:17.21 (21088350)|SYSTEM_MODE_ENTER|true
08:23:17.21 (21169934)|HEAP_ALLOCATE|[EXTERNAL]|Bytes:38
08:23:17.21 (21183367)|HEAP_ALLOCATE|[EXTERNAL]|Bytes:7
08:23:17.21 (21194993)|SYSTEM_METHOD_ENTRY|[1]|PageMessagesComponentController.PageMessagesComponentController()
08:23:17.21 (21202895)|STATEMENT_EXECUTE|[1]
08:23:17.21 (21978929)|SYSTEM_MODE_ENTER|true
08:23:17.21 (22027788)|HEAP_ALLOCATE|[EXTERNAL]|Bytes:8
08:23:17.21 (22035531)|VARIABLE_SCOPE_BEGIN|[88]|this|ApexPage.PageMessagesComponentController|true|false
08:23:17.21 (22073919)|VARIABLE_ASSIGNMENT|[88]|this|{}|0x6af6918f
08:23:17.21 (22080491)|VARIABLE_SCOPE_BEGIN|[88]|escape|Boolean|false|false
08:23:17.21 (22088233)|VARIABLE_ASSIGNMENT|[88]|escape|null
08:23:17.0 (22335489)|SYSTEM_MODE_ENTER|true
08:23:17.0 (22366073)|HEAP_ALLOCATE|[EXTERNAL]|Bytes:11
08:23:17.0 (22376702)|HEAP_ALLOCATE|[EXTERNAL]|Bytes:304
08:23:17.0 (22381350)|HEAP_ALLOCATE|[EXTERNAL]|Bytes:98
08:23:17.0 (22384749)|HEAP_ALLOCATE|[EXTERNAL]|Bytes:14
08:23:17.0 (22393885)|METHOD_ENTRY|[1]|01p0a000004sKzV|PAW_New_EditCntrllr.PAW_New_EditCntrllr()
08:23:17.0 (22401034)|STATEMENT_EXECUTE|[1]
08:23:17.0 (22405887)|STATEMENT_EXECUTE|[1]
08:23:17.0 (22407427)|STATEMENT_EXECUTE|[3]
08:23:17.0 (23713675)|VARIABLE_SCOPE_BEGIN|[3]|PAW_YearEnd_Config.setting|Year_End_PAW_Settings__c|true|true
08:23:17.0 (23730011)|HEAP_ALLOCATE|[3]|Bytes:1
08:23:17.0 (23737480)|HEAP_ALLOCATE|[3]|Bytes:1
08:23:17.0 (23747523)|METHOD_ENTRY|[1]|01p29000000Aswf|PAW_YearEnd_Config.PAW_YearEnd_Config()
08:23:17.0 (23752040)|STATEMENT_EXECUTE|[1]
08:23:17.0 (23754945)|STATEMENT_EXECUTE|[1]
08:23:17.0 (23768608)|SYSTEM_MODE_ENTER|false
08:23:17.0 (23775768)|HEAP_ALLOCATE|[3]|Bytes:5
08:23:17.0 (23781731)|SYSTEM_MODE_EXIT|false
08:23:17.0 (23788460)|METHOD_EXIT|[1]|PAW_YearEnd_Config
08:23:17.0 (23801865)|METHOD_ENTRY|[3]|01p29000000Aswf|PAW_YearEnd_Config.fetch()
08:23:17.0 (23831234)|SYSTEM_MODE_ENTER|false
08:23:17.0 (23835941)|HEAP_ALLOCATE|[6]|Bytes:5
08:23:17.0 (23839974)|STATEMENT_EXECUTE|[5]
08:23:17.0 (23843113)|STATEMENT_EXECUTE|[7]
08:23:17.0 (25006317)|HEAP_ALLOCATE|[7]|Bytes:20
08:23:17.0 (25056458)|VARIABLE_ASSIGNMENT|[7]|PAW_YearEnd_Config.setting|{"IsDeleted":false,"Name":"Year End PAW Setting (11 more) ...","SetupOwnerId":"00529000000zYiyAAE","Year_End_Mode_Enable (4 more) ...":false}|0x48b714fd
08:23:17.0 (25069628)|STATEMENT_EXECUTE|[9]
08:23:17.0 (25073944)|HEAP_ALLOCATE|[9]|Bytes:14
08:23:17.0 (25238559)|HEAP_ALLOCATE|[9]|Bytes:145
08:23:17.0 (25268795)|HEAP_ALLOCATE|[9]|Bytes:159
08:23:17.0 (25294094)|USER_DEBUG|[9]|DEBUG|>>> setting : Year_End_PAW_Settings__c:{IsDeleted=false, Name=Year End PAW Settings (Profile), SetupOwnerId=00529000000zYiyAAE, Year_End_Mode_Enabled__c=false}
08:23:17.0 (25302788)|STATEMENT_EXECUTE|[10]
08:23:17.0 (25308163)|SYSTEM_MODE_EXIT|false
08:23:17.0 (25315447)|METHOD_EXIT|[3]|01p29000000Aswf|PAW_YearEnd_Config.fetch()
08:23:17.0 (25350751)|VARIABLE_ASSIGNMENT|[3]|PAW_New_EditCntrllr.yearEndMode|false
08:23:17.0 (25355236)|STATEMENT_EXECUTE|[523]
08:23:17.0 (25359904)|METHOD_EXIT|[1]|PAW_New_EditCntrllr
08:23:17.0 (26683030)|SYSTEM_MODE_ENTER|true
08:23:17.0 (28278564)|SYSTEM_MODE_ENTER|true
08:23:17.0 (28334641)|HEAP_ALLOCATE|[EXTERNAL]|Bytes:476
08:23:17.0 (28344781)|HEAP_ALLOCATE|[EXTERNAL]|Bytes:71
08:23:17.0 (34971303)|SYSTEM_MODE_ENTER|true
08:23:17.0 (35058619)|SYSTEM_MODE_ENTER|true
08:23:17.0 (41312760)|SYSTEM_MODE_ENTER|true
08:23:17.0 (41562915)|HEAP_ALLOCATE|[EXTERNAL]|Bytes:112
08:23:17.0 (41576796)|VARIABLE_SCOPE_BEGIN|[215]|this|PAW_New_EditCntrllr|true|false
08:23:17.0 (41706728)|VARIABLE_ASSIGNMENT|[215]|this|{"cmpnyRateAdjstmntMap":"0x5433aaea","estmtCnrgDaysMap":"0x73b0b843","estmtCvrgeDaysObj":"0x6fdf910a","faciltyOptions":"0x720ab5ce","fcltyPrgmMap":"0x3b27359f","fcltyPrgrmOptions":"0x4d23f018","idToOwnershipFacilit (4 more) ...":"0x5e677f77","idToTypeFacilityMap":"0x796405b0","insrncBnftMap":"0x7b6d4cce","insrncBnftOptions":"0x291cc08b","isIop":false,"isTalbott":false,"meta":"0x4c659e18","oppId":"00629000003FJ4b","pawObj":"0x15754ba1","ptntInsrnceOptions":"0x4ef6efd","ptntInsrncMap":"0x4b38ee73","ptntInsrncObj":"0x21d18228","quoteObj":"0x2b4d3c52","recordId":"00629000003FJ4b","rtAdjstmntOptions":"0x145a52d9","showPILookup":false,"sObjectQueryStr":"","wrprObj":"0x565a2fc4"}|0x3051a7c7
08:23:17.0 (41731599)|STATEMENT_EXECUTE|[215]
08:23:17.0 (41733402)|STATEMENT_EXECUTE|[216]
08:23:17.0 (41784167)|STATEMENT_EXECUTE|[217]
08:23:17.0 (41798768)|HEAP_ALLOCATE|[217]|Bytes:12
08:23:17.0 (41849585)|HEAP_ALLOCATE|[EXTERNAL]|Bytes:4
08:23:17.0 (41927026)|VARIABLE_ASSIGNMENT|[EXTERNAL]|this|{"cmpnyRateAdjstmntMap":"0x5433aaea","estmtCnrgDaysMap":"0x73b0b843","estmtCvrgeDaysObj":"0x6fdf910a","faciltyOptions":"0x720ab5ce","fcltyPrgmMap":"0x3b27359f","fcltyPrgrmOptions":"0x4d23f018","idToOwnershipFacilit (4 more) ...":"0x5e677f77","idToTypeFacilityMap":"0x796405b0","insrncBnftMap":"0x7b6d4cce","insrncBnftOptions":"0x291cc08b","isIop":false,"isTalbott":false,"meta":"0x4c659e18","oppId":"00629000003FJ4b","pawObj":"0x15754ba1","ptntInsrnceOptions":"0x4ef6efd","ptntInsrncMap":"0x4b38ee73","ptntInsrncObj":"0x21d18228","quoteObj":"0x2b4d3c52","recordId":"00629000003FJ4b","rtAdjstmntOptions":"0x145a52d9","showPILookup":false,"sObjectQueryStr":"","wrprObj":"0x565a2fc4"}|0x3051a7c7
08:23:17.0 (41947773)|STATEMENT_EXECUTE|[218]
08:23:17.0 (41949113)|STATEMENT_EXECUTE|[219]
08:23:17.0 (41979413)|HEAP_ALLOCATE|[219]|Bytes:4
08:23:17.0 (41985284)|HEAP_ALLOCATE|[219]|Bytes:1083
08:23:17.0 (41996149)|HEAP_ALLOCATE|[219]|Bytes:4
08:23:17.0 (42007847)|HEAP_ALLOCATE|[219]|Bytes:7
08:23:17.0 (42068922)|VARIABLE_ASSIGNMENT|[EXTERNAL]|this|{"cmpnyRateAdjstmntMap":"0x5433aaea","estmtCnrgDaysMap":"0x73b0b843","estmtCvrgeDaysObj":"0x6fdf910a","faciltyOptions":"0x720ab5ce","fcltyPrgmMap":"0x3b27359f","fcltyPrgrmOptions":"0x4d23f018","idToOwnershipFacilit (4 more) ...":"0x5e677f77","idToTypeFacilityMap":"0x796405b0","insrncBnftMap":"0x7b6d4cce","insrncBnftOptions":"0x291cc08b","isIop":false,"isTalbott":false,"meta":"0x4c659e18","oppId":"00629000003FJ4b","pawObj":"0x15754ba1","ptntInsrnceOptions":"0x4ef6efd","ptntInsrncMap":"0x4b38ee73","ptntInsrncObj":"0x21d18228","quoteObj":"0x2b4d3c52","recordId":"00629000003FJ4b","rtAdjstmntOptions":"0x145a52d9","showPILookup":false,"sObjectQueryStr":"","wrprObj":"0x565a2fc4"}|0x3051a7c7
08:23:17.0 (45291907)|SOQL_EXECUTE_BEGIN|[219]|Aggregations:0|SELECT Id, Name, RecordType.Name, Uncovered_Charges__c, Patient_Insurance__r.Accepts_Assignment_of_Benefits__c, Patient_Insurance__r.Opportunity__c, Patient_Insurance__r.Accreditation__c, Patient_Insurance__r.Insurance_Company__r.Name, PHP_Admit_Co_Payment__c, Detox_Admit_Co_Payment__c, RTC_Admit_Co_Payment__c, Deductible__c, Deductible_Met__c, IOP_Admit_Co_Payment__c, Max_Out_of_Pocket_Remaining__c, Insurance_Company_is_Out_of_Network__c, Annual_Max_Remaining__c, Deductible_Remaining__c, Detox_Pays_at__c, Detox_Over__c, RTC_Pays_at__c, Residential_Treatment_Override__c, PHP_Pays_at__c, Partial_Hospitalization_Override__c, IOP_Pays_at__c, Intensive_Outpatient_Override__c, Num_Days_Uncovered__c, Num_Days_Room__c, Uncovered_Days_Rate__c, Room_and_Board_Days_Rate__c, Uncovered_Days_Override__c, Room_and_Board_Days_Override__c, Deductible_Included_in_OOP__c, Uncovered_Days__c, Lifetime_Max__c, Lifetime_Max_Met__c, Annual_Max__c, Annual_Max_Met__c, Max_Out_of_Pocket__c, Max_Out_of_Pocket_Met__c, Co_Pay_Met__c FROM Insurance_Benefit__c WHERE Patient_Insurance__c = :tmpVar1
08:23:17.0 (59290597)|SOQL_EXECUTE_END|[219]|Rows:5
08:23:17.0 (59323506)|HEAP_ALLOCATE|[219]|Bytes:24
08:23:17.0 (59392722)|HEAP_ALLOCATE|[219]|Bytes:5579
08:23:17.0 (59478689)|HEAP_ALLOCATE|[219]|Bytes:24
08:23:17.0 (59533301)|HEAP_ALLOCATE|[219]|Bytes:112
08:23:17.0 (59546412)|HEAP_ALLOCATE|[219]|Bytes:4
08:23:17.0 (59551697)|HEAP_ALLOCATE|[219]|Bytes:112
08:23:17.0 (59556320)|HEAP_ALLOCATE|[219]|Bytes:4
08:23:17.0 (59559629)|HEAP_ALLOCATE|[219]|Bytes:72
08:23:17.0 (59563774)|HEAP_ALLOCATE|[219]|Bytes:4
08:23:17.0 (59566399)|HEAP_ALLOCATE|[219]|Bytes:72
08:23:17.0 (59570938)|HEAP_ALLOCATE|[219]|Bytes:4
08:23:17.0 (59574117)|HEAP_ALLOCATE|[219]|Bytes:72
08:23:17.0 (59577707)|HEAP_ALLOCATE|[219]|Bytes:4
08:23:17.0 (59750788)|VARIABLE_ASSIGNMENT|[219]|this.insrncBnftMap|{"a1H29000000jvcPEAQ":{"Id":"a1H29000000jvcPEAQ","Name":"Insurance Benefit 75 (2 more) ...","RecordTypeId":"012j00000015GS7AAM","Patient_Insurance__c":"a1b29000000d1kgAAA","PHP_Admit_Co_Payment (3 more) ...":0.00,"Deductible__c":6000.00,"Deductible_Met__c":0.00,"Max_Out_of_Pocket_Re (10 more) ...":16000.00,"Insurance_Company_is (18 more) ...":false,"Annual_Max_Remaining (3 more) ...":1000000,"Deductible_Remaining (3 more) ...":6000.00,"Detox_Pays_at__c":50.00,"RTC_Pays_at__c":50.00,"PHP_Pays_at__c":50.00,"IOP_Pays_at__c":50.00,"Uncovered_Days_Rate_ (2 more) ...":1020.00,"Room_and_Board_Days_ (7 more) ...":2000.00,"Deductible_Included_ (9 more) ...":"Yes","Uncovered_Days__c":10,"Lifetime_Max__c":1000000.00,"Lifetime_Max_Met__c":0.00,"Annual_Max__c":1000000.00,"Annual_Max_Met__c":0.00,"Max_Out_of_Pocket__c":16000.00,"Max_Out_of_Pocket_Me (4 more) ...":0.00,"RecordType":{"Name":"Out of Network","Id":"012j00000015GS7AAM"},"Patient_Insurance__r":{"Opportunity__c":"00629000003FJ4bAAG","Accreditation__c":"State","Insurance_Company__c":"0012900000AXSNIAA5","Id":"a1b29000000d1kgAAA","Insurance_Company__r":{"Name":"4 Your Choice","Id":"0012900000AXSNIAA5","RecordTypeId":"012j00000015GRqAAM"}}},"a1H29000000pIg3EAE":{"Id":"a1H29000000pIg3EAE","Name":"Insurance Benefit 75 (2 more) ...","RecordTypeId":"012j00000015GS7AAM","Patient_Insurance__c":"a1b29000000d1kgAAA","PHP_Admit_Co_Payment (3 more) ...":0.00,"Deductible__c":6000.00,"Deductible_Met__c":0.00,"Max_Out_of_Pocket_Re (10 more) ...":16000.00,"Insurance_Company_is (18 more) ...":false,"Annual_Max_Remaining (3 more) ...":1000000,"Deductible_Remaining (3 more) ...":6000.00,"Detox_Pays_at__c":50.00,"RTC_Pays_at__c":50.00,"PHP_Pays_at__c":50.00,"IOP_Pays_at__c":50.00,"Uncovered_Days_Rate_ (2 more) ...":1020.00,"Room_and_Board_Days_ (7 more) ...":2000.00,"Deductible_Included_ (9 more) ...":"Yes","Uncovered_Days__c":10,"Lifetime_Max__c":1000000.00,"Lifetime_Max_Met__c":0.00,"Annual_Max__c":1000000.00,"Annual_Max_Met__c":0.00,"Max_Out_of_Pocket__c":16000.00,"Max_Out_of_Pocket_Me (4 more) ...":0.00,"RecordType":{"Name":"Out of Network","Id":"012j00000015GS7AAM"},"Patient_Insurance__r":{"Opportunity__c":"00629000003FJ4bAAG","Accreditation__c":"State","Insurance_Company__c":"0012900000AXSNIAA5","Id":"a1b29000000d1kgAAA","Insurance_Company__r":{"Name":"4 Your Choice","Id":"0012900000AXSNIAA5","RecordTypeId":"012j00000015GRqAAM"}}},"a1H29000000uZbiEAE":{"Id":"a1H29000000uZbiEAE","Name":"Insurance Benefit 75 (2 more) ...","RecordTypeId":"012j00000015GS6AAM","Patient_Insurance__c":"a1b29000000d1kgAAA","PHP_Admit_Co_Payment (3 more) ...":0.00,"Max_Out_of_Pocket_Re (10 more) ...":0.00,"Insurance_Company_is (18 more) ...":false,"Annual_Max_Remaining (3 more) ...":1000000,"Deductible_Remaining (3 more) ...":0.00,"Uncovered_Days_Rate_ (2 more) ...":630.00,"Room_and_Board_Days_ (7 more) ...":2000.00,"Lifetime_Max__c":1000000.00,"Lifetime_Max_Met__c":0.00,"Annual_Max__c":1000000.00,"Annual_Max_Met__c":0.00,"RecordType":{"Name":"In Network","Id":"012j00000015GS6AAM"},"Patient_Insurance__r":{"Opportunity__c":"00629000003FJ4bAAG","Accreditation__c":"State","Insurance_Company__c":"0012900000AXSNIAA5","Id":"a1b29000000d1kgAAA","Insurance_Company__r":{"Name":"4 Your Choice","Id":"0012900000AXSNIAA5","RecordTypeId":"012j00000015GRqAAM"}}},"a1H29000000uZbnEAE":{"Id":"a1H29000000uZbnEAE","Name":"Insurance Benefit 75 (2 more) ...","RecordTypeId":"012j00000015GS6AAM","Patient_Insurance__c":"a1b29000000d1kgAAA","PHP_Admit_Co_Payment (3 more) ...":0.00,"Max_Out_of_Pocket_Re (10 more) ...":0.00,"Insurance_Company_is (18 more) ...":false,"Annual_Max_Remaining (3 more) ...":1000000,"Deductible_Remaining (3 more) ...":0.00,"Uncovered_Days_Rate_ (2 more) ...":630.00,"Room_and_Board_Days_ (7 more) ...":2000.00,"Lifetime_Max__c":1000000.00,"Lifetime_Max_Met__c":0.00,"Annual_Max__c":1000000.00,"Annual_Max_Met__c":0.00,"RecordType":{"Name":"In Network","Id":"012j00000015GS6AAM"},"Patient_Insurance__r":{"Opportunity__c":"00629000003FJ4bAAG","Accreditation__c":"State","Insurance_Company__c":"0012900000AXSNIAA5","Id":"a1b29000000d1kgAAA","Insurance_Company__r":{"Name":"4 Your Choice","Id":"0012900000AXSNIAA5","RecordTypeId":"012j00000015GRqAAM"}}},"a1H29000000uZdPEAU":{"Id":"a1H29000000uZdPEAU","Name":"Insurance Benefit 75 (2 more) ...","RecordTypeId":"012j00000015GS6AAM","Patient_Insurance__c":"a1b29000000d1kgAAA","PHP_Admit_Co_Payment (3 more) ...":0.00,"Max_Out_of_Pocket_Re (10 more) ...":0.00,"Insurance_Company_is (18 more) ...":false,"Annual_Max_Remaining (3 more) ...":1000000,"Deductible_Remaining (3 more) ...":0.00,"Uncovered_Days_Rate_ (2 more) ...":630.00,"Room_and_Board_Days_ (7 more) ...":2000.00,"Lifetime_Max__c":1000000.00,"Lifetime_Max_Met__c":0.00,"Annual_Max__c":1000000.00,"Annual_Max_Met__c":0.00,"RecordType":{"Name":"In Network","Id":"012j00000015GS6AAM"},"Patient_Insurance__r":{"Opportunity__c":"00629000003FJ4bAAG","Accreditation__c":"State","Insurance_Company__c":"0012900000AXSNIAA5","Id":"a1b29000000d1kgAAA","Insurance_Company__r":{"Name":"4 Your Choice","Id":"0012900000AXSNIAA5","RecordTypeId":"012j00000015GRqAAM"}}}}|0x3051a7c7
08:23:17.0 (59899560)|HEAP_ALLOCATE|[EXTERNAL]|Bytes:24
08:23:17.0 (59940438)|HEAP_ALLOCATE|[263]|Bytes:5598
08:23:17.0 (60086547)|HEAP_ALLOCATE|[263]|Bytes:5
08:23:17.0 (60104274)|HEAP_ALLOCATE|[263]|Bytes:112
08:23:17.0 (60113993)|VARIABLE_SCOPE_BEGIN|[263]|insrncBnftInstance|Insurance_Benefit__c|true|false
08:23:17.0 (60151305)|VARIABLE_ASSIGNMENT|[263]|insrncBnftInstance|{"Id":"a1H29000000jvcPEAQ","Name":"Insurance Benefit 75 (2 more) ...","RecordTypeId":"012j00000015GS7AAM","Patient_Insurance__c":"a1b29000000d1kgAAA","PHP_Admit_Co_Payment (3 more) ...":0.00,"Deductible__c":6000.00,"Deductible_Met__c":0.00,"Max_Out_of_Pocket_Re (10 more) ...":16000.00,"Insurance_Company_is (18 more) ...":false,"Annual_Max_Remaining (3 more) ...":1000000,"Deductible_Remaining (3 more) ...":6000.00,"Detox_Pays_at__c":50.00,"RTC_Pays_at__c":50.00,"PHP_Pays_at__c":50.00,"IOP_Pays_at__c":50.00,"Uncovered_Days_Rate_ (2 more) ...":1020.00,"Room_and_Board_Days_ (7 more) ...":2000.00,"Deductible_Included_ (9 more) ...":"Yes","Uncovered_Days__c":10,"Lifetime_Max__c":1000000.00,"Lifetime_Max_Met__c":0.00,"Annual_Max__c":1000000.00,"Annual_Max_Met__c":0.00,"Max_Out_of_Pocket__c":16000.00,"Max_Out_of_Pocket_Me (4 more) ...":0.00,"RecordType":{"Name":"Out of Network","Id":"012j00000015GS7AAM"},"Patient_Insurance__r":{"Opportunity__c":"00629000003FJ4bAAG","Accreditation__c":"State","Insurance_Company__c":"0012900000AXSNIAA5","Id":"a1b29000000d1kgAAA","Insurance_Company__r":{"Name":"4 Your Choice","Id":"0012900000AXSNIAA5","RecordTypeId":"012j00000015GRqAAM"}}}|0x6361170b
08:23:17.0 (60172426)|STATEMENT_EXECUTE|[263]
08:23:17.0 (60174519)|STATEMENT_EXECUTE|[264]
08:23:17.0 (60223586)|HEAP_ALLOCATE|[264]|Bytes:18
08:23:17.0 (60277129)|HEAP_ALLOCATE|[264]|Bytes:3
08:23:17.0 (60296688)|HEAP_ALLOCATE|[264]|Bytes:39
08:23:17.0 (60364777)|HEAP_ALLOCATE|[EXTERNAL]|Bytes:4
08:23:17.0 (60379107)|HEAP_ALLOCATE|[263]|Bytes:5
08:23:17.0 (60388165)|HEAP_ALLOCATE|[263]|Bytes:112
08:23:17.0 (60393670)|VARIABLE_SCOPE_BEGIN|[263]|insrncBnftInstance|Insurance_Benefit__c|true|false
08:23:17.0 (60426906)|VARIABLE_ASSIGNMENT|[263]|insrncBnftInstance|{"Id":"a1H29000000pIg3EAE","Name":"Insurance Benefit 75 (2 more) ...","RecordTypeId":"012j00000015GS7AAM","Patient_Insurance__c":"a1b29000000d1kgAAA","PHP_Admit_Co_Payment (3 more) ...":0.00,"Deductible__c":6000.00,"Deductible_Met__c":0.00,"Max_Out_of_Pocket_Re (10 more) ...":16000.00,"Insurance_Company_is (18 more) ...":false,"Annual_Max_Remaining (3 more) ...":1000000,"Deductible_Remaining (3 more) ...":6000.00,"Detox_Pays_at__c":50.00,"RTC_Pays_at__c":50.00,"PHP_Pays_at__c":50.00,"IOP_Pays_at__c":50.00,"Uncovered_Days_Rate_ (2 more) ...":1020.00,"Room_and_Board_Days_ (7 more) ...":2000.00,"Deductible_Included_ (9 more) ...":"Yes","Uncovered_Days__c":10,"Lifetime_Max__c":1000000.00,"Lifetime_Max_Met__c":0.00,"Annual_Max__c":1000000.00,"Annual_Max_Met__c":0.00,"Max_Out_of_Pocket__c":16000.00,"Max_Out_of_Pocket_Me (4 more) ...":0.00,"RecordType":{"Name":"Out of Network","Id":"012j00000015GS7AAM"},"Patient_Insurance__r":{"Opportunity__c":"00629000003FJ4bAAG","Accreditation__c":"State","Insurance_Company__c":"0012900000AXSNIAA5","Id":"a1b29000000d1kgAAA","Insurance_Company__r":{"Name":"4 Your Choice","Id":"0012900000AXSNIAA5","RecordTypeId":"012j00000015GRqAAM"}}}|0x79afa753
08:23:17.0 (60445716)|STATEMENT_EXECUTE|[263]
08:23:17.0 (60446966)|STATEMENT_EXECUTE|[264]
08:23:17.0 (60457852)|HEAP_ALLOCATE|[264]|Bytes:18
08:23:17.0 (60468950)|HEAP_ALLOCATE|[264]|Bytes:39
08:23:17.0 (60478883)|HEAP_ALLOCATE|[EXTERNAL]|Bytes:4
08:23:17.0 (60487658)|HEAP_ALLOCATE|[263]|Bytes:5
08:23:17.0 (60494562)|HEAP_ALLOCATE|[263]|Bytes:72
08:23:17.0 (60499125)|VARIABLE_SCOPE_BEGIN|[263]|insrncBnftInstance|Insurance_Benefit__c|true|false
08:23:17.0 (60534307)|VARIABLE_ASSIGNMENT|[263]|insrncBnftInstance|{"Id":"a1H29000000uZbiEAE","Name":"Insurance Benefit 75 (2 more) ...","RecordTypeId":"012j00000015GS6AAM","Patient_Insurance__c":"a1b29000000d1kgAAA","PHP_Admit_Co_Payment (3 more) ...":0.00,"Max_Out_of_Pocket_Re (10 more) ...":0.00,"Insurance_Company_is (18 more) ...":false,"Annual_Max_Remaining (3 more) ...":1000000,"Deductible_Remaining (3 more) ...":0.00,"Uncovered_Days_Rate_ (2 more) ...":630.00,"Room_and_Board_Days_ (7 more) ...":2000.00,"Lifetime_Max__c":1000000.00,"Lifetime_Max_Met__c":0.00,"Annual_Max__c":1000000.00,"Annual_Max_Met__c":0.00,"RecordType":{"Name":"In Network","Id":"012j00000015GS6AAM"},"Patient_Insurance__r":{"Opportunity__c":"00629000003FJ4bAAG","Accreditation__c":"State","Insurance_Company__c":"0012900000AXSNIAA5","Id":"a1b29000000d1kgAAA","Insurance_Company__r":{"Name":"4 Your Choice","Id":"0012900000AXSNIAA5","RecordTypeId":"012j00000015GRqAAM"}}}|0x6ff232d7
08:23:17.0 (60553956)|STATEMENT_EXECUTE|[263]
08:23:17.0 (60555293)|STATEMENT_EXECUTE|[264]
08:23:17.0 (60564545)|HEAP_ALLOCATE|[264]|Bytes:18
08:23:17.0 (60585997)|HEAP_ALLOCATE|[264]|Bytes:35
08:23:17.0 (60601071)|HEAP_ALLOCATE|[EXTERNAL]|Bytes:4
08:23:17.0 (60615136)|HEAP_ALLOCATE|[263]|Bytes:5
08:23:17.0 (60625576)|HEAP_ALLOCATE|[263]|Bytes:72
08:23:17.0 (60633430)|VARIABLE_SCOPE_BEGIN|[263]|insrncBnftInstance|Insurance_Benefit__c|true|false
08:23:17.0 (60665451)|VARIABLE_ASSIGNMENT|[263]|insrncBnftInstance|{"Id":"a1H29000000uZbnEAE","Name":"Insurance Benefit 75 (2 more) ...","RecordTypeId":"012j00000015GS6AAM","Patient_Insurance__c":"a1b29000000d1kgAAA","PHP_Admit_Co_Payment (3 more) ...":0.00,"Max_Out_of_Pocket_Re (10 more) ...":0.00,"Insurance_Company_is (18 more) ...":false,"Annual_Max_Remaining (3 more) ...":1000000,"Deductible_Remaining (3 more) ...":0.00,"Uncovered_Days_Rate_ (2 more) ...":630.00,"Room_and_Board_Days_ (7 more) ...":2000.00,"Lifetime_Max__c":1000000.00,"Lifetime_Max_Met__c":0.00,"Annual_Max__c":1000000.00,"Annual_Max_Met__c":0.00,"RecordType":{"Name":"In Network","Id":"012j00000015GS6AAM"},"Patient_Insurance__r":{"Opportunity__c":"00629000003FJ4bAAG","Accreditation__c":"State","Insurance_Company__c":"0012900000AXSNIAA5","Id":"a1b29000000d1kgAAA","Insurance_Company__r":{"Name":"4 Your Choice","Id":"0012900000AXSNIAA5","RecordTypeId":"012j00000015GRqAAM"}}}|0x16832154
08:23:17.0 (60680454)|STATEMENT_EXECUTE|[263]
08:23:17.0 (60681807)|STATEMENT_EXECUTE|[264]
08:23:17.0 (60699718)|HEAP_ALLOCATE|[264]|Bytes:18
08:23:17.0 (60716052)|HEAP_ALLOCATE|[264]|Bytes:35
08:23:17.0 (60729550)|HEAP_ALLOCATE|[EXTERNAL]|Bytes:4
08:23:17.0 (60744028)|HEAP_ALLOCATE|[263]|Bytes:5
08:23:17.0 (60753815)|HEAP_ALLOCATE|[263]|Bytes:72
08:23:17.0 (60758760)|VARIABLE_SCOPE_BEGIN|[263]|insrncBnftInstance|Insurance_Benefit__c|true|false
08:23:17.0 (60787017)|VARIABLE_ASSIGNMENT|[263]|insrncBnftInstance|{"Id":"a1H29000000uZdPEAU","Name":"Insurance Benefit 75 (2 more) ...","RecordTypeId":"012j00000015GS6AAM","Patient_Insurance__c":"a1b29000000d1kgAAA","PHP_Admit_Co_Payment (3 more) ...":0.00,"Max_Out_of_Pocket_Re (10 more) ...":0.00,"Insurance_Company_is (18 more) ...":false,"Annual_Max_Remaining (3 more) ...":1000000,"Deductible_Remaining (3 more) ...":0.00,"Uncovered_Days_Rate_ (2 more) ...":630.00,"Room_and_Board_Days_ (7 more) ...":2000.00,"Lifetime_Max__c":1000000.00,"Lifetime_Max_Met__c":0.00,"Annual_Max__c":1000000.00,"Annual_Max_Met__c":0.00,"RecordType":{"Name":"In Network","Id":"012j00000015GS6AAM"},"Patient_Insurance__r":{"Opportunity__c":"00629000003FJ4bAAG","Accreditation__c":"State","Insurance_Company__c":"0012900000AXSNIAA5","Id":"a1b29000000d1kgAAA","Insurance_Company__r":{"Name":"4 Your Choice","Id":"0012900000AXSNIAA5","RecordTypeId":"012j00000015GRqAAM"}}}|0x7db1a5c0
08:23:17.0 (60811074)|STATEMENT_EXECUTE|[263]
08:23:17.0 (60812540)|STATEMENT_EXECUTE|[264]
08:23:17.0 (60821920)|HEAP_ALLOCATE|[264]|Bytes:18
08:23:17.0 (60832092)|HEAP_ALLOCATE|[264]|Bytes:35
08:23:17.0 (60840400)|HEAP_ALLOCATE|[EXTERNAL]|Bytes:4
08:23:17.0 (60849339)|HEAP_ALLOCATE|[263]|Bytes:5
08:23:17.0 (60857508)|VARIABLE_ASSIGNMENT|[263]|insrncBnftInstance|null|
08:23:17.0 (60973363)|VARIABLE_ASSIGNMENT|[EXTERNAL]|this|{"cmpnyRateAdjstmntMap":"0x5433aaea","estmtCnrgDaysMap":"0x73b0b843","estmtCvrgeDaysObj":"0x6fdf910a","faciltyOptions":"0x720ab5ce","fcltyPrgmMap":"0x3b27359f","fcltyPrgrmOptions":"0x4d23f018","idToOwnershipFacilit (4 more) ...":"0x5e677f77","idToTypeFacilityMap":"0x796405b0","insrncBnftMap":"0x348fcef5","insrncBnftOptions":"0x291cc08b","isIop":false,"isTalbott":false,"meta":"0x4c659e18","oppId":"00629000003FJ4b","pawObj":"0x15754ba1","ptntInsrnceOptions":"0x4ef6efd","ptntInsrncMap":"0x4b38ee73","ptntInsrncObj":"0x21d18228","quoteObj":"0x2b4d3c52","recordId":"00629000003FJ4b","rtAdjstmntOptions":"0x145a52d9","showPILookup":false,"sObjectQueryStr":"","wrprObj":"0x565a2fc4"}|0x3051a7c7
08:23:17.0 (61088990)|VARIABLE_ASSIGNMENT|[EXTERNAL]|this|{"dtxRate":1799.00,"facilitySelected":"001j000000NqKMtAAN","fcltyPrgrmSelected":"a1B290000003SEdEAM","insrncBnft":"0x626a48a","insrncBnftSelected":"a1H29000000jvcPEAQ","iopRate":770.00,"pawDetailListDisplay (4 more) ...":true,"phpRate":1161.00,"pyAgrmntWrksht":"0x5905bb5c","rateAdjstmntSelected":"a1I29000000HQ2MEAW","relatedPAWDetailsLis (1 more) ...":"0x2017b9d0","rtcRate":1541.00,"targetEDR":650.00,"totalAppliedDeductib (2 more) ...":6000.00,"totalCoInsurance":4730.00,"totalCoPayAmt":0.00,"totalInsCoResp":4588.08,"totalInsEIVAmt":4588.08,"totalRowCount":15,"totalTalbottDay":0}|0x565a2fc4
08:23:17.0 (61156626)|VARIABLE_ASSIGNMENT|[EXTERNAL]|this|{"cmpnyRateAdjstmntMap":"0x5433aaea","estmtCnrgDaysMap":"0x73b0b843","estmtCvrgeDaysObj":"0x6fdf910a","faciltyOptions":"0x720ab5ce","fcltyPrgmMap":"0x3b27359f","fcltyPrgrmOptions":"0x4d23f018","idToOwnershipFacilit (4 more) ...":"0x5e677f77","idToTypeFacilityMap":"0x796405b0","insrncBnftMap":"0x348fcef5","insrncBnftOptions":"0x291cc08b","isIop":false,"isTalbott":false,"meta":"0x4c659e18","oppId":"00629000003FJ4b","pawObj":"0x15754ba1","ptntInsrnceOptions":"0x4ef6efd","ptntInsrncMap":"0x4b38ee73","ptntInsrncObj":"0x21d18228","quoteObj":"0x2b4d3c52","recordId":"00629000003FJ4b","rtAdjstmntOptions":"0x145a52d9","showPILookup":false,"sObjectQueryStr":"","wrprObj":"0x565a2fc4"}|0x3051a7c7
08:23:17.0 (61206983)|VARIABLE_ASSIGNMENT|[EXTERNAL]|this|{"dtxRate":1799.00,"facilitySelected":"001j000000NqKMtAAN","fcltyPrgrmSelected":"a1B290000003SEdEAM","insrncBnft":"0x626a48a","insrncBnftSelected":"a1H29000000jvcPEAQ","iopRate":770.00,"pawDetailListDisplay (4 more) ...":true,"phpRate":1161.00,"pyAgrmntWrksht":"0x5905bb5c","rateAdjstmntSelected":"a1I29000000HQ2MEAW","relatedPAWDetailsLis (1 more) ...":"0x2017b9d0","rtcRate":1541.00,"targetEDR":650.00,"totalAppliedDeductib (2 more) ...":6000.00,"totalCoInsurance":4730.00,"totalCoPayAmt":0.00,"totalInsCoResp":4588.08,"totalInsEIVAmt":4588.08,"totalRowCount":15,"totalTalbottDay":0}|0x565a2fc4
08:23:17.0 (61244012)|STATEMENT_EXECUTE|[267]
08:23:17.0 (61245442)|STATEMENT_EXECUTE|[268]
08:23:17.0 (61300839)|VARIABLE_ASSIGNMENT|[EXTERNAL]|this|{"cmpnyRateAdjstmntMap":"0x5433aaea","estmtCnrgDaysMap":"0x73b0b843","estmtCvrgeDaysObj":"0x6fdf910a","faciltyOptions":"0x720ab5ce","fcltyPrgmMap":"0x3b27359f","fcltyPrgrmOptions":"0x4d23f018","idToOwnershipFacilit (4 more) ...":"0x5e677f77","idToTypeFacilityMap":"0x796405b0","insrncBnftMap":"0x348fcef5","insrncBnftOptions":"0x291cc08b","isIop":false,"isTalbott":false,"meta":"0x4c659e18","oppId":"00629000003FJ4b","pawObj":"0x15754ba1","ptntInsrnceOptions":"0x4ef6efd","ptntInsrncMap":"0x4b38ee73","ptntInsrncObj":"0x21d18228","quoteObj":"0x2b4d3c52","recordId":"00629000003FJ4b","rtAdjstmntOptions":"0x145a52d9","showPILookup":false,"sObjectQueryStr":"","wrprObj":"0x565a2fc4"}|0x3051a7c7
08:23:17.0 (61349851)|VARIABLE_ASSIGNMENT|[EXTERNAL]|this|{"dtxRate":1799.00,"facilitySelected":"001j000000NqKMtAAN","fcltyPrgrmSelected":"a1B290000003SEdEAM","insrncBnft":"0x626a48a","insrncBnftSelected":"a1H29000000jvcPEAQ","iopRate":770.00,"pawDetailListDisplay (4 more) ...":true,"phpRate":1161.00,"pyAgrmntWrksht":"0x5905bb5c","rateAdjstmntSelected":"a1I29000000HQ2MEAW","relatedPAWDetailsLis (1 more) ...":"0x2017b9d0","rtcRate":1541.00,"targetEDR":650.00,"totalAppliedDeductib (2 more) ...":6000.00,"totalCoInsurance":4730.00,"totalCoPayAmt":0.00,"totalInsCoResp":4588.08,"totalInsEIVAmt":4588.08,"totalRowCount":15,"totalTalbottDay":0}|0x565a2fc4
08:23:17.0 (61443179)|VARIABLE_ASSIGNMENT|[EXTERNAL]|this|{"cmpnyRateAdjstmntMap":"0x5433aaea","estmtCnrgDaysMap":"0x73b0b843","estmtCvrgeDaysObj":"0x6fdf910a","faciltyOptions":"0x720ab5ce","fcltyPrgmMap":"0x3b27359f","fcltyPrgrmOptions":"0x4d23f018","idToOwnershipFacilit (4 more) ...":"0x5e677f77","idToTypeFacilityMap":"0x796405b0","insrncBnftMap":"0x348fcef5","insrncBnftOptions":"0x291cc08b","isIop":false,"isTalbott":false,"meta":"0x4c659e18","oppId":"00629000003FJ4b","pawObj":"0x15754ba1","ptntInsrnceOptions":"0x4ef6efd","ptntInsrncMap":"0x4b38ee73","ptntInsrncObj":"0x21d18228","quoteObj":"0x2b4d3c52","recordId":"00629000003FJ4b","rtAdjstmntOptions":"0x145a52d9","showPILookup":false,"sObjectQueryStr":"","wrprObj":"0x565a2fc4"}|0x3051a7c7
08:23:17.0 (61516889)|VARIABLE_ASSIGNMENT|[EXTERNAL]|this|{"dtxRate":1799.00,"facilitySelected":"001j000000NqKMtAAN","fcltyPrgrmSelected":"a1B290000003SEdEAM","insrncBnft":"0x626a48a","insrncBnftSelected":"a1H29000000jvcPEAQ","iopRate":770.00,"pawDetailListDisplay (4 more) ...":true,"phpRate":1161.00,"pyAgrmntWrksht":"0x5905bb5c","rateAdjstmntSelected":"a1I29000000HQ2MEAW","relatedPAWDetailsLis (1 more) ...":"0x2017b9d0","rtcRate":1541.00,"targetEDR":650.00,"totalAppliedDeductib (2 more) ...":6000.00,"totalCoInsurance":4730.00,"totalCoPayAmt":0.00,"totalInsCoResp":4588.08,"totalInsEIVAmt":4588.08,"totalRowCount":15,"totalTalbottDay":0}|0x565a2fc4
08:23:17.0 (61573866)|VARIABLE_ASSIGNMENT|[EXTERNAL]|value|{"Id":"a1H29000000jvcPEAQ","Name":"Insurance Benefit 75 (2 more) ...","RecordTypeId":"012j00000015GS7AAM","Patient_Insurance__c":"a1b29000000d1kgAAA","PHP_Admit_Co_Payment (3 more) ...":0.00,"Deductible__c":6000.00,"Deductible_Met__c":0.00,"Max_Out_of_Pocket_Re (10 more) ...":16000.00,"Insurance_Company_is (18 more) ...":false,"Annual_Max_Remaining (3 more) ...":1000000,"Deductible_Remaining (3 more) ...":6000.00,"Detox_Pays_at__c":50.00,"RTC_Pays_at__c":50.00,"PHP_Pays_at__c":50.00,"IOP_Pays_at__c":50.00,"Uncovered_Days_Rate_ (2 more) ...":1020.00,"Room_and_Board_Days_ (7 more) ...":2000.00,"Deductible_Included_ (9 more) ...":"Yes","Uncovered_Days__c":10,"Lifetime_Max__c":1000000.00,"Lifetime_Max_Met__c":0.00,"Annual_Max__c":1000000.00,"Annual_Max_Met__c":0.00,"Max_Out_of_Pocket__c":16000.00,"Max_Out_of_Pocket_Me (4 more) ...":0.00,"RecordType":{"Name":"Out of Network","Id":"012j00000015GS7AAM"},"Patient_Insurance__r":{"Opportunity__c":"00629000003FJ4bAAG","Accreditation__c":"State","Insurance_Company__c":"0012900000AXSNIAA5","Id":"a1b29000000d1kgAAA","Insurance_Company__r":{"Name":"4 Your Choice","Id":"0012900000AXSNIAA5","RecordTypeId":"012j00000015GRqAAM"}}}|0x6361170b
08:23:17.0 (61629240)|VARIABLE_ASSIGNMENT|[525]|this.insrncBnft|{"Id":"a1H29000000jvcPEAQ","Name":"Insurance Benefit 75 (2 more) ...","RecordTypeId":"012j00000015GS7AAM","Patient_Insurance__c":"a1b29000000d1kgAAA","PHP_Admit_Co_Payment (3 more) ...":0.00,"Deductible__c":6000.00,"Deductible_Met__c":0.00,"Max_Out_of_Pocket_Re (10 more) ...":16000.00,"Insurance_Company_is (18 more) ...":false,"Annual_Max_Remaining (3 more) ...":1000000,"Deductible_Remaining (3 more) ...":6000.00,"Detox_Pays_at__c":50.00,"RTC_Pays_at__c":50.00,"PHP_Pays_at__c":50.00,"IOP_Pays_at__c":50.00,"Uncovered_Days_Rate_ (2 more) ...":1020.00,"Room_and_Board_Days_ (7 more) ...":2000.00,"Deductible_Included_ (9 more) ...":"Yes","Uncovered_Days__c":10,"Lifetime_Max__c":1000000.00,"Lifetime_Max_Met__c":0.00,"Annual_Max__c":1000000.00,"Annual_Max_Met__c":0.00,"Max_Out_of_Pocket__c":16000.00,"Max_Out_of_Pocket_Me (4 more) ...":0.00,"RecordType":{"Name":"Out of Network","Id":"012j00000015GS7AAM"},"Patient_Insurance__r":{"Opportunity__c":"00629000003FJ4bAAG","Accreditation__c":"State","Insurance_Company__c":"0012900000AXSNIAA5","Id":"a1b29000000d1kgAAA","Insurance_Company__r":{"Name":"4 Your Choice","Id":"0012900000AXSNIAA5","RecordTypeId":"012j00000015GRqAAM"}}}|0x565a2fc4
08:23:17.0 (61662194)|STATEMENT_EXECUTE|[272]
08:23:17.0 (62280322)|SYSTEM_MODE_ENTER|true
08:23:17.0 (62423981)|SYSTEM_MODE_ENTER|true
08:23:17.0 (62456859)|HEAP_ALLOCATE|[EXTERNAL]|Bytes:112
08:23:17.0 (62466657)|VARIABLE_SCOPE_BEGIN|[379]|this|PAW_New_EditCntrllr|true|false
08:23:17.0 (62531538)|VARIABLE_ASSIGNMENT|[379]|this|{"cmpnyRateAdjstmntMap":"0x5433aaea","estmtCnrgDaysMap":"0x73b0b843","estmtCvrgeDaysObj":"0x6fdf910a","faciltyOptions":"0x720ab5ce","fcltyPrgmMap":"0x3b27359f","fcltyPrgrmOptions":"0x4d23f018","idToOwnershipFacilit (4 more) ...":"0x5e677f77","idToTypeFacilityMap":"0x796405b0","insrncBnftMap":"0x348fcef5","insrncBnftOptions":"0x291cc08b","isIop":false,"isTalbott":false,"meta":"0x4c659e18","oppId":"00629000003FJ4b","pawObj":"0x15754ba1","ptntInsrnceOptions":"0x4ef6efd","ptntInsrncMap":"0x4b38ee73","ptntInsrncObj":"0x21d18228","quoteObj":"0x2b4d3c52","recordId":"00629000003FJ4b","rtAdjstmntOptions":"0x145a52d9","showPILookup":false,"sObjectQueryStr":"","wrprObj":"0x565a2fc4"}|0x3051a7c7
08:23:17.0 (62555754)|STATEMENT_EXECUTE|[379]
08:23:17.0 (62558032)|STATEMENT_EXECUTE|[380]
08:23:17.0 (62571351)|HEAP_ALLOCATE|[380]|Bytes:4
08:23:17.0 (62628098)|HEAP_ALLOCATE|[EXTERNAL]|Bytes:4
08:23:17.0 (62642101)|VARIABLE_ASSIGNMENT|[380]|this.rtAdjstmntOptions|[]|0x3051a7c7
08:23:17.0 (62648740)|STATEMENT_EXECUTE|[381]
08:23:17.0 (62656751)|HEAP_ALLOCATE|[381]|Bytes:8
08:23:17.0 (62710488)|HEAP_ALLOCATE|[EXTERNAL]|Bytes:4
08:23:17.0 (62801996)|VARIABLE_ASSIGNMENT|[EXTERNAL]|this|{"cmpnyRateAdjstmntMap":"0x5433aaea","estmtCnrgDaysMap":"0x73b0b843","estmtCvrgeDaysObj":"0x6fdf910a","faciltyOptions":"0x720ab5ce","fcltyPrgmMap":"0x3b27359f","fcltyPrgrmOptions":"0x4d23f018","idToOwnershipFacilit (4 more) ...":"0x5e677f77","idToTypeFacilityMap":"0x796405b0","insrncBnftMap":"0x348fcef5","insrncBnftOptions":"0x291cc08b","isIop":false,"isTalbott":false,"meta":"0x4c659e18","oppId":"00629000003FJ4b","pawObj":"0x15754ba1","ptntInsrnceOptions":"0x4ef6efd","ptntInsrncMap":"0x4b38ee73","ptntInsrncObj":"0x21d18228","quoteObj":"0x2b4d3c52","recordId":"00629000003FJ4b","rtAdjstmntOptions":"0x690c7ce8","showPILookup":false,"sObjectQueryStr":"","wrprObj":"0x565a2fc4"}|0x3051a7c7
08:23:17.0 (62876212)|VARIABLE_ASSIGNMENT|[EXTERNAL]|this|{"dtxRate":1799.00,"facilitySelected":"001j000000NqKMtAAN","fcltyPrgrmSelected":"a1B290000003SEdEAM","insrncBnft":"0x6361170b","insrncBnftSelected":"a1H29000000jvcPEAQ","iopRate":770.00,"pawDetailListDisplay (4 more) ...":true,"phpRate":1161.00,"pyAgrmntWrksht":"0x5905bb5c","rateAdjstmntSelected":"a1I29000000HQ2MEAW","relatedPAWDetailsLis (1 more) ...":"0x2017b9d0","rtcRate":1541.00,"targetEDR":650.00,"totalAppliedDeductib (2 more) ...":6000.00,"totalCoInsurance":4730.00,"totalCoPayAmt":0.00,"totalInsCoResp":4588.08,"totalInsEIVAmt":4588.08,"totalRowCount":15,"totalTalbottDay":0}|0x565a2fc4
08:23:17.0 (62943037)|VARIABLE_ASSIGNMENT|[EXTERNAL]|this|{"cmpnyRateAdjstmntMap":"0x5433aaea","estmtCnrgDaysMap":"0x73b0b843","estmtCvrgeDaysObj":"0x6fdf910a","faciltyOptions":"0x720ab5ce","fcltyPrgmMap":"0x3b27359f","fcltyPrgrmOptions":"0x4d23f018","idToOwnershipFacilit (4 more) ...":"0x5e677f77","idToTypeFacilityMap":"0x796405b0","insrncBnftMap":"0x348fcef5","insrncBnftOptions":"0x291cc08b","isIop":false,"isTalbott":false,"meta":"0x4c659e18","oppId":"00629000003FJ4b","pawObj":"0x15754ba1","ptntInsrnceOptions":"0x4ef6efd","ptntInsrncMap":"0x4b38ee73","ptntInsrncObj":"0x21d18228","quoteObj":"0x2b4d3c52","recordId":"00629000003FJ4b","rtAdjstmntOptions":"0x690c7ce8","showPILookup":false,"sObjectQueryStr":"","wrprObj":"0x565a2fc4"}|0x3051a7c7
08:23:17.0 (62991308)|VARIABLE_ASSIGNMENT|[EXTERNAL]|this|{"dtxRate":1799.00,"facilitySelected":"001j000000NqKMtAAN","fcltyPrgrmSelected":"a1B290000003SEdEAM","insrncBnft":"0x6361170b","insrncBnftSelected":"a1H29000000jvcPEAQ","iopRate":770.00,"pawDetailListDisplay (4 more) ...":true,"phpRate":1161.00,"pyAgrmntWrksht":"0x5905bb5c","rateAdjstmntSelected":"a1I29000000HQ2MEAW","relatedPAWDetailsLis (1 more) ...":"0x2017b9d0","rtcRate":1541.00,"targetEDR":650.00,"totalAppliedDeductib (2 more) ...":6000.00,"totalCoInsurance":4730.00,"totalCoPayAmt":0.00,"totalInsCoResp":4588.08,"totalInsEIVAmt":4588.08,"totalRowCount":15,"totalTalbottDay":0}|0x565a2fc4
08:23:17.0 (63060681)|VARIABLE_ASSIGNMENT|[EXTERNAL]|this|{"cmpnyRateAdjstmntMap":"0x5433aaea","estmtCnrgDaysMap":"0x73b0b843","estmtCvrgeDaysObj":"0x6fdf910a","faciltyOptions":"0x720ab5ce","fcltyPrgmMap":"0x3b27359f","fcltyPrgrmOptions":"0x4d23f018","idToOwnershipFacilit (4 more) ...":"0x5e677f77","idToTypeFacilityMap":"0x796405b0","insrncBnftMap":"0x348fcef5","insrncBnftOptions":"0x291cc08b","isIop":false,"isTalbott":false,"meta":"0x4c659e18","oppId":"00629000003FJ4b","pawObj":"0x15754ba1","ptntInsrnceOptions":"0x4ef6efd","ptntInsrncMap":"0x4b38ee73","ptntInsrncObj":"0x21d18228","quoteObj":"0x2b4d3c52","recordId":"00629000003FJ4b","rtAdjstmntOptions":"0x690c7ce8","showPILookup":false,"sObjectQueryStr":"","wrprObj":"0x565a2fc4"}|0x3051a7c7
08:23:17.0 (63077100)|STATEMENT_EXECUTE|[382]
08:23:17.0 (63078421)|STATEMENT_EXECUTE|[383]
08:23:17.0 (63109466)|HEAP_ALLOCATE|[383]|Bytes:4
08:23:17.0 (63115464)|HEAP_ALLOCATE|[383]|Bytes:287
08:23:17.0 (63126321)|HEAP_ALLOCATE|[383]|Bytes:4
08:23:17.0 (63189841)|VARIABLE_ASSIGNMENT|[EXTERNAL]|this|{"cmpnyRateAdjstmntMap":"0x5433aaea","estmtCnrgDaysMap":"0x73b0b843","estmtCvrgeDaysObj":"0x6fdf910a","faciltyOptions":"0x720ab5ce","fcltyPrgmMap":"0x3b27359f","fcltyPrgrmOptions":"0x4d23f018","idToOwnershipFacilit (4 more) ...":"0x5e677f77","idToTypeFacilityMap":"0x796405b0","insrncBnftMap":"0x348fcef5","insrncBnftOptions":"0x291cc08b","isIop":false,"isTalbott":false,"meta":"0x4c659e18","oppId":"00629000003FJ4b","pawObj":"0x15754ba1","ptntInsrnceOptions":"0x4ef6efd","ptntInsrncMap":"0x4b38ee73","ptntInsrncObj":"0x21d18228","quoteObj":"0x2b4d3c52","recordId":"00629000003FJ4b","rtAdjstmntOptions":"0x690c7ce8","showPILookup":false,"sObjectQueryStr":"","wrprObj":"0x565a2fc4"}|0x3051a7c7
08:23:17.0 (63236001)|HEAP_ALLOCATE|[383]|Bytes:7
08:23:17.0 (63295643)|VARIABLE_ASSIGNMENT|[EXTERNAL]|this|{"cmpnyRateAdjstmntMap":"0x5433aaea","estmtCnrgDaysMap":"0x73b0b843","estmtCvrgeDaysObj":"0x6fdf910a","faciltyOptions":"0x720ab5ce","fcltyPrgmMap":"0x3b27359f","fcltyPrgrmOptions":"0x4d23f018","idToOwnershipFacilit (4 more) ...":"0x5e677f77","idToTypeFacilityMap":"0x796405b0","insrncBnftMap":"0x348fcef5","insrncBnftOptions":"0x291cc08b","isIop":false,"isTalbott":false,"meta":"0x4c659e18","oppId":"00629000003FJ4b","pawObj":"0x15754ba1","ptntInsrnceOptions":"0x4ef6efd","ptntInsrncMap":"0x4b38ee73","ptntInsrncObj":"0x21d18228","quoteObj":"0x2b4d3c52","recordId":"00629000003FJ4b","rtAdjstmntOptions":"0x690c7ce8","showPILookup":false,"sObjectQueryStr":"","wrprObj":"0x565a2fc4"}|0x3051a7c7
08:23:17.0 (63348343)|VARIABLE_ASSIGNMENT|[EXTERNAL]|this|{"dtxRate":1799.00,"facilitySelected":"001j000000NqKMtAAN","fcltyPrgrmSelected":"a1B290000003SEdEAM","insrncBnft":"0x6361170b","insrncBnftSelected":"a1H29000000jvcPEAQ","iopRate":770.00,"pawDetailListDisplay (4 more) ...":true,"phpRate":1161.00,"pyAgrmntWrksht":"0x5905bb5c","rateAdjstmntSelected":"a1I29000000HQ2MEAW","relatedPAWDetailsLis (1 more) ...":"0x2017b9d0","rtcRate":1541.00,"targetEDR":650.00,"totalAppliedDeductib (2 more) ...":6000.00,"totalCoInsurance":4730.00,"totalCoPayAmt":0.00,"totalInsCoResp":4588.08,"totalInsEIVAmt":4588.08,"totalRowCount":15,"totalTalbottDay":0}|0x565a2fc4
08:23:17.0 (64351429)|SOQL_EXECUTE_BEGIN|[383]|Aggregations:0|SELECT Id, Name, Type__c, Rate_Adjustment__c, In_Network_Rate_Adjustment__c, Out_of_Network_Rate_Adjustment__c, Active_Date__c, Term_Date__c FROM Insurance_Company_Rate_Adjustment__c WHERE (Insurance_Company__c = :tmpVar1 AND FRN_Facility__c = :tmpVar2) ORDER BY Type__c DESC NULLS FIRST
08:23:17.0 (97053697)|SOQL_EXECUTE_END|[383]|Rows:2
08:23:17.0 (97080127)|HEAP_ALLOCATE|[383]|Bytes:12
08:23:17.0 (97104296)|HEAP_ALLOCATE|[383]|Bytes:319
08:23:17.0 (97167941)|HEAP_ALLOCATE|[383]|Bytes:12
08:23:17.0 (97212632)|HEAP_ALLOCATE|[383]|Bytes:24
08:23:17.0 (97228039)|HEAP_ALLOCATE|[383]|Bytes:4
08:23:17.0 (97234131)|HEAP_ALLOCATE|[383]|Bytes:24
08:23:17.0 (97238534)|HEAP_ALLOCATE|[383]|Bytes:4
08:23:17.0 (97305976)|VARIABLE_ASSIGNMENT|[383]|this.cmpnyRateAdjstmntMap|{"a1I29000000HQ2MEAW":{"Id":"a1I29000000HQ2MEAW","Name":"Ins Co Rate Adjstmt  (5 more) ...","Type__c":"Contracted","Rate_Adjustment__c":3.00,"Active_Date__c":"2017-02-24T00:00:00.000Z"},"a1I29000000HQ2NEAW":{"Id":"a1I29000000HQ2NEAW","Name":"Ins Co Rate Adjstmt  (5 more) ...","Type__c":"OON","Rate_Adjustment__c":15.00,"Active_Date__c":"2017-02-24T00:00:00.000Z"}}|0x3051a7c7
08:23:17.0 (97356105)|HEAP_ALLOCATE|[EXTERNAL]|Bytes:12
08:23:17.0 (97367555)|HEAP_ALLOCATE|[395]|Bytes:329
08:23:17.0 (97504524)|HEAP_ALLOCATE|[395]|Bytes:5
08:23:17.0 (97519540)|HEAP_ALLOCATE|[395]|Bytes:24
08:23:17.0 (97527545)|VARIABLE_SCOPE_BEGIN|[395]|rateAdjstmntInstance|Insurance_Company_Rate_Adjustment__c|true|false
08:23:17.0 (97549717)|VARIABLE_ASSIGNMENT|[395]|rateAdjstmntInstance|{"Id":"a1I29000000HQ2MEAW","Name":"Ins Co Rate Adjstmt  (5 more) ...","Type__c":"Contracted","Rate_Adjustment__c":3.00,"Active_Date__c":"2017-02-24T00:00:00.000Z"}|0x1cefb32
08:23:17.0 (97557679)|STATEMENT_EXECUTE|[395]
08:23:17.0 (97621419)|METHOD_ENTRY|[396]|01p0a000004sKzV|PAW_New_EditCntrllr.checkIfActive(Insurance_Company_Rate_Adjustment__c)
08:23:17.0 (97645207)|VARIABLE_SCOPE_BEGIN|[496]|this|PAW_New_EditCntrllr|true|false
08:23:17.0 (97728933)|VARIABLE_ASSIGNMENT|[496]|this|{"cmpnyRateAdjstmntMap":"0x3a13a3d0","estmtCnrgDaysMap":"0x73b0b843","estmtCvrgeDaysObj":"0x6fdf910a","faciltyOptions":"0x720ab5ce","fcltyPrgmMap":"0x3b27359f","fcltyPrgrmOptions":"0x4d23f018","idToOwnershipFacilit (4 more) ...":"0x5e677f77","idToTypeFacilityMap":"0x796405b0","insrncBnftMap":"0x348fcef5","insrncBnftOptions":"0x291cc08b","isIop":false,"isTalbott":false,"meta":"0x4c659e18","oppId":"00629000003FJ4b","pawObj":"0x15754ba1","ptntInsrnceOptions":"0x4ef6efd","ptntInsrncMap":"0x4b38ee73","ptntInsrncObj":"0x21d18228","quoteObj":"0x2b4d3c52","recordId":"00629000003FJ4b","rtAdjstmntOptions":"0x690c7ce8","showPILookup":false,"sObjectQueryStr":"","wrprObj":"0x565a2fc4"}|0x3051a7c7
08:23:17.0 (97743517)|VARIABLE_SCOPE_BEGIN|[496]|pInsRateAdjustmentOnj|Insurance_Company_Rate_Adjustment__c|true|false
08:23:17.0 (97759502)|VARIABLE_ASSIGNMENT|[496]|pInsRateAdjustmentOnj|{"Id":"a1I29000000HQ2MEAW","Name":"Ins Co Rate Adjstmt  (5 more) ...","Type__c":"Contracted","Rate_Adjustment__c":3.00,"Active_Date__c":"2017-02-24T00:00:00.000Z"}|0x1cefb32
08:23:17.0 (97768673)|STATEMENT_EXECUTE|[496]
08:23:17.0 (97769798)|STATEMENT_EXECUTE|[497]
08:23:17.0 (97804749)|HEAP_ALLOCATE|[497]|Bytes:4
08:23:17.0 (97824139)|VARIABLE_SCOPE_BEGIN|[497]|todayDate|Date|false|false
08:23:17.0 (97838772)|VARIABLE_ASSIGNMENT|[497]|todayDate|"2018-01-17T00:00:00.000Z"
08:23:17.0 (97860307)|STATEMENT_EXECUTE|[498]
08:23:17.0 (97861498)|STATEMENT_EXECUTE|[499]
08:23:17.0 (97868004)|VARIABLE_SCOPE_BEGIN|[499]|endDate|Date|false|false
08:23:17.0 (97880250)|VARIABLE_ASSIGNMENT|[499]|endDate|"2018-01-17T00:00:00.000Z"
08:23:17.0 (97933825)|STATEMENT_EXECUTE|[500]
08:23:17.0 (97935633)|STATEMENT_EXECUTE|[501]
08:23:17.0 (97939827)|METHOD_EXIT|[396]|01p0a000004sKzV|PAW_New_EditCntrllr.checkIfActive(Insurance_Company_Rate_Adjustment__c)
08:23:17.0 (97946239)|STATEMENT_EXECUTE|[397]
08:23:17.0 (97969501)|HEAP_ALLOCATE|[397]|Bytes:18
08:23:17.0 (98016731)|HEAP_ALLOCATE|[EXTERNAL]|Bytes:4
08:23:17.0 (98036352)|HEAP_ALLOCATE|[395]|Bytes:5
08:23:17.0 (98050439)|HEAP_ALLOCATE|[395]|Bytes:24
08:23:17.0 (98056695)|VARIABLE_SCOPE_BEGIN|[395]|rateAdjstmntInstance|Insurance_Company_Rate_Adjustment__c|true|false
08:23:17.0 (98079146)|VARIABLE_ASSIGNMENT|[395]|rateAdjstmntInstance|{"Id":"a1I29000000HQ2NEAW","Name":"Ins Co Rate Adjstmt  (5 more) ...","Type__c":"OON","Rate_Adjustment__c":15.00,"Active_Date__c":"2017-02-24T00:00:00.000Z"}|0x50563cf2
08:23:17.0 (98089738)|STATEMENT_EXECUTE|[395]
08:23:17.0 (98104748)|METHOD_ENTRY|[396]|01p0a000004sKzV|PAW_New_EditCntrllr.checkIfActive(Insurance_Company_Rate_Adjustment__c)
08:23:17.0 (98114009)|VARIABLE_SCOPE_BEGIN|[496]|this|PAW_New_EditCntrllr|true|false
08:23:17.0 (98187144)|VARIABLE_ASSIGNMENT|[496]|this|{"cmpnyRateAdjstmntMap":"0x3a13a3d0","estmtCnrgDaysMap":"0x73b0b843","estmtCvrgeDaysObj":"0x6fdf910a","faciltyOptions":"0x720ab5ce","fcltyPrgmMap":"0x3b27359f","fcltyPrgrmOptions":"0x4d23f018","idToOwnershipFacilit (4 more) ...":"0x5e677f77","idToTypeFacilityMap":"0x796405b0","insrncBnftMap":"0x348fcef5","insrncBnftOptions":"0x291cc08b","isIop":false,"isTalbott":false,"meta":"0x4c659e18","oppId":"00629000003FJ4b","pawObj":"0x15754ba1","ptntInsrnceOptions":"0x4ef6efd","ptntInsrncMap":"0x4b38ee73","ptntInsrncObj":"0x21d18228","quoteObj":"0x2b4d3c52","recordId":"00629000003FJ4b","rtAdjstmntOptions":"0x690c7ce8","showPILookup":false,"sObjectQueryStr":"","wrprObj":"0x565a2fc4"}|0x3051a7c7
08:23:17.0 (98207260)|VARIABLE_SCOPE_BEGIN|[496]|pInsRateAdjustmentOnj|Insurance_Company_Rate_Adjustment__c|true|false
08:23:17.0 (98230149)|VARIABLE_ASSIGNMENT|[496]|pInsRateAdjustmentOnj|{"Id":"a1I29000000HQ2NEAW","Name":"Ins Co Rate Adjstmt  (5 more) ...","Type__c":"OON","Rate_Adjustment__c":15.00,"Active_Date__c":"2017-02-24T00:00:00.000Z"}|0x50563cf2
08:23:17.0 (98242086)|STATEMENT_EXECUTE|[496]
08:23:17.0 (98243344)|STATEMENT_EXECUTE|[497]
08:23:17.0 (98254472)|HEAP_ALLOCATE|[497]|Bytes:4
08:23:17.0 (98267735)|VARIABLE_SCOPE_BEGIN|[497]|todayDate|Date|false|false
08:23:17.0 (98284558)|VARIABLE_ASSIGNMENT|[497]|todayDate|"2018-01-17T00:00:00.000Z"
08:23:17.0 (98297070)|STATEMENT_EXECUTE|[498]
08:23:17.0 (98298643)|STATEMENT_EXECUTE|[499]
08:23:17.0 (98306400)|VARIABLE_SCOPE_BEGIN|[499]|endDate|Date|false|false
08:23:17.0 (98318344)|VARIABLE_ASSIGNMENT|[499]|endDate|"2018-01-17T00:00:00.000Z"
08:23:17.0 (98339035)|STATEMENT_EXECUTE|[500]
08:23:17.0 (98340139)|STATEMENT_EXECUTE|[501]
08:23:17.0 (98343949)|METHOD_EXIT|[396]|01p0a000004sKzV|PAW_New_EditCntrllr.checkIfActive(Insurance_Company_Rate_Adjustment__c)
08:23:17.0 (98348969)|STATEMENT_EXECUTE|[397]
08:23:17.0 (98356244)|HEAP_ALLOCATE|[397]|Bytes:18
08:23:17.0 (98369244)|HEAP_ALLOCATE|[EXTERNAL]|Bytes:4
08:23:17.0 (98380368)|HEAP_ALLOCATE|[395]|Bytes:5
08:23:17.0 (98389000)|VARIABLE_ASSIGNMENT|[395]|rateAdjstmntInstance|null|
08:23:17.0 (98393424)|STATEMENT_EXECUTE|[400]
08:23:17.0 (98947042)|SYSTEM_MODE_ENTER|true
08:23:17.106 (106428648)|SYSTEM_MODE_ENTER|true
08:23:17.106 (106513776)|HEAP_ALLOCATE|[EXTERNAL]|Bytes:8
08:23:17.106 (106524161)|VARIABLE_SCOPE_BEGIN|[88]|this|ApexPage.PageMessagesComponentController|true|false
08:23:17.106 (106557596)|VARIABLE_ASSIGNMENT|[88]|this|{}|0x6af6918f
08:23:17.106 (106567546)|VARIABLE_SCOPE_BEGIN|[88]|escape|Boolean|false|false
08:23:17.106 (106576502)|VARIABLE_ASSIGNMENT|[88]|escape|null
08:23:17.0 (106919512)|HEAP_ALLOCATE|[EXTERNAL]|Bytes:18
08:23:17.0 (106937953)|HEAP_ALLOCATE|[EXTERNAL]|Bytes:84
08:23:17.0 (106948713)|VARIABLE_ASSIGNMENT|[EXTERNAL]|this.insrncBnftSelected|"a1H29000000jvcPEAQ"|0x565a2fc4
08:23:17.0 (107000031)|HEAP_ALLOCATE|[EXTERNAL]|Bytes:18
08:23:17.0 (107005022)|HEAP_ALLOCATE|[EXTERNAL]|Bytes:84
08:23:17.0 (107011071)|VARIABLE_ASSIGNMENT|[EXTERNAL]|this.facilitySelected|"001j000000NqKMtAAN"|0x565a2fc4
08:23:17.0 (107053133)|HEAP_ALLOCATE|[EXTERNAL]|Bytes:18
08:23:17.0 (107057651)|HEAP_ALLOCATE|[EXTERNAL]|Bytes:84
08:23:17.0 (107064529)|VARIABLE_ASSIGNMENT|[EXTERNAL]|this.rateAdjstmntSelected|"a1I29000000HQ2MEAW"|0x565a2fc4
08:23:17.0 (107103752)|HEAP_ALLOCATE|[EXTERNAL]|Bytes:18
08:23:17.0 (107107661)|HEAP_ALLOCATE|[EXTERNAL]|Bytes:84
08:23:17.0 (107112695)|VARIABLE_ASSIGNMENT|[EXTERNAL]|this.fcltyPrgrmSelected|"a1B290000003SEdEAM"|0x565a2fc4
08:23:17.124 (124161543)|SYSTEM_MODE_ENTER|true
08:23:17.124 (124251655)|HEAP_ALLOCATE|[EXTERNAL]|Bytes:8
08:23:17.124 (124266638)|VARIABLE_SCOPE_BEGIN|[88]|this|ApexPage.PageMessagesComponentController|true|false
08:23:17.124 (124307394)|VARIABLE_ASSIGNMENT|[88]|this|{}|0x6af6918f
08:23:17.124 (124314168)|VARIABLE_SCOPE_BEGIN|[88]|escape|Boolean|false|false
08:23:17.124 (124322080)|VARIABLE_ASSIGNMENT|[88]|escape|null
08:23:17.124 (124432334)|SYSTEM_MODE_ENTER|true
08:23:17.124 (124461210)|HEAP_ALLOCATE|[EXTERNAL]|Bytes:8
08:23:17.124 (124467338)|VARIABLE_SCOPE_BEGIN|[2]|this|ApexPage.PageMessagesComponentController|true|false
08:23:17.124 (124484212)|VARIABLE_ASSIGNMENT|[2]|this|{}|0x6af6918f
08:23:17.0 (124998284)|SYSTEM_MODE_ENTER|true
08:23:17.0 (125096950)|SYSTEM_MODE_ENTER|true
08:23:17.0 (125340280)|SYSTEM_MODE_ENTER|true
08:23:17.0 (128577486)|SYSTEM_MODE_ENTER|true
08:23:17.0 (128630706)|SYSTEM_MODE_ENTER|true
08:23:17.0 (146892456)|VF_SERIALIZE_VIEWSTATE_BEGIN|0660a0000009uTC
08:23:17.0 (156656438)|VF_SERIALIZE_VIEWSTATE_END
08:23:17.163 (163532166)|CUMULATIVE_LIMIT_USAGE
08:23:17.163 (163532166)|LIMIT_USAGE_FOR_NS|(default)|
  Number of SOQL queries: 2 out of 100
  Number of query rows: 7 out of 50000
  Number of SOSL queries: 0 out of 20
  Number of DML statements: 0 out of 150
  Number of DML rows: 0 out of 10000
  Maximum CPU time: 0 out of 10000
  Maximum heap size: 0 out of 6000000
  Number of callouts: 0 out of 100
  Number of Email Invocations: 0 out of 10
  Number of future calls: 0 out of 50
  Number of queueable jobs added to the queue: 0 out of 50
  Number of Mobile Apex push calls: 0 out of 10

08:23:17.163 (163532166)|CUMULATIVE_LIMIT_USAGE_END

08:23:17.0 (163571392)|CODE_UNIT_FINISHED|VF: /apex/PAW_New_Edit
08:23:17.0 (164292633)|EXECUTION_FINISHED
