40.0 APEX_CODE,FINEST;APEX_PROFILING,INFO;CALLOUT,INFO;DB,INFO;SYSTEM,DEBUG;VALIDATION,INFO;VISUALFORCE,INFO;WAVE,INFO;WORKFLOW,FINER
01:36:53.0 (357660)|USER_INFO|[EXTERNAL]|00529000000zYiy|bhakti.gujrathi@eternussolutions.com.frnstgng|Central Standard Time|GMT-06:00
01:36:53.0 (428472)|EXECUTION_STARTED
01:36:53.0 (435207)|CODE_UNIT_STARTED|[EXTERNAL]|01p0a000004sKkr|CCPullTripFromConcurAndSF-2/2/2018 1:31 AM
01:36:53.0 (1986315)|VARIABLE_SCOPE_BEGIN|[4]|CCPullTripFromConcurAndSF.accessToken|String|false|true
01:36:53.0 (2832030)|VARIABLE_SCOPE_BEGIN|[8]|CCPullTripFromConcurAndSF.lstApxlog|List<Apex_Debug_log__c>|true|true
01:36:53.0 (9446926)|HEAP_ALLOCATE|[72]|Bytes:3
01:36:53.0 (9540522)|HEAP_ALLOCATE|[77]|Bytes:152
01:36:53.0 (9566581)|HEAP_ALLOCATE|[342]|Bytes:408
01:36:53.0 (9588918)|HEAP_ALLOCATE|[355]|Bytes:408
01:36:53.0 (9609801)|HEAP_ALLOCATE|[467]|Bytes:48
01:36:53.0 (9651434)|HEAP_ALLOCATE|[139]|Bytes:6
01:36:53.0 (9681643)|HEAP_ALLOCATE|[EXTERNAL]|Bytes:3
01:36:53.0 (9704187)|SYSTEM_METHOD_ENTRY|[1]|SchedulableContextImpl.SchedulableContextImpl()
01:36:53.0 (9710213)|STATEMENT_EXECUTE|[1]
01:36:53.0 (9729137)|SYSTEM_METHOD_EXIT|[1]|SchedulableContextImpl
01:36:53.0 (9742930)|HEAP_ALLOCATE|[EXTERNAL]|Bytes:8
01:36:53.0 (9749362)|HEAP_ALLOCATE|[EXTERNAL]|Bytes:4
01:36:53.0 (9761495)|VARIABLE_SCOPE_BEGIN|[4]|this|System.SchedulableContextImpl|true|false
01:36:53.0 (10013401)|VARIABLE_ASSIGNMENT|[4]|this|{}|0x3b4cfcfa
01:36:53.0 (10026068)|VARIABLE_SCOPE_BEGIN|[4]|triggerId|Id|false|false
01:36:53.0 (10168979)|VARIABLE_ASSIGNMENT|[4]|triggerId|"08e290000070CvgAAE"
01:36:53.0 (10352899)|HEAP_ALLOCATE|[EXTERNAL]|Bytes:11
01:36:53.0 (10369152)|METHOD_ENTRY|[1]|01p0a000004sKkr|CCPullTripFromConcurAndSF.CCPullTripFromConcurAndSF()
01:36:53.0 (10374909)|STATEMENT_EXECUTE|[1]
01:36:53.0 (10382855)|STATEMENT_EXECUTE|[1]
01:36:53.0 (10384527)|STATEMENT_EXECUTE|[8]
01:36:53.0 (10439267)|HEAP_ALLOCATE|[8]|Bytes:4
01:36:53.0 (10563826)|HEAP_ALLOCATE|[EXTERNAL]|Bytes:4
01:36:53.0 (10599322)|VARIABLE_ASSIGNMENT|[8]|CCPullTripFromConcurAndSF.lstApxlog|[]|0x5d4bbb4c
01:36:53.0 (10613031)|METHOD_EXIT|[1]|CCPullTripFromConcurAndSF
01:36:53.0 (10625505)|HEAP_ALLOCATE|[EXTERNAL]|Bytes:4
01:36:53.0 (10630089)|HEAP_ALLOCATE|[EXTERNAL]|Bytes:8
01:36:53.0 (10640719)|VARIABLE_SCOPE_BEGIN|[39]|this|CCPullTripFromConcurAndSF|true|false
01:36:53.0 (10665711)|VARIABLE_ASSIGNMENT|[39]|this|{}|0x389935a7
01:36:53.0 (10673777)|VARIABLE_SCOPE_BEGIN|[39]|ctx|System.SchedulableContext|true|false
01:36:53.0 (10764142)|VARIABLE_ASSIGNMENT|[39]|ctx|{"triggerId":"08e290000070CvgAAE"}|0x3b4cfcfa
01:36:53.0 (10782760)|STATEMENT_EXECUTE|[40]
01:36:53.0 (10784789)|STATEMENT_EXECUTE|[42]
01:36:53.0 (10788540)|HEAP_ALLOCATE|[42]|Bytes:25
01:36:53.0 (10794406)|HEAP_ALLOCATE|[42]|Bytes:30
01:36:53.0 (10819789)|HEAP_ALLOCATE|[42]|Bytes:4
01:36:53.0 (10860270)|HEAP_ALLOCATE|[42]|Bytes:4
01:36:53.0 (10890281)|HEAP_ALLOCATE|[50]|Bytes:5
01:36:53.0 (10912649)|HEAP_ALLOCATE|[56]|Bytes:5
01:36:53.0 (10924600)|HEAP_ALLOCATE|[64]|Bytes:7
01:36:53.0 (10991950)|HEAP_ALLOCATE|[EXTERNAL]|Bytes:4
01:36:53.0 (11007822)|HEAP_ALLOCATE|[EXTERNAL]|Bytes:4
01:36:53.29 (29666665)|CUMULATIVE_LIMIT_USAGE
01:36:53.29 (29666665)|LIMIT_USAGE_FOR_NS|(default)|
  Number of SOQL queries: 0 out of 100
  Number of query rows: 0 out of 50000
  Number of SOSL queries: 0 out of 20
  Number of DML statements: 0 out of 150
  Number of DML rows: 0 out of 10000
  Maximum CPU time: 0 out of 10000
  Maximum heap size: 0 out of 6000000
  Number of callouts: 0 out of 100
  Number of Email Invocations: 0 out of 10
  Number of future calls: 1 out of 50
  Number of queueable jobs added to the queue: 0 out of 50
  Number of Mobile Apex push calls: 0 out of 10

01:36:53.29 (29666665)|CUMULATIVE_LIMIT_USAGE_END

01:36:53.0 (29743702)|CODE_UNIT_FINISHED|CCPullTripFromConcurAndSF-2/2/2018 1:31 AM
01:36:53.0 (30896798)|EXECUTION_FINISHED
