37.0 APEX_CODE,FINEST;APEX_PROFILING,INFO;CALLOUT,INFO;DB,INFO;SYSTEM,DEBUG;VALIDATION,INFO;VISUALFORCE,INFO;WAVE,INFO;WORKFLOW,FINER
08:21:17.0 (73409)|USER_INFO|[EXTERNAL]|00529000000zYiy|bhakti.gujrathi@eternussolutions.com.frnstgng|Central Standard Time|GMT-06:00
08:21:17.0 (136075)|EXECUTION_STARTED
08:21:17.0 (142150)|CODE_UNIT_STARTED|[EXTERNAL]|0660a0000009uTC|VF: /apex/PAW_New_Edit
08:21:17.0 (392412)|VF_DESERIALIZE_VIEWSTATE_BEGIN|0660a0000009uTC
08:21:17.0 (4814293)|HEAP_ALLOCATE|[72]|Bytes:3
08:21:17.0 (4859475)|HEAP_ALLOCATE|[77]|Bytes:152
08:21:17.0 (4891102)|HEAP_ALLOCATE|[342]|Bytes:408
08:21:17.0 (4922116)|HEAP_ALLOCATE|[355]|Bytes:408
08:21:17.0 (4948689)|HEAP_ALLOCATE|[467]|Bytes:48
08:21:17.0 (4985531)|HEAP_ALLOCATE|[139]|Bytes:6
08:21:17.0 (5032488)|HEAP_ALLOCATE|[50]|Bytes:5
08:21:17.0 (5061749)|HEAP_ALLOCATE|[56]|Bytes:5
08:21:17.0 (5074883)|HEAP_ALLOCATE|[64]|Bytes:7
08:21:17.0 (8884574)|VARIABLE_SCOPE_BEGIN|[35]|PAW_New_EditCntrllr.globalSchemaMap|Map<String,Schema.SObjectType>|true|true
08:21:17.0 (8901577)|VARIABLE_SCOPE_BEGIN|[3]|PAW_New_EditCntrllr.yearEndMode|Boolean|false|true
08:21:17.0 (15875685)|VF_DESERIALIZE_VIEWSTATE_END
08:21:17.17 (17330616)|SYSTEM_MODE_ENTER|true
08:21:17.17 (17443309)|HEAP_ALLOCATE|[EXTERNAL]|Bytes:38
08:21:17.17 (17466970)|HEAP_ALLOCATE|[EXTERNAL]|Bytes:7
08:21:17.17 (17488368)|SYSTEM_METHOD_ENTRY|[1]|PageMessagesComponentController.PageMessagesComponentController()
08:21:17.17 (17499376)|STATEMENT_EXECUTE|[1]
08:21:17.18 (18662797)|SYSTEM_MODE_ENTER|true
08:21:17.18 (18764532)|HEAP_ALLOCATE|[EXTERNAL]|Bytes:8
08:21:17.18 (18775299)|VARIABLE_SCOPE_BEGIN|[88]|this|ApexPage.PageMessagesComponentController|true|false
08:21:17.18 (18829578)|VARIABLE_ASSIGNMENT|[88]|this|{}|0x7b7a9345
08:21:17.18 (18839175)|VARIABLE_SCOPE_BEGIN|[88]|escape|Boolean|false|false
08:21:17.18 (18848630)|VARIABLE_ASSIGNMENT|[88]|escape|null
08:21:17.0 (19104765)|SYSTEM_MODE_ENTER|true
08:21:17.0 (19137745)|HEAP_ALLOCATE|[EXTERNAL]|Bytes:11
08:21:17.0 (19151595)|HEAP_ALLOCATE|[EXTERNAL]|Bytes:304
08:21:17.0 (19156868)|HEAP_ALLOCATE|[EXTERNAL]|Bytes:98
08:21:17.0 (19161716)|HEAP_ALLOCATE|[EXTERNAL]|Bytes:14
08:21:17.0 (19175193)|METHOD_ENTRY|[1]|01p0a000004sKzV|PAW_New_EditCntrllr.PAW_New_EditCntrllr()
08:21:17.0 (19181360)|STATEMENT_EXECUTE|[1]
08:21:17.0 (19184266)|STATEMENT_EXECUTE|[1]
08:21:17.0 (19185747)|STATEMENT_EXECUTE|[3]
08:21:17.0 (19282957)|VARIABLE_SCOPE_BEGIN|[3]|PAW_YearEnd_Config.setting|Year_End_PAW_Settings__c|true|true
08:21:17.0 (19299980)|HEAP_ALLOCATE|[3]|Bytes:1
08:21:17.0 (19308086)|HEAP_ALLOCATE|[3]|Bytes:1
08:21:17.0 (19367011)|METHOD_ENTRY|[1]|01p29000000Aswf|PAW_YearEnd_Config.PAW_YearEnd_Config()
08:21:17.0 (19374682)|STATEMENT_EXECUTE|[1]
08:21:17.0 (19377470)|STATEMENT_EXECUTE|[1]
08:21:17.0 (19395235)|SYSTEM_MODE_ENTER|false
08:21:17.0 (19403913)|HEAP_ALLOCATE|[3]|Bytes:5
08:21:17.0 (19412820)|SYSTEM_MODE_EXIT|false
08:21:17.0 (19422198)|METHOD_EXIT|[1]|PAW_YearEnd_Config
08:21:17.0 (19435040)|METHOD_ENTRY|[3]|01p29000000Aswf|PAW_YearEnd_Config.fetch()
08:21:17.0 (19467734)|SYSTEM_MODE_ENTER|false
08:21:17.0 (19476177)|HEAP_ALLOCATE|[6]|Bytes:5
08:21:17.0 (19481869)|STATEMENT_EXECUTE|[5]
08:21:17.0 (19485528)|STATEMENT_EXECUTE|[7]
08:21:17.0 (20364299)|HEAP_ALLOCATE|[7]|Bytes:20
08:21:17.0 (20413387)|VARIABLE_ASSIGNMENT|[7]|PAW_YearEnd_Config.setting|{"IsDeleted":false,"Name":"Year End PAW Setting (11 more) ...","SetupOwnerId":"00529000000zYiyAAE","Year_End_Mode_Enable (4 more) ...":false}|0x26f101c4
08:21:17.0 (20424198)|STATEMENT_EXECUTE|[9]
08:21:17.0 (20427862)|HEAP_ALLOCATE|[9]|Bytes:14
08:21:17.0 (20585239)|HEAP_ALLOCATE|[9]|Bytes:145
08:21:17.0 (20615005)|HEAP_ALLOCATE|[9]|Bytes:159
08:21:17.0 (20648231)|USER_DEBUG|[9]|DEBUG|>>> setting : Year_End_PAW_Settings__c:{IsDeleted=false, Name=Year End PAW Settings (Profile), SetupOwnerId=00529000000zYiyAAE, Year_End_Mode_Enabled__c=false}
08:21:17.0 (20670933)|STATEMENT_EXECUTE|[10]
08:21:17.0 (20680344)|SYSTEM_MODE_EXIT|false
08:21:17.0 (20697749)|METHOD_EXIT|[3]|01p29000000Aswf|PAW_YearEnd_Config.fetch()
08:21:17.0 (20750021)|VARIABLE_ASSIGNMENT|[3]|PAW_New_EditCntrllr.yearEndMode|false
08:21:17.0 (20761924)|STATEMENT_EXECUTE|[523]
08:21:17.0 (20770512)|METHOD_EXIT|[1]|PAW_New_EditCntrllr
08:21:17.0 (21441075)|SYSTEM_MODE_ENTER|true
08:21:17.0 (22472016)|SYSTEM_MODE_ENTER|true
08:21:17.0 (22562616)|HEAP_ALLOCATE|[EXTERNAL]|Bytes:476
08:21:17.0 (22577568)|HEAP_ALLOCATE|[EXTERNAL]|Bytes:71
08:21:17.0 (31748870)|SYSTEM_MODE_ENTER|true
08:21:17.0 (31963233)|SYSTEM_MODE_ENTER|true
08:21:17.0 (42667904)|SYSTEM_MODE_ENTER|true
08:21:17.0 (43005928)|HEAP_ALLOCATE|[EXTERNAL]|Bytes:112
08:21:17.0 (43027253)|VARIABLE_SCOPE_BEGIN|[215]|this|PAW_New_EditCntrllr|true|false
08:21:17.0 (43188594)|VARIABLE_ASSIGNMENT|[215]|this|{"cmpnyRateAdjstmntMap":"0x7188d607","estmtCnrgDaysMap":"0x581283d9","estmtCvrgeDaysObj":"0x6fc3ff51","faciltyOptions":"0x6f54171f","fcltyPrgmMap":"0x58dbcc1c","fcltyPrgrmOptions":"0x149b9095","idToOwnershipFacilit (4 more) ...":"0x6452cc20","idToTypeFacilityMap":"0x2b71c35a","insrncBnftMap":"0x2dcc4104","insrncBnftOptions":"0x659b7310","isIop":false,"isTalbott":false,"meta":"0x175a904f","oppId":"00629000004NTeZ","pawObj":"0x3214eaed","ptntInsrnceOptions":"0x7d1f49ca","ptntInsrncMap":"0x4322a68a","ptntInsrncObj":"0x70bfa944","quoteObj":"0x398e49","recordId":"00629000004NTeZ","rtAdjstmntOptions":"0x15ef4f21","showPILookup":false,"sObjectQueryStr":"","wrprObj":"0x3183b2a0"}|0xc27e861
08:21:17.0 (43218408)|STATEMENT_EXECUTE|[215]
08:21:17.0 (43220502)|STATEMENT_EXECUTE|[216]
08:21:17.0 (43307919)|STATEMENT_EXECUTE|[217]
08:21:17.0 (43326961)|HEAP_ALLOCATE|[217]|Bytes:12
08:21:17.0 (43417709)|HEAP_ALLOCATE|[EXTERNAL]|Bytes:4
08:21:17.0 (43537351)|VARIABLE_ASSIGNMENT|[EXTERNAL]|this|{"cmpnyRateAdjstmntMap":"0x7188d607","estmtCnrgDaysMap":"0x581283d9","estmtCvrgeDaysObj":"0x6fc3ff51","faciltyOptions":"0x6f54171f","fcltyPrgmMap":"0x58dbcc1c","fcltyPrgrmOptions":"0x149b9095","idToOwnershipFacilit (4 more) ...":"0x6452cc20","idToTypeFacilityMap":"0x2b71c35a","insrncBnftMap":"0x2dcc4104","insrncBnftOptions":"0x659b7310","isIop":false,"isTalbott":false,"meta":"0x175a904f","oppId":"00629000004NTeZ","pawObj":"0x3214eaed","ptntInsrnceOptions":"0x7d1f49ca","ptntInsrncMap":"0x4322a68a","ptntInsrncObj":"0x70bfa944","quoteObj":"0x398e49","recordId":"00629000004NTeZ","rtAdjstmntOptions":"0x15ef4f21","showPILookup":false,"sObjectQueryStr":"","wrprObj":"0x3183b2a0"}|0xc27e861
08:21:17.0 (43576663)|STATEMENT_EXECUTE|[218]
08:21:17.0 (43579739)|STATEMENT_EXECUTE|[219]
08:21:17.0 (43634459)|HEAP_ALLOCATE|[219]|Bytes:4
08:21:17.0 (43649894)|HEAP_ALLOCATE|[219]|Bytes:1083
08:21:17.0 (43673364)|HEAP_ALLOCATE|[219]|Bytes:4
08:21:17.0 (43693860)|HEAP_ALLOCATE|[219]|Bytes:7
08:21:17.0 (43800119)|VARIABLE_ASSIGNMENT|[EXTERNAL]|this|{"cmpnyRateAdjstmntMap":"0x7188d607","estmtCnrgDaysMap":"0x581283d9","estmtCvrgeDaysObj":"0x6fc3ff51","faciltyOptions":"0x6f54171f","fcltyPrgmMap":"0x58dbcc1c","fcltyPrgrmOptions":"0x149b9095","idToOwnershipFacilit (4 more) ...":"0x6452cc20","idToTypeFacilityMap":"0x2b71c35a","insrncBnftMap":"0x2dcc4104","insrncBnftOptions":"0x659b7310","isIop":false,"isTalbott":false,"meta":"0x175a904f","oppId":"00629000004NTeZ","pawObj":"0x3214eaed","ptntInsrnceOptions":"0x7d1f49ca","ptntInsrncMap":"0x4322a68a","ptntInsrncObj":"0x70bfa944","quoteObj":"0x398e49","recordId":"00629000004NTeZ","rtAdjstmntOptions":"0x15ef4f21","showPILookup":false,"sObjectQueryStr":"","wrprObj":"0x3183b2a0"}|0xc27e861
08:21:17.0 (46256534)|SOQL_EXECUTE_BEGIN|[219]|Aggregations:0|SELECT Id, Name, RecordType.Name, Uncovered_Charges__c, Patient_Insurance__r.Accepts_Assignment_of_Benefits__c, Patient_Insurance__r.Opportunity__c, Patient_Insurance__r.Accreditation__c, Patient_Insurance__r.Insurance_Company__r.Name, PHP_Admit_Co_Payment__c, Detox_Admit_Co_Payment__c, RTC_Admit_Co_Payment__c, Deductible__c, Deductible_Met__c, IOP_Admit_Co_Payment__c, Max_Out_of_Pocket_Remaining__c, Insurance_Company_is_Out_of_Network__c, Annual_Max_Remaining__c, Deductible_Remaining__c, Detox_Pays_at__c, Detox_Over__c, RTC_Pays_at__c, Residential_Treatment_Override__c, PHP_Pays_at__c, Partial_Hospitalization_Override__c, IOP_Pays_at__c, Intensive_Outpatient_Override__c, Num_Days_Uncovered__c, Num_Days_Room__c, Uncovered_Days_Rate__c, Room_and_Board_Days_Rate__c, Uncovered_Days_Override__c, Room_and_Board_Days_Override__c, Deductible_Included_in_OOP__c, Uncovered_Days__c, Lifetime_Max__c, Lifetime_Max_Met__c, Annual_Max__c, Annual_Max_Met__c, Max_Out_of_Pocket__c, Max_Out_of_Pocket_Met__c, Co_Pay_Met__c FROM Insurance_Benefit__c WHERE Patient_Insurance__c = :tmpVar1
08:21:17.0 (62268082)|SOQL_EXECUTE_END|[219]|Rows:2
08:21:17.0 (62317526)|HEAP_ALLOCATE|[219]|Bytes:12
08:21:17.0 (62387715)|HEAP_ALLOCATE|[219]|Bytes:2986
08:21:17.0 (62482222)|HEAP_ALLOCATE|[219]|Bytes:12
08:21:17.0 (62560653)|HEAP_ALLOCATE|[219]|Bytes:108
08:21:17.0 (62583702)|HEAP_ALLOCATE|[219]|Bytes:4
08:21:17.0 (62595997)|HEAP_ALLOCATE|[219]|Bytes:108
08:21:17.0 (62610924)|HEAP_ALLOCATE|[219]|Bytes:4
08:21:17.0 (62770411)|VARIABLE_ASSIGNMENT|[219]|this.insrncBnftMap|{"a1H29000000pRTUEA2":{"Id":"a1H29000000pRTUEA2","Name":"Insurance Benefit 75 (2 more) ...","RecordTypeId":"012j00000015GS6AAM","Patient_Insurance__c":"a1b29000000lvHQAAY","PHP_Admit_Co_Payment (3 more) ...":0.00,"Deductible__c":5000.00,"Deductible_Met__c":0.00,"Max_Out_of_Pocket_Re (10 more) ...":10000.00,"Insurance_Company_is (18 more) ...":false,"Annual_Max_Remaining (3 more) ...":1000000,"Deductible_Remaining (3 more) ...":5000.00,"Detox_Pays_at__c":80.00,"RTC_Pays_at__c":80.00,"PHP_Pays_at__c":80.00,"IOP_Pays_at__c":80.00,"Uncovered_Days_Rate_ (2 more) ...":630.00,"Room_and_Board_Days_ (7 more) ...":2000.00,"Deductible_Included_ (9 more) ...":"Yes","Lifetime_Max__c":1000000.00,"Lifetime_Max_Met__c":0.00,"Annual_Max__c":1000000.00,"Annual_Max_Met__c":0.00,"Max_Out_of_Pocket__c":10000.00,"Max_Out_of_Pocket_Me (4 more) ...":0.00,"RecordType":{"Name":"In Network","Id":"012j00000015GS6AAM"},"Patient_Insurance__r":{"Opportunity__c":"00629000004NTeZAAW","Accreditation__c":"State","Insurance_Company__c":"0012900000AXSP3AAP","Id":"a1b29000000lvHQAAY","Insurance_Company__r":{"Name":"Value Options/Beacon (7 more) ...","Id":"0012900000AXSP3AAP","RecordTypeId":"012j00000015GRqAAM"}}},"a1H29000000pRTZEA2":{"Id":"a1H29000000pRTZEA2","Name":"Insurance Benefit 75 (2 more) ...","RecordTypeId":"012j00000015GS7AAM","Patient_Insurance__c":"a1b29000000lvHQAAY","PHP_Admit_Co_Payment (3 more) ...":0.00,"Deductible__c":10000.00,"Deductible_Met__c":0.00,"Max_Out_of_Pocket_Re (10 more) ...":20000.00,"Insurance_Company_is (18 more) ...":false,"Annual_Max_Remaining (3 more) ...":1000000,"Deductible_Remaining (3 more) ...":10000.00,"Detox_Pays_at__c":60.00,"RTC_Pays_at__c":60.00,"PHP_Pays_at__c":60.00,"IOP_Pays_at__c":60.00,"Uncovered_Days_Rate_ (2 more) ...":630.00,"Room_and_Board_Days_ (7 more) ...":2000.00,"Deductible_Included_ (9 more) ...":"Yes","Lifetime_Max__c":1000000.00,"Lifetime_Max_Met__c":0.00,"Annual_Max__c":1000000.00,"Annual_Max_Met__c":0.00,"Max_Out_of_Pocket__c":20000.00,"Max_Out_of_Pocket_Me (4 more) ...":0.00,"RecordType":{"Name":"Out of Network","Id":"012j00000015GS7AAM"},"Patient_Insurance__r":{"Opportunity__c":"00629000004NTeZAAW","Accreditation__c":"State","Insurance_Company__c":"0012900000AXSP3AAP","Id":"a1b29000000lvHQAAY","Insurance_Company__r":{"Name":"Value Options/Beacon (7 more) ...","Id":"0012900000AXSP3AAP","RecordTypeId":"012j00000015GRqAAM"}}}}|0xc27e861
08:21:17.0 (62912644)|HEAP_ALLOCATE|[EXTERNAL]|Bytes:12
08:21:17.0 (62957443)|HEAP_ALLOCATE|[263]|Bytes:2996
08:21:17.0 (63186139)|HEAP_ALLOCATE|[263]|Bytes:5
08:21:17.0 (63218096)|HEAP_ALLOCATE|[263]|Bytes:108
08:21:17.0 (63238388)|VARIABLE_SCOPE_BEGIN|[263]|insrncBnftInstance|Insurance_Benefit__c|true|false
08:21:17.0 (63285845)|VARIABLE_ASSIGNMENT|[263]|insrncBnftInstance|{"Id":"a1H29000000pRTUEA2","Name":"Insurance Benefit 75 (2 more) ...","RecordTypeId":"012j00000015GS6AAM","Patient_Insurance__c":"a1b29000000lvHQAAY","PHP_Admit_Co_Payment (3 more) ...":0.00,"Deductible__c":5000.00,"Deductible_Met__c":0.00,"Max_Out_of_Pocket_Re (10 more) ...":10000.00,"Insurance_Company_is (18 more) ...":false,"Annual_Max_Remaining (3 more) ...":1000000,"Deductible_Remaining (3 more) ...":5000.00,"Detox_Pays_at__c":80.00,"RTC_Pays_at__c":80.00,"PHP_Pays_at__c":80.00,"IOP_Pays_at__c":80.00,"Uncovered_Days_Rate_ (2 more) ...":630.00,"Room_and_Board_Days_ (7 more) ...":2000.00,"Deductible_Included_ (9 more) ...":"Yes","Lifetime_Max__c":1000000.00,"Lifetime_Max_Met__c":0.00,"Annual_Max__c":1000000.00,"Annual_Max_Met__c":0.00,"Max_Out_of_Pocket__c":10000.00,"Max_Out_of_Pocket_Me (4 more) ...":0.00,"RecordType":{"Name":"In Network","Id":"012j00000015GS6AAM"},"Patient_Insurance__r":{"Opportunity__c":"00629000004NTeZAAW","Accreditation__c":"State","Insurance_Company__c":"0012900000AXSP3AAP","Id":"a1b29000000lvHQAAY","Insurance_Company__r":{"Name":"Value Options/Beacon (7 more) ...","Id":"0012900000AXSP3AAP","RecordTypeId":"012j00000015GRqAAM"}}}|0x51957a04
08:21:17.0 (63322857)|STATEMENT_EXECUTE|[263]
08:21:17.0 (63325646)|STATEMENT_EXECUTE|[264]
08:21:17.0 (63391175)|HEAP_ALLOCATE|[264]|Bytes:18
08:21:17.0 (63502415)|HEAP_ALLOCATE|[264]|Bytes:3
08:21:17.0 (63536459)|HEAP_ALLOCATE|[264]|Bytes:35
08:21:17.0 (63614366)|HEAP_ALLOCATE|[EXTERNAL]|Bytes:4
08:21:17.0 (63635076)|HEAP_ALLOCATE|[263]|Bytes:5
08:21:17.0 (63654736)|HEAP_ALLOCATE|[263]|Bytes:108
08:21:17.0 (63664443)|VARIABLE_SCOPE_BEGIN|[263]|insrncBnftInstance|Insurance_Benefit__c|true|false
08:21:17.0 (63705682)|VARIABLE_ASSIGNMENT|[263]|insrncBnftInstance|{"Id":"a1H29000000pRTZEA2","Name":"Insurance Benefit 75 (2 more) ...","RecordTypeId":"012j00000015GS7AAM","Patient_Insurance__c":"a1b29000000lvHQAAY","PHP_Admit_Co_Payment (3 more) ...":0.00,"Deductible__c":10000.00,"Deductible_Met__c":0.00,"Max_Out_of_Pocket_Re (10 more) ...":20000.00,"Insurance_Company_is (18 more) ...":false,"Annual_Max_Remaining (3 more) ...":1000000,"Deductible_Remaining (3 more) ...":10000.00,"Detox_Pays_at__c":60.00,"RTC_Pays_at__c":60.00,"PHP_Pays_at__c":60.00,"IOP_Pays_at__c":60.00,"Uncovered_Days_Rate_ (2 more) ...":630.00,"Room_and_Board_Days_ (7 more) ...":2000.00,"Deductible_Included_ (9 more) ...":"Yes","Lifetime_Max__c":1000000.00,"Lifetime_Max_Met__c":0.00,"Annual_Max__c":1000000.00,"Annual_Max_Met__c":0.00,"Max_Out_of_Pocket__c":20000.00,"Max_Out_of_Pocket_Me (4 more) ...":0.00,"RecordType":{"Name":"Out of Network","Id":"012j00000015GS7AAM"},"Patient_Insurance__r":{"Opportunity__c":"00629000004NTeZAAW","Accreditation__c":"State","Insurance_Company__c":"0012900000AXSP3AAP","Id":"a1b29000000lvHQAAY","Insurance_Company__r":{"Name":"Value Options/Beacon (7 more) ...","Id":"0012900000AXSP3AAP","RecordTypeId":"012j00000015GRqAAM"}}}|0x106676fd
08:21:17.0 (63730648)|STATEMENT_EXECUTE|[263]
08:21:17.0 (63732226)|STATEMENT_EXECUTE|[264]
08:21:17.0 (63748251)|HEAP_ALLOCATE|[264]|Bytes:18
08:21:17.0 (63777373)|HEAP_ALLOCATE|[264]|Bytes:39
08:21:17.0 (63798555)|HEAP_ALLOCATE|[EXTERNAL]|Bytes:4
08:21:17.0 (63825331)|HEAP_ALLOCATE|[263]|Bytes:5
08:21:17.0 (63849048)|VARIABLE_ASSIGNMENT|[263]|insrncBnftInstance|null|
08:21:17.0 (64061881)|VARIABLE_ASSIGNMENT|[EXTERNAL]|this|{"cmpnyRateAdjstmntMap":"0x7188d607","estmtCnrgDaysMap":"0x581283d9","estmtCvrgeDaysObj":"0x6fc3ff51","faciltyOptions":"0x6f54171f","fcltyPrgmMap":"0x58dbcc1c","fcltyPrgrmOptions":"0x149b9095","idToOwnershipFacilit (4 more) ...":"0x6452cc20","idToTypeFacilityMap":"0x2b71c35a","insrncBnftMap":"0x3cbaae4e","insrncBnftOptions":"0x659b7310","isIop":false,"isTalbott":false,"meta":"0x175a904f","oppId":"00629000004NTeZ","pawObj":"0x3214eaed","ptntInsrnceOptions":"0x7d1f49ca","ptntInsrncMap":"0x4322a68a","ptntInsrncObj":"0x70bfa944","quoteObj":"0x398e49","recordId":"00629000004NTeZ","rtAdjstmntOptions":"0x15ef4f21","showPILookup":false,"sObjectQueryStr":"","wrprObj":"0x3183b2a0"}|0xc27e861
08:21:17.0 (64213825)|VARIABLE_ASSIGNMENT|[EXTERNAL]|this|{"facilitySelected":"001j000000NqKMtAAN","fcltyPrgrmSelected":"a1B290000003SEdEAM","insrncBnft":"0x39f6a514","insrncBnftSelected":"a1H29000000pRTUEA2","pawDetailListDisplay (4 more) ...":false,"pyAgrmntWrksht":"0x3d59536e","rateAdjstmntSelected":"a1I29000000HR5FEAW","relatedPAWDetailsLis (1 more) ...":"0x23c14a87","targetEDR":0.00,"totalAppliedDeductib (2 more) ...":0.00,"totalCoInsurance":0.00,"totalCoPayAmt":0.00,"totalInsCoResp":0.00,"totalInsEIVAmt":0.00,"totalRowCount":20,"totalTalbottDay":0}|0x3183b2a0
08:21:17.0 (64320793)|VARIABLE_ASSIGNMENT|[EXTERNAL]|this|{"cmpnyRateAdjstmntMap":"0x7188d607","estmtCnrgDaysMap":"0x581283d9","estmtCvrgeDaysObj":"0x6fc3ff51","faciltyOptions":"0x6f54171f","fcltyPrgmMap":"0x58dbcc1c","fcltyPrgrmOptions":"0x149b9095","idToOwnershipFacilit (4 more) ...":"0x6452cc20","idToTypeFacilityMap":"0x2b71c35a","insrncBnftMap":"0x3cbaae4e","insrncBnftOptions":"0x659b7310","isIop":false,"isTalbott":false,"meta":"0x175a904f","oppId":"00629000004NTeZ","pawObj":"0x3214eaed","ptntInsrnceOptions":"0x7d1f49ca","ptntInsrncMap":"0x4322a68a","ptntInsrncObj":"0x70bfa944","quoteObj":"0x398e49","recordId":"00629000004NTeZ","rtAdjstmntOptions":"0x15ef4f21","showPILookup":false,"sObjectQueryStr":"","wrprObj":"0x3183b2a0"}|0xc27e861
08:21:17.0 (64393901)|VARIABLE_ASSIGNMENT|[EXTERNAL]|this|{"facilitySelected":"001j000000NqKMtAAN","fcltyPrgrmSelected":"a1B290000003SEdEAM","insrncBnft":"0x39f6a514","insrncBnftSelected":"a1H29000000pRTUEA2","pawDetailListDisplay (4 more) ...":false,"pyAgrmntWrksht":"0x3d59536e","rateAdjstmntSelected":"a1I29000000HR5FEAW","relatedPAWDetailsLis (1 more) ...":"0x23c14a87","targetEDR":0.00,"totalAppliedDeductib (2 more) ...":0.00,"totalCoInsurance":0.00,"totalCoPayAmt":0.00,"totalInsCoResp":0.00,"totalInsEIVAmt":0.00,"totalRowCount":20,"totalTalbottDay":0}|0x3183b2a0
08:21:17.0 (64443184)|STATEMENT_EXECUTE|[267]
08:21:17.0 (64445198)|STATEMENT_EXECUTE|[268]
08:21:17.0 (64555093)|VARIABLE_ASSIGNMENT|[EXTERNAL]|this|{"cmpnyRateAdjstmntMap":"0x7188d607","estmtCnrgDaysMap":"0x581283d9","estmtCvrgeDaysObj":"0x6fc3ff51","faciltyOptions":"0x6f54171f","fcltyPrgmMap":"0x58dbcc1c","fcltyPrgrmOptions":"0x149b9095","idToOwnershipFacilit (4 more) ...":"0x6452cc20","idToTypeFacilityMap":"0x2b71c35a","insrncBnftMap":"0x3cbaae4e","insrncBnftOptions":"0x659b7310","isIop":false,"isTalbott":false,"meta":"0x175a904f","oppId":"00629000004NTeZ","pawObj":"0x3214eaed","ptntInsrnceOptions":"0x7d1f49ca","ptntInsrncMap":"0x4322a68a","ptntInsrncObj":"0x70bfa944","quoteObj":"0x398e49","recordId":"00629000004NTeZ","rtAdjstmntOptions":"0x15ef4f21","showPILookup":false,"sObjectQueryStr":"","wrprObj":"0x3183b2a0"}|0xc27e861
08:21:17.0 (64646438)|VARIABLE_ASSIGNMENT|[EXTERNAL]|this|{"facilitySelected":"001j000000NqKMtAAN","fcltyPrgrmSelected":"a1B290000003SEdEAM","insrncBnft":"0x39f6a514","insrncBnftSelected":"a1H29000000pRTUEA2","pawDetailListDisplay (4 more) ...":false,"pyAgrmntWrksht":"0x3d59536e","rateAdjstmntSelected":"a1I29000000HR5FEAW","relatedPAWDetailsLis (1 more) ...":"0x23c14a87","targetEDR":0.00,"totalAppliedDeductib (2 more) ...":0.00,"totalCoInsurance":0.00,"totalCoPayAmt":0.00,"totalInsCoResp":0.00,"totalInsEIVAmt":0.00,"totalRowCount":20,"totalTalbottDay":0}|0x3183b2a0
08:21:17.0 (64793451)|VARIABLE_ASSIGNMENT|[EXTERNAL]|this|{"cmpnyRateAdjstmntMap":"0x7188d607","estmtCnrgDaysMap":"0x581283d9","estmtCvrgeDaysObj":"0x6fc3ff51","faciltyOptions":"0x6f54171f","fcltyPrgmMap":"0x58dbcc1c","fcltyPrgrmOptions":"0x149b9095","idToOwnershipFacilit (4 more) ...":"0x6452cc20","idToTypeFacilityMap":"0x2b71c35a","insrncBnftMap":"0x3cbaae4e","insrncBnftOptions":"0x659b7310","isIop":false,"isTalbott":false,"meta":"0x175a904f","oppId":"00629000004NTeZ","pawObj":"0x3214eaed","ptntInsrnceOptions":"0x7d1f49ca","ptntInsrncMap":"0x4322a68a","ptntInsrncObj":"0x70bfa944","quoteObj":"0x398e49","recordId":"00629000004NTeZ","rtAdjstmntOptions":"0x15ef4f21","showPILookup":false,"sObjectQueryStr":"","wrprObj":"0x3183b2a0"}|0xc27e861
08:21:17.0 (64870749)|VARIABLE_ASSIGNMENT|[EXTERNAL]|this|{"facilitySelected":"001j000000NqKMtAAN","fcltyPrgrmSelected":"a1B290000003SEdEAM","insrncBnft":"0x39f6a514","insrncBnftSelected":"a1H29000000pRTUEA2","pawDetailListDisplay (4 more) ...":false,"pyAgrmntWrksht":"0x3d59536e","rateAdjstmntSelected":"a1I29000000HR5FEAW","relatedPAWDetailsLis (1 more) ...":"0x23c14a87","targetEDR":0.00,"totalAppliedDeductib (2 more) ...":0.00,"totalCoInsurance":0.00,"totalCoPayAmt":0.00,"totalInsCoResp":0.00,"totalInsEIVAmt":0.00,"totalRowCount":20,"totalTalbottDay":0}|0x3183b2a0
08:21:17.0 (64937291)|VARIABLE_ASSIGNMENT|[EXTERNAL]|value|{"Id":"a1H29000000pRTUEA2","Name":"Insurance Benefit 75 (2 more) ...","RecordTypeId":"012j00000015GS6AAM","Patient_Insurance__c":"a1b29000000lvHQAAY","PHP_Admit_Co_Payment (3 more) ...":0.00,"Deductible__c":5000.00,"Deductible_Met__c":0.00,"Max_Out_of_Pocket_Re (10 more) ...":10000.00,"Insurance_Company_is (18 more) ...":false,"Annual_Max_Remaining (3 more) ...":1000000,"Deductible_Remaining (3 more) ...":5000.00,"Detox_Pays_at__c":80.00,"RTC_Pays_at__c":80.00,"PHP_Pays_at__c":80.00,"IOP_Pays_at__c":80.00,"Uncovered_Days_Rate_ (2 more) ...":630.00,"Room_and_Board_Days_ (7 more) ...":2000.00,"Deductible_Included_ (9 more) ...":"Yes","Lifetime_Max__c":1000000.00,"Lifetime_Max_Met__c":0.00,"Annual_Max__c":1000000.00,"Annual_Max_Met__c":0.00,"Max_Out_of_Pocket__c":10000.00,"Max_Out_of_Pocket_Me (4 more) ...":0.00,"RecordType":{"Name":"In Network","Id":"012j00000015GS6AAM"},"Patient_Insurance__r":{"Opportunity__c":"00629000004NTeZAAW","Accreditation__c":"State","Insurance_Company__c":"0012900000AXSP3AAP","Id":"a1b29000000lvHQAAY","Insurance_Company__r":{"Name":"Value Options/Beacon (7 more) ...","Id":"0012900000AXSP3AAP","RecordTypeId":"012j00000015GRqAAM"}}}|0x51957a04
08:21:17.0 (65006356)|VARIABLE_ASSIGNMENT|[525]|this.insrncBnft|{"Id":"a1H29000000pRTUEA2","Name":"Insurance Benefit 75 (2 more) ...","RecordTypeId":"012j00000015GS6AAM","Patient_Insurance__c":"a1b29000000lvHQAAY","PHP_Admit_Co_Payment (3 more) ...":0.00,"Deductible__c":5000.00,"Deductible_Met__c":0.00,"Max_Out_of_Pocket_Re (10 more) ...":10000.00,"Insurance_Company_is (18 more) ...":false,"Annual_Max_Remaining (3 more) ...":1000000,"Deductible_Remaining (3 more) ...":5000.00,"Detox_Pays_at__c":80.00,"RTC_Pays_at__c":80.00,"PHP_Pays_at__c":80.00,"IOP_Pays_at__c":80.00,"Uncovered_Days_Rate_ (2 more) ...":630.00,"Room_and_Board_Days_ (7 more) ...":2000.00,"Deductible_Included_ (9 more) ...":"Yes","Lifetime_Max__c":1000000.00,"Lifetime_Max_Met__c":0.00,"Annual_Max__c":1000000.00,"Annual_Max_Met__c":0.00,"Max_Out_of_Pocket__c":10000.00,"Max_Out_of_Pocket_Me (4 more) ...":0.00,"RecordType":{"Name":"In Network","Id":"012j00000015GS6AAM"},"Patient_Insurance__r":{"Opportunity__c":"00629000004NTeZAAW","Accreditation__c":"State","Insurance_Company__c":"0012900000AXSP3AAP","Id":"a1b29000000lvHQAAY","Insurance_Company__r":{"Name":"Value Options/Beacon (7 more) ...","Id":"0012900000AXSP3AAP","RecordTypeId":"012j00000015GRqAAM"}}}|0x3183b2a0
08:21:17.0 (65036304)|STATEMENT_EXECUTE|[272]
08:21:17.0 (65816421)|SYSTEM_MODE_ENTER|true
08:21:17.0 (66108907)|SYSTEM_MODE_ENTER|true
08:21:17.0 (66159845)|HEAP_ALLOCATE|[EXTERNAL]|Bytes:112
08:21:17.0 (66172593)|VARIABLE_SCOPE_BEGIN|[379]|this|PAW_New_EditCntrllr|true|false
08:21:17.0 (66290053)|VARIABLE_ASSIGNMENT|[379]|this|{"cmpnyRateAdjstmntMap":"0x7188d607","estmtCnrgDaysMap":"0x581283d9","estmtCvrgeDaysObj":"0x6fc3ff51","faciltyOptions":"0x6f54171f","fcltyPrgmMap":"0x58dbcc1c","fcltyPrgrmOptions":"0x149b9095","idToOwnershipFacilit (4 more) ...":"0x6452cc20","idToTypeFacilityMap":"0x2b71c35a","insrncBnftMap":"0x3cbaae4e","insrncBnftOptions":"0x659b7310","isIop":false,"isTalbott":false,"meta":"0x175a904f","oppId":"00629000004NTeZ","pawObj":"0x3214eaed","ptntInsrnceOptions":"0x7d1f49ca","ptntInsrncMap":"0x4322a68a","ptntInsrncObj":"0x70bfa944","quoteObj":"0x398e49","recordId":"00629000004NTeZ","rtAdjstmntOptions":"0x15ef4f21","showPILookup":false,"sObjectQueryStr":"","wrprObj":"0x3183b2a0"}|0xc27e861
08:21:17.0 (66321181)|STATEMENT_EXECUTE|[379]
08:21:17.0 (66324548)|STATEMENT_EXECUTE|[380]
08:21:17.0 (66340749)|HEAP_ALLOCATE|[380]|Bytes:4
08:21:17.0 (66423175)|HEAP_ALLOCATE|[EXTERNAL]|Bytes:4
08:21:17.0 (66444372)|VARIABLE_ASSIGNMENT|[380]|this.rtAdjstmntOptions|[]|0xc27e861
08:21:17.0 (66455951)|STATEMENT_EXECUTE|[381]
08:21:17.0 (66464187)|HEAP_ALLOCATE|[381]|Bytes:8
08:21:17.0 (66518741)|HEAP_ALLOCATE|[EXTERNAL]|Bytes:4
08:21:17.0 (66612282)|VARIABLE_ASSIGNMENT|[EXTERNAL]|this|{"cmpnyRateAdjstmntMap":"0x7188d607","estmtCnrgDaysMap":"0x581283d9","estmtCvrgeDaysObj":"0x6fc3ff51","faciltyOptions":"0x6f54171f","fcltyPrgmMap":"0x58dbcc1c","fcltyPrgrmOptions":"0x149b9095","idToOwnershipFacilit (4 more) ...":"0x6452cc20","idToTypeFacilityMap":"0x2b71c35a","insrncBnftMap":"0x3cbaae4e","insrncBnftOptions":"0x659b7310","isIop":false,"isTalbott":false,"meta":"0x175a904f","oppId":"00629000004NTeZ","pawObj":"0x3214eaed","ptntInsrnceOptions":"0x7d1f49ca","ptntInsrncMap":"0x4322a68a","ptntInsrncObj":"0x70bfa944","quoteObj":"0x398e49","recordId":"00629000004NTeZ","rtAdjstmntOptions":"0x47536f5e","showPILookup":false,"sObjectQueryStr":"","wrprObj":"0x3183b2a0"}|0xc27e861
08:21:17.0 (66690264)|VARIABLE_ASSIGNMENT|[EXTERNAL]|this|{"facilitySelected":"001j000000NqKMtAAN","fcltyPrgrmSelected":"a1B290000003SEdEAM","insrncBnft":"0x51957a04","insrncBnftSelected":"a1H29000000pRTUEA2","pawDetailListDisplay (4 more) ...":false,"pyAgrmntWrksht":"0x3d59536e","rateAdjstmntSelected":"a1I29000000HR5FEAW","relatedPAWDetailsLis (1 more) ...":"0x23c14a87","targetEDR":0.00,"totalAppliedDeductib (2 more) ...":0.00,"totalCoInsurance":0.00,"totalCoPayAmt":0.00,"totalInsCoResp":0.00,"totalInsEIVAmt":0.00,"totalRowCount":20,"totalTalbottDay":0}|0x3183b2a0
08:21:17.0 (66775449)|VARIABLE_ASSIGNMENT|[EXTERNAL]|this|{"cmpnyRateAdjstmntMap":"0x7188d607","estmtCnrgDaysMap":"0x581283d9","estmtCvrgeDaysObj":"0x6fc3ff51","faciltyOptions":"0x6f54171f","fcltyPrgmMap":"0x58dbcc1c","fcltyPrgrmOptions":"0x149b9095","idToOwnershipFacilit (4 more) ...":"0x6452cc20","idToTypeFacilityMap":"0x2b71c35a","insrncBnftMap":"0x3cbaae4e","insrncBnftOptions":"0x659b7310","isIop":false,"isTalbott":false,"meta":"0x175a904f","oppId":"00629000004NTeZ","pawObj":"0x3214eaed","ptntInsrnceOptions":"0x7d1f49ca","ptntInsrncMap":"0x4322a68a","ptntInsrncObj":"0x70bfa944","quoteObj":"0x398e49","recordId":"00629000004NTeZ","rtAdjstmntOptions":"0x47536f5e","showPILookup":false,"sObjectQueryStr":"","wrprObj":"0x3183b2a0"}|0xc27e861
08:21:17.0 (66850136)|VARIABLE_ASSIGNMENT|[EXTERNAL]|this|{"facilitySelected":"001j000000NqKMtAAN","fcltyPrgrmSelected":"a1B290000003SEdEAM","insrncBnft":"0x51957a04","insrncBnftSelected":"a1H29000000pRTUEA2","pawDetailListDisplay (4 more) ...":false,"pyAgrmntWrksht":"0x3d59536e","rateAdjstmntSelected":"a1I29000000HR5FEAW","relatedPAWDetailsLis (1 more) ...":"0x23c14a87","targetEDR":0.00,"totalAppliedDeductib (2 more) ...":0.00,"totalCoInsurance":0.00,"totalCoPayAmt":0.00,"totalInsCoResp":0.00,"totalInsEIVAmt":0.00,"totalRowCount":20,"totalTalbottDay":0}|0x3183b2a0
08:21:17.0 (66951109)|VARIABLE_ASSIGNMENT|[EXTERNAL]|this|{"cmpnyRateAdjstmntMap":"0x7188d607","estmtCnrgDaysMap":"0x581283d9","estmtCvrgeDaysObj":"0x6fc3ff51","faciltyOptions":"0x6f54171f","fcltyPrgmMap":"0x58dbcc1c","fcltyPrgrmOptions":"0x149b9095","idToOwnershipFacilit (4 more) ...":"0x6452cc20","idToTypeFacilityMap":"0x2b71c35a","insrncBnftMap":"0x3cbaae4e","insrncBnftOptions":"0x659b7310","isIop":false,"isTalbott":false,"meta":"0x175a904f","oppId":"00629000004NTeZ","pawObj":"0x3214eaed","ptntInsrnceOptions":"0x7d1f49ca","ptntInsrncMap":"0x4322a68a","ptntInsrncObj":"0x70bfa944","quoteObj":"0x398e49","recordId":"00629000004NTeZ","rtAdjstmntOptions":"0x47536f5e","showPILookup":false,"sObjectQueryStr":"","wrprObj":"0x3183b2a0"}|0xc27e861
08:21:17.0 (66976861)|STATEMENT_EXECUTE|[382]
08:21:17.0 (66978729)|STATEMENT_EXECUTE|[383]
08:21:17.0 (67019442)|HEAP_ALLOCATE|[383]|Bytes:4
08:21:17.0 (67029384)|HEAP_ALLOCATE|[383]|Bytes:287
08:21:17.0 (67043547)|HEAP_ALLOCATE|[383]|Bytes:4
08:21:17.0 (67134995)|VARIABLE_ASSIGNMENT|[EXTERNAL]|this|{"cmpnyRateAdjstmntMap":"0x7188d607","estmtCnrgDaysMap":"0x581283d9","estmtCvrgeDaysObj":"0x6fc3ff51","faciltyOptions":"0x6f54171f","fcltyPrgmMap":"0x58dbcc1c","fcltyPrgrmOptions":"0x149b9095","idToOwnershipFacilit (4 more) ...":"0x6452cc20","idToTypeFacilityMap":"0x2b71c35a","insrncBnftMap":"0x3cbaae4e","insrncBnftOptions":"0x659b7310","isIop":false,"isTalbott":false,"meta":"0x175a904f","oppId":"00629000004NTeZ","pawObj":"0x3214eaed","ptntInsrnceOptions":"0x7d1f49ca","ptntInsrncMap":"0x4322a68a","ptntInsrncObj":"0x70bfa944","quoteObj":"0x398e49","recordId":"00629000004NTeZ","rtAdjstmntOptions":"0x47536f5e","showPILookup":false,"sObjectQueryStr":"","wrprObj":"0x3183b2a0"}|0xc27e861
08:21:17.0 (67199160)|HEAP_ALLOCATE|[383]|Bytes:7
08:21:17.0 (67330196)|VARIABLE_ASSIGNMENT|[EXTERNAL]|this|{"cmpnyRateAdjstmntMap":"0x7188d607","estmtCnrgDaysMap":"0x581283d9","estmtCvrgeDaysObj":"0x6fc3ff51","faciltyOptions":"0x6f54171f","fcltyPrgmMap":"0x58dbcc1c","fcltyPrgrmOptions":"0x149b9095","idToOwnershipFacilit (4 more) ...":"0x6452cc20","idToTypeFacilityMap":"0x2b71c35a","insrncBnftMap":"0x3cbaae4e","insrncBnftOptions":"0x659b7310","isIop":false,"isTalbott":false,"meta":"0x175a904f","oppId":"00629000004NTeZ","pawObj":"0x3214eaed","ptntInsrnceOptions":"0x7d1f49ca","ptntInsrncMap":"0x4322a68a","ptntInsrncObj":"0x70bfa944","quoteObj":"0x398e49","recordId":"00629000004NTeZ","rtAdjstmntOptions":"0x47536f5e","showPILookup":false,"sObjectQueryStr":"","wrprObj":"0x3183b2a0"}|0xc27e861
08:21:17.0 (67426276)|VARIABLE_ASSIGNMENT|[EXTERNAL]|this|{"facilitySelected":"001j000000NqKMtAAN","fcltyPrgrmSelected":"a1B290000003SEdEAM","insrncBnft":"0x51957a04","insrncBnftSelected":"a1H29000000pRTUEA2","pawDetailListDisplay (4 more) ...":false,"pyAgrmntWrksht":"0x3d59536e","rateAdjstmntSelected":"a1I29000000HR5FEAW","relatedPAWDetailsLis (1 more) ...":"0x23c14a87","targetEDR":0.00,"totalAppliedDeductib (2 more) ...":0.00,"totalCoInsurance":0.00,"totalCoPayAmt":0.00,"totalInsCoResp":0.00,"totalInsEIVAmt":0.00,"totalRowCount":20,"totalTalbottDay":0}|0x3183b2a0
08:21:17.0 (68089280)|SOQL_EXECUTE_BEGIN|[383]|Aggregations:0|SELECT Id, Name, Type__c, Rate_Adjustment__c, In_Network_Rate_Adjustment__c, Out_of_Network_Rate_Adjustment__c, Active_Date__c, Term_Date__c FROM Insurance_Company_Rate_Adjustment__c WHERE (Insurance_Company__c = :tmpVar1 AND FRN_Facility__c = :tmpVar2) ORDER BY Type__c DESC NULLS FIRST
08:21:17.0 (74312472)|SOQL_EXECUTE_END|[383]|Rows:2
08:21:17.0 (74351405)|HEAP_ALLOCATE|[383]|Bytes:12
08:21:17.0 (74378752)|HEAP_ALLOCATE|[383]|Bytes:319
08:21:17.0 (74460820)|HEAP_ALLOCATE|[383]|Bytes:12
08:21:17.0 (74513009)|HEAP_ALLOCATE|[383]|Bytes:24
08:21:17.0 (74535723)|HEAP_ALLOCATE|[383]|Bytes:4
08:21:17.0 (74549934)|HEAP_ALLOCATE|[383]|Bytes:24
08:21:17.0 (74566829)|HEAP_ALLOCATE|[383]|Bytes:4
08:21:17.0 (74649110)|VARIABLE_ASSIGNMENT|[383]|this.cmpnyRateAdjstmntMap|{"a1I29000000HR5FEAW":{"Id":"a1I29000000HR5FEAW","Name":"Ins Co Rate Adjstmt  (5 more) ...","Type__c":"Contracted","Rate_Adjustment__c":3.00,"Active_Date__c":"2017-02-24T00:00:00.000Z"},"a1I29000000HR5EEAW":{"Id":"a1I29000000HR5EEAW","Name":"Ins Co Rate Adjstmt  (5 more) ...","Type__c":"OON","Rate_Adjustment__c":15.00,"Active_Date__c":"2017-02-24T00:00:00.000Z"}}|0xc27e861
08:21:17.0 (74722799)|HEAP_ALLOCATE|[EXTERNAL]|Bytes:12
08:21:17.0 (74739071)|HEAP_ALLOCATE|[395]|Bytes:329
08:21:17.0 (74925071)|HEAP_ALLOCATE|[395]|Bytes:5
08:21:17.0 (74959779)|HEAP_ALLOCATE|[395]|Bytes:24
08:21:17.0 (74983111)|VARIABLE_SCOPE_BEGIN|[395]|rateAdjstmntInstance|Insurance_Company_Rate_Adjustment__c|true|false
08:21:17.0 (75025399)|VARIABLE_ASSIGNMENT|[395]|rateAdjstmntInstance|{"Id":"a1I29000000HR5FEAW","Name":"Ins Co Rate Adjstmt  (5 more) ...","Type__c":"Contracted","Rate_Adjustment__c":3.00,"Active_Date__c":"2017-02-24T00:00:00.000Z"}|0x2db62a2f
08:21:17.0 (75043734)|STATEMENT_EXECUTE|[395]
08:21:17.0 (75102975)|METHOD_ENTRY|[396]|01p0a000004sKzV|PAW_New_EditCntrllr.checkIfActive(Insurance_Company_Rate_Adjustment__c)
08:21:17.0 (75137766)|VARIABLE_SCOPE_BEGIN|[496]|this|PAW_New_EditCntrllr|true|false
08:21:17.0 (75246361)|VARIABLE_ASSIGNMENT|[496]|this|{"cmpnyRateAdjstmntMap":"0x4fcaad44","estmtCnrgDaysMap":"0x581283d9","estmtCvrgeDaysObj":"0x6fc3ff51","faciltyOptions":"0x6f54171f","fcltyPrgmMap":"0x58dbcc1c","fcltyPrgrmOptions":"0x149b9095","idToOwnershipFacilit (4 more) ...":"0x6452cc20","idToTypeFacilityMap":"0x2b71c35a","insrncBnftMap":"0x3cbaae4e","insrncBnftOptions":"0x659b7310","isIop":false,"isTalbott":false,"meta":"0x175a904f","oppId":"00629000004NTeZ","pawObj":"0x3214eaed","ptntInsrnceOptions":"0x7d1f49ca","ptntInsrncMap":"0x4322a68a","ptntInsrncObj":"0x70bfa944","quoteObj":"0x398e49","recordId":"00629000004NTeZ","rtAdjstmntOptions":"0x47536f5e","showPILookup":false,"sObjectQueryStr":"","wrprObj":"0x3183b2a0"}|0xc27e861
08:21:17.0 (75273528)|VARIABLE_SCOPE_BEGIN|[496]|pInsRateAdjustmentOnj|Insurance_Company_Rate_Adjustment__c|true|false
08:21:17.0 (75305518)|VARIABLE_ASSIGNMENT|[496]|pInsRateAdjustmentOnj|{"Id":"a1I29000000HR5FEAW","Name":"Ins Co Rate Adjstmt  (5 more) ...","Type__c":"Contracted","Rate_Adjustment__c":3.00,"Active_Date__c":"2017-02-24T00:00:00.000Z"}|0x2db62a2f
08:21:17.0 (75317592)|STATEMENT_EXECUTE|[496]
08:21:17.0 (75319160)|STATEMENT_EXECUTE|[497]
08:21:17.0 (75365481)|HEAP_ALLOCATE|[497]|Bytes:4
08:21:17.0 (75418268)|VARIABLE_SCOPE_BEGIN|[497]|todayDate|Date|false|false
08:21:17.0 (75451618)|VARIABLE_ASSIGNMENT|[497]|todayDate|"2018-01-17T00:00:00.000Z"
08:21:17.0 (75493856)|STATEMENT_EXECUTE|[498]
08:21:17.0 (75496139)|STATEMENT_EXECUTE|[499]
08:21:17.0 (75507621)|VARIABLE_SCOPE_BEGIN|[499]|endDate|Date|false|false
08:21:17.0 (75540931)|VARIABLE_ASSIGNMENT|[499]|endDate|"2018-01-17T00:00:00.000Z"
08:21:17.0 (75636007)|STATEMENT_EXECUTE|[500]
08:21:17.0 (75638738)|STATEMENT_EXECUTE|[501]
08:21:17.0 (75644883)|METHOD_EXIT|[396]|01p0a000004sKzV|PAW_New_EditCntrllr.checkIfActive(Insurance_Company_Rate_Adjustment__c)
08:21:17.0 (75659654)|STATEMENT_EXECUTE|[397]
08:21:17.0 (75707878)|HEAP_ALLOCATE|[397]|Bytes:18
08:21:17.0 (75809285)|HEAP_ALLOCATE|[EXTERNAL]|Bytes:4
08:21:17.0 (75840474)|HEAP_ALLOCATE|[395]|Bytes:5
08:21:17.0 (75864441)|HEAP_ALLOCATE|[395]|Bytes:24
08:21:17.0 (75880575)|VARIABLE_SCOPE_BEGIN|[395]|rateAdjstmntInstance|Insurance_Company_Rate_Adjustment__c|true|false
08:21:17.0 (75918670)|VARIABLE_ASSIGNMENT|[395]|rateAdjstmntInstance|{"Id":"a1I29000000HR5EEAW","Name":"Ins Co Rate Adjstmt  (5 more) ...","Type__c":"OON","Rate_Adjustment__c":15.00,"Active_Date__c":"2017-02-24T00:00:00.000Z"}|0x51405917
08:21:17.0 (75934218)|STATEMENT_EXECUTE|[395]
08:21:17.0 (75962034)|METHOD_ENTRY|[396]|01p0a000004sKzV|PAW_New_EditCntrllr.checkIfActive(Insurance_Company_Rate_Adjustment__c)
08:21:17.0 (75977127)|VARIABLE_SCOPE_BEGIN|[496]|this|PAW_New_EditCntrllr|true|false
08:21:17.0 (76071252)|VARIABLE_ASSIGNMENT|[496]|this|{"cmpnyRateAdjstmntMap":"0x4fcaad44","estmtCnrgDaysMap":"0x581283d9","estmtCvrgeDaysObj":"0x6fc3ff51","faciltyOptions":"0x6f54171f","fcltyPrgmMap":"0x58dbcc1c","fcltyPrgrmOptions":"0x149b9095","idToOwnershipFacilit (4 more) ...":"0x6452cc20","idToTypeFacilityMap":"0x2b71c35a","insrncBnftMap":"0x3cbaae4e","insrncBnftOptions":"0x659b7310","isIop":false,"isTalbott":false,"meta":"0x175a904f","oppId":"00629000004NTeZ","pawObj":"0x3214eaed","ptntInsrnceOptions":"0x7d1f49ca","ptntInsrncMap":"0x4322a68a","ptntInsrncObj":"0x70bfa944","quoteObj":"0x398e49","recordId":"00629000004NTeZ","rtAdjstmntOptions":"0x47536f5e","showPILookup":false,"sObjectQueryStr":"","wrprObj":"0x3183b2a0"}|0xc27e861
08:21:17.0 (76090414)|VARIABLE_SCOPE_BEGIN|[496]|pInsRateAdjustmentOnj|Insurance_Company_Rate_Adjustment__c|true|false
08:21:17.0 (76114206)|VARIABLE_ASSIGNMENT|[496]|pInsRateAdjustmentOnj|{"Id":"a1I29000000HR5EEAW","Name":"Ins Co Rate Adjstmt  (5 more) ...","Type__c":"OON","Rate_Adjustment__c":15.00,"Active_Date__c":"2017-02-24T00:00:00.000Z"}|0x51405917
08:21:17.0 (76124763)|STATEMENT_EXECUTE|[496]
08:21:17.0 (76126113)|STATEMENT_EXECUTE|[497]
08:21:17.0 (76141011)|HEAP_ALLOCATE|[497]|Bytes:4
08:21:17.0 (76159193)|VARIABLE_SCOPE_BEGIN|[497]|todayDate|Date|false|false
08:21:17.0 (76178144)|VARIABLE_ASSIGNMENT|[497]|todayDate|"2018-01-17T00:00:00.000Z"
08:21:17.0 (76188986)|STATEMENT_EXECUTE|[498]
08:21:17.0 (76190260)|STATEMENT_EXECUTE|[499]
08:21:17.0 (76197835)|VARIABLE_SCOPE_BEGIN|[499]|endDate|Date|false|false
08:21:17.0 (76213754)|VARIABLE_ASSIGNMENT|[499]|endDate|"2018-01-17T00:00:00.000Z"
08:21:17.0 (76245122)|STATEMENT_EXECUTE|[500]
08:21:17.0 (76246855)|STATEMENT_EXECUTE|[501]
08:21:17.0 (76252315)|METHOD_EXIT|[396]|01p0a000004sKzV|PAW_New_EditCntrllr.checkIfActive(Insurance_Company_Rate_Adjustment__c)
08:21:17.0 (76259775)|STATEMENT_EXECUTE|[397]
08:21:17.0 (76270520)|HEAP_ALLOCATE|[397]|Bytes:18
08:21:17.0 (76290744)|HEAP_ALLOCATE|[EXTERNAL]|Bytes:4
08:21:17.0 (76306540)|HEAP_ALLOCATE|[395]|Bytes:5
08:21:17.0 (76322179)|VARIABLE_ASSIGNMENT|[395]|rateAdjstmntInstance|null|
08:21:17.0 (76329872)|STATEMENT_EXECUTE|[400]
08:21:17.0 (77079751)|SYSTEM_MODE_ENTER|true
08:21:17.90 (90549656)|SYSTEM_MODE_ENTER|true
08:21:17.90 (90673684)|HEAP_ALLOCATE|[EXTERNAL]|Bytes:8
08:21:17.90 (90696965)|VARIABLE_SCOPE_BEGIN|[88]|this|ApexPage.PageMessagesComponentController|true|false
08:21:17.90 (90760084)|VARIABLE_ASSIGNMENT|[88]|this|{}|0x7b7a9345
08:21:17.90 (90774859)|VARIABLE_SCOPE_BEGIN|[88]|escape|Boolean|false|false
08:21:17.90 (90789401)|VARIABLE_ASSIGNMENT|[88]|escape|null
08:21:17.0 (91519572)|HEAP_ALLOCATE|[EXTERNAL]|Bytes:18
08:21:17.0 (91533272)|HEAP_ALLOCATE|[EXTERNAL]|Bytes:84
08:21:17.0 (91556946)|VARIABLE_ASSIGNMENT|[EXTERNAL]|this.insrncBnftSelected|"a1H29000000pRTUEA2"|0x3183b2a0
08:21:17.0 (91685299)|HEAP_ALLOCATE|[EXTERNAL]|Bytes:18
08:21:17.0 (91696789)|HEAP_ALLOCATE|[EXTERNAL]|Bytes:84
08:21:17.0 (91712123)|VARIABLE_ASSIGNMENT|[EXTERNAL]|this.facilitySelected|"001j000000NqKMtAAN"|0x3183b2a0
08:21:17.0 (91796481)|HEAP_ALLOCATE|[EXTERNAL]|Bytes:18
08:21:17.0 (91804153)|HEAP_ALLOCATE|[EXTERNAL]|Bytes:84
08:21:17.0 (91822782)|VARIABLE_ASSIGNMENT|[EXTERNAL]|this.rateAdjstmntSelected|"a1I29000000HR5FEAW"|0x3183b2a0
08:21:17.0 (91901497)|HEAP_ALLOCATE|[EXTERNAL]|Bytes:18
08:21:17.0 (91908527)|HEAP_ALLOCATE|[EXTERNAL]|Bytes:84
08:21:17.0 (91917600)|VARIABLE_ASSIGNMENT|[EXTERNAL]|this.fcltyPrgrmSelected|"a1B290000003SEdEAM"|0x3183b2a0
08:21:17.119 (119294644)|SYSTEM_MODE_ENTER|true
08:21:17.119 (119437952)|HEAP_ALLOCATE|[EXTERNAL]|Bytes:8
08:21:17.119 (119457740)|VARIABLE_SCOPE_BEGIN|[88]|this|ApexPage.PageMessagesComponentController|true|false
08:21:17.119 (119513975)|VARIABLE_ASSIGNMENT|[88]|this|{}|0x7b7a9345
08:21:17.119 (119522183)|VARIABLE_SCOPE_BEGIN|[88]|escape|Boolean|false|false
08:21:17.119 (119531898)|VARIABLE_ASSIGNMENT|[88]|escape|null
08:21:17.119 (119688243)|SYSTEM_MODE_ENTER|true
08:21:17.119 (119730280)|HEAP_ALLOCATE|[EXTERNAL]|Bytes:8
08:21:17.119 (119739360)|VARIABLE_SCOPE_BEGIN|[2]|this|ApexPage.PageMessagesComponentController|true|false
08:21:17.119 (119762427)|VARIABLE_ASSIGNMENT|[2]|this|{}|0x7b7a9345
08:21:17.0 (120323468)|SYSTEM_MODE_ENTER|true
08:21:17.0 (120495018)|SYSTEM_MODE_ENTER|true
08:21:17.0 (120895482)|SYSTEM_MODE_ENTER|true
08:21:17.0 (125483481)|SYSTEM_MODE_ENTER|true
08:21:17.0 (125563915)|SYSTEM_MODE_ENTER|true
08:21:17.0 (139736481)|VF_SERIALIZE_VIEWSTATE_BEGIN|0660a0000009uTC
08:21:17.0 (148372197)|VF_SERIALIZE_VIEWSTATE_END
08:21:17.158 (158314449)|CUMULATIVE_LIMIT_USAGE
08:21:17.158 (158314449)|LIMIT_USAGE_FOR_NS|(default)|
  Number of SOQL queries: 2 out of 100
  Number of query rows: 4 out of 50000
  Number of SOSL queries: 0 out of 20
  Number of DML statements: 0 out of 150
  Number of DML rows: 0 out of 10000
  Maximum CPU time: 0 out of 10000
  Maximum heap size: 0 out of 6000000
  Number of callouts: 0 out of 100
  Number of Email Invocations: 0 out of 10
  Number of future calls: 0 out of 50
  Number of queueable jobs added to the queue: 0 out of 50
  Number of Mobile Apex push calls: 0 out of 10

08:21:17.158 (158314449)|CUMULATIVE_LIMIT_USAGE_END

08:21:17.0 (158374998)|CODE_UNIT_FINISHED|VF: /apex/PAW_New_Edit
08:21:17.0 (159207845)|EXECUTION_FINISHED
