37.0 APEX_CODE,FINEST;APEX_PROFILING,INFO;CALLOUT,INFO;DB,INFO;SYSTEM,DEBUG;VALIDATION,INFO;VISUALFORCE,INFO;WAVE,INFO;WORKFLOW,FINER
07:08:21.0 (63657)|USER_INFO|[EXTERNAL]|00529000000zYiy|bhakti.gujrathi@eternussolutions.com.frnstgng|Central Standard Time|GMT-06:00
07:08:21.0 (105589)|EXECUTION_STARTED
07:08:21.0 (110213)|CODE_UNIT_STARTED|[EXTERNAL]|0660a0000009uTC|VF: /apex/PAW_New_Edit
07:08:21.0 (271498)|VF_DESERIALIZE_VIEWSTATE_BEGIN|0660a0000009uTC
07:08:21.0 (3977325)|HEAP_ALLOCATE|[72]|Bytes:3
07:08:21.0 (4025159)|HEAP_ALLOCATE|[77]|Bytes:152
07:08:21.0 (4041718)|HEAP_ALLOCATE|[342]|Bytes:408
07:08:21.0 (4055640)|HEAP_ALLOCATE|[355]|Bytes:408
07:08:21.0 (4066636)|HEAP_ALLOCATE|[467]|Bytes:48
07:08:21.0 (4095758)|HEAP_ALLOCATE|[139]|Bytes:6
07:08:21.0 (4122596)|HEAP_ALLOCATE|[50]|Bytes:5
07:08:21.0 (4145017)|HEAP_ALLOCATE|[56]|Bytes:5
07:08:21.0 (4152229)|HEAP_ALLOCATE|[64]|Bytes:7
07:08:21.0 (7226743)|VARIABLE_SCOPE_BEGIN|[35]|PAW_New_EditCntrllr.globalSchemaMap|Map<String,Schema.SObjectType>|true|true
07:08:21.0 (7241225)|VARIABLE_SCOPE_BEGIN|[3]|PAW_New_EditCntrllr.yearEndMode|Boolean|false|true
07:08:21.0 (12153277)|VF_DESERIALIZE_VIEWSTATE_END
07:08:21.13 (13144437)|SYSTEM_MODE_ENTER|true
07:08:21.13 (13217668)|HEAP_ALLOCATE|[EXTERNAL]|Bytes:38
07:08:21.13 (13226883)|HEAP_ALLOCATE|[EXTERNAL]|Bytes:7
07:08:21.13 (13238200)|SYSTEM_METHOD_ENTRY|[1]|PageMessagesComponentController.PageMessagesComponentController()
07:08:21.13 (13244168)|STATEMENT_EXECUTE|[1]
07:08:21.14 (14090843)|SYSTEM_MODE_ENTER|true
07:08:21.14 (14142126)|HEAP_ALLOCATE|[EXTERNAL]|Bytes:8
07:08:21.14 (14150402)|VARIABLE_SCOPE_BEGIN|[88]|this|ApexPage.PageMessagesComponentController|true|false
07:08:21.14 (14191251)|VARIABLE_ASSIGNMENT|[88]|this|{}|0x79b772ce
07:08:21.14 (14198040)|VARIABLE_SCOPE_BEGIN|[88]|escape|Boolean|false|false
07:08:21.14 (14205482)|VARIABLE_ASSIGNMENT|[88]|escape|null
07:08:21.0 (14406377)|SYSTEM_MODE_ENTER|true
07:08:21.0 (14429487)|HEAP_ALLOCATE|[EXTERNAL]|Bytes:11
07:08:21.0 (14439780)|HEAP_ALLOCATE|[EXTERNAL]|Bytes:304
07:08:21.0 (14444301)|HEAP_ALLOCATE|[EXTERNAL]|Bytes:98
07:08:21.0 (14448001)|HEAP_ALLOCATE|[EXTERNAL]|Bytes:10
07:08:21.0 (14458758)|METHOD_ENTRY|[1]|01p0a000004sKzV|PAW_New_EditCntrllr.PAW_New_EditCntrllr()
07:08:21.0 (14463811)|STATEMENT_EXECUTE|[1]
07:08:21.0 (14466950)|STATEMENT_EXECUTE|[1]
07:08:21.0 (14468241)|STATEMENT_EXECUTE|[3]
07:08:21.0 (14540606)|VARIABLE_SCOPE_BEGIN|[3]|PAW_YearEnd_Config.setting|Year_End_PAW_Settings__c|true|true
07:08:21.0 (14554245)|HEAP_ALLOCATE|[3]|Bytes:1
07:08:21.0 (14559499)|HEAP_ALLOCATE|[3]|Bytes:1
07:08:21.0 (14601297)|METHOD_ENTRY|[1]|01p29000000Aswf|PAW_YearEnd_Config.PAW_YearEnd_Config()
07:08:21.0 (14606814)|STATEMENT_EXECUTE|[1]
07:08:21.0 (14609381)|STATEMENT_EXECUTE|[1]
07:08:21.0 (14624668)|SYSTEM_MODE_ENTER|false
07:08:21.0 (14631894)|HEAP_ALLOCATE|[3]|Bytes:5
07:08:21.0 (14638547)|SYSTEM_MODE_EXIT|false
07:08:21.0 (14646236)|METHOD_EXIT|[1]|PAW_YearEnd_Config
07:08:21.0 (14656428)|METHOD_ENTRY|[3]|01p29000000Aswf|PAW_YearEnd_Config.fetch()
07:08:21.0 (14682647)|SYSTEM_MODE_ENTER|false
07:08:21.0 (14687703)|HEAP_ALLOCATE|[6]|Bytes:5
07:08:21.0 (14691618)|STATEMENT_EXECUTE|[5]
07:08:21.0 (14695134)|STATEMENT_EXECUTE|[7]
07:08:21.0 (15505361)|HEAP_ALLOCATE|[7]|Bytes:20
07:08:21.0 (15551716)|VARIABLE_ASSIGNMENT|[7]|PAW_YearEnd_Config.setting|{"IsDeleted":false,"Name":"Year End PAW Setting (11 more) ...","SetupOwnerId":"00529000000zYiyAAE","Year_End_Mode_Enable (4 more) ...":false}|0x505a4f5e
07:08:21.0 (15560342)|STATEMENT_EXECUTE|[9]
07:08:21.0 (15563837)|HEAP_ALLOCATE|[9]|Bytes:14
07:08:21.0 (15700605)|HEAP_ALLOCATE|[9]|Bytes:145
07:08:21.0 (15725632)|HEAP_ALLOCATE|[9]|Bytes:159
07:08:21.0 (15746198)|USER_DEBUG|[9]|DEBUG|>>> setting : Year_End_PAW_Settings__c:{IsDeleted=false, Name=Year End PAW Settings (Profile), SetupOwnerId=00529000000zYiyAAE, Year_End_Mode_Enabled__c=false}
07:08:21.0 (15755465)|STATEMENT_EXECUTE|[10]
07:08:21.0 (15761008)|SYSTEM_MODE_EXIT|false
07:08:21.0 (15769156)|METHOD_EXIT|[3]|01p29000000Aswf|PAW_YearEnd_Config.fetch()
07:08:21.0 (15806168)|VARIABLE_ASSIGNMENT|[3]|PAW_New_EditCntrllr.yearEndMode|false
07:08:21.0 (15811888)|STATEMENT_EXECUTE|[522]
07:08:21.0 (15817079)|METHOD_EXIT|[1]|PAW_New_EditCntrllr
07:08:21.0 (16213596)|SYSTEM_MODE_ENTER|true
07:08:21.0 (16801541)|SYSTEM_MODE_ENTER|true
07:08:21.0 (16850482)|HEAP_ALLOCATE|[EXTERNAL]|Bytes:476
07:08:21.0 (16860693)|HEAP_ALLOCATE|[EXTERNAL]|Bytes:71
07:08:21.0 (21454032)|SYSTEM_MODE_ENTER|true
07:08:21.0 (21518896)|SYSTEM_MODE_ENTER|true
07:08:21.0 (26969725)|SYSTEM_MODE_ENTER|true
07:08:21.0 (27170342)|HEAP_ALLOCATE|[EXTERNAL]|Bytes:112
07:08:21.0 (27180734)|VARIABLE_SCOPE_BEGIN|[215]|this|PAW_New_EditCntrllr|true|false
07:08:21.0 (27272809)|VARIABLE_ASSIGNMENT|[215]|this|{"cmpnyRateAdjstmntMap":"0x72c69756","estmtCnrgDaysMap":"0x26dbca6e","estmtCvrgeDaysObj":"0x6e1e310d","faciltyOptions":"0xd70fbe","fcltyPrgmMap":"0x466d44d5","fcltyPrgrmOptions":"0x3e1d7ecc","idToOwnershipFacilit (4 more) ...":"0x2194a65b","idToTypeFacilityMap":"0x1906e728","insrncBnftMap":"0x35615331","insrncBnftOptions":"0x60dfb04f","isIop":false,"isTalbott":false,"meta":"0x647d7471","oppId":"00629000004NTeZ","pawObj":"0x4aecf071","ptntInsrnceOptions":"0x75abdac6","ptntInsrncMap":"0x68eb51f4","ptntInsrncObj":"0x7f2e686","quoteObj":"0x673a6e64","recordId":"00629000004NTeZ","rtAdjstmntOptions":"0x4a78658a","showPILookup":false,"sObjectQueryStr":"","wrprObj":"0x575d4cdf"}|0xb6dcc55
07:08:21.0 (27292835)|STATEMENT_EXECUTE|[215]
07:08:21.0 (27294591)|STATEMENT_EXECUTE|[216]
07:08:21.0 (27339018)|STATEMENT_EXECUTE|[217]
07:08:21.0 (27348685)|HEAP_ALLOCATE|[217]|Bytes:12
07:08:21.0 (27399831)|HEAP_ALLOCATE|[EXTERNAL]|Bytes:4
07:08:21.0 (27480347)|VARIABLE_ASSIGNMENT|[EXTERNAL]|this|{"cmpnyRateAdjstmntMap":"0x72c69756","estmtCnrgDaysMap":"0x26dbca6e","estmtCvrgeDaysObj":"0x6e1e310d","faciltyOptions":"0xd70fbe","fcltyPrgmMap":"0x466d44d5","fcltyPrgrmOptions":"0x3e1d7ecc","idToOwnershipFacilit (4 more) ...":"0x2194a65b","idToTypeFacilityMap":"0x1906e728","insrncBnftMap":"0x35615331","insrncBnftOptions":"0x60dfb04f","isIop":false,"isTalbott":false,"meta":"0x647d7471","oppId":"00629000004NTeZ","pawObj":"0x4aecf071","ptntInsrnceOptions":"0x75abdac6","ptntInsrncMap":"0x68eb51f4","ptntInsrncObj":"0x7f2e686","quoteObj":"0x673a6e64","recordId":"00629000004NTeZ","rtAdjstmntOptions":"0x4a78658a","showPILookup":false,"sObjectQueryStr":"","wrprObj":"0x575d4cdf"}|0xb6dcc55
07:08:21.0 (27501812)|STATEMENT_EXECUTE|[218]
07:08:21.0 (27503107)|STATEMENT_EXECUTE|[219]
07:08:21.0 (27532823)|HEAP_ALLOCATE|[219]|Bytes:4
07:08:21.0 (27539432)|HEAP_ALLOCATE|[219]|Bytes:1083
07:08:21.0 (27548780)|HEAP_ALLOCATE|[219]|Bytes:4
07:08:21.0 (27558269)|HEAP_ALLOCATE|[219]|Bytes:7
07:08:21.0 (27627305)|VARIABLE_ASSIGNMENT|[EXTERNAL]|this|{"cmpnyRateAdjstmntMap":"0x72c69756","estmtCnrgDaysMap":"0x26dbca6e","estmtCvrgeDaysObj":"0x6e1e310d","faciltyOptions":"0xd70fbe","fcltyPrgmMap":"0x466d44d5","fcltyPrgrmOptions":"0x3e1d7ecc","idToOwnershipFacilit (4 more) ...":"0x2194a65b","idToTypeFacilityMap":"0x1906e728","insrncBnftMap":"0x35615331","insrncBnftOptions":"0x60dfb04f","isIop":false,"isTalbott":false,"meta":"0x647d7471","oppId":"00629000004NTeZ","pawObj":"0x4aecf071","ptntInsrnceOptions":"0x75abdac6","ptntInsrncMap":"0x68eb51f4","ptntInsrncObj":"0x7f2e686","quoteObj":"0x673a6e64","recordId":"00629000004NTeZ","rtAdjstmntOptions":"0x4a78658a","showPILookup":false,"sObjectQueryStr":"","wrprObj":"0x575d4cdf"}|0xb6dcc55
07:08:21.0 (29035134)|SOQL_EXECUTE_BEGIN|[219]|Aggregations:0|SELECT Id, Name, RecordType.Name, Uncovered_Charges__c, Patient_Insurance__r.Accepts_Assignment_of_Benefits__c, Patient_Insurance__r.Opportunity__c, Patient_Insurance__r.Accreditation__c, Patient_Insurance__r.Insurance_Company__r.Name, PHP_Admit_Co_Payment__c, Detox_Admit_Co_Payment__c, RTC_Admit_Co_Payment__c, Deductible__c, Deductible_Met__c, IOP_Admit_Co_Payment__c, Max_Out_of_Pocket_Remaining__c, Insurance_Company_is_Out_of_Network__c, Annual_Max_Remaining__c, Deductible_Remaining__c, Detox_Pays_at__c, Detox_Over__c, RTC_Pays_at__c, Residential_Treatment_Override__c, PHP_Pays_at__c, Partial_Hospitalization_Override__c, IOP_Pays_at__c, Intensive_Outpatient_Override__c, Num_Days_Uncovered__c, Num_Days_Room__c, Uncovered_Days_Rate__c, Room_and_Board_Days_Rate__c, Uncovered_Days_Override__c, Room_and_Board_Days_Override__c, Deductible_Included_in_OOP__c, Uncovered_Days__c, Lifetime_Max__c, Lifetime_Max_Met__c, Annual_Max__c, Annual_Max_Met__c, Max_Out_of_Pocket__c, Max_Out_of_Pocket_Met__c, Co_Pay_Met__c FROM Insurance_Benefit__c WHERE Patient_Insurance__c = :tmpVar1
07:08:21.0 (39503954)|SOQL_EXECUTE_END|[219]|Rows:2
07:08:21.0 (39526125)|HEAP_ALLOCATE|[219]|Bytes:12
07:08:21.0 (39571579)|HEAP_ALLOCATE|[219]|Bytes:2986
07:08:21.0 (39619165)|HEAP_ALLOCATE|[219]|Bytes:12
07:08:21.0 (39657859)|HEAP_ALLOCATE|[219]|Bytes:108
07:08:21.0 (39668764)|HEAP_ALLOCATE|[219]|Bytes:4
07:08:21.0 (39673648)|HEAP_ALLOCATE|[219]|Bytes:108
07:08:21.0 (39677976)|HEAP_ALLOCATE|[219]|Bytes:4
07:08:21.0 (39758734)|VARIABLE_ASSIGNMENT|[219]|this.insrncBnftMap|{"a1H29000000pRTUEA2":{"Id":"a1H29000000pRTUEA2","Name":"Insurance Benefit 75 (2 more) ...","RecordTypeId":"012j00000015GS6AAM","Patient_Insurance__c":"a1b29000000lvHQAAY","PHP_Admit_Co_Payment (3 more) ...":0.00,"Deductible__c":5000.00,"Deductible_Met__c":0.00,"Max_Out_of_Pocket_Re (10 more) ...":10000.00,"Insurance_Company_is (18 more) ...":false,"Annual_Max_Remaining (3 more) ...":1000000,"Deductible_Remaining (3 more) ...":5000.00,"Detox_Pays_at__c":80.00,"RTC_Pays_at__c":80.00,"PHP_Pays_at__c":80.00,"IOP_Pays_at__c":80.00,"Uncovered_Days_Rate_ (2 more) ...":630.00,"Room_and_Board_Days_ (7 more) ...":2000.00,"Deductible_Included_ (9 more) ...":"Yes","Lifetime_Max__c":1000000.00,"Lifetime_Max_Met__c":0.00,"Annual_Max__c":1000000.00,"Annual_Max_Met__c":0.00,"Max_Out_of_Pocket__c":10000.00,"Max_Out_of_Pocket_Me (4 more) ...":0.00,"RecordType":{"Name":"In Network","Id":"012j00000015GS6AAM"},"Patient_Insurance__r":{"Opportunity__c":"00629000004NTeZAAW","Accreditation__c":"State","Insurance_Company__c":"0012900000AXSP3AAP","Id":"a1b29000000lvHQAAY","Insurance_Company__r":{"Name":"Value Options/Beacon (7 more) ...","Id":"0012900000AXSP3AAP","RecordTypeId":"012j00000015GRqAAM"}}},"a1H29000000pRTZEA2":{"Id":"a1H29000000pRTZEA2","Name":"Insurance Benefit 75 (2 more) ...","RecordTypeId":"012j00000015GS7AAM","Patient_Insurance__c":"a1b29000000lvHQAAY","PHP_Admit_Co_Payment (3 more) ...":0.00,"Deductible__c":10000.00,"Deductible_Met__c":0.00,"Max_Out_of_Pocket_Re (10 more) ...":20000.00,"Insurance_Company_is (18 more) ...":false,"Annual_Max_Remaining (3 more) ...":1000000,"Deductible_Remaining (3 more) ...":10000.00,"Detox_Pays_at__c":60.00,"RTC_Pays_at__c":60.00,"PHP_Pays_at__c":60.00,"IOP_Pays_at__c":60.00,"Uncovered_Days_Rate_ (2 more) ...":630.00,"Room_and_Board_Days_ (7 more) ...":2000.00,"Deductible_Included_ (9 more) ...":"Yes","Lifetime_Max__c":1000000.00,"Lifetime_Max_Met__c":0.00,"Annual_Max__c":1000000.00,"Annual_Max_Met__c":0.00,"Max_Out_of_Pocket__c":20000.00,"Max_Out_of_Pocket_Me (4 more) ...":0.00,"RecordType":{"Name":"Out of Network","Id":"012j00000015GS7AAM"},"Patient_Insurance__r":{"Opportunity__c":"00629000004NTeZAAW","Accreditation__c":"State","Insurance_Company__c":"0012900000AXSP3AAP","Id":"a1b29000000lvHQAAY","Insurance_Company__r":{"Name":"Value Options/Beacon (7 more) ...","Id":"0012900000AXSP3AAP","RecordTypeId":"012j00000015GRqAAM"}}}}|0xb6dcc55
07:08:21.0 (39828510)|HEAP_ALLOCATE|[EXTERNAL]|Bytes:12
07:08:21.0 (39854699)|HEAP_ALLOCATE|[263]|Bytes:2996
07:08:21.0 (40003113)|HEAP_ALLOCATE|[263]|Bytes:5
07:08:21.0 (40019617)|HEAP_ALLOCATE|[263]|Bytes:108
07:08:21.0 (40027572)|VARIABLE_SCOPE_BEGIN|[263]|insrncBnftInstance|Insurance_Benefit__c|true|false
07:08:21.0 (40065935)|VARIABLE_ASSIGNMENT|[263]|insrncBnftInstance|{"Id":"a1H29000000pRTUEA2","Name":"Insurance Benefit 75 (2 more) ...","RecordTypeId":"012j00000015GS6AAM","Patient_Insurance__c":"a1b29000000lvHQAAY","PHP_Admit_Co_Payment (3 more) ...":0.00,"Deductible__c":5000.00,"Deductible_Met__c":0.00,"Max_Out_of_Pocket_Re (10 more) ...":10000.00,"Insurance_Company_is (18 more) ...":false,"Annual_Max_Remaining (3 more) ...":1000000,"Deductible_Remaining (3 more) ...":5000.00,"Detox_Pays_at__c":80.00,"RTC_Pays_at__c":80.00,"PHP_Pays_at__c":80.00,"IOP_Pays_at__c":80.00,"Uncovered_Days_Rate_ (2 more) ...":630.00,"Room_and_Board_Days_ (7 more) ...":2000.00,"Deductible_Included_ (9 more) ...":"Yes","Lifetime_Max__c":1000000.00,"Lifetime_Max_Met__c":0.00,"Annual_Max__c":1000000.00,"Annual_Max_Met__c":0.00,"Max_Out_of_Pocket__c":10000.00,"Max_Out_of_Pocket_Me (4 more) ...":0.00,"RecordType":{"Name":"In Network","Id":"012j00000015GS6AAM"},"Patient_Insurance__r":{"Opportunity__c":"00629000004NTeZAAW","Accreditation__c":"State","Insurance_Company__c":"0012900000AXSP3AAP","Id":"a1b29000000lvHQAAY","Insurance_Company__r":{"Name":"Value Options/Beacon (7 more) ...","Id":"0012900000AXSP3AAP","RecordTypeId":"012j00000015GRqAAM"}}}|0x35cb6814
07:08:21.0 (40085731)|STATEMENT_EXECUTE|[263]
07:08:21.0 (40087269)|STATEMENT_EXECUTE|[264]
07:08:21.0 (40123792)|HEAP_ALLOCATE|[264]|Bytes:18
07:08:21.0 (40175175)|HEAP_ALLOCATE|[264]|Bytes:3
07:08:21.0 (40192434)|HEAP_ALLOCATE|[264]|Bytes:35
07:08:21.0 (40245584)|HEAP_ALLOCATE|[EXTERNAL]|Bytes:4
07:08:21.0 (40261810)|HEAP_ALLOCATE|[263]|Bytes:5
07:08:21.0 (40271824)|HEAP_ALLOCATE|[263]|Bytes:108
07:08:21.0 (40278876)|VARIABLE_SCOPE_BEGIN|[263]|insrncBnftInstance|Insurance_Benefit__c|true|false
07:08:21.0 (40316444)|VARIABLE_ASSIGNMENT|[263]|insrncBnftInstance|{"Id":"a1H29000000pRTZEA2","Name":"Insurance Benefit 75 (2 more) ...","RecordTypeId":"012j00000015GS7AAM","Patient_Insurance__c":"a1b29000000lvHQAAY","PHP_Admit_Co_Payment (3 more) ...":0.00,"Deductible__c":10000.00,"Deductible_Met__c":0.00,"Max_Out_of_Pocket_Re (10 more) ...":20000.00,"Insurance_Company_is (18 more) ...":false,"Annual_Max_Remaining (3 more) ...":1000000,"Deductible_Remaining (3 more) ...":10000.00,"Detox_Pays_at__c":60.00,"RTC_Pays_at__c":60.00,"PHP_Pays_at__c":60.00,"IOP_Pays_at__c":60.00,"Uncovered_Days_Rate_ (2 more) ...":630.00,"Room_and_Board_Days_ (7 more) ...":2000.00,"Deductible_Included_ (9 more) ...":"Yes","Lifetime_Max__c":1000000.00,"Lifetime_Max_Met__c":0.00,"Annual_Max__c":1000000.00,"Annual_Max_Met__c":0.00,"Max_Out_of_Pocket__c":20000.00,"Max_Out_of_Pocket_Me (4 more) ...":0.00,"RecordType":{"Name":"Out of Network","Id":"012j00000015GS7AAM"},"Patient_Insurance__r":{"Opportunity__c":"00629000004NTeZAAW","Accreditation__c":"State","Insurance_Company__c":"0012900000AXSP3AAP","Id":"a1b29000000lvHQAAY","Insurance_Company__r":{"Name":"Value Options/Beacon (7 more) ...","Id":"0012900000AXSP3AAP","RecordTypeId":"012j00000015GRqAAM"}}}|0x2b1a1ebd
07:08:21.0 (40335342)|STATEMENT_EXECUTE|[263]
07:08:21.0 (40336567)|STATEMENT_EXECUTE|[264]
07:08:21.0 (40348669)|HEAP_ALLOCATE|[264]|Bytes:18
07:08:21.0 (40367281)|HEAP_ALLOCATE|[264]|Bytes:39
07:08:21.0 (40379330)|HEAP_ALLOCATE|[EXTERNAL]|Bytes:4
07:08:21.0 (40389845)|HEAP_ALLOCATE|[263]|Bytes:5
07:08:21.0 (40402905)|VARIABLE_ASSIGNMENT|[263]|insrncBnftInstance|null|
07:08:21.0 (40490209)|VARIABLE_ASSIGNMENT|[EXTERNAL]|this|{"cmpnyRateAdjstmntMap":"0x72c69756","estmtCnrgDaysMap":"0x26dbca6e","estmtCvrgeDaysObj":"0x6e1e310d","faciltyOptions":"0xd70fbe","fcltyPrgmMap":"0x466d44d5","fcltyPrgrmOptions":"0x3e1d7ecc","idToOwnershipFacilit (4 more) ...":"0x2194a65b","idToTypeFacilityMap":"0x1906e728","insrncBnftMap":"0x713c8920","insrncBnftOptions":"0x60dfb04f","isIop":false,"isTalbott":false,"meta":"0x647d7471","oppId":"00629000004NTeZ","pawObj":"0x4aecf071","ptntInsrnceOptions":"0x75abdac6","ptntInsrncMap":"0x68eb51f4","ptntInsrncObj":"0x7f2e686","quoteObj":"0x673a6e64","recordId":"00629000004NTeZ","rtAdjstmntOptions":"0x4a78658a","showPILookup":false,"sObjectQueryStr":"","wrprObj":"0x575d4cdf"}|0xb6dcc55
07:08:21.0 (40567573)|VARIABLE_ASSIGNMENT|[EXTERNAL]|this|{"facilitySelected":"001j000000NqKMtAAN","fcltyPrgrmSelected":"a1B290000003SEdEAM","insrncBnft":"0xe0fb32f","insrncBnftSelected":"a1H29000000pRTUEA2","pawDetailListDisplay (4 more) ...":false,"pyAgrmntWrksht":"0x6f59836e","rateAdjstmntSelected":"a1I29000000HR5FEAW","relatedPAWDetailsLis (1 more) ...":"0x2e07ae20","targetEDR":0.00,"totalAppliedDeductib (2 more) ...":0.00,"totalCoInsurance":0.00,"totalCoPayAmt":0.00,"totalInsCoResp":0.00,"totalInsEIVAmt":0.00,"totalRowCount":20,"totalTalbottDay":0}|0x575d4cdf
07:08:21.0 (40634229)|VARIABLE_ASSIGNMENT|[EXTERNAL]|this|{"cmpnyRateAdjstmntMap":"0x72c69756","estmtCnrgDaysMap":"0x26dbca6e","estmtCvrgeDaysObj":"0x6e1e310d","faciltyOptions":"0xd70fbe","fcltyPrgmMap":"0x466d44d5","fcltyPrgrmOptions":"0x3e1d7ecc","idToOwnershipFacilit (4 more) ...":"0x2194a65b","idToTypeFacilityMap":"0x1906e728","insrncBnftMap":"0x713c8920","insrncBnftOptions":"0x60dfb04f","isIop":false,"isTalbott":false,"meta":"0x647d7471","oppId":"00629000004NTeZ","pawObj":"0x4aecf071","ptntInsrnceOptions":"0x75abdac6","ptntInsrncMap":"0x68eb51f4","ptntInsrncObj":"0x7f2e686","quoteObj":"0x673a6e64","recordId":"00629000004NTeZ","rtAdjstmntOptions":"0x4a78658a","showPILookup":false,"sObjectQueryStr":"","wrprObj":"0x575d4cdf"}|0xb6dcc55
07:08:21.0 (40686303)|VARIABLE_ASSIGNMENT|[EXTERNAL]|this|{"facilitySelected":"001j000000NqKMtAAN","fcltyPrgrmSelected":"a1B290000003SEdEAM","insrncBnft":"0xe0fb32f","insrncBnftSelected":"a1H29000000pRTUEA2","pawDetailListDisplay (4 more) ...":false,"pyAgrmntWrksht":"0x6f59836e","rateAdjstmntSelected":"a1I29000000HR5FEAW","relatedPAWDetailsLis (1 more) ...":"0x2e07ae20","targetEDR":0.00,"totalAppliedDeductib (2 more) ...":0.00,"totalCoInsurance":0.00,"totalCoPayAmt":0.00,"totalInsCoResp":0.00,"totalInsEIVAmt":0.00,"totalRowCount":20,"totalTalbottDay":0}|0x575d4cdf
07:08:21.0 (40713748)|STATEMENT_EXECUTE|[267]
07:08:21.0 (40715245)|STATEMENT_EXECUTE|[268]
07:08:21.0 (40776161)|VARIABLE_ASSIGNMENT|[EXTERNAL]|this|{"cmpnyRateAdjstmntMap":"0x72c69756","estmtCnrgDaysMap":"0x26dbca6e","estmtCvrgeDaysObj":"0x6e1e310d","faciltyOptions":"0xd70fbe","fcltyPrgmMap":"0x466d44d5","fcltyPrgrmOptions":"0x3e1d7ecc","idToOwnershipFacilit (4 more) ...":"0x2194a65b","idToTypeFacilityMap":"0x1906e728","insrncBnftMap":"0x713c8920","insrncBnftOptions":"0x60dfb04f","isIop":false,"isTalbott":false,"meta":"0x647d7471","oppId":"00629000004NTeZ","pawObj":"0x4aecf071","ptntInsrnceOptions":"0x75abdac6","ptntInsrncMap":"0x68eb51f4","ptntInsrncObj":"0x7f2e686","quoteObj":"0x673a6e64","recordId":"00629000004NTeZ","rtAdjstmntOptions":"0x4a78658a","showPILookup":false,"sObjectQueryStr":"","wrprObj":"0x575d4cdf"}|0xb6dcc55
07:08:21.0 (40829257)|VARIABLE_ASSIGNMENT|[EXTERNAL]|this|{"facilitySelected":"001j000000NqKMtAAN","fcltyPrgrmSelected":"a1B290000003SEdEAM","insrncBnft":"0xe0fb32f","insrncBnftSelected":"a1H29000000pRTUEA2","pawDetailListDisplay (4 more) ...":false,"pyAgrmntWrksht":"0x6f59836e","rateAdjstmntSelected":"a1I29000000HR5FEAW","relatedPAWDetailsLis (1 more) ...":"0x2e07ae20","targetEDR":0.00,"totalAppliedDeductib (2 more) ...":0.00,"totalCoInsurance":0.00,"totalCoPayAmt":0.00,"totalInsCoResp":0.00,"totalInsEIVAmt":0.00,"totalRowCount":20,"totalTalbottDay":0}|0x575d4cdf
07:08:21.0 (40933203)|VARIABLE_ASSIGNMENT|[EXTERNAL]|this|{"cmpnyRateAdjstmntMap":"0x72c69756","estmtCnrgDaysMap":"0x26dbca6e","estmtCvrgeDaysObj":"0x6e1e310d","faciltyOptions":"0xd70fbe","fcltyPrgmMap":"0x466d44d5","fcltyPrgrmOptions":"0x3e1d7ecc","idToOwnershipFacilit (4 more) ...":"0x2194a65b","idToTypeFacilityMap":"0x1906e728","insrncBnftMap":"0x713c8920","insrncBnftOptions":"0x60dfb04f","isIop":false,"isTalbott":false,"meta":"0x647d7471","oppId":"00629000004NTeZ","pawObj":"0x4aecf071","ptntInsrnceOptions":"0x75abdac6","ptntInsrncMap":"0x68eb51f4","ptntInsrncObj":"0x7f2e686","quoteObj":"0x673a6e64","recordId":"00629000004NTeZ","rtAdjstmntOptions":"0x4a78658a","showPILookup":false,"sObjectQueryStr":"","wrprObj":"0x575d4cdf"}|0xb6dcc55
07:08:21.0 (40990921)|VARIABLE_ASSIGNMENT|[EXTERNAL]|this|{"facilitySelected":"001j000000NqKMtAAN","fcltyPrgrmSelected":"a1B290000003SEdEAM","insrncBnft":"0xe0fb32f","insrncBnftSelected":"a1H29000000pRTUEA2","pawDetailListDisplay (4 more) ...":false,"pyAgrmntWrksht":"0x6f59836e","rateAdjstmntSelected":"a1I29000000HR5FEAW","relatedPAWDetailsLis (1 more) ...":"0x2e07ae20","targetEDR":0.00,"totalAppliedDeductib (2 more) ...":0.00,"totalCoInsurance":0.00,"totalCoPayAmt":0.00,"totalInsCoResp":0.00,"totalInsEIVAmt":0.00,"totalRowCount":20,"totalTalbottDay":0}|0x575d4cdf
07:08:21.0 (41030109)|VARIABLE_ASSIGNMENT|[EXTERNAL]|value|{"Id":"a1H29000000pRTUEA2","Name":"Insurance Benefit 75 (2 more) ...","RecordTypeId":"012j00000015GS6AAM","Patient_Insurance__c":"a1b29000000lvHQAAY","PHP_Admit_Co_Payment (3 more) ...":0.00,"Deductible__c":5000.00,"Deductible_Met__c":0.00,"Max_Out_of_Pocket_Re (10 more) ...":10000.00,"Insurance_Company_is (18 more) ...":false,"Annual_Max_Remaining (3 more) ...":1000000,"Deductible_Remaining (3 more) ...":5000.00,"Detox_Pays_at__c":80.00,"RTC_Pays_at__c":80.00,"PHP_Pays_at__c":80.00,"IOP_Pays_at__c":80.00,"Uncovered_Days_Rate_ (2 more) ...":630.00,"Room_and_Board_Days_ (7 more) ...":2000.00,"Deductible_Included_ (9 more) ...":"Yes","Lifetime_Max__c":1000000.00,"Lifetime_Max_Met__c":0.00,"Annual_Max__c":1000000.00,"Annual_Max_Met__c":0.00,"Max_Out_of_Pocket__c":10000.00,"Max_Out_of_Pocket_Me (4 more) ...":0.00,"RecordType":{"Name":"In Network","Id":"012j00000015GS6AAM"},"Patient_Insurance__r":{"Opportunity__c":"00629000004NTeZAAW","Accreditation__c":"State","Insurance_Company__c":"0012900000AXSP3AAP","Id":"a1b29000000lvHQAAY","Insurance_Company__r":{"Name":"Value Options/Beacon (7 more) ...","Id":"0012900000AXSP3AAP","RecordTypeId":"012j00000015GRqAAM"}}}|0x35cb6814
07:08:21.0 (41076929)|VARIABLE_ASSIGNMENT|[524]|this.insrncBnft|{"Id":"a1H29000000pRTUEA2","Name":"Insurance Benefit 75 (2 more) ...","RecordTypeId":"012j00000015GS6AAM","Patient_Insurance__c":"a1b29000000lvHQAAY","PHP_Admit_Co_Payment (3 more) ...":0.00,"Deductible__c":5000.00,"Deductible_Met__c":0.00,"Max_Out_of_Pocket_Re (10 more) ...":10000.00,"Insurance_Company_is (18 more) ...":false,"Annual_Max_Remaining (3 more) ...":1000000,"Deductible_Remaining (3 more) ...":5000.00,"Detox_Pays_at__c":80.00,"RTC_Pays_at__c":80.00,"PHP_Pays_at__c":80.00,"IOP_Pays_at__c":80.00,"Uncovered_Days_Rate_ (2 more) ...":630.00,"Room_and_Board_Days_ (7 more) ...":2000.00,"Deductible_Included_ (9 more) ...":"Yes","Lifetime_Max__c":1000000.00,"Lifetime_Max_Met__c":0.00,"Annual_Max__c":1000000.00,"Annual_Max_Met__c":0.00,"Max_Out_of_Pocket__c":10000.00,"Max_Out_of_Pocket_Me (4 more) ...":0.00,"RecordType":{"Name":"In Network","Id":"012j00000015GS6AAM"},"Patient_Insurance__r":{"Opportunity__c":"00629000004NTeZAAW","Accreditation__c":"State","Insurance_Company__c":"0012900000AXSP3AAP","Id":"a1b29000000lvHQAAY","Insurance_Company__r":{"Name":"Value Options/Beacon (7 more) ...","Id":"0012900000AXSP3AAP","RecordTypeId":"012j00000015GRqAAM"}}}|0x575d4cdf
07:08:21.0 (41098665)|STATEMENT_EXECUTE|[272]
07:08:21.0 (41629144)|SYSTEM_MODE_ENTER|true
07:08:21.0 (41780878)|SYSTEM_MODE_ENTER|true
07:08:21.0 (41810076)|HEAP_ALLOCATE|[EXTERNAL]|Bytes:112
07:08:21.0 (41817583)|VARIABLE_SCOPE_BEGIN|[379]|this|PAW_New_EditCntrllr|true|false
07:08:21.0 (41885609)|VARIABLE_ASSIGNMENT|[379]|this|{"cmpnyRateAdjstmntMap":"0x72c69756","estmtCnrgDaysMap":"0x26dbca6e","estmtCvrgeDaysObj":"0x6e1e310d","faciltyOptions":"0xd70fbe","fcltyPrgmMap":"0x466d44d5","fcltyPrgrmOptions":"0x3e1d7ecc","idToOwnershipFacilit (4 more) ...":"0x2194a65b","idToTypeFacilityMap":"0x1906e728","insrncBnftMap":"0x713c8920","insrncBnftOptions":"0x60dfb04f","isIop":false,"isTalbott":false,"meta":"0x647d7471","oppId":"00629000004NTeZ","pawObj":"0x4aecf071","ptntInsrnceOptions":"0x75abdac6","ptntInsrncMap":"0x68eb51f4","ptntInsrncObj":"0x7f2e686","quoteObj":"0x673a6e64","recordId":"00629000004NTeZ","rtAdjstmntOptions":"0x4a78658a","showPILookup":false,"sObjectQueryStr":"","wrprObj":"0x575d4cdf"}|0xb6dcc55
07:08:21.0 (41902607)|STATEMENT_EXECUTE|[379]
07:08:21.0 (41904492)|STATEMENT_EXECUTE|[380]
07:08:21.0 (41914261)|HEAP_ALLOCATE|[380]|Bytes:4
07:08:21.0 (41965172)|HEAP_ALLOCATE|[EXTERNAL]|Bytes:4
07:08:21.0 (41976346)|VARIABLE_ASSIGNMENT|[380]|this.rtAdjstmntOptions|[]|0xb6dcc55
07:08:21.0 (41981423)|STATEMENT_EXECUTE|[381]
07:08:21.0 (41987837)|HEAP_ALLOCATE|[381]|Bytes:8
07:08:21.0 (42031191)|HEAP_ALLOCATE|[EXTERNAL]|Bytes:4
07:08:21.0 (42108621)|VARIABLE_ASSIGNMENT|[EXTERNAL]|this|{"cmpnyRateAdjstmntMap":"0x72c69756","estmtCnrgDaysMap":"0x26dbca6e","estmtCvrgeDaysObj":"0x6e1e310d","faciltyOptions":"0xd70fbe","fcltyPrgmMap":"0x466d44d5","fcltyPrgrmOptions":"0x3e1d7ecc","idToOwnershipFacilit (4 more) ...":"0x2194a65b","idToTypeFacilityMap":"0x1906e728","insrncBnftMap":"0x713c8920","insrncBnftOptions":"0x60dfb04f","isIop":false,"isTalbott":false,"meta":"0x647d7471","oppId":"00629000004NTeZ","pawObj":"0x4aecf071","ptntInsrnceOptions":"0x75abdac6","ptntInsrncMap":"0x68eb51f4","ptntInsrncObj":"0x7f2e686","quoteObj":"0x673a6e64","recordId":"00629000004NTeZ","rtAdjstmntOptions":"0x5ce59087","showPILookup":false,"sObjectQueryStr":"","wrprObj":"0x575d4cdf"}|0xb6dcc55
07:08:21.0 (42171121)|VARIABLE_ASSIGNMENT|[EXTERNAL]|this|{"facilitySelected":"001j000000NqKMtAAN","fcltyPrgrmSelected":"a1B290000003SEdEAM","insrncBnft":"0x35cb6814","insrncBnftSelected":"a1H29000000pRTUEA2","pawDetailListDisplay (4 more) ...":false,"pyAgrmntWrksht":"0x6f59836e","rateAdjstmntSelected":"a1I29000000HR5FEAW","relatedPAWDetailsLis (1 more) ...":"0x2e07ae20","targetEDR":0.00,"totalAppliedDeductib (2 more) ...":0.00,"totalCoInsurance":0.00,"totalCoPayAmt":0.00,"totalInsCoResp":0.00,"totalInsEIVAmt":0.00,"totalRowCount":20,"totalTalbottDay":0}|0x575d4cdf
07:08:21.0 (42235351)|VARIABLE_ASSIGNMENT|[EXTERNAL]|this|{"cmpnyRateAdjstmntMap":"0x72c69756","estmtCnrgDaysMap":"0x26dbca6e","estmtCvrgeDaysObj":"0x6e1e310d","faciltyOptions":"0xd70fbe","fcltyPrgmMap":"0x466d44d5","fcltyPrgrmOptions":"0x3e1d7ecc","idToOwnershipFacilit (4 more) ...":"0x2194a65b","idToTypeFacilityMap":"0x1906e728","insrncBnftMap":"0x713c8920","insrncBnftOptions":"0x60dfb04f","isIop":false,"isTalbott":false,"meta":"0x647d7471","oppId":"00629000004NTeZ","pawObj":"0x4aecf071","ptntInsrnceOptions":"0x75abdac6","ptntInsrncMap":"0x68eb51f4","ptntInsrncObj":"0x7f2e686","quoteObj":"0x673a6e64","recordId":"00629000004NTeZ","rtAdjstmntOptions":"0x5ce59087","showPILookup":false,"sObjectQueryStr":"","wrprObj":"0x575d4cdf"}|0xb6dcc55
07:08:21.0 (42285612)|VARIABLE_ASSIGNMENT|[EXTERNAL]|this|{"facilitySelected":"001j000000NqKMtAAN","fcltyPrgrmSelected":"a1B290000003SEdEAM","insrncBnft":"0x35cb6814","insrncBnftSelected":"a1H29000000pRTUEA2","pawDetailListDisplay (4 more) ...":false,"pyAgrmntWrksht":"0x6f59836e","rateAdjstmntSelected":"a1I29000000HR5FEAW","relatedPAWDetailsLis (1 more) ...":"0x2e07ae20","targetEDR":0.00,"totalAppliedDeductib (2 more) ...":0.00,"totalCoInsurance":0.00,"totalCoPayAmt":0.00,"totalInsCoResp":0.00,"totalInsEIVAmt":0.00,"totalRowCount":20,"totalTalbottDay":0}|0x575d4cdf
07:08:21.0 (42356328)|VARIABLE_ASSIGNMENT|[EXTERNAL]|this|{"cmpnyRateAdjstmntMap":"0x72c69756","estmtCnrgDaysMap":"0x26dbca6e","estmtCvrgeDaysObj":"0x6e1e310d","faciltyOptions":"0xd70fbe","fcltyPrgmMap":"0x466d44d5","fcltyPrgrmOptions":"0x3e1d7ecc","idToOwnershipFacilit (4 more) ...":"0x2194a65b","idToTypeFacilityMap":"0x1906e728","insrncBnftMap":"0x713c8920","insrncBnftOptions":"0x60dfb04f","isIop":false,"isTalbott":false,"meta":"0x647d7471","oppId":"00629000004NTeZ","pawObj":"0x4aecf071","ptntInsrnceOptions":"0x75abdac6","ptntInsrncMap":"0x68eb51f4","ptntInsrncObj":"0x7f2e686","quoteObj":"0x673a6e64","recordId":"00629000004NTeZ","rtAdjstmntOptions":"0x5ce59087","showPILookup":false,"sObjectQueryStr":"","wrprObj":"0x575d4cdf"}|0xb6dcc55
07:08:21.0 (42373724)|STATEMENT_EXECUTE|[382]
07:08:21.0 (42375250)|STATEMENT_EXECUTE|[383]
07:08:21.0 (42404593)|HEAP_ALLOCATE|[383]|Bytes:4
07:08:21.0 (42410782)|HEAP_ALLOCATE|[383]|Bytes:287
07:08:21.0 (42420731)|HEAP_ALLOCATE|[383]|Bytes:4
07:08:21.0 (42487781)|VARIABLE_ASSIGNMENT|[EXTERNAL]|this|{"cmpnyRateAdjstmntMap":"0x72c69756","estmtCnrgDaysMap":"0x26dbca6e","estmtCvrgeDaysObj":"0x6e1e310d","faciltyOptions":"0xd70fbe","fcltyPrgmMap":"0x466d44d5","fcltyPrgrmOptions":"0x3e1d7ecc","idToOwnershipFacilit (4 more) ...":"0x2194a65b","idToTypeFacilityMap":"0x1906e728","insrncBnftMap":"0x713c8920","insrncBnftOptions":"0x60dfb04f","isIop":false,"isTalbott":false,"meta":"0x647d7471","oppId":"00629000004NTeZ","pawObj":"0x4aecf071","ptntInsrnceOptions":"0x75abdac6","ptntInsrncMap":"0x68eb51f4","ptntInsrncObj":"0x7f2e686","quoteObj":"0x673a6e64","recordId":"00629000004NTeZ","rtAdjstmntOptions":"0x5ce59087","showPILookup":false,"sObjectQueryStr":"","wrprObj":"0x575d4cdf"}|0xb6dcc55
07:08:21.0 (42535065)|HEAP_ALLOCATE|[383]|Bytes:7
07:08:21.0 (42598736)|VARIABLE_ASSIGNMENT|[EXTERNAL]|this|{"cmpnyRateAdjstmntMap":"0x72c69756","estmtCnrgDaysMap":"0x26dbca6e","estmtCvrgeDaysObj":"0x6e1e310d","faciltyOptions":"0xd70fbe","fcltyPrgmMap":"0x466d44d5","fcltyPrgrmOptions":"0x3e1d7ecc","idToOwnershipFacilit (4 more) ...":"0x2194a65b","idToTypeFacilityMap":"0x1906e728","insrncBnftMap":"0x713c8920","insrncBnftOptions":"0x60dfb04f","isIop":false,"isTalbott":false,"meta":"0x647d7471","oppId":"00629000004NTeZ","pawObj":"0x4aecf071","ptntInsrnceOptions":"0x75abdac6","ptntInsrncMap":"0x68eb51f4","ptntInsrncObj":"0x7f2e686","quoteObj":"0x673a6e64","recordId":"00629000004NTeZ","rtAdjstmntOptions":"0x5ce59087","showPILookup":false,"sObjectQueryStr":"","wrprObj":"0x575d4cdf"}|0xb6dcc55
07:08:21.0 (42652841)|VARIABLE_ASSIGNMENT|[EXTERNAL]|this|{"facilitySelected":"001j000000NqKMtAAN","fcltyPrgrmSelected":"a1B290000003SEdEAM","insrncBnft":"0x35cb6814","insrncBnftSelected":"a1H29000000pRTUEA2","pawDetailListDisplay (4 more) ...":false,"pyAgrmntWrksht":"0x6f59836e","rateAdjstmntSelected":"a1I29000000HR5FEAW","relatedPAWDetailsLis (1 more) ...":"0x2e07ae20","targetEDR":0.00,"totalAppliedDeductib (2 more) ...":0.00,"totalCoInsurance":0.00,"totalCoPayAmt":0.00,"totalInsCoResp":0.00,"totalInsEIVAmt":0.00,"totalRowCount":20,"totalTalbottDay":0}|0x575d4cdf
07:08:21.0 (43087015)|SOQL_EXECUTE_BEGIN|[383]|Aggregations:0|SELECT Id, Name, Type__c, Rate_Adjustment__c, In_Network_Rate_Adjustment__c, Out_of_Network_Rate_Adjustment__c, Active_Date__c, Term_Date__c FROM Insurance_Company_Rate_Adjustment__c WHERE (Insurance_Company__c = :tmpVar1 AND FRN_Facility__c = :tmpVar2) ORDER BY Type__c DESC NULLS FIRST
07:08:21.0 (49138203)|SOQL_EXECUTE_END|[383]|Rows:2
07:08:21.0 (49158831)|HEAP_ALLOCATE|[383]|Bytes:12
07:08:21.0 (49175521)|HEAP_ALLOCATE|[383]|Bytes:319
07:08:21.0 (49218683)|HEAP_ALLOCATE|[383]|Bytes:12
07:08:21.0 (49250269)|HEAP_ALLOCATE|[383]|Bytes:24
07:08:21.0 (49260868)|HEAP_ALLOCATE|[383]|Bytes:4
07:08:21.0 (49265622)|HEAP_ALLOCATE|[383]|Bytes:24
07:08:21.0 (49269669)|HEAP_ALLOCATE|[383]|Bytes:4
07:08:21.0 (49322320)|VARIABLE_ASSIGNMENT|[383]|this.cmpnyRateAdjstmntMap|{"a1I29000000HR5FEAW":{"Id":"a1I29000000HR5FEAW","Name":"Ins Co Rate Adjstmt  (5 more) ...","Type__c":"Contracted","Rate_Adjustment__c":3.00,"Active_Date__c":"2017-02-24T00:00:00.000Z"},"a1I29000000HR5EEAW":{"Id":"a1I29000000HR5EEAW","Name":"Ins Co Rate Adjstmt  (5 more) ...","Type__c":"OON","Rate_Adjustment__c":15.00,"Active_Date__c":"2017-02-24T00:00:00.000Z"}}|0xb6dcc55
07:08:21.0 (49362302)|HEAP_ALLOCATE|[EXTERNAL]|Bytes:12
07:08:21.0 (49373897)|HEAP_ALLOCATE|[395]|Bytes:329
07:08:21.0 (49482737)|HEAP_ALLOCATE|[395]|Bytes:5
07:08:21.0 (49497776)|HEAP_ALLOCATE|[395]|Bytes:24
07:08:21.0 (49505569)|VARIABLE_SCOPE_BEGIN|[395]|rateAdjstmntInstance|Insurance_Company_Rate_Adjustment__c|true|false
07:08:21.0 (49528668)|VARIABLE_ASSIGNMENT|[395]|rateAdjstmntInstance|{"Id":"a1I29000000HR5FEAW","Name":"Ins Co Rate Adjstmt  (5 more) ...","Type__c":"Contracted","Rate_Adjustment__c":3.00,"Active_Date__c":"2017-02-24T00:00:00.000Z"}|0x6acbda1d
07:08:21.0 (49535979)|STATEMENT_EXECUTE|[395]
07:08:21.0 (49576455)|METHOD_ENTRY|[396]|01p0a000004sKzV|PAW_New_EditCntrllr.checkIfActive(Insurance_Company_Rate_Adjustment__c)
07:08:21.0 (49598298)|VARIABLE_SCOPE_BEGIN|[495]|this|PAW_New_EditCntrllr|true|false
07:08:21.0 (49667644)|VARIABLE_ASSIGNMENT|[495]|this|{"cmpnyRateAdjstmntMap":"0x15ca7837","estmtCnrgDaysMap":"0x26dbca6e","estmtCvrgeDaysObj":"0x6e1e310d","faciltyOptions":"0xd70fbe","fcltyPrgmMap":"0x466d44d5","fcltyPrgrmOptions":"0x3e1d7ecc","idToOwnershipFacilit (4 more) ...":"0x2194a65b","idToTypeFacilityMap":"0x1906e728","insrncBnftMap":"0x713c8920","insrncBnftOptions":"0x60dfb04f","isIop":false,"isTalbott":false,"meta":"0x647d7471","oppId":"00629000004NTeZ","pawObj":"0x4aecf071","ptntInsrnceOptions":"0x75abdac6","ptntInsrncMap":"0x68eb51f4","ptntInsrncObj":"0x7f2e686","quoteObj":"0x673a6e64","recordId":"00629000004NTeZ","rtAdjstmntOptions":"0x5ce59087","showPILookup":false,"sObjectQueryStr":"","wrprObj":"0x575d4cdf"}|0xb6dcc55
07:08:21.0 (49682575)|VARIABLE_SCOPE_BEGIN|[495]|pInsRateAdjustmentOnj|Insurance_Company_Rate_Adjustment__c|true|false
07:08:21.0 (49698948)|VARIABLE_ASSIGNMENT|[495]|pInsRateAdjustmentOnj|{"Id":"a1I29000000HR5FEAW","Name":"Ins Co Rate Adjstmt  (5 more) ...","Type__c":"Contracted","Rate_Adjustment__c":3.00,"Active_Date__c":"2017-02-24T00:00:00.000Z"}|0x6acbda1d
07:08:21.0 (49707580)|STATEMENT_EXECUTE|[495]
07:08:21.0 (49709058)|STATEMENT_EXECUTE|[496]
07:08:21.0 (49739836)|HEAP_ALLOCATE|[496]|Bytes:4
07:08:21.0 (49758439)|VARIABLE_SCOPE_BEGIN|[496]|todayDate|Date|false|false
07:08:21.0 (49773716)|VARIABLE_ASSIGNMENT|[496]|todayDate|"2018-01-17T00:00:00.000Z"
07:08:21.0 (49797236)|STATEMENT_EXECUTE|[497]
07:08:21.0 (49798652)|STATEMENT_EXECUTE|[498]
07:08:21.0 (49805615)|VARIABLE_SCOPE_BEGIN|[498]|endDate|Date|false|false
07:08:21.0 (49818812)|VARIABLE_ASSIGNMENT|[498]|endDate|"2018-01-17T00:00:00.000Z"
07:08:21.0 (49873840)|STATEMENT_EXECUTE|[499]
07:08:21.0 (49875535)|STATEMENT_EXECUTE|[500]
07:08:21.0 (49880920)|METHOD_EXIT|[396]|01p0a000004sKzV|PAW_New_EditCntrllr.checkIfActive(Insurance_Company_Rate_Adjustment__c)
07:08:21.0 (49887158)|STATEMENT_EXECUTE|[397]
07:08:21.0 (49912206)|HEAP_ALLOCATE|[397]|Bytes:18
07:08:21.0 (49962300)|HEAP_ALLOCATE|[EXTERNAL]|Bytes:4
07:08:21.0 (49978535)|HEAP_ALLOCATE|[395]|Bytes:5
07:08:21.0 (49990501)|HEAP_ALLOCATE|[395]|Bytes:24
07:08:21.0 (49997294)|VARIABLE_SCOPE_BEGIN|[395]|rateAdjstmntInstance|Insurance_Company_Rate_Adjustment__c|true|false
07:08:21.0 (50018899)|VARIABLE_ASSIGNMENT|[395]|rateAdjstmntInstance|{"Id":"a1I29000000HR5EEAW","Name":"Ins Co Rate Adjstmt  (5 more) ...","Type__c":"OON","Rate_Adjustment__c":15.00,"Active_Date__c":"2017-02-24T00:00:00.000Z"}|0x62360a40
07:08:21.0 (50026795)|STATEMENT_EXECUTE|[395]
07:08:21.0 (50039051)|METHOD_ENTRY|[396]|01p0a000004sKzV|PAW_New_EditCntrllr.checkIfActive(Insurance_Company_Rate_Adjustment__c)
07:08:21.0 (50045290)|VARIABLE_SCOPE_BEGIN|[495]|this|PAW_New_EditCntrllr|true|false
07:08:21.0 (50108271)|VARIABLE_ASSIGNMENT|[495]|this|{"cmpnyRateAdjstmntMap":"0x15ca7837","estmtCnrgDaysMap":"0x26dbca6e","estmtCvrgeDaysObj":"0x6e1e310d","faciltyOptions":"0xd70fbe","fcltyPrgmMap":"0x466d44d5","fcltyPrgrmOptions":"0x3e1d7ecc","idToOwnershipFacilit (4 more) ...":"0x2194a65b","idToTypeFacilityMap":"0x1906e728","insrncBnftMap":"0x713c8920","insrncBnftOptions":"0x60dfb04f","isIop":false,"isTalbott":false,"meta":"0x647d7471","oppId":"00629000004NTeZ","pawObj":"0x4aecf071","ptntInsrnceOptions":"0x75abdac6","ptntInsrncMap":"0x68eb51f4","ptntInsrncObj":"0x7f2e686","quoteObj":"0x673a6e64","recordId":"00629000004NTeZ","rtAdjstmntOptions":"0x5ce59087","showPILookup":false,"sObjectQueryStr":"","wrprObj":"0x575d4cdf"}|0xb6dcc55
07:08:21.0 (50121890)|VARIABLE_SCOPE_BEGIN|[495]|pInsRateAdjustmentOnj|Insurance_Company_Rate_Adjustment__c|true|false
07:08:21.0 (50136270)|VARIABLE_ASSIGNMENT|[495]|pInsRateAdjustmentOnj|{"Id":"a1I29000000HR5EEAW","Name":"Ins Co Rate Adjstmt  (5 more) ...","Type__c":"OON","Rate_Adjustment__c":15.00,"Active_Date__c":"2017-02-24T00:00:00.000Z"}|0x62360a40
07:08:21.0 (50144648)|STATEMENT_EXECUTE|[495]
07:08:21.0 (50145700)|STATEMENT_EXECUTE|[496]
07:08:21.0 (50157941)|HEAP_ALLOCATE|[496]|Bytes:4
07:08:21.0 (50170936)|VARIABLE_SCOPE_BEGIN|[496]|todayDate|Date|false|false
07:08:21.0 (50183579)|VARIABLE_ASSIGNMENT|[496]|todayDate|"2018-01-17T00:00:00.000Z"
07:08:21.0 (50191105)|STATEMENT_EXECUTE|[497]
07:08:21.0 (50192149)|STATEMENT_EXECUTE|[498]
07:08:21.0 (50197127)|VARIABLE_SCOPE_BEGIN|[498]|endDate|Date|false|false
07:08:21.0 (50207260)|VARIABLE_ASSIGNMENT|[498]|endDate|"2018-01-17T00:00:00.000Z"
07:08:21.0 (50227871)|STATEMENT_EXECUTE|[499]
07:08:21.0 (50229169)|STATEMENT_EXECUTE|[500]
07:08:21.0 (50233633)|METHOD_EXIT|[396]|01p0a000004sKzV|PAW_New_EditCntrllr.checkIfActive(Insurance_Company_Rate_Adjustment__c)
07:08:21.0 (50239046)|STATEMENT_EXECUTE|[397]
07:08:21.0 (50246233)|HEAP_ALLOCATE|[397]|Bytes:18
07:08:21.0 (50259129)|HEAP_ALLOCATE|[EXTERNAL]|Bytes:4
07:08:21.0 (50270117)|HEAP_ALLOCATE|[395]|Bytes:5
07:08:21.0 (50280104)|VARIABLE_ASSIGNMENT|[395]|rateAdjstmntInstance|null|
07:08:21.0 (50284336)|STATEMENT_EXECUTE|[400]
07:08:21.0 (50852716)|SYSTEM_MODE_ENTER|true
07:08:21.57 (57193730)|SYSTEM_MODE_ENTER|true
07:08:21.57 (57249605)|HEAP_ALLOCATE|[EXTERNAL]|Bytes:8
07:08:21.57 (57258868)|VARIABLE_SCOPE_BEGIN|[88]|this|ApexPage.PageMessagesComponentController|true|false
07:08:21.57 (57283764)|VARIABLE_ASSIGNMENT|[88]|this|{}|0x79b772ce
07:08:21.57 (57289511)|VARIABLE_SCOPE_BEGIN|[88]|escape|Boolean|false|false
07:08:21.57 (57295770)|VARIABLE_ASSIGNMENT|[88]|escape|null
07:08:21.0 (57631284)|HEAP_ALLOCATE|[EXTERNAL]|Bytes:18
07:08:21.0 (57638618)|HEAP_ALLOCATE|[EXTERNAL]|Bytes:84
07:08:21.0 (57649551)|VARIABLE_ASSIGNMENT|[EXTERNAL]|this.insrncBnftSelected|"a1H29000000pRTUEA2"|0x575d4cdf
07:08:21.0 (57703200)|HEAP_ALLOCATE|[EXTERNAL]|Bytes:18
07:08:21.0 (57707770)|HEAP_ALLOCATE|[EXTERNAL]|Bytes:84
07:08:21.0 (57714875)|VARIABLE_ASSIGNMENT|[EXTERNAL]|this.facilitySelected|"001j000000NqKMtAAN"|0x575d4cdf
07:08:21.0 (57762914)|HEAP_ALLOCATE|[EXTERNAL]|Bytes:18
07:08:21.0 (57767138)|HEAP_ALLOCATE|[EXTERNAL]|Bytes:84
07:08:21.0 (57773961)|VARIABLE_ASSIGNMENT|[EXTERNAL]|this.rateAdjstmntSelected|"a1I29000000HR5FEAW"|0x575d4cdf
07:08:21.0 (57820208)|HEAP_ALLOCATE|[EXTERNAL]|Bytes:18
07:08:21.0 (57824485)|HEAP_ALLOCATE|[EXTERNAL]|Bytes:84
07:08:21.0 (57830957)|VARIABLE_ASSIGNMENT|[EXTERNAL]|this.fcltyPrgrmSelected|"a1B290000003SEdEAM"|0x575d4cdf
07:08:21.74 (74818786)|SYSTEM_MODE_ENTER|true
07:08:21.74 (74882938)|HEAP_ALLOCATE|[EXTERNAL]|Bytes:8
07:08:21.74 (74893964)|VARIABLE_SCOPE_BEGIN|[88]|this|ApexPage.PageMessagesComponentController|true|false
07:08:21.74 (74927312)|VARIABLE_ASSIGNMENT|[88]|this|{}|0x79b772ce
07:08:21.74 (74933538)|VARIABLE_SCOPE_BEGIN|[88]|escape|Boolean|false|false
07:08:21.74 (74940293)|VARIABLE_ASSIGNMENT|[88]|escape|null
07:08:21.75 (75050305)|SYSTEM_MODE_ENTER|true
07:08:21.75 (75079968)|HEAP_ALLOCATE|[EXTERNAL]|Bytes:8
07:08:21.75 (75086277)|VARIABLE_SCOPE_BEGIN|[2]|this|ApexPage.PageMessagesComponentController|true|false
07:08:21.75 (75103711)|VARIABLE_ASSIGNMENT|[2]|this|{}|0x79b772ce
07:08:21.0 (75552865)|SYSTEM_MODE_ENTER|true
07:08:21.0 (75658994)|SYSTEM_MODE_ENTER|true
07:08:21.0 (75934640)|SYSTEM_MODE_ENTER|true
07:08:21.0 (78861271)|SYSTEM_MODE_ENTER|true
07:08:21.0 (78923025)|SYSTEM_MODE_ENTER|true
07:08:21.0 (89130227)|VF_SERIALIZE_VIEWSTATE_BEGIN|0660a0000009uTC
07:08:21.0 (97664101)|VF_SERIALIZE_VIEWSTATE_END
07:08:21.104 (104155843)|CUMULATIVE_LIMIT_USAGE
07:08:21.104 (104155843)|LIMIT_USAGE_FOR_NS|(default)|
  Number of SOQL queries: 2 out of 100
  Number of query rows: 4 out of 50000
  Number of SOSL queries: 0 out of 20
  Number of DML statements: 0 out of 150
  Number of DML rows: 0 out of 10000
  Maximum CPU time: 0 out of 10000
  Maximum heap size: 0 out of 6000000
  Number of callouts: 0 out of 100
  Number of Email Invocations: 0 out of 10
  Number of future calls: 0 out of 50
  Number of queueable jobs added to the queue: 0 out of 50
  Number of Mobile Apex push calls: 0 out of 10

07:08:21.104 (104155843)|CUMULATIVE_LIMIT_USAGE_END

07:08:21.0 (104201032)|CODE_UNIT_FINISHED|VF: /apex/PAW_New_Edit
07:08:21.0 (104908489)|EXECUTION_FINISHED
