37.0 APEX_CODE,FINEST;APEX_PROFILING,INFO;CALLOUT,INFO;DB,INFO;SYSTEM,DEBUG;VALIDATION,INFO;VISUALFORCE,INFO;WAVE,INFO;WORKFLOW,FINER
08:39:06.0 (343197)|USER_INFO|[EXTERNAL]|00529000000zYiy|bhakti.gujrathi@eternussolutions.com.frnstgng|Central Standard Time|GMT-06:00
08:39:06.0 (395809)|EXECUTION_STARTED
08:39:06.0 (399408)|CODE_UNIT_STARTED|[EXTERNAL]|0660a0000009uTC|VF: /apex/PAW_New_Edit
08:39:06.0 (933696)|VF_DESERIALIZE_VIEWSTATE_BEGIN|0660a0000009uTC
08:39:06.0 (5694036)|HEAP_ALLOCATE|[72]|Bytes:3
08:39:06.0 (5761879)|HEAP_ALLOCATE|[77]|Bytes:152
08:39:06.0 (5794125)|HEAP_ALLOCATE|[342]|Bytes:408
08:39:06.0 (5816044)|HEAP_ALLOCATE|[355]|Bytes:408
08:39:06.0 (5833080)|HEAP_ALLOCATE|[467]|Bytes:48
08:39:06.0 (5867327)|HEAP_ALLOCATE|[139]|Bytes:6
08:39:06.0 (5899300)|HEAP_ALLOCATE|[50]|Bytes:5
08:39:06.0 (5940455)|HEAP_ALLOCATE|[56]|Bytes:5
08:39:06.0 (5962646)|HEAP_ALLOCATE|[64]|Bytes:7
08:39:06.0 (9862051)|VARIABLE_SCOPE_BEGIN|[35]|PAW_New_EditCntrllr.globalSchemaMap|Map<String,Schema.SObjectType>|true|true
08:39:06.0 (9879415)|VARIABLE_SCOPE_BEGIN|[3]|PAW_New_EditCntrllr.yearEndMode|Boolean|false|true
08:39:06.0 (15517033)|VF_DESERIALIZE_VIEWSTATE_END
08:39:06.16 (16614813)|SYSTEM_MODE_ENTER|true
08:39:06.16 (16704994)|HEAP_ALLOCATE|[EXTERNAL]|Bytes:38
08:39:06.16 (16717033)|HEAP_ALLOCATE|[EXTERNAL]|Bytes:7
08:39:06.16 (16730253)|SYSTEM_METHOD_ENTRY|[1]|PageMessagesComponentController.PageMessagesComponentController()
08:39:06.16 (16737063)|STATEMENT_EXECUTE|[1]
08:39:06.17 (17755957)|SYSTEM_MODE_ENTER|true
08:39:06.17 (17818383)|HEAP_ALLOCATE|[EXTERNAL]|Bytes:8
08:39:06.17 (17828272)|VARIABLE_SCOPE_BEGIN|[88]|this|ApexPage.PageMessagesComponentController|true|false
08:39:06.17 (17879092)|VARIABLE_ASSIGNMENT|[88]|this|{}|0x3a38d078
08:39:06.17 (17886361)|VARIABLE_SCOPE_BEGIN|[88]|escape|Boolean|false|false
08:39:06.17 (17894701)|VARIABLE_ASSIGNMENT|[88]|escape|null
08:39:06.0 (18169724)|SYSTEM_MODE_ENTER|true
08:39:06.0 (18203310)|HEAP_ALLOCATE|[EXTERNAL]|Bytes:11
08:39:06.0 (18214297)|HEAP_ALLOCATE|[EXTERNAL]|Bytes:304
08:39:06.0 (18220077)|HEAP_ALLOCATE|[EXTERNAL]|Bytes:98
08:39:06.0 (18224523)|HEAP_ALLOCATE|[EXTERNAL]|Bytes:14
08:39:06.0 (18234288)|METHOD_ENTRY|[1]|01p0a000004sKzV|PAW_New_EditCntrllr.PAW_New_EditCntrllr()
08:39:06.0 (18239613)|STATEMENT_EXECUTE|[1]
08:39:06.0 (18244015)|STATEMENT_EXECUTE|[1]
08:39:06.0 (18245303)|STATEMENT_EXECUTE|[3]
08:39:06.0 (19965606)|VARIABLE_SCOPE_BEGIN|[3]|PAW_YearEnd_Config.setting|Year_End_PAW_Settings__c|true|true
08:39:06.0 (19983461)|HEAP_ALLOCATE|[3]|Bytes:1
08:39:06.0 (19991931)|HEAP_ALLOCATE|[3]|Bytes:1
08:39:06.0 (20004288)|METHOD_ENTRY|[1]|01p29000000Aswf|PAW_YearEnd_Config.PAW_YearEnd_Config()
08:39:06.0 (20009865)|STATEMENT_EXECUTE|[1]
08:39:06.0 (20013055)|STATEMENT_EXECUTE|[1]
08:39:06.0 (20037526)|SYSTEM_MODE_ENTER|false
08:39:06.0 (20046228)|HEAP_ALLOCATE|[3]|Bytes:5
08:39:06.0 (20054308)|SYSTEM_MODE_EXIT|false
08:39:06.0 (20062451)|METHOD_EXIT|[1]|PAW_YearEnd_Config
08:39:06.0 (20080458)|METHOD_ENTRY|[3]|01p29000000Aswf|PAW_YearEnd_Config.fetch()
08:39:06.0 (20120972)|SYSTEM_MODE_ENTER|false
08:39:06.0 (20129652)|HEAP_ALLOCATE|[6]|Bytes:5
08:39:06.0 (20135431)|STATEMENT_EXECUTE|[5]
08:39:06.0 (20139984)|STATEMENT_EXECUTE|[7]
08:39:06.0 (21535486)|HEAP_ALLOCATE|[7]|Bytes:20
08:39:06.0 (21584360)|VARIABLE_ASSIGNMENT|[7]|PAW_YearEnd_Config.setting|{"IsDeleted":false,"Name":"Year End PAW Setting (11 more) ...","SetupOwnerId":"00529000000zYiyAAE","Year_End_Mode_Enable (4 more) ...":false}|0x6367c9eb
08:39:06.0 (21593267)|STATEMENT_EXECUTE|[9]
08:39:06.0 (21596971)|HEAP_ALLOCATE|[9]|Bytes:14
08:39:06.0 (21761968)|HEAP_ALLOCATE|[9]|Bytes:145
08:39:06.0 (21793899)|HEAP_ALLOCATE|[9]|Bytes:159
08:39:06.0 (21819753)|USER_DEBUG|[9]|DEBUG|>>> setting : Year_End_PAW_Settings__c:{IsDeleted=false, Name=Year End PAW Settings (Profile), SetupOwnerId=00529000000zYiyAAE, Year_End_Mode_Enabled__c=false}
08:39:06.0 (21830456)|STATEMENT_EXECUTE|[10]
08:39:06.0 (21837077)|SYSTEM_MODE_EXIT|false
08:39:06.0 (21845506)|METHOD_EXIT|[3]|01p29000000Aswf|PAW_YearEnd_Config.fetch()
08:39:06.0 (21888719)|VARIABLE_ASSIGNMENT|[3]|PAW_New_EditCntrllr.yearEndMode|false
08:39:06.0 (21895503)|STATEMENT_EXECUTE|[524]
08:39:06.0 (21901570)|METHOD_EXIT|[1]|PAW_New_EditCntrllr
08:39:06.0 (23434090)|SYSTEM_MODE_ENTER|true
08:39:06.0 (25384938)|SYSTEM_MODE_ENTER|true
08:39:06.0 (25466946)|HEAP_ALLOCATE|[EXTERNAL]|Bytes:476
08:39:06.0 (25480678)|HEAP_ALLOCATE|[EXTERNAL]|Bytes:71
08:39:06.0 (33313374)|SYSTEM_MODE_ENTER|true
08:39:06.0 (33422368)|SYSTEM_MODE_ENTER|true
08:39:06.0 (42281745)|SYSTEM_MODE_ENTER|true
08:39:06.0 (42631900)|HEAP_ALLOCATE|[EXTERNAL]|Bytes:112
08:39:06.0 (42653103)|VARIABLE_SCOPE_BEGIN|[215]|this|PAW_New_EditCntrllr|true|false
08:39:06.0 (42814271)|VARIABLE_ASSIGNMENT|[215]|this|{"cmpnyRateAdjstmntMap":"0x7f8d689d","estmtCnrgDaysMap":"0x2c9cc","estmtCvrgeDaysObj":"0x7c5e1a5e","faciltyOptions":"0x42087f1b","fcltyPrgmMap":"0x56d52e47","fcltyPrgrmOptions":"0x400fd1f8","idToOwnershipFacilit (4 more) ...":"0x4c0fbf4d","idToTypeFacilityMap":"0x4d7ef170","insrncBnftMap":"0x32a6498e","insrncBnftOptions":"0xc18de33","isIop":false,"isTalbott":false,"meta":"0x3d5cfd2a","oppId":"00629000004NTeZ","pawObj":"0x7136e80","ptntInsrnceOptions":"0x7f9bdd5","ptntInsrncMap":"0x4dda125f","ptntInsrncObj":"0x38bf9e2","quoteObj":"0x17351363","recordId":"00629000004NTeZ","rtAdjstmntOptions":"0xbce086b","showPILookup":false,"sObjectQueryStr":"","wrprObj":"0x1445d87e"}|0x362673aa
08:39:06.0 (42844957)|STATEMENT_EXECUTE|[215]
08:39:06.0 (42847152)|STATEMENT_EXECUTE|[216]
08:39:06.0 (42931539)|STATEMENT_EXECUTE|[217]
08:39:06.0 (42953462)|HEAP_ALLOCATE|[217]|Bytes:12
08:39:06.0 (43032629)|HEAP_ALLOCATE|[EXTERNAL]|Bytes:4
08:39:06.0 (43140997)|VARIABLE_ASSIGNMENT|[EXTERNAL]|this|{"cmpnyRateAdjstmntMap":"0x7f8d689d","estmtCnrgDaysMap":"0x2c9cc","estmtCvrgeDaysObj":"0x7c5e1a5e","faciltyOptions":"0x42087f1b","fcltyPrgmMap":"0x56d52e47","fcltyPrgrmOptions":"0x400fd1f8","idToOwnershipFacilit (4 more) ...":"0x4c0fbf4d","idToTypeFacilityMap":"0x4d7ef170","insrncBnftMap":"0x32a6498e","insrncBnftOptions":"0xc18de33","isIop":false,"isTalbott":false,"meta":"0x3d5cfd2a","oppId":"00629000004NTeZ","pawObj":"0x7136e80","ptntInsrnceOptions":"0x7f9bdd5","ptntInsrncMap":"0x4dda125f","ptntInsrncObj":"0x38bf9e2","quoteObj":"0x17351363","recordId":"00629000004NTeZ","rtAdjstmntOptions":"0xbce086b","showPILookup":false,"sObjectQueryStr":"","wrprObj":"0x1445d87e"}|0x362673aa
08:39:06.0 (43168399)|STATEMENT_EXECUTE|[218]
08:39:06.0 (43170104)|STATEMENT_EXECUTE|[219]
08:39:06.0 (43219462)|HEAP_ALLOCATE|[219]|Bytes:4
08:39:06.0 (43228997)|HEAP_ALLOCATE|[219]|Bytes:1083
08:39:06.0 (43241981)|HEAP_ALLOCATE|[219]|Bytes:4
08:39:06.0 (43256931)|HEAP_ALLOCATE|[219]|Bytes:7
08:39:06.0 (43340866)|VARIABLE_ASSIGNMENT|[EXTERNAL]|this|{"cmpnyRateAdjstmntMap":"0x7f8d689d","estmtCnrgDaysMap":"0x2c9cc","estmtCvrgeDaysObj":"0x7c5e1a5e","faciltyOptions":"0x42087f1b","fcltyPrgmMap":"0x56d52e47","fcltyPrgrmOptions":"0x400fd1f8","idToOwnershipFacilit (4 more) ...":"0x4c0fbf4d","idToTypeFacilityMap":"0x4d7ef170","insrncBnftMap":"0x32a6498e","insrncBnftOptions":"0xc18de33","isIop":false,"isTalbott":false,"meta":"0x3d5cfd2a","oppId":"00629000004NTeZ","pawObj":"0x7136e80","ptntInsrnceOptions":"0x7f9bdd5","ptntInsrncMap":"0x4dda125f","ptntInsrncObj":"0x38bf9e2","quoteObj":"0x17351363","recordId":"00629000004NTeZ","rtAdjstmntOptions":"0xbce086b","showPILookup":false,"sObjectQueryStr":"","wrprObj":"0x1445d87e"}|0x362673aa
08:39:06.0 (47474475)|SOQL_EXECUTE_BEGIN|[219]|Aggregations:0|SELECT Id, Name, RecordType.Name, Uncovered_Charges__c, Patient_Insurance__r.Accepts_Assignment_of_Benefits__c, Patient_Insurance__r.Opportunity__c, Patient_Insurance__r.Accreditation__c, Patient_Insurance__r.Insurance_Company__r.Name, PHP_Admit_Co_Payment__c, Detox_Admit_Co_Payment__c, RTC_Admit_Co_Payment__c, Deductible__c, Deductible_Met__c, IOP_Admit_Co_Payment__c, Max_Out_of_Pocket_Remaining__c, Insurance_Company_is_Out_of_Network__c, Annual_Max_Remaining__c, Deductible_Remaining__c, Detox_Pays_at__c, Detox_Over__c, RTC_Pays_at__c, Residential_Treatment_Override__c, PHP_Pays_at__c, Partial_Hospitalization_Override__c, IOP_Pays_at__c, Intensive_Outpatient_Override__c, Num_Days_Uncovered__c, Num_Days_Room__c, Uncovered_Days_Rate__c, Room_and_Board_Days_Rate__c, Uncovered_Days_Override__c, Room_and_Board_Days_Override__c, Deductible_Included_in_OOP__c, Uncovered_Days__c, Lifetime_Max__c, Lifetime_Max_Met__c, Annual_Max__c, Annual_Max_Met__c, Max_Out_of_Pocket__c, Max_Out_of_Pocket_Met__c, Co_Pay_Met__c FROM Insurance_Benefit__c WHERE Patient_Insurance__c = :tmpVar1
08:39:06.0 (64424319)|SOQL_EXECUTE_END|[219]|Rows:2
08:39:06.0 (64480583)|HEAP_ALLOCATE|[219]|Bytes:12
08:39:06.0 (64546995)|HEAP_ALLOCATE|[219]|Bytes:2986
08:39:06.0 (64655614)|HEAP_ALLOCATE|[219]|Bytes:12
08:39:06.0 (64735722)|HEAP_ALLOCATE|[219]|Bytes:108
08:39:06.0 (64752939)|HEAP_ALLOCATE|[219]|Bytes:4
08:39:06.0 (64761833)|HEAP_ALLOCATE|[219]|Bytes:108
08:39:06.0 (64767872)|HEAP_ALLOCATE|[219]|Bytes:4
08:39:06.0 (64896672)|VARIABLE_ASSIGNMENT|[219]|this.insrncBnftMap|{"a1H29000000pRTUEA2":{"Id":"a1H29000000pRTUEA2","Name":"Insurance Benefit 75 (2 more) ...","RecordTypeId":"012j00000015GS6AAM","Patient_Insurance__c":"a1b29000000lvHQAAY","PHP_Admit_Co_Payment (3 more) ...":0.00,"Deductible__c":5000.00,"Deductible_Met__c":0.00,"Max_Out_of_Pocket_Re (10 more) ...":10000.00,"Insurance_Company_is (18 more) ...":false,"Annual_Max_Remaining (3 more) ...":1000000,"Deductible_Remaining (3 more) ...":5000.00,"Detox_Pays_at__c":80.00,"RTC_Pays_at__c":80.00,"PHP_Pays_at__c":80.00,"IOP_Pays_at__c":80.00,"Uncovered_Days_Rate_ (2 more) ...":630.00,"Room_and_Board_Days_ (7 more) ...":2000.00,"Deductible_Included_ (9 more) ...":"Yes","Lifetime_Max__c":1000000.00,"Lifetime_Max_Met__c":0.00,"Annual_Max__c":1000000.00,"Annual_Max_Met__c":0.00,"Max_Out_of_Pocket__c":10000.00,"Max_Out_of_Pocket_Me (4 more) ...":0.00,"RecordType":{"Name":"In Network","Id":"012j00000015GS6AAM"},"Patient_Insurance__r":{"Opportunity__c":"00629000004NTeZAAW","Accreditation__c":"State","Insurance_Company__c":"0012900000AXSP3AAP","Id":"a1b29000000lvHQAAY","Insurance_Company__r":{"Name":"Value Options/Beacon (7 more) ...","Id":"0012900000AXSP3AAP","RecordTypeId":"012j00000015GRqAAM"}}},"a1H29000000pRTZEA2":{"Id":"a1H29000000pRTZEA2","Name":"Insurance Benefit 75 (2 more) ...","RecordTypeId":"012j00000015GS7AAM","Patient_Insurance__c":"a1b29000000lvHQAAY","PHP_Admit_Co_Payment (3 more) ...":0.00,"Deductible__c":10000.00,"Deductible_Met__c":0.00,"Max_Out_of_Pocket_Re (10 more) ...":20000.00,"Insurance_Company_is (18 more) ...":false,"Annual_Max_Remaining (3 more) ...":1000000,"Deductible_Remaining (3 more) ...":10000.00,"Detox_Pays_at__c":60.00,"RTC_Pays_at__c":60.00,"PHP_Pays_at__c":60.00,"IOP_Pays_at__c":60.00,"Uncovered_Days_Rate_ (2 more) ...":630.00,"Room_and_Board_Days_ (7 more) ...":2000.00,"Deductible_Included_ (9 more) ...":"Yes","Lifetime_Max__c":1000000.00,"Lifetime_Max_Met__c":0.00,"Annual_Max__c":1000000.00,"Annual_Max_Met__c":0.00,"Max_Out_of_Pocket__c":20000.00,"Max_Out_of_Pocket_Me (4 more) ...":0.00,"RecordType":{"Name":"Out of Network","Id":"012j00000015GS7AAM"},"Patient_Insurance__r":{"Opportunity__c":"00629000004NTeZAAW","Accreditation__c":"State","Insurance_Company__c":"0012900000AXSP3AAP","Id":"a1b29000000lvHQAAY","Insurance_Company__r":{"Name":"Value Options/Beacon (7 more) ...","Id":"0012900000AXSP3AAP","RecordTypeId":"012j00000015GRqAAM"}}}}|0x362673aa
08:39:06.0 (65008152)|HEAP_ALLOCATE|[EXTERNAL]|Bytes:12
08:39:06.0 (65044513)|HEAP_ALLOCATE|[263]|Bytes:2996
08:39:06.0 (65236382)|HEAP_ALLOCATE|[263]|Bytes:5
08:39:06.0 (65258390)|HEAP_ALLOCATE|[263]|Bytes:108
08:39:06.0 (65271555)|VARIABLE_SCOPE_BEGIN|[263]|insrncBnftInstance|Insurance_Benefit__c|true|false
08:39:06.0 (65313323)|VARIABLE_ASSIGNMENT|[263]|insrncBnftInstance|{"Id":"a1H29000000pRTUEA2","Name":"Insurance Benefit 75 (2 more) ...","RecordTypeId":"012j00000015GS6AAM","Patient_Insurance__c":"a1b29000000lvHQAAY","PHP_Admit_Co_Payment (3 more) ...":0.00,"Deductible__c":5000.00,"Deductible_Met__c":0.00,"Max_Out_of_Pocket_Re (10 more) ...":10000.00,"Insurance_Company_is (18 more) ...":false,"Annual_Max_Remaining (3 more) ...":1000000,"Deductible_Remaining (3 more) ...":5000.00,"Detox_Pays_at__c":80.00,"RTC_Pays_at__c":80.00,"PHP_Pays_at__c":80.00,"IOP_Pays_at__c":80.00,"Uncovered_Days_Rate_ (2 more) ...":630.00,"Room_and_Board_Days_ (7 more) ...":2000.00,"Deductible_Included_ (9 more) ...":"Yes","Lifetime_Max__c":1000000.00,"Lifetime_Max_Met__c":0.00,"Annual_Max__c":1000000.00,"Annual_Max_Met__c":0.00,"Max_Out_of_Pocket__c":10000.00,"Max_Out_of_Pocket_Me (4 more) ...":0.00,"RecordType":{"Name":"In Network","Id":"012j00000015GS6AAM"},"Patient_Insurance__r":{"Opportunity__c":"00629000004NTeZAAW","Accreditation__c":"State","Insurance_Company__c":"0012900000AXSP3AAP","Id":"a1b29000000lvHQAAY","Insurance_Company__r":{"Name":"Value Options/Beacon (7 more) ...","Id":"0012900000AXSP3AAP","RecordTypeId":"012j00000015GRqAAM"}}}|0x385b08d1
08:39:06.0 (65336463)|STATEMENT_EXECUTE|[263]
08:39:06.0 (65338628)|STATEMENT_EXECUTE|[264]
08:39:06.0 (65402276)|HEAP_ALLOCATE|[264]|Bytes:18
08:39:06.0 (65480554)|HEAP_ALLOCATE|[264]|Bytes:3
08:39:06.0 (65513738)|HEAP_ALLOCATE|[264]|Bytes:35
08:39:06.0 (65602297)|HEAP_ALLOCATE|[EXTERNAL]|Bytes:4
08:39:06.0 (65623459)|HEAP_ALLOCATE|[263]|Bytes:5
08:39:06.0 (65637077)|HEAP_ALLOCATE|[263]|Bytes:108
08:39:06.0 (65645474)|VARIABLE_SCOPE_BEGIN|[263]|insrncBnftInstance|Insurance_Benefit__c|true|false
08:39:06.0 (65682698)|VARIABLE_ASSIGNMENT|[263]|insrncBnftInstance|{"Id":"a1H29000000pRTZEA2","Name":"Insurance Benefit 75 (2 more) ...","RecordTypeId":"012j00000015GS7AAM","Patient_Insurance__c":"a1b29000000lvHQAAY","PHP_Admit_Co_Payment (3 more) ...":0.00,"Deductible__c":10000.00,"Deductible_Met__c":0.00,"Max_Out_of_Pocket_Re (10 more) ...":20000.00,"Insurance_Company_is (18 more) ...":false,"Annual_Max_Remaining (3 more) ...":1000000,"Deductible_Remaining (3 more) ...":10000.00,"Detox_Pays_at__c":60.00,"RTC_Pays_at__c":60.00,"PHP_Pays_at__c":60.00,"IOP_Pays_at__c":60.00,"Uncovered_Days_Rate_ (2 more) ...":630.00,"Room_and_Board_Days_ (7 more) ...":2000.00,"Deductible_Included_ (9 more) ...":"Yes","Lifetime_Max__c":1000000.00,"Lifetime_Max_Met__c":0.00,"Annual_Max__c":1000000.00,"Annual_Max_Met__c":0.00,"Max_Out_of_Pocket__c":20000.00,"Max_Out_of_Pocket_Me (4 more) ...":0.00,"RecordType":{"Name":"Out of Network","Id":"012j00000015GS7AAM"},"Patient_Insurance__r":{"Opportunity__c":"00629000004NTeZAAW","Accreditation__c":"State","Insurance_Company__c":"0012900000AXSP3AAP","Id":"a1b29000000lvHQAAY","Insurance_Company__r":{"Name":"Value Options/Beacon (7 more) ...","Id":"0012900000AXSP3AAP","RecordTypeId":"012j00000015GRqAAM"}}}|0x609fe47c
08:39:06.0 (65703248)|STATEMENT_EXECUTE|[263]
08:39:06.0 (65704613)|STATEMENT_EXECUTE|[264]
08:39:06.0 (65721986)|HEAP_ALLOCATE|[264]|Bytes:18
08:39:06.0 (65748360)|HEAP_ALLOCATE|[264]|Bytes:39
08:39:06.0 (65764923)|HEAP_ALLOCATE|[EXTERNAL]|Bytes:4
08:39:06.0 (65779817)|HEAP_ALLOCATE|[263]|Bytes:5
08:39:06.0 (65794103)|VARIABLE_ASSIGNMENT|[263]|insrncBnftInstance|null|
08:39:06.0 (65959166)|VARIABLE_ASSIGNMENT|[EXTERNAL]|this|{"cmpnyRateAdjstmntMap":"0x7f8d689d","estmtCnrgDaysMap":"0x2c9cc","estmtCvrgeDaysObj":"0x7c5e1a5e","faciltyOptions":"0x42087f1b","fcltyPrgmMap":"0x56d52e47","fcltyPrgrmOptions":"0x400fd1f8","idToOwnershipFacilit (4 more) ...":"0x4c0fbf4d","idToTypeFacilityMap":"0x4d7ef170","insrncBnftMap":"0x2d5612fd","insrncBnftOptions":"0xc18de33","isIop":false,"isTalbott":false,"meta":"0x3d5cfd2a","oppId":"00629000004NTeZ","pawObj":"0x7136e80","ptntInsrnceOptions":"0x7f9bdd5","ptntInsrncMap":"0x4dda125f","ptntInsrncObj":"0x38bf9e2","quoteObj":"0x17351363","recordId":"00629000004NTeZ","rtAdjstmntOptions":"0xbce086b","showPILookup":false,"sObjectQueryStr":"","wrprObj":"0x1445d87e"}|0x362673aa
08:39:06.0 (66092806)|VARIABLE_ASSIGNMENT|[EXTERNAL]|this|{"facilitySelected":"001j000000NqKMtAAN","fcltyPrgrmSelected":"a1B290000003SEdEAM","insrncBnft":"0x72343a1b","insrncBnftSelected":"a1H29000000pRTUEA2","pawDetailListDisplay (4 more) ...":false,"pyAgrmntWrksht":"0x6990586b","rateAdjstmntSelected":"a1I29000000HR5FEAW","relatedPAWDetailsLis (1 more) ...":"0x2b18f824","targetEDR":0.00,"totalAppliedDeductib (2 more) ...":0.00,"totalCoInsurance":0.00,"totalCoPayAmt":0.00,"totalInsCoResp":0.00,"totalInsEIVAmt":0.00,"totalRowCount":20,"totalTalbottDay":0}|0x1445d87e
08:39:06.0 (66180541)|VARIABLE_ASSIGNMENT|[EXTERNAL]|this|{"cmpnyRateAdjstmntMap":"0x7f8d689d","estmtCnrgDaysMap":"0x2c9cc","estmtCvrgeDaysObj":"0x7c5e1a5e","faciltyOptions":"0x42087f1b","fcltyPrgmMap":"0x56d52e47","fcltyPrgrmOptions":"0x400fd1f8","idToOwnershipFacilit (4 more) ...":"0x4c0fbf4d","idToTypeFacilityMap":"0x4d7ef170","insrncBnftMap":"0x2d5612fd","insrncBnftOptions":"0xc18de33","isIop":false,"isTalbott":false,"meta":"0x3d5cfd2a","oppId":"00629000004NTeZ","pawObj":"0x7136e80","ptntInsrnceOptions":"0x7f9bdd5","ptntInsrncMap":"0x4dda125f","ptntInsrncObj":"0x38bf9e2","quoteObj":"0x17351363","recordId":"00629000004NTeZ","rtAdjstmntOptions":"0xbce086b","showPILookup":false,"sObjectQueryStr":"","wrprObj":"0x1445d87e"}|0x362673aa
08:39:06.0 (66247063)|VARIABLE_ASSIGNMENT|[EXTERNAL]|this|{"facilitySelected":"001j000000NqKMtAAN","fcltyPrgrmSelected":"a1B290000003SEdEAM","insrncBnft":"0x72343a1b","insrncBnftSelected":"a1H29000000pRTUEA2","pawDetailListDisplay (4 more) ...":false,"pyAgrmntWrksht":"0x6990586b","rateAdjstmntSelected":"a1I29000000HR5FEAW","relatedPAWDetailsLis (1 more) ...":"0x2b18f824","targetEDR":0.00,"totalAppliedDeductib (2 more) ...":0.00,"totalCoInsurance":0.00,"totalCoPayAmt":0.00,"totalInsCoResp":0.00,"totalInsEIVAmt":0.00,"totalRowCount":20,"totalTalbottDay":0}|0x1445d87e
08:39:06.0 (66296441)|STATEMENT_EXECUTE|[267]
08:39:06.0 (66298464)|STATEMENT_EXECUTE|[268]
08:39:06.0 (66374376)|VARIABLE_ASSIGNMENT|[EXTERNAL]|this|{"cmpnyRateAdjstmntMap":"0x7f8d689d","estmtCnrgDaysMap":"0x2c9cc","estmtCvrgeDaysObj":"0x7c5e1a5e","faciltyOptions":"0x42087f1b","fcltyPrgmMap":"0x56d52e47","fcltyPrgrmOptions":"0x400fd1f8","idToOwnershipFacilit (4 more) ...":"0x4c0fbf4d","idToTypeFacilityMap":"0x4d7ef170","insrncBnftMap":"0x2d5612fd","insrncBnftOptions":"0xc18de33","isIop":false,"isTalbott":false,"meta":"0x3d5cfd2a","oppId":"00629000004NTeZ","pawObj":"0x7136e80","ptntInsrnceOptions":"0x7f9bdd5","ptntInsrncMap":"0x4dda125f","ptntInsrncObj":"0x38bf9e2","quoteObj":"0x17351363","recordId":"00629000004NTeZ","rtAdjstmntOptions":"0xbce086b","showPILookup":false,"sObjectQueryStr":"","wrprObj":"0x1445d87e"}|0x362673aa
08:39:06.0 (66440202)|VARIABLE_ASSIGNMENT|[EXTERNAL]|this|{"facilitySelected":"001j000000NqKMtAAN","fcltyPrgrmSelected":"a1B290000003SEdEAM","insrncBnft":"0x72343a1b","insrncBnftSelected":"a1H29000000pRTUEA2","pawDetailListDisplay (4 more) ...":false,"pyAgrmntWrksht":"0x6990586b","rateAdjstmntSelected":"a1I29000000HR5FEAW","relatedPAWDetailsLis (1 more) ...":"0x2b18f824","targetEDR":0.00,"totalAppliedDeductib (2 more) ...":0.00,"totalCoInsurance":0.00,"totalCoPayAmt":0.00,"totalInsCoResp":0.00,"totalInsEIVAmt":0.00,"totalRowCount":20,"totalTalbottDay":0}|0x1445d87e
08:39:06.0 (66556311)|VARIABLE_ASSIGNMENT|[EXTERNAL]|this|{"cmpnyRateAdjstmntMap":"0x7f8d689d","estmtCnrgDaysMap":"0x2c9cc","estmtCvrgeDaysObj":"0x7c5e1a5e","faciltyOptions":"0x42087f1b","fcltyPrgmMap":"0x56d52e47","fcltyPrgrmOptions":"0x400fd1f8","idToOwnershipFacilit (4 more) ...":"0x4c0fbf4d","idToTypeFacilityMap":"0x4d7ef170","insrncBnftMap":"0x2d5612fd","insrncBnftOptions":"0xc18de33","isIop":false,"isTalbott":false,"meta":"0x3d5cfd2a","oppId":"00629000004NTeZ","pawObj":"0x7136e80","ptntInsrnceOptions":"0x7f9bdd5","ptntInsrncMap":"0x4dda125f","ptntInsrncObj":"0x38bf9e2","quoteObj":"0x17351363","recordId":"00629000004NTeZ","rtAdjstmntOptions":"0xbce086b","showPILookup":false,"sObjectQueryStr":"","wrprObj":"0x1445d87e"}|0x362673aa
08:39:06.0 (66629839)|VARIABLE_ASSIGNMENT|[EXTERNAL]|this|{"facilitySelected":"001j000000NqKMtAAN","fcltyPrgrmSelected":"a1B290000003SEdEAM","insrncBnft":"0x72343a1b","insrncBnftSelected":"a1H29000000pRTUEA2","pawDetailListDisplay (4 more) ...":false,"pyAgrmntWrksht":"0x6990586b","rateAdjstmntSelected":"a1I29000000HR5FEAW","relatedPAWDetailsLis (1 more) ...":"0x2b18f824","targetEDR":0.00,"totalAppliedDeductib (2 more) ...":0.00,"totalCoInsurance":0.00,"totalCoPayAmt":0.00,"totalInsCoResp":0.00,"totalInsEIVAmt":0.00,"totalRowCount":20,"totalTalbottDay":0}|0x1445d87e
08:39:06.0 (66671330)|VARIABLE_ASSIGNMENT|[EXTERNAL]|value|{"Id":"a1H29000000pRTUEA2","Name":"Insurance Benefit 75 (2 more) ...","RecordTypeId":"012j00000015GS6AAM","Patient_Insurance__c":"a1b29000000lvHQAAY","PHP_Admit_Co_Payment (3 more) ...":0.00,"Deductible__c":5000.00,"Deductible_Met__c":0.00,"Max_Out_of_Pocket_Re (10 more) ...":10000.00,"Insurance_Company_is (18 more) ...":false,"Annual_Max_Remaining (3 more) ...":1000000,"Deductible_Remaining (3 more) ...":5000.00,"Detox_Pays_at__c":80.00,"RTC_Pays_at__c":80.00,"PHP_Pays_at__c":80.00,"IOP_Pays_at__c":80.00,"Uncovered_Days_Rate_ (2 more) ...":630.00,"Room_and_Board_Days_ (7 more) ...":2000.00,"Deductible_Included_ (9 more) ...":"Yes","Lifetime_Max__c":1000000.00,"Lifetime_Max_Met__c":0.00,"Annual_Max__c":1000000.00,"Annual_Max_Met__c":0.00,"Max_Out_of_Pocket__c":10000.00,"Max_Out_of_Pocket_Me (4 more) ...":0.00,"RecordType":{"Name":"In Network","Id":"012j00000015GS6AAM"},"Patient_Insurance__r":{"Opportunity__c":"00629000004NTeZAAW","Accreditation__c":"State","Insurance_Company__c":"0012900000AXSP3AAP","Id":"a1b29000000lvHQAAY","Insurance_Company__r":{"Name":"Value Options/Beacon (7 more) ...","Id":"0012900000AXSP3AAP","RecordTypeId":"012j00000015GRqAAM"}}}|0x385b08d1
08:39:06.0 (66720650)|VARIABLE_ASSIGNMENT|[526]|this.insrncBnft|{"Id":"a1H29000000pRTUEA2","Name":"Insurance Benefit 75 (2 more) ...","RecordTypeId":"012j00000015GS6AAM","Patient_Insurance__c":"a1b29000000lvHQAAY","PHP_Admit_Co_Payment (3 more) ...":0.00,"Deductible__c":5000.00,"Deductible_Met__c":0.00,"Max_Out_of_Pocket_Re (10 more) ...":10000.00,"Insurance_Company_is (18 more) ...":false,"Annual_Max_Remaining (3 more) ...":1000000,"Deductible_Remaining (3 more) ...":5000.00,"Detox_Pays_at__c":80.00,"RTC_Pays_at__c":80.00,"PHP_Pays_at__c":80.00,"IOP_Pays_at__c":80.00,"Uncovered_Days_Rate_ (2 more) ...":630.00,"Room_and_Board_Days_ (7 more) ...":2000.00,"Deductible_Included_ (9 more) ...":"Yes","Lifetime_Max__c":1000000.00,"Lifetime_Max_Met__c":0.00,"Annual_Max__c":1000000.00,"Annual_Max_Met__c":0.00,"Max_Out_of_Pocket__c":10000.00,"Max_Out_of_Pocket_Me (4 more) ...":0.00,"RecordType":{"Name":"In Network","Id":"012j00000015GS6AAM"},"Patient_Insurance__r":{"Opportunity__c":"00629000004NTeZAAW","Accreditation__c":"State","Insurance_Company__c":"0012900000AXSP3AAP","Id":"a1b29000000lvHQAAY","Insurance_Company__r":{"Name":"Value Options/Beacon (7 more) ...","Id":"0012900000AXSP3AAP","RecordTypeId":"012j00000015GRqAAM"}}}|0x1445d87e
08:39:06.0 (66746824)|STATEMENT_EXECUTE|[272]
08:39:06.0 (67468832)|SYSTEM_MODE_ENTER|true
08:39:06.0 (67707750)|SYSTEM_MODE_ENTER|true
08:39:06.0 (67758170)|HEAP_ALLOCATE|[EXTERNAL]|Bytes:112
08:39:06.0 (67771866)|VARIABLE_SCOPE_BEGIN|[379]|this|PAW_New_EditCntrllr|true|false
08:39:06.0 (67841331)|VARIABLE_ASSIGNMENT|[379]|this|{"cmpnyRateAdjstmntMap":"0x7f8d689d","estmtCnrgDaysMap":"0x2c9cc","estmtCvrgeDaysObj":"0x7c5e1a5e","faciltyOptions":"0x42087f1b","fcltyPrgmMap":"0x56d52e47","fcltyPrgrmOptions":"0x400fd1f8","idToOwnershipFacilit (4 more) ...":"0x4c0fbf4d","idToTypeFacilityMap":"0x4d7ef170","insrncBnftMap":"0x2d5612fd","insrncBnftOptions":"0xc18de33","isIop":false,"isTalbott":false,"meta":"0x3d5cfd2a","oppId":"00629000004NTeZ","pawObj":"0x7136e80","ptntInsrnceOptions":"0x7f9bdd5","ptntInsrncMap":"0x4dda125f","ptntInsrncObj":"0x38bf9e2","quoteObj":"0x17351363","recordId":"00629000004NTeZ","rtAdjstmntOptions":"0xbce086b","showPILookup":false,"sObjectQueryStr":"","wrprObj":"0x1445d87e"}|0x362673aa
08:39:06.0 (67860637)|STATEMENT_EXECUTE|[379]
08:39:06.0 (67862683)|STATEMENT_EXECUTE|[380]
08:39:06.0 (67875948)|HEAP_ALLOCATE|[380]|Bytes:4
08:39:06.0 (67943839)|HEAP_ALLOCATE|[EXTERNAL]|Bytes:4
08:39:06.0 (67958883)|VARIABLE_ASSIGNMENT|[380]|this.rtAdjstmntOptions|[]|0x362673aa
08:39:06.0 (67964381)|STATEMENT_EXECUTE|[381]
08:39:06.0 (67973469)|HEAP_ALLOCATE|[381]|Bytes:8
08:39:06.0 (68022325)|HEAP_ALLOCATE|[EXTERNAL]|Bytes:4
08:39:06.0 (68114211)|VARIABLE_ASSIGNMENT|[EXTERNAL]|this|{"cmpnyRateAdjstmntMap":"0x7f8d689d","estmtCnrgDaysMap":"0x2c9cc","estmtCvrgeDaysObj":"0x7c5e1a5e","faciltyOptions":"0x42087f1b","fcltyPrgmMap":"0x56d52e47","fcltyPrgrmOptions":"0x400fd1f8","idToOwnershipFacilit (4 more) ...":"0x4c0fbf4d","idToTypeFacilityMap":"0x4d7ef170","insrncBnftMap":"0x2d5612fd","insrncBnftOptions":"0xc18de33","isIop":false,"isTalbott":false,"meta":"0x3d5cfd2a","oppId":"00629000004NTeZ","pawObj":"0x7136e80","ptntInsrnceOptions":"0x7f9bdd5","ptntInsrncMap":"0x4dda125f","ptntInsrncObj":"0x38bf9e2","quoteObj":"0x17351363","recordId":"00629000004NTeZ","rtAdjstmntOptions":"0x56d79b8b","showPILookup":false,"sObjectQueryStr":"","wrprObj":"0x1445d87e"}|0x362673aa
08:39:06.0 (68189309)|VARIABLE_ASSIGNMENT|[EXTERNAL]|this|{"facilitySelected":"001j000000NqKMtAAN","fcltyPrgrmSelected":"a1B290000003SEdEAM","insrncBnft":"0x385b08d1","insrncBnftSelected":"a1H29000000pRTUEA2","pawDetailListDisplay (4 more) ...":false,"pyAgrmntWrksht":"0x6990586b","rateAdjstmntSelected":"a1I29000000HR5FEAW","relatedPAWDetailsLis (1 more) ...":"0x2b18f824","targetEDR":0.00,"totalAppliedDeductib (2 more) ...":0.00,"totalCoInsurance":0.00,"totalCoPayAmt":0.00,"totalInsCoResp":0.00,"totalInsEIVAmt":0.00,"totalRowCount":20,"totalTalbottDay":0}|0x1445d87e
08:39:06.0 (68269206)|VARIABLE_ASSIGNMENT|[EXTERNAL]|this|{"cmpnyRateAdjstmntMap":"0x7f8d689d","estmtCnrgDaysMap":"0x2c9cc","estmtCvrgeDaysObj":"0x7c5e1a5e","faciltyOptions":"0x42087f1b","fcltyPrgmMap":"0x56d52e47","fcltyPrgrmOptions":"0x400fd1f8","idToOwnershipFacilit (4 more) ...":"0x4c0fbf4d","idToTypeFacilityMap":"0x4d7ef170","insrncBnftMap":"0x2d5612fd","insrncBnftOptions":"0xc18de33","isIop":false,"isTalbott":false,"meta":"0x3d5cfd2a","oppId":"00629000004NTeZ","pawObj":"0x7136e80","ptntInsrnceOptions":"0x7f9bdd5","ptntInsrncMap":"0x4dda125f","ptntInsrncObj":"0x38bf9e2","quoteObj":"0x17351363","recordId":"00629000004NTeZ","rtAdjstmntOptions":"0x56d79b8b","showPILookup":false,"sObjectQueryStr":"","wrprObj":"0x1445d87e"}|0x362673aa
08:39:06.0 (68333614)|VARIABLE_ASSIGNMENT|[EXTERNAL]|this|{"facilitySelected":"001j000000NqKMtAAN","fcltyPrgrmSelected":"a1B290000003SEdEAM","insrncBnft":"0x385b08d1","insrncBnftSelected":"a1H29000000pRTUEA2","pawDetailListDisplay (4 more) ...":false,"pyAgrmntWrksht":"0x6990586b","rateAdjstmntSelected":"a1I29000000HR5FEAW","relatedPAWDetailsLis (1 more) ...":"0x2b18f824","targetEDR":0.00,"totalAppliedDeductib (2 more) ...":0.00,"totalCoInsurance":0.00,"totalCoPayAmt":0.00,"totalInsCoResp":0.00,"totalInsEIVAmt":0.00,"totalRowCount":20,"totalTalbottDay":0}|0x1445d87e
08:39:06.0 (68427378)|VARIABLE_ASSIGNMENT|[EXTERNAL]|this|{"cmpnyRateAdjstmntMap":"0x7f8d689d","estmtCnrgDaysMap":"0x2c9cc","estmtCvrgeDaysObj":"0x7c5e1a5e","faciltyOptions":"0x42087f1b","fcltyPrgmMap":"0x56d52e47","fcltyPrgrmOptions":"0x400fd1f8","idToOwnershipFacilit (4 more) ...":"0x4c0fbf4d","idToTypeFacilityMap":"0x4d7ef170","insrncBnftMap":"0x2d5612fd","insrncBnftOptions":"0xc18de33","isIop":false,"isTalbott":false,"meta":"0x3d5cfd2a","oppId":"00629000004NTeZ","pawObj":"0x7136e80","ptntInsrnceOptions":"0x7f9bdd5","ptntInsrncMap":"0x4dda125f","ptntInsrncObj":"0x38bf9e2","quoteObj":"0x17351363","recordId":"00629000004NTeZ","rtAdjstmntOptions":"0x56d79b8b","showPILookup":false,"sObjectQueryStr":"","wrprObj":"0x1445d87e"}|0x362673aa
08:39:06.0 (68449882)|STATEMENT_EXECUTE|[382]
08:39:06.0 (68451666)|STATEMENT_EXECUTE|[383]
08:39:06.0 (68489642)|HEAP_ALLOCATE|[383]|Bytes:4
08:39:06.0 (68498201)|HEAP_ALLOCATE|[383]|Bytes:287
08:39:06.0 (68511655)|HEAP_ALLOCATE|[383]|Bytes:4
08:39:06.0 (68594813)|VARIABLE_ASSIGNMENT|[EXTERNAL]|this|{"cmpnyRateAdjstmntMap":"0x7f8d689d","estmtCnrgDaysMap":"0x2c9cc","estmtCvrgeDaysObj":"0x7c5e1a5e","faciltyOptions":"0x42087f1b","fcltyPrgmMap":"0x56d52e47","fcltyPrgrmOptions":"0x400fd1f8","idToOwnershipFacilit (4 more) ...":"0x4c0fbf4d","idToTypeFacilityMap":"0x4d7ef170","insrncBnftMap":"0x2d5612fd","insrncBnftOptions":"0xc18de33","isIop":false,"isTalbott":false,"meta":"0x3d5cfd2a","oppId":"00629000004NTeZ","pawObj":"0x7136e80","ptntInsrnceOptions":"0x7f9bdd5","ptntInsrncMap":"0x4dda125f","ptntInsrncObj":"0x38bf9e2","quoteObj":"0x17351363","recordId":"00629000004NTeZ","rtAdjstmntOptions":"0x56d79b8b","showPILookup":false,"sObjectQueryStr":"","wrprObj":"0x1445d87e"}|0x362673aa
08:39:06.0 (68655793)|HEAP_ALLOCATE|[383]|Bytes:7
08:39:06.0 (68738240)|VARIABLE_ASSIGNMENT|[EXTERNAL]|this|{"cmpnyRateAdjstmntMap":"0x7f8d689d","estmtCnrgDaysMap":"0x2c9cc","estmtCvrgeDaysObj":"0x7c5e1a5e","faciltyOptions":"0x42087f1b","fcltyPrgmMap":"0x56d52e47","fcltyPrgrmOptions":"0x400fd1f8","idToOwnershipFacilit (4 more) ...":"0x4c0fbf4d","idToTypeFacilityMap":"0x4d7ef170","insrncBnftMap":"0x2d5612fd","insrncBnftOptions":"0xc18de33","isIop":false,"isTalbott":false,"meta":"0x3d5cfd2a","oppId":"00629000004NTeZ","pawObj":"0x7136e80","ptntInsrnceOptions":"0x7f9bdd5","ptntInsrncMap":"0x4dda125f","ptntInsrncObj":"0x38bf9e2","quoteObj":"0x17351363","recordId":"00629000004NTeZ","rtAdjstmntOptions":"0x56d79b8b","showPILookup":false,"sObjectQueryStr":"","wrprObj":"0x1445d87e"}|0x362673aa
08:39:06.0 (68808237)|VARIABLE_ASSIGNMENT|[EXTERNAL]|this|{"facilitySelected":"001j000000NqKMtAAN","fcltyPrgrmSelected":"a1B290000003SEdEAM","insrncBnft":"0x385b08d1","insrncBnftSelected":"a1H29000000pRTUEA2","pawDetailListDisplay (4 more) ...":false,"pyAgrmntWrksht":"0x6990586b","rateAdjstmntSelected":"a1I29000000HR5FEAW","relatedPAWDetailsLis (1 more) ...":"0x2b18f824","targetEDR":0.00,"totalAppliedDeductib (2 more) ...":0.00,"totalCoInsurance":0.00,"totalCoPayAmt":0.00,"totalInsCoResp":0.00,"totalInsEIVAmt":0.00,"totalRowCount":20,"totalTalbottDay":0}|0x1445d87e
08:39:06.0 (70075972)|SOQL_EXECUTE_BEGIN|[383]|Aggregations:0|SELECT Id, Name, Type__c, Rate_Adjustment__c, In_Network_Rate_Adjustment__c, Out_of_Network_Rate_Adjustment__c, Active_Date__c, Term_Date__c FROM Insurance_Company_Rate_Adjustment__c WHERE (Insurance_Company__c = :tmpVar1 AND FRN_Facility__c = :tmpVar2) ORDER BY Type__c DESC NULLS FIRST
08:39:06.0 (77177695)|SOQL_EXECUTE_END|[383]|Rows:2
08:39:06.0 (77224935)|HEAP_ALLOCATE|[383]|Bytes:12
08:39:06.0 (77257717)|HEAP_ALLOCATE|[383]|Bytes:319
08:39:06.0 (77364756)|HEAP_ALLOCATE|[383]|Bytes:12
08:39:06.0 (77444601)|HEAP_ALLOCATE|[383]|Bytes:24
08:39:06.0 (77462941)|HEAP_ALLOCATE|[383]|Bytes:4
08:39:06.0 (77471759)|HEAP_ALLOCATE|[383]|Bytes:24
08:39:06.0 (77478352)|HEAP_ALLOCATE|[383]|Bytes:4
08:39:06.0 (77582063)|VARIABLE_ASSIGNMENT|[383]|this.cmpnyRateAdjstmntMap|{"a1I29000000HR5FEAW":{"Id":"a1I29000000HR5FEAW","Name":"Ins Co Rate Adjstmt  (5 more) ...","Type__c":"Contracted","Rate_Adjustment__c":3.00,"Active_Date__c":"2017-02-24T00:00:00.000Z"},"a1I29000000HR5EEAW":{"Id":"a1I29000000HR5EEAW","Name":"Ins Co Rate Adjstmt  (5 more) ...","Type__c":"OON","Rate_Adjustment__c":15.00,"Active_Date__c":"2017-02-24T00:00:00.000Z"}}|0x362673aa
08:39:06.0 (77660960)|HEAP_ALLOCATE|[EXTERNAL]|Bytes:12
08:39:06.0 (77677456)|HEAP_ALLOCATE|[395]|Bytes:329
08:39:06.0 (77870627)|HEAP_ALLOCATE|[395]|Bytes:5
08:39:06.0 (77893370)|HEAP_ALLOCATE|[395]|Bytes:24
08:39:06.0 (77907098)|VARIABLE_SCOPE_BEGIN|[395]|rateAdjstmntInstance|Insurance_Company_Rate_Adjustment__c|true|false
08:39:06.0 (77936942)|VARIABLE_ASSIGNMENT|[395]|rateAdjstmntInstance|{"Id":"a1I29000000HR5FEAW","Name":"Ins Co Rate Adjstmt  (5 more) ...","Type__c":"Contracted","Rate_Adjustment__c":3.00,"Active_Date__c":"2017-02-24T00:00:00.000Z"}|0x50a6424b
08:39:06.0 (77948221)|STATEMENT_EXECUTE|[395]
08:39:06.0 (78037475)|METHOD_ENTRY|[396]|01p0a000004sKzV|PAW_New_EditCntrllr.checkIfActive(Insurance_Company_Rate_Adjustment__c)
08:39:06.0 (78071693)|VARIABLE_SCOPE_BEGIN|[497]|this|PAW_New_EditCntrllr|true|false
08:39:06.0 (78178029)|VARIABLE_ASSIGNMENT|[497]|this|{"cmpnyRateAdjstmntMap":"0x73a3d2d6","estmtCnrgDaysMap":"0x2c9cc","estmtCvrgeDaysObj":"0x7c5e1a5e","faciltyOptions":"0x42087f1b","fcltyPrgmMap":"0x56d52e47","fcltyPrgrmOptions":"0x400fd1f8","idToOwnershipFacilit (4 more) ...":"0x4c0fbf4d","idToTypeFacilityMap":"0x4d7ef170","insrncBnftMap":"0x2d5612fd","insrncBnftOptions":"0xc18de33","isIop":false,"isTalbott":false,"meta":"0x3d5cfd2a","oppId":"00629000004NTeZ","pawObj":"0x7136e80","ptntInsrnceOptions":"0x7f9bdd5","ptntInsrncMap":"0x4dda125f","ptntInsrncObj":"0x38bf9e2","quoteObj":"0x17351363","recordId":"00629000004NTeZ","rtAdjstmntOptions":"0x56d79b8b","showPILookup":false,"sObjectQueryStr":"","wrprObj":"0x1445d87e"}|0x362673aa
08:39:06.0 (78198144)|VARIABLE_SCOPE_BEGIN|[497]|pInsRateAdjustmentOnj|Insurance_Company_Rate_Adjustment__c|true|false
08:39:06.0 (78218298)|VARIABLE_ASSIGNMENT|[497]|pInsRateAdjustmentOnj|{"Id":"a1I29000000HR5FEAW","Name":"Ins Co Rate Adjstmt  (5 more) ...","Type__c":"Contracted","Rate_Adjustment__c":3.00,"Active_Date__c":"2017-02-24T00:00:00.000Z"}|0x50a6424b
08:39:06.0 (78229393)|STATEMENT_EXECUTE|[497]
08:39:06.0 (78232278)|STATEMENT_EXECUTE|[498]
08:39:06.0 (78280958)|HEAP_ALLOCATE|[498]|Bytes:4
08:39:06.0 (78314499)|VARIABLE_SCOPE_BEGIN|[498]|todayDate|Date|false|false
08:39:06.0 (78334357)|VARIABLE_ASSIGNMENT|[498]|todayDate|"2018-01-17T00:00:00.000Z"
08:39:06.0 (78363047)|STATEMENT_EXECUTE|[499]
08:39:06.0 (78364912)|STATEMENT_EXECUTE|[500]
08:39:06.0 (78375466)|VARIABLE_SCOPE_BEGIN|[500]|endDate|Date|false|false
08:39:06.0 (78394088)|VARIABLE_ASSIGNMENT|[500]|endDate|"2018-01-17T00:00:00.000Z"
08:39:06.0 (78477902)|STATEMENT_EXECUTE|[501]
08:39:06.0 (78480223)|STATEMENT_EXECUTE|[502]
08:39:06.0 (78486791)|METHOD_EXIT|[396]|01p0a000004sKzV|PAW_New_EditCntrllr.checkIfActive(Insurance_Company_Rate_Adjustment__c)
08:39:06.0 (78495134)|STATEMENT_EXECUTE|[397]
08:39:06.0 (78533158)|HEAP_ALLOCATE|[397]|Bytes:18
08:39:06.0 (78610375)|HEAP_ALLOCATE|[EXTERNAL]|Bytes:4
08:39:06.0 (78630922)|HEAP_ALLOCATE|[395]|Bytes:5
08:39:06.0 (78644743)|HEAP_ALLOCATE|[395]|Bytes:24
08:39:06.0 (78653023)|VARIABLE_SCOPE_BEGIN|[395]|rateAdjstmntInstance|Insurance_Company_Rate_Adjustment__c|true|false
08:39:06.0 (78677371)|VARIABLE_ASSIGNMENT|[395]|rateAdjstmntInstance|{"Id":"a1I29000000HR5EEAW","Name":"Ins Co Rate Adjstmt  (5 more) ...","Type__c":"OON","Rate_Adjustment__c":15.00,"Active_Date__c":"2017-02-24T00:00:00.000Z"}|0x6a2f3b98
08:39:06.0 (78685709)|STATEMENT_EXECUTE|[395]
08:39:06.0 (78701554)|METHOD_ENTRY|[396]|01p0a000004sKzV|PAW_New_EditCntrllr.checkIfActive(Insurance_Company_Rate_Adjustment__c)
08:39:06.0 (78709762)|VARIABLE_SCOPE_BEGIN|[497]|this|PAW_New_EditCntrllr|true|false
08:39:06.0 (78782578)|VARIABLE_ASSIGNMENT|[497]|this|{"cmpnyRateAdjstmntMap":"0x73a3d2d6","estmtCnrgDaysMap":"0x2c9cc","estmtCvrgeDaysObj":"0x7c5e1a5e","faciltyOptions":"0x42087f1b","fcltyPrgmMap":"0x56d52e47","fcltyPrgrmOptions":"0x400fd1f8","idToOwnershipFacilit (4 more) ...":"0x4c0fbf4d","idToTypeFacilityMap":"0x4d7ef170","insrncBnftMap":"0x2d5612fd","insrncBnftOptions":"0xc18de33","isIop":false,"isTalbott":false,"meta":"0x3d5cfd2a","oppId":"00629000004NTeZ","pawObj":"0x7136e80","ptntInsrnceOptions":"0x7f9bdd5","ptntInsrncMap":"0x4dda125f","ptntInsrncObj":"0x38bf9e2","quoteObj":"0x17351363","recordId":"00629000004NTeZ","rtAdjstmntOptions":"0x56d79b8b","showPILookup":false,"sObjectQueryStr":"","wrprObj":"0x1445d87e"}|0x362673aa
08:39:06.0 (78797800)|VARIABLE_SCOPE_BEGIN|[497]|pInsRateAdjustmentOnj|Insurance_Company_Rate_Adjustment__c|true|false
08:39:06.0 (78814791)|VARIABLE_ASSIGNMENT|[497]|pInsRateAdjustmentOnj|{"Id":"a1I29000000HR5EEAW","Name":"Ins Co Rate Adjstmt  (5 more) ...","Type__c":"OON","Rate_Adjustment__c":15.00,"Active_Date__c":"2017-02-24T00:00:00.000Z"}|0x6a2f3b98
08:39:06.0 (78823126)|STATEMENT_EXECUTE|[497]
08:39:06.0 (78824634)|STATEMENT_EXECUTE|[498]
08:39:06.0 (78842800)|HEAP_ALLOCATE|[498]|Bytes:4
08:39:06.0 (78860365)|VARIABLE_SCOPE_BEGIN|[498]|todayDate|Date|false|false
08:39:06.0 (78878725)|VARIABLE_ASSIGNMENT|[498]|todayDate|"2018-01-17T00:00:00.000Z"
08:39:06.0 (78889008)|STATEMENT_EXECUTE|[499]
08:39:06.0 (78890483)|STATEMENT_EXECUTE|[500]
08:39:06.0 (78898100)|VARIABLE_SCOPE_BEGIN|[500]|endDate|Date|false|false
08:39:06.0 (78912892)|VARIABLE_ASSIGNMENT|[500]|endDate|"2018-01-17T00:00:00.000Z"
08:39:06.0 (78944057)|STATEMENT_EXECUTE|[501]
08:39:06.0 (78945829)|STATEMENT_EXECUTE|[502]
08:39:06.0 (78951388)|METHOD_EXIT|[396]|01p0a000004sKzV|PAW_New_EditCntrllr.checkIfActive(Insurance_Company_Rate_Adjustment__c)
08:39:06.0 (78958168)|STATEMENT_EXECUTE|[397]
08:39:06.0 (78969836)|HEAP_ALLOCATE|[397]|Bytes:18
08:39:06.0 (78992725)|HEAP_ALLOCATE|[EXTERNAL]|Bytes:4
08:39:06.0 (79011343)|HEAP_ALLOCATE|[395]|Bytes:5
08:39:06.0 (79028630)|VARIABLE_ASSIGNMENT|[395]|rateAdjstmntInstance|null|
08:39:06.0 (79036250)|STATEMENT_EXECUTE|[400]
08:39:06.0 (79775470)|SYSTEM_MODE_ENTER|true
08:39:06.89 (89766534)|SYSTEM_MODE_ENTER|true
08:39:06.89 (89902413)|HEAP_ALLOCATE|[EXTERNAL]|Bytes:8
08:39:06.89 (89926512)|VARIABLE_SCOPE_BEGIN|[88]|this|ApexPage.PageMessagesComponentController|true|false
08:39:06.89 (89986255)|VARIABLE_ASSIGNMENT|[88]|this|{}|0x3a38d078
08:39:06.89 (89996254)|VARIABLE_SCOPE_BEGIN|[88]|escape|Boolean|false|false
08:39:06.89 (90006877)|VARIABLE_ASSIGNMENT|[88]|escape|null
08:39:06.0 (90503347)|HEAP_ALLOCATE|[EXTERNAL]|Bytes:18
08:39:06.0 (90526183)|HEAP_ALLOCATE|[EXTERNAL]|Bytes:84
08:39:06.0 (90543704)|VARIABLE_ASSIGNMENT|[EXTERNAL]|this.insrncBnftSelected|"a1H29000000pRTUEA2"|0x1445d87e
08:39:06.0 (90619163)|HEAP_ALLOCATE|[EXTERNAL]|Bytes:18
08:39:06.0 (90626376)|HEAP_ALLOCATE|[EXTERNAL]|Bytes:84
08:39:06.0 (90636132)|VARIABLE_ASSIGNMENT|[EXTERNAL]|this.facilitySelected|"001j000000NqKMtAAN"|0x1445d87e
08:39:06.0 (90705900)|HEAP_ALLOCATE|[EXTERNAL]|Bytes:18
08:39:06.0 (90712716)|HEAP_ALLOCATE|[EXTERNAL]|Bytes:84
08:39:06.0 (90722375)|VARIABLE_ASSIGNMENT|[EXTERNAL]|this.rateAdjstmntSelected|"a1I29000000HR5FEAW"|0x1445d87e
08:39:06.0 (90791785)|HEAP_ALLOCATE|[EXTERNAL]|Bytes:18
08:39:06.0 (90798514)|HEAP_ALLOCATE|[EXTERNAL]|Bytes:84
08:39:06.0 (90807772)|VARIABLE_ASSIGNMENT|[EXTERNAL]|this.fcltyPrgrmSelected|"a1B290000003SEdEAM"|0x1445d87e
08:39:06.112 (112559245)|SYSTEM_MODE_ENTER|true
08:39:06.112 (112684567)|HEAP_ALLOCATE|[EXTERNAL]|Bytes:8
08:39:06.112 (112704217)|VARIABLE_SCOPE_BEGIN|[88]|this|ApexPage.PageMessagesComponentController|true|false
08:39:06.112 (112761630)|VARIABLE_ASSIGNMENT|[88]|this|{}|0x3a38d078
08:39:06.112 (112770059)|VARIABLE_SCOPE_BEGIN|[88]|escape|Boolean|false|false
08:39:06.112 (112778640)|VARIABLE_ASSIGNMENT|[88]|escape|null
08:39:06.112 (112935177)|SYSTEM_MODE_ENTER|true
08:39:06.112 (112976275)|HEAP_ALLOCATE|[EXTERNAL]|Bytes:8
08:39:06.112 (113002210)|VARIABLE_SCOPE_BEGIN|[2]|this|ApexPage.PageMessagesComponentController|true|false
08:39:06.112 (113028975)|VARIABLE_ASSIGNMENT|[2]|this|{}|0x3a38d078
08:39:06.0 (113634353)|SYSTEM_MODE_ENTER|true
08:39:06.0 (113807006)|SYSTEM_MODE_ENTER|true
08:39:06.0 (114211072)|SYSTEM_MODE_ENTER|true
08:39:06.0 (118382561)|SYSTEM_MODE_ENTER|true
08:39:06.0 (118463341)|SYSTEM_MODE_ENTER|true
08:39:06.0 (133338282)|VF_SERIALIZE_VIEWSTATE_BEGIN|0660a0000009uTC
08:39:06.0 (142056560)|VF_SERIALIZE_VIEWSTATE_END
08:39:06.153 (153222223)|CUMULATIVE_LIMIT_USAGE
08:39:06.153 (153222223)|LIMIT_USAGE_FOR_NS|(default)|
  Number of SOQL queries: 2 out of 100
  Number of query rows: 4 out of 50000
  Number of SOSL queries: 0 out of 20
  Number of DML statements: 0 out of 150
  Number of DML rows: 0 out of 10000
  Maximum CPU time: 0 out of 10000
  Maximum heap size: 0 out of 6000000
  Number of callouts: 0 out of 100
  Number of Email Invocations: 0 out of 10
  Number of future calls: 0 out of 50
  Number of queueable jobs added to the queue: 0 out of 50
  Number of Mobile Apex push calls: 0 out of 10

08:39:06.153 (153222223)|CUMULATIVE_LIMIT_USAGE_END

08:39:06.0 (153270489)|CODE_UNIT_FINISHED|VF: /apex/PAW_New_Edit
08:39:06.0 (154117161)|EXECUTION_FINISHED
