37.0 APEX_CODE,FINEST;APEX_PROFILING,INFO;CALLOUT,INFO;DB,INFO;SYSTEM,DEBUG;VALIDATION,INFO;VISUALFORCE,INFO;WAVE,INFO;WORKFLOW,FINER
07:08:09.0 (72345)|USER_INFO|[EXTERNAL]|00529000000zYiy|bhakti.gujrathi@eternussolutions.com.frnstgng|Central Standard Time|GMT-06:00
07:08:09.0 (115353)|EXECUTION_STARTED
07:08:09.0 (119688)|CODE_UNIT_STARTED|[EXTERNAL]|0660a0000009uTC|VF: /apex/PAW_New_Edit
07:08:09.0 (273039)|VF_DESERIALIZE_VIEWSTATE_BEGIN|0660a0000009uTC
07:08:09.0 (4014041)|HEAP_ALLOCATE|[72]|Bytes:3
07:08:09.0 (4063668)|HEAP_ALLOCATE|[77]|Bytes:152
07:08:09.0 (4079131)|HEAP_ALLOCATE|[342]|Bytes:408
07:08:09.0 (4093572)|HEAP_ALLOCATE|[355]|Bytes:408
07:08:09.0 (4111932)|HEAP_ALLOCATE|[467]|Bytes:48
07:08:09.0 (4149852)|HEAP_ALLOCATE|[139]|Bytes:6
07:08:09.0 (4178268)|HEAP_ALLOCATE|[50]|Bytes:5
07:08:09.0 (4200546)|HEAP_ALLOCATE|[56]|Bytes:5
07:08:09.0 (4208106)|HEAP_ALLOCATE|[64]|Bytes:7
07:08:09.0 (6963120)|VARIABLE_SCOPE_BEGIN|[35]|PAW_New_EditCntrllr.globalSchemaMap|Map<String,Schema.SObjectType>|true|true
07:08:09.0 (6977554)|VARIABLE_SCOPE_BEGIN|[3]|PAW_New_EditCntrllr.yearEndMode|Boolean|false|true
07:08:09.0 (12456269)|VF_DESERIALIZE_VIEWSTATE_END
07:08:09.13 (13476229)|SYSTEM_MODE_ENTER|true
07:08:09.13 (13564111)|HEAP_ALLOCATE|[EXTERNAL]|Bytes:38
07:08:09.13 (13574776)|HEAP_ALLOCATE|[EXTERNAL]|Bytes:7
07:08:09.13 (13585427)|SYSTEM_METHOD_ENTRY|[1]|PageMessagesComponentController.PageMessagesComponentController()
07:08:09.13 (13591194)|STATEMENT_EXECUTE|[1]
07:08:09.14 (14528060)|SYSTEM_MODE_ENTER|true
07:08:09.14 (14580527)|HEAP_ALLOCATE|[EXTERNAL]|Bytes:8
07:08:09.14 (14589040)|VARIABLE_SCOPE_BEGIN|[88]|this|ApexPage.PageMessagesComponentController|true|false
07:08:09.14 (14631179)|VARIABLE_ASSIGNMENT|[88]|this|{}|0xd6f8f8e
07:08:09.14 (14637965)|VARIABLE_SCOPE_BEGIN|[88]|escape|Boolean|false|false
07:08:09.14 (14645517)|VARIABLE_ASSIGNMENT|[88]|escape|null
07:08:09.0 (14854729)|SYSTEM_MODE_ENTER|true
07:08:09.0 (14878905)|HEAP_ALLOCATE|[EXTERNAL]|Bytes:11
07:08:09.0 (14890040)|HEAP_ALLOCATE|[EXTERNAL]|Bytes:304
07:08:09.0 (14894453)|HEAP_ALLOCATE|[EXTERNAL]|Bytes:98
07:08:09.0 (14898278)|HEAP_ALLOCATE|[EXTERNAL]|Bytes:10
07:08:09.0 (14910302)|METHOD_ENTRY|[1]|01p0a000004sKzV|PAW_New_EditCntrllr.PAW_New_EditCntrllr()
07:08:09.0 (14915598)|STATEMENT_EXECUTE|[1]
07:08:09.0 (14919299)|STATEMENT_EXECUTE|[1]
07:08:09.0 (14920620)|STATEMENT_EXECUTE|[3]
07:08:09.0 (15017970)|VARIABLE_SCOPE_BEGIN|[3]|PAW_YearEnd_Config.setting|Year_End_PAW_Settings__c|true|true
07:08:09.0 (15032935)|HEAP_ALLOCATE|[3]|Bytes:1
07:08:09.0 (15038625)|HEAP_ALLOCATE|[3]|Bytes:1
07:08:09.0 (15081666)|METHOD_ENTRY|[1]|01p29000000Aswf|PAW_YearEnd_Config.PAW_YearEnd_Config()
07:08:09.0 (15087179)|STATEMENT_EXECUTE|[1]
07:08:09.0 (15090037)|STATEMENT_EXECUTE|[1]
07:08:09.0 (15105503)|SYSTEM_MODE_ENTER|false
07:08:09.0 (15112450)|HEAP_ALLOCATE|[3]|Bytes:5
07:08:09.0 (15119920)|SYSTEM_MODE_EXIT|false
07:08:09.0 (15127217)|METHOD_EXIT|[1]|PAW_YearEnd_Config
07:08:09.0 (15138171)|METHOD_ENTRY|[3]|01p29000000Aswf|PAW_YearEnd_Config.fetch()
07:08:09.0 (15166092)|SYSTEM_MODE_ENTER|false
07:08:09.0 (15171447)|HEAP_ALLOCATE|[6]|Bytes:5
07:08:09.0 (15175198)|STATEMENT_EXECUTE|[5]
07:08:09.0 (15178883)|STATEMENT_EXECUTE|[7]
07:08:09.0 (16105245)|HEAP_ALLOCATE|[7]|Bytes:20
07:08:09.0 (16152833)|VARIABLE_ASSIGNMENT|[7]|PAW_YearEnd_Config.setting|{"IsDeleted":false,"Name":"Year End PAW Setting (11 more) ...","SetupOwnerId":"00529000000zYiyAAE","Year_End_Mode_Enable (4 more) ...":false}|0x4d2e0a35
07:08:09.0 (16161742)|STATEMENT_EXECUTE|[9]
07:08:09.0 (16165148)|HEAP_ALLOCATE|[9]|Bytes:14
07:08:09.0 (16327502)|HEAP_ALLOCATE|[9]|Bytes:145
07:08:09.0 (16352163)|HEAP_ALLOCATE|[9]|Bytes:159
07:08:09.0 (16377721)|USER_DEBUG|[9]|DEBUG|>>> setting : Year_End_PAW_Settings__c:{IsDeleted=false, Name=Year End PAW Settings (Profile), SetupOwnerId=00529000000zYiyAAE, Year_End_Mode_Enabled__c=false}
07:08:09.0 (16393832)|STATEMENT_EXECUTE|[10]
07:08:09.0 (16401998)|SYSTEM_MODE_EXIT|false
07:08:09.0 (16413664)|METHOD_EXIT|[3]|01p29000000Aswf|PAW_YearEnd_Config.fetch()
07:08:09.0 (16456028)|VARIABLE_ASSIGNMENT|[3]|PAW_New_EditCntrllr.yearEndMode|false
07:08:09.0 (16461197)|STATEMENT_EXECUTE|[522]
07:08:09.0 (16466645)|METHOD_EXIT|[1]|PAW_New_EditCntrllr
07:08:09.0 (16905012)|SYSTEM_MODE_ENTER|true
07:08:09.0 (17560189)|SYSTEM_MODE_ENTER|true
07:08:09.0 (17609711)|HEAP_ALLOCATE|[EXTERNAL]|Bytes:476
07:08:09.0 (17626422)|HEAP_ALLOCATE|[EXTERNAL]|Bytes:71
07:08:09.0 (20868888)|SYSTEM_MODE_ENTER|true
07:08:09.0 (20953064)|SYSTEM_MODE_ENTER|true
07:08:09.0 (26763463)|SYSTEM_MODE_ENTER|true
07:08:09.0 (27009302)|HEAP_ALLOCATE|[EXTERNAL]|Bytes:112
07:08:09.0 (27025981)|VARIABLE_SCOPE_BEGIN|[215]|this|PAW_New_EditCntrllr|true|false
07:08:09.0 (27122282)|VARIABLE_ASSIGNMENT|[215]|this|{"estmtCvrgeDaysObj":"0x4f0ea93d","faciltyOptions":"0x633325d0","fcltyPrgrmOptions":"0x16829e70","idToOwnershipFacilit (4 more) ...":"0x4cefad81","idToTypeFacilityMap":"0x7612a260","insrncBnftMap":"0xcf504d7","insrncBnftOptions":"0xe866a27","isIop":false,"isTalbott":false,"meta":"0x3f344dd3","oppId":"00629000004NTeZ","pawObj":"0x5c56e9f7","ptntInsrnceOptions":"0x78218d16","ptntInsrncMap":"0x45cb1767","ptntInsrncObj":"0x568bb7a4","quoteObj":"0x580c80d8","recordId":"00629000004NTeZ","rtAdjstmntOptions":"0x33fec37f","showPILookup":false,"sObjectQueryStr":"","wrprObj":"0x3a60a0e8"}|0x2a16c5b2
07:08:09.0 (27143112)|STATEMENT_EXECUTE|[215]
07:08:09.0 (27144803)|STATEMENT_EXECUTE|[216]
07:08:09.0 (27194018)|STATEMENT_EXECUTE|[217]
07:08:09.0 (27206136)|HEAP_ALLOCATE|[217]|Bytes:12
07:08:09.0 (27260172)|HEAP_ALLOCATE|[EXTERNAL]|Bytes:4
07:08:09.0 (27364844)|VARIABLE_ASSIGNMENT|[EXTERNAL]|this|{"estmtCvrgeDaysObj":"0x4f0ea93d","faciltyOptions":"0x633325d0","fcltyPrgrmOptions":"0x16829e70","idToOwnershipFacilit (4 more) ...":"0x4cefad81","idToTypeFacilityMap":"0x7612a260","insrncBnftMap":"0xcf504d7","insrncBnftOptions":"0xe866a27","isIop":false,"isTalbott":false,"meta":"0x3f344dd3","oppId":"00629000004NTeZ","pawObj":"0x5c56e9f7","ptntInsrnceOptions":"0x78218d16","ptntInsrncMap":"0x45cb1767","ptntInsrncObj":"0x568bb7a4","quoteObj":"0x580c80d8","recordId":"00629000004NTeZ","rtAdjstmntOptions":"0x33fec37f","showPILookup":false,"sObjectQueryStr":"","wrprObj":"0x3a60a0e8"}|0x2a16c5b2
07:08:09.0 (27391682)|STATEMENT_EXECUTE|[218]
07:08:09.0 (27393055)|STATEMENT_EXECUTE|[219]
07:08:09.0 (27429882)|HEAP_ALLOCATE|[219]|Bytes:4
07:08:09.0 (27437060)|HEAP_ALLOCATE|[219]|Bytes:1083
07:08:09.0 (27448190)|HEAP_ALLOCATE|[219]|Bytes:4
07:08:09.0 (27460633)|HEAP_ALLOCATE|[219]|Bytes:7
07:08:09.0 (27530547)|VARIABLE_ASSIGNMENT|[EXTERNAL]|this|{"estmtCvrgeDaysObj":"0x4f0ea93d","faciltyOptions":"0x633325d0","fcltyPrgrmOptions":"0x16829e70","idToOwnershipFacilit (4 more) ...":"0x4cefad81","idToTypeFacilityMap":"0x7612a260","insrncBnftMap":"0xcf504d7","insrncBnftOptions":"0xe866a27","isIop":false,"isTalbott":false,"meta":"0x3f344dd3","oppId":"00629000004NTeZ","pawObj":"0x5c56e9f7","ptntInsrnceOptions":"0x78218d16","ptntInsrncMap":"0x45cb1767","ptntInsrncObj":"0x568bb7a4","quoteObj":"0x580c80d8","recordId":"00629000004NTeZ","rtAdjstmntOptions":"0x33fec37f","showPILookup":false,"sObjectQueryStr":"","wrprObj":"0x3a60a0e8"}|0x2a16c5b2
07:08:09.0 (29089324)|SOQL_EXECUTE_BEGIN|[219]|Aggregations:0|SELECT Id, Name, RecordType.Name, Uncovered_Charges__c, Patient_Insurance__r.Accepts_Assignment_of_Benefits__c, Patient_Insurance__r.Opportunity__c, Patient_Insurance__r.Accreditation__c, Patient_Insurance__r.Insurance_Company__r.Name, PHP_Admit_Co_Payment__c, Detox_Admit_Co_Payment__c, RTC_Admit_Co_Payment__c, Deductible__c, Deductible_Met__c, IOP_Admit_Co_Payment__c, Max_Out_of_Pocket_Remaining__c, Insurance_Company_is_Out_of_Network__c, Annual_Max_Remaining__c, Deductible_Remaining__c, Detox_Pays_at__c, Detox_Over__c, RTC_Pays_at__c, Residential_Treatment_Override__c, PHP_Pays_at__c, Partial_Hospitalization_Override__c, IOP_Pays_at__c, Intensive_Outpatient_Override__c, Num_Days_Uncovered__c, Num_Days_Room__c, Uncovered_Days_Rate__c, Room_and_Board_Days_Rate__c, Uncovered_Days_Override__c, Room_and_Board_Days_Override__c, Deductible_Included_in_OOP__c, Uncovered_Days__c, Lifetime_Max__c, Lifetime_Max_Met__c, Annual_Max__c, Annual_Max_Met__c, Max_Out_of_Pocket__c, Max_Out_of_Pocket_Met__c, Co_Pay_Met__c FROM Insurance_Benefit__c WHERE Patient_Insurance__c = :tmpVar1
07:08:09.0 (42518689)|SOQL_EXECUTE_END|[219]|Rows:2
07:08:09.0 (42551063)|HEAP_ALLOCATE|[219]|Bytes:12
07:08:09.0 (42602720)|HEAP_ALLOCATE|[219]|Bytes:2986
07:08:09.0 (42685659)|HEAP_ALLOCATE|[219]|Bytes:12
07:08:09.0 (42744984)|HEAP_ALLOCATE|[219]|Bytes:108
07:08:09.0 (42757420)|HEAP_ALLOCATE|[219]|Bytes:4
07:08:09.0 (42763994)|HEAP_ALLOCATE|[219]|Bytes:108
07:08:09.0 (42768453)|HEAP_ALLOCATE|[219]|Bytes:4
07:08:09.0 (42862245)|VARIABLE_ASSIGNMENT|[219]|this.insrncBnftMap|{"a1H29000000pRTUEA2":{"Id":"a1H29000000pRTUEA2","Name":"Insurance Benefit 75 (2 more) ...","RecordTypeId":"012j00000015GS6AAM","Patient_Insurance__c":"a1b29000000lvHQAAY","PHP_Admit_Co_Payment (3 more) ...":0.00,"Deductible__c":5000.00,"Deductible_Met__c":0.00,"Max_Out_of_Pocket_Re (10 more) ...":10000.00,"Insurance_Company_is (18 more) ...":false,"Annual_Max_Remaining (3 more) ...":1000000,"Deductible_Remaining (3 more) ...":5000.00,"Detox_Pays_at__c":80.00,"RTC_Pays_at__c":80.00,"PHP_Pays_at__c":80.00,"IOP_Pays_at__c":80.00,"Uncovered_Days_Rate_ (2 more) ...":630.00,"Room_and_Board_Days_ (7 more) ...":2000.00,"Deductible_Included_ (9 more) ...":"Yes","Lifetime_Max__c":1000000.00,"Lifetime_Max_Met__c":0.00,"Annual_Max__c":1000000.00,"Annual_Max_Met__c":0.00,"Max_Out_of_Pocket__c":10000.00,"Max_Out_of_Pocket_Me (4 more) ...":0.00,"RecordType":{"Name":"In Network","Id":"012j00000015GS6AAM"},"Patient_Insurance__r":{"Opportunity__c":"00629000004NTeZAAW","Accreditation__c":"State","Insurance_Company__c":"0012900000AXSP3AAP","Id":"a1b29000000lvHQAAY","Insurance_Company__r":{"Name":"Value Options/Beacon (7 more) ...","Id":"0012900000AXSP3AAP","RecordTypeId":"012j00000015GRqAAM"}}},"a1H29000000pRTZEA2":{"Id":"a1H29000000pRTZEA2","Name":"Insurance Benefit 75 (2 more) ...","RecordTypeId":"012j00000015GS7AAM","Patient_Insurance__c":"a1b29000000lvHQAAY","PHP_Admit_Co_Payment (3 more) ...":0.00,"Deductible__c":10000.00,"Deductible_Met__c":0.00,"Max_Out_of_Pocket_Re (10 more) ...":20000.00,"Insurance_Company_is (18 more) ...":false,"Annual_Max_Remaining (3 more) ...":1000000,"Deductible_Remaining (3 more) ...":10000.00,"Detox_Pays_at__c":60.00,"RTC_Pays_at__c":60.00,"PHP_Pays_at__c":60.00,"IOP_Pays_at__c":60.00,"Uncovered_Days_Rate_ (2 more) ...":630.00,"Room_and_Board_Days_ (7 more) ...":2000.00,"Deductible_Included_ (9 more) ...":"Yes","Lifetime_Max__c":1000000.00,"Lifetime_Max_Met__c":0.00,"Annual_Max__c":1000000.00,"Annual_Max_Met__c":0.00,"Max_Out_of_Pocket__c":20000.00,"Max_Out_of_Pocket_Me (4 more) ...":0.00,"RecordType":{"Name":"Out of Network","Id":"012j00000015GS7AAM"},"Patient_Insurance__r":{"Opportunity__c":"00629000004NTeZAAW","Accreditation__c":"State","Insurance_Company__c":"0012900000AXSP3AAP","Id":"a1b29000000lvHQAAY","Insurance_Company__r":{"Name":"Value Options/Beacon (7 more) ...","Id":"0012900000AXSP3AAP","RecordTypeId":"012j00000015GRqAAM"}}}}|0x2a16c5b2
07:08:09.0 (42944842)|HEAP_ALLOCATE|[EXTERNAL]|Bytes:12
07:08:09.0 (42972322)|HEAP_ALLOCATE|[263]|Bytes:2996
07:08:09.0 (43140132)|HEAP_ALLOCATE|[263]|Bytes:5
07:08:09.0 (43159577)|HEAP_ALLOCATE|[263]|Bytes:108
07:08:09.0 (43170321)|VARIABLE_SCOPE_BEGIN|[263]|insrncBnftInstance|Insurance_Benefit__c|true|false
07:08:09.0 (43210229)|VARIABLE_ASSIGNMENT|[263]|insrncBnftInstance|{"Id":"a1H29000000pRTUEA2","Name":"Insurance Benefit 75 (2 more) ...","RecordTypeId":"012j00000015GS6AAM","Patient_Insurance__c":"a1b29000000lvHQAAY","PHP_Admit_Co_Payment (3 more) ...":0.00,"Deductible__c":5000.00,"Deductible_Met__c":0.00,"Max_Out_of_Pocket_Re (10 more) ...":10000.00,"Insurance_Company_is (18 more) ...":false,"Annual_Max_Remaining (3 more) ...":1000000,"Deductible_Remaining (3 more) ...":5000.00,"Detox_Pays_at__c":80.00,"RTC_Pays_at__c":80.00,"PHP_Pays_at__c":80.00,"IOP_Pays_at__c":80.00,"Uncovered_Days_Rate_ (2 more) ...":630.00,"Room_and_Board_Days_ (7 more) ...":2000.00,"Deductible_Included_ (9 more) ...":"Yes","Lifetime_Max__c":1000000.00,"Lifetime_Max_Met__c":0.00,"Annual_Max__c":1000000.00,"Annual_Max_Met__c":0.00,"Max_Out_of_Pocket__c":10000.00,"Max_Out_of_Pocket_Me (4 more) ...":0.00,"RecordType":{"Name":"In Network","Id":"012j00000015GS6AAM"},"Patient_Insurance__r":{"Opportunity__c":"00629000004NTeZAAW","Accreditation__c":"State","Insurance_Company__c":"0012900000AXSP3AAP","Id":"a1b29000000lvHQAAY","Insurance_Company__r":{"Name":"Value Options/Beacon (7 more) ...","Id":"0012900000AXSP3AAP","RecordTypeId":"012j00000015GRqAAM"}}}|0x7baa5944
07:08:09.0 (43231314)|STATEMENT_EXECUTE|[263]
07:08:09.0 (43233204)|STATEMENT_EXECUTE|[264]
07:08:09.0 (43283024)|HEAP_ALLOCATE|[264]|Bytes:18
07:08:09.0 (43341846)|HEAP_ALLOCATE|[264]|Bytes:3
07:08:09.0 (43362433)|HEAP_ALLOCATE|[264]|Bytes:35
07:08:09.0 (43438252)|HEAP_ALLOCATE|[EXTERNAL]|Bytes:4
07:08:09.0 (43455661)|HEAP_ALLOCATE|[263]|Bytes:5
07:08:09.0 (43466693)|HEAP_ALLOCATE|[263]|Bytes:108
07:08:09.0 (43473722)|VARIABLE_SCOPE_BEGIN|[263]|insrncBnftInstance|Insurance_Benefit__c|true|false
07:08:09.0 (43511495)|VARIABLE_ASSIGNMENT|[263]|insrncBnftInstance|{"Id":"a1H29000000pRTZEA2","Name":"Insurance Benefit 75 (2 more) ...","RecordTypeId":"012j00000015GS7AAM","Patient_Insurance__c":"a1b29000000lvHQAAY","PHP_Admit_Co_Payment (3 more) ...":0.00,"Deductible__c":10000.00,"Deductible_Met__c":0.00,"Max_Out_of_Pocket_Re (10 more) ...":20000.00,"Insurance_Company_is (18 more) ...":false,"Annual_Max_Remaining (3 more) ...":1000000,"Deductible_Remaining (3 more) ...":10000.00,"Detox_Pays_at__c":60.00,"RTC_Pays_at__c":60.00,"PHP_Pays_at__c":60.00,"IOP_Pays_at__c":60.00,"Uncovered_Days_Rate_ (2 more) ...":630.00,"Room_and_Board_Days_ (7 more) ...":2000.00,"Deductible_Included_ (9 more) ...":"Yes","Lifetime_Max__c":1000000.00,"Lifetime_Max_Met__c":0.00,"Annual_Max__c":1000000.00,"Annual_Max_Met__c":0.00,"Max_Out_of_Pocket__c":20000.00,"Max_Out_of_Pocket_Me (4 more) ...":0.00,"RecordType":{"Name":"Out of Network","Id":"012j00000015GS7AAM"},"Patient_Insurance__r":{"Opportunity__c":"00629000004NTeZAAW","Accreditation__c":"State","Insurance_Company__c":"0012900000AXSP3AAP","Id":"a1b29000000lvHQAAY","Insurance_Company__r":{"Name":"Value Options/Beacon (7 more) ...","Id":"0012900000AXSP3AAP","RecordTypeId":"012j00000015GRqAAM"}}}|0x48995b59
07:08:09.0 (43533631)|STATEMENT_EXECUTE|[263]
07:08:09.0 (43535110)|STATEMENT_EXECUTE|[264]
07:08:09.0 (43548209)|HEAP_ALLOCATE|[264]|Bytes:18
07:08:09.0 (43566729)|HEAP_ALLOCATE|[264]|Bytes:39
07:08:09.0 (43578847)|HEAP_ALLOCATE|[EXTERNAL]|Bytes:4
07:08:09.0 (43589459)|HEAP_ALLOCATE|[263]|Bytes:5
07:08:09.0 (43600123)|VARIABLE_ASSIGNMENT|[263]|insrncBnftInstance|null|
07:08:09.0 (43735718)|VARIABLE_ASSIGNMENT|[EXTERNAL]|this|{"estmtCvrgeDaysObj":"0x4f0ea93d","faciltyOptions":"0x633325d0","fcltyPrgrmOptions":"0x16829e70","idToOwnershipFacilit (4 more) ...":"0x4cefad81","idToTypeFacilityMap":"0x7612a260","insrncBnftMap":"0xe62d7e9","insrncBnftOptions":"0xe866a27","isIop":false,"isTalbott":false,"meta":"0x3f344dd3","oppId":"00629000004NTeZ","pawObj":"0x5c56e9f7","ptntInsrnceOptions":"0x78218d16","ptntInsrncMap":"0x45cb1767","ptntInsrncObj":"0x568bb7a4","quoteObj":"0x580c80d8","recordId":"00629000004NTeZ","rtAdjstmntOptions":"0x33fec37f","showPILookup":false,"sObjectQueryStr":"","wrprObj":"0x3a60a0e8"}|0x2a16c5b2
07:08:09.0 (43826235)|VARIABLE_ASSIGNMENT|[EXTERNAL]|this|{"insrncBnftSelected":"","pawDetailListDisplay (4 more) ...":false,"pyAgrmntWrksht":"0x1e3f85a2","relatedPAWDetailsLis (1 more) ...":"0x307466a0","targetEDR":0.00,"totalAppliedDeductib (2 more) ...":0.00,"totalCoInsurance":0.00,"totalCoPayAmt":0.00,"totalInsCoResp":0.00,"totalInsEIVAmt":0.00,"totalRowCount":0,"totalTalbottDay":0}|0x3a60a0e8
07:08:09.0 (43892813)|VARIABLE_ASSIGNMENT|[EXTERNAL]|this|{"estmtCvrgeDaysObj":"0x4f0ea93d","faciltyOptions":"0x633325d0","fcltyPrgrmOptions":"0x16829e70","idToOwnershipFacilit (4 more) ...":"0x4cefad81","idToTypeFacilityMap":"0x7612a260","insrncBnftMap":"0xe62d7e9","insrncBnftOptions":"0xe866a27","isIop":false,"isTalbott":false,"meta":"0x3f344dd3","oppId":"00629000004NTeZ","pawObj":"0x5c56e9f7","ptntInsrnceOptions":"0x78218d16","ptntInsrncMap":"0x45cb1767","ptntInsrncObj":"0x568bb7a4","quoteObj":"0x580c80d8","recordId":"00629000004NTeZ","rtAdjstmntOptions":"0x33fec37f","showPILookup":false,"sObjectQueryStr":"","wrprObj":"0x3a60a0e8"}|0x2a16c5b2
07:08:09.0 (43943032)|VARIABLE_ASSIGNMENT|[EXTERNAL]|this|{"insrncBnftSelected":"","pawDetailListDisplay (4 more) ...":false,"pyAgrmntWrksht":"0x1e3f85a2","relatedPAWDetailsLis (1 more) ...":"0x307466a0","targetEDR":0.00,"totalAppliedDeductib (2 more) ...":0.00,"totalCoInsurance":0.00,"totalCoPayAmt":0.00,"totalInsCoResp":0.00,"totalInsEIVAmt":0.00,"totalRowCount":0,"totalTalbottDay":0}|0x3a60a0e8
07:08:09.0 (43975362)|STATEMENT_EXECUTE|[269]
07:08:09.0 (43976926)|STATEMENT_EXECUTE|[270]
07:08:09.0 (44039561)|VARIABLE_ASSIGNMENT|[EXTERNAL]|this|{"estmtCvrgeDaysObj":"0x4f0ea93d","faciltyOptions":"0x633325d0","fcltyPrgrmOptions":"0x16829e70","idToOwnershipFacilit (4 more) ...":"0x4cefad81","idToTypeFacilityMap":"0x7612a260","insrncBnftMap":"0xe62d7e9","insrncBnftOptions":"0xe866a27","isIop":false,"isTalbott":false,"meta":"0x3f344dd3","oppId":"00629000004NTeZ","pawObj":"0x5c56e9f7","ptntInsrnceOptions":"0x78218d16","ptntInsrncMap":"0x45cb1767","ptntInsrncObj":"0x568bb7a4","quoteObj":"0x580c80d8","recordId":"00629000004NTeZ","rtAdjstmntOptions":"0x33fec37f","showPILookup":false,"sObjectQueryStr":"","wrprObj":"0x3a60a0e8"}|0x2a16c5b2
07:08:09.0 (44095708)|VARIABLE_ASSIGNMENT|[EXTERNAL]|this|{"insrncBnftSelected":"","pawDetailListDisplay (4 more) ...":false,"pyAgrmntWrksht":"0x1e3f85a2","relatedPAWDetailsLis (1 more) ...":"0x307466a0","targetEDR":0.00,"totalAppliedDeductib (2 more) ...":0.00,"totalCoInsurance":0.00,"totalCoPayAmt":0.00,"totalInsCoResp":0.00,"totalInsEIVAmt":0.00,"totalRowCount":0,"totalTalbottDay":0}|0x3a60a0e8
07:08:09.0 (44106274)|VARIABLE_ASSIGNMENT|[EXTERNAL]|value|null|
07:08:09.0 (44114880)|VARIABLE_ASSIGNMENT|[524]|this.insrncBnft|null|0x3a60a0e8
07:08:09.0 (44123493)|STATEMENT_EXECUTE|[272]
07:08:09.50 (50087293)|SYSTEM_MODE_ENTER|true
07:08:09.50 (50154854)|HEAP_ALLOCATE|[EXTERNAL]|Bytes:8
07:08:09.50 (50170161)|VARIABLE_SCOPE_BEGIN|[88]|this|ApexPage.PageMessagesComponentController|true|false
07:08:09.50 (50195740)|VARIABLE_ASSIGNMENT|[88]|this|{}|0xd6f8f8e
07:08:09.50 (50201752)|VARIABLE_SCOPE_BEGIN|[88]|escape|Boolean|false|false
07:08:09.50 (50208377)|VARIABLE_ASSIGNMENT|[88]|escape|null
07:08:09.0 (50557995)|HEAP_ALLOCATE|[EXTERNAL]|Bytes:18
07:08:09.0 (50565716)|HEAP_ALLOCATE|[EXTERNAL]|Bytes:84
07:08:09.0 (50576389)|VARIABLE_ASSIGNMENT|[EXTERNAL]|this.insrncBnftSelected|"a1H29000000pRTUEA2"|0x3a60a0e8
07:08:09.0 (50639734)|HEAP_ALLOCATE|[EXTERNAL]|Bytes:84
07:08:09.0 (50648020)|VARIABLE_ASSIGNMENT|[EXTERNAL]|this.facilitySelected|null|0x3a60a0e8
07:08:09.0 (50695407)|HEAP_ALLOCATE|[EXTERNAL]|Bytes:84
07:08:09.0 (50702837)|VARIABLE_ASSIGNMENT|[EXTERNAL]|this.rateAdjstmntSelected|null|0x3a60a0e8
07:08:09.0 (50746723)|HEAP_ALLOCATE|[EXTERNAL]|Bytes:84
07:08:09.0 (50753660)|VARIABLE_ASSIGNMENT|[EXTERNAL]|this.fcltyPrgrmSelected|null|0x3a60a0e8
07:08:09.0 (55859688)|HEAP_ALLOCATE|[EXTERNAL]|Bytes:112
07:08:09.0 (55874729)|VARIABLE_SCOPE_BEGIN|[276]|this|PAW_New_EditCntrllr|true|false
07:08:09.0 (55946881)|VARIABLE_ASSIGNMENT|[276]|this|{"estmtCvrgeDaysObj":"0x4f0ea93d","faciltyOptions":"0x633325d0","fcltyPrgrmOptions":"0x16829e70","idToOwnershipFacilit (4 more) ...":"0x4cefad81","idToTypeFacilityMap":"0x7612a260","insrncBnftMap":"0xe62d7e9","insrncBnftOptions":"0xe866a27","isIop":false,"isTalbott":false,"meta":"0x3f344dd3","oppId":"00629000004NTeZ","pawObj":"0x5c56e9f7","ptntInsrnceOptions":"0x78218d16","ptntInsrncMap":"0x45cb1767","ptntInsrncObj":"0x568bb7a4","quoteObj":"0x580c80d8","recordId":"00629000004NTeZ","rtAdjstmntOptions":"0x33fec37f","showPILookup":false,"sObjectQueryStr":"","wrprObj":"0x3a60a0e8"}|0x2a16c5b2
07:08:09.0 (55964997)|STATEMENT_EXECUTE|[276]
07:08:09.0 (55966840)|STATEMENT_EXECUTE|[277]
07:08:09.0 (55982652)|HEAP_ALLOCATE|[277]|Bytes:4
07:08:09.0 (56092521)|VARIABLE_ASSIGNMENT|[EXTERNAL]|this|{"estmtCvrgeDaysObj":"0x4f0ea93d","faciltyOptions":"0x633325d0","fcltyPrgrmOptions":"0x16829e70","idToOwnershipFacilit (4 more) ...":"0x4cefad81","idToTypeFacilityMap":"0x7612a260","insrncBnftMap":"0xe62d7e9","insrncBnftOptions":"0xe866a27","isIop":false,"isTalbott":false,"meta":"0x3f344dd3","oppId":"00629000004NTeZ","pawObj":"0x5c56e9f7","ptntInsrnceOptions":"0x78218d16","ptntInsrncMap":"0x45cb1767","ptntInsrncObj":"0x568bb7a4","quoteObj":"0x580c80d8","recordId":"00629000004NTeZ","rtAdjstmntOptions":"0x33fec37f","showPILookup":false,"sObjectQueryStr":"","wrprObj":"0x3a60a0e8"}|0x2a16c5b2
07:08:09.0 (56136973)|HEAP_ALLOCATE|[EXTERNAL]|Bytes:4
07:08:09.0 (56146629)|VARIABLE_ASSIGNMENT|[EXTERNAL]|value|[]|0x1a7f93d3
07:08:09.0 (56160056)|VARIABLE_ASSIGNMENT|[14]|this.faciltyOptions|[]|0x2a16c5b2
07:08:09.0 (56174210)|STATEMENT_EXECUTE|[278]
07:08:09.0 (56182209)|HEAP_ALLOCATE|[278]|Bytes:4
07:08:09.0 (56267545)|VARIABLE_ASSIGNMENT|[EXTERNAL]|this|{"estmtCvrgeDaysObj":"0x4f0ea93d","faciltyOptions":"0x1a7f93d3","fcltyPrgrmOptions":"0x16829e70","idToOwnershipFacilit (4 more) ...":"0x4cefad81","idToTypeFacilityMap":"0x7612a260","insrncBnftMap":"0xe62d7e9","insrncBnftOptions":"0xe866a27","isIop":false,"isTalbott":false,"meta":"0x3f344dd3","oppId":"00629000004NTeZ","pawObj":"0x5c56e9f7","ptntInsrnceOptions":"0x78218d16","ptntInsrncMap":"0x45cb1767","ptntInsrncObj":"0x568bb7a4","quoteObj":"0x580c80d8","recordId":"00629000004NTeZ","rtAdjstmntOptions":"0x33fec37f","showPILookup":false,"sObjectQueryStr":"","wrprObj":"0x3a60a0e8"}|0x2a16c5b2
07:08:09.0 (56297880)|HEAP_ALLOCATE|[EXTERNAL]|Bytes:4
07:08:09.0 (56307063)|VARIABLE_ASSIGNMENT|[EXTERNAL]|value|[]|0x3bf9c570
07:08:09.0 (56325989)|VARIABLE_ASSIGNMENT|[15]|this.fcltyPrgrmOptions|[]|0x2a16c5b2
07:08:09.0 (56337187)|STATEMENT_EXECUTE|[279]
07:08:09.0 (56348432)|HEAP_ALLOCATE|[279]|Bytes:4
07:08:09.0 (56383014)|HEAP_ALLOCATE|[EXTERNAL]|Bytes:4
07:08:09.0 (56389836)|VARIABLE_ASSIGNMENT|[279]|this.rtAdjstmntOptions|[]|0x2a16c5b2
07:08:09.0 (56394557)|STATEMENT_EXECUTE|[280]
07:08:09.0 (56461369)|VARIABLE_ASSIGNMENT|[EXTERNAL]|this|{"estmtCvrgeDaysObj":"0x4f0ea93d","faciltyOptions":"0x1a7f93d3","fcltyPrgrmOptions":"0x3bf9c570","idToOwnershipFacilit (4 more) ...":"0x4cefad81","idToTypeFacilityMap":"0x7612a260","insrncBnftMap":"0xe62d7e9","insrncBnftOptions":"0xe866a27","isIop":false,"isTalbott":false,"meta":"0x3f344dd3","oppId":"00629000004NTeZ","pawObj":"0x5c56e9f7","ptntInsrnceOptions":"0x78218d16","ptntInsrncMap":"0x45cb1767","ptntInsrncObj":"0x568bb7a4","quoteObj":"0x580c80d8","recordId":"00629000004NTeZ","rtAdjstmntOptions":"0x3ba9b159","showPILookup":false,"sObjectQueryStr":"","wrprObj":"0x3a60a0e8"}|0x2a16c5b2
07:08:09.0 (56529563)|VARIABLE_ASSIGNMENT|[EXTERNAL]|this|{"insrncBnftSelected":"a1H29000000pRTUEA2","pawDetailListDisplay (4 more) ...":false,"pyAgrmntWrksht":"0x1e3f85a2","relatedPAWDetailsLis (1 more) ...":"0x307466a0","targetEDR":0.00,"totalAppliedDeductib (2 more) ...":0.00,"totalCoInsurance":0.00,"totalCoPayAmt":0.00,"totalInsCoResp":0.00,"totalInsEIVAmt":0.00,"totalRowCount":0,"totalTalbottDay":0}|0x3a60a0e8
07:08:09.0 (56542067)|VARIABLE_ASSIGNMENT|[EXTERNAL]|value|""
07:08:09.0 (56550712)|VARIABLE_ASSIGNMENT|[526]|this.facilitySelected|""|0x3a60a0e8
07:08:09.0 (56558513)|STATEMENT_EXECUTE|[281]
07:08:09.0 (56626727)|VARIABLE_ASSIGNMENT|[EXTERNAL]|this|{"estmtCvrgeDaysObj":"0x4f0ea93d","faciltyOptions":"0x1a7f93d3","fcltyPrgrmOptions":"0x3bf9c570","idToOwnershipFacilit (4 more) ...":"0x4cefad81","idToTypeFacilityMap":"0x7612a260","insrncBnftMap":"0xe62d7e9","insrncBnftOptions":"0xe866a27","isIop":false,"isTalbott":false,"meta":"0x3f344dd3","oppId":"00629000004NTeZ","pawObj":"0x5c56e9f7","ptntInsrnceOptions":"0x78218d16","ptntInsrncMap":"0x45cb1767","ptntInsrncObj":"0x568bb7a4","quoteObj":"0x580c80d8","recordId":"00629000004NTeZ","rtAdjstmntOptions":"0x3ba9b159","showPILookup":false,"sObjectQueryStr":"","wrprObj":"0x3a60a0e8"}|0x2a16c5b2
07:08:09.0 (56650708)|HEAP_ALLOCATE|[281]|Bytes:8
07:08:09.0 (56684884)|HEAP_ALLOCATE|[EXTERNAL]|Bytes:4
07:08:09.0 (56748379)|VARIABLE_ASSIGNMENT|[EXTERNAL]|this|{"estmtCvrgeDaysObj":"0x4f0ea93d","faciltyOptions":"0x1a7f93d3","fcltyPrgrmOptions":"0x3bf9c570","idToOwnershipFacilit (4 more) ...":"0x4cefad81","idToTypeFacilityMap":"0x7612a260","insrncBnftMap":"0xe62d7e9","insrncBnftOptions":"0xe866a27","isIop":false,"isTalbott":false,"meta":"0x3f344dd3","oppId":"00629000004NTeZ","pawObj":"0x5c56e9f7","ptntInsrnceOptions":"0x78218d16","ptntInsrncMap":"0x45cb1767","ptntInsrncObj":"0x568bb7a4","quoteObj":"0x580c80d8","recordId":"00629000004NTeZ","rtAdjstmntOptions":"0x3ba9b159","showPILookup":false,"sObjectQueryStr":"","wrprObj":"0x3a60a0e8"}|0x2a16c5b2
07:08:09.0 (56801961)|VARIABLE_ASSIGNMENT|[EXTERNAL]|this|{"facilitySelected":"","insrncBnftSelected":"a1H29000000pRTUEA2","pawDetailListDisplay (4 more) ...":false,"pyAgrmntWrksht":"0x1e3f85a2","relatedPAWDetailsLis (1 more) ...":"0x307466a0","targetEDR":0.00,"totalAppliedDeductib (2 more) ...":0.00,"totalCoInsurance":0.00,"totalCoPayAmt":0.00,"totalInsCoResp":0.00,"totalInsEIVAmt":0.00,"totalRowCount":0,"totalTalbottDay":0}|0x3a60a0e8
07:08:09.0 (56884978)|VARIABLE_ASSIGNMENT|[EXTERNAL]|this|{"estmtCvrgeDaysObj":"0x4f0ea93d","faciltyOptions":"0x1a7f93d3","fcltyPrgrmOptions":"0x3bf9c570","idToOwnershipFacilit (4 more) ...":"0x4cefad81","idToTypeFacilityMap":"0x7612a260","insrncBnftMap":"0xe62d7e9","insrncBnftOptions":"0xe866a27","isIop":false,"isTalbott":false,"meta":"0x3f344dd3","oppId":"00629000004NTeZ","pawObj":"0x5c56e9f7","ptntInsrnceOptions":"0x78218d16","ptntInsrncMap":"0x45cb1767","ptntInsrncObj":"0x568bb7a4","quoteObj":"0x580c80d8","recordId":"00629000004NTeZ","rtAdjstmntOptions":"0x3ba9b159","showPILookup":false,"sObjectQueryStr":"","wrprObj":"0x3a60a0e8"}|0x2a16c5b2
07:08:09.0 (56938260)|VARIABLE_ASSIGNMENT|[EXTERNAL]|this|{"facilitySelected":"","insrncBnftSelected":"a1H29000000pRTUEA2","pawDetailListDisplay (4 more) ...":false,"pyAgrmntWrksht":"0x1e3f85a2","relatedPAWDetailsLis (1 more) ...":"0x307466a0","targetEDR":0.00,"totalAppliedDeductib (2 more) ...":0.00,"totalCoInsurance":0.00,"totalCoPayAmt":0.00,"totalInsCoResp":0.00,"totalInsEIVAmt":0.00,"totalRowCount":0,"totalTalbottDay":0}|0x3a60a0e8
07:08:09.0 (56970425)|STATEMENT_EXECUTE|[282]
07:08:09.0 (56971814)|STATEMENT_EXECUTE|[283]
07:08:09.0 (57033738)|VARIABLE_ASSIGNMENT|[EXTERNAL]|this|{"estmtCvrgeDaysObj":"0x4f0ea93d","faciltyOptions":"0x1a7f93d3","fcltyPrgrmOptions":"0x3bf9c570","idToOwnershipFacilit (4 more) ...":"0x4cefad81","idToTypeFacilityMap":"0x7612a260","insrncBnftMap":"0xe62d7e9","insrncBnftOptions":"0xe866a27","isIop":false,"isTalbott":false,"meta":"0x3f344dd3","oppId":"00629000004NTeZ","pawObj":"0x5c56e9f7","ptntInsrnceOptions":"0x78218d16","ptntInsrncMap":"0x45cb1767","ptntInsrncObj":"0x568bb7a4","quoteObj":"0x580c80d8","recordId":"00629000004NTeZ","rtAdjstmntOptions":"0x3ba9b159","showPILookup":false,"sObjectQueryStr":"","wrprObj":"0x3a60a0e8"}|0x2a16c5b2
07:08:09.0 (57085290)|VARIABLE_ASSIGNMENT|[EXTERNAL]|this|{"facilitySelected":"","insrncBnftSelected":"a1H29000000pRTUEA2","pawDetailListDisplay (4 more) ...":false,"pyAgrmntWrksht":"0x1e3f85a2","relatedPAWDetailsLis (1 more) ...":"0x307466a0","targetEDR":0.00,"totalAppliedDeductib (2 more) ...":0.00,"totalCoInsurance":0.00,"totalCoPayAmt":0.00,"totalInsCoResp":0.00,"totalInsEIVAmt":0.00,"totalRowCount":0,"totalTalbottDay":0}|0x3a60a0e8
07:08:09.0 (57178667)|VARIABLE_ASSIGNMENT|[EXTERNAL]|this|{"estmtCvrgeDaysObj":"0x4f0ea93d","faciltyOptions":"0x1a7f93d3","fcltyPrgrmOptions":"0x3bf9c570","idToOwnershipFacilit (4 more) ...":"0x4cefad81","idToTypeFacilityMap":"0x7612a260","insrncBnftMap":"0xe62d7e9","insrncBnftOptions":"0xe866a27","isIop":false,"isTalbott":false,"meta":"0x3f344dd3","oppId":"00629000004NTeZ","pawObj":"0x5c56e9f7","ptntInsrnceOptions":"0x78218d16","ptntInsrncMap":"0x45cb1767","ptntInsrncObj":"0x568bb7a4","quoteObj":"0x580c80d8","recordId":"00629000004NTeZ","rtAdjstmntOptions":"0x3ba9b159","showPILookup":false,"sObjectQueryStr":"","wrprObj":"0x3a60a0e8"}|0x2a16c5b2
07:08:09.0 (57236867)|VARIABLE_ASSIGNMENT|[EXTERNAL]|this|{"facilitySelected":"","insrncBnftSelected":"a1H29000000pRTUEA2","pawDetailListDisplay (4 more) ...":false,"pyAgrmntWrksht":"0x1e3f85a2","relatedPAWDetailsLis (1 more) ...":"0x307466a0","targetEDR":0.00,"totalAppliedDeductib (2 more) ...":0.00,"totalCoInsurance":0.00,"totalCoPayAmt":0.00,"totalInsCoResp":0.00,"totalInsEIVAmt":0.00,"totalRowCount":0,"totalTalbottDay":0}|0x3a60a0e8
07:08:09.0 (57301699)|VARIABLE_ASSIGNMENT|[EXTERNAL]|value|{"Id":"a1H29000000pRTUEA2","Name":"Insurance Benefit 75 (2 more) ...","RecordTypeId":"012j00000015GS6AAM","Patient_Insurance__c":"a1b29000000lvHQAAY","PHP_Admit_Co_Payment (3 more) ...":0.00,"Deductible__c":5000.00,"Deductible_Met__c":0.00,"Max_Out_of_Pocket_Re (10 more) ...":10000.00,"Insurance_Company_is (18 more) ...":false,"Annual_Max_Remaining (3 more) ...":1000000,"Deductible_Remaining (3 more) ...":5000.00,"Detox_Pays_at__c":80.00,"RTC_Pays_at__c":80.00,"PHP_Pays_at__c":80.00,"IOP_Pays_at__c":80.00,"Uncovered_Days_Rate_ (2 more) ...":630.00,"Room_and_Board_Days_ (7 more) ...":2000.00,"Deductible_Included_ (9 more) ...":"Yes","Lifetime_Max__c":1000000.00,"Lifetime_Max_Met__c":0.00,"Annual_Max__c":1000000.00,"Annual_Max_Met__c":0.00,"Max_Out_of_Pocket__c":10000.00,"Max_Out_of_Pocket_Me (4 more) ...":0.00,"RecordType":{"Name":"In Network","Id":"012j00000015GS6AAM"},"Patient_Insurance__r":{"Opportunity__c":"00629000004NTeZAAW","Accreditation__c":"State","Insurance_Company__c":"0012900000AXSP3AAP","Id":"a1b29000000lvHQAAY","Insurance_Company__r":{"Name":"Value Options/Beacon (7 more) ...","Id":"0012900000AXSP3AAP","RecordTypeId":"012j00000015GRqAAM"}}}|0x7baa5944
07:08:09.0 (57371990)|VARIABLE_ASSIGNMENT|[524]|this.insrncBnft|{"Id":"a1H29000000pRTUEA2","Name":"Insurance Benefit 75 (2 more) ...","RecordTypeId":"012j00000015GS6AAM","Patient_Insurance__c":"a1b29000000lvHQAAY","PHP_Admit_Co_Payment (3 more) ...":0.00,"Deductible__c":5000.00,"Deductible_Met__c":0.00,"Max_Out_of_Pocket_Re (10 more) ...":10000.00,"Insurance_Company_is (18 more) ...":false,"Annual_Max_Remaining (3 more) ...":1000000,"Deductible_Remaining (3 more) ...":5000.00,"Detox_Pays_at__c":80.00,"RTC_Pays_at__c":80.00,"PHP_Pays_at__c":80.00,"IOP_Pays_at__c":80.00,"Uncovered_Days_Rate_ (2 more) ...":630.00,"Room_and_Board_Days_ (7 more) ...":2000.00,"Deductible_Included_ (9 more) ...":"Yes","Lifetime_Max__c":1000000.00,"Lifetime_Max_Met__c":0.00,"Annual_Max__c":1000000.00,"Annual_Max_Met__c":0.00,"Max_Out_of_Pocket__c":10000.00,"Max_Out_of_Pocket_Me (4 more) ...":0.00,"RecordType":{"Name":"In Network","Id":"012j00000015GS6AAM"},"Patient_Insurance__r":{"Opportunity__c":"00629000004NTeZAAW","Accreditation__c":"State","Insurance_Company__c":"0012900000AXSP3AAP","Id":"a1b29000000lvHQAAY","Insurance_Company__r":{"Name":"Value Options/Beacon (7 more) ...","Id":"0012900000AXSP3AAP","RecordTypeId":"012j00000015GRqAAM"}}}|0x3a60a0e8
07:08:09.0 (57400854)|STATEMENT_EXECUTE|[284]
07:08:09.0 (57467575)|VARIABLE_ASSIGNMENT|[EXTERNAL]|this|{"estmtCvrgeDaysObj":"0x4f0ea93d","faciltyOptions":"0x1a7f93d3","fcltyPrgrmOptions":"0x3bf9c570","idToOwnershipFacilit (4 more) ...":"0x4cefad81","idToTypeFacilityMap":"0x7612a260","insrncBnftMap":"0xe62d7e9","insrncBnftOptions":"0xe866a27","isIop":false,"isTalbott":false,"meta":"0x3f344dd3","oppId":"00629000004NTeZ","pawObj":"0x5c56e9f7","ptntInsrnceOptions":"0x78218d16","ptntInsrncMap":"0x45cb1767","ptntInsrncObj":"0x568bb7a4","quoteObj":"0x580c80d8","recordId":"00629000004NTeZ","rtAdjstmntOptions":"0x3ba9b159","showPILookup":false,"sObjectQueryStr":"","wrprObj":"0x3a60a0e8"}|0x2a16c5b2
07:08:09.0 (57524112)|VARIABLE_ASSIGNMENT|[EXTERNAL]|this|{"facilitySelected":"","insrncBnft":"0x7baa5944","insrncBnftSelected":"a1H29000000pRTUEA2","pawDetailListDisplay (4 more) ...":false,"pyAgrmntWrksht":"0x1e3f85a2","relatedPAWDetailsLis (1 more) ...":"0x307466a0","targetEDR":0.00,"totalAppliedDeductib (2 more) ...":0.00,"totalCoInsurance":0.00,"totalCoPayAmt":0.00,"totalInsCoResp":0.00,"totalInsEIVAmt":0.00,"totalRowCount":0,"totalTalbottDay":0}|0x3a60a0e8
07:08:09.0 (57612203)|VARIABLE_ASSIGNMENT|[EXTERNAL]|this|{"estmtCvrgeDaysObj":"0x4f0ea93d","faciltyOptions":"0x1a7f93d3","fcltyPrgrmOptions":"0x3bf9c570","idToOwnershipFacilit (4 more) ...":"0x4cefad81","idToTypeFacilityMap":"0x7612a260","insrncBnftMap":"0xe62d7e9","insrncBnftOptions":"0xe866a27","isIop":false,"isTalbott":false,"meta":"0x3f344dd3","oppId":"00629000004NTeZ","pawObj":"0x5c56e9f7","ptntInsrnceOptions":"0x78218d16","ptntInsrncMap":"0x45cb1767","ptntInsrncObj":"0x568bb7a4","quoteObj":"0x580c80d8","recordId":"00629000004NTeZ","rtAdjstmntOptions":"0x3ba9b159","showPILookup":false,"sObjectQueryStr":"","wrprObj":"0x3a60a0e8"}|0x2a16c5b2
07:08:09.0 (57670197)|VARIABLE_ASSIGNMENT|[EXTERNAL]|this|{"facilitySelected":"","insrncBnft":"0x7baa5944","insrncBnftSelected":"a1H29000000pRTUEA2","pawDetailListDisplay (4 more) ...":false,"pyAgrmntWrksht":"0x1e3f85a2","relatedPAWDetailsLis (1 more) ...":"0x307466a0","targetEDR":0.00,"totalAppliedDeductib (2 more) ...":0.00,"totalCoInsurance":0.00,"totalCoPayAmt":0.00,"totalInsCoResp":0.00,"totalInsEIVAmt":0.00,"totalRowCount":0,"totalTalbottDay":0}|0x3a60a0e8
07:08:09.0 (57744626)|VARIABLE_ASSIGNMENT|[284]|this.Deductible_Included_in_OOP__c|"Yes"|0x1e3f85a2
07:08:09.0 (57751824)|STATEMENT_EXECUTE|[285]
07:08:09.0 (57825690)|HEAP_ALLOCATE|[285]|Bytes:4
07:08:09.0 (57833843)|HEAP_ALLOCATE|[285]|Bytes:315
07:08:09.0 (57845242)|HEAP_ALLOCATE|[285]|Bytes:4
07:08:09.0 (57934214)|VARIABLE_ASSIGNMENT|[EXTERNAL]|this|{"estmtCvrgeDaysObj":"0x4f0ea93d","faciltyOptions":"0x1a7f93d3","fcltyPrgrmOptions":"0x3bf9c570","idToOwnershipFacilit (4 more) ...":"0x4cefad81","idToTypeFacilityMap":"0x7612a260","insrncBnftMap":"0xe62d7e9","insrncBnftOptions":"0xe866a27","isIop":false,"isTalbott":false,"meta":"0x3f344dd3","oppId":"00629000004NTeZ","pawObj":"0x5c56e9f7","ptntInsrnceOptions":"0x78218d16","ptntInsrncMap":"0x45cb1767","ptntInsrncObj":"0x568bb7a4","quoteObj":"0x580c80d8","recordId":"00629000004NTeZ","rtAdjstmntOptions":"0x3ba9b159","showPILookup":false,"sObjectQueryStr":"","wrprObj":"0x3a60a0e8"}|0x2a16c5b2
07:08:09.0 (57991144)|VARIABLE_ASSIGNMENT|[EXTERNAL]|this|{"facilitySelected":"","insrncBnft":"0x7baa5944","insrncBnftSelected":"a1H29000000pRTUEA2","pawDetailListDisplay (4 more) ...":false,"pyAgrmntWrksht":"0x1e3f85a2","relatedPAWDetailsLis (1 more) ...":"0x307466a0","targetEDR":0.00,"totalAppliedDeductib (2 more) ...":0.00,"totalCoInsurance":0.00,"totalCoPayAmt":0.00,"totalInsCoResp":0.00,"totalInsEIVAmt":0.00,"totalRowCount":0,"totalTalbottDay":0}|0x3a60a0e8
07:08:09.0 (58619906)|SOQL_EXECUTE_BEGIN|[285]|Aggregations:0|SELECT Id, DTX_Days__c, FRN_Facility__c, FRN_Facility__r.Name, FRN_Facility__r.Ownership, FRN_Facility__r.FRN_Facility_Type__c, Insurance_Benefit__c, IOP_Days__c, PHP_Days__c, RTC_Days__c, Total_Copay__c FROM Estimated_Coverage_Days__c WHERE Insurance_Benefit__c = :tmpVar1 ORDER BY LastModifiedDate ASC NULLS FIRST
07:08:09.0 (65082293)|SOQL_EXECUTE_END|[285]|Rows:1
07:08:09.0 (65119602)|HEAP_ALLOCATE|[285]|Bytes:8
07:08:09.0 (65153621)|HEAP_ALLOCATE|[285]|Bytes:532
07:08:09.0 (65228062)|HEAP_ALLOCATE|[285]|Bytes:8
07:08:09.0 (65276987)|HEAP_ALLOCATE|[285]|Bytes:40
07:08:09.0 (65289216)|HEAP_ALLOCATE|[285]|Bytes:4
07:08:09.0 (65373337)|VARIABLE_ASSIGNMENT|[285]|this.estmtCnrgDaysMap|{"a18290000007st9AAA":{"Id":"a18290000007st9AAA","DTX_Days__c":0,"FRN_Facility__c":"001j000000NqKMtAAN","Insurance_Benefit__c":"a1H29000000pRTUEA2","IOP_Days__c":0,"PHP_Days__c":13,"RTC_Days__c":7,"Total_Copay__c":0.00,"FRN_Facility__r":{"Name":"Black Bear Lodge","Ownership":"FRN","FRN_Facility_Type__c":"Residential Treatmen (1 more) ...","Id":"001j000000NqKMtAAN","RecordTypeId":"012j00000015GRpAAM"}}}|0x2a16c5b2
07:08:09.0 (65433706)|HEAP_ALLOCATE|[EXTERNAL]|Bytes:8
07:08:09.0 (65447556)|HEAP_ALLOCATE|[299]|Bytes:539
07:08:09.0 (65654706)|HEAP_ALLOCATE|[299]|Bytes:5
07:08:09.0 (65674294)|HEAP_ALLOCATE|[299]|Bytes:40
07:08:09.0 (65687561)|VARIABLE_SCOPE_BEGIN|[299]|estmtInstance|Estimated_Coverage_Days__c|true|false
07:08:09.0 (65722800)|VARIABLE_ASSIGNMENT|[299]|estmtInstance|{"Id":"a18290000007st9AAA","DTX_Days__c":0,"FRN_Facility__c":"001j000000NqKMtAAN","Insurance_Benefit__c":"a1H29000000pRTUEA2","IOP_Days__c":0,"PHP_Days__c":13,"RTC_Days__c":7,"Total_Copay__c":0.00,"FRN_Facility__r":{"Name":"Black Bear Lodge","Ownership":"FRN","FRN_Facility_Type__c":"Residential Treatmen (1 more) ...","Id":"001j000000NqKMtAAN","RecordTypeId":"012j00000015GRpAAM"}}|0x5a553d15
07:08:09.0 (65738215)|STATEMENT_EXECUTE|[299]
07:08:09.0 (65740869)|STATEMENT_EXECUTE|[300]
07:08:09.0 (65913299)|HEAP_ALLOCATE|[EXTERNAL]|Bytes:-4
07:08:09.0 (65927675)|STATEMENT_EXECUTE|[301]
07:08:09.0 (65994120)|HEAP_ALLOCATE|[EXTERNAL]|Bytes:-4
07:08:09.0 (66003769)|STATEMENT_EXECUTE|[302]
07:08:09.0 (66120204)|VARIABLE_ASSIGNMENT|[EXTERNAL]|this|{"estmtCnrgDaysMap":"0x4523ae6","estmtCvrgeDaysObj":"0x4f0ea93d","faciltyOptions":"0x1a7f93d3","fcltyPrgrmOptions":"0x3bf9c570","idToOwnershipFacilit (4 more) ...":"0x4cefad81","idToTypeFacilityMap":"0x7612a260","insrncBnftMap":"0xe62d7e9","insrncBnftOptions":"0xe866a27","isIop":false,"isTalbott":false,"meta":"0x3f344dd3","oppId":"00629000004NTeZ","pawObj":"0x5c56e9f7","ptntInsrnceOptions":"0x78218d16","ptntInsrncMap":"0x45cb1767","ptntInsrncObj":"0x568bb7a4","quoteObj":"0x580c80d8","recordId":"00629000004NTeZ","rtAdjstmntOptions":"0x3ba9b159","showPILookup":false,"sObjectQueryStr":"","wrprObj":"0x3a60a0e8"}|0x2a16c5b2
07:08:09.0 (66157744)|HEAP_ALLOCATE|[302]|Bytes:18
07:08:09.0 (66210412)|HEAP_ALLOCATE|[EXTERNAL]|Bytes:4
07:08:09.0 (66225403)|HEAP_ALLOCATE|[299]|Bytes:5
07:08:09.0 (66238403)|VARIABLE_ASSIGNMENT|[299]|estmtInstance|null|
07:08:09.78 (78279690)|SYSTEM_MODE_ENTER|true
07:08:09.78 (78359022)|HEAP_ALLOCATE|[EXTERNAL]|Bytes:8
07:08:09.78 (78372425)|VARIABLE_SCOPE_BEGIN|[88]|this|ApexPage.PageMessagesComponentController|true|false
07:08:09.78 (78404517)|VARIABLE_ASSIGNMENT|[88]|this|{}|0xd6f8f8e
07:08:09.78 (78410998)|VARIABLE_SCOPE_BEGIN|[88]|escape|Boolean|false|false
07:08:09.78 (78417468)|VARIABLE_ASSIGNMENT|[88]|escape|null
07:08:09.78 (78548199)|SYSTEM_MODE_ENTER|true
07:08:09.78 (78578199)|HEAP_ALLOCATE|[EXTERNAL]|Bytes:8
07:08:09.78 (78584666)|VARIABLE_SCOPE_BEGIN|[2]|this|ApexPage.PageMessagesComponentController|true|false
07:08:09.78 (78605988)|VARIABLE_ASSIGNMENT|[2]|this|{}|0xd6f8f8e
07:08:09.0 (79101654)|SYSTEM_MODE_ENTER|true
07:08:09.0 (79223763)|SYSTEM_MODE_ENTER|true
07:08:09.0 (79588678)|SYSTEM_MODE_ENTER|true
07:08:09.0 (83124514)|SYSTEM_MODE_ENTER|true
07:08:09.0 (83186351)|SYSTEM_MODE_ENTER|true
07:08:09.87 (87567597)|SYSTEM_MODE_ENTER|true
07:08:09.87 (87637599)|HEAP_ALLOCATE|[EXTERNAL]|Bytes:8
07:08:09.87 (87650639)|VARIABLE_SCOPE_BEGIN|[88]|this|ApexPage.PageMessagesComponentController|true|false
07:08:09.87 (87682896)|VARIABLE_ASSIGNMENT|[88]|this|{}|0xd6f8f8e
07:08:09.87 (87689455)|VARIABLE_SCOPE_BEGIN|[88]|escape|Boolean|false|false
07:08:09.87 (87696020)|VARIABLE_ASSIGNMENT|[88]|escape|null
07:08:09.87 (87847572)|SYSTEM_MODE_ENTER|true
07:08:09.87 (87875925)|HEAP_ALLOCATE|[EXTERNAL]|Bytes:8
07:08:09.87 (87882358)|VARIABLE_SCOPE_BEGIN|[2]|this|ApexPage.PageMessagesComponentController|true|false
07:08:09.87 (87899099)|VARIABLE_ASSIGNMENT|[2]|this|{}|0xd6f8f8e
07:08:09.0 (90124490)|SYSTEM_MODE_ENTER|true
07:08:09.0 (90162798)|HEAP_ALLOCATE|[EXTERNAL]|Bytes:112
07:08:09.0 (90171579)|VARIABLE_SCOPE_BEGIN|[215]|this|PAW_New_EditCntrllr|true|false
07:08:09.0 (90263699)|VARIABLE_ASSIGNMENT|[215]|this|{"estmtCnrgDaysMap":"0x4523ae6","estmtCvrgeDaysObj":"0x4f0ea93d","faciltyOptions":"0x1a7f93d3","fcltyPrgrmOptions":"0x3bf9c570","idToOwnershipFacilit (4 more) ...":"0x4cefad81","idToTypeFacilityMap":"0x7612a260","insrncBnftMap":"0xe62d7e9","insrncBnftOptions":"0xe866a27","isIop":false,"isTalbott":false,"meta":"0x3f344dd3","oppId":"00629000004NTeZ","pawObj":"0x5c56e9f7","ptntInsrnceOptions":"0x78218d16","ptntInsrncMap":"0x45cb1767","ptntInsrncObj":"0x568bb7a4","quoteObj":"0x580c80d8","recordId":"00629000004NTeZ","rtAdjstmntOptions":"0x3ba9b159","showPILookup":false,"sObjectQueryStr":"","wrprObj":"0x3a60a0e8"}|0x2a16c5b2
07:08:09.0 (90282381)|STATEMENT_EXECUTE|[215]
07:08:09.0 (90284579)|STATEMENT_EXECUTE|[216]
07:08:09.0 (90300934)|STATEMENT_EXECUTE|[217]
07:08:09.0 (90326265)|HEAP_ALLOCATE|[EXTERNAL]|Bytes:4
07:08:09.0 (90395648)|VARIABLE_ASSIGNMENT|[EXTERNAL]|this|{"estmtCnrgDaysMap":"0x4523ae6","estmtCvrgeDaysObj":"0x4f0ea93d","faciltyOptions":"0x1a7f93d3","fcltyPrgrmOptions":"0x3bf9c570","idToOwnershipFacilit (4 more) ...":"0x4cefad81","idToTypeFacilityMap":"0x7612a260","insrncBnftMap":"0xe62d7e9","insrncBnftOptions":"0xe866a27","isIop":false,"isTalbott":false,"meta":"0x3f344dd3","oppId":"00629000004NTeZ","pawObj":"0x5c56e9f7","ptntInsrnceOptions":"0x78218d16","ptntInsrncMap":"0x45cb1767","ptntInsrncObj":"0x568bb7a4","quoteObj":"0x580c80d8","recordId":"00629000004NTeZ","rtAdjstmntOptions":"0x3ba9b159","showPILookup":false,"sObjectQueryStr":"","wrprObj":"0x3a60a0e8"}|0x2a16c5b2
07:08:09.0 (90415154)|STATEMENT_EXECUTE|[218]
07:08:09.0 (90416516)|STATEMENT_EXECUTE|[219]
07:08:09.0 (90450311)|HEAP_ALLOCATE|[219]|Bytes:4
07:08:09.0 (90462601)|HEAP_ALLOCATE|[219]|Bytes:4
07:08:09.0 (90524909)|VARIABLE_ASSIGNMENT|[EXTERNAL]|this|{"estmtCnrgDaysMap":"0x4523ae6","estmtCvrgeDaysObj":"0x4f0ea93d","faciltyOptions":"0x1a7f93d3","fcltyPrgrmOptions":"0x3bf9c570","idToOwnershipFacilit (4 more) ...":"0x4cefad81","idToTypeFacilityMap":"0x7612a260","insrncBnftMap":"0xe62d7e9","insrncBnftOptions":"0xe866a27","isIop":false,"isTalbott":false,"meta":"0x3f344dd3","oppId":"00629000004NTeZ","pawObj":"0x5c56e9f7","ptntInsrnceOptions":"0x78218d16","ptntInsrncMap":"0x45cb1767","ptntInsrncObj":"0x568bb7a4","quoteObj":"0x580c80d8","recordId":"00629000004NTeZ","rtAdjstmntOptions":"0x3ba9b159","showPILookup":false,"sObjectQueryStr":"","wrprObj":"0x3a60a0e8"}|0x2a16c5b2
07:08:09.0 (91390931)|SOQL_EXECUTE_BEGIN|[219]|Aggregations:0|SELECT Id, Name, RecordType.Name, Uncovered_Charges__c, Patient_Insurance__r.Accepts_Assignment_of_Benefits__c, Patient_Insurance__r.Opportunity__c, Patient_Insurance__r.Accreditation__c, Patient_Insurance__r.Insurance_Company__r.Name, PHP_Admit_Co_Payment__c, Detox_Admit_Co_Payment__c, RTC_Admit_Co_Payment__c, Deductible__c, Deductible_Met__c, IOP_Admit_Co_Payment__c, Max_Out_of_Pocket_Remaining__c, Insurance_Company_is_Out_of_Network__c, Annual_Max_Remaining__c, Deductible_Remaining__c, Detox_Pays_at__c, Detox_Over__c, RTC_Pays_at__c, Residential_Treatment_Override__c, PHP_Pays_at__c, Partial_Hospitalization_Override__c, IOP_Pays_at__c, Intensive_Outpatient_Override__c, Num_Days_Uncovered__c, Num_Days_Room__c, Uncovered_Days_Rate__c, Room_and_Board_Days_Rate__c, Uncovered_Days_Override__c, Room_and_Board_Days_Override__c, Deductible_Included_in_OOP__c, Uncovered_Days__c, Lifetime_Max__c, Lifetime_Max_Met__c, Annual_Max__c, Annual_Max_Met__c, Max_Out_of_Pocket__c, Max_Out_of_Pocket_Met__c, Co_Pay_Met__c FROM Insurance_Benefit__c WHERE Patient_Insurance__c = :tmpVar1
07:08:09.0 (101746969)|SOQL_EXECUTE_END|[219]|Rows:2
07:08:09.0 (101783965)|HEAP_ALLOCATE|[219]|Bytes:12
07:08:09.0 (101835145)|HEAP_ALLOCATE|[219]|Bytes:2986
07:08:09.0 (101886580)|HEAP_ALLOCATE|[219]|Bytes:12
07:08:09.0 (101910444)|HEAP_ALLOCATE|[219]|Bytes:108
07:08:09.0 (101925660)|HEAP_ALLOCATE|[219]|Bytes:4
07:08:09.0 (101931689)|HEAP_ALLOCATE|[219]|Bytes:108
07:08:09.0 (101935542)|HEAP_ALLOCATE|[219]|Bytes:4
07:08:09.0 (102027622)|VARIABLE_ASSIGNMENT|[219]|this.insrncBnftMap|{"a1H29000000pRTUEA2":{"Id":"a1H29000000pRTUEA2","Name":"Insurance Benefit 75 (2 more) ...","RecordTypeId":"012j00000015GS6AAM","Patient_Insurance__c":"a1b29000000lvHQAAY","PHP_Admit_Co_Payment (3 more) ...":0.00,"Deductible__c":5000.00,"Deductible_Met__c":0.00,"Max_Out_of_Pocket_Re (10 more) ...":10000.00,"Insurance_Company_is (18 more) ...":false,"Annual_Max_Remaining (3 more) ...":1000000,"Deductible_Remaining (3 more) ...":5000.00,"Detox_Pays_at__c":80.00,"RTC_Pays_at__c":80.00,"PHP_Pays_at__c":80.00,"IOP_Pays_at__c":80.00,"Uncovered_Days_Rate_ (2 more) ...":630.00,"Room_and_Board_Days_ (7 more) ...":2000.00,"Deductible_Included_ (9 more) ...":"Yes","Lifetime_Max__c":1000000.00,"Lifetime_Max_Met__c":0.00,"Annual_Max__c":1000000.00,"Annual_Max_Met__c":0.00,"Max_Out_of_Pocket__c":10000.00,"Max_Out_of_Pocket_Me (4 more) ...":0.00,"RecordType":{"Name":"In Network","Id":"012j00000015GS6AAM"},"Patient_Insurance__r":{"Opportunity__c":"00629000004NTeZAAW","Accreditation__c":"State","Insurance_Company__c":"0012900000AXSP3AAP","Id":"a1b29000000lvHQAAY","Insurance_Company__r":{"Name":"Value Options/Beacon (7 more) ...","Id":"0012900000AXSP3AAP","RecordTypeId":"012j00000015GRqAAM"}}},"a1H29000000pRTZEA2":{"Id":"a1H29000000pRTZEA2","Name":"Insurance Benefit 75 (2 more) ...","RecordTypeId":"012j00000015GS7AAM","Patient_Insurance__c":"a1b29000000lvHQAAY","PHP_Admit_Co_Payment (3 more) ...":0.00,"Deductible__c":10000.00,"Deductible_Met__c":0.00,"Max_Out_of_Pocket_Re (10 more) ...":20000.00,"Insurance_Company_is (18 more) ...":false,"Annual_Max_Remaining (3 more) ...":1000000,"Deductible_Remaining (3 more) ...":10000.00,"Detox_Pays_at__c":60.00,"RTC_Pays_at__c":60.00,"PHP_Pays_at__c":60.00,"IOP_Pays_at__c":60.00,"Uncovered_Days_Rate_ (2 more) ...":630.00,"Room_and_Board_Days_ (7 more) ...":2000.00,"Deductible_Included_ (9 more) ...":"Yes","Lifetime_Max__c":1000000.00,"Lifetime_Max_Met__c":0.00,"Annual_Max__c":1000000.00,"Annual_Max_Met__c":0.00,"Max_Out_of_Pocket__c":20000.00,"Max_Out_of_Pocket_Me (4 more) ...":0.00,"RecordType":{"Name":"Out of Network","Id":"012j00000015GS7AAM"},"Patient_Insurance__r":{"Opportunity__c":"00629000004NTeZAAW","Accreditation__c":"State","Insurance_Company__c":"0012900000AXSP3AAP","Id":"a1b29000000lvHQAAY","Insurance_Company__r":{"Name":"Value Options/Beacon (7 more) ...","Id":"0012900000AXSP3AAP","RecordTypeId":"012j00000015GRqAAM"}}}}|0x2a16c5b2
07:08:09.0 (102082501)|HEAP_ALLOCATE|[EXTERNAL]|Bytes:12
07:08:09.0 (102108871)|HEAP_ALLOCATE|[263]|Bytes:2996
07:08:09.0 (102140792)|HEAP_ALLOCATE|[263]|Bytes:5
07:08:09.0 (102155051)|HEAP_ALLOCATE|[263]|Bytes:108
07:08:09.0 (102166484)|VARIABLE_SCOPE_BEGIN|[263]|insrncBnftInstance|Insurance_Benefit__c|true|false
07:08:09.0 (102205585)|VARIABLE_ASSIGNMENT|[263]|insrncBnftInstance|{"Id":"a1H29000000pRTUEA2","Name":"Insurance Benefit 75 (2 more) ...","RecordTypeId":"012j00000015GS6AAM","Patient_Insurance__c":"a1b29000000lvHQAAY","PHP_Admit_Co_Payment (3 more) ...":0.00,"Deductible__c":5000.00,"Deductible_Met__c":0.00,"Max_Out_of_Pocket_Re (10 more) ...":10000.00,"Insurance_Company_is (18 more) ...":false,"Annual_Max_Remaining (3 more) ...":1000000,"Deductible_Remaining (3 more) ...":5000.00,"Detox_Pays_at__c":80.00,"RTC_Pays_at__c":80.00,"PHP_Pays_at__c":80.00,"IOP_Pays_at__c":80.00,"Uncovered_Days_Rate_ (2 more) ...":630.00,"Room_and_Board_Days_ (7 more) ...":2000.00,"Deductible_Included_ (9 more) ...":"Yes","Lifetime_Max__c":1000000.00,"Lifetime_Max_Met__c":0.00,"Annual_Max__c":1000000.00,"Annual_Max_Met__c":0.00,"Max_Out_of_Pocket__c":10000.00,"Max_Out_of_Pocket_Me (4 more) ...":0.00,"RecordType":{"Name":"In Network","Id":"012j00000015GS6AAM"},"Patient_Insurance__r":{"Opportunity__c":"00629000004NTeZAAW","Accreditation__c":"State","Insurance_Company__c":"0012900000AXSP3AAP","Id":"a1b29000000lvHQAAY","Insurance_Company__r":{"Name":"Value Options/Beacon (7 more) ...","Id":"0012900000AXSP3AAP","RecordTypeId":"012j00000015GRqAAM"}}}|0x2c8d3629
07:08:09.0 (102225561)|STATEMENT_EXECUTE|[263]
07:08:09.0 (102227350)|STATEMENT_EXECUTE|[264]
07:08:09.0 (102252080)|HEAP_ALLOCATE|[264]|Bytes:18
07:08:09.0 (102280245)|HEAP_ALLOCATE|[264]|Bytes:35
07:08:09.0 (102303158)|HEAP_ALLOCATE|[EXTERNAL]|Bytes:4
07:08:09.0 (102315157)|HEAP_ALLOCATE|[263]|Bytes:5
07:08:09.0 (102324303)|HEAP_ALLOCATE|[263]|Bytes:108
07:08:09.0 (102330173)|VARIABLE_SCOPE_BEGIN|[263]|insrncBnftInstance|Insurance_Benefit__c|true|false
07:08:09.0 (102363503)|VARIABLE_ASSIGNMENT|[263]|insrncBnftInstance|{"Id":"a1H29000000pRTZEA2","Name":"Insurance Benefit 75 (2 more) ...","RecordTypeId":"012j00000015GS7AAM","Patient_Insurance__c":"a1b29000000lvHQAAY","PHP_Admit_Co_Payment (3 more) ...":0.00,"Deductible__c":10000.00,"Deductible_Met__c":0.00,"Max_Out_of_Pocket_Re (10 more) ...":20000.00,"Insurance_Company_is (18 more) ...":false,"Annual_Max_Remaining (3 more) ...":1000000,"Deductible_Remaining (3 more) ...":10000.00,"Detox_Pays_at__c":60.00,"RTC_Pays_at__c":60.00,"PHP_Pays_at__c":60.00,"IOP_Pays_at__c":60.00,"Uncovered_Days_Rate_ (2 more) ...":630.00,"Room_and_Board_Days_ (7 more) ...":2000.00,"Deductible_Included_ (9 more) ...":"Yes","Lifetime_Max__c":1000000.00,"Lifetime_Max_Met__c":0.00,"Annual_Max__c":1000000.00,"Annual_Max_Met__c":0.00,"Max_Out_of_Pocket__c":20000.00,"Max_Out_of_Pocket_Me (4 more) ...":0.00,"RecordType":{"Name":"Out of Network","Id":"012j00000015GS7AAM"},"Patient_Insurance__r":{"Opportunity__c":"00629000004NTeZAAW","Accreditation__c":"State","Insurance_Company__c":"0012900000AXSP3AAP","Id":"a1b29000000lvHQAAY","Insurance_Company__r":{"Name":"Value Options/Beacon (7 more) ...","Id":"0012900000AXSP3AAP","RecordTypeId":"012j00000015GRqAAM"}}}|0x786b9685
07:08:09.0 (102386749)|STATEMENT_EXECUTE|[263]
07:08:09.0 (102388393)|STATEMENT_EXECUTE|[264]
07:08:09.0 (102398847)|HEAP_ALLOCATE|[264]|Bytes:18
07:08:09.0 (102415067)|HEAP_ALLOCATE|[264]|Bytes:39
07:08:09.0 (102425884)|HEAP_ALLOCATE|[EXTERNAL]|Bytes:4
07:08:09.0 (102436387)|HEAP_ALLOCATE|[263]|Bytes:5
07:08:09.0 (102447166)|VARIABLE_ASSIGNMENT|[263]|insrncBnftInstance|null|
07:08:09.0 (102527250)|VARIABLE_ASSIGNMENT|[EXTERNAL]|this|{"estmtCnrgDaysMap":"0x4523ae6","estmtCvrgeDaysObj":"0x4f0ea93d","faciltyOptions":"0x1a7f93d3","fcltyPrgrmOptions":"0x3bf9c570","idToOwnershipFacilit (4 more) ...":"0x4cefad81","idToTypeFacilityMap":"0x7612a260","insrncBnftMap":"0x4c84aa3f","insrncBnftOptions":"0xe866a27","isIop":false,"isTalbott":false,"meta":"0x3f344dd3","oppId":"00629000004NTeZ","pawObj":"0x5c56e9f7","ptntInsrnceOptions":"0x78218d16","ptntInsrncMap":"0x45cb1767","ptntInsrncObj":"0x568bb7a4","quoteObj":"0x580c80d8","recordId":"00629000004NTeZ","rtAdjstmntOptions":"0x3ba9b159","showPILookup":false,"sObjectQueryStr":"","wrprObj":"0x3a60a0e8"}|0x2a16c5b2
07:08:09.0 (102644387)|VARIABLE_ASSIGNMENT|[EXTERNAL]|this|{"facilitySelected":"","insrncBnft":"0x7baa5944","insrncBnftSelected":"a1H29000000pRTUEA2","pawDetailListDisplay (4 more) ...":false,"pyAgrmntWrksht":"0x1e3f85a2","relatedPAWDetailsLis (1 more) ...":"0x307466a0","targetEDR":0.00,"totalAppliedDeductib (2 more) ...":0.00,"totalCoInsurance":0.00,"totalCoPayAmt":0.00,"totalInsCoResp":0.00,"totalInsEIVAmt":0.00,"totalRowCount":0,"totalTalbottDay":0}|0x3a60a0e8
07:08:09.0 (102750454)|VARIABLE_ASSIGNMENT|[EXTERNAL]|this|{"estmtCnrgDaysMap":"0x4523ae6","estmtCvrgeDaysObj":"0x4f0ea93d","faciltyOptions":"0x1a7f93d3","fcltyPrgrmOptions":"0x3bf9c570","idToOwnershipFacilit (4 more) ...":"0x4cefad81","idToTypeFacilityMap":"0x7612a260","insrncBnftMap":"0x4c84aa3f","insrncBnftOptions":"0xe866a27","isIop":false,"isTalbott":false,"meta":"0x3f344dd3","oppId":"00629000004NTeZ","pawObj":"0x5c56e9f7","ptntInsrnceOptions":"0x78218d16","ptntInsrncMap":"0x45cb1767","ptntInsrncObj":"0x568bb7a4","quoteObj":"0x580c80d8","recordId":"00629000004NTeZ","rtAdjstmntOptions":"0x3ba9b159","showPILookup":false,"sObjectQueryStr":"","wrprObj":"0x3a60a0e8"}|0x2a16c5b2
07:08:09.0 (102806222)|VARIABLE_ASSIGNMENT|[EXTERNAL]|this|{"facilitySelected":"","insrncBnft":"0x7baa5944","insrncBnftSelected":"a1H29000000pRTUEA2","pawDetailListDisplay (4 more) ...":false,"pyAgrmntWrksht":"0x1e3f85a2","relatedPAWDetailsLis (1 more) ...":"0x307466a0","targetEDR":0.00,"totalAppliedDeductib (2 more) ...":0.00,"totalCoInsurance":0.00,"totalCoPayAmt":0.00,"totalInsCoResp":0.00,"totalInsEIVAmt":0.00,"totalRowCount":0,"totalTalbottDay":0}|0x3a60a0e8
07:08:09.0 (102836074)|STATEMENT_EXECUTE|[267]
07:08:09.0 (102837614)|STATEMENT_EXECUTE|[268]
07:08:09.0 (102914940)|VARIABLE_ASSIGNMENT|[EXTERNAL]|this|{"estmtCnrgDaysMap":"0x4523ae6","estmtCvrgeDaysObj":"0x4f0ea93d","faciltyOptions":"0x1a7f93d3","fcltyPrgrmOptions":"0x3bf9c570","idToOwnershipFacilit (4 more) ...":"0x4cefad81","idToTypeFacilityMap":"0x7612a260","insrncBnftMap":"0x4c84aa3f","insrncBnftOptions":"0xe866a27","isIop":false,"isTalbott":false,"meta":"0x3f344dd3","oppId":"00629000004NTeZ","pawObj":"0x5c56e9f7","ptntInsrnceOptions":"0x78218d16","ptntInsrncMap":"0x45cb1767","ptntInsrncObj":"0x568bb7a4","quoteObj":"0x580c80d8","recordId":"00629000004NTeZ","rtAdjstmntOptions":"0x3ba9b159","showPILookup":false,"sObjectQueryStr":"","wrprObj":"0x3a60a0e8"}|0x2a16c5b2
07:08:09.0 (102968017)|VARIABLE_ASSIGNMENT|[EXTERNAL]|this|{"facilitySelected":"","insrncBnft":"0x7baa5944","insrncBnftSelected":"a1H29000000pRTUEA2","pawDetailListDisplay (4 more) ...":false,"pyAgrmntWrksht":"0x1e3f85a2","relatedPAWDetailsLis (1 more) ...":"0x307466a0","targetEDR":0.00,"totalAppliedDeductib (2 more) ...":0.00,"totalCoInsurance":0.00,"totalCoPayAmt":0.00,"totalInsCoResp":0.00,"totalInsEIVAmt":0.00,"totalRowCount":0,"totalTalbottDay":0}|0x3a60a0e8
07:08:09.0 (103061519)|VARIABLE_ASSIGNMENT|[EXTERNAL]|this|{"estmtCnrgDaysMap":"0x4523ae6","estmtCvrgeDaysObj":"0x4f0ea93d","faciltyOptions":"0x1a7f93d3","fcltyPrgrmOptions":"0x3bf9c570","idToOwnershipFacilit (4 more) ...":"0x4cefad81","idToTypeFacilityMap":"0x7612a260","insrncBnftMap":"0x4c84aa3f","insrncBnftOptions":"0xe866a27","isIop":false,"isTalbott":false,"meta":"0x3f344dd3","oppId":"00629000004NTeZ","pawObj":"0x5c56e9f7","ptntInsrnceOptions":"0x78218d16","ptntInsrncMap":"0x45cb1767","ptntInsrncObj":"0x568bb7a4","quoteObj":"0x580c80d8","recordId":"00629000004NTeZ","rtAdjstmntOptions":"0x3ba9b159","showPILookup":false,"sObjectQueryStr":"","wrprObj":"0x3a60a0e8"}|0x2a16c5b2
07:08:09.0 (103133317)|VARIABLE_ASSIGNMENT|[EXTERNAL]|this|{"facilitySelected":"","insrncBnft":"0x7baa5944","insrncBnftSelected":"a1H29000000pRTUEA2","pawDetailListDisplay (4 more) ...":false,"pyAgrmntWrksht":"0x1e3f85a2","relatedPAWDetailsLis (1 more) ...":"0x307466a0","targetEDR":0.00,"totalAppliedDeductib (2 more) ...":0.00,"totalCoInsurance":0.00,"totalCoPayAmt":0.00,"totalInsCoResp":0.00,"totalInsEIVAmt":0.00,"totalRowCount":0,"totalTalbottDay":0}|0x3a60a0e8
07:08:09.0 (103173261)|VARIABLE_ASSIGNMENT|[EXTERNAL]|value|{"Id":"a1H29000000pRTUEA2","Name":"Insurance Benefit 75 (2 more) ...","RecordTypeId":"012j00000015GS6AAM","Patient_Insurance__c":"a1b29000000lvHQAAY","PHP_Admit_Co_Payment (3 more) ...":0.00,"Deductible__c":5000.00,"Deductible_Met__c":0.00,"Max_Out_of_Pocket_Re (10 more) ...":10000.00,"Insurance_Company_is (18 more) ...":false,"Annual_Max_Remaining (3 more) ...":1000000,"Deductible_Remaining (3 more) ...":5000.00,"Detox_Pays_at__c":80.00,"RTC_Pays_at__c":80.00,"PHP_Pays_at__c":80.00,"IOP_Pays_at__c":80.00,"Uncovered_Days_Rate_ (2 more) ...":630.00,"Room_and_Board_Days_ (7 more) ...":2000.00,"Deductible_Included_ (9 more) ...":"Yes","Lifetime_Max__c":1000000.00,"Lifetime_Max_Met__c":0.00,"Annual_Max__c":1000000.00,"Annual_Max_Met__c":0.00,"Max_Out_of_Pocket__c":10000.00,"Max_Out_of_Pocket_Me (4 more) ...":0.00,"RecordType":{"Name":"In Network","Id":"012j00000015GS6AAM"},"Patient_Insurance__r":{"Opportunity__c":"00629000004NTeZAAW","Accreditation__c":"State","Insurance_Company__c":"0012900000AXSP3AAP","Id":"a1b29000000lvHQAAY","Insurance_Company__r":{"Name":"Value Options/Beacon (7 more) ...","Id":"0012900000AXSP3AAP","RecordTypeId":"012j00000015GRqAAM"}}}|0x2c8d3629
07:08:09.0 (103219535)|VARIABLE_ASSIGNMENT|[524]|this.insrncBnft|{"Id":"a1H29000000pRTUEA2","Name":"Insurance Benefit 75 (2 more) ...","RecordTypeId":"012j00000015GS6AAM","Patient_Insurance__c":"a1b29000000lvHQAAY","PHP_Admit_Co_Payment (3 more) ...":0.00,"Deductible__c":5000.00,"Deductible_Met__c":0.00,"Max_Out_of_Pocket_Re (10 more) ...":10000.00,"Insurance_Company_is (18 more) ...":false,"Annual_Max_Remaining (3 more) ...":1000000,"Deductible_Remaining (3 more) ...":5000.00,"Detox_Pays_at__c":80.00,"RTC_Pays_at__c":80.00,"PHP_Pays_at__c":80.00,"IOP_Pays_at__c":80.00,"Uncovered_Days_Rate_ (2 more) ...":630.00,"Room_and_Board_Days_ (7 more) ...":2000.00,"Deductible_Included_ (9 more) ...":"Yes","Lifetime_Max__c":1000000.00,"Lifetime_Max_Met__c":0.00,"Annual_Max__c":1000000.00,"Annual_Max_Met__c":0.00,"Max_Out_of_Pocket__c":10000.00,"Max_Out_of_Pocket_Me (4 more) ...":0.00,"RecordType":{"Name":"In Network","Id":"012j00000015GS6AAM"},"Patient_Insurance__r":{"Opportunity__c":"00629000004NTeZAAW","Accreditation__c":"State","Insurance_Company__c":"0012900000AXSP3AAP","Id":"a1b29000000lvHQAAY","Insurance_Company__r":{"Name":"Value Options/Beacon (7 more) ...","Id":"0012900000AXSP3AAP","RecordTypeId":"012j00000015GRqAAM"}}}|0x3a60a0e8
07:08:09.0 (103242708)|STATEMENT_EXECUTE|[272]
07:08:09.0 (104207894)|SYSTEM_MODE_ENTER|true
07:08:09.0 (104563208)|SYSTEM_MODE_ENTER|true
07:08:09.0 (104611503)|HEAP_ALLOCATE|[EXTERNAL]|Bytes:112
07:08:09.0 (104627225)|VARIABLE_SCOPE_BEGIN|[379]|this|PAW_New_EditCntrllr|true|false
07:08:09.0 (104696444)|VARIABLE_ASSIGNMENT|[379]|this|{"estmtCnrgDaysMap":"0x4523ae6","estmtCvrgeDaysObj":"0x4f0ea93d","faciltyOptions":"0x1a7f93d3","fcltyPrgrmOptions":"0x3bf9c570","idToOwnershipFacilit (4 more) ...":"0x4cefad81","idToTypeFacilityMap":"0x7612a260","insrncBnftMap":"0x4c84aa3f","insrncBnftOptions":"0xe866a27","isIop":false,"isTalbott":false,"meta":"0x3f344dd3","oppId":"00629000004NTeZ","pawObj":"0x5c56e9f7","ptntInsrnceOptions":"0x78218d16","ptntInsrncMap":"0x45cb1767","ptntInsrncObj":"0x568bb7a4","quoteObj":"0x580c80d8","recordId":"00629000004NTeZ","rtAdjstmntOptions":"0x3ba9b159","showPILookup":false,"sObjectQueryStr":"","wrprObj":"0x3a60a0e8"}|0x2a16c5b2
07:08:09.0 (104714401)|STATEMENT_EXECUTE|[379]
07:08:09.0 (104716250)|STATEMENT_EXECUTE|[380]
07:08:09.0 (104728579)|HEAP_ALLOCATE|[380]|Bytes:4
07:08:09.0 (104783845)|HEAP_ALLOCATE|[EXTERNAL]|Bytes:4
07:08:09.0 (104794762)|VARIABLE_ASSIGNMENT|[380]|this.rtAdjstmntOptions|[]|0x2a16c5b2
07:08:09.0 (104799514)|STATEMENT_EXECUTE|[381]
07:08:09.0 (104867702)|HEAP_ALLOCATE|[EXTERNAL]|Bytes:4
07:08:09.0 (104943541)|VARIABLE_ASSIGNMENT|[EXTERNAL]|this|{"estmtCnrgDaysMap":"0x4523ae6","estmtCvrgeDaysObj":"0x4f0ea93d","faciltyOptions":"0x1a7f93d3","fcltyPrgrmOptions":"0x3bf9c570","idToOwnershipFacilit (4 more) ...":"0x4cefad81","idToTypeFacilityMap":"0x7612a260","insrncBnftMap":"0x4c84aa3f","insrncBnftOptions":"0xe866a27","isIop":false,"isTalbott":false,"meta":"0x3f344dd3","oppId":"00629000004NTeZ","pawObj":"0x5c56e9f7","ptntInsrnceOptions":"0x78218d16","ptntInsrncMap":"0x45cb1767","ptntInsrncObj":"0x568bb7a4","quoteObj":"0x580c80d8","recordId":"00629000004NTeZ","rtAdjstmntOptions":"0x58b663fa","showPILookup":false,"sObjectQueryStr":"","wrprObj":"0x3a60a0e8"}|0x2a16c5b2
07:08:09.0 (105007802)|VARIABLE_ASSIGNMENT|[EXTERNAL]|this|{"facilitySelected":"","insrncBnft":"0x2c8d3629","insrncBnftSelected":"a1H29000000pRTUEA2","pawDetailListDisplay (4 more) ...":false,"pyAgrmntWrksht":"0x1e3f85a2","relatedPAWDetailsLis (1 more) ...":"0x307466a0","targetEDR":0.00,"totalAppliedDeductib (2 more) ...":0.00,"totalCoInsurance":0.00,"totalCoPayAmt":0.00,"totalInsCoResp":0.00,"totalInsEIVAmt":0.00,"totalRowCount":0,"totalTalbottDay":0}|0x3a60a0e8
07:08:09.0 (105091198)|VARIABLE_ASSIGNMENT|[EXTERNAL]|this|{"estmtCnrgDaysMap":"0x4523ae6","estmtCvrgeDaysObj":"0x4f0ea93d","faciltyOptions":"0x1a7f93d3","fcltyPrgrmOptions":"0x3bf9c570","idToOwnershipFacilit (4 more) ...":"0x4cefad81","idToTypeFacilityMap":"0x7612a260","insrncBnftMap":"0x4c84aa3f","insrncBnftOptions":"0xe866a27","isIop":false,"isTalbott":false,"meta":"0x3f344dd3","oppId":"00629000004NTeZ","pawObj":"0x5c56e9f7","ptntInsrnceOptions":"0x78218d16","ptntInsrncMap":"0x45cb1767","ptntInsrncObj":"0x568bb7a4","quoteObj":"0x580c80d8","recordId":"00629000004NTeZ","rtAdjstmntOptions":"0x58b663fa","showPILookup":false,"sObjectQueryStr":"","wrprObj":"0x3a60a0e8"}|0x2a16c5b2
07:08:09.0 (105152955)|VARIABLE_ASSIGNMENT|[EXTERNAL]|this|{"facilitySelected":"","insrncBnft":"0x2c8d3629","insrncBnftSelected":"a1H29000000pRTUEA2","pawDetailListDisplay (4 more) ...":false,"pyAgrmntWrksht":"0x1e3f85a2","relatedPAWDetailsLis (1 more) ...":"0x307466a0","targetEDR":0.00,"totalAppliedDeductib (2 more) ...":0.00,"totalCoInsurance":0.00,"totalCoPayAmt":0.00,"totalInsCoResp":0.00,"totalInsEIVAmt":0.00,"totalRowCount":0,"totalTalbottDay":0}|0x3a60a0e8
07:08:09.0 (105177749)|STATEMENT_EXECUTE|[382]
07:08:09.0 (105179485)|STATEMENT_EXECUTE|[400]
07:08:09.0 (105511175)|SYSTEM_MODE_ENTER|true
07:08:09.0 (113850372)|VF_SERIALIZE_VIEWSTATE_BEGIN|0660a0000009uTC
07:08:09.0 (122287118)|VF_SERIALIZE_VIEWSTATE_END
07:08:09.129 (129960051)|CUMULATIVE_LIMIT_USAGE
07:08:09.129 (129960051)|LIMIT_USAGE_FOR_NS|(default)|
  Number of SOQL queries: 3 out of 100
  Number of query rows: 5 out of 50000
  Number of SOSL queries: 0 out of 20
  Number of DML statements: 0 out of 150
  Number of DML rows: 0 out of 10000
  Maximum CPU time: 0 out of 10000
  Maximum heap size: 0 out of 6000000
  Number of callouts: 0 out of 100
  Number of Email Invocations: 0 out of 10
  Number of future calls: 0 out of 50
  Number of queueable jobs added to the queue: 0 out of 50
  Number of Mobile Apex push calls: 0 out of 10

07:08:09.129 (129960051)|CUMULATIVE_LIMIT_USAGE_END

07:08:09.0 (130009023)|CODE_UNIT_FINISHED|VF: /apex/PAW_New_Edit
07:08:09.0 (130755252)|EXECUTION_FINISHED
