37.0 APEX_CODE,FINEST;APEX_PROFILING,INFO;CALLOUT,INFO;DB,INFO;SYSTEM,DEBUG;VALIDATION,INFO;VISUALFORCE,INFO;WAVE,INFO;WORKFLOW,FINER
08:17:45.0 (242834)|USER_INFO|[EXTERNAL]|00529000000zYiy|bhakti.gujrathi@eternussolutions.com.frnstgng|Central Standard Time|GMT-06:00
08:17:45.0 (273139)|EXECUTION_STARTED
08:17:45.0 (277583)|CODE_UNIT_STARTED|[EXTERNAL]|0660a0000009uTC|VF: /apex/PAW_New_Edit
08:17:45.0 (14940733)|SYSTEM_MODE_ENTER|true
08:17:45.0 (15236539)|VARIABLE_SCOPE_BEGIN|[35]|PAW_New_EditCntrllr.globalSchemaMap|Map<String,Schema.SObjectType>|true|true
08:17:45.0 (15259442)|VARIABLE_SCOPE_BEGIN|[3]|PAW_New_EditCntrllr.yearEndMode|Boolean|false|true
08:17:45.0 (15402112)|HEAP_ALLOCATE|[72]|Bytes:3
08:17:45.0 (15449383)|HEAP_ALLOCATE|[77]|Bytes:152
08:17:45.0 (15461478)|HEAP_ALLOCATE|[342]|Bytes:408
08:17:45.0 (15472814)|HEAP_ALLOCATE|[355]|Bytes:408
08:17:45.0 (15484497)|HEAP_ALLOCATE|[467]|Bytes:48
08:17:45.0 (15512416)|HEAP_ALLOCATE|[139]|Bytes:6
08:17:45.0 (15525985)|HEAP_ALLOCATE|[EXTERNAL]|Bytes:11
08:17:45.0 (15532999)|HEAP_ALLOCATE|[EXTERNAL]|Bytes:304
08:17:45.0 (15537256)|HEAP_ALLOCATE|[EXTERNAL]|Bytes:98
08:17:45.0 (15541474)|HEAP_ALLOCATE|[EXTERNAL]|Bytes:14
08:17:45.0 (15553958)|METHOD_ENTRY|[1]|01p0a000004sKzV|PAW_New_EditCntrllr.PAW_New_EditCntrllr()
08:17:45.0 (15559435)|STATEMENT_EXECUTE|[1]
08:17:45.0 (15564269)|STATEMENT_EXECUTE|[1]
08:17:45.0 (15565484)|STATEMENT_EXECUTE|[3]
08:17:45.0 (17124629)|VARIABLE_SCOPE_BEGIN|[3]|PAW_YearEnd_Config.setting|Year_End_PAW_Settings__c|true|true
08:17:45.0 (17143312)|HEAP_ALLOCATE|[3]|Bytes:1
08:17:45.0 (17150192)|HEAP_ALLOCATE|[3]|Bytes:1
08:17:45.0 (17209291)|METHOD_ENTRY|[1]|01p29000000Aswf|PAW_YearEnd_Config.PAW_YearEnd_Config()
08:17:45.0 (17218734)|STATEMENT_EXECUTE|[1]
08:17:45.0 (17222899)|STATEMENT_EXECUTE|[1]
08:17:45.0 (17282970)|HEAP_ALLOCATE|[50]|Bytes:5
08:17:45.0 (17325978)|HEAP_ALLOCATE|[56]|Bytes:5
08:17:45.0 (17337758)|HEAP_ALLOCATE|[64]|Bytes:7
08:17:45.0 (17376974)|SYSTEM_MODE_ENTER|false
08:17:45.0 (17396764)|HEAP_ALLOCATE|[3]|Bytes:5
08:17:45.0 (17406834)|SYSTEM_MODE_EXIT|false
08:17:45.0 (17422213)|METHOD_EXIT|[1]|PAW_YearEnd_Config
08:17:45.0 (17447267)|METHOD_ENTRY|[3]|01p29000000Aswf|PAW_YearEnd_Config.fetch()
08:17:45.0 (17498677)|SYSTEM_MODE_ENTER|false
08:17:45.0 (17507188)|HEAP_ALLOCATE|[6]|Bytes:5
08:17:45.0 (17512927)|STATEMENT_EXECUTE|[5]
08:17:45.0 (17520147)|STATEMENT_EXECUTE|[7]
08:17:45.0 (19245783)|HEAP_ALLOCATE|[7]|Bytes:20
08:17:45.0 (19318385)|VARIABLE_ASSIGNMENT|[7]|PAW_YearEnd_Config.setting|{"IsDeleted":false,"Name":"Year End PAW Setting (11 more) ...","SetupOwnerId":"00529000000zYiyAAE","Year_End_Mode_Enable (4 more) ...":false}|0x522b73fa
08:17:45.0 (19331579)|STATEMENT_EXECUTE|[9]
08:17:45.0 (19336343)|HEAP_ALLOCATE|[9]|Bytes:14
08:17:45.0 (19575807)|HEAP_ALLOCATE|[9]|Bytes:145
08:17:45.0 (19612064)|HEAP_ALLOCATE|[9]|Bytes:159
08:17:45.0 (19645285)|USER_DEBUG|[9]|DEBUG|>>> setting : Year_End_PAW_Settings__c:{IsDeleted=false, Name=Year End PAW Settings (Profile), SetupOwnerId=00529000000zYiyAAE, Year_End_Mode_Enabled__c=false}
08:17:45.0 (19659700)|STATEMENT_EXECUTE|[10]
08:17:45.0 (19667995)|SYSTEM_MODE_EXIT|false
08:17:45.0 (19680182)|METHOD_EXIT|[3]|01p29000000Aswf|PAW_YearEnd_Config.fetch()
08:17:45.0 (19736046)|VARIABLE_ASSIGNMENT|[3]|PAW_New_EditCntrllr.yearEndMode|false
08:17:45.0 (19744974)|STATEMENT_EXECUTE|[523]
08:17:45.0 (19753402)|METHOD_EXIT|[1]|PAW_New_EditCntrllr
08:17:45.0 (22580424)|HEAP_ALLOCATE|[EXTERNAL]|Bytes:112
08:17:45.0 (22594832)|VARIABLE_SCOPE_BEGIN|[41]|this|PAW_New_EditCntrllr|true|false
08:17:45.0 (22688543)|VARIABLE_ASSIGNMENT|[41]|this|{}|0x4f2d771d
08:17:45.0 (22697594)|STATEMENT_EXECUTE|[1]
08:17:45.0 (22699084)|STATEMENT_EXECUTE|[7]
08:17:45.0 (22700364)|STATEMENT_EXECUTE|[8]
08:17:45.0 (22701278)|STATEMENT_EXECUTE|[9]
08:17:45.0 (22702306)|STATEMENT_EXECUTE|[10]
08:17:45.0 (22703418)|STATEMENT_EXECUTE|[11]
08:17:45.0 (22715877)|VARIABLE_ASSIGNMENT|[11]|this.oppId|""|0x4f2d771d
08:17:45.0 (22720593)|STATEMENT_EXECUTE|[12]
08:17:45.0 (22721885)|STATEMENT_EXECUTE|[13]
08:17:45.0 (22722806)|STATEMENT_EXECUTE|[14]
08:17:45.0 (22723712)|STATEMENT_EXECUTE|[15]
08:17:45.0 (22724605)|STATEMENT_EXECUTE|[16]
08:17:45.0 (22725501)|STATEMENT_EXECUTE|[18]
08:17:45.0 (22726422)|STATEMENT_EXECUTE|[19]
08:17:45.0 (22727347)|STATEMENT_EXECUTE|[20]
08:17:45.0 (22728252)|STATEMENT_EXECUTE|[21]
08:17:45.0 (22729364)|STATEMENT_EXECUTE|[22]
08:17:45.0 (22730272)|STATEMENT_EXECUTE|[23]
08:17:45.0 (22731179)|STATEMENT_EXECUTE|[24]
08:17:45.0 (22732098)|STATEMENT_EXECUTE|[25]
08:17:45.0 (22733001)|STATEMENT_EXECUTE|[26]
08:17:45.0 (22734037)|STATEMENT_EXECUTE|[27]
08:17:45.0 (22734942)|STATEMENT_EXECUTE|[28]
08:17:45.0 (22736042)|STATEMENT_EXECUTE|[30]
08:17:45.0 (22737067)|STATEMENT_EXECUTE|[31]
08:17:45.0 (22738015)|STATEMENT_EXECUTE|[32]
08:17:45.0 (22738922)|STATEMENT_EXECUTE|[33]
08:17:45.0 (22739899)|STATEMENT_EXECUTE|[37]
08:17:45.0 (22740796)|STATEMENT_EXECUTE|[38]
08:17:45.0 (22747658)|HEAP_ALLOCATE|[11]|Bytes:6
08:17:45.0 (22781504)|STATEMENT_EXECUTE|[41]
08:17:45.0 (22782971)|STATEMENT_EXECUTE|[44]
08:17:45.0 (67564938)|HEAP_ALLOCATE|[44]|Bytes:2408
08:17:45.0 (67926474)|VARIABLE_ASSIGNMENT|[44]|PAW_New_EditCntrllr.globalSchemaMap|"{abused_substance__c=Abused_Substance__c, abused_substance__feed=Abused_Substance__Feed, abused_substance__history=Abused_Substance__History, acceptedeventrelation=AcceptedEventRelation, account=Account, account_review__c=Account_Review__c, account_review__history=Account_Review__History, account_satisfaction_survey__c=Account_Satisfaction_Survey__c, accountcontactrole=AccountContactRole, accountfeed=AccountFeed, ...}"|0x4e6e87b6
08:17:45.0 (67942536)|STATEMENT_EXECUTE|[45]
08:17:45.0 (68084715)|VARIABLE_ASSIGNMENT|[EXTERNAL]|this|{"oppId":""}|0x4f2d771d
08:17:45.0 (68102577)|VARIABLE_ASSIGNMENT|[EXTERNAL]|value|false
08:17:45.0 (68112487)|HEAP_ALLOCATE|[32]|Bytes:5
08:17:45.0 (68123090)|VARIABLE_ASSIGNMENT|[32]|this.isTalbott|false|0x4f2d771d
08:17:45.0 (68134523)|STATEMENT_EXECUTE|[46]
08:17:45.0 (68196784)|VARIABLE_ASSIGNMENT|[EXTERNAL]|this|{"isTalbott":false,"oppId":""}|0x4f2d771d
08:17:45.0 (68205833)|VARIABLE_ASSIGNMENT|[EXTERNAL]|value|false
08:17:45.0 (68210936)|HEAP_ALLOCATE|[33]|Bytes:5
08:17:45.0 (68217346)|VARIABLE_ASSIGNMENT|[33]|this.isIop|false|0x4f2d771d
08:17:45.0 (68225079)|STATEMENT_EXECUTE|[47]
08:17:45.0 (68232954)|VARIABLE_ASSIGNMENT|[47]|this.sObjectQueryStr|""|0x4f2d771d
08:17:45.0 (68237134)|STATEMENT_EXECUTE|[48]
08:17:45.0 (68272627)|HEAP_ALLOCATE|[48]|Bytes:4
08:17:45.0 (68376174)|VARIABLE_ASSIGNMENT|[48]|this.quoteObj|{}|0x4f2d771d
08:17:45.0 (68382517)|STATEMENT_EXECUTE|[49]
08:17:45.0 (68390573)|HEAP_ALLOCATE|[49]|Bytes:476
08:17:45.0 (68400667)|HEAP_ALLOCATE|[49]|Bytes:71
08:17:45.0 (68486857)|HEAP_ALLOCATE|[49]|Bytes:84
08:17:45.0 (68509267)|CONSTRUCTOR_ENTRY|[49]|01p0a000004sKzV|<init>()
08:17:45.0 (68535173)|VARIABLE_SCOPE_BEGIN|[545]|this|PAW_New_EditCntrllr.WraperClass|true|false
08:17:45.0 (68606165)|VARIABLE_ASSIGNMENT|[545]|this|{}|0x55cc7d4b
08:17:45.0 (68612407)|STATEMENT_EXECUTE|[523]
08:17:45.0 (68614321)|STATEMENT_EXECUTE|[524]
08:17:45.0 (68615744)|STATEMENT_EXECUTE|[525]
08:17:45.0 (68616694)|STATEMENT_EXECUTE|[526]
08:17:45.0 (68617890)|STATEMENT_EXECUTE|[527]
08:17:45.0 (68618837)|STATEMENT_EXECUTE|[528]
08:17:45.0 (68619745)|STATEMENT_EXECUTE|[529]
08:17:45.0 (68620656)|STATEMENT_EXECUTE|[530]
08:17:45.0 (68621648)|STATEMENT_EXECUTE|[531]
08:17:45.0 (68622684)|STATEMENT_EXECUTE|[532]
08:17:45.0 (68623716)|STATEMENT_EXECUTE|[533]
08:17:45.0 (68624624)|STATEMENT_EXECUTE|[534]
08:17:45.0 (68625536)|STATEMENT_EXECUTE|[535]
08:17:45.0 (68626457)|STATEMENT_EXECUTE|[536]
08:17:45.0 (68627485)|STATEMENT_EXECUTE|[537]
08:17:45.0 (68628697)|STATEMENT_EXECUTE|[538]
08:17:45.0 (68629682)|STATEMENT_EXECUTE|[539]
08:17:45.0 (68630590)|STATEMENT_EXECUTE|[540]
08:17:45.0 (68631491)|STATEMENT_EXECUTE|[541]
08:17:45.0 (68632544)|STATEMENT_EXECUTE|[542]
08:17:45.0 (68633566)|STATEMENT_EXECUTE|[543]
08:17:45.0 (68649151)|STATEMENT_EXECUTE|[545]
08:17:45.0 (68650300)|STATEMENT_EXECUTE|[546]
08:17:45.0 (68671234)|HEAP_ALLOCATE|[546]|Bytes:4
08:17:45.0 (68818808)|VARIABLE_ASSIGNMENT|[EXTERNAL]|this|{}|0x55cc7d4b
08:17:45.0 (68831315)|VARIABLE_ASSIGNMENT|[EXTERNAL]|value|{}|0x2ba3de64
08:17:45.0 (68840800)|VARIABLE_ASSIGNMENT|[524]|this.pyAgrmntWrksht|{}|0x55cc7d4b
08:17:45.0 (68849576)|STATEMENT_EXECUTE|[547]
08:17:45.0 (68868842)|HEAP_ALLOCATE|[547]|Bytes:4
08:17:45.0 (68973521)|VARIABLE_ASSIGNMENT|[EXTERNAL]|this|{"pyAgrmntWrksht":"0x2ba3de64"}|0x55cc7d4b
08:17:45.0 (68984343)|VARIABLE_ASSIGNMENT|[EXTERNAL]|value|{}|0x11ed9fb1
08:17:45.0 (68993287)|VARIABLE_ASSIGNMENT|[525]|this.insrncBnft|{}|0x55cc7d4b
08:17:45.0 (69001344)|STATEMENT_EXECUTE|[548]
08:17:45.0 (69050825)|VARIABLE_ASSIGNMENT|[EXTERNAL]|this|{"insrncBnft":"0x11ed9fb1","pyAgrmntWrksht":"0x2ba3de64"}|0x55cc7d4b
08:17:45.0 (69058711)|VARIABLE_ASSIGNMENT|[EXTERNAL]|value|""
08:17:45.0 (69065444)|VARIABLE_ASSIGNMENT|[526]|this.insrncBnftSelected|""|0x55cc7d4b
08:17:45.0 (69072511)|STATEMENT_EXECUTE|[549]
08:17:45.0 (69116578)|VARIABLE_ASSIGNMENT|[EXTERNAL]|this|{"insrncBnft":"0x11ed9fb1","insrncBnftSelected":"","pyAgrmntWrksht":"0x2ba3de64"}|0x55cc7d4b
08:17:45.0 (69124317)|VARIABLE_ASSIGNMENT|[EXTERNAL]|value|""
08:17:45.0 (69130927)|VARIABLE_ASSIGNMENT|[527]|this.facilitySelected|""|0x55cc7d4b
08:17:45.0 (69137834)|STATEMENT_EXECUTE|[550]
08:17:45.0 (69181093)|VARIABLE_ASSIGNMENT|[EXTERNAL]|this|{"facilitySelected":"","insrncBnft":"0x11ed9fb1","insrncBnftSelected":"","pyAgrmntWrksht":"0x2ba3de64"}|0x55cc7d4b
08:17:45.0 (69188579)|VARIABLE_ASSIGNMENT|[EXTERNAL]|value|""
08:17:45.0 (69194388)|VARIABLE_ASSIGNMENT|[528]|this.fcltyPrgrmSelected|""|0x55cc7d4b
08:17:45.0 (69200922)|STATEMENT_EXECUTE|[551]
08:17:45.0 (69244817)|VARIABLE_ASSIGNMENT|[EXTERNAL]|this|{"facilitySelected":"","fcltyPrgrmSelected":"","insrncBnft":"0x11ed9fb1","insrncBnftSelected":"","pyAgrmntWrksht":"0x2ba3de64"}|0x55cc7d4b
08:17:45.0 (69253041)|VARIABLE_ASSIGNMENT|[EXTERNAL]|value|""
08:17:45.0 (69259602)|VARIABLE_ASSIGNMENT|[529]|this.rateAdjstmntSelected|""|0x55cc7d4b
08:17:45.0 (69266841)|STATEMENT_EXECUTE|[552]
08:17:45.0 (69313543)|VARIABLE_ASSIGNMENT|[EXTERNAL]|this|{"facilitySelected":"","fcltyPrgrmSelected":"","insrncBnft":"0x11ed9fb1","insrncBnftSelected":"","pyAgrmntWrksht":"0x2ba3de64","rateAdjstmntSelected":""}|0x55cc7d4b
08:17:45.0 (69323738)|VARIABLE_ASSIGNMENT|[EXTERNAL]|value|0
08:17:45.0 (69328700)|HEAP_ALLOCATE|[530]|Bytes:4
08:17:45.0 (69334931)|VARIABLE_ASSIGNMENT|[530]|this.totalRowCount|0|0x55cc7d4b
08:17:45.0 (69341907)|STATEMENT_EXECUTE|[553]
08:17:45.0 (69345113)|HEAP_ALLOCATE|[553]|Bytes:4
08:17:45.0 (69372079)|HEAP_ALLOCATE|[553]|Bytes:28
08:17:45.0 (69430706)|VARIABLE_ASSIGNMENT|[EXTERNAL]|this|{"facilitySelected":"","fcltyPrgrmSelected":"","insrncBnft":"0x11ed9fb1","insrncBnftSelected":"","pyAgrmntWrksht":"0x2ba3de64","rateAdjstmntSelected":"","totalRowCount":0}|0x55cc7d4b
08:17:45.0 (69444120)|VARIABLE_ASSIGNMENT|[EXTERNAL]|value|0.00
08:17:45.0 (69452416)|VARIABLE_ASSIGNMENT|[531]|this.totalTalbottDay|0.00|0x55cc7d4b
08:17:45.0 (69459881)|STATEMENT_EXECUTE|[554]
08:17:45.0 (69466841)|HEAP_ALLOCATE|[554]|Bytes:28
08:17:45.0 (69520682)|VARIABLE_ASSIGNMENT|[EXTERNAL]|this|{"facilitySelected":"","fcltyPrgrmSelected":"","insrncBnft":"0x11ed9fb1","insrncBnftSelected":"","pyAgrmntWrksht":"0x2ba3de64","rateAdjstmntSelected":"","totalRowCount":0,"totalTalbottDay":0.00}|0x55cc7d4b
08:17:45.0 (69530004)|VARIABLE_ASSIGNMENT|[EXTERNAL]|value|0.00
08:17:45.0 (69537082)|VARIABLE_ASSIGNMENT|[532]|this.totalInsCoResp|0.00|0x55cc7d4b
08:17:45.0 (69544135)|STATEMENT_EXECUTE|[555]
08:17:45.0 (69549145)|HEAP_ALLOCATE|[555]|Bytes:28
08:17:45.0 (69598938)|VARIABLE_ASSIGNMENT|[EXTERNAL]|this|{"facilitySelected":"","fcltyPrgrmSelected":"","insrncBnft":"0x11ed9fb1","insrncBnftSelected":"","pyAgrmntWrksht":"0x2ba3de64","rateAdjstmntSelected":"","totalInsCoResp":0.00,"totalRowCount":0,"totalTalbottDay":0.00}|0x55cc7d4b
08:17:45.0 (69608205)|VARIABLE_ASSIGNMENT|[EXTERNAL]|value|0.00
08:17:45.0 (69614620)|VARIABLE_ASSIGNMENT|[533]|this.totalCoPayAmt|0.00|0x55cc7d4b
08:17:45.0 (69621723)|STATEMENT_EXECUTE|[556]
08:17:45.0 (69626890)|HEAP_ALLOCATE|[556]|Bytes:28
08:17:45.0 (69677266)|VARIABLE_ASSIGNMENT|[EXTERNAL]|this|{"facilitySelected":"","fcltyPrgrmSelected":"","insrncBnft":"0x11ed9fb1","insrncBnftSelected":"","pyAgrmntWrksht":"0x2ba3de64","rateAdjstmntSelected":"","totalCoPayAmt":0.00,"totalInsCoResp":0.00,"totalRowCount":0,"totalTalbottDay":0.00}|0x55cc7d4b
08:17:45.0 (69686942)|VARIABLE_ASSIGNMENT|[EXTERNAL]|value|0.00
08:17:45.0 (69693627)|VARIABLE_ASSIGNMENT|[534]|this.targetEDR|0.00|0x55cc7d4b
08:17:45.0 (69700559)|STATEMENT_EXECUTE|[557]
08:17:45.0 (69705444)|HEAP_ALLOCATE|[557]|Bytes:28
08:17:45.0 (69712328)|VARIABLE_ASSIGNMENT|[557]|this.totalAppliedDeductible|0.00|0x55cc7d4b
08:17:45.0 (69716587)|STATEMENT_EXECUTE|[558]
08:17:45.0 (69719363)|HEAP_ALLOCATE|[558]|Bytes:28
08:17:45.0 (69724847)|VARIABLE_ASSIGNMENT|[558]|this.totalCoInsurance|0.00|0x55cc7d4b
08:17:45.0 (69728871)|STATEMENT_EXECUTE|[559]
08:17:45.0 (69731390)|HEAP_ALLOCATE|[559]|Bytes:28
08:17:45.0 (69737003)|VARIABLE_ASSIGNMENT|[559]|this.totalInsEIVAmt|0.00|0x55cc7d4b
08:17:45.0 (69740899)|STATEMENT_EXECUTE|[560]
08:17:45.0 (69794505)|VARIABLE_ASSIGNMENT|[EXTERNAL]|this|{"facilitySelected":"","fcltyPrgrmSelected":"","insrncBnft":"0x11ed9fb1","insrncBnftSelected":"","pyAgrmntWrksht":"0x2ba3de64","rateAdjstmntSelected":"","targetEDR":0.00,"totalAppliedDeductib (2 more) ...":0.00,"totalCoInsurance":0.00,"totalCoPayAmt":0.00,"totalInsCoResp":0.00,"totalInsEIVAmt":0.00,"totalRowCount":0,"totalTalbottDay":0.00}|0x55cc7d4b
08:17:45.0 (69807491)|VARIABLE_ASSIGNMENT|[EXTERNAL]|value|false
08:17:45.0 (69813020)|HEAP_ALLOCATE|[542]|Bytes:5
08:17:45.0 (69818663)|VARIABLE_ASSIGNMENT|[542]|this.pawDetailListDisplayFlag|false|0x55cc7d4b
08:17:45.0 (69825824)|STATEMENT_EXECUTE|[561]
08:17:45.0 (69848530)|HEAP_ALLOCATE|[561]|Bytes:4
08:17:45.0 (69953673)|VARIABLE_ASSIGNMENT|[EXTERNAL]|this|{"facilitySelected":"","fcltyPrgrmSelected":"","insrncBnft":"0x11ed9fb1","insrncBnftSelected":"","pawDetailListDisplay (4 more) ...":false,"pyAgrmntWrksht":"0x2ba3de64","rateAdjstmntSelected":"","targetEDR":0.00,"totalAppliedDeductib (2 more) ...":0.00,"totalCoInsurance":0.00,"totalCoPayAmt":0.00,"totalInsCoResp":0.00,"totalInsEIVAmt":0.00,"totalRowCount":0,"totalTalbottDay":0.00}|0x55cc7d4b
08:17:45.0 (69968505)|HEAP_ALLOCATE|[EXTERNAL]|Bytes:4
08:17:45.0 (69978056)|VARIABLE_ASSIGNMENT|[EXTERNAL]|value|[]|0x64b82b80
08:17:45.0 (69987478)|VARIABLE_ASSIGNMENT|[543]|this.relatedPAWDetailsList|[]|0x55cc7d4b
08:17:45.0 (69996911)|CONSTRUCTOR_EXIT|[49]|01p0a000004sKzV|<init>()
08:17:45.0 (70045606)|VARIABLE_ASSIGNMENT|[EXTERNAL]|this|{"isIop":false,"isTalbott":false,"oppId":"","quoteObj":"0x36522c8c","sObjectQueryStr":""}|0x4f2d771d
08:17:45.0 (70084984)|VARIABLE_ASSIGNMENT|[EXTERNAL]|value|{"facilitySelected":"","fcltyPrgrmSelected":"","insrncBnft":"0x11ed9fb1","insrncBnftSelected":"","pawDetailListDisplay (4 more) ...":false,"pyAgrmntWrksht":"0x2ba3de64","rateAdjstmntSelected":"","relatedPAWDetailsLis (1 more) ...":"0x64b82b80","targetEDR":0.00,"totalAppliedDeductib (2 more) ...":0.00,"totalCoInsurance":0.00,"totalCoPayAmt":0.00,"totalInsCoResp":0.00,"totalInsEIVAmt":0.00,"totalRowCount":0,"totalTalbottDay":0.00}|0x55cc7d4b
08:17:45.0 (70098996)|VARIABLE_ASSIGNMENT|[30]|this.wrprObj|0x55cc7d4b|0x4f2d771d
08:17:45.0 (70105904)|STATEMENT_EXECUTE|[50]
08:17:45.0 (70128098)|HEAP_ALLOCATE|[50]|Bytes:4
08:17:45.0 (70250313)|VARIABLE_ASSIGNMENT|[EXTERNAL]|this|{"isIop":false,"isTalbott":false,"oppId":"","quoteObj":"0x36522c8c","sObjectQueryStr":"","wrprObj":"0x55cc7d4b"}|0x4f2d771d
08:17:45.0 (70261442)|VARIABLE_ASSIGNMENT|[EXTERNAL]|value|{}|0x3b864eca
08:17:45.0 (70270996)|VARIABLE_ASSIGNMENT|[18]|this.ptntInsrncObj|{}|0x4f2d771d
08:17:45.0 (70278739)|STATEMENT_EXECUTE|[51]
08:17:45.0 (70291833)|HEAP_ALLOCATE|[51]|Bytes:4
08:17:45.0 (70335306)|HEAP_ALLOCATE|[EXTERNAL]|Bytes:4
08:17:45.0 (70344951)|VARIABLE_ASSIGNMENT|[51]|this.ptntInsrnceOptions|[]|0x4f2d771d
08:17:45.0 (70349663)|STATEMENT_EXECUTE|[52]
08:17:45.0 (70355465)|HEAP_ALLOCATE|[52]|Bytes:4
08:17:45.0 (70379076)|HEAP_ALLOCATE|[EXTERNAL]|Bytes:4
08:17:45.0 (70386005)|VARIABLE_ASSIGNMENT|[52]|this.insrncBnftOptions|[]|0x4f2d771d
08:17:45.0 (70390280)|STATEMENT_EXECUTE|[53]
08:17:45.0 (70395515)|HEAP_ALLOCATE|[53]|Bytes:4
08:17:45.0 (70463426)|VARIABLE_ASSIGNMENT|[EXTERNAL]|this|{"insrncBnftOptions":"0x79b1965f","isIop":false,"isTalbott":false,"oppId":"","ptntInsrnceOptions":"0x5bc1811a","ptntInsrncObj":"0x3b864eca","quoteObj":"0x36522c8c","sObjectQueryStr":"","wrprObj":"0x55cc7d4b"}|0x4f2d771d
08:17:45.0 (70482573)|HEAP_ALLOCATE|[EXTERNAL]|Bytes:4
08:17:45.0 (70488092)|VARIABLE_ASSIGNMENT|[EXTERNAL]|value|[]|0x52b864b6
08:17:45.0 (70497572)|VARIABLE_ASSIGNMENT|[14]|this.faciltyOptions|[]|0x4f2d771d
08:17:45.0 (70505199)|STATEMENT_EXECUTE|[54]
08:17:45.0 (70510847)|HEAP_ALLOCATE|[54]|Bytes:4
08:17:45.0 (70571510)|VARIABLE_ASSIGNMENT|[EXTERNAL]|this|{"faciltyOptions":"0x52b864b6","insrncBnftOptions":"0x79b1965f","isIop":false,"isTalbott":false,"oppId":"","ptntInsrnceOptions":"0x5bc1811a","ptntInsrncObj":"0x3b864eca","quoteObj":"0x36522c8c","sObjectQueryStr":"","wrprObj":"0x55cc7d4b"}|0x4f2d771d
08:17:45.0 (70589941)|HEAP_ALLOCATE|[EXTERNAL]|Bytes:4
08:17:45.0 (70595287)|VARIABLE_ASSIGNMENT|[EXTERNAL]|value|[]|0x7e0da75b
08:17:45.0 (70603740)|VARIABLE_ASSIGNMENT|[15]|this.fcltyPrgrmOptions|[]|0x4f2d771d
08:17:45.0 (70611022)|STATEMENT_EXECUTE|[55]
08:17:45.0 (70616574)|HEAP_ALLOCATE|[55]|Bytes:4
08:17:45.0 (70638915)|HEAP_ALLOCATE|[EXTERNAL]|Bytes:4
08:17:45.0 (70644698)|VARIABLE_ASSIGNMENT|[55]|this.rtAdjstmntOptions|[]|0x4f2d771d
08:17:45.0 (70648872)|STATEMENT_EXECUTE|[56]
08:17:45.0 (70660209)|HEAP_ALLOCATE|[56]|Bytes:4
08:17:45.0 (70678731)|VARIABLE_ASSIGNMENT|[56]|this.idToOwnershipFacilityMap|{}|0x4f2d771d
08:17:45.0 (70683620)|STATEMENT_EXECUTE|[57]
08:17:45.0 (70688968)|HEAP_ALLOCATE|[57]|Bytes:4
08:17:45.0 (70696221)|VARIABLE_ASSIGNMENT|[57]|this.idToTypeFacilityMap|{}|0x4f2d771d
08:17:45.0 (70700518)|STATEMENT_EXECUTE|[58]
08:17:45.0 (70715199)|HEAP_ALLOCATE|[58]|Bytes:4
08:17:45.0 (70739982)|VARIABLE_ASSIGNMENT|[58]|this.insrncBnftMap|{}|0x4f2d771d
08:17:45.0 (70745008)|STATEMENT_EXECUTE|[59]
08:17:45.0 (70761068)|HEAP_ALLOCATE|[59]|Bytes:4
08:17:45.0 (70818543)|VARIABLE_ASSIGNMENT|[59]|this.estmtCvrgeDaysObj|{}|0x4f2d771d
08:17:45.0 (70824379)|STATEMENT_EXECUTE|[60]
08:17:45.0 (70837058)|HEAP_ALLOCATE|[60]|Bytes:4
08:17:45.0 (70851542)|VARIABLE_ASSIGNMENT|[60]|this.pawObj|{}|0x4f2d771d
08:17:45.0 (70855989)|STATEMENT_EXECUTE|[61]
08:17:45.0 (70925320)|HEAP_ALLOCATE|[61]|Bytes:39
08:17:45.0 (70964555)|HEAP_ALLOCATE|[61]|Bytes:17
08:17:45.0 (70982816)|HEAP_ALLOCATE|[61]|Bytes:2
08:17:45.0 (71071931)|VARIABLE_ASSIGNMENT|[EXTERNAL]|this|{"estmtCvrgeDaysObj":"0x381f7c81","faciltyOptions":"0x52b864b6","fcltyPrgrmOptions":"0x7e0da75b","idToOwnershipFacilit (4 more) ...":"0x6de9bb64","idToTypeFacilityMap":"0x7ecdeefd","insrncBnftMap":"0x4e685c4d","insrncBnftOptions":"0x79b1965f","isIop":false,"isTalbott":false,"oppId":"","pawObj":"0xd50da75","ptntInsrnceOptions":"0x5bc1811a","ptntInsrncObj":"0x3b864eca","quoteObj":"0x36522c8c","rtAdjstmntOptions":"0x2dc26220","sObjectQueryStr":"","wrprObj":"0x55cc7d4b"}|0x4f2d771d
08:17:45.0 (71086980)|VARIABLE_ASSIGNMENT|[EXTERNAL]|value|"00629000004NTeZ"
08:17:45.0 (71096804)|VARIABLE_ASSIGNMENT|[7]|this.recordId|"00629000004NTeZ"|0x4f2d771d
08:17:45.0 (71104887)|STATEMENT_EXECUTE|[62]
08:17:45.0 (71123956)|HEAP_ALLOCATE|[62]|Bytes:39
08:17:45.0 (71145595)|HEAP_ALLOCATE|[62]|Bytes:17
08:17:45.0 (71159519)|HEAP_ALLOCATE|[62]|Bytes:5
08:17:45.0 (71177137)|VARIABLE_ASSIGNMENT|[62]|this.isClone|null|0x4f2d771d
08:17:45.0 (71182123)|STATEMENT_EXECUTE|[63]
08:17:45.0 (71196522)|HEAP_ALLOCATE|[63]|Bytes:39
08:17:45.0 (71213011)|HEAP_ALLOCATE|[63]|Bytes:17
08:17:45.0 (71225353)|HEAP_ALLOCATE|[63]|Bytes:7
08:17:45.0 (71240503)|VARIABLE_ASSIGNMENT|[63]|this.quoteId|null|0x4f2d771d
08:17:45.0 (71245394)|STATEMENT_EXECUTE|[64]
08:17:45.0 (71249752)|HEAP_ALLOCATE|[64]|Bytes:160
08:17:45.0 (71256942)|HEAP_ALLOCATE|[64]|Bytes:11
08:17:45.0 (71269454)|HEAP_ALLOCATE|[64]|Bytes:44
08:17:45.0 (71282188)|CONSTRUCTOR_ENTRY|[64]|01p29000000Aswe|<init>()
08:17:45.0 (71300492)|VARIABLE_SCOPE_BEGIN|[12]|this|PAW_Editor_YearEndController.MetaData|true|false
08:17:45.0 (71339139)|VARIABLE_ASSIGNMENT|[12]|this|{}|0x306f7287
08:17:45.0 (71353677)|STATEMENT_EXECUTE|[12]
08:17:45.0 (71354888)|STATEMENT_EXECUTE|[13]
08:17:45.0 (71355957)|STATEMENT_EXECUTE|[14]
08:17:45.0 (71356899)|STATEMENT_EXECUTE|[15]
08:17:45.0 (71358017)|STATEMENT_EXECUTE|[16]
08:17:45.0 (71358928)|STATEMENT_EXECUTE|[17]
08:17:45.0 (71359843)|STATEMENT_EXECUTE|[18]
08:17:45.0 (71361124)|STATEMENT_EXECUTE|[19]
08:17:45.0 (71362118)|STATEMENT_EXECUTE|[20]
08:17:45.0 (71363170)|STATEMENT_EXECUTE|[21]
08:17:45.0 (71364199)|STATEMENT_EXECUTE|[22]
08:17:45.0 (71367214)|CONSTRUCTOR_EXIT|[64]|01p29000000Aswe|<init>()
08:17:45.0 (71434929)|VARIABLE_ASSIGNMENT|[EXTERNAL]|this|{"estmtCvrgeDaysObj":"0x381f7c81","faciltyOptions":"0x52b864b6","fcltyPrgrmOptions":"0x7e0da75b","idToOwnershipFacilit (4 more) ...":"0x6de9bb64","idToTypeFacilityMap":"0x7ecdeefd","insrncBnftMap":"0x4e685c4d","insrncBnftOptions":"0x79b1965f","isIop":false,"isTalbott":false,"oppId":"","pawObj":"0xd50da75","ptntInsrnceOptions":"0x5bc1811a","ptntInsrncObj":"0x3b864eca","quoteObj":"0x36522c8c","recordId":"00629000004NTeZ","rtAdjstmntOptions":"0x2dc26220","sObjectQueryStr":"","wrprObj":"0x55cc7d4b"}|0x4f2d771d
08:17:45.0 (71459935)|VARIABLE_ASSIGNMENT|[EXTERNAL]|value|{}|0x306f7287
08:17:45.0 (71469100)|VARIABLE_ASSIGNMENT|[37]|this.meta|0x306f7287|0x4f2d771d
08:17:45.0 (76951262)|HEAP_ALLOCATE|[EXTERNAL]|Bytes:112
08:17:45.0 (76963477)|VARIABLE_SCOPE_BEGIN|[69]|this|PAW_New_EditCntrllr|true|false
08:17:45.0 (77032533)|VARIABLE_ASSIGNMENT|[69]|this|{"estmtCvrgeDaysObj":"0x381f7c81","faciltyOptions":"0x52b864b6","fcltyPrgrmOptions":"0x7e0da75b","idToOwnershipFacilit (4 more) ...":"0x6de9bb64","idToTypeFacilityMap":"0x7ecdeefd","insrncBnftMap":"0x4e685c4d","insrncBnftOptions":"0x79b1965f","isIop":false,"isTalbott":false,"meta":"0x306f7287","oppId":"","pawObj":"0xd50da75","ptntInsrnceOptions":"0x5bc1811a","ptntInsrncObj":"0x3b864eca","quoteObj":"0x36522c8c","recordId":"00629000004NTeZ","rtAdjstmntOptions":"0x2dc26220","sObjectQueryStr":"","wrprObj":"0x55cc7d4b"}|0x4f2d771d
08:17:45.0 (77049616)|STATEMENT_EXECUTE|[69]
08:17:45.0 (77051106)|STATEMENT_EXECUTE|[71]
08:17:45.0 (77054404)|HEAP_ALLOCATE|[71]|Bytes:5
08:17:45.0 (77082333)|USER_DEBUG|[71]|DEBUG|>>> 1
08:17:45.0 (77097895)|STATEMENT_EXECUTE|[72]
08:17:45.0 (77168496)|VARIABLE_ASSIGNMENT|[EXTERNAL]|this|{"estmtCvrgeDaysObj":"0x381f7c81","faciltyOptions":"0x52b864b6","fcltyPrgrmOptions":"0x7e0da75b","idToOwnershipFacilit (4 more) ...":"0x6de9bb64","idToTypeFacilityMap":"0x7ecdeefd","insrncBnftMap":"0x4e685c4d","insrncBnftOptions":"0x79b1965f","isIop":false,"isTalbott":false,"meta":"0x306f7287","oppId":"","pawObj":"0xd50da75","ptntInsrnceOptions":"0x5bc1811a","ptntInsrncObj":"0x3b864eca","quoteObj":"0x36522c8c","recordId":"00629000004NTeZ","rtAdjstmntOptions":"0x2dc26220","sObjectQueryStr":"","wrprObj":"0x55cc7d4b"}|0x4f2d771d
08:17:45.0 (77234388)|VARIABLE_ASSIGNMENT|[EXTERNAL]|this|{"estmtCvrgeDaysObj":"0x381f7c81","faciltyOptions":"0x52b864b6","fcltyPrgrmOptions":"0x7e0da75b","idToOwnershipFacilit (4 more) ...":"0x6de9bb64","idToTypeFacilityMap":"0x7ecdeefd","insrncBnftMap":"0x4e685c4d","insrncBnftOptions":"0x79b1965f","isIop":false,"isTalbott":false,"meta":"0x306f7287","oppId":"","pawObj":"0xd50da75","ptntInsrnceOptions":"0x5bc1811a","ptntInsrncObj":"0x3b864eca","quoteObj":"0x36522c8c","recordId":"00629000004NTeZ","rtAdjstmntOptions":"0x2dc26220","sObjectQueryStr":"","wrprObj":"0x55cc7d4b"}|0x4f2d771d
08:17:45.0 (77278926)|STATEMENT_EXECUTE|[79]
08:17:45.0 (77336551)|VARIABLE_ASSIGNMENT|[EXTERNAL]|this|{"estmtCvrgeDaysObj":"0x381f7c81","faciltyOptions":"0x52b864b6","fcltyPrgrmOptions":"0x7e0da75b","idToOwnershipFacilit (4 more) ...":"0x6de9bb64","idToTypeFacilityMap":"0x7ecdeefd","insrncBnftMap":"0x4e685c4d","insrncBnftOptions":"0x79b1965f","isIop":false,"isTalbott":false,"meta":"0x306f7287","oppId":"","pawObj":"0xd50da75","ptntInsrnceOptions":"0x5bc1811a","ptntInsrncObj":"0x3b864eca","quoteObj":"0x36522c8c","recordId":"00629000004NTeZ","rtAdjstmntOptions":"0x2dc26220","sObjectQueryStr":"","wrprObj":"0x55cc7d4b"}|0x4f2d771d
08:17:45.0 (77357957)|HEAP_ALLOCATE|[81]|Bytes:11
08:17:45.0 (77834444)|HEAP_ALLOCATE|[81]|Bytes:4
08:17:45.0 (77867513)|HEAP_ALLOCATE|[81]|Bytes:3
08:17:45.0 (77901222)|STATEMENT_EXECUTE|[81]
08:17:45.0 (77903167)|STATEMENT_EXECUTE|[82]
08:17:45.0 (77990705)|VARIABLE_ASSIGNMENT|[EXTERNAL]|this|{"estmtCvrgeDaysObj":"0x381f7c81","faciltyOptions":"0x52b864b6","fcltyPrgrmOptions":"0x7e0da75b","idToOwnershipFacilit (4 more) ...":"0x6de9bb64","idToTypeFacilityMap":"0x7ecdeefd","insrncBnftMap":"0x4e685c4d","insrncBnftOptions":"0x79b1965f","isIop":false,"isTalbott":false,"meta":"0x306f7287","oppId":"","pawObj":"0xd50da75","ptntInsrnceOptions":"0x5bc1811a","ptntInsrncObj":"0x3b864eca","quoteObj":"0x36522c8c","recordId":"00629000004NTeZ","rtAdjstmntOptions":"0x2dc26220","sObjectQueryStr":"","wrprObj":"0x55cc7d4b"}|0x4f2d771d
08:17:45.0 (78008326)|VARIABLE_ASSIGNMENT|[EXTERNAL]|value|false
08:17:45.0 (78015586)|HEAP_ALLOCATE|[31]|Bytes:5
08:17:45.0 (78024227)|VARIABLE_ASSIGNMENT|[31]|this.showPILookup|false|0x4f2d771d
08:17:45.0 (78033498)|STATEMENT_EXECUTE|[83]
08:17:45.0 (78092661)|VARIABLE_ASSIGNMENT|[EXTERNAL]|this|{"estmtCvrgeDaysObj":"0x381f7c81","faciltyOptions":"0x52b864b6","fcltyPrgrmOptions":"0x7e0da75b","idToOwnershipFacilit (4 more) ...":"0x6de9bb64","idToTypeFacilityMap":"0x7ecdeefd","insrncBnftMap":"0x4e685c4d","insrncBnftOptions":"0x79b1965f","isIop":false,"isTalbott":false,"meta":"0x306f7287","oppId":"","pawObj":"0xd50da75","ptntInsrnceOptions":"0x5bc1811a","ptntInsrncObj":"0x3b864eca","quoteObj":"0x36522c8c","recordId":"00629000004NTeZ","rtAdjstmntOptions":"0x2dc26220","showPILookup":false,"sObjectQueryStr":"","wrprObj":"0x55cc7d4b"}|0x4f2d771d
08:17:45.0 (78113176)|VARIABLE_ASSIGNMENT|[83]|this.oppId|"00629000004NTeZ"|0x4f2d771d
08:17:45.0 (78118015)|STATEMENT_EXECUTE|[84]
08:17:45.0 (78147719)|METHOD_ENTRY|[84]|01p0a000004sKzV|PAW_New_EditCntrllr.getPtntInsrnceOptions()
08:17:45.0 (78161625)|VARIABLE_SCOPE_BEGIN|[186]|this|PAW_New_EditCntrllr|true|false
08:17:45.0 (78214135)|VARIABLE_ASSIGNMENT|[186]|this|{"estmtCvrgeDaysObj":"0x381f7c81","faciltyOptions":"0x52b864b6","fcltyPrgrmOptions":"0x7e0da75b","idToOwnershipFacilit (4 more) ...":"0x6de9bb64","idToTypeFacilityMap":"0x7ecdeefd","insrncBnftMap":"0x4e685c4d","insrncBnftOptions":"0x79b1965f","isIop":false,"isTalbott":false,"meta":"0x306f7287","oppId":"00629000004NTeZ","pawObj":"0xd50da75","ptntInsrnceOptions":"0x5bc1811a","ptntInsrncObj":"0x3b864eca","quoteObj":"0x36522c8c","recordId":"00629000004NTeZ","rtAdjstmntOptions":"0x2dc26220","showPILookup":false,"sObjectQueryStr":"","wrprObj":"0x55cc7d4b"}|0x4f2d771d
08:17:45.0 (78227755)|STATEMENT_EXECUTE|[186]
08:17:45.0 (78229240)|STATEMENT_EXECUTE|[190]
08:17:45.0 (78238755)|HEAP_ALLOCATE|[190]|Bytes:4
08:17:45.0 (78276154)|HEAP_ALLOCATE|[EXTERNAL]|Bytes:4
08:17:45.0 (78285048)|VARIABLE_ASSIGNMENT|[190]|this.ptntInsrnceOptions|[]|0x4f2d771d
08:17:45.0 (78290125)|STATEMENT_EXECUTE|[191]
08:17:45.0 (78297616)|HEAP_ALLOCATE|[191]|Bytes:12
08:17:45.0 (78352414)|HEAP_ALLOCATE|[EXTERNAL]|Bytes:4
08:17:45.0 (78360325)|STATEMENT_EXECUTE|[192]
08:17:45.0 (78381336)|HEAP_ALLOCATE|[192]|Bytes:4
08:17:45.0 (78386950)|HEAP_ALLOCATE|[192]|Bytes:95
08:17:45.0 (78398058)|HEAP_ALLOCATE|[192]|Bytes:4
08:17:45.0 (78408463)|HEAP_ALLOCATE|[192]|Bytes:7
08:17:45.0 (80234914)|SOQL_EXECUTE_BEGIN|[192]|Aggregations:0|SELECT Id, Name, Insurance_Company__c FROM Patient_Insurance__c WHERE Opportunity__c = :tmpVar1
08:17:45.0 (85054936)|SOQL_EXECUTE_END|[192]|Rows:4
08:17:45.0 (85077971)|HEAP_ALLOCATE|[192]|Bytes:20
08:17:45.0 (85102930)|HEAP_ALLOCATE|[192]|Bytes:449
08:17:45.0 (85149914)|HEAP_ALLOCATE|[192]|Bytes:20
08:17:45.0 (85184989)|HEAP_ALLOCATE|[192]|Bytes:16
08:17:45.0 (85197903)|HEAP_ALLOCATE|[192]|Bytes:4
08:17:45.0 (85203079)|HEAP_ALLOCATE|[192]|Bytes:16
08:17:45.0 (85207620)|HEAP_ALLOCATE|[192]|Bytes:4
08:17:45.0 (85210685)|HEAP_ALLOCATE|[192]|Bytes:16
08:17:45.0 (85214517)|HEAP_ALLOCATE|[192]|Bytes:4
08:17:45.0 (85217768)|HEAP_ALLOCATE|[192]|Bytes:16
08:17:45.0 (85221589)|HEAP_ALLOCATE|[192]|Bytes:4
08:17:45.0 (85257733)|VARIABLE_ASSIGNMENT|[192]|this.ptntInsrncMap|{"a1b29000000l40nAAA":{"Id":"a1b29000000l40nAAA","Name":"Maria Johnson - BCBS (17 more) ...","Insurance_Company__c":"0012900000AXSPBAA5"},"a1b29000000lvHQAAY":{"Id":"a1b29000000lvHQAAY","Name":"Maria Johnson - Valu (23 more) ...","Insurance_Company__c":"0012900000AXSP3AAP"},"a1b29000000lvHVAAY":{"Id":"a1b29000000lvHVAAY","Name":"Maria Johnson - Priv (7 more) ...","Insurance_Company__c":"0012900000AXSDqAAP"},"a1b29000000ly7uAAA":{"Id":"a1b29000000ly7uAAA","Name":"Maria Johnson - Alle (6 more) ...","Insurance_Company__c":"0012900000AXSlPAAX"}}|0x4f2d771d
08:17:45.0 (85304187)|HEAP_ALLOCATE|[EXTERNAL]|Bytes:20
08:17:45.0 (85317760)|HEAP_ALLOCATE|[197]|Bytes:465
08:17:45.0 (85505435)|HEAP_ALLOCATE|[197]|Bytes:5
08:17:45.0 (85522082)|HEAP_ALLOCATE|[197]|Bytes:16
08:17:45.0 (85531803)|VARIABLE_SCOPE_BEGIN|[197]|ptntInsrnceInstance|Patient_Insurance__c|true|false
08:17:45.0 (85548283)|VARIABLE_ASSIGNMENT|[197]|ptntInsrnceInstance|{"Id":"a1b29000000l40nAAA","Name":"Maria Johnson - BCBS (17 more) ...","Insurance_Company__c":"0012900000AXSPBAA5"}|0x11190290
08:17:45.0 (85555512)|STATEMENT_EXECUTE|[197]
08:17:45.0 (85556876)|STATEMENT_EXECUTE|[198]
08:17:45.0 (85603253)|HEAP_ALLOCATE|[198]|Bytes:18
08:17:45.0 (85664642)|HEAP_ALLOCATE|[EXTERNAL]|Bytes:4
08:17:45.0 (85680434)|HEAP_ALLOCATE|[197]|Bytes:5
08:17:45.0 (85690971)|HEAP_ALLOCATE|[197]|Bytes:16
08:17:45.0 (85697464)|VARIABLE_SCOPE_BEGIN|[197]|ptntInsrnceInstance|Patient_Insurance__c|true|false
08:17:45.0 (85712250)|VARIABLE_ASSIGNMENT|[197]|ptntInsrnceInstance|{"Id":"a1b29000000lvHQAAY","Name":"Maria Johnson - Valu (23 more) ...","Insurance_Company__c":"0012900000AXSP3AAP"}|0x7f080782
08:17:45.0 (85718045)|STATEMENT_EXECUTE|[197]
08:17:45.0 (85719317)|STATEMENT_EXECUTE|[198]
08:17:45.0 (85730670)|HEAP_ALLOCATE|[198]|Bytes:18
08:17:45.0 (85743425)|HEAP_ALLOCATE|[EXTERNAL]|Bytes:4
08:17:45.0 (85752847)|HEAP_ALLOCATE|[197]|Bytes:5
08:17:45.0 (85759933)|HEAP_ALLOCATE|[197]|Bytes:16
08:17:45.0 (85764631)|VARIABLE_SCOPE_BEGIN|[197]|ptntInsrnceInstance|Patient_Insurance__c|true|false
08:17:45.0 (85777007)|VARIABLE_ASSIGNMENT|[197]|ptntInsrnceInstance|{"Id":"a1b29000000lvHVAAY","Name":"Maria Johnson - Priv (7 more) ...","Insurance_Company__c":"0012900000AXSDqAAP"}|0x7a4517a4
08:17:45.0 (85781773)|STATEMENT_EXECUTE|[197]
08:17:45.0 (85782857)|STATEMENT_EXECUTE|[198]
08:17:45.0 (85789809)|HEAP_ALLOCATE|[198]|Bytes:18
08:17:45.0 (85799596)|HEAP_ALLOCATE|[EXTERNAL]|Bytes:4
08:17:45.0 (85807911)|HEAP_ALLOCATE|[197]|Bytes:5
08:17:45.0 (85814548)|HEAP_ALLOCATE|[197]|Bytes:16
08:17:45.0 (85819132)|VARIABLE_SCOPE_BEGIN|[197]|ptntInsrnceInstance|Patient_Insurance__c|true|false
08:17:45.0 (85830236)|VARIABLE_ASSIGNMENT|[197]|ptntInsrnceInstance|{"Id":"a1b29000000ly7uAAA","Name":"Maria Johnson - Alle (6 more) ...","Insurance_Company__c":"0012900000AXSlPAAX"}|0x6b4089d0
08:17:45.0 (85835336)|STATEMENT_EXECUTE|[197]
08:17:45.0 (85836412)|STATEMENT_EXECUTE|[198]
08:17:45.0 (85842385)|HEAP_ALLOCATE|[198]|Bytes:18
08:17:45.0 (85851139)|HEAP_ALLOCATE|[EXTERNAL]|Bytes:4
08:17:45.0 (85859226)|HEAP_ALLOCATE|[197]|Bytes:5
08:17:45.0 (85867272)|VARIABLE_ASSIGNMENT|[197]|ptntInsrnceInstance|null|
08:17:45.0 (85871958)|STATEMENT_EXECUTE|[201]
08:17:45.0 (85878615)|METHOD_EXIT|[84]|01p0a000004sKzV|PAW_New_EditCntrllr.getPtntInsrnceOptions()
08:17:45.0 (85958907)|VARIABLE_ASSIGNMENT|[EXTERNAL]|this|{"estmtCvrgeDaysObj":"0x381f7c81","faciltyOptions":"0x52b864b6","fcltyPrgrmOptions":"0x7e0da75b","idToOwnershipFacilit (4 more) ...":"0x6de9bb64","idToTypeFacilityMap":"0x7ecdeefd","insrncBnftMap":"0x4e685c4d","insrncBnftOptions":"0x79b1965f","isIop":false,"isTalbott":false,"meta":"0x306f7287","oppId":"00629000004NTeZ","pawObj":"0xd50da75","ptntInsrnceOptions":"0xd9de7cf","ptntInsrncMap":"0x115ca08b","ptntInsrncObj":"0x3b864eca","quoteObj":"0x36522c8c","recordId":"00629000004NTeZ","rtAdjstmntOptions":"0x2dc26220","showPILookup":false,"sObjectQueryStr":"","wrprObj":"0x55cc7d4b"}|0x4f2d771d
08:17:45.0 (85980788)|HEAP_ALLOCATE|[86]|Bytes:26
08:17:45.0 (86106996)|HEAP_ALLOCATE|[86]|Bytes:4
08:17:45.0 (86131293)|HEAP_ALLOCATE|[86]|Bytes:3
08:17:45.0 (86155165)|STATEMENT_EXECUTE|[86]
08:17:45.0 (86157446)|STATEMENT_EXECUTE|[156]
08:17:45.0 (86168745)|METHOD_ENTRY|[156]|01p0a000004sKzV|PAW_New_EditCntrllr.getRedirect()
08:17:45.0 (86186717)|VARIABLE_SCOPE_BEGIN|[159]|this|PAW_New_EditCntrllr|true|false
08:17:45.0 (86251949)|VARIABLE_ASSIGNMENT|[159]|this|{"estmtCvrgeDaysObj":"0x381f7c81","faciltyOptions":"0x52b864b6","fcltyPrgrmOptions":"0x7e0da75b","idToOwnershipFacilit (4 more) ...":"0x6de9bb64","idToTypeFacilityMap":"0x7ecdeefd","insrncBnftMap":"0x4e685c4d","insrncBnftOptions":"0x79b1965f","isIop":false,"isTalbott":false,"meta":"0x306f7287","oppId":"00629000004NTeZ","pawObj":"0xd50da75","ptntInsrnceOptions":"0xd9de7cf","ptntInsrncMap":"0x115ca08b","ptntInsrncObj":"0x3b864eca","quoteObj":"0x36522c8c","recordId":"00629000004NTeZ","rtAdjstmntOptions":"0x2dc26220","showPILookup":false,"sObjectQueryStr":"","wrprObj":"0x55cc7d4b"}|0x4f2d771d
08:17:45.0 (86266659)|STATEMENT_EXECUTE|[159]
08:17:45.0 (86267995)|STATEMENT_EXECUTE|[160]
08:17:45.0 (86270780)|HEAP_ALLOCATE|[160]|Bytes:5
08:17:45.0 (86293953)|USER_DEBUG|[160]|DEBUG|>>> 2
08:17:45.0 (86300996)|STATEMENT_EXECUTE|[161]
08:17:45.0 (86310184)|METHOD_ENTRY|[161]|01p0a000004sKzV|PAW_New_EditCntrllr.redirectIfLocked()
08:17:45.0 (86322945)|VARIABLE_SCOPE_BEGIN|[177]|this|PAW_New_EditCntrllr|true|false
08:17:45.0 (86380238)|VARIABLE_ASSIGNMENT|[177]|this|{"estmtCvrgeDaysObj":"0x381f7c81","faciltyOptions":"0x52b864b6","fcltyPrgrmOptions":"0x7e0da75b","idToOwnershipFacilit (4 more) ...":"0x6de9bb64","idToTypeFacilityMap":"0x7ecdeefd","insrncBnftMap":"0x4e685c4d","insrncBnftOptions":"0x79b1965f","isIop":false,"isTalbott":false,"meta":"0x306f7287","oppId":"00629000004NTeZ","pawObj":"0xd50da75","ptntInsrnceOptions":"0xd9de7cf","ptntInsrncMap":"0x115ca08b","ptntInsrncObj":"0x3b864eca","quoteObj":"0x36522c8c","recordId":"00629000004NTeZ","rtAdjstmntOptions":"0x2dc26220","showPILookup":false,"sObjectQueryStr":"","wrprObj":"0x55cc7d4b"}|0x4f2d771d
08:17:45.0 (86393273)|STATEMENT_EXECUTE|[177]
08:17:45.0 (86455843)|VARIABLE_ASSIGNMENT|[EXTERNAL]|this|{"estmtCvrgeDaysObj":"0x381f7c81","faciltyOptions":"0x52b864b6","fcltyPrgrmOptions":"0x7e0da75b","idToOwnershipFacilit (4 more) ...":"0x6de9bb64","idToTypeFacilityMap":"0x7ecdeefd","insrncBnftMap":"0x4e685c4d","insrncBnftOptions":"0x79b1965f","isIop":false,"isTalbott":false,"meta":"0x306f7287","oppId":"00629000004NTeZ","pawObj":"0xd50da75","ptntInsrnceOptions":"0xd9de7cf","ptntInsrncMap":"0x115ca08b","ptntInsrncObj":"0x3b864eca","quoteObj":"0x36522c8c","recordId":"00629000004NTeZ","rtAdjstmntOptions":"0x2dc26220","showPILookup":false,"sObjectQueryStr":"","wrprObj":"0x55cc7d4b"}|0x4f2d771d
08:17:45.0 (86473336)|STATEMENT_EXECUTE|[178]
08:17:45.0 (86474698)|STATEMENT_EXECUTE|[182]
08:17:45.0 (86527860)|VARIABLE_ASSIGNMENT|[EXTERNAL]|this|{"estmtCvrgeDaysObj":"0x381f7c81","faciltyOptions":"0x52b864b6","fcltyPrgrmOptions":"0x7e0da75b","idToOwnershipFacilit (4 more) ...":"0x6de9bb64","idToTypeFacilityMap":"0x7ecdeefd","insrncBnftMap":"0x4e685c4d","insrncBnftOptions":"0x79b1965f","isIop":false,"isTalbott":false,"meta":"0x306f7287","oppId":"00629000004NTeZ","pawObj":"0xd50da75","ptntInsrnceOptions":"0xd9de7cf","ptntInsrncMap":"0x115ca08b","ptntInsrncObj":"0x3b864eca","quoteObj":"0x36522c8c","recordId":"00629000004NTeZ","rtAdjstmntOptions":"0x2dc26220","showPILookup":false,"sObjectQueryStr":"","wrprObj":"0x55cc7d4b"}|0x4f2d771d
08:17:45.0 (88229657)|VARIABLE_SCOPE_BEGIN|[4]|RecordLockUtility.isLockedFlag|Boolean|false|true
08:17:45.0 (88248128)|HEAP_ALLOCATE|[182]|Bytes:13
08:17:45.0 (88266547)|METHOD_ENTRY|[1]|01p0a000004sCDb|RecordLockUtility.RecordLockUtility()
08:17:45.0 (88271893)|STATEMENT_EXECUTE|[1]
08:17:45.0 (88275282)|STATEMENT_EXECUTE|[1]
08:17:45.0 (88661130)|SYSTEM_MODE_ENTER|false
08:17:45.0 (88672342)|HEAP_ALLOCATE|[182]|Bytes:5
08:17:45.0 (88680367)|SYSTEM_MODE_EXIT|false
08:17:45.0 (88691473)|METHOD_EXIT|[1]|RecordLockUtility
08:17:45.0 (88711543)|METHOD_ENTRY|[182]|01p0a000004sCDb|RecordLockUtility.redirectIfLocked(String)
08:17:45.0 (88719550)|VARIABLE_SCOPE_BEGIN|[29]|recordId|String|false|false
08:17:45.0 (88729956)|VARIABLE_ASSIGNMENT|[29]|recordId|"00629000004NTeZ"
08:17:45.0 (88749565)|SYSTEM_MODE_ENTER|false
08:17:45.0 (88755008)|HEAP_ALLOCATE|[30]|Bytes:5
08:17:45.0 (88759576)|STATEMENT_EXECUTE|[29]
08:17:45.0 (88760896)|STATEMENT_EXECUTE|[30]
08:17:45.0 (88773877)|HEAP_ALLOCATE|[30]|Bytes:4
08:17:45.0 (88788451)|METHOD_ENTRY|[30]|01p0a000004sCDb|RecordLockUtility.verifyIfLocked(Id)
08:17:45.0 (88826381)|VARIABLE_SCOPE_BEGIN|[14]|pRecordId|Id|false|false
08:17:45.0 (88926368)|VARIABLE_ASSIGNMENT|[14]|pRecordId|"00629000004NTeZAAW"
08:17:45.0 (88946581)|HEAP_ALLOCATE|[15]|Bytes:5
08:17:45.0 (88951224)|STATEMENT_EXECUTE|[14]
08:17:45.0 (88952303)|STATEMENT_EXECUTE|[15]
08:17:45.0 (89730321)|HEAP_ALLOCATE|[15]|Bytes:5
08:17:45.0 (89743376)|METHOD_EXIT|[30]|01p0a000004sCDb|RecordLockUtility.verifyIfLocked(Id)
08:17:45.0 (89751045)|HEAP_ALLOCATE|[30]|Bytes:5
08:17:45.0 (89761812)|VARIABLE_ASSIGNMENT|[30]|RecordLockUtility.isLockedFlag|false
08:17:45.0 (89768062)|STATEMENT_EXECUTE|[35]
08:17:45.0 (89769300)|STATEMENT_EXECUTE|[36]
08:17:45.0 (89772261)|SYSTEM_MODE_EXIT|false
08:17:45.0 (89778871)|METHOD_EXIT|[182]|01p0a000004sCDb|RecordLockUtility.redirectIfLocked(String)
08:17:45.0 (89783933)|METHOD_EXIT|[161]|01p0a000004sKzV|PAW_New_EditCntrllr.redirectIfLocked()
08:17:45.0 (89789436)|VARIABLE_SCOPE_BEGIN|[161]|redirectPR|System.PageReference|true|false
08:17:45.0 (89798312)|VARIABLE_ASSIGNMENT|[161]|redirectPR|null|
08:17:45.0 (89802429)|STATEMENT_EXECUTE|[162]
08:17:45.0 (89807629)|STATEMENT_EXECUTE|[166]
08:17:45.0 (89808829)|STATEMENT_EXECUTE|[173]
08:17:45.0 (89811488)|METHOD_EXIT|[156]|01p0a000004sKzV|PAW_New_EditCntrllr.getRedirect()
08:17:45.90 (90218276)|SYSTEM_MODE_ENTER|true
08:17:45.90 (90254257)|HEAP_ALLOCATE|[EXTERNAL]|Bytes:38
08:17:45.90 (90260711)|HEAP_ALLOCATE|[EXTERNAL]|Bytes:7
08:17:45.90 (90271409)|SYSTEM_METHOD_ENTRY|[1]|PageMessagesComponentController.PageMessagesComponentController()
08:17:45.90 (90274913)|STATEMENT_EXECUTE|[1]
08:17:45.90 (90436284)|SYSTEM_MODE_ENTER|true
08:17:45.90 (90487789)|HEAP_ALLOCATE|[EXTERNAL]|Bytes:8
08:17:45.90 (90494840)|VARIABLE_SCOPE_BEGIN|[88]|this|ApexPage.PageMessagesComponentController|true|false
08:17:45.90 (90518603)|VARIABLE_ASSIGNMENT|[88]|this|{}|0x4f35c2c1
08:17:45.90 (90524585)|VARIABLE_SCOPE_BEGIN|[88]|escape|Boolean|false|false
08:17:45.90 (90531288)|VARIABLE_ASSIGNMENT|[88]|escape|null
08:17:45.90 (90672273)|SYSTEM_MODE_ENTER|true
08:17:45.90 (90703858)|HEAP_ALLOCATE|[EXTERNAL]|Bytes:8
08:17:45.90 (90709495)|VARIABLE_SCOPE_BEGIN|[2]|this|ApexPage.PageMessagesComponentController|true|false
08:17:45.90 (90727395)|VARIABLE_ASSIGNMENT|[2]|this|{}|0x4f35c2c1
08:17:45.0 (91478465)|SYSTEM_MODE_ENTER|true
08:17:45.0 (91678735)|SYSTEM_MODE_ENTER|true
08:17:45.0 (91988045)|SYSTEM_MODE_ENTER|true
08:17:45.0 (98778795)|SYSTEM_MODE_ENTER|true
08:17:45.0 (98843452)|SYSTEM_MODE_ENTER|true
08:17:45.118 (118029973)|SYSTEM_MODE_ENTER|true
08:17:45.118 (118099163)|HEAP_ALLOCATE|[EXTERNAL]|Bytes:8
08:17:45.118 (118109928)|VARIABLE_SCOPE_BEGIN|[88]|this|ApexPage.PageMessagesComponentController|true|false
08:17:45.118 (118138462)|VARIABLE_ASSIGNMENT|[88]|this|{}|0x4f35c2c1
08:17:45.118 (118144916)|VARIABLE_SCOPE_BEGIN|[88]|escape|Boolean|false|false
08:17:45.118 (118152556)|VARIABLE_ASSIGNMENT|[88]|escape|null
08:17:45.118 (118303736)|SYSTEM_MODE_ENTER|true
08:17:45.118 (118336559)|HEAP_ALLOCATE|[EXTERNAL]|Bytes:8
08:17:45.118 (118342721)|VARIABLE_SCOPE_BEGIN|[2]|this|ApexPage.PageMessagesComponentController|true|false
08:17:45.118 (118360913)|VARIABLE_ASSIGNMENT|[2]|this|{}|0x4f35c2c1
08:17:45.0 (121117089)|SYSTEM_MODE_ENTER|true
08:17:45.0 (121151967)|HEAP_ALLOCATE|[EXTERNAL]|Bytes:112
08:17:45.0 (121159199)|VARIABLE_SCOPE_BEGIN|[186]|this|PAW_New_EditCntrllr|true|false
08:17:45.0 (121240362)|VARIABLE_ASSIGNMENT|[186]|this|{"estmtCvrgeDaysObj":"0x381f7c81","faciltyOptions":"0x52b864b6","fcltyPrgrmOptions":"0x7e0da75b","idToOwnershipFacilit (4 more) ...":"0x6de9bb64","idToTypeFacilityMap":"0x7ecdeefd","insrncBnftMap":"0x4e685c4d","insrncBnftOptions":"0x79b1965f","isIop":false,"isTalbott":false,"meta":"0x306f7287","oppId":"00629000004NTeZ","pawObj":"0xd50da75","ptntInsrnceOptions":"0xd9de7cf","ptntInsrncMap":"0x115ca08b","ptntInsrncObj":"0x3b864eca","quoteObj":"0x36522c8c","recordId":"00629000004NTeZ","rtAdjstmntOptions":"0x2dc26220","showPILookup":false,"sObjectQueryStr":"","wrprObj":"0x55cc7d4b"}|0x4f2d771d
08:17:45.0 (121257112)|STATEMENT_EXECUTE|[186]
08:17:45.0 (121258890)|STATEMENT_EXECUTE|[190]
08:17:45.0 (121270724)|HEAP_ALLOCATE|[190]|Bytes:4
08:17:45.0 (121306386)|HEAP_ALLOCATE|[EXTERNAL]|Bytes:4
08:17:45.0 (121317256)|VARIABLE_ASSIGNMENT|[190]|this.ptntInsrnceOptions|[]|0x4f2d771d
08:17:45.0 (121322049)|STATEMENT_EXECUTE|[191]
08:17:45.0 (121345676)|HEAP_ALLOCATE|[EXTERNAL]|Bytes:4
08:17:45.0 (121351524)|STATEMENT_EXECUTE|[192]
08:17:45.0 (121376412)|HEAP_ALLOCATE|[192]|Bytes:4
08:17:45.0 (121386811)|HEAP_ALLOCATE|[192]|Bytes:4
08:17:45.0 (121635443)|SOQL_EXECUTE_BEGIN|[192]|Aggregations:0|SELECT Id, Name, Insurance_Company__c FROM Patient_Insurance__c WHERE Opportunity__c = :tmpVar1
08:17:45.0 (124692159)|SOQL_EXECUTE_END|[192]|Rows:4
08:17:45.0 (124714057)|HEAP_ALLOCATE|[192]|Bytes:20
08:17:45.0 (124738851)|HEAP_ALLOCATE|[192]|Bytes:449
08:17:45.0 (124771585)|HEAP_ALLOCATE|[192]|Bytes:20
08:17:45.0 (124788384)|HEAP_ALLOCATE|[192]|Bytes:16
08:17:45.0 (124799224)|HEAP_ALLOCATE|[192]|Bytes:4
08:17:45.0 (124804361)|HEAP_ALLOCATE|[192]|Bytes:16
08:17:45.0 (124808531)|HEAP_ALLOCATE|[192]|Bytes:4
08:17:45.0 (124812016)|HEAP_ALLOCATE|[192]|Bytes:16
08:17:45.0 (124815898)|HEAP_ALLOCATE|[192]|Bytes:4
08:17:45.0 (124818703)|HEAP_ALLOCATE|[192]|Bytes:16
08:17:45.0 (124822494)|HEAP_ALLOCATE|[192]|Bytes:4
08:17:45.0 (124858590)|VARIABLE_ASSIGNMENT|[192]|this.ptntInsrncMap|{"a1b29000000l40nAAA":{"Id":"a1b29000000l40nAAA","Name":"Maria Johnson - BCBS (17 more) ...","Insurance_Company__c":"0012900000AXSPBAA5"},"a1b29000000lvHQAAY":{"Id":"a1b29000000lvHQAAY","Name":"Maria Johnson - Valu (23 more) ...","Insurance_Company__c":"0012900000AXSP3AAP"},"a1b29000000lvHVAAY":{"Id":"a1b29000000lvHVAAY","Name":"Maria Johnson - Priv (7 more) ...","Insurance_Company__c":"0012900000AXSDqAAP"},"a1b29000000ly7uAAA":{"Id":"a1b29000000ly7uAAA","Name":"Maria Johnson - Alle (6 more) ...","Insurance_Company__c":"0012900000AXSlPAAX"}}|0x4f2d771d
08:17:45.0 (124883229)|HEAP_ALLOCATE|[EXTERNAL]|Bytes:20
08:17:45.0 (124895447)|HEAP_ALLOCATE|[197]|Bytes:465
08:17:45.0 (124918390)|HEAP_ALLOCATE|[197]|Bytes:5
08:17:45.0 (124930343)|HEAP_ALLOCATE|[197]|Bytes:16
08:17:45.0 (124939728)|VARIABLE_SCOPE_BEGIN|[197]|ptntInsrnceInstance|Patient_Insurance__c|true|false
08:17:45.0 (124954400)|VARIABLE_ASSIGNMENT|[197]|ptntInsrnceInstance|{"Id":"a1b29000000l40nAAA","Name":"Maria Johnson - BCBS (17 more) ...","Insurance_Company__c":"0012900000AXSPBAA5"}|0x697d1b49
08:17:45.0 (124960592)|STATEMENT_EXECUTE|[197]
08:17:45.0 (124962044)|STATEMENT_EXECUTE|[198]
08:17:45.0 (124983143)|HEAP_ALLOCATE|[198]|Bytes:18
08:17:45.0 (124999501)|HEAP_ALLOCATE|[EXTERNAL]|Bytes:4
08:17:45.0 (125010517)|HEAP_ALLOCATE|[197]|Bytes:5
08:17:45.0 (125019484)|HEAP_ALLOCATE|[197]|Bytes:16
08:17:45.0 (125024710)|VARIABLE_SCOPE_BEGIN|[197]|ptntInsrnceInstance|Patient_Insurance__c|true|false
08:17:45.0 (125037599)|VARIABLE_ASSIGNMENT|[197]|ptntInsrnceInstance|{"Id":"a1b29000000lvHQAAY","Name":"Maria Johnson - Valu (23 more) ...","Insurance_Company__c":"0012900000AXSP3AAP"}|0x15e262dd
08:17:45.0 (125042505)|STATEMENT_EXECUTE|[197]
08:17:45.0 (125043883)|STATEMENT_EXECUTE|[198]
08:17:45.0 (125051406)|HEAP_ALLOCATE|[198]|Bytes:18
08:17:45.0 (125061977)|HEAP_ALLOCATE|[EXTERNAL]|Bytes:4
08:17:45.0 (125070951)|HEAP_ALLOCATE|[197]|Bytes:5
08:17:45.0 (125077575)|HEAP_ALLOCATE|[197]|Bytes:16
08:17:45.0 (125082025)|VARIABLE_SCOPE_BEGIN|[197]|ptntInsrnceInstance|Patient_Insurance__c|true|false
08:17:45.0 (125093097)|VARIABLE_ASSIGNMENT|[197]|ptntInsrnceInstance|{"Id":"a1b29000000lvHVAAY","Name":"Maria Johnson - Priv (7 more) ...","Insurance_Company__c":"0012900000AXSDqAAP"}|0xe883023
08:17:45.0 (125098196)|STATEMENT_EXECUTE|[197]
08:17:45.0 (125099365)|STATEMENT_EXECUTE|[198]
08:17:45.0 (125105583)|HEAP_ALLOCATE|[198]|Bytes:18
08:17:45.0 (125114444)|HEAP_ALLOCATE|[EXTERNAL]|Bytes:4
08:17:45.0 (125122899)|HEAP_ALLOCATE|[197]|Bytes:5
08:17:45.0 (125129324)|HEAP_ALLOCATE|[197]|Bytes:16
08:17:45.0 (125133491)|VARIABLE_SCOPE_BEGIN|[197]|ptntInsrnceInstance|Patient_Insurance__c|true|false
08:17:45.0 (125143835)|VARIABLE_ASSIGNMENT|[197]|ptntInsrnceInstance|{"Id":"a1b29000000ly7uAAA","Name":"Maria Johnson - Alle (6 more) ...","Insurance_Company__c":"0012900000AXSlPAAX"}|0x9cdf5ba
08:17:45.0 (125148779)|STATEMENT_EXECUTE|[197]
08:17:45.0 (125150035)|STATEMENT_EXECUTE|[198]
08:17:45.0 (125155991)|HEAP_ALLOCATE|[198]|Bytes:18
08:17:45.0 (125164818)|HEAP_ALLOCATE|[EXTERNAL]|Bytes:4
08:17:45.0 (125172707)|HEAP_ALLOCATE|[197]|Bytes:5
08:17:45.0 (125180365)|VARIABLE_ASSIGNMENT|[197]|ptntInsrnceInstance|null|
08:17:45.0 (125185238)|STATEMENT_EXECUTE|[201]
08:17:45.0 (126845038)|SYSTEM_MODE_ENTER|true
08:17:45.0 (126881037)|HEAP_ALLOCATE|[EXTERNAL]|Bytes:112
08:17:45.0 (126890254)|VARIABLE_SCOPE_BEGIN|[215]|this|PAW_New_EditCntrllr|true|false
08:17:45.0 (126979552)|VARIABLE_ASSIGNMENT|[215]|this|{"estmtCvrgeDaysObj":"0x381f7c81","faciltyOptions":"0x52b864b6","fcltyPrgrmOptions":"0x7e0da75b","idToOwnershipFacilit (4 more) ...":"0x6de9bb64","idToTypeFacilityMap":"0x7ecdeefd","insrncBnftMap":"0x4e685c4d","insrncBnftOptions":"0x79b1965f","isIop":false,"isTalbott":false,"meta":"0x306f7287","oppId":"00629000004NTeZ","pawObj":"0xd50da75","ptntInsrnceOptions":"0x3421424a","ptntInsrncMap":"0x6e5b8a20","ptntInsrncObj":"0x3b864eca","quoteObj":"0x36522c8c","recordId":"00629000004NTeZ","rtAdjstmntOptions":"0x2dc26220","showPILookup":false,"sObjectQueryStr":"","wrprObj":"0x55cc7d4b"}|0x4f2d771d
08:17:45.0 (126996830)|STATEMENT_EXECUTE|[215]
08:17:45.0 (126998510)|STATEMENT_EXECUTE|[216]
08:17:45.0 (127048256)|STATEMENT_EXECUTE|[217]
08:17:45.0 (127094718)|HEAP_ALLOCATE|[EXTERNAL]|Bytes:4
08:17:45.0 (127181055)|VARIABLE_ASSIGNMENT|[EXTERNAL]|this|{"estmtCvrgeDaysObj":"0x381f7c81","faciltyOptions":"0x52b864b6","fcltyPrgrmOptions":"0x7e0da75b","idToOwnershipFacilit (4 more) ...":"0x6de9bb64","idToTypeFacilityMap":"0x7ecdeefd","insrncBnftMap":"0x4e685c4d","insrncBnftOptions":"0x79b1965f","isIop":false,"isTalbott":false,"meta":"0x306f7287","oppId":"00629000004NTeZ","pawObj":"0xd50da75","ptntInsrnceOptions":"0x3421424a","ptntInsrncMap":"0x6e5b8a20","ptntInsrncObj":"0x3b864eca","quoteObj":"0x36522c8c","recordId":"00629000004NTeZ","rtAdjstmntOptions":"0x2dc26220","showPILookup":false,"sObjectQueryStr":"","wrprObj":"0x55cc7d4b"}|0x4f2d771d
08:17:45.0 (127201141)|STATEMENT_EXECUTE|[218]
08:17:45.0 (127202637)|STATEMENT_EXECUTE|[219]
08:17:45.0 (127226767)|HEAP_ALLOCATE|[219]|Bytes:4
08:17:45.0 (127234045)|HEAP_ALLOCATE|[219]|Bytes:1083
08:17:45.0 (127242252)|HEAP_ALLOCATE|[219]|Bytes:4
08:17:45.0 (127314563)|VARIABLE_ASSIGNMENT|[EXTERNAL]|this|{"estmtCvrgeDaysObj":"0x381f7c81","faciltyOptions":"0x52b864b6","fcltyPrgrmOptions":"0x7e0da75b","idToOwnershipFacilit (4 more) ...":"0x6de9bb64","idToTypeFacilityMap":"0x7ecdeefd","insrncBnftMap":"0x4e685c4d","insrncBnftOptions":"0x79b1965f","isIop":false,"isTalbott":false,"meta":"0x306f7287","oppId":"00629000004NTeZ","pawObj":"0xd50da75","ptntInsrnceOptions":"0x3421424a","ptntInsrncMap":"0x6e5b8a20","ptntInsrncObj":"0x3b864eca","quoteObj":"0x36522c8c","recordId":"00629000004NTeZ","rtAdjstmntOptions":"0x2dc26220","showPILookup":false,"sObjectQueryStr":"","wrprObj":"0x55cc7d4b"}|0x4f2d771d
08:17:45.0 (130615391)|SOQL_EXECUTE_BEGIN|[219]|Aggregations:0|SELECT Id, Name, RecordType.Name, Uncovered_Charges__c, Patient_Insurance__r.Accepts_Assignment_of_Benefits__c, Patient_Insurance__r.Opportunity__c, Patient_Insurance__r.Accreditation__c, Patient_Insurance__r.Insurance_Company__r.Name, PHP_Admit_Co_Payment__c, Detox_Admit_Co_Payment__c, RTC_Admit_Co_Payment__c, Deductible__c, Deductible_Met__c, IOP_Admit_Co_Payment__c, Max_Out_of_Pocket_Remaining__c, Insurance_Company_is_Out_of_Network__c, Annual_Max_Remaining__c, Deductible_Remaining__c, Detox_Pays_at__c, Detox_Over__c, RTC_Pays_at__c, Residential_Treatment_Override__c, PHP_Pays_at__c, Partial_Hospitalization_Override__c, IOP_Pays_at__c, Intensive_Outpatient_Override__c, Num_Days_Uncovered__c, Num_Days_Room__c, Uncovered_Days_Rate__c, Room_and_Board_Days_Rate__c, Uncovered_Days_Override__c, Room_and_Board_Days_Override__c, Deductible_Included_in_OOP__c, Uncovered_Days__c, Lifetime_Max__c, Lifetime_Max_Met__c, Annual_Max__c, Annual_Max_Met__c, Max_Out_of_Pocket__c, Max_Out_of_Pocket_Met__c, Co_Pay_Met__c FROM Insurance_Benefit__c WHERE Patient_Insurance__c = :tmpVar1
08:17:45.0 (134324659)|SOQL_EXECUTE_END|[219]|Rows:0
08:17:45.0 (134347567)|HEAP_ALLOCATE|[219]|Bytes:4
08:17:45.0 (134361735)|HEAP_ALLOCATE|[219]|Bytes:0
08:17:45.0 (134422945)|HEAP_ALLOCATE|[219]|Bytes:4
08:17:45.0 (134454531)|VARIABLE_ASSIGNMENT|[219]|this.insrncBnftMap|{}|0x4f2d771d
08:17:45.0 (134490970)|HEAP_ALLOCATE|[EXTERNAL]|Bytes:4
08:17:45.0 (134497081)|HEAP_ALLOCATE|[263]|Bytes:4
08:17:45.0 (134636717)|HEAP_ALLOCATE|[263]|Bytes:5
08:17:45.0 (134652240)|VARIABLE_ASSIGNMENT|[263]|insrncBnftInstance|null|
08:17:45.0 (134657521)|STATEMENT_EXECUTE|[263]
08:17:45.0 (134745322)|VARIABLE_ASSIGNMENT|[EXTERNAL]|this|{"estmtCvrgeDaysObj":"0x381f7c81","faciltyOptions":"0x52b864b6","fcltyPrgrmOptions":"0x7e0da75b","idToOwnershipFacilit (4 more) ...":"0x6de9bb64","idToTypeFacilityMap":"0x7ecdeefd","insrncBnftMap":"0x56a295be","insrncBnftOptions":"0x79b1965f","isIop":false,"isTalbott":false,"meta":"0x306f7287","oppId":"00629000004NTeZ","pawObj":"0xd50da75","ptntInsrnceOptions":"0x3421424a","ptntInsrncMap":"0x6e5b8a20","ptntInsrncObj":"0x3b864eca","quoteObj":"0x36522c8c","recordId":"00629000004NTeZ","rtAdjstmntOptions":"0x2dc26220","showPILookup":false,"sObjectQueryStr":"","wrprObj":"0x55cc7d4b"}|0x4f2d771d
08:17:45.0 (134823996)|VARIABLE_ASSIGNMENT|[EXTERNAL]|this|{"facilitySelected":"","fcltyPrgrmSelected":"","insrncBnft":"0x11ed9fb1","insrncBnftSelected":"","pawDetailListDisplay (4 more) ...":false,"pyAgrmntWrksht":"0x2ba3de64","rateAdjstmntSelected":"","relatedPAWDetailsLis (1 more) ...":"0x64b82b80","targetEDR":0.00,"totalAppliedDeductib (2 more) ...":0.00,"totalCoInsurance":0.00,"totalCoPayAmt":0.00,"totalInsCoResp":0.00,"totalInsEIVAmt":0.00,"totalRowCount":0,"totalTalbottDay":0.00}|0x55cc7d4b
08:17:45.0 (134898881)|VARIABLE_ASSIGNMENT|[EXTERNAL]|this|{"estmtCvrgeDaysObj":"0x381f7c81","faciltyOptions":"0x52b864b6","fcltyPrgrmOptions":"0x7e0da75b","idToOwnershipFacilit (4 more) ...":"0x6de9bb64","idToTypeFacilityMap":"0x7ecdeefd","insrncBnftMap":"0x56a295be","insrncBnftOptions":"0x79b1965f","isIop":false,"isTalbott":false,"meta":"0x306f7287","oppId":"00629000004NTeZ","pawObj":"0xd50da75","ptntInsrnceOptions":"0x3421424a","ptntInsrncMap":"0x6e5b8a20","ptntInsrncObj":"0x3b864eca","quoteObj":"0x36522c8c","recordId":"00629000004NTeZ","rtAdjstmntOptions":"0x2dc26220","showPILookup":false,"sObjectQueryStr":"","wrprObj":"0x55cc7d4b"}|0x4f2d771d
08:17:45.0 (134953833)|VARIABLE_ASSIGNMENT|[EXTERNAL]|this|{"facilitySelected":"","fcltyPrgrmSelected":"","insrncBnft":"0x11ed9fb1","insrncBnftSelected":"","pawDetailListDisplay (4 more) ...":false,"pyAgrmntWrksht":"0x2ba3de64","rateAdjstmntSelected":"","relatedPAWDetailsLis (1 more) ...":"0x64b82b80","targetEDR":0.00,"totalAppliedDeductib (2 more) ...":0.00,"totalCoInsurance":0.00,"totalCoPayAmt":0.00,"totalInsCoResp":0.00,"totalInsEIVAmt":0.00,"totalRowCount":0,"totalTalbottDay":0.00}|0x55cc7d4b
08:17:45.0 (134980499)|STATEMENT_EXECUTE|[269]
08:17:45.0 (134982105)|STATEMENT_EXECUTE|[270]
08:17:45.0 (135043212)|VARIABLE_ASSIGNMENT|[EXTERNAL]|this|{"estmtCvrgeDaysObj":"0x381f7c81","faciltyOptions":"0x52b864b6","fcltyPrgrmOptions":"0x7e0da75b","idToOwnershipFacilit (4 more) ...":"0x6de9bb64","idToTypeFacilityMap":"0x7ecdeefd","insrncBnftMap":"0x56a295be","insrncBnftOptions":"0x79b1965f","isIop":false,"isTalbott":false,"meta":"0x306f7287","oppId":"00629000004NTeZ","pawObj":"0xd50da75","ptntInsrnceOptions":"0x3421424a","ptntInsrncMap":"0x6e5b8a20","ptntInsrncObj":"0x3b864eca","quoteObj":"0x36522c8c","recordId":"00629000004NTeZ","rtAdjstmntOptions":"0x2dc26220","showPILookup":false,"sObjectQueryStr":"","wrprObj":"0x55cc7d4b"}|0x4f2d771d
08:17:45.0 (135097239)|VARIABLE_ASSIGNMENT|[EXTERNAL]|this|{"facilitySelected":"","fcltyPrgrmSelected":"","insrncBnft":"0x11ed9fb1","insrncBnftSelected":"","pawDetailListDisplay (4 more) ...":false,"pyAgrmntWrksht":"0x2ba3de64","rateAdjstmntSelected":"","relatedPAWDetailsLis (1 more) ...":"0x64b82b80","targetEDR":0.00,"totalAppliedDeductib (2 more) ...":0.00,"totalCoInsurance":0.00,"totalCoPayAmt":0.00,"totalInsCoResp":0.00,"totalInsEIVAmt":0.00,"totalRowCount":0,"totalTalbottDay":0.00}|0x55cc7d4b
08:17:45.0 (135108430)|VARIABLE_ASSIGNMENT|[EXTERNAL]|value|null|
08:17:45.0 (135115638)|VARIABLE_ASSIGNMENT|[525]|this.insrncBnft|null|0x55cc7d4b
08:17:45.0 (135123150)|STATEMENT_EXECUTE|[272]
08:17:45.0 (135816353)|SYSTEM_MODE_ENTER|true
08:17:45.0 (136066344)|SYSTEM_MODE_ENTER|true
08:17:45.0 (136099749)|HEAP_ALLOCATE|[EXTERNAL]|Bytes:112
08:17:45.0 (136108310)|VARIABLE_SCOPE_BEGIN|[379]|this|PAW_New_EditCntrllr|true|false
08:17:45.0 (136176268)|VARIABLE_ASSIGNMENT|[379]|this|{"estmtCvrgeDaysObj":"0x381f7c81","faciltyOptions":"0x52b864b6","fcltyPrgrmOptions":"0x7e0da75b","idToOwnershipFacilit (4 more) ...":"0x6de9bb64","idToTypeFacilityMap":"0x7ecdeefd","insrncBnftMap":"0x56a295be","insrncBnftOptions":"0x79b1965f","isIop":false,"isTalbott":false,"meta":"0x306f7287","oppId":"00629000004NTeZ","pawObj":"0xd50da75","ptntInsrnceOptions":"0x3421424a","ptntInsrncMap":"0x6e5b8a20","ptntInsrncObj":"0x3b864eca","quoteObj":"0x36522c8c","recordId":"00629000004NTeZ","rtAdjstmntOptions":"0x2dc26220","showPILookup":false,"sObjectQueryStr":"","wrprObj":"0x55cc7d4b"}|0x4f2d771d
08:17:45.0 (136192465)|STATEMENT_EXECUTE|[379]
08:17:45.0 (136194135)|STATEMENT_EXECUTE|[380]
08:17:45.0 (136204246)|HEAP_ALLOCATE|[380]|Bytes:4
08:17:45.0 (136249577)|HEAP_ALLOCATE|[EXTERNAL]|Bytes:4
08:17:45.0 (136260004)|VARIABLE_ASSIGNMENT|[380]|this.rtAdjstmntOptions|[]|0x4f2d771d
08:17:45.0 (136265016)|STATEMENT_EXECUTE|[381]
08:17:45.0 (136272299)|HEAP_ALLOCATE|[381]|Bytes:8
08:17:45.0 (136318924)|HEAP_ALLOCATE|[EXTERNAL]|Bytes:4
08:17:45.0 (136397695)|VARIABLE_ASSIGNMENT|[EXTERNAL]|this|{"estmtCvrgeDaysObj":"0x381f7c81","faciltyOptions":"0x52b864b6","fcltyPrgrmOptions":"0x7e0da75b","idToOwnershipFacilit (4 more) ...":"0x6de9bb64","idToTypeFacilityMap":"0x7ecdeefd","insrncBnftMap":"0x56a295be","insrncBnftOptions":"0x79b1965f","isIop":false,"isTalbott":false,"meta":"0x306f7287","oppId":"00629000004NTeZ","pawObj":"0xd50da75","ptntInsrnceOptions":"0x3421424a","ptntInsrncMap":"0x6e5b8a20","ptntInsrncObj":"0x3b864eca","quoteObj":"0x36522c8c","recordId":"00629000004NTeZ","rtAdjstmntOptions":"0xe6e5b22","showPILookup":false,"sObjectQueryStr":"","wrprObj":"0x55cc7d4b"}|0x4f2d771d
08:17:45.0 (136466494)|VARIABLE_ASSIGNMENT|[EXTERNAL]|this|{"facilitySelected":"","fcltyPrgrmSelected":"","insrncBnftSelected":"","pawDetailListDisplay (4 more) ...":false,"pyAgrmntWrksht":"0x2ba3de64","rateAdjstmntSelected":"","relatedPAWDetailsLis (1 more) ...":"0x64b82b80","targetEDR":0.00,"totalAppliedDeductib (2 more) ...":0.00,"totalCoInsurance":0.00,"totalCoPayAmt":0.00,"totalInsCoResp":0.00,"totalInsEIVAmt":0.00,"totalRowCount":0,"totalTalbottDay":0.00}|0x55cc7d4b
08:17:45.0 (136531250)|VARIABLE_ASSIGNMENT|[EXTERNAL]|this|{"estmtCvrgeDaysObj":"0x381f7c81","faciltyOptions":"0x52b864b6","fcltyPrgrmOptions":"0x7e0da75b","idToOwnershipFacilit (4 more) ...":"0x6de9bb64","idToTypeFacilityMap":"0x7ecdeefd","insrncBnftMap":"0x56a295be","insrncBnftOptions":"0x79b1965f","isIop":false,"isTalbott":false,"meta":"0x306f7287","oppId":"00629000004NTeZ","pawObj":"0xd50da75","ptntInsrnceOptions":"0x3421424a","ptntInsrncMap":"0x6e5b8a20","ptntInsrncObj":"0x3b864eca","quoteObj":"0x36522c8c","recordId":"00629000004NTeZ","rtAdjstmntOptions":"0xe6e5b22","showPILookup":false,"sObjectQueryStr":"","wrprObj":"0x55cc7d4b"}|0x4f2d771d
08:17:45.0 (136581645)|VARIABLE_ASSIGNMENT|[EXTERNAL]|this|{"facilitySelected":"","fcltyPrgrmSelected":"","insrncBnftSelected":"","pawDetailListDisplay (4 more) ...":false,"pyAgrmntWrksht":"0x2ba3de64","rateAdjstmntSelected":"","relatedPAWDetailsLis (1 more) ...":"0x64b82b80","targetEDR":0.00,"totalAppliedDeductib (2 more) ...":0.00,"totalCoInsurance":0.00,"totalCoPayAmt":0.00,"totalInsCoResp":0.00,"totalInsEIVAmt":0.00,"totalRowCount":0,"totalTalbottDay":0.00}|0x55cc7d4b
08:17:45.0 (136600741)|STATEMENT_EXECUTE|[382]
08:17:45.0 (136602257)|STATEMENT_EXECUTE|[400]
08:17:45.0 (136943830)|SYSTEM_MODE_ENTER|true
08:17:45.0 (156610893)|VF_SERIALIZE_VIEWSTATE_BEGIN|0660a0000009uTC
08:17:45.0 (164097429)|VF_SERIALIZE_VIEWSTATE_END
08:17:45.170 (170333740)|CUMULATIVE_LIMIT_USAGE
08:17:45.170 (170333740)|LIMIT_USAGE_FOR_NS|(default)|
  Number of SOQL queries: 3 out of 100
  Number of query rows: 8 out of 50000
  Number of SOSL queries: 0 out of 20
  Number of DML statements: 0 out of 150
  Number of DML rows: 0 out of 10000
  Maximum CPU time: 0 out of 10000
  Maximum heap size: 0 out of 6000000
  Number of callouts: 0 out of 100
  Number of Email Invocations: 0 out of 10
  Number of future calls: 0 out of 50
  Number of queueable jobs added to the queue: 0 out of 50
  Number of Mobile Apex push calls: 0 out of 10

08:17:45.170 (170333740)|CUMULATIVE_LIMIT_USAGE_END

08:17:45.0 (170374883)|CODE_UNIT_FINISHED|VF: /apex/PAW_New_Edit
08:17:45.0 (171122612)|EXECUTION_FINISHED
