37.0 APEX_CODE,FINEST;APEX_PROFILING,INFO;CALLOUT,INFO;DB,INFO;SYSTEM,DEBUG;VALIDATION,INFO;VISUALFORCE,INFO;WAVE,INFO;WORKFLOW,FINER
07:34:11.0 (351161)|USER_INFO|[EXTERNAL]|00529000000zYiy|bhakti.gujrathi@eternussolutions.com.frnstgng|Central Standard Time|GMT-06:00
07:34:11.0 (401063)|EXECUTION_STARTED
07:34:11.0 (406197)|CODE_UNIT_STARTED|[EXTERNAL]|0660a0000009uTC|VF: /apex/PAW_New_Edit
07:34:11.0 (869514)|VF_DESERIALIZE_VIEWSTATE_BEGIN|0660a0000009uTC
07:34:11.0 (8169446)|HEAP_ALLOCATE|[72]|Bytes:3
07:34:11.0 (8202236)|HEAP_ALLOCATE|[77]|Bytes:152
07:34:11.0 (8213538)|HEAP_ALLOCATE|[342]|Bytes:408
07:34:11.0 (8224114)|HEAP_ALLOCATE|[355]|Bytes:408
07:34:11.0 (8250966)|HEAP_ALLOCATE|[467]|Bytes:48
07:34:11.0 (8287540)|HEAP_ALLOCATE|[139]|Bytes:6
07:34:11.0 (8313305)|HEAP_ALLOCATE|[50]|Bytes:5
07:34:11.0 (8329750)|HEAP_ALLOCATE|[56]|Bytes:5
07:34:11.0 (8336173)|HEAP_ALLOCATE|[64]|Bytes:7
07:34:11.0 (12439823)|VARIABLE_SCOPE_BEGIN|[35]|PAW_New_EditCntrllr.globalSchemaMap|Map<String,Schema.SObjectType>|true|true
07:34:11.0 (12454674)|VARIABLE_SCOPE_BEGIN|[3]|PAW_New_EditCntrllr.yearEndMode|Boolean|false|true
07:34:11.0 (16691251)|VF_DESERIALIZE_VIEWSTATE_END
07:34:11.17 (17588350)|SYSTEM_MODE_ENTER|true
07:34:11.17 (17649558)|HEAP_ALLOCATE|[EXTERNAL]|Bytes:38
07:34:11.17 (17658813)|HEAP_ALLOCATE|[EXTERNAL]|Bytes:7
07:34:11.17 (17668355)|SYSTEM_METHOD_ENTRY|[1]|PageMessagesComponentController.PageMessagesComponentController()
07:34:11.17 (17673078)|STATEMENT_EXECUTE|[1]
07:34:11.18 (18411271)|SYSTEM_MODE_ENTER|true
07:34:11.18 (18460530)|HEAP_ALLOCATE|[EXTERNAL]|Bytes:8
07:34:11.18 (18467911)|VARIABLE_SCOPE_BEGIN|[88]|this|ApexPage.PageMessagesComponentController|true|false
07:34:11.18 (18505944)|VARIABLE_ASSIGNMENT|[88]|this|{}|0x79f004c3
07:34:11.18 (18511689)|VARIABLE_SCOPE_BEGIN|[88]|escape|Boolean|false|false
07:34:11.18 (18518866)|VARIABLE_ASSIGNMENT|[88]|escape|null
07:34:11.0 (18718879)|SYSTEM_MODE_ENTER|true
07:34:11.0 (18741101)|HEAP_ALLOCATE|[EXTERNAL]|Bytes:11
07:34:11.0 (18751196)|HEAP_ALLOCATE|[EXTERNAL]|Bytes:304
07:34:11.0 (18755482)|HEAP_ALLOCATE|[EXTERNAL]|Bytes:98
07:34:11.0 (18759157)|HEAP_ALLOCATE|[EXTERNAL]|Bytes:10
07:34:11.0 (18767031)|METHOD_ENTRY|[1]|01p0a000004sKzV|PAW_New_EditCntrllr.PAW_New_EditCntrllr()
07:34:11.0 (18771369)|STATEMENT_EXECUTE|[1]
07:34:11.0 (18774043)|STATEMENT_EXECUTE|[1]
07:34:11.0 (18774980)|STATEMENT_EXECUTE|[3]
07:34:11.0 (19963928)|VARIABLE_SCOPE_BEGIN|[3]|PAW_YearEnd_Config.setting|Year_End_PAW_Settings__c|true|true
07:34:11.0 (19983597)|HEAP_ALLOCATE|[3]|Bytes:1
07:34:11.0 (19990754)|HEAP_ALLOCATE|[3]|Bytes:1
07:34:11.0 (20000609)|METHOD_ENTRY|[1]|01p29000000Aswf|PAW_YearEnd_Config.PAW_YearEnd_Config()
07:34:11.0 (20005481)|STATEMENT_EXECUTE|[1]
07:34:11.0 (20008405)|STATEMENT_EXECUTE|[1]
07:34:11.0 (20021716)|SYSTEM_MODE_ENTER|false
07:34:11.0 (20028324)|HEAP_ALLOCATE|[3]|Bytes:5
07:34:11.0 (20034763)|SYSTEM_MODE_EXIT|false
07:34:11.0 (20040710)|METHOD_EXIT|[1]|PAW_YearEnd_Config
07:34:11.0 (20054192)|METHOD_ENTRY|[3]|01p29000000Aswf|PAW_YearEnd_Config.fetch()
07:34:11.0 (20081121)|SYSTEM_MODE_ENTER|false
07:34:11.0 (20086150)|HEAP_ALLOCATE|[6]|Bytes:5
07:34:11.0 (20089984)|STATEMENT_EXECUTE|[5]
07:34:11.0 (20093094)|STATEMENT_EXECUTE|[7]
07:34:11.0 (21159462)|HEAP_ALLOCATE|[7]|Bytes:20
07:34:11.0 (21203653)|VARIABLE_ASSIGNMENT|[7]|PAW_YearEnd_Config.setting|{"IsDeleted":false,"Name":"Year End PAW Setting (11 more) ...","SetupOwnerId":"00529000000zYiyAAE","Year_End_Mode_Enable (4 more) ...":false}|0x6cfe5157
07:34:11.0 (21211485)|STATEMENT_EXECUTE|[9]
07:34:11.0 (21214441)|HEAP_ALLOCATE|[9]|Bytes:14
07:34:11.0 (21344133)|HEAP_ALLOCATE|[9]|Bytes:145
07:34:11.0 (21365176)|HEAP_ALLOCATE|[9]|Bytes:159
07:34:11.0 (21381582)|USER_DEBUG|[9]|DEBUG|>>> setting : Year_End_PAW_Settings__c:{IsDeleted=false, Name=Year End PAW Settings (Profile), SetupOwnerId=00529000000zYiyAAE, Year_End_Mode_Enabled__c=false}
07:34:11.0 (21389716)|STATEMENT_EXECUTE|[10]
07:34:11.0 (21394728)|SYSTEM_MODE_EXIT|false
07:34:11.0 (21401539)|METHOD_EXIT|[3]|01p29000000Aswf|PAW_YearEnd_Config.fetch()
07:34:11.0 (21431349)|VARIABLE_ASSIGNMENT|[3]|PAW_New_EditCntrllr.yearEndMode|false
07:34:11.0 (21435986)|STATEMENT_EXECUTE|[522]
07:34:11.0 (21444651)|METHOD_EXIT|[1]|PAW_New_EditCntrllr
07:34:11.0 (22684294)|SYSTEM_MODE_ENTER|true
07:34:11.0 (24067833)|SYSTEM_MODE_ENTER|true
07:34:11.0 (24122937)|HEAP_ALLOCATE|[EXTERNAL]|Bytes:476
07:34:11.0 (24134589)|HEAP_ALLOCATE|[EXTERNAL]|Bytes:71
07:34:11.0 (27602384)|SYSTEM_MODE_ENTER|true
07:34:11.0 (27661831)|SYSTEM_MODE_ENTER|true
07:34:11.0 (32502269)|SYSTEM_MODE_ENTER|true
07:34:11.0 (32712801)|HEAP_ALLOCATE|[EXTERNAL]|Bytes:112
07:34:11.0 (32725865)|VARIABLE_SCOPE_BEGIN|[215]|this|PAW_New_EditCntrllr|true|false
07:34:11.0 (32837831)|VARIABLE_ASSIGNMENT|[215]|this|{"estmtCvrgeDaysObj":"0x622b7587","faciltyOptions":"0x4945fd23","fcltyPrgrmOptions":"0xc2879d7","idToOwnershipFacilit (4 more) ...":"0xbe9748a","idToTypeFacilityMap":"0x32d7af3d","insrncBnftMap":"0x549de0a1","insrncBnftOptions":"0x1b34dd24","isIop":false,"isTalbott":false,"meta":"0x5bb9a7ec","oppId":"00629000004NTeZ","pawObj":"0x549845e1","ptntInsrnceOptions":"0x6f3b2f3b","ptntInsrncMap":"0x52db1205","ptntInsrncObj":"0x33fd4e83","quoteObj":"0x44cb4975","recordId":"00629000004NTeZ","rtAdjstmntOptions":"0x526abb40","showPILookup":false,"sObjectQueryStr":"","wrprObj":"0x146e6f4e"}|0x1d0dec41
07:34:11.0 (32857742)|STATEMENT_EXECUTE|[215]
07:34:11.0 (32859584)|STATEMENT_EXECUTE|[216]
07:34:11.0 (32914625)|STATEMENT_EXECUTE|[217]
07:34:11.0 (32930237)|HEAP_ALLOCATE|[217]|Bytes:12
07:34:11.0 (32988691)|HEAP_ALLOCATE|[EXTERNAL]|Bytes:4
07:34:11.0 (33085299)|VARIABLE_ASSIGNMENT|[EXTERNAL]|this|{"estmtCvrgeDaysObj":"0x622b7587","faciltyOptions":"0x4945fd23","fcltyPrgrmOptions":"0xc2879d7","idToOwnershipFacilit (4 more) ...":"0xbe9748a","idToTypeFacilityMap":"0x32d7af3d","insrncBnftMap":"0x549de0a1","insrncBnftOptions":"0x1b34dd24","isIop":false,"isTalbott":false,"meta":"0x5bb9a7ec","oppId":"00629000004NTeZ","pawObj":"0x549845e1","ptntInsrnceOptions":"0x6f3b2f3b","ptntInsrncMap":"0x52db1205","ptntInsrncObj":"0x33fd4e83","quoteObj":"0x44cb4975","recordId":"00629000004NTeZ","rtAdjstmntOptions":"0x526abb40","showPILookup":false,"sObjectQueryStr":"","wrprObj":"0x146e6f4e"}|0x1d0dec41
07:34:11.0 (33105256)|STATEMENT_EXECUTE|[218]
07:34:11.0 (33106630)|STATEMENT_EXECUTE|[219]
07:34:11.0 (33134960)|HEAP_ALLOCATE|[219]|Bytes:4
07:34:11.0 (33141427)|HEAP_ALLOCATE|[219]|Bytes:1083
07:34:11.0 (33151673)|HEAP_ALLOCATE|[219]|Bytes:4
07:34:11.0 (33163630)|HEAP_ALLOCATE|[219]|Bytes:7
07:34:11.0 (33224646)|VARIABLE_ASSIGNMENT|[EXTERNAL]|this|{"estmtCvrgeDaysObj":"0x622b7587","faciltyOptions":"0x4945fd23","fcltyPrgrmOptions":"0xc2879d7","idToOwnershipFacilit (4 more) ...":"0xbe9748a","idToTypeFacilityMap":"0x32d7af3d","insrncBnftMap":"0x549de0a1","insrncBnftOptions":"0x1b34dd24","isIop":false,"isTalbott":false,"meta":"0x5bb9a7ec","oppId":"00629000004NTeZ","pawObj":"0x549845e1","ptntInsrnceOptions":"0x6f3b2f3b","ptntInsrncMap":"0x52db1205","ptntInsrncObj":"0x33fd4e83","quoteObj":"0x44cb4975","recordId":"00629000004NTeZ","rtAdjstmntOptions":"0x526abb40","showPILookup":false,"sObjectQueryStr":"","wrprObj":"0x146e6f4e"}|0x1d0dec41
07:34:11.0 (36148160)|SOQL_EXECUTE_BEGIN|[219]|Aggregations:0|SELECT Id, Name, RecordType.Name, Uncovered_Charges__c, Patient_Insurance__r.Accepts_Assignment_of_Benefits__c, Patient_Insurance__r.Opportunity__c, Patient_Insurance__r.Accreditation__c, Patient_Insurance__r.Insurance_Company__r.Name, PHP_Admit_Co_Payment__c, Detox_Admit_Co_Payment__c, RTC_Admit_Co_Payment__c, Deductible__c, Deductible_Met__c, IOP_Admit_Co_Payment__c, Max_Out_of_Pocket_Remaining__c, Insurance_Company_is_Out_of_Network__c, Annual_Max_Remaining__c, Deductible_Remaining__c, Detox_Pays_at__c, Detox_Over__c, RTC_Pays_at__c, Residential_Treatment_Override__c, PHP_Pays_at__c, Partial_Hospitalization_Override__c, IOP_Pays_at__c, Intensive_Outpatient_Override__c, Num_Days_Uncovered__c, Num_Days_Room__c, Uncovered_Days_Rate__c, Room_and_Board_Days_Rate__c, Uncovered_Days_Override__c, Room_and_Board_Days_Override__c, Deductible_Included_in_OOP__c, Uncovered_Days__c, Lifetime_Max__c, Lifetime_Max_Met__c, Annual_Max__c, Annual_Max_Met__c, Max_Out_of_Pocket__c, Max_Out_of_Pocket_Met__c, Co_Pay_Met__c FROM Insurance_Benefit__c WHERE Patient_Insurance__c = :tmpVar1
07:34:11.0 (48490731)|SOQL_EXECUTE_END|[219]|Rows:2
07:34:11.0 (48522065)|HEAP_ALLOCATE|[219]|Bytes:12
07:34:11.0 (48567763)|HEAP_ALLOCATE|[219]|Bytes:2986
07:34:11.0 (48643409)|HEAP_ALLOCATE|[219]|Bytes:12
07:34:11.0 (48689730)|HEAP_ALLOCATE|[219]|Bytes:108
07:34:11.0 (48699912)|HEAP_ALLOCATE|[219]|Bytes:4
07:34:11.0 (48705188)|HEAP_ALLOCATE|[219]|Bytes:108
07:34:11.0 (48709225)|HEAP_ALLOCATE|[219]|Bytes:4
07:34:11.0 (48803016)|VARIABLE_ASSIGNMENT|[219]|this.insrncBnftMap|{"a1H29000000pRTUEA2":{"Id":"a1H29000000pRTUEA2","Name":"Insurance Benefit 75 (2 more) ...","RecordTypeId":"012j00000015GS6AAM","Patient_Insurance__c":"a1b29000000lvHQAAY","PHP_Admit_Co_Payment (3 more) ...":0.00,"Deductible__c":5000.00,"Deductible_Met__c":0.00,"Max_Out_of_Pocket_Re (10 more) ...":10000.00,"Insurance_Company_is (18 more) ...":false,"Annual_Max_Remaining (3 more) ...":1000000,"Deductible_Remaining (3 more) ...":5000.00,"Detox_Pays_at__c":80.00,"RTC_Pays_at__c":80.00,"PHP_Pays_at__c":80.00,"IOP_Pays_at__c":80.00,"Uncovered_Days_Rate_ (2 more) ...":630.00,"Room_and_Board_Days_ (7 more) ...":2000.00,"Deductible_Included_ (9 more) ...":"Yes","Lifetime_Max__c":1000000.00,"Lifetime_Max_Met__c":0.00,"Annual_Max__c":1000000.00,"Annual_Max_Met__c":0.00,"Max_Out_of_Pocket__c":10000.00,"Max_Out_of_Pocket_Me (4 more) ...":0.00,"RecordType":{"Name":"In Network","Id":"012j00000015GS6AAM"},"Patient_Insurance__r":{"Opportunity__c":"00629000004NTeZAAW","Accreditation__c":"State","Insurance_Company__c":"0012900000AXSP3AAP","Id":"a1b29000000lvHQAAY","Insurance_Company__r":{"Name":"Value Options/Beacon (7 more) ...","Id":"0012900000AXSP3AAP","RecordTypeId":"012j00000015GRqAAM"}}},"a1H29000000pRTZEA2":{"Id":"a1H29000000pRTZEA2","Name":"Insurance Benefit 75 (2 more) ...","RecordTypeId":"012j00000015GS7AAM","Patient_Insurance__c":"a1b29000000lvHQAAY","PHP_Admit_Co_Payment (3 more) ...":0.00,"Deductible__c":10000.00,"Deductible_Met__c":0.00,"Max_Out_of_Pocket_Re (10 more) ...":20000.00,"Insurance_Company_is (18 more) ...":false,"Annual_Max_Remaining (3 more) ...":1000000,"Deductible_Remaining (3 more) ...":10000.00,"Detox_Pays_at__c":60.00,"RTC_Pays_at__c":60.00,"PHP_Pays_at__c":60.00,"IOP_Pays_at__c":60.00,"Uncovered_Days_Rate_ (2 more) ...":630.00,"Room_and_Board_Days_ (7 more) ...":2000.00,"Deductible_Included_ (9 more) ...":"Yes","Lifetime_Max__c":1000000.00,"Lifetime_Max_Met__c":0.00,"Annual_Max__c":1000000.00,"Annual_Max_Met__c":0.00,"Max_Out_of_Pocket__c":20000.00,"Max_Out_of_Pocket_Me (4 more) ...":0.00,"RecordType":{"Name":"Out of Network","Id":"012j00000015GS7AAM"},"Patient_Insurance__r":{"Opportunity__c":"00629000004NTeZAAW","Accreditation__c":"State","Insurance_Company__c":"0012900000AXSP3AAP","Id":"a1b29000000lvHQAAY","Insurance_Company__r":{"Name":"Value Options/Beacon (7 more) ...","Id":"0012900000AXSP3AAP","RecordTypeId":"012j00000015GRqAAM"}}}}|0x1d0dec41
07:34:11.0 (48881511)|HEAP_ALLOCATE|[EXTERNAL]|Bytes:12
07:34:11.0 (48909426)|HEAP_ALLOCATE|[263]|Bytes:2996
07:34:11.0 (49047917)|HEAP_ALLOCATE|[263]|Bytes:5
07:34:11.0 (49061301)|HEAP_ALLOCATE|[263]|Bytes:108
07:34:11.0 (49069364)|VARIABLE_SCOPE_BEGIN|[263]|insrncBnftInstance|Insurance_Benefit__c|true|false
07:34:11.0 (49105553)|VARIABLE_ASSIGNMENT|[263]|insrncBnftInstance|{"Id":"a1H29000000pRTUEA2","Name":"Insurance Benefit 75 (2 more) ...","RecordTypeId":"012j00000015GS6AAM","Patient_Insurance__c":"a1b29000000lvHQAAY","PHP_Admit_Co_Payment (3 more) ...":0.00,"Deductible__c":5000.00,"Deductible_Met__c":0.00,"Max_Out_of_Pocket_Re (10 more) ...":10000.00,"Insurance_Company_is (18 more) ...":false,"Annual_Max_Remaining (3 more) ...":1000000,"Deductible_Remaining (3 more) ...":5000.00,"Detox_Pays_at__c":80.00,"RTC_Pays_at__c":80.00,"PHP_Pays_at__c":80.00,"IOP_Pays_at__c":80.00,"Uncovered_Days_Rate_ (2 more) ...":630.00,"Room_and_Board_Days_ (7 more) ...":2000.00,"Deductible_Included_ (9 more) ...":"Yes","Lifetime_Max__c":1000000.00,"Lifetime_Max_Met__c":0.00,"Annual_Max__c":1000000.00,"Annual_Max_Met__c":0.00,"Max_Out_of_Pocket__c":10000.00,"Max_Out_of_Pocket_Me (4 more) ...":0.00,"RecordType":{"Name":"In Network","Id":"012j00000015GS6AAM"},"Patient_Insurance__r":{"Opportunity__c":"00629000004NTeZAAW","Accreditation__c":"State","Insurance_Company__c":"0012900000AXSP3AAP","Id":"a1b29000000lvHQAAY","Insurance_Company__r":{"Name":"Value Options/Beacon (7 more) ...","Id":"0012900000AXSP3AAP","RecordTypeId":"012j00000015GRqAAM"}}}|0x25488ef
07:34:11.0 (49123639)|STATEMENT_EXECUTE|[263]
07:34:11.0 (49125382)|STATEMENT_EXECUTE|[264]
07:34:11.0 (49167257)|HEAP_ALLOCATE|[264]|Bytes:18
07:34:11.0 (49217585)|HEAP_ALLOCATE|[264]|Bytes:3
07:34:11.0 (49235892)|HEAP_ALLOCATE|[264]|Bytes:35
07:34:11.0 (49298353)|HEAP_ALLOCATE|[EXTERNAL]|Bytes:4
07:34:11.0 (49312582)|HEAP_ALLOCATE|[263]|Bytes:5
07:34:11.0 (49322129)|HEAP_ALLOCATE|[263]|Bytes:108
07:34:11.0 (49327790)|VARIABLE_SCOPE_BEGIN|[263]|insrncBnftInstance|Insurance_Benefit__c|true|false
07:34:11.0 (49360155)|VARIABLE_ASSIGNMENT|[263]|insrncBnftInstance|{"Id":"a1H29000000pRTZEA2","Name":"Insurance Benefit 75 (2 more) ...","RecordTypeId":"012j00000015GS7AAM","Patient_Insurance__c":"a1b29000000lvHQAAY","PHP_Admit_Co_Payment (3 more) ...":0.00,"Deductible__c":10000.00,"Deductible_Met__c":0.00,"Max_Out_of_Pocket_Re (10 more) ...":20000.00,"Insurance_Company_is (18 more) ...":false,"Annual_Max_Remaining (3 more) ...":1000000,"Deductible_Remaining (3 more) ...":10000.00,"Detox_Pays_at__c":60.00,"RTC_Pays_at__c":60.00,"PHP_Pays_at__c":60.00,"IOP_Pays_at__c":60.00,"Uncovered_Days_Rate_ (2 more) ...":630.00,"Room_and_Board_Days_ (7 more) ...":2000.00,"Deductible_Included_ (9 more) ...":"Yes","Lifetime_Max__c":1000000.00,"Lifetime_Max_Met__c":0.00,"Annual_Max__c":1000000.00,"Annual_Max_Met__c":0.00,"Max_Out_of_Pocket__c":20000.00,"Max_Out_of_Pocket_Me (4 more) ...":0.00,"RecordType":{"Name":"Out of Network","Id":"012j00000015GS7AAM"},"Patient_Insurance__r":{"Opportunity__c":"00629000004NTeZAAW","Accreditation__c":"State","Insurance_Company__c":"0012900000AXSP3AAP","Id":"a1b29000000lvHQAAY","Insurance_Company__r":{"Name":"Value Options/Beacon (7 more) ...","Id":"0012900000AXSP3AAP","RecordTypeId":"012j00000015GRqAAM"}}}|0x1e3d6e7c
07:34:11.0 (49377536)|STATEMENT_EXECUTE|[263]
07:34:11.0 (49378843)|STATEMENT_EXECUTE|[264]
07:34:11.0 (49389358)|HEAP_ALLOCATE|[264]|Bytes:18
07:34:11.0 (49405721)|HEAP_ALLOCATE|[264]|Bytes:39
07:34:11.0 (49415863)|HEAP_ALLOCATE|[EXTERNAL]|Bytes:4
07:34:11.0 (49424856)|HEAP_ALLOCATE|[263]|Bytes:5
07:34:11.0 (49432774)|VARIABLE_ASSIGNMENT|[263]|insrncBnftInstance|null|
07:34:11.0 (49535531)|VARIABLE_ASSIGNMENT|[EXTERNAL]|this|{"estmtCvrgeDaysObj":"0x622b7587","faciltyOptions":"0x4945fd23","fcltyPrgrmOptions":"0xc2879d7","idToOwnershipFacilit (4 more) ...":"0xbe9748a","idToTypeFacilityMap":"0x32d7af3d","insrncBnftMap":"0x1bc95691","insrncBnftOptions":"0x1b34dd24","isIop":false,"isTalbott":false,"meta":"0x5bb9a7ec","oppId":"00629000004NTeZ","pawObj":"0x549845e1","ptntInsrnceOptions":"0x6f3b2f3b","ptntInsrncMap":"0x52db1205","ptntInsrncObj":"0x33fd4e83","quoteObj":"0x44cb4975","recordId":"00629000004NTeZ","rtAdjstmntOptions":"0x526abb40","showPILookup":false,"sObjectQueryStr":"","wrprObj":"0x146e6f4e"}|0x1d0dec41
07:34:11.0 (49635453)|VARIABLE_ASSIGNMENT|[EXTERNAL]|this|{"insrncBnftSelected":"","pawDetailListDisplay (4 more) ...":false,"pyAgrmntWrksht":"0x43170ce9","relatedPAWDetailsLis (1 more) ...":"0x3ef13830","targetEDR":0.00,"totalAppliedDeductib (2 more) ...":0.00,"totalCoInsurance":0.00,"totalCoPayAmt":0.00,"totalInsCoResp":0.00,"totalInsEIVAmt":0.00,"totalRowCount":0,"totalTalbottDay":0}|0x146e6f4e
07:34:11.0 (49694846)|VARIABLE_ASSIGNMENT|[EXTERNAL]|this|{"estmtCvrgeDaysObj":"0x622b7587","faciltyOptions":"0x4945fd23","fcltyPrgrmOptions":"0xc2879d7","idToOwnershipFacilit (4 more) ...":"0xbe9748a","idToTypeFacilityMap":"0x32d7af3d","insrncBnftMap":"0x1bc95691","insrncBnftOptions":"0x1b34dd24","isIop":false,"isTalbott":false,"meta":"0x5bb9a7ec","oppId":"00629000004NTeZ","pawObj":"0x549845e1","ptntInsrnceOptions":"0x6f3b2f3b","ptntInsrncMap":"0x52db1205","ptntInsrncObj":"0x33fd4e83","quoteObj":"0x44cb4975","recordId":"00629000004NTeZ","rtAdjstmntOptions":"0x526abb40","showPILookup":false,"sObjectQueryStr":"","wrprObj":"0x146e6f4e"}|0x1d0dec41
07:34:11.0 (49737416)|VARIABLE_ASSIGNMENT|[EXTERNAL]|this|{"insrncBnftSelected":"","pawDetailListDisplay (4 more) ...":false,"pyAgrmntWrksht":"0x43170ce9","relatedPAWDetailsLis (1 more) ...":"0x3ef13830","targetEDR":0.00,"totalAppliedDeductib (2 more) ...":0.00,"totalCoInsurance":0.00,"totalCoPayAmt":0.00,"totalInsCoResp":0.00,"totalInsEIVAmt":0.00,"totalRowCount":0,"totalTalbottDay":0}|0x146e6f4e
07:34:11.0 (49761559)|STATEMENT_EXECUTE|[269]
07:34:11.0 (49763040)|STATEMENT_EXECUTE|[270]
07:34:11.0 (49814461)|VARIABLE_ASSIGNMENT|[EXTERNAL]|this|{"estmtCvrgeDaysObj":"0x622b7587","faciltyOptions":"0x4945fd23","fcltyPrgrmOptions":"0xc2879d7","idToOwnershipFacilit (4 more) ...":"0xbe9748a","idToTypeFacilityMap":"0x32d7af3d","insrncBnftMap":"0x1bc95691","insrncBnftOptions":"0x1b34dd24","isIop":false,"isTalbott":false,"meta":"0x5bb9a7ec","oppId":"00629000004NTeZ","pawObj":"0x549845e1","ptntInsrnceOptions":"0x6f3b2f3b","ptntInsrncMap":"0x52db1205","ptntInsrncObj":"0x33fd4e83","quoteObj":"0x44cb4975","recordId":"00629000004NTeZ","rtAdjstmntOptions":"0x526abb40","showPILookup":false,"sObjectQueryStr":"","wrprObj":"0x146e6f4e"}|0x1d0dec41
07:34:11.0 (49860809)|VARIABLE_ASSIGNMENT|[EXTERNAL]|this|{"insrncBnftSelected":"","pawDetailListDisplay (4 more) ...":false,"pyAgrmntWrksht":"0x43170ce9","relatedPAWDetailsLis (1 more) ...":"0x3ef13830","targetEDR":0.00,"totalAppliedDeductib (2 more) ...":0.00,"totalCoInsurance":0.00,"totalCoPayAmt":0.00,"totalInsCoResp":0.00,"totalInsEIVAmt":0.00,"totalRowCount":0,"totalTalbottDay":0}|0x146e6f4e
07:34:11.0 (49870592)|VARIABLE_ASSIGNMENT|[EXTERNAL]|value|null|
07:34:11.0 (49878361)|VARIABLE_ASSIGNMENT|[524]|this.insrncBnft|null|0x146e6f4e
07:34:11.0 (49885028)|STATEMENT_EXECUTE|[272]
07:34:11.54 (54739868)|SYSTEM_MODE_ENTER|true
07:34:11.54 (54802102)|HEAP_ALLOCATE|[EXTERNAL]|Bytes:8
07:34:11.54 (54811758)|VARIABLE_SCOPE_BEGIN|[88]|this|ApexPage.PageMessagesComponentController|true|false
07:34:11.54 (54841541)|VARIABLE_ASSIGNMENT|[88]|this|{}|0x79f004c3
07:34:11.54 (54847288)|VARIABLE_SCOPE_BEGIN|[88]|escape|Boolean|false|false
07:34:11.54 (54853773)|VARIABLE_ASSIGNMENT|[88]|escape|null
07:34:11.0 (55156394)|HEAP_ALLOCATE|[EXTERNAL]|Bytes:18
07:34:11.0 (55171285)|HEAP_ALLOCATE|[EXTERNAL]|Bytes:84
07:34:11.0 (55180810)|VARIABLE_ASSIGNMENT|[EXTERNAL]|this.insrncBnftSelected|"a1H29000000pRTUEA2"|0x146e6f4e
07:34:11.0 (55228545)|HEAP_ALLOCATE|[EXTERNAL]|Bytes:84
07:34:11.0 (55235632)|VARIABLE_ASSIGNMENT|[EXTERNAL]|this.facilitySelected|null|0x146e6f4e
07:34:11.0 (55273915)|HEAP_ALLOCATE|[EXTERNAL]|Bytes:84
07:34:11.0 (55280569)|VARIABLE_ASSIGNMENT|[EXTERNAL]|this.rateAdjstmntSelected|null|0x146e6f4e
07:34:11.0 (55317592)|HEAP_ALLOCATE|[EXTERNAL]|Bytes:84
07:34:11.0 (55323318)|VARIABLE_ASSIGNMENT|[EXTERNAL]|this.fcltyPrgrmSelected|null|0x146e6f4e
07:34:11.0 (59036860)|HEAP_ALLOCATE|[EXTERNAL]|Bytes:112
07:34:11.0 (59048020)|VARIABLE_SCOPE_BEGIN|[276]|this|PAW_New_EditCntrllr|true|false
07:34:11.0 (59116189)|VARIABLE_ASSIGNMENT|[276]|this|{"estmtCvrgeDaysObj":"0x622b7587","faciltyOptions":"0x4945fd23","fcltyPrgrmOptions":"0xc2879d7","idToOwnershipFacilit (4 more) ...":"0xbe9748a","idToTypeFacilityMap":"0x32d7af3d","insrncBnftMap":"0x1bc95691","insrncBnftOptions":"0x1b34dd24","isIop":false,"isTalbott":false,"meta":"0x5bb9a7ec","oppId":"00629000004NTeZ","pawObj":"0x549845e1","ptntInsrnceOptions":"0x6f3b2f3b","ptntInsrncMap":"0x52db1205","ptntInsrncObj":"0x33fd4e83","quoteObj":"0x44cb4975","recordId":"00629000004NTeZ","rtAdjstmntOptions":"0x526abb40","showPILookup":false,"sObjectQueryStr":"","wrprObj":"0x146e6f4e"}|0x1d0dec41
07:34:11.0 (59131904)|STATEMENT_EXECUTE|[276]
07:34:11.0 (59133571)|STATEMENT_EXECUTE|[277]
07:34:11.0 (59146950)|HEAP_ALLOCATE|[277]|Bytes:4
07:34:11.0 (59241205)|VARIABLE_ASSIGNMENT|[EXTERNAL]|this|{"estmtCvrgeDaysObj":"0x622b7587","faciltyOptions":"0x4945fd23","fcltyPrgrmOptions":"0xc2879d7","idToOwnershipFacilit (4 more) ...":"0xbe9748a","idToTypeFacilityMap":"0x32d7af3d","insrncBnftMap":"0x1bc95691","insrncBnftOptions":"0x1b34dd24","isIop":false,"isTalbott":false,"meta":"0x5bb9a7ec","oppId":"00629000004NTeZ","pawObj":"0x549845e1","ptntInsrnceOptions":"0x6f3b2f3b","ptntInsrncMap":"0x52db1205","ptntInsrncObj":"0x33fd4e83","quoteObj":"0x44cb4975","recordId":"00629000004NTeZ","rtAdjstmntOptions":"0x526abb40","showPILookup":false,"sObjectQueryStr":"","wrprObj":"0x146e6f4e"}|0x1d0dec41
07:34:11.0 (59279642)|HEAP_ALLOCATE|[EXTERNAL]|Bytes:4
07:34:11.0 (59288237)|VARIABLE_ASSIGNMENT|[EXTERNAL]|value|[]|0x2459786d
07:34:11.0 (59299189)|VARIABLE_ASSIGNMENT|[14]|this.faciltyOptions|[]|0x1d0dec41
07:34:11.0 (59308216)|STATEMENT_EXECUTE|[278]
07:34:11.0 (59314796)|HEAP_ALLOCATE|[278]|Bytes:4
07:34:11.0 (59403336)|VARIABLE_ASSIGNMENT|[EXTERNAL]|this|{"estmtCvrgeDaysObj":"0x622b7587","faciltyOptions":"0x2459786d","fcltyPrgrmOptions":"0xc2879d7","idToOwnershipFacilit (4 more) ...":"0xbe9748a","idToTypeFacilityMap":"0x32d7af3d","insrncBnftMap":"0x1bc95691","insrncBnftOptions":"0x1b34dd24","isIop":false,"isTalbott":false,"meta":"0x5bb9a7ec","oppId":"00629000004NTeZ","pawObj":"0x549845e1","ptntInsrnceOptions":"0x6f3b2f3b","ptntInsrncMap":"0x52db1205","ptntInsrncObj":"0x33fd4e83","quoteObj":"0x44cb4975","recordId":"00629000004NTeZ","rtAdjstmntOptions":"0x526abb40","showPILookup":false,"sObjectQueryStr":"","wrprObj":"0x146e6f4e"}|0x1d0dec41
07:34:11.0 (59427045)|HEAP_ALLOCATE|[EXTERNAL]|Bytes:4
07:34:11.0 (59432211)|VARIABLE_ASSIGNMENT|[EXTERNAL]|value|[]|0x6128cb05
07:34:11.0 (59441500)|VARIABLE_ASSIGNMENT|[15]|this.fcltyPrgrmOptions|[]|0x1d0dec41
07:34:11.0 (59452826)|STATEMENT_EXECUTE|[279]
07:34:11.0 (59462203)|HEAP_ALLOCATE|[279]|Bytes:4
07:34:11.0 (59500236)|HEAP_ALLOCATE|[EXTERNAL]|Bytes:4
07:34:11.0 (59509365)|VARIABLE_ASSIGNMENT|[279]|this.rtAdjstmntOptions|[]|0x1d0dec41
07:34:11.0 (59514108)|STATEMENT_EXECUTE|[280]
07:34:11.0 (59577343)|VARIABLE_ASSIGNMENT|[EXTERNAL]|this|{"estmtCvrgeDaysObj":"0x622b7587","faciltyOptions":"0x2459786d","fcltyPrgrmOptions":"0x6128cb05","idToOwnershipFacilit (4 more) ...":"0xbe9748a","idToTypeFacilityMap":"0x32d7af3d","insrncBnftMap":"0x1bc95691","insrncBnftOptions":"0x1b34dd24","isIop":false,"isTalbott":false,"meta":"0x5bb9a7ec","oppId":"00629000004NTeZ","pawObj":"0x549845e1","ptntInsrnceOptions":"0x6f3b2f3b","ptntInsrncMap":"0x52db1205","ptntInsrncObj":"0x33fd4e83","quoteObj":"0x44cb4975","recordId":"00629000004NTeZ","rtAdjstmntOptions":"0x5869fbc","showPILookup":false,"sObjectQueryStr":"","wrprObj":"0x146e6f4e"}|0x1d0dec41
07:34:11.0 (59639698)|VARIABLE_ASSIGNMENT|[EXTERNAL]|this|{"insrncBnftSelected":"a1H29000000pRTUEA2","pawDetailListDisplay (4 more) ...":false,"pyAgrmntWrksht":"0x43170ce9","relatedPAWDetailsLis (1 more) ...":"0x3ef13830","targetEDR":0.00,"totalAppliedDeductib (2 more) ...":0.00,"totalCoInsurance":0.00,"totalCoPayAmt":0.00,"totalInsCoResp":0.00,"totalInsEIVAmt":0.00,"totalRowCount":0,"totalTalbottDay":0}|0x146e6f4e
07:34:11.0 (59651184)|VARIABLE_ASSIGNMENT|[EXTERNAL]|value|""
07:34:11.0 (59658969)|VARIABLE_ASSIGNMENT|[526]|this.facilitySelected|""|0x146e6f4e
07:34:11.0 (59665466)|STATEMENT_EXECUTE|[281]
07:34:11.0 (59721844)|VARIABLE_ASSIGNMENT|[EXTERNAL]|this|{"estmtCvrgeDaysObj":"0x622b7587","faciltyOptions":"0x2459786d","fcltyPrgrmOptions":"0x6128cb05","idToOwnershipFacilit (4 more) ...":"0xbe9748a","idToTypeFacilityMap":"0x32d7af3d","insrncBnftMap":"0x1bc95691","insrncBnftOptions":"0x1b34dd24","isIop":false,"isTalbott":false,"meta":"0x5bb9a7ec","oppId":"00629000004NTeZ","pawObj":"0x549845e1","ptntInsrnceOptions":"0x6f3b2f3b","ptntInsrncMap":"0x52db1205","ptntInsrncObj":"0x33fd4e83","quoteObj":"0x44cb4975","recordId":"00629000004NTeZ","rtAdjstmntOptions":"0x5869fbc","showPILookup":false,"sObjectQueryStr":"","wrprObj":"0x146e6f4e"}|0x1d0dec41
07:34:11.0 (59740026)|HEAP_ALLOCATE|[281]|Bytes:8
07:34:11.0 (59770065)|HEAP_ALLOCATE|[EXTERNAL]|Bytes:4
07:34:11.0 (59825656)|VARIABLE_ASSIGNMENT|[EXTERNAL]|this|{"estmtCvrgeDaysObj":"0x622b7587","faciltyOptions":"0x2459786d","fcltyPrgrmOptions":"0x6128cb05","idToOwnershipFacilit (4 more) ...":"0xbe9748a","idToTypeFacilityMap":"0x32d7af3d","insrncBnftMap":"0x1bc95691","insrncBnftOptions":"0x1b34dd24","isIop":false,"isTalbott":false,"meta":"0x5bb9a7ec","oppId":"00629000004NTeZ","pawObj":"0x549845e1","ptntInsrnceOptions":"0x6f3b2f3b","ptntInsrncMap":"0x52db1205","ptntInsrncObj":"0x33fd4e83","quoteObj":"0x44cb4975","recordId":"00629000004NTeZ","rtAdjstmntOptions":"0x5869fbc","showPILookup":false,"sObjectQueryStr":"","wrprObj":"0x146e6f4e"}|0x1d0dec41
07:34:11.0 (59872002)|VARIABLE_ASSIGNMENT|[EXTERNAL]|this|{"facilitySelected":"","insrncBnftSelected":"a1H29000000pRTUEA2","pawDetailListDisplay (4 more) ...":false,"pyAgrmntWrksht":"0x43170ce9","relatedPAWDetailsLis (1 more) ...":"0x3ef13830","targetEDR":0.00,"totalAppliedDeductib (2 more) ...":0.00,"totalCoInsurance":0.00,"totalCoPayAmt":0.00,"totalInsCoResp":0.00,"totalInsEIVAmt":0.00,"totalRowCount":0,"totalTalbottDay":0}|0x146e6f4e
07:34:11.0 (59926999)|VARIABLE_ASSIGNMENT|[EXTERNAL]|this|{"estmtCvrgeDaysObj":"0x622b7587","faciltyOptions":"0x2459786d","fcltyPrgrmOptions":"0x6128cb05","idToOwnershipFacilit (4 more) ...":"0xbe9748a","idToTypeFacilityMap":"0x32d7af3d","insrncBnftMap":"0x1bc95691","insrncBnftOptions":"0x1b34dd24","isIop":false,"isTalbott":false,"meta":"0x5bb9a7ec","oppId":"00629000004NTeZ","pawObj":"0x549845e1","ptntInsrnceOptions":"0x6f3b2f3b","ptntInsrncMap":"0x52db1205","ptntInsrncObj":"0x33fd4e83","quoteObj":"0x44cb4975","recordId":"00629000004NTeZ","rtAdjstmntOptions":"0x5869fbc","showPILookup":false,"sObjectQueryStr":"","wrprObj":"0x146e6f4e"}|0x1d0dec41
07:34:11.0 (59969142)|VARIABLE_ASSIGNMENT|[EXTERNAL]|this|{"facilitySelected":"","insrncBnftSelected":"a1H29000000pRTUEA2","pawDetailListDisplay (4 more) ...":false,"pyAgrmntWrksht":"0x43170ce9","relatedPAWDetailsLis (1 more) ...":"0x3ef13830","targetEDR":0.00,"totalAppliedDeductib (2 more) ...":0.00,"totalCoInsurance":0.00,"totalCoPayAmt":0.00,"totalInsCoResp":0.00,"totalInsEIVAmt":0.00,"totalRowCount":0,"totalTalbottDay":0}|0x146e6f4e
07:34:11.0 (59993995)|STATEMENT_EXECUTE|[282]
07:34:11.0 (59995315)|STATEMENT_EXECUTE|[283]
07:34:11.0 (60046652)|VARIABLE_ASSIGNMENT|[EXTERNAL]|this|{"estmtCvrgeDaysObj":"0x622b7587","faciltyOptions":"0x2459786d","fcltyPrgrmOptions":"0x6128cb05","idToOwnershipFacilit (4 more) ...":"0xbe9748a","idToTypeFacilityMap":"0x32d7af3d","insrncBnftMap":"0x1bc95691","insrncBnftOptions":"0x1b34dd24","isIop":false,"isTalbott":false,"meta":"0x5bb9a7ec","oppId":"00629000004NTeZ","pawObj":"0x549845e1","ptntInsrnceOptions":"0x6f3b2f3b","ptntInsrncMap":"0x52db1205","ptntInsrncObj":"0x33fd4e83","quoteObj":"0x44cb4975","recordId":"00629000004NTeZ","rtAdjstmntOptions":"0x5869fbc","showPILookup":false,"sObjectQueryStr":"","wrprObj":"0x146e6f4e"}|0x1d0dec41
07:34:11.0 (60089864)|VARIABLE_ASSIGNMENT|[EXTERNAL]|this|{"facilitySelected":"","insrncBnftSelected":"a1H29000000pRTUEA2","pawDetailListDisplay (4 more) ...":false,"pyAgrmntWrksht":"0x43170ce9","relatedPAWDetailsLis (1 more) ...":"0x3ef13830","targetEDR":0.00,"totalAppliedDeductib (2 more) ...":0.00,"totalCoInsurance":0.00,"totalCoPayAmt":0.00,"totalInsCoResp":0.00,"totalInsEIVAmt":0.00,"totalRowCount":0,"totalTalbottDay":0}|0x146e6f4e
07:34:11.0 (60168985)|VARIABLE_ASSIGNMENT|[EXTERNAL]|this|{"estmtCvrgeDaysObj":"0x622b7587","faciltyOptions":"0x2459786d","fcltyPrgrmOptions":"0x6128cb05","idToOwnershipFacilit (4 more) ...":"0xbe9748a","idToTypeFacilityMap":"0x32d7af3d","insrncBnftMap":"0x1bc95691","insrncBnftOptions":"0x1b34dd24","isIop":false,"isTalbott":false,"meta":"0x5bb9a7ec","oppId":"00629000004NTeZ","pawObj":"0x549845e1","ptntInsrnceOptions":"0x6f3b2f3b","ptntInsrncMap":"0x52db1205","ptntInsrncObj":"0x33fd4e83","quoteObj":"0x44cb4975","recordId":"00629000004NTeZ","rtAdjstmntOptions":"0x5869fbc","showPILookup":false,"sObjectQueryStr":"","wrprObj":"0x146e6f4e"}|0x1d0dec41
07:34:11.0 (60211173)|VARIABLE_ASSIGNMENT|[EXTERNAL]|this|{"facilitySelected":"","insrncBnftSelected":"a1H29000000pRTUEA2","pawDetailListDisplay (4 more) ...":false,"pyAgrmntWrksht":"0x43170ce9","relatedPAWDetailsLis (1 more) ...":"0x3ef13830","targetEDR":0.00,"totalAppliedDeductib (2 more) ...":0.00,"totalCoInsurance":0.00,"totalCoPayAmt":0.00,"totalInsCoResp":0.00,"totalInsEIVAmt":0.00,"totalRowCount":0,"totalTalbottDay":0}|0x146e6f4e
07:34:11.0 (60249821)|VARIABLE_ASSIGNMENT|[EXTERNAL]|value|{"Id":"a1H29000000pRTUEA2","Name":"Insurance Benefit 75 (2 more) ...","RecordTypeId":"012j00000015GS6AAM","Patient_Insurance__c":"a1b29000000lvHQAAY","PHP_Admit_Co_Payment (3 more) ...":0.00,"Deductible__c":5000.00,"Deductible_Met__c":0.00,"Max_Out_of_Pocket_Re (10 more) ...":10000.00,"Insurance_Company_is (18 more) ...":false,"Annual_Max_Remaining (3 more) ...":1000000,"Deductible_Remaining (3 more) ...":5000.00,"Detox_Pays_at__c":80.00,"RTC_Pays_at__c":80.00,"PHP_Pays_at__c":80.00,"IOP_Pays_at__c":80.00,"Uncovered_Days_Rate_ (2 more) ...":630.00,"Room_and_Board_Days_ (7 more) ...":2000.00,"Deductible_Included_ (9 more) ...":"Yes","Lifetime_Max__c":1000000.00,"Lifetime_Max_Met__c":0.00,"Annual_Max__c":1000000.00,"Annual_Max_Met__c":0.00,"Max_Out_of_Pocket__c":10000.00,"Max_Out_of_Pocket_Me (4 more) ...":0.00,"RecordType":{"Name":"In Network","Id":"012j00000015GS6AAM"},"Patient_Insurance__r":{"Opportunity__c":"00629000004NTeZAAW","Accreditation__c":"State","Insurance_Company__c":"0012900000AXSP3AAP","Id":"a1b29000000lvHQAAY","Insurance_Company__r":{"Name":"Value Options/Beacon (7 more) ...","Id":"0012900000AXSP3AAP","RecordTypeId":"012j00000015GRqAAM"}}}|0x25488ef
07:34:11.0 (60289253)|VARIABLE_ASSIGNMENT|[524]|this.insrncBnft|{"Id":"a1H29000000pRTUEA2","Name":"Insurance Benefit 75 (2 more) ...","RecordTypeId":"012j00000015GS6AAM","Patient_Insurance__c":"a1b29000000lvHQAAY","PHP_Admit_Co_Payment (3 more) ...":0.00,"Deductible__c":5000.00,"Deductible_Met__c":0.00,"Max_Out_of_Pocket_Re (10 more) ...":10000.00,"Insurance_Company_is (18 more) ...":false,"Annual_Max_Remaining (3 more) ...":1000000,"Deductible_Remaining (3 more) ...":5000.00,"Detox_Pays_at__c":80.00,"RTC_Pays_at__c":80.00,"PHP_Pays_at__c":80.00,"IOP_Pays_at__c":80.00,"Uncovered_Days_Rate_ (2 more) ...":630.00,"Room_and_Board_Days_ (7 more) ...":2000.00,"Deductible_Included_ (9 more) ...":"Yes","Lifetime_Max__c":1000000.00,"Lifetime_Max_Met__c":0.00,"Annual_Max__c":1000000.00,"Annual_Max_Met__c":0.00,"Max_Out_of_Pocket__c":10000.00,"Max_Out_of_Pocket_Me (4 more) ...":0.00,"RecordType":{"Name":"In Network","Id":"012j00000015GS6AAM"},"Patient_Insurance__r":{"Opportunity__c":"00629000004NTeZAAW","Accreditation__c":"State","Insurance_Company__c":"0012900000AXSP3AAP","Id":"a1b29000000lvHQAAY","Insurance_Company__r":{"Name":"Value Options/Beacon (7 more) ...","Id":"0012900000AXSP3AAP","RecordTypeId":"012j00000015GRqAAM"}}}|0x146e6f4e
07:34:11.0 (60307939)|STATEMENT_EXECUTE|[284]
07:34:11.0 (60359311)|VARIABLE_ASSIGNMENT|[EXTERNAL]|this|{"estmtCvrgeDaysObj":"0x622b7587","faciltyOptions":"0x2459786d","fcltyPrgrmOptions":"0x6128cb05","idToOwnershipFacilit (4 more) ...":"0xbe9748a","idToTypeFacilityMap":"0x32d7af3d","insrncBnftMap":"0x1bc95691","insrncBnftOptions":"0x1b34dd24","isIop":false,"isTalbott":false,"meta":"0x5bb9a7ec","oppId":"00629000004NTeZ","pawObj":"0x549845e1","ptntInsrnceOptions":"0x6f3b2f3b","ptntInsrncMap":"0x52db1205","ptntInsrncObj":"0x33fd4e83","quoteObj":"0x44cb4975","recordId":"00629000004NTeZ","rtAdjstmntOptions":"0x5869fbc","showPILookup":false,"sObjectQueryStr":"","wrprObj":"0x146e6f4e"}|0x1d0dec41
07:34:11.0 (60408079)|VARIABLE_ASSIGNMENT|[EXTERNAL]|this|{"facilitySelected":"","insrncBnft":"0x25488ef","insrncBnftSelected":"a1H29000000pRTUEA2","pawDetailListDisplay (4 more) ...":false,"pyAgrmntWrksht":"0x43170ce9","relatedPAWDetailsLis (1 more) ...":"0x3ef13830","targetEDR":0.00,"totalAppliedDeductib (2 more) ...":0.00,"totalCoInsurance":0.00,"totalCoPayAmt":0.00,"totalInsCoResp":0.00,"totalInsEIVAmt":0.00,"totalRowCount":0,"totalTalbottDay":0}|0x146e6f4e
07:34:11.0 (60482903)|VARIABLE_ASSIGNMENT|[EXTERNAL]|this|{"estmtCvrgeDaysObj":"0x622b7587","faciltyOptions":"0x2459786d","fcltyPrgrmOptions":"0x6128cb05","idToOwnershipFacilit (4 more) ...":"0xbe9748a","idToTypeFacilityMap":"0x32d7af3d","insrncBnftMap":"0x1bc95691","insrncBnftOptions":"0x1b34dd24","isIop":false,"isTalbott":false,"meta":"0x5bb9a7ec","oppId":"00629000004NTeZ","pawObj":"0x549845e1","ptntInsrnceOptions":"0x6f3b2f3b","ptntInsrncMap":"0x52db1205","ptntInsrncObj":"0x33fd4e83","quoteObj":"0x44cb4975","recordId":"00629000004NTeZ","rtAdjstmntOptions":"0x5869fbc","showPILookup":false,"sObjectQueryStr":"","wrprObj":"0x146e6f4e"}|0x1d0dec41
07:34:11.0 (60526943)|VARIABLE_ASSIGNMENT|[EXTERNAL]|this|{"facilitySelected":"","insrncBnft":"0x25488ef","insrncBnftSelected":"a1H29000000pRTUEA2","pawDetailListDisplay (4 more) ...":false,"pyAgrmntWrksht":"0x43170ce9","relatedPAWDetailsLis (1 more) ...":"0x3ef13830","targetEDR":0.00,"totalAppliedDeductib (2 more) ...":0.00,"totalCoInsurance":0.00,"totalCoPayAmt":0.00,"totalInsCoResp":0.00,"totalInsEIVAmt":0.00,"totalRowCount":0,"totalTalbottDay":0}|0x146e6f4e
07:34:11.0 (60587153)|VARIABLE_ASSIGNMENT|[284]|this.Deductible_Included_in_OOP__c|"Yes"|0x43170ce9
07:34:11.0 (60592912)|STATEMENT_EXECUTE|[285]
07:34:11.0 (60616358)|HEAP_ALLOCATE|[285]|Bytes:4
07:34:11.0 (60622979)|HEAP_ALLOCATE|[285]|Bytes:315
07:34:11.0 (60633169)|HEAP_ALLOCATE|[285]|Bytes:4
07:34:11.0 (60694308)|VARIABLE_ASSIGNMENT|[EXTERNAL]|this|{"estmtCvrgeDaysObj":"0x622b7587","faciltyOptions":"0x2459786d","fcltyPrgrmOptions":"0x6128cb05","idToOwnershipFacilit (4 more) ...":"0xbe9748a","idToTypeFacilityMap":"0x32d7af3d","insrncBnftMap":"0x1bc95691","insrncBnftOptions":"0x1b34dd24","isIop":false,"isTalbott":false,"meta":"0x5bb9a7ec","oppId":"00629000004NTeZ","pawObj":"0x549845e1","ptntInsrnceOptions":"0x6f3b2f3b","ptntInsrncMap":"0x52db1205","ptntInsrncObj":"0x33fd4e83","quoteObj":"0x44cb4975","recordId":"00629000004NTeZ","rtAdjstmntOptions":"0x5869fbc","showPILookup":false,"sObjectQueryStr":"","wrprObj":"0x146e6f4e"}|0x1d0dec41
07:34:11.0 (60739687)|VARIABLE_ASSIGNMENT|[EXTERNAL]|this|{"facilitySelected":"","insrncBnft":"0x25488ef","insrncBnftSelected":"a1H29000000pRTUEA2","pawDetailListDisplay (4 more) ...":false,"pyAgrmntWrksht":"0x43170ce9","relatedPAWDetailsLis (1 more) ...":"0x3ef13830","targetEDR":0.00,"totalAppliedDeductib (2 more) ...":0.00,"totalCoInsurance":0.00,"totalCoPayAmt":0.00,"totalInsCoResp":0.00,"totalInsEIVAmt":0.00,"totalRowCount":0,"totalTalbottDay":0}|0x146e6f4e
07:34:11.0 (61670049)|SOQL_EXECUTE_BEGIN|[285]|Aggregations:0|SELECT Id, DTX_Days__c, FRN_Facility__c, FRN_Facility__r.Name, FRN_Facility__r.Ownership, FRN_Facility__r.FRN_Facility_Type__c, Insurance_Benefit__c, IOP_Days__c, PHP_Days__c, RTC_Days__c, Total_Copay__c FROM Estimated_Coverage_Days__c WHERE Insurance_Benefit__c = :tmpVar1 ORDER BY LastModifiedDate ASC NULLS FIRST
07:34:11.0 (66721465)|SOQL_EXECUTE_END|[285]|Rows:1
07:34:11.0 (66744450)|HEAP_ALLOCATE|[285]|Bytes:8
07:34:11.0 (66767114)|HEAP_ALLOCATE|[285]|Bytes:532
07:34:11.0 (66817292)|HEAP_ALLOCATE|[285]|Bytes:8
07:34:11.0 (66852522)|HEAP_ALLOCATE|[285]|Bytes:40
07:34:11.0 (66862053)|HEAP_ALLOCATE|[285]|Bytes:4
07:34:11.0 (66895753)|VARIABLE_ASSIGNMENT|[285]|this.estmtCnrgDaysMap|{"a18290000007st9AAA":{"Id":"a18290000007st9AAA","DTX_Days__c":0,"FRN_Facility__c":"001j000000NqKMtAAN","Insurance_Benefit__c":"a1H29000000pRTUEA2","IOP_Days__c":0,"PHP_Days__c":13,"RTC_Days__c":7,"Total_Copay__c":0.00,"FRN_Facility__r":{"Name":"Black Bear Lodge","Ownership":"FRN","FRN_Facility_Type__c":"Residential Treatmen (1 more) ...","Id":"001j000000NqKMtAAN","RecordTypeId":"012j00000015GRpAAM"}}}|0x1d0dec41
07:34:11.0 (66963465)|HEAP_ALLOCATE|[EXTERNAL]|Bytes:8
07:34:11.0 (66982179)|HEAP_ALLOCATE|[299]|Bytes:539
07:34:11.0 (67114960)|HEAP_ALLOCATE|[299]|Bytes:5
07:34:11.0 (67128696)|HEAP_ALLOCATE|[299]|Bytes:40
07:34:11.0 (67135808)|VARIABLE_SCOPE_BEGIN|[299]|estmtInstance|Estimated_Coverage_Days__c|true|false
07:34:11.0 (67160878)|VARIABLE_ASSIGNMENT|[299]|estmtInstance|{"Id":"a18290000007st9AAA","DTX_Days__c":0,"FRN_Facility__c":"001j000000NqKMtAAN","Insurance_Benefit__c":"a1H29000000pRTUEA2","IOP_Days__c":0,"PHP_Days__c":13,"RTC_Days__c":7,"Total_Copay__c":0.00,"FRN_Facility__r":{"Name":"Black Bear Lodge","Ownership":"FRN","FRN_Facility_Type__c":"Residential Treatmen (1 more) ...","Id":"001j000000NqKMtAAN","RecordTypeId":"012j00000015GRpAAM"}}|0x25ebafe2
07:34:11.0 (67170056)|STATEMENT_EXECUTE|[299]
07:34:11.0 (67171517)|STATEMENT_EXECUTE|[300]
07:34:11.0 (67280581)|HEAP_ALLOCATE|[EXTERNAL]|Bytes:-4
07:34:11.0 (67289067)|STATEMENT_EXECUTE|[301]
07:34:11.0 (67323758)|HEAP_ALLOCATE|[EXTERNAL]|Bytes:-4
07:34:11.0 (67329893)|STATEMENT_EXECUTE|[302]
07:34:11.0 (67402223)|VARIABLE_ASSIGNMENT|[EXTERNAL]|this|{"estmtCnrgDaysMap":"0x104e13d5","estmtCvrgeDaysObj":"0x622b7587","faciltyOptions":"0x2459786d","fcltyPrgrmOptions":"0x6128cb05","idToOwnershipFacilit (4 more) ...":"0xbe9748a","idToTypeFacilityMap":"0x32d7af3d","insrncBnftMap":"0x1bc95691","insrncBnftOptions":"0x1b34dd24","isIop":false,"isTalbott":false,"meta":"0x5bb9a7ec","oppId":"00629000004NTeZ","pawObj":"0x549845e1","ptntInsrnceOptions":"0x6f3b2f3b","ptntInsrncMap":"0x52db1205","ptntInsrncObj":"0x33fd4e83","quoteObj":"0x44cb4975","recordId":"00629000004NTeZ","rtAdjstmntOptions":"0x5869fbc","showPILookup":false,"sObjectQueryStr":"","wrprObj":"0x146e6f4e"}|0x1d0dec41
07:34:11.0 (67430440)|HEAP_ALLOCATE|[302]|Bytes:18
07:34:11.0 (67473773)|HEAP_ALLOCATE|[EXTERNAL]|Bytes:4
07:34:11.0 (67486413)|HEAP_ALLOCATE|[299]|Bytes:5
07:34:11.0 (67496912)|VARIABLE_ASSIGNMENT|[299]|estmtInstance|null|
07:34:11.77 (77243976)|SYSTEM_MODE_ENTER|true
07:34:11.77 (77306124)|HEAP_ALLOCATE|[EXTERNAL]|Bytes:8
07:34:11.77 (77314774)|VARIABLE_SCOPE_BEGIN|[88]|this|ApexPage.PageMessagesComponentController|true|false
07:34:11.77 (77343110)|VARIABLE_ASSIGNMENT|[88]|this|{}|0x79f004c3
07:34:11.77 (77349401)|VARIABLE_SCOPE_BEGIN|[88]|escape|Boolean|false|false
07:34:11.77 (77355989)|VARIABLE_ASSIGNMENT|[88]|escape|null
07:34:11.77 (77450268)|SYSTEM_MODE_ENTER|true
07:34:11.77 (77475095)|HEAP_ALLOCATE|[EXTERNAL]|Bytes:8
07:34:11.77 (77480985)|VARIABLE_SCOPE_BEGIN|[2]|this|ApexPage.PageMessagesComponentController|true|false
07:34:11.77 (77497661)|VARIABLE_ASSIGNMENT|[2]|this|{}|0x79f004c3
07:34:11.0 (77841655)|SYSTEM_MODE_ENTER|true
07:34:11.0 (77934172)|SYSTEM_MODE_ENTER|true
07:34:11.0 (78163020)|SYSTEM_MODE_ENTER|true
07:34:11.0 (80686982)|SYSTEM_MODE_ENTER|true
07:34:11.0 (80733348)|SYSTEM_MODE_ENTER|true
07:34:11.84 (84104991)|SYSTEM_MODE_ENTER|true
07:34:11.84 (84149315)|HEAP_ALLOCATE|[EXTERNAL]|Bytes:8
07:34:11.84 (84156587)|VARIABLE_SCOPE_BEGIN|[88]|this|ApexPage.PageMessagesComponentController|true|false
07:34:11.84 (84177137)|VARIABLE_ASSIGNMENT|[88]|this|{}|0x79f004c3
07:34:11.84 (84182390)|VARIABLE_SCOPE_BEGIN|[88]|escape|Boolean|false|false
07:34:11.84 (84188620)|VARIABLE_ASSIGNMENT|[88]|escape|null
07:34:11.84 (84301509)|SYSTEM_MODE_ENTER|true
07:34:11.84 (84325595)|HEAP_ALLOCATE|[EXTERNAL]|Bytes:8
07:34:11.84 (84330665)|VARIABLE_SCOPE_BEGIN|[2]|this|ApexPage.PageMessagesComponentController|true|false
07:34:11.84 (84347081)|VARIABLE_ASSIGNMENT|[2]|this|{}|0x79f004c3
07:34:11.0 (86031884)|SYSTEM_MODE_ENTER|true
07:34:11.0 (86061295)|HEAP_ALLOCATE|[EXTERNAL]|Bytes:112
07:34:11.0 (86068863)|VARIABLE_SCOPE_BEGIN|[215]|this|PAW_New_EditCntrllr|true|false
07:34:11.0 (86135633)|VARIABLE_ASSIGNMENT|[215]|this|{"estmtCnrgDaysMap":"0x104e13d5","estmtCvrgeDaysObj":"0x622b7587","faciltyOptions":"0x2459786d","fcltyPrgrmOptions":"0x6128cb05","idToOwnershipFacilit (4 more) ...":"0xbe9748a","idToTypeFacilityMap":"0x32d7af3d","insrncBnftMap":"0x1bc95691","insrncBnftOptions":"0x1b34dd24","isIop":false,"isTalbott":false,"meta":"0x5bb9a7ec","oppId":"00629000004NTeZ","pawObj":"0x549845e1","ptntInsrnceOptions":"0x6f3b2f3b","ptntInsrncMap":"0x52db1205","ptntInsrncObj":"0x33fd4e83","quoteObj":"0x44cb4975","recordId":"00629000004NTeZ","rtAdjstmntOptions":"0x5869fbc","showPILookup":false,"sObjectQueryStr":"","wrprObj":"0x146e6f4e"}|0x1d0dec41
07:34:11.0 (86152087)|STATEMENT_EXECUTE|[215]
07:34:11.0 (86153723)|STATEMENT_EXECUTE|[216]
07:34:11.0 (86166997)|STATEMENT_EXECUTE|[217]
07:34:11.0 (86180954)|HEAP_ALLOCATE|[EXTERNAL]|Bytes:4
07:34:11.0 (86236234)|VARIABLE_ASSIGNMENT|[EXTERNAL]|this|{"estmtCnrgDaysMap":"0x104e13d5","estmtCvrgeDaysObj":"0x622b7587","faciltyOptions":"0x2459786d","fcltyPrgrmOptions":"0x6128cb05","idToOwnershipFacilit (4 more) ...":"0xbe9748a","idToTypeFacilityMap":"0x32d7af3d","insrncBnftMap":"0x1bc95691","insrncBnftOptions":"0x1b34dd24","isIop":false,"isTalbott":false,"meta":"0x5bb9a7ec","oppId":"00629000004NTeZ","pawObj":"0x549845e1","ptntInsrnceOptions":"0x6f3b2f3b","ptntInsrncMap":"0x52db1205","ptntInsrncObj":"0x33fd4e83","quoteObj":"0x44cb4975","recordId":"00629000004NTeZ","rtAdjstmntOptions":"0x5869fbc","showPILookup":false,"sObjectQueryStr":"","wrprObj":"0x146e6f4e"}|0x1d0dec41
07:34:11.0 (86251724)|STATEMENT_EXECUTE|[218]
07:34:11.0 (86252779)|STATEMENT_EXECUTE|[219]
07:34:11.0 (86273256)|HEAP_ALLOCATE|[219]|Bytes:4
07:34:11.0 (86284796)|HEAP_ALLOCATE|[219]|Bytes:4
07:34:11.0 (86337846)|VARIABLE_ASSIGNMENT|[EXTERNAL]|this|{"estmtCnrgDaysMap":"0x104e13d5","estmtCvrgeDaysObj":"0x622b7587","faciltyOptions":"0x2459786d","fcltyPrgrmOptions":"0x6128cb05","idToOwnershipFacilit (4 more) ...":"0xbe9748a","idToTypeFacilityMap":"0x32d7af3d","insrncBnftMap":"0x1bc95691","insrncBnftOptions":"0x1b34dd24","isIop":false,"isTalbott":false,"meta":"0x5bb9a7ec","oppId":"00629000004NTeZ","pawObj":"0x549845e1","ptntInsrnceOptions":"0x6f3b2f3b","ptntInsrncMap":"0x52db1205","ptntInsrncObj":"0x33fd4e83","quoteObj":"0x44cb4975","recordId":"00629000004NTeZ","rtAdjstmntOptions":"0x5869fbc","showPILookup":false,"sObjectQueryStr":"","wrprObj":"0x146e6f4e"}|0x1d0dec41
07:34:11.0 (87039445)|SOQL_EXECUTE_BEGIN|[219]|Aggregations:0|SELECT Id, Name, RecordType.Name, Uncovered_Charges__c, Patient_Insurance__r.Accepts_Assignment_of_Benefits__c, Patient_Insurance__r.Opportunity__c, Patient_Insurance__r.Accreditation__c, Patient_Insurance__r.Insurance_Company__r.Name, PHP_Admit_Co_Payment__c, Detox_Admit_Co_Payment__c, RTC_Admit_Co_Payment__c, Deductible__c, Deductible_Met__c, IOP_Admit_Co_Payment__c, Max_Out_of_Pocket_Remaining__c, Insurance_Company_is_Out_of_Network__c, Annual_Max_Remaining__c, Deductible_Remaining__c, Detox_Pays_at__c, Detox_Over__c, RTC_Pays_at__c, Residential_Treatment_Override__c, PHP_Pays_at__c, Partial_Hospitalization_Override__c, IOP_Pays_at__c, Intensive_Outpatient_Override__c, Num_Days_Uncovered__c, Num_Days_Room__c, Uncovered_Days_Rate__c, Room_and_Board_Days_Rate__c, Uncovered_Days_Override__c, Room_and_Board_Days_Override__c, Deductible_Included_in_OOP__c, Uncovered_Days__c, Lifetime_Max__c, Lifetime_Max_Met__c, Annual_Max__c, Annual_Max_Met__c, Max_Out_of_Pocket__c, Max_Out_of_Pocket_Met__c, Co_Pay_Met__c FROM Insurance_Benefit__c WHERE Patient_Insurance__c = :tmpVar1
07:34:11.0 (95279366)|SOQL_EXECUTE_END|[219]|Rows:2
07:34:11.0 (95302821)|HEAP_ALLOCATE|[219]|Bytes:12
07:34:11.0 (95341194)|HEAP_ALLOCATE|[219]|Bytes:2986
07:34:11.0 (95375990)|HEAP_ALLOCATE|[219]|Bytes:12
07:34:11.0 (95390463)|HEAP_ALLOCATE|[219]|Bytes:108
07:34:11.0 (95399885)|HEAP_ALLOCATE|[219]|Bytes:4
07:34:11.0 (95404189)|HEAP_ALLOCATE|[219]|Bytes:108
07:34:11.0 (95408255)|HEAP_ALLOCATE|[219]|Bytes:4
07:34:11.0 (95477604)|VARIABLE_ASSIGNMENT|[219]|this.insrncBnftMap|{"a1H29000000pRTUEA2":{"Id":"a1H29000000pRTUEA2","Name":"Insurance Benefit 75 (2 more) ...","RecordTypeId":"012j00000015GS6AAM","Patient_Insurance__c":"a1b29000000lvHQAAY","PHP_Admit_Co_Payment (3 more) ...":0.00,"Deductible__c":5000.00,"Deductible_Met__c":0.00,"Max_Out_of_Pocket_Re (10 more) ...":10000.00,"Insurance_Company_is (18 more) ...":false,"Annual_Max_Remaining (3 more) ...":1000000,"Deductible_Remaining (3 more) ...":5000.00,"Detox_Pays_at__c":80.00,"RTC_Pays_at__c":80.00,"PHP_Pays_at__c":80.00,"IOP_Pays_at__c":80.00,"Uncovered_Days_Rate_ (2 more) ...":630.00,"Room_and_Board_Days_ (7 more) ...":2000.00,"Deductible_Included_ (9 more) ...":"Yes","Lifetime_Max__c":1000000.00,"Lifetime_Max_Met__c":0.00,"Annual_Max__c":1000000.00,"Annual_Max_Met__c":0.00,"Max_Out_of_Pocket__c":10000.00,"Max_Out_of_Pocket_Me (4 more) ...":0.00,"RecordType":{"Name":"In Network","Id":"012j00000015GS6AAM"},"Patient_Insurance__r":{"Opportunity__c":"00629000004NTeZAAW","Accreditation__c":"State","Insurance_Company__c":"0012900000AXSP3AAP","Id":"a1b29000000lvHQAAY","Insurance_Company__r":{"Name":"Value Options/Beacon (7 more) ...","Id":"0012900000AXSP3AAP","RecordTypeId":"012j00000015GRqAAM"}}},"a1H29000000pRTZEA2":{"Id":"a1H29000000pRTZEA2","Name":"Insurance Benefit 75 (2 more) ...","RecordTypeId":"012j00000015GS7AAM","Patient_Insurance__c":"a1b29000000lvHQAAY","PHP_Admit_Co_Payment (3 more) ...":0.00,"Deductible__c":10000.00,"Deductible_Met__c":0.00,"Max_Out_of_Pocket_Re (10 more) ...":20000.00,"Insurance_Company_is (18 more) ...":false,"Annual_Max_Remaining (3 more) ...":1000000,"Deductible_Remaining (3 more) ...":10000.00,"Detox_Pays_at__c":60.00,"RTC_Pays_at__c":60.00,"PHP_Pays_at__c":60.00,"IOP_Pays_at__c":60.00,"Uncovered_Days_Rate_ (2 more) ...":630.00,"Room_and_Board_Days_ (7 more) ...":2000.00,"Deductible_Included_ (9 more) ...":"Yes","Lifetime_Max__c":1000000.00,"Lifetime_Max_Met__c":0.00,"Annual_Max__c":1000000.00,"Annual_Max_Met__c":0.00,"Max_Out_of_Pocket__c":20000.00,"Max_Out_of_Pocket_Me (4 more) ...":0.00,"RecordType":{"Name":"Out of Network","Id":"012j00000015GS7AAM"},"Patient_Insurance__r":{"Opportunity__c":"00629000004NTeZAAW","Accreditation__c":"State","Insurance_Company__c":"0012900000AXSP3AAP","Id":"a1b29000000lvHQAAY","Insurance_Company__r":{"Name":"Value Options/Beacon (7 more) ...","Id":"0012900000AXSP3AAP","RecordTypeId":"012j00000015GRqAAM"}}}}|0x1d0dec41
07:34:11.0 (95519783)|HEAP_ALLOCATE|[EXTERNAL]|Bytes:12
07:34:11.0 (95542718)|HEAP_ALLOCATE|[263]|Bytes:2996
07:34:11.0 (95564058)|HEAP_ALLOCATE|[263]|Bytes:5
07:34:11.0 (95573970)|HEAP_ALLOCATE|[263]|Bytes:108
07:34:11.0 (95580716)|VARIABLE_SCOPE_BEGIN|[263]|insrncBnftInstance|Insurance_Benefit__c|true|false
07:34:11.0 (95612300)|VARIABLE_ASSIGNMENT|[263]|insrncBnftInstance|{"Id":"a1H29000000pRTUEA2","Name":"Insurance Benefit 75 (2 more) ...","RecordTypeId":"012j00000015GS6AAM","Patient_Insurance__c":"a1b29000000lvHQAAY","PHP_Admit_Co_Payment (3 more) ...":0.00,"Deductible__c":5000.00,"Deductible_Met__c":0.00,"Max_Out_of_Pocket_Re (10 more) ...":10000.00,"Insurance_Company_is (18 more) ...":false,"Annual_Max_Remaining (3 more) ...":1000000,"Deductible_Remaining (3 more) ...":5000.00,"Detox_Pays_at__c":80.00,"RTC_Pays_at__c":80.00,"PHP_Pays_at__c":80.00,"IOP_Pays_at__c":80.00,"Uncovered_Days_Rate_ (2 more) ...":630.00,"Room_and_Board_Days_ (7 more) ...":2000.00,"Deductible_Included_ (9 more) ...":"Yes","Lifetime_Max__c":1000000.00,"Lifetime_Max_Met__c":0.00,"Annual_Max__c":1000000.00,"Annual_Max_Met__c":0.00,"Max_Out_of_Pocket__c":10000.00,"Max_Out_of_Pocket_Me (4 more) ...":0.00,"RecordType":{"Name":"In Network","Id":"012j00000015GS6AAM"},"Patient_Insurance__r":{"Opportunity__c":"00629000004NTeZAAW","Accreditation__c":"State","Insurance_Company__c":"0012900000AXSP3AAP","Id":"a1b29000000lvHQAAY","Insurance_Company__r":{"Name":"Value Options/Beacon (7 more) ...","Id":"0012900000AXSP3AAP","RecordTypeId":"012j00000015GRqAAM"}}}|0x4d5620ff
07:34:11.0 (95630295)|STATEMENT_EXECUTE|[263]
07:34:11.0 (95631803)|STATEMENT_EXECUTE|[264]
07:34:11.0 (95645983)|HEAP_ALLOCATE|[264]|Bytes:18
07:34:11.0 (95668868)|HEAP_ALLOCATE|[264]|Bytes:35
07:34:11.0 (95683253)|HEAP_ALLOCATE|[EXTERNAL]|Bytes:4
07:34:11.0 (95692765)|HEAP_ALLOCATE|[263]|Bytes:5
07:34:11.0 (95700061)|HEAP_ALLOCATE|[263]|Bytes:108
07:34:11.0 (95704739)|VARIABLE_SCOPE_BEGIN|[263]|insrncBnftInstance|Insurance_Benefit__c|true|false
07:34:11.0 (95732856)|VARIABLE_ASSIGNMENT|[263]|insrncBnftInstance|{"Id":"a1H29000000pRTZEA2","Name":"Insurance Benefit 75 (2 more) ...","RecordTypeId":"012j00000015GS7AAM","Patient_Insurance__c":"a1b29000000lvHQAAY","PHP_Admit_Co_Payment (3 more) ...":0.00,"Deductible__c":10000.00,"Deductible_Met__c":0.00,"Max_Out_of_Pocket_Re (10 more) ...":20000.00,"Insurance_Company_is (18 more) ...":false,"Annual_Max_Remaining (3 more) ...":1000000,"Deductible_Remaining (3 more) ...":10000.00,"Detox_Pays_at__c":60.00,"RTC_Pays_at__c":60.00,"PHP_Pays_at__c":60.00,"IOP_Pays_at__c":60.00,"Uncovered_Days_Rate_ (2 more) ...":630.00,"Room_and_Board_Days_ (7 more) ...":2000.00,"Deductible_Included_ (9 more) ...":"Yes","Lifetime_Max__c":1000000.00,"Lifetime_Max_Met__c":0.00,"Annual_Max__c":1000000.00,"Annual_Max_Met__c":0.00,"Max_Out_of_Pocket__c":20000.00,"Max_Out_of_Pocket_Me (4 more) ...":0.00,"RecordType":{"Name":"Out of Network","Id":"012j00000015GS7AAM"},"Patient_Insurance__r":{"Opportunity__c":"00629000004NTeZAAW","Accreditation__c":"State","Insurance_Company__c":"0012900000AXSP3AAP","Id":"a1b29000000lvHQAAY","Insurance_Company__r":{"Name":"Value Options/Beacon (7 more) ...","Id":"0012900000AXSP3AAP","RecordTypeId":"012j00000015GRqAAM"}}}|0x7a27eace
07:34:11.0 (95749962)|STATEMENT_EXECUTE|[263]
07:34:11.0 (95751629)|STATEMENT_EXECUTE|[264]
07:34:11.0 (95760038)|HEAP_ALLOCATE|[264]|Bytes:18
07:34:11.0 (95773958)|HEAP_ALLOCATE|[264]|Bytes:39
07:34:11.0 (95783047)|HEAP_ALLOCATE|[EXTERNAL]|Bytes:4
07:34:11.0 (95791221)|HEAP_ALLOCATE|[263]|Bytes:5
07:34:11.0 (95798937)|VARIABLE_ASSIGNMENT|[263]|insrncBnftInstance|null|
07:34:11.0 (95863364)|VARIABLE_ASSIGNMENT|[EXTERNAL]|this|{"estmtCnrgDaysMap":"0x104e13d5","estmtCvrgeDaysObj":"0x622b7587","faciltyOptions":"0x2459786d","fcltyPrgrmOptions":"0x6128cb05","idToOwnershipFacilit (4 more) ...":"0xbe9748a","idToTypeFacilityMap":"0x32d7af3d","insrncBnftMap":"0x1d8aeff9","insrncBnftOptions":"0x1b34dd24","isIop":false,"isTalbott":false,"meta":"0x5bb9a7ec","oppId":"00629000004NTeZ","pawObj":"0x549845e1","ptntInsrnceOptions":"0x6f3b2f3b","ptntInsrncMap":"0x52db1205","ptntInsrncObj":"0x33fd4e83","quoteObj":"0x44cb4975","recordId":"00629000004NTeZ","rtAdjstmntOptions":"0x5869fbc","showPILookup":false,"sObjectQueryStr":"","wrprObj":"0x146e6f4e"}|0x1d0dec41
07:34:11.0 (95929215)|VARIABLE_ASSIGNMENT|[EXTERNAL]|this|{"facilitySelected":"","insrncBnft":"0x25488ef","insrncBnftSelected":"a1H29000000pRTUEA2","pawDetailListDisplay (4 more) ...":false,"pyAgrmntWrksht":"0x43170ce9","relatedPAWDetailsLis (1 more) ...":"0x3ef13830","targetEDR":0.00,"totalAppliedDeductib (2 more) ...":0.00,"totalCoInsurance":0.00,"totalCoPayAmt":0.00,"totalInsCoResp":0.00,"totalInsEIVAmt":0.00,"totalRowCount":0,"totalTalbottDay":0}|0x146e6f4e
07:34:11.0 (95984491)|VARIABLE_ASSIGNMENT|[EXTERNAL]|this|{"estmtCnrgDaysMap":"0x104e13d5","estmtCvrgeDaysObj":"0x622b7587","faciltyOptions":"0x2459786d","fcltyPrgrmOptions":"0x6128cb05","idToOwnershipFacilit (4 more) ...":"0xbe9748a","idToTypeFacilityMap":"0x32d7af3d","insrncBnftMap":"0x1d8aeff9","insrncBnftOptions":"0x1b34dd24","isIop":false,"isTalbott":false,"meta":"0x5bb9a7ec","oppId":"00629000004NTeZ","pawObj":"0x549845e1","ptntInsrnceOptions":"0x6f3b2f3b","ptntInsrncMap":"0x52db1205","ptntInsrncObj":"0x33fd4e83","quoteObj":"0x44cb4975","recordId":"00629000004NTeZ","rtAdjstmntOptions":"0x5869fbc","showPILookup":false,"sObjectQueryStr":"","wrprObj":"0x146e6f4e"}|0x1d0dec41
07:34:11.0 (96026850)|VARIABLE_ASSIGNMENT|[EXTERNAL]|this|{"facilitySelected":"","insrncBnft":"0x25488ef","insrncBnftSelected":"a1H29000000pRTUEA2","pawDetailListDisplay (4 more) ...":false,"pyAgrmntWrksht":"0x43170ce9","relatedPAWDetailsLis (1 more) ...":"0x3ef13830","targetEDR":0.00,"totalAppliedDeductib (2 more) ...":0.00,"totalCoInsurance":0.00,"totalCoPayAmt":0.00,"totalInsCoResp":0.00,"totalInsEIVAmt":0.00,"totalRowCount":0,"totalTalbottDay":0}|0x146e6f4e
07:34:11.0 (96045453)|STATEMENT_EXECUTE|[267]
07:34:11.0 (96046911)|STATEMENT_EXECUTE|[268]
07:34:11.0 (96104189)|VARIABLE_ASSIGNMENT|[EXTERNAL]|this|{"estmtCnrgDaysMap":"0x104e13d5","estmtCvrgeDaysObj":"0x622b7587","faciltyOptions":"0x2459786d","fcltyPrgrmOptions":"0x6128cb05","idToOwnershipFacilit (4 more) ...":"0xbe9748a","idToTypeFacilityMap":"0x32d7af3d","insrncBnftMap":"0x1d8aeff9","insrncBnftOptions":"0x1b34dd24","isIop":false,"isTalbott":false,"meta":"0x5bb9a7ec","oppId":"00629000004NTeZ","pawObj":"0x549845e1","ptntInsrnceOptions":"0x6f3b2f3b","ptntInsrncMap":"0x52db1205","ptntInsrncObj":"0x33fd4e83","quoteObj":"0x44cb4975","recordId":"00629000004NTeZ","rtAdjstmntOptions":"0x5869fbc","showPILookup":false,"sObjectQueryStr":"","wrprObj":"0x146e6f4e"}|0x1d0dec41
07:34:11.0 (96149788)|VARIABLE_ASSIGNMENT|[EXTERNAL]|this|{"facilitySelected":"","insrncBnft":"0x25488ef","insrncBnftSelected":"a1H29000000pRTUEA2","pawDetailListDisplay (4 more) ...":false,"pyAgrmntWrksht":"0x43170ce9","relatedPAWDetailsLis (1 more) ...":"0x3ef13830","targetEDR":0.00,"totalAppliedDeductib (2 more) ...":0.00,"totalCoInsurance":0.00,"totalCoPayAmt":0.00,"totalInsCoResp":0.00,"totalInsEIVAmt":0.00,"totalRowCount":0,"totalTalbottDay":0}|0x146e6f4e
07:34:11.0 (96227401)|VARIABLE_ASSIGNMENT|[EXTERNAL]|this|{"estmtCnrgDaysMap":"0x104e13d5","estmtCvrgeDaysObj":"0x622b7587","faciltyOptions":"0x2459786d","fcltyPrgrmOptions":"0x6128cb05","idToOwnershipFacilit (4 more) ...":"0xbe9748a","idToTypeFacilityMap":"0x32d7af3d","insrncBnftMap":"0x1d8aeff9","insrncBnftOptions":"0x1b34dd24","isIop":false,"isTalbott":false,"meta":"0x5bb9a7ec","oppId":"00629000004NTeZ","pawObj":"0x549845e1","ptntInsrnceOptions":"0x6f3b2f3b","ptntInsrncMap":"0x52db1205","ptntInsrncObj":"0x33fd4e83","quoteObj":"0x44cb4975","recordId":"00629000004NTeZ","rtAdjstmntOptions":"0x5869fbc","showPILookup":false,"sObjectQueryStr":"","wrprObj":"0x146e6f4e"}|0x1d0dec41
07:34:11.0 (96273222)|VARIABLE_ASSIGNMENT|[EXTERNAL]|this|{"facilitySelected":"","insrncBnft":"0x25488ef","insrncBnftSelected":"a1H29000000pRTUEA2","pawDetailListDisplay (4 more) ...":false,"pyAgrmntWrksht":"0x43170ce9","relatedPAWDetailsLis (1 more) ...":"0x3ef13830","targetEDR":0.00,"totalAppliedDeductib (2 more) ...":0.00,"totalCoInsurance":0.00,"totalCoPayAmt":0.00,"totalInsCoResp":0.00,"totalInsEIVAmt":0.00,"totalRowCount":0,"totalTalbottDay":0}|0x146e6f4e
07:34:11.0 (96306572)|VARIABLE_ASSIGNMENT|[EXTERNAL]|value|{"Id":"a1H29000000pRTUEA2","Name":"Insurance Benefit 75 (2 more) ...","RecordTypeId":"012j00000015GS6AAM","Patient_Insurance__c":"a1b29000000lvHQAAY","PHP_Admit_Co_Payment (3 more) ...":0.00,"Deductible__c":5000.00,"Deductible_Met__c":0.00,"Max_Out_of_Pocket_Re (10 more) ...":10000.00,"Insurance_Company_is (18 more) ...":false,"Annual_Max_Remaining (3 more) ...":1000000,"Deductible_Remaining (3 more) ...":5000.00,"Detox_Pays_at__c":80.00,"RTC_Pays_at__c":80.00,"PHP_Pays_at__c":80.00,"IOP_Pays_at__c":80.00,"Uncovered_Days_Rate_ (2 more) ...":630.00,"Room_and_Board_Days_ (7 more) ...":2000.00,"Deductible_Included_ (9 more) ...":"Yes","Lifetime_Max__c":1000000.00,"Lifetime_Max_Met__c":0.00,"Annual_Max__c":1000000.00,"Annual_Max_Met__c":0.00,"Max_Out_of_Pocket__c":10000.00,"Max_Out_of_Pocket_Me (4 more) ...":0.00,"RecordType":{"Name":"In Network","Id":"012j00000015GS6AAM"},"Patient_Insurance__r":{"Opportunity__c":"00629000004NTeZAAW","Accreditation__c":"State","Insurance_Company__c":"0012900000AXSP3AAP","Id":"a1b29000000lvHQAAY","Insurance_Company__r":{"Name":"Value Options/Beacon (7 more) ...","Id":"0012900000AXSP3AAP","RecordTypeId":"012j00000015GRqAAM"}}}|0x4d5620ff
07:34:11.0 (96346628)|VARIABLE_ASSIGNMENT|[524]|this.insrncBnft|{"Id":"a1H29000000pRTUEA2","Name":"Insurance Benefit 75 (2 more) ...","RecordTypeId":"012j00000015GS6AAM","Patient_Insurance__c":"a1b29000000lvHQAAY","PHP_Admit_Co_Payment (3 more) ...":0.00,"Deductible__c":5000.00,"Deductible_Met__c":0.00,"Max_Out_of_Pocket_Re (10 more) ...":10000.00,"Insurance_Company_is (18 more) ...":false,"Annual_Max_Remaining (3 more) ...":1000000,"Deductible_Remaining (3 more) ...":5000.00,"Detox_Pays_at__c":80.00,"RTC_Pays_at__c":80.00,"PHP_Pays_at__c":80.00,"IOP_Pays_at__c":80.00,"Uncovered_Days_Rate_ (2 more) ...":630.00,"Room_and_Board_Days_ (7 more) ...":2000.00,"Deductible_Included_ (9 more) ...":"Yes","Lifetime_Max__c":1000000.00,"Lifetime_Max_Met__c":0.00,"Annual_Max__c":1000000.00,"Annual_Max_Met__c":0.00,"Max_Out_of_Pocket__c":10000.00,"Max_Out_of_Pocket_Me (4 more) ...":0.00,"RecordType":{"Name":"In Network","Id":"012j00000015GS6AAM"},"Patient_Insurance__r":{"Opportunity__c":"00629000004NTeZAAW","Accreditation__c":"State","Insurance_Company__c":"0012900000AXSP3AAP","Id":"a1b29000000lvHQAAY","Insurance_Company__r":{"Name":"Value Options/Beacon (7 more) ...","Id":"0012900000AXSP3AAP","RecordTypeId":"012j00000015GRqAAM"}}}|0x146e6f4e
07:34:11.0 (96365966)|STATEMENT_EXECUTE|[272]
07:34:11.0 (97294037)|SYSTEM_MODE_ENTER|true
07:34:11.0 (97587519)|SYSTEM_MODE_ENTER|true
07:34:11.0 (97616386)|HEAP_ALLOCATE|[EXTERNAL]|Bytes:112
07:34:11.0 (97624829)|VARIABLE_SCOPE_BEGIN|[379]|this|PAW_New_EditCntrllr|true|false
07:34:11.0 (97688849)|VARIABLE_ASSIGNMENT|[379]|this|{"estmtCnrgDaysMap":"0x104e13d5","estmtCvrgeDaysObj":"0x622b7587","faciltyOptions":"0x2459786d","fcltyPrgrmOptions":"0x6128cb05","idToOwnershipFacilit (4 more) ...":"0xbe9748a","idToTypeFacilityMap":"0x32d7af3d","insrncBnftMap":"0x1d8aeff9","insrncBnftOptions":"0x1b34dd24","isIop":false,"isTalbott":false,"meta":"0x5bb9a7ec","oppId":"00629000004NTeZ","pawObj":"0x549845e1","ptntInsrnceOptions":"0x6f3b2f3b","ptntInsrncMap":"0x52db1205","ptntInsrncObj":"0x33fd4e83","quoteObj":"0x44cb4975","recordId":"00629000004NTeZ","rtAdjstmntOptions":"0x5869fbc","showPILookup":false,"sObjectQueryStr":"","wrprObj":"0x146e6f4e"}|0x1d0dec41
07:34:11.0 (97704207)|STATEMENT_EXECUTE|[379]
07:34:11.0 (97705746)|STATEMENT_EXECUTE|[380]
07:34:11.0 (97714912)|HEAP_ALLOCATE|[380]|Bytes:4
07:34:11.0 (97757448)|HEAP_ALLOCATE|[EXTERNAL]|Bytes:4
07:34:11.0 (97766999)|VARIABLE_ASSIGNMENT|[380]|this.rtAdjstmntOptions|[]|0x1d0dec41
07:34:11.0 (97771717)|STATEMENT_EXECUTE|[381]
07:34:11.0 (97821204)|HEAP_ALLOCATE|[EXTERNAL]|Bytes:4
07:34:11.0 (97886684)|VARIABLE_ASSIGNMENT|[EXTERNAL]|this|{"estmtCnrgDaysMap":"0x104e13d5","estmtCvrgeDaysObj":"0x622b7587","faciltyOptions":"0x2459786d","fcltyPrgrmOptions":"0x6128cb05","idToOwnershipFacilit (4 more) ...":"0xbe9748a","idToTypeFacilityMap":"0x32d7af3d","insrncBnftMap":"0x1d8aeff9","insrncBnftOptions":"0x1b34dd24","isIop":false,"isTalbott":false,"meta":"0x5bb9a7ec","oppId":"00629000004NTeZ","pawObj":"0x549845e1","ptntInsrnceOptions":"0x6f3b2f3b","ptntInsrncMap":"0x52db1205","ptntInsrncObj":"0x33fd4e83","quoteObj":"0x44cb4975","recordId":"00629000004NTeZ","rtAdjstmntOptions":"0xb3b0f21","showPILookup":false,"sObjectQueryStr":"","wrprObj":"0x146e6f4e"}|0x1d0dec41
07:34:11.0 (97941710)|VARIABLE_ASSIGNMENT|[EXTERNAL]|this|{"facilitySelected":"","insrncBnft":"0x4d5620ff","insrncBnftSelected":"a1H29000000pRTUEA2","pawDetailListDisplay (4 more) ...":false,"pyAgrmntWrksht":"0x43170ce9","relatedPAWDetailsLis (1 more) ...":"0x3ef13830","targetEDR":0.00,"totalAppliedDeductib (2 more) ...":0.00,"totalCoInsurance":0.00,"totalCoPayAmt":0.00,"totalInsCoResp":0.00,"totalInsEIVAmt":0.00,"totalRowCount":0,"totalTalbottDay":0}|0x146e6f4e
07:34:11.0 (98002825)|VARIABLE_ASSIGNMENT|[EXTERNAL]|this|{"estmtCnrgDaysMap":"0x104e13d5","estmtCvrgeDaysObj":"0x622b7587","faciltyOptions":"0x2459786d","fcltyPrgrmOptions":"0x6128cb05","idToOwnershipFacilit (4 more) ...":"0xbe9748a","idToTypeFacilityMap":"0x32d7af3d","insrncBnftMap":"0x1d8aeff9","insrncBnftOptions":"0x1b34dd24","isIop":false,"isTalbott":false,"meta":"0x5bb9a7ec","oppId":"00629000004NTeZ","pawObj":"0x549845e1","ptntInsrnceOptions":"0x6f3b2f3b","ptntInsrncMap":"0x52db1205","ptntInsrncObj":"0x33fd4e83","quoteObj":"0x44cb4975","recordId":"00629000004NTeZ","rtAdjstmntOptions":"0xb3b0f21","showPILookup":false,"sObjectQueryStr":"","wrprObj":"0x146e6f4e"}|0x1d0dec41
07:34:11.0 (98047428)|VARIABLE_ASSIGNMENT|[EXTERNAL]|this|{"facilitySelected":"","insrncBnft":"0x4d5620ff","insrncBnftSelected":"a1H29000000pRTUEA2","pawDetailListDisplay (4 more) ...":false,"pyAgrmntWrksht":"0x43170ce9","relatedPAWDetailsLis (1 more) ...":"0x3ef13830","targetEDR":0.00,"totalAppliedDeductib (2 more) ...":0.00,"totalCoInsurance":0.00,"totalCoPayAmt":0.00,"totalInsCoResp":0.00,"totalInsEIVAmt":0.00,"totalRowCount":0,"totalTalbottDay":0}|0x146e6f4e
07:34:11.0 (98065595)|STATEMENT_EXECUTE|[382]
07:34:11.0 (98066949)|STATEMENT_EXECUTE|[400]
07:34:11.0 (98345422)|SYSTEM_MODE_ENTER|true
07:34:11.0 (105080528)|VF_SERIALIZE_VIEWSTATE_BEGIN|0660a0000009uTC
07:34:11.0 (111842197)|VF_SERIALIZE_VIEWSTATE_END
07:34:11.117 (117258671)|CUMULATIVE_LIMIT_USAGE
07:34:11.117 (117258671)|LIMIT_USAGE_FOR_NS|(default)|
  Number of SOQL queries: 3 out of 100
  Number of query rows: 5 out of 50000
  Number of SOSL queries: 0 out of 20
  Number of DML statements: 0 out of 150
  Number of DML rows: 0 out of 10000
  Maximum CPU time: 0 out of 10000
  Maximum heap size: 0 out of 6000000
  Number of callouts: 0 out of 100
  Number of Email Invocations: 0 out of 10
  Number of future calls: 0 out of 50
  Number of queueable jobs added to the queue: 0 out of 50
  Number of Mobile Apex push calls: 0 out of 10

07:34:11.117 (117258671)|CUMULATIVE_LIMIT_USAGE_END

07:34:11.0 (117294031)|CODE_UNIT_FINISHED|VF: /apex/PAW_New_Edit
07:34:11.0 (118038388)|EXECUTION_FINISHED
