37.0 APEX_CODE,FINEST;APEX_PROFILING,INFO;CALLOUT,INFO;DB,INFO;SYSTEM,DEBUG;VALIDATION,INFO;VISUALFORCE,INFO;WAVE,INFO;WORKFLOW,FINER
03:09:51.0 (306129)|USER_INFO|[EXTERNAL]|00529000000zYiy|bhakti.gujrathi@eternussolutions.com.frnstgng|Central Standard Time|GMT-06:00
03:09:51.0 (347352)|EXECUTION_STARTED
03:09:51.0 (352499)|CODE_UNIT_STARTED|[EXTERNAL]|066j0000002vLOq|VF: /apex/OpportunityStagePage
03:09:51.0 (8347371)|SYSTEM_MODE_ENTER|true
03:09:51.0 (8622907)|VARIABLE_SCOPE_BEGIN|[3]|OpportunityStageCont.STAGE_ADMITTED|String|false|true
03:09:51.0 (8638906)|VARIABLE_SCOPE_BEGIN|[4]|OpportunityStageCont.STAGE_ADMITTED_CLOSED|String|false|true
03:09:51.0 (8814599)|HEAP_ALLOCATE|[72]|Bytes:3
03:09:51.0 (8863359)|HEAP_ALLOCATE|[77]|Bytes:152
03:09:51.0 (8904209)|HEAP_ALLOCATE|[342]|Bytes:408
03:09:51.0 (8931545)|HEAP_ALLOCATE|[355]|Bytes:408
03:09:51.0 (8954364)|HEAP_ALLOCATE|[467]|Bytes:48
03:09:51.0 (8992489)|HEAP_ALLOCATE|[139]|Bytes:6
03:09:51.0 (9031315)|HEAP_ALLOCATE|[EXTERNAL]|Bytes:8
03:09:51.0 (9042022)|HEAP_ALLOCATE|[EXTERNAL]|Bytes:328
03:09:51.0 (9049268)|HEAP_ALLOCATE|[EXTERNAL]|Bytes:48
03:09:51.0 (9055705)|HEAP_ALLOCATE|[EXTERNAL]|Bytes:10
03:09:51.0 (9061057)|HEAP_ALLOCATE|[EXTERNAL]|Bytes:8
03:09:51.0 (9089211)|VARIABLE_ASSIGNMENT|[EXTERNAL]|OpportunityStageCont.STAGE_ADMITTED|"Admitted"
03:09:51.0 (9097466)|HEAP_ALLOCATE|[EXTERNAL]|Bytes:15
03:09:51.0 (9105216)|VARIABLE_ASSIGNMENT|[EXTERNAL]|OpportunityStageCont.STAGE_ADMITTED_CLOSED|"Admitted/Closed"
03:09:51.0 (9118544)|METHOD_ENTRY|[1]|01pj0000004Sbw4|OpportunityStageCont.OpportunityStageCont()
03:09:51.0 (9127448)|STATEMENT_EXECUTE|[1]
03:09:51.0 (9132907)|STATEMENT_EXECUTE|[1]
03:09:51.0 (9184678)|HEAP_ALLOCATE|[50]|Bytes:5
03:09:51.0 (9215310)|HEAP_ALLOCATE|[56]|Bytes:5
03:09:51.0 (9229473)|HEAP_ALLOCATE|[64]|Bytes:7
03:09:51.0 (9259124)|SYSTEM_MODE_ENTER|false
03:09:51.0 (9276722)|HEAP_ALLOCATE|[EXTERNAL]|Bytes:5
03:09:51.0 (9284741)|STATEMENT_EXECUTE|[87]
03:09:51.0 (9290776)|SYSTEM_MODE_EXIT|false
03:09:51.0 (9301848)|METHOD_EXIT|[1]|OpportunityStageCont
03:09:51.0 (9309240)|HEAP_ALLOCATE|[EXTERNAL]|Bytes:56
03:09:51.0 (9319155)|VARIABLE_SCOPE_BEGIN|[20]|this|OpportunityStageCont|true|false
03:09:51.0 (9386638)|VARIABLE_ASSIGNMENT|[20]|this|{}|0x71e8d425
03:09:51.0 (9411930)|SYSTEM_MODE_ENTER|false
03:09:51.0 (9424617)|HEAP_ALLOCATE|[21]|Bytes:5
03:09:51.0 (9430528)|STATEMENT_EXECUTE|[1]
03:09:51.0 (9438120)|HEAP_ALLOCATE|[21]|Bytes:5
03:09:51.0 (9444064)|STATEMENT_EXECUTE|[6]
03:09:51.0 (9445736)|STATEMENT_EXECUTE|[7]
03:09:51.0 (9446970)|STATEMENT_EXECUTE|[8]
03:09:51.0 (9449308)|STATEMENT_EXECUTE|[9]
03:09:51.0 (9450721)|STATEMENT_EXECUTE|[10]
03:09:51.0 (9451979)|STATEMENT_EXECUTE|[11]
03:09:51.0 (9453059)|STATEMENT_EXECUTE|[12]
03:09:51.0 (9455430)|STATEMENT_EXECUTE|[13]
03:09:51.0 (9456674)|STATEMENT_EXECUTE|[14]
03:09:51.0 (9457787)|STATEMENT_EXECUTE|[15]
03:09:51.0 (9458940)|STATEMENT_EXECUTE|[16]
03:09:51.0 (9459995)|STATEMENT_EXECUTE|[17]
03:09:51.0 (9461118)|STATEMENT_EXECUTE|[18]
03:09:51.0 (9472077)|HEAP_ALLOCATE|[21]|Bytes:6
03:09:51.0 (9515773)|STATEMENT_EXECUTE|[20]
03:09:51.0 (9519913)|STATEMENT_EXECUTE|[21]
03:09:51.0 (9605873)|VARIABLE_ASSIGNMENT|[EXTERNAL]|this|{}|0x71e8d425
03:09:51.0 (9623863)|VARIABLE_ASSIGNMENT|[EXTERNAL]|value|false
03:09:51.0 (9633853)|HEAP_ALLOCATE|[13]|Bytes:5
03:09:51.0 (9647567)|VARIABLE_ASSIGNMENT|[13]|this.flagRTC|false|0x71e8d425
03:09:51.0 (9662070)|STATEMENT_EXECUTE|[22]
03:09:51.0 (9724158)|VARIABLE_ASSIGNMENT|[EXTERNAL]|this|{"flagRTC":false}|0x71e8d425
03:09:51.0 (9741050)|VARIABLE_ASSIGNMENT|[EXTERNAL]|value|false
03:09:51.0 (9751085)|HEAP_ALLOCATE|[14]|Bytes:5
03:09:51.0 (9762900)|VARIABLE_ASSIGNMENT|[14]|this.flagIOP|false|0x71e8d425
03:09:51.0 (9776789)|STATEMENT_EXECUTE|[23]
03:09:51.0 (9854785)|HEAP_ALLOCATE|[23]|Bytes:54
03:09:51.0 (9923098)|HEAP_ALLOCATE|[23]|Bytes:24
03:09:51.0 (9960337)|HEAP_ALLOCATE|[23]|Bytes:2
03:09:51.0 (10002451)|HEAP_ALLOCATE|[23]|Bytes:4
03:09:51.0 (10053684)|VARIABLE_ASSIGNMENT|[EXTERNAL]|this|{"flagIOP":false,"flagRTC":false}|0x71e8d425
03:09:51.0 (10298243)|VARIABLE_ASSIGNMENT|[EXTERNAL]|value|"00629000005D2rcAAC"
03:09:51.0 (10386245)|VARIABLE_ASSIGNMENT|[17]|this.opptID|"00629000005D2rcAAC"|0x71e8d425
03:09:51.0 (10406127)|STATEMENT_EXECUTE|[24]
03:09:51.0 (10410957)|HEAP_ALLOCATE|[24]|Bytes:84
03:09:51.0 (10432638)|HEAP_ALLOCATE|[24]|Bytes:4
03:09:51.0 (10447816)|HEAP_ALLOCATE|[24]|Bytes:7
03:09:51.0 (10595990)|VARIABLE_ASSIGNMENT|[EXTERNAL]|this|{"flagIOP":false,"flagRTC":false,"opptID":"00629000005D2rcAAC"}|0x71e8d425
03:09:51.0 (11846836)|SOQL_EXECUTE_BEGIN|[24]|Aggregations:0|SELECT id, StageName, Recordtype.Name, IsClosed FROM Opportunity WHERE ID = :tmpVar1
03:09:51.0 (16484034)|SOQL_EXECUTE_END|[24]|Rows:1
03:09:51.0 (16513330)|HEAP_ALLOCATE|[24]|Bytes:8
03:09:51.0 (16540115)|HEAP_ALLOCATE|[24]|Bytes:173
03:09:51.0 (16667503)|HEAP_ALLOCATE|[24]|Bytes:8
03:09:51.0 (16686928)|HEAP_ALLOCATE|[24]|Bytes:37
03:09:51.0 (16736329)|HEAP_ALLOCATE|[24]|Bytes:24
03:09:51.0 (16888248)|VARIABLE_ASSIGNMENT|[EXTERNAL]|this|{"flagIOP":false,"flagRTC":false,"opptID":"00629000005D2rcAAC"}|0x71e8d425
03:09:51.0 (16919798)|VARIABLE_ASSIGNMENT|[EXTERNAL]|value|{"Id":"00629000005D2rcAAC","StageName":"In Process","RecordTypeId":"012j00000015GSJAA2","IsClosed":false,"RecordType":{"Name":"Residential Treatmen (1 more) ...","Id":"012j00000015GSJAA2"}}|0x5c0875e8
03:09:51.0 (16949747)|VARIABLE_ASSIGNMENT|[16]|this.opp|{"Id":"00629000005D2rcAAC","StageName":"In Process","RecordTypeId":"012j00000015GSJAA2","IsClosed":false,"RecordType":{"Name":"Residential Treatmen (1 more) ...","Id":"012j00000015GSJAA2"}}|0x71e8d425
03:09:51.0 (16968550)|STATEMENT_EXECUTE|[33]
03:09:51.0 (17102478)|VARIABLE_ASSIGNMENT|[EXTERNAL]|this|{"flagIOP":false,"flagRTC":false,"opp":"0x5c0875e8","opptID":"00629000005D2rcAAC"}|0x71e8d425
03:09:51.0 (17121279)|VARIABLE_ASSIGNMENT|[EXTERNAL]|value|true
03:09:51.0 (17132763)|HEAP_ALLOCATE|[12]|Bytes:5
03:09:51.0 (17143644)|VARIABLE_ASSIGNMENT|[12]|this.loadOnce|true|0x71e8d425
03:09:51.0 (17284345)|VARIABLE_ASSIGNMENT|[EXTERNAL]|this|{"flagIOP":false,"flagRTC":false,"loadOnce":true,"opp":"0x5c0875e8","opptID":"00629000005D2rcAAC"}|0x71e8d425
03:09:51.0 (17306482)|STATEMENT_EXECUTE|[34]
03:09:51.0 (17985131)|VARIABLE_ASSIGNMENT|[EXTERNAL]|this|{"flagIOP":false,"flagRTC":false,"loadOnce":true,"opp":"0x5c0875e8","opptID":"00629000005D2rcAAC"}|0x71e8d425
03:09:51.0 (18085133)|HEAP_ALLOCATE|[35]|Bytes:21
03:09:51.0 (18122242)|STATEMENT_EXECUTE|[35]
03:09:51.0 (18124475)|STATEMENT_EXECUTE|[36]
03:09:51.0 (18255505)|VARIABLE_ASSIGNMENT|[EXTERNAL]|this|{"flagIOP":false,"flagRTC":false,"loadOnce":true,"opp":"0x5c0875e8","opptID":"00629000005D2rcAAC"}|0x71e8d425
03:09:51.0 (18273789)|VARIABLE_ASSIGNMENT|[EXTERNAL]|value|true
03:09:51.0 (18283691)|HEAP_ALLOCATE|[13]|Bytes:5
03:09:51.0 (18296022)|VARIABLE_ASSIGNMENT|[13]|this.flagRTC|true|0x71e8d425
03:09:51.0 (18310071)|STATEMENT_EXECUTE|[37]
03:09:51.0 (18975512)|VARIABLE_ASSIGNMENT|[EXTERNAL]|this|{"flagIOP":false,"flagRTC":true,"loadOnce":true,"opp":"0x5c0875e8","opptID":"00629000005D2rcAAC"}|0x71e8d425
03:09:51.0 (18994160)|VARIABLE_ASSIGNMENT|[EXTERNAL]|value|false
03:09:51.0 (19003112)|HEAP_ALLOCATE|[14]|Bytes:5
03:09:51.0 (19014223)|VARIABLE_ASSIGNMENT|[14]|this.flagIOP|false|0x71e8d425
03:09:51.0 (19149326)|VARIABLE_ASSIGNMENT|[EXTERNAL]|this|{"flagIOP":false,"flagRTC":true,"loadOnce":true,"opp":"0x5c0875e8","opptID":"00629000005D2rcAAC"}|0x71e8d425
03:09:51.0 (19182520)|HEAP_ALLOCATE|[39]|Bytes:20
03:09:51.0 (19200434)|STATEMENT_EXECUTE|[39]
03:09:51.0 (19207492)|SYSTEM_MODE_EXIT|false
03:09:51.0 (20767235)|SYSTEM_MODE_ENTER|true
03:09:51.0 (20797311)|HEAP_ALLOCATE|[EXTERNAL]|Bytes:56
03:09:51.0 (20808231)|VARIABLE_SCOPE_BEGIN|[20]|this|OpportunityStageCont|true|false
03:09:51.0 (20846398)|VARIABLE_ASSIGNMENT|[20]|this|{}|0x65536a60
03:09:51.0 (20869014)|SYSTEM_MODE_ENTER|false
03:09:51.0 (20879094)|HEAP_ALLOCATE|[21]|Bytes:5
03:09:51.0 (20886551)|STATEMENT_EXECUTE|[1]
03:09:51.0 (20894222)|HEAP_ALLOCATE|[21]|Bytes:5
03:09:51.0 (20898828)|STATEMENT_EXECUTE|[6]
03:09:51.0 (20901510)|STATEMENT_EXECUTE|[7]
03:09:51.0 (20902728)|STATEMENT_EXECUTE|[8]
03:09:51.0 (20903765)|STATEMENT_EXECUTE|[9]
03:09:51.0 (20904797)|STATEMENT_EXECUTE|[10]
03:09:51.0 (20906043)|STATEMENT_EXECUTE|[11]
03:09:51.0 (20908391)|STATEMENT_EXECUTE|[12]
03:09:51.0 (20909849)|STATEMENT_EXECUTE|[13]
03:09:51.0 (20910891)|STATEMENT_EXECUTE|[14]
03:09:51.0 (20911912)|STATEMENT_EXECUTE|[15]
03:09:51.0 (20913000)|STATEMENT_EXECUTE|[16]
03:09:51.0 (20914016)|STATEMENT_EXECUTE|[17]
03:09:51.0 (20916204)|STATEMENT_EXECUTE|[18]
03:09:51.0 (20973913)|STATEMENT_EXECUTE|[20]
03:09:51.0 (20976253)|STATEMENT_EXECUTE|[21]
03:09:51.0 (21011972)|VARIABLE_ASSIGNMENT|[EXTERNAL]|this|{}|0x65536a60
03:09:51.0 (21028246)|VARIABLE_ASSIGNMENT|[EXTERNAL]|value|false
03:09:51.0 (21037894)|HEAP_ALLOCATE|[13]|Bytes:5
03:09:51.0 (21049857)|VARIABLE_ASSIGNMENT|[13]|this.flagRTC|false|0x65536a60
03:09:51.0 (21064825)|STATEMENT_EXECUTE|[22]
03:09:51.0 (21096276)|VARIABLE_ASSIGNMENT|[EXTERNAL]|this|{"flagRTC":false}|0x65536a60
03:09:51.0 (21108933)|VARIABLE_ASSIGNMENT|[EXTERNAL]|value|false
03:09:51.0 (21117377)|HEAP_ALLOCATE|[14]|Bytes:5
03:09:51.0 (21128337)|VARIABLE_ASSIGNMENT|[14]|this.flagIOP|false|0x65536a60
03:09:51.0 (21141811)|STATEMENT_EXECUTE|[23]
03:09:51.0 (21159288)|HEAP_ALLOCATE|[23]|Bytes:54
03:09:51.0 (21194000)|HEAP_ALLOCATE|[23]|Bytes:24
03:09:51.0 (21239507)|HEAP_ALLOCATE|[23]|Bytes:4
03:09:51.0 (21281271)|VARIABLE_ASSIGNMENT|[EXTERNAL]|this|{"flagIOP":false,"flagRTC":false}|0x65536a60
03:09:51.0 (21361416)|VARIABLE_ASSIGNMENT|[EXTERNAL]|value|"00629000005D2rcAAC"
03:09:51.0 (21441509)|VARIABLE_ASSIGNMENT|[17]|this.opptID|"00629000005D2rcAAC"|0x65536a60
03:09:51.0 (21460888)|STATEMENT_EXECUTE|[24]
03:09:51.0 (21476264)|HEAP_ALLOCATE|[24]|Bytes:4
03:09:51.0 (21600080)|VARIABLE_ASSIGNMENT|[EXTERNAL]|this|{"flagIOP":false,"flagRTC":false,"opptID":"00629000005D2rcAAC"}|0x65536a60
03:09:51.0 (21882048)|SOQL_EXECUTE_BEGIN|[24]|Aggregations:0|SELECT id, StageName, Recordtype.Name, IsClosed FROM Opportunity WHERE ID = :tmpVar1
03:09:51.0 (25321884)|SOQL_EXECUTE_END|[24]|Rows:1
03:09:51.0 (25346235)|HEAP_ALLOCATE|[24]|Bytes:8
03:09:51.0 (25365603)|HEAP_ALLOCATE|[24]|Bytes:173
03:09:51.0 (25412635)|HEAP_ALLOCATE|[24]|Bytes:8
03:09:51.0 (25436090)|HEAP_ALLOCATE|[24]|Bytes:24
03:09:51.0 (25565834)|VARIABLE_ASSIGNMENT|[EXTERNAL]|this|{"flagIOP":false,"flagRTC":false,"opptID":"00629000005D2rcAAC"}|0x65536a60
03:09:51.0 (25593472)|VARIABLE_ASSIGNMENT|[EXTERNAL]|value|{"Id":"00629000005D2rcAAC","StageName":"In Process","RecordTypeId":"012j00000015GSJAA2","IsClosed":false,"RecordType":{"Name":"Residential Treatmen (1 more) ...","Id":"012j00000015GSJAA2"}}|0x38098dd1
03:09:51.0 (25618832)|VARIABLE_ASSIGNMENT|[16]|this.opp|{"Id":"00629000005D2rcAAC","StageName":"In Process","RecordTypeId":"012j00000015GSJAA2","IsClosed":false,"RecordType":{"Name":"Residential Treatmen (1 more) ...","Id":"012j00000015GSJAA2"}}|0x65536a60
03:09:51.0 (25637106)|STATEMENT_EXECUTE|[33]
03:09:51.0 (25755611)|VARIABLE_ASSIGNMENT|[EXTERNAL]|this|{"flagIOP":false,"flagRTC":false,"opp":"0x38098dd1","opptID":"00629000005D2rcAAC"}|0x65536a60
03:09:51.0 (25774888)|VARIABLE_ASSIGNMENT|[EXTERNAL]|value|true
03:09:51.0 (25784447)|HEAP_ALLOCATE|[12]|Bytes:5
03:09:51.0 (25797041)|VARIABLE_ASSIGNMENT|[12]|this.loadOnce|true|0x65536a60
03:09:51.0 (25922461)|VARIABLE_ASSIGNMENT|[EXTERNAL]|this|{"flagIOP":false,"flagRTC":false,"loadOnce":true,"opp":"0x38098dd1","opptID":"00629000005D2rcAAC"}|0x65536a60
03:09:51.0 (25942745)|STATEMENT_EXECUTE|[34]
03:09:51.0 (26091140)|VARIABLE_ASSIGNMENT|[EXTERNAL]|this|{"flagIOP":false,"flagRTC":false,"loadOnce":true,"opp":"0x38098dd1","opptID":"00629000005D2rcAAC"}|0x65536a60
03:09:51.0 (26154274)|STATEMENT_EXECUTE|[35]
03:09:51.0 (26156999)|STATEMENT_EXECUTE|[36]
03:09:51.0 (26274758)|VARIABLE_ASSIGNMENT|[EXTERNAL]|this|{"flagIOP":false,"flagRTC":false,"loadOnce":true,"opp":"0x38098dd1","opptID":"00629000005D2rcAAC"}|0x65536a60
03:09:51.0 (26293500)|VARIABLE_ASSIGNMENT|[EXTERNAL]|value|true
03:09:51.0 (26303061)|HEAP_ALLOCATE|[13]|Bytes:5
03:09:51.0 (26315940)|VARIABLE_ASSIGNMENT|[13]|this.flagRTC|true|0x65536a60
03:09:51.0 (26330098)|STATEMENT_EXECUTE|[37]
03:09:51.0 (26450583)|VARIABLE_ASSIGNMENT|[EXTERNAL]|this|{"flagIOP":false,"flagRTC":true,"loadOnce":true,"opp":"0x38098dd1","opptID":"00629000005D2rcAAC"}|0x65536a60
03:09:51.0 (26467556)|VARIABLE_ASSIGNMENT|[EXTERNAL]|value|false
03:09:51.0 (26476458)|HEAP_ALLOCATE|[14]|Bytes:5
03:09:51.0 (26488146)|VARIABLE_ASSIGNMENT|[14]|this.flagIOP|false|0x65536a60
03:09:51.0 (26610735)|VARIABLE_ASSIGNMENT|[EXTERNAL]|this|{"flagIOP":false,"flagRTC":true,"loadOnce":true,"opp":"0x38098dd1","opptID":"00629000005D2rcAAC"}|0x65536a60
03:09:51.0 (26648064)|STATEMENT_EXECUTE|[39]
03:09:51.0 (26654999)|SYSTEM_MODE_EXIT|false
03:09:51.0 (31812765)|SYSTEM_MODE_ENTER|true
03:09:51.0 (31857915)|HEAP_ALLOCATE|[EXTERNAL]|Bytes:4
03:09:51.0 (31866088)|HEAP_ALLOCATE|[EXTERNAL]|Bytes:56
03:09:51.0 (31968740)|VARIABLE_ASSIGNMENT|[EXTERNAL]|this.opptID|"00629000005D2rcAAC"|0x65536a60
03:09:51.0 (32214578)|SYSTEM_MODE_ENTER|true
03:09:51.0 (32864356)|SYSTEM_MODE_ENTER|true
03:09:51.0 (32893437)|HEAP_ALLOCATE|[EXTERNAL]|Bytes:4
03:09:51.0 (32901875)|HEAP_ALLOCATE|[EXTERNAL]|Bytes:56
03:09:51.0 (32977253)|VARIABLE_ASSIGNMENT|[EXTERNAL]|this.opptID|"00629000005D2rcAAC"|0x65536a60
03:09:51.0 (33570482)|SYSTEM_MODE_ENTER|true
03:09:51.0 (33627568)|HEAP_ALLOCATE|[EXTERNAL]|Bytes:56
03:09:51.0 (33640399)|VARIABLE_SCOPE_BEGIN|[96]|this|OpportunityStageCont|true|false
03:09:51.0 (33820458)|VARIABLE_ASSIGNMENT|[96]|this|{"flagIOP":false,"flagRTC":true,"loadOnce":true,"opp":"0x38098dd1","opptID":"00629000005D2rcAAC"}|0x65536a60
03:09:51.0 (33852688)|SYSTEM_MODE_ENTER|false
03:09:51.0 (33862996)|HEAP_ALLOCATE|[97]|Bytes:5
03:09:51.0 (33871420)|STATEMENT_EXECUTE|[96]
03:09:51.0 (33873415)|STATEMENT_EXECUTE|[97]
03:09:51.0 (33901716)|HEAP_ALLOCATE|[97]|Bytes:4
03:09:51.0 (33949514)|VARIABLE_SCOPE_BEGIN|[97]|listStage|List<System.SelectOption>|true|false
03:09:51.0 (33988800)|HEAP_ALLOCATE|[EXTERNAL]|Bytes:4
03:09:51.0 (34003595)|VARIABLE_ASSIGNMENT|[97]|listStage|[]|0x61f7b52c
03:09:51.0 (34013349)|STATEMENT_EXECUTE|[98]
03:09:51.0 (34096140)|HEAP_ALLOCATE|[98]|Bytes:4
03:09:51.0 (34159645)|VARIABLE_SCOPE_BEGIN|[98]|oppStagenameList|List<OpportunityStage>|true|false
03:09:51.0 (34174842)|HEAP_ALLOCATE|[EXTERNAL]|Bytes:4
03:09:51.0 (34185124)|VARIABLE_ASSIGNMENT|[98]|oppStagenameList|[]|0xfb90852
03:09:51.0 (34193966)|STATEMENT_EXECUTE|[99]
03:09:51.0 (34198746)|HEAP_ALLOCATE|[98]|Bytes:11
03:09:51.0 (34206266)|HEAP_ALLOCATE|[98]|Bytes:9
03:09:51.0 (34582348)|HEAP_ALLOCATE|[99]|Bytes:8
03:09:51.0 (34618254)|VARIABLE_SCOPE_BEGIN|[99]|fieldResult|Schema.DescribeFieldResult|true|false
03:09:51.0 (34778646)|VARIABLE_ASSIGNMENT|[99]|fieldResult|"common.api.soap.wsdl.Field@6b342b53"|0x1bb8d37e
03:09:51.0 (34937763)|VARIABLE_ASSIGNMENT|[EXTERNAL]|this|{"flagIOP":false,"flagRTC":true,"loadOnce":true,"opp":"0x38098dd1","opptID":"00629000005D2rcAAC"}|0x65536a60
03:09:51.0 (34964275)|STATEMENT_EXECUTE|[121]
03:09:51.0 (34966434)|STATEMENT_EXECUTE|[122]
03:09:51.0 (34971961)|HEAP_ALLOCATE|[122]|Bytes:285
03:09:51.0 (34992554)|HEAP_ALLOCATE|[122]|Bytes:4
03:09:51.0 (35499598)|SOQL_EXECUTE_BEGIN|[122]|Aggregations:0|SELECT ApiName, Description, ForecastCategory, IsActive, IsClosed, IsWon, MasterLabel, ForecastCategoryName, DefaultProbability FROM OpportunityStage WHERE ((isclosed != TRUE OR IsWon = TRUE) AND IsActive = TRUE AND ApiName != 'Pending Appointment') ORDER BY Description ASC NULLS LAST
03:09:51.0 (39570479)|SOQL_EXECUTE_END|[122]|Rows:14
03:09:51.0 (39596592)|HEAP_ALLOCATE|[122]|Bytes:60
03:09:51.0 (39660712)|HEAP_ALLOCATE|[122]|Bytes:3722
03:09:51.0 (39701191)|HEAP_ALLOCATE|[122]|Bytes:60
03:09:51.0 (39727599)|VARIABLE_ASSIGNMENT|[122]|oppStagenameList|"List of size 14 too large to display"|0x5167535c
03:09:51.0 (39737564)|STATEMENT_EXECUTE|[139]
03:09:51.0 (39751052)|HEAP_ALLOCATE|[139]|Bytes:4
03:09:51.0 (39766744)|VARIABLE_SCOPE_BEGIN|[139]|stageMap|Map<String,String>|true|false
03:09:51.0 (39789636)|VARIABLE_ASSIGNMENT|[139]|stageMap|{}|0x721a1355
03:09:51.0 (39984792)|HEAP_ALLOCATE|[141]|Bytes:5
03:09:51.0 (40011850)|HEAP_ALLOCATE|[141]|Bytes:44
03:09:51.0 (40029572)|VARIABLE_SCOPE_BEGIN|[141]|os|OpportunityStage|true|false
03:09:51.0 (40056529)|VARIABLE_ASSIGNMENT|[141]|os|{"ApiName":"In Process","Description":"A","ForecastCategory":"Pipeline","IsActive":true,"IsClosed":false,"IsWon":false,"MasterLabel":"In Process","ForecastCategoryName":"Pipeline","DefaultProbability":10,"Id":"01Jj000000Ip74wEAB"}|0x26c31582
03:09:51.0 (40069721)|STATEMENT_EXECUTE|[141]
03:09:51.0 (40072599)|STATEMENT_EXECUTE|[143]
03:09:51.0 (40188506)|HEAP_ALLOCATE|[EXTERNAL]|Bytes:4
03:09:51.0 (40202175)|STATEMENT_EXECUTE|[144]
03:09:51.0 (40206091)|HEAP_ALLOCATE|[144]|Bytes:9
03:09:51.0 (40326913)|HEAP_ALLOCATE|[144]|Bytes:224
03:09:51.0 (40358031)|HEAP_ALLOCATE|[144]|Bytes:233
03:09:51.0 (40389999)|USER_DEBUG|[144]|DEBUG|>>> os : OpportunityStage:{ApiName=In Process, Description=A, ForecastCategory=Pipeline, IsActive=true, IsClosed=false, IsWon=false, MasterLabel=In Process, ForecastCategoryName=Pipeline, DefaultProbability=10, Id=01Jj000000Ip74wEAB}
03:09:51.0 (40416622)|HEAP_ALLOCATE|[141]|Bytes:5
03:09:51.0 (40434937)|HEAP_ALLOCATE|[141]|Bytes:44
03:09:51.0 (40445499)|VARIABLE_SCOPE_BEGIN|[141]|os|OpportunityStage|true|false
03:09:51.0 (40471465)|VARIABLE_ASSIGNMENT|[141]|os|{"ApiName":"Benefits Submitted","Description":"B","ForecastCategory":"Pipeline","IsActive":true,"IsClosed":false,"IsWon":false,"MasterLabel":"Benefits Submitted","ForecastCategoryName":"Pipeline","DefaultProbability":30,"Id":"01Jj000000Ip74NEAR"}|0x3ef0377d
03:09:51.0 (40483267)|STATEMENT_EXECUTE|[141]
03:09:51.0 (40484825)|STATEMENT_EXECUTE|[143]
03:09:51.0 (40509635)|HEAP_ALLOCATE|[EXTERNAL]|Bytes:4
03:09:51.0 (40519134)|STATEMENT_EXECUTE|[144]
03:09:51.0 (40587778)|HEAP_ALLOCATE|[144]|Bytes:240
03:09:51.0 (40610872)|HEAP_ALLOCATE|[144]|Bytes:249
03:09:51.0 (40623576)|USER_DEBUG|[144]|DEBUG|>>> os : OpportunityStage:{ApiName=Benefits Submitted, Description=B, ForecastCategory=Pipeline, IsActive=true, IsClosed=false, IsWon=false, MasterLabel=Benefits Submitted, ForecastCategoryName=Pipeline, DefaultProbability=30, Id=01Jj000000Ip74NEAR}
03:09:51.0 (40644429)|HEAP_ALLOCATE|[141]|Bytes:5
03:09:51.0 (40662223)|HEAP_ALLOCATE|[141]|Bytes:44
03:09:51.0 (40673657)|VARIABLE_SCOPE_BEGIN|[141]|os|OpportunityStage|true|false
03:09:51.0 (40696986)|VARIABLE_ASSIGNMENT|[141]|os|{"ApiName":"Denied by VOB","Description":"C","ForecastCategory":"Pipeline","IsActive":true,"IsClosed":false,"IsWon":false,"MasterLabel":"Denied by VOB","ForecastCategoryName":"Pipeline","DefaultProbability":0,"Id":"01Jj000000Ip75fEAB"}|0x40a0fbba
03:09:51.0 (40708561)|STATEMENT_EXECUTE|[141]
03:09:51.0 (40711231)|STATEMENT_EXECUTE|[143]
03:09:51.0 (40733559)|HEAP_ALLOCATE|[EXTERNAL]|Bytes:4
03:09:51.0 (40744344)|STATEMENT_EXECUTE|[144]
03:09:51.0 (40811017)|HEAP_ALLOCATE|[144]|Bytes:229
03:09:51.0 (40833814)|HEAP_ALLOCATE|[144]|Bytes:238
03:09:51.0 (40846647)|USER_DEBUG|[144]|DEBUG|>>> os : OpportunityStage:{ApiName=Denied by VOB, Description=C, ForecastCategory=Pipeline, IsActive=true, IsClosed=false, IsWon=false, MasterLabel=Denied by VOB, ForecastCategoryName=Pipeline, DefaultProbability=0, Id=01Jj000000Ip75fEAB}
03:09:51.0 (40869019)|HEAP_ALLOCATE|[141]|Bytes:5
03:09:51.0 (40884459)|HEAP_ALLOCATE|[141]|Bytes:44
03:09:51.0 (40895719)|VARIABLE_SCOPE_BEGIN|[141]|os|OpportunityStage|true|false
03:09:51.0 (40922546)|VARIABLE_ASSIGNMENT|[141]|os|{"ApiName":"Determination Comple (2 more) ...","Description":"D","ForecastCategory":"Pipeline","IsActive":true,"IsClosed":false,"IsWon":false,"MasterLabel":"Determination Comple (2 more) ...","ForecastCategoryName":"Pipeline","DefaultProbability":40,"Id":"01Jj000000Ip75VEAR"}|0x5bc5c4bd
03:09:51.0 (40933817)|STATEMENT_EXECUTE|[141]
03:09:51.0 (40935239)|STATEMENT_EXECUTE|[143]
03:09:51.0 (40958552)|HEAP_ALLOCATE|[EXTERNAL]|Bytes:4
03:09:51.0 (40967606)|STATEMENT_EXECUTE|[144]
03:09:51.0 (41039244)|HEAP_ALLOCATE|[144]|Bytes:248
03:09:51.0 (41062699)|HEAP_ALLOCATE|[144]|Bytes:257
03:09:51.0 (41075333)|USER_DEBUG|[144]|DEBUG|>>> os : OpportunityStage:{ApiName=Determination Complete, Description=D, ForecastCategory=Pipeline, IsActive=true, IsClosed=false, IsWon=false, MasterLabel=Determination Complete, ForecastCategoryName=Pipeline, DefaultProbability=40, Id=01Jj000000Ip75VEAR}
03:09:51.0 (41097259)|HEAP_ALLOCATE|[141]|Bytes:5
03:09:51.0 (41112790)|HEAP_ALLOCATE|[141]|Bytes:44
03:09:51.0 (41124413)|VARIABLE_SCOPE_BEGIN|[141]|os|OpportunityStage|true|false
03:09:51.0 (41150199)|VARIABLE_ASSIGNMENT|[141]|os|{"ApiName":"Counter Offer Reques (3 more) ...","Description":"E","ForecastCategory":"Pipeline","IsActive":true,"IsClosed":false,"IsWon":false,"MasterLabel":"Counter Offer Reques (3 more) ...","ForecastCategoryName":"Pipeline","DefaultProbability":40,"Id":"01Jj000000Ip75aEAB"}|0x6514b542
03:09:51.0 (41162308)|STATEMENT_EXECUTE|[141]
03:09:51.0 (41163736)|STATEMENT_EXECUTE|[143]
03:09:51.0 (41186681)|HEAP_ALLOCATE|[EXTERNAL]|Bytes:4
03:09:51.0 (41195781)|STATEMENT_EXECUTE|[144]
03:09:51.0 (41263448)|HEAP_ALLOCATE|[144]|Bytes:250
03:09:51.0 (41286181)|HEAP_ALLOCATE|[144]|Bytes:259
03:09:51.0 (41298719)|USER_DEBUG|[144]|DEBUG|>>> os : OpportunityStage:{ApiName=Counter Offer Requested, Description=E, ForecastCategory=Pipeline, IsActive=true, IsClosed=false, IsWon=false, MasterLabel=Counter Offer Requested, ForecastCategoryName=Pipeline, DefaultProbability=40, Id=01Jj000000Ip75aEAB}
03:09:51.0 (41319756)|HEAP_ALLOCATE|[141]|Bytes:5
03:09:51.0 (41338357)|HEAP_ALLOCATE|[141]|Bytes:44
03:09:51.0 (41348185)|VARIABLE_SCOPE_BEGIN|[141]|os|OpportunityStage|true|false
03:09:51.0 (41371600)|VARIABLE_ASSIGNMENT|[141]|os|{"ApiName":"Facility Selected","Description":"F","ForecastCategory":"Pipeline","IsActive":true,"IsClosed":false,"IsWon":false,"MasterLabel":"Facility Selected","ForecastCategoryName":"Pipeline","DefaultProbability":50,"Id":"01Jj000000Ip74XEAR"}|0x5ae02d42
03:09:51.0 (41388604)|STATEMENT_EXECUTE|[141]
03:09:51.0 (41390177)|STATEMENT_EXECUTE|[143]
03:09:51.0 (41412043)|HEAP_ALLOCATE|[EXTERNAL]|Bytes:4
03:09:51.0 (41422510)|STATEMENT_EXECUTE|[144]
03:09:51.0 (41488534)|HEAP_ALLOCATE|[144]|Bytes:238
03:09:51.0 (41510890)|HEAP_ALLOCATE|[144]|Bytes:247
03:09:51.0 (41521862)|USER_DEBUG|[144]|DEBUG|>>> os : OpportunityStage:{ApiName=Facility Selected, Description=F, ForecastCategory=Pipeline, IsActive=true, IsClosed=false, IsWon=false, MasterLabel=Facility Selected, ForecastCategoryName=Pipeline, DefaultProbability=50, Id=01Jj000000Ip74XEAR}
03:09:51.0 (41543834)|HEAP_ALLOCATE|[141]|Bytes:5
03:09:51.0 (41560930)|HEAP_ALLOCATE|[141]|Bytes:44
03:09:51.0 (41572249)|VARIABLE_SCOPE_BEGIN|[141]|os|OpportunityStage|true|false
03:09:51.0 (41596321)|VARIABLE_ASSIGNMENT|[141]|os|{"ApiName":"Determination Delive (3 more) ...","Description":"G","ForecastCategory":"Pipeline","IsActive":true,"IsClosed":false,"IsWon":false,"MasterLabel":"Determination Delive (3 more) ...","ForecastCategoryName":"Pipeline","DefaultProbability":65,"Id":"01Jj000000Ip74SEAR"}|0x1d5a608f
03:09:51.0 (41608189)|STATEMENT_EXECUTE|[141]
03:09:51.0 (41611085)|STATEMENT_EXECUTE|[143]
03:09:51.0 (41632937)|HEAP_ALLOCATE|[EXTERNAL]|Bytes:4
03:09:51.0 (41644040)|STATEMENT_EXECUTE|[144]
03:09:51.0 (41708970)|HEAP_ALLOCATE|[144]|Bytes:250
03:09:51.0 (41731707)|HEAP_ALLOCATE|[144]|Bytes:259
03:09:51.0 (41744609)|USER_DEBUG|[144]|DEBUG|>>> os : OpportunityStage:{ApiName=Determination Delivered, Description=G, ForecastCategory=Pipeline, IsActive=true, IsClosed=false, IsWon=false, MasterLabel=Determination Delivered, ForecastCategoryName=Pipeline, DefaultProbability=65, Id=01Jj000000Ip74SEAR}
03:09:51.0 (41768101)|HEAP_ALLOCATE|[141]|Bytes:5
03:09:51.0 (41785217)|HEAP_ALLOCATE|[141]|Bytes:44
03:09:51.0 (41794899)|VARIABLE_SCOPE_BEGIN|[141]|os|OpportunityStage|true|false
03:09:51.0 (41819695)|VARIABLE_ASSIGNMENT|[141]|os|{"ApiName":"Pending Admission","Description":"H","ForecastCategory":"Pipeline","IsActive":true,"IsClosed":false,"IsWon":false,"MasterLabel":"Pending Admission","ForecastCategoryName":"Pipeline","DefaultProbability":98,"Id":"01Jj000000Ip74cEAB"}|0x684fafb5
03:09:51.0 (41830677)|STATEMENT_EXECUTE|[141]
03:09:51.0 (41832038)|STATEMENT_EXECUTE|[143]
03:09:51.0 (41854802)|HEAP_ALLOCATE|[EXTERNAL]|Bytes:4
03:09:51.0 (41863860)|STATEMENT_EXECUTE|[144]
03:09:51.0 (41929699)|HEAP_ALLOCATE|[144]|Bytes:238
03:09:51.0 (41951766)|HEAP_ALLOCATE|[144]|Bytes:247
03:09:51.0 (41964077)|USER_DEBUG|[144]|DEBUG|>>> os : OpportunityStage:{ApiName=Pending Admission, Description=H, ForecastCategory=Pipeline, IsActive=true, IsClosed=false, IsWon=false, MasterLabel=Pending Admission, ForecastCategoryName=Pipeline, DefaultProbability=98, Id=01Jj000000Ip74cEAB}
03:09:51.0 (41985965)|HEAP_ALLOCATE|[141]|Bytes:5
03:09:51.0 (42001382)|HEAP_ALLOCATE|[141]|Bytes:44
03:09:51.0 (42013685)|VARIABLE_SCOPE_BEGIN|[141]|os|OpportunityStage|true|false
03:09:51.0 (42036453)|VARIABLE_ASSIGNMENT|[141]|os|{"ApiName":"Referral Requested","Description":"I","ForecastCategory":"Pipeline","IsActive":true,"IsClosed":false,"IsWon":false,"MasterLabel":"Referral Requested","ForecastCategoryName":"Pipeline","DefaultProbability":0,"Id":"01Jj000000Ip74DEAR"}|0x2831a95b
03:09:51.0 (42047327)|STATEMENT_EXECUTE|[141]
03:09:51.0 (42050015)|STATEMENT_EXECUTE|[143]
03:09:51.0 (42071539)|HEAP_ALLOCATE|[EXTERNAL]|Bytes:4
03:09:51.0 (42082539)|STATEMENT_EXECUTE|[144]
03:09:51.0 (42147839)|HEAP_ALLOCATE|[144]|Bytes:239
03:09:51.0 (42170205)|HEAP_ALLOCATE|[144]|Bytes:248
03:09:51.0 (42182828)|USER_DEBUG|[144]|DEBUG|>>> os : OpportunityStage:{ApiName=Referral Requested, Description=I, ForecastCategory=Pipeline, IsActive=true, IsClosed=false, IsWon=false, MasterLabel=Referral Requested, ForecastCategoryName=Pipeline, DefaultProbability=0, Id=01Jj000000Ip74DEAR}
03:09:51.0 (42206148)|HEAP_ALLOCATE|[141]|Bytes:5
03:09:51.0 (42223383)|HEAP_ALLOCATE|[141]|Bytes:44
03:09:51.0 (42232767)|VARIABLE_SCOPE_BEGIN|[141]|os|OpportunityStage|true|false
03:09:51.0 (42257102)|VARIABLE_ASSIGNMENT|[141]|os|{"ApiName":"Admitted","Description":"L","ForecastCategory":"Closed","IsActive":true,"IsClosed":true,"IsWon":true,"MasterLabel":"Admitted","ForecastCategoryName":"Closed","DefaultProbability":100,"Id":"01Jj000000Ip74rEAB"}|0x73601b22
03:09:51.0 (42268279)|STATEMENT_EXECUTE|[141]
03:09:51.0 (42269899)|STATEMENT_EXECUTE|[143]
03:09:51.0 (42290894)|HEAP_ALLOCATE|[EXTERNAL]|Bytes:4
03:09:51.0 (42301730)|STATEMENT_EXECUTE|[144]
03:09:51.0 (42368498)|HEAP_ALLOCATE|[144]|Bytes:215
03:09:51.0 (42395720)|HEAP_ALLOCATE|[144]|Bytes:224
03:09:51.0 (42407222)|USER_DEBUG|[144]|DEBUG|>>> os : OpportunityStage:{ApiName=Admitted, Description=L, ForecastCategory=Closed, IsActive=true, IsClosed=true, IsWon=true, MasterLabel=Admitted, ForecastCategoryName=Closed, DefaultProbability=100, Id=01Jj000000Ip74rEAB}
03:09:51.0 (42430063)|HEAP_ALLOCATE|[141]|Bytes:5
03:09:51.0 (42447724)|HEAP_ALLOCATE|[141]|Bytes:40
03:09:51.0 (42459085)|VARIABLE_SCOPE_BEGIN|[141]|os|OpportunityStage|true|false
03:09:51.0 (42481396)|VARIABLE_ASSIGNMENT|[141]|os|{"ApiName":"Prospecting","ForecastCategory":"Pipeline","IsActive":true,"IsClosed":false,"IsWon":false,"MasterLabel":"Prospecting","ForecastCategoryName":"Pipeline","DefaultProbability":10,"Id":"01Jj0000009Ms6jEAC"}|0x3df043d9
03:09:51.0 (42493072)|STATEMENT_EXECUTE|[141]
03:09:51.0 (42494513)|STATEMENT_EXECUTE|[143]
03:09:51.0 (42516798)|HEAP_ALLOCATE|[EXTERNAL]|Bytes:4
03:09:51.0 (42525848)|STATEMENT_EXECUTE|[144]
03:09:51.0 (42589893)|HEAP_ALLOCATE|[144]|Bytes:211
03:09:51.0 (42612898)|HEAP_ALLOCATE|[144]|Bytes:220
03:09:51.0 (42623538)|USER_DEBUG|[144]|DEBUG|>>> os : OpportunityStage:{ApiName=Prospecting, ForecastCategory=Pipeline, IsActive=true, IsClosed=false, IsWon=false, MasterLabel=Prospecting, ForecastCategoryName=Pipeline, DefaultProbability=10, Id=01Jj0000009Ms6jEAC}
03:09:51.0 (42646191)|HEAP_ALLOCATE|[141]|Bytes:5
03:09:51.0 (42663635)|HEAP_ALLOCATE|[141]|Bytes:40
03:09:51.0 (42675051)|VARIABLE_SCOPE_BEGIN|[141]|os|OpportunityStage|true|false
03:09:51.0 (42697932)|VARIABLE_ASSIGNMENT|[141]|os|{"ApiName":"Intervention Request (2 more) ...","ForecastCategory":"Pipeline","IsActive":true,"IsClosed":false,"IsWon":false,"MasterLabel":"Intervention Request (2 more) ...","ForecastCategoryName":"Pipeline","DefaultProbability":20,"Id":"01Jj000000Ip74IEAR"}|0x285771d5
03:09:51.0 (42711609)|STATEMENT_EXECUTE|[141]
03:09:51.0 (42714056)|STATEMENT_EXECUTE|[143]
03:09:51.0 (42736226)|HEAP_ALLOCATE|[EXTERNAL]|Bytes:4
03:09:51.0 (42746768)|STATEMENT_EXECUTE|[144]
03:09:51.0 (42809487)|HEAP_ALLOCATE|[144]|Bytes:233
03:09:51.0 (42831989)|HEAP_ALLOCATE|[144]|Bytes:242
03:09:51.0 (42844546)|USER_DEBUG|[144]|DEBUG|>>> os : OpportunityStage:{ApiName=Intervention Requested, ForecastCategory=Pipeline, IsActive=true, IsClosed=false, IsWon=false, MasterLabel=Intervention Requested, ForecastCategoryName=Pipeline, DefaultProbability=20, Id=01Jj000000Ip74IEAR}
03:09:51.0 (42866268)|HEAP_ALLOCATE|[141]|Bytes:5
03:09:51.0 (42883296)|HEAP_ALLOCATE|[141]|Bytes:40
03:09:51.0 (42892932)|VARIABLE_SCOPE_BEGIN|[141]|os|OpportunityStage|true|false
03:09:51.0 (42918276)|VARIABLE_ASSIGNMENT|[141]|os|{"ApiName":"Pending Medical / Cl (13 more) ...","ForecastCategory":"Pipeline","IsActive":true,"IsClosed":false,"IsWon":false,"MasterLabel":"Pending Medical / Cl (13 more) ...","ForecastCategoryName":"Pipeline","DefaultProbability":80,"Id":"01Jj000000Ip75LEAR"}|0xd896ef5
03:09:51.0 (42930173)|STATEMENT_EXECUTE|[141]
03:09:51.0 (42931604)|STATEMENT_EXECUTE|[143]
03:09:51.0 (42955177)|HEAP_ALLOCATE|[EXTERNAL]|Bytes:4
03:09:51.0 (42964381)|STATEMENT_EXECUTE|[144]
03:09:51.0 (43028074)|HEAP_ALLOCATE|[144]|Bytes:255
03:09:51.0 (43051717)|HEAP_ALLOCATE|[144]|Bytes:264
03:09:51.0 (43064250)|USER_DEBUG|[144]|DEBUG|>>> os : OpportunityStage:{ApiName=Pending Medical / Clinical Review, ForecastCategory=Pipeline, IsActive=true, IsClosed=false, IsWon=false, MasterLabel=Pending Medical / Clinical Review, ForecastCategoryName=Pipeline, DefaultProbability=80, Id=01Jj000000Ip75LEAR}
03:09:51.0 (43085669)|HEAP_ALLOCATE|[141]|Bytes:5
03:09:51.0 (43101215)|HEAP_ALLOCATE|[141]|Bytes:40
03:09:51.0 (43112110)|VARIABLE_SCOPE_BEGIN|[141]|os|OpportunityStage|true|false
03:09:51.0 (43136948)|VARIABLE_ASSIGNMENT|[141]|os|{"ApiName":"Pending IOP Assessme (2 more) ...","ForecastCategory":"Pipeline","IsActive":true,"IsClosed":false,"IsWon":false,"MasterLabel":"Pending IOP Assessme (2 more) ...","ForecastCategoryName":"Pipeline","DefaultProbability":65,"Id":"01Jj000000Ip9aBEAR"}|0x7ec3dd6d
03:09:51.0 (43148061)|STATEMENT_EXECUTE|[141]
03:09:51.0 (43149544)|STATEMENT_EXECUTE|[143]
03:09:51.0 (43172121)|HEAP_ALLOCATE|[EXTERNAL]|Bytes:4
03:09:51.0 (43181611)|STATEMENT_EXECUTE|[144]
03:09:51.0 (43245007)|HEAP_ALLOCATE|[144]|Bytes:233
03:09:51.0 (43267577)|HEAP_ALLOCATE|[144]|Bytes:242
03:09:51.0 (43279174)|USER_DEBUG|[144]|DEBUG|>>> os : OpportunityStage:{ApiName=Pending IOP Assessment, ForecastCategory=Pipeline, IsActive=true, IsClosed=false, IsWon=false, MasterLabel=Pending IOP Assessment, ForecastCategoryName=Pipeline, DefaultProbability=65, Id=01Jj000000Ip9aBEAR}
03:09:51.0 (43299055)|HEAP_ALLOCATE|[141]|Bytes:5
03:09:51.0 (43317488)|VARIABLE_ASSIGNMENT|[141]|os|null|
03:09:51.0 (43326216)|STATEMENT_EXECUTE|[148]
03:09:51.0 (43329151)|HEAP_ALLOCATE|[148]|Bytes:9
03:09:51.0 (43403372)|HEAP_ALLOCATE|[148]|Bytes:933
03:09:51.0 (43428396)|HEAP_ALLOCATE|[148]|Bytes:942
03:09:51.0 (43444315)|USER_DEBUG|[148]|DEBUG|listStage(System.SelectOption[value="In Process", label="In Process", disabled="false"], System.SelectOption[value="Benefits Submitted", label="Benefits Submitted", disabled="false"], System.SelectOption[value="Denied by VOB", label="Denied by VOB", disabled="false"], System.SelectOption[value="Determination Complete", label="Determination Complete", disabled="false"], System.SelectOption[value="Counter Offer Requested", label="Counter Offer Requested", disabled="false"], System.SelectOption[value="Facility Selected", label="Facility Selected", disabled="false"], System.SelectOption[value="Determination Delivered", label="Determination Delivered", disabled="false"], System.SelectOption[value="Pending Admission", label="Pending Admission", disabled="false"], System.SelectOption[value="Referral Requested", label="Referral Requested", disabled="false"], System.SelectOption[value="Admitted", label="Admitted", disabled="false"], ...)
03:09:51.0 (43468976)|STATEMENT_EXECUTE|[153]
03:09:51.0 (43477239)|SYSTEM_MODE_EXIT|false
03:09:51.0 (44462296)|SYSTEM_MODE_ENTER|true
03:09:51.0 (44863002)|SYSTEM_MODE_ENTER|true
03:09:51.0 (44982382)|SYSTEM_MODE_ENTER|true
03:09:51.0 (45564037)|VF_SERIALIZE_VIEWSTATE_BEGIN|066j0000002vLOq
03:09:51.0 (48040044)|VF_SERIALIZE_VIEWSTATE_END
03:09:51.49 (49984894)|CUMULATIVE_LIMIT_USAGE
03:09:51.49 (49984894)|LIMIT_USAGE_FOR_NS|(default)|
  Number of SOQL queries: 3 out of 100
  Number of query rows: 16 out of 50000
  Number of SOSL queries: 0 out of 20
  Number of DML statements: 0 out of 150
  Number of DML rows: 0 out of 10000
  Maximum CPU time: 0 out of 10000
  Maximum heap size: 0 out of 6000000
  Number of callouts: 0 out of 100
  Number of Email Invocations: 0 out of 10
  Number of future calls: 0 out of 50
  Number of queueable jobs added to the queue: 0 out of 50
  Number of Mobile Apex push calls: 0 out of 10

03:09:51.49 (49984894)|CUMULATIVE_LIMIT_USAGE_END

03:09:51.0 (50027215)|CODE_UNIT_FINISHED|VF: /apex/OpportunityStagePage
03:09:51.0 (50764866)|EXECUTION_FINISHED
