37.0 APEX_CODE,FINEST;APEX_PROFILING,INFO;CALLOUT,INFO;DB,INFO;SYSTEM,DEBUG;VALIDATION,INFO;VISUALFORCE,INFO;WAVE,INFO;WORKFLOW,FINER
08:22:48.0 (64603)|USER_INFO|[EXTERNAL]|00529000000zYiy|bhakti.gujrathi@eternussolutions.com.frnstgng|Central Standard Time|GMT-06:00
08:22:48.0 (108102)|EXECUTION_STARTED
08:22:48.0 (113639)|CODE_UNIT_STARTED|[EXTERNAL]|0660a0000009uTC|VF: /apex/PAW_New_Edit
08:22:48.0 (287752)|VF_DESERIALIZE_VIEWSTATE_BEGIN|0660a0000009uTC
08:22:48.0 (4738524)|HEAP_ALLOCATE|[72]|Bytes:3
08:22:48.0 (4783562)|HEAP_ALLOCATE|[77]|Bytes:152
08:22:48.0 (4803400)|HEAP_ALLOCATE|[342]|Bytes:408
08:22:48.0 (4823158)|HEAP_ALLOCATE|[355]|Bytes:408
08:22:48.0 (4840836)|HEAP_ALLOCATE|[467]|Bytes:48
08:22:48.0 (4873497)|HEAP_ALLOCATE|[139]|Bytes:6
08:22:48.0 (4903988)|HEAP_ALLOCATE|[50]|Bytes:5
08:22:48.0 (4927159)|HEAP_ALLOCATE|[56]|Bytes:5
08:22:48.0 (4939465)|HEAP_ALLOCATE|[64]|Bytes:7
08:22:48.0 (8283365)|VARIABLE_SCOPE_BEGIN|[35]|PAW_New_EditCntrllr.globalSchemaMap|Map<String,Schema.SObjectType>|true|true
08:22:48.0 (8297696)|VARIABLE_SCOPE_BEGIN|[3]|PAW_New_EditCntrllr.yearEndMode|Boolean|false|true
08:22:48.0 (14057481)|VF_DESERIALIZE_VIEWSTATE_END
08:22:48.15 (15159315)|SYSTEM_MODE_ENTER|true
08:22:48.15 (15252908)|HEAP_ALLOCATE|[EXTERNAL]|Bytes:38
08:22:48.15 (15266205)|HEAP_ALLOCATE|[EXTERNAL]|Bytes:7
08:22:48.15 (15279819)|SYSTEM_METHOD_ENTRY|[1]|PageMessagesComponentController.PageMessagesComponentController()
08:22:48.15 (15286472)|STATEMENT_EXECUTE|[1]
08:22:48.16 (16264851)|SYSTEM_MODE_ENTER|true
08:22:48.16 (16326548)|HEAP_ALLOCATE|[EXTERNAL]|Bytes:8
08:22:48.16 (16336796)|VARIABLE_SCOPE_BEGIN|[88]|this|ApexPage.PageMessagesComponentController|true|false
08:22:48.16 (16382489)|VARIABLE_ASSIGNMENT|[88]|this|{}|0x1bbf9d94
08:22:48.16 (16390271)|VARIABLE_SCOPE_BEGIN|[88]|escape|Boolean|false|false
08:22:48.16 (16398217)|VARIABLE_ASSIGNMENT|[88]|escape|null
08:22:48.0 (16627954)|SYSTEM_MODE_ENTER|true
08:22:48.0 (16660240)|HEAP_ALLOCATE|[EXTERNAL]|Bytes:11
08:22:48.0 (16674009)|HEAP_ALLOCATE|[EXTERNAL]|Bytes:304
08:22:48.0 (16680367)|HEAP_ALLOCATE|[EXTERNAL]|Bytes:98
08:22:48.0 (16686249)|HEAP_ALLOCATE|[EXTERNAL]|Bytes:14
08:22:48.0 (16699620)|METHOD_ENTRY|[1]|01p0a000004sKzV|PAW_New_EditCntrllr.PAW_New_EditCntrllr()
08:22:48.0 (16705239)|STATEMENT_EXECUTE|[1]
08:22:48.0 (16709410)|STATEMENT_EXECUTE|[1]
08:22:48.0 (16710655)|STATEMENT_EXECUTE|[3]
08:22:48.0 (17337700)|VARIABLE_SCOPE_BEGIN|[3]|PAW_YearEnd_Config.setting|Year_End_PAW_Settings__c|true|true
08:22:48.0 (17357220)|HEAP_ALLOCATE|[3]|Bytes:1
08:22:48.0 (17365634)|HEAP_ALLOCATE|[3]|Bytes:1
08:22:48.0 (17419296)|METHOD_ENTRY|[1]|01p29000000Aswf|PAW_YearEnd_Config.PAW_YearEnd_Config()
08:22:48.0 (17426912)|STATEMENT_EXECUTE|[1]
08:22:48.0 (17430203)|STATEMENT_EXECUTE|[1]
08:22:48.0 (17447594)|SYSTEM_MODE_ENTER|false
08:22:48.0 (17456286)|HEAP_ALLOCATE|[3]|Bytes:5
08:22:48.0 (17463514)|SYSTEM_MODE_EXIT|false
08:22:48.0 (17471850)|METHOD_EXIT|[1]|PAW_YearEnd_Config
08:22:48.0 (17482577)|METHOD_ENTRY|[3]|01p29000000Aswf|PAW_YearEnd_Config.fetch()
08:22:48.0 (17516289)|SYSTEM_MODE_ENTER|false
08:22:48.0 (17524705)|HEAP_ALLOCATE|[6]|Bytes:5
08:22:48.0 (17530594)|STATEMENT_EXECUTE|[5]
08:22:48.0 (17534740)|STATEMENT_EXECUTE|[7]
08:22:48.0 (18887791)|HEAP_ALLOCATE|[7]|Bytes:20
08:22:48.0 (18935769)|VARIABLE_ASSIGNMENT|[7]|PAW_YearEnd_Config.setting|{"IsDeleted":false,"Name":"Year End PAW Setting (11 more) ...","SetupOwnerId":"00529000000zYiyAAE","Year_End_Mode_Enable (4 more) ...":false}|0x734392e7
08:22:48.0 (18945462)|STATEMENT_EXECUTE|[9]
08:22:48.0 (18949413)|HEAP_ALLOCATE|[9]|Bytes:14
08:22:48.0 (19128258)|HEAP_ALLOCATE|[9]|Bytes:145
08:22:48.0 (19165106)|HEAP_ALLOCATE|[9]|Bytes:159
08:22:48.0 (19190407)|USER_DEBUG|[9]|DEBUG|>>> setting : Year_End_PAW_Settings__c:{IsDeleted=false, Name=Year End PAW Settings (Profile), SetupOwnerId=00529000000zYiyAAE, Year_End_Mode_Enabled__c=false}
08:22:48.0 (19201401)|STATEMENT_EXECUTE|[10]
08:22:48.0 (19207263)|SYSTEM_MODE_EXIT|false
08:22:48.0 (19217182)|METHOD_EXIT|[3]|01p29000000Aswf|PAW_YearEnd_Config.fetch()
08:22:48.0 (19263298)|VARIABLE_ASSIGNMENT|[3]|PAW_New_EditCntrllr.yearEndMode|false
08:22:48.0 (19270221)|STATEMENT_EXECUTE|[523]
08:22:48.0 (19276185)|METHOD_EXIT|[1]|PAW_New_EditCntrllr
08:22:48.0 (20761402)|SYSTEM_MODE_ENTER|true
08:22:48.0 (22428106)|SYSTEM_MODE_ENTER|true
08:22:48.0 (22494982)|HEAP_ALLOCATE|[EXTERNAL]|Bytes:476
08:22:48.0 (22509748)|HEAP_ALLOCATE|[EXTERNAL]|Bytes:71
08:22:48.0 (29741350)|SYSTEM_MODE_ENTER|true
08:22:48.0 (29834641)|SYSTEM_MODE_ENTER|true
08:22:48.0 (37478852)|SYSTEM_MODE_ENTER|true
08:22:48.0 (37705972)|HEAP_ALLOCATE|[EXTERNAL]|Bytes:112
08:22:48.0 (37719842)|VARIABLE_SCOPE_BEGIN|[215]|this|PAW_New_EditCntrllr|true|false
08:22:48.0 (37822969)|VARIABLE_ASSIGNMENT|[215]|this|{"estmtCnrgDaysMap":"0x56dd6b46","estmtCvrgeDaysObj":"0xbe761dd","faciltyOptions":"0x2e2334cc","fcltyPrgrmOptions":"0x1a9a18bf","idToOwnershipFacilit (4 more) ...":"0x27a0c7f1","idToTypeFacilityMap":"0x1779b351","insrncBnftMap":"0x20cb7026","insrncBnftOptions":"0x6a5edb60","isIop":false,"isTalbott":false,"meta":"0x4b600695","oppId":"00629000003FJ4b","pawObj":"0x11d9c793","ptntInsrnceOptions":"0x6a68dfce","ptntInsrncMap":"0x76718c38","ptntInsrncObj":"0x6275ae82","quoteObj":"0x3dee68cd","recordId":"00629000003FJ4b","rtAdjstmntOptions":"0x6254d5bc","showPILookup":false,"sObjectQueryStr":"","wrprObj":"0x3bad4b8f"}|0xd78d93f
08:22:48.0 (37846836)|STATEMENT_EXECUTE|[215]
08:22:48.0 (37848996)|STATEMENT_EXECUTE|[216]
08:22:48.0 (37913846)|STATEMENT_EXECUTE|[217]
08:22:48.0 (37927869)|HEAP_ALLOCATE|[217]|Bytes:12
08:22:48.0 (37996493)|HEAP_ALLOCATE|[EXTERNAL]|Bytes:4
08:22:48.0 (38090201)|VARIABLE_ASSIGNMENT|[EXTERNAL]|this|{"estmtCnrgDaysMap":"0x56dd6b46","estmtCvrgeDaysObj":"0xbe761dd","faciltyOptions":"0x2e2334cc","fcltyPrgrmOptions":"0x1a9a18bf","idToOwnershipFacilit (4 more) ...":"0x27a0c7f1","idToTypeFacilityMap":"0x1779b351","insrncBnftMap":"0x20cb7026","insrncBnftOptions":"0x6a5edb60","isIop":false,"isTalbott":false,"meta":"0x4b600695","oppId":"00629000003FJ4b","pawObj":"0x11d9c793","ptntInsrnceOptions":"0x6a68dfce","ptntInsrncMap":"0x76718c38","ptntInsrncObj":"0x6275ae82","quoteObj":"0x3dee68cd","recordId":"00629000003FJ4b","rtAdjstmntOptions":"0x6254d5bc","showPILookup":false,"sObjectQueryStr":"","wrprObj":"0x3bad4b8f"}|0xd78d93f
08:22:48.0 (38115395)|STATEMENT_EXECUTE|[218]
08:22:48.0 (38117153)|STATEMENT_EXECUTE|[219]
08:22:48.0 (38158960)|HEAP_ALLOCATE|[219]|Bytes:4
08:22:48.0 (38169068)|HEAP_ALLOCATE|[219]|Bytes:1083
08:22:48.0 (38184343)|HEAP_ALLOCATE|[219]|Bytes:4
08:22:48.0 (38200390)|HEAP_ALLOCATE|[219]|Bytes:7
08:22:48.0 (38279212)|VARIABLE_ASSIGNMENT|[EXTERNAL]|this|{"estmtCnrgDaysMap":"0x56dd6b46","estmtCvrgeDaysObj":"0xbe761dd","faciltyOptions":"0x2e2334cc","fcltyPrgrmOptions":"0x1a9a18bf","idToOwnershipFacilit (4 more) ...":"0x27a0c7f1","idToTypeFacilityMap":"0x1779b351","insrncBnftMap":"0x20cb7026","insrncBnftOptions":"0x6a5edb60","isIop":false,"isTalbott":false,"meta":"0x4b600695","oppId":"00629000003FJ4b","pawObj":"0x11d9c793","ptntInsrnceOptions":"0x6a68dfce","ptntInsrncMap":"0x76718c38","ptntInsrncObj":"0x6275ae82","quoteObj":"0x3dee68cd","recordId":"00629000003FJ4b","rtAdjstmntOptions":"0x6254d5bc","showPILookup":false,"sObjectQueryStr":"","wrprObj":"0x3bad4b8f"}|0xd78d93f
08:22:48.0 (41708949)|SOQL_EXECUTE_BEGIN|[219]|Aggregations:0|SELECT Id, Name, RecordType.Name, Uncovered_Charges__c, Patient_Insurance__r.Accepts_Assignment_of_Benefits__c, Patient_Insurance__r.Opportunity__c, Patient_Insurance__r.Accreditation__c, Patient_Insurance__r.Insurance_Company__r.Name, PHP_Admit_Co_Payment__c, Detox_Admit_Co_Payment__c, RTC_Admit_Co_Payment__c, Deductible__c, Deductible_Met__c, IOP_Admit_Co_Payment__c, Max_Out_of_Pocket_Remaining__c, Insurance_Company_is_Out_of_Network__c, Annual_Max_Remaining__c, Deductible_Remaining__c, Detox_Pays_at__c, Detox_Over__c, RTC_Pays_at__c, Residential_Treatment_Override__c, PHP_Pays_at__c, Partial_Hospitalization_Override__c, IOP_Pays_at__c, Intensive_Outpatient_Override__c, Num_Days_Uncovered__c, Num_Days_Room__c, Uncovered_Days_Rate__c, Room_and_Board_Days_Rate__c, Uncovered_Days_Override__c, Room_and_Board_Days_Override__c, Deductible_Included_in_OOP__c, Uncovered_Days__c, Lifetime_Max__c, Lifetime_Max_Met__c, Annual_Max__c, Annual_Max_Met__c, Max_Out_of_Pocket__c, Max_Out_of_Pocket_Met__c, Co_Pay_Met__c FROM Insurance_Benefit__c WHERE Patient_Insurance__c = :tmpVar1
08:22:48.0 (56359572)|SOQL_EXECUTE_END|[219]|Rows:5
08:22:48.0 (56406123)|HEAP_ALLOCATE|[219]|Bytes:24
08:22:48.0 (56478668)|HEAP_ALLOCATE|[219]|Bytes:5579
08:22:48.0 (56566605)|HEAP_ALLOCATE|[219]|Bytes:24
08:22:48.0 (56627725)|HEAP_ALLOCATE|[219]|Bytes:112
08:22:48.0 (56643337)|HEAP_ALLOCATE|[219]|Bytes:4
08:22:48.0 (56651348)|HEAP_ALLOCATE|[219]|Bytes:112
08:22:48.0 (56658508)|HEAP_ALLOCATE|[219]|Bytes:4
08:22:48.0 (56664253)|HEAP_ALLOCATE|[219]|Bytes:72
08:22:48.0 (56671155)|HEAP_ALLOCATE|[219]|Bytes:4
08:22:48.0 (56676471)|HEAP_ALLOCATE|[219]|Bytes:72
08:22:48.0 (56683333)|HEAP_ALLOCATE|[219]|Bytes:4
08:22:48.0 (56688818)|HEAP_ALLOCATE|[219]|Bytes:72
08:22:48.0 (56695580)|HEAP_ALLOCATE|[219]|Bytes:4
08:22:48.0 (56858965)|VARIABLE_ASSIGNMENT|[219]|this.insrncBnftMap|{"a1H29000000jvcPEAQ":{"Id":"a1H29000000jvcPEAQ","Name":"Insurance Benefit 75 (2 more) ...","RecordTypeId":"012j00000015GS7AAM","Patient_Insurance__c":"a1b29000000d1kgAAA","PHP_Admit_Co_Payment (3 more) ...":0.00,"Deductible__c":6000.00,"Deductible_Met__c":0.00,"Max_Out_of_Pocket_Re (10 more) ...":16000.00,"Insurance_Company_is (18 more) ...":false,"Annual_Max_Remaining (3 more) ...":1000000,"Deductible_Remaining (3 more) ...":6000.00,"Detox_Pays_at__c":50.00,"RTC_Pays_at__c":50.00,"PHP_Pays_at__c":50.00,"IOP_Pays_at__c":50.00,"Uncovered_Days_Rate_ (2 more) ...":1020.00,"Room_and_Board_Days_ (7 more) ...":2000.00,"Deductible_Included_ (9 more) ...":"Yes","Uncovered_Days__c":10,"Lifetime_Max__c":1000000.00,"Lifetime_Max_Met__c":0.00,"Annual_Max__c":1000000.00,"Annual_Max_Met__c":0.00,"Max_Out_of_Pocket__c":16000.00,"Max_Out_of_Pocket_Me (4 more) ...":0.00,"RecordType":{"Name":"Out of Network","Id":"012j00000015GS7AAM"},"Patient_Insurance__r":{"Opportunity__c":"00629000003FJ4bAAG","Accreditation__c":"State","Insurance_Company__c":"0012900000AXSNIAA5","Id":"a1b29000000d1kgAAA","Insurance_Company__r":{"Name":"4 Your Choice","Id":"0012900000AXSNIAA5","RecordTypeId":"012j00000015GRqAAM"}}},"a1H29000000pIg3EAE":{"Id":"a1H29000000pIg3EAE","Name":"Insurance Benefit 75 (2 more) ...","RecordTypeId":"012j00000015GS7AAM","Patient_Insurance__c":"a1b29000000d1kgAAA","PHP_Admit_Co_Payment (3 more) ...":0.00,"Deductible__c":6000.00,"Deductible_Met__c":0.00,"Max_Out_of_Pocket_Re (10 more) ...":16000.00,"Insurance_Company_is (18 more) ...":false,"Annual_Max_Remaining (3 more) ...":1000000,"Deductible_Remaining (3 more) ...":6000.00,"Detox_Pays_at__c":50.00,"RTC_Pays_at__c":50.00,"PHP_Pays_at__c":50.00,"IOP_Pays_at__c":50.00,"Uncovered_Days_Rate_ (2 more) ...":1020.00,"Room_and_Board_Days_ (7 more) ...":2000.00,"Deductible_Included_ (9 more) ...":"Yes","Uncovered_Days__c":10,"Lifetime_Max__c":1000000.00,"Lifetime_Max_Met__c":0.00,"Annual_Max__c":1000000.00,"Annual_Max_Met__c":0.00,"Max_Out_of_Pocket__c":16000.00,"Max_Out_of_Pocket_Me (4 more) ...":0.00,"RecordType":{"Name":"Out of Network","Id":"012j00000015GS7AAM"},"Patient_Insurance__r":{"Opportunity__c":"00629000003FJ4bAAG","Accreditation__c":"State","Insurance_Company__c":"0012900000AXSNIAA5","Id":"a1b29000000d1kgAAA","Insurance_Company__r":{"Name":"4 Your Choice","Id":"0012900000AXSNIAA5","RecordTypeId":"012j00000015GRqAAM"}}},"a1H29000000uZbiEAE":{"Id":"a1H29000000uZbiEAE","Name":"Insurance Benefit 75 (2 more) ...","RecordTypeId":"012j00000015GS6AAM","Patient_Insurance__c":"a1b29000000d1kgAAA","PHP_Admit_Co_Payment (3 more) ...":0.00,"Max_Out_of_Pocket_Re (10 more) ...":0.00,"Insurance_Company_is (18 more) ...":false,"Annual_Max_Remaining (3 more) ...":1000000,"Deductible_Remaining (3 more) ...":0.00,"Uncovered_Days_Rate_ (2 more) ...":630.00,"Room_and_Board_Days_ (7 more) ...":2000.00,"Lifetime_Max__c":1000000.00,"Lifetime_Max_Met__c":0.00,"Annual_Max__c":1000000.00,"Annual_Max_Met__c":0.00,"RecordType":{"Name":"In Network","Id":"012j00000015GS6AAM"},"Patient_Insurance__r":{"Opportunity__c":"00629000003FJ4bAAG","Accreditation__c":"State","Insurance_Company__c":"0012900000AXSNIAA5","Id":"a1b29000000d1kgAAA","Insurance_Company__r":{"Name":"4 Your Choice","Id":"0012900000AXSNIAA5","RecordTypeId":"012j00000015GRqAAM"}}},"a1H29000000uZbnEAE":{"Id":"a1H29000000uZbnEAE","Name":"Insurance Benefit 75 (2 more) ...","RecordTypeId":"012j00000015GS6AAM","Patient_Insurance__c":"a1b29000000d1kgAAA","PHP_Admit_Co_Payment (3 more) ...":0.00,"Max_Out_of_Pocket_Re (10 more) ...":0.00,"Insurance_Company_is (18 more) ...":false,"Annual_Max_Remaining (3 more) ...":1000000,"Deductible_Remaining (3 more) ...":0.00,"Uncovered_Days_Rate_ (2 more) ...":630.00,"Room_and_Board_Days_ (7 more) ...":2000.00,"Lifetime_Max__c":1000000.00,"Lifetime_Max_Met__c":0.00,"Annual_Max__c":1000000.00,"Annual_Max_Met__c":0.00,"RecordType":{"Name":"In Network","Id":"012j00000015GS6AAM"},"Patient_Insurance__r":{"Opportunity__c":"00629000003FJ4bAAG","Accreditation__c":"State","Insurance_Company__c":"0012900000AXSNIAA5","Id":"a1b29000000d1kgAAA","Insurance_Company__r":{"Name":"4 Your Choice","Id":"0012900000AXSNIAA5","RecordTypeId":"012j00000015GRqAAM"}}},"a1H29000000uZdPEAU":{"Id":"a1H29000000uZdPEAU","Name":"Insurance Benefit 75 (2 more) ...","RecordTypeId":"012j00000015GS6AAM","Patient_Insurance__c":"a1b29000000d1kgAAA","PHP_Admit_Co_Payment (3 more) ...":0.00,"Max_Out_of_Pocket_Re (10 more) ...":0.00,"Insurance_Company_is (18 more) ...":false,"Annual_Max_Remaining (3 more) ...":1000000,"Deductible_Remaining (3 more) ...":0.00,"Uncovered_Days_Rate_ (2 more) ...":630.00,"Room_and_Board_Days_ (7 more) ...":2000.00,"Lifetime_Max__c":1000000.00,"Lifetime_Max_Met__c":0.00,"Annual_Max__c":1000000.00,"Annual_Max_Met__c":0.00,"RecordType":{"Name":"In Network","Id":"012j00000015GS6AAM"},"Patient_Insurance__r":{"Opportunity__c":"00629000003FJ4bAAG","Accreditation__c":"State","Insurance_Company__c":"0012900000AXSNIAA5","Id":"a1b29000000d1kgAAA","Insurance_Company__r":{"Name":"4 Your Choice","Id":"0012900000AXSNIAA5","RecordTypeId":"012j00000015GRqAAM"}}}}|0xd78d93f
08:22:48.0 (56992558)|HEAP_ALLOCATE|[EXTERNAL]|Bytes:24
08:22:48.0 (57032766)|HEAP_ALLOCATE|[263]|Bytes:5598
08:22:48.0 (57210682)|HEAP_ALLOCATE|[263]|Bytes:5
08:22:48.0 (57230724)|HEAP_ALLOCATE|[263]|Bytes:112
08:22:48.0 (57244627)|VARIABLE_SCOPE_BEGIN|[263]|insrncBnftInstance|Insurance_Benefit__c|true|false
08:22:48.0 (57287408)|VARIABLE_ASSIGNMENT|[263]|insrncBnftInstance|{"Id":"a1H29000000jvcPEAQ","Name":"Insurance Benefit 75 (2 more) ...","RecordTypeId":"012j00000015GS7AAM","Patient_Insurance__c":"a1b29000000d1kgAAA","PHP_Admit_Co_Payment (3 more) ...":0.00,"Deductible__c":6000.00,"Deductible_Met__c":0.00,"Max_Out_of_Pocket_Re (10 more) ...":16000.00,"Insurance_Company_is (18 more) ...":false,"Annual_Max_Remaining (3 more) ...":1000000,"Deductible_Remaining (3 more) ...":6000.00,"Detox_Pays_at__c":50.00,"RTC_Pays_at__c":50.00,"PHP_Pays_at__c":50.00,"IOP_Pays_at__c":50.00,"Uncovered_Days_Rate_ (2 more) ...":1020.00,"Room_and_Board_Days_ (7 more) ...":2000.00,"Deductible_Included_ (9 more) ...":"Yes","Uncovered_Days__c":10,"Lifetime_Max__c":1000000.00,"Lifetime_Max_Met__c":0.00,"Annual_Max__c":1000000.00,"Annual_Max_Met__c":0.00,"Max_Out_of_Pocket__c":16000.00,"Max_Out_of_Pocket_Me (4 more) ...":0.00,"RecordType":{"Name":"Out of Network","Id":"012j00000015GS7AAM"},"Patient_Insurance__r":{"Opportunity__c":"00629000003FJ4bAAG","Accreditation__c":"State","Insurance_Company__c":"0012900000AXSNIAA5","Id":"a1b29000000d1kgAAA","Insurance_Company__r":{"Name":"4 Your Choice","Id":"0012900000AXSNIAA5","RecordTypeId":"012j00000015GRqAAM"}}}|0x1d6bd309
08:22:48.0 (57311952)|STATEMENT_EXECUTE|[263]
08:22:48.0 (57313836)|STATEMENT_EXECUTE|[264]
08:22:48.0 (57371652)|HEAP_ALLOCATE|[264]|Bytes:18
08:22:48.0 (57446720)|HEAP_ALLOCATE|[264]|Bytes:3
08:22:48.0 (57476955)|HEAP_ALLOCATE|[264]|Bytes:39
08:22:48.0 (57561082)|HEAP_ALLOCATE|[EXTERNAL]|Bytes:4
08:22:48.0 (57582381)|HEAP_ALLOCATE|[263]|Bytes:5
08:22:48.0 (57597895)|HEAP_ALLOCATE|[263]|Bytes:112
08:22:48.0 (57607247)|VARIABLE_SCOPE_BEGIN|[263]|insrncBnftInstance|Insurance_Benefit__c|true|false
08:22:48.0 (57647594)|VARIABLE_ASSIGNMENT|[263]|insrncBnftInstance|{"Id":"a1H29000000pIg3EAE","Name":"Insurance Benefit 75 (2 more) ...","RecordTypeId":"012j00000015GS7AAM","Patient_Insurance__c":"a1b29000000d1kgAAA","PHP_Admit_Co_Payment (3 more) ...":0.00,"Deductible__c":6000.00,"Deductible_Met__c":0.00,"Max_Out_of_Pocket_Re (10 more) ...":16000.00,"Insurance_Company_is (18 more) ...":false,"Annual_Max_Remaining (3 more) ...":1000000,"Deductible_Remaining (3 more) ...":6000.00,"Detox_Pays_at__c":50.00,"RTC_Pays_at__c":50.00,"PHP_Pays_at__c":50.00,"IOP_Pays_at__c":50.00,"Uncovered_Days_Rate_ (2 more) ...":1020.00,"Room_and_Board_Days_ (7 more) ...":2000.00,"Deductible_Included_ (9 more) ...":"Yes","Uncovered_Days__c":10,"Lifetime_Max__c":1000000.00,"Lifetime_Max_Met__c":0.00,"Annual_Max__c":1000000.00,"Annual_Max_Met__c":0.00,"Max_Out_of_Pocket__c":16000.00,"Max_Out_of_Pocket_Me (4 more) ...":0.00,"RecordType":{"Name":"Out of Network","Id":"012j00000015GS7AAM"},"Patient_Insurance__r":{"Opportunity__c":"00629000003FJ4bAAG","Accreditation__c":"State","Insurance_Company__c":"0012900000AXSNIAA5","Id":"a1b29000000d1kgAAA","Insurance_Company__r":{"Name":"4 Your Choice","Id":"0012900000AXSNIAA5","RecordTypeId":"012j00000015GRqAAM"}}}|0x22373920
08:22:48.0 (57668700)|STATEMENT_EXECUTE|[263]
08:22:48.0 (57670072)|STATEMENT_EXECUTE|[264]
08:22:48.0 (57687278)|HEAP_ALLOCATE|[264]|Bytes:18
08:22:48.0 (57703582)|HEAP_ALLOCATE|[264]|Bytes:39
08:22:48.0 (57719316)|HEAP_ALLOCATE|[EXTERNAL]|Bytes:4
08:22:48.0 (57735201)|HEAP_ALLOCATE|[263]|Bytes:5
08:22:48.0 (57748549)|HEAP_ALLOCATE|[263]|Bytes:72
08:22:48.0 (57757259)|VARIABLE_SCOPE_BEGIN|[263]|insrncBnftInstance|Insurance_Benefit__c|true|false
08:22:48.0 (57789001)|VARIABLE_ASSIGNMENT|[263]|insrncBnftInstance|{"Id":"a1H29000000uZbiEAE","Name":"Insurance Benefit 75 (2 more) ...","RecordTypeId":"012j00000015GS6AAM","Patient_Insurance__c":"a1b29000000d1kgAAA","PHP_Admit_Co_Payment (3 more) ...":0.00,"Max_Out_of_Pocket_Re (10 more) ...":0.00,"Insurance_Company_is (18 more) ...":false,"Annual_Max_Remaining (3 more) ...":1000000,"Deductible_Remaining (3 more) ...":0.00,"Uncovered_Days_Rate_ (2 more) ...":630.00,"Room_and_Board_Days_ (7 more) ...":2000.00,"Lifetime_Max__c":1000000.00,"Lifetime_Max_Met__c":0.00,"Annual_Max__c":1000000.00,"Annual_Max_Met__c":0.00,"RecordType":{"Name":"In Network","Id":"012j00000015GS6AAM"},"Patient_Insurance__r":{"Opportunity__c":"00629000003FJ4bAAG","Accreditation__c":"State","Insurance_Company__c":"0012900000AXSNIAA5","Id":"a1b29000000d1kgAAA","Insurance_Company__r":{"Name":"4 Your Choice","Id":"0012900000AXSNIAA5","RecordTypeId":"012j00000015GRqAAM"}}}|0x6f5b9bba
08:22:48.0 (57805680)|STATEMENT_EXECUTE|[263]
08:22:48.0 (57806931)|STATEMENT_EXECUTE|[264]
08:22:48.0 (57821597)|HEAP_ALLOCATE|[264]|Bytes:18
08:22:48.0 (57847430)|HEAP_ALLOCATE|[264]|Bytes:35
08:22:48.0 (57863960)|HEAP_ALLOCATE|[EXTERNAL]|Bytes:4
08:22:48.0 (57879776)|HEAP_ALLOCATE|[263]|Bytes:5
08:22:48.0 (57893308)|HEAP_ALLOCATE|[263]|Bytes:72
08:22:48.0 (57901907)|VARIABLE_SCOPE_BEGIN|[263]|insrncBnftInstance|Insurance_Benefit__c|true|false
08:22:48.0 (57934252)|VARIABLE_ASSIGNMENT|[263]|insrncBnftInstance|{"Id":"a1H29000000uZbnEAE","Name":"Insurance Benefit 75 (2 more) ...","RecordTypeId":"012j00000015GS6AAM","Patient_Insurance__c":"a1b29000000d1kgAAA","PHP_Admit_Co_Payment (3 more) ...":0.00,"Max_Out_of_Pocket_Re (10 more) ...":0.00,"Insurance_Company_is (18 more) ...":false,"Annual_Max_Remaining (3 more) ...":1000000,"Deductible_Remaining (3 more) ...":0.00,"Uncovered_Days_Rate_ (2 more) ...":630.00,"Room_and_Board_Days_ (7 more) ...":2000.00,"Lifetime_Max__c":1000000.00,"Lifetime_Max_Met__c":0.00,"Annual_Max__c":1000000.00,"Annual_Max_Met__c":0.00,"RecordType":{"Name":"In Network","Id":"012j00000015GS6AAM"},"Patient_Insurance__r":{"Opportunity__c":"00629000003FJ4bAAG","Accreditation__c":"State","Insurance_Company__c":"0012900000AXSNIAA5","Id":"a1b29000000d1kgAAA","Insurance_Company__r":{"Name":"4 Your Choice","Id":"0012900000AXSNIAA5","RecordTypeId":"012j00000015GRqAAM"}}}|0x783f725f
08:22:48.0 (57950730)|STATEMENT_EXECUTE|[263]
08:22:48.0 (57952347)|STATEMENT_EXECUTE|[264]
08:22:48.0 (57966777)|HEAP_ALLOCATE|[264]|Bytes:18
08:22:48.0 (57982086)|HEAP_ALLOCATE|[264]|Bytes:35
08:22:48.0 (57996450)|HEAP_ALLOCATE|[EXTERNAL]|Bytes:4
08:22:48.0 (58011733)|HEAP_ALLOCATE|[263]|Bytes:5
08:22:48.0 (58025906)|HEAP_ALLOCATE|[263]|Bytes:72
08:22:48.0 (58034113)|VARIABLE_SCOPE_BEGIN|[263]|insrncBnftInstance|Insurance_Benefit__c|true|false
08:22:48.0 (58065620)|VARIABLE_ASSIGNMENT|[263]|insrncBnftInstance|{"Id":"a1H29000000uZdPEAU","Name":"Insurance Benefit 75 (2 more) ...","RecordTypeId":"012j00000015GS6AAM","Patient_Insurance__c":"a1b29000000d1kgAAA","PHP_Admit_Co_Payment (3 more) ...":0.00,"Max_Out_of_Pocket_Re (10 more) ...":0.00,"Insurance_Company_is (18 more) ...":false,"Annual_Max_Remaining (3 more) ...":1000000,"Deductible_Remaining (3 more) ...":0.00,"Uncovered_Days_Rate_ (2 more) ...":630.00,"Room_and_Board_Days_ (7 more) ...":2000.00,"Lifetime_Max__c":1000000.00,"Lifetime_Max_Met__c":0.00,"Annual_Max__c":1000000.00,"Annual_Max_Met__c":0.00,"RecordType":{"Name":"In Network","Id":"012j00000015GS6AAM"},"Patient_Insurance__r":{"Opportunity__c":"00629000003FJ4bAAG","Accreditation__c":"State","Insurance_Company__c":"0012900000AXSNIAA5","Id":"a1b29000000d1kgAAA","Insurance_Company__r":{"Name":"4 Your Choice","Id":"0012900000AXSNIAA5","RecordTypeId":"012j00000015GRqAAM"}}}|0x3b8f15ca
08:22:48.0 (58082065)|STATEMENT_EXECUTE|[263]
08:22:48.0 (58083304)|STATEMENT_EXECUTE|[264]
08:22:48.0 (58097584)|HEAP_ALLOCATE|[264]|Bytes:18
08:22:48.0 (58113006)|HEAP_ALLOCATE|[264]|Bytes:35
08:22:48.0 (58127545)|HEAP_ALLOCATE|[EXTERNAL]|Bytes:4
08:22:48.0 (58142445)|HEAP_ALLOCATE|[263]|Bytes:5
08:22:48.0 (58160891)|VARIABLE_ASSIGNMENT|[263]|insrncBnftInstance|null|
08:22:48.0 (58280856)|VARIABLE_ASSIGNMENT|[EXTERNAL]|this|{"estmtCnrgDaysMap":"0x56dd6b46","estmtCvrgeDaysObj":"0xbe761dd","faciltyOptions":"0x2e2334cc","fcltyPrgrmOptions":"0x1a9a18bf","idToOwnershipFacilit (4 more) ...":"0x27a0c7f1","idToTypeFacilityMap":"0x1779b351","insrncBnftMap":"0x5d6dbb06","insrncBnftOptions":"0x6a5edb60","isIop":false,"isTalbott":false,"meta":"0x4b600695","oppId":"00629000003FJ4b","pawObj":"0x11d9c793","ptntInsrnceOptions":"0x6a68dfce","ptntInsrncMap":"0x76718c38","ptntInsrncObj":"0x6275ae82","quoteObj":"0x3dee68cd","recordId":"00629000003FJ4b","rtAdjstmntOptions":"0x6254d5bc","showPILookup":false,"sObjectQueryStr":"","wrprObj":"0x3bad4b8f"}|0xd78d93f
08:22:48.0 (58376781)|VARIABLE_ASSIGNMENT|[EXTERNAL]|this|{"facilitySelected":"","insrncBnft":"0x91bca95","insrncBnftSelected":"a1H29000000jvcPEAQ","pawDetailListDisplay (4 more) ...":false,"pyAgrmntWrksht":"0xa9bbbdc","relatedPAWDetailsLis (1 more) ...":"0x49e3f82","targetEDR":0.00,"totalAppliedDeductib (2 more) ...":0.00,"totalCoInsurance":0.00,"totalCoPayAmt":0.00,"totalInsCoResp":0.00,"totalInsEIVAmt":0.00,"totalRowCount":0,"totalTalbottDay":0}|0x3bad4b8f
08:22:48.0 (58456563)|VARIABLE_ASSIGNMENT|[EXTERNAL]|this|{"estmtCnrgDaysMap":"0x56dd6b46","estmtCvrgeDaysObj":"0xbe761dd","faciltyOptions":"0x2e2334cc","fcltyPrgrmOptions":"0x1a9a18bf","idToOwnershipFacilit (4 more) ...":"0x27a0c7f1","idToTypeFacilityMap":"0x1779b351","insrncBnftMap":"0x5d6dbb06","insrncBnftOptions":"0x6a5edb60","isIop":false,"isTalbott":false,"meta":"0x4b600695","oppId":"00629000003FJ4b","pawObj":"0x11d9c793","ptntInsrnceOptions":"0x6a68dfce","ptntInsrncMap":"0x76718c38","ptntInsrncObj":"0x6275ae82","quoteObj":"0x3dee68cd","recordId":"00629000003FJ4b","rtAdjstmntOptions":"0x6254d5bc","showPILookup":false,"sObjectQueryStr":"","wrprObj":"0x3bad4b8f"}|0xd78d93f
08:22:48.0 (58522610)|VARIABLE_ASSIGNMENT|[EXTERNAL]|this|{"facilitySelected":"","insrncBnft":"0x91bca95","insrncBnftSelected":"a1H29000000jvcPEAQ","pawDetailListDisplay (4 more) ...":false,"pyAgrmntWrksht":"0xa9bbbdc","relatedPAWDetailsLis (1 more) ...":"0x49e3f82","targetEDR":0.00,"totalAppliedDeductib (2 more) ...":0.00,"totalCoInsurance":0.00,"totalCoPayAmt":0.00,"totalInsCoResp":0.00,"totalInsEIVAmt":0.00,"totalRowCount":0,"totalTalbottDay":0}|0x3bad4b8f
08:22:48.0 (58560378)|STATEMENT_EXECUTE|[267]
08:22:48.0 (58562416)|STATEMENT_EXECUTE|[268]
08:22:48.0 (58634636)|VARIABLE_ASSIGNMENT|[EXTERNAL]|this|{"estmtCnrgDaysMap":"0x56dd6b46","estmtCvrgeDaysObj":"0xbe761dd","faciltyOptions":"0x2e2334cc","fcltyPrgrmOptions":"0x1a9a18bf","idToOwnershipFacilit (4 more) ...":"0x27a0c7f1","idToTypeFacilityMap":"0x1779b351","insrncBnftMap":"0x5d6dbb06","insrncBnftOptions":"0x6a5edb60","isIop":false,"isTalbott":false,"meta":"0x4b600695","oppId":"00629000003FJ4b","pawObj":"0x11d9c793","ptntInsrnceOptions":"0x6a68dfce","ptntInsrncMap":"0x76718c38","ptntInsrncObj":"0x6275ae82","quoteObj":"0x3dee68cd","recordId":"00629000003FJ4b","rtAdjstmntOptions":"0x6254d5bc","showPILookup":false,"sObjectQueryStr":"","wrprObj":"0x3bad4b8f"}|0xd78d93f
08:22:48.0 (58700159)|VARIABLE_ASSIGNMENT|[EXTERNAL]|this|{"facilitySelected":"","insrncBnft":"0x91bca95","insrncBnftSelected":"a1H29000000jvcPEAQ","pawDetailListDisplay (4 more) ...":false,"pyAgrmntWrksht":"0xa9bbbdc","relatedPAWDetailsLis (1 more) ...":"0x49e3f82","targetEDR":0.00,"totalAppliedDeductib (2 more) ...":0.00,"totalCoInsurance":0.00,"totalCoPayAmt":0.00,"totalInsCoResp":0.00,"totalInsEIVAmt":0.00,"totalRowCount":0,"totalTalbottDay":0}|0x3bad4b8f
08:22:48.0 (58807054)|VARIABLE_ASSIGNMENT|[EXTERNAL]|this|{"estmtCnrgDaysMap":"0x56dd6b46","estmtCvrgeDaysObj":"0xbe761dd","faciltyOptions":"0x2e2334cc","fcltyPrgrmOptions":"0x1a9a18bf","idToOwnershipFacilit (4 more) ...":"0x27a0c7f1","idToTypeFacilityMap":"0x1779b351","insrncBnftMap":"0x5d6dbb06","insrncBnftOptions":"0x6a5edb60","isIop":false,"isTalbott":false,"meta":"0x4b600695","oppId":"00629000003FJ4b","pawObj":"0x11d9c793","ptntInsrnceOptions":"0x6a68dfce","ptntInsrncMap":"0x76718c38","ptntInsrncObj":"0x6275ae82","quoteObj":"0x3dee68cd","recordId":"00629000003FJ4b","rtAdjstmntOptions":"0x6254d5bc","showPILookup":false,"sObjectQueryStr":"","wrprObj":"0x3bad4b8f"}|0xd78d93f
08:22:48.0 (58875500)|VARIABLE_ASSIGNMENT|[EXTERNAL]|this|{"facilitySelected":"","insrncBnft":"0x91bca95","insrncBnftSelected":"a1H29000000jvcPEAQ","pawDetailListDisplay (4 more) ...":false,"pyAgrmntWrksht":"0xa9bbbdc","relatedPAWDetailsLis (1 more) ...":"0x49e3f82","targetEDR":0.00,"totalAppliedDeductib (2 more) ...":0.00,"totalCoInsurance":0.00,"totalCoPayAmt":0.00,"totalInsCoResp":0.00,"totalInsEIVAmt":0.00,"totalRowCount":0,"totalTalbottDay":0}|0x3bad4b8f
08:22:48.0 (58917086)|VARIABLE_ASSIGNMENT|[EXTERNAL]|value|{"Id":"a1H29000000jvcPEAQ","Name":"Insurance Benefit 75 (2 more) ...","RecordTypeId":"012j00000015GS7AAM","Patient_Insurance__c":"a1b29000000d1kgAAA","PHP_Admit_Co_Payment (3 more) ...":0.00,"Deductible__c":6000.00,"Deductible_Met__c":0.00,"Max_Out_of_Pocket_Re (10 more) ...":16000.00,"Insurance_Company_is (18 more) ...":false,"Annual_Max_Remaining (3 more) ...":1000000,"Deductible_Remaining (3 more) ...":6000.00,"Detox_Pays_at__c":50.00,"RTC_Pays_at__c":50.00,"PHP_Pays_at__c":50.00,"IOP_Pays_at__c":50.00,"Uncovered_Days_Rate_ (2 more) ...":1020.00,"Room_and_Board_Days_ (7 more) ...":2000.00,"Deductible_Included_ (9 more) ...":"Yes","Uncovered_Days__c":10,"Lifetime_Max__c":1000000.00,"Lifetime_Max_Met__c":0.00,"Annual_Max__c":1000000.00,"Annual_Max_Met__c":0.00,"Max_Out_of_Pocket__c":16000.00,"Max_Out_of_Pocket_Me (4 more) ...":0.00,"RecordType":{"Name":"Out of Network","Id":"012j00000015GS7AAM"},"Patient_Insurance__r":{"Opportunity__c":"00629000003FJ4bAAG","Accreditation__c":"State","Insurance_Company__c":"0012900000AXSNIAA5","Id":"a1b29000000d1kgAAA","Insurance_Company__r":{"Name":"4 Your Choice","Id":"0012900000AXSNIAA5","RecordTypeId":"012j00000015GRqAAM"}}}|0x1d6bd309
08:22:48.0 (58968042)|VARIABLE_ASSIGNMENT|[525]|this.insrncBnft|{"Id":"a1H29000000jvcPEAQ","Name":"Insurance Benefit 75 (2 more) ...","RecordTypeId":"012j00000015GS7AAM","Patient_Insurance__c":"a1b29000000d1kgAAA","PHP_Admit_Co_Payment (3 more) ...":0.00,"Deductible__c":6000.00,"Deductible_Met__c":0.00,"Max_Out_of_Pocket_Re (10 more) ...":16000.00,"Insurance_Company_is (18 more) ...":false,"Annual_Max_Remaining (3 more) ...":1000000,"Deductible_Remaining (3 more) ...":6000.00,"Detox_Pays_at__c":50.00,"RTC_Pays_at__c":50.00,"PHP_Pays_at__c":50.00,"IOP_Pays_at__c":50.00,"Uncovered_Days_Rate_ (2 more) ...":1020.00,"Room_and_Board_Days_ (7 more) ...":2000.00,"Deductible_Included_ (9 more) ...":"Yes","Uncovered_Days__c":10,"Lifetime_Max__c":1000000.00,"Lifetime_Max_Met__c":0.00,"Annual_Max__c":1000000.00,"Annual_Max_Met__c":0.00,"Max_Out_of_Pocket__c":16000.00,"Max_Out_of_Pocket_Me (4 more) ...":0.00,"RecordType":{"Name":"Out of Network","Id":"012j00000015GS7AAM"},"Patient_Insurance__r":{"Opportunity__c":"00629000003FJ4bAAG","Accreditation__c":"State","Insurance_Company__c":"0012900000AXSNIAA5","Id":"a1b29000000d1kgAAA","Insurance_Company__r":{"Name":"4 Your Choice","Id":"0012900000AXSNIAA5","RecordTypeId":"012j00000015GRqAAM"}}}|0x3bad4b8f
08:22:48.0 (58994287)|STATEMENT_EXECUTE|[272]
08:22:48.68 (68929576)|SYSTEM_MODE_ENTER|true
08:22:48.68 (69019427)|HEAP_ALLOCATE|[EXTERNAL]|Bytes:8
08:22:48.68 (69034067)|VARIABLE_SCOPE_BEGIN|[88]|this|ApexPage.PageMessagesComponentController|true|false
08:22:48.68 (69072621)|VARIABLE_ASSIGNMENT|[88]|this|{}|0x1bbf9d94
08:22:48.68 (69080798)|VARIABLE_SCOPE_BEGIN|[88]|escape|Boolean|false|false
08:22:48.68 (69088394)|VARIABLE_ASSIGNMENT|[88]|escape|null
08:22:48.0 (69539432)|HEAP_ALLOCATE|[EXTERNAL]|Bytes:18
08:22:48.0 (69547656)|HEAP_ALLOCATE|[EXTERNAL]|Bytes:84
08:22:48.0 (69560309)|VARIABLE_ASSIGNMENT|[EXTERNAL]|this.insrncBnftSelected|"a1H29000000uZbiEAE"|0x3bad4b8f
08:22:48.0 (69631395)|HEAP_ALLOCATE|[EXTERNAL]|Bytes:84
08:22:48.0 (69642714)|VARIABLE_ASSIGNMENT|[EXTERNAL]|this.facilitySelected|null|0x3bad4b8f
08:22:48.0 (69711093)|HEAP_ALLOCATE|[EXTERNAL]|Bytes:84
08:22:48.0 (69723040)|VARIABLE_ASSIGNMENT|[EXTERNAL]|this.rateAdjstmntSelected|null|0x3bad4b8f
08:22:48.0 (69790589)|HEAP_ALLOCATE|[EXTERNAL]|Bytes:84
08:22:48.0 (69801376)|VARIABLE_ASSIGNMENT|[EXTERNAL]|this.fcltyPrgrmSelected|null|0x3bad4b8f
08:22:48.0 (78388609)|HEAP_ALLOCATE|[EXTERNAL]|Bytes:112
08:22:48.0 (78405590)|VARIABLE_SCOPE_BEGIN|[276]|this|PAW_New_EditCntrllr|true|false
08:22:48.0 (78498272)|VARIABLE_ASSIGNMENT|[276]|this|{"estmtCnrgDaysMap":"0x56dd6b46","estmtCvrgeDaysObj":"0xbe761dd","faciltyOptions":"0x2e2334cc","fcltyPrgrmOptions":"0x1a9a18bf","idToOwnershipFacilit (4 more) ...":"0x27a0c7f1","idToTypeFacilityMap":"0x1779b351","insrncBnftMap":"0x5d6dbb06","insrncBnftOptions":"0x6a5edb60","isIop":false,"isTalbott":false,"meta":"0x4b600695","oppId":"00629000003FJ4b","pawObj":"0x11d9c793","ptntInsrnceOptions":"0x6a68dfce","ptntInsrncMap":"0x76718c38","ptntInsrncObj":"0x6275ae82","quoteObj":"0x3dee68cd","recordId":"00629000003FJ4b","rtAdjstmntOptions":"0x6254d5bc","showPILookup":false,"sObjectQueryStr":"","wrprObj":"0x3bad4b8f"}|0xd78d93f
08:22:48.0 (78519600)|STATEMENT_EXECUTE|[276]
08:22:48.0 (78521746)|STATEMENT_EXECUTE|[277]
08:22:48.0 (78534059)|HEAP_ALLOCATE|[277]|Bytes:4
08:22:48.0 (78667022)|VARIABLE_ASSIGNMENT|[EXTERNAL]|this|{"estmtCnrgDaysMap":"0x56dd6b46","estmtCvrgeDaysObj":"0xbe761dd","faciltyOptions":"0x2e2334cc","fcltyPrgrmOptions":"0x1a9a18bf","idToOwnershipFacilit (4 more) ...":"0x27a0c7f1","idToTypeFacilityMap":"0x1779b351","insrncBnftMap":"0x5d6dbb06","insrncBnftOptions":"0x6a5edb60","isIop":false,"isTalbott":false,"meta":"0x4b600695","oppId":"00629000003FJ4b","pawObj":"0x11d9c793","ptntInsrnceOptions":"0x6a68dfce","ptntInsrncMap":"0x76718c38","ptntInsrncObj":"0x6275ae82","quoteObj":"0x3dee68cd","recordId":"00629000003FJ4b","rtAdjstmntOptions":"0x6254d5bc","showPILookup":false,"sObjectQueryStr":"","wrprObj":"0x3bad4b8f"}|0xd78d93f
08:22:48.0 (78712855)|HEAP_ALLOCATE|[EXTERNAL]|Bytes:4
08:22:48.0 (78726244)|VARIABLE_ASSIGNMENT|[EXTERNAL]|value|[]|0x405eb2af
08:22:48.0 (78742089)|VARIABLE_ASSIGNMENT|[14]|this.faciltyOptions|[]|0xd78d93f
08:22:48.0 (78754749)|STATEMENT_EXECUTE|[278]
08:22:48.0 (78764521)|HEAP_ALLOCATE|[278]|Bytes:4
08:22:48.0 (78862824)|VARIABLE_ASSIGNMENT|[EXTERNAL]|this|{"estmtCnrgDaysMap":"0x56dd6b46","estmtCvrgeDaysObj":"0xbe761dd","faciltyOptions":"0x405eb2af","fcltyPrgrmOptions":"0x1a9a18bf","idToOwnershipFacilit (4 more) ...":"0x27a0c7f1","idToTypeFacilityMap":"0x1779b351","insrncBnftMap":"0x5d6dbb06","insrncBnftOptions":"0x6a5edb60","isIop":false,"isTalbott":false,"meta":"0x4b600695","oppId":"00629000003FJ4b","pawObj":"0x11d9c793","ptntInsrnceOptions":"0x6a68dfce","ptntInsrncMap":"0x76718c38","ptntInsrncObj":"0x6275ae82","quoteObj":"0x3dee68cd","recordId":"00629000003FJ4b","rtAdjstmntOptions":"0x6254d5bc","showPILookup":false,"sObjectQueryStr":"","wrprObj":"0x3bad4b8f"}|0xd78d93f
08:22:48.0 (78897109)|HEAP_ALLOCATE|[EXTERNAL]|Bytes:4
08:22:48.0 (78905596)|VARIABLE_ASSIGNMENT|[EXTERNAL]|value|[]|0x5ecea129
08:22:48.0 (78919402)|VARIABLE_ASSIGNMENT|[15]|this.fcltyPrgrmOptions|[]|0xd78d93f
08:22:48.0 (78930737)|STATEMENT_EXECUTE|[279]
08:22:48.0 (78940331)|HEAP_ALLOCATE|[279]|Bytes:4
08:22:48.0 (78981569)|HEAP_ALLOCATE|[EXTERNAL]|Bytes:4
08:22:48.0 (78991786)|VARIABLE_ASSIGNMENT|[279]|this.rtAdjstmntOptions|[]|0xd78d93f
08:22:48.0 (78997423)|STATEMENT_EXECUTE|[280]
08:22:48.0 (79075809)|VARIABLE_ASSIGNMENT|[EXTERNAL]|this|{"estmtCnrgDaysMap":"0x56dd6b46","estmtCvrgeDaysObj":"0xbe761dd","faciltyOptions":"0x405eb2af","fcltyPrgrmOptions":"0x5ecea129","idToOwnershipFacilit (4 more) ...":"0x27a0c7f1","idToTypeFacilityMap":"0x1779b351","insrncBnftMap":"0x5d6dbb06","insrncBnftOptions":"0x6a5edb60","isIop":false,"isTalbott":false,"meta":"0x4b600695","oppId":"00629000003FJ4b","pawObj":"0x11d9c793","ptntInsrnceOptions":"0x6a68dfce","ptntInsrncMap":"0x76718c38","ptntInsrncObj":"0x6275ae82","quoteObj":"0x3dee68cd","recordId":"00629000003FJ4b","rtAdjstmntOptions":"0x2c86a687","showPILookup":false,"sObjectQueryStr":"","wrprObj":"0x3bad4b8f"}|0xd78d93f
08:22:48.0 (79170782)|VARIABLE_ASSIGNMENT|[EXTERNAL]|this|{"insrncBnft":"0x1d6bd309","insrncBnftSelected":"a1H29000000uZbiEAE","pawDetailListDisplay (4 more) ...":false,"pyAgrmntWrksht":"0xa9bbbdc","relatedPAWDetailsLis (1 more) ...":"0x49e3f82","targetEDR":0.00,"totalAppliedDeductib (2 more) ...":0.00,"totalCoInsurance":0.00,"totalCoPayAmt":0.00,"totalInsCoResp":0.00,"totalInsEIVAmt":0.00,"totalRowCount":0,"totalTalbottDay":0}|0x3bad4b8f
08:22:48.0 (79187639)|VARIABLE_ASSIGNMENT|[EXTERNAL]|value|""
08:22:48.0 (79199131)|VARIABLE_ASSIGNMENT|[527]|this.facilitySelected|""|0x3bad4b8f
08:22:48.0 (79209890)|STATEMENT_EXECUTE|[281]
08:22:48.0 (79289388)|VARIABLE_ASSIGNMENT|[EXTERNAL]|this|{"estmtCnrgDaysMap":"0x56dd6b46","estmtCvrgeDaysObj":"0xbe761dd","faciltyOptions":"0x405eb2af","fcltyPrgrmOptions":"0x5ecea129","idToOwnershipFacilit (4 more) ...":"0x27a0c7f1","idToTypeFacilityMap":"0x1779b351","insrncBnftMap":"0x5d6dbb06","insrncBnftOptions":"0x6a5edb60","isIop":false,"isTalbott":false,"meta":"0x4b600695","oppId":"00629000003FJ4b","pawObj":"0x11d9c793","ptntInsrnceOptions":"0x6a68dfce","ptntInsrncMap":"0x76718c38","ptntInsrncObj":"0x6275ae82","quoteObj":"0x3dee68cd","recordId":"00629000003FJ4b","rtAdjstmntOptions":"0x2c86a687","showPILookup":false,"sObjectQueryStr":"","wrprObj":"0x3bad4b8f"}|0xd78d93f
08:22:48.0 (79318989)|HEAP_ALLOCATE|[281]|Bytes:8
08:22:48.0 (79362335)|HEAP_ALLOCATE|[EXTERNAL]|Bytes:4
08:22:48.0 (79440418)|VARIABLE_ASSIGNMENT|[EXTERNAL]|this|{"estmtCnrgDaysMap":"0x56dd6b46","estmtCvrgeDaysObj":"0xbe761dd","faciltyOptions":"0x405eb2af","fcltyPrgrmOptions":"0x5ecea129","idToOwnershipFacilit (4 more) ...":"0x27a0c7f1","idToTypeFacilityMap":"0x1779b351","insrncBnftMap":"0x5d6dbb06","insrncBnftOptions":"0x6a5edb60","isIop":false,"isTalbott":false,"meta":"0x4b600695","oppId":"00629000003FJ4b","pawObj":"0x11d9c793","ptntInsrnceOptions":"0x6a68dfce","ptntInsrncMap":"0x76718c38","ptntInsrncObj":"0x6275ae82","quoteObj":"0x3dee68cd","recordId":"00629000003FJ4b","rtAdjstmntOptions":"0x2c86a687","showPILookup":false,"sObjectQueryStr":"","wrprObj":"0x3bad4b8f"}|0xd78d93f
08:22:48.0 (79509998)|VARIABLE_ASSIGNMENT|[EXTERNAL]|this|{"facilitySelected":"","insrncBnft":"0x1d6bd309","insrncBnftSelected":"a1H29000000uZbiEAE","pawDetailListDisplay (4 more) ...":false,"pyAgrmntWrksht":"0xa9bbbdc","relatedPAWDetailsLis (1 more) ...":"0x49e3f82","targetEDR":0.00,"totalAppliedDeductib (2 more) ...":0.00,"totalCoInsurance":0.00,"totalCoPayAmt":0.00,"totalInsCoResp":0.00,"totalInsEIVAmt":0.00,"totalRowCount":0,"totalTalbottDay":0}|0x3bad4b8f
08:22:48.0 (79584879)|VARIABLE_ASSIGNMENT|[EXTERNAL]|this|{"estmtCnrgDaysMap":"0x56dd6b46","estmtCvrgeDaysObj":"0xbe761dd","faciltyOptions":"0x405eb2af","fcltyPrgrmOptions":"0x5ecea129","idToOwnershipFacilit (4 more) ...":"0x27a0c7f1","idToTypeFacilityMap":"0x1779b351","insrncBnftMap":"0x5d6dbb06","insrncBnftOptions":"0x6a5edb60","isIop":false,"isTalbott":false,"meta":"0x4b600695","oppId":"00629000003FJ4b","pawObj":"0x11d9c793","ptntInsrnceOptions":"0x6a68dfce","ptntInsrncMap":"0x76718c38","ptntInsrncObj":"0x6275ae82","quoteObj":"0x3dee68cd","recordId":"00629000003FJ4b","rtAdjstmntOptions":"0x2c86a687","showPILookup":false,"sObjectQueryStr":"","wrprObj":"0x3bad4b8f"}|0xd78d93f
08:22:48.0 (79648866)|VARIABLE_ASSIGNMENT|[EXTERNAL]|this|{"facilitySelected":"","insrncBnft":"0x1d6bd309","insrncBnftSelected":"a1H29000000uZbiEAE","pawDetailListDisplay (4 more) ...":false,"pyAgrmntWrksht":"0xa9bbbdc","relatedPAWDetailsLis (1 more) ...":"0x49e3f82","targetEDR":0.00,"totalAppliedDeductib (2 more) ...":0.00,"totalCoInsurance":0.00,"totalCoPayAmt":0.00,"totalInsCoResp":0.00,"totalInsEIVAmt":0.00,"totalRowCount":0,"totalTalbottDay":0}|0x3bad4b8f
08:22:48.0 (79679678)|STATEMENT_EXECUTE|[282]
08:22:48.0 (79681632)|STATEMENT_EXECUTE|[283]
08:22:48.0 (79752000)|VARIABLE_ASSIGNMENT|[EXTERNAL]|this|{"estmtCnrgDaysMap":"0x56dd6b46","estmtCvrgeDaysObj":"0xbe761dd","faciltyOptions":"0x405eb2af","fcltyPrgrmOptions":"0x5ecea129","idToOwnershipFacilit (4 more) ...":"0x27a0c7f1","idToTypeFacilityMap":"0x1779b351","insrncBnftMap":"0x5d6dbb06","insrncBnftOptions":"0x6a5edb60","isIop":false,"isTalbott":false,"meta":"0x4b600695","oppId":"00629000003FJ4b","pawObj":"0x11d9c793","ptntInsrnceOptions":"0x6a68dfce","ptntInsrncMap":"0x76718c38","ptntInsrncObj":"0x6275ae82","quoteObj":"0x3dee68cd","recordId":"00629000003FJ4b","rtAdjstmntOptions":"0x2c86a687","showPILookup":false,"sObjectQueryStr":"","wrprObj":"0x3bad4b8f"}|0xd78d93f
08:22:48.0 (79817469)|VARIABLE_ASSIGNMENT|[EXTERNAL]|this|{"facilitySelected":"","insrncBnft":"0x1d6bd309","insrncBnftSelected":"a1H29000000uZbiEAE","pawDetailListDisplay (4 more) ...":false,"pyAgrmntWrksht":"0xa9bbbdc","relatedPAWDetailsLis (1 more) ...":"0x49e3f82","targetEDR":0.00,"totalAppliedDeductib (2 more) ...":0.00,"totalCoInsurance":0.00,"totalCoPayAmt":0.00,"totalInsCoResp":0.00,"totalInsEIVAmt":0.00,"totalRowCount":0,"totalTalbottDay":0}|0x3bad4b8f
08:22:48.0 (79927803)|VARIABLE_ASSIGNMENT|[EXTERNAL]|this|{"estmtCnrgDaysMap":"0x56dd6b46","estmtCvrgeDaysObj":"0xbe761dd","faciltyOptions":"0x405eb2af","fcltyPrgrmOptions":"0x5ecea129","idToOwnershipFacilit (4 more) ...":"0x27a0c7f1","idToTypeFacilityMap":"0x1779b351","insrncBnftMap":"0x5d6dbb06","insrncBnftOptions":"0x6a5edb60","isIop":false,"isTalbott":false,"meta":"0x4b600695","oppId":"00629000003FJ4b","pawObj":"0x11d9c793","ptntInsrnceOptions":"0x6a68dfce","ptntInsrncMap":"0x76718c38","ptntInsrncObj":"0x6275ae82","quoteObj":"0x3dee68cd","recordId":"00629000003FJ4b","rtAdjstmntOptions":"0x2c86a687","showPILookup":false,"sObjectQueryStr":"","wrprObj":"0x3bad4b8f"}|0xd78d93f
08:22:48.0 (79993414)|VARIABLE_ASSIGNMENT|[EXTERNAL]|this|{"facilitySelected":"","insrncBnft":"0x1d6bd309","insrncBnftSelected":"a1H29000000uZbiEAE","pawDetailListDisplay (4 more) ...":false,"pyAgrmntWrksht":"0xa9bbbdc","relatedPAWDetailsLis (1 more) ...":"0x49e3f82","targetEDR":0.00,"totalAppliedDeductib (2 more) ...":0.00,"totalCoInsurance":0.00,"totalCoPayAmt":0.00,"totalInsCoResp":0.00,"totalInsEIVAmt":0.00,"totalRowCount":0,"totalTalbottDay":0}|0x3bad4b8f
08:22:48.0 (80038592)|VARIABLE_ASSIGNMENT|[EXTERNAL]|value|{"Id":"a1H29000000uZbiEAE","Name":"Insurance Benefit 75 (2 more) ...","RecordTypeId":"012j00000015GS6AAM","Patient_Insurance__c":"a1b29000000d1kgAAA","PHP_Admit_Co_Payment (3 more) ...":0.00,"Max_Out_of_Pocket_Re (10 more) ...":0.00,"Insurance_Company_is (18 more) ...":false,"Annual_Max_Remaining (3 more) ...":1000000,"Deductible_Remaining (3 more) ...":0.00,"Uncovered_Days_Rate_ (2 more) ...":630.00,"Room_and_Board_Days_ (7 more) ...":2000.00,"Lifetime_Max__c":1000000.00,"Lifetime_Max_Met__c":0.00,"Annual_Max__c":1000000.00,"Annual_Max_Met__c":0.00,"RecordType":{"Name":"In Network","Id":"012j00000015GS6AAM"},"Patient_Insurance__r":{"Opportunity__c":"00629000003FJ4bAAG","Accreditation__c":"State","Insurance_Company__c":"0012900000AXSNIAA5","Id":"a1b29000000d1kgAAA","Insurance_Company__r":{"Name":"4 Your Choice","Id":"0012900000AXSNIAA5","RecordTypeId":"012j00000015GRqAAM"}}}|0x6f5b9bba
08:22:48.0 (80080658)|VARIABLE_ASSIGNMENT|[525]|this.insrncBnft|{"Id":"a1H29000000uZbiEAE","Name":"Insurance Benefit 75 (2 more) ...","RecordTypeId":"012j00000015GS6AAM","Patient_Insurance__c":"a1b29000000d1kgAAA","PHP_Admit_Co_Payment (3 more) ...":0.00,"Max_Out_of_Pocket_Re (10 more) ...":0.00,"Insurance_Company_is (18 more) ...":false,"Annual_Max_Remaining (3 more) ...":1000000,"Deductible_Remaining (3 more) ...":0.00,"Uncovered_Days_Rate_ (2 more) ...":630.00,"Room_and_Board_Days_ (7 more) ...":2000.00,"Lifetime_Max__c":1000000.00,"Lifetime_Max_Met__c":0.00,"Annual_Max__c":1000000.00,"Annual_Max_Met__c":0.00,"RecordType":{"Name":"In Network","Id":"012j00000015GS6AAM"},"Patient_Insurance__r":{"Opportunity__c":"00629000003FJ4bAAG","Accreditation__c":"State","Insurance_Company__c":"0012900000AXSNIAA5","Id":"a1b29000000d1kgAAA","Insurance_Company__r":{"Name":"4 Your Choice","Id":"0012900000AXSNIAA5","RecordTypeId":"012j00000015GRqAAM"}}}|0x3bad4b8f
08:22:48.0 (80101900)|STATEMENT_EXECUTE|[284]
08:22:48.0 (80176751)|VARIABLE_ASSIGNMENT|[EXTERNAL]|this|{"estmtCnrgDaysMap":"0x56dd6b46","estmtCvrgeDaysObj":"0xbe761dd","faciltyOptions":"0x405eb2af","fcltyPrgrmOptions":"0x5ecea129","idToOwnershipFacilit (4 more) ...":"0x27a0c7f1","idToTypeFacilityMap":"0x1779b351","insrncBnftMap":"0x5d6dbb06","insrncBnftOptions":"0x6a5edb60","isIop":false,"isTalbott":false,"meta":"0x4b600695","oppId":"00629000003FJ4b","pawObj":"0x11d9c793","ptntInsrnceOptions":"0x6a68dfce","ptntInsrncMap":"0x76718c38","ptntInsrncObj":"0x6275ae82","quoteObj":"0x3dee68cd","recordId":"00629000003FJ4b","rtAdjstmntOptions":"0x2c86a687","showPILookup":false,"sObjectQueryStr":"","wrprObj":"0x3bad4b8f"}|0xd78d93f
08:22:48.0 (80255046)|VARIABLE_ASSIGNMENT|[EXTERNAL]|this|{"facilitySelected":"","insrncBnft":"0x6f5b9bba","insrncBnftSelected":"a1H29000000uZbiEAE","pawDetailListDisplay (4 more) ...":false,"pyAgrmntWrksht":"0xa9bbbdc","relatedPAWDetailsLis (1 more) ...":"0x49e3f82","targetEDR":0.00,"totalAppliedDeductib (2 more) ...":0.00,"totalCoInsurance":0.00,"totalCoPayAmt":0.00,"totalInsCoResp":0.00,"totalInsEIVAmt":0.00,"totalRowCount":0,"totalTalbottDay":0}|0x3bad4b8f
08:22:48.0 (80335581)|VARIABLE_ASSIGNMENT|[EXTERNAL]|this|{"estmtCnrgDaysMap":"0x56dd6b46","estmtCvrgeDaysObj":"0xbe761dd","faciltyOptions":"0x405eb2af","fcltyPrgrmOptions":"0x5ecea129","idToOwnershipFacilit (4 more) ...":"0x27a0c7f1","idToTypeFacilityMap":"0x1779b351","insrncBnftMap":"0x5d6dbb06","insrncBnftOptions":"0x6a5edb60","isIop":false,"isTalbott":false,"meta":"0x4b600695","oppId":"00629000003FJ4b","pawObj":"0x11d9c793","ptntInsrnceOptions":"0x6a68dfce","ptntInsrncMap":"0x76718c38","ptntInsrncObj":"0x6275ae82","quoteObj":"0x3dee68cd","recordId":"00629000003FJ4b","rtAdjstmntOptions":"0x2c86a687","showPILookup":false,"sObjectQueryStr":"","wrprObj":"0x3bad4b8f"}|0xd78d93f
08:22:48.0 (80403207)|VARIABLE_ASSIGNMENT|[EXTERNAL]|this|{"facilitySelected":"","insrncBnft":"0x6f5b9bba","insrncBnftSelected":"a1H29000000uZbiEAE","pawDetailListDisplay (4 more) ...":false,"pyAgrmntWrksht":"0xa9bbbdc","relatedPAWDetailsLis (1 more) ...":"0x49e3f82","targetEDR":0.00,"totalAppliedDeductib (2 more) ...":0.00,"totalCoInsurance":0.00,"totalCoPayAmt":0.00,"totalInsCoResp":0.00,"totalInsEIVAmt":0.00,"totalRowCount":0,"totalTalbottDay":0}|0x3bad4b8f
08:22:48.0 (80492487)|VARIABLE_ASSIGNMENT|[284]|this.Deductible_Included_in_OOP__c|null|0xa9bbbdc
08:22:48.0 (80500673)|STATEMENT_EXECUTE|[285]
08:22:48.0 (80538692)|HEAP_ALLOCATE|[285]|Bytes:4
08:22:48.0 (80548640)|HEAP_ALLOCATE|[285]|Bytes:315
08:22:48.0 (80563666)|HEAP_ALLOCATE|[285]|Bytes:4
08:22:48.0 (80644790)|VARIABLE_ASSIGNMENT|[EXTERNAL]|this|{"estmtCnrgDaysMap":"0x56dd6b46","estmtCvrgeDaysObj":"0xbe761dd","faciltyOptions":"0x405eb2af","fcltyPrgrmOptions":"0x5ecea129","idToOwnershipFacilit (4 more) ...":"0x27a0c7f1","idToTypeFacilityMap":"0x1779b351","insrncBnftMap":"0x5d6dbb06","insrncBnftOptions":"0x6a5edb60","isIop":false,"isTalbott":false,"meta":"0x4b600695","oppId":"00629000003FJ4b","pawObj":"0x11d9c793","ptntInsrnceOptions":"0x6a68dfce","ptntInsrncMap":"0x76718c38","ptntInsrncObj":"0x6275ae82","quoteObj":"0x3dee68cd","recordId":"00629000003FJ4b","rtAdjstmntOptions":"0x2c86a687","showPILookup":false,"sObjectQueryStr":"","wrprObj":"0x3bad4b8f"}|0xd78d93f
08:22:48.0 (80711796)|VARIABLE_ASSIGNMENT|[EXTERNAL]|this|{"facilitySelected":"","insrncBnft":"0x6f5b9bba","insrncBnftSelected":"a1H29000000uZbiEAE","pawDetailListDisplay (4 more) ...":false,"pyAgrmntWrksht":"0xa9bbbdc","relatedPAWDetailsLis (1 more) ...":"0x49e3f82","targetEDR":0.00,"totalAppliedDeductib (2 more) ...":0.00,"totalCoInsurance":0.00,"totalCoPayAmt":0.00,"totalInsCoResp":0.00,"totalInsEIVAmt":0.00,"totalRowCount":0,"totalTalbottDay":0}|0x3bad4b8f
08:22:48.0 (82258589)|SOQL_EXECUTE_BEGIN|[285]|Aggregations:0|SELECT Id, DTX_Days__c, FRN_Facility__c, FRN_Facility__r.Name, FRN_Facility__r.Ownership, FRN_Facility__r.FRN_Facility_Type__c, Insurance_Benefit__c, IOP_Days__c, PHP_Days__c, RTC_Days__c, Total_Copay__c FROM Estimated_Coverage_Days__c WHERE Insurance_Benefit__c = :tmpVar1 ORDER BY LastModifiedDate ASC NULLS FIRST
08:22:48.0 (90475196)|SOQL_EXECUTE_END|[285]|Rows:1
08:22:48.0 (90511436)|HEAP_ALLOCATE|[285]|Bytes:8
08:22:48.0 (90544847)|HEAP_ALLOCATE|[285]|Bytes:537
08:22:48.0 (90628843)|HEAP_ALLOCATE|[285]|Bytes:8
08:22:48.0 (90694847)|HEAP_ALLOCATE|[285]|Bytes:40
08:22:48.0 (90712963)|HEAP_ALLOCATE|[285]|Bytes:4
08:22:48.0 (90783651)|VARIABLE_ASSIGNMENT|[285]|this.estmtCnrgDaysMap|{"a1829000000VpitAAC":{"Id":"a1829000000VpitAAC","DTX_Days__c":5,"FRN_Facility__c":"0012900000AXSldAAH","Insurance_Benefit__c":"a1H29000000uZbiEAE","IOP_Days__c":5,"PHP_Days__c":10,"RTC_Days__c":10,"Total_Copay__c":0.00,"FRN_Facility__r":{"Name":"The Oaks at La Palom (1 more) ...","Ownership":"FRN","FRN_Facility_Type__c":"Residential Treatmen (1 more) ...","Id":"0012900000AXSldAAH","RecordTypeId":"012j00000015GRpAAM"}}}|0xd78d93f
08:22:48.0 (90852956)|HEAP_ALLOCATE|[EXTERNAL]|Bytes:8
08:22:48.0 (90867303)|HEAP_ALLOCATE|[299]|Bytes:544
08:22:48.0 (91035354)|HEAP_ALLOCATE|[299]|Bytes:5
08:22:48.0 (91056733)|HEAP_ALLOCATE|[299]|Bytes:40
08:22:48.0 (91071469)|VARIABLE_SCOPE_BEGIN|[299]|estmtInstance|Estimated_Coverage_Days__c|true|false
08:22:48.0 (91100780)|VARIABLE_ASSIGNMENT|[299]|estmtInstance|{"Id":"a1829000000VpitAAC","DTX_Days__c":5,"FRN_Facility__c":"0012900000AXSldAAH","Insurance_Benefit__c":"a1H29000000uZbiEAE","IOP_Days__c":5,"PHP_Days__c":10,"RTC_Days__c":10,"Total_Copay__c":0.00,"FRN_Facility__r":{"Name":"The Oaks at La Palom (1 more) ...","Ownership":"FRN","FRN_Facility_Type__c":"Residential Treatmen (1 more) ...","Id":"0012900000AXSldAAH","RecordTypeId":"012j00000015GRpAAM"}}|0x65e663b6
08:22:48.0 (91113808)|STATEMENT_EXECUTE|[299]
08:22:48.0 (91115882)|STATEMENT_EXECUTE|[300]
08:22:48.0 (91299148)|STATEMENT_EXECUTE|[301]
08:22:48.0 (91364501)|STATEMENT_EXECUTE|[302]
08:22:48.0 (91482175)|VARIABLE_ASSIGNMENT|[EXTERNAL]|this|{"estmtCnrgDaysMap":"0x11f3212b","estmtCvrgeDaysObj":"0xbe761dd","faciltyOptions":"0x405eb2af","fcltyPrgrmOptions":"0x5ecea129","idToOwnershipFacilit (4 more) ...":"0x27a0c7f1","idToTypeFacilityMap":"0x1779b351","insrncBnftMap":"0x5d6dbb06","insrncBnftOptions":"0x6a5edb60","isIop":false,"isTalbott":false,"meta":"0x4b600695","oppId":"00629000003FJ4b","pawObj":"0x11d9c793","ptntInsrnceOptions":"0x6a68dfce","ptntInsrncMap":"0x76718c38","ptntInsrncObj":"0x6275ae82","quoteObj":"0x3dee68cd","recordId":"00629000003FJ4b","rtAdjstmntOptions":"0x2c86a687","showPILookup":false,"sObjectQueryStr":"","wrprObj":"0x3bad4b8f"}|0xd78d93f
08:22:48.0 (91529277)|HEAP_ALLOCATE|[302]|Bytes:18
08:22:48.0 (91597806)|HEAP_ALLOCATE|[EXTERNAL]|Bytes:4
08:22:48.0 (91616484)|HEAP_ALLOCATE|[299]|Bytes:5
08:22:48.0 (91633106)|VARIABLE_ASSIGNMENT|[299]|estmtInstance|null|
08:22:48.102 (102709203)|SYSTEM_MODE_ENTER|true
08:22:48.102 (102807232)|HEAP_ALLOCATE|[EXTERNAL]|Bytes:8
08:22:48.102 (102819265)|VARIABLE_SCOPE_BEGIN|[88]|this|ApexPage.PageMessagesComponentController|true|false
08:22:48.102 (102852797)|VARIABLE_ASSIGNMENT|[88]|this|{}|0x1bbf9d94
08:22:48.102 (102860996)|VARIABLE_SCOPE_BEGIN|[88]|escape|Boolean|false|false
08:22:48.102 (102868523)|VARIABLE_ASSIGNMENT|[88]|escape|null
08:22:48.103 (103008642)|SYSTEM_MODE_ENTER|true
08:22:48.103 (103049854)|HEAP_ALLOCATE|[EXTERNAL]|Bytes:8
08:22:48.103 (103058669)|VARIABLE_SCOPE_BEGIN|[2]|this|ApexPage.PageMessagesComponentController|true|false
08:22:48.103 (103079971)|VARIABLE_ASSIGNMENT|[2]|this|{}|0x1bbf9d94
08:22:48.0 (103574768)|SYSTEM_MODE_ENTER|true
08:22:48.0 (103736511)|SYSTEM_MODE_ENTER|true
08:22:48.0 (104109265)|SYSTEM_MODE_ENTER|true
08:22:48.0 (108088073)|SYSTEM_MODE_ENTER|true
08:22:48.0 (108173647)|SYSTEM_MODE_ENTER|true
08:22:48.114 (114066226)|SYSTEM_MODE_ENTER|true
08:22:48.114 (114125412)|HEAP_ALLOCATE|[EXTERNAL]|Bytes:8
08:22:48.114 (114135231)|VARIABLE_SCOPE_BEGIN|[88]|this|ApexPage.PageMessagesComponentController|true|false
08:22:48.114 (114163755)|VARIABLE_ASSIGNMENT|[88]|this|{}|0x1bbf9d94
08:22:48.114 (114171599)|VARIABLE_SCOPE_BEGIN|[88]|escape|Boolean|false|false
08:22:48.114 (114179901)|VARIABLE_ASSIGNMENT|[88]|escape|null
08:22:48.114 (114335383)|SYSTEM_MODE_ENTER|true
08:22:48.114 (114374897)|HEAP_ALLOCATE|[EXTERNAL]|Bytes:8
08:22:48.114 (114383231)|VARIABLE_SCOPE_BEGIN|[2]|this|ApexPage.PageMessagesComponentController|true|false
08:22:48.114 (114404876)|VARIABLE_ASSIGNMENT|[2]|this|{}|0x1bbf9d94
08:22:48.0 (116756652)|SYSTEM_MODE_ENTER|true
08:22:48.0 (116796719)|HEAP_ALLOCATE|[EXTERNAL]|Bytes:112
08:22:48.0 (116806142)|VARIABLE_SCOPE_BEGIN|[215]|this|PAW_New_EditCntrllr|true|false
08:22:48.0 (116891130)|VARIABLE_ASSIGNMENT|[215]|this|{"estmtCnrgDaysMap":"0x11f3212b","estmtCvrgeDaysObj":"0xbe761dd","faciltyOptions":"0x405eb2af","fcltyPrgrmOptions":"0x5ecea129","idToOwnershipFacilit (4 more) ...":"0x27a0c7f1","idToTypeFacilityMap":"0x1779b351","insrncBnftMap":"0x5d6dbb06","insrncBnftOptions":"0x6a5edb60","isIop":false,"isTalbott":false,"meta":"0x4b600695","oppId":"00629000003FJ4b","pawObj":"0x11d9c793","ptntInsrnceOptions":"0x6a68dfce","ptntInsrncMap":"0x76718c38","ptntInsrncObj":"0x6275ae82","quoteObj":"0x3dee68cd","recordId":"00629000003FJ4b","rtAdjstmntOptions":"0x2c86a687","showPILookup":false,"sObjectQueryStr":"","wrprObj":"0x3bad4b8f"}|0xd78d93f
08:22:48.0 (116912299)|STATEMENT_EXECUTE|[215]
08:22:48.0 (116914346)|STATEMENT_EXECUTE|[216]
08:22:48.0 (116930271)|STATEMENT_EXECUTE|[217]
08:22:48.0 (116950637)|HEAP_ALLOCATE|[EXTERNAL]|Bytes:4
08:22:48.0 (117024927)|VARIABLE_ASSIGNMENT|[EXTERNAL]|this|{"estmtCnrgDaysMap":"0x11f3212b","estmtCvrgeDaysObj":"0xbe761dd","faciltyOptions":"0x405eb2af","fcltyPrgrmOptions":"0x5ecea129","idToOwnershipFacilit (4 more) ...":"0x27a0c7f1","idToTypeFacilityMap":"0x1779b351","insrncBnftMap":"0x5d6dbb06","insrncBnftOptions":"0x6a5edb60","isIop":false,"isTalbott":false,"meta":"0x4b600695","oppId":"00629000003FJ4b","pawObj":"0x11d9c793","ptntInsrnceOptions":"0x6a68dfce","ptntInsrncMap":"0x76718c38","ptntInsrncObj":"0x6275ae82","quoteObj":"0x3dee68cd","recordId":"00629000003FJ4b","rtAdjstmntOptions":"0x2c86a687","showPILookup":false,"sObjectQueryStr":"","wrprObj":"0x3bad4b8f"}|0xd78d93f
08:22:48.0 (117049274)|STATEMENT_EXECUTE|[218]
08:22:48.0 (117050992)|STATEMENT_EXECUTE|[219]
08:22:48.0 (117078080)|HEAP_ALLOCATE|[219]|Bytes:4
08:22:48.0 (117093143)|HEAP_ALLOCATE|[219]|Bytes:4
08:22:48.0 (117170634)|VARIABLE_ASSIGNMENT|[EXTERNAL]|this|{"estmtCnrgDaysMap":"0x11f3212b","estmtCvrgeDaysObj":"0xbe761dd","faciltyOptions":"0x405eb2af","fcltyPrgrmOptions":"0x5ecea129","idToOwnershipFacilit (4 more) ...":"0x27a0c7f1","idToTypeFacilityMap":"0x1779b351","insrncBnftMap":"0x5d6dbb06","insrncBnftOptions":"0x6a5edb60","isIop":false,"isTalbott":false,"meta":"0x4b600695","oppId":"00629000003FJ4b","pawObj":"0x11d9c793","ptntInsrnceOptions":"0x6a68dfce","ptntInsrncMap":"0x76718c38","ptntInsrncObj":"0x6275ae82","quoteObj":"0x3dee68cd","recordId":"00629000003FJ4b","rtAdjstmntOptions":"0x2c86a687","showPILookup":false,"sObjectQueryStr":"","wrprObj":"0x3bad4b8f"}|0xd78d93f
08:22:48.0 (118258994)|SOQL_EXECUTE_BEGIN|[219]|Aggregations:0|SELECT Id, Name, RecordType.Name, Uncovered_Charges__c, Patient_Insurance__r.Accepts_Assignment_of_Benefits__c, Patient_Insurance__r.Opportunity__c, Patient_Insurance__r.Accreditation__c, Patient_Insurance__r.Insurance_Company__r.Name, PHP_Admit_Co_Payment__c, Detox_Admit_Co_Payment__c, RTC_Admit_Co_Payment__c, Deductible__c, Deductible_Met__c, IOP_Admit_Co_Payment__c, Max_Out_of_Pocket_Remaining__c, Insurance_Company_is_Out_of_Network__c, Annual_Max_Remaining__c, Deductible_Remaining__c, Detox_Pays_at__c, Detox_Over__c, RTC_Pays_at__c, Residential_Treatment_Override__c, PHP_Pays_at__c, Partial_Hospitalization_Override__c, IOP_Pays_at__c, Intensive_Outpatient_Override__c, Num_Days_Uncovered__c, Num_Days_Room__c, Uncovered_Days_Rate__c, Room_and_Board_Days_Rate__c, Uncovered_Days_Override__c, Room_and_Board_Days_Override__c, Deductible_Included_in_OOP__c, Uncovered_Days__c, Lifetime_Max__c, Lifetime_Max_Met__c, Annual_Max__c, Annual_Max_Met__c, Max_Out_of_Pocket__c, Max_Out_of_Pocket_Met__c, Co_Pay_Met__c FROM Insurance_Benefit__c WHERE Patient_Insurance__c = :tmpVar1
08:22:48.0 (129880317)|SOQL_EXECUTE_END|[219]|Rows:5
08:22:48.0 (129917739)|HEAP_ALLOCATE|[219]|Bytes:24
08:22:48.0 (130019348)|HEAP_ALLOCATE|[219]|Bytes:5579
08:22:48.0 (130072846)|HEAP_ALLOCATE|[219]|Bytes:24
08:22:48.0 (130097457)|HEAP_ALLOCATE|[219]|Bytes:112
08:22:48.0 (130111317)|HEAP_ALLOCATE|[219]|Bytes:4
08:22:48.0 (130119130)|HEAP_ALLOCATE|[219]|Bytes:112
08:22:48.0 (130126392)|HEAP_ALLOCATE|[219]|Bytes:4
08:22:48.0 (130131949)|HEAP_ALLOCATE|[219]|Bytes:72
08:22:48.0 (130138783)|HEAP_ALLOCATE|[219]|Bytes:4
08:22:48.0 (130144215)|HEAP_ALLOCATE|[219]|Bytes:72
08:22:48.0 (130158908)|HEAP_ALLOCATE|[219]|Bytes:4
08:22:48.0 (130165269)|HEAP_ALLOCATE|[219]|Bytes:72
08:22:48.0 (130172274)|HEAP_ALLOCATE|[219]|Bytes:4
08:22:48.0 (130330397)|VARIABLE_ASSIGNMENT|[219]|this.insrncBnftMap|{"a1H29000000jvcPEAQ":{"Id":"a1H29000000jvcPEAQ","Name":"Insurance Benefit 75 (2 more) ...","RecordTypeId":"012j00000015GS7AAM","Patient_Insurance__c":"a1b29000000d1kgAAA","PHP_Admit_Co_Payment (3 more) ...":0.00,"Deductible__c":6000.00,"Deductible_Met__c":0.00,"Max_Out_of_Pocket_Re (10 more) ...":16000.00,"Insurance_Company_is (18 more) ...":false,"Annual_Max_Remaining (3 more) ...":1000000,"Deductible_Remaining (3 more) ...":6000.00,"Detox_Pays_at__c":50.00,"RTC_Pays_at__c":50.00,"PHP_Pays_at__c":50.00,"IOP_Pays_at__c":50.00,"Uncovered_Days_Rate_ (2 more) ...":1020.00,"Room_and_Board_Days_ (7 more) ...":2000.00,"Deductible_Included_ (9 more) ...":"Yes","Uncovered_Days__c":10,"Lifetime_Max__c":1000000.00,"Lifetime_Max_Met__c":0.00,"Annual_Max__c":1000000.00,"Annual_Max_Met__c":0.00,"Max_Out_of_Pocket__c":16000.00,"Max_Out_of_Pocket_Me (4 more) ...":0.00,"RecordType":{"Name":"Out of Network","Id":"012j00000015GS7AAM"},"Patient_Insurance__r":{"Opportunity__c":"00629000003FJ4bAAG","Accreditation__c":"State","Insurance_Company__c":"0012900000AXSNIAA5","Id":"a1b29000000d1kgAAA","Insurance_Company__r":{"Name":"4 Your Choice","Id":"0012900000AXSNIAA5","RecordTypeId":"012j00000015GRqAAM"}}},"a1H29000000pIg3EAE":{"Id":"a1H29000000pIg3EAE","Name":"Insurance Benefit 75 (2 more) ...","RecordTypeId":"012j00000015GS7AAM","Patient_Insurance__c":"a1b29000000d1kgAAA","PHP_Admit_Co_Payment (3 more) ...":0.00,"Deductible__c":6000.00,"Deductible_Met__c":0.00,"Max_Out_of_Pocket_Re (10 more) ...":16000.00,"Insurance_Company_is (18 more) ...":false,"Annual_Max_Remaining (3 more) ...":1000000,"Deductible_Remaining (3 more) ...":6000.00,"Detox_Pays_at__c":50.00,"RTC_Pays_at__c":50.00,"PHP_Pays_at__c":50.00,"IOP_Pays_at__c":50.00,"Uncovered_Days_Rate_ (2 more) ...":1020.00,"Room_and_Board_Days_ (7 more) ...":2000.00,"Deductible_Included_ (9 more) ...":"Yes","Uncovered_Days__c":10,"Lifetime_Max__c":1000000.00,"Lifetime_Max_Met__c":0.00,"Annual_Max__c":1000000.00,"Annual_Max_Met__c":0.00,"Max_Out_of_Pocket__c":16000.00,"Max_Out_of_Pocket_Me (4 more) ...":0.00,"RecordType":{"Name":"Out of Network","Id":"012j00000015GS7AAM"},"Patient_Insurance__r":{"Opportunity__c":"00629000003FJ4bAAG","Accreditation__c":"State","Insurance_Company__c":"0012900000AXSNIAA5","Id":"a1b29000000d1kgAAA","Insurance_Company__r":{"Name":"4 Your Choice","Id":"0012900000AXSNIAA5","RecordTypeId":"012j00000015GRqAAM"}}},"a1H29000000uZbiEAE":{"Id":"a1H29000000uZbiEAE","Name":"Insurance Benefit 75 (2 more) ...","RecordTypeId":"012j00000015GS6AAM","Patient_Insurance__c":"a1b29000000d1kgAAA","PHP_Admit_Co_Payment (3 more) ...":0.00,"Max_Out_of_Pocket_Re (10 more) ...":0.00,"Insurance_Company_is (18 more) ...":false,"Annual_Max_Remaining (3 more) ...":1000000,"Deductible_Remaining (3 more) ...":0.00,"Uncovered_Days_Rate_ (2 more) ...":630.00,"Room_and_Board_Days_ (7 more) ...":2000.00,"Lifetime_Max__c":1000000.00,"Lifetime_Max_Met__c":0.00,"Annual_Max__c":1000000.00,"Annual_Max_Met__c":0.00,"RecordType":{"Name":"In Network","Id":"012j00000015GS6AAM"},"Patient_Insurance__r":{"Opportunity__c":"00629000003FJ4bAAG","Accreditation__c":"State","Insurance_Company__c":"0012900000AXSNIAA5","Id":"a1b29000000d1kgAAA","Insurance_Company__r":{"Name":"4 Your Choice","Id":"0012900000AXSNIAA5","RecordTypeId":"012j00000015GRqAAM"}}},"a1H29000000uZbnEAE":{"Id":"a1H29000000uZbnEAE","Name":"Insurance Benefit 75 (2 more) ...","RecordTypeId":"012j00000015GS6AAM","Patient_Insurance__c":"a1b29000000d1kgAAA","PHP_Admit_Co_Payment (3 more) ...":0.00,"Max_Out_of_Pocket_Re (10 more) ...":0.00,"Insurance_Company_is (18 more) ...":false,"Annual_Max_Remaining (3 more) ...":1000000,"Deductible_Remaining (3 more) ...":0.00,"Uncovered_Days_Rate_ (2 more) ...":630.00,"Room_and_Board_Days_ (7 more) ...":2000.00,"Lifetime_Max__c":1000000.00,"Lifetime_Max_Met__c":0.00,"Annual_Max__c":1000000.00,"Annual_Max_Met__c":0.00,"RecordType":{"Name":"In Network","Id":"012j00000015GS6AAM"},"Patient_Insurance__r":{"Opportunity__c":"00629000003FJ4bAAG","Accreditation__c":"State","Insurance_Company__c":"0012900000AXSNIAA5","Id":"a1b29000000d1kgAAA","Insurance_Company__r":{"Name":"4 Your Choice","Id":"0012900000AXSNIAA5","RecordTypeId":"012j00000015GRqAAM"}}},"a1H29000000uZdPEAU":{"Id":"a1H29000000uZdPEAU","Name":"Insurance Benefit 75 (2 more) ...","RecordTypeId":"012j00000015GS6AAM","Patient_Insurance__c":"a1b29000000d1kgAAA","PHP_Admit_Co_Payment (3 more) ...":0.00,"Max_Out_of_Pocket_Re (10 more) ...":0.00,"Insurance_Company_is (18 more) ...":false,"Annual_Max_Remaining (3 more) ...":1000000,"Deductible_Remaining (3 more) ...":0.00,"Uncovered_Days_Rate_ (2 more) ...":630.00,"Room_and_Board_Days_ (7 more) ...":2000.00,"Lifetime_Max__c":1000000.00,"Lifetime_Max_Met__c":0.00,"Annual_Max__c":1000000.00,"Annual_Max_Met__c":0.00,"RecordType":{"Name":"In Network","Id":"012j00000015GS6AAM"},"Patient_Insurance__r":{"Opportunity__c":"00629000003FJ4bAAG","Accreditation__c":"State","Insurance_Company__c":"0012900000AXSNIAA5","Id":"a1b29000000d1kgAAA","Insurance_Company__r":{"Name":"4 Your Choice","Id":"0012900000AXSNIAA5","RecordTypeId":"012j00000015GRqAAM"}}}}|0xd78d93f
08:22:48.0 (130419988)|HEAP_ALLOCATE|[EXTERNAL]|Bytes:24
08:22:48.0 (130457915)|HEAP_ALLOCATE|[263]|Bytes:5598
08:22:48.0 (130486703)|HEAP_ALLOCATE|[263]|Bytes:5
08:22:48.0 (130502761)|HEAP_ALLOCATE|[263]|Bytes:112
08:22:48.0 (130515974)|VARIABLE_SCOPE_BEGIN|[263]|insrncBnftInstance|Insurance_Benefit__c|true|false
08:22:48.0 (130556218)|VARIABLE_ASSIGNMENT|[263]|insrncBnftInstance|{"Id":"a1H29000000jvcPEAQ","Name":"Insurance Benefit 75 (2 more) ...","RecordTypeId":"012j00000015GS7AAM","Patient_Insurance__c":"a1b29000000d1kgAAA","PHP_Admit_Co_Payment (3 more) ...":0.00,"Deductible__c":6000.00,"Deductible_Met__c":0.00,"Max_Out_of_Pocket_Re (10 more) ...":16000.00,"Insurance_Company_is (18 more) ...":false,"Annual_Max_Remaining (3 more) ...":1000000,"Deductible_Remaining (3 more) ...":6000.00,"Detox_Pays_at__c":50.00,"RTC_Pays_at__c":50.00,"PHP_Pays_at__c":50.00,"IOP_Pays_at__c":50.00,"Uncovered_Days_Rate_ (2 more) ...":1020.00,"Room_and_Board_Days_ (7 more) ...":2000.00,"Deductible_Included_ (9 more) ...":"Yes","Uncovered_Days__c":10,"Lifetime_Max__c":1000000.00,"Lifetime_Max_Met__c":0.00,"Annual_Max__c":1000000.00,"Annual_Max_Met__c":0.00,"Max_Out_of_Pocket__c":16000.00,"Max_Out_of_Pocket_Me (4 more) ...":0.00,"RecordType":{"Name":"Out of Network","Id":"012j00000015GS7AAM"},"Patient_Insurance__r":{"Opportunity__c":"00629000003FJ4bAAG","Accreditation__c":"State","Insurance_Company__c":"0012900000AXSNIAA5","Id":"a1b29000000d1kgAAA","Insurance_Company__r":{"Name":"4 Your Choice","Id":"0012900000AXSNIAA5","RecordTypeId":"012j00000015GRqAAM"}}}|0x442ce584
08:22:48.0 (130578557)|STATEMENT_EXECUTE|[263]
08:22:48.0 (130580567)|STATEMENT_EXECUTE|[264]
08:22:48.0 (130605768)|HEAP_ALLOCATE|[264]|Bytes:18
08:22:48.0 (130636612)|HEAP_ALLOCATE|[264]|Bytes:39
08:22:48.0 (130659954)|HEAP_ALLOCATE|[EXTERNAL]|Bytes:4
08:22:48.0 (130676014)|HEAP_ALLOCATE|[263]|Bytes:5
08:22:48.0 (130690008)|HEAP_ALLOCATE|[263]|Bytes:112
08:22:48.0 (130699007)|VARIABLE_SCOPE_BEGIN|[263]|insrncBnftInstance|Insurance_Benefit__c|true|false
08:22:48.0 (130737984)|VARIABLE_ASSIGNMENT|[263]|insrncBnftInstance|{"Id":"a1H29000000pIg3EAE","Name":"Insurance Benefit 75 (2 more) ...","RecordTypeId":"012j00000015GS7AAM","Patient_Insurance__c":"a1b29000000d1kgAAA","PHP_Admit_Co_Payment (3 more) ...":0.00,"Deductible__c":6000.00,"Deductible_Met__c":0.00,"Max_Out_of_Pocket_Re (10 more) ...":16000.00,"Insurance_Company_is (18 more) ...":false,"Annual_Max_Remaining (3 more) ...":1000000,"Deductible_Remaining (3 more) ...":6000.00,"Detox_Pays_at__c":50.00,"RTC_Pays_at__c":50.00,"PHP_Pays_at__c":50.00,"IOP_Pays_at__c":50.00,"Uncovered_Days_Rate_ (2 more) ...":1020.00,"Room_and_Board_Days_ (7 more) ...":2000.00,"Deductible_Included_ (9 more) ...":"Yes","Uncovered_Days__c":10,"Lifetime_Max__c":1000000.00,"Lifetime_Max_Met__c":0.00,"Annual_Max__c":1000000.00,"Annual_Max_Met__c":0.00,"Max_Out_of_Pocket__c":16000.00,"Max_Out_of_Pocket_Me (4 more) ...":0.00,"RecordType":{"Name":"Out of Network","Id":"012j00000015GS7AAM"},"Patient_Insurance__r":{"Opportunity__c":"00629000003FJ4bAAG","Accreditation__c":"State","Insurance_Company__c":"0012900000AXSNIAA5","Id":"a1b29000000d1kgAAA","Insurance_Company__r":{"Name":"4 Your Choice","Id":"0012900000AXSNIAA5","RecordTypeId":"012j00000015GRqAAM"}}}|0x6e1ef19e
08:22:48.0 (130758088)|STATEMENT_EXECUTE|[263]
08:22:48.0 (130759630)|STATEMENT_EXECUTE|[264]
08:22:48.0 (130775197)|HEAP_ALLOCATE|[264]|Bytes:18
08:22:48.0 (130791045)|HEAP_ALLOCATE|[264]|Bytes:39
08:22:48.0 (130805900)|HEAP_ALLOCATE|[EXTERNAL]|Bytes:4
08:22:48.0 (130821197)|HEAP_ALLOCATE|[263]|Bytes:5
08:22:48.0 (130834329)|HEAP_ALLOCATE|[263]|Bytes:72
08:22:48.0 (130842897)|VARIABLE_SCOPE_BEGIN|[263]|insrncBnftInstance|Insurance_Benefit__c|true|false
08:22:48.0 (130874025)|VARIABLE_ASSIGNMENT|[263]|insrncBnftInstance|{"Id":"a1H29000000uZbiEAE","Name":"Insurance Benefit 75 (2 more) ...","RecordTypeId":"012j00000015GS6AAM","Patient_Insurance__c":"a1b29000000d1kgAAA","PHP_Admit_Co_Payment (3 more) ...":0.00,"Max_Out_of_Pocket_Re (10 more) ...":0.00,"Insurance_Company_is (18 more) ...":false,"Annual_Max_Remaining (3 more) ...":1000000,"Deductible_Remaining (3 more) ...":0.00,"Uncovered_Days_Rate_ (2 more) ...":630.00,"Room_and_Board_Days_ (7 more) ...":2000.00,"Lifetime_Max__c":1000000.00,"Lifetime_Max_Met__c":0.00,"Annual_Max__c":1000000.00,"Annual_Max_Met__c":0.00,"RecordType":{"Name":"In Network","Id":"012j00000015GS6AAM"},"Patient_Insurance__r":{"Opportunity__c":"00629000003FJ4bAAG","Accreditation__c":"State","Insurance_Company__c":"0012900000AXSNIAA5","Id":"a1b29000000d1kgAAA","Insurance_Company__r":{"Name":"4 Your Choice","Id":"0012900000AXSNIAA5","RecordTypeId":"012j00000015GRqAAM"}}}|0x2eb4f5f8
08:22:48.0 (130890437)|STATEMENT_EXECUTE|[263]
08:22:48.0 (130891686)|STATEMENT_EXECUTE|[264]
08:22:48.0 (130906239)|HEAP_ALLOCATE|[264]|Bytes:18
08:22:48.0 (130930316)|HEAP_ALLOCATE|[264]|Bytes:35
08:22:48.0 (130946229)|HEAP_ALLOCATE|[EXTERNAL]|Bytes:4
08:22:48.0 (130961372)|HEAP_ALLOCATE|[263]|Bytes:5
08:22:48.0 (130974747)|HEAP_ALLOCATE|[263]|Bytes:72
08:22:48.0 (130983188)|VARIABLE_SCOPE_BEGIN|[263]|insrncBnftInstance|Insurance_Benefit__c|true|false
08:22:48.0 (131014132)|VARIABLE_ASSIGNMENT|[263]|insrncBnftInstance|{"Id":"a1H29000000uZbnEAE","Name":"Insurance Benefit 75 (2 more) ...","RecordTypeId":"012j00000015GS6AAM","Patient_Insurance__c":"a1b29000000d1kgAAA","PHP_Admit_Co_Payment (3 more) ...":0.00,"Max_Out_of_Pocket_Re (10 more) ...":0.00,"Insurance_Company_is (18 more) ...":false,"Annual_Max_Remaining (3 more) ...":1000000,"Deductible_Remaining (3 more) ...":0.00,"Uncovered_Days_Rate_ (2 more) ...":630.00,"Room_and_Board_Days_ (7 more) ...":2000.00,"Lifetime_Max__c":1000000.00,"Lifetime_Max_Met__c":0.00,"Annual_Max__c":1000000.00,"Annual_Max_Met__c":0.00,"RecordType":{"Name":"In Network","Id":"012j00000015GS6AAM"},"Patient_Insurance__r":{"Opportunity__c":"00629000003FJ4bAAG","Accreditation__c":"State","Insurance_Company__c":"0012900000AXSNIAA5","Id":"a1b29000000d1kgAAA","Insurance_Company__r":{"Name":"4 Your Choice","Id":"0012900000AXSNIAA5","RecordTypeId":"012j00000015GRqAAM"}}}|0x18845b33
08:22:48.0 (131031697)|STATEMENT_EXECUTE|[263]
08:22:48.0 (131032936)|STATEMENT_EXECUTE|[264]
08:22:48.0 (131047496)|HEAP_ALLOCATE|[264]|Bytes:18
08:22:48.0 (131062496)|HEAP_ALLOCATE|[264]|Bytes:35
08:22:48.0 (131076518)|HEAP_ALLOCATE|[EXTERNAL]|Bytes:4
08:22:48.0 (131091896)|HEAP_ALLOCATE|[263]|Bytes:5
08:22:48.0 (131104949)|HEAP_ALLOCATE|[263]|Bytes:72
08:22:48.0 (131113261)|VARIABLE_SCOPE_BEGIN|[263]|insrncBnftInstance|Insurance_Benefit__c|true|false
08:22:48.0 (131144007)|VARIABLE_ASSIGNMENT|[263]|insrncBnftInstance|{"Id":"a1H29000000uZdPEAU","Name":"Insurance Benefit 75 (2 more) ...","RecordTypeId":"012j00000015GS6AAM","Patient_Insurance__c":"a1b29000000d1kgAAA","PHP_Admit_Co_Payment (3 more) ...":0.00,"Max_Out_of_Pocket_Re (10 more) ...":0.00,"Insurance_Company_is (18 more) ...":false,"Annual_Max_Remaining (3 more) ...":1000000,"Deductible_Remaining (3 more) ...":0.00,"Uncovered_Days_Rate_ (2 more) ...":630.00,"Room_and_Board_Days_ (7 more) ...":2000.00,"Lifetime_Max__c":1000000.00,"Lifetime_Max_Met__c":0.00,"Annual_Max__c":1000000.00,"Annual_Max_Met__c":0.00,"RecordType":{"Name":"In Network","Id":"012j00000015GS6AAM"},"Patient_Insurance__r":{"Opportunity__c":"00629000003FJ4bAAG","Accreditation__c":"State","Insurance_Company__c":"0012900000AXSNIAA5","Id":"a1b29000000d1kgAAA","Insurance_Company__r":{"Name":"4 Your Choice","Id":"0012900000AXSNIAA5","RecordTypeId":"012j00000015GRqAAM"}}}|0x3b278d62
08:22:48.0 (131164859)|STATEMENT_EXECUTE|[263]
08:22:48.0 (131166114)|STATEMENT_EXECUTE|[264]
08:22:48.0 (131180818)|HEAP_ALLOCATE|[264]|Bytes:18
08:22:48.0 (131196209)|HEAP_ALLOCATE|[264]|Bytes:35
08:22:48.0 (131210484)|HEAP_ALLOCATE|[EXTERNAL]|Bytes:4
08:22:48.0 (131225503)|HEAP_ALLOCATE|[263]|Bytes:5
08:22:48.0 (131239437)|VARIABLE_ASSIGNMENT|[263]|insrncBnftInstance|null|
08:22:48.0 (131326036)|VARIABLE_ASSIGNMENT|[EXTERNAL]|this|{"estmtCnrgDaysMap":"0x11f3212b","estmtCvrgeDaysObj":"0xbe761dd","faciltyOptions":"0x405eb2af","fcltyPrgrmOptions":"0x5ecea129","idToOwnershipFacilit (4 more) ...":"0x27a0c7f1","idToTypeFacilityMap":"0x1779b351","insrncBnftMap":"0x561ac41","insrncBnftOptions":"0x6a5edb60","isIop":false,"isTalbott":false,"meta":"0x4b600695","oppId":"00629000003FJ4b","pawObj":"0x11d9c793","ptntInsrnceOptions":"0x6a68dfce","ptntInsrncMap":"0x76718c38","ptntInsrncObj":"0x6275ae82","quoteObj":"0x3dee68cd","recordId":"00629000003FJ4b","rtAdjstmntOptions":"0x2c86a687","showPILookup":false,"sObjectQueryStr":"","wrprObj":"0x3bad4b8f"}|0xd78d93f
08:22:48.0 (131408698)|VARIABLE_ASSIGNMENT|[EXTERNAL]|this|{"facilitySelected":"","insrncBnft":"0x6f5b9bba","insrncBnftSelected":"a1H29000000uZbiEAE","pawDetailListDisplay (4 more) ...":false,"pyAgrmntWrksht":"0xa9bbbdc","relatedPAWDetailsLis (1 more) ...":"0x49e3f82","targetEDR":0.00,"totalAppliedDeductib (2 more) ...":0.00,"totalCoInsurance":0.00,"totalCoPayAmt":0.00,"totalInsCoResp":0.00,"totalInsEIVAmt":0.00,"totalRowCount":0,"totalTalbottDay":0}|0x3bad4b8f
08:22:48.0 (131484185)|VARIABLE_ASSIGNMENT|[EXTERNAL]|this|{"estmtCnrgDaysMap":"0x11f3212b","estmtCvrgeDaysObj":"0xbe761dd","faciltyOptions":"0x405eb2af","fcltyPrgrmOptions":"0x5ecea129","idToOwnershipFacilit (4 more) ...":"0x27a0c7f1","idToTypeFacilityMap":"0x1779b351","insrncBnftMap":"0x561ac41","insrncBnftOptions":"0x6a5edb60","isIop":false,"isTalbott":false,"meta":"0x4b600695","oppId":"00629000003FJ4b","pawObj":"0x11d9c793","ptntInsrnceOptions":"0x6a68dfce","ptntInsrncMap":"0x76718c38","ptntInsrncObj":"0x6275ae82","quoteObj":"0x3dee68cd","recordId":"00629000003FJ4b","rtAdjstmntOptions":"0x2c86a687","showPILookup":false,"sObjectQueryStr":"","wrprObj":"0x3bad4b8f"}|0xd78d93f
08:22:48.0 (131548127)|VARIABLE_ASSIGNMENT|[EXTERNAL]|this|{"facilitySelected":"","insrncBnft":"0x6f5b9bba","insrncBnftSelected":"a1H29000000uZbiEAE","pawDetailListDisplay (4 more) ...":false,"pyAgrmntWrksht":"0xa9bbbdc","relatedPAWDetailsLis (1 more) ...":"0x49e3f82","targetEDR":0.00,"totalAppliedDeductib (2 more) ...":0.00,"totalCoInsurance":0.00,"totalCoPayAmt":0.00,"totalInsCoResp":0.00,"totalInsEIVAmt":0.00,"totalRowCount":0,"totalTalbottDay":0}|0x3bad4b8f
08:22:48.0 (131574528)|STATEMENT_EXECUTE|[267]
08:22:48.0 (131576366)|STATEMENT_EXECUTE|[268]
08:22:48.0 (131636948)|VARIABLE_ASSIGNMENT|[EXTERNAL]|this|{"estmtCnrgDaysMap":"0x11f3212b","estmtCvrgeDaysObj":"0xbe761dd","faciltyOptions":"0x405eb2af","fcltyPrgrmOptions":"0x5ecea129","idToOwnershipFacilit (4 more) ...":"0x27a0c7f1","idToTypeFacilityMap":"0x1779b351","insrncBnftMap":"0x561ac41","insrncBnftOptions":"0x6a5edb60","isIop":false,"isTalbott":false,"meta":"0x4b600695","oppId":"00629000003FJ4b","pawObj":"0x11d9c793","ptntInsrnceOptions":"0x6a68dfce","ptntInsrncMap":"0x76718c38","ptntInsrncObj":"0x6275ae82","quoteObj":"0x3dee68cd","recordId":"00629000003FJ4b","rtAdjstmntOptions":"0x2c86a687","showPILookup":false,"sObjectQueryStr":"","wrprObj":"0x3bad4b8f"}|0xd78d93f
08:22:48.0 (131700844)|VARIABLE_ASSIGNMENT|[EXTERNAL]|this|{"facilitySelected":"","insrncBnft":"0x6f5b9bba","insrncBnftSelected":"a1H29000000uZbiEAE","pawDetailListDisplay (4 more) ...":false,"pyAgrmntWrksht":"0xa9bbbdc","relatedPAWDetailsLis (1 more) ...":"0x49e3f82","targetEDR":0.00,"totalAppliedDeductib (2 more) ...":0.00,"totalCoInsurance":0.00,"totalCoPayAmt":0.00,"totalInsCoResp":0.00,"totalInsEIVAmt":0.00,"totalRowCount":0,"totalTalbottDay":0}|0x3bad4b8f
08:22:48.0 (131806377)|VARIABLE_ASSIGNMENT|[EXTERNAL]|this|{"estmtCnrgDaysMap":"0x11f3212b","estmtCvrgeDaysObj":"0xbe761dd","faciltyOptions":"0x405eb2af","fcltyPrgrmOptions":"0x5ecea129","idToOwnershipFacilit (4 more) ...":"0x27a0c7f1","idToTypeFacilityMap":"0x1779b351","insrncBnftMap":"0x561ac41","insrncBnftOptions":"0x6a5edb60","isIop":false,"isTalbott":false,"meta":"0x4b600695","oppId":"00629000003FJ4b","pawObj":"0x11d9c793","ptntInsrnceOptions":"0x6a68dfce","ptntInsrncMap":"0x76718c38","ptntInsrncObj":"0x6275ae82","quoteObj":"0x3dee68cd","recordId":"00629000003FJ4b","rtAdjstmntOptions":"0x2c86a687","showPILookup":false,"sObjectQueryStr":"","wrprObj":"0x3bad4b8f"}|0xd78d93f
08:22:48.0 (131871563)|VARIABLE_ASSIGNMENT|[EXTERNAL]|this|{"facilitySelected":"","insrncBnft":"0x6f5b9bba","insrncBnftSelected":"a1H29000000uZbiEAE","pawDetailListDisplay (4 more) ...":false,"pyAgrmntWrksht":"0xa9bbbdc","relatedPAWDetailsLis (1 more) ...":"0x49e3f82","targetEDR":0.00,"totalAppliedDeductib (2 more) ...":0.00,"totalCoInsurance":0.00,"totalCoPayAmt":0.00,"totalInsCoResp":0.00,"totalInsEIVAmt":0.00,"totalRowCount":0,"totalTalbottDay":0}|0x3bad4b8f
08:22:48.0 (131906224)|VARIABLE_ASSIGNMENT|[EXTERNAL]|value|{"Id":"a1H29000000uZbiEAE","Name":"Insurance Benefit 75 (2 more) ...","RecordTypeId":"012j00000015GS6AAM","Patient_Insurance__c":"a1b29000000d1kgAAA","PHP_Admit_Co_Payment (3 more) ...":0.00,"Max_Out_of_Pocket_Re (10 more) ...":0.00,"Insurance_Company_is (18 more) ...":false,"Annual_Max_Remaining (3 more) ...":1000000,"Deductible_Remaining (3 more) ...":0.00,"Uncovered_Days_Rate_ (2 more) ...":630.00,"Room_and_Board_Days_ (7 more) ...":2000.00,"Lifetime_Max__c":1000000.00,"Lifetime_Max_Met__c":0.00,"Annual_Max__c":1000000.00,"Annual_Max_Met__c":0.00,"RecordType":{"Name":"In Network","Id":"012j00000015GS6AAM"},"Patient_Insurance__r":{"Opportunity__c":"00629000003FJ4bAAG","Accreditation__c":"State","Insurance_Company__c":"0012900000AXSNIAA5","Id":"a1b29000000d1kgAAA","Insurance_Company__r":{"Name":"4 Your Choice","Id":"0012900000AXSNIAA5","RecordTypeId":"012j00000015GRqAAM"}}}|0x2eb4f5f8
08:22:48.0 (131946475)|VARIABLE_ASSIGNMENT|[525]|this.insrncBnft|{"Id":"a1H29000000uZbiEAE","Name":"Insurance Benefit 75 (2 more) ...","RecordTypeId":"012j00000015GS6AAM","Patient_Insurance__c":"a1b29000000d1kgAAA","PHP_Admit_Co_Payment (3 more) ...":0.00,"Max_Out_of_Pocket_Re (10 more) ...":0.00,"Insurance_Company_is (18 more) ...":false,"Annual_Max_Remaining (3 more) ...":1000000,"Deductible_Remaining (3 more) ...":0.00,"Uncovered_Days_Rate_ (2 more) ...":630.00,"Room_and_Board_Days_ (7 more) ...":2000.00,"Lifetime_Max__c":1000000.00,"Lifetime_Max_Met__c":0.00,"Annual_Max__c":1000000.00,"Annual_Max_Met__c":0.00,"RecordType":{"Name":"In Network","Id":"012j00000015GS6AAM"},"Patient_Insurance__r":{"Opportunity__c":"00629000003FJ4bAAG","Accreditation__c":"State","Insurance_Company__c":"0012900000AXSNIAA5","Id":"a1b29000000d1kgAAA","Insurance_Company__r":{"Name":"4 Your Choice","Id":"0012900000AXSNIAA5","RecordTypeId":"012j00000015GRqAAM"}}}|0x3bad4b8f
08:22:48.0 (131968096)|STATEMENT_EXECUTE|[272]
08:22:48.0 (133146395)|SYSTEM_MODE_ENTER|true
08:22:48.0 (133588679)|SYSTEM_MODE_ENTER|true
08:22:48.0 (133639794)|HEAP_ALLOCATE|[EXTERNAL]|Bytes:112
08:22:48.0 (133649986)|VARIABLE_SCOPE_BEGIN|[379]|this|PAW_New_EditCntrllr|true|false
08:22:48.0 (133716906)|VARIABLE_ASSIGNMENT|[379]|this|{"estmtCnrgDaysMap":"0x11f3212b","estmtCvrgeDaysObj":"0xbe761dd","faciltyOptions":"0x405eb2af","fcltyPrgrmOptions":"0x5ecea129","idToOwnershipFacilit (4 more) ...":"0x27a0c7f1","idToTypeFacilityMap":"0x1779b351","insrncBnftMap":"0x561ac41","insrncBnftOptions":"0x6a5edb60","isIop":false,"isTalbott":false,"meta":"0x4b600695","oppId":"00629000003FJ4b","pawObj":"0x11d9c793","ptntInsrnceOptions":"0x6a68dfce","ptntInsrncMap":"0x76718c38","ptntInsrncObj":"0x6275ae82","quoteObj":"0x3dee68cd","recordId":"00629000003FJ4b","rtAdjstmntOptions":"0x2c86a687","showPILookup":false,"sObjectQueryStr":"","wrprObj":"0x3bad4b8f"}|0xd78d93f
08:22:48.0 (133736299)|STATEMENT_EXECUTE|[379]
08:22:48.0 (133738354)|STATEMENT_EXECUTE|[380]
08:22:48.0 (133748989)|HEAP_ALLOCATE|[380]|Bytes:4
08:22:48.0 (133809921)|HEAP_ALLOCATE|[EXTERNAL]|Bytes:4
08:22:48.0 (133823719)|VARIABLE_ASSIGNMENT|[380]|this.rtAdjstmntOptions|[]|0xd78d93f
08:22:48.0 (133829152)|STATEMENT_EXECUTE|[381]
08:22:48.0 (133909433)|HEAP_ALLOCATE|[EXTERNAL]|Bytes:4
08:22:48.0 (133995092)|VARIABLE_ASSIGNMENT|[EXTERNAL]|this|{"estmtCnrgDaysMap":"0x11f3212b","estmtCvrgeDaysObj":"0xbe761dd","faciltyOptions":"0x405eb2af","fcltyPrgrmOptions":"0x5ecea129","idToOwnershipFacilit (4 more) ...":"0x27a0c7f1","idToTypeFacilityMap":"0x1779b351","insrncBnftMap":"0x561ac41","insrncBnftOptions":"0x6a5edb60","isIop":false,"isTalbott":false,"meta":"0x4b600695","oppId":"00629000003FJ4b","pawObj":"0x11d9c793","ptntInsrnceOptions":"0x6a68dfce","ptntInsrncMap":"0x76718c38","ptntInsrncObj":"0x6275ae82","quoteObj":"0x3dee68cd","recordId":"00629000003FJ4b","rtAdjstmntOptions":"0x708462fe","showPILookup":false,"sObjectQueryStr":"","wrprObj":"0x3bad4b8f"}|0xd78d93f
08:22:48.0 (134070510)|VARIABLE_ASSIGNMENT|[EXTERNAL]|this|{"facilitySelected":"","insrncBnft":"0x2eb4f5f8","insrncBnftSelected":"a1H29000000uZbiEAE","pawDetailListDisplay (4 more) ...":false,"pyAgrmntWrksht":"0xa9bbbdc","relatedPAWDetailsLis (1 more) ...":"0x49e3f82","targetEDR":0.00,"totalAppliedDeductib (2 more) ...":0.00,"totalCoInsurance":0.00,"totalCoPayAmt":0.00,"totalInsCoResp":0.00,"totalInsEIVAmt":0.00,"totalRowCount":0,"totalTalbottDay":0}|0x3bad4b8f
08:22:48.0 (134149431)|VARIABLE_ASSIGNMENT|[EXTERNAL]|this|{"estmtCnrgDaysMap":"0x11f3212b","estmtCvrgeDaysObj":"0xbe761dd","faciltyOptions":"0x405eb2af","fcltyPrgrmOptions":"0x5ecea129","idToOwnershipFacilit (4 more) ...":"0x27a0c7f1","idToTypeFacilityMap":"0x1779b351","insrncBnftMap":"0x561ac41","insrncBnftOptions":"0x6a5edb60","isIop":false,"isTalbott":false,"meta":"0x4b600695","oppId":"00629000003FJ4b","pawObj":"0x11d9c793","ptntInsrnceOptions":"0x6a68dfce","ptntInsrncMap":"0x76718c38","ptntInsrncObj":"0x6275ae82","quoteObj":"0x3dee68cd","recordId":"00629000003FJ4b","rtAdjstmntOptions":"0x708462fe","showPILookup":false,"sObjectQueryStr":"","wrprObj":"0x3bad4b8f"}|0xd78d93f
08:22:48.0 (134219751)|VARIABLE_ASSIGNMENT|[EXTERNAL]|this|{"facilitySelected":"","insrncBnft":"0x2eb4f5f8","insrncBnftSelected":"a1H29000000uZbiEAE","pawDetailListDisplay (4 more) ...":false,"pyAgrmntWrksht":"0xa9bbbdc","relatedPAWDetailsLis (1 more) ...":"0x49e3f82","targetEDR":0.00,"totalAppliedDeductib (2 more) ...":0.00,"totalCoInsurance":0.00,"totalCoPayAmt":0.00,"totalInsCoResp":0.00,"totalInsEIVAmt":0.00,"totalRowCount":0,"totalTalbottDay":0}|0x3bad4b8f
08:22:48.0 (134249601)|STATEMENT_EXECUTE|[382]
08:22:48.0 (134251566)|STATEMENT_EXECUTE|[400]
08:22:48.0 (134618494)|SYSTEM_MODE_ENTER|true
08:22:48.0 (143541030)|VF_SERIALIZE_VIEWSTATE_BEGIN|0660a0000009uTC
08:22:48.0 (151504847)|VF_SERIALIZE_VIEWSTATE_END
08:22:48.160 (160553444)|CUMULATIVE_LIMIT_USAGE
08:22:48.160 (160553444)|LIMIT_USAGE_FOR_NS|(default)|
  Number of SOQL queries: 3 out of 100
  Number of query rows: 11 out of 50000
  Number of SOSL queries: 0 out of 20
  Number of DML statements: 0 out of 150
  Number of DML rows: 0 out of 10000
  Maximum CPU time: 0 out of 10000
  Maximum heap size: 0 out of 6000000
  Number of callouts: 0 out of 100
  Number of Email Invocations: 0 out of 10
  Number of future calls: 0 out of 50
  Number of queueable jobs added to the queue: 0 out of 50
  Number of Mobile Apex push calls: 0 out of 10

08:22:48.160 (160553444)|CUMULATIVE_LIMIT_USAGE_END

08:22:48.0 (160595593)|CODE_UNIT_FINISHED|VF: /apex/PAW_New_Edit
08:22:48.0 (161335226)|EXECUTION_FINISHED
