40.0 APEX_CODE,FINEST;APEX_PROFILING,INFO;CALLOUT,INFO;DB,INFO;SYSTEM,DEBUG;VALIDATION,INFO;VISUALFORCE,INFO;WAVE,INFO;WORKFLOW,FINER
01:36:53.0 (74116)|USER_INFO|[EXTERNAL]|00529000000zYiy|bhakti.gujrathi@eternussolutions.com.frnstgng|Central Standard Time|GMT-06:00
01:36:53.0 (132687)|EXECUTION_STARTED
01:36:53.0 (137133)|CODE_UNIT_STARTED|[EXTERNAL]|01p0a000004sKko|CCPullReservationConcurBatch
01:36:53.0 (2598547)|HEAP_ALLOCATE|[72]|Bytes:3
01:36:53.0 (2645472)|HEAP_ALLOCATE|[77]|Bytes:152
01:36:53.0 (2665791)|HEAP_ALLOCATE|[342]|Bytes:408
01:36:53.0 (2687304)|HEAP_ALLOCATE|[355]|Bytes:408
01:36:53.0 (2709041)|HEAP_ALLOCATE|[467]|Bytes:48
01:36:53.0 (2740662)|HEAP_ALLOCATE|[139]|Bytes:6
01:36:53.0 (4898160)|HEAP_ALLOCATE|[EXTERNAL]|Bytes:1220
01:36:53.0 (12133507)|HEAP_ALLOCATE|[EXTERNAL]|Bytes:11
01:36:53.0 (12161261)|SYSTEM_METHOD_ENTRY|[15]|BatchableContextImpl.BatchableContextImpl()
01:36:53.0 (12167145)|STATEMENT_EXECUTE|[15]
01:36:53.0 (12180995)|SYSTEM_METHOD_EXIT|[15]|BatchableContextImpl
01:36:53.0 (12190182)|HEAP_ALLOCATE|[EXTERNAL]|Bytes:12
01:36:53.0 (12196348)|HEAP_ALLOCATE|[EXTERNAL]|Bytes:4
01:36:53.0 (12206647)|VARIABLE_SCOPE_BEGIN|[31]|this|Database.BatchableContextImpl|true|false
01:36:53.0 (12334722)|VARIABLE_ASSIGNMENT|[31]|this|{}|0x25750340
01:36:53.0 (12345236)|VARIABLE_SCOPE_BEGIN|[31]|jobId|Id|false|false
01:36:53.0 (12450637)|VARIABLE_ASSIGNMENT|[31]|jobId|"7072900000OOYIjAAP"
01:36:53.0 (12459805)|VARIABLE_SCOPE_BEGIN|[31]|childJobId|Id|false|false
01:36:53.0 (12470985)|VARIABLE_ASSIGNMENT|[31]|childJobId|null
01:36:53.0 (12786472)|HEAP_ALLOCATE|[EXTERNAL]|Bytes:99
01:36:53.0 (12800782)|HEAP_ALLOCATE|[EXTERNAL]|Bytes:11
01:36:53.0 (12809547)|METHOD_ENTRY|[1]|01p0a000004sKko|CCPullReservationConcurBatch.CCPullReservationConcurBatch()
01:36:53.0 (12815579)|STATEMENT_EXECUTE|[1]
01:36:53.0 (12819950)|STATEMENT_EXECUTE|[1]
01:36:53.0 (12824529)|METHOD_EXIT|[1]|CCPullReservationConcurBatch
01:36:53.0 (12831061)|HEAP_ALLOCATE|[EXTERNAL]|Bytes:32
01:36:53.0 (12834795)|HEAP_ALLOCATE|[EXTERNAL]|Bytes:12
01:36:53.0 (12841768)|VARIABLE_SCOPE_BEGIN|[24]|this|CCPullReservationConcurBatch|true|false
01:36:53.0 (12896802)|VARIABLE_ASSIGNMENT|[24]|this|{"accessToken":"0_N8xDsAUI8GIF/eR8Hn (8 more) ...","lstApxlog":"0x10d59d93","mapCncIDoppID":"0x559ac610","mapCncIDReservation":"0x7f580ed4","mapCncIDTrip":"0x74028dc7","mapIdConcurNewTrip":"0x691fe035","mapTripReservation":"0x568e6d6c"}|0x4fed3e45
01:36:53.0 (12910336)|VARIABLE_SCOPE_BEGIN|[24]|BC|Database.BatchableContext|true|false
01:36:53.0 (12983994)|VARIABLE_ASSIGNMENT|[24]|BC|{"jobId":"7072900000OOYIjAAP"}|0x25750340
01:36:53.0 (12998897)|STATEMENT_EXECUTE|[24]
01:36:53.0 (13000491)|STATEMENT_EXECUTE|[26]
01:36:53.0 (14769606)|HEAP_ALLOCATE|[26]|Bytes:54
01:36:53.0 (14782865)|HEAP_ALLOCATE|[26]|Bytes:4
01:36:53.0 (14799440)|METHOD_ENTRY|[1]|01p0a000004sKkt|CCTripIteratable.CCTripIteratable()
01:36:53.0 (14805362)|STATEMENT_EXECUTE|[1]
01:36:53.0 (14809743)|STATEMENT_EXECUTE|[1]
01:36:53.0 (14814541)|METHOD_EXIT|[1]|CCTripIteratable
01:36:53.0 (14832436)|HEAP_ALLOCATE|[26]|Bytes:8
01:36:53.0 (14870056)|CONSTRUCTOR_ENTRY|[26]|01p0a000004sKkt|<init>(Map<String,Trip__c>)
01:36:53.0 (14905504)|VARIABLE_SCOPE_BEGIN|[5]|this|CCTripIteratable|true|false
01:36:53.0 (14932739)|VARIABLE_ASSIGNMENT|[5]|this|{}|0x4689a72a
01:36:53.0 (14940969)|VARIABLE_SCOPE_BEGIN|[5]|mapIdConcurTrip|Map<String,Trip__c>|true|false
01:36:53.0 (15028271)|VARIABLE_ASSIGNMENT|[5]|mapIdConcurTrip|{"gWupfQyvIhB9hYHZVnTR (16 more) ...":{"Booking_Source__c":"Sabre","Trip_Ref__c":"Trip from Des Moines (49 more) ...","Modified_Date_Time__ (1 more) ...":"2018-02-02T00:59:00.000Z","End_Date__c":"2018-02-02T09:56:00","Start_Date__c":"2018-02-02T07:15:00","Trip_ID__c":"gWupfQyvIhB9hYHZVnTR (16 more) ...","Trip_Name__c":"Trip from Des Moines (36 more) ...","ID__c":"https://www.concurso (69 more) ..."},"gWupfQyvJjx5obv70ak0 (16 more) ...":{"Booking_Source__c":"Sabre","Trip_Ref__c":"Trip from Sacramento (48 more) ...","Modified_Date_Time__ (1 more) ...":"2018-02-02T00:28:00.000Z","End_Date__c":"2018-02-04T20:55:00","Start_Date__c":"2018-02-04T16:00:00","Trip_ID__c":"gWupfQyvJjx5obv70ak0 (16 more) ...","Trip_Name__c":"Trip from Sacramento (35 more) ...","ID__c":"https://www.concurso (69 more) ..."}}|0x691fe035
01:36:53.0 (15048070)|STATEMENT_EXECUTE|[1]
01:36:53.0 (15049472)|STATEMENT_EXECUTE|[4]
01:36:53.0 (15065176)|STATEMENT_EXECUTE|[6]
01:36:53.0 (15066700)|STATEMENT_EXECUTE|[7]
01:36:53.0 (15103436)|VARIABLE_ASSIGNMENT|[7]|this.mapIdConcurNewTrip|{"gWupfQyvIhB9hYHZVnTR (16 more) ...":{"Booking_Source__c":"Sabre","Trip_Ref__c":"Trip from Des Moines (49 more) ...","Modified_Date_Time__ (1 more) ...":"2018-02-02T00:59:00.000Z","End_Date__c":"2018-02-02T09:56:00","Start_Date__c":"2018-02-02T07:15:00","Trip_ID__c":"gWupfQyvIhB9hYHZVnTR (16 more) ...","Trip_Name__c":"Trip from Des Moines (36 more) ...","ID__c":"https://www.concurso (69 more) ..."},"gWupfQyvJjx5obv70ak0 (16 more) ...":{"Booking_Source__c":"Sabre","Trip_Ref__c":"Trip from Sacramento (48 more) ...","Modified_Date_Time__ (1 more) ...":"2018-02-02T00:28:00.000Z","End_Date__c":"2018-02-04T20:55:00","Start_Date__c":"2018-02-04T16:00:00","Trip_ID__c":"gWupfQyvJjx5obv70ak0 (16 more) ...","Trip_Name__c":"Trip from Sacramento (35 more) ...","ID__c":"https://www.concurso (69 more) ..."}}|0x4689a72a
01:36:53.0 (15131938)|CONSTRUCTOR_EXIT|[26]|01p0a000004sKkt|<init>(Map<String,Trip__c>)
01:36:53.0 (15688426)|HEAP_ALLOCATE|[EXTERNAL]|Bytes:8
01:36:53.0 (15700284)|VARIABLE_SCOPE_BEGIN|[11]|this|CCTripIteratable|true|false
01:36:53.0 (15726513)|VARIABLE_ASSIGNMENT|[11]|this|{"mapIdConcurNewTrip":"0x691fe035"}|0x4689a72a
01:36:53.0 (15736790)|STATEMENT_EXECUTE|[12]
01:36:53.0 (15738224)|STATEMENT_EXECUTE|[13]
01:36:53.0 (15822682)|HEAP_ALLOCATE|[EXTERNAL]|Bytes:12
01:36:53.0 (15845813)|HEAP_ALLOCATE|[13]|Bytes:1068
01:36:53.0 (16174992)|HEAP_ALLOCATE|[EXTERNAL]|Bytes:8
01:36:53.0 (16205626)|HEAP_ALLOCATE|[50]|Bytes:5
01:36:53.0 (16228702)|HEAP_ALLOCATE|[56]|Bytes:5
01:36:53.0 (16241367)|HEAP_ALLOCATE|[64]|Bytes:7
01:36:53.0 (16339615)|HEAP_ALLOCATE|[EXTERNAL]|Bytes:5
01:36:53.0 (16423650)|HEAP_ALLOCATE|[EXTERNAL]|Bytes:8
01:36:53.0 (16446029)|HEAP_ALLOCATE|[EXTERNAL]|Bytes:36
01:36:53.0 (16472718)|HEAP_ALLOCATE|[EXTERNAL]|Bytes:8
01:36:53.0 (16481403)|HEAP_ALLOCATE|[EXTERNAL]|Bytes:5
01:36:53.0 (16507050)|HEAP_ALLOCATE|[EXTERNAL]|Bytes:8
01:36:53.0 (16516279)|HEAP_ALLOCATE|[EXTERNAL]|Bytes:36
01:36:53.0 (16536734)|HEAP_ALLOCATE|[EXTERNAL]|Bytes:8
01:36:53.0 (16544426)|HEAP_ALLOCATE|[EXTERNAL]|Bytes:5
01:36:53.0 (16704906)|HEAP_ALLOCATE|[EXTERNAL]|Bytes:4
01:36:53.0 (16720353)|HEAP_ALLOCATE|[EXTERNAL]|Bytes:4
01:36:53.0 (16738145)|HEAP_ALLOCATE|[EXTERNAL]|Bytes:4
01:36:53.0 (16742029)|HEAP_ALLOCATE|[EXTERNAL]|Bytes:4
01:36:53.43 (43872867)|CUMULATIVE_LIMIT_USAGE
01:36:53.43 (43872867)|LIMIT_USAGE_FOR_NS|(default)|
  Number of SOQL queries: 0 out of 200
  Number of query rows: 0 out of 50000
  Number of SOSL queries: 0 out of 20
  Number of DML statements: 0 out of 150
  Number of DML rows: 0 out of 10000
  Maximum CPU time: 0 out of 60000
  Maximum heap size: 0 out of 12000000
  Number of callouts: 0 out of 0
  Number of Email Invocations: 0 out of 10
  Number of future calls: 0 out of 0
  Number of queueable jobs added to the queue: 0 out of 1
  Number of Mobile Apex push calls: 0 out of 10

01:36:53.43 (43872867)|CUMULATIVE_LIMIT_USAGE_END

01:36:53.0 (43928743)|CODE_UNIT_FINISHED|CCPullReservationConcurBatch
01:36:53.0 (44734287)|EXECUTION_FINISHED
