38.0 APEX_CODE,FINEST;APEX_PROFILING,INFO;CALLOUT,INFO;DB,INFO;SYSTEM,DEBUG;VALIDATION,INFO;VISUALFORCE,INFO;WAVE,INFO;WORKFLOW,FINER
08:35:23.0 (297465)|USER_INFO|[EXTERNAL]|00529000000zYiy|bhakti.gujrathi@eternussolutions.com.frnstgng|Central Standard Time|GMT-06:00
08:35:23.0 (343598)|EXECUTION_STARTED
08:35:23.0 (347869)|CODE_UNIT_STARTED|[EXTERNAL]|01pj0000004Sbuc|BenefitsVOBStatus.VOBStatusCheck
08:35:23.0 (503094)|HEAP_ALLOCATE|[72]|Bytes:3
08:35:23.0 (542622)|HEAP_ALLOCATE|[77]|Bytes:152
08:35:23.0 (556110)|HEAP_ALLOCATE|[342]|Bytes:408
08:35:23.0 (571633)|HEAP_ALLOCATE|[355]|Bytes:408
08:35:23.0 (583877)|HEAP_ALLOCATE|[467]|Bytes:48
08:35:23.0 (614022)|HEAP_ALLOCATE|[139]|Bytes:6
08:35:23.0 (628188)|HEAP_ALLOCATE|[EXTERNAL]|Bytes:4
08:35:23.0 (637554)|METHOD_ENTRY|[1]|01pj0000004Sbuc|BenefitsVOBStatus.BenefitsVOBStatus()
08:35:23.0 (643527)|STATEMENT_EXECUTE|[1]
08:35:23.0 (647712)|STATEMENT_EXECUTE|[1]
08:35:23.0 (651391)|METHOD_EXIT|[1]|BenefitsVOBStatus
08:35:23.0 (655597)|HEAP_ALLOCATE|[EXTERNAL]|Bytes:15
08:35:23.0 (663584)|VARIABLE_SCOPE_BEGIN|[2]|agreementID|String|false|false
08:35:23.0 (684637)|VARIABLE_ASSIGNMENT|[2]|agreementID|"00629000004NTeZ"
08:35:23.0 (693336)|STATEMENT_EXECUTE|[2]
08:35:23.0 (695605)|STATEMENT_EXECUTE|[4]
08:35:23.0 (696538)|STATEMENT_EXECUTE|[5]
08:35:23.0 (698173)|HEAP_ALLOCATE|[5]|Bytes:66
08:35:23.0 (717774)|HEAP_ALLOCATE|[5]|Bytes:4
08:35:23.0 (729439)|HEAP_ALLOCATE|[5]|Bytes:7
08:35:23.0 (768357)|HEAP_ALLOCATE|[50]|Bytes:5
08:35:23.0 (787694)|HEAP_ALLOCATE|[56]|Bytes:5
08:35:23.0 (793841)|HEAP_ALLOCATE|[64]|Bytes:7
08:35:23.0 (1745796)|SOQL_EXECUTE_BEGIN|[5]|Aggregations:0|SELECT Id, Benefits_Status__c FROM Opportunity WHERE id = :tmpVar1
08:35:23.0 (6335181)|SOQL_EXECUTE_END|[5]|Rows:1
08:35:23.0 (6358114)|HEAP_ALLOCATE|[5]|Bytes:8
08:35:23.0 (6375555)|HEAP_ALLOCATE|[5]|Bytes:69
08:35:23.0 (6483477)|HEAP_ALLOCATE|[5]|Bytes:8
08:35:23.0 (6495073)|HEAP_ALLOCATE|[5]|Bytes:37
08:35:23.0 (6539606)|HEAP_ALLOCATE|[5]|Bytes:12
08:35:23.0 (6546722)|VARIABLE_SCOPE_BEGIN|[5]|OpportunityBS|Opportunity|true|false
08:35:23.0 (6573903)|VARIABLE_ASSIGNMENT|[5]|OpportunityBS|{"Id":"00629000004NTeZAAW","Benefits_Status__c":"Benefits Submitted"}|0x2424ee93
08:35:23.0 (6580083)|STATEMENT_EXECUTE|[7]
08:35:23.0 (6608763)|HEAP_ALLOCATE|[8]|Bytes:12
08:35:23.0 (6636247)|STATEMENT_EXECUTE|[10]
08:35:23.0 (6637836)|STATEMENT_EXECUTE|[11]
08:35:23.0 (6639542)|HEAP_ALLOCATE|[11]|Bytes:16
08:35:23.6 (6663382)|CUMULATIVE_LIMIT_USAGE
08:35:23.6 (6663382)|LIMIT_USAGE_FOR_NS|(default)|
  Number of SOQL queries: 1 out of 100
  Number of query rows: 1 out of 50000
  Number of SOSL queries: 0 out of 20
  Number of DML statements: 0 out of 150
  Number of DML rows: 0 out of 10000
  Maximum CPU time: 0 out of 10000
  Maximum heap size: 0 out of 6000000
  Number of callouts: 0 out of 100
  Number of Email Invocations: 0 out of 10
  Number of future calls: 0 out of 50
  Number of queueable jobs added to the queue: 0 out of 50
  Number of Mobile Apex push calls: 0 out of 10

08:35:23.6 (6663382)|CUMULATIVE_LIMIT_USAGE_END

08:35:23.0 (6695945)|CODE_UNIT_FINISHED|BenefitsVOBStatus.VOBStatusCheck
08:35:23.0 (7440889)|EXECUTION_FINISHED
