38.0 APEX_CODE,FINEST;APEX_PROFILING,INFO;CALLOUT,INFO;DB,INFO;SYSTEM,DEBUG;VALIDATION,INFO;VISUALFORCE,INFO;WAVE,INFO;WORKFLOW,FINER
07:07:50.0 (239486)|USER_INFO|[EXTERNAL]|00529000000zYiy|bhakti.gujrathi@eternussolutions.com.frnstgng|Central Standard Time|GMT-06:00
07:07:50.0 (272787)|EXECUTION_STARTED
07:07:50.0 (276526)|CODE_UNIT_STARTED|[EXTERNAL]|01pj0000004Sbuc|BenefitsVOBStatus.VOBStatusCheck
07:07:50.0 (399743)|HEAP_ALLOCATE|[72]|Bytes:3
07:07:50.0 (428832)|HEAP_ALLOCATE|[77]|Bytes:152
07:07:50.0 (441583)|HEAP_ALLOCATE|[342]|Bytes:408
07:07:50.0 (452919)|HEAP_ALLOCATE|[355]|Bytes:408
07:07:50.0 (463099)|HEAP_ALLOCATE|[467]|Bytes:48
07:07:50.0 (487195)|HEAP_ALLOCATE|[139]|Bytes:6
07:07:50.0 (501102)|HEAP_ALLOCATE|[EXTERNAL]|Bytes:4
07:07:50.0 (510518)|METHOD_ENTRY|[1]|01pj0000004Sbuc|BenefitsVOBStatus.BenefitsVOBStatus()
07:07:50.0 (516247)|STATEMENT_EXECUTE|[1]
07:07:50.0 (519387)|STATEMENT_EXECUTE|[1]
07:07:50.0 (522274)|METHOD_EXIT|[1]|BenefitsVOBStatus
07:07:50.0 (525865)|HEAP_ALLOCATE|[EXTERNAL]|Bytes:15
07:07:50.0 (532817)|VARIABLE_SCOPE_BEGIN|[2]|agreementID|String|false|false
07:07:50.0 (553367)|VARIABLE_ASSIGNMENT|[2]|agreementID|"00629000004NTeZ"
07:07:50.0 (560519)|STATEMENT_EXECUTE|[2]
07:07:50.0 (561977)|STATEMENT_EXECUTE|[4]
07:07:50.0 (562780)|STATEMENT_EXECUTE|[5]
07:07:50.0 (564699)|HEAP_ALLOCATE|[5]|Bytes:66
07:07:50.0 (578863)|HEAP_ALLOCATE|[5]|Bytes:4
07:07:50.0 (587455)|HEAP_ALLOCATE|[5]|Bytes:7
07:07:50.0 (621669)|HEAP_ALLOCATE|[50]|Bytes:5
07:07:50.0 (637710)|HEAP_ALLOCATE|[56]|Bytes:5
07:07:50.0 (643472)|HEAP_ALLOCATE|[64]|Bytes:7
07:07:50.0 (2767543)|SOQL_EXECUTE_BEGIN|[5]|Aggregations:0|SELECT Id, Benefits_Status__c FROM Opportunity WHERE id = :tmpVar1
07:07:50.0 (6722932)|SOQL_EXECUTE_END|[5]|Rows:1
07:07:50.0 (6743583)|HEAP_ALLOCATE|[5]|Bytes:8
07:07:50.0 (6758881)|HEAP_ALLOCATE|[5]|Bytes:69
07:07:50.0 (6837729)|HEAP_ALLOCATE|[5]|Bytes:8
07:07:50.0 (6847523)|HEAP_ALLOCATE|[5]|Bytes:37
07:07:50.0 (6879563)|HEAP_ALLOCATE|[5]|Bytes:12
07:07:50.0 (6886988)|VARIABLE_SCOPE_BEGIN|[5]|OpportunityBS|Opportunity|true|false
07:07:50.0 (6910341)|VARIABLE_ASSIGNMENT|[5]|OpportunityBS|{"Id":"00629000004NTeZAAW","Benefits_Status__c":"Benefits Submitted"}|0x2e809e10
07:07:50.0 (6916889)|STATEMENT_EXECUTE|[7]
07:07:50.0 (6939866)|HEAP_ALLOCATE|[8]|Bytes:12
07:07:50.0 (6962544)|STATEMENT_EXECUTE|[10]
07:07:50.0 (6964026)|STATEMENT_EXECUTE|[11]
07:07:50.0 (6965817)|HEAP_ALLOCATE|[11]|Bytes:16
07:07:50.6 (6984741)|CUMULATIVE_LIMIT_USAGE
07:07:50.6 (6984741)|LIMIT_USAGE_FOR_NS|(default)|
  Number of SOQL queries: 1 out of 100
  Number of query rows: 1 out of 50000
  Number of SOSL queries: 0 out of 20
  Number of DML statements: 0 out of 150
  Number of DML rows: 0 out of 10000
  Maximum CPU time: 0 out of 10000
  Maximum heap size: 0 out of 6000000
  Number of callouts: 0 out of 100
  Number of Email Invocations: 0 out of 10
  Number of future calls: 0 out of 50
  Number of queueable jobs added to the queue: 0 out of 50
  Number of Mobile Apex push calls: 0 out of 10

07:07:50.6 (6984741)|CUMULATIVE_LIMIT_USAGE_END

07:07:50.0 (7019915)|CODE_UNIT_FINISHED|BenefitsVOBStatus.VOBStatusCheck
07:07:50.0 (7776287)|EXECUTION_FINISHED
