37.0 APEX_CODE,FINEST;APEX_PROFILING,INFO;CALLOUT,INFO;DB,INFO;SYSTEM,DEBUG;VALIDATION,INFO;VISUALFORCE,INFO;WAVE,INFO;WORKFLOW,FINER
07:40:26.0 (292180)|USER_INFO|[EXTERNAL]|00529000000zYiy|bhakti.gujrathi@eternussolutions.com.frnstgng|Central Standard Time|GMT-06:00
07:40:26.0 (330242)|EXECUTION_STARTED
07:40:26.0 (334193)|CODE_UNIT_STARTED|[EXTERNAL]|0660a0000009uTC|VF: /apex/PAW_New_Edit
07:40:26.0 (240118183)|SYSTEM_MODE_ENTER|true
07:40:26.0 (240449484)|VARIABLE_SCOPE_BEGIN|[35]|PAW_New_EditCntrllr.globalSchemaMap|Map<String,Schema.SObjectType>|true|true
07:40:26.0 (240469905)|VARIABLE_SCOPE_BEGIN|[3]|PAW_New_EditCntrllr.yearEndMode|Boolean|false|true
07:40:26.0 (240600546)|HEAP_ALLOCATE|[72]|Bytes:3
07:40:26.0 (240634801)|HEAP_ALLOCATE|[77]|Bytes:152
07:40:26.0 (240645373)|HEAP_ALLOCATE|[342]|Bytes:408
07:40:26.0 (240654559)|HEAP_ALLOCATE|[355]|Bytes:408
07:40:26.0 (240663161)|HEAP_ALLOCATE|[467]|Bytes:48
07:40:26.0 (240686322)|HEAP_ALLOCATE|[139]|Bytes:6
07:40:26.0 (240698651)|HEAP_ALLOCATE|[EXTERNAL]|Bytes:11
07:40:26.0 (240705127)|HEAP_ALLOCATE|[EXTERNAL]|Bytes:304
07:40:26.0 (240708850)|HEAP_ALLOCATE|[EXTERNAL]|Bytes:98
07:40:26.0 (240712761)|HEAP_ALLOCATE|[EXTERNAL]|Bytes:14
07:40:26.0 (240739740)|METHOD_ENTRY|[1]|01p0a000004sKzV|PAW_New_EditCntrllr.PAW_New_EditCntrllr()
07:40:26.0 (240746521)|STATEMENT_EXECUTE|[1]
07:40:26.0 (240749390)|STATEMENT_EXECUTE|[1]
07:40:26.0 (240750267)|STATEMENT_EXECUTE|[3]
07:40:26.0 (244709573)|VARIABLE_SCOPE_BEGIN|[3]|PAW_YearEnd_Config.setting|Year_End_PAW_Settings__c|true|true
07:40:26.0 (244726691)|HEAP_ALLOCATE|[3]|Bytes:1
07:40:26.0 (244732594)|HEAP_ALLOCATE|[3]|Bytes:1
07:40:26.0 (244757364)|METHOD_ENTRY|[1]|01p29000000Aswf|PAW_YearEnd_Config.PAW_YearEnd_Config()
07:40:26.0 (244762413)|STATEMENT_EXECUTE|[1]
07:40:26.0 (244765352)|STATEMENT_EXECUTE|[1]
07:40:26.0 (244792273)|HEAP_ALLOCATE|[50]|Bytes:5
07:40:26.0 (244814933)|HEAP_ALLOCATE|[56]|Bytes:5
07:40:26.0 (244823057)|HEAP_ALLOCATE|[64]|Bytes:7
07:40:26.0 (245154078)|SYSTEM_MODE_ENTER|false
07:40:26.0 (245169854)|HEAP_ALLOCATE|[3]|Bytes:5
07:40:26.0 (245177631)|SYSTEM_MODE_EXIT|false
07:40:26.0 (245186413)|METHOD_EXIT|[1]|PAW_YearEnd_Config
07:40:26.0 (245202443)|METHOD_ENTRY|[3]|01p29000000Aswf|PAW_YearEnd_Config.fetch()
07:40:26.0 (245237520)|SYSTEM_MODE_ENTER|false
07:40:26.0 (245242624)|HEAP_ALLOCATE|[6]|Bytes:5
07:40:26.0 (245246277)|STATEMENT_EXECUTE|[5]
07:40:26.0 (245251450)|STATEMENT_EXECUTE|[7]
07:40:26.0 (246005082)|HEAP_ALLOCATE|[7]|Bytes:20
07:40:26.0 (246051965)|VARIABLE_ASSIGNMENT|[7]|PAW_YearEnd_Config.setting|{"IsDeleted":false,"Name":"Year End PAW Setting (11 more) ...","SetupOwnerId":"00529000000zYiyAAE","Year_End_Mode_Enable (4 more) ...":false}|0x31f76da7
07:40:26.0 (246059909)|STATEMENT_EXECUTE|[9]
07:40:26.0 (246063212)|HEAP_ALLOCATE|[9]|Bytes:14
07:40:26.0 (246194178)|HEAP_ALLOCATE|[9]|Bytes:145
07:40:26.0 (246215987)|HEAP_ALLOCATE|[9]|Bytes:159
07:40:26.0 (246238364)|USER_DEBUG|[9]|DEBUG|>>> setting : Year_End_PAW_Settings__c:{IsDeleted=false, Name=Year End PAW Settings (Profile), SetupOwnerId=00529000000zYiyAAE, Year_End_Mode_Enabled__c=false}
07:40:26.0 (246246268)|STATEMENT_EXECUTE|[10]
07:40:26.0 (246251473)|SYSTEM_MODE_EXIT|false
07:40:26.0 (246259054)|METHOD_EXIT|[3]|01p29000000Aswf|PAW_YearEnd_Config.fetch()
07:40:26.0 (246293103)|VARIABLE_ASSIGNMENT|[3]|PAW_New_EditCntrllr.yearEndMode|false
07:40:26.0 (246298033)|STATEMENT_EXECUTE|[523]
07:40:26.0 (246303572)|METHOD_EXIT|[1]|PAW_New_EditCntrllr
07:40:26.0 (266658785)|HEAP_ALLOCATE|[EXTERNAL]|Bytes:112
07:40:26.0 (266735848)|VARIABLE_SCOPE_BEGIN|[41]|this|PAW_New_EditCntrllr|true|false
07:40:26.0 (266821246)|VARIABLE_ASSIGNMENT|[41]|this|{}|0x7dec25f
07:40:26.0 (266830185)|STATEMENT_EXECUTE|[1]
07:40:26.0 (266831693)|STATEMENT_EXECUTE|[7]
07:40:26.0 (266832636)|STATEMENT_EXECUTE|[8]
07:40:26.0 (266833408)|STATEMENT_EXECUTE|[9]
07:40:26.0 (266834193)|STATEMENT_EXECUTE|[10]
07:40:26.0 (266835199)|STATEMENT_EXECUTE|[11]
07:40:26.0 (266848085)|VARIABLE_ASSIGNMENT|[11]|this.oppId|""|0x7dec25f
07:40:26.0 (266852648)|STATEMENT_EXECUTE|[12]
07:40:26.0 (266853573)|STATEMENT_EXECUTE|[13]
07:40:26.0 (266854473)|STATEMENT_EXECUTE|[14]
07:40:26.0 (266855247)|STATEMENT_EXECUTE|[15]
07:40:26.0 (266856068)|STATEMENT_EXECUTE|[16]
07:40:26.0 (266856871)|STATEMENT_EXECUTE|[18]
07:40:26.0 (266857658)|STATEMENT_EXECUTE|[19]
07:40:26.0 (266858456)|STATEMENT_EXECUTE|[20]
07:40:26.0 (266859235)|STATEMENT_EXECUTE|[21]
07:40:26.0 (266859995)|STATEMENT_EXECUTE|[22]
07:40:26.0 (266860806)|STATEMENT_EXECUTE|[23]
07:40:26.0 (266861599)|STATEMENT_EXECUTE|[24]
07:40:26.0 (266862393)|STATEMENT_EXECUTE|[25]
07:40:26.0 (266863163)|STATEMENT_EXECUTE|[26]
07:40:26.0 (266863964)|STATEMENT_EXECUTE|[27]
07:40:26.0 (266864766)|STATEMENT_EXECUTE|[28]
07:40:26.0 (266865549)|STATEMENT_EXECUTE|[30]
07:40:26.0 (266866347)|STATEMENT_EXECUTE|[31]
07:40:26.0 (266867122)|STATEMENT_EXECUTE|[32]
07:40:26.0 (266867892)|STATEMENT_EXECUTE|[33]
07:40:26.0 (266868801)|STATEMENT_EXECUTE|[37]
07:40:26.0 (266869628)|STATEMENT_EXECUTE|[38]
07:40:26.0 (266877265)|HEAP_ALLOCATE|[11]|Bytes:6
07:40:26.0 (266922868)|STATEMENT_EXECUTE|[41]
07:40:26.0 (266924176)|STATEMENT_EXECUTE|[44]
07:40:26.0 (304976234)|HEAP_ALLOCATE|[44]|Bytes:2408
07:40:26.0 (305346017)|VARIABLE_ASSIGNMENT|[44]|PAW_New_EditCntrllr.globalSchemaMap|"{abused_substance__c=Abused_Substance__c, abused_substance__feed=Abused_Substance__Feed, abused_substance__history=Abused_Substance__History, acceptedeventrelation=AcceptedEventRelation, account=Account, account_review__c=Account_Review__c, account_review__history=Account_Review__History, account_satisfaction_survey__c=Account_Satisfaction_Survey__c, accountcontactrole=AccountContactRole, accountfeed=AccountFeed, ...}"|0x46a2ed11
07:40:26.0 (305359724)|STATEMENT_EXECUTE|[45]
07:40:26.0 (305483111)|VARIABLE_ASSIGNMENT|[EXTERNAL]|this|{"oppId":""}|0x7dec25f
07:40:26.0 (305499480)|VARIABLE_ASSIGNMENT|[EXTERNAL]|value|false
07:40:26.0 (305507809)|HEAP_ALLOCATE|[32]|Bytes:5
07:40:26.0 (305516987)|VARIABLE_ASSIGNMENT|[32]|this.isTalbott|false|0x7dec25f
07:40:26.0 (305525398)|STATEMENT_EXECUTE|[46]
07:40:26.0 (305580298)|VARIABLE_ASSIGNMENT|[EXTERNAL]|this|{"isTalbott":false,"oppId":""}|0x7dec25f
07:40:26.0 (305589099)|VARIABLE_ASSIGNMENT|[EXTERNAL]|value|false
07:40:26.0 (305593707)|HEAP_ALLOCATE|[33]|Bytes:5
07:40:26.0 (305599133)|VARIABLE_ASSIGNMENT|[33]|this.isIop|false|0x7dec25f
07:40:26.0 (305605709)|STATEMENT_EXECUTE|[47]
07:40:26.0 (305611737)|VARIABLE_ASSIGNMENT|[47]|this.sObjectQueryStr|""|0x7dec25f
07:40:26.0 (305616079)|STATEMENT_EXECUTE|[48]
07:40:26.0 (305646298)|HEAP_ALLOCATE|[48]|Bytes:4
07:40:26.0 (305747990)|VARIABLE_ASSIGNMENT|[48]|this.quoteObj|{}|0x7dec25f
07:40:26.0 (305753404)|STATEMENT_EXECUTE|[49]
07:40:26.0 (305761390)|HEAP_ALLOCATE|[49]|Bytes:476
07:40:26.0 (305769562)|HEAP_ALLOCATE|[49]|Bytes:71
07:40:26.0 (305844481)|HEAP_ALLOCATE|[49]|Bytes:84
07:40:26.0 (305864939)|CONSTRUCTOR_ENTRY|[49]|01p0a000004sKzV|<init>()
07:40:26.0 (305888057)|VARIABLE_SCOPE_BEGIN|[545]|this|PAW_New_EditCntrllr.WraperClass|true|false
07:40:26.0 (305948751)|VARIABLE_ASSIGNMENT|[545]|this|{}|0x301f8680
07:40:26.0 (305954945)|STATEMENT_EXECUTE|[523]
07:40:26.0 (305956124)|STATEMENT_EXECUTE|[524]
07:40:26.0 (305957314)|STATEMENT_EXECUTE|[525]
07:40:26.0 (305958123)|STATEMENT_EXECUTE|[526]
07:40:26.0 (305958955)|STATEMENT_EXECUTE|[527]
07:40:26.0 (305959741)|STATEMENT_EXECUTE|[528]
07:40:26.0 (305960510)|STATEMENT_EXECUTE|[529]
07:40:26.0 (305961402)|STATEMENT_EXECUTE|[530]
07:40:26.0 (305962170)|STATEMENT_EXECUTE|[531]
07:40:26.0 (305962957)|STATEMENT_EXECUTE|[532]
07:40:26.0 (305963738)|STATEMENT_EXECUTE|[533]
07:40:26.0 (305964525)|STATEMENT_EXECUTE|[534]
07:40:26.0 (305965447)|STATEMENT_EXECUTE|[535]
07:40:26.0 (305966216)|STATEMENT_EXECUTE|[536]
07:40:26.0 (305966997)|STATEMENT_EXECUTE|[537]
07:40:26.0 (305967900)|STATEMENT_EXECUTE|[538]
07:40:26.0 (305968721)|STATEMENT_EXECUTE|[539]
07:40:26.0 (305969493)|STATEMENT_EXECUTE|[540]
07:40:26.0 (305970387)|STATEMENT_EXECUTE|[541]
07:40:26.0 (305971152)|STATEMENT_EXECUTE|[542]
07:40:26.0 (305972049)|STATEMENT_EXECUTE|[543]
07:40:26.0 (305985409)|STATEMENT_EXECUTE|[545]
07:40:26.0 (305986503)|STATEMENT_EXECUTE|[546]
07:40:26.0 (306003921)|HEAP_ALLOCATE|[546]|Bytes:4
07:40:26.0 (306129605)|VARIABLE_ASSIGNMENT|[EXTERNAL]|this|{}|0x301f8680
07:40:26.0 (306140651)|VARIABLE_ASSIGNMENT|[EXTERNAL]|value|{}|0x265bdfdf
07:40:26.0 (306149173)|VARIABLE_ASSIGNMENT|[524]|this.pyAgrmntWrksht|{}|0x301f8680
07:40:26.0 (306156717)|STATEMENT_EXECUTE|[547]
07:40:26.0 (306172813)|HEAP_ALLOCATE|[547]|Bytes:4
07:40:26.0 (306258923)|VARIABLE_ASSIGNMENT|[EXTERNAL]|this|{"pyAgrmntWrksht":"0x265bdfdf"}|0x301f8680
07:40:26.0 (306268065)|VARIABLE_ASSIGNMENT|[EXTERNAL]|value|{}|0xbf2da4f
07:40:26.0 (306276123)|VARIABLE_ASSIGNMENT|[525]|this.insrncBnft|{}|0x301f8680
07:40:26.0 (306283196)|STATEMENT_EXECUTE|[548]
07:40:26.0 (306322758)|VARIABLE_ASSIGNMENT|[EXTERNAL]|this|{"insrncBnft":"0xbf2da4f","pyAgrmntWrksht":"0x265bdfdf"}|0x301f8680
07:40:26.0 (306330087)|VARIABLE_ASSIGNMENT|[EXTERNAL]|value|""
07:40:26.0 (306336560)|VARIABLE_ASSIGNMENT|[526]|this.insrncBnftSelected|""|0x301f8680
07:40:26.0 (306343554)|STATEMENT_EXECUTE|[549]
07:40:26.0 (306380394)|VARIABLE_ASSIGNMENT|[EXTERNAL]|this|{"insrncBnft":"0xbf2da4f","insrncBnftSelected":"","pyAgrmntWrksht":"0x265bdfdf"}|0x301f8680
07:40:26.0 (306387772)|VARIABLE_ASSIGNMENT|[EXTERNAL]|value|""
07:40:26.0 (306393775)|VARIABLE_ASSIGNMENT|[527]|this.facilitySelected|""|0x301f8680
07:40:26.0 (306400386)|STATEMENT_EXECUTE|[550]
07:40:26.0 (306435923)|VARIABLE_ASSIGNMENT|[EXTERNAL]|this|{"facilitySelected":"","insrncBnft":"0xbf2da4f","insrncBnftSelected":"","pyAgrmntWrksht":"0x265bdfdf"}|0x301f8680
07:40:26.0 (306443028)|VARIABLE_ASSIGNMENT|[EXTERNAL]|value|""
07:40:26.0 (306448063)|VARIABLE_ASSIGNMENT|[528]|this.fcltyPrgrmSelected|""|0x301f8680
07:40:26.0 (306454019)|STATEMENT_EXECUTE|[551]
07:40:26.0 (306489510)|VARIABLE_ASSIGNMENT|[EXTERNAL]|this|{"facilitySelected":"","fcltyPrgrmSelected":"","insrncBnft":"0xbf2da4f","insrncBnftSelected":"","pyAgrmntWrksht":"0x265bdfdf"}|0x301f8680
07:40:26.0 (306497266)|VARIABLE_ASSIGNMENT|[EXTERNAL]|value|""
07:40:26.0 (306503081)|VARIABLE_ASSIGNMENT|[529]|this.rateAdjstmntSelected|""|0x301f8680
07:40:26.0 (306508970)|STATEMENT_EXECUTE|[552]
07:40:26.0 (306546310)|VARIABLE_ASSIGNMENT|[EXTERNAL]|this|{"facilitySelected":"","fcltyPrgrmSelected":"","insrncBnft":"0xbf2da4f","insrncBnftSelected":"","pyAgrmntWrksht":"0x265bdfdf","rateAdjstmntSelected":""}|0x301f8680
07:40:26.0 (306555814)|VARIABLE_ASSIGNMENT|[EXTERNAL]|value|0
07:40:26.0 (306559988)|HEAP_ALLOCATE|[530]|Bytes:4
07:40:26.0 (306565711)|VARIABLE_ASSIGNMENT|[530]|this.totalRowCount|0|0x301f8680
07:40:26.0 (306571513)|STATEMENT_EXECUTE|[553]
07:40:26.0 (306574664)|HEAP_ALLOCATE|[553]|Bytes:4
07:40:26.0 (306600591)|HEAP_ALLOCATE|[553]|Bytes:28
07:40:26.0 (306645252)|VARIABLE_ASSIGNMENT|[EXTERNAL]|this|{"facilitySelected":"","fcltyPrgrmSelected":"","insrncBnft":"0xbf2da4f","insrncBnftSelected":"","pyAgrmntWrksht":"0x265bdfdf","rateAdjstmntSelected":"","totalRowCount":0}|0x301f8680
07:40:26.0 (306656205)|VARIABLE_ASSIGNMENT|[EXTERNAL]|value|0.00
07:40:26.0 (306663001)|VARIABLE_ASSIGNMENT|[531]|this.totalTalbottDay|0.00|0x301f8680
07:40:26.0 (306669138)|STATEMENT_EXECUTE|[554]
07:40:26.0 (306674558)|HEAP_ALLOCATE|[554]|Bytes:28
07:40:26.0 (306717784)|VARIABLE_ASSIGNMENT|[EXTERNAL]|this|{"facilitySelected":"","fcltyPrgrmSelected":"","insrncBnft":"0xbf2da4f","insrncBnftSelected":"","pyAgrmntWrksht":"0x265bdfdf","rateAdjstmntSelected":"","totalRowCount":0,"totalTalbottDay":0.00}|0x301f8680
07:40:26.0 (306725501)|VARIABLE_ASSIGNMENT|[EXTERNAL]|value|0.00
07:40:26.0 (306731282)|VARIABLE_ASSIGNMENT|[532]|this.totalInsCoResp|0.00|0x301f8680
07:40:26.0 (306737149)|STATEMENT_EXECUTE|[555]
07:40:26.0 (306741509)|HEAP_ALLOCATE|[555]|Bytes:28
07:40:26.0 (306781866)|VARIABLE_ASSIGNMENT|[EXTERNAL]|this|{"facilitySelected":"","fcltyPrgrmSelected":"","insrncBnft":"0xbf2da4f","insrncBnftSelected":"","pyAgrmntWrksht":"0x265bdfdf","rateAdjstmntSelected":"","totalInsCoResp":0.00,"totalRowCount":0,"totalTalbottDay":0.00}|0x301f8680
07:40:26.0 (306790436)|VARIABLE_ASSIGNMENT|[EXTERNAL]|value|0.00
07:40:26.0 (306796896)|VARIABLE_ASSIGNMENT|[533]|this.totalCoPayAmt|0.00|0x301f8680
07:40:26.0 (306802942)|STATEMENT_EXECUTE|[556]
07:40:26.0 (306807288)|HEAP_ALLOCATE|[556]|Bytes:28
07:40:26.0 (306853264)|VARIABLE_ASSIGNMENT|[EXTERNAL]|this|{"facilitySelected":"","fcltyPrgrmSelected":"","insrncBnft":"0xbf2da4f","insrncBnftSelected":"","pyAgrmntWrksht":"0x265bdfdf","rateAdjstmntSelected":"","totalCoPayAmt":0.00,"totalInsCoResp":0.00,"totalRowCount":0,"totalTalbottDay":0.00}|0x301f8680
07:40:26.0 (306861824)|VARIABLE_ASSIGNMENT|[EXTERNAL]|value|0.00
07:40:26.0 (306867812)|VARIABLE_ASSIGNMENT|[534]|this.targetEDR|0.00|0x301f8680
07:40:26.0 (306874279)|STATEMENT_EXECUTE|[557]
07:40:26.0 (306878345)|HEAP_ALLOCATE|[557]|Bytes:28
07:40:26.0 (306884245)|VARIABLE_ASSIGNMENT|[557]|this.totalAppliedDeductible|0.00|0x301f8680
07:40:26.0 (306888639)|STATEMENT_EXECUTE|[558]
07:40:26.0 (306891892)|HEAP_ALLOCATE|[558]|Bytes:28
07:40:26.0 (306898614)|VARIABLE_ASSIGNMENT|[558]|this.totalCoInsurance|0.00|0x301f8680
07:40:26.0 (306902824)|STATEMENT_EXECUTE|[559]
07:40:26.0 (306905302)|HEAP_ALLOCATE|[559]|Bytes:28
07:40:26.0 (306910147)|VARIABLE_ASSIGNMENT|[559]|this.totalInsEIVAmt|0.00|0x301f8680
07:40:26.0 (306913937)|STATEMENT_EXECUTE|[560]
07:40:26.0 (306959205)|VARIABLE_ASSIGNMENT|[EXTERNAL]|this|{"facilitySelected":"","fcltyPrgrmSelected":"","insrncBnft":"0xbf2da4f","insrncBnftSelected":"","pyAgrmntWrksht":"0x265bdfdf","rateAdjstmntSelected":"","targetEDR":0.00,"totalAppliedDeductib (2 more) ...":0.00,"totalCoInsurance":0.00,"totalCoPayAmt":0.00,"totalInsCoResp":0.00,"totalInsEIVAmt":0.00,"totalRowCount":0,"totalTalbottDay":0.00}|0x301f8680
07:40:26.0 (306970591)|VARIABLE_ASSIGNMENT|[EXTERNAL]|value|false
07:40:26.0 (306975065)|HEAP_ALLOCATE|[542]|Bytes:5
07:40:26.0 (306979796)|VARIABLE_ASSIGNMENT|[542]|this.pawDetailListDisplayFlag|false|0x301f8680
07:40:26.0 (306985920)|STATEMENT_EXECUTE|[561]
07:40:26.0 (307007097)|HEAP_ALLOCATE|[561]|Bytes:4
07:40:26.0 (307097497)|VARIABLE_ASSIGNMENT|[EXTERNAL]|this|{"facilitySelected":"","fcltyPrgrmSelected":"","insrncBnft":"0xbf2da4f","insrncBnftSelected":"","pawDetailListDisplay (4 more) ...":false,"pyAgrmntWrksht":"0x265bdfdf","rateAdjstmntSelected":"","targetEDR":0.00,"totalAppliedDeductib (2 more) ...":0.00,"totalCoInsurance":0.00,"totalCoPayAmt":0.00,"totalInsCoResp":0.00,"totalInsEIVAmt":0.00,"totalRowCount":0,"totalTalbottDay":0.00}|0x301f8680
07:40:26.0 (307110213)|HEAP_ALLOCATE|[EXTERNAL]|Bytes:4
07:40:26.0 (307118374)|VARIABLE_ASSIGNMENT|[EXTERNAL]|value|[]|0xebcc8ae
07:40:26.0 (307126945)|VARIABLE_ASSIGNMENT|[543]|this.relatedPAWDetailsList|[]|0x301f8680
07:40:26.0 (307135007)|CONSTRUCTOR_EXIT|[49]|01p0a000004sKzV|<init>()
07:40:26.0 (307180582)|VARIABLE_ASSIGNMENT|[EXTERNAL]|this|{"isIop":false,"isTalbott":false,"oppId":"","quoteObj":"0x5f01be3f","sObjectQueryStr":""}|0x7dec25f
07:40:26.0 (307214140)|VARIABLE_ASSIGNMENT|[EXTERNAL]|value|{"facilitySelected":"","fcltyPrgrmSelected":"","insrncBnft":"0xbf2da4f","insrncBnftSelected":"","pawDetailListDisplay (4 more) ...":false,"pyAgrmntWrksht":"0x265bdfdf","rateAdjstmntSelected":"","relatedPAWDetailsLis (1 more) ...":"0xebcc8ae","targetEDR":0.00,"totalAppliedDeductib (2 more) ...":0.00,"totalCoInsurance":0.00,"totalCoPayAmt":0.00,"totalInsCoResp":0.00,"totalInsEIVAmt":0.00,"totalRowCount":0,"totalTalbottDay":0.00}|0x301f8680
07:40:26.0 (307226760)|VARIABLE_ASSIGNMENT|[30]|this.wrprObj|0x301f8680|0x7dec25f
07:40:26.0 (307232924)|STATEMENT_EXECUTE|[50]
07:40:26.0 (307250453)|HEAP_ALLOCATE|[50]|Bytes:4
07:40:26.0 (307359500)|VARIABLE_ASSIGNMENT|[EXTERNAL]|this|{"isIop":false,"isTalbott":false,"oppId":"","quoteObj":"0x5f01be3f","sObjectQueryStr":"","wrprObj":"0x301f8680"}|0x7dec25f
07:40:26.0 (307369453)|VARIABLE_ASSIGNMENT|[EXTERNAL]|value|{}|0x1485f51a
07:40:26.0 (307377582)|VARIABLE_ASSIGNMENT|[18]|this.ptntInsrncObj|{}|0x7dec25f
07:40:26.0 (307384423)|STATEMENT_EXECUTE|[51]
07:40:26.0 (307395912)|HEAP_ALLOCATE|[51]|Bytes:4
07:40:26.0 (307434520)|HEAP_ALLOCATE|[EXTERNAL]|Bytes:4
07:40:26.0 (307442369)|VARIABLE_ASSIGNMENT|[51]|this.ptntInsrnceOptions|[]|0x7dec25f
07:40:26.0 (307446975)|STATEMENT_EXECUTE|[52]
07:40:26.0 (307452759)|HEAP_ALLOCATE|[52]|Bytes:4
07:40:26.0 (307472698)|HEAP_ALLOCATE|[EXTERNAL]|Bytes:4
07:40:26.0 (307477669)|VARIABLE_ASSIGNMENT|[52]|this.insrncBnftOptions|[]|0x7dec25f
07:40:26.0 (307481898)|STATEMENT_EXECUTE|[53]
07:40:26.0 (307486244)|HEAP_ALLOCATE|[53]|Bytes:4
07:40:26.0 (307540225)|VARIABLE_ASSIGNMENT|[EXTERNAL]|this|{"insrncBnftOptions":"0x1a48d3bb","isIop":false,"isTalbott":false,"oppId":"","ptntInsrnceOptions":"0x4359c3b7","ptntInsrncObj":"0x1485f51a","quoteObj":"0x5f01be3f","sObjectQueryStr":"","wrprObj":"0x301f8680"}|0x7dec25f
07:40:26.0 (307555959)|HEAP_ALLOCATE|[EXTERNAL]|Bytes:4
07:40:26.0 (307560433)|VARIABLE_ASSIGNMENT|[EXTERNAL]|value|[]|0x784fc3e3
07:40:26.0 (307567918)|VARIABLE_ASSIGNMENT|[14]|this.faciltyOptions|[]|0x7dec25f
07:40:26.0 (307574466)|STATEMENT_EXECUTE|[54]
07:40:26.0 (307579612)|HEAP_ALLOCATE|[54]|Bytes:4
07:40:26.0 (307630685)|VARIABLE_ASSIGNMENT|[EXTERNAL]|this|{"faciltyOptions":"0x784fc3e3","insrncBnftOptions":"0x1a48d3bb","isIop":false,"isTalbott":false,"oppId":"","ptntInsrnceOptions":"0x4359c3b7","ptntInsrncObj":"0x1485f51a","quoteObj":"0x5f01be3f","sObjectQueryStr":"","wrprObj":"0x301f8680"}|0x7dec25f
07:40:26.0 (307646625)|HEAP_ALLOCATE|[EXTERNAL]|Bytes:4
07:40:26.0 (307650815)|VARIABLE_ASSIGNMENT|[EXTERNAL]|value|[]|0x3f5106ea
07:40:26.0 (307657893)|VARIABLE_ASSIGNMENT|[15]|this.fcltyPrgrmOptions|[]|0x7dec25f
07:40:26.0 (307664348)|STATEMENT_EXECUTE|[55]
07:40:26.0 (307669115)|HEAP_ALLOCATE|[55]|Bytes:4
07:40:26.0 (307687305)|HEAP_ALLOCATE|[EXTERNAL]|Bytes:4
07:40:26.0 (307692038)|VARIABLE_ASSIGNMENT|[55]|this.rtAdjstmntOptions|[]|0x7dec25f
07:40:26.0 (307696003)|STATEMENT_EXECUTE|[56]
07:40:26.0 (307707372)|HEAP_ALLOCATE|[56]|Bytes:4
07:40:26.0 (307723518)|VARIABLE_ASSIGNMENT|[56]|this.idToOwnershipFacilityMap|{}|0x7dec25f
07:40:26.0 (307727705)|STATEMENT_EXECUTE|[57]
07:40:26.0 (307732732)|HEAP_ALLOCATE|[57]|Bytes:4
07:40:26.0 (307739502)|VARIABLE_ASSIGNMENT|[57]|this.idToTypeFacilityMap|{}|0x7dec25f
07:40:26.0 (307743763)|STATEMENT_EXECUTE|[58]
07:40:26.0 (307756535)|HEAP_ALLOCATE|[58]|Bytes:4
07:40:26.0 (307780294)|VARIABLE_ASSIGNMENT|[58]|this.insrncBnftMap|{}|0x7dec25f
07:40:26.0 (307784604)|STATEMENT_EXECUTE|[59]
07:40:26.0 (307798661)|HEAP_ALLOCATE|[59]|Bytes:4
07:40:26.0 (307851860)|VARIABLE_ASSIGNMENT|[59]|this.estmtCvrgeDaysObj|{}|0x7dec25f
07:40:26.0 (307857188)|STATEMENT_EXECUTE|[60]
07:40:26.0 (307866856)|HEAP_ALLOCATE|[60]|Bytes:4
07:40:26.0 (307879931)|VARIABLE_ASSIGNMENT|[60]|this.pawObj|{}|0x7dec25f
07:40:26.0 (307884057)|STATEMENT_EXECUTE|[61]
07:40:26.0 (307950739)|HEAP_ALLOCATE|[61]|Bytes:39
07:40:26.0 (307984504)|HEAP_ALLOCATE|[61]|Bytes:17
07:40:26.0 (308003151)|HEAP_ALLOCATE|[61]|Bytes:2
07:40:26.0 (308084575)|VARIABLE_ASSIGNMENT|[EXTERNAL]|this|{"estmtCvrgeDaysObj":"0x34cea3a7","faciltyOptions":"0x784fc3e3","fcltyPrgrmOptions":"0x3f5106ea","idToOwnershipFacilit (4 more) ...":"0x11920053","idToTypeFacilityMap":"0x26c322dd","insrncBnftMap":"0x55de9687","insrncBnftOptions":"0x1a48d3bb","isIop":false,"isTalbott":false,"oppId":"","pawObj":"0x144cd400","ptntInsrnceOptions":"0x4359c3b7","ptntInsrncObj":"0x1485f51a","quoteObj":"0x5f01be3f","rtAdjstmntOptions":"0x15ddde42","sObjectQueryStr":"","wrprObj":"0x301f8680"}|0x7dec25f
07:40:26.0 (308097487)|VARIABLE_ASSIGNMENT|[EXTERNAL]|value|"00629000004NTeZ"
07:40:26.0 (308105085)|VARIABLE_ASSIGNMENT|[7]|this.recordId|"00629000004NTeZ"|0x7dec25f
07:40:26.0 (308111821)|STATEMENT_EXECUTE|[62]
07:40:26.0 (308127487)|HEAP_ALLOCATE|[62]|Bytes:39
07:40:26.0 (308144934)|HEAP_ALLOCATE|[62]|Bytes:17
07:40:26.0 (308157114)|HEAP_ALLOCATE|[62]|Bytes:5
07:40:26.0 (308171255)|VARIABLE_ASSIGNMENT|[62]|this.isClone|null|0x7dec25f
07:40:26.0 (308175241)|STATEMENT_EXECUTE|[63]
07:40:26.0 (308186173)|HEAP_ALLOCATE|[63]|Bytes:39
07:40:26.0 (308199434)|HEAP_ALLOCATE|[63]|Bytes:17
07:40:26.0 (308209648)|HEAP_ALLOCATE|[63]|Bytes:7
07:40:26.0 (308221975)|VARIABLE_ASSIGNMENT|[63]|this.quoteId|null|0x7dec25f
07:40:26.0 (308226162)|STATEMENT_EXECUTE|[64]
07:40:26.0 (308230588)|HEAP_ALLOCATE|[64]|Bytes:160
07:40:26.0 (308237759)|HEAP_ALLOCATE|[64]|Bytes:11
07:40:26.0 (308248677)|HEAP_ALLOCATE|[64]|Bytes:44
07:40:26.0 (308260895)|CONSTRUCTOR_ENTRY|[64]|01p29000000Aswe|<init>()
07:40:26.0 (308276459)|VARIABLE_SCOPE_BEGIN|[12]|this|PAW_Editor_YearEndController.MetaData|true|false
07:40:26.0 (308307702)|VARIABLE_ASSIGNMENT|[12]|this|{}|0x79e22b2a
07:40:26.0 (308320645)|STATEMENT_EXECUTE|[12]
07:40:26.0 (308322008)|STATEMENT_EXECUTE|[13]
07:40:26.0 (308322895)|STATEMENT_EXECUTE|[14]
07:40:26.0 (308323713)|STATEMENT_EXECUTE|[15]
07:40:26.0 (308324494)|STATEMENT_EXECUTE|[16]
07:40:26.0 (308325275)|STATEMENT_EXECUTE|[17]
07:40:26.0 (308326035)|STATEMENT_EXECUTE|[18]
07:40:26.0 (308326828)|STATEMENT_EXECUTE|[19]
07:40:26.0 (308327612)|STATEMENT_EXECUTE|[20]
07:40:26.0 (308328374)|STATEMENT_EXECUTE|[21]
07:40:26.0 (308329235)|STATEMENT_EXECUTE|[22]
07:40:26.0 (308331628)|CONSTRUCTOR_EXIT|[64]|01p29000000Aswe|<init>()
07:40:26.0 (308387963)|VARIABLE_ASSIGNMENT|[EXTERNAL]|this|{"estmtCvrgeDaysObj":"0x34cea3a7","faciltyOptions":"0x784fc3e3","fcltyPrgrmOptions":"0x3f5106ea","idToOwnershipFacilit (4 more) ...":"0x11920053","idToTypeFacilityMap":"0x26c322dd","insrncBnftMap":"0x55de9687","insrncBnftOptions":"0x1a48d3bb","isIop":false,"isTalbott":false,"oppId":"","pawObj":"0x144cd400","ptntInsrnceOptions":"0x4359c3b7","ptntInsrncObj":"0x1485f51a","quoteObj":"0x5f01be3f","recordId":"00629000004NTeZ","rtAdjstmntOptions":"0x15ddde42","sObjectQueryStr":"","wrprObj":"0x301f8680"}|0x7dec25f
07:40:26.0 (308409690)|VARIABLE_ASSIGNMENT|[EXTERNAL]|value|{}|0x79e22b2a
07:40:26.0 (308417133)|VARIABLE_ASSIGNMENT|[37]|this.meta|0x79e22b2a|0x7dec25f
07:40:26.0 (312749651)|HEAP_ALLOCATE|[EXTERNAL]|Bytes:112
07:40:26.0 (313084237)|VARIABLE_SCOPE_BEGIN|[69]|this|PAW_New_EditCntrllr|true|false
07:40:26.0 (313146635)|VARIABLE_ASSIGNMENT|[69]|this|{"estmtCvrgeDaysObj":"0x34cea3a7","faciltyOptions":"0x784fc3e3","fcltyPrgrmOptions":"0x3f5106ea","idToOwnershipFacilit (4 more) ...":"0x11920053","idToTypeFacilityMap":"0x26c322dd","insrncBnftMap":"0x55de9687","insrncBnftOptions":"0x1a48d3bb","isIop":false,"isTalbott":false,"meta":"0x79e22b2a","oppId":"","pawObj":"0x144cd400","ptntInsrnceOptions":"0x4359c3b7","ptntInsrncObj":"0x1485f51a","quoteObj":"0x5f01be3f","recordId":"00629000004NTeZ","rtAdjstmntOptions":"0x15ddde42","sObjectQueryStr":"","wrprObj":"0x301f8680"}|0x7dec25f
07:40:26.0 (313162295)|STATEMENT_EXECUTE|[69]
07:40:26.0 (313163688)|STATEMENT_EXECUTE|[71]
07:40:26.0 (313167192)|HEAP_ALLOCATE|[71]|Bytes:5
07:40:26.0 (313193976)|USER_DEBUG|[71]|DEBUG|>>> 1
07:40:26.0 (313207453)|STATEMENT_EXECUTE|[72]
07:40:26.0 (313269728)|VARIABLE_ASSIGNMENT|[EXTERNAL]|this|{"estmtCvrgeDaysObj":"0x34cea3a7","faciltyOptions":"0x784fc3e3","fcltyPrgrmOptions":"0x3f5106ea","idToOwnershipFacilit (4 more) ...":"0x11920053","idToTypeFacilityMap":"0x26c322dd","insrncBnftMap":"0x55de9687","insrncBnftOptions":"0x1a48d3bb","isIop":false,"isTalbott":false,"meta":"0x79e22b2a","oppId":"","pawObj":"0x144cd400","ptntInsrnceOptions":"0x4359c3b7","ptntInsrncObj":"0x1485f51a","quoteObj":"0x5f01be3f","recordId":"00629000004NTeZ","rtAdjstmntOptions":"0x15ddde42","sObjectQueryStr":"","wrprObj":"0x301f8680"}|0x7dec25f
07:40:26.0 (313326028)|VARIABLE_ASSIGNMENT|[EXTERNAL]|this|{"estmtCvrgeDaysObj":"0x34cea3a7","faciltyOptions":"0x784fc3e3","fcltyPrgrmOptions":"0x3f5106ea","idToOwnershipFacilit (4 more) ...":"0x11920053","idToTypeFacilityMap":"0x26c322dd","insrncBnftMap":"0x55de9687","insrncBnftOptions":"0x1a48d3bb","isIop":false,"isTalbott":false,"meta":"0x79e22b2a","oppId":"","pawObj":"0x144cd400","ptntInsrnceOptions":"0x4359c3b7","ptntInsrncObj":"0x1485f51a","quoteObj":"0x5f01be3f","recordId":"00629000004NTeZ","rtAdjstmntOptions":"0x15ddde42","sObjectQueryStr":"","wrprObj":"0x301f8680"}|0x7dec25f
07:40:26.0 (313352869)|STATEMENT_EXECUTE|[79]
07:40:26.0 (313399068)|VARIABLE_ASSIGNMENT|[EXTERNAL]|this|{"estmtCvrgeDaysObj":"0x34cea3a7","faciltyOptions":"0x784fc3e3","fcltyPrgrmOptions":"0x3f5106ea","idToOwnershipFacilit (4 more) ...":"0x11920053","idToTypeFacilityMap":"0x26c322dd","insrncBnftMap":"0x55de9687","insrncBnftOptions":"0x1a48d3bb","isIop":false,"isTalbott":false,"meta":"0x79e22b2a","oppId":"","pawObj":"0x144cd400","ptntInsrnceOptions":"0x4359c3b7","ptntInsrncObj":"0x1485f51a","quoteObj":"0x5f01be3f","recordId":"00629000004NTeZ","rtAdjstmntOptions":"0x15ddde42","sObjectQueryStr":"","wrprObj":"0x301f8680"}|0x7dec25f
07:40:26.0 (313416112)|HEAP_ALLOCATE|[81]|Bytes:11
07:40:26.0 (313897295)|HEAP_ALLOCATE|[81]|Bytes:4
07:40:26.0 (313926948)|HEAP_ALLOCATE|[81]|Bytes:3
07:40:26.0 (313958588)|STATEMENT_EXECUTE|[81]
07:40:26.0 (313960162)|STATEMENT_EXECUTE|[82]
07:40:26.0 (314040813)|VARIABLE_ASSIGNMENT|[EXTERNAL]|this|{"estmtCvrgeDaysObj":"0x34cea3a7","faciltyOptions":"0x784fc3e3","fcltyPrgrmOptions":"0x3f5106ea","idToOwnershipFacilit (4 more) ...":"0x11920053","idToTypeFacilityMap":"0x26c322dd","insrncBnftMap":"0x55de9687","insrncBnftOptions":"0x1a48d3bb","isIop":false,"isTalbott":false,"meta":"0x79e22b2a","oppId":"","pawObj":"0x144cd400","ptntInsrnceOptions":"0x4359c3b7","ptntInsrncObj":"0x1485f51a","quoteObj":"0x5f01be3f","recordId":"00629000004NTeZ","rtAdjstmntOptions":"0x15ddde42","sObjectQueryStr":"","wrprObj":"0x301f8680"}|0x7dec25f
07:40:26.0 (314057385)|VARIABLE_ASSIGNMENT|[EXTERNAL]|value|false
07:40:26.0 (314063566)|HEAP_ALLOCATE|[31]|Bytes:5
07:40:26.0 (314070719)|VARIABLE_ASSIGNMENT|[31]|this.showPILookup|false|0x7dec25f
07:40:26.0 (314078589)|STATEMENT_EXECUTE|[83]
07:40:26.0 (314142274)|VARIABLE_ASSIGNMENT|[EXTERNAL]|this|{"estmtCvrgeDaysObj":"0x34cea3a7","faciltyOptions":"0x784fc3e3","fcltyPrgrmOptions":"0x3f5106ea","idToOwnershipFacilit (4 more) ...":"0x11920053","idToTypeFacilityMap":"0x26c322dd","insrncBnftMap":"0x55de9687","insrncBnftOptions":"0x1a48d3bb","isIop":false,"isTalbott":false,"meta":"0x79e22b2a","oppId":"","pawObj":"0x144cd400","ptntInsrnceOptions":"0x4359c3b7","ptntInsrncObj":"0x1485f51a","quoteObj":"0x5f01be3f","recordId":"00629000004NTeZ","rtAdjstmntOptions":"0x15ddde42","showPILookup":false,"sObjectQueryStr":"","wrprObj":"0x301f8680"}|0x7dec25f
07:40:26.0 (314161605)|VARIABLE_ASSIGNMENT|[83]|this.oppId|"00629000004NTeZ"|0x7dec25f
07:40:26.0 (314166568)|STATEMENT_EXECUTE|[84]
07:40:26.0 (314193934)|METHOD_ENTRY|[84]|01p0a000004sKzV|PAW_New_EditCntrllr.getPtntInsrnceOptions()
07:40:26.0 (314265805)|VARIABLE_SCOPE_BEGIN|[186]|this|PAW_New_EditCntrllr|true|false
07:40:26.0 (314316891)|VARIABLE_ASSIGNMENT|[186]|this|{"estmtCvrgeDaysObj":"0x34cea3a7","faciltyOptions":"0x784fc3e3","fcltyPrgrmOptions":"0x3f5106ea","idToOwnershipFacilit (4 more) ...":"0x11920053","idToTypeFacilityMap":"0x26c322dd","insrncBnftMap":"0x55de9687","insrncBnftOptions":"0x1a48d3bb","isIop":false,"isTalbott":false,"meta":"0x79e22b2a","oppId":"00629000004NTeZ","pawObj":"0x144cd400","ptntInsrnceOptions":"0x4359c3b7","ptntInsrncObj":"0x1485f51a","quoteObj":"0x5f01be3f","recordId":"00629000004NTeZ","rtAdjstmntOptions":"0x15ddde42","showPILookup":false,"sObjectQueryStr":"","wrprObj":"0x301f8680"}|0x7dec25f
07:40:26.0 (314329030)|STATEMENT_EXECUTE|[186]
07:40:26.0 (314330365)|STATEMENT_EXECUTE|[190]
07:40:26.0 (314339119)|HEAP_ALLOCATE|[190]|Bytes:4
07:40:26.0 (314373142)|HEAP_ALLOCATE|[EXTERNAL]|Bytes:4
07:40:26.0 (314380553)|VARIABLE_ASSIGNMENT|[190]|this.ptntInsrnceOptions|[]|0x7dec25f
07:40:26.0 (314385824)|STATEMENT_EXECUTE|[191]
07:40:26.0 (314393418)|HEAP_ALLOCATE|[191]|Bytes:12
07:40:26.0 (314445713)|HEAP_ALLOCATE|[EXTERNAL]|Bytes:4
07:40:26.0 (314452597)|STATEMENT_EXECUTE|[192]
07:40:26.0 (314471420)|HEAP_ALLOCATE|[192]|Bytes:4
07:40:26.0 (314476443)|HEAP_ALLOCATE|[192]|Bytes:95
07:40:26.0 (314485390)|HEAP_ALLOCATE|[192]|Bytes:4
07:40:26.0 (314494231)|HEAP_ALLOCATE|[192]|Bytes:7
07:40:26.0 (314727236)|SOQL_EXECUTE_BEGIN|[192]|Aggregations:0|SELECT Id, Name, Insurance_Company__c FROM Patient_Insurance__c WHERE Opportunity__c = :tmpVar1
07:40:26.0 (318629059)|SOQL_EXECUTE_END|[192]|Rows:4
07:40:26.0 (318648668)|HEAP_ALLOCATE|[192]|Bytes:20
07:40:26.0 (318672397)|HEAP_ALLOCATE|[192]|Bytes:449
07:40:26.0 (318712417)|HEAP_ALLOCATE|[192]|Bytes:20
07:40:26.0 (318739951)|HEAP_ALLOCATE|[192]|Bytes:16
07:40:26.0 (318749246)|HEAP_ALLOCATE|[192]|Bytes:4
07:40:26.0 (318753441)|HEAP_ALLOCATE|[192]|Bytes:16
07:40:26.0 (318757159)|HEAP_ALLOCATE|[192]|Bytes:4
07:40:26.0 (318759641)|HEAP_ALLOCATE|[192]|Bytes:16
07:40:26.0 (318763077)|HEAP_ALLOCATE|[192]|Bytes:4
07:40:26.0 (318765696)|HEAP_ALLOCATE|[192]|Bytes:16
07:40:26.0 (318768732)|HEAP_ALLOCATE|[192]|Bytes:4
07:40:26.0 (318802035)|VARIABLE_ASSIGNMENT|[192]|this.ptntInsrncMap|{"a1b29000000l40nAAA":{"Id":"a1b29000000l40nAAA","Name":"Maria Johnson - BCBS (17 more) ...","Insurance_Company__c":"0012900000AXSPBAA5"},"a1b29000000lvHQAAY":{"Id":"a1b29000000lvHQAAY","Name":"Maria Johnson - Valu (23 more) ...","Insurance_Company__c":"0012900000AXSP3AAP"},"a1b29000000lvHVAAY":{"Id":"a1b29000000lvHVAAY","Name":"Maria Johnson - Priv (7 more) ...","Insurance_Company__c":"0012900000AXSDqAAP"},"a1b29000000ly7uAAA":{"Id":"a1b29000000ly7uAAA","Name":"Maria Johnson - Alle (6 more) ...","Insurance_Company__c":"0012900000AXSlPAAX"}}|0x7dec25f
07:40:26.0 (318845232)|HEAP_ALLOCATE|[EXTERNAL]|Bytes:20
07:40:26.0 (318856171)|HEAP_ALLOCATE|[197]|Bytes:465
07:40:26.0 (319020771)|HEAP_ALLOCATE|[197]|Bytes:5
07:40:26.0 (319034999)|HEAP_ALLOCATE|[197]|Bytes:16
07:40:26.0 (319043086)|VARIABLE_SCOPE_BEGIN|[197]|ptntInsrnceInstance|Patient_Insurance__c|true|false
07:40:26.0 (319058664)|VARIABLE_ASSIGNMENT|[197]|ptntInsrnceInstance|{"Id":"a1b29000000l40nAAA","Name":"Maria Johnson - BCBS (17 more) ...","Insurance_Company__c":"0012900000AXSPBAA5"}|0x3129d00d
07:40:26.0 (319065539)|STATEMENT_EXECUTE|[197]
07:40:26.0 (319066932)|STATEMENT_EXECUTE|[198]
07:40:26.0 (319109391)|HEAP_ALLOCATE|[198]|Bytes:18
07:40:26.0 (319159956)|HEAP_ALLOCATE|[EXTERNAL]|Bytes:4
07:40:26.0 (319172992)|HEAP_ALLOCATE|[197]|Bytes:5
07:40:26.0 (319181205)|HEAP_ALLOCATE|[197]|Bytes:16
07:40:26.0 (319186628)|VARIABLE_SCOPE_BEGIN|[197]|ptntInsrnceInstance|Patient_Insurance__c|true|false
07:40:26.0 (319199679)|VARIABLE_ASSIGNMENT|[197]|ptntInsrnceInstance|{"Id":"a1b29000000lvHQAAY","Name":"Maria Johnson - Valu (23 more) ...","Insurance_Company__c":"0012900000AXSP3AAP"}|0x7ac1034c
07:40:26.0 (319204644)|STATEMENT_EXECUTE|[197]
07:40:26.0 (319205765)|STATEMENT_EXECUTE|[198]
07:40:26.0 (319214566)|HEAP_ALLOCATE|[198]|Bytes:18
07:40:26.0 (319225724)|HEAP_ALLOCATE|[EXTERNAL]|Bytes:4
07:40:26.0 (319233854)|HEAP_ALLOCATE|[197]|Bytes:5
07:40:26.0 (319240105)|HEAP_ALLOCATE|[197]|Bytes:16
07:40:26.0 (319244569)|VARIABLE_SCOPE_BEGIN|[197]|ptntInsrnceInstance|Patient_Insurance__c|true|false
07:40:26.0 (319255619)|VARIABLE_ASSIGNMENT|[197]|ptntInsrnceInstance|{"Id":"a1b29000000lvHVAAY","Name":"Maria Johnson - Priv (7 more) ...","Insurance_Company__c":"0012900000AXSDqAAP"}|0x1e52228f
07:40:26.0 (319259875)|STATEMENT_EXECUTE|[197]
07:40:26.0 (319260865)|STATEMENT_EXECUTE|[198]
07:40:26.0 (319265901)|HEAP_ALLOCATE|[198]|Bytes:18
07:40:26.0 (319273483)|HEAP_ALLOCATE|[EXTERNAL]|Bytes:4
07:40:26.0 (319280255)|HEAP_ALLOCATE|[197]|Bytes:5
07:40:26.0 (319286063)|HEAP_ALLOCATE|[197]|Bytes:16
07:40:26.0 (319290092)|VARIABLE_SCOPE_BEGIN|[197]|ptntInsrnceInstance|Patient_Insurance__c|true|false
07:40:26.0 (319300104)|VARIABLE_ASSIGNMENT|[197]|ptntInsrnceInstance|{"Id":"a1b29000000ly7uAAA","Name":"Maria Johnson - Alle (6 more) ...","Insurance_Company__c":"0012900000AXSlPAAX"}|0x7f637789
07:40:26.0 (319304643)|STATEMENT_EXECUTE|[197]
07:40:26.0 (319305552)|STATEMENT_EXECUTE|[198]
07:40:26.0 (319310035)|HEAP_ALLOCATE|[198]|Bytes:18
07:40:26.0 (319317316)|HEAP_ALLOCATE|[EXTERNAL]|Bytes:4
07:40:26.0 (319324438)|HEAP_ALLOCATE|[197]|Bytes:5
07:40:26.0 (319331838)|VARIABLE_ASSIGNMENT|[197]|ptntInsrnceInstance|null|
07:40:26.0 (319335970)|STATEMENT_EXECUTE|[201]
07:40:26.0 (319342292)|METHOD_EXIT|[84]|01p0a000004sKzV|PAW_New_EditCntrllr.getPtntInsrnceOptions()
07:40:26.0 (319412367)|VARIABLE_ASSIGNMENT|[EXTERNAL]|this|{"estmtCvrgeDaysObj":"0x34cea3a7","faciltyOptions":"0x784fc3e3","fcltyPrgrmOptions":"0x3f5106ea","idToOwnershipFacilit (4 more) ...":"0x11920053","idToTypeFacilityMap":"0x26c322dd","insrncBnftMap":"0x55de9687","insrncBnftOptions":"0x1a48d3bb","isIop":false,"isTalbott":false,"meta":"0x79e22b2a","oppId":"00629000004NTeZ","pawObj":"0x144cd400","ptntInsrnceOptions":"0x6901212e","ptntInsrncMap":"0x7c0afdb2","ptntInsrncObj":"0x1485f51a","quoteObj":"0x5f01be3f","recordId":"00629000004NTeZ","rtAdjstmntOptions":"0x15ddde42","showPILookup":false,"sObjectQueryStr":"","wrprObj":"0x301f8680"}|0x7dec25f
07:40:26.0 (319430299)|HEAP_ALLOCATE|[86]|Bytes:26
07:40:26.0 (319534026)|HEAP_ALLOCATE|[86]|Bytes:4
07:40:26.0 (319550130)|HEAP_ALLOCATE|[86]|Bytes:3
07:40:26.0 (319569866)|STATEMENT_EXECUTE|[86]
07:40:26.0 (319571932)|STATEMENT_EXECUTE|[156]
07:40:26.0 (319581393)|METHOD_ENTRY|[156]|01p0a000004sKzV|PAW_New_EditCntrllr.getRedirect()
07:40:26.0 (319638391)|VARIABLE_SCOPE_BEGIN|[159]|this|PAW_New_EditCntrllr|true|false
07:40:26.0 (319695970)|VARIABLE_ASSIGNMENT|[159]|this|{"estmtCvrgeDaysObj":"0x34cea3a7","faciltyOptions":"0x784fc3e3","fcltyPrgrmOptions":"0x3f5106ea","idToOwnershipFacilit (4 more) ...":"0x11920053","idToTypeFacilityMap":"0x26c322dd","insrncBnftMap":"0x55de9687","insrncBnftOptions":"0x1a48d3bb","isIop":false,"isTalbott":false,"meta":"0x79e22b2a","oppId":"00629000004NTeZ","pawObj":"0x144cd400","ptntInsrnceOptions":"0x6901212e","ptntInsrncMap":"0x7c0afdb2","ptntInsrncObj":"0x1485f51a","quoteObj":"0x5f01be3f","recordId":"00629000004NTeZ","rtAdjstmntOptions":"0x15ddde42","showPILookup":false,"sObjectQueryStr":"","wrprObj":"0x301f8680"}|0x7dec25f
07:40:26.0 (319708233)|STATEMENT_EXECUTE|[159]
07:40:26.0 (319709304)|STATEMENT_EXECUTE|[160]
07:40:26.0 (319712179)|HEAP_ALLOCATE|[160]|Bytes:5
07:40:26.0 (319731954)|USER_DEBUG|[160]|DEBUG|>>> 2
07:40:26.0 (319738149)|STATEMENT_EXECUTE|[161]
07:40:26.0 (319746872)|METHOD_ENTRY|[161]|01p0a000004sKzV|PAW_New_EditCntrllr.redirectIfLocked()
07:40:26.0 (319770133)|VARIABLE_SCOPE_BEGIN|[177]|this|PAW_New_EditCntrllr|true|false
07:40:26.0 (319823458)|VARIABLE_ASSIGNMENT|[177]|this|{"estmtCvrgeDaysObj":"0x34cea3a7","faciltyOptions":"0x784fc3e3","fcltyPrgrmOptions":"0x3f5106ea","idToOwnershipFacilit (4 more) ...":"0x11920053","idToTypeFacilityMap":"0x26c322dd","insrncBnftMap":"0x55de9687","insrncBnftOptions":"0x1a48d3bb","isIop":false,"isTalbott":false,"meta":"0x79e22b2a","oppId":"00629000004NTeZ","pawObj":"0x144cd400","ptntInsrnceOptions":"0x6901212e","ptntInsrncMap":"0x7c0afdb2","ptntInsrncObj":"0x1485f51a","quoteObj":"0x5f01be3f","recordId":"00629000004NTeZ","rtAdjstmntOptions":"0x15ddde42","showPILookup":false,"sObjectQueryStr":"","wrprObj":"0x301f8680"}|0x7dec25f
07:40:26.0 (319837463)|STATEMENT_EXECUTE|[177]
07:40:26.0 (319889081)|VARIABLE_ASSIGNMENT|[EXTERNAL]|this|{"estmtCvrgeDaysObj":"0x34cea3a7","faciltyOptions":"0x784fc3e3","fcltyPrgrmOptions":"0x3f5106ea","idToOwnershipFacilit (4 more) ...":"0x11920053","idToTypeFacilityMap":"0x26c322dd","insrncBnftMap":"0x55de9687","insrncBnftOptions":"0x1a48d3bb","isIop":false,"isTalbott":false,"meta":"0x79e22b2a","oppId":"00629000004NTeZ","pawObj":"0x144cd400","ptntInsrnceOptions":"0x6901212e","ptntInsrncMap":"0x7c0afdb2","ptntInsrncObj":"0x1485f51a","quoteObj":"0x5f01be3f","recordId":"00629000004NTeZ","rtAdjstmntOptions":"0x15ddde42","showPILookup":false,"sObjectQueryStr":"","wrprObj":"0x301f8680"}|0x7dec25f
07:40:26.0 (319908603)|STATEMENT_EXECUTE|[178]
07:40:26.0 (319909721)|STATEMENT_EXECUTE|[182]
07:40:26.0 (319956035)|VARIABLE_ASSIGNMENT|[EXTERNAL]|this|{"estmtCvrgeDaysObj":"0x34cea3a7","faciltyOptions":"0x784fc3e3","fcltyPrgrmOptions":"0x3f5106ea","idToOwnershipFacilit (4 more) ...":"0x11920053","idToTypeFacilityMap":"0x26c322dd","insrncBnftMap":"0x55de9687","insrncBnftOptions":"0x1a48d3bb","isIop":false,"isTalbott":false,"meta":"0x79e22b2a","oppId":"00629000004NTeZ","pawObj":"0x144cd400","ptntInsrnceOptions":"0x6901212e","ptntInsrncMap":"0x7c0afdb2","ptntInsrncObj":"0x1485f51a","quoteObj":"0x5f01be3f","recordId":"00629000004NTeZ","rtAdjstmntOptions":"0x15ddde42","showPILookup":false,"sObjectQueryStr":"","wrprObj":"0x301f8680"}|0x7dec25f
07:40:26.0 (323731104)|VARIABLE_SCOPE_BEGIN|[4]|RecordLockUtility.isLockedFlag|Boolean|false|true
07:40:26.0 (323749555)|HEAP_ALLOCATE|[182]|Bytes:13
07:40:26.0 (323767216)|METHOD_ENTRY|[1]|01p0a000004sCDb|RecordLockUtility.RecordLockUtility()
07:40:26.0 (323772484)|STATEMENT_EXECUTE|[1]
07:40:26.0 (323775397)|STATEMENT_EXECUTE|[1]
07:40:26.0 (324108653)|SYSTEM_MODE_ENTER|false
07:40:26.0 (324119330)|HEAP_ALLOCATE|[182]|Bytes:5
07:40:26.0 (324127141)|SYSTEM_MODE_EXIT|false
07:40:26.0 (324137498)|METHOD_EXIT|[1]|RecordLockUtility
07:40:26.0 (324155325)|METHOD_ENTRY|[182]|01p0a000004sCDb|RecordLockUtility.redirectIfLocked(String)
07:40:26.0 (324163333)|VARIABLE_SCOPE_BEGIN|[29]|recordId|String|false|false
07:40:26.0 (324172708)|VARIABLE_ASSIGNMENT|[29]|recordId|"00629000004NTeZ"
07:40:26.0 (324189053)|SYSTEM_MODE_ENTER|false
07:40:26.0 (324194485)|HEAP_ALLOCATE|[30]|Bytes:5
07:40:26.0 (324198658)|STATEMENT_EXECUTE|[29]
07:40:26.0 (324199856)|STATEMENT_EXECUTE|[30]
07:40:26.0 (324211655)|HEAP_ALLOCATE|[30]|Bytes:4
07:40:26.0 (324225068)|METHOD_ENTRY|[30]|01p0a000004sCDb|RecordLockUtility.verifyIfLocked(Id)
07:40:26.0 (324259755)|VARIABLE_SCOPE_BEGIN|[14]|pRecordId|Id|false|false
07:40:26.0 (324381231)|VARIABLE_ASSIGNMENT|[14]|pRecordId|"00629000004NTeZAAW"
07:40:26.0 (324397090)|HEAP_ALLOCATE|[15]|Bytes:5
07:40:26.0 (324400802)|STATEMENT_EXECUTE|[14]
07:40:26.0 (324401949)|STATEMENT_EXECUTE|[15]
07:40:26.0 (324873875)|HEAP_ALLOCATE|[15]|Bytes:5
07:40:26.0 (324884431)|METHOD_EXIT|[30]|01p0a000004sCDb|RecordLockUtility.verifyIfLocked(Id)
07:40:26.0 (324897011)|HEAP_ALLOCATE|[30]|Bytes:5
07:40:26.0 (324907320)|VARIABLE_ASSIGNMENT|[30]|RecordLockUtility.isLockedFlag|false
07:40:26.0 (324913163)|STATEMENT_EXECUTE|[35]
07:40:26.0 (324914293)|STATEMENT_EXECUTE|[36]
07:40:26.0 (324916911)|SYSTEM_MODE_EXIT|false
07:40:26.0 (324923301)|METHOD_EXIT|[182]|01p0a000004sCDb|RecordLockUtility.redirectIfLocked(String)
07:40:26.0 (324928657)|METHOD_EXIT|[161]|01p0a000004sKzV|PAW_New_EditCntrllr.redirectIfLocked()
07:40:26.0 (324933435)|VARIABLE_SCOPE_BEGIN|[161]|redirectPR|System.PageReference|true|false
07:40:26.0 (324940879)|VARIABLE_ASSIGNMENT|[161]|redirectPR|null|
07:40:26.0 (324944327)|STATEMENT_EXECUTE|[162]
07:40:26.0 (324948341)|STATEMENT_EXECUTE|[166]
07:40:26.0 (324949222)|STATEMENT_EXECUTE|[173]
07:40:26.0 (324951633)|METHOD_EXIT|[156]|01p0a000004sKzV|PAW_New_EditCntrllr.getRedirect()
07:40:26.325 (325284390)|SYSTEM_MODE_ENTER|true
07:40:26.325 (325315011)|HEAP_ALLOCATE|[EXTERNAL]|Bytes:38
07:40:26.325 (325321131)|HEAP_ALLOCATE|[EXTERNAL]|Bytes:7
07:40:26.325 (325330154)|SYSTEM_METHOD_ENTRY|[1]|PageMessagesComponentController.PageMessagesComponentController()
07:40:26.325 (325333732)|STATEMENT_EXECUTE|[1]
07:40:26.325 (325458724)|SYSTEM_MODE_ENTER|true
07:40:26.325 (325503634)|HEAP_ALLOCATE|[EXTERNAL]|Bytes:8
07:40:26.325 (325509743)|VARIABLE_SCOPE_BEGIN|[88]|this|ApexPage.PageMessagesComponentController|true|false
07:40:26.325 (325530462)|VARIABLE_ASSIGNMENT|[88]|this|{}|0x1d449dd0
07:40:26.325 (325536846)|VARIABLE_SCOPE_BEGIN|[88]|escape|Boolean|false|false
07:40:26.325 (325542758)|VARIABLE_ASSIGNMENT|[88]|escape|null
07:40:26.325 (325664999)|SYSTEM_MODE_ENTER|true
07:40:26.325 (325691966)|HEAP_ALLOCATE|[EXTERNAL]|Bytes:8
07:40:26.325 (325698014)|VARIABLE_SCOPE_BEGIN|[2]|this|ApexPage.PageMessagesComponentController|true|false
07:40:26.325 (325712615)|VARIABLE_ASSIGNMENT|[2]|this|{}|0x1d449dd0
07:40:26.0 (326397515)|SYSTEM_MODE_ENTER|true
07:40:26.0 (326575069)|SYSTEM_MODE_ENTER|true
07:40:26.0 (326834330)|SYSTEM_MODE_ENTER|true
07:40:26.0 (331111747)|SYSTEM_MODE_ENTER|true
07:40:26.0 (331165578)|SYSTEM_MODE_ENTER|true
07:40:26.349 (349134223)|SYSTEM_MODE_ENTER|true
07:40:26.349 (349214144)|HEAP_ALLOCATE|[EXTERNAL]|Bytes:8
07:40:26.349 (349225021)|VARIABLE_SCOPE_BEGIN|[88]|this|ApexPage.PageMessagesComponentController|true|false
07:40:26.349 (349256245)|VARIABLE_ASSIGNMENT|[88]|this|{}|0x1d449dd0
07:40:26.349 (349262783)|VARIABLE_SCOPE_BEGIN|[88]|escape|Boolean|false|false
07:40:26.349 (349269220)|VARIABLE_ASSIGNMENT|[88]|escape|null
07:40:26.349 (349405805)|SYSTEM_MODE_ENTER|true
07:40:26.349 (349435292)|HEAP_ALLOCATE|[EXTERNAL]|Bytes:8
07:40:26.349 (349441706)|VARIABLE_SCOPE_BEGIN|[2]|this|ApexPage.PageMessagesComponentController|true|false
07:40:26.349 (349457376)|VARIABLE_ASSIGNMENT|[2]|this|{}|0x1d449dd0
07:40:26.0 (351801704)|SYSTEM_MODE_ENTER|true
07:40:26.0 (351837672)|HEAP_ALLOCATE|[EXTERNAL]|Bytes:112
07:40:26.0 (351844915)|VARIABLE_SCOPE_BEGIN|[186]|this|PAW_New_EditCntrllr|true|false
07:40:26.0 (351924439)|VARIABLE_ASSIGNMENT|[186]|this|{"estmtCvrgeDaysObj":"0x34cea3a7","faciltyOptions":"0x784fc3e3","fcltyPrgrmOptions":"0x3f5106ea","idToOwnershipFacilit (4 more) ...":"0x11920053","idToTypeFacilityMap":"0x26c322dd","insrncBnftMap":"0x55de9687","insrncBnftOptions":"0x1a48d3bb","isIop":false,"isTalbott":false,"meta":"0x79e22b2a","oppId":"00629000004NTeZ","pawObj":"0x144cd400","ptntInsrnceOptions":"0x6901212e","ptntInsrncMap":"0x7c0afdb2","ptntInsrncObj":"0x1485f51a","quoteObj":"0x5f01be3f","recordId":"00629000004NTeZ","rtAdjstmntOptions":"0x15ddde42","showPILookup":false,"sObjectQueryStr":"","wrprObj":"0x301f8680"}|0x7dec25f
07:40:26.0 (351941133)|STATEMENT_EXECUTE|[186]
07:40:26.0 (351942967)|STATEMENT_EXECUTE|[190]
07:40:26.0 (351955819)|HEAP_ALLOCATE|[190]|Bytes:4
07:40:26.0 (351987511)|HEAP_ALLOCATE|[EXTERNAL]|Bytes:4
07:40:26.0 (351996672)|VARIABLE_ASSIGNMENT|[190]|this.ptntInsrnceOptions|[]|0x7dec25f
07:40:26.0 (352001244)|STATEMENT_EXECUTE|[191]
07:40:26.0 (352025812)|HEAP_ALLOCATE|[EXTERNAL]|Bytes:4
07:40:26.0 (352031540)|STATEMENT_EXECUTE|[192]
07:40:26.0 (352054994)|HEAP_ALLOCATE|[192]|Bytes:4
07:40:26.0 (352064991)|HEAP_ALLOCATE|[192]|Bytes:4
07:40:26.0 (352286680)|SOQL_EXECUTE_BEGIN|[192]|Aggregations:0|SELECT Id, Name, Insurance_Company__c FROM Patient_Insurance__c WHERE Opportunity__c = :tmpVar1
07:40:26.0 (354917171)|SOQL_EXECUTE_END|[192]|Rows:4
07:40:26.0 (354937494)|HEAP_ALLOCATE|[192]|Bytes:20
07:40:26.0 (354961138)|HEAP_ALLOCATE|[192]|Bytes:449
07:40:26.0 (354990303)|HEAP_ALLOCATE|[192]|Bytes:20
07:40:26.0 (355005454)|HEAP_ALLOCATE|[192]|Bytes:16
07:40:26.0 (355015477)|HEAP_ALLOCATE|[192]|Bytes:4
07:40:26.0 (355019726)|HEAP_ALLOCATE|[192]|Bytes:16
07:40:26.0 (355023123)|HEAP_ALLOCATE|[192]|Bytes:4
07:40:26.0 (355025761)|HEAP_ALLOCATE|[192]|Bytes:16
07:40:26.0 (355029463)|HEAP_ALLOCATE|[192]|Bytes:4
07:40:26.0 (355032021)|HEAP_ALLOCATE|[192]|Bytes:16
07:40:26.0 (355035340)|HEAP_ALLOCATE|[192]|Bytes:4
07:40:26.0 (355068769)|VARIABLE_ASSIGNMENT|[192]|this.ptntInsrncMap|{"a1b29000000l40nAAA":{"Id":"a1b29000000l40nAAA","Name":"Maria Johnson - BCBS (17 more) ...","Insurance_Company__c":"0012900000AXSPBAA5"},"a1b29000000lvHQAAY":{"Id":"a1b29000000lvHQAAY","Name":"Maria Johnson - Valu (23 more) ...","Insurance_Company__c":"0012900000AXSP3AAP"},"a1b29000000lvHVAAY":{"Id":"a1b29000000lvHVAAY","Name":"Maria Johnson - Priv (7 more) ...","Insurance_Company__c":"0012900000AXSDqAAP"},"a1b29000000ly7uAAA":{"Id":"a1b29000000ly7uAAA","Name":"Maria Johnson - Alle (6 more) ...","Insurance_Company__c":"0012900000AXSlPAAX"}}|0x7dec25f
07:40:26.0 (355091083)|HEAP_ALLOCATE|[EXTERNAL]|Bytes:20
07:40:26.0 (355101578)|HEAP_ALLOCATE|[197]|Bytes:465
07:40:26.0 (355120508)|HEAP_ALLOCATE|[197]|Bytes:5
07:40:26.0 (355129671)|HEAP_ALLOCATE|[197]|Bytes:16
07:40:26.0 (355135906)|VARIABLE_SCOPE_BEGIN|[197]|ptntInsrnceInstance|Patient_Insurance__c|true|false
07:40:26.0 (355149338)|VARIABLE_ASSIGNMENT|[197]|ptntInsrnceInstance|{"Id":"a1b29000000l40nAAA","Name":"Maria Johnson - BCBS (17 more) ...","Insurance_Company__c":"0012900000AXSPBAA5"}|0x290e6de8
07:40:26.0 (355155156)|STATEMENT_EXECUTE|[197]
07:40:26.0 (355156586)|STATEMENT_EXECUTE|[198]
07:40:26.0 (355198687)|HEAP_ALLOCATE|[198]|Bytes:18
07:40:26.0 (355216031)|HEAP_ALLOCATE|[EXTERNAL]|Bytes:4
07:40:26.0 (355226279)|HEAP_ALLOCATE|[197]|Bytes:5
07:40:26.0 (355250232)|HEAP_ALLOCATE|[197]|Bytes:16
07:40:26.0 (355256447)|VARIABLE_SCOPE_BEGIN|[197]|ptntInsrnceInstance|Patient_Insurance__c|true|false
07:40:26.0 (355268220)|VARIABLE_ASSIGNMENT|[197]|ptntInsrnceInstance|{"Id":"a1b29000000lvHQAAY","Name":"Maria Johnson - Valu (23 more) ...","Insurance_Company__c":"0012900000AXSP3AAP"}|0x3aaa0c4b
07:40:26.0 (355273327)|STATEMENT_EXECUTE|[197]
07:40:26.0 (355274387)|STATEMENT_EXECUTE|[198]
07:40:26.0 (355281181)|HEAP_ALLOCATE|[198]|Bytes:18
07:40:26.0 (355307879)|HEAP_ALLOCATE|[EXTERNAL]|Bytes:4
07:40:26.0 (355317611)|HEAP_ALLOCATE|[197]|Bytes:5
07:40:26.0 (355324404)|HEAP_ALLOCATE|[197]|Bytes:16
07:40:26.0 (355328768)|VARIABLE_SCOPE_BEGIN|[197]|ptntInsrnceInstance|Patient_Insurance__c|true|false
07:40:26.0 (355339494)|VARIABLE_ASSIGNMENT|[197]|ptntInsrnceInstance|{"Id":"a1b29000000lvHVAAY","Name":"Maria Johnson - Priv (7 more) ...","Insurance_Company__c":"0012900000AXSDqAAP"}|0x7eecb98f
07:40:26.0 (355344974)|STATEMENT_EXECUTE|[197]
07:40:26.0 (355345994)|STATEMENT_EXECUTE|[198]
07:40:26.0 (355366641)|HEAP_ALLOCATE|[198]|Bytes:18
07:40:26.0 (355377160)|HEAP_ALLOCATE|[EXTERNAL]|Bytes:4
07:40:26.0 (355384971)|HEAP_ALLOCATE|[197]|Bytes:5
07:40:26.0 (355391618)|HEAP_ALLOCATE|[197]|Bytes:16
07:40:26.0 (355396063)|VARIABLE_SCOPE_BEGIN|[197]|ptntInsrnceInstance|Patient_Insurance__c|true|false
07:40:26.0 (355406205)|VARIABLE_ASSIGNMENT|[197]|ptntInsrnceInstance|{"Id":"a1b29000000ly7uAAA","Name":"Maria Johnson - Alle (6 more) ...","Insurance_Company__c":"0012900000AXSlPAAX"}|0x4920eb2e
07:40:26.0 (355411142)|STATEMENT_EXECUTE|[197]
07:40:26.0 (355412091)|STATEMENT_EXECUTE|[198]
07:40:26.0 (355417011)|HEAP_ALLOCATE|[198]|Bytes:18
07:40:26.0 (355425441)|HEAP_ALLOCATE|[EXTERNAL]|Bytes:4
07:40:26.0 (355432899)|HEAP_ALLOCATE|[197]|Bytes:5
07:40:26.0 (355440121)|VARIABLE_ASSIGNMENT|[197]|ptntInsrnceInstance|null|
07:40:26.0 (355444586)|STATEMENT_EXECUTE|[201]
07:40:26.0 (381238543)|SYSTEM_MODE_ENTER|true
07:40:26.0 (381277227)|HEAP_ALLOCATE|[EXTERNAL]|Bytes:112
07:40:26.0 (381427393)|VARIABLE_SCOPE_BEGIN|[215]|this|PAW_New_EditCntrllr|true|false
07:40:26.0 (381500096)|VARIABLE_ASSIGNMENT|[215]|this|{"estmtCvrgeDaysObj":"0x34cea3a7","faciltyOptions":"0x784fc3e3","fcltyPrgrmOptions":"0x3f5106ea","idToOwnershipFacilit (4 more) ...":"0x11920053","idToTypeFacilityMap":"0x26c322dd","insrncBnftMap":"0x55de9687","insrncBnftOptions":"0x1a48d3bb","isIop":false,"isTalbott":false,"meta":"0x79e22b2a","oppId":"00629000004NTeZ","pawObj":"0x144cd400","ptntInsrnceOptions":"0x63f2bcd7","ptntInsrncMap":"0x2fd317af","ptntInsrncObj":"0x1485f51a","quoteObj":"0x5f01be3f","recordId":"00629000004NTeZ","rtAdjstmntOptions":"0x15ddde42","showPILookup":false,"sObjectQueryStr":"","wrprObj":"0x301f8680"}|0x7dec25f
07:40:26.0 (381515786)|STATEMENT_EXECUTE|[215]
07:40:26.0 (381517198)|STATEMENT_EXECUTE|[216]
07:40:26.0 (381561304)|STATEMENT_EXECUTE|[217]
07:40:26.0 (381609019)|HEAP_ALLOCATE|[EXTERNAL]|Bytes:4
07:40:26.0 (381684371)|VARIABLE_ASSIGNMENT|[EXTERNAL]|this|{"estmtCvrgeDaysObj":"0x34cea3a7","faciltyOptions":"0x784fc3e3","fcltyPrgrmOptions":"0x3f5106ea","idToOwnershipFacilit (4 more) ...":"0x11920053","idToTypeFacilityMap":"0x26c322dd","insrncBnftMap":"0x55de9687","insrncBnftOptions":"0x1a48d3bb","isIop":false,"isTalbott":false,"meta":"0x79e22b2a","oppId":"00629000004NTeZ","pawObj":"0x144cd400","ptntInsrnceOptions":"0x63f2bcd7","ptntInsrncMap":"0x2fd317af","ptntInsrncObj":"0x1485f51a","quoteObj":"0x5f01be3f","recordId":"00629000004NTeZ","rtAdjstmntOptions":"0x15ddde42","showPILookup":false,"sObjectQueryStr":"","wrprObj":"0x301f8680"}|0x7dec25f
07:40:26.0 (381701428)|STATEMENT_EXECUTE|[218]
07:40:26.0 (381702628)|STATEMENT_EXECUTE|[219]
07:40:26.0 (381725122)|HEAP_ALLOCATE|[219]|Bytes:4
07:40:26.0 (381731627)|HEAP_ALLOCATE|[219]|Bytes:1083
07:40:26.0 (381739958)|HEAP_ALLOCATE|[219]|Bytes:4
07:40:26.0 (381800836)|VARIABLE_ASSIGNMENT|[EXTERNAL]|this|{"estmtCvrgeDaysObj":"0x34cea3a7","faciltyOptions":"0x784fc3e3","fcltyPrgrmOptions":"0x3f5106ea","idToOwnershipFacilit (4 more) ...":"0x11920053","idToTypeFacilityMap":"0x26c322dd","insrncBnftMap":"0x55de9687","insrncBnftOptions":"0x1a48d3bb","isIop":false,"isTalbott":false,"meta":"0x79e22b2a","oppId":"00629000004NTeZ","pawObj":"0x144cd400","ptntInsrnceOptions":"0x63f2bcd7","ptntInsrncMap":"0x2fd317af","ptntInsrncObj":"0x1485f51a","quoteObj":"0x5f01be3f","recordId":"00629000004NTeZ","rtAdjstmntOptions":"0x15ddde42","showPILookup":false,"sObjectQueryStr":"","wrprObj":"0x301f8680"}|0x7dec25f
07:40:26.0 (382543833)|SOQL_EXECUTE_BEGIN|[219]|Aggregations:0|SELECT Id, Name, RecordType.Name, Uncovered_Charges__c, Patient_Insurance__r.Accepts_Assignment_of_Benefits__c, Patient_Insurance__r.Opportunity__c, Patient_Insurance__r.Accreditation__c, Patient_Insurance__r.Insurance_Company__r.Name, PHP_Admit_Co_Payment__c, Detox_Admit_Co_Payment__c, RTC_Admit_Co_Payment__c, Deductible__c, Deductible_Met__c, IOP_Admit_Co_Payment__c, Max_Out_of_Pocket_Remaining__c, Insurance_Company_is_Out_of_Network__c, Annual_Max_Remaining__c, Deductible_Remaining__c, Detox_Pays_at__c, Detox_Over__c, RTC_Pays_at__c, Residential_Treatment_Override__c, PHP_Pays_at__c, Partial_Hospitalization_Override__c, IOP_Pays_at__c, Intensive_Outpatient_Override__c, Num_Days_Uncovered__c, Num_Days_Room__c, Uncovered_Days_Rate__c, Room_and_Board_Days_Rate__c, Uncovered_Days_Override__c, Room_and_Board_Days_Override__c, Deductible_Included_in_OOP__c, Uncovered_Days__c, Lifetime_Max__c, Lifetime_Max_Met__c, Annual_Max__c, Annual_Max_Met__c, Max_Out_of_Pocket__c, Max_Out_of_Pocket_Met__c, Co_Pay_Met__c FROM Insurance_Benefit__c WHERE Patient_Insurance__c = :tmpVar1
07:40:26.0 (385895611)|SOQL_EXECUTE_END|[219]|Rows:0
07:40:26.0 (385917350)|HEAP_ALLOCATE|[219]|Bytes:4
07:40:26.0 (385931046)|HEAP_ALLOCATE|[219]|Bytes:0
07:40:26.0 (385982175)|HEAP_ALLOCATE|[219]|Bytes:4
07:40:26.0 (386010915)|VARIABLE_ASSIGNMENT|[219]|this.insrncBnftMap|{}|0x7dec25f
07:40:26.0 (386044772)|HEAP_ALLOCATE|[EXTERNAL]|Bytes:4
07:40:26.0 (386050282)|HEAP_ALLOCATE|[263]|Bytes:4
07:40:26.0 (386182129)|HEAP_ALLOCATE|[263]|Bytes:5
07:40:26.0 (386195110)|VARIABLE_ASSIGNMENT|[263]|insrncBnftInstance|null|
07:40:26.0 (386199673)|STATEMENT_EXECUTE|[263]
07:40:26.0 (386278988)|VARIABLE_ASSIGNMENT|[EXTERNAL]|this|{"estmtCvrgeDaysObj":"0x34cea3a7","faciltyOptions":"0x784fc3e3","fcltyPrgrmOptions":"0x3f5106ea","idToOwnershipFacilit (4 more) ...":"0x11920053","idToTypeFacilityMap":"0x26c322dd","insrncBnftMap":"0x922b56e","insrncBnftOptions":"0x1a48d3bb","isIop":false,"isTalbott":false,"meta":"0x79e22b2a","oppId":"00629000004NTeZ","pawObj":"0x144cd400","ptntInsrnceOptions":"0x63f2bcd7","ptntInsrncMap":"0x2fd317af","ptntInsrncObj":"0x1485f51a","quoteObj":"0x5f01be3f","recordId":"00629000004NTeZ","rtAdjstmntOptions":"0x15ddde42","showPILookup":false,"sObjectQueryStr":"","wrprObj":"0x301f8680"}|0x7dec25f
07:40:26.0 (386353031)|VARIABLE_ASSIGNMENT|[EXTERNAL]|this|{"facilitySelected":"","fcltyPrgrmSelected":"","insrncBnft":"0xbf2da4f","insrncBnftSelected":"","pawDetailListDisplay (4 more) ...":false,"pyAgrmntWrksht":"0x265bdfdf","rateAdjstmntSelected":"","relatedPAWDetailsLis (1 more) ...":"0xebcc8ae","targetEDR":0.00,"totalAppliedDeductib (2 more) ...":0.00,"totalCoInsurance":0.00,"totalCoPayAmt":0.00,"totalInsCoResp":0.00,"totalInsEIVAmt":0.00,"totalRowCount":0,"totalTalbottDay":0.00}|0x301f8680
07:40:26.0 (386410995)|VARIABLE_ASSIGNMENT|[EXTERNAL]|this|{"estmtCvrgeDaysObj":"0x34cea3a7","faciltyOptions":"0x784fc3e3","fcltyPrgrmOptions":"0x3f5106ea","idToOwnershipFacilit (4 more) ...":"0x11920053","idToTypeFacilityMap":"0x26c322dd","insrncBnftMap":"0x922b56e","insrncBnftOptions":"0x1a48d3bb","isIop":false,"isTalbott":false,"meta":"0x79e22b2a","oppId":"00629000004NTeZ","pawObj":"0x144cd400","ptntInsrnceOptions":"0x63f2bcd7","ptntInsrncMap":"0x2fd317af","ptntInsrncObj":"0x1485f51a","quoteObj":"0x5f01be3f","recordId":"00629000004NTeZ","rtAdjstmntOptions":"0x15ddde42","showPILookup":false,"sObjectQueryStr":"","wrprObj":"0x301f8680"}|0x7dec25f
07:40:26.0 (386456732)|VARIABLE_ASSIGNMENT|[EXTERNAL]|this|{"facilitySelected":"","fcltyPrgrmSelected":"","insrncBnft":"0xbf2da4f","insrncBnftSelected":"","pawDetailListDisplay (4 more) ...":false,"pyAgrmntWrksht":"0x265bdfdf","rateAdjstmntSelected":"","relatedPAWDetailsLis (1 more) ...":"0xebcc8ae","targetEDR":0.00,"totalAppliedDeductib (2 more) ...":0.00,"totalCoInsurance":0.00,"totalCoPayAmt":0.00,"totalInsCoResp":0.00,"totalInsEIVAmt":0.00,"totalRowCount":0,"totalTalbottDay":0.00}|0x301f8680
07:40:26.0 (386480606)|STATEMENT_EXECUTE|[269]
07:40:26.0 (386482021)|STATEMENT_EXECUTE|[270]
07:40:26.0 (386532077)|VARIABLE_ASSIGNMENT|[EXTERNAL]|this|{"estmtCvrgeDaysObj":"0x34cea3a7","faciltyOptions":"0x784fc3e3","fcltyPrgrmOptions":"0x3f5106ea","idToOwnershipFacilit (4 more) ...":"0x11920053","idToTypeFacilityMap":"0x26c322dd","insrncBnftMap":"0x922b56e","insrncBnftOptions":"0x1a48d3bb","isIop":false,"isTalbott":false,"meta":"0x79e22b2a","oppId":"00629000004NTeZ","pawObj":"0x144cd400","ptntInsrnceOptions":"0x63f2bcd7","ptntInsrncMap":"0x2fd317af","ptntInsrncObj":"0x1485f51a","quoteObj":"0x5f01be3f","recordId":"00629000004NTeZ","rtAdjstmntOptions":"0x15ddde42","showPILookup":false,"sObjectQueryStr":"","wrprObj":"0x301f8680"}|0x7dec25f
07:40:26.0 (386576519)|VARIABLE_ASSIGNMENT|[EXTERNAL]|this|{"facilitySelected":"","fcltyPrgrmSelected":"","insrncBnft":"0xbf2da4f","insrncBnftSelected":"","pawDetailListDisplay (4 more) ...":false,"pyAgrmntWrksht":"0x265bdfdf","rateAdjstmntSelected":"","relatedPAWDetailsLis (1 more) ...":"0xebcc8ae","targetEDR":0.00,"totalAppliedDeductib (2 more) ...":0.00,"totalCoInsurance":0.00,"totalCoPayAmt":0.00,"totalInsCoResp":0.00,"totalInsEIVAmt":0.00,"totalRowCount":0,"totalTalbottDay":0.00}|0x301f8680
07:40:26.0 (386586766)|VARIABLE_ASSIGNMENT|[EXTERNAL]|value|null|
07:40:26.0 (386592560)|VARIABLE_ASSIGNMENT|[525]|this.insrncBnft|null|0x301f8680
07:40:26.0 (386599243)|STATEMENT_EXECUTE|[272]
07:40:26.0 (387277141)|SYSTEM_MODE_ENTER|true
07:40:26.0 (387495126)|SYSTEM_MODE_ENTER|true
07:40:26.0 (387524414)|HEAP_ALLOCATE|[EXTERNAL]|Bytes:112
07:40:26.0 (387625423)|VARIABLE_SCOPE_BEGIN|[379]|this|PAW_New_EditCntrllr|true|false
07:40:26.0 (387687900)|VARIABLE_ASSIGNMENT|[379]|this|{"estmtCvrgeDaysObj":"0x34cea3a7","faciltyOptions":"0x784fc3e3","fcltyPrgrmOptions":"0x3f5106ea","idToOwnershipFacilit (4 more) ...":"0x11920053","idToTypeFacilityMap":"0x26c322dd","insrncBnftMap":"0x922b56e","insrncBnftOptions":"0x1a48d3bb","isIop":false,"isTalbott":false,"meta":"0x79e22b2a","oppId":"00629000004NTeZ","pawObj":"0x144cd400","ptntInsrnceOptions":"0x63f2bcd7","ptntInsrncMap":"0x2fd317af","ptntInsrncObj":"0x1485f51a","quoteObj":"0x5f01be3f","recordId":"00629000004NTeZ","rtAdjstmntOptions":"0x15ddde42","showPILookup":false,"sObjectQueryStr":"","wrprObj":"0x301f8680"}|0x7dec25f
07:40:26.0 (387702724)|STATEMENT_EXECUTE|[379]
07:40:26.0 (387704169)|STATEMENT_EXECUTE|[380]
07:40:26.0 (387713401)|HEAP_ALLOCATE|[380]|Bytes:4
07:40:26.0 (387756927)|HEAP_ALLOCATE|[EXTERNAL]|Bytes:4
07:40:26.0 (387766184)|VARIABLE_ASSIGNMENT|[380]|this.rtAdjstmntOptions|[]|0x7dec25f
07:40:26.0 (387770794)|STATEMENT_EXECUTE|[381]
07:40:26.0 (387777901)|HEAP_ALLOCATE|[381]|Bytes:8
07:40:26.0 (387826929)|HEAP_ALLOCATE|[EXTERNAL]|Bytes:4
07:40:26.0 (387897574)|VARIABLE_ASSIGNMENT|[EXTERNAL]|this|{"estmtCvrgeDaysObj":"0x34cea3a7","faciltyOptions":"0x784fc3e3","fcltyPrgrmOptions":"0x3f5106ea","idToOwnershipFacilit (4 more) ...":"0x11920053","idToTypeFacilityMap":"0x26c322dd","insrncBnftMap":"0x922b56e","insrncBnftOptions":"0x1a48d3bb","isIop":false,"isTalbott":false,"meta":"0x79e22b2a","oppId":"00629000004NTeZ","pawObj":"0x144cd400","ptntInsrnceOptions":"0x63f2bcd7","ptntInsrncMap":"0x2fd317af","ptntInsrncObj":"0x1485f51a","quoteObj":"0x5f01be3f","recordId":"00629000004NTeZ","rtAdjstmntOptions":"0x781b540","showPILookup":false,"sObjectQueryStr":"","wrprObj":"0x301f8680"}|0x7dec25f
07:40:26.0 (387953142)|VARIABLE_ASSIGNMENT|[EXTERNAL]|this|{"facilitySelected":"","fcltyPrgrmSelected":"","insrncBnftSelected":"","pawDetailListDisplay (4 more) ...":false,"pyAgrmntWrksht":"0x265bdfdf","rateAdjstmntSelected":"","relatedPAWDetailsLis (1 more) ...":"0xebcc8ae","targetEDR":0.00,"totalAppliedDeductib (2 more) ...":0.00,"totalCoInsurance":0.00,"totalCoPayAmt":0.00,"totalInsCoResp":0.00,"totalInsEIVAmt":0.00,"totalRowCount":0,"totalTalbottDay":0.00}|0x301f8680
07:40:26.0 (388012977)|VARIABLE_ASSIGNMENT|[EXTERNAL]|this|{"estmtCvrgeDaysObj":"0x34cea3a7","faciltyOptions":"0x784fc3e3","fcltyPrgrmOptions":"0x3f5106ea","idToOwnershipFacilit (4 more) ...":"0x11920053","idToTypeFacilityMap":"0x26c322dd","insrncBnftMap":"0x922b56e","insrncBnftOptions":"0x1a48d3bb","isIop":false,"isTalbott":false,"meta":"0x79e22b2a","oppId":"00629000004NTeZ","pawObj":"0x144cd400","ptntInsrnceOptions":"0x63f2bcd7","ptntInsrncMap":"0x2fd317af","ptntInsrncObj":"0x1485f51a","quoteObj":"0x5f01be3f","recordId":"00629000004NTeZ","rtAdjstmntOptions":"0x781b540","showPILookup":false,"sObjectQueryStr":"","wrprObj":"0x301f8680"}|0x7dec25f
07:40:26.0 (388056896)|VARIABLE_ASSIGNMENT|[EXTERNAL]|this|{"facilitySelected":"","fcltyPrgrmSelected":"","insrncBnftSelected":"","pawDetailListDisplay (4 more) ...":false,"pyAgrmntWrksht":"0x265bdfdf","rateAdjstmntSelected":"","relatedPAWDetailsLis (1 more) ...":"0xebcc8ae","targetEDR":0.00,"totalAppliedDeductib (2 more) ...":0.00,"totalCoInsurance":0.00,"totalCoPayAmt":0.00,"totalInsCoResp":0.00,"totalInsEIVAmt":0.00,"totalRowCount":0,"totalTalbottDay":0.00}|0x301f8680
07:40:26.0 (388073657)|STATEMENT_EXECUTE|[382]
07:40:26.0 (388075135)|STATEMENT_EXECUTE|[400]
07:40:26.0 (388381181)|SYSTEM_MODE_ENTER|true
07:40:26.0 (405881027)|VF_SERIALIZE_VIEWSTATE_BEGIN|0660a0000009uTC
07:40:26.0 (412467926)|VF_SERIALIZE_VIEWSTATE_END
07:40:26.417 (417600737)|CUMULATIVE_LIMIT_USAGE
07:40:26.417 (417600737)|LIMIT_USAGE_FOR_NS|(default)|
  Number of SOQL queries: 3 out of 100
  Number of query rows: 8 out of 50000
  Number of SOSL queries: 0 out of 20
  Number of DML statements: 0 out of 150
  Number of DML rows: 0 out of 10000
  Maximum CPU time: 0 out of 10000
  Maximum heap size: 0 out of 6000000
  Number of callouts: 0 out of 100
  Number of Email Invocations: 0 out of 10
  Number of future calls: 0 out of 50
  Number of queueable jobs added to the queue: 0 out of 50
  Number of Mobile Apex push calls: 0 out of 10

07:40:26.417 (417600737)|CUMULATIVE_LIMIT_USAGE_END

07:40:26.0 (417635545)|CODE_UNIT_FINISHED|VF: /apex/PAW_New_Edit
07:40:26.0 (418368647)|EXECUTION_FINISHED
