38.0 APEX_CODE,FINEST;APEX_PROFILING,INFO;CALLOUT,INFO;DB,INFO;SYSTEM,DEBUG;VALIDATION,INFO;VISUALFORCE,INFO;WAVE,INFO;WORKFLOW,FINER
07:48:25.0 (256191)|USER_INFO|[EXTERNAL]|00529000000zYiy|bhakti.gujrathi@eternussolutions.com.frnstgng|Central Standard Time|GMT-06:00
07:48:25.0 (291551)|EXECUTION_STARTED
07:48:25.0 (296008)|CODE_UNIT_STARTED|[EXTERNAL]|01pj0000004Sbuc|BenefitsVOBStatus.VOBStatusCheck
07:48:25.0 (427787)|HEAP_ALLOCATE|[72]|Bytes:3
07:48:25.0 (471470)|HEAP_ALLOCATE|[77]|Bytes:152
07:48:25.0 (486577)|HEAP_ALLOCATE|[342]|Bytes:408
07:48:25.0 (498453)|HEAP_ALLOCATE|[355]|Bytes:408
07:48:25.0 (508466)|HEAP_ALLOCATE|[467]|Bytes:48
07:48:25.0 (534568)|HEAP_ALLOCATE|[139]|Bytes:6
07:48:25.0 (588801)|HEAP_ALLOCATE|[EXTERNAL]|Bytes:4
07:48:25.0 (600327)|METHOD_ENTRY|[1]|01pj0000004Sbuc|BenefitsVOBStatus.BenefitsVOBStatus()
07:48:25.0 (606248)|STATEMENT_EXECUTE|[1]
07:48:25.0 (610364)|STATEMENT_EXECUTE|[1]
07:48:25.0 (614370)|METHOD_EXIT|[1]|BenefitsVOBStatus
07:48:25.0 (618632)|HEAP_ALLOCATE|[EXTERNAL]|Bytes:15
07:48:25.0 (625946)|VARIABLE_SCOPE_BEGIN|[2]|agreementID|String|false|false
07:48:25.0 (648278)|VARIABLE_ASSIGNMENT|[2]|agreementID|"00629000004NTeZ"
07:48:25.0 (657850)|STATEMENT_EXECUTE|[2]
07:48:25.0 (660507)|STATEMENT_EXECUTE|[4]
07:48:25.0 (661393)|STATEMENT_EXECUTE|[5]
07:48:25.0 (664295)|HEAP_ALLOCATE|[5]|Bytes:66
07:48:25.0 (690219)|HEAP_ALLOCATE|[5]|Bytes:4
07:48:25.0 (705263)|HEAP_ALLOCATE|[5]|Bytes:7
07:48:25.0 (762230)|HEAP_ALLOCATE|[50]|Bytes:5
07:48:25.0 (794362)|HEAP_ALLOCATE|[56]|Bytes:5
07:48:25.0 (804619)|HEAP_ALLOCATE|[64]|Bytes:7
07:48:25.0 (3391707)|SOQL_EXECUTE_BEGIN|[5]|Aggregations:0|SELECT Id, Benefits_Status__c FROM Opportunity WHERE id = :tmpVar1
07:48:25.0 (9155454)|SOQL_EXECUTE_END|[5]|Rows:1
07:48:25.0 (9178483)|HEAP_ALLOCATE|[5]|Bytes:8
07:48:25.0 (9196119)|HEAP_ALLOCATE|[5]|Bytes:69
07:48:25.0 (9307741)|HEAP_ALLOCATE|[5]|Bytes:8
07:48:25.0 (9319918)|HEAP_ALLOCATE|[5]|Bytes:37
07:48:25.0 (9368659)|HEAP_ALLOCATE|[5]|Bytes:12
07:48:25.0 (9376311)|VARIABLE_SCOPE_BEGIN|[5]|OpportunityBS|Opportunity|true|false
07:48:25.0 (9403883)|VARIABLE_ASSIGNMENT|[5]|OpportunityBS|{"Id":"00629000004NTeZAAW","Benefits_Status__c":"Benefits Submitted"}|0x7f9f2e15
07:48:25.0 (9409769)|STATEMENT_EXECUTE|[7]
07:48:25.0 (9438146)|HEAP_ALLOCATE|[8]|Bytes:12
07:48:25.0 (9465937)|STATEMENT_EXECUTE|[10]
07:48:25.0 (9467651)|STATEMENT_EXECUTE|[11]
07:48:25.0 (9469366)|HEAP_ALLOCATE|[11]|Bytes:16
07:48:25.9 (9493933)|CUMULATIVE_LIMIT_USAGE
07:48:25.9 (9493933)|LIMIT_USAGE_FOR_NS|(default)|
  Number of SOQL queries: 1 out of 100
  Number of query rows: 1 out of 50000
  Number of SOSL queries: 0 out of 20
  Number of DML statements: 0 out of 150
  Number of DML rows: 0 out of 10000
  Maximum CPU time: 0 out of 10000
  Maximum heap size: 0 out of 6000000
  Number of callouts: 0 out of 100
  Number of Email Invocations: 0 out of 10
  Number of future calls: 0 out of 50
  Number of queueable jobs added to the queue: 0 out of 50
  Number of Mobile Apex push calls: 0 out of 10

07:48:25.9 (9493933)|CUMULATIVE_LIMIT_USAGE_END

07:48:25.0 (9528037)|CODE_UNIT_FINISHED|BenefitsVOBStatus.VOBStatusCheck
07:48:25.0 (10291595)|EXECUTION_FINISHED
