40.0 APEX_CODE,FINEST;APEX_PROFILING,INFO;CALLOUT,INFO;DB,INFO;SYSTEM,DEBUG;VALIDATION,INFO;VISUALFORCE,INFO;WAVE,INFO;WORKFLOW,FINER
01:08:30.0 (394740)|USER_INFO|[EXTERNAL]|00529000000zYiy|bhakti.gujrathi@eternussolutions.com.frnstgng|Central Standard Time|GMT-06:00
01:08:30.0 (476892)|EXECUTION_STARTED
01:08:30.0 (483216)|CODE_UNIT_STARTED|[EXTERNAL]|01p0a000004sKkr|CCPullTripFromConcurAndSF-2/2/2018 1:03 AM
01:08:30.0 (1973843)|VARIABLE_SCOPE_BEGIN|[4]|CCPullTripFromConcurAndSF.accessToken|String|false|true
01:08:30.0 (1994889)|VARIABLE_SCOPE_BEGIN|[8]|CCPullTripFromConcurAndSF.lstApxlog|List<Apex_Debug_log__c>|true|true
01:08:30.0 (6453423)|HEAP_ALLOCATE|[72]|Bytes:3
01:08:30.0 (6490252)|HEAP_ALLOCATE|[77]|Bytes:152
01:08:30.0 (6506169)|HEAP_ALLOCATE|[342]|Bytes:408
01:08:30.0 (6521120)|HEAP_ALLOCATE|[355]|Bytes:408
01:08:30.0 (6534616)|HEAP_ALLOCATE|[467]|Bytes:48
01:08:30.0 (6560422)|HEAP_ALLOCATE|[139]|Bytes:6
01:08:30.0 (6577877)|HEAP_ALLOCATE|[EXTERNAL]|Bytes:3
01:08:30.0 (6590442)|SYSTEM_METHOD_ENTRY|[1]|SchedulableContextImpl.SchedulableContextImpl()
01:08:30.0 (6594975)|STATEMENT_EXECUTE|[1]
01:08:30.0 (6601651)|SYSTEM_METHOD_EXIT|[1]|SchedulableContextImpl
01:08:30.0 (6607742)|HEAP_ALLOCATE|[EXTERNAL]|Bytes:8
01:08:30.0 (6611318)|HEAP_ALLOCATE|[EXTERNAL]|Bytes:4
01:08:30.0 (6620223)|VARIABLE_SCOPE_BEGIN|[4]|this|System.SchedulableContextImpl|true|false
01:08:30.0 (6744054)|VARIABLE_ASSIGNMENT|[4]|this|{}|0x46cd9ca6
01:08:30.0 (6753635)|VARIABLE_SCOPE_BEGIN|[4]|triggerId|Id|false|false
01:08:30.0 (6876499)|VARIABLE_ASSIGNMENT|[4]|triggerId|"08e290000070CW2AAM"
01:08:30.0 (7032859)|HEAP_ALLOCATE|[EXTERNAL]|Bytes:11
01:08:30.0 (7361264)|METHOD_ENTRY|[1]|01p0a000004sKkr|CCPullTripFromConcurAndSF.CCPullTripFromConcurAndSF()
01:08:30.0 (7368656)|STATEMENT_EXECUTE|[1]
01:08:30.0 (7372028)|STATEMENT_EXECUTE|[1]
01:08:30.0 (7373050)|STATEMENT_EXECUTE|[8]
01:08:30.0 (7396459)|HEAP_ALLOCATE|[8]|Bytes:4
01:08:30.0 (7473269)|HEAP_ALLOCATE|[EXTERNAL]|Bytes:4
01:08:30.0 (7509654)|VARIABLE_ASSIGNMENT|[8]|CCPullTripFromConcurAndSF.lstApxlog|[]|0x63ed91c8
01:08:30.0 (7519081)|METHOD_EXIT|[1]|CCPullTripFromConcurAndSF
01:08:30.0 (7524446)|HEAP_ALLOCATE|[EXTERNAL]|Bytes:4
01:08:30.0 (7528108)|HEAP_ALLOCATE|[EXTERNAL]|Bytes:8
01:08:30.0 (7535273)|VARIABLE_SCOPE_BEGIN|[39]|this|CCPullTripFromConcurAndSF|true|false
01:08:30.0 (7551074)|VARIABLE_ASSIGNMENT|[39]|this|{}|0x17a6e363
01:08:30.0 (7557188)|VARIABLE_SCOPE_BEGIN|[39]|ctx|System.SchedulableContext|true|false
01:08:30.0 (7624270)|VARIABLE_ASSIGNMENT|[39]|ctx|{"triggerId":"08e290000070CW2AAM"}|0x46cd9ca6
01:08:30.0 (7635236)|STATEMENT_EXECUTE|[40]
01:08:30.0 (7637238)|STATEMENT_EXECUTE|[42]
01:08:30.0 (7642599)|HEAP_ALLOCATE|[42]|Bytes:25
01:08:30.0 (7649492)|HEAP_ALLOCATE|[42]|Bytes:30
01:08:30.0 (7663526)|HEAP_ALLOCATE|[42]|Bytes:4
01:08:30.0 (7688890)|HEAP_ALLOCATE|[42]|Bytes:4
01:08:30.0 (7707826)|HEAP_ALLOCATE|[50]|Bytes:5
01:08:30.0 (7723592)|HEAP_ALLOCATE|[56]|Bytes:5
01:08:30.0 (7730631)|HEAP_ALLOCATE|[64]|Bytes:7
01:08:30.0 (7765089)|HEAP_ALLOCATE|[EXTERNAL]|Bytes:4
01:08:30.0 (7778294)|HEAP_ALLOCATE|[EXTERNAL]|Bytes:4
01:08:30.26 (26366247)|CUMULATIVE_LIMIT_USAGE
01:08:30.26 (26366247)|LIMIT_USAGE_FOR_NS|(default)|
  Number of SOQL queries: 0 out of 100
  Number of query rows: 0 out of 50000
  Number of SOSL queries: 0 out of 20
  Number of DML statements: 0 out of 150
  Number of DML rows: 0 out of 10000
  Maximum CPU time: 0 out of 10000
  Maximum heap size: 0 out of 6000000
  Number of callouts: 0 out of 100
  Number of Email Invocations: 0 out of 10
  Number of future calls: 1 out of 50
  Number of queueable jobs added to the queue: 0 out of 50
  Number of Mobile Apex push calls: 0 out of 10

01:08:30.26 (26366247)|CUMULATIVE_LIMIT_USAGE_END

01:08:30.0 (26405651)|CODE_UNIT_FINISHED|CCPullTripFromConcurAndSF-2/2/2018 1:03 AM
01:08:30.0 (27248539)|EXECUTION_FINISHED
