37.0 APEX_CODE,FINEST;APEX_PROFILING,INFO;CALLOUT,INFO;DB,INFO;SYSTEM,DEBUG;VALIDATION,INFO;VISUALFORCE,INFO;WAVE,INFO;WORKFLOW,FINER
07:44:10.0 (328391)|USER_INFO|[EXTERNAL]|00529000000zYiy|bhakti.gujrathi@eternussolutions.com.frnstgng|Central Standard Time|GMT-06:00
07:44:10.0 (373120)|EXECUTION_STARTED
07:44:10.0 (378588)|CODE_UNIT_STARTED|[EXTERNAL]|0660a0000009uTC|VF: /apex/PAW_New_Edit
07:44:10.0 (928353)|VF_DESERIALIZE_VIEWSTATE_BEGIN|0660a0000009uTC
07:44:10.0 (9689602)|HEAP_ALLOCATE|[72]|Bytes:3
07:44:10.0 (9749307)|HEAP_ALLOCATE|[77]|Bytes:152
07:44:10.0 (9773120)|HEAP_ALLOCATE|[342]|Bytes:408
07:44:10.0 (9792759)|HEAP_ALLOCATE|[355]|Bytes:408
07:44:10.0 (9810454)|HEAP_ALLOCATE|[467]|Bytes:48
07:44:10.0 (9846565)|HEAP_ALLOCATE|[139]|Bytes:6
07:44:10.0 (9881035)|HEAP_ALLOCATE|[50]|Bytes:5
07:44:10.0 (9907951)|HEAP_ALLOCATE|[56]|Bytes:5
07:44:10.0 (9921010)|HEAP_ALLOCATE|[64]|Bytes:7
07:44:10.0 (15093188)|VARIABLE_SCOPE_BEGIN|[35]|PAW_New_EditCntrllr.globalSchemaMap|Map<String,Schema.SObjectType>|true|true
07:44:10.0 (15113328)|VARIABLE_SCOPE_BEGIN|[3]|PAW_New_EditCntrllr.yearEndMode|Boolean|false|true
07:44:10.0 (21223093)|VF_DESERIALIZE_VIEWSTATE_END
07:44:10.23 (23415378)|SYSTEM_MODE_ENTER|true
07:44:10.23 (23523694)|HEAP_ALLOCATE|[EXTERNAL]|Bytes:38
07:44:10.23 (23540586)|HEAP_ALLOCATE|[EXTERNAL]|Bytes:7
07:44:10.23 (23557041)|SYSTEM_METHOD_ENTRY|[1]|PageMessagesComponentController.PageMessagesComponentController()
07:44:10.23 (23564076)|STATEMENT_EXECUTE|[1]
07:44:10.24 (24666086)|SYSTEM_MODE_ENTER|true
07:44:10.24 (24731686)|HEAP_ALLOCATE|[EXTERNAL]|Bytes:8
07:44:10.24 (24741770)|VARIABLE_SCOPE_BEGIN|[88]|this|ApexPage.PageMessagesComponentController|true|false
07:44:10.24 (24786403)|VARIABLE_ASSIGNMENT|[88]|this|{}|0x4e2ee472
07:44:10.24 (24794419)|VARIABLE_SCOPE_BEGIN|[88]|escape|Boolean|false|false
07:44:10.24 (24806775)|VARIABLE_ASSIGNMENT|[88]|escape|null
07:44:10.0 (25100937)|SYSTEM_MODE_ENTER|true
07:44:10.0 (25135900)|HEAP_ALLOCATE|[EXTERNAL]|Bytes:11
07:44:10.0 (25149508)|HEAP_ALLOCATE|[EXTERNAL]|Bytes:304
07:44:10.0 (25155439)|HEAP_ALLOCATE|[EXTERNAL]|Bytes:98
07:44:10.0 (25160695)|HEAP_ALLOCATE|[EXTERNAL]|Bytes:14
07:44:10.0 (25173028)|METHOD_ENTRY|[1]|01p0a000004sKzV|PAW_New_EditCntrllr.PAW_New_EditCntrllr()
07:44:10.0 (25178049)|STATEMENT_EXECUTE|[1]
07:44:10.0 (25181909)|STATEMENT_EXECUTE|[1]
07:44:10.0 (25183311)|STATEMENT_EXECUTE|[3]
07:44:10.0 (26835125)|VARIABLE_SCOPE_BEGIN|[3]|PAW_YearEnd_Config.setting|Year_End_PAW_Settings__c|true|true
07:44:10.0 (26855058)|HEAP_ALLOCATE|[3]|Bytes:1
07:44:10.0 (26864220)|HEAP_ALLOCATE|[3]|Bytes:1
07:44:10.0 (26878343)|METHOD_ENTRY|[1]|01p29000000Aswf|PAW_YearEnd_Config.PAW_YearEnd_Config()
07:44:10.0 (26884038)|STATEMENT_EXECUTE|[1]
07:44:10.0 (26887339)|STATEMENT_EXECUTE|[1]
07:44:10.0 (26907660)|SYSTEM_MODE_ENTER|false
07:44:10.0 (26917573)|HEAP_ALLOCATE|[3]|Bytes:5
07:44:10.0 (26925415)|SYSTEM_MODE_EXIT|false
07:44:10.0 (26934761)|METHOD_EXIT|[1]|PAW_YearEnd_Config
07:44:10.0 (26952597)|METHOD_ENTRY|[3]|01p29000000Aswf|PAW_YearEnd_Config.fetch()
07:44:10.0 (26997344)|SYSTEM_MODE_ENTER|false
07:44:10.0 (27006822)|HEAP_ALLOCATE|[6]|Bytes:5
07:44:10.0 (27013165)|STATEMENT_EXECUTE|[5]
07:44:10.0 (27017407)|STATEMENT_EXECUTE|[7]
07:44:10.0 (28255517)|HEAP_ALLOCATE|[7]|Bytes:20
07:44:10.0 (28303265)|VARIABLE_ASSIGNMENT|[7]|PAW_YearEnd_Config.setting|{"IsDeleted":false,"Name":"Year End PAW Setting (11 more) ...","SetupOwnerId":"00529000000zYiyAAE","Year_End_Mode_Enable (4 more) ...":false}|0x59cb431b
07:44:10.0 (28312686)|STATEMENT_EXECUTE|[9]
07:44:10.0 (28316859)|HEAP_ALLOCATE|[9]|Bytes:14
07:44:10.0 (28475181)|HEAP_ALLOCATE|[9]|Bytes:145
07:44:10.0 (28506024)|HEAP_ALLOCATE|[9]|Bytes:159
07:44:10.0 (28531914)|USER_DEBUG|[9]|DEBUG|>>> setting : Year_End_PAW_Settings__c:{IsDeleted=false, Name=Year End PAW Settings (Profile), SetupOwnerId=00529000000zYiyAAE, Year_End_Mode_Enabled__c=false}
07:44:10.0 (28543210)|STATEMENT_EXECUTE|[10]
07:44:10.0 (28549250)|SYSTEM_MODE_EXIT|false
07:44:10.0 (28559322)|METHOD_EXIT|[3]|01p29000000Aswf|PAW_YearEnd_Config.fetch()
07:44:10.0 (28605757)|VARIABLE_ASSIGNMENT|[3]|PAW_New_EditCntrllr.yearEndMode|false
07:44:10.0 (28612585)|STATEMENT_EXECUTE|[523]
07:44:10.0 (28618442)|METHOD_EXIT|[1]|PAW_New_EditCntrllr
07:44:10.0 (30155351)|SYSTEM_MODE_ENTER|true
07:44:10.0 (31877432)|SYSTEM_MODE_ENTER|true
07:44:10.0 (31961948)|HEAP_ALLOCATE|[EXTERNAL]|Bytes:476
07:44:10.0 (31976130)|HEAP_ALLOCATE|[EXTERNAL]|Bytes:71
07:44:10.0 (37027352)|SYSTEM_MODE_ENTER|true
07:44:10.0 (37143549)|SYSTEM_MODE_ENTER|true
07:44:10.0 (45224628)|SYSTEM_MODE_ENTER|true
07:44:10.0 (45550703)|HEAP_ALLOCATE|[EXTERNAL]|Bytes:112
07:44:10.0 (45572829)|VARIABLE_SCOPE_BEGIN|[215]|this|PAW_New_EditCntrllr|true|false
07:44:10.0 (45716761)|VARIABLE_ASSIGNMENT|[215]|this|{"estmtCvrgeDaysObj":"0x2d1686c2","faciltyOptions":"0x653dd58","fcltyPrgrmOptions":"0x50ff507f","idToOwnershipFacilit (4 more) ...":"0x71b0c10f","idToTypeFacilityMap":"0x6889696d","insrncBnftMap":"0x7028d039","insrncBnftOptions":"0x5a7e1aeb","isIop":false,"isTalbott":false,"meta":"0x2db10012","oppId":"00629000004NTeZ","pawObj":"0xed0d6c8","ptntInsrnceOptions":"0x38cf6633","ptntInsrncMap":"0x124c9a83","ptntInsrncObj":"0x12fca05e","quoteObj":"0x37d8a948","recordId":"00629000004NTeZ","rtAdjstmntOptions":"0x3f364fed","showPILookup":false,"sObjectQueryStr":"","wrprObj":"0x52d79972"}|0x52ba4297
07:44:10.0 (45744856)|STATEMENT_EXECUTE|[215]
07:44:10.0 (45747031)|STATEMENT_EXECUTE|[216]
07:44:10.0 (45833004)|STATEMENT_EXECUTE|[217]
07:44:10.0 (45854991)|HEAP_ALLOCATE|[217]|Bytes:12
07:44:10.0 (45936358)|HEAP_ALLOCATE|[EXTERNAL]|Bytes:4
07:44:10.0 (46039405)|VARIABLE_ASSIGNMENT|[EXTERNAL]|this|{"estmtCvrgeDaysObj":"0x2d1686c2","faciltyOptions":"0x653dd58","fcltyPrgrmOptions":"0x50ff507f","idToOwnershipFacilit (4 more) ...":"0x71b0c10f","idToTypeFacilityMap":"0x6889696d","insrncBnftMap":"0x7028d039","insrncBnftOptions":"0x5a7e1aeb","isIop":false,"isTalbott":false,"meta":"0x2db10012","oppId":"00629000004NTeZ","pawObj":"0xed0d6c8","ptntInsrnceOptions":"0x38cf6633","ptntInsrncMap":"0x124c9a83","ptntInsrncObj":"0x12fca05e","quoteObj":"0x37d8a948","recordId":"00629000004NTeZ","rtAdjstmntOptions":"0x3f364fed","showPILookup":false,"sObjectQueryStr":"","wrprObj":"0x52d79972"}|0x52ba4297
07:44:10.0 (46067913)|STATEMENT_EXECUTE|[218]
07:44:10.0 (46069626)|STATEMENT_EXECUTE|[219]
07:44:10.0 (46116559)|HEAP_ALLOCATE|[219]|Bytes:4
07:44:10.0 (46126750)|HEAP_ALLOCATE|[219]|Bytes:1083
07:44:10.0 (46143425)|HEAP_ALLOCATE|[219]|Bytes:4
07:44:10.0 (46160969)|HEAP_ALLOCATE|[219]|Bytes:7
07:44:10.0 (46242905)|VARIABLE_ASSIGNMENT|[EXTERNAL]|this|{"estmtCvrgeDaysObj":"0x2d1686c2","faciltyOptions":"0x653dd58","fcltyPrgrmOptions":"0x50ff507f","idToOwnershipFacilit (4 more) ...":"0x71b0c10f","idToTypeFacilityMap":"0x6889696d","insrncBnftMap":"0x7028d039","insrncBnftOptions":"0x5a7e1aeb","isIop":false,"isTalbott":false,"meta":"0x2db10012","oppId":"00629000004NTeZ","pawObj":"0xed0d6c8","ptntInsrnceOptions":"0x38cf6633","ptntInsrncMap":"0x124c9a83","ptntInsrncObj":"0x12fca05e","quoteObj":"0x37d8a948","recordId":"00629000004NTeZ","rtAdjstmntOptions":"0x3f364fed","showPILookup":false,"sObjectQueryStr":"","wrprObj":"0x52d79972"}|0x52ba4297
07:44:10.0 (51378471)|SOQL_EXECUTE_BEGIN|[219]|Aggregations:0|SELECT Id, Name, RecordType.Name, Uncovered_Charges__c, Patient_Insurance__r.Accepts_Assignment_of_Benefits__c, Patient_Insurance__r.Opportunity__c, Patient_Insurance__r.Accreditation__c, Patient_Insurance__r.Insurance_Company__r.Name, PHP_Admit_Co_Payment__c, Detox_Admit_Co_Payment__c, RTC_Admit_Co_Payment__c, Deductible__c, Deductible_Met__c, IOP_Admit_Co_Payment__c, Max_Out_of_Pocket_Remaining__c, Insurance_Company_is_Out_of_Network__c, Annual_Max_Remaining__c, Deductible_Remaining__c, Detox_Pays_at__c, Detox_Over__c, RTC_Pays_at__c, Residential_Treatment_Override__c, PHP_Pays_at__c, Partial_Hospitalization_Override__c, IOP_Pays_at__c, Intensive_Outpatient_Override__c, Num_Days_Uncovered__c, Num_Days_Room__c, Uncovered_Days_Rate__c, Room_and_Board_Days_Rate__c, Uncovered_Days_Override__c, Room_and_Board_Days_Override__c, Deductible_Included_in_OOP__c, Uncovered_Days__c, Lifetime_Max__c, Lifetime_Max_Met__c, Annual_Max__c, Annual_Max_Met__c, Max_Out_of_Pocket__c, Max_Out_of_Pocket_Met__c, Co_Pay_Met__c FROM Insurance_Benefit__c WHERE Patient_Insurance__c = :tmpVar1
07:44:10.0 (69810957)|SOQL_EXECUTE_END|[219]|Rows:2
07:44:10.0 (69862152)|HEAP_ALLOCATE|[219]|Bytes:12
07:44:10.0 (69919572)|HEAP_ALLOCATE|[219]|Bytes:2986
07:44:10.0 (70028412)|HEAP_ALLOCATE|[219]|Bytes:12
07:44:10.0 (70106217)|HEAP_ALLOCATE|[219]|Bytes:108
07:44:10.0 (70126557)|HEAP_ALLOCATE|[219]|Bytes:4
07:44:10.0 (70136718)|HEAP_ALLOCATE|[219]|Bytes:108
07:44:10.0 (70144271)|HEAP_ALLOCATE|[219]|Bytes:4
07:44:10.0 (70257273)|VARIABLE_ASSIGNMENT|[219]|this.insrncBnftMap|{"a1H29000000pRTUEA2":{"Id":"a1H29000000pRTUEA2","Name":"Insurance Benefit 75 (2 more) ...","RecordTypeId":"012j00000015GS6AAM","Patient_Insurance__c":"a1b29000000lvHQAAY","PHP_Admit_Co_Payment (3 more) ...":0.00,"Deductible__c":5000.00,"Deductible_Met__c":0.00,"Max_Out_of_Pocket_Re (10 more) ...":10000.00,"Insurance_Company_is (18 more) ...":false,"Annual_Max_Remaining (3 more) ...":1000000,"Deductible_Remaining (3 more) ...":5000.00,"Detox_Pays_at__c":80.00,"RTC_Pays_at__c":80.00,"PHP_Pays_at__c":80.00,"IOP_Pays_at__c":80.00,"Uncovered_Days_Rate_ (2 more) ...":630.00,"Room_and_Board_Days_ (7 more) ...":2000.00,"Deductible_Included_ (9 more) ...":"Yes","Lifetime_Max__c":1000000.00,"Lifetime_Max_Met__c":0.00,"Annual_Max__c":1000000.00,"Annual_Max_Met__c":0.00,"Max_Out_of_Pocket__c":10000.00,"Max_Out_of_Pocket_Me (4 more) ...":0.00,"RecordType":{"Name":"In Network","Id":"012j00000015GS6AAM"},"Patient_Insurance__r":{"Opportunity__c":"00629000004NTeZAAW","Accreditation__c":"State","Insurance_Company__c":"0012900000AXSP3AAP","Id":"a1b29000000lvHQAAY","Insurance_Company__r":{"Name":"Value Options/Beacon (7 more) ...","Id":"0012900000AXSP3AAP","RecordTypeId":"012j00000015GRqAAM"}}},"a1H29000000pRTZEA2":{"Id":"a1H29000000pRTZEA2","Name":"Insurance Benefit 75 (2 more) ...","RecordTypeId":"012j00000015GS7AAM","Patient_Insurance__c":"a1b29000000lvHQAAY","PHP_Admit_Co_Payment (3 more) ...":0.00,"Deductible__c":10000.00,"Deductible_Met__c":0.00,"Max_Out_of_Pocket_Re (10 more) ...":20000.00,"Insurance_Company_is (18 more) ...":false,"Annual_Max_Remaining (3 more) ...":1000000,"Deductible_Remaining (3 more) ...":10000.00,"Detox_Pays_at__c":60.00,"RTC_Pays_at__c":60.00,"PHP_Pays_at__c":60.00,"IOP_Pays_at__c":60.00,"Uncovered_Days_Rate_ (2 more) ...":630.00,"Room_and_Board_Days_ (7 more) ...":2000.00,"Deductible_Included_ (9 more) ...":"Yes","Lifetime_Max__c":1000000.00,"Lifetime_Max_Met__c":0.00,"Annual_Max__c":1000000.00,"Annual_Max_Met__c":0.00,"Max_Out_of_Pocket__c":20000.00,"Max_Out_of_Pocket_Me (4 more) ...":0.00,"RecordType":{"Name":"Out of Network","Id":"012j00000015GS7AAM"},"Patient_Insurance__r":{"Opportunity__c":"00629000004NTeZAAW","Accreditation__c":"State","Insurance_Company__c":"0012900000AXSP3AAP","Id":"a1b29000000lvHQAAY","Insurance_Company__r":{"Name":"Value Options/Beacon (7 more) ...","Id":"0012900000AXSP3AAP","RecordTypeId":"012j00000015GRqAAM"}}}}|0x52ba4297
07:44:10.0 (70362424)|HEAP_ALLOCATE|[EXTERNAL]|Bytes:12
07:44:10.0 (70391728)|HEAP_ALLOCATE|[263]|Bytes:2996
07:44:10.0 (70570152)|HEAP_ALLOCATE|[263]|Bytes:5
07:44:10.0 (70593652)|HEAP_ALLOCATE|[263]|Bytes:108
07:44:10.0 (70608762)|VARIABLE_SCOPE_BEGIN|[263]|insrncBnftInstance|Insurance_Benefit__c|true|false
07:44:10.0 (70652480)|VARIABLE_ASSIGNMENT|[263]|insrncBnftInstance|{"Id":"a1H29000000pRTUEA2","Name":"Insurance Benefit 75 (2 more) ...","RecordTypeId":"012j00000015GS6AAM","Patient_Insurance__c":"a1b29000000lvHQAAY","PHP_Admit_Co_Payment (3 more) ...":0.00,"Deductible__c":5000.00,"Deductible_Met__c":0.00,"Max_Out_of_Pocket_Re (10 more) ...":10000.00,"Insurance_Company_is (18 more) ...":false,"Annual_Max_Remaining (3 more) ...":1000000,"Deductible_Remaining (3 more) ...":5000.00,"Detox_Pays_at__c":80.00,"RTC_Pays_at__c":80.00,"PHP_Pays_at__c":80.00,"IOP_Pays_at__c":80.00,"Uncovered_Days_Rate_ (2 more) ...":630.00,"Room_and_Board_Days_ (7 more) ...":2000.00,"Deductible_Included_ (9 more) ...":"Yes","Lifetime_Max__c":1000000.00,"Lifetime_Max_Met__c":0.00,"Annual_Max__c":1000000.00,"Annual_Max_Met__c":0.00,"Max_Out_of_Pocket__c":10000.00,"Max_Out_of_Pocket_Me (4 more) ...":0.00,"RecordType":{"Name":"In Network","Id":"012j00000015GS6AAM"},"Patient_Insurance__r":{"Opportunity__c":"00629000004NTeZAAW","Accreditation__c":"State","Insurance_Company__c":"0012900000AXSP3AAP","Id":"a1b29000000lvHQAAY","Insurance_Company__r":{"Name":"Value Options/Beacon (7 more) ...","Id":"0012900000AXSP3AAP","RecordTypeId":"012j00000015GRqAAM"}}}|0x5bbfa796
07:44:10.0 (70675004)|STATEMENT_EXECUTE|[263]
07:44:10.0 (70676992)|STATEMENT_EXECUTE|[264]
07:44:10.0 (70740242)|HEAP_ALLOCATE|[264]|Bytes:18
07:44:10.0 (70821310)|HEAP_ALLOCATE|[264]|Bytes:3
07:44:10.0 (70855464)|HEAP_ALLOCATE|[264]|Bytes:35
07:44:10.0 (70950806)|HEAP_ALLOCATE|[EXTERNAL]|Bytes:4
07:44:10.0 (70971964)|HEAP_ALLOCATE|[263]|Bytes:5
07:44:10.0 (70987058)|HEAP_ALLOCATE|[263]|Bytes:108
07:44:10.0 (70996240)|VARIABLE_SCOPE_BEGIN|[263]|insrncBnftInstance|Insurance_Benefit__c|true|false
07:44:10.0 (71036740)|VARIABLE_ASSIGNMENT|[263]|insrncBnftInstance|{"Id":"a1H29000000pRTZEA2","Name":"Insurance Benefit 75 (2 more) ...","RecordTypeId":"012j00000015GS7AAM","Patient_Insurance__c":"a1b29000000lvHQAAY","PHP_Admit_Co_Payment (3 more) ...":0.00,"Deductible__c":10000.00,"Deductible_Met__c":0.00,"Max_Out_of_Pocket_Re (10 more) ...":20000.00,"Insurance_Company_is (18 more) ...":false,"Annual_Max_Remaining (3 more) ...":1000000,"Deductible_Remaining (3 more) ...":10000.00,"Detox_Pays_at__c":60.00,"RTC_Pays_at__c":60.00,"PHP_Pays_at__c":60.00,"IOP_Pays_at__c":60.00,"Uncovered_Days_Rate_ (2 more) ...":630.00,"Room_and_Board_Days_ (7 more) ...":2000.00,"Deductible_Included_ (9 more) ...":"Yes","Lifetime_Max__c":1000000.00,"Lifetime_Max_Met__c":0.00,"Annual_Max__c":1000000.00,"Annual_Max_Met__c":0.00,"Max_Out_of_Pocket__c":20000.00,"Max_Out_of_Pocket_Me (4 more) ...":0.00,"RecordType":{"Name":"Out of Network","Id":"012j00000015GS7AAM"},"Patient_Insurance__r":{"Opportunity__c":"00629000004NTeZAAW","Accreditation__c":"State","Insurance_Company__c":"0012900000AXSP3AAP","Id":"a1b29000000lvHQAAY","Insurance_Company__r":{"Name":"Value Options/Beacon (7 more) ...","Id":"0012900000AXSP3AAP","RecordTypeId":"012j00000015GRqAAM"}}}|0x3f72a3af
07:44:10.0 (71058155)|STATEMENT_EXECUTE|[263]
07:44:10.0 (71059582)|STATEMENT_EXECUTE|[264]
07:44:10.0 (71081803)|HEAP_ALLOCATE|[264]|Bytes:18
07:44:10.0 (71111345)|HEAP_ALLOCATE|[264]|Bytes:39
07:44:10.0 (71128978)|HEAP_ALLOCATE|[EXTERNAL]|Bytes:4
07:44:10.0 (71144596)|HEAP_ALLOCATE|[263]|Bytes:5
07:44:10.0 (71160098)|VARIABLE_ASSIGNMENT|[263]|insrncBnftInstance|null|
07:44:10.0 (71287521)|VARIABLE_ASSIGNMENT|[EXTERNAL]|this|{"estmtCvrgeDaysObj":"0x2d1686c2","faciltyOptions":"0x653dd58","fcltyPrgrmOptions":"0x50ff507f","idToOwnershipFacilit (4 more) ...":"0x71b0c10f","idToTypeFacilityMap":"0x6889696d","insrncBnftMap":"0x127b4534","insrncBnftOptions":"0x5a7e1aeb","isIop":false,"isTalbott":false,"meta":"0x2db10012","oppId":"00629000004NTeZ","pawObj":"0xed0d6c8","ptntInsrnceOptions":"0x38cf6633","ptntInsrncMap":"0x124c9a83","ptntInsrncObj":"0x12fca05e","quoteObj":"0x37d8a948","recordId":"00629000004NTeZ","rtAdjstmntOptions":"0x3f364fed","showPILookup":false,"sObjectQueryStr":"","wrprObj":"0x52d79972"}|0x52ba4297
07:44:10.0 (71417555)|VARIABLE_ASSIGNMENT|[EXTERNAL]|this|{"insrncBnftSelected":"","pawDetailListDisplay (4 more) ...":false,"pyAgrmntWrksht":"0x6e8dece0","relatedPAWDetailsLis (1 more) ...":"0x76058553","targetEDR":0.00,"totalAppliedDeductib (2 more) ...":0.00,"totalCoInsurance":0.00,"totalCoPayAmt":0.00,"totalInsCoResp":0.00,"totalInsEIVAmt":0.00,"totalRowCount":0,"totalTalbottDay":0}|0x52d79972
07:44:10.0 (71498556)|VARIABLE_ASSIGNMENT|[EXTERNAL]|this|{"estmtCvrgeDaysObj":"0x2d1686c2","faciltyOptions":"0x653dd58","fcltyPrgrmOptions":"0x50ff507f","idToOwnershipFacilit (4 more) ...":"0x71b0c10f","idToTypeFacilityMap":"0x6889696d","insrncBnftMap":"0x127b4534","insrncBnftOptions":"0x5a7e1aeb","isIop":false,"isTalbott":false,"meta":"0x2db10012","oppId":"00629000004NTeZ","pawObj":"0xed0d6c8","ptntInsrnceOptions":"0x38cf6633","ptntInsrncMap":"0x124c9a83","ptntInsrncObj":"0x12fca05e","quoteObj":"0x37d8a948","recordId":"00629000004NTeZ","rtAdjstmntOptions":"0x3f364fed","showPILookup":false,"sObjectQueryStr":"","wrprObj":"0x52d79972"}|0x52ba4297
07:44:10.0 (71562132)|VARIABLE_ASSIGNMENT|[EXTERNAL]|this|{"insrncBnftSelected":"","pawDetailListDisplay (4 more) ...":false,"pyAgrmntWrksht":"0x6e8dece0","relatedPAWDetailsLis (1 more) ...":"0x76058553","targetEDR":0.00,"totalAppliedDeductib (2 more) ...":0.00,"totalCoInsurance":0.00,"totalCoPayAmt":0.00,"totalInsCoResp":0.00,"totalInsEIVAmt":0.00,"totalRowCount":0,"totalTalbottDay":0}|0x52d79972
07:44:10.0 (71600310)|STATEMENT_EXECUTE|[269]
07:44:10.0 (71602419)|STATEMENT_EXECUTE|[270]
07:44:10.0 (71672417)|VARIABLE_ASSIGNMENT|[EXTERNAL]|this|{"estmtCvrgeDaysObj":"0x2d1686c2","faciltyOptions":"0x653dd58","fcltyPrgrmOptions":"0x50ff507f","idToOwnershipFacilit (4 more) ...":"0x71b0c10f","idToTypeFacilityMap":"0x6889696d","insrncBnftMap":"0x127b4534","insrncBnftOptions":"0x5a7e1aeb","isIop":false,"isTalbott":false,"meta":"0x2db10012","oppId":"00629000004NTeZ","pawObj":"0xed0d6c8","ptntInsrnceOptions":"0x38cf6633","ptntInsrncMap":"0x124c9a83","ptntInsrncObj":"0x12fca05e","quoteObj":"0x37d8a948","recordId":"00629000004NTeZ","rtAdjstmntOptions":"0x3f364fed","showPILookup":false,"sObjectQueryStr":"","wrprObj":"0x52d79972"}|0x52ba4297
07:44:10.0 (71744889)|VARIABLE_ASSIGNMENT|[EXTERNAL]|this|{"insrncBnftSelected":"","pawDetailListDisplay (4 more) ...":false,"pyAgrmntWrksht":"0x6e8dece0","relatedPAWDetailsLis (1 more) ...":"0x76058553","targetEDR":0.00,"totalAppliedDeductib (2 more) ...":0.00,"totalCoInsurance":0.00,"totalCoPayAmt":0.00,"totalInsCoResp":0.00,"totalInsEIVAmt":0.00,"totalRowCount":0,"totalTalbottDay":0}|0x52d79972
07:44:10.0 (71759756)|VARIABLE_ASSIGNMENT|[EXTERNAL]|value|null|
07:44:10.0 (71770262)|VARIABLE_ASSIGNMENT|[525]|this.insrncBnft|null|0x52d79972
07:44:10.0 (71780867)|STATEMENT_EXECUTE|[272]
07:44:10.80 (80410930)|SYSTEM_MODE_ENTER|true
07:44:10.80 (80499699)|HEAP_ALLOCATE|[EXTERNAL]|Bytes:8
07:44:10.80 (80513505)|VARIABLE_SCOPE_BEGIN|[88]|this|ApexPage.PageMessagesComponentController|true|false
07:44:10.80 (80545770)|VARIABLE_ASSIGNMENT|[88]|this|{}|0x4e2ee472
07:44:10.80 (80553765)|VARIABLE_SCOPE_BEGIN|[88]|escape|Boolean|false|false
07:44:10.80 (80560953)|VARIABLE_ASSIGNMENT|[88]|escape|null
07:44:10.0 (81019225)|HEAP_ALLOCATE|[EXTERNAL]|Bytes:18
07:44:10.0 (81036707)|HEAP_ALLOCATE|[EXTERNAL]|Bytes:84
07:44:10.0 (81047718)|VARIABLE_ASSIGNMENT|[EXTERNAL]|this.insrncBnftSelected|"a1H29000000pRTUEA2"|0x52d79972
07:44:10.0 (81128163)|HEAP_ALLOCATE|[EXTERNAL]|Bytes:84
07:44:10.0 (81140089)|VARIABLE_ASSIGNMENT|[EXTERNAL]|this.facilitySelected|null|0x52d79972
07:44:10.0 (81208876)|HEAP_ALLOCATE|[EXTERNAL]|Bytes:84
07:44:10.0 (81220093)|VARIABLE_ASSIGNMENT|[EXTERNAL]|this.rateAdjstmntSelected|null|0x52d79972
07:44:10.0 (81287355)|HEAP_ALLOCATE|[EXTERNAL]|Bytes:84
07:44:10.0 (81298244)|VARIABLE_ASSIGNMENT|[EXTERNAL]|this.fcltyPrgrmSelected|null|0x52d79972
07:44:10.0 (88559933)|HEAP_ALLOCATE|[EXTERNAL]|Bytes:112
07:44:10.0 (88574462)|VARIABLE_SCOPE_BEGIN|[276]|this|PAW_New_EditCntrllr|true|false
07:44:10.0 (88656836)|VARIABLE_ASSIGNMENT|[276]|this|{"estmtCvrgeDaysObj":"0x2d1686c2","faciltyOptions":"0x653dd58","fcltyPrgrmOptions":"0x50ff507f","idToOwnershipFacilit (4 more) ...":"0x71b0c10f","idToTypeFacilityMap":"0x6889696d","insrncBnftMap":"0x127b4534","insrncBnftOptions":"0x5a7e1aeb","isIop":false,"isTalbott":false,"meta":"0x2db10012","oppId":"00629000004NTeZ","pawObj":"0xed0d6c8","ptntInsrnceOptions":"0x38cf6633","ptntInsrncMap":"0x124c9a83","ptntInsrncObj":"0x12fca05e","quoteObj":"0x37d8a948","recordId":"00629000004NTeZ","rtAdjstmntOptions":"0x3f364fed","showPILookup":false,"sObjectQueryStr":"","wrprObj":"0x52d79972"}|0x52ba4297
07:44:10.0 (88676713)|STATEMENT_EXECUTE|[276]
07:44:10.0 (88678681)|STATEMENT_EXECUTE|[277]
07:44:10.0 (88699345)|HEAP_ALLOCATE|[277]|Bytes:4
07:44:10.0 (88824190)|VARIABLE_ASSIGNMENT|[EXTERNAL]|this|{"estmtCvrgeDaysObj":"0x2d1686c2","faciltyOptions":"0x653dd58","fcltyPrgrmOptions":"0x50ff507f","idToOwnershipFacilit (4 more) ...":"0x71b0c10f","idToTypeFacilityMap":"0x6889696d","insrncBnftMap":"0x127b4534","insrncBnftOptions":"0x5a7e1aeb","isIop":false,"isTalbott":false,"meta":"0x2db10012","oppId":"00629000004NTeZ","pawObj":"0xed0d6c8","ptntInsrnceOptions":"0x38cf6633","ptntInsrncMap":"0x124c9a83","ptntInsrncObj":"0x12fca05e","quoteObj":"0x37d8a948","recordId":"00629000004NTeZ","rtAdjstmntOptions":"0x3f364fed","showPILookup":false,"sObjectQueryStr":"","wrprObj":"0x52d79972"}|0x52ba4297
07:44:10.0 (88881230)|HEAP_ALLOCATE|[EXTERNAL]|Bytes:4
07:44:10.0 (88893605)|VARIABLE_ASSIGNMENT|[EXTERNAL]|value|[]|0x465a2961
07:44:10.0 (88907791)|VARIABLE_ASSIGNMENT|[14]|this.faciltyOptions|[]|0x52ba4297
07:44:10.0 (88920814)|STATEMENT_EXECUTE|[278]
07:44:10.0 (88930318)|HEAP_ALLOCATE|[278]|Bytes:4
07:44:10.0 (89029266)|VARIABLE_ASSIGNMENT|[EXTERNAL]|this|{"estmtCvrgeDaysObj":"0x2d1686c2","faciltyOptions":"0x465a2961","fcltyPrgrmOptions":"0x50ff507f","idToOwnershipFacilit (4 more) ...":"0x71b0c10f","idToTypeFacilityMap":"0x6889696d","insrncBnftMap":"0x127b4534","insrncBnftOptions":"0x5a7e1aeb","isIop":false,"isTalbott":false,"meta":"0x2db10012","oppId":"00629000004NTeZ","pawObj":"0xed0d6c8","ptntInsrnceOptions":"0x38cf6633","ptntInsrncMap":"0x124c9a83","ptntInsrncObj":"0x12fca05e","quoteObj":"0x37d8a948","recordId":"00629000004NTeZ","rtAdjstmntOptions":"0x3f364fed","showPILookup":false,"sObjectQueryStr":"","wrprObj":"0x52d79972"}|0x52ba4297
07:44:10.0 (89063437)|HEAP_ALLOCATE|[EXTERNAL]|Bytes:4
07:44:10.0 (89071887)|VARIABLE_ASSIGNMENT|[EXTERNAL]|value|[]|0x3cf1219b
07:44:10.0 (89089011)|VARIABLE_ASSIGNMENT|[15]|this.fcltyPrgrmOptions|[]|0x52ba4297
07:44:10.0 (89100067)|STATEMENT_EXECUTE|[279]
07:44:10.0 (89109435)|HEAP_ALLOCATE|[279]|Bytes:4
07:44:10.0 (89150921)|HEAP_ALLOCATE|[EXTERNAL]|Bytes:4
07:44:10.0 (89161611)|VARIABLE_ASSIGNMENT|[279]|this.rtAdjstmntOptions|[]|0x52ba4297
07:44:10.0 (89167029)|STATEMENT_EXECUTE|[280]
07:44:10.0 (89243260)|VARIABLE_ASSIGNMENT|[EXTERNAL]|this|{"estmtCvrgeDaysObj":"0x2d1686c2","faciltyOptions":"0x465a2961","fcltyPrgrmOptions":"0x3cf1219b","idToOwnershipFacilit (4 more) ...":"0x71b0c10f","idToTypeFacilityMap":"0x6889696d","insrncBnftMap":"0x127b4534","insrncBnftOptions":"0x5a7e1aeb","isIop":false,"isTalbott":false,"meta":"0x2db10012","oppId":"00629000004NTeZ","pawObj":"0xed0d6c8","ptntInsrnceOptions":"0x38cf6633","ptntInsrncMap":"0x124c9a83","ptntInsrncObj":"0x12fca05e","quoteObj":"0x37d8a948","recordId":"00629000004NTeZ","rtAdjstmntOptions":"0x587f94e7","showPILookup":false,"sObjectQueryStr":"","wrprObj":"0x52d79972"}|0x52ba4297
07:44:10.0 (89327502)|VARIABLE_ASSIGNMENT|[EXTERNAL]|this|{"insrncBnftSelected":"a1H29000000pRTUEA2","pawDetailListDisplay (4 more) ...":false,"pyAgrmntWrksht":"0x6e8dece0","relatedPAWDetailsLis (1 more) ...":"0x76058553","targetEDR":0.00,"totalAppliedDeductib (2 more) ...":0.00,"totalCoInsurance":0.00,"totalCoPayAmt":0.00,"totalInsCoResp":0.00,"totalInsEIVAmt":0.00,"totalRowCount":0,"totalTalbottDay":0}|0x52d79972
07:44:10.0 (89343681)|VARIABLE_ASSIGNMENT|[EXTERNAL]|value|""
07:44:10.0 (89354234)|VARIABLE_ASSIGNMENT|[527]|this.facilitySelected|""|0x52d79972
07:44:10.0 (89364341)|STATEMENT_EXECUTE|[281]
07:44:10.0 (89442064)|VARIABLE_ASSIGNMENT|[EXTERNAL]|this|{"estmtCvrgeDaysObj":"0x2d1686c2","faciltyOptions":"0x465a2961","fcltyPrgrmOptions":"0x3cf1219b","idToOwnershipFacilit (4 more) ...":"0x71b0c10f","idToTypeFacilityMap":"0x6889696d","insrncBnftMap":"0x127b4534","insrncBnftOptions":"0x5a7e1aeb","isIop":false,"isTalbott":false,"meta":"0x2db10012","oppId":"00629000004NTeZ","pawObj":"0xed0d6c8","ptntInsrnceOptions":"0x38cf6633","ptntInsrncMap":"0x124c9a83","ptntInsrncObj":"0x12fca05e","quoteObj":"0x37d8a948","recordId":"00629000004NTeZ","rtAdjstmntOptions":"0x587f94e7","showPILookup":false,"sObjectQueryStr":"","wrprObj":"0x52d79972"}|0x52ba4297
07:44:10.0 (89470677)|HEAP_ALLOCATE|[281]|Bytes:8
07:44:10.0 (89514734)|HEAP_ALLOCATE|[EXTERNAL]|Bytes:4
07:44:10.0 (89592771)|VARIABLE_ASSIGNMENT|[EXTERNAL]|this|{"estmtCvrgeDaysObj":"0x2d1686c2","faciltyOptions":"0x465a2961","fcltyPrgrmOptions":"0x3cf1219b","idToOwnershipFacilit (4 more) ...":"0x71b0c10f","idToTypeFacilityMap":"0x6889696d","insrncBnftMap":"0x127b4534","insrncBnftOptions":"0x5a7e1aeb","isIop":false,"isTalbott":false,"meta":"0x2db10012","oppId":"00629000004NTeZ","pawObj":"0xed0d6c8","ptntInsrnceOptions":"0x38cf6633","ptntInsrncMap":"0x124c9a83","ptntInsrncObj":"0x12fca05e","quoteObj":"0x37d8a948","recordId":"00629000004NTeZ","rtAdjstmntOptions":"0x587f94e7","showPILookup":false,"sObjectQueryStr":"","wrprObj":"0x52d79972"}|0x52ba4297
07:44:10.0 (89663066)|VARIABLE_ASSIGNMENT|[EXTERNAL]|this|{"facilitySelected":"","insrncBnftSelected":"a1H29000000pRTUEA2","pawDetailListDisplay (4 more) ...":false,"pyAgrmntWrksht":"0x6e8dece0","relatedPAWDetailsLis (1 more) ...":"0x76058553","targetEDR":0.00,"totalAppliedDeductib (2 more) ...":0.00,"totalCoInsurance":0.00,"totalCoPayAmt":0.00,"totalInsCoResp":0.00,"totalInsEIVAmt":0.00,"totalRowCount":0,"totalTalbottDay":0}|0x52d79972
07:44:10.0 (89736296)|VARIABLE_ASSIGNMENT|[EXTERNAL]|this|{"estmtCvrgeDaysObj":"0x2d1686c2","faciltyOptions":"0x465a2961","fcltyPrgrmOptions":"0x3cf1219b","idToOwnershipFacilit (4 more) ...":"0x71b0c10f","idToTypeFacilityMap":"0x6889696d","insrncBnftMap":"0x127b4534","insrncBnftOptions":"0x5a7e1aeb","isIop":false,"isTalbott":false,"meta":"0x2db10012","oppId":"00629000004NTeZ","pawObj":"0xed0d6c8","ptntInsrnceOptions":"0x38cf6633","ptntInsrncMap":"0x124c9a83","ptntInsrncObj":"0x12fca05e","quoteObj":"0x37d8a948","recordId":"00629000004NTeZ","rtAdjstmntOptions":"0x587f94e7","showPILookup":false,"sObjectQueryStr":"","wrprObj":"0x52d79972"}|0x52ba4297
07:44:10.0 (89798699)|VARIABLE_ASSIGNMENT|[EXTERNAL]|this|{"facilitySelected":"","insrncBnftSelected":"a1H29000000pRTUEA2","pawDetailListDisplay (4 more) ...":false,"pyAgrmntWrksht":"0x6e8dece0","relatedPAWDetailsLis (1 more) ...":"0x76058553","targetEDR":0.00,"totalAppliedDeductib (2 more) ...":0.00,"totalCoInsurance":0.00,"totalCoPayAmt":0.00,"totalInsCoResp":0.00,"totalInsEIVAmt":0.00,"totalRowCount":0,"totalTalbottDay":0}|0x52d79972
07:44:10.0 (89835063)|STATEMENT_EXECUTE|[282]
07:44:10.0 (89836941)|STATEMENT_EXECUTE|[283]
07:44:10.0 (89907448)|VARIABLE_ASSIGNMENT|[EXTERNAL]|this|{"estmtCvrgeDaysObj":"0x2d1686c2","faciltyOptions":"0x465a2961","fcltyPrgrmOptions":"0x3cf1219b","idToOwnershipFacilit (4 more) ...":"0x71b0c10f","idToTypeFacilityMap":"0x6889696d","insrncBnftMap":"0x127b4534","insrncBnftOptions":"0x5a7e1aeb","isIop":false,"isTalbott":false,"meta":"0x2db10012","oppId":"00629000004NTeZ","pawObj":"0xed0d6c8","ptntInsrnceOptions":"0x38cf6633","ptntInsrncMap":"0x124c9a83","ptntInsrncObj":"0x12fca05e","quoteObj":"0x37d8a948","recordId":"00629000004NTeZ","rtAdjstmntOptions":"0x587f94e7","showPILookup":false,"sObjectQueryStr":"","wrprObj":"0x52d79972"}|0x52ba4297
07:44:10.0 (89970811)|VARIABLE_ASSIGNMENT|[EXTERNAL]|this|{"facilitySelected":"","insrncBnftSelected":"a1H29000000pRTUEA2","pawDetailListDisplay (4 more) ...":false,"pyAgrmntWrksht":"0x6e8dece0","relatedPAWDetailsLis (1 more) ...":"0x76058553","targetEDR":0.00,"totalAppliedDeductib (2 more) ...":0.00,"totalCoInsurance":0.00,"totalCoPayAmt":0.00,"totalInsCoResp":0.00,"totalInsEIVAmt":0.00,"totalRowCount":0,"totalTalbottDay":0}|0x52d79972
07:44:10.0 (90087251)|VARIABLE_ASSIGNMENT|[EXTERNAL]|this|{"estmtCvrgeDaysObj":"0x2d1686c2","faciltyOptions":"0x465a2961","fcltyPrgrmOptions":"0x3cf1219b","idToOwnershipFacilit (4 more) ...":"0x71b0c10f","idToTypeFacilityMap":"0x6889696d","insrncBnftMap":"0x127b4534","insrncBnftOptions":"0x5a7e1aeb","isIop":false,"isTalbott":false,"meta":"0x2db10012","oppId":"00629000004NTeZ","pawObj":"0xed0d6c8","ptntInsrnceOptions":"0x38cf6633","ptntInsrncMap":"0x124c9a83","ptntInsrncObj":"0x12fca05e","quoteObj":"0x37d8a948","recordId":"00629000004NTeZ","rtAdjstmntOptions":"0x587f94e7","showPILookup":false,"sObjectQueryStr":"","wrprObj":"0x52d79972"}|0x52ba4297
07:44:10.0 (90153294)|VARIABLE_ASSIGNMENT|[EXTERNAL]|this|{"facilitySelected":"","insrncBnftSelected":"a1H29000000pRTUEA2","pawDetailListDisplay (4 more) ...":false,"pyAgrmntWrksht":"0x6e8dece0","relatedPAWDetailsLis (1 more) ...":"0x76058553","targetEDR":0.00,"totalAppliedDeductib (2 more) ...":0.00,"totalCoInsurance":0.00,"totalCoPayAmt":0.00,"totalInsCoResp":0.00,"totalInsEIVAmt":0.00,"totalRowCount":0,"totalTalbottDay":0}|0x52d79972
07:44:10.0 (90204575)|VARIABLE_ASSIGNMENT|[EXTERNAL]|value|{"Id":"a1H29000000pRTUEA2","Name":"Insurance Benefit 75 (2 more) ...","RecordTypeId":"012j00000015GS6AAM","Patient_Insurance__c":"a1b29000000lvHQAAY","PHP_Admit_Co_Payment (3 more) ...":0.00,"Deductible__c":5000.00,"Deductible_Met__c":0.00,"Max_Out_of_Pocket_Re (10 more) ...":10000.00,"Insurance_Company_is (18 more) ...":false,"Annual_Max_Remaining (3 more) ...":1000000,"Deductible_Remaining (3 more) ...":5000.00,"Detox_Pays_at__c":80.00,"RTC_Pays_at__c":80.00,"PHP_Pays_at__c":80.00,"IOP_Pays_at__c":80.00,"Uncovered_Days_Rate_ (2 more) ...":630.00,"Room_and_Board_Days_ (7 more) ...":2000.00,"Deductible_Included_ (9 more) ...":"Yes","Lifetime_Max__c":1000000.00,"Lifetime_Max_Met__c":0.00,"Annual_Max__c":1000000.00,"Annual_Max_Met__c":0.00,"Max_Out_of_Pocket__c":10000.00,"Max_Out_of_Pocket_Me (4 more) ...":0.00,"RecordType":{"Name":"In Network","Id":"012j00000015GS6AAM"},"Patient_Insurance__r":{"Opportunity__c":"00629000004NTeZAAW","Accreditation__c":"State","Insurance_Company__c":"0012900000AXSP3AAP","Id":"a1b29000000lvHQAAY","Insurance_Company__r":{"Name":"Value Options/Beacon (7 more) ...","Id":"0012900000AXSP3AAP","RecordTypeId":"012j00000015GRqAAM"}}}|0x5bbfa796
07:44:10.0 (90254696)|VARIABLE_ASSIGNMENT|[525]|this.insrncBnft|{"Id":"a1H29000000pRTUEA2","Name":"Insurance Benefit 75 (2 more) ...","RecordTypeId":"012j00000015GS6AAM","Patient_Insurance__c":"a1b29000000lvHQAAY","PHP_Admit_Co_Payment (3 more) ...":0.00,"Deductible__c":5000.00,"Deductible_Met__c":0.00,"Max_Out_of_Pocket_Re (10 more) ...":10000.00,"Insurance_Company_is (18 more) ...":false,"Annual_Max_Remaining (3 more) ...":1000000,"Deductible_Remaining (3 more) ...":5000.00,"Detox_Pays_at__c":80.00,"RTC_Pays_at__c":80.00,"PHP_Pays_at__c":80.00,"IOP_Pays_at__c":80.00,"Uncovered_Days_Rate_ (2 more) ...":630.00,"Room_and_Board_Days_ (7 more) ...":2000.00,"Deductible_Included_ (9 more) ...":"Yes","Lifetime_Max__c":1000000.00,"Lifetime_Max_Met__c":0.00,"Annual_Max__c":1000000.00,"Annual_Max_Met__c":0.00,"Max_Out_of_Pocket__c":10000.00,"Max_Out_of_Pocket_Me (4 more) ...":0.00,"RecordType":{"Name":"In Network","Id":"012j00000015GS6AAM"},"Patient_Insurance__r":{"Opportunity__c":"00629000004NTeZAAW","Accreditation__c":"State","Insurance_Company__c":"0012900000AXSP3AAP","Id":"a1b29000000lvHQAAY","Insurance_Company__r":{"Name":"Value Options/Beacon (7 more) ...","Id":"0012900000AXSP3AAP","RecordTypeId":"012j00000015GRqAAM"}}}|0x52d79972
07:44:10.0 (90280138)|STATEMENT_EXECUTE|[284]
07:44:10.0 (90351109)|VARIABLE_ASSIGNMENT|[EXTERNAL]|this|{"estmtCvrgeDaysObj":"0x2d1686c2","faciltyOptions":"0x465a2961","fcltyPrgrmOptions":"0x3cf1219b","idToOwnershipFacilit (4 more) ...":"0x71b0c10f","idToTypeFacilityMap":"0x6889696d","insrncBnftMap":"0x127b4534","insrncBnftOptions":"0x5a7e1aeb","isIop":false,"isTalbott":false,"meta":"0x2db10012","oppId":"00629000004NTeZ","pawObj":"0xed0d6c8","ptntInsrnceOptions":"0x38cf6633","ptntInsrncMap":"0x124c9a83","ptntInsrncObj":"0x12fca05e","quoteObj":"0x37d8a948","recordId":"00629000004NTeZ","rtAdjstmntOptions":"0x587f94e7","showPILookup":false,"sObjectQueryStr":"","wrprObj":"0x52d79972"}|0x52ba4297
07:44:10.0 (90423051)|VARIABLE_ASSIGNMENT|[EXTERNAL]|this|{"facilitySelected":"","insrncBnft":"0x5bbfa796","insrncBnftSelected":"a1H29000000pRTUEA2","pawDetailListDisplay (4 more) ...":false,"pyAgrmntWrksht":"0x6e8dece0","relatedPAWDetailsLis (1 more) ...":"0x76058553","targetEDR":0.00,"totalAppliedDeductib (2 more) ...":0.00,"totalCoInsurance":0.00,"totalCoPayAmt":0.00,"totalInsCoResp":0.00,"totalInsEIVAmt":0.00,"totalRowCount":0,"totalTalbottDay":0}|0x52d79972
07:44:10.0 (90533944)|VARIABLE_ASSIGNMENT|[EXTERNAL]|this|{"estmtCvrgeDaysObj":"0x2d1686c2","faciltyOptions":"0x465a2961","fcltyPrgrmOptions":"0x3cf1219b","idToOwnershipFacilit (4 more) ...":"0x71b0c10f","idToTypeFacilityMap":"0x6889696d","insrncBnftMap":"0x127b4534","insrncBnftOptions":"0x5a7e1aeb","isIop":false,"isTalbott":false,"meta":"0x2db10012","oppId":"00629000004NTeZ","pawObj":"0xed0d6c8","ptntInsrnceOptions":"0x38cf6633","ptntInsrncMap":"0x124c9a83","ptntInsrncObj":"0x12fca05e","quoteObj":"0x37d8a948","recordId":"00629000004NTeZ","rtAdjstmntOptions":"0x587f94e7","showPILookup":false,"sObjectQueryStr":"","wrprObj":"0x52d79972"}|0x52ba4297
07:44:10.0 (90604957)|VARIABLE_ASSIGNMENT|[EXTERNAL]|this|{"facilitySelected":"","insrncBnft":"0x5bbfa796","insrncBnftSelected":"a1H29000000pRTUEA2","pawDetailListDisplay (4 more) ...":false,"pyAgrmntWrksht":"0x6e8dece0","relatedPAWDetailsLis (1 more) ...":"0x76058553","targetEDR":0.00,"totalAppliedDeductib (2 more) ...":0.00,"totalCoInsurance":0.00,"totalCoPayAmt":0.00,"totalInsCoResp":0.00,"totalInsEIVAmt":0.00,"totalRowCount":0,"totalTalbottDay":0}|0x52d79972
07:44:10.0 (90695963)|VARIABLE_ASSIGNMENT|[284]|this.Deductible_Included_in_OOP__c|"Yes"|0x6e8dece0
07:44:10.0 (90704229)|STATEMENT_EXECUTE|[285]
07:44:10.0 (90737233)|HEAP_ALLOCATE|[285]|Bytes:4
07:44:10.0 (90746771)|HEAP_ALLOCATE|[285]|Bytes:315
07:44:10.0 (90761590)|HEAP_ALLOCATE|[285]|Bytes:4
07:44:10.0 (90844578)|VARIABLE_ASSIGNMENT|[EXTERNAL]|this|{"estmtCvrgeDaysObj":"0x2d1686c2","faciltyOptions":"0x465a2961","fcltyPrgrmOptions":"0x3cf1219b","idToOwnershipFacilit (4 more) ...":"0x71b0c10f","idToTypeFacilityMap":"0x6889696d","insrncBnftMap":"0x127b4534","insrncBnftOptions":"0x5a7e1aeb","isIop":false,"isTalbott":false,"meta":"0x2db10012","oppId":"00629000004NTeZ","pawObj":"0xed0d6c8","ptntInsrnceOptions":"0x38cf6633","ptntInsrncMap":"0x124c9a83","ptntInsrncObj":"0x12fca05e","quoteObj":"0x37d8a948","recordId":"00629000004NTeZ","rtAdjstmntOptions":"0x587f94e7","showPILookup":false,"sObjectQueryStr":"","wrprObj":"0x52d79972"}|0x52ba4297
07:44:10.0 (90910562)|VARIABLE_ASSIGNMENT|[EXTERNAL]|this|{"facilitySelected":"","insrncBnft":"0x5bbfa796","insrncBnftSelected":"a1H29000000pRTUEA2","pawDetailListDisplay (4 more) ...":false,"pyAgrmntWrksht":"0x6e8dece0","relatedPAWDetailsLis (1 more) ...":"0x76058553","targetEDR":0.00,"totalAppliedDeductib (2 more) ...":0.00,"totalCoInsurance":0.00,"totalCoPayAmt":0.00,"totalInsCoResp":0.00,"totalInsEIVAmt":0.00,"totalRowCount":0,"totalTalbottDay":0}|0x52d79972
07:44:10.0 (92636987)|SOQL_EXECUTE_BEGIN|[285]|Aggregations:0|SELECT Id, DTX_Days__c, FRN_Facility__c, FRN_Facility__r.Name, FRN_Facility__r.Ownership, FRN_Facility__r.FRN_Facility_Type__c, Insurance_Benefit__c, IOP_Days__c, PHP_Days__c, RTC_Days__c, Total_Copay__c FROM Estimated_Coverage_Days__c WHERE Insurance_Benefit__c = :tmpVar1 ORDER BY LastModifiedDate ASC NULLS FIRST
07:44:10.0 (100513341)|SOQL_EXECUTE_END|[285]|Rows:1
07:44:10.0 (100552288)|HEAP_ALLOCATE|[285]|Bytes:8
07:44:10.0 (100581990)|HEAP_ALLOCATE|[285]|Bytes:532
07:44:10.0 (100672010)|HEAP_ALLOCATE|[285]|Bytes:8
07:44:10.0 (100737261)|HEAP_ALLOCATE|[285]|Bytes:40
07:44:10.0 (100755266)|HEAP_ALLOCATE|[285]|Bytes:4
07:44:10.0 (100812612)|VARIABLE_ASSIGNMENT|[285]|this.estmtCnrgDaysMap|{"a18290000007st9AAA":{"Id":"a18290000007st9AAA","DTX_Days__c":0,"FRN_Facility__c":"001j000000NqKMtAAN","Insurance_Benefit__c":"a1H29000000pRTUEA2","IOP_Days__c":0,"PHP_Days__c":13,"RTC_Days__c":7,"Total_Copay__c":0.00,"FRN_Facility__r":{"Name":"Black Bear Lodge","Ownership":"FRN","FRN_Facility_Type__c":"Residential Treatmen (1 more) ...","Id":"001j000000NqKMtAAN","RecordTypeId":"012j00000015GRpAAM"}}}|0x52ba4297
07:44:10.0 (100878690)|HEAP_ALLOCATE|[EXTERNAL]|Bytes:8
07:44:10.0 (100894369)|HEAP_ALLOCATE|[299]|Bytes:539
07:44:10.0 (101072799)|HEAP_ALLOCATE|[299]|Bytes:5
07:44:10.0 (101101921)|HEAP_ALLOCATE|[299]|Bytes:40
07:44:10.0 (101116632)|VARIABLE_SCOPE_BEGIN|[299]|estmtInstance|Estimated_Coverage_Days__c|true|false
07:44:10.0 (101144046)|VARIABLE_ASSIGNMENT|[299]|estmtInstance|{"Id":"a18290000007st9AAA","DTX_Days__c":0,"FRN_Facility__c":"001j000000NqKMtAAN","Insurance_Benefit__c":"a1H29000000pRTUEA2","IOP_Days__c":0,"PHP_Days__c":13,"RTC_Days__c":7,"Total_Copay__c":0.00,"FRN_Facility__r":{"Name":"Black Bear Lodge","Ownership":"FRN","FRN_Facility_Type__c":"Residential Treatmen (1 more) ...","Id":"001j000000NqKMtAAN","RecordTypeId":"012j00000015GRpAAM"}}|0x7704bd75
07:44:10.0 (101156648)|STATEMENT_EXECUTE|[299]
07:44:10.0 (101158457)|STATEMENT_EXECUTE|[300]
07:44:10.0 (101324194)|HEAP_ALLOCATE|[EXTERNAL]|Bytes:-4
07:44:10.0 (101337907)|STATEMENT_EXECUTE|[301]
07:44:10.0 (101398036)|HEAP_ALLOCATE|[EXTERNAL]|Bytes:-4
07:44:10.0 (101409466)|STATEMENT_EXECUTE|[302]
07:44:10.0 (101513696)|VARIABLE_ASSIGNMENT|[EXTERNAL]|this|{"estmtCnrgDaysMap":"0x3604b1a1","estmtCvrgeDaysObj":"0x2d1686c2","faciltyOptions":"0x465a2961","fcltyPrgrmOptions":"0x3cf1219b","idToOwnershipFacilit (4 more) ...":"0x71b0c10f","idToTypeFacilityMap":"0x6889696d","insrncBnftMap":"0x127b4534","insrncBnftOptions":"0x5a7e1aeb","isIop":false,"isTalbott":false,"meta":"0x2db10012","oppId":"00629000004NTeZ","pawObj":"0xed0d6c8","ptntInsrnceOptions":"0x38cf6633","ptntInsrncMap":"0x124c9a83","ptntInsrncObj":"0x12fca05e","quoteObj":"0x37d8a948","recordId":"00629000004NTeZ","rtAdjstmntOptions":"0x587f94e7","showPILookup":false,"sObjectQueryStr":"","wrprObj":"0x52d79972"}|0x52ba4297
07:44:10.0 (101557590)|HEAP_ALLOCATE|[302]|Bytes:18
07:44:10.0 (101628524)|HEAP_ALLOCATE|[EXTERNAL]|Bytes:4
07:44:10.0 (101647777)|HEAP_ALLOCATE|[299]|Bytes:5
07:44:10.0 (101664126)|VARIABLE_ASSIGNMENT|[299]|estmtInstance|null|
07:44:10.113 (113285563)|SYSTEM_MODE_ENTER|true
07:44:10.113 (113410820)|HEAP_ALLOCATE|[EXTERNAL]|Bytes:8
07:44:10.113 (113427854)|VARIABLE_SCOPE_BEGIN|[88]|this|ApexPage.PageMessagesComponentController|true|false
07:44:10.113 (113464996)|VARIABLE_ASSIGNMENT|[88]|this|{}|0x4e2ee472
07:44:10.113 (113474796)|VARIABLE_SCOPE_BEGIN|[88]|escape|Boolean|false|false
07:44:10.113 (113482285)|VARIABLE_ASSIGNMENT|[88]|escape|null
07:44:10.113 (113637001)|SYSTEM_MODE_ENTER|true
07:44:10.113 (113680147)|HEAP_ALLOCATE|[EXTERNAL]|Bytes:8
07:44:10.113 (113688659)|VARIABLE_SCOPE_BEGIN|[2]|this|ApexPage.PageMessagesComponentController|true|false
07:44:10.113 (113709805)|VARIABLE_ASSIGNMENT|[2]|this|{}|0x4e2ee472
07:44:10.0 (114267691)|SYSTEM_MODE_ENTER|true
07:44:10.0 (114432957)|SYSTEM_MODE_ENTER|true
07:44:10.0 (114824612)|SYSTEM_MODE_ENTER|true
07:44:10.0 (119388559)|SYSTEM_MODE_ENTER|true
07:44:10.0 (119470624)|SYSTEM_MODE_ENTER|true
07:44:10.126 (126254423)|SYSTEM_MODE_ENTER|true
07:44:10.126 (126346853)|HEAP_ALLOCATE|[EXTERNAL]|Bytes:8
07:44:10.126 (126364622)|VARIABLE_SCOPE_BEGIN|[88]|this|ApexPage.PageMessagesComponentController|true|false
07:44:10.126 (126404085)|VARIABLE_ASSIGNMENT|[88]|this|{}|0x4e2ee472
07:44:10.126 (126412272)|VARIABLE_SCOPE_BEGIN|[88]|escape|Boolean|false|false
07:44:10.126 (126419742)|VARIABLE_ASSIGNMENT|[88]|escape|null
07:44:10.126 (126597126)|SYSTEM_MODE_ENTER|true
07:44:10.126 (126638418)|HEAP_ALLOCATE|[EXTERNAL]|Bytes:8
07:44:10.126 (126647277)|VARIABLE_SCOPE_BEGIN|[2]|this|ApexPage.PageMessagesComponentController|true|false
07:44:10.126 (126668994)|VARIABLE_ASSIGNMENT|[2]|this|{}|0x4e2ee472
07:44:10.0 (129291005)|SYSTEM_MODE_ENTER|true
07:44:10.0 (129333246)|HEAP_ALLOCATE|[EXTERNAL]|Bytes:112
07:44:10.0 (129342944)|VARIABLE_SCOPE_BEGIN|[215]|this|PAW_New_EditCntrllr|true|false
07:44:10.0 (129430661)|VARIABLE_ASSIGNMENT|[215]|this|{"estmtCnrgDaysMap":"0x3604b1a1","estmtCvrgeDaysObj":"0x2d1686c2","faciltyOptions":"0x465a2961","fcltyPrgrmOptions":"0x3cf1219b","idToOwnershipFacilit (4 more) ...":"0x71b0c10f","idToTypeFacilityMap":"0x6889696d","insrncBnftMap":"0x127b4534","insrncBnftOptions":"0x5a7e1aeb","isIop":false,"isTalbott":false,"meta":"0x2db10012","oppId":"00629000004NTeZ","pawObj":"0xed0d6c8","ptntInsrnceOptions":"0x38cf6633","ptntInsrncMap":"0x124c9a83","ptntInsrncObj":"0x12fca05e","quoteObj":"0x37d8a948","recordId":"00629000004NTeZ","rtAdjstmntOptions":"0x587f94e7","showPILookup":false,"sObjectQueryStr":"","wrprObj":"0x52d79972"}|0x52ba4297
07:44:10.0 (129451160)|STATEMENT_EXECUTE|[215]
07:44:10.0 (129453481)|STATEMENT_EXECUTE|[216]
07:44:10.0 (129472878)|STATEMENT_EXECUTE|[217]
07:44:10.0 (129503194)|HEAP_ALLOCATE|[EXTERNAL]|Bytes:4
07:44:10.0 (129576413)|VARIABLE_ASSIGNMENT|[EXTERNAL]|this|{"estmtCnrgDaysMap":"0x3604b1a1","estmtCvrgeDaysObj":"0x2d1686c2","faciltyOptions":"0x465a2961","fcltyPrgrmOptions":"0x3cf1219b","idToOwnershipFacilit (4 more) ...":"0x71b0c10f","idToTypeFacilityMap":"0x6889696d","insrncBnftMap":"0x127b4534","insrncBnftOptions":"0x5a7e1aeb","isIop":false,"isTalbott":false,"meta":"0x2db10012","oppId":"00629000004NTeZ","pawObj":"0xed0d6c8","ptntInsrnceOptions":"0x38cf6633","ptntInsrncMap":"0x124c9a83","ptntInsrncObj":"0x12fca05e","quoteObj":"0x37d8a948","recordId":"00629000004NTeZ","rtAdjstmntOptions":"0x587f94e7","showPILookup":false,"sObjectQueryStr":"","wrprObj":"0x52d79972"}|0x52ba4297
07:44:10.0 (129599069)|STATEMENT_EXECUTE|[218]
07:44:10.0 (129600588)|STATEMENT_EXECUTE|[219]
07:44:10.0 (129633896)|HEAP_ALLOCATE|[219]|Bytes:4
07:44:10.0 (129650648)|HEAP_ALLOCATE|[219]|Bytes:4
07:44:10.0 (129722987)|VARIABLE_ASSIGNMENT|[EXTERNAL]|this|{"estmtCnrgDaysMap":"0x3604b1a1","estmtCvrgeDaysObj":"0x2d1686c2","faciltyOptions":"0x465a2961","fcltyPrgrmOptions":"0x3cf1219b","idToOwnershipFacilit (4 more) ...":"0x71b0c10f","idToTypeFacilityMap":"0x6889696d","insrncBnftMap":"0x127b4534","insrncBnftOptions":"0x5a7e1aeb","isIop":false,"isTalbott":false,"meta":"0x2db10012","oppId":"00629000004NTeZ","pawObj":"0xed0d6c8","ptntInsrnceOptions":"0x38cf6633","ptntInsrncMap":"0x124c9a83","ptntInsrncObj":"0x12fca05e","quoteObj":"0x37d8a948","recordId":"00629000004NTeZ","rtAdjstmntOptions":"0x587f94e7","showPILookup":false,"sObjectQueryStr":"","wrprObj":"0x52d79972"}|0x52ba4297
07:44:10.0 (130872088)|SOQL_EXECUTE_BEGIN|[219]|Aggregations:0|SELECT Id, Name, RecordType.Name, Uncovered_Charges__c, Patient_Insurance__r.Accepts_Assignment_of_Benefits__c, Patient_Insurance__r.Opportunity__c, Patient_Insurance__r.Accreditation__c, Patient_Insurance__r.Insurance_Company__r.Name, PHP_Admit_Co_Payment__c, Detox_Admit_Co_Payment__c, RTC_Admit_Co_Payment__c, Deductible__c, Deductible_Met__c, IOP_Admit_Co_Payment__c, Max_Out_of_Pocket_Remaining__c, Insurance_Company_is_Out_of_Network__c, Annual_Max_Remaining__c, Deductible_Remaining__c, Detox_Pays_at__c, Detox_Over__c, RTC_Pays_at__c, Residential_Treatment_Override__c, PHP_Pays_at__c, Partial_Hospitalization_Override__c, IOP_Pays_at__c, Intensive_Outpatient_Override__c, Num_Days_Uncovered__c, Num_Days_Room__c, Uncovered_Days_Rate__c, Room_and_Board_Days_Rate__c, Uncovered_Days_Override__c, Room_and_Board_Days_Override__c, Deductible_Included_in_OOP__c, Uncovered_Days__c, Lifetime_Max__c, Lifetime_Max_Met__c, Annual_Max__c, Annual_Max_Met__c, Max_Out_of_Pocket__c, Max_Out_of_Pocket_Met__c, Co_Pay_Met__c FROM Insurance_Benefit__c WHERE Patient_Insurance__c = :tmpVar1
07:44:10.0 (143477122)|SOQL_EXECUTE_END|[219]|Rows:2
07:44:10.0 (143531844)|HEAP_ALLOCATE|[219]|Bytes:12
07:44:10.0 (143587732)|HEAP_ALLOCATE|[219]|Bytes:2986
07:44:10.0 (143660775)|HEAP_ALLOCATE|[219]|Bytes:12
07:44:10.0 (143697390)|HEAP_ALLOCATE|[219]|Bytes:108
07:44:10.0 (143714382)|HEAP_ALLOCATE|[219]|Bytes:4
07:44:10.0 (143724025)|HEAP_ALLOCATE|[219]|Bytes:108
07:44:10.0 (143731251)|HEAP_ALLOCATE|[219]|Bytes:4
07:44:10.0 (143842975)|VARIABLE_ASSIGNMENT|[219]|this.insrncBnftMap|{"a1H29000000pRTUEA2":{"Id":"a1H29000000pRTUEA2","Name":"Insurance Benefit 75 (2 more) ...","RecordTypeId":"012j00000015GS6AAM","Patient_Insurance__c":"a1b29000000lvHQAAY","PHP_Admit_Co_Payment (3 more) ...":0.00,"Deductible__c":5000.00,"Deductible_Met__c":0.00,"Max_Out_of_Pocket_Re (10 more) ...":10000.00,"Insurance_Company_is (18 more) ...":false,"Annual_Max_Remaining (3 more) ...":1000000,"Deductible_Remaining (3 more) ...":5000.00,"Detox_Pays_at__c":80.00,"RTC_Pays_at__c":80.00,"PHP_Pays_at__c":80.00,"IOP_Pays_at__c":80.00,"Uncovered_Days_Rate_ (2 more) ...":630.00,"Room_and_Board_Days_ (7 more) ...":2000.00,"Deductible_Included_ (9 more) ...":"Yes","Lifetime_Max__c":1000000.00,"Lifetime_Max_Met__c":0.00,"Annual_Max__c":1000000.00,"Annual_Max_Met__c":0.00,"Max_Out_of_Pocket__c":10000.00,"Max_Out_of_Pocket_Me (4 more) ...":0.00,"RecordType":{"Name":"In Network","Id":"012j00000015GS6AAM"},"Patient_Insurance__r":{"Opportunity__c":"00629000004NTeZAAW","Accreditation__c":"State","Insurance_Company__c":"0012900000AXSP3AAP","Id":"a1b29000000lvHQAAY","Insurance_Company__r":{"Name":"Value Options/Beacon (7 more) ...","Id":"0012900000AXSP3AAP","RecordTypeId":"012j00000015GRqAAM"}}},"a1H29000000pRTZEA2":{"Id":"a1H29000000pRTZEA2","Name":"Insurance Benefit 75 (2 more) ...","RecordTypeId":"012j00000015GS7AAM","Patient_Insurance__c":"a1b29000000lvHQAAY","PHP_Admit_Co_Payment (3 more) ...":0.00,"Deductible__c":10000.00,"Deductible_Met__c":0.00,"Max_Out_of_Pocket_Re (10 more) ...":20000.00,"Insurance_Company_is (18 more) ...":false,"Annual_Max_Remaining (3 more) ...":1000000,"Deductible_Remaining (3 more) ...":10000.00,"Detox_Pays_at__c":60.00,"RTC_Pays_at__c":60.00,"PHP_Pays_at__c":60.00,"IOP_Pays_at__c":60.00,"Uncovered_Days_Rate_ (2 more) ...":630.00,"Room_and_Board_Days_ (7 more) ...":2000.00,"Deductible_Included_ (9 more) ...":"Yes","Lifetime_Max__c":1000000.00,"Lifetime_Max_Met__c":0.00,"Annual_Max__c":1000000.00,"Annual_Max_Met__c":0.00,"Max_Out_of_Pocket__c":20000.00,"Max_Out_of_Pocket_Me (4 more) ...":0.00,"RecordType":{"Name":"Out of Network","Id":"012j00000015GS7AAM"},"Patient_Insurance__r":{"Opportunity__c":"00629000004NTeZAAW","Accreditation__c":"State","Insurance_Company__c":"0012900000AXSP3AAP","Id":"a1b29000000lvHQAAY","Insurance_Company__r":{"Name":"Value Options/Beacon (7 more) ...","Id":"0012900000AXSP3AAP","RecordTypeId":"012j00000015GRqAAM"}}}}|0x52ba4297
07:44:10.0 (143904381)|HEAP_ALLOCATE|[EXTERNAL]|Bytes:12
07:44:10.0 (143931909)|HEAP_ALLOCATE|[263]|Bytes:2996
07:44:10.0 (143973440)|HEAP_ALLOCATE|[263]|Bytes:5
07:44:10.0 (143993279)|HEAP_ALLOCATE|[263]|Bytes:108
07:44:10.0 (144008807)|VARIABLE_SCOPE_BEGIN|[263]|insrncBnftInstance|Insurance_Benefit__c|true|false
07:44:10.0 (144053367)|VARIABLE_ASSIGNMENT|[263]|insrncBnftInstance|{"Id":"a1H29000000pRTUEA2","Name":"Insurance Benefit 75 (2 more) ...","RecordTypeId":"012j00000015GS6AAM","Patient_Insurance__c":"a1b29000000lvHQAAY","PHP_Admit_Co_Payment (3 more) ...":0.00,"Deductible__c":5000.00,"Deductible_Met__c":0.00,"Max_Out_of_Pocket_Re (10 more) ...":10000.00,"Insurance_Company_is (18 more) ...":false,"Annual_Max_Remaining (3 more) ...":1000000,"Deductible_Remaining (3 more) ...":5000.00,"Detox_Pays_at__c":80.00,"RTC_Pays_at__c":80.00,"PHP_Pays_at__c":80.00,"IOP_Pays_at__c":80.00,"Uncovered_Days_Rate_ (2 more) ...":630.00,"Room_and_Board_Days_ (7 more) ...":2000.00,"Deductible_Included_ (9 more) ...":"Yes","Lifetime_Max__c":1000000.00,"Lifetime_Max_Met__c":0.00,"Annual_Max__c":1000000.00,"Annual_Max_Met__c":0.00,"Max_Out_of_Pocket__c":10000.00,"Max_Out_of_Pocket_Me (4 more) ...":0.00,"RecordType":{"Name":"In Network","Id":"012j00000015GS6AAM"},"Patient_Insurance__r":{"Opportunity__c":"00629000004NTeZAAW","Accreditation__c":"State","Insurance_Company__c":"0012900000AXSP3AAP","Id":"a1b29000000lvHQAAY","Insurance_Company__r":{"Name":"Value Options/Beacon (7 more) ...","Id":"0012900000AXSP3AAP","RecordTypeId":"012j00000015GRqAAM"}}}|0x434795fb
07:44:10.0 (144076012)|STATEMENT_EXECUTE|[263]
07:44:10.0 (144083116)|STATEMENT_EXECUTE|[264]
07:44:10.0 (144114602)|HEAP_ALLOCATE|[264]|Bytes:18
07:44:10.0 (144152462)|HEAP_ALLOCATE|[264]|Bytes:35
07:44:10.0 (144182727)|HEAP_ALLOCATE|[EXTERNAL]|Bytes:4
07:44:10.0 (144199562)|HEAP_ALLOCATE|[263]|Bytes:5
07:44:10.0 (144213535)|HEAP_ALLOCATE|[263]|Bytes:108
07:44:10.0 (144222700)|VARIABLE_SCOPE_BEGIN|[263]|insrncBnftInstance|Insurance_Benefit__c|true|false
07:44:10.0 (144262927)|VARIABLE_ASSIGNMENT|[263]|insrncBnftInstance|{"Id":"a1H29000000pRTZEA2","Name":"Insurance Benefit 75 (2 more) ...","RecordTypeId":"012j00000015GS7AAM","Patient_Insurance__c":"a1b29000000lvHQAAY","PHP_Admit_Co_Payment (3 more) ...":0.00,"Deductible__c":10000.00,"Deductible_Met__c":0.00,"Max_Out_of_Pocket_Re (10 more) ...":20000.00,"Insurance_Company_is (18 more) ...":false,"Annual_Max_Remaining (3 more) ...":1000000,"Deductible_Remaining (3 more) ...":10000.00,"Detox_Pays_at__c":60.00,"RTC_Pays_at__c":60.00,"PHP_Pays_at__c":60.00,"IOP_Pays_at__c":60.00,"Uncovered_Days_Rate_ (2 more) ...":630.00,"Room_and_Board_Days_ (7 more) ...":2000.00,"Deductible_Included_ (9 more) ...":"Yes","Lifetime_Max__c":1000000.00,"Lifetime_Max_Met__c":0.00,"Annual_Max__c":1000000.00,"Annual_Max_Met__c":0.00,"Max_Out_of_Pocket__c":20000.00,"Max_Out_of_Pocket_Me (4 more) ...":0.00,"RecordType":{"Name":"Out of Network","Id":"012j00000015GS7AAM"},"Patient_Insurance__r":{"Opportunity__c":"00629000004NTeZAAW","Accreditation__c":"State","Insurance_Company__c":"0012900000AXSP3AAP","Id":"a1b29000000lvHQAAY","Insurance_Company__r":{"Name":"Value Options/Beacon (7 more) ...","Id":"0012900000AXSP3AAP","RecordTypeId":"012j00000015GRqAAM"}}}|0x6c7aa176
07:44:10.0 (144283879)|STATEMENT_EXECUTE|[263]
07:44:10.0 (144285479)|STATEMENT_EXECUTE|[264]
07:44:10.0 (144301691)|HEAP_ALLOCATE|[264]|Bytes:18
07:44:10.0 (144326523)|HEAP_ALLOCATE|[264]|Bytes:39
07:44:10.0 (144342879)|HEAP_ALLOCATE|[EXTERNAL]|Bytes:4
07:44:10.0 (144358552)|HEAP_ALLOCATE|[263]|Bytes:5
07:44:10.0 (144373456)|VARIABLE_ASSIGNMENT|[263]|insrncBnftInstance|null|
07:44:10.0 (144479037)|VARIABLE_ASSIGNMENT|[EXTERNAL]|this|{"estmtCnrgDaysMap":"0x3604b1a1","estmtCvrgeDaysObj":"0x2d1686c2","faciltyOptions":"0x465a2961","fcltyPrgrmOptions":"0x3cf1219b","idToOwnershipFacilit (4 more) ...":"0x71b0c10f","idToTypeFacilityMap":"0x6889696d","insrncBnftMap":"0x3d0f3782","insrncBnftOptions":"0x5a7e1aeb","isIop":false,"isTalbott":false,"meta":"0x2db10012","oppId":"00629000004NTeZ","pawObj":"0xed0d6c8","ptntInsrnceOptions":"0x38cf6633","ptntInsrncMap":"0x124c9a83","ptntInsrncObj":"0x12fca05e","quoteObj":"0x37d8a948","recordId":"00629000004NTeZ","rtAdjstmntOptions":"0x587f94e7","showPILookup":false,"sObjectQueryStr":"","wrprObj":"0x52d79972"}|0x52ba4297
07:44:10.0 (144565187)|VARIABLE_ASSIGNMENT|[EXTERNAL]|this|{"facilitySelected":"","insrncBnft":"0x5bbfa796","insrncBnftSelected":"a1H29000000pRTUEA2","pawDetailListDisplay (4 more) ...":false,"pyAgrmntWrksht":"0x6e8dece0","relatedPAWDetailsLis (1 more) ...":"0x76058553","targetEDR":0.00,"totalAppliedDeductib (2 more) ...":0.00,"totalCoInsurance":0.00,"totalCoPayAmt":0.00,"totalInsCoResp":0.00,"totalInsEIVAmt":0.00,"totalRowCount":0,"totalTalbottDay":0}|0x52d79972
07:44:10.0 (144643344)|VARIABLE_ASSIGNMENT|[EXTERNAL]|this|{"estmtCnrgDaysMap":"0x3604b1a1","estmtCvrgeDaysObj":"0x2d1686c2","faciltyOptions":"0x465a2961","fcltyPrgrmOptions":"0x3cf1219b","idToOwnershipFacilit (4 more) ...":"0x71b0c10f","idToTypeFacilityMap":"0x6889696d","insrncBnftMap":"0x3d0f3782","insrncBnftOptions":"0x5a7e1aeb","isIop":false,"isTalbott":false,"meta":"0x2db10012","oppId":"00629000004NTeZ","pawObj":"0xed0d6c8","ptntInsrnceOptions":"0x38cf6633","ptntInsrncMap":"0x124c9a83","ptntInsrncObj":"0x12fca05e","quoteObj":"0x37d8a948","recordId":"00629000004NTeZ","rtAdjstmntOptions":"0x587f94e7","showPILookup":false,"sObjectQueryStr":"","wrprObj":"0x52d79972"}|0x52ba4297
07:44:10.0 (144707047)|VARIABLE_ASSIGNMENT|[EXTERNAL]|this|{"facilitySelected":"","insrncBnft":"0x5bbfa796","insrncBnftSelected":"a1H29000000pRTUEA2","pawDetailListDisplay (4 more) ...":false,"pyAgrmntWrksht":"0x6e8dece0","relatedPAWDetailsLis (1 more) ...":"0x76058553","targetEDR":0.00,"totalAppliedDeductib (2 more) ...":0.00,"totalCoInsurance":0.00,"totalCoPayAmt":0.00,"totalInsCoResp":0.00,"totalInsEIVAmt":0.00,"totalRowCount":0,"totalTalbottDay":0}|0x52d79972
07:44:10.0 (144740798)|STATEMENT_EXECUTE|[267]
07:44:10.0 (144742699)|STATEMENT_EXECUTE|[268]
07:44:10.0 (144841538)|VARIABLE_ASSIGNMENT|[EXTERNAL]|this|{"estmtCnrgDaysMap":"0x3604b1a1","estmtCvrgeDaysObj":"0x2d1686c2","faciltyOptions":"0x465a2961","fcltyPrgrmOptions":"0x3cf1219b","idToOwnershipFacilit (4 more) ...":"0x71b0c10f","idToTypeFacilityMap":"0x6889696d","insrncBnftMap":"0x3d0f3782","insrncBnftOptions":"0x5a7e1aeb","isIop":false,"isTalbott":false,"meta":"0x2db10012","oppId":"00629000004NTeZ","pawObj":"0xed0d6c8","ptntInsrnceOptions":"0x38cf6633","ptntInsrncMap":"0x124c9a83","ptntInsrncObj":"0x12fca05e","quoteObj":"0x37d8a948","recordId":"00629000004NTeZ","rtAdjstmntOptions":"0x587f94e7","showPILookup":false,"sObjectQueryStr":"","wrprObj":"0x52d79972"}|0x52ba4297
07:44:10.0 (144908381)|VARIABLE_ASSIGNMENT|[EXTERNAL]|this|{"facilitySelected":"","insrncBnft":"0x5bbfa796","insrncBnftSelected":"a1H29000000pRTUEA2","pawDetailListDisplay (4 more) ...":false,"pyAgrmntWrksht":"0x6e8dece0","relatedPAWDetailsLis (1 more) ...":"0x76058553","targetEDR":0.00,"totalAppliedDeductib (2 more) ...":0.00,"totalCoInsurance":0.00,"totalCoPayAmt":0.00,"totalInsCoResp":0.00,"totalInsEIVAmt":0.00,"totalRowCount":0,"totalTalbottDay":0}|0x52d79972
07:44:10.0 (145023819)|VARIABLE_ASSIGNMENT|[EXTERNAL]|this|{"estmtCnrgDaysMap":"0x3604b1a1","estmtCvrgeDaysObj":"0x2d1686c2","faciltyOptions":"0x465a2961","fcltyPrgrmOptions":"0x3cf1219b","idToOwnershipFacilit (4 more) ...":"0x71b0c10f","idToTypeFacilityMap":"0x6889696d","insrncBnftMap":"0x3d0f3782","insrncBnftOptions":"0x5a7e1aeb","isIop":false,"isTalbott":false,"meta":"0x2db10012","oppId":"00629000004NTeZ","pawObj":"0xed0d6c8","ptntInsrnceOptions":"0x38cf6633","ptntInsrncMap":"0x124c9a83","ptntInsrncObj":"0x12fca05e","quoteObj":"0x37d8a948","recordId":"00629000004NTeZ","rtAdjstmntOptions":"0x587f94e7","showPILookup":false,"sObjectQueryStr":"","wrprObj":"0x52d79972"}|0x52ba4297
07:44:10.0 (145095961)|VARIABLE_ASSIGNMENT|[EXTERNAL]|this|{"facilitySelected":"","insrncBnft":"0x5bbfa796","insrncBnftSelected":"a1H29000000pRTUEA2","pawDetailListDisplay (4 more) ...":false,"pyAgrmntWrksht":"0x6e8dece0","relatedPAWDetailsLis (1 more) ...":"0x76058553","targetEDR":0.00,"totalAppliedDeductib (2 more) ...":0.00,"totalCoInsurance":0.00,"totalCoPayAmt":0.00,"totalInsCoResp":0.00,"totalInsEIVAmt":0.00,"totalRowCount":0,"totalTalbottDay":0}|0x52d79972
07:44:10.0 (145137537)|VARIABLE_ASSIGNMENT|[EXTERNAL]|value|{"Id":"a1H29000000pRTUEA2","Name":"Insurance Benefit 75 (2 more) ...","RecordTypeId":"012j00000015GS6AAM","Patient_Insurance__c":"a1b29000000lvHQAAY","PHP_Admit_Co_Payment (3 more) ...":0.00,"Deductible__c":5000.00,"Deductible_Met__c":0.00,"Max_Out_of_Pocket_Re (10 more) ...":10000.00,"Insurance_Company_is (18 more) ...":false,"Annual_Max_Remaining (3 more) ...":1000000,"Deductible_Remaining (3 more) ...":5000.00,"Detox_Pays_at__c":80.00,"RTC_Pays_at__c":80.00,"PHP_Pays_at__c":80.00,"IOP_Pays_at__c":80.00,"Uncovered_Days_Rate_ (2 more) ...":630.00,"Room_and_Board_Days_ (7 more) ...":2000.00,"Deductible_Included_ (9 more) ...":"Yes","Lifetime_Max__c":1000000.00,"Lifetime_Max_Met__c":0.00,"Annual_Max__c":1000000.00,"Annual_Max_Met__c":0.00,"Max_Out_of_Pocket__c":10000.00,"Max_Out_of_Pocket_Me (4 more) ...":0.00,"RecordType":{"Name":"In Network","Id":"012j00000015GS6AAM"},"Patient_Insurance__r":{"Opportunity__c":"00629000004NTeZAAW","Accreditation__c":"State","Insurance_Company__c":"0012900000AXSP3AAP","Id":"a1b29000000lvHQAAY","Insurance_Company__r":{"Name":"Value Options/Beacon (7 more) ...","Id":"0012900000AXSP3AAP","RecordTypeId":"012j00000015GRqAAM"}}}|0x434795fb
07:44:10.0 (145188607)|VARIABLE_ASSIGNMENT|[525]|this.insrncBnft|{"Id":"a1H29000000pRTUEA2","Name":"Insurance Benefit 75 (2 more) ...","RecordTypeId":"012j00000015GS6AAM","Patient_Insurance__c":"a1b29000000lvHQAAY","PHP_Admit_Co_Payment (3 more) ...":0.00,"Deductible__c":5000.00,"Deductible_Met__c":0.00,"Max_Out_of_Pocket_Re (10 more) ...":10000.00,"Insurance_Company_is (18 more) ...":false,"Annual_Max_Remaining (3 more) ...":1000000,"Deductible_Remaining (3 more) ...":5000.00,"Detox_Pays_at__c":80.00,"RTC_Pays_at__c":80.00,"PHP_Pays_at__c":80.00,"IOP_Pays_at__c":80.00,"Uncovered_Days_Rate_ (2 more) ...":630.00,"Room_and_Board_Days_ (7 more) ...":2000.00,"Deductible_Included_ (9 more) ...":"Yes","Lifetime_Max__c":1000000.00,"Lifetime_Max_Met__c":0.00,"Annual_Max__c":1000000.00,"Annual_Max_Met__c":0.00,"Max_Out_of_Pocket__c":10000.00,"Max_Out_of_Pocket_Me (4 more) ...":0.00,"RecordType":{"Name":"In Network","Id":"012j00000015GS6AAM"},"Patient_Insurance__r":{"Opportunity__c":"00629000004NTeZAAW","Accreditation__c":"State","Insurance_Company__c":"0012900000AXSP3AAP","Id":"a1b29000000lvHQAAY","Insurance_Company__r":{"Name":"Value Options/Beacon (7 more) ...","Id":"0012900000AXSP3AAP","RecordTypeId":"012j00000015GRqAAM"}}}|0x52d79972
07:44:10.0 (145214827)|STATEMENT_EXECUTE|[272]
07:44:10.0 (146473544)|SYSTEM_MODE_ENTER|true
07:44:10.0 (146933631)|SYSTEM_MODE_ENTER|true
07:44:10.0 (146988425)|HEAP_ALLOCATE|[EXTERNAL]|Bytes:112
07:44:10.0 (147001883)|VARIABLE_SCOPE_BEGIN|[379]|this|PAW_New_EditCntrllr|true|false
07:44:10.0 (147070034)|VARIABLE_ASSIGNMENT|[379]|this|{"estmtCnrgDaysMap":"0x3604b1a1","estmtCvrgeDaysObj":"0x2d1686c2","faciltyOptions":"0x465a2961","fcltyPrgrmOptions":"0x3cf1219b","idToOwnershipFacilit (4 more) ...":"0x71b0c10f","idToTypeFacilityMap":"0x6889696d","insrncBnftMap":"0x3d0f3782","insrncBnftOptions":"0x5a7e1aeb","isIop":false,"isTalbott":false,"meta":"0x2db10012","oppId":"00629000004NTeZ","pawObj":"0xed0d6c8","ptntInsrnceOptions":"0x38cf6633","ptntInsrncMap":"0x124c9a83","ptntInsrncObj":"0x12fca05e","quoteObj":"0x37d8a948","recordId":"00629000004NTeZ","rtAdjstmntOptions":"0x587f94e7","showPILookup":false,"sObjectQueryStr":"","wrprObj":"0x52d79972"}|0x52ba4297
07:44:10.0 (147095436)|STATEMENT_EXECUTE|[379]
07:44:10.0 (147097353)|STATEMENT_EXECUTE|[380]
07:44:10.0 (147111244)|HEAP_ALLOCATE|[380]|Bytes:4
07:44:10.0 (147173030)|HEAP_ALLOCATE|[EXTERNAL]|Bytes:4
07:44:10.0 (147186262)|VARIABLE_ASSIGNMENT|[380]|this.rtAdjstmntOptions|[]|0x52ba4297
07:44:10.0 (147192090)|STATEMENT_EXECUTE|[381]
07:44:10.0 (147276602)|HEAP_ALLOCATE|[EXTERNAL]|Bytes:4
07:44:10.0 (147362221)|VARIABLE_ASSIGNMENT|[EXTERNAL]|this|{"estmtCnrgDaysMap":"0x3604b1a1","estmtCvrgeDaysObj":"0x2d1686c2","faciltyOptions":"0x465a2961","fcltyPrgrmOptions":"0x3cf1219b","idToOwnershipFacilit (4 more) ...":"0x71b0c10f","idToTypeFacilityMap":"0x6889696d","insrncBnftMap":"0x3d0f3782","insrncBnftOptions":"0x5a7e1aeb","isIop":false,"isTalbott":false,"meta":"0x2db10012","oppId":"00629000004NTeZ","pawObj":"0xed0d6c8","ptntInsrnceOptions":"0x38cf6633","ptntInsrncMap":"0x124c9a83","ptntInsrncObj":"0x12fca05e","quoteObj":"0x37d8a948","recordId":"00629000004NTeZ","rtAdjstmntOptions":"0x5214c389","showPILookup":false,"sObjectQueryStr":"","wrprObj":"0x52d79972"}|0x52ba4297
07:44:10.0 (147437363)|VARIABLE_ASSIGNMENT|[EXTERNAL]|this|{"facilitySelected":"","insrncBnft":"0x434795fb","insrncBnftSelected":"a1H29000000pRTUEA2","pawDetailListDisplay (4 more) ...":false,"pyAgrmntWrksht":"0x6e8dece0","relatedPAWDetailsLis (1 more) ...":"0x76058553","targetEDR":0.00,"totalAppliedDeductib (2 more) ...":0.00,"totalCoInsurance":0.00,"totalCoPayAmt":0.00,"totalInsCoResp":0.00,"totalInsEIVAmt":0.00,"totalRowCount":0,"totalTalbottDay":0}|0x52d79972
07:44:10.0 (147516338)|VARIABLE_ASSIGNMENT|[EXTERNAL]|this|{"estmtCnrgDaysMap":"0x3604b1a1","estmtCvrgeDaysObj":"0x2d1686c2","faciltyOptions":"0x465a2961","fcltyPrgrmOptions":"0x3cf1219b","idToOwnershipFacilit (4 more) ...":"0x71b0c10f","idToTypeFacilityMap":"0x6889696d","insrncBnftMap":"0x3d0f3782","insrncBnftOptions":"0x5a7e1aeb","isIop":false,"isTalbott":false,"meta":"0x2db10012","oppId":"00629000004NTeZ","pawObj":"0xed0d6c8","ptntInsrnceOptions":"0x38cf6633","ptntInsrncMap":"0x124c9a83","ptntInsrncObj":"0x12fca05e","quoteObj":"0x37d8a948","recordId":"00629000004NTeZ","rtAdjstmntOptions":"0x5214c389","showPILookup":false,"sObjectQueryStr":"","wrprObj":"0x52d79972"}|0x52ba4297
07:44:10.0 (147580531)|VARIABLE_ASSIGNMENT|[EXTERNAL]|this|{"facilitySelected":"","insrncBnft":"0x434795fb","insrncBnftSelected":"a1H29000000pRTUEA2","pawDetailListDisplay (4 more) ...":false,"pyAgrmntWrksht":"0x6e8dece0","relatedPAWDetailsLis (1 more) ...":"0x76058553","targetEDR":0.00,"totalAppliedDeductib (2 more) ...":0.00,"totalCoInsurance":0.00,"totalCoPayAmt":0.00,"totalInsCoResp":0.00,"totalInsEIVAmt":0.00,"totalRowCount":0,"totalTalbottDay":0}|0x52d79972
07:44:10.0 (147610458)|STATEMENT_EXECUTE|[382]
07:44:10.0 (147612488)|STATEMENT_EXECUTE|[400]
07:44:10.0 (147988260)|SYSTEM_MODE_ENTER|true
07:44:10.0 (158996635)|VF_SERIALIZE_VIEWSTATE_BEGIN|0660a0000009uTC
07:44:10.0 (166990526)|VF_SERIALIZE_VIEWSTATE_END
07:44:10.176 (176447286)|CUMULATIVE_LIMIT_USAGE
07:44:10.176 (176447286)|LIMIT_USAGE_FOR_NS|(default)|
  Number of SOQL queries: 3 out of 100
  Number of query rows: 5 out of 50000
  Number of SOSL queries: 0 out of 20
  Number of DML statements: 0 out of 150
  Number of DML rows: 0 out of 10000
  Maximum CPU time: 0 out of 10000
  Maximum heap size: 0 out of 6000000
  Number of callouts: 0 out of 100
  Number of Email Invocations: 0 out of 10
  Number of future calls: 0 out of 50
  Number of queueable jobs added to the queue: 0 out of 50
  Number of Mobile Apex push calls: 0 out of 10

07:44:10.176 (176447286)|CUMULATIVE_LIMIT_USAGE_END

07:44:10.0 (176492947)|CODE_UNIT_FINISHED|VF: /apex/PAW_New_Edit
07:44:10.0 (177315971)|EXECUTION_FINISHED
