37.0 APEX_CODE,FINEST;APEX_PROFILING,INFO;CALLOUT,INFO;DB,INFO;SYSTEM,DEBUG;VALIDATION,INFO;VISUALFORCE,INFO;WAVE,INFO;WORKFLOW,FINER
08:39:45.0 (52987)|USER_INFO|[EXTERNAL]|00529000000zYiy|bhakti.gujrathi@eternussolutions.com.frnstgng|Central Standard Time|GMT-06:00
08:39:45.0 (88926)|EXECUTION_STARTED
08:39:45.0 (93212)|CODE_UNIT_STARTED|[EXTERNAL]|0660a0000009uTC|VF: /apex/PAW_New_Edit
08:39:45.0 (9599676)|SYSTEM_MODE_ENTER|true
08:39:45.0 (9872049)|HEAP_ALLOCATE|[72]|Bytes:3
08:39:45.0 (9916727)|HEAP_ALLOCATE|[77]|Bytes:152
08:39:45.0 (9937119)|HEAP_ALLOCATE|[342]|Bytes:408
08:39:45.0 (9952137)|HEAP_ALLOCATE|[355]|Bytes:408
08:39:45.0 (9965157)|HEAP_ALLOCATE|[467]|Bytes:48
08:39:45.0 (9994552)|HEAP_ALLOCATE|[139]|Bytes:6
08:39:45.0 (10028994)|VARIABLE_SCOPE_BEGIN|[35]|PAW_New_EditCntrllr.globalSchemaMap|Map<String,Schema.SObjectType>|true|true
08:39:45.0 (10039188)|VARIABLE_SCOPE_BEGIN|[3]|PAW_New_EditCntrllr.yearEndMode|Boolean|false|true
08:39:45.0 (10084972)|HEAP_ALLOCATE|[EXTERNAL]|Bytes:11
08:39:45.0 (10093744)|HEAP_ALLOCATE|[EXTERNAL]|Bytes:304
08:39:45.0 (10097687)|HEAP_ALLOCATE|[EXTERNAL]|Bytes:98
08:39:45.0 (10101602)|HEAP_ALLOCATE|[EXTERNAL]|Bytes:14
08:39:45.0 (10118550)|METHOD_ENTRY|[1]|01p0a000004sKzV|PAW_New_EditCntrllr.PAW_New_EditCntrllr()
08:39:45.0 (10124836)|STATEMENT_EXECUTE|[1]
08:39:45.0 (10130256)|STATEMENT_EXECUTE|[1]
08:39:45.0 (10131561)|STATEMENT_EXECUTE|[3]
08:39:45.0 (10634333)|VARIABLE_SCOPE_BEGIN|[3]|PAW_YearEnd_Config.setting|Year_End_PAW_Settings__c|true|true
08:39:45.0 (10649849)|HEAP_ALLOCATE|[3]|Bytes:1
08:39:45.0 (10655398)|HEAP_ALLOCATE|[3]|Bytes:1
08:39:45.0 (10958282)|METHOD_ENTRY|[1]|01p29000000Aswf|PAW_YearEnd_Config.PAW_YearEnd_Config()
08:39:45.0 (10964506)|STATEMENT_EXECUTE|[1]
08:39:45.0 (10967742)|STATEMENT_EXECUTE|[1]
08:39:45.0 (10996520)|HEAP_ALLOCATE|[50]|Bytes:5
08:39:45.0 (11020926)|HEAP_ALLOCATE|[56]|Bytes:5
08:39:45.0 (11028939)|HEAP_ALLOCATE|[64]|Bytes:7
08:39:45.0 (11051111)|SYSTEM_MODE_ENTER|false
08:39:45.0 (11067582)|HEAP_ALLOCATE|[3]|Bytes:5
08:39:45.0 (11075563)|SYSTEM_MODE_EXIT|false
08:39:45.0 (11083464)|METHOD_EXIT|[1]|PAW_YearEnd_Config
08:39:45.0 (11095386)|METHOD_ENTRY|[3]|01p29000000Aswf|PAW_YearEnd_Config.fetch()
08:39:45.0 (11126676)|SYSTEM_MODE_ENTER|false
08:39:45.0 (11131351)|HEAP_ALLOCATE|[6]|Bytes:5
08:39:45.0 (11136691)|STATEMENT_EXECUTE|[5]
08:39:45.0 (11142183)|STATEMENT_EXECUTE|[7]
08:39:45.0 (12481538)|HEAP_ALLOCATE|[7]|Bytes:20
08:39:45.0 (12541026)|VARIABLE_ASSIGNMENT|[7]|PAW_YearEnd_Config.setting|{"IsDeleted":false,"Name":"Year End PAW Setting (11 more) ...","SetupOwnerId":"00529000000zYiyAAE","Year_End_Mode_Enable (4 more) ...":false}|0x72ac98c4
08:39:45.0 (12550099)|STATEMENT_EXECUTE|[9]
08:39:45.0 (12553071)|HEAP_ALLOCATE|[9]|Bytes:14
08:39:45.0 (12713656)|HEAP_ALLOCATE|[9]|Bytes:145
08:39:45.0 (12739039)|HEAP_ALLOCATE|[9]|Bytes:159
08:39:45.0 (12764179)|USER_DEBUG|[9]|DEBUG|>>> setting : Year_End_PAW_Settings__c:{IsDeleted=false, Name=Year End PAW Settings (Profile), SetupOwnerId=00529000000zYiyAAE, Year_End_Mode_Enabled__c=false}
08:39:45.0 (12772546)|STATEMENT_EXECUTE|[10]
08:39:45.0 (12777843)|SYSTEM_MODE_EXIT|false
08:39:45.0 (12786542)|METHOD_EXIT|[3]|01p29000000Aswf|PAW_YearEnd_Config.fetch()
08:39:45.0 (12825858)|VARIABLE_ASSIGNMENT|[3]|PAW_New_EditCntrllr.yearEndMode|false
08:39:45.0 (12831493)|STATEMENT_EXECUTE|[524]
08:39:45.0 (12837292)|METHOD_EXIT|[1]|PAW_New_EditCntrllr
08:39:45.0 (12845339)|HEAP_ALLOCATE|[EXTERNAL]|Bytes:112
08:39:45.0 (12852147)|VARIABLE_SCOPE_BEGIN|[41]|this|PAW_New_EditCntrllr|true|false
08:39:45.0 (12909679)|VARIABLE_ASSIGNMENT|[41]|this|{}|0x228ebde0
08:39:45.0 (12917592)|STATEMENT_EXECUTE|[1]
08:39:45.0 (12918645)|STATEMENT_EXECUTE|[7]
08:39:45.0 (12919518)|STATEMENT_EXECUTE|[8]
08:39:45.0 (12920322)|STATEMENT_EXECUTE|[9]
08:39:45.0 (12925456)|STATEMENT_EXECUTE|[10]
08:39:45.0 (12926354)|STATEMENT_EXECUTE|[11]
08:39:45.0 (12937254)|VARIABLE_ASSIGNMENT|[11]|this.oppId|""|0x228ebde0
08:39:45.0 (12942639)|STATEMENT_EXECUTE|[12]
08:39:45.0 (12943560)|STATEMENT_EXECUTE|[13]
08:39:45.0 (12944456)|STATEMENT_EXECUTE|[14]
08:39:45.0 (12945236)|STATEMENT_EXECUTE|[15]
08:39:45.0 (12946128)|STATEMENT_EXECUTE|[16]
08:39:45.0 (12946923)|STATEMENT_EXECUTE|[18]
08:39:45.0 (12947832)|STATEMENT_EXECUTE|[19]
08:39:45.0 (12948610)|STATEMENT_EXECUTE|[20]
08:39:45.0 (12949423)|STATEMENT_EXECUTE|[21]
08:39:45.0 (12950324)|STATEMENT_EXECUTE|[22]
08:39:45.0 (12951099)|STATEMENT_EXECUTE|[23]
08:39:45.0 (12951991)|STATEMENT_EXECUTE|[24]
08:39:45.0 (12952766)|STATEMENT_EXECUTE|[25]
08:39:45.0 (12953549)|STATEMENT_EXECUTE|[26]
08:39:45.0 (12954444)|STATEMENT_EXECUTE|[27]
08:39:45.0 (12955232)|STATEMENT_EXECUTE|[28]
08:39:45.0 (12956247)|STATEMENT_EXECUTE|[30]
08:39:45.0 (12957018)|STATEMENT_EXECUTE|[31]
08:39:45.0 (12957912)|STATEMENT_EXECUTE|[32]
08:39:45.0 (12958694)|STATEMENT_EXECUTE|[33]
08:39:45.0 (12959600)|STATEMENT_EXECUTE|[37]
08:39:45.0 (12960487)|STATEMENT_EXECUTE|[38]
08:39:45.0 (12967684)|HEAP_ALLOCATE|[11]|Bytes:6
08:39:45.0 (13000738)|STATEMENT_EXECUTE|[41]
08:39:45.0 (13002731)|STATEMENT_EXECUTE|[44]
08:39:45.0 (60534904)|HEAP_ALLOCATE|[44]|Bytes:2408
08:39:45.0 (60933072)|VARIABLE_ASSIGNMENT|[44]|PAW_New_EditCntrllr.globalSchemaMap|"{abused_substance__c=Abused_Substance__c, abused_substance__feed=Abused_Substance__Feed, abused_substance__history=Abused_Substance__History, acceptedeventrelation=AcceptedEventRelation, account=Account, account_review__c=Account_Review__c, account_review__history=Account_Review__History, account_satisfaction_survey__c=Account_Satisfaction_Survey__c, accountcontactrole=AccountContactRole, accountfeed=AccountFeed, ...}"|0x6efaf694
08:39:45.0 (60948561)|STATEMENT_EXECUTE|[45]
08:39:45.0 (61078377)|VARIABLE_ASSIGNMENT|[EXTERNAL]|this|{"oppId":""}|0x228ebde0
08:39:45.0 (61099530)|VARIABLE_ASSIGNMENT|[EXTERNAL]|value|false
08:39:45.0 (61108474)|HEAP_ALLOCATE|[32]|Bytes:5
08:39:45.0 (61121400)|VARIABLE_ASSIGNMENT|[32]|this.isTalbott|false|0x228ebde0
08:39:45.0 (61131631)|STATEMENT_EXECUTE|[46]
08:39:45.0 (61175434)|VARIABLE_ASSIGNMENT|[EXTERNAL]|this|{"isTalbott":false,"oppId":""}|0x228ebde0
08:39:45.0 (61183048)|VARIABLE_ASSIGNMENT|[EXTERNAL]|value|false
08:39:45.0 (61187561)|HEAP_ALLOCATE|[33]|Bytes:5
08:39:45.0 (61193896)|VARIABLE_ASSIGNMENT|[33]|this.isIop|false|0x228ebde0
08:39:45.0 (61200357)|STATEMENT_EXECUTE|[47]
08:39:45.0 (61207928)|VARIABLE_ASSIGNMENT|[47]|this.sObjectQueryStr|""|0x228ebde0
08:39:45.0 (61212056)|STATEMENT_EXECUTE|[48]
08:39:45.0 (61273525)|HEAP_ALLOCATE|[48]|Bytes:4
08:39:45.0 (61383844)|VARIABLE_ASSIGNMENT|[48]|this.quoteObj|{}|0x228ebde0
08:39:45.0 (61389961)|STATEMENT_EXECUTE|[49]
08:39:45.0 (61484616)|HEAP_ALLOCATE|[49]|Bytes:476
08:39:45.0 (61491491)|HEAP_ALLOCATE|[49]|Bytes:71
08:39:45.0 (61501415)|HEAP_ALLOCATE|[49]|Bytes:84
08:39:45.0 (61513152)|CONSTRUCTOR_ENTRY|[49]|01p0a000004sKzV|<init>()
08:39:45.0 (61531920)|VARIABLE_SCOPE_BEGIN|[546]|this|PAW_New_EditCntrllr.WraperClass|true|false
08:39:45.0 (61568446)|VARIABLE_ASSIGNMENT|[546]|this|{}|0x1a5ac75b
08:39:45.0 (61574371)|STATEMENT_EXECUTE|[524]
08:39:45.0 (61575979)|STATEMENT_EXECUTE|[525]
08:39:45.0 (61577090)|STATEMENT_EXECUTE|[526]
08:39:45.0 (61578280)|STATEMENT_EXECUTE|[527]
08:39:45.0 (61579102)|STATEMENT_EXECUTE|[528]
08:39:45.0 (61580142)|STATEMENT_EXECUTE|[529]
08:39:45.0 (61580988)|STATEMENT_EXECUTE|[530]
08:39:45.0 (61581775)|STATEMENT_EXECUTE|[531]
08:39:45.0 (61582671)|STATEMENT_EXECUTE|[532]
08:39:45.0 (61583457)|STATEMENT_EXECUTE|[533]
08:39:45.0 (61584239)|STATEMENT_EXECUTE|[534]
08:39:45.0 (61585026)|STATEMENT_EXECUTE|[535]
08:39:45.0 (61585911)|STATEMENT_EXECUTE|[536]
08:39:45.0 (61586703)|STATEMENT_EXECUTE|[537]
08:39:45.0 (61587480)|STATEMENT_EXECUTE|[538]
08:39:45.0 (61588266)|STATEMENT_EXECUTE|[539]
08:39:45.0 (61589169)|STATEMENT_EXECUTE|[540]
08:39:45.0 (61589961)|STATEMENT_EXECUTE|[541]
08:39:45.0 (61590803)|STATEMENT_EXECUTE|[542]
08:39:45.0 (61591590)|STATEMENT_EXECUTE|[543]
08:39:45.0 (61592406)|STATEMENT_EXECUTE|[544]
08:39:45.0 (61606447)|STATEMENT_EXECUTE|[546]
08:39:45.0 (61607555)|STATEMENT_EXECUTE|[547]
08:39:45.0 (61640064)|HEAP_ALLOCATE|[547]|Bytes:4
08:39:45.0 (61731903)|VARIABLE_ASSIGNMENT|[EXTERNAL]|this|{}|0x1a5ac75b
08:39:45.0 (61741752)|VARIABLE_ASSIGNMENT|[EXTERNAL]|value|{}|0x1f6d06f3
08:39:45.0 (61751180)|VARIABLE_ASSIGNMENT|[525]|this.pyAgrmntWrksht|{}|0x1a5ac75b
08:39:45.0 (61758732)|STATEMENT_EXECUTE|[548]
08:39:45.0 (61785261)|HEAP_ALLOCATE|[548]|Bytes:4
08:39:45.0 (61862893)|VARIABLE_ASSIGNMENT|[EXTERNAL]|this|{"pyAgrmntWrksht":"0x1f6d06f3"}|0x1a5ac75b
08:39:45.0 (61876643)|VARIABLE_ASSIGNMENT|[EXTERNAL]|value|{}|0x48dbd943
08:39:45.0 (61885705)|VARIABLE_ASSIGNMENT|[526]|this.insrncBnft|{}|0x1a5ac75b
08:39:45.0 (61893180)|STATEMENT_EXECUTE|[549]
08:39:45.0 (61931249)|VARIABLE_ASSIGNMENT|[EXTERNAL]|this|{"insrncBnft":"0x48dbd943","pyAgrmntWrksht":"0x1f6d06f3"}|0x1a5ac75b
08:39:45.0 (61938315)|VARIABLE_ASSIGNMENT|[EXTERNAL]|value|""
08:39:45.0 (61945151)|VARIABLE_ASSIGNMENT|[527]|this.insrncBnftSelected|""|0x1a5ac75b
08:39:45.0 (61951850)|STATEMENT_EXECUTE|[550]
08:39:45.0 (61982109)|VARIABLE_ASSIGNMENT|[EXTERNAL]|this|{"insrncBnft":"0x48dbd943","insrncBnftSelected":"","pyAgrmntWrksht":"0x1f6d06f3"}|0x1a5ac75b
08:39:45.0 (61988157)|VARIABLE_ASSIGNMENT|[EXTERNAL]|value|""
08:39:45.0 (61997506)|VARIABLE_ASSIGNMENT|[528]|this.facilitySelected|""|0x1a5ac75b
08:39:45.0 (62003639)|STATEMENT_EXECUTE|[551]
08:39:45.0 (62035240)|VARIABLE_ASSIGNMENT|[EXTERNAL]|this|{"facilitySelected":"","insrncBnft":"0x48dbd943","insrncBnftSelected":"","pyAgrmntWrksht":"0x1f6d06f3"}|0x1a5ac75b
08:39:45.0 (62041607)|VARIABLE_ASSIGNMENT|[EXTERNAL]|value|""
08:39:45.0 (62046537)|VARIABLE_ASSIGNMENT|[529]|this.fcltyPrgrmSelected|""|0x1a5ac75b
08:39:45.0 (62052968)|STATEMENT_EXECUTE|[552]
08:39:45.0 (62081999)|VARIABLE_ASSIGNMENT|[EXTERNAL]|this|{"facilitySelected":"","fcltyPrgrmSelected":"","insrncBnft":"0x48dbd943","insrncBnftSelected":"","pyAgrmntWrksht":"0x1f6d06f3"}|0x1a5ac75b
08:39:45.0 (62088231)|VARIABLE_ASSIGNMENT|[EXTERNAL]|value|""
08:39:45.0 (62093858)|VARIABLE_ASSIGNMENT|[530]|this.rateAdjstmntSelected|""|0x1a5ac75b
08:39:45.0 (62099955)|STATEMENT_EXECUTE|[553]
08:39:45.0 (62133218)|VARIABLE_ASSIGNMENT|[EXTERNAL]|this|{"facilitySelected":"","fcltyPrgrmSelected":"","insrncBnft":"0x48dbd943","insrncBnftSelected":"","pyAgrmntWrksht":"0x1f6d06f3","rateAdjstmntSelected":""}|0x1a5ac75b
08:39:45.0 (62142853)|VARIABLE_ASSIGNMENT|[EXTERNAL]|value|0
08:39:45.0 (62147593)|HEAP_ALLOCATE|[531]|Bytes:4
08:39:45.0 (62154990)|VARIABLE_ASSIGNMENT|[531]|this.totalRowCount|0|0x1a5ac75b
08:39:45.0 (62161237)|STATEMENT_EXECUTE|[554]
08:39:45.0 (62164486)|HEAP_ALLOCATE|[554]|Bytes:4
08:39:45.0 (62195093)|HEAP_ALLOCATE|[554]|Bytes:28
08:39:45.0 (62233594)|VARIABLE_ASSIGNMENT|[EXTERNAL]|this|{"facilitySelected":"","fcltyPrgrmSelected":"","insrncBnft":"0x48dbd943","insrncBnftSelected":"","pyAgrmntWrksht":"0x1f6d06f3","rateAdjstmntSelected":"","totalRowCount":0}|0x1a5ac75b
08:39:45.0 (62244481)|VARIABLE_ASSIGNMENT|[EXTERNAL]|value|0.00
08:39:45.0 (62251224)|VARIABLE_ASSIGNMENT|[532]|this.totalTalbottDay|0.00|0x1a5ac75b
08:39:45.0 (62257491)|STATEMENT_EXECUTE|[555]
08:39:45.0 (62262657)|HEAP_ALLOCATE|[555]|Bytes:28
08:39:45.0 (62300787)|VARIABLE_ASSIGNMENT|[EXTERNAL]|this|{"facilitySelected":"","fcltyPrgrmSelected":"","insrncBnft":"0x48dbd943","insrncBnftSelected":"","pyAgrmntWrksht":"0x1f6d06f3","rateAdjstmntSelected":"","totalRowCount":0,"totalTalbottDay":0.00}|0x1a5ac75b
08:39:45.0 (62307988)|VARIABLE_ASSIGNMENT|[EXTERNAL]|value|0.00
08:39:45.0 (62313790)|VARIABLE_ASSIGNMENT|[533]|this.totalInsCoResp|0.00|0x1a5ac75b
08:39:45.0 (62320062)|STATEMENT_EXECUTE|[556]
08:39:45.0 (62324178)|HEAP_ALLOCATE|[556]|Bytes:28
08:39:45.0 (62358663)|VARIABLE_ASSIGNMENT|[EXTERNAL]|this|{"facilitySelected":"","fcltyPrgrmSelected":"","insrncBnft":"0x48dbd943","insrncBnftSelected":"","pyAgrmntWrksht":"0x1f6d06f3","rateAdjstmntSelected":"","totalInsCoResp":0.00,"totalRowCount":0,"totalTalbottDay":0.00}|0x1a5ac75b
08:39:45.0 (62366143)|VARIABLE_ASSIGNMENT|[EXTERNAL]|value|0.00
08:39:45.0 (62371573)|VARIABLE_ASSIGNMENT|[534]|this.totalCoPayAmt|0.00|0x1a5ac75b
08:39:45.0 (62377527)|STATEMENT_EXECUTE|[557]
08:39:45.0 (62381458)|HEAP_ALLOCATE|[557]|Bytes:28
08:39:45.0 (62422504)|VARIABLE_ASSIGNMENT|[EXTERNAL]|this|{"facilitySelected":"","fcltyPrgrmSelected":"","insrncBnft":"0x48dbd943","insrncBnftSelected":"","pyAgrmntWrksht":"0x1f6d06f3","rateAdjstmntSelected":"","totalCoPayAmt":0.00,"totalInsCoResp":0.00,"totalRowCount":0,"totalTalbottDay":0.00}|0x1a5ac75b
08:39:45.0 (62431617)|VARIABLE_ASSIGNMENT|[EXTERNAL]|value|0.00
08:39:45.0 (62438279)|VARIABLE_ASSIGNMENT|[535]|this.targetEDR|0.00|0x1a5ac75b
08:39:45.0 (62444908)|STATEMENT_EXECUTE|[558]
08:39:45.0 (62449693)|HEAP_ALLOCATE|[558]|Bytes:28
08:39:45.0 (62455734)|VARIABLE_ASSIGNMENT|[558]|this.totalAppliedDeductible|0.00|0x1a5ac75b
08:39:45.0 (62459839)|STATEMENT_EXECUTE|[559]
08:39:45.0 (62462469)|HEAP_ALLOCATE|[559]|Bytes:28
08:39:45.0 (62467307)|VARIABLE_ASSIGNMENT|[559]|this.totalCoInsurance|0.00|0x1a5ac75b
08:39:45.0 (62471074)|STATEMENT_EXECUTE|[560]
08:39:45.0 (62473485)|HEAP_ALLOCATE|[560]|Bytes:28
08:39:45.0 (62478427)|VARIABLE_ASSIGNMENT|[560]|this.totalInsEIVAmt|0.00|0x1a5ac75b
08:39:45.0 (62483096)|STATEMENT_EXECUTE|[561]
08:39:45.0 (62523021)|VARIABLE_ASSIGNMENT|[EXTERNAL]|this|{"facilitySelected":"","fcltyPrgrmSelected":"","insrncBnft":"0x48dbd943","insrncBnftSelected":"","pyAgrmntWrksht":"0x1f6d06f3","rateAdjstmntSelected":"","targetEDR":0.00,"totalAppliedDeductib (2 more) ...":0.00,"totalCoInsurance":0.00,"totalCoPayAmt":0.00,"totalInsCoResp":0.00,"totalInsEIVAmt":0.00,"totalRowCount":0,"totalTalbottDay":0.00}|0x1a5ac75b
08:39:45.0 (62533845)|VARIABLE_ASSIGNMENT|[EXTERNAL]|value|false
08:39:45.0 (62538546)|HEAP_ALLOCATE|[543]|Bytes:5
08:39:45.0 (62543840)|VARIABLE_ASSIGNMENT|[543]|this.pawDetailListDisplayFlag|false|0x1a5ac75b
08:39:45.0 (62549945)|STATEMENT_EXECUTE|[562]
08:39:45.0 (62637540)|HEAP_ALLOCATE|[562]|Bytes:4
08:39:45.0 (62740936)|VARIABLE_ASSIGNMENT|[EXTERNAL]|this|{"facilitySelected":"","fcltyPrgrmSelected":"","insrncBnft":"0x48dbd943","insrncBnftSelected":"","pawDetailListDisplay (4 more) ...":false,"pyAgrmntWrksht":"0x1f6d06f3","rateAdjstmntSelected":"","targetEDR":0.00,"totalAppliedDeductib (2 more) ...":0.00,"totalCoInsurance":0.00,"totalCoPayAmt":0.00,"totalInsCoResp":0.00,"totalInsEIVAmt":0.00,"totalRowCount":0,"totalTalbottDay":0.00}|0x1a5ac75b
08:39:45.0 (62755252)|HEAP_ALLOCATE|[EXTERNAL]|Bytes:4
08:39:45.0 (62765621)|VARIABLE_ASSIGNMENT|[EXTERNAL]|value|[]|0x71acd89a
08:39:45.0 (62773599)|VARIABLE_ASSIGNMENT|[544]|this.relatedPAWDetailsList|[]|0x1a5ac75b
08:39:45.0 (62782790)|CONSTRUCTOR_EXIT|[49]|01p0a000004sKzV|<init>()
08:39:45.0 (62822965)|VARIABLE_ASSIGNMENT|[EXTERNAL]|this|{"isIop":false,"isTalbott":false,"oppId":"","quoteObj":"0x3d00b9eb","sObjectQueryStr":""}|0x228ebde0
08:39:45.0 (62855815)|VARIABLE_ASSIGNMENT|[EXTERNAL]|value|{"facilitySelected":"","fcltyPrgrmSelected":"","insrncBnft":"0x48dbd943","insrncBnftSelected":"","pawDetailListDisplay (4 more) ...":false,"pyAgrmntWrksht":"0x1f6d06f3","rateAdjstmntSelected":"","relatedPAWDetailsLis (1 more) ...":"0x71acd89a","targetEDR":0.00,"totalAppliedDeductib (2 more) ...":0.00,"totalCoInsurance":0.00,"totalCoPayAmt":0.00,"totalInsCoResp":0.00,"totalInsEIVAmt":0.00,"totalRowCount":0,"totalTalbottDay":0.00}|0x1a5ac75b
08:39:45.0 (62868568)|VARIABLE_ASSIGNMENT|[30]|this.wrprObj|0x1a5ac75b|0x228ebde0
08:39:45.0 (62875187)|STATEMENT_EXECUTE|[50]
08:39:45.0 (62904302)|HEAP_ALLOCATE|[50]|Bytes:4
08:39:45.0 (63007797)|VARIABLE_ASSIGNMENT|[EXTERNAL]|this|{"isIop":false,"isTalbott":false,"oppId":"","quoteObj":"0x3d00b9eb","sObjectQueryStr":"","wrprObj":"0x1a5ac75b"}|0x228ebde0
08:39:45.0 (63018556)|VARIABLE_ASSIGNMENT|[EXTERNAL]|value|{}|0x4a2d7a26
08:39:45.0 (63030064)|VARIABLE_ASSIGNMENT|[18]|this.ptntInsrncObj|{}|0x228ebde0
08:39:45.0 (63037437)|STATEMENT_EXECUTE|[51]
08:39:45.0 (63049577)|HEAP_ALLOCATE|[51]|Bytes:4
08:39:45.0 (63092811)|HEAP_ALLOCATE|[EXTERNAL]|Bytes:4
08:39:45.0 (63104611)|VARIABLE_ASSIGNMENT|[51]|this.ptntInsrnceOptions|[]|0x228ebde0
08:39:45.0 (63109612)|STATEMENT_EXECUTE|[52]
08:39:45.0 (63114879)|HEAP_ALLOCATE|[52]|Bytes:4
08:39:45.0 (63135244)|HEAP_ALLOCATE|[EXTERNAL]|Bytes:4
08:39:45.0 (63141274)|VARIABLE_ASSIGNMENT|[52]|this.insrncBnftOptions|[]|0x228ebde0
08:39:45.0 (63145763)|STATEMENT_EXECUTE|[53]
08:39:45.0 (63149956)|HEAP_ALLOCATE|[53]|Bytes:4
08:39:45.0 (63201097)|VARIABLE_ASSIGNMENT|[EXTERNAL]|this|{"insrncBnftOptions":"0x5c2aa3e1","isIop":false,"isTalbott":false,"oppId":"","ptntInsrnceOptions":"0x4bd5c8f6","ptntInsrncObj":"0x4a2d7a26","quoteObj":"0x3d00b9eb","sObjectQueryStr":"","wrprObj":"0x1a5ac75b"}|0x228ebde0
08:39:45.0 (63216959)|HEAP_ALLOCATE|[EXTERNAL]|Bytes:4
08:39:45.0 (63221897)|VARIABLE_ASSIGNMENT|[EXTERNAL]|value|[]|0x7322ff86
08:39:45.0 (63229785)|VARIABLE_ASSIGNMENT|[14]|this.faciltyOptions|[]|0x228ebde0
08:39:45.0 (63236228)|STATEMENT_EXECUTE|[54]
08:39:45.0 (63241024)|HEAP_ALLOCATE|[54]|Bytes:4
08:39:45.0 (63289692)|VARIABLE_ASSIGNMENT|[EXTERNAL]|this|{"faciltyOptions":"0x7322ff86","insrncBnftOptions":"0x5c2aa3e1","isIop":false,"isTalbott":false,"oppId":"","ptntInsrnceOptions":"0x4bd5c8f6","ptntInsrncObj":"0x4a2d7a26","quoteObj":"0x3d00b9eb","sObjectQueryStr":"","wrprObj":"0x1a5ac75b"}|0x228ebde0
08:39:45.0 (63304763)|HEAP_ALLOCATE|[EXTERNAL]|Bytes:4
08:39:45.0 (63309651)|VARIABLE_ASSIGNMENT|[EXTERNAL]|value|[]|0x52ff578e
08:39:45.0 (63316822)|VARIABLE_ASSIGNMENT|[15]|this.fcltyPrgrmOptions|[]|0x228ebde0
08:39:45.0 (63323192)|STATEMENT_EXECUTE|[55]
08:39:45.0 (63327890)|HEAP_ALLOCATE|[55]|Bytes:4
08:39:45.0 (63347762)|HEAP_ALLOCATE|[EXTERNAL]|Bytes:4
08:39:45.0 (63352711)|VARIABLE_ASSIGNMENT|[55]|this.rtAdjstmntOptions|[]|0x228ebde0
08:39:45.0 (63357070)|STATEMENT_EXECUTE|[56]
08:39:45.0 (63370483)|HEAP_ALLOCATE|[56]|Bytes:4
08:39:45.0 (63388772)|VARIABLE_ASSIGNMENT|[56]|this.idToOwnershipFacilityMap|{}|0x228ebde0
08:39:45.0 (63393869)|STATEMENT_EXECUTE|[57]
08:39:45.0 (63398405)|HEAP_ALLOCATE|[57]|Bytes:4
08:39:45.0 (63406289)|VARIABLE_ASSIGNMENT|[57]|this.idToTypeFacilityMap|{}|0x228ebde0
08:39:45.0 (63410947)|STATEMENT_EXECUTE|[58]
08:39:45.0 (63449359)|HEAP_ALLOCATE|[58]|Bytes:4
08:39:45.0 (63475226)|VARIABLE_ASSIGNMENT|[58]|this.insrncBnftMap|{}|0x228ebde0
08:39:45.0 (63480002)|STATEMENT_EXECUTE|[59]
08:39:45.0 (63506415)|HEAP_ALLOCATE|[59]|Bytes:4
08:39:45.0 (63558852)|VARIABLE_ASSIGNMENT|[59]|this.estmtCvrgeDaysObj|{}|0x228ebde0
08:39:45.0 (63564208)|STATEMENT_EXECUTE|[60]
08:39:45.0 (63575256)|HEAP_ALLOCATE|[60]|Bytes:4
08:39:45.0 (63588237)|VARIABLE_ASSIGNMENT|[60]|this.pawObj|{}|0x228ebde0
08:39:45.0 (63592983)|STATEMENT_EXECUTE|[61]
08:39:45.0 (63660057)|HEAP_ALLOCATE|[61]|Bytes:39
08:39:45.0 (63696395)|HEAP_ALLOCATE|[61]|Bytes:17
08:39:45.0 (63713349)|HEAP_ALLOCATE|[61]|Bytes:2
08:39:45.0 (63790935)|VARIABLE_ASSIGNMENT|[EXTERNAL]|this|{"estmtCvrgeDaysObj":"0x5bc3d39b","faciltyOptions":"0x7322ff86","fcltyPrgrmOptions":"0x52ff578e","idToOwnershipFacilit (4 more) ...":"0x3e34226d","idToTypeFacilityMap":"0x5a0e24e2","insrncBnftMap":"0x72654b0a","insrncBnftOptions":"0x5c2aa3e1","isIop":false,"isTalbott":false,"oppId":"","pawObj":"0x37ff11d6","ptntInsrnceOptions":"0x4bd5c8f6","ptntInsrncObj":"0x4a2d7a26","quoteObj":"0x3d00b9eb","rtAdjstmntOptions":"0x28c76a0e","sObjectQueryStr":"","wrprObj":"0x1a5ac75b"}|0x228ebde0
08:39:45.0 (63803820)|VARIABLE_ASSIGNMENT|[EXTERNAL]|value|"00629000004NTeZ"
08:39:45.0 (63812699)|VARIABLE_ASSIGNMENT|[7]|this.recordId|"00629000004NTeZ"|0x228ebde0
08:39:45.0 (63819817)|STATEMENT_EXECUTE|[62]
08:39:45.0 (63835925)|HEAP_ALLOCATE|[62]|Bytes:39
08:39:45.0 (63853823)|HEAP_ALLOCATE|[62]|Bytes:17
08:39:45.0 (63865357)|HEAP_ALLOCATE|[62]|Bytes:5
08:39:45.0 (63880149)|VARIABLE_ASSIGNMENT|[62]|this.isClone|null|0x228ebde0
08:39:45.0 (63884877)|STATEMENT_EXECUTE|[63]
08:39:45.0 (63896313)|HEAP_ALLOCATE|[63]|Bytes:39
08:39:45.0 (63909891)|HEAP_ALLOCATE|[63]|Bytes:17
08:39:45.0 (63919752)|HEAP_ALLOCATE|[63]|Bytes:7
08:39:45.0 (63934433)|VARIABLE_ASSIGNMENT|[63]|this.quoteId|null|0x228ebde0
08:39:45.0 (63939443)|STATEMENT_EXECUTE|[64]
08:39:45.0 (64757935)|HEAP_ALLOCATE|[64]|Bytes:160
08:39:45.0 (64766564)|HEAP_ALLOCATE|[64]|Bytes:11
08:39:45.0 (64774104)|HEAP_ALLOCATE|[64]|Bytes:44
08:39:45.0 (64784029)|CONSTRUCTOR_ENTRY|[64]|01p29000000Aswe|<init>()
08:39:45.0 (64799501)|VARIABLE_SCOPE_BEGIN|[12]|this|PAW_Editor_YearEndController.MetaData|true|false
08:39:45.0 (64825322)|VARIABLE_ASSIGNMENT|[12]|this|{}|0x3c562c0
08:39:45.0 (64841600)|STATEMENT_EXECUTE|[12]
08:39:45.0 (64843166)|STATEMENT_EXECUTE|[13]
08:39:45.0 (64844198)|STATEMENT_EXECUTE|[14]
08:39:45.0 (64845025)|STATEMENT_EXECUTE|[15]
08:39:45.0 (64845931)|STATEMENT_EXECUTE|[16]
08:39:45.0 (64846717)|STATEMENT_EXECUTE|[17]
08:39:45.0 (64847502)|STATEMENT_EXECUTE|[18]
08:39:45.0 (64848403)|STATEMENT_EXECUTE|[19]
08:39:45.0 (64849218)|STATEMENT_EXECUTE|[20]
08:39:45.0 (64850001)|STATEMENT_EXECUTE|[21]
08:39:45.0 (64850915)|STATEMENT_EXECUTE|[22]
08:39:45.0 (64853722)|CONSTRUCTOR_EXIT|[64]|01p29000000Aswe|<init>()
08:39:45.0 (64910425)|VARIABLE_ASSIGNMENT|[EXTERNAL]|this|{"estmtCvrgeDaysObj":"0x5bc3d39b","faciltyOptions":"0x7322ff86","fcltyPrgrmOptions":"0x52ff578e","idToOwnershipFacilit (4 more) ...":"0x3e34226d","idToTypeFacilityMap":"0x5a0e24e2","insrncBnftMap":"0x72654b0a","insrncBnftOptions":"0x5c2aa3e1","isIop":false,"isTalbott":false,"oppId":"","pawObj":"0x37ff11d6","ptntInsrnceOptions":"0x4bd5c8f6","ptntInsrncObj":"0x4a2d7a26","quoteObj":"0x3d00b9eb","recordId":"00629000004NTeZ","rtAdjstmntOptions":"0x28c76a0e","sObjectQueryStr":"","wrprObj":"0x1a5ac75b"}|0x228ebde0
08:39:45.0 (64933636)|VARIABLE_ASSIGNMENT|[EXTERNAL]|value|{}|0x3c562c0
08:39:45.0 (64943174)|VARIABLE_ASSIGNMENT|[37]|this.meta|0x3c562c0|0x228ebde0
08:39:45.0 (69959836)|HEAP_ALLOCATE|[EXTERNAL]|Bytes:112
08:39:45.0 (69972223)|VARIABLE_SCOPE_BEGIN|[69]|this|PAW_New_EditCntrllr|true|false
08:39:45.0 (70042041)|VARIABLE_ASSIGNMENT|[69]|this|{"estmtCvrgeDaysObj":"0x5bc3d39b","faciltyOptions":"0x7322ff86","fcltyPrgrmOptions":"0x52ff578e","idToOwnershipFacilit (4 more) ...":"0x3e34226d","idToTypeFacilityMap":"0x5a0e24e2","insrncBnftMap":"0x72654b0a","insrncBnftOptions":"0x5c2aa3e1","isIop":false,"isTalbott":false,"meta":"0x3c562c0","oppId":"","pawObj":"0x37ff11d6","ptntInsrnceOptions":"0x4bd5c8f6","ptntInsrncObj":"0x4a2d7a26","quoteObj":"0x3d00b9eb","recordId":"00629000004NTeZ","rtAdjstmntOptions":"0x28c76a0e","sObjectQueryStr":"","wrprObj":"0x1a5ac75b"}|0x228ebde0
08:39:45.0 (70060708)|STATEMENT_EXECUTE|[69]
08:39:45.0 (70062794)|STATEMENT_EXECUTE|[71]
08:39:45.0 (70066331)|HEAP_ALLOCATE|[71]|Bytes:5
08:39:45.0 (70097557)|USER_DEBUG|[71]|DEBUG|>>> 1
08:39:45.0 (70111273)|STATEMENT_EXECUTE|[72]
08:39:45.0 (70170056)|VARIABLE_ASSIGNMENT|[EXTERNAL]|this|{"estmtCvrgeDaysObj":"0x5bc3d39b","faciltyOptions":"0x7322ff86","fcltyPrgrmOptions":"0x52ff578e","idToOwnershipFacilit (4 more) ...":"0x3e34226d","idToTypeFacilityMap":"0x5a0e24e2","insrncBnftMap":"0x72654b0a","insrncBnftOptions":"0x5c2aa3e1","isIop":false,"isTalbott":false,"meta":"0x3c562c0","oppId":"","pawObj":"0x37ff11d6","ptntInsrnceOptions":"0x4bd5c8f6","ptntInsrncObj":"0x4a2d7a26","quoteObj":"0x3d00b9eb","recordId":"00629000004NTeZ","rtAdjstmntOptions":"0x28c76a0e","sObjectQueryStr":"","wrprObj":"0x1a5ac75b"}|0x228ebde0
08:39:45.0 (70225546)|VARIABLE_ASSIGNMENT|[EXTERNAL]|this|{"estmtCvrgeDaysObj":"0x5bc3d39b","faciltyOptions":"0x7322ff86","fcltyPrgrmOptions":"0x52ff578e","idToOwnershipFacilit (4 more) ...":"0x3e34226d","idToTypeFacilityMap":"0x5a0e24e2","insrncBnftMap":"0x72654b0a","insrncBnftOptions":"0x5c2aa3e1","isIop":false,"isTalbott":false,"meta":"0x3c562c0","oppId":"","pawObj":"0x37ff11d6","ptntInsrnceOptions":"0x4bd5c8f6","ptntInsrncObj":"0x4a2d7a26","quoteObj":"0x3d00b9eb","recordId":"00629000004NTeZ","rtAdjstmntOptions":"0x28c76a0e","sObjectQueryStr":"","wrprObj":"0x1a5ac75b"}|0x228ebde0
08:39:45.0 (70265239)|STATEMENT_EXECUTE|[79]
08:39:45.0 (70312600)|VARIABLE_ASSIGNMENT|[EXTERNAL]|this|{"estmtCvrgeDaysObj":"0x5bc3d39b","faciltyOptions":"0x7322ff86","fcltyPrgrmOptions":"0x52ff578e","idToOwnershipFacilit (4 more) ...":"0x3e34226d","idToTypeFacilityMap":"0x5a0e24e2","insrncBnftMap":"0x72654b0a","insrncBnftOptions":"0x5c2aa3e1","isIop":false,"isTalbott":false,"meta":"0x3c562c0","oppId":"","pawObj":"0x37ff11d6","ptntInsrnceOptions":"0x4bd5c8f6","ptntInsrncObj":"0x4a2d7a26","quoteObj":"0x3d00b9eb","recordId":"00629000004NTeZ","rtAdjstmntOptions":"0x28c76a0e","sObjectQueryStr":"","wrprObj":"0x1a5ac75b"}|0x228ebde0
08:39:45.0 (70329338)|HEAP_ALLOCATE|[81]|Bytes:11
08:39:45.0 (70950720)|HEAP_ALLOCATE|[81]|Bytes:4
08:39:45.0 (70983589)|HEAP_ALLOCATE|[81]|Bytes:3
08:39:45.0 (71022917)|STATEMENT_EXECUTE|[81]
08:39:45.0 (71025425)|STATEMENT_EXECUTE|[82]
08:39:45.0 (71095122)|VARIABLE_ASSIGNMENT|[EXTERNAL]|this|{"estmtCvrgeDaysObj":"0x5bc3d39b","faciltyOptions":"0x7322ff86","fcltyPrgrmOptions":"0x52ff578e","idToOwnershipFacilit (4 more) ...":"0x3e34226d","idToTypeFacilityMap":"0x5a0e24e2","insrncBnftMap":"0x72654b0a","insrncBnftOptions":"0x5c2aa3e1","isIop":false,"isTalbott":false,"meta":"0x3c562c0","oppId":"","pawObj":"0x37ff11d6","ptntInsrnceOptions":"0x4bd5c8f6","ptntInsrncObj":"0x4a2d7a26","quoteObj":"0x3d00b9eb","recordId":"00629000004NTeZ","rtAdjstmntOptions":"0x28c76a0e","sObjectQueryStr":"","wrprObj":"0x1a5ac75b"}|0x228ebde0
08:39:45.0 (71110408)|VARIABLE_ASSIGNMENT|[EXTERNAL]|value|false
08:39:45.0 (71116957)|HEAP_ALLOCATE|[31]|Bytes:5
08:39:45.0 (71126125)|VARIABLE_ASSIGNMENT|[31]|this.showPILookup|false|0x228ebde0
08:39:45.0 (71134401)|STATEMENT_EXECUTE|[83]
08:39:45.0 (71185878)|VARIABLE_ASSIGNMENT|[EXTERNAL]|this|{"estmtCvrgeDaysObj":"0x5bc3d39b","faciltyOptions":"0x7322ff86","fcltyPrgrmOptions":"0x52ff578e","idToOwnershipFacilit (4 more) ...":"0x3e34226d","idToTypeFacilityMap":"0x5a0e24e2","insrncBnftMap":"0x72654b0a","insrncBnftOptions":"0x5c2aa3e1","isIop":false,"isTalbott":false,"meta":"0x3c562c0","oppId":"","pawObj":"0x37ff11d6","ptntInsrnceOptions":"0x4bd5c8f6","ptntInsrncObj":"0x4a2d7a26","quoteObj":"0x3d00b9eb","recordId":"00629000004NTeZ","rtAdjstmntOptions":"0x28c76a0e","showPILookup":false,"sObjectQueryStr":"","wrprObj":"0x1a5ac75b"}|0x228ebde0
08:39:45.0 (71204493)|VARIABLE_ASSIGNMENT|[83]|this.oppId|"00629000004NTeZ"|0x228ebde0
08:39:45.0 (71208887)|STATEMENT_EXECUTE|[84]
08:39:45.0 (71221250)|METHOD_ENTRY|[84]|01p0a000004sKzV|PAW_New_EditCntrllr.getPtntInsrnceOptions()
08:39:45.0 (71231593)|VARIABLE_SCOPE_BEGIN|[186]|this|PAW_New_EditCntrllr|true|false
08:39:45.0 (71275677)|VARIABLE_ASSIGNMENT|[186]|this|{"estmtCvrgeDaysObj":"0x5bc3d39b","faciltyOptions":"0x7322ff86","fcltyPrgrmOptions":"0x52ff578e","idToOwnershipFacilit (4 more) ...":"0x3e34226d","idToTypeFacilityMap":"0x5a0e24e2","insrncBnftMap":"0x72654b0a","insrncBnftOptions":"0x5c2aa3e1","isIop":false,"isTalbott":false,"meta":"0x3c562c0","oppId":"00629000004NTeZ","pawObj":"0x37ff11d6","ptntInsrnceOptions":"0x4bd5c8f6","ptntInsrncObj":"0x4a2d7a26","quoteObj":"0x3d00b9eb","recordId":"00629000004NTeZ","rtAdjstmntOptions":"0x28c76a0e","showPILookup":false,"sObjectQueryStr":"","wrprObj":"0x1a5ac75b"}|0x228ebde0
08:39:45.0 (71287695)|STATEMENT_EXECUTE|[186]
08:39:45.0 (71288907)|STATEMENT_EXECUTE|[190]
08:39:45.0 (71299991)|HEAP_ALLOCATE|[190]|Bytes:4
08:39:45.0 (71341968)|HEAP_ALLOCATE|[EXTERNAL]|Bytes:4
08:39:45.0 (71351737)|VARIABLE_ASSIGNMENT|[190]|this.ptntInsrnceOptions|[]|0x228ebde0
08:39:45.0 (71356613)|STATEMENT_EXECUTE|[191]
08:39:45.0 (71362528)|HEAP_ALLOCATE|[191]|Bytes:12
08:39:45.0 (71416847)|HEAP_ALLOCATE|[EXTERNAL]|Bytes:4
08:39:45.0 (71424096)|STATEMENT_EXECUTE|[192]
08:39:45.0 (71470642)|HEAP_ALLOCATE|[192]|Bytes:4
08:39:45.0 (71476216)|HEAP_ALLOCATE|[192]|Bytes:95
08:39:45.0 (71485900)|HEAP_ALLOCATE|[192]|Bytes:4
08:39:45.0 (71497304)|HEAP_ALLOCATE|[192]|Bytes:7
08:39:45.0 (72055420)|SOQL_EXECUTE_BEGIN|[192]|Aggregations:0|SELECT Id, Name, Insurance_Company__c FROM Patient_Insurance__c WHERE Opportunity__c = :tmpVar1
08:39:45.0 (75495262)|SOQL_EXECUTE_END|[192]|Rows:4
08:39:45.0 (75525401)|HEAP_ALLOCATE|[192]|Bytes:20
08:39:45.0 (75556185)|HEAP_ALLOCATE|[192]|Bytes:449
08:39:45.0 (75614097)|HEAP_ALLOCATE|[192]|Bytes:20
08:39:45.0 (75653237)|HEAP_ALLOCATE|[192]|Bytes:16
08:39:45.0 (75664858)|HEAP_ALLOCATE|[192]|Bytes:4
08:39:45.0 (75669621)|HEAP_ALLOCATE|[192]|Bytes:16
08:39:45.0 (75673625)|HEAP_ALLOCATE|[192]|Bytes:4
08:39:45.0 (75676310)|HEAP_ALLOCATE|[192]|Bytes:16
08:39:45.0 (75680134)|HEAP_ALLOCATE|[192]|Bytes:4
08:39:45.0 (75682647)|HEAP_ALLOCATE|[192]|Bytes:16
08:39:45.0 (75686122)|HEAP_ALLOCATE|[192]|Bytes:4
08:39:45.0 (75723219)|VARIABLE_ASSIGNMENT|[192]|this.ptntInsrncMap|{"a1b29000000l40nAAA":{"Id":"a1b29000000l40nAAA","Name":"Maria Johnson - BCBS (17 more) ...","Insurance_Company__c":"0012900000AXSPBAA5"},"a1b29000000lvHQAAY":{"Id":"a1b29000000lvHQAAY","Name":"Maria Johnson - Valu (23 more) ...","Insurance_Company__c":"0012900000AXSP3AAP"},"a1b29000000lvHVAAY":{"Id":"a1b29000000lvHVAAY","Name":"Maria Johnson - Priv (7 more) ...","Insurance_Company__c":"0012900000AXSDqAAP"},"a1b29000000ly7uAAA":{"Id":"a1b29000000ly7uAAA","Name":"Maria Johnson - Alle (6 more) ...","Insurance_Company__c":"0012900000AXSlPAAX"}}|0x228ebde0
08:39:45.0 (75768091)|HEAP_ALLOCATE|[EXTERNAL]|Bytes:20
08:39:45.0 (75780394)|HEAP_ALLOCATE|[197]|Bytes:465
08:39:45.0 (75975433)|HEAP_ALLOCATE|[197]|Bytes:5
08:39:45.0 (75992421)|HEAP_ALLOCATE|[197]|Bytes:16
08:39:45.0 (76001911)|VARIABLE_SCOPE_BEGIN|[197]|ptntInsrnceInstance|Patient_Insurance__c|true|false
08:39:45.0 (76019767)|VARIABLE_ASSIGNMENT|[197]|ptntInsrnceInstance|{"Id":"a1b29000000l40nAAA","Name":"Maria Johnson - BCBS (17 more) ...","Insurance_Company__c":"0012900000AXSPBAA5"}|0x2daec96e
08:39:45.0 (76026298)|STATEMENT_EXECUTE|[197]
08:39:45.0 (76027845)|STATEMENT_EXECUTE|[198]
08:39:45.0 (76071971)|HEAP_ALLOCATE|[198]|Bytes:18
08:39:45.0 (76142154)|HEAP_ALLOCATE|[EXTERNAL]|Bytes:4
08:39:45.0 (76157348)|HEAP_ALLOCATE|[197]|Bytes:5
08:39:45.0 (76166920)|HEAP_ALLOCATE|[197]|Bytes:16
08:39:45.0 (76172819)|VARIABLE_SCOPE_BEGIN|[197]|ptntInsrnceInstance|Patient_Insurance__c|true|false
08:39:45.0 (76186320)|VARIABLE_ASSIGNMENT|[197]|ptntInsrnceInstance|{"Id":"a1b29000000lvHQAAY","Name":"Maria Johnson - Valu (23 more) ...","Insurance_Company__c":"0012900000AXSP3AAP"}|0x502f2911
08:39:45.0 (76191816)|STATEMENT_EXECUTE|[197]
08:39:45.0 (76192839)|STATEMENT_EXECUTE|[198]
08:39:45.0 (76202205)|HEAP_ALLOCATE|[198]|Bytes:18
08:39:45.0 (76213669)|HEAP_ALLOCATE|[EXTERNAL]|Bytes:4
08:39:45.0 (76222677)|HEAP_ALLOCATE|[197]|Bytes:5
08:39:45.0 (76229292)|HEAP_ALLOCATE|[197]|Bytes:16
08:39:45.0 (76233689)|VARIABLE_SCOPE_BEGIN|[197]|ptntInsrnceInstance|Patient_Insurance__c|true|false
08:39:45.0 (76244376)|VARIABLE_ASSIGNMENT|[197]|ptntInsrnceInstance|{"Id":"a1b29000000lvHVAAY","Name":"Maria Johnson - Priv (7 more) ...","Insurance_Company__c":"0012900000AXSDqAAP"}|0x1c6ae159
08:39:45.0 (76249883)|STATEMENT_EXECUTE|[197]
08:39:45.0 (76250827)|STATEMENT_EXECUTE|[198]
08:39:45.0 (76256171)|HEAP_ALLOCATE|[198]|Bytes:18
08:39:45.0 (76265123)|HEAP_ALLOCATE|[EXTERNAL]|Bytes:4
08:39:45.0 (76273080)|HEAP_ALLOCATE|[197]|Bytes:5
08:39:45.0 (76279084)|HEAP_ALLOCATE|[197]|Bytes:16
08:39:45.0 (76283186)|VARIABLE_SCOPE_BEGIN|[197]|ptntInsrnceInstance|Patient_Insurance__c|true|false
08:39:45.0 (76293078)|VARIABLE_ASSIGNMENT|[197]|ptntInsrnceInstance|{"Id":"a1b29000000ly7uAAA","Name":"Maria Johnson - Alle (6 more) ...","Insurance_Company__c":"0012900000AXSlPAAX"}|0x5f6c654f
08:39:45.0 (76297270)|STATEMENT_EXECUTE|[197]
08:39:45.0 (76298150)|STATEMENT_EXECUTE|[198]
08:39:45.0 (76302804)|HEAP_ALLOCATE|[198]|Bytes:18
08:39:45.0 (76311221)|HEAP_ALLOCATE|[EXTERNAL]|Bytes:4
08:39:45.0 (76318835)|HEAP_ALLOCATE|[197]|Bytes:5
08:39:45.0 (76327111)|VARIABLE_ASSIGNMENT|[197]|ptntInsrnceInstance|null|
08:39:45.0 (76331933)|STATEMENT_EXECUTE|[201]
08:39:45.0 (76337247)|METHOD_EXIT|[84]|01p0a000004sKzV|PAW_New_EditCntrllr.getPtntInsrnceOptions()
08:39:45.0 (76410140)|VARIABLE_ASSIGNMENT|[EXTERNAL]|this|{"estmtCvrgeDaysObj":"0x5bc3d39b","faciltyOptions":"0x7322ff86","fcltyPrgrmOptions":"0x52ff578e","idToOwnershipFacilit (4 more) ...":"0x3e34226d","idToTypeFacilityMap":"0x5a0e24e2","insrncBnftMap":"0x72654b0a","insrncBnftOptions":"0x5c2aa3e1","isIop":false,"isTalbott":false,"meta":"0x3c562c0","oppId":"00629000004NTeZ","pawObj":"0x37ff11d6","ptntInsrnceOptions":"0x76e49f6f","ptntInsrncMap":"0x47483c81","ptntInsrncObj":"0x4a2d7a26","quoteObj":"0x3d00b9eb","recordId":"00629000004NTeZ","rtAdjstmntOptions":"0x28c76a0e","showPILookup":false,"sObjectQueryStr":"","wrprObj":"0x1a5ac75b"}|0x228ebde0
08:39:45.0 (76430333)|HEAP_ALLOCATE|[86]|Bytes:26
08:39:45.0 (76562909)|HEAP_ALLOCATE|[86]|Bytes:4
08:39:45.0 (76587115)|HEAP_ALLOCATE|[86]|Bytes:3
08:39:45.0 (76609339)|STATEMENT_EXECUTE|[86]
08:39:45.0 (76611203)|STATEMENT_EXECUTE|[156]
08:39:45.0 (76622545)|METHOD_ENTRY|[156]|01p0a000004sKzV|PAW_New_EditCntrllr.getRedirect()
08:39:45.0 (76636474)|VARIABLE_SCOPE_BEGIN|[159]|this|PAW_New_EditCntrllr|true|false
08:39:45.0 (76692864)|VARIABLE_ASSIGNMENT|[159]|this|{"estmtCvrgeDaysObj":"0x5bc3d39b","faciltyOptions":"0x7322ff86","fcltyPrgrmOptions":"0x52ff578e","idToOwnershipFacilit (4 more) ...":"0x3e34226d","idToTypeFacilityMap":"0x5a0e24e2","insrncBnftMap":"0x72654b0a","insrncBnftOptions":"0x5c2aa3e1","isIop":false,"isTalbott":false,"meta":"0x3c562c0","oppId":"00629000004NTeZ","pawObj":"0x37ff11d6","ptntInsrnceOptions":"0x76e49f6f","ptntInsrncMap":"0x47483c81","ptntInsrncObj":"0x4a2d7a26","quoteObj":"0x3d00b9eb","recordId":"00629000004NTeZ","rtAdjstmntOptions":"0x28c76a0e","showPILookup":false,"sObjectQueryStr":"","wrprObj":"0x1a5ac75b"}|0x228ebde0
08:39:45.0 (76706150)|STATEMENT_EXECUTE|[159]
08:39:45.0 (76707484)|STATEMENT_EXECUTE|[160]
08:39:45.0 (76709984)|HEAP_ALLOCATE|[160]|Bytes:5
08:39:45.0 (76735911)|USER_DEBUG|[160]|DEBUG|>>> 2
08:39:45.0 (76743170)|STATEMENT_EXECUTE|[161]
08:39:45.0 (76750684)|METHOD_ENTRY|[161]|01p0a000004sKzV|PAW_New_EditCntrllr.redirectIfLocked()
08:39:45.0 (76760016)|VARIABLE_SCOPE_BEGIN|[177]|this|PAW_New_EditCntrllr|true|false
08:39:45.0 (76807833)|VARIABLE_ASSIGNMENT|[177]|this|{"estmtCvrgeDaysObj":"0x5bc3d39b","faciltyOptions":"0x7322ff86","fcltyPrgrmOptions":"0x52ff578e","idToOwnershipFacilit (4 more) ...":"0x3e34226d","idToTypeFacilityMap":"0x5a0e24e2","insrncBnftMap":"0x72654b0a","insrncBnftOptions":"0x5c2aa3e1","isIop":false,"isTalbott":false,"meta":"0x3c562c0","oppId":"00629000004NTeZ","pawObj":"0x37ff11d6","ptntInsrnceOptions":"0x76e49f6f","ptntInsrncMap":"0x47483c81","ptntInsrncObj":"0x4a2d7a26","quoteObj":"0x3d00b9eb","recordId":"00629000004NTeZ","rtAdjstmntOptions":"0x28c76a0e","showPILookup":false,"sObjectQueryStr":"","wrprObj":"0x1a5ac75b"}|0x228ebde0
08:39:45.0 (76821080)|STATEMENT_EXECUTE|[177]
08:39:45.0 (76868571)|VARIABLE_ASSIGNMENT|[EXTERNAL]|this|{"estmtCvrgeDaysObj":"0x5bc3d39b","faciltyOptions":"0x7322ff86","fcltyPrgrmOptions":"0x52ff578e","idToOwnershipFacilit (4 more) ...":"0x3e34226d","idToTypeFacilityMap":"0x5a0e24e2","insrncBnftMap":"0x72654b0a","insrncBnftOptions":"0x5c2aa3e1","isIop":false,"isTalbott":false,"meta":"0x3c562c0","oppId":"00629000004NTeZ","pawObj":"0x37ff11d6","ptntInsrnceOptions":"0x76e49f6f","ptntInsrncMap":"0x47483c81","ptntInsrncObj":"0x4a2d7a26","quoteObj":"0x3d00b9eb","recordId":"00629000004NTeZ","rtAdjstmntOptions":"0x28c76a0e","showPILookup":false,"sObjectQueryStr":"","wrprObj":"0x1a5ac75b"}|0x228ebde0
08:39:45.0 (76883172)|STATEMENT_EXECUTE|[178]
08:39:45.0 (76884328)|STATEMENT_EXECUTE|[182]
08:39:45.0 (76932197)|VARIABLE_ASSIGNMENT|[EXTERNAL]|this|{"estmtCvrgeDaysObj":"0x5bc3d39b","faciltyOptions":"0x7322ff86","fcltyPrgrmOptions":"0x52ff578e","idToOwnershipFacilit (4 more) ...":"0x3e34226d","idToTypeFacilityMap":"0x5a0e24e2","insrncBnftMap":"0x72654b0a","insrncBnftOptions":"0x5c2aa3e1","isIop":false,"isTalbott":false,"meta":"0x3c562c0","oppId":"00629000004NTeZ","pawObj":"0x37ff11d6","ptntInsrnceOptions":"0x76e49f6f","ptntInsrncMap":"0x47483c81","ptntInsrncObj":"0x4a2d7a26","quoteObj":"0x3d00b9eb","recordId":"00629000004NTeZ","rtAdjstmntOptions":"0x28c76a0e","showPILookup":false,"sObjectQueryStr":"","wrprObj":"0x1a5ac75b"}|0x228ebde0
08:39:45.0 (77724464)|VARIABLE_SCOPE_BEGIN|[4]|RecordLockUtility.isLockedFlag|Boolean|false|true
08:39:45.0 (77744793)|HEAP_ALLOCATE|[182]|Bytes:13
08:39:45.0 (77761285)|METHOD_ENTRY|[1]|01p0a000004sCDb|RecordLockUtility.RecordLockUtility()
08:39:45.0 (77765452)|STATEMENT_EXECUTE|[1]
08:39:45.0 (77769248)|STATEMENT_EXECUTE|[1]
08:39:45.0 (78097109)|SYSTEM_MODE_ENTER|false
08:39:45.0 (78107928)|HEAP_ALLOCATE|[182]|Bytes:5
08:39:45.0 (78116648)|SYSTEM_MODE_EXIT|false
08:39:45.0 (78127551)|METHOD_EXIT|[1]|RecordLockUtility
08:39:45.0 (78140090)|METHOD_ENTRY|[182]|01p0a000004sCDb|RecordLockUtility.redirectIfLocked(String)
08:39:45.0 (78146848)|VARIABLE_SCOPE_BEGIN|[29]|recordId|String|false|false
08:39:45.0 (78156024)|VARIABLE_ASSIGNMENT|[29]|recordId|"00629000004NTeZ"
08:39:45.0 (78172818)|SYSTEM_MODE_ENTER|false
08:39:45.0 (78177630)|HEAP_ALLOCATE|[30]|Bytes:5
08:39:45.0 (78182260)|STATEMENT_EXECUTE|[29]
08:39:45.0 (78183559)|STATEMENT_EXECUTE|[30]
08:39:45.0 (78197227)|HEAP_ALLOCATE|[30]|Bytes:4
08:39:45.0 (78206975)|METHOD_ENTRY|[30]|01p0a000004sCDb|RecordLockUtility.verifyIfLocked(Id)
08:39:45.0 (78221401)|VARIABLE_SCOPE_BEGIN|[14]|pRecordId|Id|false|false
08:39:45.0 (78397688)|VARIABLE_ASSIGNMENT|[14]|pRecordId|"00629000004NTeZAAW"
08:39:45.0 (78414651)|HEAP_ALLOCATE|[15]|Bytes:5
08:39:45.0 (78418999)|STATEMENT_EXECUTE|[14]
08:39:45.0 (78420110)|STATEMENT_EXECUTE|[15]
08:39:45.0 (78974838)|HEAP_ALLOCATE|[15]|Bytes:5
08:39:45.0 (78990460)|METHOD_EXIT|[30]|01p0a000004sCDb|RecordLockUtility.verifyIfLocked(Id)
08:39:45.0 (79005639)|HEAP_ALLOCATE|[30]|Bytes:5
08:39:45.0 (79021412)|VARIABLE_ASSIGNMENT|[30]|RecordLockUtility.isLockedFlag|false
08:39:45.0 (79031390)|STATEMENT_EXECUTE|[35]
08:39:45.0 (79033461)|STATEMENT_EXECUTE|[36]
08:39:45.0 (79037508)|SYSTEM_MODE_EXIT|false
08:39:45.0 (79046725)|METHOD_EXIT|[182]|01p0a000004sCDb|RecordLockUtility.redirectIfLocked(String)
08:39:45.0 (79052644)|METHOD_EXIT|[161]|01p0a000004sKzV|PAW_New_EditCntrllr.redirectIfLocked()
08:39:45.0 (79060335)|VARIABLE_SCOPE_BEGIN|[161]|redirectPR|System.PageReference|true|false
08:39:45.0 (79068650)|VARIABLE_ASSIGNMENT|[161]|redirectPR|null|
08:39:45.0 (79072490)|STATEMENT_EXECUTE|[162]
08:39:45.0 (79077017)|STATEMENT_EXECUTE|[166]
08:39:45.0 (79078356)|STATEMENT_EXECUTE|[173]
08:39:45.0 (79080889)|METHOD_EXIT|[156]|01p0a000004sKzV|PAW_New_EditCntrllr.getRedirect()
08:39:45.79 (79501444)|SYSTEM_MODE_ENTER|true
08:39:45.79 (79533178)|HEAP_ALLOCATE|[EXTERNAL]|Bytes:38
08:39:45.79 (79538889)|HEAP_ALLOCATE|[EXTERNAL]|Bytes:7
08:39:45.79 (79548258)|SYSTEM_METHOD_ENTRY|[1]|PageMessagesComponentController.PageMessagesComponentController()
08:39:45.79 (79552534)|STATEMENT_EXECUTE|[1]
08:39:45.79 (79692905)|SYSTEM_MODE_ENTER|true
08:39:45.79 (79740652)|HEAP_ALLOCATE|[EXTERNAL]|Bytes:8
08:39:45.79 (79746824)|VARIABLE_SCOPE_BEGIN|[88]|this|ApexPage.PageMessagesComponentController|true|false
08:39:45.79 (79768622)|VARIABLE_ASSIGNMENT|[88]|this|{}|0x18f71d17
08:39:45.79 (79773927)|VARIABLE_SCOPE_BEGIN|[88]|escape|Boolean|false|false
08:39:45.79 (79779795)|VARIABLE_ASSIGNMENT|[88]|escape|null
08:39:45.79 (79903595)|SYSTEM_MODE_ENTER|true
08:39:45.79 (79930204)|HEAP_ALLOCATE|[EXTERNAL]|Bytes:8
08:39:45.79 (79935400)|VARIABLE_SCOPE_BEGIN|[2]|this|ApexPage.PageMessagesComponentController|true|false
08:39:45.79 (79951050)|VARIABLE_ASSIGNMENT|[2]|this|{}|0x18f71d17
08:39:45.0 (80653288)|SYSTEM_MODE_ENTER|true
08:39:45.0 (80836809)|SYSTEM_MODE_ENTER|true
08:39:45.0 (81112943)|SYSTEM_MODE_ENTER|true
08:39:45.0 (86992494)|SYSTEM_MODE_ENTER|true
08:39:45.0 (87054904)|SYSTEM_MODE_ENTER|true
08:39:45.105 (105125106)|SYSTEM_MODE_ENTER|true
08:39:45.105 (105215843)|HEAP_ALLOCATE|[EXTERNAL]|Bytes:8
08:39:45.105 (105230867)|VARIABLE_SCOPE_BEGIN|[88]|this|ApexPage.PageMessagesComponentController|true|false
08:39:45.105 (105273056)|VARIABLE_ASSIGNMENT|[88]|this|{}|0x18f71d17
08:39:45.105 (105279782)|VARIABLE_SCOPE_BEGIN|[88]|escape|Boolean|false|false
08:39:45.105 (105287404)|VARIABLE_ASSIGNMENT|[88]|escape|null
08:39:45.105 (105439423)|SYSTEM_MODE_ENTER|true
08:39:45.105 (105468387)|HEAP_ALLOCATE|[EXTERNAL]|Bytes:8
08:39:45.105 (105474054)|VARIABLE_SCOPE_BEGIN|[2]|this|ApexPage.PageMessagesComponentController|true|false
08:39:45.105 (105490438)|VARIABLE_ASSIGNMENT|[2]|this|{}|0x18f71d17
08:39:45.0 (107838667)|SYSTEM_MODE_ENTER|true
08:39:45.0 (107872778)|HEAP_ALLOCATE|[EXTERNAL]|Bytes:112
08:39:45.0 (107880104)|VARIABLE_SCOPE_BEGIN|[186]|this|PAW_New_EditCntrllr|true|false
08:39:45.0 (107985668)|VARIABLE_ASSIGNMENT|[186]|this|{"estmtCvrgeDaysObj":"0x5bc3d39b","faciltyOptions":"0x7322ff86","fcltyPrgrmOptions":"0x52ff578e","idToOwnershipFacilit (4 more) ...":"0x3e34226d","idToTypeFacilityMap":"0x5a0e24e2","insrncBnftMap":"0x72654b0a","insrncBnftOptions":"0x5c2aa3e1","isIop":false,"isTalbott":false,"meta":"0x3c562c0","oppId":"00629000004NTeZ","pawObj":"0x37ff11d6","ptntInsrnceOptions":"0x76e49f6f","ptntInsrncMap":"0x47483c81","ptntInsrncObj":"0x4a2d7a26","quoteObj":"0x3d00b9eb","recordId":"00629000004NTeZ","rtAdjstmntOptions":"0x28c76a0e","showPILookup":false,"sObjectQueryStr":"","wrprObj":"0x1a5ac75b"}|0x228ebde0
08:39:45.0 (108002349)|STATEMENT_EXECUTE|[186]
08:39:45.0 (108005033)|STATEMENT_EXECUTE|[190]
08:39:45.0 (108017630)|HEAP_ALLOCATE|[190]|Bytes:4
08:39:45.0 (108055953)|HEAP_ALLOCATE|[EXTERNAL]|Bytes:4
08:39:45.0 (108070296)|VARIABLE_ASSIGNMENT|[190]|this.ptntInsrnceOptions|[]|0x228ebde0
08:39:45.0 (108075459)|STATEMENT_EXECUTE|[191]
08:39:45.0 (108103542)|HEAP_ALLOCATE|[EXTERNAL]|Bytes:4
08:39:45.0 (108110490)|STATEMENT_EXECUTE|[192]
08:39:45.0 (108134919)|HEAP_ALLOCATE|[192]|Bytes:4
08:39:45.0 (108145656)|HEAP_ALLOCATE|[192]|Bytes:4
08:39:45.0 (108398534)|SOQL_EXECUTE_BEGIN|[192]|Aggregations:0|SELECT Id, Name, Insurance_Company__c FROM Patient_Insurance__c WHERE Opportunity__c = :tmpVar1
08:39:45.0 (111289351)|SOQL_EXECUTE_END|[192]|Rows:4
08:39:45.0 (111311329)|HEAP_ALLOCATE|[192]|Bytes:20
08:39:45.0 (111335383)|HEAP_ALLOCATE|[192]|Bytes:449
08:39:45.0 (111369888)|HEAP_ALLOCATE|[192]|Bytes:20
08:39:45.0 (111388308)|HEAP_ALLOCATE|[192]|Bytes:16
08:39:45.0 (111399076)|HEAP_ALLOCATE|[192]|Bytes:4
08:39:45.0 (111403823)|HEAP_ALLOCATE|[192]|Bytes:16
08:39:45.0 (111407650)|HEAP_ALLOCATE|[192]|Bytes:4
08:39:45.0 (111410807)|HEAP_ALLOCATE|[192]|Bytes:16
08:39:45.0 (111414260)|HEAP_ALLOCATE|[192]|Bytes:4
08:39:45.0 (111416990)|HEAP_ALLOCATE|[192]|Bytes:16
08:39:45.0 (111420386)|HEAP_ALLOCATE|[192]|Bytes:4
08:39:45.0 (111459025)|VARIABLE_ASSIGNMENT|[192]|this.ptntInsrncMap|{"a1b29000000l40nAAA":{"Id":"a1b29000000l40nAAA","Name":"Maria Johnson - BCBS (17 more) ...","Insurance_Company__c":"0012900000AXSPBAA5"},"a1b29000000lvHQAAY":{"Id":"a1b29000000lvHQAAY","Name":"Maria Johnson - Valu (23 more) ...","Insurance_Company__c":"0012900000AXSP3AAP"},"a1b29000000lvHVAAY":{"Id":"a1b29000000lvHVAAY","Name":"Maria Johnson - Priv (7 more) ...","Insurance_Company__c":"0012900000AXSDqAAP"},"a1b29000000ly7uAAA":{"Id":"a1b29000000ly7uAAA","Name":"Maria Johnson - Alle (6 more) ...","Insurance_Company__c":"0012900000AXSlPAAX"}}|0x228ebde0
08:39:45.0 (111482319)|HEAP_ALLOCATE|[EXTERNAL]|Bytes:20
08:39:45.0 (111493775)|HEAP_ALLOCATE|[197]|Bytes:465
08:39:45.0 (111520564)|HEAP_ALLOCATE|[197]|Bytes:5
08:39:45.0 (111532134)|HEAP_ALLOCATE|[197]|Bytes:16
08:39:45.0 (111541157)|VARIABLE_SCOPE_BEGIN|[197]|ptntInsrnceInstance|Patient_Insurance__c|true|false
08:39:45.0 (111555281)|VARIABLE_ASSIGNMENT|[197]|ptntInsrnceInstance|{"Id":"a1b29000000l40nAAA","Name":"Maria Johnson - BCBS (17 more) ...","Insurance_Company__c":"0012900000AXSPBAA5"}|0x2f1cf5f0
08:39:45.0 (111561285)|STATEMENT_EXECUTE|[197]
08:39:45.0 (111562552)|STATEMENT_EXECUTE|[198]
08:39:45.0 (111583230)|HEAP_ALLOCATE|[198]|Bytes:18
08:39:45.0 (111601995)|HEAP_ALLOCATE|[EXTERNAL]|Bytes:4
08:39:45.0 (111612562)|HEAP_ALLOCATE|[197]|Bytes:5
08:39:45.0 (111619586)|HEAP_ALLOCATE|[197]|Bytes:16
08:39:45.0 (111624789)|VARIABLE_SCOPE_BEGIN|[197]|ptntInsrnceInstance|Patient_Insurance__c|true|false
08:39:45.0 (111635613)|VARIABLE_ASSIGNMENT|[197]|ptntInsrnceInstance|{"Id":"a1b29000000lvHQAAY","Name":"Maria Johnson - Valu (23 more) ...","Insurance_Company__c":"0012900000AXSP3AAP"}|0x417154df
08:39:45.0 (111640608)|STATEMENT_EXECUTE|[197]
08:39:45.0 (111641577)|STATEMENT_EXECUTE|[198]
08:39:45.0 (111647405)|HEAP_ALLOCATE|[198]|Bytes:18
08:39:45.0 (111656704)|HEAP_ALLOCATE|[EXTERNAL]|Bytes:4
08:39:45.0 (111665166)|HEAP_ALLOCATE|[197]|Bytes:5
08:39:45.0 (111671368)|HEAP_ALLOCATE|[197]|Bytes:16
08:39:45.0 (111675412)|VARIABLE_SCOPE_BEGIN|[197]|ptntInsrnceInstance|Patient_Insurance__c|true|false
08:39:45.0 (111685654)|VARIABLE_ASSIGNMENT|[197]|ptntInsrnceInstance|{"Id":"a1b29000000lvHVAAY","Name":"Maria Johnson - Priv (7 more) ...","Insurance_Company__c":"0012900000AXSDqAAP"}|0x700af9a6
08:39:45.0 (111690081)|STATEMENT_EXECUTE|[197]
08:39:45.0 (111691079)|STATEMENT_EXECUTE|[198]
08:39:45.0 (111695848)|HEAP_ALLOCATE|[198]|Bytes:18
08:39:45.0 (111704159)|HEAP_ALLOCATE|[EXTERNAL]|Bytes:4
08:39:45.0 (111711597)|HEAP_ALLOCATE|[197]|Bytes:5
08:39:45.0 (111717521)|HEAP_ALLOCATE|[197]|Bytes:16
08:39:45.0 (111721394)|VARIABLE_SCOPE_BEGIN|[197]|ptntInsrnceInstance|Patient_Insurance__c|true|false
08:39:45.0 (111731686)|VARIABLE_ASSIGNMENT|[197]|ptntInsrnceInstance|{"Id":"a1b29000000ly7uAAA","Name":"Maria Johnson - Alle (6 more) ...","Insurance_Company__c":"0012900000AXSlPAAX"}|0x3dc92344
08:39:45.0 (111736191)|STATEMENT_EXECUTE|[197]
08:39:45.0 (111737171)|STATEMENT_EXECUTE|[198]
08:39:45.0 (111741714)|HEAP_ALLOCATE|[198]|Bytes:18
08:39:45.0 (111749670)|HEAP_ALLOCATE|[EXTERNAL]|Bytes:4
08:39:45.0 (111757695)|HEAP_ALLOCATE|[197]|Bytes:5
08:39:45.0 (111765304)|VARIABLE_ASSIGNMENT|[197]|ptntInsrnceInstance|null|
08:39:45.0 (111770344)|STATEMENT_EXECUTE|[201]
08:39:45.0 (113344070)|SYSTEM_MODE_ENTER|true
08:39:45.0 (113397011)|HEAP_ALLOCATE|[EXTERNAL]|Bytes:112
08:39:45.0 (113405786)|VARIABLE_SCOPE_BEGIN|[215]|this|PAW_New_EditCntrllr|true|false
08:39:45.0 (113498950)|VARIABLE_ASSIGNMENT|[215]|this|{"estmtCvrgeDaysObj":"0x5bc3d39b","faciltyOptions":"0x7322ff86","fcltyPrgrmOptions":"0x52ff578e","idToOwnershipFacilit (4 more) ...":"0x3e34226d","idToTypeFacilityMap":"0x5a0e24e2","insrncBnftMap":"0x72654b0a","insrncBnftOptions":"0x5c2aa3e1","isIop":false,"isTalbott":false,"meta":"0x3c562c0","oppId":"00629000004NTeZ","pawObj":"0x37ff11d6","ptntInsrnceOptions":"0x4babcc08","ptntInsrncMap":"0x7e9ca3b","ptntInsrncObj":"0x4a2d7a26","quoteObj":"0x3d00b9eb","recordId":"00629000004NTeZ","rtAdjstmntOptions":"0x28c76a0e","showPILookup":false,"sObjectQueryStr":"","wrprObj":"0x1a5ac75b"}|0x228ebde0
08:39:45.0 (113521239)|STATEMENT_EXECUTE|[215]
08:39:45.0 (113522891)|STATEMENT_EXECUTE|[216]
08:39:45.0 (113575493)|STATEMENT_EXECUTE|[217]
08:39:45.0 (113640208)|HEAP_ALLOCATE|[EXTERNAL]|Bytes:4
08:39:45.0 (113738052)|VARIABLE_ASSIGNMENT|[EXTERNAL]|this|{"estmtCvrgeDaysObj":"0x5bc3d39b","faciltyOptions":"0x7322ff86","fcltyPrgrmOptions":"0x52ff578e","idToOwnershipFacilit (4 more) ...":"0x3e34226d","idToTypeFacilityMap":"0x5a0e24e2","insrncBnftMap":"0x72654b0a","insrncBnftOptions":"0x5c2aa3e1","isIop":false,"isTalbott":false,"meta":"0x3c562c0","oppId":"00629000004NTeZ","pawObj":"0x37ff11d6","ptntInsrnceOptions":"0x4babcc08","ptntInsrncMap":"0x7e9ca3b","ptntInsrncObj":"0x4a2d7a26","quoteObj":"0x3d00b9eb","recordId":"00629000004NTeZ","rtAdjstmntOptions":"0x28c76a0e","showPILookup":false,"sObjectQueryStr":"","wrprObj":"0x1a5ac75b"}|0x228ebde0
08:39:45.0 (113767091)|STATEMENT_EXECUTE|[218]
08:39:45.0 (113769468)|STATEMENT_EXECUTE|[219]
08:39:45.0 (113797513)|HEAP_ALLOCATE|[219]|Bytes:4
08:39:45.0 (113806748)|HEAP_ALLOCATE|[219]|Bytes:1083
08:39:45.0 (113818392)|HEAP_ALLOCATE|[219]|Bytes:4
08:39:45.0 (113913475)|VARIABLE_ASSIGNMENT|[EXTERNAL]|this|{"estmtCvrgeDaysObj":"0x5bc3d39b","faciltyOptions":"0x7322ff86","fcltyPrgrmOptions":"0x52ff578e","idToOwnershipFacilit (4 more) ...":"0x3e34226d","idToTypeFacilityMap":"0x5a0e24e2","insrncBnftMap":"0x72654b0a","insrncBnftOptions":"0x5c2aa3e1","isIop":false,"isTalbott":false,"meta":"0x3c562c0","oppId":"00629000004NTeZ","pawObj":"0x37ff11d6","ptntInsrnceOptions":"0x4babcc08","ptntInsrncMap":"0x7e9ca3b","ptntInsrncObj":"0x4a2d7a26","quoteObj":"0x3d00b9eb","recordId":"00629000004NTeZ","rtAdjstmntOptions":"0x28c76a0e","showPILookup":false,"sObjectQueryStr":"","wrprObj":"0x1a5ac75b"}|0x228ebde0
08:39:45.0 (117464345)|SOQL_EXECUTE_BEGIN|[219]|Aggregations:0|SELECT Id, Name, RecordType.Name, Uncovered_Charges__c, Patient_Insurance__r.Accepts_Assignment_of_Benefits__c, Patient_Insurance__r.Opportunity__c, Patient_Insurance__r.Accreditation__c, Patient_Insurance__r.Insurance_Company__r.Name, PHP_Admit_Co_Payment__c, Detox_Admit_Co_Payment__c, RTC_Admit_Co_Payment__c, Deductible__c, Deductible_Met__c, IOP_Admit_Co_Payment__c, Max_Out_of_Pocket_Remaining__c, Insurance_Company_is_Out_of_Network__c, Annual_Max_Remaining__c, Deductible_Remaining__c, Detox_Pays_at__c, Detox_Over__c, RTC_Pays_at__c, Residential_Treatment_Override__c, PHP_Pays_at__c, Partial_Hospitalization_Override__c, IOP_Pays_at__c, Intensive_Outpatient_Override__c, Num_Days_Uncovered__c, Num_Days_Room__c, Uncovered_Days_Rate__c, Room_and_Board_Days_Rate__c, Uncovered_Days_Override__c, Room_and_Board_Days_Override__c, Deductible_Included_in_OOP__c, Uncovered_Days__c, Lifetime_Max__c, Lifetime_Max_Met__c, Annual_Max__c, Annual_Max_Met__c, Max_Out_of_Pocket__c, Max_Out_of_Pocket_Met__c, Co_Pay_Met__c FROM Insurance_Benefit__c WHERE Patient_Insurance__c = :tmpVar1
08:39:45.0 (121062919)|SOQL_EXECUTE_END|[219]|Rows:0
08:39:45.0 (121087972)|HEAP_ALLOCATE|[219]|Bytes:4
08:39:45.0 (121104682)|HEAP_ALLOCATE|[219]|Bytes:0
08:39:45.0 (121175233)|HEAP_ALLOCATE|[219]|Bytes:4
08:39:45.0 (121221372)|VARIABLE_ASSIGNMENT|[219]|this.insrncBnftMap|{}|0x228ebde0
08:39:45.0 (121265109)|HEAP_ALLOCATE|[EXTERNAL]|Bytes:4
08:39:45.0 (121272885)|HEAP_ALLOCATE|[263]|Bytes:4
08:39:45.0 (121420698)|HEAP_ALLOCATE|[263]|Bytes:5
08:39:45.0 (121438515)|VARIABLE_ASSIGNMENT|[263]|insrncBnftInstance|null|
08:39:45.0 (121444576)|STATEMENT_EXECUTE|[263]
08:39:45.0 (121535831)|VARIABLE_ASSIGNMENT|[EXTERNAL]|this|{"estmtCvrgeDaysObj":"0x5bc3d39b","faciltyOptions":"0x7322ff86","fcltyPrgrmOptions":"0x52ff578e","idToOwnershipFacilit (4 more) ...":"0x3e34226d","idToTypeFacilityMap":"0x5a0e24e2","insrncBnftMap":"0x4b1e87ed","insrncBnftOptions":"0x5c2aa3e1","isIop":false,"isTalbott":false,"meta":"0x3c562c0","oppId":"00629000004NTeZ","pawObj":"0x37ff11d6","ptntInsrnceOptions":"0x4babcc08","ptntInsrncMap":"0x7e9ca3b","ptntInsrncObj":"0x4a2d7a26","quoteObj":"0x3d00b9eb","recordId":"00629000004NTeZ","rtAdjstmntOptions":"0x28c76a0e","showPILookup":false,"sObjectQueryStr":"","wrprObj":"0x1a5ac75b"}|0x228ebde0
08:39:45.0 (121612705)|VARIABLE_ASSIGNMENT|[EXTERNAL]|this|{"facilitySelected":"","fcltyPrgrmSelected":"","insrncBnft":"0x48dbd943","insrncBnftSelected":"","pawDetailListDisplay (4 more) ...":false,"pyAgrmntWrksht":"0x1f6d06f3","rateAdjstmntSelected":"","relatedPAWDetailsLis (1 more) ...":"0x71acd89a","targetEDR":0.00,"totalAppliedDeductib (2 more) ...":0.00,"totalCoInsurance":0.00,"totalCoPayAmt":0.00,"totalInsCoResp":0.00,"totalInsEIVAmt":0.00,"totalRowCount":0,"totalTalbottDay":0.00}|0x1a5ac75b
08:39:45.0 (121668854)|VARIABLE_ASSIGNMENT|[EXTERNAL]|this|{"estmtCvrgeDaysObj":"0x5bc3d39b","faciltyOptions":"0x7322ff86","fcltyPrgrmOptions":"0x52ff578e","idToOwnershipFacilit (4 more) ...":"0x3e34226d","idToTypeFacilityMap":"0x5a0e24e2","insrncBnftMap":"0x4b1e87ed","insrncBnftOptions":"0x5c2aa3e1","isIop":false,"isTalbott":false,"meta":"0x3c562c0","oppId":"00629000004NTeZ","pawObj":"0x37ff11d6","ptntInsrnceOptions":"0x4babcc08","ptntInsrncMap":"0x7e9ca3b","ptntInsrncObj":"0x4a2d7a26","quoteObj":"0x3d00b9eb","recordId":"00629000004NTeZ","rtAdjstmntOptions":"0x28c76a0e","showPILookup":false,"sObjectQueryStr":"","wrprObj":"0x1a5ac75b"}|0x228ebde0
08:39:45.0 (121712807)|VARIABLE_ASSIGNMENT|[EXTERNAL]|this|{"facilitySelected":"","fcltyPrgrmSelected":"","insrncBnft":"0x48dbd943","insrncBnftSelected":"","pawDetailListDisplay (4 more) ...":false,"pyAgrmntWrksht":"0x1f6d06f3","rateAdjstmntSelected":"","relatedPAWDetailsLis (1 more) ...":"0x71acd89a","targetEDR":0.00,"totalAppliedDeductib (2 more) ...":0.00,"totalCoInsurance":0.00,"totalCoPayAmt":0.00,"totalInsCoResp":0.00,"totalInsEIVAmt":0.00,"totalRowCount":0,"totalTalbottDay":0.00}|0x1a5ac75b
08:39:45.0 (121739058)|STATEMENT_EXECUTE|[269]
08:39:45.0 (121740610)|STATEMENT_EXECUTE|[270]
08:39:45.0 (121792117)|VARIABLE_ASSIGNMENT|[EXTERNAL]|this|{"estmtCvrgeDaysObj":"0x5bc3d39b","faciltyOptions":"0x7322ff86","fcltyPrgrmOptions":"0x52ff578e","idToOwnershipFacilit (4 more) ...":"0x3e34226d","idToTypeFacilityMap":"0x5a0e24e2","insrncBnftMap":"0x4b1e87ed","insrncBnftOptions":"0x5c2aa3e1","isIop":false,"isTalbott":false,"meta":"0x3c562c0","oppId":"00629000004NTeZ","pawObj":"0x37ff11d6","ptntInsrnceOptions":"0x4babcc08","ptntInsrncMap":"0x7e9ca3b","ptntInsrncObj":"0x4a2d7a26","quoteObj":"0x3d00b9eb","recordId":"00629000004NTeZ","rtAdjstmntOptions":"0x28c76a0e","showPILookup":false,"sObjectQueryStr":"","wrprObj":"0x1a5ac75b"}|0x228ebde0
08:39:45.0 (121837059)|VARIABLE_ASSIGNMENT|[EXTERNAL]|this|{"facilitySelected":"","fcltyPrgrmSelected":"","insrncBnft":"0x48dbd943","insrncBnftSelected":"","pawDetailListDisplay (4 more) ...":false,"pyAgrmntWrksht":"0x1f6d06f3","rateAdjstmntSelected":"","relatedPAWDetailsLis (1 more) ...":"0x71acd89a","targetEDR":0.00,"totalAppliedDeductib (2 more) ...":0.00,"totalCoInsurance":0.00,"totalCoPayAmt":0.00,"totalInsCoResp":0.00,"totalInsEIVAmt":0.00,"totalRowCount":0,"totalTalbottDay":0.00}|0x1a5ac75b
08:39:45.0 (121847868)|VARIABLE_ASSIGNMENT|[EXTERNAL]|value|null|
08:39:45.0 (121854363)|VARIABLE_ASSIGNMENT|[526]|this.insrncBnft|null|0x1a5ac75b
08:39:45.0 (121861117)|STATEMENT_EXECUTE|[272]
08:39:45.0 (122651442)|SYSTEM_MODE_ENTER|true
08:39:45.0 (122874093)|SYSTEM_MODE_ENTER|true
08:39:45.0 (122906736)|HEAP_ALLOCATE|[EXTERNAL]|Bytes:112
08:39:45.0 (122914518)|VARIABLE_SCOPE_BEGIN|[379]|this|PAW_New_EditCntrllr|true|false
08:39:45.0 (122980765)|VARIABLE_ASSIGNMENT|[379]|this|{"estmtCvrgeDaysObj":"0x5bc3d39b","faciltyOptions":"0x7322ff86","fcltyPrgrmOptions":"0x52ff578e","idToOwnershipFacilit (4 more) ...":"0x3e34226d","idToTypeFacilityMap":"0x5a0e24e2","insrncBnftMap":"0x4b1e87ed","insrncBnftOptions":"0x5c2aa3e1","isIop":false,"isTalbott":false,"meta":"0x3c562c0","oppId":"00629000004NTeZ","pawObj":"0x37ff11d6","ptntInsrnceOptions":"0x4babcc08","ptntInsrncMap":"0x7e9ca3b","ptntInsrncObj":"0x4a2d7a26","quoteObj":"0x3d00b9eb","recordId":"00629000004NTeZ","rtAdjstmntOptions":"0x28c76a0e","showPILookup":false,"sObjectQueryStr":"","wrprObj":"0x1a5ac75b"}|0x228ebde0
08:39:45.0 (122998368)|STATEMENT_EXECUTE|[379]
08:39:45.0 (122999887)|STATEMENT_EXECUTE|[380]
08:39:45.0 (123010748)|HEAP_ALLOCATE|[380]|Bytes:4
08:39:45.0 (123060878)|HEAP_ALLOCATE|[EXTERNAL]|Bytes:4
08:39:45.0 (123072602)|VARIABLE_ASSIGNMENT|[380]|this.rtAdjstmntOptions|[]|0x228ebde0
08:39:45.0 (123077464)|STATEMENT_EXECUTE|[381]
08:39:45.0 (123084670)|HEAP_ALLOCATE|[381]|Bytes:8
08:39:45.0 (123142352)|HEAP_ALLOCATE|[EXTERNAL]|Bytes:4
08:39:45.0 (123209056)|VARIABLE_ASSIGNMENT|[EXTERNAL]|this|{"estmtCvrgeDaysObj":"0x5bc3d39b","faciltyOptions":"0x7322ff86","fcltyPrgrmOptions":"0x52ff578e","idToOwnershipFacilit (4 more) ...":"0x3e34226d","idToTypeFacilityMap":"0x5a0e24e2","insrncBnftMap":"0x4b1e87ed","insrncBnftOptions":"0x5c2aa3e1","isIop":false,"isTalbott":false,"meta":"0x3c562c0","oppId":"00629000004NTeZ","pawObj":"0x37ff11d6","ptntInsrnceOptions":"0x4babcc08","ptntInsrncMap":"0x7e9ca3b","ptntInsrncObj":"0x4a2d7a26","quoteObj":"0x3d00b9eb","recordId":"00629000004NTeZ","rtAdjstmntOptions":"0x4eb2e33f","showPILookup":false,"sObjectQueryStr":"","wrprObj":"0x1a5ac75b"}|0x228ebde0
08:39:45.0 (123262996)|VARIABLE_ASSIGNMENT|[EXTERNAL]|this|{"facilitySelected":"","fcltyPrgrmSelected":"","insrncBnftSelected":"","pawDetailListDisplay (4 more) ...":false,"pyAgrmntWrksht":"0x1f6d06f3","rateAdjstmntSelected":"","relatedPAWDetailsLis (1 more) ...":"0x71acd89a","targetEDR":0.00,"totalAppliedDeductib (2 more) ...":0.00,"totalCoInsurance":0.00,"totalCoPayAmt":0.00,"totalInsCoResp":0.00,"totalInsEIVAmt":0.00,"totalRowCount":0,"totalTalbottDay":0.00}|0x1a5ac75b
08:39:45.0 (123315944)|VARIABLE_ASSIGNMENT|[EXTERNAL]|this|{"estmtCvrgeDaysObj":"0x5bc3d39b","faciltyOptions":"0x7322ff86","fcltyPrgrmOptions":"0x52ff578e","idToOwnershipFacilit (4 more) ...":"0x3e34226d","idToTypeFacilityMap":"0x5a0e24e2","insrncBnftMap":"0x4b1e87ed","insrncBnftOptions":"0x5c2aa3e1","isIop":false,"isTalbott":false,"meta":"0x3c562c0","oppId":"00629000004NTeZ","pawObj":"0x37ff11d6","ptntInsrnceOptions":"0x4babcc08","ptntInsrncMap":"0x7e9ca3b","ptntInsrncObj":"0x4a2d7a26","quoteObj":"0x3d00b9eb","recordId":"00629000004NTeZ","rtAdjstmntOptions":"0x4eb2e33f","showPILookup":false,"sObjectQueryStr":"","wrprObj":"0x1a5ac75b"}|0x228ebde0
08:39:45.0 (123357798)|VARIABLE_ASSIGNMENT|[EXTERNAL]|this|{"facilitySelected":"","fcltyPrgrmSelected":"","insrncBnftSelected":"","pawDetailListDisplay (4 more) ...":false,"pyAgrmntWrksht":"0x1f6d06f3","rateAdjstmntSelected":"","relatedPAWDetailsLis (1 more) ...":"0x71acd89a","targetEDR":0.00,"totalAppliedDeductib (2 more) ...":0.00,"totalCoInsurance":0.00,"totalCoPayAmt":0.00,"totalInsCoResp":0.00,"totalInsEIVAmt":0.00,"totalRowCount":0,"totalTalbottDay":0.00}|0x1a5ac75b
08:39:45.0 (123376622)|STATEMENT_EXECUTE|[382]
08:39:45.0 (123378101)|STATEMENT_EXECUTE|[400]
08:39:45.0 (123669583)|SYSTEM_MODE_ENTER|true
08:39:45.0 (141059362)|VF_SERIALIZE_VIEWSTATE_BEGIN|0660a0000009uTC
08:39:45.0 (147730537)|VF_SERIALIZE_VIEWSTATE_END
08:39:45.153 (153002713)|CUMULATIVE_LIMIT_USAGE
08:39:45.153 (153002713)|LIMIT_USAGE_FOR_NS|(default)|
  Number of SOQL queries: 3 out of 100
  Number of query rows: 8 out of 50000
  Number of SOSL queries: 0 out of 20
  Number of DML statements: 0 out of 150
  Number of DML rows: 0 out of 10000
  Maximum CPU time: 0 out of 10000
  Maximum heap size: 0 out of 6000000
  Number of callouts: 0 out of 100
  Number of Email Invocations: 0 out of 10
  Number of future calls: 0 out of 50
  Number of queueable jobs added to the queue: 0 out of 50
  Number of Mobile Apex push calls: 0 out of 10

08:39:45.153 (153002713)|CUMULATIVE_LIMIT_USAGE_END

08:39:45.0 (153039820)|CODE_UNIT_FINISHED|VF: /apex/PAW_New_Edit
08:39:45.0 (153815404)|EXECUTION_FINISHED
