37.0 APEX_CODE,FINEST;APEX_PROFILING,INFO;CALLOUT,INFO;DB,INFO;SYSTEM,DEBUG;VALIDATION,INFO;VISUALFORCE,INFO;WAVE,INFO;WORKFLOW,FINER
07:06:18.0 (368550)|USER_INFO|[EXTERNAL]|00529000000zYiy|bhakti.gujrathi@eternussolutions.com.frnstgng|Central Standard Time|GMT-06:00
07:06:18.0 (420858)|EXECUTION_STARTED
07:06:18.0 (427066)|CODE_UNIT_STARTED|[EXTERNAL]|066j0000002vLOq|VF: /apex/OpportunityStagePage
07:06:18.0 (10512593)|SYSTEM_MODE_ENTER|true
07:06:18.0 (10836554)|VARIABLE_SCOPE_BEGIN|[3]|OpportunityStageCont.STAGE_ADMITTED|String|false|true
07:06:18.0 (10851152)|VARIABLE_SCOPE_BEGIN|[4]|OpportunityStageCont.STAGE_ADMITTED_CLOSED|String|false|true
07:06:18.0 (11005447)|HEAP_ALLOCATE|[72]|Bytes:3
07:06:18.0 (11064276)|HEAP_ALLOCATE|[77]|Bytes:152
07:06:18.0 (11086626)|HEAP_ALLOCATE|[342]|Bytes:408
07:06:18.0 (11109255)|HEAP_ALLOCATE|[355]|Bytes:408
07:06:18.0 (11129664)|HEAP_ALLOCATE|[467]|Bytes:48
07:06:18.0 (11165755)|HEAP_ALLOCATE|[139]|Bytes:6
07:06:18.0 (11187219)|HEAP_ALLOCATE|[EXTERNAL]|Bytes:8
07:06:18.0 (11195906)|HEAP_ALLOCATE|[EXTERNAL]|Bytes:328
07:06:18.0 (11200118)|HEAP_ALLOCATE|[EXTERNAL]|Bytes:48
07:06:18.0 (11204544)|HEAP_ALLOCATE|[EXTERNAL]|Bytes:10
07:06:18.0 (11208204)|HEAP_ALLOCATE|[EXTERNAL]|Bytes:8
07:06:18.0 (11248855)|VARIABLE_ASSIGNMENT|[EXTERNAL]|OpportunityStageCont.STAGE_ADMITTED|"Admitted"
07:06:18.0 (11257005)|HEAP_ALLOCATE|[EXTERNAL]|Bytes:15
07:06:18.0 (11265596)|VARIABLE_ASSIGNMENT|[EXTERNAL]|OpportunityStageCont.STAGE_ADMITTED_CLOSED|"Admitted/Closed"
07:06:18.0 (11280052)|METHOD_ENTRY|[1]|01pj0000004Sbw4|OpportunityStageCont.OpportunityStageCont()
07:06:18.0 (11286579)|STATEMENT_EXECUTE|[1]
07:06:18.0 (11291467)|STATEMENT_EXECUTE|[1]
07:06:18.0 (11328254)|HEAP_ALLOCATE|[50]|Bytes:5
07:06:18.0 (11357345)|HEAP_ALLOCATE|[56]|Bytes:5
07:06:18.0 (11368373)|HEAP_ALLOCATE|[64]|Bytes:7
07:06:18.0 (11403193)|SYSTEM_MODE_ENTER|false
07:06:18.0 (11421674)|HEAP_ALLOCATE|[EXTERNAL]|Bytes:5
07:06:18.0 (11427984)|STATEMENT_EXECUTE|[87]
07:06:18.0 (11433857)|SYSTEM_MODE_EXIT|false
07:06:18.0 (11444937)|METHOD_EXIT|[1]|OpportunityStageCont
07:06:18.0 (11735074)|HEAP_ALLOCATE|[EXTERNAL]|Bytes:56
07:06:18.0 (11748703)|VARIABLE_SCOPE_BEGIN|[20]|this|OpportunityStageCont|true|false
07:06:18.0 (11840722)|VARIABLE_ASSIGNMENT|[20]|this|{}|0x4e32ff18
07:06:18.0 (11867044)|SYSTEM_MODE_ENTER|false
07:06:18.0 (11875210)|HEAP_ALLOCATE|[21]|Bytes:5
07:06:18.0 (11880647)|STATEMENT_EXECUTE|[1]
07:06:18.0 (11890305)|HEAP_ALLOCATE|[21]|Bytes:5
07:06:18.0 (11894474)|STATEMENT_EXECUTE|[6]
07:06:18.0 (11895887)|STATEMENT_EXECUTE|[7]
07:06:18.0 (11896903)|STATEMENT_EXECUTE|[8]
07:06:18.0 (11898098)|STATEMENT_EXECUTE|[9]
07:06:18.0 (11899042)|STATEMENT_EXECUTE|[10]
07:06:18.0 (11900093)|STATEMENT_EXECUTE|[11]
07:06:18.0 (11901066)|STATEMENT_EXECUTE|[12]
07:06:18.0 (11901950)|STATEMENT_EXECUTE|[13]
07:06:18.0 (11902850)|STATEMENT_EXECUTE|[14]
07:06:18.0 (11903732)|STATEMENT_EXECUTE|[15]
07:06:18.0 (11904626)|STATEMENT_EXECUTE|[16]
07:06:18.0 (11905655)|STATEMENT_EXECUTE|[17]
07:06:18.0 (11906642)|STATEMENT_EXECUTE|[18]
07:06:18.0 (11916904)|HEAP_ALLOCATE|[21]|Bytes:6
07:06:18.0 (11961525)|STATEMENT_EXECUTE|[20]
07:06:18.0 (11963478)|STATEMENT_EXECUTE|[21]
07:06:18.0 (12074543)|VARIABLE_ASSIGNMENT|[EXTERNAL]|this|{}|0x4e32ff18
07:06:18.0 (12097453)|VARIABLE_ASSIGNMENT|[EXTERNAL]|value|false
07:06:18.0 (12106309)|HEAP_ALLOCATE|[13]|Bytes:5
07:06:18.0 (12118963)|VARIABLE_ASSIGNMENT|[13]|this.flagRTC|false|0x4e32ff18
07:06:18.0 (12130622)|STATEMENT_EXECUTE|[22]
07:06:18.0 (12193230)|VARIABLE_ASSIGNMENT|[EXTERNAL]|this|{"flagRTC":false}|0x4e32ff18
07:06:18.0 (12206578)|VARIABLE_ASSIGNMENT|[EXTERNAL]|value|false
07:06:18.0 (12214433)|HEAP_ALLOCATE|[14]|Bytes:5
07:06:18.0 (12223760)|VARIABLE_ASSIGNMENT|[14]|this.flagIOP|false|0x4e32ff18
07:06:18.0 (12234057)|STATEMENT_EXECUTE|[23]
07:06:18.0 (12325712)|HEAP_ALLOCATE|[23]|Bytes:54
07:06:18.0 (12391498)|HEAP_ALLOCATE|[23]|Bytes:24
07:06:18.0 (12420284)|HEAP_ALLOCATE|[23]|Bytes:2
07:06:18.0 (12466057)|HEAP_ALLOCATE|[23]|Bytes:4
07:06:18.0 (12515274)|VARIABLE_ASSIGNMENT|[EXTERNAL]|this|{"flagIOP":false,"flagRTC":false}|0x4e32ff18
07:06:18.0 (12769600)|VARIABLE_ASSIGNMENT|[EXTERNAL]|value|"00629000004NTeZAAW"
07:06:18.0 (12846061)|VARIABLE_ASSIGNMENT|[17]|this.opptID|"00629000004NTeZAAW"|0x4e32ff18
07:06:18.0 (12861373)|STATEMENT_EXECUTE|[24]
07:06:18.0 (12865736)|HEAP_ALLOCATE|[24]|Bytes:84
07:06:18.0 (12885214)|HEAP_ALLOCATE|[24]|Bytes:4
07:06:18.0 (12898528)|HEAP_ALLOCATE|[24]|Bytes:7
07:06:18.0 (13041429)|VARIABLE_ASSIGNMENT|[EXTERNAL]|this|{"flagIOP":false,"flagRTC":false,"opptID":"00629000004NTeZAAW"}|0x4e32ff18
07:06:18.0 (14393503)|SOQL_EXECUTE_BEGIN|[24]|Aggregations:0|SELECT id, StageName, Recordtype.Name, IsClosed FROM Opportunity WHERE ID = :tmpVar1
07:06:18.0 (35826733)|SOQL_EXECUTE_END|[24]|Rows:1
07:06:18.0 (35872452)|HEAP_ALLOCATE|[24]|Bytes:8
07:06:18.0 (35901973)|HEAP_ALLOCATE|[24]|Bytes:186
07:06:18.0 (35993576)|HEAP_ALLOCATE|[24]|Bytes:8
07:06:18.0 (36018882)|HEAP_ALLOCATE|[24]|Bytes:37
07:06:18.0 (36076983)|HEAP_ALLOCATE|[24]|Bytes:24
07:06:18.0 (36325146)|VARIABLE_ASSIGNMENT|[EXTERNAL]|this|{"flagIOP":false,"flagRTC":false,"opptID":"00629000004NTeZAAW"}|0x4e32ff18
07:06:18.0 (36355636)|VARIABLE_ASSIGNMENT|[EXTERNAL]|value|{"Id":"00629000004NTeZAAW","StageName":"Counter Offer Reques (3 more) ...","RecordTypeId":"012j00000015GSJAA2","IsClosed":false,"RecordType":{"Name":"Residential Treatmen (1 more) ...","Id":"012j00000015GSJAA2"}}|0x37b45127
07:06:18.0 (36382370)|VARIABLE_ASSIGNMENT|[16]|this.opp|{"Id":"00629000004NTeZAAW","StageName":"Counter Offer Reques (3 more) ...","RecordTypeId":"012j00000015GSJAA2","IsClosed":false,"RecordType":{"Name":"Residential Treatmen (1 more) ...","Id":"012j00000015GSJAA2"}}|0x4e32ff18
07:06:18.0 (36399159)|STATEMENT_EXECUTE|[33]
07:06:18.0 (36575383)|VARIABLE_ASSIGNMENT|[EXTERNAL]|this|{"flagIOP":false,"flagRTC":false,"opp":"0x37b45127","opptID":"00629000004NTeZAAW"}|0x4e32ff18
07:06:18.0 (36595951)|VARIABLE_ASSIGNMENT|[EXTERNAL]|value|true
07:06:18.0 (36604450)|HEAP_ALLOCATE|[12]|Bytes:5
07:06:18.0 (36614390)|VARIABLE_ASSIGNMENT|[12]|this.loadOnce|true|0x4e32ff18
07:06:18.0 (36760877)|VARIABLE_ASSIGNMENT|[EXTERNAL]|this|{"flagIOP":false,"flagRTC":false,"loadOnce":true,"opp":"0x37b45127","opptID":"00629000004NTeZAAW"}|0x4e32ff18
07:06:18.0 (36781476)|STATEMENT_EXECUTE|[34]
07:06:18.0 (36907045)|VARIABLE_ASSIGNMENT|[EXTERNAL]|this|{"flagIOP":false,"flagRTC":false,"loadOnce":true,"opp":"0x37b45127","opptID":"00629000004NTeZAAW"}|0x4e32ff18
07:06:18.0 (37020004)|HEAP_ALLOCATE|[35]|Bytes:21
07:06:18.0 (37067128)|STATEMENT_EXECUTE|[35]
07:06:18.0 (37069089)|STATEMENT_EXECUTE|[36]
07:06:18.0 (37207111)|VARIABLE_ASSIGNMENT|[EXTERNAL]|this|{"flagIOP":false,"flagRTC":false,"loadOnce":true,"opp":"0x37b45127","opptID":"00629000004NTeZAAW"}|0x4e32ff18
07:06:18.0 (37222283)|VARIABLE_ASSIGNMENT|[EXTERNAL]|value|true
07:06:18.0 (37230435)|HEAP_ALLOCATE|[13]|Bytes:5
07:06:18.0 (37242268)|VARIABLE_ASSIGNMENT|[13]|this.flagRTC|true|0x4e32ff18
07:06:18.0 (37254456)|STATEMENT_EXECUTE|[37]
07:06:18.0 (37383243)|VARIABLE_ASSIGNMENT|[EXTERNAL]|this|{"flagIOP":false,"flagRTC":true,"loadOnce":true,"opp":"0x37b45127","opptID":"00629000004NTeZAAW"}|0x4e32ff18
07:06:18.0 (37397921)|VARIABLE_ASSIGNMENT|[EXTERNAL]|value|false
07:06:18.0 (37404985)|HEAP_ALLOCATE|[14]|Bytes:5
07:06:18.0 (37413907)|VARIABLE_ASSIGNMENT|[14]|this.flagIOP|false|0x4e32ff18
07:06:18.0 (37546128)|VARIABLE_ASSIGNMENT|[EXTERNAL]|this|{"flagIOP":false,"flagRTC":true,"loadOnce":true,"opp":"0x37b45127","opptID":"00629000004NTeZAAW"}|0x4e32ff18
07:06:18.0 (37576929)|HEAP_ALLOCATE|[39]|Bytes:20
07:06:18.0 (37592250)|STATEMENT_EXECUTE|[39]
07:06:18.0 (37600830)|SYSTEM_MODE_EXIT|false
07:06:18.0 (39404267)|SYSTEM_MODE_ENTER|true
07:06:18.0 (39434505)|HEAP_ALLOCATE|[EXTERNAL]|Bytes:56
07:06:18.0 (39444334)|VARIABLE_SCOPE_BEGIN|[20]|this|OpportunityStageCont|true|false
07:06:18.0 (39480195)|VARIABLE_ASSIGNMENT|[20]|this|{}|0x5a7e541f
07:06:18.0 (39505849)|SYSTEM_MODE_ENTER|false
07:06:18.0 (39514345)|HEAP_ALLOCATE|[21]|Bytes:5
07:06:18.0 (39520075)|STATEMENT_EXECUTE|[1]
07:06:18.0 (39530136)|HEAP_ALLOCATE|[21]|Bytes:5
07:06:18.0 (39534449)|STATEMENT_EXECUTE|[6]
07:06:18.0 (39535772)|STATEMENT_EXECUTE|[7]
07:06:18.0 (39536703)|STATEMENT_EXECUTE|[8]
07:06:18.0 (39537585)|STATEMENT_EXECUTE|[9]
07:06:18.0 (39538713)|STATEMENT_EXECUTE|[10]
07:06:18.0 (39539843)|STATEMENT_EXECUTE|[11]
07:06:18.0 (39540807)|STATEMENT_EXECUTE|[12]
07:06:18.0 (39541715)|STATEMENT_EXECUTE|[13]
07:06:18.0 (39542743)|STATEMENT_EXECUTE|[14]
07:06:18.0 (39543639)|STATEMENT_EXECUTE|[15]
07:06:18.0 (39544545)|STATEMENT_EXECUTE|[16]
07:06:18.0 (39545434)|STATEMENT_EXECUTE|[17]
07:06:18.0 (39546513)|STATEMENT_EXECUTE|[18]
07:06:18.0 (39569583)|STATEMENT_EXECUTE|[20]
07:06:18.0 (39570932)|STATEMENT_EXECUTE|[21]
07:06:18.0 (39602281)|VARIABLE_ASSIGNMENT|[EXTERNAL]|this|{}|0x5a7e541f
07:06:18.0 (39614706)|VARIABLE_ASSIGNMENT|[EXTERNAL]|value|false
07:06:18.0 (39621447)|HEAP_ALLOCATE|[13]|Bytes:5
07:06:18.0 (39630416)|VARIABLE_ASSIGNMENT|[13]|this.flagRTC|false|0x5a7e541f
07:06:18.0 (39640220)|STATEMENT_EXECUTE|[22]
07:06:18.0 (39671351)|VARIABLE_ASSIGNMENT|[EXTERNAL]|this|{"flagRTC":false}|0x5a7e541f
07:06:18.0 (39682105)|VARIABLE_ASSIGNMENT|[EXTERNAL]|value|false
07:06:18.0 (39688096)|HEAP_ALLOCATE|[14]|Bytes:5
07:06:18.0 (39696013)|VARIABLE_ASSIGNMENT|[14]|this.flagIOP|false|0x5a7e541f
07:06:18.0 (39704673)|STATEMENT_EXECUTE|[23]
07:06:18.0 (39723962)|HEAP_ALLOCATE|[23]|Bytes:54
07:06:18.0 (39762170)|HEAP_ALLOCATE|[23]|Bytes:24
07:06:18.0 (39811707)|HEAP_ALLOCATE|[23]|Bytes:4
07:06:18.0 (39852343)|VARIABLE_ASSIGNMENT|[EXTERNAL]|this|{"flagIOP":false,"flagRTC":false}|0x5a7e541f
07:06:18.0 (39928735)|VARIABLE_ASSIGNMENT|[EXTERNAL]|value|"00629000004NTeZAAW"
07:06:18.0 (39998932)|VARIABLE_ASSIGNMENT|[17]|this.opptID|"00629000004NTeZAAW"|0x5a7e541f
07:06:18.0 (40013662)|STATEMENT_EXECUTE|[24]
07:06:18.0 (40030528)|HEAP_ALLOCATE|[24]|Bytes:4
07:06:18.0 (40163022)|VARIABLE_ASSIGNMENT|[EXTERNAL]|this|{"flagIOP":false,"flagRTC":false,"opptID":"00629000004NTeZAAW"}|0x5a7e541f
07:06:18.0 (40501305)|SOQL_EXECUTE_BEGIN|[24]|Aggregations:0|SELECT id, StageName, Recordtype.Name, IsClosed FROM Opportunity WHERE ID = :tmpVar1
07:06:18.0 (72910195)|SOQL_EXECUTE_END|[24]|Rows:1
07:06:18.0 (72944441)|HEAP_ALLOCATE|[24]|Bytes:8
07:06:18.0 (72969945)|HEAP_ALLOCATE|[24]|Bytes:186
07:06:18.0 (73019844)|HEAP_ALLOCATE|[24]|Bytes:8
07:06:18.0 (73052695)|HEAP_ALLOCATE|[24]|Bytes:24
07:06:18.0 (73233443)|VARIABLE_ASSIGNMENT|[EXTERNAL]|this|{"flagIOP":false,"flagRTC":false,"opptID":"00629000004NTeZAAW"}|0x5a7e541f
07:06:18.0 (73267937)|VARIABLE_ASSIGNMENT|[EXTERNAL]|value|{"Id":"00629000004NTeZAAW","StageName":"Counter Offer Reques (3 more) ...","RecordTypeId":"012j00000015GSJAA2","IsClosed":false,"RecordType":{"Name":"Residential Treatmen (1 more) ...","Id":"012j00000015GSJAA2"}}|0x5a1b15cb
07:06:18.0 (73293271)|VARIABLE_ASSIGNMENT|[16]|this.opp|{"Id":"00629000004NTeZAAW","StageName":"Counter Offer Reques (3 more) ...","RecordTypeId":"012j00000015GSJAA2","IsClosed":false,"RecordType":{"Name":"Residential Treatmen (1 more) ...","Id":"012j00000015GSJAA2"}}|0x5a7e541f
07:06:18.0 (73309160)|STATEMENT_EXECUTE|[33]
07:06:18.0 (73431024)|VARIABLE_ASSIGNMENT|[EXTERNAL]|this|{"flagIOP":false,"flagRTC":false,"opp":"0x5a1b15cb","opptID":"00629000004NTeZAAW"}|0x5a7e541f
07:06:18.0 (73449021)|VARIABLE_ASSIGNMENT|[EXTERNAL]|value|true
07:06:18.0 (73457751)|HEAP_ALLOCATE|[12]|Bytes:5
07:06:18.0 (73467407)|VARIABLE_ASSIGNMENT|[12]|this.loadOnce|true|0x5a7e541f
07:06:18.0 (73592304)|VARIABLE_ASSIGNMENT|[EXTERNAL]|this|{"flagIOP":false,"flagRTC":false,"loadOnce":true,"opp":"0x5a1b15cb","opptID":"00629000004NTeZAAW"}|0x5a7e541f
07:06:18.0 (73610319)|STATEMENT_EXECUTE|[34]
07:06:18.0 (73724172)|VARIABLE_ASSIGNMENT|[EXTERNAL]|this|{"flagIOP":false,"flagRTC":false,"loadOnce":true,"opp":"0x5a1b15cb","opptID":"00629000004NTeZAAW"}|0x5a7e541f
07:06:18.0 (73789471)|STATEMENT_EXECUTE|[35]
07:06:18.0 (73791667)|STATEMENT_EXECUTE|[36]
07:06:18.0 (73911235)|VARIABLE_ASSIGNMENT|[EXTERNAL]|this|{"flagIOP":false,"flagRTC":false,"loadOnce":true,"opp":"0x5a1b15cb","opptID":"00629000004NTeZAAW"}|0x5a7e541f
07:06:18.0 (73925893)|VARIABLE_ASSIGNMENT|[EXTERNAL]|value|true
07:06:18.0 (73933183)|HEAP_ALLOCATE|[13]|Bytes:5
07:06:18.0 (73942182)|VARIABLE_ASSIGNMENT|[13]|this.flagRTC|true|0x5a7e541f
07:06:18.0 (73952734)|STATEMENT_EXECUTE|[37]
07:06:18.0 (74067652)|VARIABLE_ASSIGNMENT|[EXTERNAL]|this|{"flagIOP":false,"flagRTC":true,"loadOnce":true,"opp":"0x5a1b15cb","opptID":"00629000004NTeZAAW"}|0x5a7e541f
07:06:18.0 (74084163)|VARIABLE_ASSIGNMENT|[EXTERNAL]|value|false
07:06:18.0 (74092766)|HEAP_ALLOCATE|[14]|Bytes:5
07:06:18.0 (74101829)|VARIABLE_ASSIGNMENT|[14]|this.flagIOP|false|0x5a7e541f
07:06:18.0 (74224040)|VARIABLE_ASSIGNMENT|[EXTERNAL]|this|{"flagIOP":false,"flagRTC":true,"loadOnce":true,"opp":"0x5a1b15cb","opptID":"00629000004NTeZAAW"}|0x5a7e541f
07:06:18.0 (74261330)|STATEMENT_EXECUTE|[39]
07:06:18.0 (74269962)|SYSTEM_MODE_EXIT|false
07:06:18.0 (78558204)|SYSTEM_MODE_ENTER|true
07:06:18.0 (78607410)|HEAP_ALLOCATE|[EXTERNAL]|Bytes:4
07:06:18.0 (78615374)|HEAP_ALLOCATE|[EXTERNAL]|Bytes:56
07:06:18.0 (78703901)|VARIABLE_ASSIGNMENT|[EXTERNAL]|this.opptID|"00629000004NTeZAAW"|0x5a7e541f
07:06:18.0 (78990319)|SYSTEM_MODE_ENTER|true
07:06:18.0 (79740750)|SYSTEM_MODE_ENTER|true
07:06:18.0 (79768857)|HEAP_ALLOCATE|[EXTERNAL]|Bytes:4
07:06:18.0 (79775460)|HEAP_ALLOCATE|[EXTERNAL]|Bytes:56
07:06:18.0 (79849852)|VARIABLE_ASSIGNMENT|[EXTERNAL]|this.opptID|"00629000004NTeZAAW"|0x5a7e541f
07:06:18.0 (80553339)|SYSTEM_MODE_ENTER|true
07:06:18.0 (80616748)|HEAP_ALLOCATE|[EXTERNAL]|Bytes:56
07:06:18.0 (80630873)|VARIABLE_SCOPE_BEGIN|[96]|this|OpportunityStageCont|true|false
07:06:18.0 (80797900)|VARIABLE_ASSIGNMENT|[96]|this|{"flagIOP":false,"flagRTC":true,"loadOnce":true,"opp":"0x5a1b15cb","opptID":"00629000004NTeZAAW"}|0x5a7e541f
07:06:18.0 (80832818)|SYSTEM_MODE_ENTER|false
07:06:18.0 (80842572)|HEAP_ALLOCATE|[97]|Bytes:5
07:06:18.0 (80848628)|STATEMENT_EXECUTE|[96]
07:06:18.0 (80850145)|STATEMENT_EXECUTE|[97]
07:06:18.0 (80872124)|HEAP_ALLOCATE|[97]|Bytes:4
07:06:18.0 (80922616)|VARIABLE_SCOPE_BEGIN|[97]|listStage|List<System.SelectOption>|true|false
07:06:18.0 (80960914)|HEAP_ALLOCATE|[EXTERNAL]|Bytes:4
07:06:18.0 (80975891)|VARIABLE_ASSIGNMENT|[97]|listStage|[]|0x23906ddb
07:06:18.0 (80982245)|STATEMENT_EXECUTE|[98]
07:06:18.0 (81076921)|HEAP_ALLOCATE|[98]|Bytes:4
07:06:18.0 (81146091)|VARIABLE_SCOPE_BEGIN|[98]|oppStagenameList|List<OpportunityStage>|true|false
07:06:18.0 (81158039)|HEAP_ALLOCATE|[EXTERNAL]|Bytes:4
07:06:18.0 (81168200)|VARIABLE_ASSIGNMENT|[98]|oppStagenameList|[]|0x197430ff
07:06:18.0 (81173914)|STATEMENT_EXECUTE|[99]
07:06:18.0 (81178137)|HEAP_ALLOCATE|[98]|Bytes:11
07:06:18.0 (81183537)|HEAP_ALLOCATE|[98]|Bytes:9
07:06:18.0 (81638047)|HEAP_ALLOCATE|[99]|Bytes:8
07:06:18.0 (81674079)|VARIABLE_SCOPE_BEGIN|[99]|fieldResult|Schema.DescribeFieldResult|true|false
07:06:18.0 (81825522)|VARIABLE_ASSIGNMENT|[99]|fieldResult|"common.api.soap.wsdl.Field@6b342b53"|0x28b2fc83
07:06:18.0 (81992430)|VARIABLE_ASSIGNMENT|[EXTERNAL]|this|{"flagIOP":false,"flagRTC":true,"loadOnce":true,"opp":"0x5a1b15cb","opptID":"00629000004NTeZAAW"}|0x5a7e541f
07:06:18.0 (82017875)|STATEMENT_EXECUTE|[121]
07:06:18.0 (82020586)|STATEMENT_EXECUTE|[122]
07:06:18.0 (82025012)|HEAP_ALLOCATE|[122]|Bytes:285
07:06:18.0 (82045542)|HEAP_ALLOCATE|[122]|Bytes:4
07:06:18.0 (82591167)|SOQL_EXECUTE_BEGIN|[122]|Aggregations:0|SELECT ApiName, Description, ForecastCategory, IsActive, IsClosed, IsWon, MasterLabel, ForecastCategoryName, DefaultProbability FROM OpportunityStage WHERE ((isclosed != TRUE OR IsWon = TRUE) AND IsActive = TRUE AND ApiName != 'Pending Appointment') ORDER BY Description ASC NULLS LAST
07:06:18.0 (85616065)|SOQL_EXECUTE_END|[122]|Rows:14
07:06:18.0 (85640174)|HEAP_ALLOCATE|[122]|Bytes:60
07:06:18.0 (85700049)|HEAP_ALLOCATE|[122]|Bytes:3722
07:06:18.0 (85736191)|HEAP_ALLOCATE|[122]|Bytes:60
07:06:18.0 (85755941)|VARIABLE_ASSIGNMENT|[122]|oppStagenameList|"List of size 14 too large to display"|0x37f5c7f9
07:06:18.0 (85763216)|STATEMENT_EXECUTE|[139]
07:06:18.0 (85775274)|HEAP_ALLOCATE|[139]|Bytes:4
07:06:18.0 (85790834)|VARIABLE_SCOPE_BEGIN|[139]|stageMap|Map<String,String>|true|false
07:06:18.0 (85810449)|VARIABLE_ASSIGNMENT|[139]|stageMap|{}|0x1ebc79db
07:06:18.0 (86026570)|HEAP_ALLOCATE|[141]|Bytes:5
07:06:18.0 (86049303)|HEAP_ALLOCATE|[141]|Bytes:44
07:06:18.0 (86062126)|VARIABLE_SCOPE_BEGIN|[141]|os|OpportunityStage|true|false
07:06:18.0 (86087327)|VARIABLE_ASSIGNMENT|[141]|os|{"ApiName":"In Process","Description":"A","ForecastCategory":"Pipeline","IsActive":true,"IsClosed":false,"IsWon":false,"MasterLabel":"In Process","ForecastCategoryName":"Pipeline","DefaultProbability":10,"Id":"01Jj000000Ip74wEAB"}|0x13ceb8ff
07:06:18.0 (86096919)|STATEMENT_EXECUTE|[141]
07:06:18.0 (86098401)|STATEMENT_EXECUTE|[143]
07:06:18.0 (86219365)|HEAP_ALLOCATE|[EXTERNAL]|Bytes:4
07:06:18.0 (86231717)|STATEMENT_EXECUTE|[144]
07:06:18.0 (86241621)|HEAP_ALLOCATE|[144]|Bytes:9
07:06:18.0 (86372015)|HEAP_ALLOCATE|[144]|Bytes:224
07:06:18.0 (86402906)|HEAP_ALLOCATE|[144]|Bytes:233
07:06:18.0 (86427191)|USER_DEBUG|[144]|DEBUG|>>> os : OpportunityStage:{ApiName=In Process, Description=A, ForecastCategory=Pipeline, IsActive=true, IsClosed=false, IsWon=false, MasterLabel=In Process, ForecastCategoryName=Pipeline, DefaultProbability=10, Id=01Jj000000Ip74wEAB}
07:06:18.0 (86446571)|HEAP_ALLOCATE|[141]|Bytes:5
07:06:18.0 (86460153)|HEAP_ALLOCATE|[141]|Bytes:44
07:06:18.0 (86469227)|VARIABLE_SCOPE_BEGIN|[141]|os|OpportunityStage|true|false
07:06:18.0 (86491151)|VARIABLE_ASSIGNMENT|[141]|os|{"ApiName":"Benefits Submitted","Description":"B","ForecastCategory":"Pipeline","IsActive":true,"IsClosed":false,"IsWon":false,"MasterLabel":"Benefits Submitted","ForecastCategoryName":"Pipeline","DefaultProbability":30,"Id":"01Jj000000Ip74NEAR"}|0x796e38b8
07:06:18.0 (86500020)|STATEMENT_EXECUTE|[141]
07:06:18.0 (86501311)|STATEMENT_EXECUTE|[143]
07:06:18.0 (86524237)|HEAP_ALLOCATE|[EXTERNAL]|Bytes:4
07:06:18.0 (86532927)|STATEMENT_EXECUTE|[144]
07:06:18.0 (86600686)|HEAP_ALLOCATE|[144]|Bytes:240
07:06:18.0 (86621334)|HEAP_ALLOCATE|[144]|Bytes:249
07:06:18.0 (86631794)|USER_DEBUG|[144]|DEBUG|>>> os : OpportunityStage:{ApiName=Benefits Submitted, Description=B, ForecastCategory=Pipeline, IsActive=true, IsClosed=false, IsWon=false, MasterLabel=Benefits Submitted, ForecastCategoryName=Pipeline, DefaultProbability=30, Id=01Jj000000Ip74NEAR}
07:06:18.0 (86649438)|HEAP_ALLOCATE|[141]|Bytes:5
07:06:18.0 (86662548)|HEAP_ALLOCATE|[141]|Bytes:44
07:06:18.0 (86671442)|VARIABLE_SCOPE_BEGIN|[141]|os|OpportunityStage|true|false
07:06:18.0 (86692974)|VARIABLE_ASSIGNMENT|[141]|os|{"ApiName":"Denied by VOB","Description":"C","ForecastCategory":"Pipeline","IsActive":true,"IsClosed":false,"IsWon":false,"MasterLabel":"Denied by VOB","ForecastCategoryName":"Pipeline","DefaultProbability":0,"Id":"01Jj000000Ip75fEAB"}|0x4ec587a8
07:06:18.0 (86701845)|STATEMENT_EXECUTE|[141]
07:06:18.0 (86703008)|STATEMENT_EXECUTE|[143]
07:06:18.0 (86724621)|HEAP_ALLOCATE|[EXTERNAL]|Bytes:4
07:06:18.0 (86732407)|STATEMENT_EXECUTE|[144]
07:06:18.0 (86798469)|HEAP_ALLOCATE|[144]|Bytes:229
07:06:18.0 (86818316)|HEAP_ALLOCATE|[144]|Bytes:238
07:06:18.0 (86828190)|USER_DEBUG|[144]|DEBUG|>>> os : OpportunityStage:{ApiName=Denied by VOB, Description=C, ForecastCategory=Pipeline, IsActive=true, IsClosed=false, IsWon=false, MasterLabel=Denied by VOB, ForecastCategoryName=Pipeline, DefaultProbability=0, Id=01Jj000000Ip75fEAB}
07:06:18.0 (86845306)|HEAP_ALLOCATE|[141]|Bytes:5
07:06:18.0 (86857787)|HEAP_ALLOCATE|[141]|Bytes:44
07:06:18.0 (86866472)|VARIABLE_SCOPE_BEGIN|[141]|os|OpportunityStage|true|false
07:06:18.0 (86888943)|VARIABLE_ASSIGNMENT|[141]|os|{"ApiName":"Determination Comple (2 more) ...","Description":"D","ForecastCategory":"Pipeline","IsActive":true,"IsClosed":false,"IsWon":false,"MasterLabel":"Determination Comple (2 more) ...","ForecastCategoryName":"Pipeline","DefaultProbability":40,"Id":"01Jj000000Ip75VEAR"}|0x3ba3e291
07:06:18.0 (86898103)|STATEMENT_EXECUTE|[141]
07:06:18.0 (86899343)|STATEMENT_EXECUTE|[143]
07:06:18.0 (86921306)|HEAP_ALLOCATE|[EXTERNAL]|Bytes:4
07:06:18.0 (86929458)|STATEMENT_EXECUTE|[144]
07:06:18.0 (86994932)|HEAP_ALLOCATE|[144]|Bytes:248
07:06:18.0 (87014199)|HEAP_ALLOCATE|[144]|Bytes:257
07:06:18.0 (87024887)|USER_DEBUG|[144]|DEBUG|>>> os : OpportunityStage:{ApiName=Determination Complete, Description=D, ForecastCategory=Pipeline, IsActive=true, IsClosed=false, IsWon=false, MasterLabel=Determination Complete, ForecastCategoryName=Pipeline, DefaultProbability=40, Id=01Jj000000Ip75VEAR}
07:06:18.0 (87042143)|HEAP_ALLOCATE|[141]|Bytes:5
07:06:18.0 (87054125)|HEAP_ALLOCATE|[141]|Bytes:44
07:06:18.0 (87062757)|VARIABLE_SCOPE_BEGIN|[141]|os|OpportunityStage|true|false
07:06:18.0 (87083351)|VARIABLE_ASSIGNMENT|[141]|os|{"ApiName":"Counter Offer Reques (3 more) ...","Description":"E","ForecastCategory":"Pipeline","IsActive":true,"IsClosed":false,"IsWon":false,"MasterLabel":"Counter Offer Reques (3 more) ...","ForecastCategoryName":"Pipeline","DefaultProbability":40,"Id":"01Jj000000Ip75aEAB"}|0x5d4cac5a
07:06:18.0 (87092253)|STATEMENT_EXECUTE|[141]
07:06:18.0 (87093468)|STATEMENT_EXECUTE|[143]
07:06:18.0 (87114830)|HEAP_ALLOCATE|[EXTERNAL]|Bytes:4
07:06:18.0 (87122721)|STATEMENT_EXECUTE|[144]
07:06:18.0 (87187976)|HEAP_ALLOCATE|[144]|Bytes:250
07:06:18.0 (87207707)|HEAP_ALLOCATE|[144]|Bytes:259
07:06:18.0 (87217524)|USER_DEBUG|[144]|DEBUG|>>> os : OpportunityStage:{ApiName=Counter Offer Requested, Description=E, ForecastCategory=Pipeline, IsActive=true, IsClosed=false, IsWon=false, MasterLabel=Counter Offer Requested, ForecastCategoryName=Pipeline, DefaultProbability=40, Id=01Jj000000Ip75aEAB}
07:06:18.0 (87239131)|HEAP_ALLOCATE|[141]|Bytes:5
07:06:18.0 (87252214)|HEAP_ALLOCATE|[141]|Bytes:44
07:06:18.0 (87260757)|VARIABLE_SCOPE_BEGIN|[141]|os|OpportunityStage|true|false
07:06:18.0 (87280299)|VARIABLE_ASSIGNMENT|[141]|os|{"ApiName":"Facility Selected","Description":"F","ForecastCategory":"Pipeline","IsActive":true,"IsClosed":false,"IsWon":false,"MasterLabel":"Facility Selected","ForecastCategoryName":"Pipeline","DefaultProbability":50,"Id":"01Jj000000Ip74XEAR"}|0x556fe4b3
07:06:18.0 (87288503)|STATEMENT_EXECUTE|[141]
07:06:18.0 (87289615)|STATEMENT_EXECUTE|[143]
07:06:18.0 (87310819)|HEAP_ALLOCATE|[EXTERNAL]|Bytes:4
07:06:18.0 (87318668)|STATEMENT_EXECUTE|[144]
07:06:18.0 (87383689)|HEAP_ALLOCATE|[144]|Bytes:238
07:06:18.0 (87403354)|HEAP_ALLOCATE|[144]|Bytes:247
07:06:18.0 (87413149)|USER_DEBUG|[144]|DEBUG|>>> os : OpportunityStage:{ApiName=Facility Selected, Description=F, ForecastCategory=Pipeline, IsActive=true, IsClosed=false, IsWon=false, MasterLabel=Facility Selected, ForecastCategoryName=Pipeline, DefaultProbability=50, Id=01Jj000000Ip74XEAR}
07:06:18.0 (87429887)|HEAP_ALLOCATE|[141]|Bytes:5
07:06:18.0 (87441973)|HEAP_ALLOCATE|[141]|Bytes:44
07:06:18.0 (87450347)|VARIABLE_SCOPE_BEGIN|[141]|os|OpportunityStage|true|false
07:06:18.0 (87471869)|VARIABLE_ASSIGNMENT|[141]|os|{"ApiName":"Determination Delive (3 more) ...","Description":"G","ForecastCategory":"Pipeline","IsActive":true,"IsClosed":false,"IsWon":false,"MasterLabel":"Determination Delive (3 more) ...","ForecastCategoryName":"Pipeline","DefaultProbability":65,"Id":"01Jj000000Ip74SEAR"}|0x37f5d171
07:06:18.0 (87480506)|STATEMENT_EXECUTE|[141]
07:06:18.0 (87481586)|STATEMENT_EXECUTE|[143]
07:06:18.0 (87502725)|HEAP_ALLOCATE|[EXTERNAL]|Bytes:4
07:06:18.0 (87510763)|STATEMENT_EXECUTE|[144]
07:06:18.0 (87575702)|HEAP_ALLOCATE|[144]|Bytes:250
07:06:18.0 (87595231)|HEAP_ALLOCATE|[144]|Bytes:259
07:06:18.0 (87604911)|USER_DEBUG|[144]|DEBUG|>>> os : OpportunityStage:{ApiName=Determination Delivered, Description=G, ForecastCategory=Pipeline, IsActive=true, IsClosed=false, IsWon=false, MasterLabel=Determination Delivered, ForecastCategoryName=Pipeline, DefaultProbability=65, Id=01Jj000000Ip74SEAR}
07:06:18.0 (87621807)|HEAP_ALLOCATE|[141]|Bytes:5
07:06:18.0 (87634206)|HEAP_ALLOCATE|[141]|Bytes:44
07:06:18.0 (87642537)|VARIABLE_SCOPE_BEGIN|[141]|os|OpportunityStage|true|false
07:06:18.0 (87662148)|VARIABLE_ASSIGNMENT|[141]|os|{"ApiName":"Pending Admission","Description":"H","ForecastCategory":"Pipeline","IsActive":true,"IsClosed":false,"IsWon":false,"MasterLabel":"Pending Admission","ForecastCategoryName":"Pipeline","DefaultProbability":98,"Id":"01Jj000000Ip74cEAB"}|0x13660a74
07:06:18.0 (87670554)|STATEMENT_EXECUTE|[141]
07:06:18.0 (87671844)|STATEMENT_EXECUTE|[143]
07:06:18.0 (87692582)|HEAP_ALLOCATE|[EXTERNAL]|Bytes:4
07:06:18.0 (87700478)|STATEMENT_EXECUTE|[144]
07:06:18.0 (87764345)|HEAP_ALLOCATE|[144]|Bytes:238
07:06:18.0 (87783746)|HEAP_ALLOCATE|[144]|Bytes:247
07:06:18.0 (87793843)|USER_DEBUG|[144]|DEBUG|>>> os : OpportunityStage:{ApiName=Pending Admission, Description=H, ForecastCategory=Pipeline, IsActive=true, IsClosed=false, IsWon=false, MasterLabel=Pending Admission, ForecastCategoryName=Pipeline, DefaultProbability=98, Id=01Jj000000Ip74cEAB}
07:06:18.0 (87810687)|HEAP_ALLOCATE|[141]|Bytes:5
07:06:18.0 (87823278)|HEAP_ALLOCATE|[141]|Bytes:44
07:06:18.0 (87831728)|VARIABLE_SCOPE_BEGIN|[141]|os|OpportunityStage|true|false
07:06:18.0 (87851626)|VARIABLE_ASSIGNMENT|[141]|os|{"ApiName":"Referral Requested","Description":"I","ForecastCategory":"Pipeline","IsActive":true,"IsClosed":false,"IsWon":false,"MasterLabel":"Referral Requested","ForecastCategoryName":"Pipeline","DefaultProbability":0,"Id":"01Jj000000Ip74DEAR"}|0x2bf05a3e
07:06:18.0 (87860722)|STATEMENT_EXECUTE|[141]
07:06:18.0 (87861787)|STATEMENT_EXECUTE|[143]
07:06:18.0 (87882536)|HEAP_ALLOCATE|[EXTERNAL]|Bytes:4
07:06:18.0 (87890247)|STATEMENT_EXECUTE|[144]
07:06:18.0 (87955367)|HEAP_ALLOCATE|[144]|Bytes:239
07:06:18.0 (87975353)|HEAP_ALLOCATE|[144]|Bytes:248
07:06:18.0 (87985803)|USER_DEBUG|[144]|DEBUG|>>> os : OpportunityStage:{ApiName=Referral Requested, Description=I, ForecastCategory=Pipeline, IsActive=true, IsClosed=false, IsWon=false, MasterLabel=Referral Requested, ForecastCategoryName=Pipeline, DefaultProbability=0, Id=01Jj000000Ip74DEAR}
07:06:18.0 (88002344)|HEAP_ALLOCATE|[141]|Bytes:5
07:06:18.0 (88015025)|HEAP_ALLOCATE|[141]|Bytes:44
07:06:18.0 (88023486)|VARIABLE_SCOPE_BEGIN|[141]|os|OpportunityStage|true|false
07:06:18.0 (88042325)|VARIABLE_ASSIGNMENT|[141]|os|{"ApiName":"Admitted","Description":"L","ForecastCategory":"Closed","IsActive":true,"IsClosed":true,"IsWon":true,"MasterLabel":"Admitted","ForecastCategoryName":"Closed","DefaultProbability":100,"Id":"01Jj000000Ip74rEAB"}|0x190798f
07:06:18.0 (88050108)|STATEMENT_EXECUTE|[141]
07:06:18.0 (88051164)|STATEMENT_EXECUTE|[143]
07:06:18.0 (88071910)|HEAP_ALLOCATE|[EXTERNAL]|Bytes:4
07:06:18.0 (88079654)|STATEMENT_EXECUTE|[144]
07:06:18.0 (88145268)|HEAP_ALLOCATE|[144]|Bytes:215
07:06:18.0 (88164903)|HEAP_ALLOCATE|[144]|Bytes:224
07:06:18.0 (88174959)|USER_DEBUG|[144]|DEBUG|>>> os : OpportunityStage:{ApiName=Admitted, Description=L, ForecastCategory=Closed, IsActive=true, IsClosed=true, IsWon=true, MasterLabel=Admitted, ForecastCategoryName=Closed, DefaultProbability=100, Id=01Jj000000Ip74rEAB}
07:06:18.0 (88191629)|HEAP_ALLOCATE|[141]|Bytes:5
07:06:18.0 (88203768)|HEAP_ALLOCATE|[141]|Bytes:40
07:06:18.0 (88212166)|VARIABLE_SCOPE_BEGIN|[141]|os|OpportunityStage|true|false
07:06:18.0 (88231161)|VARIABLE_ASSIGNMENT|[141]|os|{"ApiName":"Prospecting","ForecastCategory":"Pipeline","IsActive":true,"IsClosed":false,"IsWon":false,"MasterLabel":"Prospecting","ForecastCategoryName":"Pipeline","DefaultProbability":10,"Id":"01Jj0000009Ms6jEAC"}|0x18774e95
07:06:18.0 (88243621)|STATEMENT_EXECUTE|[141]
07:06:18.0 (88244893)|STATEMENT_EXECUTE|[143]
07:06:18.0 (88265817)|HEAP_ALLOCATE|[EXTERNAL]|Bytes:4
07:06:18.0 (88274291)|STATEMENT_EXECUTE|[144]
07:06:18.0 (88336391)|HEAP_ALLOCATE|[144]|Bytes:211
07:06:18.0 (88355835)|HEAP_ALLOCATE|[144]|Bytes:220
07:06:18.0 (88365684)|USER_DEBUG|[144]|DEBUG|>>> os : OpportunityStage:{ApiName=Prospecting, ForecastCategory=Pipeline, IsActive=true, IsClosed=false, IsWon=false, MasterLabel=Prospecting, ForecastCategoryName=Pipeline, DefaultProbability=10, Id=01Jj0000009Ms6jEAC}
07:06:18.0 (88382249)|HEAP_ALLOCATE|[141]|Bytes:5
07:06:18.0 (88394273)|HEAP_ALLOCATE|[141]|Bytes:40
07:06:18.0 (88402578)|VARIABLE_SCOPE_BEGIN|[141]|os|OpportunityStage|true|false
07:06:18.0 (88422808)|VARIABLE_ASSIGNMENT|[141]|os|{"ApiName":"Intervention Request (2 more) ...","ForecastCategory":"Pipeline","IsActive":true,"IsClosed":false,"IsWon":false,"MasterLabel":"Intervention Request (2 more) ...","ForecastCategoryName":"Pipeline","DefaultProbability":20,"Id":"01Jj000000Ip74IEAR"}|0x3b61d245
07:06:18.0 (88431344)|STATEMENT_EXECUTE|[141]
07:06:18.0 (88432373)|STATEMENT_EXECUTE|[143]
07:06:18.0 (88453243)|HEAP_ALLOCATE|[EXTERNAL]|Bytes:4
07:06:18.0 (88461641)|STATEMENT_EXECUTE|[144]
07:06:18.0 (88523265)|HEAP_ALLOCATE|[144]|Bytes:233
07:06:18.0 (88542974)|HEAP_ALLOCATE|[144]|Bytes:242
07:06:18.0 (88552895)|USER_DEBUG|[144]|DEBUG|>>> os : OpportunityStage:{ApiName=Intervention Requested, ForecastCategory=Pipeline, IsActive=true, IsClosed=false, IsWon=false, MasterLabel=Intervention Requested, ForecastCategoryName=Pipeline, DefaultProbability=20, Id=01Jj000000Ip74IEAR}
07:06:18.0 (88568945)|HEAP_ALLOCATE|[141]|Bytes:5
07:06:18.0 (88581049)|HEAP_ALLOCATE|[141]|Bytes:40
07:06:18.0 (88589302)|VARIABLE_SCOPE_BEGIN|[141]|os|OpportunityStage|true|false
07:06:18.0 (88609709)|VARIABLE_ASSIGNMENT|[141]|os|{"ApiName":"Pending Medical / Cl (13 more) ...","ForecastCategory":"Pipeline","IsActive":true,"IsClosed":false,"IsWon":false,"MasterLabel":"Pending Medical / Cl (13 more) ...","ForecastCategoryName":"Pipeline","DefaultProbability":80,"Id":"01Jj000000Ip75LEAR"}|0x12695ebd
07:06:18.0 (88618050)|STATEMENT_EXECUTE|[141]
07:06:18.0 (88619077)|STATEMENT_EXECUTE|[143]
07:06:18.0 (88640149)|HEAP_ALLOCATE|[EXTERNAL]|Bytes:4
07:06:18.0 (88648025)|STATEMENT_EXECUTE|[144]
07:06:18.0 (88710229)|HEAP_ALLOCATE|[144]|Bytes:255
07:06:18.0 (88729785)|HEAP_ALLOCATE|[144]|Bytes:264
07:06:18.0 (88739676)|USER_DEBUG|[144]|DEBUG|>>> os : OpportunityStage:{ApiName=Pending Medical / Clinical Review, ForecastCategory=Pipeline, IsActive=true, IsClosed=false, IsWon=false, MasterLabel=Pending Medical / Clinical Review, ForecastCategoryName=Pipeline, DefaultProbability=80, Id=01Jj000000Ip75LEAR}
07:06:18.0 (88756297)|HEAP_ALLOCATE|[141]|Bytes:5
07:06:18.0 (88768352)|HEAP_ALLOCATE|[141]|Bytes:40
07:06:18.0 (88776564)|VARIABLE_SCOPE_BEGIN|[141]|os|OpportunityStage|true|false
07:06:18.0 (88796049)|VARIABLE_ASSIGNMENT|[141]|os|{"ApiName":"Pending IOP Assessme (2 more) ...","ForecastCategory":"Pipeline","IsActive":true,"IsClosed":false,"IsWon":false,"MasterLabel":"Pending IOP Assessme (2 more) ...","ForecastCategoryName":"Pipeline","DefaultProbability":65,"Id":"01Jj000000Ip9aBEAR"}|0x1037017e
07:06:18.0 (88804774)|STATEMENT_EXECUTE|[141]
07:06:18.0 (88806029)|STATEMENT_EXECUTE|[143]
07:06:18.0 (88826863)|HEAP_ALLOCATE|[EXTERNAL]|Bytes:4
07:06:18.0 (88834813)|STATEMENT_EXECUTE|[144]
07:06:18.0 (88895917)|HEAP_ALLOCATE|[144]|Bytes:233
07:06:18.0 (88915320)|HEAP_ALLOCATE|[144]|Bytes:242
07:06:18.0 (88925181)|USER_DEBUG|[144]|DEBUG|>>> os : OpportunityStage:{ApiName=Pending IOP Assessment, ForecastCategory=Pipeline, IsActive=true, IsClosed=false, IsWon=false, MasterLabel=Pending IOP Assessment, ForecastCategoryName=Pipeline, DefaultProbability=65, Id=01Jj000000Ip9aBEAR}
07:06:18.0 (88942313)|HEAP_ALLOCATE|[141]|Bytes:5
07:06:18.0 (88956981)|VARIABLE_ASSIGNMENT|[141]|os|null|
07:06:18.0 (88963774)|STATEMENT_EXECUTE|[148]
07:06:18.0 (88967261)|HEAP_ALLOCATE|[148]|Bytes:9
07:06:18.0 (89025146)|HEAP_ALLOCATE|[148]|Bytes:933
07:06:18.0 (89046292)|HEAP_ALLOCATE|[148]|Bytes:942
07:06:18.0 (89058351)|USER_DEBUG|[148]|DEBUG|listStage(System.SelectOption[value="In Process", label="In Process", disabled="false"], System.SelectOption[value="Benefits Submitted", label="Benefits Submitted", disabled="false"], System.SelectOption[value="Denied by VOB", label="Denied by VOB", disabled="false"], System.SelectOption[value="Determination Complete", label="Determination Complete", disabled="false"], System.SelectOption[value="Counter Offer Requested", label="Counter Offer Requested", disabled="false"], System.SelectOption[value="Facility Selected", label="Facility Selected", disabled="false"], System.SelectOption[value="Determination Delivered", label="Determination Delivered", disabled="false"], System.SelectOption[value="Pending Admission", label="Pending Admission", disabled="false"], System.SelectOption[value="Referral Requested", label="Referral Requested", disabled="false"], System.SelectOption[value="Admitted", label="Admitted", disabled="false"], ...)
07:06:18.0 (89078254)|STATEMENT_EXECUTE|[153]
07:06:18.0 (89085514)|SYSTEM_MODE_EXIT|false
07:06:18.0 (89996127)|SYSTEM_MODE_ENTER|true
07:06:18.0 (90348239)|SYSTEM_MODE_ENTER|true
07:06:18.0 (90478461)|SYSTEM_MODE_ENTER|true
07:06:18.0 (91181216)|VF_SERIALIZE_VIEWSTATE_BEGIN|066j0000002vLOq
07:06:18.0 (93871751)|VF_SERIALIZE_VIEWSTATE_END
07:06:18.96 (96020251)|CUMULATIVE_LIMIT_USAGE
07:06:18.96 (96020251)|LIMIT_USAGE_FOR_NS|(default)|
  Number of SOQL queries: 3 out of 100
  Number of query rows: 16 out of 50000
  Number of SOSL queries: 0 out of 20
  Number of DML statements: 0 out of 150
  Number of DML rows: 0 out of 10000
  Maximum CPU time: 0 out of 10000
  Maximum heap size: 0 out of 6000000
  Number of callouts: 0 out of 100
  Number of Email Invocations: 0 out of 10
  Number of future calls: 0 out of 50
  Number of queueable jobs added to the queue: 0 out of 50
  Number of Mobile Apex push calls: 0 out of 10

07:06:18.96 (96020251)|CUMULATIVE_LIMIT_USAGE_END

07:06:18.0 (96067882)|CODE_UNIT_FINISHED|VF: /apex/OpportunityStagePage
07:06:18.0 (96816114)|EXECUTION_FINISHED
