37.0 APEX_CODE,FINEST;APEX_PROFILING,INFO;CALLOUT,INFO;DB,INFO;SYSTEM,DEBUG;VALIDATION,INFO;VISUALFORCE,INFO;WAVE,INFO;WORKFLOW,FINER
07:08:05.0 (311484)|USER_INFO|[EXTERNAL]|00529000000zYiy|bhakti.gujrathi@eternussolutions.com.frnstgng|Central Standard Time|GMT-06:00
07:08:05.0 (359317)|EXECUTION_STARTED
07:08:05.0 (363728)|CODE_UNIT_STARTED|[EXTERNAL]|0660a0000009uTC|VF: /apex/PAW_New_Edit
07:08:05.0 (891852)|VF_DESERIALIZE_VIEWSTATE_BEGIN|0660a0000009uTC
07:08:05.0 (9148720)|HEAP_ALLOCATE|[72]|Bytes:3
07:08:05.0 (9194762)|HEAP_ALLOCATE|[77]|Bytes:152
07:08:05.0 (9212667)|HEAP_ALLOCATE|[342]|Bytes:408
07:08:05.0 (9224530)|HEAP_ALLOCATE|[355]|Bytes:408
07:08:05.0 (9235688)|HEAP_ALLOCATE|[467]|Bytes:48
07:08:05.0 (9264132)|HEAP_ALLOCATE|[139]|Bytes:6
07:08:05.0 (9291333)|HEAP_ALLOCATE|[50]|Bytes:5
07:08:05.0 (9313214)|HEAP_ALLOCATE|[56]|Bytes:5
07:08:05.0 (9320498)|HEAP_ALLOCATE|[64]|Bytes:7
07:08:05.0 (13501190)|VARIABLE_SCOPE_BEGIN|[35]|PAW_New_EditCntrllr.globalSchemaMap|Map<String,Schema.SObjectType>|true|true
07:08:05.0 (13516925)|VARIABLE_SCOPE_BEGIN|[3]|PAW_New_EditCntrllr.yearEndMode|Boolean|false|true
07:08:05.0 (19023271)|VF_DESERIALIZE_VIEWSTATE_END
07:08:05.20 (20111750)|SYSTEM_MODE_ENTER|true
07:08:05.20 (20187090)|HEAP_ALLOCATE|[EXTERNAL]|Bytes:38
07:08:05.20 (20196568)|HEAP_ALLOCATE|[EXTERNAL]|Bytes:7
07:08:05.20 (20211896)|SYSTEM_METHOD_ENTRY|[1]|PageMessagesComponentController.PageMessagesComponentController()
07:08:05.20 (20218429)|STATEMENT_EXECUTE|[1]
07:08:05.21 (21147317)|SYSTEM_MODE_ENTER|true
07:08:05.21 (21209451)|HEAP_ALLOCATE|[EXTERNAL]|Bytes:8
07:08:05.21 (21218529)|VARIABLE_SCOPE_BEGIN|[88]|this|ApexPage.PageMessagesComponentController|true|false
07:08:05.21 (21277727)|VARIABLE_ASSIGNMENT|[88]|this|{}|0x6c6e72f2
07:08:05.21 (21285037)|VARIABLE_SCOPE_BEGIN|[88]|escape|Boolean|false|false
07:08:05.21 (21295414)|VARIABLE_ASSIGNMENT|[88]|escape|null
07:08:05.0 (21543785)|SYSTEM_MODE_ENTER|true
07:08:05.0 (21570146)|HEAP_ALLOCATE|[EXTERNAL]|Bytes:11
07:08:05.0 (21579257)|HEAP_ALLOCATE|[EXTERNAL]|Bytes:304
07:08:05.0 (21584149)|HEAP_ALLOCATE|[EXTERNAL]|Bytes:98
07:08:05.0 (21587693)|HEAP_ALLOCATE|[EXTERNAL]|Bytes:10
07:08:05.0 (21596677)|METHOD_ENTRY|[1]|01p0a000004sKzV|PAW_New_EditCntrllr.PAW_New_EditCntrllr()
07:08:05.0 (21601963)|STATEMENT_EXECUTE|[1]
07:08:05.0 (21604998)|STATEMENT_EXECUTE|[1]
07:08:05.0 (21606300)|STATEMENT_EXECUTE|[3]
07:08:05.0 (23016378)|VARIABLE_SCOPE_BEGIN|[3]|PAW_YearEnd_Config.setting|Year_End_PAW_Settings__c|true|true
07:08:05.0 (23034720)|HEAP_ALLOCATE|[3]|Bytes:1
07:08:05.0 (23041644)|HEAP_ALLOCATE|[3]|Bytes:1
07:08:05.0 (23052559)|METHOD_ENTRY|[1]|01p29000000Aswf|PAW_YearEnd_Config.PAW_YearEnd_Config()
07:08:05.0 (23057217)|STATEMENT_EXECUTE|[1]
07:08:05.0 (23059996)|STATEMENT_EXECUTE|[1]
07:08:05.0 (23076248)|SYSTEM_MODE_ENTER|false
07:08:05.0 (23102460)|HEAP_ALLOCATE|[3]|Bytes:5
07:08:05.0 (23115273)|SYSTEM_MODE_EXIT|false
07:08:05.0 (23126260)|METHOD_EXIT|[1]|PAW_YearEnd_Config
07:08:05.0 (23146567)|METHOD_ENTRY|[3]|01p29000000Aswf|PAW_YearEnd_Config.fetch()
07:08:05.0 (23181867)|SYSTEM_MODE_ENTER|false
07:08:05.0 (23190775)|HEAP_ALLOCATE|[6]|Bytes:5
07:08:05.0 (23194899)|STATEMENT_EXECUTE|[5]
07:08:05.0 (23198713)|STATEMENT_EXECUTE|[7]
07:08:05.0 (24710162)|HEAP_ALLOCATE|[7]|Bytes:20
07:08:05.0 (24782410)|VARIABLE_ASSIGNMENT|[7]|PAW_YearEnd_Config.setting|{"IsDeleted":false,"Name":"Year End PAW Setting (11 more) ...","SetupOwnerId":"00529000000zYiyAAE","Year_End_Mode_Enable (4 more) ...":false}|0x7361b6a4
07:08:05.0 (24791177)|STATEMENT_EXECUTE|[9]
07:08:05.0 (24795325)|HEAP_ALLOCATE|[9]|Bytes:14
07:08:05.0 (25005219)|HEAP_ALLOCATE|[9]|Bytes:145
07:08:05.0 (25043932)|HEAP_ALLOCATE|[9]|Bytes:159
07:08:05.0 (25072234)|USER_DEBUG|[9]|DEBUG|>>> setting : Year_End_PAW_Settings__c:{IsDeleted=false, Name=Year End PAW Settings (Profile), SetupOwnerId=00529000000zYiyAAE, Year_End_Mode_Enabled__c=false}
07:08:05.0 (25086073)|STATEMENT_EXECUTE|[10]
07:08:05.0 (25094895)|SYSTEM_MODE_EXIT|false
07:08:05.0 (25106791)|METHOD_EXIT|[3]|01p29000000Aswf|PAW_YearEnd_Config.fetch()
07:08:05.0 (25163002)|VARIABLE_ASSIGNMENT|[3]|PAW_New_EditCntrllr.yearEndMode|false
07:08:05.0 (25170972)|STATEMENT_EXECUTE|[522]
07:08:05.0 (25178507)|METHOD_EXIT|[1]|PAW_New_EditCntrllr
07:08:05.0 (26931405)|SYSTEM_MODE_ENTER|true
07:08:05.0 (29050401)|SYSTEM_MODE_ENTER|true
07:08:05.0 (29134236)|HEAP_ALLOCATE|[EXTERNAL]|Bytes:476
07:08:05.0 (29150044)|HEAP_ALLOCATE|[EXTERNAL]|Bytes:71
07:08:05.0 (64200523)|SYSTEM_MODE_ENTER|true
07:08:05.0 (64285889)|SYSTEM_MODE_ENTER|true
07:08:05.0 (69906560)|SYSTEM_MODE_ENTER|true
07:08:05.0 (70153516)|HEAP_ALLOCATE|[EXTERNAL]|Bytes:112
07:08:05.0 (70173341)|VARIABLE_SCOPE_BEGIN|[186]|this|PAW_New_EditCntrllr|true|false
07:08:05.0 (70319901)|VARIABLE_ASSIGNMENT|[186]|this|{"estmtCvrgeDaysObj":"0x71d5887d","faciltyOptions":"0x773614d3","fcltyPrgrmOptions":"0x26472c04","idToOwnershipFacilit (4 more) ...":"0x77fc7635","idToTypeFacilityMap":"0x2a378ed7","insrncBnftMap":"0x6d6097ce","insrncBnftOptions":"0x7258a16a","isIop":false,"isTalbott":false,"meta":"0x66812cca","oppId":"00629000004NTeZ","pawObj":"0x705657fb","ptntInsrnceOptions":"0x196170d8","ptntInsrncMap":"0x2e05d16f","ptntInsrncObj":"0x418d4f19","quoteObj":"0x326215c","recordId":"00629000004NTeZ","rtAdjstmntOptions":"0x11d37650","showPILookup":false,"sObjectQueryStr":"","wrprObj":"0x75e10d99"}|0x4960fecf
07:08:05.0 (70348340)|STATEMENT_EXECUTE|[186]
07:08:05.0 (70350524)|STATEMENT_EXECUTE|[190]
07:08:05.0 (70376368)|HEAP_ALLOCATE|[190]|Bytes:4
07:08:05.0 (70460616)|HEAP_ALLOCATE|[EXTERNAL]|Bytes:4
07:08:05.0 (70474158)|VARIABLE_ASSIGNMENT|[190]|this.ptntInsrnceOptions|[]|0x4960fecf
07:08:05.0 (70479637)|STATEMENT_EXECUTE|[191]
07:08:05.0 (70493587)|HEAP_ALLOCATE|[191]|Bytes:12
07:08:05.0 (70581609)|HEAP_ALLOCATE|[EXTERNAL]|Bytes:4
07:08:05.0 (70591982)|STATEMENT_EXECUTE|[192]
07:08:05.0 (70624452)|HEAP_ALLOCATE|[192]|Bytes:4
07:08:05.0 (70630784)|HEAP_ALLOCATE|[192]|Bytes:95
07:08:05.0 (70644110)|HEAP_ALLOCATE|[192]|Bytes:4
07:08:05.0 (70656770)|HEAP_ALLOCATE|[192]|Bytes:7
07:08:05.0 (71007498)|SOQL_EXECUTE_BEGIN|[192]|Aggregations:0|SELECT Id, Name, Insurance_Company__c FROM Patient_Insurance__c WHERE Opportunity__c = :tmpVar1
07:08:05.0 (76076536)|SOQL_EXECUTE_END|[192]|Rows:4
07:08:05.0 (76102971)|HEAP_ALLOCATE|[192]|Bytes:20
07:08:05.0 (76131954)|HEAP_ALLOCATE|[192]|Bytes:449
07:08:05.0 (76209022)|HEAP_ALLOCATE|[192]|Bytes:20
07:08:05.0 (76259311)|HEAP_ALLOCATE|[192]|Bytes:16
07:08:05.0 (76272369)|HEAP_ALLOCATE|[192]|Bytes:4
07:08:05.0 (76277934)|HEAP_ALLOCATE|[192]|Bytes:16
07:08:05.0 (76282165)|HEAP_ALLOCATE|[192]|Bytes:4
07:08:05.0 (76285244)|HEAP_ALLOCATE|[192]|Bytes:16
07:08:05.0 (76291891)|HEAP_ALLOCATE|[192]|Bytes:4
07:08:05.0 (76295077)|HEAP_ALLOCATE|[192]|Bytes:16
07:08:05.0 (76299530)|HEAP_ALLOCATE|[192]|Bytes:4
07:08:05.0 (76350063)|VARIABLE_ASSIGNMENT|[192]|this.ptntInsrncMap|{"a1b29000000l40nAAA":{"Id":"a1b29000000l40nAAA","Name":"Maria Johnson - BCBS (17 more) ...","Insurance_Company__c":"0012900000AXSPBAA5"},"a1b29000000lvHQAAY":{"Id":"a1b29000000lvHQAAY","Name":"Maria Johnson - Valu (23 more) ...","Insurance_Company__c":"0012900000AXSP3AAP"},"a1b29000000lvHVAAY":{"Id":"a1b29000000lvHVAAY","Name":"Maria Johnson - Priv (7 more) ...","Insurance_Company__c":"0012900000AXSDqAAP"},"a1b29000000ly7uAAA":{"Id":"a1b29000000ly7uAAA","Name":"Maria Johnson - Alle (6 more) ...","Insurance_Company__c":"0012900000AXSlPAAX"}}|0x4960fecf
07:08:05.0 (76405293)|HEAP_ALLOCATE|[EXTERNAL]|Bytes:20
07:08:05.0 (76418464)|HEAP_ALLOCATE|[197]|Bytes:465
07:08:05.0 (76590434)|HEAP_ALLOCATE|[197]|Bytes:5
07:08:05.0 (76608496)|HEAP_ALLOCATE|[197]|Bytes:16
07:08:05.0 (76619434)|VARIABLE_SCOPE_BEGIN|[197]|ptntInsrnceInstance|Patient_Insurance__c|true|false
07:08:05.0 (76638998)|VARIABLE_ASSIGNMENT|[197]|ptntInsrnceInstance|{"Id":"a1b29000000l40nAAA","Name":"Maria Johnson - BCBS (17 more) ...","Insurance_Company__c":"0012900000AXSPBAA5"}|0x96e0e6e
07:08:05.0 (76645714)|STATEMENT_EXECUTE|[197]
07:08:05.0 (76647273)|STATEMENT_EXECUTE|[198]
07:08:05.0 (76704594)|HEAP_ALLOCATE|[198]|Bytes:18
07:08:05.0 (76782426)|HEAP_ALLOCATE|[EXTERNAL]|Bytes:4
07:08:05.0 (76800059)|HEAP_ALLOCATE|[197]|Bytes:5
07:08:05.0 (76810316)|HEAP_ALLOCATE|[197]|Bytes:16
07:08:05.0 (76816739)|VARIABLE_SCOPE_BEGIN|[197]|ptntInsrnceInstance|Patient_Insurance__c|true|false
07:08:05.0 (76835554)|VARIABLE_ASSIGNMENT|[197]|ptntInsrnceInstance|{"Id":"a1b29000000lvHQAAY","Name":"Maria Johnson - Valu (23 more) ...","Insurance_Company__c":"0012900000AXSP3AAP"}|0x19f9bac5
07:08:05.0 (76841217)|STATEMENT_EXECUTE|[197]
07:08:05.0 (76842521)|STATEMENT_EXECUTE|[198]
07:08:05.0 (76853745)|HEAP_ALLOCATE|[198]|Bytes:18
07:08:05.0 (76866918)|HEAP_ALLOCATE|[EXTERNAL]|Bytes:4
07:08:05.0 (76876814)|HEAP_ALLOCATE|[197]|Bytes:5
07:08:05.0 (76884471)|HEAP_ALLOCATE|[197]|Bytes:16
07:08:05.0 (76889643)|VARIABLE_SCOPE_BEGIN|[197]|ptntInsrnceInstance|Patient_Insurance__c|true|false
07:08:05.0 (76901562)|VARIABLE_ASSIGNMENT|[197]|ptntInsrnceInstance|{"Id":"a1b29000000lvHVAAY","Name":"Maria Johnson - Priv (7 more) ...","Insurance_Company__c":"0012900000AXSDqAAP"}|0x7b700ab2
07:08:05.0 (76907323)|STATEMENT_EXECUTE|[197]
07:08:05.0 (76908414)|STATEMENT_EXECUTE|[198]
07:08:05.0 (76914958)|HEAP_ALLOCATE|[198]|Bytes:18
07:08:05.0 (76927966)|HEAP_ALLOCATE|[EXTERNAL]|Bytes:4
07:08:05.0 (76937465)|HEAP_ALLOCATE|[197]|Bytes:5
07:08:05.0 (76944719)|HEAP_ALLOCATE|[197]|Bytes:16
07:08:05.0 (76949281)|VARIABLE_SCOPE_BEGIN|[197]|ptntInsrnceInstance|Patient_Insurance__c|true|false
07:08:05.0 (76963262)|VARIABLE_ASSIGNMENT|[197]|ptntInsrnceInstance|{"Id":"a1b29000000ly7uAAA","Name":"Maria Johnson - Alle (6 more) ...","Insurance_Company__c":"0012900000AXSlPAAX"}|0x49e75310
07:08:05.0 (76968677)|STATEMENT_EXECUTE|[197]
07:08:05.0 (76969757)|STATEMENT_EXECUTE|[198]
07:08:05.0 (76976015)|HEAP_ALLOCATE|[198]|Bytes:18
07:08:05.0 (76985114)|HEAP_ALLOCATE|[EXTERNAL]|Bytes:4
07:08:05.0 (76993811)|HEAP_ALLOCATE|[197]|Bytes:5
07:08:05.0 (77005881)|VARIABLE_ASSIGNMENT|[197]|ptntInsrnceInstance|null|
07:08:05.0 (77012528)|STATEMENT_EXECUTE|[201]
07:08:05.83 (83992280)|SYSTEM_MODE_ENTER|true
07:08:05.83 (84096330)|HEAP_ALLOCATE|[EXTERNAL]|Bytes:8
07:08:05.83 (84112700)|VARIABLE_SCOPE_BEGIN|[88]|this|ApexPage.PageMessagesComponentController|true|false
07:08:05.83 (84159068)|VARIABLE_ASSIGNMENT|[88]|this|{}|0x6c6e72f2
07:08:05.83 (84172082)|VARIABLE_SCOPE_BEGIN|[88]|escape|Boolean|false|false
07:08:05.83 (84182182)|VARIABLE_ASSIGNMENT|[88]|escape|null
07:08:05.0 (84970773)|HEAP_ALLOCATE|[EXTERNAL]|Bytes:84
07:08:05.0 (84985175)|VARIABLE_ASSIGNMENT|[EXTERNAL]|this.insrncBnftSelected|null|0x75e10d99
07:08:05.0 (85049780)|HEAP_ALLOCATE|[EXTERNAL]|Bytes:84
07:08:05.0 (85058385)|VARIABLE_ASSIGNMENT|[EXTERNAL]|this.facilitySelected|null|0x75e10d99
07:08:05.0 (85109852)|HEAP_ALLOCATE|[EXTERNAL]|Bytes:84
07:08:05.0 (85117895)|VARIABLE_ASSIGNMENT|[EXTERNAL]|this.rateAdjstmntSelected|null|0x75e10d99
07:08:05.0 (85167575)|HEAP_ALLOCATE|[EXTERNAL]|Bytes:84
07:08:05.0 (85174483)|VARIABLE_ASSIGNMENT|[EXTERNAL]|this.fcltyPrgrmSelected|null|0x75e10d99
07:08:05.0 (91258104)|HEAP_ALLOCATE|[EXTERNAL]|Bytes:112
07:08:05.0 (91275081)|VARIABLE_SCOPE_BEGIN|[205]|this|PAW_New_EditCntrllr|true|false
07:08:05.0 (91370617)|VARIABLE_ASSIGNMENT|[205]|this|{"estmtCvrgeDaysObj":"0x71d5887d","faciltyOptions":"0x773614d3","fcltyPrgrmOptions":"0x26472c04","idToOwnershipFacilit (4 more) ...":"0x77fc7635","idToTypeFacilityMap":"0x2a378ed7","insrncBnftMap":"0x6d6097ce","insrncBnftOptions":"0x7258a16a","isIop":false,"isTalbott":false,"meta":"0x66812cca","oppId":"00629000004NTeZ","pawObj":"0x705657fb","ptntInsrnceOptions":"0x6c5f8e47","ptntInsrncMap":"0x4356ddff","ptntInsrncObj":"0x418d4f19","quoteObj":"0x326215c","recordId":"00629000004NTeZ","rtAdjstmntOptions":"0x11d37650","showPILookup":false,"sObjectQueryStr":"","wrprObj":"0x75e10d99"}|0x4960fecf
07:08:05.0 (91390178)|STATEMENT_EXECUTE|[205]
07:08:05.0 (91484321)|VARIABLE_ASSIGNMENT|[EXTERNAL]|this|{"estmtCvrgeDaysObj":"0x71d5887d","faciltyOptions":"0x773614d3","fcltyPrgrmOptions":"0x26472c04","idToOwnershipFacilit (4 more) ...":"0x77fc7635","idToTypeFacilityMap":"0x2a378ed7","insrncBnftMap":"0x6d6097ce","insrncBnftOptions":"0x7258a16a","isIop":false,"isTalbott":false,"meta":"0x66812cca","oppId":"00629000004NTeZ","pawObj":"0x705657fb","ptntInsrnceOptions":"0x6c5f8e47","ptntInsrncMap":"0x4356ddff","ptntInsrncObj":"0x418d4f19","quoteObj":"0x326215c","recordId":"00629000004NTeZ","rtAdjstmntOptions":"0x11d37650","showPILookup":false,"sObjectQueryStr":"","wrprObj":"0x75e10d99"}|0x4960fecf
07:08:05.0 (91612675)|VARIABLE_ASSIGNMENT|[EXTERNAL]|this|{"pawDetailListDisplay (4 more) ...":false,"pyAgrmntWrksht":"0x6527b563","relatedPAWDetailsLis (1 more) ...":"0x106b351d","targetEDR":0.00,"totalAppliedDeductib (2 more) ...":0.00,"totalCoInsurance":0.00,"totalCoPayAmt":0.00,"totalInsCoResp":0.00,"totalInsEIVAmt":0.00,"totalRowCount":0,"totalTalbottDay":0.00}|0x75e10d99
07:08:05.0 (91688626)|STATEMENT_EXECUTE|[206]
07:08:05.0 (91690863)|STATEMENT_EXECUTE|[207]
07:08:05.0 (91772656)|VARIABLE_ASSIGNMENT|[EXTERNAL]|this|{"estmtCvrgeDaysObj":"0x71d5887d","faciltyOptions":"0x773614d3","fcltyPrgrmOptions":"0x26472c04","idToOwnershipFacilit (4 more) ...":"0x77fc7635","idToTypeFacilityMap":"0x2a378ed7","insrncBnftMap":"0x6d6097ce","insrncBnftOptions":"0x7258a16a","isIop":false,"isTalbott":false,"meta":"0x66812cca","oppId":"00629000004NTeZ","pawObj":"0x705657fb","ptntInsrnceOptions":"0x6c5f8e47","ptntInsrncMap":"0x4356ddff","ptntInsrncObj":"0x418d4f19","quoteObj":"0x326215c","recordId":"00629000004NTeZ","rtAdjstmntOptions":"0x11d37650","showPILookup":false,"sObjectQueryStr":"","wrprObj":"0x75e10d99"}|0x4960fecf
07:08:05.0 (91833262)|VARIABLE_ASSIGNMENT|[EXTERNAL]|this|{"pawDetailListDisplay (4 more) ...":false,"pyAgrmntWrksht":"0x6527b563","relatedPAWDetailsLis (1 more) ...":"0x106b351d","targetEDR":0.00,"totalAppliedDeductib (2 more) ...":0.00,"totalCoInsurance":0.00,"totalCoPayAmt":0.00,"totalInsCoResp":0.00,"totalInsEIVAmt":0.00,"totalRowCount":0,"totalTalbottDay":0.00}|0x75e10d99
07:08:05.0 (91949009)|VARIABLE_ASSIGNMENT|[EXTERNAL]|this|{"estmtCvrgeDaysObj":"0x71d5887d","faciltyOptions":"0x773614d3","fcltyPrgrmOptions":"0x26472c04","idToOwnershipFacilit (4 more) ...":"0x77fc7635","idToTypeFacilityMap":"0x2a378ed7","insrncBnftMap":"0x6d6097ce","insrncBnftOptions":"0x7258a16a","isIop":false,"isTalbott":false,"meta":"0x66812cca","oppId":"00629000004NTeZ","pawObj":"0x705657fb","ptntInsrnceOptions":"0x6c5f8e47","ptntInsrncMap":"0x4356ddff","ptntInsrncObj":"0x418d4f19","quoteObj":"0x326215c","recordId":"00629000004NTeZ","rtAdjstmntOptions":"0x11d37650","showPILookup":false,"sObjectQueryStr":"","wrprObj":"0x75e10d99"}|0x4960fecf
07:08:05.0 (91979744)|VARIABLE_ASSIGNMENT|[EXTERNAL]|value|{"Id":"a1b29000000lvHQAAY","Name":"Maria Johnson - Valu (23 more) ...","Insurance_Company__c":"0012900000AXSP3AAP"}|0x19f9bac5
07:08:05.0 (91998092)|VARIABLE_ASSIGNMENT|[18]|this.ptntInsrncObj|{"Id":"a1b29000000lvHQAAY","Name":"Maria Johnson - Valu (23 more) ...","Insurance_Company__c":"0012900000AXSP3AAP"}|0x4960fecf
07:08:05.0 (92007891)|STATEMENT_EXECUTE|[211]
07:08:05.0 (92091693)|VARIABLE_ASSIGNMENT|[EXTERNAL]|this|{"estmtCvrgeDaysObj":"0x71d5887d","faciltyOptions":"0x773614d3","fcltyPrgrmOptions":"0x26472c04","idToOwnershipFacilit (4 more) ...":"0x77fc7635","idToTypeFacilityMap":"0x2a378ed7","insrncBnftMap":"0x6d6097ce","insrncBnftOptions":"0x7258a16a","isIop":false,"isTalbott":false,"meta":"0x66812cca","oppId":"00629000004NTeZ","pawObj":"0x705657fb","ptntInsrnceOptions":"0x6c5f8e47","ptntInsrncMap":"0x4356ddff","ptntInsrncObj":"0x19f9bac5","quoteObj":"0x326215c","recordId":"00629000004NTeZ","rtAdjstmntOptions":"0x11d37650","showPILookup":false,"sObjectQueryStr":"","wrprObj":"0x75e10d99"}|0x4960fecf
07:08:05.0 (92195157)|VARIABLE_ASSIGNMENT|[EXTERNAL]|this|{"pawDetailListDisplay (4 more) ...":false,"pyAgrmntWrksht":"0x6527b563","relatedPAWDetailsLis (1 more) ...":"0x106b351d","targetEDR":0.00,"totalAppliedDeductib (2 more) ...":0.00,"totalCoInsurance":0.00,"totalCoPayAmt":0.00,"totalInsCoResp":0.00,"totalInsEIVAmt":0.00,"totalRowCount":0,"totalTalbottDay":0.00}|0x75e10d99
07:08:05.0 (92216833)|VARIABLE_ASSIGNMENT|[EXTERNAL]|value|""
07:08:05.0 (92227886)|VARIABLE_ASSIGNMENT|[525]|this.insrncBnftSelected|""|0x75e10d99
07:08:05.0 (92237120)|STATEMENT_EXECUTE|[212]
07:08:05.0 (92276210)|METHOD_ENTRY|[212]|01p0a000004sKzV|PAW_New_EditCntrllr.updateWraperValues()
07:08:05.0 (92302507)|VARIABLE_SCOPE_BEGIN|[404]|this|PAW_New_EditCntrllr|true|false
07:08:05.0 (92364809)|VARIABLE_ASSIGNMENT|[404]|this|{"estmtCvrgeDaysObj":"0x71d5887d","faciltyOptions":"0x773614d3","fcltyPrgrmOptions":"0x26472c04","idToOwnershipFacilit (4 more) ...":"0x77fc7635","idToTypeFacilityMap":"0x2a378ed7","insrncBnftMap":"0x6d6097ce","insrncBnftOptions":"0x7258a16a","isIop":false,"isTalbott":false,"meta":"0x66812cca","oppId":"00629000004NTeZ","pawObj":"0x705657fb","ptntInsrnceOptions":"0x6c5f8e47","ptntInsrncMap":"0x4356ddff","ptntInsrncObj":"0x19f9bac5","quoteObj":"0x326215c","recordId":"00629000004NTeZ","rtAdjstmntOptions":"0x11d37650","showPILookup":false,"sObjectQueryStr":"","wrprObj":"0x75e10d99"}|0x4960fecf
07:08:05.0 (92379793)|STATEMENT_EXECUTE|[404]
07:08:05.0 (92465165)|VARIABLE_ASSIGNMENT|[EXTERNAL]|this|{"estmtCvrgeDaysObj":"0x71d5887d","faciltyOptions":"0x773614d3","fcltyPrgrmOptions":"0x26472c04","idToOwnershipFacilit (4 more) ...":"0x77fc7635","idToTypeFacilityMap":"0x2a378ed7","insrncBnftMap":"0x6d6097ce","insrncBnftOptions":"0x7258a16a","isIop":false,"isTalbott":false,"meta":"0x66812cca","oppId":"00629000004NTeZ","pawObj":"0x705657fb","ptntInsrnceOptions":"0x6c5f8e47","ptntInsrncMap":"0x4356ddff","ptntInsrncObj":"0x19f9bac5","quoteObj":"0x326215c","recordId":"00629000004NTeZ","rtAdjstmntOptions":"0x11d37650","showPILookup":false,"sObjectQueryStr":"","wrprObj":"0x75e10d99"}|0x4960fecf
07:08:05.0 (92598057)|VARIABLE_ASSIGNMENT|[EXTERNAL]|this|{"estmtCvrgeDaysObj":"0x71d5887d","faciltyOptions":"0x773614d3","fcltyPrgrmOptions":"0x26472c04","idToOwnershipFacilit (4 more) ...":"0x77fc7635","idToTypeFacilityMap":"0x2a378ed7","insrncBnftMap":"0x6d6097ce","insrncBnftOptions":"0x7258a16a","isIop":false,"isTalbott":false,"meta":"0x66812cca","oppId":"00629000004NTeZ","pawObj":"0x705657fb","ptntInsrnceOptions":"0x6c5f8e47","ptntInsrncMap":"0x4356ddff","ptntInsrncObj":"0x19f9bac5","quoteObj":"0x326215c","recordId":"00629000004NTeZ","rtAdjstmntOptions":"0x11d37650","showPILookup":false,"sObjectQueryStr":"","wrprObj":"0x75e10d99"}|0x4960fecf
07:08:05.0 (92621449)|STATEMENT_EXECUTE|[420]
07:08:05.0 (92622749)|STATEMENT_EXECUTE|[421]
07:08:05.0 (299209386)|VARIABLE_SCOPE_BEGIN|[3]|PAWValueCalculationService.pawObj|Pay_Agreement_Worksheet__c|true|true
07:08:05.0 (299233003)|VARIABLE_SCOPE_BEGIN|[2]|PAWValueCalculationService.skipDML|Boolean|false|true
07:08:05.0 (299250979)|HEAP_ALLOCATE|[421]|Bytes:6
07:08:05.0 (299290857)|METHOD_ENTRY|[1]|01p0a000004sKzO|PAWFrnFacilityService.PAWFrnFacilityService()
07:08:05.0 (299298855)|STATEMENT_EXECUTE|[1]
07:08:05.0 (299304228)|STATEMENT_EXECUTE|[1]
07:08:05.0 (299713774)|SYSTEM_MODE_ENTER|false
07:08:05.0 (299731088)|HEAP_ALLOCATE|[421]|Bytes:5
07:08:05.0 (299741068)|SYSTEM_MODE_EXIT|false
07:08:05.0 (299753183)|METHOD_EXIT|[1]|PAWFrnFacilityService
07:08:05.0 (299775804)|HEAP_ALLOCATE|[421]|Bytes:4
07:08:05.0 (299793988)|CONSTRUCTOR_ENTRY|[421]|01p0a000004sKzO|<init>()
07:08:05.0 (299845496)|VARIABLE_SCOPE_BEGIN|[2]|this|PAWFrnFacilityService|true|false
07:08:05.0 (299890432)|VARIABLE_ASSIGNMENT|[2]|this|{}|0x25f6d605
07:08:05.0 (299912179)|SYSTEM_MODE_ENTER|false
07:08:05.0 (299918235)|HEAP_ALLOCATE|[2]|Bytes:5
07:08:05.0 (299922166)|STATEMENT_EXECUTE|[1]
07:08:05.0 (299929279)|HEAP_ALLOCATE|[2]|Bytes:5
07:08:05.0 (299940568)|HEAP_ALLOCATE|[2]|Bytes:39
07:08:05.0 (299945897)|HEAP_ALLOCATE|[2]|Bytes:15
07:08:05.0 (299958434)|METHOD_ENTRY|[1]|01p0a000004sKzT|PAWValueCalculationService.PAWValueCalculationService()
07:08:05.0 (299962940)|STATEMENT_EXECUTE|[1]
07:08:05.0 (299965044)|STATEMENT_EXECUTE|[1]
07:08:05.0 (299969081)|METHOD_EXIT|[1]|PAWValueCalculationService
07:08:05.0 (299975176)|CONSTRUCTOR_ENTRY|[2]|01p0a000004sKzT|<init>()
07:08:05.0 (300037181)|VARIABLE_SCOPE_BEGIN|[5]|this|PAWValueCalculationService|true|false
07:08:05.0 (300055302)|VARIABLE_ASSIGNMENT|[5]|this|{}|0x25f6d605
07:08:05.0 (300061281)|STATEMENT_EXECUTE|[1]
07:08:05.0 (300072151)|HEAP_ALLOCATE|[6]|Bytes:6
07:08:05.0 (300096474)|STATEMENT_EXECUTE|[5]
07:08:05.0 (300097697)|STATEMENT_EXECUTE|[6]
07:08:05.0 (300105168)|HEAP_ALLOCATE|[6]|Bytes:5
07:08:05.0 (300118449)|VARIABLE_ASSIGNMENT|[6]|PAWValueCalculationService.skipDML|false
07:08:05.0 (300125896)|CONSTRUCTOR_EXIT|[2]|01p0a000004sKzT|<init>()
07:08:05.0 (300130435)|STATEMENT_EXECUTE|[2]
07:08:05.0 (300133824)|SYSTEM_MODE_EXIT|false
07:08:05.0 (300139006)|CONSTRUCTOR_EXIT|[421]|01p0a000004sKzO|<init>()
07:08:05.0 (300255275)|VARIABLE_ASSIGNMENT|[EXTERNAL]|this|{"estmtCvrgeDaysObj":"0x71d5887d","faciltyOptions":"0x773614d3","fcltyPrgrmOptions":"0x26472c04","idToOwnershipFacilit (4 more) ...":"0x77fc7635","idToTypeFacilityMap":"0x2a378ed7","insrncBnftMap":"0x6d6097ce","insrncBnftOptions":"0x7258a16a","isIop":false,"isTalbott":false,"meta":"0x66812cca","oppId":"00629000004NTeZ","pawObj":"0x705657fb","ptntInsrnceOptions":"0x6c5f8e47","ptntInsrncMap":"0x4356ddff","ptntInsrncObj":"0x19f9bac5","quoteObj":"0x326215c","recordId":"00629000004NTeZ","rtAdjstmntOptions":"0x11d37650","showPILookup":false,"sObjectQueryStr":"","wrprObj":"0x75e10d99"}|0x4960fecf
07:08:05.0 (300324623)|METHOD_ENTRY|[421]|01p0a000004sKzO|PAWFrnFacilityService.calculateWraperValuesFRN(PAW_New_EditCntrllr.WraperClass, Map<Id,Facility_Program__c>, Map<Id,Insurance_Company_Rate_Adjustment__c>, Map<Id,Insurance_Benefit__c>, Estimated_Coverage_Days__c)
07:08:05.0 (300354710)|VARIABLE_SCOPE_BEGIN|[7]|this|PAWFrnFacilityService|true|false
07:08:05.0 (300370151)|VARIABLE_ASSIGNMENT|[7]|this|{}|0x25f6d605
07:08:05.0 (300375142)|VARIABLE_SCOPE_BEGIN|[7]|pWrprObj|PAW_New_EditCntrllr.WraperClass|true|false
07:08:05.0 (300433972)|VARIABLE_ASSIGNMENT|[7]|pWrprObj|{"insrncBnftSelected":"","pawDetailListDisplay (4 more) ...":false,"pyAgrmntWrksht":"0x6527b563","relatedPAWDetailsLis (1 more) ...":"0x106b351d","targetEDR":0.00,"totalAppliedDeductib (2 more) ...":0.00,"totalCoInsurance":0.00,"totalCoPayAmt":0.00,"totalInsCoResp":0.00,"totalInsEIVAmt":0.00,"totalRowCount":0,"totalTalbottDay":0.00}|0x75e10d99
07:08:05.0 (300444212)|VARIABLE_SCOPE_BEGIN|[7]|pFcltyPrgmMap|Map<Id,Facility_Program__c>|true|false
07:08:05.0 (300450643)|VARIABLE_ASSIGNMENT|[7]|pFcltyPrgmMap|null|
07:08:05.0 (300454429)|VARIABLE_SCOPE_BEGIN|[7]|pCmpnyRateAdjstmntMap|Map<Id,Insurance_Company_Rate_Adjustment__c>|true|false
07:08:05.0 (300461087)|VARIABLE_ASSIGNMENT|[7]|pCmpnyRateAdjstmntMap|null|
07:08:05.0 (300464576)|VARIABLE_SCOPE_BEGIN|[7]|pInsrncBnftMap|Map<Id,Insurance_Benefit__c>|true|false
07:08:05.0 (300475271)|VARIABLE_ASSIGNMENT|[7]|pInsrncBnftMap|{}|0x6d6097ce
07:08:05.0 (300480482)|VARIABLE_SCOPE_BEGIN|[7]|pEstmtCvrgeDaysObj|Estimated_Coverage_Days__c|true|false
07:08:05.0 (300489755)|VARIABLE_ASSIGNMENT|[7]|pEstmtCvrgeDaysObj|{}|0x71d5887d
07:08:05.0 (300511410)|SYSTEM_MODE_ENTER|false
07:08:05.0 (300518330)|HEAP_ALLOCATE|[13]|Bytes:5
07:08:05.0 (300522459)|STATEMENT_EXECUTE|[12]
07:08:05.0 (300523808)|STATEMENT_EXECUTE|[13]
07:08:05.0 (300541529)|METHOD_ENTRY|[13]|01p0a000004sKzT|PAWValueCalculationService.calculateWraperValues(PAW_New_EditCntrllr.WraperClass, Map<Id,Facility_Program__c>, Map<Id,Insurance_Company_Rate_Adjustment__c>, Map<Id,Insurance_Benefit__c>, Estimated_Coverage_Days__c)
07:08:05.0 (300566661)|VARIABLE_SCOPE_BEGIN|[10]|this|PAWValueCalculationService|true|false
07:08:05.0 (300580242)|VARIABLE_ASSIGNMENT|[10]|this|{}|0x25f6d605
07:08:05.0 (300584947)|VARIABLE_SCOPE_BEGIN|[10]|pWrprObj|PAW_New_EditCntrllr.WraperClass|true|false
07:08:05.0 (300624810)|VARIABLE_ASSIGNMENT|[10]|pWrprObj|{"insrncBnftSelected":"","pawDetailListDisplay (4 more) ...":false,"pyAgrmntWrksht":"0x6527b563","relatedPAWDetailsLis (1 more) ...":"0x106b351d","targetEDR":0.00,"totalAppliedDeductib (2 more) ...":0.00,"totalCoInsurance":0.00,"totalCoPayAmt":0.00,"totalInsCoResp":0.00,"totalInsEIVAmt":0.00,"totalRowCount":0,"totalTalbottDay":0.00}|0x75e10d99
07:08:05.0 (300633883)|VARIABLE_SCOPE_BEGIN|[10]|pFcltyPrgmMap|Map<Id,Facility_Program__c>|true|false
07:08:05.0 (300639865)|VARIABLE_ASSIGNMENT|[10]|pFcltyPrgmMap|null|
07:08:05.0 (300643485)|VARIABLE_SCOPE_BEGIN|[10]|pCmpnyRateAdjstmntMap|Map<Id,Insurance_Company_Rate_Adjustment__c>|true|false
07:08:05.0 (300649374)|VARIABLE_ASSIGNMENT|[10]|pCmpnyRateAdjstmntMap|null|
07:08:05.0 (300653124)|VARIABLE_SCOPE_BEGIN|[10]|pInsrncBnftMap|Map<Id,Insurance_Benefit__c>|true|false
07:08:05.0 (300661527)|VARIABLE_ASSIGNMENT|[10]|pInsrncBnftMap|{}|0x6d6097ce
07:08:05.0 (300666302)|VARIABLE_SCOPE_BEGIN|[10]|pEstmtCvrgeDaysObj|Estimated_Coverage_Days__c|true|false
07:08:05.0 (300673358)|VARIABLE_ASSIGNMENT|[10]|pEstmtCvrgeDaysObj|{}|0x71d5887d
07:08:05.0 (300679394)|STATEMENT_EXECUTE|[14]
07:08:05.0 (300680751)|STATEMENT_EXECUTE|[16]
07:08:05.0 (300732570)|VARIABLE_ASSIGNMENT|[EXTERNAL]|this|{"insrncBnftSelected":"","pawDetailListDisplay (4 more) ...":false,"pyAgrmntWrksht":"0x6527b563","relatedPAWDetailsLis (1 more) ...":"0x106b351d","targetEDR":0.00,"totalAppliedDeductib (2 more) ...":0.00,"totalCoInsurance":0.00,"totalCoPayAmt":0.00,"totalInsCoResp":0.00,"totalInsEIVAmt":0.00,"totalRowCount":0,"totalTalbottDay":0.00}|0x75e10d99
07:08:05.0 (300844470)|VARIABLE_ASSIGNMENT|[16]|this.Rate_Adjustment_Type__c|null|0x6527b563
07:08:05.0 (300915124)|VARIABLE_ASSIGNMENT|[EXTERNAL]|this|{"insrncBnftSelected":"","pawDetailListDisplay (4 more) ...":false,"pyAgrmntWrksht":"0x6527b563","relatedPAWDetailsLis (1 more) ...":"0x106b351d","targetEDR":0.00,"totalAppliedDeductib (2 more) ...":0.00,"totalCoInsurance":0.00,"totalCoPayAmt":0.00,"totalInsCoResp":0.00,"totalInsEIVAmt":0.00,"totalRowCount":0,"totalTalbottDay":0.00}|0x75e10d99
07:08:05.0 (300938453)|STATEMENT_EXECUTE|[17]
07:08:05.0 (300940002)|STATEMENT_EXECUTE|[24]
07:08:05.0 (300991056)|VARIABLE_ASSIGNMENT|[EXTERNAL]|this|{"insrncBnftSelected":"","pawDetailListDisplay (4 more) ...":false,"pyAgrmntWrksht":"0x6527b563","relatedPAWDetailsLis (1 more) ...":"0x106b351d","targetEDR":0.00,"totalAppliedDeductib (2 more) ...":0.00,"totalCoInsurance":0.00,"totalCoPayAmt":0.00,"totalInsCoResp":0.00,"totalInsEIVAmt":0.00,"totalRowCount":0,"totalTalbottDay":0.00}|0x75e10d99
07:08:05.0 (301039034)|VARIABLE_ASSIGNMENT|[EXTERNAL]|this|{"insrncBnftSelected":"","pawDetailListDisplay (4 more) ...":false,"pyAgrmntWrksht":"0x6527b563","relatedPAWDetailsLis (1 more) ...":"0x106b351d","targetEDR":0.00,"totalAppliedDeductib (2 more) ...":0.00,"totalCoInsurance":0.00,"totalCoPayAmt":0.00,"totalInsCoResp":0.00,"totalInsEIVAmt":0.00,"totalRowCount":0,"totalTalbottDay":0.00}|0x75e10d99
07:08:05.0 (301111363)|HEAP_ALLOCATE|[25]|Bytes:4
07:08:05.0 (301267056)|VARIABLE_ASSIGNMENT|[EXTERNAL]|this|{"insrncBnftSelected":"","pawDetailListDisplay (4 more) ...":false,"pyAgrmntWrksht":"0x6527b563","relatedPAWDetailsLis (1 more) ...":"0x106b351d","targetEDR":0.00,"totalAppliedDeductib (2 more) ...":0.00,"totalCoInsurance":0.00,"totalCoPayAmt":0.00,"totalInsCoResp":0.00,"totalInsEIVAmt":0.00,"totalRowCount":0,"totalTalbottDay":0.00}|0x75e10d99
07:08:05.0 (301282212)|VARIABLE_ASSIGNMENT|[EXTERNAL]|value|{}|0x7d395af2
07:08:05.0 (301294795)|VARIABLE_ASSIGNMENT|[524]|this.insrncBnft|{}|0x75e10d99
07:08:05.0 (301302998)|STATEMENT_EXECUTE|[26]
07:08:05.0 (301375367)|VARIABLE_ASSIGNMENT|[EXTERNAL]|this|{"insrncBnft":"0x7d395af2","insrncBnftSelected":"","pawDetailListDisplay (4 more) ...":false,"pyAgrmntWrksht":"0x6527b563","relatedPAWDetailsLis (1 more) ...":"0x106b351d","targetEDR":0.00,"totalAppliedDeductib (2 more) ...":0.00,"totalCoInsurance":0.00,"totalCoPayAmt":0.00,"totalInsCoResp":0.00,"totalInsEIVAmt":0.00,"totalRowCount":0,"totalTalbottDay":0.00}|0x75e10d99
07:08:05.0 (301388861)|VARIABLE_ASSIGNMENT|[EXTERNAL]|value|0
07:08:05.0 (301394524)|HEAP_ALLOCATE|[529]|Bytes:4
07:08:05.0 (301402042)|VARIABLE_ASSIGNMENT|[529]|this.totalRowCount|0|0x75e10d99
07:08:05.0 (301409843)|STATEMENT_EXECUTE|[27]
07:08:05.0 (301451469)|HEAP_ALLOCATE|[27]|Bytes:28
07:08:05.0 (301456376)|HEAP_ALLOCATE|[27]|Bytes:28
07:08:05.0 (301519796)|VARIABLE_ASSIGNMENT|[EXTERNAL]|this|{"insrncBnft":"0x7d395af2","insrncBnftSelected":"","pawDetailListDisplay (4 more) ...":false,"pyAgrmntWrksht":"0x6527b563","relatedPAWDetailsLis (1 more) ...":"0x106b351d","targetEDR":0.00,"totalAppliedDeductib (2 more) ...":0.00,"totalCoInsurance":0.00,"totalCoPayAmt":0.00,"totalInsCoResp":0.00,"totalInsEIVAmt":0.00,"totalRowCount":0,"totalTalbottDay":0.00}|0x75e10d99
07:08:05.0 (301532941)|VARIABLE_ASSIGNMENT|[EXTERNAL]|value|0
07:08:05.0 (301541811)|VARIABLE_ASSIGNMENT|[530]|this.totalTalbottDay|0|0x75e10d99
07:08:05.0 (301550383)|STATEMENT_EXECUTE|[28]
07:08:05.0 (301551564)|STATEMENT_EXECUTE|[29]
07:08:05.0 (301601725)|VARIABLE_ASSIGNMENT|[EXTERNAL]|this|{"insrncBnft":"0x7d395af2","insrncBnftSelected":"","pawDetailListDisplay (4 more) ...":false,"pyAgrmntWrksht":"0x6527b563","relatedPAWDetailsLis (1 more) ...":"0x106b351d","targetEDR":0.00,"totalAppliedDeductib (2 more) ...":0.00,"totalCoInsurance":0.00,"totalCoPayAmt":0.00,"totalInsCoResp":0.00,"totalInsEIVAmt":0.00,"totalRowCount":0,"totalTalbottDay":0}|0x75e10d99
07:08:05.0 (301624132)|HEAP_ALLOCATE|[29]|Bytes:28
07:08:05.0 (301627673)|HEAP_ALLOCATE|[29]|Bytes:28
07:08:05.0 (301731876)|VARIABLE_ASSIGNMENT|[EXTERNAL]|this|{"insrncBnft":"0x7d395af2","insrncBnftSelected":"","pawDetailListDisplay (4 more) ...":false,"pyAgrmntWrksht":"0x6527b563","relatedPAWDetailsLis (1 more) ...":"0x106b351d","targetEDR":0.00,"totalAppliedDeductib (2 more) ...":0.00,"totalCoInsurance":0.00,"totalCoPayAmt":0.00,"totalInsCoResp":0.00,"totalInsEIVAmt":0.00,"totalRowCount":0,"totalTalbottDay":0}|0x75e10d99
07:08:05.0 (301745112)|VARIABLE_ASSIGNMENT|[EXTERNAL]|value|0
07:08:05.0 (301749780)|HEAP_ALLOCATE|[529]|Bytes:4
07:08:05.0 (301757394)|VARIABLE_ASSIGNMENT|[529]|this.totalRowCount|0|0x75e10d99
07:08:05.0 (301765442)|STATEMENT_EXECUTE|[31]
07:08:05.0 (301811917)|VARIABLE_ASSIGNMENT|[EXTERNAL]|this|{"insrncBnft":"0x7d395af2","insrncBnftSelected":"","pawDetailListDisplay (4 more) ...":false,"pyAgrmntWrksht":"0x6527b563","relatedPAWDetailsLis (1 more) ...":"0x106b351d","targetEDR":0.00,"totalAppliedDeductib (2 more) ...":0.00,"totalCoInsurance":0.00,"totalCoPayAmt":0.00,"totalInsCoResp":0.00,"totalInsEIVAmt":0.00,"totalRowCount":0,"totalTalbottDay":0}|0x75e10d99
07:08:05.0 (301831134)|HEAP_ALLOCATE|[31]|Bytes:28
07:08:05.0 (301834885)|HEAP_ALLOCATE|[31]|Bytes:28
07:08:05.0 (301906762)|VARIABLE_ASSIGNMENT|[EXTERNAL]|this|{"insrncBnft":"0x7d395af2","insrncBnftSelected":"","pawDetailListDisplay (4 more) ...":false,"pyAgrmntWrksht":"0x6527b563","relatedPAWDetailsLis (1 more) ...":"0x106b351d","targetEDR":0.00,"totalAppliedDeductib (2 more) ...":0.00,"totalCoInsurance":0.00,"totalCoPayAmt":0.00,"totalInsCoResp":0.00,"totalInsEIVAmt":0.00,"totalRowCount":0,"totalTalbottDay":0}|0x75e10d99
07:08:05.0 (301918395)|VARIABLE_ASSIGNMENT|[EXTERNAL]|value|0
07:08:05.0 (301922957)|HEAP_ALLOCATE|[529]|Bytes:4
07:08:05.0 (301928661)|VARIABLE_ASSIGNMENT|[529]|this.totalRowCount|0|0x75e10d99
07:08:05.0 (301935936)|STATEMENT_EXECUTE|[33]
07:08:05.0 (301978363)|VARIABLE_ASSIGNMENT|[EXTERNAL]|this|{"insrncBnft":"0x7d395af2","insrncBnftSelected":"","pawDetailListDisplay (4 more) ...":false,"pyAgrmntWrksht":"0x6527b563","relatedPAWDetailsLis (1 more) ...":"0x106b351d","targetEDR":0.00,"totalAppliedDeductib (2 more) ...":0.00,"totalCoInsurance":0.00,"totalCoPayAmt":0.00,"totalInsCoResp":0.00,"totalInsEIVAmt":0.00,"totalRowCount":0,"totalTalbottDay":0}|0x75e10d99
07:08:05.0 (301996377)|HEAP_ALLOCATE|[33]|Bytes:28
07:08:05.0 (301999897)|HEAP_ALLOCATE|[33]|Bytes:28
07:08:05.0 (302063446)|VARIABLE_ASSIGNMENT|[EXTERNAL]|this|{"insrncBnft":"0x7d395af2","insrncBnftSelected":"","pawDetailListDisplay (4 more) ...":false,"pyAgrmntWrksht":"0x6527b563","relatedPAWDetailsLis (1 more) ...":"0x106b351d","targetEDR":0.00,"totalAppliedDeductib (2 more) ...":0.00,"totalCoInsurance":0.00,"totalCoPayAmt":0.00,"totalInsCoResp":0.00,"totalInsEIVAmt":0.00,"totalRowCount":0,"totalTalbottDay":0}|0x75e10d99
07:08:05.0 (302074990)|VARIABLE_ASSIGNMENT|[EXTERNAL]|value|0
07:08:05.0 (302079184)|HEAP_ALLOCATE|[529]|Bytes:4
07:08:05.0 (302084683)|VARIABLE_ASSIGNMENT|[529]|this.totalRowCount|0|0x75e10d99
07:08:05.0 (302091700)|STATEMENT_EXECUTE|[35]
07:08:05.0 (302135947)|VARIABLE_ASSIGNMENT|[EXTERNAL]|this|{"insrncBnft":"0x7d395af2","insrncBnftSelected":"","pawDetailListDisplay (4 more) ...":false,"pyAgrmntWrksht":"0x6527b563","relatedPAWDetailsLis (1 more) ...":"0x106b351d","targetEDR":0.00,"totalAppliedDeductib (2 more) ...":0.00,"totalCoInsurance":0.00,"totalCoPayAmt":0.00,"totalInsCoResp":0.00,"totalInsEIVAmt":0.00,"totalRowCount":0,"totalTalbottDay":0}|0x75e10d99
07:08:05.0 (302155357)|HEAP_ALLOCATE|[35]|Bytes:28
07:08:05.0 (302158562)|HEAP_ALLOCATE|[35]|Bytes:28
07:08:05.0 (302222135)|VARIABLE_ASSIGNMENT|[EXTERNAL]|this|{"insrncBnft":"0x7d395af2","insrncBnftSelected":"","pawDetailListDisplay (4 more) ...":false,"pyAgrmntWrksht":"0x6527b563","relatedPAWDetailsLis (1 more) ...":"0x106b351d","targetEDR":0.00,"totalAppliedDeductib (2 more) ...":0.00,"totalCoInsurance":0.00,"totalCoPayAmt":0.00,"totalInsCoResp":0.00,"totalInsEIVAmt":0.00,"totalRowCount":0,"totalTalbottDay":0}|0x75e10d99
07:08:05.0 (302233456)|VARIABLE_ASSIGNMENT|[EXTERNAL]|value|0
07:08:05.0 (302237599)|HEAP_ALLOCATE|[529]|Bytes:4
07:08:05.0 (302243177)|VARIABLE_ASSIGNMENT|[529]|this.totalRowCount|0|0x75e10d99
07:08:05.0 (302250108)|STATEMENT_EXECUTE|[40]
07:08:05.0 (302297980)|VARIABLE_ASSIGNMENT|[EXTERNAL]|this|{"insrncBnft":"0x7d395af2","insrncBnftSelected":"","pawDetailListDisplay (4 more) ...":false,"pyAgrmntWrksht":"0x6527b563","relatedPAWDetailsLis (1 more) ...":"0x106b351d","targetEDR":0.00,"totalAppliedDeductib (2 more) ...":0.00,"totalCoInsurance":0.00,"totalCoPayAmt":0.00,"totalInsCoResp":0.00,"totalInsEIVAmt":0.00,"totalRowCount":0,"totalTalbottDay":0}|0x75e10d99
07:08:05.0 (302357231)|VARIABLE_ASSIGNMENT|[EXTERNAL]|this|{"insrncBnft":"0x7d395af2","insrncBnftSelected":"","pawDetailListDisplay (4 more) ...":false,"pyAgrmntWrksht":"0x6527b563","relatedPAWDetailsLis (1 more) ...":"0x106b351d","targetEDR":0.00,"totalAppliedDeductib (2 more) ...":0.00,"totalCoInsurance":0.00,"totalCoPayAmt":0.00,"totalInsCoResp":0.00,"totalInsEIVAmt":0.00,"totalRowCount":0,"totalTalbottDay":0}|0x75e10d99
07:08:05.0 (302389881)|HEAP_ALLOCATE|[40]|Bytes:28
07:08:05.0 (302393782)|HEAP_ALLOCATE|[40]|Bytes:28
07:08:05.0 (302431839)|VARIABLE_ASSIGNMENT|[EXTERNAL]|this|{"insrncBnft":"0x7d395af2","insrncBnftSelected":"","pawDetailListDisplay (4 more) ...":false,"pyAgrmntWrksht":"0x6527b563","relatedPAWDetailsLis (1 more) ...":"0x106b351d","targetEDR":0.00,"totalAppliedDeductib (2 more) ...":0.00,"totalCoInsurance":0.00,"totalCoPayAmt":0.00,"totalInsCoResp":0.00,"totalInsEIVAmt":0.00,"totalRowCount":0,"totalTalbottDay":0}|0x75e10d99
07:08:05.0 (302443267)|VARIABLE_ASSIGNMENT|[EXTERNAL]|value|0
07:08:05.0 (302450271)|VARIABLE_ASSIGNMENT|[530]|this.totalTalbottDay|0|0x75e10d99
07:08:05.0 (302457366)|STATEMENT_EXECUTE|[43]
07:08:05.0 (302497545)|VARIABLE_ASSIGNMENT|[EXTERNAL]|this|{"insrncBnft":"0x7d395af2","insrncBnftSelected":"","pawDetailListDisplay (4 more) ...":false,"pyAgrmntWrksht":"0x6527b563","relatedPAWDetailsLis (1 more) ...":"0x106b351d","targetEDR":0.00,"totalAppliedDeductib (2 more) ...":0.00,"totalCoInsurance":0.00,"totalCoPayAmt":0.00,"totalInsCoResp":0.00,"totalInsEIVAmt":0.00,"totalRowCount":0,"totalTalbottDay":0}|0x75e10d99
07:08:05.0 (302546677)|VARIABLE_ASSIGNMENT|[EXTERNAL]|this|{"insrncBnft":"0x7d395af2","insrncBnftSelected":"","pawDetailListDisplay (4 more) ...":false,"pyAgrmntWrksht":"0x6527b563","relatedPAWDetailsLis (1 more) ...":"0x106b351d","targetEDR":0.00,"totalAppliedDeductib (2 more) ...":0.00,"totalCoInsurance":0.00,"totalCoPayAmt":0.00,"totalInsCoResp":0.00,"totalInsEIVAmt":0.00,"totalRowCount":0,"totalTalbottDay":0}|0x75e10d99
07:08:05.0 (302576903)|HEAP_ALLOCATE|[43]|Bytes:28
07:08:05.0 (302580852)|HEAP_ALLOCATE|[43]|Bytes:28
07:08:05.0 (302618016)|VARIABLE_ASSIGNMENT|[EXTERNAL]|this|{"insrncBnft":"0x7d395af2","insrncBnftSelected":"","pawDetailListDisplay (4 more) ...":false,"pyAgrmntWrksht":"0x6527b563","relatedPAWDetailsLis (1 more) ...":"0x106b351d","targetEDR":0.00,"totalAppliedDeductib (2 more) ...":0.00,"totalCoInsurance":0.00,"totalCoPayAmt":0.00,"totalInsCoResp":0.00,"totalInsEIVAmt":0.00,"totalRowCount":0,"totalTalbottDay":0}|0x75e10d99
07:08:05.0 (302628281)|VARIABLE_ASSIGNMENT|[EXTERNAL]|value|0
07:08:05.0 (302635252)|VARIABLE_ASSIGNMENT|[530]|this.totalTalbottDay|0|0x75e10d99
07:08:05.0 (302641902)|STATEMENT_EXECUTE|[47]
07:08:05.0 (302650524)|HEAP_ALLOCATE|[47]|Bytes:28
07:08:05.0 (302654135)|HEAP_ALLOCATE|[47]|Bytes:28
07:08:05.0 (302696713)|VARIABLE_ASSIGNMENT|[EXTERNAL]|this|{"insrncBnft":"0x7d395af2","insrncBnftSelected":"","pawDetailListDisplay (4 more) ...":false,"pyAgrmntWrksht":"0x6527b563","relatedPAWDetailsLis (1 more) ...":"0x106b351d","targetEDR":0.00,"totalAppliedDeductib (2 more) ...":0.00,"totalCoInsurance":0.00,"totalCoPayAmt":0.00,"totalInsCoResp":0.00,"totalInsEIVAmt":0.00,"totalRowCount":0,"totalTalbottDay":0}|0x75e10d99
07:08:05.0 (302759229)|VARIABLE_ASSIGNMENT|[47]|this.Num_Days_Detox_DTX__c|0|0x6527b563
07:08:05.0 (302765866)|STATEMENT_EXECUTE|[48]
07:08:05.0 (302814236)|VARIABLE_ASSIGNMENT|[EXTERNAL]|this|{"insrncBnft":"0x7d395af2","insrncBnftSelected":"","pawDetailListDisplay (4 more) ...":false,"pyAgrmntWrksht":"0x6527b563","relatedPAWDetailsLis (1 more) ...":"0x106b351d","targetEDR":0.00,"totalAppliedDeductib (2 more) ...":0.00,"totalCoInsurance":0.00,"totalCoPayAmt":0.00,"totalInsCoResp":0.00,"totalInsEIVAmt":0.00,"totalRowCount":0,"totalTalbottDay":0}|0x75e10d99
07:08:05.0 (302831194)|HEAP_ALLOCATE|[48]|Bytes:4
07:08:05.0 (302844357)|HEAP_ALLOCATE|[48]|Bytes:28
07:08:05.0 (302890959)|VARIABLE_ASSIGNMENT|[EXTERNAL]|this|{"insrncBnft":"0x7d395af2","insrncBnftSelected":"","pawDetailListDisplay (4 more) ...":false,"pyAgrmntWrksht":"0x6527b563","relatedPAWDetailsLis (1 more) ...":"0x106b351d","targetEDR":0.00,"totalAppliedDeductib (2 more) ...":0.00,"totalCoInsurance":0.00,"totalCoPayAmt":0.00,"totalInsCoResp":0.00,"totalInsEIVAmt":0.00,"totalRowCount":0,"totalTalbottDay":0}|0x75e10d99
07:08:05.0 (302946605)|VARIABLE_ASSIGNMENT|[48]|this.Detox_Over__c|0.00|0x6527b563
07:08:05.0 (302953222)|STATEMENT_EXECUTE|[49]
07:08:05.0 (303002071)|VARIABLE_ASSIGNMENT|[EXTERNAL]|this|{"insrncBnft":"0x7d395af2","insrncBnftSelected":"","pawDetailListDisplay (4 more) ...":false,"pyAgrmntWrksht":"0x6527b563","relatedPAWDetailsLis (1 more) ...":"0x106b351d","targetEDR":0.00,"totalAppliedDeductib (2 more) ...":0.00,"totalCoInsurance":0.00,"totalCoPayAmt":0.00,"totalInsCoResp":0.00,"totalInsEIVAmt":0.00,"totalRowCount":0,"totalTalbottDay":0}|0x75e10d99
07:08:05.0 (303023538)|HEAP_ALLOCATE|[49]|Bytes:28
07:08:05.0 (303061079)|VARIABLE_ASSIGNMENT|[EXTERNAL]|this|{"insrncBnft":"0x7d395af2","insrncBnftSelected":"","pawDetailListDisplay (4 more) ...":false,"pyAgrmntWrksht":"0x6527b563","relatedPAWDetailsLis (1 more) ...":"0x106b351d","targetEDR":0.00,"totalAppliedDeductib (2 more) ...":0.00,"totalCoInsurance":0.00,"totalCoPayAmt":0.00,"totalInsCoResp":0.00,"totalInsEIVAmt":0.00,"totalRowCount":0,"totalTalbottDay":0}|0x75e10d99
07:08:05.0 (303105538)|VARIABLE_ASSIGNMENT|[49]|this.Detox_Pays_at__c|0.00|0x6527b563
07:08:05.0 (303112022)|STATEMENT_EXECUTE|[51]
07:08:05.0 (303125646)|HEAP_ALLOCATE|[51]|Bytes:28
07:08:05.0 (303129479)|HEAP_ALLOCATE|[51]|Bytes:28
07:08:05.0 (303179739)|VARIABLE_ASSIGNMENT|[EXTERNAL]|this|{"insrncBnft":"0x7d395af2","insrncBnftSelected":"","pawDetailListDisplay (4 more) ...":false,"pyAgrmntWrksht":"0x6527b563","relatedPAWDetailsLis (1 more) ...":"0x106b351d","targetEDR":0.00,"totalAppliedDeductib (2 more) ...":0.00,"totalCoInsurance":0.00,"totalCoPayAmt":0.00,"totalInsCoResp":0.00,"totalInsEIVAmt":0.00,"totalRowCount":0,"totalTalbottDay":0}|0x75e10d99
07:08:05.0 (303227128)|VARIABLE_ASSIGNMENT|[51]|this.Num_Days_Residential_Treatment_RTC__c|0|0x6527b563
07:08:05.0 (303233059)|STATEMENT_EXECUTE|[52]
07:08:05.0 (303280206)|VARIABLE_ASSIGNMENT|[EXTERNAL]|this|{"insrncBnft":"0x7d395af2","insrncBnftSelected":"","pawDetailListDisplay (4 more) ...":false,"pyAgrmntWrksht":"0x6527b563","relatedPAWDetailsLis (1 more) ...":"0x106b351d","targetEDR":0.00,"totalAppliedDeductib (2 more) ...":0.00,"totalCoInsurance":0.00,"totalCoPayAmt":0.00,"totalInsCoResp":0.00,"totalInsEIVAmt":0.00,"totalRowCount":0,"totalTalbottDay":0}|0x75e10d99
07:08:05.0 (303299454)|HEAP_ALLOCATE|[52]|Bytes:28
07:08:05.0 (303339902)|VARIABLE_ASSIGNMENT|[EXTERNAL]|this|{"insrncBnft":"0x7d395af2","insrncBnftSelected":"","pawDetailListDisplay (4 more) ...":false,"pyAgrmntWrksht":"0x6527b563","relatedPAWDetailsLis (1 more) ...":"0x106b351d","targetEDR":0.00,"totalAppliedDeductib (2 more) ...":0.00,"totalCoInsurance":0.00,"totalCoPayAmt":0.00,"totalInsCoResp":0.00,"totalInsEIVAmt":0.00,"totalRowCount":0,"totalTalbottDay":0}|0x75e10d99
07:08:05.0 (303387558)|VARIABLE_ASSIGNMENT|[52]|this.Residential_Treatment_Override__c|0.00|0x6527b563
07:08:05.0 (303393794)|STATEMENT_EXECUTE|[53]
07:08:05.0 (303446186)|VARIABLE_ASSIGNMENT|[EXTERNAL]|this|{"insrncBnft":"0x7d395af2","insrncBnftSelected":"","pawDetailListDisplay (4 more) ...":false,"pyAgrmntWrksht":"0x6527b563","relatedPAWDetailsLis (1 more) ...":"0x106b351d","targetEDR":0.00,"totalAppliedDeductib (2 more) ...":0.00,"totalCoInsurance":0.00,"totalCoPayAmt":0.00,"totalInsCoResp":0.00,"totalInsEIVAmt":0.00,"totalRowCount":0,"totalTalbottDay":0}|0x75e10d99
07:08:05.0 (303467640)|HEAP_ALLOCATE|[53]|Bytes:28
07:08:05.0 (303507983)|VARIABLE_ASSIGNMENT|[EXTERNAL]|this|{"insrncBnft":"0x7d395af2","insrncBnftSelected":"","pawDetailListDisplay (4 more) ...":false,"pyAgrmntWrksht":"0x6527b563","relatedPAWDetailsLis (1 more) ...":"0x106b351d","targetEDR":0.00,"totalAppliedDeductib (2 more) ...":0.00,"totalCoInsurance":0.00,"totalCoPayAmt":0.00,"totalInsCoResp":0.00,"totalInsEIVAmt":0.00,"totalRowCount":0,"totalTalbottDay":0}|0x75e10d99
07:08:05.0 (303555751)|VARIABLE_ASSIGNMENT|[53]|this.RTC_Pays_at__c|0.00|0x6527b563
07:08:05.0 (303561532)|STATEMENT_EXECUTE|[55]
07:08:05.0 (303573727)|HEAP_ALLOCATE|[55]|Bytes:28
07:08:05.0 (303577207)|HEAP_ALLOCATE|[55]|Bytes:28
07:08:05.0 (303626757)|VARIABLE_ASSIGNMENT|[EXTERNAL]|this|{"insrncBnft":"0x7d395af2","insrncBnftSelected":"","pawDetailListDisplay (4 more) ...":false,"pyAgrmntWrksht":"0x6527b563","relatedPAWDetailsLis (1 more) ...":"0x106b351d","targetEDR":0.00,"totalAppliedDeductib (2 more) ...":0.00,"totalCoInsurance":0.00,"totalCoPayAmt":0.00,"totalInsCoResp":0.00,"totalInsEIVAmt":0.00,"totalRowCount":0,"totalTalbottDay":0}|0x75e10d99
07:08:05.0 (303671634)|VARIABLE_ASSIGNMENT|[55]|this.Num_Days_Partial_Hospitalization_PHP__c|0|0x6527b563
07:08:05.0 (303677955)|STATEMENT_EXECUTE|[56]
07:08:05.0 (303791618)|VARIABLE_ASSIGNMENT|[EXTERNAL]|this|{"insrncBnft":"0x7d395af2","insrncBnftSelected":"","pawDetailListDisplay (4 more) ...":false,"pyAgrmntWrksht":"0x6527b563","relatedPAWDetailsLis (1 more) ...":"0x106b351d","targetEDR":0.00,"totalAppliedDeductib (2 more) ...":0.00,"totalCoInsurance":0.00,"totalCoPayAmt":0.00,"totalInsCoResp":0.00,"totalInsEIVAmt":0.00,"totalRowCount":0,"totalTalbottDay":0}|0x75e10d99
07:08:05.0 (303832003)|HEAP_ALLOCATE|[56]|Bytes:28
07:08:05.0 (303877892)|VARIABLE_ASSIGNMENT|[EXTERNAL]|this|{"insrncBnft":"0x7d395af2","insrncBnftSelected":"","pawDetailListDisplay (4 more) ...":false,"pyAgrmntWrksht":"0x6527b563","relatedPAWDetailsLis (1 more) ...":"0x106b351d","targetEDR":0.00,"totalAppliedDeductib (2 more) ...":0.00,"totalCoInsurance":0.00,"totalCoPayAmt":0.00,"totalInsCoResp":0.00,"totalInsEIVAmt":0.00,"totalRowCount":0,"totalTalbottDay":0}|0x75e10d99
07:08:05.0 (303927070)|VARIABLE_ASSIGNMENT|[56]|this.Partial_Hospitalization_Override__c|0.00|0x6527b563
07:08:05.0 (303933905)|STATEMENT_EXECUTE|[57]
07:08:05.0 (303982500)|VARIABLE_ASSIGNMENT|[EXTERNAL]|this|{"insrncBnft":"0x7d395af2","insrncBnftSelected":"","pawDetailListDisplay (4 more) ...":false,"pyAgrmntWrksht":"0x6527b563","relatedPAWDetailsLis (1 more) ...":"0x106b351d","targetEDR":0.00,"totalAppliedDeductib (2 more) ...":0.00,"totalCoInsurance":0.00,"totalCoPayAmt":0.00,"totalInsCoResp":0.00,"totalInsEIVAmt":0.00,"totalRowCount":0,"totalTalbottDay":0}|0x75e10d99
07:08:05.0 (304002318)|HEAP_ALLOCATE|[57]|Bytes:28
07:08:05.0 (304040505)|VARIABLE_ASSIGNMENT|[EXTERNAL]|this|{"insrncBnft":"0x7d395af2","insrncBnftSelected":"","pawDetailListDisplay (4 more) ...":false,"pyAgrmntWrksht":"0x6527b563","relatedPAWDetailsLis (1 more) ...":"0x106b351d","targetEDR":0.00,"totalAppliedDeductib (2 more) ...":0.00,"totalCoInsurance":0.00,"totalCoPayAmt":0.00,"totalInsCoResp":0.00,"totalInsEIVAmt":0.00,"totalRowCount":0,"totalTalbottDay":0}|0x75e10d99
07:08:05.0 (304083631)|VARIABLE_ASSIGNMENT|[57]|this.PHP_Pays_at__c|0.00|0x6527b563
07:08:05.0 (304089984)|STATEMENT_EXECUTE|[59]
07:08:05.0 (304101897)|HEAP_ALLOCATE|[59]|Bytes:28
07:08:05.0 (304105682)|HEAP_ALLOCATE|[59]|Bytes:28
07:08:05.0 (304157381)|VARIABLE_ASSIGNMENT|[EXTERNAL]|this|{"insrncBnft":"0x7d395af2","insrncBnftSelected":"","pawDetailListDisplay (4 more) ...":false,"pyAgrmntWrksht":"0x6527b563","relatedPAWDetailsLis (1 more) ...":"0x106b351d","targetEDR":0.00,"totalAppliedDeductib (2 more) ...":0.00,"totalCoInsurance":0.00,"totalCoPayAmt":0.00,"totalInsCoResp":0.00,"totalInsEIVAmt":0.00,"totalRowCount":0,"totalTalbottDay":0}|0x75e10d99
07:08:05.0 (304202262)|VARIABLE_ASSIGNMENT|[59]|this.Num_Days_Intensive_Outpatient_IOP__c|0|0x6527b563
07:08:05.0 (304208045)|STATEMENT_EXECUTE|[60]
07:08:05.0 (304254309)|VARIABLE_ASSIGNMENT|[EXTERNAL]|this|{"insrncBnft":"0x7d395af2","insrncBnftSelected":"","pawDetailListDisplay (4 more) ...":false,"pyAgrmntWrksht":"0x6527b563","relatedPAWDetailsLis (1 more) ...":"0x106b351d","targetEDR":0.00,"totalAppliedDeductib (2 more) ...":0.00,"totalCoInsurance":0.00,"totalCoPayAmt":0.00,"totalInsCoResp":0.00,"totalInsEIVAmt":0.00,"totalRowCount":0,"totalTalbottDay":0}|0x75e10d99
07:08:05.0 (304274042)|HEAP_ALLOCATE|[60]|Bytes:28
07:08:05.0 (304310661)|VARIABLE_ASSIGNMENT|[EXTERNAL]|this|{"insrncBnft":"0x7d395af2","insrncBnftSelected":"","pawDetailListDisplay (4 more) ...":false,"pyAgrmntWrksht":"0x6527b563","relatedPAWDetailsLis (1 more) ...":"0x106b351d","targetEDR":0.00,"totalAppliedDeductib (2 more) ...":0.00,"totalCoInsurance":0.00,"totalCoPayAmt":0.00,"totalInsCoResp":0.00,"totalInsEIVAmt":0.00,"totalRowCount":0,"totalTalbottDay":0}|0x75e10d99
07:08:05.0 (304353963)|VARIABLE_ASSIGNMENT|[60]|this.Intensive_Outpatient_Override__c|0.00|0x6527b563
07:08:05.0 (304360496)|STATEMENT_EXECUTE|[61]
07:08:05.0 (304406030)|VARIABLE_ASSIGNMENT|[EXTERNAL]|this|{"insrncBnft":"0x7d395af2","insrncBnftSelected":"","pawDetailListDisplay (4 more) ...":false,"pyAgrmntWrksht":"0x6527b563","relatedPAWDetailsLis (1 more) ...":"0x106b351d","targetEDR":0.00,"totalAppliedDeductib (2 more) ...":0.00,"totalCoInsurance":0.00,"totalCoPayAmt":0.00,"totalInsCoResp":0.00,"totalInsEIVAmt":0.00,"totalRowCount":0,"totalTalbottDay":0}|0x75e10d99
07:08:05.0 (304425188)|HEAP_ALLOCATE|[61]|Bytes:28
07:08:05.0 (304461970)|VARIABLE_ASSIGNMENT|[EXTERNAL]|this|{"insrncBnft":"0x7d395af2","insrncBnftSelected":"","pawDetailListDisplay (4 more) ...":false,"pyAgrmntWrksht":"0x6527b563","relatedPAWDetailsLis (1 more) ...":"0x106b351d","targetEDR":0.00,"totalAppliedDeductib (2 more) ...":0.00,"totalCoInsurance":0.00,"totalCoPayAmt":0.00,"totalInsCoResp":0.00,"totalInsEIVAmt":0.00,"totalRowCount":0,"totalTalbottDay":0}|0x75e10d99
07:08:05.0 (304503400)|VARIABLE_ASSIGNMENT|[61]|this.IOP_Pays_at__c|0.00|0x6527b563
07:08:05.0 (304509230)|STATEMENT_EXECUTE|[63]
07:08:05.0 (304554823)|VARIABLE_ASSIGNMENT|[EXTERNAL]|this|{"insrncBnft":"0x7d395af2","insrncBnftSelected":"","pawDetailListDisplay (4 more) ...":false,"pyAgrmntWrksht":"0x6527b563","relatedPAWDetailsLis (1 more) ...":"0x106b351d","targetEDR":0.00,"totalAppliedDeductib (2 more) ...":0.00,"totalCoInsurance":0.00,"totalCoPayAmt":0.00,"totalInsCoResp":0.00,"totalInsEIVAmt":0.00,"totalRowCount":0,"totalTalbottDay":0}|0x75e10d99
07:08:05.0 (304575544)|HEAP_ALLOCATE|[63]|Bytes:28
07:08:05.0 (304578952)|HEAP_ALLOCATE|[63]|Bytes:28
07:08:05.0 (304615152)|VARIABLE_ASSIGNMENT|[EXTERNAL]|this|{"insrncBnft":"0x7d395af2","insrncBnftSelected":"","pawDetailListDisplay (4 more) ...":false,"pyAgrmntWrksht":"0x6527b563","relatedPAWDetailsLis (1 more) ...":"0x106b351d","targetEDR":0.00,"totalAppliedDeductib (2 more) ...":0.00,"totalCoInsurance":0.00,"totalCoPayAmt":0.00,"totalInsCoResp":0.00,"totalInsEIVAmt":0.00,"totalRowCount":0,"totalTalbottDay":0}|0x75e10d99
07:08:05.0 (304657644)|VARIABLE_ASSIGNMENT|[63]|this.Num_Days_Uncovered__c|0|0x6527b563
07:08:05.0 (304663609)|STATEMENT_EXECUTE|[64]
07:08:05.0 (304709113)|VARIABLE_ASSIGNMENT|[EXTERNAL]|this|{"insrncBnft":"0x7d395af2","insrncBnftSelected":"","pawDetailListDisplay (4 more) ...":false,"pyAgrmntWrksht":"0x6527b563","relatedPAWDetailsLis (1 more) ...":"0x106b351d","targetEDR":0.00,"totalAppliedDeductib (2 more) ...":0.00,"totalCoInsurance":0.00,"totalCoPayAmt":0.00,"totalInsCoResp":0.00,"totalInsEIVAmt":0.00,"totalRowCount":0,"totalTalbottDay":0}|0x75e10d99
07:08:05.0 (304729761)|HEAP_ALLOCATE|[64]|Bytes:28
07:08:05.0 (304732866)|HEAP_ALLOCATE|[64]|Bytes:28
07:08:05.0 (304768521)|VARIABLE_ASSIGNMENT|[EXTERNAL]|this|{"insrncBnft":"0x7d395af2","insrncBnftSelected":"","pawDetailListDisplay (4 more) ...":false,"pyAgrmntWrksht":"0x6527b563","relatedPAWDetailsLis (1 more) ...":"0x106b351d","targetEDR":0.00,"totalAppliedDeductib (2 more) ...":0.00,"totalCoInsurance":0.00,"totalCoPayAmt":0.00,"totalInsCoResp":0.00,"totalInsEIVAmt":0.00,"totalRowCount":0,"totalTalbottDay":0}|0x75e10d99
07:08:05.0 (304809156)|VARIABLE_ASSIGNMENT|[64]|this.Uncovered_Days_Rate__c|0|0x6527b563
07:08:05.0 (304815335)|STATEMENT_EXECUTE|[65]
07:08:05.0 (304865922)|VARIABLE_ASSIGNMENT|[EXTERNAL]|this|{"insrncBnft":"0x7d395af2","insrncBnftSelected":"","pawDetailListDisplay (4 more) ...":false,"pyAgrmntWrksht":"0x6527b563","relatedPAWDetailsLis (1 more) ...":"0x106b351d","targetEDR":0.00,"totalAppliedDeductib (2 more) ...":0.00,"totalCoInsurance":0.00,"totalCoPayAmt":0.00,"totalInsCoResp":0.00,"totalInsEIVAmt":0.00,"totalRowCount":0,"totalTalbottDay":0}|0x75e10d99
07:08:05.0 (304888377)|HEAP_ALLOCATE|[65]|Bytes:28
07:08:05.0 (304891832)|HEAP_ALLOCATE|[65]|Bytes:28
07:08:05.0 (304929263)|VARIABLE_ASSIGNMENT|[EXTERNAL]|this|{"insrncBnft":"0x7d395af2","insrncBnftSelected":"","pawDetailListDisplay (4 more) ...":false,"pyAgrmntWrksht":"0x6527b563","relatedPAWDetailsLis (1 more) ...":"0x106b351d","targetEDR":0.00,"totalAppliedDeductib (2 more) ...":0.00,"totalCoInsurance":0.00,"totalCoPayAmt":0.00,"totalInsCoResp":0.00,"totalInsEIVAmt":0.00,"totalRowCount":0,"totalTalbottDay":0}|0x75e10d99
07:08:05.0 (304972292)|VARIABLE_ASSIGNMENT|[65]|this.Uncovered_Days_Override__c|0|0x6527b563
07:08:05.0 (304978237)|STATEMENT_EXECUTE|[66]
07:08:05.0 (305024403)|VARIABLE_ASSIGNMENT|[EXTERNAL]|this|{"insrncBnft":"0x7d395af2","insrncBnftSelected":"","pawDetailListDisplay (4 more) ...":false,"pyAgrmntWrksht":"0x6527b563","relatedPAWDetailsLis (1 more) ...":"0x106b351d","targetEDR":0.00,"totalAppliedDeductib (2 more) ...":0.00,"totalCoInsurance":0.00,"totalCoPayAmt":0.00,"totalInsCoResp":0.00,"totalInsEIVAmt":0.00,"totalRowCount":0,"totalTalbottDay":0}|0x75e10d99
07:08:05.0 (305045175)|HEAP_ALLOCATE|[66]|Bytes:28
07:08:05.0 (305048590)|HEAP_ALLOCATE|[66]|Bytes:28
07:08:05.0 (305084955)|VARIABLE_ASSIGNMENT|[EXTERNAL]|this|{"insrncBnft":"0x7d395af2","insrncBnftSelected":"","pawDetailListDisplay (4 more) ...":false,"pyAgrmntWrksht":"0x6527b563","relatedPAWDetailsLis (1 more) ...":"0x106b351d","targetEDR":0.00,"totalAppliedDeductib (2 more) ...":0.00,"totalCoInsurance":0.00,"totalCoPayAmt":0.00,"totalInsCoResp":0.00,"totalInsEIVAmt":0.00,"totalRowCount":0,"totalTalbottDay":0}|0x75e10d99
07:08:05.0 (305132918)|VARIABLE_ASSIGNMENT|[66]|this.Num_Days_Room__c|0|0x6527b563
07:08:05.0 (305139498)|STATEMENT_EXECUTE|[70]
07:08:05.0 (305189444)|VARIABLE_ASSIGNMENT|[EXTERNAL]|this|{"insrncBnft":"0x7d395af2","insrncBnftSelected":"","pawDetailListDisplay (4 more) ...":false,"pyAgrmntWrksht":"0x6527b563","relatedPAWDetailsLis (1 more) ...":"0x106b351d","targetEDR":0.00,"totalAppliedDeductib (2 more) ...":0.00,"totalCoInsurance":0.00,"totalCoPayAmt":0.00,"totalInsCoResp":0.00,"totalInsEIVAmt":0.00,"totalRowCount":0,"totalTalbottDay":0}|0x75e10d99
07:08:05.0 (305210662)|HEAP_ALLOCATE|[70]|Bytes:28
07:08:05.0 (305214236)|HEAP_ALLOCATE|[70]|Bytes:28
07:08:05.0 (305251209)|VARIABLE_ASSIGNMENT|[EXTERNAL]|this|{"insrncBnft":"0x7d395af2","insrncBnftSelected":"","pawDetailListDisplay (4 more) ...":false,"pyAgrmntWrksht":"0x6527b563","relatedPAWDetailsLis (1 more) ...":"0x106b351d","targetEDR":0.00,"totalAppliedDeductib (2 more) ...":0.00,"totalCoInsurance":0.00,"totalCoPayAmt":0.00,"totalInsCoResp":0.00,"totalInsEIVAmt":0.00,"totalRowCount":0,"totalTalbottDay":0}|0x75e10d99
07:08:05.0 (305295343)|VARIABLE_ASSIGNMENT|[70]|this.Room_and_Board_Days_Override__c|0|0x6527b563
07:08:05.0 (305354464)|VARIABLE_ASSIGNMENT|[EXTERNAL]|this|{"insrncBnft":"0x7d395af2","insrncBnftSelected":"","pawDetailListDisplay (4 more) ...":false,"pyAgrmntWrksht":"0x6527b563","relatedPAWDetailsLis (1 more) ...":"0x106b351d","targetEDR":0.00,"totalAppliedDeductib (2 more) ...":0.00,"totalCoInsurance":0.00,"totalCoPayAmt":0.00,"totalInsCoResp":0.00,"totalInsEIVAmt":0.00,"totalRowCount":0,"totalTalbottDay":0}|0x75e10d99
07:08:05.0 (305370918)|STATEMENT_EXECUTE|[71]
07:08:05.0 (305410082)|VARIABLE_ASSIGNMENT|[EXTERNAL]|this|{"insrncBnft":"0x7d395af2","insrncBnftSelected":"","pawDetailListDisplay (4 more) ...":false,"pyAgrmntWrksht":"0x6527b563","relatedPAWDetailsLis (1 more) ...":"0x106b351d","targetEDR":0.00,"totalAppliedDeductib (2 more) ...":0.00,"totalCoInsurance":0.00,"totalCoPayAmt":0.00,"totalInsCoResp":0.00,"totalInsEIVAmt":0.00,"totalRowCount":0,"totalTalbottDay":0}|0x75e10d99
07:08:05.0 (305424594)|STATEMENT_EXECUTE|[77]
07:08:05.0 (305425890)|STATEMENT_EXECUTE|[78]
07:08:05.0 (305463615)|VARIABLE_ASSIGNMENT|[EXTERNAL]|this|{"insrncBnft":"0x7d395af2","insrncBnftSelected":"","pawDetailListDisplay (4 more) ...":false,"pyAgrmntWrksht":"0x6527b563","relatedPAWDetailsLis (1 more) ...":"0x106b351d","targetEDR":0.00,"totalAppliedDeductib (2 more) ...":0.00,"totalCoInsurance":0.00,"totalCoPayAmt":0.00,"totalInsCoResp":0.00,"totalInsEIVAmt":0.00,"totalRowCount":0,"totalTalbottDay":0}|0x75e10d99
07:08:05.0 (305506563)|VARIABLE_ASSIGNMENT|[EXTERNAL]|this|{"insrncBnft":"0x7d395af2","insrncBnftSelected":"","pawDetailListDisplay (4 more) ...":false,"pyAgrmntWrksht":"0x6527b563","relatedPAWDetailsLis (1 more) ...":"0x106b351d","targetEDR":0.00,"totalAppliedDeductib (2 more) ...":0.00,"totalCoInsurance":0.00,"totalCoPayAmt":0.00,"totalInsCoResp":0.00,"totalInsEIVAmt":0.00,"totalRowCount":0,"totalTalbottDay":0}|0x75e10d99
07:08:05.0 (305549695)|VARIABLE_ASSIGNMENT|[78]|this.Uncovered_Charges__c|null|0x6527b563
07:08:05.0 (305556283)|STATEMENT_EXECUTE|[80]
07:08:05.0 (305565498)|HEAP_ALLOCATE|[80]|Bytes:28
07:08:05.0 (305571837)|VARIABLE_SCOPE_BEGIN|[80]|coPayRemaining|Decimal|false|false
07:08:05.0 (305581380)|VARIABLE_ASSIGNMENT|[80]|coPayRemaining|0.00
07:08:05.0 (305585177)|STATEMENT_EXECUTE|[81]
07:08:05.0 (305631948)|VARIABLE_ASSIGNMENT|[EXTERNAL]|this|{"insrncBnft":"0x7d395af2","insrncBnftSelected":"","pawDetailListDisplay (4 more) ...":false,"pyAgrmntWrksht":"0x6527b563","relatedPAWDetailsLis (1 more) ...":"0x106b351d","targetEDR":0.00,"totalAppliedDeductib (2 more) ...":0.00,"totalCoInsurance":0.00,"totalCoPayAmt":0.00,"totalInsCoResp":0.00,"totalInsEIVAmt":0.00,"totalRowCount":0,"totalTalbottDay":0}|0x75e10d99
07:08:05.0 (305669437)|HEAP_ALLOCATE|[81]|Bytes:28
07:08:05.0 (305710285)|VARIABLE_ASSIGNMENT|[EXTERNAL]|this|{"insrncBnft":"0x7d395af2","insrncBnftSelected":"","pawDetailListDisplay (4 more) ...":false,"pyAgrmntWrksht":"0x6527b563","relatedPAWDetailsLis (1 more) ...":"0x106b351d","targetEDR":0.00,"totalAppliedDeductib (2 more) ...":0.00,"totalCoInsurance":0.00,"totalCoPayAmt":0.00,"totalInsCoResp":0.00,"totalInsEIVAmt":0.00,"totalRowCount":0,"totalTalbottDay":0}|0x75e10d99
07:08:05.0 (305729594)|HEAP_ALLOCATE|[81]|Bytes:28
07:08:05.0 (305732755)|HEAP_ALLOCATE|[81]|Bytes:28
07:08:05.0 (305772711)|HEAP_ALLOCATE|[81]|Bytes:28
07:08:05.0 (305777030)|HEAP_ALLOCATE|[81]|Bytes:28
07:08:05.0 (305790433)|VARIABLE_ASSIGNMENT|[81]|coPayRemaining|0
07:08:05.0 (305794344)|STATEMENT_EXECUTE|[82]
07:08:05.0 (305840700)|VARIABLE_ASSIGNMENT|[EXTERNAL]|this|{"insrncBnft":"0x7d395af2","insrncBnftSelected":"","pawDetailListDisplay (4 more) ...":false,"pyAgrmntWrksht":"0x6527b563","relatedPAWDetailsLis (1 more) ...":"0x106b351d","targetEDR":0.00,"totalAppliedDeductib (2 more) ...":0.00,"totalCoInsurance":0.00,"totalCoPayAmt":0.00,"totalInsCoResp":0.00,"totalInsEIVAmt":0.00,"totalRowCount":0,"totalTalbottDay":0}|0x75e10d99
07:08:05.0 (305876691)|HEAP_ALLOCATE|[82]|Bytes:28
07:08:05.0 (305919281)|VARIABLE_ASSIGNMENT|[EXTERNAL]|this|{"insrncBnft":"0x7d395af2","insrncBnftSelected":"","pawDetailListDisplay (4 more) ...":false,"pyAgrmntWrksht":"0x6527b563","relatedPAWDetailsLis (1 more) ...":"0x106b351d","targetEDR":0.00,"totalAppliedDeductib (2 more) ...":0.00,"totalCoInsurance":0.00,"totalCoPayAmt":0.00,"totalInsCoResp":0.00,"totalInsEIVAmt":0.00,"totalRowCount":0,"totalTalbottDay":0}|0x75e10d99
07:08:05.0 (305938089)|HEAP_ALLOCATE|[82]|Bytes:28
07:08:05.0 (305941106)|HEAP_ALLOCATE|[82]|Bytes:28
07:08:05.0 (305958487)|HEAP_ALLOCATE|[82]|Bytes:28
07:08:05.0 (305961592)|HEAP_ALLOCATE|[82]|Bytes:28
07:08:05.0 (305983970)|HEAP_ALLOCATE|[82]|Bytes:28
07:08:05.0 (305986901)|HEAP_ALLOCATE|[82]|Bytes:28
07:08:05.0 (305997145)|VARIABLE_ASSIGNMENT|[82]|coPayRemaining|0
07:08:05.0 (306001319)|STATEMENT_EXECUTE|[83]
07:08:05.0 (306046644)|VARIABLE_ASSIGNMENT|[EXTERNAL]|this|{"insrncBnft":"0x7d395af2","insrncBnftSelected":"","pawDetailListDisplay (4 more) ...":false,"pyAgrmntWrksht":"0x6527b563","relatedPAWDetailsLis (1 more) ...":"0x106b351d","targetEDR":0.00,"totalAppliedDeductib (2 more) ...":0.00,"totalCoInsurance":0.00,"totalCoPayAmt":0.00,"totalInsCoResp":0.00,"totalInsEIVAmt":0.00,"totalRowCount":0,"totalTalbottDay":0}|0x75e10d99
07:08:05.0 (306077293)|HEAP_ALLOCATE|[83]|Bytes:28
07:08:05.0 (306122244)|VARIABLE_ASSIGNMENT|[EXTERNAL]|this|{"insrncBnft":"0x7d395af2","insrncBnftSelected":"","pawDetailListDisplay (4 more) ...":false,"pyAgrmntWrksht":"0x6527b563","relatedPAWDetailsLis (1 more) ...":"0x106b351d","targetEDR":0.00,"totalAppliedDeductib (2 more) ...":0.00,"totalCoInsurance":0.00,"totalCoPayAmt":0.00,"totalInsCoResp":0.00,"totalInsEIVAmt":0.00,"totalRowCount":0,"totalTalbottDay":0}|0x75e10d99
07:08:05.0 (306141030)|HEAP_ALLOCATE|[83]|Bytes:28
07:08:05.0 (306144153)|HEAP_ALLOCATE|[83]|Bytes:28
07:08:05.0 (306160247)|HEAP_ALLOCATE|[83]|Bytes:28
07:08:05.0 (306163428)|HEAP_ALLOCATE|[83]|Bytes:28
07:08:05.0 (306178746)|HEAP_ALLOCATE|[83]|Bytes:28
07:08:05.0 (306181353)|HEAP_ALLOCATE|[83]|Bytes:28
07:08:05.0 (306191649)|VARIABLE_ASSIGNMENT|[83]|coPayRemaining|0
07:08:05.0 (306195517)|STATEMENT_EXECUTE|[84]
07:08:05.0 (306239513)|VARIABLE_ASSIGNMENT|[EXTERNAL]|this|{"insrncBnft":"0x7d395af2","insrncBnftSelected":"","pawDetailListDisplay (4 more) ...":false,"pyAgrmntWrksht":"0x6527b563","relatedPAWDetailsLis (1 more) ...":"0x106b351d","targetEDR":0.00,"totalAppliedDeductib (2 more) ...":0.00,"totalCoInsurance":0.00,"totalCoPayAmt":0.00,"totalInsCoResp":0.00,"totalInsEIVAmt":0.00,"totalRowCount":0,"totalTalbottDay":0}|0x75e10d99
07:08:05.0 (306268458)|HEAP_ALLOCATE|[84]|Bytes:28
07:08:05.0 (306308077)|VARIABLE_ASSIGNMENT|[EXTERNAL]|this|{"insrncBnft":"0x7d395af2","insrncBnftSelected":"","pawDetailListDisplay (4 more) ...":false,"pyAgrmntWrksht":"0x6527b563","relatedPAWDetailsLis (1 more) ...":"0x106b351d","targetEDR":0.00,"totalAppliedDeductib (2 more) ...":0.00,"totalCoInsurance":0.00,"totalCoPayAmt":0.00,"totalInsCoResp":0.00,"totalInsEIVAmt":0.00,"totalRowCount":0,"totalTalbottDay":0}|0x75e10d99
07:08:05.0 (306325107)|HEAP_ALLOCATE|[84]|Bytes:28
07:08:05.0 (306328376)|HEAP_ALLOCATE|[84]|Bytes:28
07:08:05.0 (306344443)|HEAP_ALLOCATE|[84]|Bytes:28
07:08:05.0 (306347509)|HEAP_ALLOCATE|[84]|Bytes:28
07:08:05.0 (306362527)|HEAP_ALLOCATE|[84]|Bytes:28
07:08:05.0 (306365241)|HEAP_ALLOCATE|[84]|Bytes:28
07:08:05.0 (306375021)|VARIABLE_ASSIGNMENT|[84]|coPayRemaining|0
07:08:05.0 (306378522)|STATEMENT_EXECUTE|[85]
07:08:05.0 (306411213)|HEAP_ALLOCATE|[85]|Bytes:28
07:08:05.0 (306415057)|HEAP_ALLOCATE|[85]|Bytes:28
07:08:05.0 (306462058)|VARIABLE_ASSIGNMENT|[EXTERNAL]|this|{"insrncBnft":"0x7d395af2","insrncBnftSelected":"","pawDetailListDisplay (4 more) ...":false,"pyAgrmntWrksht":"0x6527b563","relatedPAWDetailsLis (1 more) ...":"0x106b351d","targetEDR":0.00,"totalAppliedDeductib (2 more) ...":0.00,"totalCoInsurance":0.00,"totalCoPayAmt":0.00,"totalInsCoResp":0.00,"totalInsEIVAmt":0.00,"totalRowCount":0,"totalTalbottDay":0}|0x75e10d99
07:08:05.0 (306515829)|VARIABLE_ASSIGNMENT|[85]|this.Co_Pay_Remaining__c|0.00|0x6527b563
07:08:05.0 (306522495)|STATEMENT_EXECUTE|[86]
07:08:05.0 (306530906)|METHOD_EXIT|[13]|01p0a000004sKzT|PAWValueCalculationService.calculateWraperValues(PAW_New_EditCntrllr.WraperClass, Map<Id,Facility_Program__c>, Map<Id,Insurance_Company_Rate_Adjustment__c>, Map<Id,Insurance_Benefit__c>, Estimated_Coverage_Days__c)
07:08:05.0 (306575684)|VARIABLE_ASSIGNMENT|[13]|pWrprObj|{"insrncBnft":"0x7d395af2","insrncBnftSelected":"","pawDetailListDisplay (4 more) ...":false,"pyAgrmntWrksht":"0x6527b563","relatedPAWDetailsLis (1 more) ...":"0x106b351d","targetEDR":0.00,"totalAppliedDeductib (2 more) ...":0.00,"totalCoInsurance":0.00,"totalCoPayAmt":0.00,"totalInsCoResp":0.00,"totalInsEIVAmt":0.00,"totalRowCount":0,"totalTalbottDay":0}|0x75e10d99
07:08:05.0 (306585105)|STATEMENT_EXECUTE|[18]
07:08:05.0 (306589213)|SYSTEM_MODE_EXIT|false
07:08:05.0 (306598119)|METHOD_EXIT|[421]|01p0a000004sKzO|PAWFrnFacilityService.calculateWraperValuesFRN(PAW_New_EditCntrllr.WraperClass, Map<Id,Facility_Program__c>, Map<Id,Insurance_Company_Rate_Adjustment__c>, Map<Id,Insurance_Benefit__c>, Estimated_Coverage_Days__c)
07:08:05.0 (306676915)|VARIABLE_ASSIGNMENT|[EXTERNAL]|this|{"estmtCvrgeDaysObj":"0x71d5887d","faciltyOptions":"0x773614d3","fcltyPrgrmOptions":"0x26472c04","idToOwnershipFacilit (4 more) ...":"0x77fc7635","idToTypeFacilityMap":"0x2a378ed7","insrncBnftMap":"0x6d6097ce","insrncBnftOptions":"0x7258a16a","isIop":false,"isTalbott":false,"meta":"0x66812cca","oppId":"00629000004NTeZ","pawObj":"0x705657fb","ptntInsrnceOptions":"0x6c5f8e47","ptntInsrncMap":"0x4356ddff","ptntInsrncObj":"0x19f9bac5","quoteObj":"0x326215c","recordId":"00629000004NTeZ","rtAdjstmntOptions":"0x11d37650","showPILookup":false,"sObjectQueryStr":"","wrprObj":"0x75e10d99"}|0x4960fecf
07:08:05.0 (306720919)|VARIABLE_ASSIGNMENT|[EXTERNAL]|value|{"insrncBnft":"0x7d395af2","insrncBnftSelected":"","pawDetailListDisplay (4 more) ...":false,"pyAgrmntWrksht":"0x6527b563","relatedPAWDetailsLis (1 more) ...":"0x106b351d","targetEDR":0.00,"totalAppliedDeductib (2 more) ...":0.00,"totalCoInsurance":0.00,"totalCoPayAmt":0.00,"totalInsCoResp":0.00,"totalInsEIVAmt":0.00,"totalRowCount":0,"totalTalbottDay":0}|0x75e10d99
07:08:05.0 (306737328)|VARIABLE_ASSIGNMENT|[30]|this.wrprObj|0x75e10d99|0x4960fecf
07:08:05.0 (306811454)|VARIABLE_ASSIGNMENT|[EXTERNAL]|this|{"estmtCvrgeDaysObj":"0x71d5887d","faciltyOptions":"0x773614d3","fcltyPrgrmOptions":"0x26472c04","idToOwnershipFacilit (4 more) ...":"0x77fc7635","idToTypeFacilityMap":"0x2a378ed7","insrncBnftMap":"0x6d6097ce","insrncBnftOptions":"0x7258a16a","isIop":false,"isTalbott":false,"meta":"0x66812cca","oppId":"00629000004NTeZ","pawObj":"0x705657fb","ptntInsrnceOptions":"0x6c5f8e47","ptntInsrncMap":"0x4356ddff","ptntInsrncObj":"0x19f9bac5","quoteObj":"0x326215c","recordId":"00629000004NTeZ","rtAdjstmntOptions":"0x11d37650","showPILookup":false,"sObjectQueryStr":"","wrprObj":"0x75e10d99"}|0x4960fecf
07:08:05.0 (306830316)|STATEMENT_EXECUTE|[427]
07:08:05.0 (306834730)|METHOD_EXIT|[212]|01p0a000004sKzV|PAW_New_EditCntrllr.updateWraperValues()
07:08:05.318 (318093898)|SYSTEM_MODE_ENTER|true
07:08:05.318 (318190267)|HEAP_ALLOCATE|[EXTERNAL]|Bytes:8
07:08:05.318 (318204482)|VARIABLE_SCOPE_BEGIN|[88]|this|ApexPage.PageMessagesComponentController|true|false
07:08:05.318 (318237003)|VARIABLE_ASSIGNMENT|[88]|this|{}|0x6c6e72f2
07:08:05.318 (318244071)|VARIABLE_SCOPE_BEGIN|[88]|escape|Boolean|false|false
07:08:05.318 (318251618)|VARIABLE_ASSIGNMENT|[88]|escape|null
07:08:05.318 (318371442)|SYSTEM_MODE_ENTER|true
07:08:05.318 (318405162)|HEAP_ALLOCATE|[EXTERNAL]|Bytes:8
07:08:05.318 (318412445)|VARIABLE_SCOPE_BEGIN|[2]|this|ApexPage.PageMessagesComponentController|true|false
07:08:05.318 (318430389)|VARIABLE_ASSIGNMENT|[2]|this|{}|0x6c6e72f2
07:08:05.0 (318910617)|SYSTEM_MODE_ENTER|true
07:08:05.0 (319025900)|SYSTEM_MODE_ENTER|true
07:08:05.0 (319340540)|SYSTEM_MODE_ENTER|true
07:08:05.0 (323104104)|SYSTEM_MODE_ENTER|true
07:08:05.0 (323180787)|SYSTEM_MODE_ENTER|true
07:08:05.0 (330048631)|SYSTEM_MODE_ENTER|true
07:08:05.0 (330097371)|HEAP_ALLOCATE|[EXTERNAL]|Bytes:112
07:08:05.0 (330121537)|VARIABLE_SCOPE_BEGIN|[215]|this|PAW_New_EditCntrllr|true|false
07:08:05.0 (330239889)|VARIABLE_ASSIGNMENT|[215]|this|{"estmtCvrgeDaysObj":"0x71d5887d","faciltyOptions":"0x773614d3","fcltyPrgrmOptions":"0x26472c04","idToOwnershipFacilit (4 more) ...":"0x77fc7635","idToTypeFacilityMap":"0x2a378ed7","insrncBnftMap":"0x6d6097ce","insrncBnftOptions":"0x7258a16a","isIop":false,"isTalbott":false,"meta":"0x66812cca","oppId":"00629000004NTeZ","pawObj":"0x705657fb","ptntInsrnceOptions":"0x6c5f8e47","ptntInsrncMap":"0x4356ddff","ptntInsrncObj":"0x19f9bac5","quoteObj":"0x326215c","recordId":"00629000004NTeZ","rtAdjstmntOptions":"0x11d37650","showPILookup":false,"sObjectQueryStr":"","wrprObj":"0x75e10d99"}|0x4960fecf
07:08:05.0 (330262444)|STATEMENT_EXECUTE|[215]
07:08:05.0 (330264942)|STATEMENT_EXECUTE|[216]
07:08:05.0 (330310668)|STATEMENT_EXECUTE|[217]
07:08:05.0 (330362780)|HEAP_ALLOCATE|[EXTERNAL]|Bytes:4
07:08:05.0 (330453272)|VARIABLE_ASSIGNMENT|[EXTERNAL]|this|{"estmtCvrgeDaysObj":"0x71d5887d","faciltyOptions":"0x773614d3","fcltyPrgrmOptions":"0x26472c04","idToOwnershipFacilit (4 more) ...":"0x77fc7635","idToTypeFacilityMap":"0x2a378ed7","insrncBnftMap":"0x6d6097ce","insrncBnftOptions":"0x7258a16a","isIop":false,"isTalbott":false,"meta":"0x66812cca","oppId":"00629000004NTeZ","pawObj":"0x705657fb","ptntInsrnceOptions":"0x6c5f8e47","ptntInsrncMap":"0x4356ddff","ptntInsrncObj":"0x19f9bac5","quoteObj":"0x326215c","recordId":"00629000004NTeZ","rtAdjstmntOptions":"0x11d37650","showPILookup":false,"sObjectQueryStr":"","wrprObj":"0x75e10d99"}|0x4960fecf
07:08:05.0 (330475897)|STATEMENT_EXECUTE|[218]
07:08:05.0 (330477274)|STATEMENT_EXECUTE|[219]
07:08:05.0 (330511430)|HEAP_ALLOCATE|[219]|Bytes:4
07:08:05.0 (330518792)|HEAP_ALLOCATE|[219]|Bytes:1083
07:08:05.0 (330527661)|HEAP_ALLOCATE|[219]|Bytes:4
07:08:05.0 (330601476)|VARIABLE_ASSIGNMENT|[EXTERNAL]|this|{"estmtCvrgeDaysObj":"0x71d5887d","faciltyOptions":"0x773614d3","fcltyPrgrmOptions":"0x26472c04","idToOwnershipFacilit (4 more) ...":"0x77fc7635","idToTypeFacilityMap":"0x2a378ed7","insrncBnftMap":"0x6d6097ce","insrncBnftOptions":"0x7258a16a","isIop":false,"isTalbott":false,"meta":"0x66812cca","oppId":"00629000004NTeZ","pawObj":"0x705657fb","ptntInsrnceOptions":"0x6c5f8e47","ptntInsrncMap":"0x4356ddff","ptntInsrncObj":"0x19f9bac5","quoteObj":"0x326215c","recordId":"00629000004NTeZ","rtAdjstmntOptions":"0x11d37650","showPILookup":false,"sObjectQueryStr":"","wrprObj":"0x75e10d99"}|0x4960fecf
07:08:05.0 (331627203)|SOQL_EXECUTE_BEGIN|[219]|Aggregations:0|SELECT Id, Name, RecordType.Name, Uncovered_Charges__c, Patient_Insurance__r.Accepts_Assignment_of_Benefits__c, Patient_Insurance__r.Opportunity__c, Patient_Insurance__r.Accreditation__c, Patient_Insurance__r.Insurance_Company__r.Name, PHP_Admit_Co_Payment__c, Detox_Admit_Co_Payment__c, RTC_Admit_Co_Payment__c, Deductible__c, Deductible_Met__c, IOP_Admit_Co_Payment__c, Max_Out_of_Pocket_Remaining__c, Insurance_Company_is_Out_of_Network__c, Annual_Max_Remaining__c, Deductible_Remaining__c, Detox_Pays_at__c, Detox_Over__c, RTC_Pays_at__c, Residential_Treatment_Override__c, PHP_Pays_at__c, Partial_Hospitalization_Override__c, IOP_Pays_at__c, Intensive_Outpatient_Override__c, Num_Days_Uncovered__c, Num_Days_Room__c, Uncovered_Days_Rate__c, Room_and_Board_Days_Rate__c, Uncovered_Days_Override__c, Room_and_Board_Days_Override__c, Deductible_Included_in_OOP__c, Uncovered_Days__c, Lifetime_Max__c, Lifetime_Max_Met__c, Annual_Max__c, Annual_Max_Met__c, Max_Out_of_Pocket__c, Max_Out_of_Pocket_Met__c, Co_Pay_Met__c FROM Insurance_Benefit__c WHERE Patient_Insurance__c = :tmpVar1
07:08:05.0 (354131174)|SOQL_EXECUTE_END|[219]|Rows:2
07:08:05.0 (354163281)|HEAP_ALLOCATE|[219]|Bytes:12
07:08:05.0 (354246202)|HEAP_ALLOCATE|[219]|Bytes:2986
07:08:05.0 (354314845)|HEAP_ALLOCATE|[219]|Bytes:12
07:08:05.0 (354359863)|HEAP_ALLOCATE|[219]|Bytes:108
07:08:05.0 (354381395)|HEAP_ALLOCATE|[219]|Bytes:4
07:08:05.0 (354391152)|HEAP_ALLOCATE|[219]|Bytes:108
07:08:05.0 (354400712)|HEAP_ALLOCATE|[219]|Bytes:4
07:08:05.0 (354552233)|VARIABLE_ASSIGNMENT|[219]|this.insrncBnftMap|{"a1H29000000pRTUEA2":{"Id":"a1H29000000pRTUEA2","Name":"Insurance Benefit 75 (2 more) ...","RecordTypeId":"012j00000015GS6AAM","Patient_Insurance__c":"a1b29000000lvHQAAY","PHP_Admit_Co_Payment (3 more) ...":0.00,"Deductible__c":5000.00,"Deductible_Met__c":0.00,"Max_Out_of_Pocket_Re (10 more) ...":10000.00,"Insurance_Company_is (18 more) ...":false,"Annual_Max_Remaining (3 more) ...":1000000,"Deductible_Remaining (3 more) ...":5000.00,"Detox_Pays_at__c":80.00,"RTC_Pays_at__c":80.00,"PHP_Pays_at__c":80.00,"IOP_Pays_at__c":80.00,"Uncovered_Days_Rate_ (2 more) ...":630.00,"Room_and_Board_Days_ (7 more) ...":2000.00,"Deductible_Included_ (9 more) ...":"Yes","Lifetime_Max__c":1000000.00,"Lifetime_Max_Met__c":0.00,"Annual_Max__c":1000000.00,"Annual_Max_Met__c":0.00,"Max_Out_of_Pocket__c":10000.00,"Max_Out_of_Pocket_Me (4 more) ...":0.00,"RecordType":{"Name":"In Network","Id":"012j00000015GS6AAM"},"Patient_Insurance__r":{"Opportunity__c":"00629000004NTeZAAW","Accreditation__c":"State","Insurance_Company__c":"0012900000AXSP3AAP","Id":"a1b29000000lvHQAAY","Insurance_Company__r":{"Name":"Value Options/Beacon (7 more) ...","Id":"0012900000AXSP3AAP","RecordTypeId":"012j00000015GRqAAM"}}},"a1H29000000pRTZEA2":{"Id":"a1H29000000pRTZEA2","Name":"Insurance Benefit 75 (2 more) ...","RecordTypeId":"012j00000015GS7AAM","Patient_Insurance__c":"a1b29000000lvHQAAY","PHP_Admit_Co_Payment (3 more) ...":0.00,"Deductible__c":10000.00,"Deductible_Met__c":0.00,"Max_Out_of_Pocket_Re (10 more) ...":20000.00,"Insurance_Company_is (18 more) ...":false,"Annual_Max_Remaining (3 more) ...":1000000,"Deductible_Remaining (3 more) ...":10000.00,"Detox_Pays_at__c":60.00,"RTC_Pays_at__c":60.00,"PHP_Pays_at__c":60.00,"IOP_Pays_at__c":60.00,"Uncovered_Days_Rate_ (2 more) ...":630.00,"Room_and_Board_Days_ (7 more) ...":2000.00,"Deductible_Included_ (9 more) ...":"Yes","Lifetime_Max__c":1000000.00,"Lifetime_Max_Met__c":0.00,"Annual_Max__c":1000000.00,"Annual_Max_Met__c":0.00,"Max_Out_of_Pocket__c":20000.00,"Max_Out_of_Pocket_Me (4 more) ...":0.00,"RecordType":{"Name":"Out of Network","Id":"012j00000015GS7AAM"},"Patient_Insurance__r":{"Opportunity__c":"00629000004NTeZAAW","Accreditation__c":"State","Insurance_Company__c":"0012900000AXSP3AAP","Id":"a1b29000000lvHQAAY","Insurance_Company__r":{"Name":"Value Options/Beacon (7 more) ...","Id":"0012900000AXSP3AAP","RecordTypeId":"012j00000015GRqAAM"}}}}|0x4960fecf
07:08:05.0 (354653460)|HEAP_ALLOCATE|[EXTERNAL]|Bytes:12
07:08:05.0 (354691266)|HEAP_ALLOCATE|[263]|Bytes:2996
07:08:05.0 (354822692)|HEAP_ALLOCATE|[263]|Bytes:5
07:08:05.0 (354845488)|HEAP_ALLOCATE|[263]|Bytes:108
07:08:05.0 (354858360)|VARIABLE_SCOPE_BEGIN|[263]|insrncBnftInstance|Insurance_Benefit__c|true|false
07:08:05.0 (354915802)|VARIABLE_ASSIGNMENT|[263]|insrncBnftInstance|{"Id":"a1H29000000pRTUEA2","Name":"Insurance Benefit 75 (2 more) ...","RecordTypeId":"012j00000015GS6AAM","Patient_Insurance__c":"a1b29000000lvHQAAY","PHP_Admit_Co_Payment (3 more) ...":0.00,"Deductible__c":5000.00,"Deductible_Met__c":0.00,"Max_Out_of_Pocket_Re (10 more) ...":10000.00,"Insurance_Company_is (18 more) ...":false,"Annual_Max_Remaining (3 more) ...":1000000,"Deductible_Remaining (3 more) ...":5000.00,"Detox_Pays_at__c":80.00,"RTC_Pays_at__c":80.00,"PHP_Pays_at__c":80.00,"IOP_Pays_at__c":80.00,"Uncovered_Days_Rate_ (2 more) ...":630.00,"Room_and_Board_Days_ (7 more) ...":2000.00,"Deductible_Included_ (9 more) ...":"Yes","Lifetime_Max__c":1000000.00,"Lifetime_Max_Met__c":0.00,"Annual_Max__c":1000000.00,"Annual_Max_Met__c":0.00,"Max_Out_of_Pocket__c":10000.00,"Max_Out_of_Pocket_Me (4 more) ...":0.00,"RecordType":{"Name":"In Network","Id":"012j00000015GS6AAM"},"Patient_Insurance__r":{"Opportunity__c":"00629000004NTeZAAW","Accreditation__c":"State","Insurance_Company__c":"0012900000AXSP3AAP","Id":"a1b29000000lvHQAAY","Insurance_Company__r":{"Name":"Value Options/Beacon (7 more) ...","Id":"0012900000AXSP3AAP","RecordTypeId":"012j00000015GRqAAM"}}}|0x760b94c1
07:08:05.0 (354947410)|STATEMENT_EXECUTE|[263]
07:08:05.0 (354950151)|STATEMENT_EXECUTE|[264]
07:08:05.0 (355005976)|HEAP_ALLOCATE|[264]|Bytes:18
07:08:05.0 (355107004)|HEAP_ALLOCATE|[264]|Bytes:3
07:08:05.0 (355157410)|HEAP_ALLOCATE|[264]|Bytes:35
07:08:05.0 (355237967)|HEAP_ALLOCATE|[EXTERNAL]|Bytes:4
07:08:05.0 (355264199)|HEAP_ALLOCATE|[263]|Bytes:5
07:08:05.0 (355284125)|HEAP_ALLOCATE|[263]|Bytes:108
07:08:05.0 (355296848)|VARIABLE_SCOPE_BEGIN|[263]|insrncBnftInstance|Insurance_Benefit__c|true|false
07:08:05.0 (355360198)|VARIABLE_ASSIGNMENT|[263]|insrncBnftInstance|{"Id":"a1H29000000pRTZEA2","Name":"Insurance Benefit 75 (2 more) ...","RecordTypeId":"012j00000015GS7AAM","Patient_Insurance__c":"a1b29000000lvHQAAY","PHP_Admit_Co_Payment (3 more) ...":0.00,"Deductible__c":10000.00,"Deductible_Met__c":0.00,"Max_Out_of_Pocket_Re (10 more) ...":20000.00,"Insurance_Company_is (18 more) ...":false,"Annual_Max_Remaining (3 more) ...":1000000,"Deductible_Remaining (3 more) ...":10000.00,"Detox_Pays_at__c":60.00,"RTC_Pays_at__c":60.00,"PHP_Pays_at__c":60.00,"IOP_Pays_at__c":60.00,"Uncovered_Days_Rate_ (2 more) ...":630.00,"Room_and_Board_Days_ (7 more) ...":2000.00,"Deductible_Included_ (9 more) ...":"Yes","Lifetime_Max__c":1000000.00,"Lifetime_Max_Met__c":0.00,"Annual_Max__c":1000000.00,"Annual_Max_Met__c":0.00,"Max_Out_of_Pocket__c":20000.00,"Max_Out_of_Pocket_Me (4 more) ...":0.00,"RecordType":{"Name":"Out of Network","Id":"012j00000015GS7AAM"},"Patient_Insurance__r":{"Opportunity__c":"00629000004NTeZAAW","Accreditation__c":"State","Insurance_Company__c":"0012900000AXSP3AAP","Id":"a1b29000000lvHQAAY","Insurance_Company__r":{"Name":"Value Options/Beacon (7 more) ...","Id":"0012900000AXSP3AAP","RecordTypeId":"012j00000015GRqAAM"}}}|0x149157b0
07:08:05.0 (355391490)|STATEMENT_EXECUTE|[263]
07:08:05.0 (355393592)|STATEMENT_EXECUTE|[264]
07:08:05.0 (355416773)|HEAP_ALLOCATE|[264]|Bytes:18
07:08:05.0 (355452876)|HEAP_ALLOCATE|[264]|Bytes:39
07:08:05.0 (355475412)|HEAP_ALLOCATE|[EXTERNAL]|Bytes:4
07:08:05.0 (355496683)|HEAP_ALLOCATE|[263]|Bytes:5
07:08:05.0 (355516581)|VARIABLE_ASSIGNMENT|[263]|insrncBnftInstance|null|
07:08:05.0 (355676274)|VARIABLE_ASSIGNMENT|[EXTERNAL]|this|{"estmtCvrgeDaysObj":"0x71d5887d","faciltyOptions":"0x773614d3","fcltyPrgrmOptions":"0x26472c04","idToOwnershipFacilit (4 more) ...":"0x77fc7635","idToTypeFacilityMap":"0x2a378ed7","insrncBnftMap":"0x4319e50d","insrncBnftOptions":"0x7258a16a","isIop":false,"isTalbott":false,"meta":"0x66812cca","oppId":"00629000004NTeZ","pawObj":"0x705657fb","ptntInsrnceOptions":"0x6c5f8e47","ptntInsrncMap":"0x4356ddff","ptntInsrncObj":"0x19f9bac5","quoteObj":"0x326215c","recordId":"00629000004NTeZ","rtAdjstmntOptions":"0x11d37650","showPILookup":false,"sObjectQueryStr":"","wrprObj":"0x75e10d99"}|0x4960fecf
07:08:05.0 (355799462)|VARIABLE_ASSIGNMENT|[EXTERNAL]|this|{"insrncBnft":"0x7d395af2","insrncBnftSelected":"","pawDetailListDisplay (4 more) ...":false,"pyAgrmntWrksht":"0x6527b563","relatedPAWDetailsLis (1 more) ...":"0x106b351d","targetEDR":0.00,"totalAppliedDeductib (2 more) ...":0.00,"totalCoInsurance":0.00,"totalCoPayAmt":0.00,"totalInsCoResp":0.00,"totalInsEIVAmt":0.00,"totalRowCount":0,"totalTalbottDay":0}|0x75e10d99
07:08:05.0 (355914968)|VARIABLE_ASSIGNMENT|[EXTERNAL]|this|{"estmtCvrgeDaysObj":"0x71d5887d","faciltyOptions":"0x773614d3","fcltyPrgrmOptions":"0x26472c04","idToOwnershipFacilit (4 more) ...":"0x77fc7635","idToTypeFacilityMap":"0x2a378ed7","insrncBnftMap":"0x4319e50d","insrncBnftOptions":"0x7258a16a","isIop":false,"isTalbott":false,"meta":"0x66812cca","oppId":"00629000004NTeZ","pawObj":"0x705657fb","ptntInsrnceOptions":"0x6c5f8e47","ptntInsrncMap":"0x4356ddff","ptntInsrncObj":"0x19f9bac5","quoteObj":"0x326215c","recordId":"00629000004NTeZ","rtAdjstmntOptions":"0x11d37650","showPILookup":false,"sObjectQueryStr":"","wrprObj":"0x75e10d99"}|0x4960fecf
07:08:05.0 (356009306)|VARIABLE_ASSIGNMENT|[EXTERNAL]|this|{"insrncBnft":"0x7d395af2","insrncBnftSelected":"","pawDetailListDisplay (4 more) ...":false,"pyAgrmntWrksht":"0x6527b563","relatedPAWDetailsLis (1 more) ...":"0x106b351d","targetEDR":0.00,"totalAppliedDeductib (2 more) ...":0.00,"totalCoInsurance":0.00,"totalCoPayAmt":0.00,"totalInsCoResp":0.00,"totalInsEIVAmt":0.00,"totalRowCount":0,"totalTalbottDay":0}|0x75e10d99
07:08:05.0 (356052708)|STATEMENT_EXECUTE|[269]
07:08:05.0 (356055222)|STATEMENT_EXECUTE|[270]
07:08:05.0 (356166944)|VARIABLE_ASSIGNMENT|[EXTERNAL]|this|{"estmtCvrgeDaysObj":"0x71d5887d","faciltyOptions":"0x773614d3","fcltyPrgrmOptions":"0x26472c04","idToOwnershipFacilit (4 more) ...":"0x77fc7635","idToTypeFacilityMap":"0x2a378ed7","insrncBnftMap":"0x4319e50d","insrncBnftOptions":"0x7258a16a","isIop":false,"isTalbott":false,"meta":"0x66812cca","oppId":"00629000004NTeZ","pawObj":"0x705657fb","ptntInsrnceOptions":"0x6c5f8e47","ptntInsrncMap":"0x4356ddff","ptntInsrncObj":"0x19f9bac5","quoteObj":"0x326215c","recordId":"00629000004NTeZ","rtAdjstmntOptions":"0x11d37650","showPILookup":false,"sObjectQueryStr":"","wrprObj":"0x75e10d99"}|0x4960fecf
07:08:05.0 (356299278)|VARIABLE_ASSIGNMENT|[EXTERNAL]|this|{"insrncBnft":"0x7d395af2","insrncBnftSelected":"","pawDetailListDisplay (4 more) ...":false,"pyAgrmntWrksht":"0x6527b563","relatedPAWDetailsLis (1 more) ...":"0x106b351d","targetEDR":0.00,"totalAppliedDeductib (2 more) ...":0.00,"totalCoInsurance":0.00,"totalCoPayAmt":0.00,"totalInsCoResp":0.00,"totalInsEIVAmt":0.00,"totalRowCount":0,"totalTalbottDay":0}|0x75e10d99
07:08:05.0 (356320466)|VARIABLE_ASSIGNMENT|[EXTERNAL]|value|null|
07:08:05.0 (356335001)|VARIABLE_ASSIGNMENT|[524]|this.insrncBnft|null|0x75e10d99
07:08:05.0 (356348319)|STATEMENT_EXECUTE|[272]
07:08:05.0 (357754076)|SYSTEM_MODE_ENTER|true
07:08:05.0 (358059252)|SYSTEM_MODE_ENTER|true
07:08:05.0 (358101806)|HEAP_ALLOCATE|[EXTERNAL]|Bytes:112
07:08:05.0 (358119680)|VARIABLE_SCOPE_BEGIN|[379]|this|PAW_New_EditCntrllr|true|false
07:08:05.0 (358190764)|VARIABLE_ASSIGNMENT|[379]|this|{"estmtCvrgeDaysObj":"0x71d5887d","faciltyOptions":"0x773614d3","fcltyPrgrmOptions":"0x26472c04","idToOwnershipFacilit (4 more) ...":"0x77fc7635","idToTypeFacilityMap":"0x2a378ed7","insrncBnftMap":"0x4319e50d","insrncBnftOptions":"0x7258a16a","isIop":false,"isTalbott":false,"meta":"0x66812cca","oppId":"00629000004NTeZ","pawObj":"0x705657fb","ptntInsrnceOptions":"0x6c5f8e47","ptntInsrncMap":"0x4356ddff","ptntInsrncObj":"0x19f9bac5","quoteObj":"0x326215c","recordId":"00629000004NTeZ","rtAdjstmntOptions":"0x11d37650","showPILookup":false,"sObjectQueryStr":"","wrprObj":"0x75e10d99"}|0x4960fecf
07:08:05.0 (358207576)|STATEMENT_EXECUTE|[379]
07:08:05.0 (358209279)|STATEMENT_EXECUTE|[380]
07:08:05.0 (358219654)|HEAP_ALLOCATE|[380]|Bytes:4
07:08:05.0 (358268744)|HEAP_ALLOCATE|[EXTERNAL]|Bytes:4
07:08:05.0 (358280454)|VARIABLE_ASSIGNMENT|[380]|this.rtAdjstmntOptions|[]|0x4960fecf
07:08:05.0 (358285473)|STATEMENT_EXECUTE|[381]
07:08:05.0 (358292819)|HEAP_ALLOCATE|[381]|Bytes:8
07:08:05.0 (358338895)|HEAP_ALLOCATE|[EXTERNAL]|Bytes:4
07:08:05.0 (358419198)|VARIABLE_ASSIGNMENT|[EXTERNAL]|this|{"estmtCvrgeDaysObj":"0x71d5887d","faciltyOptions":"0x773614d3","fcltyPrgrmOptions":"0x26472c04","idToOwnershipFacilit (4 more) ...":"0x77fc7635","idToTypeFacilityMap":"0x2a378ed7","insrncBnftMap":"0x4319e50d","insrncBnftOptions":"0x7258a16a","isIop":false,"isTalbott":false,"meta":"0x66812cca","oppId":"00629000004NTeZ","pawObj":"0x705657fb","ptntInsrnceOptions":"0x6c5f8e47","ptntInsrncMap":"0x4356ddff","ptntInsrncObj":"0x19f9bac5","quoteObj":"0x326215c","recordId":"00629000004NTeZ","rtAdjstmntOptions":"0x70d298e2","showPILookup":false,"sObjectQueryStr":"","wrprObj":"0x75e10d99"}|0x4960fecf
07:08:05.0 (358486660)|VARIABLE_ASSIGNMENT|[EXTERNAL]|this|{"insrncBnftSelected":"","pawDetailListDisplay (4 more) ...":false,"pyAgrmntWrksht":"0x6527b563","relatedPAWDetailsLis (1 more) ...":"0x106b351d","targetEDR":0.00,"totalAppliedDeductib (2 more) ...":0.00,"totalCoInsurance":0.00,"totalCoPayAmt":0.00,"totalInsCoResp":0.00,"totalInsEIVAmt":0.00,"totalRowCount":0,"totalTalbottDay":0}|0x75e10d99
07:08:05.0 (358503414)|STATEMENT_EXECUTE|[382]
07:08:05.0 (358505038)|STATEMENT_EXECUTE|[400]
07:08:05.0 (358841599)|SYSTEM_MODE_ENTER|true
07:08:05.0 (365926601)|VF_SERIALIZE_VIEWSTATE_BEGIN|0660a0000009uTC
07:08:05.0 (374070352)|VF_SERIALIZE_VIEWSTATE_END
07:08:05.380 (380986085)|CUMULATIVE_LIMIT_USAGE
07:08:05.380 (380986085)|LIMIT_USAGE_FOR_NS|(default)|
  Number of SOQL queries: 2 out of 100
  Number of query rows: 6 out of 50000
  Number of SOSL queries: 0 out of 20
  Number of DML statements: 0 out of 150
  Number of DML rows: 0 out of 10000
  Maximum CPU time: 0 out of 10000
  Maximum heap size: 0 out of 6000000
  Number of callouts: 0 out of 100
  Number of Email Invocations: 0 out of 10
  Number of future calls: 0 out of 50
  Number of queueable jobs added to the queue: 0 out of 50
  Number of Mobile Apex push calls: 0 out of 10

07:08:05.380 (380986085)|CUMULATIVE_LIMIT_USAGE_END

07:08:05.0 (381046342)|CODE_UNIT_FINISHED|VF: /apex/PAW_New_Edit
07:08:05.0 (382007015)|EXECUTION_FINISHED
