37.0 APEX_CODE,FINEST;APEX_PROFILING,INFO;CALLOUT,INFO;DB,INFO;SYSTEM,DEBUG;VALIDATION,INFO;VISUALFORCE,INFO;WAVE,INFO;WORKFLOW,FINER
08:22:45.0 (277976)|USER_INFO|[EXTERNAL]|00529000000zYiy|bhakti.gujrathi@eternussolutions.com.frnstgng|Central Standard Time|GMT-06:00
08:22:45.0 (319028)|EXECUTION_STARTED
08:22:45.0 (323293)|CODE_UNIT_STARTED|[EXTERNAL]|0660a0000009uTC|VF: /apex/PAW_New_Edit
08:22:45.0 (808493)|VF_DESERIALIZE_VIEWSTATE_BEGIN|0660a0000009uTC
08:22:45.0 (4929151)|HEAP_ALLOCATE|[72]|Bytes:3
08:22:45.0 (4977922)|HEAP_ALLOCATE|[77]|Bytes:152
08:22:45.0 (4992892)|HEAP_ALLOCATE|[342]|Bytes:408
08:22:45.0 (5006568)|HEAP_ALLOCATE|[355]|Bytes:408
08:22:45.0 (5017889)|HEAP_ALLOCATE|[467]|Bytes:48
08:22:45.0 (5046891)|HEAP_ALLOCATE|[139]|Bytes:6
08:22:45.0 (5072886)|HEAP_ALLOCATE|[50]|Bytes:5
08:22:45.0 (5094698)|HEAP_ALLOCATE|[56]|Bytes:5
08:22:45.0 (5101892)|HEAP_ALLOCATE|[64]|Bytes:7
08:22:45.0 (7955412)|VARIABLE_SCOPE_BEGIN|[35]|PAW_New_EditCntrllr.globalSchemaMap|Map<String,Schema.SObjectType>|true|true
08:22:45.0 (7969810)|VARIABLE_SCOPE_BEGIN|[3]|PAW_New_EditCntrllr.yearEndMode|Boolean|false|true
08:22:45.0 (13268476)|VF_DESERIALIZE_VIEWSTATE_END
08:22:45.14 (14346802)|SYSTEM_MODE_ENTER|true
08:22:45.14 (14424417)|HEAP_ALLOCATE|[EXTERNAL]|Bytes:38
08:22:45.14 (14434604)|HEAP_ALLOCATE|[EXTERNAL]|Bytes:7
08:22:45.14 (14446435)|SYSTEM_METHOD_ENTRY|[1]|PageMessagesComponentController.PageMessagesComponentController()
08:22:45.14 (14463597)|STATEMENT_EXECUTE|[1]
08:22:45.15 (15405318)|SYSTEM_MODE_ENTER|true
08:22:45.15 (15459803)|HEAP_ALLOCATE|[EXTERNAL]|Bytes:8
08:22:45.15 (15468782)|VARIABLE_SCOPE_BEGIN|[88]|this|ApexPage.PageMessagesComponentController|true|false
08:22:45.15 (15511152)|VARIABLE_ASSIGNMENT|[88]|this|{}|0x16f5624d
08:22:45.15 (15517779)|VARIABLE_SCOPE_BEGIN|[88]|escape|Boolean|false|false
08:22:45.15 (15525925)|VARIABLE_ASSIGNMENT|[88]|escape|null
08:22:45.0 (15741035)|SYSTEM_MODE_ENTER|true
08:22:45.0 (15766600)|HEAP_ALLOCATE|[EXTERNAL]|Bytes:11
08:22:45.0 (15780730)|HEAP_ALLOCATE|[EXTERNAL]|Bytes:304
08:22:45.0 (15785260)|HEAP_ALLOCATE|[EXTERNAL]|Bytes:98
08:22:45.0 (15788727)|HEAP_ALLOCATE|[EXTERNAL]|Bytes:14
08:22:45.0 (15802836)|METHOD_ENTRY|[1]|01p0a000004sKzV|PAW_New_EditCntrllr.PAW_New_EditCntrllr()
08:22:45.0 (15807812)|STATEMENT_EXECUTE|[1]
08:22:45.0 (15811254)|STATEMENT_EXECUTE|[1]
08:22:45.0 (15812793)|STATEMENT_EXECUTE|[3]
08:22:45.0 (16348719)|VARIABLE_SCOPE_BEGIN|[3]|PAW_YearEnd_Config.setting|Year_End_PAW_Settings__c|true|true
08:22:45.0 (16365663)|HEAP_ALLOCATE|[3]|Bytes:1
08:22:45.0 (16371769)|HEAP_ALLOCATE|[3]|Bytes:1
08:22:45.0 (16459671)|METHOD_ENTRY|[1]|01p29000000Aswf|PAW_YearEnd_Config.PAW_YearEnd_Config()
08:22:45.0 (16469532)|STATEMENT_EXECUTE|[1]
08:22:45.0 (16473087)|STATEMENT_EXECUTE|[1]
08:22:45.0 (16492236)|SYSTEM_MODE_ENTER|false
08:22:45.0 (16500728)|HEAP_ALLOCATE|[3]|Bytes:5
08:22:45.0 (16508869)|SYSTEM_MODE_EXIT|false
08:22:45.0 (16517382)|METHOD_EXIT|[1]|PAW_YearEnd_Config
08:22:45.0 (16529790)|METHOD_ENTRY|[3]|01p29000000Aswf|PAW_YearEnd_Config.fetch()
08:22:45.0 (16558756)|SYSTEM_MODE_ENTER|false
08:22:45.0 (16564818)|HEAP_ALLOCATE|[6]|Bytes:5
08:22:45.0 (16568805)|STATEMENT_EXECUTE|[5]
08:22:45.0 (16572168)|STATEMENT_EXECUTE|[7]
08:22:45.0 (17872857)|HEAP_ALLOCATE|[7]|Bytes:20
08:22:45.0 (17925220)|VARIABLE_ASSIGNMENT|[7]|PAW_YearEnd_Config.setting|{"IsDeleted":false,"Name":"Year End PAW Setting (11 more) ...","SetupOwnerId":"00529000000zYiyAAE","Year_End_Mode_Enable (4 more) ...":false}|0x3a27a03b
08:22:45.0 (17933802)|STATEMENT_EXECUTE|[9]
08:22:45.0 (17937554)|HEAP_ALLOCATE|[9]|Bytes:14
08:22:45.0 (18116203)|HEAP_ALLOCATE|[9]|Bytes:145
08:22:45.0 (18144014)|HEAP_ALLOCATE|[9]|Bytes:159
08:22:45.0 (18166020)|USER_DEBUG|[9]|DEBUG|>>> setting : Year_End_PAW_Settings__c:{IsDeleted=false, Name=Year End PAW Settings (Profile), SetupOwnerId=00529000000zYiyAAE, Year_End_Mode_Enabled__c=false}
08:22:45.0 (18175594)|STATEMENT_EXECUTE|[10]
08:22:45.0 (18181276)|SYSTEM_MODE_EXIT|false
08:22:45.0 (18189730)|METHOD_EXIT|[3]|01p29000000Aswf|PAW_YearEnd_Config.fetch()
08:22:45.0 (18238669)|VARIABLE_ASSIGNMENT|[3]|PAW_New_EditCntrllr.yearEndMode|false
08:22:45.0 (18246898)|STATEMENT_EXECUTE|[523]
08:22:45.0 (18254676)|METHOD_EXIT|[1]|PAW_New_EditCntrllr
08:22:45.0 (20324622)|SYSTEM_MODE_ENTER|true
08:22:45.0 (22385192)|SYSTEM_MODE_ENTER|true
08:22:45.0 (22478207)|HEAP_ALLOCATE|[EXTERNAL]|Bytes:476
08:22:45.0 (22498129)|HEAP_ALLOCATE|[EXTERNAL]|Bytes:71
08:22:45.0 (27789911)|SYSTEM_MODE_ENTER|true
08:22:45.0 (27892030)|SYSTEM_MODE_ENTER|true
08:22:45.0 (33139861)|SYSTEM_MODE_ENTER|true
08:22:45.0 (33365336)|HEAP_ALLOCATE|[EXTERNAL]|Bytes:112
08:22:45.0 (33383722)|VARIABLE_SCOPE_BEGIN|[186]|this|PAW_New_EditCntrllr|true|false
08:22:45.0 (33535032)|VARIABLE_ASSIGNMENT|[186]|this|{"estmtCvrgeDaysObj":"0x68853483","faciltyOptions":"0xc38a86c","fcltyPrgrmOptions":"0x5b7047c8","idToOwnershipFacilit (4 more) ...":"0x4c777775","idToTypeFacilityMap":"0xd977354","insrncBnftMap":"0x44a5d142","insrncBnftOptions":"0x1d328019","isIop":false,"isTalbott":false,"meta":"0x6a099015","oppId":"00629000003FJ4b","pawObj":"0x5c3253d3","ptntInsrnceOptions":"0x36f7a6d6","ptntInsrncMap":"0x3f4cda59","ptntInsrncObj":"0x19637c9d","quoteObj":"0x578118a9","recordId":"00629000003FJ4b","rtAdjstmntOptions":"0x5ccbc599","showPILookup":false,"sObjectQueryStr":"","wrprObj":"0x5947f6e0"}|0x1e2a5043
08:22:45.0 (33569138)|STATEMENT_EXECUTE|[186]
08:22:45.0 (33573602)|STATEMENT_EXECUTE|[190]
08:22:45.0 (33598925)|HEAP_ALLOCATE|[190]|Bytes:4
08:22:45.0 (33686733)|HEAP_ALLOCATE|[EXTERNAL]|Bytes:4
08:22:45.0 (33705312)|VARIABLE_ASSIGNMENT|[190]|this.ptntInsrnceOptions|[]|0x1e2a5043
08:22:45.0 (33714082)|STATEMENT_EXECUTE|[191]
08:22:45.0 (33725679)|HEAP_ALLOCATE|[191]|Bytes:12
08:22:45.0 (33826824)|HEAP_ALLOCATE|[EXTERNAL]|Bytes:4
08:22:45.0 (33841454)|STATEMENT_EXECUTE|[192]
08:22:45.0 (33881878)|HEAP_ALLOCATE|[192]|Bytes:4
08:22:45.0 (33890135)|HEAP_ALLOCATE|[192]|Bytes:95
08:22:45.0 (33905663)|HEAP_ALLOCATE|[192]|Bytes:4
08:22:45.0 (33920103)|HEAP_ALLOCATE|[192]|Bytes:7
08:22:45.0 (34372773)|SOQL_EXECUTE_BEGIN|[192]|Aggregations:0|SELECT Id, Name, Insurance_Company__c FROM Patient_Insurance__c WHERE Opportunity__c = :tmpVar1
08:22:45.0 (39823398)|SOQL_EXECUTE_END|[192]|Rows:6
08:22:45.0 (39849410)|HEAP_ALLOCATE|[192]|Bytes:28
08:22:45.0 (39875268)|HEAP_ALLOCATE|[192]|Bytes:612
08:22:45.0 (39935007)|HEAP_ALLOCATE|[192]|Bytes:28
08:22:45.0 (39981370)|HEAP_ALLOCATE|[192]|Bytes:16
08:22:45.0 (39995204)|HEAP_ALLOCATE|[192]|Bytes:4
08:22:45.0 (40000372)|HEAP_ALLOCATE|[192]|Bytes:16
08:22:45.0 (40005584)|HEAP_ALLOCATE|[192]|Bytes:4
08:22:45.0 (40008829)|HEAP_ALLOCATE|[192]|Bytes:16
08:22:45.0 (40013048)|HEAP_ALLOCATE|[192]|Bytes:4
08:22:45.0 (40016192)|HEAP_ALLOCATE|[192]|Bytes:16
08:22:45.0 (40020014)|HEAP_ALLOCATE|[192]|Bytes:4
08:22:45.0 (40023316)|HEAP_ALLOCATE|[192]|Bytes:16
08:22:45.0 (40027182)|HEAP_ALLOCATE|[192]|Bytes:4
08:22:45.0 (40029969)|HEAP_ALLOCATE|[192]|Bytes:16
08:22:45.0 (40033755)|HEAP_ALLOCATE|[192]|Bytes:4
08:22:45.0 (40062418)|VARIABLE_ASSIGNMENT|[192]|this.ptntInsrncMap|"Map of size 6 too large to display"|0x1e2a5043
08:22:45.0 (40107281)|HEAP_ALLOCATE|[EXTERNAL]|Bytes:28
08:22:45.0 (40121737)|HEAP_ALLOCATE|[197]|Bytes:634
08:22:45.0 (40283849)|HEAP_ALLOCATE|[197]|Bytes:5
08:22:45.0 (40300461)|HEAP_ALLOCATE|[197]|Bytes:16
08:22:45.0 (40310387)|VARIABLE_SCOPE_BEGIN|[197]|ptntInsrnceInstance|Patient_Insurance__c|true|false
08:22:45.0 (40335774)|VARIABLE_ASSIGNMENT|[197]|ptntInsrnceInstance|{"Id":"a1b29000000d1kgAAA","Name":"Test Antelope - 4 Yo (9 more) ...","Insurance_Company__c":"0012900000AXSNIAA5"}|0x2dda3ff3
08:22:45.0 (40342835)|STATEMENT_EXECUTE|[197]
08:22:45.0 (40344331)|STATEMENT_EXECUTE|[198]
08:22:45.0 (40387322)|HEAP_ALLOCATE|[198]|Bytes:18
08:22:45.0 (40459797)|HEAP_ALLOCATE|[EXTERNAL]|Bytes:4
08:22:45.0 (40477298)|HEAP_ALLOCATE|[197]|Bytes:5
08:22:45.0 (40488172)|HEAP_ALLOCATE|[197]|Bytes:16
08:22:45.0 (40494733)|VARIABLE_SCOPE_BEGIN|[197]|ptntInsrnceInstance|Patient_Insurance__c|true|false
08:22:45.0 (40511154)|VARIABLE_ASSIGNMENT|[197]|ptntInsrnceInstance|{"Id":"a1b29000000d1klAAA","Name":"Test Antelope - Afla (1 more) ...","Insurance_Company__c":"0012900000AXSPnAAP"}|0x9dcb3fe
08:22:45.0 (40517022)|STATEMENT_EXECUTE|[197]
08:22:45.0 (40518394)|STATEMENT_EXECUTE|[198]
08:22:45.0 (40528718)|HEAP_ALLOCATE|[198]|Bytes:18
08:22:45.0 (40542577)|HEAP_ALLOCATE|[EXTERNAL]|Bytes:4
08:22:45.0 (40553348)|HEAP_ALLOCATE|[197]|Bytes:5
08:22:45.0 (40561863)|HEAP_ALLOCATE|[197]|Bytes:16
08:22:45.0 (40566892)|VARIABLE_SCOPE_BEGIN|[197]|ptntInsrnceInstance|Patient_Insurance__c|true|false
08:22:45.0 (40580118)|VARIABLE_ASSIGNMENT|[197]|ptntInsrnceInstance|{"Id":"a1b29000000d1kqAAA","Name":"Test Antelope - Afla (1 more) ...","Insurance_Company__c":"0012900000AXSPnAAP"}|0x6628fe0f
08:22:45.0 (40585201)|STATEMENT_EXECUTE|[197]
08:22:45.0 (40586344)|STATEMENT_EXECUTE|[198]
08:22:45.0 (40593082)|HEAP_ALLOCATE|[198]|Bytes:18
08:22:45.0 (40603317)|HEAP_ALLOCATE|[EXTERNAL]|Bytes:4
08:22:45.0 (40612227)|HEAP_ALLOCATE|[197]|Bytes:5
08:22:45.0 (40619823)|HEAP_ALLOCATE|[197]|Bytes:16
08:22:45.0 (40624246)|VARIABLE_SCOPE_BEGIN|[197]|ptntInsrnceInstance|Patient_Insurance__c|true|false
08:22:45.0 (40636853)|VARIABLE_ASSIGNMENT|[197]|ptntInsrnceInstance|{"Id":"a1b29000000d1uCAAQ","Name":"Test Antelope - Aetn (1 more) ...","Insurance_Company__c":"0012900000AXSPrAAP"}|0x3de576e4
08:22:45.0 (40642048)|STATEMENT_EXECUTE|[197]
08:22:45.0 (40643154)|STATEMENT_EXECUTE|[198]
08:22:45.0 (40649097)|HEAP_ALLOCATE|[198]|Bytes:18
08:22:45.0 (40658703)|HEAP_ALLOCATE|[EXTERNAL]|Bytes:4
08:22:45.0 (40667446)|HEAP_ALLOCATE|[197]|Bytes:5
08:22:45.0 (40674560)|HEAP_ALLOCATE|[197]|Bytes:16
08:22:45.0 (40678902)|VARIABLE_SCOPE_BEGIN|[197]|ptntInsrnceInstance|Patient_Insurance__c|true|false
08:22:45.0 (40689972)|VARIABLE_ASSIGNMENT|[197]|ptntInsrnceInstance|{"Id":"a1b29000000g3efAAA","Name":"Test Antelope - GHI","Insurance_Company__c":"0012900000AXSPWAA5"}|0x41bcf30c
08:22:45.0 (40694830)|STATEMENT_EXECUTE|[197]
08:22:45.0 (40695851)|STATEMENT_EXECUTE|[198]
08:22:45.0 (40701175)|HEAP_ALLOCATE|[198]|Bytes:18
08:22:45.0 (40710285)|HEAP_ALLOCATE|[EXTERNAL]|Bytes:4
08:22:45.0 (40718839)|HEAP_ALLOCATE|[197]|Bytes:5
08:22:45.0 (40725768)|HEAP_ALLOCATE|[197]|Bytes:16
08:22:45.0 (40730270)|VARIABLE_SCOPE_BEGIN|[197]|ptntInsrnceInstance|Patient_Insurance__c|true|false
08:22:45.0 (40741078)|VARIABLE_ASSIGNMENT|[197]|ptntInsrnceInstance|{"Id":"a1b29000000lpFCAAY","Name":"Test Antelope - Priv (7 more) ...","Insurance_Company__c":"0012900000AXSDqAAP"}|0x2d93fb86
08:22:45.0 (40746000)|STATEMENT_EXECUTE|[197]
08:22:45.0 (40746941)|STATEMENT_EXECUTE|[198]
08:22:45.0 (40752133)|HEAP_ALLOCATE|[198]|Bytes:18
08:22:45.0 (40761000)|HEAP_ALLOCATE|[EXTERNAL]|Bytes:4
08:22:45.0 (40769331)|HEAP_ALLOCATE|[197]|Bytes:5
08:22:45.0 (40779096)|VARIABLE_ASSIGNMENT|[197]|ptntInsrnceInstance|null|
08:22:45.0 (40783461)|STATEMENT_EXECUTE|[201]
08:22:45.46 (46029959)|SYSTEM_MODE_ENTER|true
08:22:45.46 (46103331)|HEAP_ALLOCATE|[EXTERNAL]|Bytes:8
08:22:45.46 (46116317)|VARIABLE_SCOPE_BEGIN|[88]|this|ApexPage.PageMessagesComponentController|true|false
08:22:45.46 (46152619)|VARIABLE_ASSIGNMENT|[88]|this|{}|0x16f5624d
08:22:45.46 (46159364)|VARIABLE_SCOPE_BEGIN|[88]|escape|Boolean|false|false
08:22:45.46 (46166503)|VARIABLE_ASSIGNMENT|[88]|escape|null
08:22:45.0 (46869532)|HEAP_ALLOCATE|[EXTERNAL]|Bytes:84
08:22:45.0 (46890388)|VARIABLE_ASSIGNMENT|[EXTERNAL]|this.insrncBnftSelected|null|0x5947f6e0
08:22:45.0 (46971982)|HEAP_ALLOCATE|[EXTERNAL]|Bytes:84
08:22:45.0 (46982300)|VARIABLE_ASSIGNMENT|[EXTERNAL]|this.facilitySelected|null|0x5947f6e0
08:22:45.0 (47038397)|HEAP_ALLOCATE|[EXTERNAL]|Bytes:84
08:22:45.0 (47049009)|VARIABLE_ASSIGNMENT|[EXTERNAL]|this.rateAdjstmntSelected|null|0x5947f6e0
08:22:45.0 (47098355)|HEAP_ALLOCATE|[EXTERNAL]|Bytes:84
08:22:45.0 (47106588)|VARIABLE_ASSIGNMENT|[EXTERNAL]|this.fcltyPrgrmSelected|null|0x5947f6e0
08:22:45.0 (50966782)|HEAP_ALLOCATE|[EXTERNAL]|Bytes:112
08:22:45.0 (50983287)|VARIABLE_SCOPE_BEGIN|[205]|this|PAW_New_EditCntrllr|true|false
08:22:45.0 (51089257)|VARIABLE_ASSIGNMENT|[205]|this|{"estmtCvrgeDaysObj":"0x68853483","faciltyOptions":"0xc38a86c","fcltyPrgrmOptions":"0x5b7047c8","idToOwnershipFacilit (4 more) ...":"0x4c777775","idToTypeFacilityMap":"0xd977354","insrncBnftMap":"0x44a5d142","insrncBnftOptions":"0x1d328019","isIop":false,"isTalbott":false,"meta":"0x6a099015","oppId":"00629000003FJ4b","pawObj":"0x5c3253d3","ptntInsrnceOptions":"0x20788a6a","ptntInsrncMap":"0x1dec7c","ptntInsrncObj":"0x19637c9d","quoteObj":"0x578118a9","recordId":"00629000003FJ4b","rtAdjstmntOptions":"0x5ccbc599","showPILookup":false,"sObjectQueryStr":"","wrprObj":"0x5947f6e0"}|0x1e2a5043
08:22:45.0 (51109738)|STATEMENT_EXECUTE|[205]
08:22:45.0 (51201111)|VARIABLE_ASSIGNMENT|[EXTERNAL]|this|{"estmtCvrgeDaysObj":"0x68853483","faciltyOptions":"0xc38a86c","fcltyPrgrmOptions":"0x5b7047c8","idToOwnershipFacilit (4 more) ...":"0x4c777775","idToTypeFacilityMap":"0xd977354","insrncBnftMap":"0x44a5d142","insrncBnftOptions":"0x1d328019","isIop":false,"isTalbott":false,"meta":"0x6a099015","oppId":"00629000003FJ4b","pawObj":"0x5c3253d3","ptntInsrnceOptions":"0x20788a6a","ptntInsrncMap":"0x1dec7c","ptntInsrncObj":"0x19637c9d","quoteObj":"0x578118a9","recordId":"00629000003FJ4b","rtAdjstmntOptions":"0x5ccbc599","showPILookup":false,"sObjectQueryStr":"","wrprObj":"0x5947f6e0"}|0x1e2a5043
08:22:45.0 (51281027)|VARIABLE_ASSIGNMENT|[EXTERNAL]|this|{"pawDetailListDisplay (4 more) ...":false,"pyAgrmntWrksht":"0x1c5d37dd","relatedPAWDetailsLis (1 more) ...":"0x7812c5e6","targetEDR":0.00,"totalAppliedDeductib (2 more) ...":0.00,"totalCoInsurance":0.00,"totalCoPayAmt":0.00,"totalInsCoResp":0.00,"totalInsEIVAmt":0.00,"totalRowCount":0,"totalTalbottDay":0.00}|0x5947f6e0
08:22:45.0 (51340459)|STATEMENT_EXECUTE|[206]
08:22:45.0 (51342299)|STATEMENT_EXECUTE|[207]
08:22:45.0 (51411669)|VARIABLE_ASSIGNMENT|[EXTERNAL]|this|{"estmtCvrgeDaysObj":"0x68853483","faciltyOptions":"0xc38a86c","fcltyPrgrmOptions":"0x5b7047c8","idToOwnershipFacilit (4 more) ...":"0x4c777775","idToTypeFacilityMap":"0xd977354","insrncBnftMap":"0x44a5d142","insrncBnftOptions":"0x1d328019","isIop":false,"isTalbott":false,"meta":"0x6a099015","oppId":"00629000003FJ4b","pawObj":"0x5c3253d3","ptntInsrnceOptions":"0x20788a6a","ptntInsrncMap":"0x1dec7c","ptntInsrncObj":"0x19637c9d","quoteObj":"0x578118a9","recordId":"00629000003FJ4b","rtAdjstmntOptions":"0x5ccbc599","showPILookup":false,"sObjectQueryStr":"","wrprObj":"0x5947f6e0"}|0x1e2a5043
08:22:45.0 (51467153)|VARIABLE_ASSIGNMENT|[EXTERNAL]|this|{"pawDetailListDisplay (4 more) ...":false,"pyAgrmntWrksht":"0x1c5d37dd","relatedPAWDetailsLis (1 more) ...":"0x7812c5e6","targetEDR":0.00,"totalAppliedDeductib (2 more) ...":0.00,"totalCoInsurance":0.00,"totalCoPayAmt":0.00,"totalInsCoResp":0.00,"totalInsEIVAmt":0.00,"totalRowCount":0,"totalTalbottDay":0.00}|0x5947f6e0
08:22:45.0 (51564085)|VARIABLE_ASSIGNMENT|[EXTERNAL]|this|{"estmtCvrgeDaysObj":"0x68853483","faciltyOptions":"0xc38a86c","fcltyPrgrmOptions":"0x5b7047c8","idToOwnershipFacilit (4 more) ...":"0x4c777775","idToTypeFacilityMap":"0xd977354","insrncBnftMap":"0x44a5d142","insrncBnftOptions":"0x1d328019","isIop":false,"isTalbott":false,"meta":"0x6a099015","oppId":"00629000003FJ4b","pawObj":"0x5c3253d3","ptntInsrnceOptions":"0x20788a6a","ptntInsrncMap":"0x1dec7c","ptntInsrncObj":"0x19637c9d","quoteObj":"0x578118a9","recordId":"00629000003FJ4b","rtAdjstmntOptions":"0x5ccbc599","showPILookup":false,"sObjectQueryStr":"","wrprObj":"0x5947f6e0"}|0x1e2a5043
08:22:45.0 (51586045)|VARIABLE_ASSIGNMENT|[EXTERNAL]|value|{"Id":"a1b29000000d1kgAAA","Name":"Test Antelope - 4 Yo (9 more) ...","Insurance_Company__c":"0012900000AXSNIAA5"}|0x2dda3ff3
08:22:45.0 (51602192)|VARIABLE_ASSIGNMENT|[18]|this.ptntInsrncObj|{"Id":"a1b29000000d1kgAAA","Name":"Test Antelope - 4 Yo (9 more) ...","Insurance_Company__c":"0012900000AXSNIAA5"}|0x1e2a5043
08:22:45.0 (51612589)|STATEMENT_EXECUTE|[211]
08:22:45.0 (51673306)|VARIABLE_ASSIGNMENT|[EXTERNAL]|this|{"estmtCvrgeDaysObj":"0x68853483","faciltyOptions":"0xc38a86c","fcltyPrgrmOptions":"0x5b7047c8","idToOwnershipFacilit (4 more) ...":"0x4c777775","idToTypeFacilityMap":"0xd977354","insrncBnftMap":"0x44a5d142","insrncBnftOptions":"0x1d328019","isIop":false,"isTalbott":false,"meta":"0x6a099015","oppId":"00629000003FJ4b","pawObj":"0x5c3253d3","ptntInsrnceOptions":"0x20788a6a","ptntInsrncMap":"0x1dec7c","ptntInsrncObj":"0x2dda3ff3","quoteObj":"0x578118a9","recordId":"00629000003FJ4b","rtAdjstmntOptions":"0x5ccbc599","showPILookup":false,"sObjectQueryStr":"","wrprObj":"0x5947f6e0"}|0x1e2a5043
08:22:45.0 (51729505)|VARIABLE_ASSIGNMENT|[EXTERNAL]|this|{"pawDetailListDisplay (4 more) ...":false,"pyAgrmntWrksht":"0x1c5d37dd","relatedPAWDetailsLis (1 more) ...":"0x7812c5e6","targetEDR":0.00,"totalAppliedDeductib (2 more) ...":0.00,"totalCoInsurance":0.00,"totalCoPayAmt":0.00,"totalInsCoResp":0.00,"totalInsEIVAmt":0.00,"totalRowCount":0,"totalTalbottDay":0.00}|0x5947f6e0
08:22:45.0 (51739709)|VARIABLE_ASSIGNMENT|[EXTERNAL]|value|""
08:22:45.0 (51747679)|VARIABLE_ASSIGNMENT|[526]|this.insrncBnftSelected|""|0x5947f6e0
08:22:45.0 (51755449)|STATEMENT_EXECUTE|[212]
08:22:45.0 (51773655)|METHOD_ENTRY|[212]|01p0a000004sKzV|PAW_New_EditCntrllr.updateWraperValues()
08:22:45.0 (51785331)|VARIABLE_SCOPE_BEGIN|[404]|this|PAW_New_EditCntrllr|true|false
08:22:45.0 (51841678)|VARIABLE_ASSIGNMENT|[404]|this|{"estmtCvrgeDaysObj":"0x68853483","faciltyOptions":"0xc38a86c","fcltyPrgrmOptions":"0x5b7047c8","idToOwnershipFacilit (4 more) ...":"0x4c777775","idToTypeFacilityMap":"0xd977354","insrncBnftMap":"0x44a5d142","insrncBnftOptions":"0x1d328019","isIop":false,"isTalbott":false,"meta":"0x6a099015","oppId":"00629000003FJ4b","pawObj":"0x5c3253d3","ptntInsrnceOptions":"0x20788a6a","ptntInsrncMap":"0x1dec7c","ptntInsrncObj":"0x2dda3ff3","quoteObj":"0x578118a9","recordId":"00629000003FJ4b","rtAdjstmntOptions":"0x5ccbc599","showPILookup":false,"sObjectQueryStr":"","wrprObj":"0x5947f6e0"}|0x1e2a5043
08:22:45.0 (51855957)|STATEMENT_EXECUTE|[404]
08:22:45.0 (51917321)|VARIABLE_ASSIGNMENT|[EXTERNAL]|this|{"estmtCvrgeDaysObj":"0x68853483","faciltyOptions":"0xc38a86c","fcltyPrgrmOptions":"0x5b7047c8","idToOwnershipFacilit (4 more) ...":"0x4c777775","idToTypeFacilityMap":"0xd977354","insrncBnftMap":"0x44a5d142","insrncBnftOptions":"0x1d328019","isIop":false,"isTalbott":false,"meta":"0x6a099015","oppId":"00629000003FJ4b","pawObj":"0x5c3253d3","ptntInsrnceOptions":"0x20788a6a","ptntInsrncMap":"0x1dec7c","ptntInsrncObj":"0x2dda3ff3","quoteObj":"0x578118a9","recordId":"00629000003FJ4b","rtAdjstmntOptions":"0x5ccbc599","showPILookup":false,"sObjectQueryStr":"","wrprObj":"0x5947f6e0"}|0x1e2a5043
08:22:45.0 (51988088)|VARIABLE_ASSIGNMENT|[EXTERNAL]|this|{"estmtCvrgeDaysObj":"0x68853483","faciltyOptions":"0xc38a86c","fcltyPrgrmOptions":"0x5b7047c8","idToOwnershipFacilit (4 more) ...":"0x4c777775","idToTypeFacilityMap":"0xd977354","insrncBnftMap":"0x44a5d142","insrncBnftOptions":"0x1d328019","isIop":false,"isTalbott":false,"meta":"0x6a099015","oppId":"00629000003FJ4b","pawObj":"0x5c3253d3","ptntInsrnceOptions":"0x20788a6a","ptntInsrncMap":"0x1dec7c","ptntInsrncObj":"0x2dda3ff3","quoteObj":"0x578118a9","recordId":"00629000003FJ4b","rtAdjstmntOptions":"0x5ccbc599","showPILookup":false,"sObjectQueryStr":"","wrprObj":"0x5947f6e0"}|0x1e2a5043
08:22:45.0 (52008633)|STATEMENT_EXECUTE|[420]
08:22:45.0 (52010518)|STATEMENT_EXECUTE|[421]
08:22:45.0 (59697089)|VARIABLE_SCOPE_BEGIN|[3]|PAWValueCalculationService.pawObj|Pay_Agreement_Worksheet__c|true|true
08:22:45.0 (59730687)|VARIABLE_SCOPE_BEGIN|[2]|PAWValueCalculationService.skipDML|Boolean|false|true
08:22:45.0 (59760838)|HEAP_ALLOCATE|[421]|Bytes:6
08:22:45.0 (59792759)|METHOD_ENTRY|[1]|01p0a000004sKzO|PAWFrnFacilityService.PAWFrnFacilityService()
08:22:45.0 (59803782)|STATEMENT_EXECUTE|[1]
08:22:45.0 (59812920)|STATEMENT_EXECUTE|[1]
08:22:45.0 (60274876)|SYSTEM_MODE_ENTER|false
08:22:45.0 (60298005)|HEAP_ALLOCATE|[421]|Bytes:5
08:22:45.0 (60313512)|SYSTEM_MODE_EXIT|false
08:22:45.0 (60334628)|METHOD_EXIT|[1]|PAWFrnFacilityService
08:22:45.0 (60350015)|HEAP_ALLOCATE|[421]|Bytes:4
08:22:45.0 (60378084)|CONSTRUCTOR_ENTRY|[421]|01p0a000004sKzO|<init>()
08:22:45.0 (60417704)|VARIABLE_SCOPE_BEGIN|[2]|this|PAWFrnFacilityService|true|false
08:22:45.0 (60471377)|VARIABLE_ASSIGNMENT|[2]|this|{}|0x237011d2
08:22:45.0 (60503922)|SYSTEM_MODE_ENTER|false
08:22:45.0 (60513653)|HEAP_ALLOCATE|[2]|Bytes:5
08:22:45.0 (60520389)|STATEMENT_EXECUTE|[1]
08:22:45.0 (60534778)|HEAP_ALLOCATE|[2]|Bytes:5
08:22:45.0 (60552509)|HEAP_ALLOCATE|[2]|Bytes:39
08:22:45.0 (60561378)|HEAP_ALLOCATE|[2]|Bytes:35
08:22:45.0 (60633179)|METHOD_ENTRY|[1]|01p0a000004sKzT|PAWValueCalculationService.PAWValueCalculationService()
08:22:45.0 (60642737)|STATEMENT_EXECUTE|[1]
08:22:45.0 (60646834)|STATEMENT_EXECUTE|[1]
08:22:45.0 (60652967)|METHOD_EXIT|[1]|PAWValueCalculationService
08:22:45.0 (60663314)|CONSTRUCTOR_ENTRY|[2]|01p0a000004sKzT|<init>()
08:22:45.0 (60685949)|VARIABLE_SCOPE_BEGIN|[5]|this|PAWValueCalculationService|true|false
08:22:45.0 (60712938)|VARIABLE_ASSIGNMENT|[5]|this|{}|0x237011d2
08:22:45.0 (60723005)|STATEMENT_EXECUTE|[1]
08:22:45.0 (60735845)|HEAP_ALLOCATE|[6]|Bytes:6
08:22:45.0 (60773080)|STATEMENT_EXECUTE|[5]
08:22:45.0 (60775531)|STATEMENT_EXECUTE|[6]
08:22:45.0 (60785545)|HEAP_ALLOCATE|[6]|Bytes:5
08:22:45.0 (60803551)|VARIABLE_ASSIGNMENT|[6]|PAWValueCalculationService.skipDML|false
08:22:45.0 (60814737)|CONSTRUCTOR_EXIT|[2]|01p0a000004sKzT|<init>()
08:22:45.0 (60822762)|STATEMENT_EXECUTE|[2]
08:22:45.0 (60828680)|SYSTEM_MODE_EXIT|false
08:22:45.0 (60838037)|CONSTRUCTOR_EXIT|[421]|01p0a000004sKzO|<init>()
08:22:45.0 (61007872)|VARIABLE_ASSIGNMENT|[EXTERNAL]|this|{"estmtCvrgeDaysObj":"0x68853483","faciltyOptions":"0xc38a86c","fcltyPrgrmOptions":"0x5b7047c8","idToOwnershipFacilit (4 more) ...":"0x4c777775","idToTypeFacilityMap":"0xd977354","insrncBnftMap":"0x44a5d142","insrncBnftOptions":"0x1d328019","isIop":false,"isTalbott":false,"meta":"0x6a099015","oppId":"00629000003FJ4b","pawObj":"0x5c3253d3","ptntInsrnceOptions":"0x20788a6a","ptntInsrncMap":"0x1dec7c","ptntInsrncObj":"0x2dda3ff3","quoteObj":"0x578118a9","recordId":"00629000003FJ4b","rtAdjstmntOptions":"0x5ccbc599","showPILookup":false,"sObjectQueryStr":"","wrprObj":"0x5947f6e0"}|0x1e2a5043
08:22:45.0 (61073911)|METHOD_ENTRY|[421]|01p0a000004sKzO|PAWFrnFacilityService.calculateWraperValuesFRN(PAW_New_EditCntrllr.WraperClass, Map<Id,Facility_Program__c>, Map<Id,Insurance_Company_Rate_Adjustment__c>, Map<Id,Insurance_Benefit__c>, Estimated_Coverage_Days__c)
08:22:45.0 (61088026)|VARIABLE_SCOPE_BEGIN|[7]|this|PAWFrnFacilityService|true|false
08:22:45.0 (61110149)|VARIABLE_ASSIGNMENT|[7]|this|{}|0x237011d2
08:22:45.0 (61119014)|VARIABLE_SCOPE_BEGIN|[7]|pWrprObj|PAW_New_EditCntrllr.WraperClass|true|false
08:22:45.0 (61204269)|VARIABLE_ASSIGNMENT|[7]|pWrprObj|{"insrncBnftSelected":"","pawDetailListDisplay (4 more) ...":false,"pyAgrmntWrksht":"0x1c5d37dd","relatedPAWDetailsLis (1 more) ...":"0x7812c5e6","targetEDR":0.00,"totalAppliedDeductib (2 more) ...":0.00,"totalCoInsurance":0.00,"totalCoPayAmt":0.00,"totalInsCoResp":0.00,"totalInsEIVAmt":0.00,"totalRowCount":0,"totalTalbottDay":0.00}|0x5947f6e0
08:22:45.0 (61219405)|VARIABLE_SCOPE_BEGIN|[7]|pFcltyPrgmMap|Map<Id,Facility_Program__c>|true|false
08:22:45.0 (61230948)|VARIABLE_ASSIGNMENT|[7]|pFcltyPrgmMap|null|
08:22:45.0 (61236764)|VARIABLE_SCOPE_BEGIN|[7]|pCmpnyRateAdjstmntMap|Map<Id,Insurance_Company_Rate_Adjustment__c>|true|false
08:22:45.0 (61247378)|VARIABLE_ASSIGNMENT|[7]|pCmpnyRateAdjstmntMap|null|
08:22:45.0 (61253320)|VARIABLE_SCOPE_BEGIN|[7]|pInsrncBnftMap|Map<Id,Insurance_Benefit__c>|true|false
08:22:45.0 (61270869)|VARIABLE_ASSIGNMENT|[7]|pInsrncBnftMap|{}|0x44a5d142
08:22:45.0 (61278725)|VARIABLE_SCOPE_BEGIN|[7]|pEstmtCvrgeDaysObj|Estimated_Coverage_Days__c|true|false
08:22:45.0 (61294110)|VARIABLE_ASSIGNMENT|[7]|pEstmtCvrgeDaysObj|{}|0x68853483
08:22:45.0 (61327391)|SYSTEM_MODE_ENTER|false
08:22:45.0 (61337864)|HEAP_ALLOCATE|[13]|Bytes:5
08:22:45.0 (61344556)|STATEMENT_EXECUTE|[12]
08:22:45.0 (61346834)|STATEMENT_EXECUTE|[13]
08:22:45.0 (61364167)|METHOD_ENTRY|[13]|01p0a000004sKzT|PAWValueCalculationService.calculateWraperValues(PAW_New_EditCntrllr.WraperClass, Map<Id,Facility_Program__c>, Map<Id,Insurance_Company_Rate_Adjustment__c>, Map<Id,Insurance_Benefit__c>, Estimated_Coverage_Days__c)
08:22:45.0 (61393437)|VARIABLE_SCOPE_BEGIN|[10]|this|PAWValueCalculationService|true|false
08:22:45.0 (61416485)|VARIABLE_ASSIGNMENT|[10]|this|{}|0x237011d2
08:22:45.0 (61425401)|VARIABLE_SCOPE_BEGIN|[10]|pWrprObj|PAW_New_EditCntrllr.WraperClass|true|false
08:22:45.0 (61488749)|VARIABLE_ASSIGNMENT|[10]|pWrprObj|{"insrncBnftSelected":"","pawDetailListDisplay (4 more) ...":false,"pyAgrmntWrksht":"0x1c5d37dd","relatedPAWDetailsLis (1 more) ...":"0x7812c5e6","targetEDR":0.00,"totalAppliedDeductib (2 more) ...":0.00,"totalCoInsurance":0.00,"totalCoPayAmt":0.00,"totalInsCoResp":0.00,"totalInsEIVAmt":0.00,"totalRowCount":0,"totalTalbottDay":0.00}|0x5947f6e0
08:22:45.0 (61504409)|VARIABLE_SCOPE_BEGIN|[10]|pFcltyPrgmMap|Map<Id,Facility_Program__c>|true|false
08:22:45.0 (61515682)|VARIABLE_ASSIGNMENT|[10]|pFcltyPrgmMap|null|
08:22:45.0 (61521382)|VARIABLE_SCOPE_BEGIN|[10]|pCmpnyRateAdjstmntMap|Map<Id,Insurance_Company_Rate_Adjustment__c>|true|false
08:22:45.0 (61531758)|VARIABLE_ASSIGNMENT|[10]|pCmpnyRateAdjstmntMap|null|
08:22:45.0 (61537598)|VARIABLE_SCOPE_BEGIN|[10]|pInsrncBnftMap|Map<Id,Insurance_Benefit__c>|true|false
08:22:45.0 (61550745)|VARIABLE_ASSIGNMENT|[10]|pInsrncBnftMap|{}|0x44a5d142
08:22:45.0 (61558554)|VARIABLE_SCOPE_BEGIN|[10]|pEstmtCvrgeDaysObj|Estimated_Coverage_Days__c|true|false
08:22:45.0 (61570914)|VARIABLE_ASSIGNMENT|[10]|pEstmtCvrgeDaysObj|{}|0x68853483
08:22:45.0 (61580891)|STATEMENT_EXECUTE|[14]
08:22:45.0 (61582962)|STATEMENT_EXECUTE|[16]
08:22:45.0 (61660483)|VARIABLE_ASSIGNMENT|[EXTERNAL]|this|{"insrncBnftSelected":"","pawDetailListDisplay (4 more) ...":false,"pyAgrmntWrksht":"0x1c5d37dd","relatedPAWDetailsLis (1 more) ...":"0x7812c5e6","targetEDR":0.00,"totalAppliedDeductib (2 more) ...":0.00,"totalCoInsurance":0.00,"totalCoPayAmt":0.00,"totalInsCoResp":0.00,"totalInsEIVAmt":0.00,"totalRowCount":0,"totalTalbottDay":0.00}|0x5947f6e0
08:22:45.0 (61817378)|VARIABLE_ASSIGNMENT|[16]|this.Rate_Adjustment_Type__c|null|0x1c5d37dd
08:22:45.0 (61910529)|VARIABLE_ASSIGNMENT|[EXTERNAL]|this|{"insrncBnftSelected":"","pawDetailListDisplay (4 more) ...":false,"pyAgrmntWrksht":"0x1c5d37dd","relatedPAWDetailsLis (1 more) ...":"0x7812c5e6","targetEDR":0.00,"totalAppliedDeductib (2 more) ...":0.00,"totalCoInsurance":0.00,"totalCoPayAmt":0.00,"totalInsCoResp":0.00,"totalInsEIVAmt":0.00,"totalRowCount":0,"totalTalbottDay":0.00}|0x5947f6e0
08:22:45.0 (61940025)|STATEMENT_EXECUTE|[17]
08:22:45.0 (61942559)|STATEMENT_EXECUTE|[24]
08:22:45.0 (62020133)|VARIABLE_ASSIGNMENT|[EXTERNAL]|this|{"insrncBnftSelected":"","pawDetailListDisplay (4 more) ...":false,"pyAgrmntWrksht":"0x1c5d37dd","relatedPAWDetailsLis (1 more) ...":"0x7812c5e6","targetEDR":0.00,"totalAppliedDeductib (2 more) ...":0.00,"totalCoInsurance":0.00,"totalCoPayAmt":0.00,"totalInsCoResp":0.00,"totalInsEIVAmt":0.00,"totalRowCount":0,"totalTalbottDay":0.00}|0x5947f6e0
08:22:45.0 (62101971)|VARIABLE_ASSIGNMENT|[EXTERNAL]|this|{"insrncBnftSelected":"","pawDetailListDisplay (4 more) ...":false,"pyAgrmntWrksht":"0x1c5d37dd","relatedPAWDetailsLis (1 more) ...":"0x7812c5e6","targetEDR":0.00,"totalAppliedDeductib (2 more) ...":0.00,"totalCoInsurance":0.00,"totalCoPayAmt":0.00,"totalInsCoResp":0.00,"totalInsEIVAmt":0.00,"totalRowCount":0,"totalTalbottDay":0.00}|0x5947f6e0
08:22:45.0 (62208451)|HEAP_ALLOCATE|[25]|Bytes:4
08:22:45.0 (62439597)|VARIABLE_ASSIGNMENT|[EXTERNAL]|this|{"insrncBnftSelected":"","pawDetailListDisplay (4 more) ...":false,"pyAgrmntWrksht":"0x1c5d37dd","relatedPAWDetailsLis (1 more) ...":"0x7812c5e6","targetEDR":0.00,"totalAppliedDeductib (2 more) ...":0.00,"totalCoInsurance":0.00,"totalCoPayAmt":0.00,"totalInsCoResp":0.00,"totalInsEIVAmt":0.00,"totalRowCount":0,"totalTalbottDay":0.00}|0x5947f6e0
08:22:45.0 (62518636)|VARIABLE_ASSIGNMENT|[EXTERNAL]|value|{}|0x36639e3c
08:22:45.0 (62549670)|VARIABLE_ASSIGNMENT|[525]|this.insrncBnft|{}|0x5947f6e0
08:22:45.0 (62567814)|STATEMENT_EXECUTE|[26]
08:22:45.0 (62655953)|VARIABLE_ASSIGNMENT|[EXTERNAL]|this|{"insrncBnft":"0x36639e3c","insrncBnftSelected":"","pawDetailListDisplay (4 more) ...":false,"pyAgrmntWrksht":"0x1c5d37dd","relatedPAWDetailsLis (1 more) ...":"0x7812c5e6","targetEDR":0.00,"totalAppliedDeductib (2 more) ...":0.00,"totalCoInsurance":0.00,"totalCoPayAmt":0.00,"totalInsCoResp":0.00,"totalInsEIVAmt":0.00,"totalRowCount":0,"totalTalbottDay":0.00}|0x5947f6e0
08:22:45.0 (62677011)|VARIABLE_ASSIGNMENT|[EXTERNAL]|value|0
08:22:45.0 (62686452)|HEAP_ALLOCATE|[530]|Bytes:4
08:22:45.0 (62698720)|VARIABLE_ASSIGNMENT|[530]|this.totalRowCount|0|0x5947f6e0
08:22:45.0 (62713266)|STATEMENT_EXECUTE|[27]
08:22:45.0 (62764274)|HEAP_ALLOCATE|[27]|Bytes:28
08:22:45.0 (62771163)|HEAP_ALLOCATE|[27]|Bytes:28
08:22:45.0 (62856906)|VARIABLE_ASSIGNMENT|[EXTERNAL]|this|{"insrncBnft":"0x36639e3c","insrncBnftSelected":"","pawDetailListDisplay (4 more) ...":false,"pyAgrmntWrksht":"0x1c5d37dd","relatedPAWDetailsLis (1 more) ...":"0x7812c5e6","targetEDR":0.00,"totalAppliedDeductib (2 more) ...":0.00,"totalCoInsurance":0.00,"totalCoPayAmt":0.00,"totalInsCoResp":0.00,"totalInsEIVAmt":0.00,"totalRowCount":0,"totalTalbottDay":0.00}|0x5947f6e0
08:22:45.0 (62878092)|VARIABLE_ASSIGNMENT|[EXTERNAL]|value|0
08:22:45.0 (62893378)|VARIABLE_ASSIGNMENT|[531]|this.totalTalbottDay|0|0x5947f6e0
08:22:45.0 (62910008)|STATEMENT_EXECUTE|[28]
08:22:45.0 (62912316)|STATEMENT_EXECUTE|[29]
08:22:45.0 (62997290)|VARIABLE_ASSIGNMENT|[EXTERNAL]|this|{"insrncBnft":"0x36639e3c","insrncBnftSelected":"","pawDetailListDisplay (4 more) ...":false,"pyAgrmntWrksht":"0x1c5d37dd","relatedPAWDetailsLis (1 more) ...":"0x7812c5e6","targetEDR":0.00,"totalAppliedDeductib (2 more) ...":0.00,"totalCoInsurance":0.00,"totalCoPayAmt":0.00,"totalInsCoResp":0.00,"totalInsEIVAmt":0.00,"totalRowCount":0,"totalTalbottDay":0}|0x5947f6e0
08:22:45.0 (63035470)|HEAP_ALLOCATE|[29]|Bytes:28
08:22:45.0 (63043204)|HEAP_ALLOCATE|[29]|Bytes:28
08:22:45.0 (63210821)|VARIABLE_ASSIGNMENT|[EXTERNAL]|this|{"insrncBnft":"0x36639e3c","insrncBnftSelected":"","pawDetailListDisplay (4 more) ...":false,"pyAgrmntWrksht":"0x1c5d37dd","relatedPAWDetailsLis (1 more) ...":"0x7812c5e6","targetEDR":0.00,"totalAppliedDeductib (2 more) ...":0.00,"totalCoInsurance":0.00,"totalCoPayAmt":0.00,"totalInsCoResp":0.00,"totalInsEIVAmt":0.00,"totalRowCount":0,"totalTalbottDay":0}|0x5947f6e0
08:22:45.0 (63231384)|VARIABLE_ASSIGNMENT|[EXTERNAL]|value|0
08:22:45.0 (63239895)|HEAP_ALLOCATE|[530]|Bytes:4
08:22:45.0 (63252135)|VARIABLE_ASSIGNMENT|[530]|this.totalRowCount|0|0x5947f6e0
08:22:45.0 (63268382)|STATEMENT_EXECUTE|[31]
08:22:45.0 (63344837)|VARIABLE_ASSIGNMENT|[EXTERNAL]|this|{"insrncBnft":"0x36639e3c","insrncBnftSelected":"","pawDetailListDisplay (4 more) ...":false,"pyAgrmntWrksht":"0x1c5d37dd","relatedPAWDetailsLis (1 more) ...":"0x7812c5e6","targetEDR":0.00,"totalAppliedDeductib (2 more) ...":0.00,"totalCoInsurance":0.00,"totalCoPayAmt":0.00,"totalInsCoResp":0.00,"totalInsEIVAmt":0.00,"totalRowCount":0,"totalTalbottDay":0}|0x5947f6e0
08:22:45.0 (63378042)|HEAP_ALLOCATE|[31]|Bytes:28
08:22:45.0 (63384123)|HEAP_ALLOCATE|[31]|Bytes:28
08:22:45.0 (63496468)|VARIABLE_ASSIGNMENT|[EXTERNAL]|this|{"insrncBnft":"0x36639e3c","insrncBnftSelected":"","pawDetailListDisplay (4 more) ...":false,"pyAgrmntWrksht":"0x1c5d37dd","relatedPAWDetailsLis (1 more) ...":"0x7812c5e6","targetEDR":0.00,"totalAppliedDeductib (2 more) ...":0.00,"totalCoInsurance":0.00,"totalCoPayAmt":0.00,"totalInsCoResp":0.00,"totalInsEIVAmt":0.00,"totalRowCount":0,"totalTalbottDay":0}|0x5947f6e0
08:22:45.0 (63516648)|VARIABLE_ASSIGNMENT|[EXTERNAL]|value|0
08:22:45.0 (63524045)|HEAP_ALLOCATE|[530]|Bytes:4
08:22:45.0 (63534522)|VARIABLE_ASSIGNMENT|[530]|this.totalRowCount|0|0x5947f6e0
08:22:45.0 (63549095)|STATEMENT_EXECUTE|[33]
08:22:45.0 (63620771)|VARIABLE_ASSIGNMENT|[EXTERNAL]|this|{"insrncBnft":"0x36639e3c","insrncBnftSelected":"","pawDetailListDisplay (4 more) ...":false,"pyAgrmntWrksht":"0x1c5d37dd","relatedPAWDetailsLis (1 more) ...":"0x7812c5e6","targetEDR":0.00,"totalAppliedDeductib (2 more) ...":0.00,"totalCoInsurance":0.00,"totalCoPayAmt":0.00,"totalInsCoResp":0.00,"totalInsEIVAmt":0.00,"totalRowCount":0,"totalTalbottDay":0}|0x5947f6e0
08:22:45.0 (63651941)|HEAP_ALLOCATE|[33]|Bytes:28
08:22:45.0 (63657865)|HEAP_ALLOCATE|[33]|Bytes:28
08:22:45.0 (63961515)|VARIABLE_ASSIGNMENT|[EXTERNAL]|this|{"insrncBnft":"0x36639e3c","insrncBnftSelected":"","pawDetailListDisplay (4 more) ...":false,"pyAgrmntWrksht":"0x1c5d37dd","relatedPAWDetailsLis (1 more) ...":"0x7812c5e6","targetEDR":0.00,"totalAppliedDeductib (2 more) ...":0.00,"totalCoInsurance":0.00,"totalCoPayAmt":0.00,"totalInsCoResp":0.00,"totalInsEIVAmt":0.00,"totalRowCount":0,"totalTalbottDay":0}|0x5947f6e0
08:22:45.0 (64001479)|VARIABLE_ASSIGNMENT|[EXTERNAL]|value|0
08:22:45.0 (64013634)|HEAP_ALLOCATE|[530]|Bytes:4
08:22:45.0 (64028236)|VARIABLE_ASSIGNMENT|[530]|this.totalRowCount|0|0x5947f6e0
08:22:45.0 (64043643)|STATEMENT_EXECUTE|[35]
08:22:45.0 (64120721)|VARIABLE_ASSIGNMENT|[EXTERNAL]|this|{"insrncBnft":"0x36639e3c","insrncBnftSelected":"","pawDetailListDisplay (4 more) ...":false,"pyAgrmntWrksht":"0x1c5d37dd","relatedPAWDetailsLis (1 more) ...":"0x7812c5e6","targetEDR":0.00,"totalAppliedDeductib (2 more) ...":0.00,"totalCoInsurance":0.00,"totalCoPayAmt":0.00,"totalInsCoResp":0.00,"totalInsEIVAmt":0.00,"totalRowCount":0,"totalTalbottDay":0}|0x5947f6e0
08:22:45.0 (64148956)|HEAP_ALLOCATE|[35]|Bytes:28
08:22:45.0 (64153224)|HEAP_ALLOCATE|[35]|Bytes:28
08:22:45.0 (64239956)|VARIABLE_ASSIGNMENT|[EXTERNAL]|this|{"insrncBnft":"0x36639e3c","insrncBnftSelected":"","pawDetailListDisplay (4 more) ...":false,"pyAgrmntWrksht":"0x1c5d37dd","relatedPAWDetailsLis (1 more) ...":"0x7812c5e6","targetEDR":0.00,"totalAppliedDeductib (2 more) ...":0.00,"totalCoInsurance":0.00,"totalCoPayAmt":0.00,"totalInsCoResp":0.00,"totalInsEIVAmt":0.00,"totalRowCount":0,"totalTalbottDay":0}|0x5947f6e0
08:22:45.0 (64252551)|VARIABLE_ASSIGNMENT|[EXTERNAL]|value|0
08:22:45.0 (64257214)|HEAP_ALLOCATE|[530]|Bytes:4
08:22:45.0 (64264071)|VARIABLE_ASSIGNMENT|[530]|this.totalRowCount|0|0x5947f6e0
08:22:45.0 (64273081)|STATEMENT_EXECUTE|[40]
08:22:45.0 (64321012)|VARIABLE_ASSIGNMENT|[EXTERNAL]|this|{"insrncBnft":"0x36639e3c","insrncBnftSelected":"","pawDetailListDisplay (4 more) ...":false,"pyAgrmntWrksht":"0x1c5d37dd","relatedPAWDetailsLis (1 more) ...":"0x7812c5e6","targetEDR":0.00,"totalAppliedDeductib (2 more) ...":0.00,"totalCoInsurance":0.00,"totalCoPayAmt":0.00,"totalInsCoResp":0.00,"totalInsEIVAmt":0.00,"totalRowCount":0,"totalTalbottDay":0}|0x5947f6e0
08:22:45.0 (64377870)|VARIABLE_ASSIGNMENT|[EXTERNAL]|this|{"insrncBnft":"0x36639e3c","insrncBnftSelected":"","pawDetailListDisplay (4 more) ...":false,"pyAgrmntWrksht":"0x1c5d37dd","relatedPAWDetailsLis (1 more) ...":"0x7812c5e6","targetEDR":0.00,"totalAppliedDeductib (2 more) ...":0.00,"totalCoInsurance":0.00,"totalCoPayAmt":0.00,"totalInsCoResp":0.00,"totalInsEIVAmt":0.00,"totalRowCount":0,"totalTalbottDay":0}|0x5947f6e0
08:22:45.0 (64411849)|HEAP_ALLOCATE|[40]|Bytes:28
08:22:45.0 (64415682)|HEAP_ALLOCATE|[40]|Bytes:28
08:22:45.0 (64453930)|VARIABLE_ASSIGNMENT|[EXTERNAL]|this|{"insrncBnft":"0x36639e3c","insrncBnftSelected":"","pawDetailListDisplay (4 more) ...":false,"pyAgrmntWrksht":"0x1c5d37dd","relatedPAWDetailsLis (1 more) ...":"0x7812c5e6","targetEDR":0.00,"totalAppliedDeductib (2 more) ...":0.00,"totalCoInsurance":0.00,"totalCoPayAmt":0.00,"totalInsCoResp":0.00,"totalInsEIVAmt":0.00,"totalRowCount":0,"totalTalbottDay":0}|0x5947f6e0
08:22:45.0 (64464519)|VARIABLE_ASSIGNMENT|[EXTERNAL]|value|0
08:22:45.0 (64472705)|VARIABLE_ASSIGNMENT|[531]|this.totalTalbottDay|0|0x5947f6e0
08:22:45.0 (64480333)|STATEMENT_EXECUTE|[43]
08:22:45.0 (64520211)|VARIABLE_ASSIGNMENT|[EXTERNAL]|this|{"insrncBnft":"0x36639e3c","insrncBnftSelected":"","pawDetailListDisplay (4 more) ...":false,"pyAgrmntWrksht":"0x1c5d37dd","relatedPAWDetailsLis (1 more) ...":"0x7812c5e6","targetEDR":0.00,"totalAppliedDeductib (2 more) ...":0.00,"totalCoInsurance":0.00,"totalCoPayAmt":0.00,"totalInsCoResp":0.00,"totalInsEIVAmt":0.00,"totalRowCount":0,"totalTalbottDay":0}|0x5947f6e0
08:22:45.0 (64569395)|VARIABLE_ASSIGNMENT|[EXTERNAL]|this|{"insrncBnft":"0x36639e3c","insrncBnftSelected":"","pawDetailListDisplay (4 more) ...":false,"pyAgrmntWrksht":"0x1c5d37dd","relatedPAWDetailsLis (1 more) ...":"0x7812c5e6","targetEDR":0.00,"totalAppliedDeductib (2 more) ...":0.00,"totalCoInsurance":0.00,"totalCoPayAmt":0.00,"totalInsCoResp":0.00,"totalInsEIVAmt":0.00,"totalRowCount":0,"totalTalbottDay":0}|0x5947f6e0
08:22:45.0 (64600858)|HEAP_ALLOCATE|[43]|Bytes:28
08:22:45.0 (64605123)|HEAP_ALLOCATE|[43]|Bytes:28
08:22:45.0 (64643279)|VARIABLE_ASSIGNMENT|[EXTERNAL]|this|{"insrncBnft":"0x36639e3c","insrncBnftSelected":"","pawDetailListDisplay (4 more) ...":false,"pyAgrmntWrksht":"0x1c5d37dd","relatedPAWDetailsLis (1 more) ...":"0x7812c5e6","targetEDR":0.00,"totalAppliedDeductib (2 more) ...":0.00,"totalCoInsurance":0.00,"totalCoPayAmt":0.00,"totalInsCoResp":0.00,"totalInsEIVAmt":0.00,"totalRowCount":0,"totalTalbottDay":0}|0x5947f6e0
08:22:45.0 (64653361)|VARIABLE_ASSIGNMENT|[EXTERNAL]|value|0
08:22:45.0 (64660414)|VARIABLE_ASSIGNMENT|[531]|this.totalTalbottDay|0|0x5947f6e0
08:22:45.0 (64667943)|STATEMENT_EXECUTE|[47]
08:22:45.0 (64677267)|HEAP_ALLOCATE|[47]|Bytes:28
08:22:45.0 (64680433)|HEAP_ALLOCATE|[47]|Bytes:28
08:22:45.0 (64723996)|VARIABLE_ASSIGNMENT|[EXTERNAL]|this|{"insrncBnft":"0x36639e3c","insrncBnftSelected":"","pawDetailListDisplay (4 more) ...":false,"pyAgrmntWrksht":"0x1c5d37dd","relatedPAWDetailsLis (1 more) ...":"0x7812c5e6","targetEDR":0.00,"totalAppliedDeductib (2 more) ...":0.00,"totalCoInsurance":0.00,"totalCoPayAmt":0.00,"totalInsCoResp":0.00,"totalInsEIVAmt":0.00,"totalRowCount":0,"totalTalbottDay":0}|0x5947f6e0
08:22:45.0 (64801815)|VARIABLE_ASSIGNMENT|[47]|this.Num_Days_Detox_DTX__c|0|0x1c5d37dd
08:22:45.0 (64809135)|STATEMENT_EXECUTE|[48]
08:22:45.0 (64857781)|VARIABLE_ASSIGNMENT|[EXTERNAL]|this|{"insrncBnft":"0x36639e3c","insrncBnftSelected":"","pawDetailListDisplay (4 more) ...":false,"pyAgrmntWrksht":"0x1c5d37dd","relatedPAWDetailsLis (1 more) ...":"0x7812c5e6","targetEDR":0.00,"totalAppliedDeductib (2 more) ...":0.00,"totalCoInsurance":0.00,"totalCoPayAmt":0.00,"totalInsCoResp":0.00,"totalInsEIVAmt":0.00,"totalRowCount":0,"totalTalbottDay":0}|0x5947f6e0
08:22:45.0 (64875854)|HEAP_ALLOCATE|[48]|Bytes:4
08:22:45.0 (64893289)|HEAP_ALLOCATE|[48]|Bytes:28
08:22:45.0 (64933202)|VARIABLE_ASSIGNMENT|[EXTERNAL]|this|{"insrncBnft":"0x36639e3c","insrncBnftSelected":"","pawDetailListDisplay (4 more) ...":false,"pyAgrmntWrksht":"0x1c5d37dd","relatedPAWDetailsLis (1 more) ...":"0x7812c5e6","targetEDR":0.00,"totalAppliedDeductib (2 more) ...":0.00,"totalCoInsurance":0.00,"totalCoPayAmt":0.00,"totalInsCoResp":0.00,"totalInsEIVAmt":0.00,"totalRowCount":0,"totalTalbottDay":0}|0x5947f6e0
08:22:45.0 (64989141)|VARIABLE_ASSIGNMENT|[48]|this.Detox_Over__c|0.00|0x1c5d37dd
08:22:45.0 (64995416)|STATEMENT_EXECUTE|[49]
08:22:45.0 (65043751)|VARIABLE_ASSIGNMENT|[EXTERNAL]|this|{"insrncBnft":"0x36639e3c","insrncBnftSelected":"","pawDetailListDisplay (4 more) ...":false,"pyAgrmntWrksht":"0x1c5d37dd","relatedPAWDetailsLis (1 more) ...":"0x7812c5e6","targetEDR":0.00,"totalAppliedDeductib (2 more) ...":0.00,"totalCoInsurance":0.00,"totalCoPayAmt":0.00,"totalInsCoResp":0.00,"totalInsEIVAmt":0.00,"totalRowCount":0,"totalTalbottDay":0}|0x5947f6e0
08:22:45.0 (65065679)|HEAP_ALLOCATE|[49]|Bytes:28
08:22:45.0 (65120049)|VARIABLE_ASSIGNMENT|[EXTERNAL]|this|{"insrncBnft":"0x36639e3c","insrncBnftSelected":"","pawDetailListDisplay (4 more) ...":false,"pyAgrmntWrksht":"0x1c5d37dd","relatedPAWDetailsLis (1 more) ...":"0x7812c5e6","targetEDR":0.00,"totalAppliedDeductib (2 more) ...":0.00,"totalCoInsurance":0.00,"totalCoPayAmt":0.00,"totalInsCoResp":0.00,"totalInsEIVAmt":0.00,"totalRowCount":0,"totalTalbottDay":0}|0x5947f6e0
08:22:45.0 (65169881)|VARIABLE_ASSIGNMENT|[49]|this.Detox_Pays_at__c|0.00|0x1c5d37dd
08:22:45.0 (65176029)|STATEMENT_EXECUTE|[51]
08:22:45.0 (65188780)|HEAP_ALLOCATE|[51]|Bytes:28
08:22:45.0 (65191963)|HEAP_ALLOCATE|[51]|Bytes:28
08:22:45.0 (65242571)|VARIABLE_ASSIGNMENT|[EXTERNAL]|this|{"insrncBnft":"0x36639e3c","insrncBnftSelected":"","pawDetailListDisplay (4 more) ...":false,"pyAgrmntWrksht":"0x1c5d37dd","relatedPAWDetailsLis (1 more) ...":"0x7812c5e6","targetEDR":0.00,"totalAppliedDeductib (2 more) ...":0.00,"totalCoInsurance":0.00,"totalCoPayAmt":0.00,"totalInsCoResp":0.00,"totalInsEIVAmt":0.00,"totalRowCount":0,"totalTalbottDay":0}|0x5947f6e0
08:22:45.0 (65288738)|VARIABLE_ASSIGNMENT|[51]|this.Num_Days_Residential_Treatment_RTC__c|0|0x1c5d37dd
08:22:45.0 (65294692)|STATEMENT_EXECUTE|[52]
08:22:45.0 (65341399)|VARIABLE_ASSIGNMENT|[EXTERNAL]|this|{"insrncBnft":"0x36639e3c","insrncBnftSelected":"","pawDetailListDisplay (4 more) ...":false,"pyAgrmntWrksht":"0x1c5d37dd","relatedPAWDetailsLis (1 more) ...":"0x7812c5e6","targetEDR":0.00,"totalAppliedDeductib (2 more) ...":0.00,"totalCoInsurance":0.00,"totalCoPayAmt":0.00,"totalInsCoResp":0.00,"totalInsEIVAmt":0.00,"totalRowCount":0,"totalTalbottDay":0}|0x5947f6e0
08:22:45.0 (65362426)|HEAP_ALLOCATE|[52]|Bytes:28
08:22:45.0 (65399907)|VARIABLE_ASSIGNMENT|[EXTERNAL]|this|{"insrncBnft":"0x36639e3c","insrncBnftSelected":"","pawDetailListDisplay (4 more) ...":false,"pyAgrmntWrksht":"0x1c5d37dd","relatedPAWDetailsLis (1 more) ...":"0x7812c5e6","targetEDR":0.00,"totalAppliedDeductib (2 more) ...":0.00,"totalCoInsurance":0.00,"totalCoPayAmt":0.00,"totalInsCoResp":0.00,"totalInsEIVAmt":0.00,"totalRowCount":0,"totalTalbottDay":0}|0x5947f6e0
08:22:45.0 (65441573)|VARIABLE_ASSIGNMENT|[52]|this.Residential_Treatment_Override__c|0.00|0x1c5d37dd
08:22:45.0 (65447931)|STATEMENT_EXECUTE|[53]
08:22:45.0 (65516895)|VARIABLE_ASSIGNMENT|[EXTERNAL]|this|{"insrncBnft":"0x36639e3c","insrncBnftSelected":"","pawDetailListDisplay (4 more) ...":false,"pyAgrmntWrksht":"0x1c5d37dd","relatedPAWDetailsLis (1 more) ...":"0x7812c5e6","targetEDR":0.00,"totalAppliedDeductib (2 more) ...":0.00,"totalCoInsurance":0.00,"totalCoPayAmt":0.00,"totalInsCoResp":0.00,"totalInsEIVAmt":0.00,"totalRowCount":0,"totalTalbottDay":0}|0x5947f6e0
08:22:45.0 (65540030)|HEAP_ALLOCATE|[53]|Bytes:28
08:22:45.0 (65579613)|VARIABLE_ASSIGNMENT|[EXTERNAL]|this|{"insrncBnft":"0x36639e3c","insrncBnftSelected":"","pawDetailListDisplay (4 more) ...":false,"pyAgrmntWrksht":"0x1c5d37dd","relatedPAWDetailsLis (1 more) ...":"0x7812c5e6","targetEDR":0.00,"totalAppliedDeductib (2 more) ...":0.00,"totalCoInsurance":0.00,"totalCoPayAmt":0.00,"totalInsCoResp":0.00,"totalInsEIVAmt":0.00,"totalRowCount":0,"totalTalbottDay":0}|0x5947f6e0
08:22:45.0 (65635653)|VARIABLE_ASSIGNMENT|[53]|this.RTC_Pays_at__c|0.00|0x1c5d37dd
08:22:45.0 (65643236)|STATEMENT_EXECUTE|[55]
08:22:45.0 (65655627)|HEAP_ALLOCATE|[55]|Bytes:28
08:22:45.0 (65658927)|HEAP_ALLOCATE|[55]|Bytes:28
08:22:45.0 (65720053)|VARIABLE_ASSIGNMENT|[EXTERNAL]|this|{"insrncBnft":"0x36639e3c","insrncBnftSelected":"","pawDetailListDisplay (4 more) ...":false,"pyAgrmntWrksht":"0x1c5d37dd","relatedPAWDetailsLis (1 more) ...":"0x7812c5e6","targetEDR":0.00,"totalAppliedDeductib (2 more) ...":0.00,"totalCoInsurance":0.00,"totalCoPayAmt":0.00,"totalInsCoResp":0.00,"totalInsEIVAmt":0.00,"totalRowCount":0,"totalTalbottDay":0}|0x5947f6e0
08:22:45.0 (65768962)|VARIABLE_ASSIGNMENT|[55]|this.Num_Days_Partial_Hospitalization_PHP__c|0|0x1c5d37dd
08:22:45.0 (65775095)|STATEMENT_EXECUTE|[56]
08:22:45.0 (65824235)|VARIABLE_ASSIGNMENT|[EXTERNAL]|this|{"insrncBnft":"0x36639e3c","insrncBnftSelected":"","pawDetailListDisplay (4 more) ...":false,"pyAgrmntWrksht":"0x1c5d37dd","relatedPAWDetailsLis (1 more) ...":"0x7812c5e6","targetEDR":0.00,"totalAppliedDeductib (2 more) ...":0.00,"totalCoInsurance":0.00,"totalCoPayAmt":0.00,"totalInsCoResp":0.00,"totalInsEIVAmt":0.00,"totalRowCount":0,"totalTalbottDay":0}|0x5947f6e0
08:22:45.0 (65845027)|HEAP_ALLOCATE|[56]|Bytes:28
08:22:45.0 (65882527)|VARIABLE_ASSIGNMENT|[EXTERNAL]|this|{"insrncBnft":"0x36639e3c","insrncBnftSelected":"","pawDetailListDisplay (4 more) ...":false,"pyAgrmntWrksht":"0x1c5d37dd","relatedPAWDetailsLis (1 more) ...":"0x7812c5e6","targetEDR":0.00,"totalAppliedDeductib (2 more) ...":0.00,"totalCoInsurance":0.00,"totalCoPayAmt":0.00,"totalInsCoResp":0.00,"totalInsEIVAmt":0.00,"totalRowCount":0,"totalTalbottDay":0}|0x5947f6e0
08:22:45.0 (65924152)|VARIABLE_ASSIGNMENT|[56]|this.Partial_Hospitalization_Override__c|0.00|0x1c5d37dd
08:22:45.0 (65930203)|STATEMENT_EXECUTE|[57]
08:22:45.0 (65980402)|VARIABLE_ASSIGNMENT|[EXTERNAL]|this|{"insrncBnft":"0x36639e3c","insrncBnftSelected":"","pawDetailListDisplay (4 more) ...":false,"pyAgrmntWrksht":"0x1c5d37dd","relatedPAWDetailsLis (1 more) ...":"0x7812c5e6","targetEDR":0.00,"totalAppliedDeductib (2 more) ...":0.00,"totalCoInsurance":0.00,"totalCoPayAmt":0.00,"totalInsCoResp":0.00,"totalInsEIVAmt":0.00,"totalRowCount":0,"totalTalbottDay":0}|0x5947f6e0
08:22:45.0 (66000793)|HEAP_ALLOCATE|[57]|Bytes:28
08:22:45.0 (66039258)|VARIABLE_ASSIGNMENT|[EXTERNAL]|this|{"insrncBnft":"0x36639e3c","insrncBnftSelected":"","pawDetailListDisplay (4 more) ...":false,"pyAgrmntWrksht":"0x1c5d37dd","relatedPAWDetailsLis (1 more) ...":"0x7812c5e6","targetEDR":0.00,"totalAppliedDeductib (2 more) ...":0.00,"totalCoInsurance":0.00,"totalCoPayAmt":0.00,"totalInsCoResp":0.00,"totalInsEIVAmt":0.00,"totalRowCount":0,"totalTalbottDay":0}|0x5947f6e0
08:22:45.0 (66079197)|VARIABLE_ASSIGNMENT|[57]|this.PHP_Pays_at__c|0.00|0x1c5d37dd
08:22:45.0 (66085021)|STATEMENT_EXECUTE|[59]
08:22:45.0 (66096501)|HEAP_ALLOCATE|[59]|Bytes:28
08:22:45.0 (66099846)|HEAP_ALLOCATE|[59]|Bytes:28
08:22:45.0 (66149238)|VARIABLE_ASSIGNMENT|[EXTERNAL]|this|{"insrncBnft":"0x36639e3c","insrncBnftSelected":"","pawDetailListDisplay (4 more) ...":false,"pyAgrmntWrksht":"0x1c5d37dd","relatedPAWDetailsLis (1 more) ...":"0x7812c5e6","targetEDR":0.00,"totalAppliedDeductib (2 more) ...":0.00,"totalCoInsurance":0.00,"totalCoPayAmt":0.00,"totalInsCoResp":0.00,"totalInsEIVAmt":0.00,"totalRowCount":0,"totalTalbottDay":0}|0x5947f6e0
08:22:45.0 (66193196)|VARIABLE_ASSIGNMENT|[59]|this.Num_Days_Intensive_Outpatient_IOP__c|0|0x1c5d37dd
08:22:45.0 (66199383)|STATEMENT_EXECUTE|[60]
08:22:45.0 (66245234)|VARIABLE_ASSIGNMENT|[EXTERNAL]|this|{"insrncBnft":"0x36639e3c","insrncBnftSelected":"","pawDetailListDisplay (4 more) ...":false,"pyAgrmntWrksht":"0x1c5d37dd","relatedPAWDetailsLis (1 more) ...":"0x7812c5e6","targetEDR":0.00,"totalAppliedDeductib (2 more) ...":0.00,"totalCoInsurance":0.00,"totalCoPayAmt":0.00,"totalInsCoResp":0.00,"totalInsEIVAmt":0.00,"totalRowCount":0,"totalTalbottDay":0}|0x5947f6e0
08:22:45.0 (66265551)|HEAP_ALLOCATE|[60]|Bytes:28
08:22:45.0 (66302432)|VARIABLE_ASSIGNMENT|[EXTERNAL]|this|{"insrncBnft":"0x36639e3c","insrncBnftSelected":"","pawDetailListDisplay (4 more) ...":false,"pyAgrmntWrksht":"0x1c5d37dd","relatedPAWDetailsLis (1 more) ...":"0x7812c5e6","targetEDR":0.00,"totalAppliedDeductib (2 more) ...":0.00,"totalCoInsurance":0.00,"totalCoPayAmt":0.00,"totalInsCoResp":0.00,"totalInsEIVAmt":0.00,"totalRowCount":0,"totalTalbottDay":0}|0x5947f6e0
08:22:45.0 (66343882)|VARIABLE_ASSIGNMENT|[60]|this.Intensive_Outpatient_Override__c|0.00|0x1c5d37dd
08:22:45.0 (66349730)|STATEMENT_EXECUTE|[61]
08:22:45.0 (66395725)|VARIABLE_ASSIGNMENT|[EXTERNAL]|this|{"insrncBnft":"0x36639e3c","insrncBnftSelected":"","pawDetailListDisplay (4 more) ...":false,"pyAgrmntWrksht":"0x1c5d37dd","relatedPAWDetailsLis (1 more) ...":"0x7812c5e6","targetEDR":0.00,"totalAppliedDeductib (2 more) ...":0.00,"totalCoInsurance":0.00,"totalCoPayAmt":0.00,"totalInsCoResp":0.00,"totalInsEIVAmt":0.00,"totalRowCount":0,"totalTalbottDay":0}|0x5947f6e0
08:22:45.0 (66415632)|HEAP_ALLOCATE|[61]|Bytes:28
08:22:45.0 (66452013)|VARIABLE_ASSIGNMENT|[EXTERNAL]|this|{"insrncBnft":"0x36639e3c","insrncBnftSelected":"","pawDetailListDisplay (4 more) ...":false,"pyAgrmntWrksht":"0x1c5d37dd","relatedPAWDetailsLis (1 more) ...":"0x7812c5e6","targetEDR":0.00,"totalAppliedDeductib (2 more) ...":0.00,"totalCoInsurance":0.00,"totalCoPayAmt":0.00,"totalInsCoResp":0.00,"totalInsEIVAmt":0.00,"totalRowCount":0,"totalTalbottDay":0}|0x5947f6e0
08:22:45.0 (66493223)|VARIABLE_ASSIGNMENT|[61]|this.IOP_Pays_at__c|0.00|0x1c5d37dd
08:22:45.0 (66498921)|STATEMENT_EXECUTE|[63]
08:22:45.0 (66543743)|VARIABLE_ASSIGNMENT|[EXTERNAL]|this|{"insrncBnft":"0x36639e3c","insrncBnftSelected":"","pawDetailListDisplay (4 more) ...":false,"pyAgrmntWrksht":"0x1c5d37dd","relatedPAWDetailsLis (1 more) ...":"0x7812c5e6","targetEDR":0.00,"totalAppliedDeductib (2 more) ...":0.00,"totalCoInsurance":0.00,"totalCoPayAmt":0.00,"totalInsCoResp":0.00,"totalInsEIVAmt":0.00,"totalRowCount":0,"totalTalbottDay":0}|0x5947f6e0
08:22:45.0 (66564307)|HEAP_ALLOCATE|[63]|Bytes:28
08:22:45.0 (66567692)|HEAP_ALLOCATE|[63]|Bytes:28
08:22:45.0 (66604688)|VARIABLE_ASSIGNMENT|[EXTERNAL]|this|{"insrncBnft":"0x36639e3c","insrncBnftSelected":"","pawDetailListDisplay (4 more) ...":false,"pyAgrmntWrksht":"0x1c5d37dd","relatedPAWDetailsLis (1 more) ...":"0x7812c5e6","targetEDR":0.00,"totalAppliedDeductib (2 more) ...":0.00,"totalCoInsurance":0.00,"totalCoPayAmt":0.00,"totalInsCoResp":0.00,"totalInsEIVAmt":0.00,"totalRowCount":0,"totalTalbottDay":0}|0x5947f6e0
08:22:45.0 (66645631)|VARIABLE_ASSIGNMENT|[63]|this.Num_Days_Uncovered__c|0|0x1c5d37dd
08:22:45.0 (66651850)|STATEMENT_EXECUTE|[64]
08:22:45.0 (66697194)|VARIABLE_ASSIGNMENT|[EXTERNAL]|this|{"insrncBnft":"0x36639e3c","insrncBnftSelected":"","pawDetailListDisplay (4 more) ...":false,"pyAgrmntWrksht":"0x1c5d37dd","relatedPAWDetailsLis (1 more) ...":"0x7812c5e6","targetEDR":0.00,"totalAppliedDeductib (2 more) ...":0.00,"totalCoInsurance":0.00,"totalCoPayAmt":0.00,"totalInsCoResp":0.00,"totalInsEIVAmt":0.00,"totalRowCount":0,"totalTalbottDay":0}|0x5947f6e0
08:22:45.0 (66718421)|HEAP_ALLOCATE|[64]|Bytes:28
08:22:45.0 (66721598)|HEAP_ALLOCATE|[64]|Bytes:28
08:22:45.0 (66758242)|VARIABLE_ASSIGNMENT|[EXTERNAL]|this|{"insrncBnft":"0x36639e3c","insrncBnftSelected":"","pawDetailListDisplay (4 more) ...":false,"pyAgrmntWrksht":"0x1c5d37dd","relatedPAWDetailsLis (1 more) ...":"0x7812c5e6","targetEDR":0.00,"totalAppliedDeductib (2 more) ...":0.00,"totalCoInsurance":0.00,"totalCoPayAmt":0.00,"totalInsCoResp":0.00,"totalInsEIVAmt":0.00,"totalRowCount":0,"totalTalbottDay":0}|0x5947f6e0
08:22:45.0 (66798677)|VARIABLE_ASSIGNMENT|[64]|this.Uncovered_Days_Rate__c|0|0x1c5d37dd
08:22:45.0 (66804452)|STATEMENT_EXECUTE|[65]
08:22:45.0 (66850535)|VARIABLE_ASSIGNMENT|[EXTERNAL]|this|{"insrncBnft":"0x36639e3c","insrncBnftSelected":"","pawDetailListDisplay (4 more) ...":false,"pyAgrmntWrksht":"0x1c5d37dd","relatedPAWDetailsLis (1 more) ...":"0x7812c5e6","targetEDR":0.00,"totalAppliedDeductib (2 more) ...":0.00,"totalCoInsurance":0.00,"totalCoPayAmt":0.00,"totalInsCoResp":0.00,"totalInsEIVAmt":0.00,"totalRowCount":0,"totalTalbottDay":0}|0x5947f6e0
08:22:45.0 (66871524)|HEAP_ALLOCATE|[65]|Bytes:28
08:22:45.0 (66874935)|HEAP_ALLOCATE|[65]|Bytes:28
08:22:45.0 (66911768)|VARIABLE_ASSIGNMENT|[EXTERNAL]|this|{"insrncBnft":"0x36639e3c","insrncBnftSelected":"","pawDetailListDisplay (4 more) ...":false,"pyAgrmntWrksht":"0x1c5d37dd","relatedPAWDetailsLis (1 more) ...":"0x7812c5e6","targetEDR":0.00,"totalAppliedDeductib (2 more) ...":0.00,"totalCoInsurance":0.00,"totalCoPayAmt":0.00,"totalInsCoResp":0.00,"totalInsEIVAmt":0.00,"totalRowCount":0,"totalTalbottDay":0}|0x5947f6e0
08:22:45.0 (66953171)|VARIABLE_ASSIGNMENT|[65]|this.Uncovered_Days_Override__c|0|0x1c5d37dd
08:22:45.0 (66959058)|STATEMENT_EXECUTE|[66]
08:22:45.0 (67009260)|VARIABLE_ASSIGNMENT|[EXTERNAL]|this|{"insrncBnft":"0x36639e3c","insrncBnftSelected":"","pawDetailListDisplay (4 more) ...":false,"pyAgrmntWrksht":"0x1c5d37dd","relatedPAWDetailsLis (1 more) ...":"0x7812c5e6","targetEDR":0.00,"totalAppliedDeductib (2 more) ...":0.00,"totalCoInsurance":0.00,"totalCoPayAmt":0.00,"totalInsCoResp":0.00,"totalInsEIVAmt":0.00,"totalRowCount":0,"totalTalbottDay":0}|0x5947f6e0
08:22:45.0 (67030664)|HEAP_ALLOCATE|[66]|Bytes:28
08:22:45.0 (67033888)|HEAP_ALLOCATE|[66]|Bytes:28
08:22:45.0 (67070321)|VARIABLE_ASSIGNMENT|[EXTERNAL]|this|{"insrncBnft":"0x36639e3c","insrncBnftSelected":"","pawDetailListDisplay (4 more) ...":false,"pyAgrmntWrksht":"0x1c5d37dd","relatedPAWDetailsLis (1 more) ...":"0x7812c5e6","targetEDR":0.00,"totalAppliedDeductib (2 more) ...":0.00,"totalCoInsurance":0.00,"totalCoPayAmt":0.00,"totalInsCoResp":0.00,"totalInsEIVAmt":0.00,"totalRowCount":0,"totalTalbottDay":0}|0x5947f6e0
08:22:45.0 (67112020)|VARIABLE_ASSIGNMENT|[66]|this.Num_Days_Room__c|0|0x1c5d37dd
08:22:45.0 (67118008)|STATEMENT_EXECUTE|[70]
08:22:45.0 (67163735)|VARIABLE_ASSIGNMENT|[EXTERNAL]|this|{"insrncBnft":"0x36639e3c","insrncBnftSelected":"","pawDetailListDisplay (4 more) ...":false,"pyAgrmntWrksht":"0x1c5d37dd","relatedPAWDetailsLis (1 more) ...":"0x7812c5e6","targetEDR":0.00,"totalAppliedDeductib (2 more) ...":0.00,"totalCoInsurance":0.00,"totalCoPayAmt":0.00,"totalInsCoResp":0.00,"totalInsEIVAmt":0.00,"totalRowCount":0,"totalTalbottDay":0}|0x5947f6e0
08:22:45.0 (67184375)|HEAP_ALLOCATE|[70]|Bytes:28
08:22:45.0 (67187758)|HEAP_ALLOCATE|[70]|Bytes:28
08:22:45.0 (67224263)|VARIABLE_ASSIGNMENT|[EXTERNAL]|this|{"insrncBnft":"0x36639e3c","insrncBnftSelected":"","pawDetailListDisplay (4 more) ...":false,"pyAgrmntWrksht":"0x1c5d37dd","relatedPAWDetailsLis (1 more) ...":"0x7812c5e6","targetEDR":0.00,"totalAppliedDeductib (2 more) ...":0.00,"totalCoInsurance":0.00,"totalCoPayAmt":0.00,"totalInsCoResp":0.00,"totalInsEIVAmt":0.00,"totalRowCount":0,"totalTalbottDay":0}|0x5947f6e0
08:22:45.0 (67264723)|VARIABLE_ASSIGNMENT|[70]|this.Room_and_Board_Days_Override__c|0|0x1c5d37dd
08:22:45.0 (67318195)|VARIABLE_ASSIGNMENT|[EXTERNAL]|this|{"insrncBnft":"0x36639e3c","insrncBnftSelected":"","pawDetailListDisplay (4 more) ...":false,"pyAgrmntWrksht":"0x1c5d37dd","relatedPAWDetailsLis (1 more) ...":"0x7812c5e6","targetEDR":0.00,"totalAppliedDeductib (2 more) ...":0.00,"totalCoInsurance":0.00,"totalCoPayAmt":0.00,"totalInsCoResp":0.00,"totalInsEIVAmt":0.00,"totalRowCount":0,"totalTalbottDay":0}|0x5947f6e0
08:22:45.0 (67334251)|STATEMENT_EXECUTE|[71]
08:22:45.0 (67373113)|VARIABLE_ASSIGNMENT|[EXTERNAL]|this|{"insrncBnft":"0x36639e3c","insrncBnftSelected":"","pawDetailListDisplay (4 more) ...":false,"pyAgrmntWrksht":"0x1c5d37dd","relatedPAWDetailsLis (1 more) ...":"0x7812c5e6","targetEDR":0.00,"totalAppliedDeductib (2 more) ...":0.00,"totalCoInsurance":0.00,"totalCoPayAmt":0.00,"totalInsCoResp":0.00,"totalInsEIVAmt":0.00,"totalRowCount":0,"totalTalbottDay":0}|0x5947f6e0
08:22:45.0 (67387055)|STATEMENT_EXECUTE|[77]
08:22:45.0 (67388245)|STATEMENT_EXECUTE|[78]
08:22:45.0 (67424482)|VARIABLE_ASSIGNMENT|[EXTERNAL]|this|{"insrncBnft":"0x36639e3c","insrncBnftSelected":"","pawDetailListDisplay (4 more) ...":false,"pyAgrmntWrksht":"0x1c5d37dd","relatedPAWDetailsLis (1 more) ...":"0x7812c5e6","targetEDR":0.00,"totalAppliedDeductib (2 more) ...":0.00,"totalCoInsurance":0.00,"totalCoPayAmt":0.00,"totalInsCoResp":0.00,"totalInsEIVAmt":0.00,"totalRowCount":0,"totalTalbottDay":0}|0x5947f6e0
08:22:45.0 (67468551)|VARIABLE_ASSIGNMENT|[EXTERNAL]|this|{"insrncBnft":"0x36639e3c","insrncBnftSelected":"","pawDetailListDisplay (4 more) ...":false,"pyAgrmntWrksht":"0x1c5d37dd","relatedPAWDetailsLis (1 more) ...":"0x7812c5e6","targetEDR":0.00,"totalAppliedDeductib (2 more) ...":0.00,"totalCoInsurance":0.00,"totalCoPayAmt":0.00,"totalInsCoResp":0.00,"totalInsEIVAmt":0.00,"totalRowCount":0,"totalTalbottDay":0}|0x5947f6e0
08:22:45.0 (67509046)|VARIABLE_ASSIGNMENT|[78]|this.Uncovered_Charges__c|null|0x1c5d37dd
08:22:45.0 (67515545)|STATEMENT_EXECUTE|[80]
08:22:45.0 (67523721)|HEAP_ALLOCATE|[80]|Bytes:28
08:22:45.0 (67530237)|VARIABLE_SCOPE_BEGIN|[80]|coPayRemaining|Decimal|false|false
08:22:45.0 (67540317)|VARIABLE_ASSIGNMENT|[80]|coPayRemaining|0.00
08:22:45.0 (67544035)|STATEMENT_EXECUTE|[81]
08:22:45.0 (67590386)|VARIABLE_ASSIGNMENT|[EXTERNAL]|this|{"insrncBnft":"0x36639e3c","insrncBnftSelected":"","pawDetailListDisplay (4 more) ...":false,"pyAgrmntWrksht":"0x1c5d37dd","relatedPAWDetailsLis (1 more) ...":"0x7812c5e6","targetEDR":0.00,"totalAppliedDeductib (2 more) ...":0.00,"totalCoInsurance":0.00,"totalCoPayAmt":0.00,"totalInsCoResp":0.00,"totalInsEIVAmt":0.00,"totalRowCount":0,"totalTalbottDay":0}|0x5947f6e0
08:22:45.0 (67627992)|HEAP_ALLOCATE|[81]|Bytes:28
08:22:45.0 (67669192)|VARIABLE_ASSIGNMENT|[EXTERNAL]|this|{"insrncBnft":"0x36639e3c","insrncBnftSelected":"","pawDetailListDisplay (4 more) ...":false,"pyAgrmntWrksht":"0x1c5d37dd","relatedPAWDetailsLis (1 more) ...":"0x7812c5e6","targetEDR":0.00,"totalAppliedDeductib (2 more) ...":0.00,"totalCoInsurance":0.00,"totalCoPayAmt":0.00,"totalInsCoResp":0.00,"totalInsEIVAmt":0.00,"totalRowCount":0,"totalTalbottDay":0}|0x5947f6e0
08:22:45.0 (67687445)|HEAP_ALLOCATE|[81]|Bytes:28
08:22:45.0 (67690462)|HEAP_ALLOCATE|[81]|Bytes:28
08:22:45.0 (67733873)|HEAP_ALLOCATE|[81]|Bytes:28
08:22:45.0 (67737570)|HEAP_ALLOCATE|[81]|Bytes:28
08:22:45.0 (67752183)|VARIABLE_ASSIGNMENT|[81]|coPayRemaining|0
08:22:45.0 (67756779)|STATEMENT_EXECUTE|[82]
08:22:45.0 (67802161)|VARIABLE_ASSIGNMENT|[EXTERNAL]|this|{"insrncBnft":"0x36639e3c","insrncBnftSelected":"","pawDetailListDisplay (4 more) ...":false,"pyAgrmntWrksht":"0x1c5d37dd","relatedPAWDetailsLis (1 more) ...":"0x7812c5e6","targetEDR":0.00,"totalAppliedDeductib (2 more) ...":0.00,"totalCoInsurance":0.00,"totalCoPayAmt":0.00,"totalInsCoResp":0.00,"totalInsEIVAmt":0.00,"totalRowCount":0,"totalTalbottDay":0}|0x5947f6e0
08:22:45.0 (67833321)|HEAP_ALLOCATE|[82]|Bytes:28
08:22:45.0 (67873961)|VARIABLE_ASSIGNMENT|[EXTERNAL]|this|{"insrncBnft":"0x36639e3c","insrncBnftSelected":"","pawDetailListDisplay (4 more) ...":false,"pyAgrmntWrksht":"0x1c5d37dd","relatedPAWDetailsLis (1 more) ...":"0x7812c5e6","targetEDR":0.00,"totalAppliedDeductib (2 more) ...":0.00,"totalCoInsurance":0.00,"totalCoPayAmt":0.00,"totalInsCoResp":0.00,"totalInsEIVAmt":0.00,"totalRowCount":0,"totalTalbottDay":0}|0x5947f6e0
08:22:45.0 (67891503)|HEAP_ALLOCATE|[82]|Bytes:28
08:22:45.0 (67894713)|HEAP_ALLOCATE|[82]|Bytes:28
08:22:45.0 (67911926)|HEAP_ALLOCATE|[82]|Bytes:28
08:22:45.0 (67915190)|HEAP_ALLOCATE|[82]|Bytes:28
08:22:45.0 (67936740)|HEAP_ALLOCATE|[82]|Bytes:28
08:22:45.0 (67939807)|HEAP_ALLOCATE|[82]|Bytes:28
08:22:45.0 (67951036)|VARIABLE_ASSIGNMENT|[82]|coPayRemaining|0
08:22:45.0 (67954781)|STATEMENT_EXECUTE|[83]
08:22:45.0 (68002872)|VARIABLE_ASSIGNMENT|[EXTERNAL]|this|{"insrncBnft":"0x36639e3c","insrncBnftSelected":"","pawDetailListDisplay (4 more) ...":false,"pyAgrmntWrksht":"0x1c5d37dd","relatedPAWDetailsLis (1 more) ...":"0x7812c5e6","targetEDR":0.00,"totalAppliedDeductib (2 more) ...":0.00,"totalCoInsurance":0.00,"totalCoPayAmt":0.00,"totalInsCoResp":0.00,"totalInsEIVAmt":0.00,"totalRowCount":0,"totalTalbottDay":0}|0x5947f6e0
08:22:45.0 (68033550)|HEAP_ALLOCATE|[83]|Bytes:28
08:22:45.0 (68075305)|VARIABLE_ASSIGNMENT|[EXTERNAL]|this|{"insrncBnft":"0x36639e3c","insrncBnftSelected":"","pawDetailListDisplay (4 more) ...":false,"pyAgrmntWrksht":"0x1c5d37dd","relatedPAWDetailsLis (1 more) ...":"0x7812c5e6","targetEDR":0.00,"totalAppliedDeductib (2 more) ...":0.00,"totalCoInsurance":0.00,"totalCoPayAmt":0.00,"totalInsCoResp":0.00,"totalInsEIVAmt":0.00,"totalRowCount":0,"totalTalbottDay":0}|0x5947f6e0
08:22:45.0 (68093572)|HEAP_ALLOCATE|[83]|Bytes:28
08:22:45.0 (68096716)|HEAP_ALLOCATE|[83]|Bytes:28
08:22:45.0 (68113323)|HEAP_ALLOCATE|[83]|Bytes:28
08:22:45.0 (68116520)|HEAP_ALLOCATE|[83]|Bytes:28
08:22:45.0 (68132380)|HEAP_ALLOCATE|[83]|Bytes:28
08:22:45.0 (68135346)|HEAP_ALLOCATE|[83]|Bytes:28
08:22:45.0 (68146098)|VARIABLE_ASSIGNMENT|[83]|coPayRemaining|0
08:22:45.0 (68150152)|STATEMENT_EXECUTE|[84]
08:22:45.0 (68193719)|VARIABLE_ASSIGNMENT|[EXTERNAL]|this|{"insrncBnft":"0x36639e3c","insrncBnftSelected":"","pawDetailListDisplay (4 more) ...":false,"pyAgrmntWrksht":"0x1c5d37dd","relatedPAWDetailsLis (1 more) ...":"0x7812c5e6","targetEDR":0.00,"totalAppliedDeductib (2 more) ...":0.00,"totalCoInsurance":0.00,"totalCoPayAmt":0.00,"totalInsCoResp":0.00,"totalInsEIVAmt":0.00,"totalRowCount":0,"totalTalbottDay":0}|0x5947f6e0
08:22:45.0 (68221813)|HEAP_ALLOCATE|[84]|Bytes:28
08:22:45.0 (68262160)|VARIABLE_ASSIGNMENT|[EXTERNAL]|this|{"insrncBnft":"0x36639e3c","insrncBnftSelected":"","pawDetailListDisplay (4 more) ...":false,"pyAgrmntWrksht":"0x1c5d37dd","relatedPAWDetailsLis (1 more) ...":"0x7812c5e6","targetEDR":0.00,"totalAppliedDeductib (2 more) ...":0.00,"totalCoInsurance":0.00,"totalCoPayAmt":0.00,"totalInsCoResp":0.00,"totalInsEIVAmt":0.00,"totalRowCount":0,"totalTalbottDay":0}|0x5947f6e0
08:22:45.0 (68295138)|HEAP_ALLOCATE|[84]|Bytes:28
08:22:45.0 (68298753)|HEAP_ALLOCATE|[84]|Bytes:28
08:22:45.0 (68315200)|HEAP_ALLOCATE|[84]|Bytes:28
08:22:45.0 (68318181)|HEAP_ALLOCATE|[84]|Bytes:28
08:22:45.0 (68333894)|HEAP_ALLOCATE|[84]|Bytes:28
08:22:45.0 (68336923)|HEAP_ALLOCATE|[84]|Bytes:28
08:22:45.0 (68347855)|VARIABLE_ASSIGNMENT|[84]|coPayRemaining|0
08:22:45.0 (68352168)|STATEMENT_EXECUTE|[85]
08:22:45.0 (68386259)|HEAP_ALLOCATE|[85]|Bytes:28
08:22:45.0 (68390121)|HEAP_ALLOCATE|[85]|Bytes:28
08:22:45.0 (68439944)|VARIABLE_ASSIGNMENT|[EXTERNAL]|this|{"insrncBnft":"0x36639e3c","insrncBnftSelected":"","pawDetailListDisplay (4 more) ...":false,"pyAgrmntWrksht":"0x1c5d37dd","relatedPAWDetailsLis (1 more) ...":"0x7812c5e6","targetEDR":0.00,"totalAppliedDeductib (2 more) ...":0.00,"totalCoInsurance":0.00,"totalCoPayAmt":0.00,"totalInsCoResp":0.00,"totalInsEIVAmt":0.00,"totalRowCount":0,"totalTalbottDay":0}|0x5947f6e0
08:22:45.0 (68494394)|VARIABLE_ASSIGNMENT|[85]|this.Co_Pay_Remaining__c|0.00|0x1c5d37dd
08:22:45.0 (68500953)|STATEMENT_EXECUTE|[86]
08:22:45.0 (68510264)|METHOD_EXIT|[13]|01p0a000004sKzT|PAWValueCalculationService.calculateWraperValues(PAW_New_EditCntrllr.WraperClass, Map<Id,Facility_Program__c>, Map<Id,Insurance_Company_Rate_Adjustment__c>, Map<Id,Insurance_Benefit__c>, Estimated_Coverage_Days__c)
08:22:45.0 (68555203)|VARIABLE_ASSIGNMENT|[13]|pWrprObj|{"insrncBnft":"0x36639e3c","insrncBnftSelected":"","pawDetailListDisplay (4 more) ...":false,"pyAgrmntWrksht":"0x1c5d37dd","relatedPAWDetailsLis (1 more) ...":"0x7812c5e6","targetEDR":0.00,"totalAppliedDeductib (2 more) ...":0.00,"totalCoInsurance":0.00,"totalCoPayAmt":0.00,"totalInsCoResp":0.00,"totalInsEIVAmt":0.00,"totalRowCount":0,"totalTalbottDay":0}|0x5947f6e0
08:22:45.0 (68563760)|STATEMENT_EXECUTE|[18]
08:22:45.0 (68570230)|SYSTEM_MODE_EXIT|false
08:22:45.0 (68581332)|METHOD_EXIT|[421]|01p0a000004sKzO|PAWFrnFacilityService.calculateWraperValuesFRN(PAW_New_EditCntrllr.WraperClass, Map<Id,Facility_Program__c>, Map<Id,Insurance_Company_Rate_Adjustment__c>, Map<Id,Insurance_Benefit__c>, Estimated_Coverage_Days__c)
08:22:45.0 (68667695)|VARIABLE_ASSIGNMENT|[EXTERNAL]|this|{"estmtCvrgeDaysObj":"0x68853483","faciltyOptions":"0xc38a86c","fcltyPrgrmOptions":"0x5b7047c8","idToOwnershipFacilit (4 more) ...":"0x4c777775","idToTypeFacilityMap":"0xd977354","insrncBnftMap":"0x44a5d142","insrncBnftOptions":"0x1d328019","isIop":false,"isTalbott":false,"meta":"0x6a099015","oppId":"00629000003FJ4b","pawObj":"0x5c3253d3","ptntInsrnceOptions":"0x20788a6a","ptntInsrncMap":"0x1dec7c","ptntInsrncObj":"0x2dda3ff3","quoteObj":"0x578118a9","recordId":"00629000003FJ4b","rtAdjstmntOptions":"0x5ccbc599","showPILookup":false,"sObjectQueryStr":"","wrprObj":"0x5947f6e0"}|0x1e2a5043
08:22:45.0 (68709731)|VARIABLE_ASSIGNMENT|[EXTERNAL]|value|{"insrncBnft":"0x36639e3c","insrncBnftSelected":"","pawDetailListDisplay (4 more) ...":false,"pyAgrmntWrksht":"0x1c5d37dd","relatedPAWDetailsLis (1 more) ...":"0x7812c5e6","targetEDR":0.00,"totalAppliedDeductib (2 more) ...":0.00,"totalCoInsurance":0.00,"totalCoPayAmt":0.00,"totalInsCoResp":0.00,"totalInsEIVAmt":0.00,"totalRowCount":0,"totalTalbottDay":0}|0x5947f6e0
08:22:45.0 (68724577)|VARIABLE_ASSIGNMENT|[30]|this.wrprObj|0x5947f6e0|0x1e2a5043
08:22:45.0 (68797450)|VARIABLE_ASSIGNMENT|[EXTERNAL]|this|{"estmtCvrgeDaysObj":"0x68853483","faciltyOptions":"0xc38a86c","fcltyPrgrmOptions":"0x5b7047c8","idToOwnershipFacilit (4 more) ...":"0x4c777775","idToTypeFacilityMap":"0xd977354","insrncBnftMap":"0x44a5d142","insrncBnftOptions":"0x1d328019","isIop":false,"isTalbott":false,"meta":"0x6a099015","oppId":"00629000003FJ4b","pawObj":"0x5c3253d3","ptntInsrnceOptions":"0x20788a6a","ptntInsrncMap":"0x1dec7c","ptntInsrncObj":"0x2dda3ff3","quoteObj":"0x578118a9","recordId":"00629000003FJ4b","rtAdjstmntOptions":"0x5ccbc599","showPILookup":false,"sObjectQueryStr":"","wrprObj":"0x5947f6e0"}|0x1e2a5043
08:22:45.0 (68815192)|STATEMENT_EXECUTE|[427]
08:22:45.0 (68818927)|METHOD_EXIT|[212]|01p0a000004sKzV|PAW_New_EditCntrllr.updateWraperValues()
08:22:45.79 (79985837)|SYSTEM_MODE_ENTER|true
08:22:45.79 (80079466)|HEAP_ALLOCATE|[EXTERNAL]|Bytes:8
08:22:45.79 (80094776)|VARIABLE_SCOPE_BEGIN|[88]|this|ApexPage.PageMessagesComponentController|true|false
08:22:45.79 (80133899)|VARIABLE_ASSIGNMENT|[88]|this|{}|0x16f5624d
08:22:45.79 (80140121)|VARIABLE_SCOPE_BEGIN|[88]|escape|Boolean|false|false
08:22:45.79 (80147001)|VARIABLE_ASSIGNMENT|[88]|escape|null
08:22:45.80 (80279894)|SYSTEM_MODE_ENTER|true
08:22:45.80 (80311317)|HEAP_ALLOCATE|[EXTERNAL]|Bytes:8
08:22:45.80 (80317764)|VARIABLE_SCOPE_BEGIN|[2]|this|ApexPage.PageMessagesComponentController|true|false
08:22:45.80 (80336849)|VARIABLE_ASSIGNMENT|[2]|this|{}|0x16f5624d
08:22:45.0 (80829080)|SYSTEM_MODE_ENTER|true
08:22:45.0 (80954403)|SYSTEM_MODE_ENTER|true
08:22:45.0 (81278176)|SYSTEM_MODE_ENTER|true
08:22:45.0 (85576057)|SYSTEM_MODE_ENTER|true
08:22:45.0 (85670592)|SYSTEM_MODE_ENTER|true
08:22:45.0 (92975622)|SYSTEM_MODE_ENTER|true
08:22:45.0 (93026627)|HEAP_ALLOCATE|[EXTERNAL]|Bytes:112
08:22:45.0 (93043513)|VARIABLE_SCOPE_BEGIN|[215]|this|PAW_New_EditCntrllr|true|false
08:22:45.0 (93142429)|VARIABLE_ASSIGNMENT|[215]|this|{"estmtCvrgeDaysObj":"0x68853483","faciltyOptions":"0xc38a86c","fcltyPrgrmOptions":"0x5b7047c8","idToOwnershipFacilit (4 more) ...":"0x4c777775","idToTypeFacilityMap":"0xd977354","insrncBnftMap":"0x44a5d142","insrncBnftOptions":"0x1d328019","isIop":false,"isTalbott":false,"meta":"0x6a099015","oppId":"00629000003FJ4b","pawObj":"0x5c3253d3","ptntInsrnceOptions":"0x20788a6a","ptntInsrncMap":"0x1dec7c","ptntInsrncObj":"0x2dda3ff3","quoteObj":"0x578118a9","recordId":"00629000003FJ4b","rtAdjstmntOptions":"0x5ccbc599","showPILookup":false,"sObjectQueryStr":"","wrprObj":"0x5947f6e0"}|0x1e2a5043
08:22:45.0 (93161997)|STATEMENT_EXECUTE|[215]
08:22:45.0 (93163994)|STATEMENT_EXECUTE|[216]
08:22:45.0 (93226550)|STATEMENT_EXECUTE|[217]
08:22:45.0 (93292472)|HEAP_ALLOCATE|[EXTERNAL]|Bytes:4
08:22:45.0 (93382749)|VARIABLE_ASSIGNMENT|[EXTERNAL]|this|{"estmtCvrgeDaysObj":"0x68853483","faciltyOptions":"0xc38a86c","fcltyPrgrmOptions":"0x5b7047c8","idToOwnershipFacilit (4 more) ...":"0x4c777775","idToTypeFacilityMap":"0xd977354","insrncBnftMap":"0x44a5d142","insrncBnftOptions":"0x1d328019","isIop":false,"isTalbott":false,"meta":"0x6a099015","oppId":"00629000003FJ4b","pawObj":"0x5c3253d3","ptntInsrnceOptions":"0x20788a6a","ptntInsrncMap":"0x1dec7c","ptntInsrncObj":"0x2dda3ff3","quoteObj":"0x578118a9","recordId":"00629000003FJ4b","rtAdjstmntOptions":"0x5ccbc599","showPILookup":false,"sObjectQueryStr":"","wrprObj":"0x5947f6e0"}|0x1e2a5043
08:22:45.0 (93404111)|STATEMENT_EXECUTE|[218]
08:22:45.0 (93405458)|STATEMENT_EXECUTE|[219]
08:22:45.0 (93440462)|HEAP_ALLOCATE|[219]|Bytes:4
08:22:45.0 (93448125)|HEAP_ALLOCATE|[219]|Bytes:1083
08:22:45.0 (93457803)|HEAP_ALLOCATE|[219]|Bytes:4
08:22:45.0 (93536044)|VARIABLE_ASSIGNMENT|[EXTERNAL]|this|{"estmtCvrgeDaysObj":"0x68853483","faciltyOptions":"0xc38a86c","fcltyPrgrmOptions":"0x5b7047c8","idToOwnershipFacilit (4 more) ...":"0x4c777775","idToTypeFacilityMap":"0xd977354","insrncBnftMap":"0x44a5d142","insrncBnftOptions":"0x1d328019","isIop":false,"isTalbott":false,"meta":"0x6a099015","oppId":"00629000003FJ4b","pawObj":"0x5c3253d3","ptntInsrnceOptions":"0x20788a6a","ptntInsrncMap":"0x1dec7c","ptntInsrncObj":"0x2dda3ff3","quoteObj":"0x578118a9","recordId":"00629000003FJ4b","rtAdjstmntOptions":"0x5ccbc599","showPILookup":false,"sObjectQueryStr":"","wrprObj":"0x5947f6e0"}|0x1e2a5043
08:22:45.0 (97101211)|SOQL_EXECUTE_BEGIN|[219]|Aggregations:0|SELECT Id, Name, RecordType.Name, Uncovered_Charges__c, Patient_Insurance__r.Accepts_Assignment_of_Benefits__c, Patient_Insurance__r.Opportunity__c, Patient_Insurance__r.Accreditation__c, Patient_Insurance__r.Insurance_Company__r.Name, PHP_Admit_Co_Payment__c, Detox_Admit_Co_Payment__c, RTC_Admit_Co_Payment__c, Deductible__c, Deductible_Met__c, IOP_Admit_Co_Payment__c, Max_Out_of_Pocket_Remaining__c, Insurance_Company_is_Out_of_Network__c, Annual_Max_Remaining__c, Deductible_Remaining__c, Detox_Pays_at__c, Detox_Over__c, RTC_Pays_at__c, Residential_Treatment_Override__c, PHP_Pays_at__c, Partial_Hospitalization_Override__c, IOP_Pays_at__c, Intensive_Outpatient_Override__c, Num_Days_Uncovered__c, Num_Days_Room__c, Uncovered_Days_Rate__c, Room_and_Board_Days_Rate__c, Uncovered_Days_Override__c, Room_and_Board_Days_Override__c, Deductible_Included_in_OOP__c, Uncovered_Days__c, Lifetime_Max__c, Lifetime_Max_Met__c, Annual_Max__c, Annual_Max_Met__c, Max_Out_of_Pocket__c, Max_Out_of_Pocket_Met__c, Co_Pay_Met__c FROM Insurance_Benefit__c WHERE Patient_Insurance__c = :tmpVar1
08:22:45.0 (112590436)|SOQL_EXECUTE_END|[219]|Rows:5
08:22:45.0 (112648666)|HEAP_ALLOCATE|[219]|Bytes:24
08:22:45.0 (112759224)|HEAP_ALLOCATE|[219]|Bytes:5579
08:22:45.0 (112946251)|HEAP_ALLOCATE|[219]|Bytes:24
08:22:45.0 (113034336)|HEAP_ALLOCATE|[219]|Bytes:112
08:22:45.0 (113053030)|HEAP_ALLOCATE|[219]|Bytes:4
08:22:45.0 (113059772)|HEAP_ALLOCATE|[219]|Bytes:112
08:22:45.0 (113064255)|HEAP_ALLOCATE|[219]|Bytes:4
08:22:45.0 (113067671)|HEAP_ALLOCATE|[219]|Bytes:72
08:22:45.0 (113071942)|HEAP_ALLOCATE|[219]|Bytes:4
08:22:45.0 (113074895)|HEAP_ALLOCATE|[219]|Bytes:72
08:22:45.0 (113078953)|HEAP_ALLOCATE|[219]|Bytes:4
08:22:45.0 (113081997)|HEAP_ALLOCATE|[219]|Bytes:72
08:22:45.0 (113085943)|HEAP_ALLOCATE|[219]|Bytes:4
08:22:45.0 (113272589)|VARIABLE_ASSIGNMENT|[219]|this.insrncBnftMap|{"a1H29000000jvcPEAQ":{"Id":"a1H29000000jvcPEAQ","Name":"Insurance Benefit 75 (2 more) ...","RecordTypeId":"012j00000015GS7AAM","Patient_Insurance__c":"a1b29000000d1kgAAA","PHP_Admit_Co_Payment (3 more) ...":0.00,"Deductible__c":6000.00,"Deductible_Met__c":0.00,"Max_Out_of_Pocket_Re (10 more) ...":16000.00,"Insurance_Company_is (18 more) ...":false,"Annual_Max_Remaining (3 more) ...":1000000,"Deductible_Remaining (3 more) ...":6000.00,"Detox_Pays_at__c":50.00,"RTC_Pays_at__c":50.00,"PHP_Pays_at__c":50.00,"IOP_Pays_at__c":50.00,"Uncovered_Days_Rate_ (2 more) ...":1020.00,"Room_and_Board_Days_ (7 more) ...":2000.00,"Deductible_Included_ (9 more) ...":"Yes","Uncovered_Days__c":10,"Lifetime_Max__c":1000000.00,"Lifetime_Max_Met__c":0.00,"Annual_Max__c":1000000.00,"Annual_Max_Met__c":0.00,"Max_Out_of_Pocket__c":16000.00,"Max_Out_of_Pocket_Me (4 more) ...":0.00,"RecordType":{"Name":"Out of Network","Id":"012j00000015GS7AAM"},"Patient_Insurance__r":{"Opportunity__c":"00629000003FJ4bAAG","Accreditation__c":"State","Insurance_Company__c":"0012900000AXSNIAA5","Id":"a1b29000000d1kgAAA","Insurance_Company__r":{"Name":"4 Your Choice","Id":"0012900000AXSNIAA5","RecordTypeId":"012j00000015GRqAAM"}}},"a1H29000000pIg3EAE":{"Id":"a1H29000000pIg3EAE","Name":"Insurance Benefit 75 (2 more) ...","RecordTypeId":"012j00000015GS7AAM","Patient_Insurance__c":"a1b29000000d1kgAAA","PHP_Admit_Co_Payment (3 more) ...":0.00,"Deductible__c":6000.00,"Deductible_Met__c":0.00,"Max_Out_of_Pocket_Re (10 more) ...":16000.00,"Insurance_Company_is (18 more) ...":false,"Annual_Max_Remaining (3 more) ...":1000000,"Deductible_Remaining (3 more) ...":6000.00,"Detox_Pays_at__c":50.00,"RTC_Pays_at__c":50.00,"PHP_Pays_at__c":50.00,"IOP_Pays_at__c":50.00,"Uncovered_Days_Rate_ (2 more) ...":1020.00,"Room_and_Board_Days_ (7 more) ...":2000.00,"Deductible_Included_ (9 more) ...":"Yes","Uncovered_Days__c":10,"Lifetime_Max__c":1000000.00,"Lifetime_Max_Met__c":0.00,"Annual_Max__c":1000000.00,"Annual_Max_Met__c":0.00,"Max_Out_of_Pocket__c":16000.00,"Max_Out_of_Pocket_Me (4 more) ...":0.00,"RecordType":{"Name":"Out of Network","Id":"012j00000015GS7AAM"},"Patient_Insurance__r":{"Opportunity__c":"00629000003FJ4bAAG","Accreditation__c":"State","Insurance_Company__c":"0012900000AXSNIAA5","Id":"a1b29000000d1kgAAA","Insurance_Company__r":{"Name":"4 Your Choice","Id":"0012900000AXSNIAA5","RecordTypeId":"012j00000015GRqAAM"}}},"a1H29000000uZbiEAE":{"Id":"a1H29000000uZbiEAE","Name":"Insurance Benefit 75 (2 more) ...","RecordTypeId":"012j00000015GS6AAM","Patient_Insurance__c":"a1b29000000d1kgAAA","PHP_Admit_Co_Payment (3 more) ...":0.00,"Max_Out_of_Pocket_Re (10 more) ...":0.00,"Insurance_Company_is (18 more) ...":false,"Annual_Max_Remaining (3 more) ...":1000000,"Deductible_Remaining (3 more) ...":0.00,"Uncovered_Days_Rate_ (2 more) ...":630.00,"Room_and_Board_Days_ (7 more) ...":2000.00,"Lifetime_Max__c":1000000.00,"Lifetime_Max_Met__c":0.00,"Annual_Max__c":1000000.00,"Annual_Max_Met__c":0.00,"RecordType":{"Name":"In Network","Id":"012j00000015GS6AAM"},"Patient_Insurance__r":{"Opportunity__c":"00629000003FJ4bAAG","Accreditation__c":"State","Insurance_Company__c":"0012900000AXSNIAA5","Id":"a1b29000000d1kgAAA","Insurance_Company__r":{"Name":"4 Your Choice","Id":"0012900000AXSNIAA5","RecordTypeId":"012j00000015GRqAAM"}}},"a1H29000000uZbnEAE":{"Id":"a1H29000000uZbnEAE","Name":"Insurance Benefit 75 (2 more) ...","RecordTypeId":"012j00000015GS6AAM","Patient_Insurance__c":"a1b29000000d1kgAAA","PHP_Admit_Co_Payment (3 more) ...":0.00,"Max_Out_of_Pocket_Re (10 more) ...":0.00,"Insurance_Company_is (18 more) ...":false,"Annual_Max_Remaining (3 more) ...":1000000,"Deductible_Remaining (3 more) ...":0.00,"Uncovered_Days_Rate_ (2 more) ...":630.00,"Room_and_Board_Days_ (7 more) ...":2000.00,"Lifetime_Max__c":1000000.00,"Lifetime_Max_Met__c":0.00,"Annual_Max__c":1000000.00,"Annual_Max_Met__c":0.00,"RecordType":{"Name":"In Network","Id":"012j00000015GS6AAM"},"Patient_Insurance__r":{"Opportunity__c":"00629000003FJ4bAAG","Accreditation__c":"State","Insurance_Company__c":"0012900000AXSNIAA5","Id":"a1b29000000d1kgAAA","Insurance_Company__r":{"Name":"4 Your Choice","Id":"0012900000AXSNIAA5","RecordTypeId":"012j00000015GRqAAM"}}},"a1H29000000uZdPEAU":{"Id":"a1H29000000uZdPEAU","Name":"Insurance Benefit 75 (2 more) ...","RecordTypeId":"012j00000015GS6AAM","Patient_Insurance__c":"a1b29000000d1kgAAA","PHP_Admit_Co_Payment (3 more) ...":0.00,"Max_Out_of_Pocket_Re (10 more) ...":0.00,"Insurance_Company_is (18 more) ...":false,"Annual_Max_Remaining (3 more) ...":1000000,"Deductible_Remaining (3 more) ...":0.00,"Uncovered_Days_Rate_ (2 more) ...":630.00,"Room_and_Board_Days_ (7 more) ...":2000.00,"Lifetime_Max__c":1000000.00,"Lifetime_Max_Met__c":0.00,"Annual_Max__c":1000000.00,"Annual_Max_Met__c":0.00,"RecordType":{"Name":"In Network","Id":"012j00000015GS6AAM"},"Patient_Insurance__r":{"Opportunity__c":"00629000003FJ4bAAG","Accreditation__c":"State","Insurance_Company__c":"0012900000AXSNIAA5","Id":"a1b29000000d1kgAAA","Insurance_Company__r":{"Name":"4 Your Choice","Id":"0012900000AXSNIAA5","RecordTypeId":"012j00000015GRqAAM"}}}}|0x1e2a5043
08:22:45.0 (113473315)|HEAP_ALLOCATE|[EXTERNAL]|Bytes:24
08:22:45.0 (113530850)|HEAP_ALLOCATE|[263]|Bytes:5598
08:22:45.0 (113781731)|HEAP_ALLOCATE|[263]|Bytes:5
08:22:45.0 (113819290)|HEAP_ALLOCATE|[263]|Bytes:112
08:22:45.0 (113840675)|VARIABLE_SCOPE_BEGIN|[263]|insrncBnftInstance|Insurance_Benefit__c|true|false
08:22:45.0 (113915056)|VARIABLE_ASSIGNMENT|[263]|insrncBnftInstance|{"Id":"a1H29000000jvcPEAQ","Name":"Insurance Benefit 75 (2 more) ...","RecordTypeId":"012j00000015GS7AAM","Patient_Insurance__c":"a1b29000000d1kgAAA","PHP_Admit_Co_Payment (3 more) ...":0.00,"Deductible__c":6000.00,"Deductible_Met__c":0.00,"Max_Out_of_Pocket_Re (10 more) ...":16000.00,"Insurance_Company_is (18 more) ...":false,"Annual_Max_Remaining (3 more) ...":1000000,"Deductible_Remaining (3 more) ...":6000.00,"Detox_Pays_at__c":50.00,"RTC_Pays_at__c":50.00,"PHP_Pays_at__c":50.00,"IOP_Pays_at__c":50.00,"Uncovered_Days_Rate_ (2 more) ...":1020.00,"Room_and_Board_Days_ (7 more) ...":2000.00,"Deductible_Included_ (9 more) ...":"Yes","Uncovered_Days__c":10,"Lifetime_Max__c":1000000.00,"Lifetime_Max_Met__c":0.00,"Annual_Max__c":1000000.00,"Annual_Max_Met__c":0.00,"Max_Out_of_Pocket__c":16000.00,"Max_Out_of_Pocket_Me (4 more) ...":0.00,"RecordType":{"Name":"Out of Network","Id":"012j00000015GS7AAM"},"Patient_Insurance__r":{"Opportunity__c":"00629000003FJ4bAAG","Accreditation__c":"State","Insurance_Company__c":"0012900000AXSNIAA5","Id":"a1b29000000d1kgAAA","Insurance_Company__r":{"Name":"4 Your Choice","Id":"0012900000AXSNIAA5","RecordTypeId":"012j00000015GRqAAM"}}}|0x5312af94
08:22:45.0 (113951213)|STATEMENT_EXECUTE|[263]
08:22:45.0 (113954124)|STATEMENT_EXECUTE|[264]
08:22:45.0 (114018838)|HEAP_ALLOCATE|[264]|Bytes:18
08:22:45.0 (114121711)|HEAP_ALLOCATE|[264]|Bytes:3
08:22:45.0 (114171231)|HEAP_ALLOCATE|[264]|Bytes:39
08:22:45.0 (114295943)|HEAP_ALLOCATE|[EXTERNAL]|Bytes:4
08:22:45.0 (114330070)|HEAP_ALLOCATE|[263]|Bytes:5
08:22:45.0 (114353076)|HEAP_ALLOCATE|[263]|Bytes:112
08:22:45.0 (114366893)|VARIABLE_SCOPE_BEGIN|[263]|insrncBnftInstance|Insurance_Benefit__c|true|false
08:22:45.0 (114434410)|VARIABLE_ASSIGNMENT|[263]|insrncBnftInstance|{"Id":"a1H29000000pIg3EAE","Name":"Insurance Benefit 75 (2 more) ...","RecordTypeId":"012j00000015GS7AAM","Patient_Insurance__c":"a1b29000000d1kgAAA","PHP_Admit_Co_Payment (3 more) ...":0.00,"Deductible__c":6000.00,"Deductible_Met__c":0.00,"Max_Out_of_Pocket_Re (10 more) ...":16000.00,"Insurance_Company_is (18 more) ...":false,"Annual_Max_Remaining (3 more) ...":1000000,"Deductible_Remaining (3 more) ...":6000.00,"Detox_Pays_at__c":50.00,"RTC_Pays_at__c":50.00,"PHP_Pays_at__c":50.00,"IOP_Pays_at__c":50.00,"Uncovered_Days_Rate_ (2 more) ...":1020.00,"Room_and_Board_Days_ (7 more) ...":2000.00,"Deductible_Included_ (9 more) ...":"Yes","Uncovered_Days__c":10,"Lifetime_Max__c":1000000.00,"Lifetime_Max_Met__c":0.00,"Annual_Max__c":1000000.00,"Annual_Max_Met__c":0.00,"Max_Out_of_Pocket__c":16000.00,"Max_Out_of_Pocket_Me (4 more) ...":0.00,"RecordType":{"Name":"Out of Network","Id":"012j00000015GS7AAM"},"Patient_Insurance__r":{"Opportunity__c":"00629000003FJ4bAAG","Accreditation__c":"State","Insurance_Company__c":"0012900000AXSNIAA5","Id":"a1b29000000d1kgAAA","Insurance_Company__r":{"Name":"4 Your Choice","Id":"0012900000AXSNIAA5","RecordTypeId":"012j00000015GRqAAM"}}}|0x5154068e
08:22:45.0 (114470995)|STATEMENT_EXECUTE|[263]
08:22:45.0 (114473266)|STATEMENT_EXECUTE|[264]
08:22:45.0 (114496287)|HEAP_ALLOCATE|[264]|Bytes:18
08:22:45.0 (114520421)|HEAP_ALLOCATE|[264]|Bytes:39
08:22:45.0 (114544263)|HEAP_ALLOCATE|[EXTERNAL]|Bytes:4
08:22:45.0 (114566116)|HEAP_ALLOCATE|[263]|Bytes:5
08:22:45.0 (114586621)|HEAP_ALLOCATE|[263]|Bytes:72
08:22:45.0 (114599773)|VARIABLE_SCOPE_BEGIN|[263]|insrncBnftInstance|Insurance_Benefit__c|true|false
08:22:45.0 (114653745)|VARIABLE_ASSIGNMENT|[263]|insrncBnftInstance|{"Id":"a1H29000000uZbiEAE","Name":"Insurance Benefit 75 (2 more) ...","RecordTypeId":"012j00000015GS6AAM","Patient_Insurance__c":"a1b29000000d1kgAAA","PHP_Admit_Co_Payment (3 more) ...":0.00,"Max_Out_of_Pocket_Re (10 more) ...":0.00,"Insurance_Company_is (18 more) ...":false,"Annual_Max_Remaining (3 more) ...":1000000,"Deductible_Remaining (3 more) ...":0.00,"Uncovered_Days_Rate_ (2 more) ...":630.00,"Room_and_Board_Days_ (7 more) ...":2000.00,"Lifetime_Max__c":1000000.00,"Lifetime_Max_Met__c":0.00,"Annual_Max__c":1000000.00,"Annual_Max_Met__c":0.00,"RecordType":{"Name":"In Network","Id":"012j00000015GS6AAM"},"Patient_Insurance__r":{"Opportunity__c":"00629000003FJ4bAAG","Accreditation__c":"State","Insurance_Company__c":"0012900000AXSNIAA5","Id":"a1b29000000d1kgAAA","Insurance_Company__r":{"Name":"4 Your Choice","Id":"0012900000AXSNIAA5","RecordTypeId":"012j00000015GRqAAM"}}}|0x6ca186a6
08:22:45.0 (114683484)|STATEMENT_EXECUTE|[263]
08:22:45.0 (114685541)|STATEMENT_EXECUTE|[264]
08:22:45.0 (114706270)|HEAP_ALLOCATE|[264]|Bytes:18
08:22:45.0 (114742071)|HEAP_ALLOCATE|[264]|Bytes:35
08:22:45.0 (114768696)|HEAP_ALLOCATE|[EXTERNAL]|Bytes:4
08:22:45.0 (114790829)|HEAP_ALLOCATE|[263]|Bytes:5
08:22:45.0 (114809046)|HEAP_ALLOCATE|[263]|Bytes:72
08:22:45.0 (114820961)|VARIABLE_SCOPE_BEGIN|[263]|insrncBnftInstance|Insurance_Benefit__c|true|false
08:22:45.0 (114871477)|VARIABLE_ASSIGNMENT|[263]|insrncBnftInstance|{"Id":"a1H29000000uZbnEAE","Name":"Insurance Benefit 75 (2 more) ...","RecordTypeId":"012j00000015GS6AAM","Patient_Insurance__c":"a1b29000000d1kgAAA","PHP_Admit_Co_Payment (3 more) ...":0.00,"Max_Out_of_Pocket_Re (10 more) ...":0.00,"Insurance_Company_is (18 more) ...":false,"Annual_Max_Remaining (3 more) ...":1000000,"Deductible_Remaining (3 more) ...":0.00,"Uncovered_Days_Rate_ (2 more) ...":630.00,"Room_and_Board_Days_ (7 more) ...":2000.00,"Lifetime_Max__c":1000000.00,"Lifetime_Max_Met__c":0.00,"Annual_Max__c":1000000.00,"Annual_Max_Met__c":0.00,"RecordType":{"Name":"In Network","Id":"012j00000015GS6AAM"},"Patient_Insurance__r":{"Opportunity__c":"00629000003FJ4bAAG","Accreditation__c":"State","Insurance_Company__c":"0012900000AXSNIAA5","Id":"a1b29000000d1kgAAA","Insurance_Company__r":{"Name":"4 Your Choice","Id":"0012900000AXSNIAA5","RecordTypeId":"012j00000015GRqAAM"}}}|0x2ccdb3dc
08:22:45.0 (114899148)|STATEMENT_EXECUTE|[263]
08:22:45.0 (114901028)|STATEMENT_EXECUTE|[264]
08:22:45.0 (114921592)|HEAP_ALLOCATE|[264]|Bytes:18
08:22:45.0 (114943502)|HEAP_ALLOCATE|[264]|Bytes:35
08:22:45.0 (114984406)|HEAP_ALLOCATE|[EXTERNAL]|Bytes:4
08:22:45.0 (115011486)|HEAP_ALLOCATE|[263]|Bytes:5
08:22:45.0 (115029552)|HEAP_ALLOCATE|[263]|Bytes:72
08:22:45.0 (115039821)|VARIABLE_SCOPE_BEGIN|[263]|insrncBnftInstance|Insurance_Benefit__c|true|false
08:22:45.0 (115082347)|VARIABLE_ASSIGNMENT|[263]|insrncBnftInstance|{"Id":"a1H29000000uZdPEAU","Name":"Insurance Benefit 75 (2 more) ...","RecordTypeId":"012j00000015GS6AAM","Patient_Insurance__c":"a1b29000000d1kgAAA","PHP_Admit_Co_Payment (3 more) ...":0.00,"Max_Out_of_Pocket_Re (10 more) ...":0.00,"Insurance_Company_is (18 more) ...":false,"Annual_Max_Remaining (3 more) ...":1000000,"Deductible_Remaining (3 more) ...":0.00,"Uncovered_Days_Rate_ (2 more) ...":630.00,"Room_and_Board_Days_ (7 more) ...":2000.00,"Lifetime_Max__c":1000000.00,"Lifetime_Max_Met__c":0.00,"Annual_Max__c":1000000.00,"Annual_Max_Met__c":0.00,"RecordType":{"Name":"In Network","Id":"012j00000015GS6AAM"},"Patient_Insurance__r":{"Opportunity__c":"00629000003FJ4bAAG","Accreditation__c":"State","Insurance_Company__c":"0012900000AXSNIAA5","Id":"a1b29000000d1kgAAA","Insurance_Company__r":{"Name":"4 Your Choice","Id":"0012900000AXSNIAA5","RecordTypeId":"012j00000015GRqAAM"}}}|0x6ae5c7de
08:22:45.0 (115099551)|STATEMENT_EXECUTE|[263]
08:22:45.0 (115101218)|STATEMENT_EXECUTE|[264]
08:22:45.0 (115119181)|HEAP_ALLOCATE|[264]|Bytes:18
08:22:45.0 (115134790)|HEAP_ALLOCATE|[264]|Bytes:35
08:22:45.0 (115147966)|HEAP_ALLOCATE|[EXTERNAL]|Bytes:4
08:22:45.0 (115159881)|HEAP_ALLOCATE|[263]|Bytes:5
08:22:45.0 (115172275)|VARIABLE_ASSIGNMENT|[263]|insrncBnftInstance|null|
08:22:45.0 (115293444)|VARIABLE_ASSIGNMENT|[EXTERNAL]|this|{"estmtCvrgeDaysObj":"0x68853483","faciltyOptions":"0xc38a86c","fcltyPrgrmOptions":"0x5b7047c8","idToOwnershipFacilit (4 more) ...":"0x4c777775","idToTypeFacilityMap":"0xd977354","insrncBnftMap":"0x22bac0b0","insrncBnftOptions":"0x1d328019","isIop":false,"isTalbott":false,"meta":"0x6a099015","oppId":"00629000003FJ4b","pawObj":"0x5c3253d3","ptntInsrnceOptions":"0x20788a6a","ptntInsrncMap":"0x1dec7c","ptntInsrncObj":"0x2dda3ff3","quoteObj":"0x578118a9","recordId":"00629000003FJ4b","rtAdjstmntOptions":"0x5ccbc599","showPILookup":false,"sObjectQueryStr":"","wrprObj":"0x5947f6e0"}|0x1e2a5043
08:22:45.0 (115372612)|VARIABLE_ASSIGNMENT|[EXTERNAL]|this|{"insrncBnft":"0x36639e3c","insrncBnftSelected":"","pawDetailListDisplay (4 more) ...":false,"pyAgrmntWrksht":"0x1c5d37dd","relatedPAWDetailsLis (1 more) ...":"0x7812c5e6","targetEDR":0.00,"totalAppliedDeductib (2 more) ...":0.00,"totalCoInsurance":0.00,"totalCoPayAmt":0.00,"totalInsCoResp":0.00,"totalInsEIVAmt":0.00,"totalRowCount":0,"totalTalbottDay":0}|0x5947f6e0
08:22:45.0 (115437122)|VARIABLE_ASSIGNMENT|[EXTERNAL]|this|{"estmtCvrgeDaysObj":"0x68853483","faciltyOptions":"0xc38a86c","fcltyPrgrmOptions":"0x5b7047c8","idToOwnershipFacilit (4 more) ...":"0x4c777775","idToTypeFacilityMap":"0xd977354","insrncBnftMap":"0x22bac0b0","insrncBnftOptions":"0x1d328019","isIop":false,"isTalbott":false,"meta":"0x6a099015","oppId":"00629000003FJ4b","pawObj":"0x5c3253d3","ptntInsrnceOptions":"0x20788a6a","ptntInsrncMap":"0x1dec7c","ptntInsrncObj":"0x2dda3ff3","quoteObj":"0x578118a9","recordId":"00629000003FJ4b","rtAdjstmntOptions":"0x5ccbc599","showPILookup":false,"sObjectQueryStr":"","wrprObj":"0x5947f6e0"}|0x1e2a5043
08:22:45.0 (115487830)|VARIABLE_ASSIGNMENT|[EXTERNAL]|this|{"insrncBnft":"0x36639e3c","insrncBnftSelected":"","pawDetailListDisplay (4 more) ...":false,"pyAgrmntWrksht":"0x1c5d37dd","relatedPAWDetailsLis (1 more) ...":"0x7812c5e6","targetEDR":0.00,"totalAppliedDeductib (2 more) ...":0.00,"totalCoInsurance":0.00,"totalCoPayAmt":0.00,"totalInsCoResp":0.00,"totalInsEIVAmt":0.00,"totalRowCount":0,"totalTalbottDay":0}|0x5947f6e0
08:22:45.0 (115515049)|STATEMENT_EXECUTE|[269]
08:22:45.0 (115516554)|STATEMENT_EXECUTE|[270]
08:22:45.0 (115576388)|VARIABLE_ASSIGNMENT|[EXTERNAL]|this|{"estmtCvrgeDaysObj":"0x68853483","faciltyOptions":"0xc38a86c","fcltyPrgrmOptions":"0x5b7047c8","idToOwnershipFacilit (4 more) ...":"0x4c777775","idToTypeFacilityMap":"0xd977354","insrncBnftMap":"0x22bac0b0","insrncBnftOptions":"0x1d328019","isIop":false,"isTalbott":false,"meta":"0x6a099015","oppId":"00629000003FJ4b","pawObj":"0x5c3253d3","ptntInsrnceOptions":"0x20788a6a","ptntInsrncMap":"0x1dec7c","ptntInsrncObj":"0x2dda3ff3","quoteObj":"0x578118a9","recordId":"00629000003FJ4b","rtAdjstmntOptions":"0x5ccbc599","showPILookup":false,"sObjectQueryStr":"","wrprObj":"0x5947f6e0"}|0x1e2a5043
08:22:45.0 (115630879)|VARIABLE_ASSIGNMENT|[EXTERNAL]|this|{"insrncBnft":"0x36639e3c","insrncBnftSelected":"","pawDetailListDisplay (4 more) ...":false,"pyAgrmntWrksht":"0x1c5d37dd","relatedPAWDetailsLis (1 more) ...":"0x7812c5e6","targetEDR":0.00,"totalAppliedDeductib (2 more) ...":0.00,"totalCoInsurance":0.00,"totalCoPayAmt":0.00,"totalInsCoResp":0.00,"totalInsEIVAmt":0.00,"totalRowCount":0,"totalTalbottDay":0}|0x5947f6e0
08:22:45.0 (115641960)|VARIABLE_ASSIGNMENT|[EXTERNAL]|value|null|
08:22:45.0 (115650872)|VARIABLE_ASSIGNMENT|[525]|this.insrncBnft|null|0x5947f6e0
08:22:45.0 (115659579)|STATEMENT_EXECUTE|[272]
08:22:45.0 (117112544)|SYSTEM_MODE_ENTER|true
08:22:45.0 (117590167)|SYSTEM_MODE_ENTER|true
08:22:45.0 (117654739)|HEAP_ALLOCATE|[EXTERNAL]|Bytes:112
08:22:45.0 (117673735)|VARIABLE_SCOPE_BEGIN|[379]|this|PAW_New_EditCntrllr|true|false
08:22:45.0 (117791441)|VARIABLE_ASSIGNMENT|[379]|this|{"estmtCvrgeDaysObj":"0x68853483","faciltyOptions":"0xc38a86c","fcltyPrgrmOptions":"0x5b7047c8","idToOwnershipFacilit (4 more) ...":"0x4c777775","idToTypeFacilityMap":"0xd977354","insrncBnftMap":"0x22bac0b0","insrncBnftOptions":"0x1d328019","isIop":false,"isTalbott":false,"meta":"0x6a099015","oppId":"00629000003FJ4b","pawObj":"0x5c3253d3","ptntInsrnceOptions":"0x20788a6a","ptntInsrncMap":"0x1dec7c","ptntInsrncObj":"0x2dda3ff3","quoteObj":"0x578118a9","recordId":"00629000003FJ4b","rtAdjstmntOptions":"0x5ccbc599","showPILookup":false,"sObjectQueryStr":"","wrprObj":"0x5947f6e0"}|0x1e2a5043
08:22:45.0 (117822272)|STATEMENT_EXECUTE|[379]
08:22:45.0 (117824996)|STATEMENT_EXECUTE|[380]
08:22:45.0 (117840677)|HEAP_ALLOCATE|[380]|Bytes:4
08:22:45.0 (117921774)|HEAP_ALLOCATE|[EXTERNAL]|Bytes:4
08:22:45.0 (117941516)|VARIABLE_ASSIGNMENT|[380]|this.rtAdjstmntOptions|[]|0x1e2a5043
08:22:45.0 (117950362)|STATEMENT_EXECUTE|[381]
08:22:45.0 (117960884)|HEAP_ALLOCATE|[381]|Bytes:8
08:22:45.0 (118028478)|HEAP_ALLOCATE|[EXTERNAL]|Bytes:4
08:22:45.0 (118163047)|VARIABLE_ASSIGNMENT|[EXTERNAL]|this|{"estmtCvrgeDaysObj":"0x68853483","faciltyOptions":"0xc38a86c","fcltyPrgrmOptions":"0x5b7047c8","idToOwnershipFacilit (4 more) ...":"0x4c777775","idToTypeFacilityMap":"0xd977354","insrncBnftMap":"0x22bac0b0","insrncBnftOptions":"0x1d328019","isIop":false,"isTalbott":false,"meta":"0x6a099015","oppId":"00629000003FJ4b","pawObj":"0x5c3253d3","ptntInsrnceOptions":"0x20788a6a","ptntInsrncMap":"0x1dec7c","ptntInsrncObj":"0x2dda3ff3","quoteObj":"0x578118a9","recordId":"00629000003FJ4b","rtAdjstmntOptions":"0x389d4d4d","showPILookup":false,"sObjectQueryStr":"","wrprObj":"0x5947f6e0"}|0x1e2a5043
08:22:45.0 (118285654)|VARIABLE_ASSIGNMENT|[EXTERNAL]|this|{"insrncBnftSelected":"","pawDetailListDisplay (4 more) ...":false,"pyAgrmntWrksht":"0x1c5d37dd","relatedPAWDetailsLis (1 more) ...":"0x7812c5e6","targetEDR":0.00,"totalAppliedDeductib (2 more) ...":0.00,"totalCoInsurance":0.00,"totalCoPayAmt":0.00,"totalInsCoResp":0.00,"totalInsEIVAmt":0.00,"totalRowCount":0,"totalTalbottDay":0}|0x5947f6e0
08:22:45.0 (118317976)|STATEMENT_EXECUTE|[382]
08:22:45.0 (118320750)|STATEMENT_EXECUTE|[400]
08:22:45.0 (118863118)|SYSTEM_MODE_ENTER|true
08:22:45.0 (125893165)|VF_SERIALIZE_VIEWSTATE_BEGIN|0660a0000009uTC
08:22:45.0 (134468997)|VF_SERIALIZE_VIEWSTATE_END
08:22:45.141 (141530616)|CUMULATIVE_LIMIT_USAGE
08:22:45.141 (141530616)|LIMIT_USAGE_FOR_NS|(default)|
  Number of SOQL queries: 2 out of 100
  Number of query rows: 11 out of 50000
  Number of SOSL queries: 0 out of 20
  Number of DML statements: 0 out of 150
  Number of DML rows: 0 out of 10000
  Maximum CPU time: 0 out of 10000
  Maximum heap size: 0 out of 6000000
  Number of callouts: 0 out of 100
  Number of Email Invocations: 0 out of 10
  Number of future calls: 0 out of 50
  Number of queueable jobs added to the queue: 0 out of 50
  Number of Mobile Apex push calls: 0 out of 10

08:22:45.141 (141530616)|CUMULATIVE_LIMIT_USAGE_END

08:22:45.0 (141575479)|CODE_UNIT_FINISHED|VF: /apex/PAW_New_Edit
08:22:45.0 (142339525)|EXECUTION_FINISHED
