37.0 APEX_CODE,FINEST;APEX_PROFILING,INFO;CALLOUT,INFO;DB,INFO;SYSTEM,DEBUG;VALIDATION,INFO;VISUALFORCE,INFO;WAVE,INFO;WORKFLOW,FINER
08:22:47.0 (341636)|USER_INFO|[EXTERNAL]|00529000000zYiy|bhakti.gujrathi@eternussolutions.com.frnstgng|Central Standard Time|GMT-06:00
08:22:47.0 (391796)|EXECUTION_STARTED
08:22:47.0 (397091)|CODE_UNIT_STARTED|[EXTERNAL]|0660a0000009uTC|VF: /apex/PAW_New_Edit
08:22:47.0 (992124)|VF_DESERIALIZE_VIEWSTATE_BEGIN|0660a0000009uTC
08:22:47.0 (11251812)|HEAP_ALLOCATE|[72]|Bytes:3
08:22:47.0 (11294234)|HEAP_ALLOCATE|[77]|Bytes:152
08:22:47.0 (11322033)|HEAP_ALLOCATE|[342]|Bytes:408
08:22:47.0 (11348978)|HEAP_ALLOCATE|[355]|Bytes:408
08:22:47.0 (11372422)|HEAP_ALLOCATE|[467]|Bytes:48
08:22:47.0 (11420599)|HEAP_ALLOCATE|[139]|Bytes:6
08:22:47.0 (11459761)|HEAP_ALLOCATE|[50]|Bytes:5
08:22:47.0 (11482392)|HEAP_ALLOCATE|[56]|Bytes:5
08:22:47.0 (11494293)|HEAP_ALLOCATE|[64]|Bytes:7
08:22:47.0 (17213269)|VARIABLE_SCOPE_BEGIN|[35]|PAW_New_EditCntrllr.globalSchemaMap|Map<String,Schema.SObjectType>|true|true
08:22:47.0 (17233483)|VARIABLE_SCOPE_BEGIN|[3]|PAW_New_EditCntrllr.yearEndMode|Boolean|false|true
08:22:47.0 (24450649)|VF_DESERIALIZE_VIEWSTATE_END
08:22:47.26 (26785064)|SYSTEM_MODE_ENTER|true
08:22:47.26 (26899242)|HEAP_ALLOCATE|[EXTERNAL]|Bytes:38
08:22:47.26 (26917546)|HEAP_ALLOCATE|[EXTERNAL]|Bytes:7
08:22:47.26 (26937436)|SYSTEM_METHOD_ENTRY|[1]|PageMessagesComponentController.PageMessagesComponentController()
08:22:47.26 (26946027)|STATEMENT_EXECUTE|[1]
08:22:47.28 (28226013)|SYSTEM_MODE_ENTER|true
08:22:47.28 (28305813)|HEAP_ALLOCATE|[EXTERNAL]|Bytes:8
08:22:47.28 (28317699)|VARIABLE_SCOPE_BEGIN|[88]|this|ApexPage.PageMessagesComponentController|true|false
08:22:47.28 (28371341)|VARIABLE_ASSIGNMENT|[88]|this|{}|0x2f0adcbf
08:22:47.28 (28379251)|VARIABLE_SCOPE_BEGIN|[88]|escape|Boolean|false|false
08:22:47.28 (28387841)|VARIABLE_ASSIGNMENT|[88]|escape|null
08:22:47.0 (28749624)|SYSTEM_MODE_ENTER|true
08:22:47.0 (28789272)|HEAP_ALLOCATE|[EXTERNAL]|Bytes:11
08:22:47.0 (28808317)|HEAP_ALLOCATE|[EXTERNAL]|Bytes:304
08:22:47.0 (28813938)|HEAP_ALLOCATE|[EXTERNAL]|Bytes:98
08:22:47.0 (28824089)|HEAP_ALLOCATE|[EXTERNAL]|Bytes:14
08:22:47.0 (28836868)|METHOD_ENTRY|[1]|01p0a000004sKzV|PAW_New_EditCntrllr.PAW_New_EditCntrllr()
08:22:47.0 (28842920)|STATEMENT_EXECUTE|[1]
08:22:47.0 (28847499)|STATEMENT_EXECUTE|[1]
08:22:47.0 (28848948)|STATEMENT_EXECUTE|[3]
08:22:47.0 (30899692)|VARIABLE_SCOPE_BEGIN|[3]|PAW_YearEnd_Config.setting|Year_End_PAW_Settings__c|true|true
08:22:47.0 (30934102)|HEAP_ALLOCATE|[3]|Bytes:1
08:22:47.0 (30946700)|HEAP_ALLOCATE|[3]|Bytes:1
08:22:47.0 (30962614)|METHOD_ENTRY|[1]|01p29000000Aswf|PAW_YearEnd_Config.PAW_YearEnd_Config()
08:22:47.0 (30968672)|STATEMENT_EXECUTE|[1]
08:22:47.0 (30971670)|STATEMENT_EXECUTE|[1]
08:22:47.0 (30995289)|SYSTEM_MODE_ENTER|false
08:22:47.0 (31009900)|HEAP_ALLOCATE|[3]|Bytes:5
08:22:47.0 (31020208)|SYSTEM_MODE_EXIT|false
08:22:47.0 (31032679)|METHOD_EXIT|[1]|PAW_YearEnd_Config
08:22:47.0 (31056176)|METHOD_ENTRY|[3]|01p29000000Aswf|PAW_YearEnd_Config.fetch()
08:22:47.0 (31109346)|SYSTEM_MODE_ENTER|false
08:22:47.0 (31118464)|HEAP_ALLOCATE|[6]|Bytes:5
08:22:47.0 (31124272)|STATEMENT_EXECUTE|[5]
08:22:47.0 (31130386)|STATEMENT_EXECUTE|[7]
08:22:47.0 (32444460)|HEAP_ALLOCATE|[7]|Bytes:20
08:22:47.0 (32514158)|VARIABLE_ASSIGNMENT|[7]|PAW_YearEnd_Config.setting|{"IsDeleted":false,"Name":"Year End PAW Setting (11 more) ...","SetupOwnerId":"00529000000zYiyAAE","Year_End_Mode_Enable (4 more) ...":false}|0x1eac086
08:22:47.0 (32524970)|STATEMENT_EXECUTE|[9]
08:22:47.0 (32529889)|HEAP_ALLOCATE|[9]|Bytes:14
08:22:47.0 (32738859)|HEAP_ALLOCATE|[9]|Bytes:145
08:22:47.0 (32773520)|HEAP_ALLOCATE|[9]|Bytes:159
08:22:47.0 (32809686)|USER_DEBUG|[9]|DEBUG|>>> setting : Year_End_PAW_Settings__c:{IsDeleted=false, Name=Year End PAW Settings (Profile), SetupOwnerId=00529000000zYiyAAE, Year_End_Mode_Enabled__c=false}
08:22:47.0 (32821281)|STATEMENT_EXECUTE|[10]
08:22:47.0 (32827757)|SYSTEM_MODE_EXIT|false
08:22:47.0 (32837951)|METHOD_EXIT|[3]|01p29000000Aswf|PAW_YearEnd_Config.fetch()
08:22:47.0 (32894977)|VARIABLE_ASSIGNMENT|[3]|PAW_New_EditCntrllr.yearEndMode|false
08:22:47.0 (32901800)|STATEMENT_EXECUTE|[523]
08:22:47.0 (32908098)|METHOD_EXIT|[1]|PAW_New_EditCntrllr
08:22:47.0 (34592059)|SYSTEM_MODE_ENTER|true
08:22:47.0 (36402505)|SYSTEM_MODE_ENTER|true
08:22:47.0 (36506548)|HEAP_ALLOCATE|[EXTERNAL]|Bytes:476
08:22:47.0 (36527485)|HEAP_ALLOCATE|[EXTERNAL]|Bytes:71
08:22:47.0 (43078006)|SYSTEM_MODE_ENTER|true
08:22:47.0 (43217317)|SYSTEM_MODE_ENTER|true
08:22:47.0 (52965037)|SYSTEM_MODE_ENTER|true
08:22:47.0 (53262055)|HEAP_ALLOCATE|[EXTERNAL]|Bytes:112
08:22:47.0 (53285038)|VARIABLE_SCOPE_BEGIN|[215]|this|PAW_New_EditCntrllr|true|false
08:22:47.0 (53442655)|VARIABLE_ASSIGNMENT|[215]|this|{"estmtCvrgeDaysObj":"0x590650aa","faciltyOptions":"0x57394ea3","fcltyPrgrmOptions":"0x75623059","idToOwnershipFacilit (4 more) ...":"0xe15c5f0","idToTypeFacilityMap":"0x65fd5798","insrncBnftMap":"0x782c51d2","insrncBnftOptions":"0x1ca84676","isIop":false,"isTalbott":false,"meta":"0x3cb23a56","oppId":"00629000003FJ4b","pawObj":"0x33fcebcf","ptntInsrnceOptions":"0x29448ea3","ptntInsrncMap":"0x7781e60b","ptntInsrncObj":"0x72f1c1b6","quoteObj":"0x5a4c0227","recordId":"00629000003FJ4b","rtAdjstmntOptions":"0xe3a2832","showPILookup":false,"sObjectQueryStr":"","wrprObj":"0x1fccea25"}|0x41fa1e66
08:22:47.0 (53471396)|STATEMENT_EXECUTE|[215]
08:22:47.0 (53473715)|STATEMENT_EXECUTE|[216]
08:22:47.0 (53553773)|STATEMENT_EXECUTE|[217]
08:22:47.0 (53573312)|HEAP_ALLOCATE|[217]|Bytes:12
08:22:47.0 (53657091)|HEAP_ALLOCATE|[EXTERNAL]|Bytes:4
08:22:47.0 (53759413)|VARIABLE_ASSIGNMENT|[EXTERNAL]|this|{"estmtCvrgeDaysObj":"0x590650aa","faciltyOptions":"0x57394ea3","fcltyPrgrmOptions":"0x75623059","idToOwnershipFacilit (4 more) ...":"0xe15c5f0","idToTypeFacilityMap":"0x65fd5798","insrncBnftMap":"0x782c51d2","insrncBnftOptions":"0x1ca84676","isIop":false,"isTalbott":false,"meta":"0x3cb23a56","oppId":"00629000003FJ4b","pawObj":"0x33fcebcf","ptntInsrnceOptions":"0x29448ea3","ptntInsrncMap":"0x7781e60b","ptntInsrncObj":"0x72f1c1b6","quoteObj":"0x5a4c0227","recordId":"00629000003FJ4b","rtAdjstmntOptions":"0xe3a2832","showPILookup":false,"sObjectQueryStr":"","wrprObj":"0x1fccea25"}|0x41fa1e66
08:22:47.0 (53792563)|STATEMENT_EXECUTE|[218]
08:22:47.0 (53794482)|STATEMENT_EXECUTE|[219]
08:22:47.0 (53831174)|HEAP_ALLOCATE|[219]|Bytes:4
08:22:47.0 (53840692)|HEAP_ALLOCATE|[219]|Bytes:1083
08:22:47.0 (53854959)|HEAP_ALLOCATE|[219]|Bytes:4
08:22:47.0 (53870073)|HEAP_ALLOCATE|[219]|Bytes:7
08:22:47.0 (53957330)|VARIABLE_ASSIGNMENT|[EXTERNAL]|this|{"estmtCvrgeDaysObj":"0x590650aa","faciltyOptions":"0x57394ea3","fcltyPrgrmOptions":"0x75623059","idToOwnershipFacilit (4 more) ...":"0xe15c5f0","idToTypeFacilityMap":"0x65fd5798","insrncBnftMap":"0x782c51d2","insrncBnftOptions":"0x1ca84676","isIop":false,"isTalbott":false,"meta":"0x3cb23a56","oppId":"00629000003FJ4b","pawObj":"0x33fcebcf","ptntInsrnceOptions":"0x29448ea3","ptntInsrncMap":"0x7781e60b","ptntInsrncObj":"0x72f1c1b6","quoteObj":"0x5a4c0227","recordId":"00629000003FJ4b","rtAdjstmntOptions":"0xe3a2832","showPILookup":false,"sObjectQueryStr":"","wrprObj":"0x1fccea25"}|0x41fa1e66
08:22:47.0 (59408741)|SOQL_EXECUTE_BEGIN|[219]|Aggregations:0|SELECT Id, Name, RecordType.Name, Uncovered_Charges__c, Patient_Insurance__r.Accepts_Assignment_of_Benefits__c, Patient_Insurance__r.Opportunity__c, Patient_Insurance__r.Accreditation__c, Patient_Insurance__r.Insurance_Company__r.Name, PHP_Admit_Co_Payment__c, Detox_Admit_Co_Payment__c, RTC_Admit_Co_Payment__c, Deductible__c, Deductible_Met__c, IOP_Admit_Co_Payment__c, Max_Out_of_Pocket_Remaining__c, Insurance_Company_is_Out_of_Network__c, Annual_Max_Remaining__c, Deductible_Remaining__c, Detox_Pays_at__c, Detox_Over__c, RTC_Pays_at__c, Residential_Treatment_Override__c, PHP_Pays_at__c, Partial_Hospitalization_Override__c, IOP_Pays_at__c, Intensive_Outpatient_Override__c, Num_Days_Uncovered__c, Num_Days_Room__c, Uncovered_Days_Rate__c, Room_and_Board_Days_Rate__c, Uncovered_Days_Override__c, Room_and_Board_Days_Override__c, Deductible_Included_in_OOP__c, Uncovered_Days__c, Lifetime_Max__c, Lifetime_Max_Met__c, Annual_Max__c, Annual_Max_Met__c, Max_Out_of_Pocket__c, Max_Out_of_Pocket_Met__c, Co_Pay_Met__c FROM Insurance_Benefit__c WHERE Patient_Insurance__c = :tmpVar1
08:22:47.0 (79791513)|SOQL_EXECUTE_END|[219]|Rows:5
08:22:47.0 (79834604)|HEAP_ALLOCATE|[219]|Bytes:24
08:22:47.0 (79912048)|HEAP_ALLOCATE|[219]|Bytes:5579
08:22:47.0 (80004436)|HEAP_ALLOCATE|[219]|Bytes:24
08:22:47.0 (80079687)|HEAP_ALLOCATE|[219]|Bytes:112
08:22:47.0 (80098236)|HEAP_ALLOCATE|[219]|Bytes:4
08:22:47.0 (80105733)|HEAP_ALLOCATE|[219]|Bytes:112
08:22:47.0 (80112810)|HEAP_ALLOCATE|[219]|Bytes:4
08:22:47.0 (80118085)|HEAP_ALLOCATE|[219]|Bytes:72
08:22:47.0 (80124697)|HEAP_ALLOCATE|[219]|Bytes:4
08:22:47.0 (80129594)|HEAP_ALLOCATE|[219]|Bytes:72
08:22:47.0 (80150477)|HEAP_ALLOCATE|[219]|Bytes:4
08:22:47.0 (80164139)|HEAP_ALLOCATE|[219]|Bytes:72
08:22:47.0 (80181687)|HEAP_ALLOCATE|[219]|Bytes:4
08:22:47.0 (80431637)|VARIABLE_ASSIGNMENT|[219]|this.insrncBnftMap|{"a1H29000000jvcPEAQ":{"Id":"a1H29000000jvcPEAQ","Name":"Insurance Benefit 75 (2 more) ...","RecordTypeId":"012j00000015GS7AAM","Patient_Insurance__c":"a1b29000000d1kgAAA","PHP_Admit_Co_Payment (3 more) ...":0.00,"Deductible__c":6000.00,"Deductible_Met__c":0.00,"Max_Out_of_Pocket_Re (10 more) ...":16000.00,"Insurance_Company_is (18 more) ...":false,"Annual_Max_Remaining (3 more) ...":1000000,"Deductible_Remaining (3 more) ...":6000.00,"Detox_Pays_at__c":50.00,"RTC_Pays_at__c":50.00,"PHP_Pays_at__c":50.00,"IOP_Pays_at__c":50.00,"Uncovered_Days_Rate_ (2 more) ...":1020.00,"Room_and_Board_Days_ (7 more) ...":2000.00,"Deductible_Included_ (9 more) ...":"Yes","Uncovered_Days__c":10,"Lifetime_Max__c":1000000.00,"Lifetime_Max_Met__c":0.00,"Annual_Max__c":1000000.00,"Annual_Max_Met__c":0.00,"Max_Out_of_Pocket__c":16000.00,"Max_Out_of_Pocket_Me (4 more) ...":0.00,"RecordType":{"Name":"Out of Network","Id":"012j00000015GS7AAM"},"Patient_Insurance__r":{"Opportunity__c":"00629000003FJ4bAAG","Accreditation__c":"State","Insurance_Company__c":"0012900000AXSNIAA5","Id":"a1b29000000d1kgAAA","Insurance_Company__r":{"Name":"4 Your Choice","Id":"0012900000AXSNIAA5","RecordTypeId":"012j00000015GRqAAM"}}},"a1H29000000pIg3EAE":{"Id":"a1H29000000pIg3EAE","Name":"Insurance Benefit 75 (2 more) ...","RecordTypeId":"012j00000015GS7AAM","Patient_Insurance__c":"a1b29000000d1kgAAA","PHP_Admit_Co_Payment (3 more) ...":0.00,"Deductible__c":6000.00,"Deductible_Met__c":0.00,"Max_Out_of_Pocket_Re (10 more) ...":16000.00,"Insurance_Company_is (18 more) ...":false,"Annual_Max_Remaining (3 more) ...":1000000,"Deductible_Remaining (3 more) ...":6000.00,"Detox_Pays_at__c":50.00,"RTC_Pays_at__c":50.00,"PHP_Pays_at__c":50.00,"IOP_Pays_at__c":50.00,"Uncovered_Days_Rate_ (2 more) ...":1020.00,"Room_and_Board_Days_ (7 more) ...":2000.00,"Deductible_Included_ (9 more) ...":"Yes","Uncovered_Days__c":10,"Lifetime_Max__c":1000000.00,"Lifetime_Max_Met__c":0.00,"Annual_Max__c":1000000.00,"Annual_Max_Met__c":0.00,"Max_Out_of_Pocket__c":16000.00,"Max_Out_of_Pocket_Me (4 more) ...":0.00,"RecordType":{"Name":"Out of Network","Id":"012j00000015GS7AAM"},"Patient_Insurance__r":{"Opportunity__c":"00629000003FJ4bAAG","Accreditation__c":"State","Insurance_Company__c":"0012900000AXSNIAA5","Id":"a1b29000000d1kgAAA","Insurance_Company__r":{"Name":"4 Your Choice","Id":"0012900000AXSNIAA5","RecordTypeId":"012j00000015GRqAAM"}}},"a1H29000000uZbiEAE":{"Id":"a1H29000000uZbiEAE","Name":"Insurance Benefit 75 (2 more) ...","RecordTypeId":"012j00000015GS6AAM","Patient_Insurance__c":"a1b29000000d1kgAAA","PHP_Admit_Co_Payment (3 more) ...":0.00,"Max_Out_of_Pocket_Re (10 more) ...":0.00,"Insurance_Company_is (18 more) ...":false,"Annual_Max_Remaining (3 more) ...":1000000,"Deductible_Remaining (3 more) ...":0.00,"Uncovered_Days_Rate_ (2 more) ...":630.00,"Room_and_Board_Days_ (7 more) ...":2000.00,"Lifetime_Max__c":1000000.00,"Lifetime_Max_Met__c":0.00,"Annual_Max__c":1000000.00,"Annual_Max_Met__c":0.00,"RecordType":{"Name":"In Network","Id":"012j00000015GS6AAM"},"Patient_Insurance__r":{"Opportunity__c":"00629000003FJ4bAAG","Accreditation__c":"State","Insurance_Company__c":"0012900000AXSNIAA5","Id":"a1b29000000d1kgAAA","Insurance_Company__r":{"Name":"4 Your Choice","Id":"0012900000AXSNIAA5","RecordTypeId":"012j00000015GRqAAM"}}},"a1H29000000uZbnEAE":{"Id":"a1H29000000uZbnEAE","Name":"Insurance Benefit 75 (2 more) ...","RecordTypeId":"012j00000015GS6AAM","Patient_Insurance__c":"a1b29000000d1kgAAA","PHP_Admit_Co_Payment (3 more) ...":0.00,"Max_Out_of_Pocket_Re (10 more) ...":0.00,"Insurance_Company_is (18 more) ...":false,"Annual_Max_Remaining (3 more) ...":1000000,"Deductible_Remaining (3 more) ...":0.00,"Uncovered_Days_Rate_ (2 more) ...":630.00,"Room_and_Board_Days_ (7 more) ...":2000.00,"Lifetime_Max__c":1000000.00,"Lifetime_Max_Met__c":0.00,"Annual_Max__c":1000000.00,"Annual_Max_Met__c":0.00,"RecordType":{"Name":"In Network","Id":"012j00000015GS6AAM"},"Patient_Insurance__r":{"Opportunity__c":"00629000003FJ4bAAG","Accreditation__c":"State","Insurance_Company__c":"0012900000AXSNIAA5","Id":"a1b29000000d1kgAAA","Insurance_Company__r":{"Name":"4 Your Choice","Id":"0012900000AXSNIAA5","RecordTypeId":"012j00000015GRqAAM"}}},"a1H29000000uZdPEAU":{"Id":"a1H29000000uZdPEAU","Name":"Insurance Benefit 75 (2 more) ...","RecordTypeId":"012j00000015GS6AAM","Patient_Insurance__c":"a1b29000000d1kgAAA","PHP_Admit_Co_Payment (3 more) ...":0.00,"Max_Out_of_Pocket_Re (10 more) ...":0.00,"Insurance_Company_is (18 more) ...":false,"Annual_Max_Remaining (3 more) ...":1000000,"Deductible_Remaining (3 more) ...":0.00,"Uncovered_Days_Rate_ (2 more) ...":630.00,"Room_and_Board_Days_ (7 more) ...":2000.00,"Lifetime_Max__c":1000000.00,"Lifetime_Max_Met__c":0.00,"Annual_Max__c":1000000.00,"Annual_Max_Met__c":0.00,"RecordType":{"Name":"In Network","Id":"012j00000015GS6AAM"},"Patient_Insurance__r":{"Opportunity__c":"00629000003FJ4bAAG","Accreditation__c":"State","Insurance_Company__c":"0012900000AXSNIAA5","Id":"a1b29000000d1kgAAA","Insurance_Company__r":{"Name":"4 Your Choice","Id":"0012900000AXSNIAA5","RecordTypeId":"012j00000015GRqAAM"}}}}|0x41fa1e66
08:22:47.0 (80635611)|HEAP_ALLOCATE|[EXTERNAL]|Bytes:24
08:22:47.0 (80688231)|HEAP_ALLOCATE|[263]|Bytes:5598
08:22:47.0 (80892234)|HEAP_ALLOCATE|[263]|Bytes:5
08:22:47.0 (80914020)|HEAP_ALLOCATE|[263]|Bytes:112
08:22:47.0 (80933256)|VARIABLE_SCOPE_BEGIN|[263]|insrncBnftInstance|Insurance_Benefit__c|true|false
08:22:47.0 (80983967)|VARIABLE_ASSIGNMENT|[263]|insrncBnftInstance|{"Id":"a1H29000000jvcPEAQ","Name":"Insurance Benefit 75 (2 more) ...","RecordTypeId":"012j00000015GS7AAM","Patient_Insurance__c":"a1b29000000d1kgAAA","PHP_Admit_Co_Payment (3 more) ...":0.00,"Deductible__c":6000.00,"Deductible_Met__c":0.00,"Max_Out_of_Pocket_Re (10 more) ...":16000.00,"Insurance_Company_is (18 more) ...":false,"Annual_Max_Remaining (3 more) ...":1000000,"Deductible_Remaining (3 more) ...":6000.00,"Detox_Pays_at__c":50.00,"RTC_Pays_at__c":50.00,"PHP_Pays_at__c":50.00,"IOP_Pays_at__c":50.00,"Uncovered_Days_Rate_ (2 more) ...":1020.00,"Room_and_Board_Days_ (7 more) ...":2000.00,"Deductible_Included_ (9 more) ...":"Yes","Uncovered_Days__c":10,"Lifetime_Max__c":1000000.00,"Lifetime_Max_Met__c":0.00,"Annual_Max__c":1000000.00,"Annual_Max_Met__c":0.00,"Max_Out_of_Pocket__c":16000.00,"Max_Out_of_Pocket_Me (4 more) ...":0.00,"RecordType":{"Name":"Out of Network","Id":"012j00000015GS7AAM"},"Patient_Insurance__r":{"Opportunity__c":"00629000003FJ4bAAG","Accreditation__c":"State","Insurance_Company__c":"0012900000AXSNIAA5","Id":"a1b29000000d1kgAAA","Insurance_Company__r":{"Name":"4 Your Choice","Id":"0012900000AXSNIAA5","RecordTypeId":"012j00000015GRqAAM"}}}|0x3e70d409
08:22:47.0 (81007453)|STATEMENT_EXECUTE|[263]
08:22:47.0 (81010409)|STATEMENT_EXECUTE|[264]
08:22:47.0 (81078840)|HEAP_ALLOCATE|[264]|Bytes:18
08:22:47.0 (81161682)|HEAP_ALLOCATE|[264]|Bytes:3
08:22:47.0 (81195849)|HEAP_ALLOCATE|[264]|Bytes:39
08:22:47.0 (81301745)|HEAP_ALLOCATE|[EXTERNAL]|Bytes:4
08:22:47.0 (81324744)|HEAP_ALLOCATE|[263]|Bytes:5
08:22:47.0 (81339722)|HEAP_ALLOCATE|[263]|Bytes:112
08:22:47.0 (81348723)|VARIABLE_SCOPE_BEGIN|[263]|insrncBnftInstance|Insurance_Benefit__c|true|false
08:22:47.0 (81391563)|VARIABLE_ASSIGNMENT|[263]|insrncBnftInstance|{"Id":"a1H29000000pIg3EAE","Name":"Insurance Benefit 75 (2 more) ...","RecordTypeId":"012j00000015GS7AAM","Patient_Insurance__c":"a1b29000000d1kgAAA","PHP_Admit_Co_Payment (3 more) ...":0.00,"Deductible__c":6000.00,"Deductible_Met__c":0.00,"Max_Out_of_Pocket_Re (10 more) ...":16000.00,"Insurance_Company_is (18 more) ...":false,"Annual_Max_Remaining (3 more) ...":1000000,"Deductible_Remaining (3 more) ...":6000.00,"Detox_Pays_at__c":50.00,"RTC_Pays_at__c":50.00,"PHP_Pays_at__c":50.00,"IOP_Pays_at__c":50.00,"Uncovered_Days_Rate_ (2 more) ...":1020.00,"Room_and_Board_Days_ (7 more) ...":2000.00,"Deductible_Included_ (9 more) ...":"Yes","Uncovered_Days__c":10,"Lifetime_Max__c":1000000.00,"Lifetime_Max_Met__c":0.00,"Annual_Max__c":1000000.00,"Annual_Max_Met__c":0.00,"Max_Out_of_Pocket__c":16000.00,"Max_Out_of_Pocket_Me (4 more) ...":0.00,"RecordType":{"Name":"Out of Network","Id":"012j00000015GS7AAM"},"Patient_Insurance__r":{"Opportunity__c":"00629000003FJ4bAAG","Accreditation__c":"State","Insurance_Company__c":"0012900000AXSNIAA5","Id":"a1b29000000d1kgAAA","Insurance_Company__r":{"Name":"4 Your Choice","Id":"0012900000AXSNIAA5","RecordTypeId":"012j00000015GRqAAM"}}}|0x75392b5d
08:22:47.0 (81412773)|STATEMENT_EXECUTE|[263]
08:22:47.0 (81414176)|STATEMENT_EXECUTE|[264]
08:22:47.0 (81431254)|HEAP_ALLOCATE|[264]|Bytes:18
08:22:47.0 (81448289)|HEAP_ALLOCATE|[264]|Bytes:39
08:22:47.0 (81464974)|HEAP_ALLOCATE|[EXTERNAL]|Bytes:4
08:22:47.0 (81480129)|HEAP_ALLOCATE|[263]|Bytes:5
08:22:47.0 (81493755)|HEAP_ALLOCATE|[263]|Bytes:72
08:22:47.0 (81502073)|VARIABLE_SCOPE_BEGIN|[263]|insrncBnftInstance|Insurance_Benefit__c|true|false
08:22:47.0 (81535006)|VARIABLE_ASSIGNMENT|[263]|insrncBnftInstance|{"Id":"a1H29000000uZbiEAE","Name":"Insurance Benefit 75 (2 more) ...","RecordTypeId":"012j00000015GS6AAM","Patient_Insurance__c":"a1b29000000d1kgAAA","PHP_Admit_Co_Payment (3 more) ...":0.00,"Max_Out_of_Pocket_Re (10 more) ...":0.00,"Insurance_Company_is (18 more) ...":false,"Annual_Max_Remaining (3 more) ...":1000000,"Deductible_Remaining (3 more) ...":0.00,"Uncovered_Days_Rate_ (2 more) ...":630.00,"Room_and_Board_Days_ (7 more) ...":2000.00,"Lifetime_Max__c":1000000.00,"Lifetime_Max_Met__c":0.00,"Annual_Max__c":1000000.00,"Annual_Max_Met__c":0.00,"RecordType":{"Name":"In Network","Id":"012j00000015GS6AAM"},"Patient_Insurance__r":{"Opportunity__c":"00629000003FJ4bAAG","Accreditation__c":"State","Insurance_Company__c":"0012900000AXSNIAA5","Id":"a1b29000000d1kgAAA","Insurance_Company__r":{"Name":"4 Your Choice","Id":"0012900000AXSNIAA5","RecordTypeId":"012j00000015GRqAAM"}}}|0x7a60c04e
08:22:47.0 (81551328)|STATEMENT_EXECUTE|[263]
08:22:47.0 (81552574)|STATEMENT_EXECUTE|[264]
08:22:47.0 (81566877)|HEAP_ALLOCATE|[264]|Bytes:18
08:22:47.0 (81593797)|HEAP_ALLOCATE|[264]|Bytes:35
08:22:47.0 (81611444)|HEAP_ALLOCATE|[EXTERNAL]|Bytes:4
08:22:47.0 (81626351)|HEAP_ALLOCATE|[263]|Bytes:5
08:22:47.0 (81643543)|HEAP_ALLOCATE|[263]|Bytes:72
08:22:47.0 (81657603)|VARIABLE_SCOPE_BEGIN|[263]|insrncBnftInstance|Insurance_Benefit__c|true|false
08:22:47.0 (81730620)|VARIABLE_ASSIGNMENT|[263]|insrncBnftInstance|{"Id":"a1H29000000uZbnEAE","Name":"Insurance Benefit 75 (2 more) ...","RecordTypeId":"012j00000015GS6AAM","Patient_Insurance__c":"a1b29000000d1kgAAA","PHP_Admit_Co_Payment (3 more) ...":0.00,"Max_Out_of_Pocket_Re (10 more) ...":0.00,"Insurance_Company_is (18 more) ...":false,"Annual_Max_Remaining (3 more) ...":1000000,"Deductible_Remaining (3 more) ...":0.00,"Uncovered_Days_Rate_ (2 more) ...":630.00,"Room_and_Board_Days_ (7 more) ...":2000.00,"Lifetime_Max__c":1000000.00,"Lifetime_Max_Met__c":0.00,"Annual_Max__c":1000000.00,"Annual_Max_Met__c":0.00,"RecordType":{"Name":"In Network","Id":"012j00000015GS6AAM"},"Patient_Insurance__r":{"Opportunity__c":"00629000003FJ4bAAG","Accreditation__c":"State","Insurance_Company__c":"0012900000AXSNIAA5","Id":"a1b29000000d1kgAAA","Insurance_Company__r":{"Name":"4 Your Choice","Id":"0012900000AXSNIAA5","RecordTypeId":"012j00000015GRqAAM"}}}|0x1a0ee2e7
08:22:47.0 (81779612)|STATEMENT_EXECUTE|[263]
08:22:47.0 (81781961)|STATEMENT_EXECUTE|[264]
08:22:47.0 (81804105)|HEAP_ALLOCATE|[264]|Bytes:18
08:22:47.0 (81833905)|HEAP_ALLOCATE|[264]|Bytes:35
08:22:47.0 (81860133)|HEAP_ALLOCATE|[EXTERNAL]|Bytes:4
08:22:47.0 (81884394)|HEAP_ALLOCATE|[263]|Bytes:5
08:22:47.0 (81905785)|HEAP_ALLOCATE|[263]|Bytes:72
08:22:47.0 (81925074)|VARIABLE_SCOPE_BEGIN|[263]|insrncBnftInstance|Insurance_Benefit__c|true|false
08:22:47.0 (82001058)|VARIABLE_ASSIGNMENT|[263]|insrncBnftInstance|{"Id":"a1H29000000uZdPEAU","Name":"Insurance Benefit 75 (2 more) ...","RecordTypeId":"012j00000015GS6AAM","Patient_Insurance__c":"a1b29000000d1kgAAA","PHP_Admit_Co_Payment (3 more) ...":0.00,"Max_Out_of_Pocket_Re (10 more) ...":0.00,"Insurance_Company_is (18 more) ...":false,"Annual_Max_Remaining (3 more) ...":1000000,"Deductible_Remaining (3 more) ...":0.00,"Uncovered_Days_Rate_ (2 more) ...":630.00,"Room_and_Board_Days_ (7 more) ...":2000.00,"Lifetime_Max__c":1000000.00,"Lifetime_Max_Met__c":0.00,"Annual_Max__c":1000000.00,"Annual_Max_Met__c":0.00,"RecordType":{"Name":"In Network","Id":"012j00000015GS6AAM"},"Patient_Insurance__r":{"Opportunity__c":"00629000003FJ4bAAG","Accreditation__c":"State","Insurance_Company__c":"0012900000AXSNIAA5","Id":"a1b29000000d1kgAAA","Insurance_Company__r":{"Name":"4 Your Choice","Id":"0012900000AXSNIAA5","RecordTypeId":"012j00000015GRqAAM"}}}|0x2266bd33
08:22:47.0 (82030579)|STATEMENT_EXECUTE|[263]
08:22:47.0 (82033003)|STATEMENT_EXECUTE|[264]
08:22:47.0 (82055211)|HEAP_ALLOCATE|[264]|Bytes:18
08:22:47.0 (82082458)|HEAP_ALLOCATE|[264]|Bytes:35
08:22:47.0 (82108520)|HEAP_ALLOCATE|[EXTERNAL]|Bytes:4
08:22:47.0 (82134450)|HEAP_ALLOCATE|[263]|Bytes:5
08:22:47.0 (82158840)|VARIABLE_ASSIGNMENT|[263]|insrncBnftInstance|null|
08:22:47.0 (82380279)|VARIABLE_ASSIGNMENT|[EXTERNAL]|this|{"estmtCvrgeDaysObj":"0x590650aa","faciltyOptions":"0x57394ea3","fcltyPrgrmOptions":"0x75623059","idToOwnershipFacilit (4 more) ...":"0xe15c5f0","idToTypeFacilityMap":"0x65fd5798","insrncBnftMap":"0x1b9379c5","insrncBnftOptions":"0x1ca84676","isIop":false,"isTalbott":false,"meta":"0x3cb23a56","oppId":"00629000003FJ4b","pawObj":"0x33fcebcf","ptntInsrnceOptions":"0x29448ea3","ptntInsrncMap":"0x7781e60b","ptntInsrncObj":"0x72f1c1b6","quoteObj":"0x5a4c0227","recordId":"00629000003FJ4b","rtAdjstmntOptions":"0xe3a2832","showPILookup":false,"sObjectQueryStr":"","wrprObj":"0x1fccea25"}|0x41fa1e66
08:22:47.0 (82589498)|VARIABLE_ASSIGNMENT|[EXTERNAL]|this|{"insrncBnftSelected":"","pawDetailListDisplay (4 more) ...":false,"pyAgrmntWrksht":"0x1a945c4c","relatedPAWDetailsLis (1 more) ...":"0x76891b70","targetEDR":0.00,"totalAppliedDeductib (2 more) ...":0.00,"totalCoInsurance":0.00,"totalCoPayAmt":0.00,"totalInsCoResp":0.00,"totalInsEIVAmt":0.00,"totalRowCount":0,"totalTalbottDay":0}|0x1fccea25
08:22:47.0 (82724808)|VARIABLE_ASSIGNMENT|[EXTERNAL]|this|{"estmtCvrgeDaysObj":"0x590650aa","faciltyOptions":"0x57394ea3","fcltyPrgrmOptions":"0x75623059","idToOwnershipFacilit (4 more) ...":"0xe15c5f0","idToTypeFacilityMap":"0x65fd5798","insrncBnftMap":"0x1b9379c5","insrncBnftOptions":"0x1ca84676","isIop":false,"isTalbott":false,"meta":"0x3cb23a56","oppId":"00629000003FJ4b","pawObj":"0x33fcebcf","ptntInsrnceOptions":"0x29448ea3","ptntInsrncMap":"0x7781e60b","ptntInsrncObj":"0x72f1c1b6","quoteObj":"0x5a4c0227","recordId":"00629000003FJ4b","rtAdjstmntOptions":"0xe3a2832","showPILookup":false,"sObjectQueryStr":"","wrprObj":"0x1fccea25"}|0x41fa1e66
08:22:47.0 (82828996)|VARIABLE_ASSIGNMENT|[EXTERNAL]|this|{"insrncBnftSelected":"","pawDetailListDisplay (4 more) ...":false,"pyAgrmntWrksht":"0x1a945c4c","relatedPAWDetailsLis (1 more) ...":"0x76891b70","targetEDR":0.00,"totalAppliedDeductib (2 more) ...":0.00,"totalCoInsurance":0.00,"totalCoPayAmt":0.00,"totalInsCoResp":0.00,"totalInsEIVAmt":0.00,"totalRowCount":0,"totalTalbottDay":0}|0x1fccea25
08:22:47.0 (82889307)|STATEMENT_EXECUTE|[269]
08:22:47.0 (82892533)|STATEMENT_EXECUTE|[270]
08:22:47.0 (83018158)|VARIABLE_ASSIGNMENT|[EXTERNAL]|this|{"estmtCvrgeDaysObj":"0x590650aa","faciltyOptions":"0x57394ea3","fcltyPrgrmOptions":"0x75623059","idToOwnershipFacilit (4 more) ...":"0xe15c5f0","idToTypeFacilityMap":"0x65fd5798","insrncBnftMap":"0x1b9379c5","insrncBnftOptions":"0x1ca84676","isIop":false,"isTalbott":false,"meta":"0x3cb23a56","oppId":"00629000003FJ4b","pawObj":"0x33fcebcf","ptntInsrnceOptions":"0x29448ea3","ptntInsrncMap":"0x7781e60b","ptntInsrncObj":"0x72f1c1b6","quoteObj":"0x5a4c0227","recordId":"00629000003FJ4b","rtAdjstmntOptions":"0xe3a2832","showPILookup":false,"sObjectQueryStr":"","wrprObj":"0x1fccea25"}|0x41fa1e66
08:22:47.0 (83134287)|VARIABLE_ASSIGNMENT|[EXTERNAL]|this|{"insrncBnftSelected":"","pawDetailListDisplay (4 more) ...":false,"pyAgrmntWrksht":"0x1a945c4c","relatedPAWDetailsLis (1 more) ...":"0x76891b70","targetEDR":0.00,"totalAppliedDeductib (2 more) ...":0.00,"totalCoInsurance":0.00,"totalCoPayAmt":0.00,"totalInsCoResp":0.00,"totalInsEIVAmt":0.00,"totalRowCount":0,"totalTalbottDay":0}|0x1fccea25
08:22:47.0 (83157281)|VARIABLE_ASSIGNMENT|[EXTERNAL]|value|null|
08:22:47.0 (83176885)|VARIABLE_ASSIGNMENT|[525]|this.insrncBnft|null|0x1fccea25
08:22:47.0 (83194137)|STATEMENT_EXECUTE|[272]
08:22:47.95 (95033479)|SYSTEM_MODE_ENTER|true
08:22:47.95 (95208444)|HEAP_ALLOCATE|[EXTERNAL]|Bytes:8
08:22:47.95 (95235419)|VARIABLE_SCOPE_BEGIN|[88]|this|ApexPage.PageMessagesComponentController|true|false
08:22:47.95 (95306208)|VARIABLE_ASSIGNMENT|[88]|this|{}|0x2f0adcbf
08:22:47.95 (95316522)|VARIABLE_SCOPE_BEGIN|[88]|escape|Boolean|false|false
08:22:47.95 (95325531)|VARIABLE_ASSIGNMENT|[88]|escape|null
08:22:47.0 (96065373)|HEAP_ALLOCATE|[EXTERNAL]|Bytes:18
08:22:47.0 (96097975)|HEAP_ALLOCATE|[EXTERNAL]|Bytes:84
08:22:47.0 (96135078)|VARIABLE_ASSIGNMENT|[EXTERNAL]|this.insrncBnftSelected|"a1H29000000jvcPEAQ"|0x1fccea25
08:22:47.0 (96320118)|HEAP_ALLOCATE|[EXTERNAL]|Bytes:84
08:22:47.0 (96332040)|VARIABLE_ASSIGNMENT|[EXTERNAL]|this.facilitySelected|null|0x1fccea25
08:22:47.0 (96444163)|HEAP_ALLOCATE|[EXTERNAL]|Bytes:84
08:22:47.0 (96456936)|VARIABLE_ASSIGNMENT|[EXTERNAL]|this.rateAdjstmntSelected|null|0x1fccea25
08:22:47.0 (96555652)|HEAP_ALLOCATE|[EXTERNAL]|Bytes:84
08:22:47.0 (96571432)|VARIABLE_ASSIGNMENT|[EXTERNAL]|this.fcltyPrgrmSelected|null|0x1fccea25
08:22:47.0 (108812983)|HEAP_ALLOCATE|[EXTERNAL]|Bytes:112
08:22:47.0 (108851353)|VARIABLE_SCOPE_BEGIN|[276]|this|PAW_New_EditCntrllr|true|false
08:22:47.0 (109000053)|VARIABLE_ASSIGNMENT|[276]|this|{"estmtCvrgeDaysObj":"0x590650aa","faciltyOptions":"0x57394ea3","fcltyPrgrmOptions":"0x75623059","idToOwnershipFacilit (4 more) ...":"0xe15c5f0","idToTypeFacilityMap":"0x65fd5798","insrncBnftMap":"0x1b9379c5","insrncBnftOptions":"0x1ca84676","isIop":false,"isTalbott":false,"meta":"0x3cb23a56","oppId":"00629000003FJ4b","pawObj":"0x33fcebcf","ptntInsrnceOptions":"0x29448ea3","ptntInsrncMap":"0x7781e60b","ptntInsrncObj":"0x72f1c1b6","quoteObj":"0x5a4c0227","recordId":"00629000003FJ4b","rtAdjstmntOptions":"0xe3a2832","showPILookup":false,"sObjectQueryStr":"","wrprObj":"0x1fccea25"}|0x41fa1e66
08:22:47.0 (109029601)|STATEMENT_EXECUTE|[276]
08:22:47.0 (109032450)|STATEMENT_EXECUTE|[277]
08:22:47.0 (109057482)|HEAP_ALLOCATE|[277]|Bytes:4
08:22:47.0 (109215189)|VARIABLE_ASSIGNMENT|[EXTERNAL]|this|{"estmtCvrgeDaysObj":"0x590650aa","faciltyOptions":"0x57394ea3","fcltyPrgrmOptions":"0x75623059","idToOwnershipFacilit (4 more) ...":"0xe15c5f0","idToTypeFacilityMap":"0x65fd5798","insrncBnftMap":"0x1b9379c5","insrncBnftOptions":"0x1ca84676","isIop":false,"isTalbott":false,"meta":"0x3cb23a56","oppId":"00629000003FJ4b","pawObj":"0x33fcebcf","ptntInsrnceOptions":"0x29448ea3","ptntInsrncMap":"0x7781e60b","ptntInsrncObj":"0x72f1c1b6","quoteObj":"0x5a4c0227","recordId":"00629000003FJ4b","rtAdjstmntOptions":"0xe3a2832","showPILookup":false,"sObjectQueryStr":"","wrprObj":"0x1fccea25"}|0x41fa1e66
08:22:47.0 (109278219)|HEAP_ALLOCATE|[EXTERNAL]|Bytes:4
08:22:47.0 (109292553)|VARIABLE_ASSIGNMENT|[EXTERNAL]|value|[]|0x2583d67
08:22:47.0 (109311430)|VARIABLE_ASSIGNMENT|[14]|this.faciltyOptions|[]|0x41fa1e66
08:22:47.0 (109325875)|STATEMENT_EXECUTE|[278]
08:22:47.0 (109335728)|HEAP_ALLOCATE|[278]|Bytes:4
08:22:47.0 (109436722)|VARIABLE_ASSIGNMENT|[EXTERNAL]|this|{"estmtCvrgeDaysObj":"0x590650aa","faciltyOptions":"0x2583d67","fcltyPrgrmOptions":"0x75623059","idToOwnershipFacilit (4 more) ...":"0xe15c5f0","idToTypeFacilityMap":"0x65fd5798","insrncBnftMap":"0x1b9379c5","insrncBnftOptions":"0x1ca84676","isIop":false,"isTalbott":false,"meta":"0x3cb23a56","oppId":"00629000003FJ4b","pawObj":"0x33fcebcf","ptntInsrnceOptions":"0x29448ea3","ptntInsrncMap":"0x7781e60b","ptntInsrncObj":"0x72f1c1b6","quoteObj":"0x5a4c0227","recordId":"00629000003FJ4b","rtAdjstmntOptions":"0xe3a2832","showPILookup":false,"sObjectQueryStr":"","wrprObj":"0x1fccea25"}|0x41fa1e66
08:22:47.0 (109468374)|HEAP_ALLOCATE|[EXTERNAL]|Bytes:4
08:22:47.0 (109476907)|VARIABLE_ASSIGNMENT|[EXTERNAL]|value|[]|0x5f72fce
08:22:47.0 (109491216)|VARIABLE_ASSIGNMENT|[15]|this.fcltyPrgrmOptions|[]|0x41fa1e66
08:22:47.0 (109501981)|STATEMENT_EXECUTE|[279]
08:22:47.0 (109511332)|HEAP_ALLOCATE|[279]|Bytes:4
08:22:47.0 (109550807)|HEAP_ALLOCATE|[EXTERNAL]|Bytes:4
08:22:47.0 (109561864)|VARIABLE_ASSIGNMENT|[279]|this.rtAdjstmntOptions|[]|0x41fa1e66
08:22:47.0 (109567498)|STATEMENT_EXECUTE|[280]
08:22:47.0 (109650012)|VARIABLE_ASSIGNMENT|[EXTERNAL]|this|{"estmtCvrgeDaysObj":"0x590650aa","faciltyOptions":"0x2583d67","fcltyPrgrmOptions":"0x5f72fce","idToOwnershipFacilit (4 more) ...":"0xe15c5f0","idToTypeFacilityMap":"0x65fd5798","insrncBnftMap":"0x1b9379c5","insrncBnftOptions":"0x1ca84676","isIop":false,"isTalbott":false,"meta":"0x3cb23a56","oppId":"00629000003FJ4b","pawObj":"0x33fcebcf","ptntInsrnceOptions":"0x29448ea3","ptntInsrncMap":"0x7781e60b","ptntInsrncObj":"0x72f1c1b6","quoteObj":"0x5a4c0227","recordId":"00629000003FJ4b","rtAdjstmntOptions":"0x1e40b059","showPILookup":false,"sObjectQueryStr":"","wrprObj":"0x1fccea25"}|0x41fa1e66
08:22:47.0 (109748140)|VARIABLE_ASSIGNMENT|[EXTERNAL]|this|{"insrncBnftSelected":"a1H29000000jvcPEAQ","pawDetailListDisplay (4 more) ...":false,"pyAgrmntWrksht":"0x1a945c4c","relatedPAWDetailsLis (1 more) ...":"0x76891b70","targetEDR":0.00,"totalAppliedDeductib (2 more) ...":0.00,"totalCoInsurance":0.00,"totalCoPayAmt":0.00,"totalInsCoResp":0.00,"totalInsEIVAmt":0.00,"totalRowCount":0,"totalTalbottDay":0}|0x1fccea25
08:22:47.0 (109764596)|VARIABLE_ASSIGNMENT|[EXTERNAL]|value|""
08:22:47.0 (109776783)|VARIABLE_ASSIGNMENT|[527]|this.facilitySelected|""|0x1fccea25
08:22:47.0 (109786711)|STATEMENT_EXECUTE|[281]
08:22:47.0 (109867683)|VARIABLE_ASSIGNMENT|[EXTERNAL]|this|{"estmtCvrgeDaysObj":"0x590650aa","faciltyOptions":"0x2583d67","fcltyPrgrmOptions":"0x5f72fce","idToOwnershipFacilit (4 more) ...":"0xe15c5f0","idToTypeFacilityMap":"0x65fd5798","insrncBnftMap":"0x1b9379c5","insrncBnftOptions":"0x1ca84676","isIop":false,"isTalbott":false,"meta":"0x3cb23a56","oppId":"00629000003FJ4b","pawObj":"0x33fcebcf","ptntInsrnceOptions":"0x29448ea3","ptntInsrncMap":"0x7781e60b","ptntInsrncObj":"0x72f1c1b6","quoteObj":"0x5a4c0227","recordId":"00629000003FJ4b","rtAdjstmntOptions":"0x1e40b059","showPILookup":false,"sObjectQueryStr":"","wrprObj":"0x1fccea25"}|0x41fa1e66
08:22:47.0 (109899930)|HEAP_ALLOCATE|[281]|Bytes:8
08:22:47.0 (109969597)|HEAP_ALLOCATE|[EXTERNAL]|Bytes:4
08:22:47.0 (110053081)|VARIABLE_ASSIGNMENT|[EXTERNAL]|this|{"estmtCvrgeDaysObj":"0x590650aa","faciltyOptions":"0x2583d67","fcltyPrgrmOptions":"0x5f72fce","idToOwnershipFacilit (4 more) ...":"0xe15c5f0","idToTypeFacilityMap":"0x65fd5798","insrncBnftMap":"0x1b9379c5","insrncBnftOptions":"0x1ca84676","isIop":false,"isTalbott":false,"meta":"0x3cb23a56","oppId":"00629000003FJ4b","pawObj":"0x33fcebcf","ptntInsrnceOptions":"0x29448ea3","ptntInsrncMap":"0x7781e60b","ptntInsrncObj":"0x72f1c1b6","quoteObj":"0x5a4c0227","recordId":"00629000003FJ4b","rtAdjstmntOptions":"0x1e40b059","showPILookup":false,"sObjectQueryStr":"","wrprObj":"0x1fccea25"}|0x41fa1e66
08:22:47.0 (110122230)|VARIABLE_ASSIGNMENT|[EXTERNAL]|this|{"facilitySelected":"","insrncBnftSelected":"a1H29000000jvcPEAQ","pawDetailListDisplay (4 more) ...":false,"pyAgrmntWrksht":"0x1a945c4c","relatedPAWDetailsLis (1 more) ...":"0x76891b70","targetEDR":0.00,"totalAppliedDeductib (2 more) ...":0.00,"totalCoInsurance":0.00,"totalCoPayAmt":0.00,"totalInsCoResp":0.00,"totalInsEIVAmt":0.00,"totalRowCount":0,"totalTalbottDay":0}|0x1fccea25
08:22:47.0 (110199389)|VARIABLE_ASSIGNMENT|[EXTERNAL]|this|{"estmtCvrgeDaysObj":"0x590650aa","faciltyOptions":"0x2583d67","fcltyPrgrmOptions":"0x5f72fce","idToOwnershipFacilit (4 more) ...":"0xe15c5f0","idToTypeFacilityMap":"0x65fd5798","insrncBnftMap":"0x1b9379c5","insrncBnftOptions":"0x1ca84676","isIop":false,"isTalbott":false,"meta":"0x3cb23a56","oppId":"00629000003FJ4b","pawObj":"0x33fcebcf","ptntInsrnceOptions":"0x29448ea3","ptntInsrncMap":"0x7781e60b","ptntInsrncObj":"0x72f1c1b6","quoteObj":"0x5a4c0227","recordId":"00629000003FJ4b","rtAdjstmntOptions":"0x1e40b059","showPILookup":false,"sObjectQueryStr":"","wrprObj":"0x1fccea25"}|0x41fa1e66
08:22:47.0 (110261909)|VARIABLE_ASSIGNMENT|[EXTERNAL]|this|{"facilitySelected":"","insrncBnftSelected":"a1H29000000jvcPEAQ","pawDetailListDisplay (4 more) ...":false,"pyAgrmntWrksht":"0x1a945c4c","relatedPAWDetailsLis (1 more) ...":"0x76891b70","targetEDR":0.00,"totalAppliedDeductib (2 more) ...":0.00,"totalCoInsurance":0.00,"totalCoPayAmt":0.00,"totalInsCoResp":0.00,"totalInsEIVAmt":0.00,"totalRowCount":0,"totalTalbottDay":0}|0x1fccea25
08:22:47.0 (110859112)|STATEMENT_EXECUTE|[282]
08:22:47.0 (110862792)|STATEMENT_EXECUTE|[283]
08:22:47.0 (111011003)|VARIABLE_ASSIGNMENT|[EXTERNAL]|this|{"estmtCvrgeDaysObj":"0x590650aa","faciltyOptions":"0x2583d67","fcltyPrgrmOptions":"0x5f72fce","idToOwnershipFacilit (4 more) ...":"0xe15c5f0","idToTypeFacilityMap":"0x65fd5798","insrncBnftMap":"0x1b9379c5","insrncBnftOptions":"0x1ca84676","isIop":false,"isTalbott":false,"meta":"0x3cb23a56","oppId":"00629000003FJ4b","pawObj":"0x33fcebcf","ptntInsrnceOptions":"0x29448ea3","ptntInsrncMap":"0x7781e60b","ptntInsrncObj":"0x72f1c1b6","quoteObj":"0x5a4c0227","recordId":"00629000003FJ4b","rtAdjstmntOptions":"0x1e40b059","showPILookup":false,"sObjectQueryStr":"","wrprObj":"0x1fccea25"}|0x41fa1e66
08:22:47.0 (111119964)|VARIABLE_ASSIGNMENT|[EXTERNAL]|this|{"facilitySelected":"","insrncBnftSelected":"a1H29000000jvcPEAQ","pawDetailListDisplay (4 more) ...":false,"pyAgrmntWrksht":"0x1a945c4c","relatedPAWDetailsLis (1 more) ...":"0x76891b70","targetEDR":0.00,"totalAppliedDeductib (2 more) ...":0.00,"totalCoInsurance":0.00,"totalCoPayAmt":0.00,"totalInsCoResp":0.00,"totalInsEIVAmt":0.00,"totalRowCount":0,"totalTalbottDay":0}|0x1fccea25
08:22:47.0 (111338050)|VARIABLE_ASSIGNMENT|[EXTERNAL]|this|{"estmtCvrgeDaysObj":"0x590650aa","faciltyOptions":"0x2583d67","fcltyPrgrmOptions":"0x5f72fce","idToOwnershipFacilit (4 more) ...":"0xe15c5f0","idToTypeFacilityMap":"0x65fd5798","insrncBnftMap":"0x1b9379c5","insrncBnftOptions":"0x1ca84676","isIop":false,"isTalbott":false,"meta":"0x3cb23a56","oppId":"00629000003FJ4b","pawObj":"0x33fcebcf","ptntInsrnceOptions":"0x29448ea3","ptntInsrncMap":"0x7781e60b","ptntInsrncObj":"0x72f1c1b6","quoteObj":"0x5a4c0227","recordId":"00629000003FJ4b","rtAdjstmntOptions":"0x1e40b059","showPILookup":false,"sObjectQueryStr":"","wrprObj":"0x1fccea25"}|0x41fa1e66
08:22:47.0 (111452011)|VARIABLE_ASSIGNMENT|[EXTERNAL]|this|{"facilitySelected":"","insrncBnftSelected":"a1H29000000jvcPEAQ","pawDetailListDisplay (4 more) ...":false,"pyAgrmntWrksht":"0x1a945c4c","relatedPAWDetailsLis (1 more) ...":"0x76891b70","targetEDR":0.00,"totalAppliedDeductib (2 more) ...":0.00,"totalCoInsurance":0.00,"totalCoPayAmt":0.00,"totalInsCoResp":0.00,"totalInsEIVAmt":0.00,"totalRowCount":0,"totalTalbottDay":0}|0x1fccea25
08:22:47.0 (111538924)|VARIABLE_ASSIGNMENT|[EXTERNAL]|value|{"Id":"a1H29000000jvcPEAQ","Name":"Insurance Benefit 75 (2 more) ...","RecordTypeId":"012j00000015GS7AAM","Patient_Insurance__c":"a1b29000000d1kgAAA","PHP_Admit_Co_Payment (3 more) ...":0.00,"Deductible__c":6000.00,"Deductible_Met__c":0.00,"Max_Out_of_Pocket_Re (10 more) ...":16000.00,"Insurance_Company_is (18 more) ...":false,"Annual_Max_Remaining (3 more) ...":1000000,"Deductible_Remaining (3 more) ...":6000.00,"Detox_Pays_at__c":50.00,"RTC_Pays_at__c":50.00,"PHP_Pays_at__c":50.00,"IOP_Pays_at__c":50.00,"Uncovered_Days_Rate_ (2 more) ...":1020.00,"Room_and_Board_Days_ (7 more) ...":2000.00,"Deductible_Included_ (9 more) ...":"Yes","Uncovered_Days__c":10,"Lifetime_Max__c":1000000.00,"Lifetime_Max_Met__c":0.00,"Annual_Max__c":1000000.00,"Annual_Max_Met__c":0.00,"Max_Out_of_Pocket__c":16000.00,"Max_Out_of_Pocket_Me (4 more) ...":0.00,"RecordType":{"Name":"Out of Network","Id":"012j00000015GS7AAM"},"Patient_Insurance__r":{"Opportunity__c":"00629000003FJ4bAAG","Accreditation__c":"State","Insurance_Company__c":"0012900000AXSNIAA5","Id":"a1b29000000d1kgAAA","Insurance_Company__r":{"Name":"4 Your Choice","Id":"0012900000AXSNIAA5","RecordTypeId":"012j00000015GRqAAM"}}}|0x3e70d409
08:22:47.0 (111633270)|VARIABLE_ASSIGNMENT|[525]|this.insrncBnft|{"Id":"a1H29000000jvcPEAQ","Name":"Insurance Benefit 75 (2 more) ...","RecordTypeId":"012j00000015GS7AAM","Patient_Insurance__c":"a1b29000000d1kgAAA","PHP_Admit_Co_Payment (3 more) ...":0.00,"Deductible__c":6000.00,"Deductible_Met__c":0.00,"Max_Out_of_Pocket_Re (10 more) ...":16000.00,"Insurance_Company_is (18 more) ...":false,"Annual_Max_Remaining (3 more) ...":1000000,"Deductible_Remaining (3 more) ...":6000.00,"Detox_Pays_at__c":50.00,"RTC_Pays_at__c":50.00,"PHP_Pays_at__c":50.00,"IOP_Pays_at__c":50.00,"Uncovered_Days_Rate_ (2 more) ...":1020.00,"Room_and_Board_Days_ (7 more) ...":2000.00,"Deductible_Included_ (9 more) ...":"Yes","Uncovered_Days__c":10,"Lifetime_Max__c":1000000.00,"Lifetime_Max_Met__c":0.00,"Annual_Max__c":1000000.00,"Annual_Max_Met__c":0.00,"Max_Out_of_Pocket__c":16000.00,"Max_Out_of_Pocket_Me (4 more) ...":0.00,"RecordType":{"Name":"Out of Network","Id":"012j00000015GS7AAM"},"Patient_Insurance__r":{"Opportunity__c":"00629000003FJ4bAAG","Accreditation__c":"State","Insurance_Company__c":"0012900000AXSNIAA5","Id":"a1b29000000d1kgAAA","Insurance_Company__r":{"Name":"4 Your Choice","Id":"0012900000AXSNIAA5","RecordTypeId":"012j00000015GRqAAM"}}}|0x1fccea25
08:22:47.0 (111676263)|STATEMENT_EXECUTE|[284]
08:22:47.0 (111797787)|VARIABLE_ASSIGNMENT|[EXTERNAL]|this|{"estmtCvrgeDaysObj":"0x590650aa","faciltyOptions":"0x2583d67","fcltyPrgrmOptions":"0x5f72fce","idToOwnershipFacilit (4 more) ...":"0xe15c5f0","idToTypeFacilityMap":"0x65fd5798","insrncBnftMap":"0x1b9379c5","insrncBnftOptions":"0x1ca84676","isIop":false,"isTalbott":false,"meta":"0x3cb23a56","oppId":"00629000003FJ4b","pawObj":"0x33fcebcf","ptntInsrnceOptions":"0x29448ea3","ptntInsrncMap":"0x7781e60b","ptntInsrncObj":"0x72f1c1b6","quoteObj":"0x5a4c0227","recordId":"00629000003FJ4b","rtAdjstmntOptions":"0x1e40b059","showPILookup":false,"sObjectQueryStr":"","wrprObj":"0x1fccea25"}|0x41fa1e66
08:22:47.0 (111922647)|VARIABLE_ASSIGNMENT|[EXTERNAL]|this|{"facilitySelected":"","insrncBnft":"0x3e70d409","insrncBnftSelected":"a1H29000000jvcPEAQ","pawDetailListDisplay (4 more) ...":false,"pyAgrmntWrksht":"0x1a945c4c","relatedPAWDetailsLis (1 more) ...":"0x76891b70","targetEDR":0.00,"totalAppliedDeductib (2 more) ...":0.00,"totalCoInsurance":0.00,"totalCoPayAmt":0.00,"totalInsCoResp":0.00,"totalInsEIVAmt":0.00,"totalRowCount":0,"totalTalbottDay":0}|0x1fccea25
08:22:47.0 (112119729)|VARIABLE_ASSIGNMENT|[EXTERNAL]|this|{"estmtCvrgeDaysObj":"0x590650aa","faciltyOptions":"0x2583d67","fcltyPrgrmOptions":"0x5f72fce","idToOwnershipFacilit (4 more) ...":"0xe15c5f0","idToTypeFacilityMap":"0x65fd5798","insrncBnftMap":"0x1b9379c5","insrncBnftOptions":"0x1ca84676","isIop":false,"isTalbott":false,"meta":"0x3cb23a56","oppId":"00629000003FJ4b","pawObj":"0x33fcebcf","ptntInsrnceOptions":"0x29448ea3","ptntInsrncMap":"0x7781e60b","ptntInsrncObj":"0x72f1c1b6","quoteObj":"0x5a4c0227","recordId":"00629000003FJ4b","rtAdjstmntOptions":"0x1e40b059","showPILookup":false,"sObjectQueryStr":"","wrprObj":"0x1fccea25"}|0x41fa1e66
08:22:47.0 (112233035)|VARIABLE_ASSIGNMENT|[EXTERNAL]|this|{"facilitySelected":"","insrncBnft":"0x3e70d409","insrncBnftSelected":"a1H29000000jvcPEAQ","pawDetailListDisplay (4 more) ...":false,"pyAgrmntWrksht":"0x1a945c4c","relatedPAWDetailsLis (1 more) ...":"0x76891b70","targetEDR":0.00,"totalAppliedDeductib (2 more) ...":0.00,"totalCoInsurance":0.00,"totalCoPayAmt":0.00,"totalInsCoResp":0.00,"totalInsEIVAmt":0.00,"totalRowCount":0,"totalTalbottDay":0}|0x1fccea25
08:22:47.0 (112396618)|VARIABLE_ASSIGNMENT|[284]|this.Deductible_Included_in_OOP__c|"Yes"|0x1a945c4c
08:22:47.0 (112425278)|STATEMENT_EXECUTE|[285]
08:22:47.0 (112474144)|HEAP_ALLOCATE|[285]|Bytes:4
08:22:47.0 (112488894)|HEAP_ALLOCATE|[285]|Bytes:315
08:22:47.0 (112510811)|HEAP_ALLOCATE|[285]|Bytes:4
08:22:47.0 (112682364)|VARIABLE_ASSIGNMENT|[EXTERNAL]|this|{"estmtCvrgeDaysObj":"0x590650aa","faciltyOptions":"0x2583d67","fcltyPrgrmOptions":"0x5f72fce","idToOwnershipFacilit (4 more) ...":"0xe15c5f0","idToTypeFacilityMap":"0x65fd5798","insrncBnftMap":"0x1b9379c5","insrncBnftOptions":"0x1ca84676","isIop":false,"isTalbott":false,"meta":"0x3cb23a56","oppId":"00629000003FJ4b","pawObj":"0x33fcebcf","ptntInsrnceOptions":"0x29448ea3","ptntInsrncMap":"0x7781e60b","ptntInsrncObj":"0x72f1c1b6","quoteObj":"0x5a4c0227","recordId":"00629000003FJ4b","rtAdjstmntOptions":"0x1e40b059","showPILookup":false,"sObjectQueryStr":"","wrprObj":"0x1fccea25"}|0x41fa1e66
08:22:47.0 (112786462)|VARIABLE_ASSIGNMENT|[EXTERNAL]|this|{"facilitySelected":"","insrncBnft":"0x3e70d409","insrncBnftSelected":"a1H29000000jvcPEAQ","pawDetailListDisplay (4 more) ...":false,"pyAgrmntWrksht":"0x1a945c4c","relatedPAWDetailsLis (1 more) ...":"0x76891b70","targetEDR":0.00,"totalAppliedDeductib (2 more) ...":0.00,"totalCoInsurance":0.00,"totalCoPayAmt":0.00,"totalInsCoResp":0.00,"totalInsEIVAmt":0.00,"totalRowCount":0,"totalTalbottDay":0}|0x1fccea25
08:22:47.0 (114453210)|SOQL_EXECUTE_BEGIN|[285]|Aggregations:0|SELECT Id, DTX_Days__c, FRN_Facility__c, FRN_Facility__r.Name, FRN_Facility__r.Ownership, FRN_Facility__r.FRN_Facility_Type__c, Insurance_Benefit__c, IOP_Days__c, PHP_Days__c, RTC_Days__c, Total_Copay__c FROM Estimated_Coverage_Days__c WHERE Insurance_Benefit__c = :tmpVar1 ORDER BY LastModifiedDate ASC NULLS FIRST
08:22:47.0 (123778504)|SOQL_EXECUTE_END|[285]|Rows:7
08:22:47.0 (123831526)|HEAP_ALLOCATE|[285]|Bytes:32
08:22:47.0 (123906740)|HEAP_ALLOCATE|[285]|Bytes:3639
08:22:47.0 (124043192)|HEAP_ALLOCATE|[285]|Bytes:32
08:22:47.0 (124136948)|HEAP_ALLOCATE|[285]|Bytes:40
08:22:47.0 (124161478)|HEAP_ALLOCATE|[285]|Bytes:4
08:22:47.0 (124171176)|HEAP_ALLOCATE|[285]|Bytes:40
08:22:47.0 (124178480)|HEAP_ALLOCATE|[285]|Bytes:4
08:22:47.0 (124183972)|HEAP_ALLOCATE|[285]|Bytes:40
08:22:47.0 (124191400)|HEAP_ALLOCATE|[285]|Bytes:4
08:22:47.0 (124196778)|HEAP_ALLOCATE|[285]|Bytes:40
08:22:47.0 (124204029)|HEAP_ALLOCATE|[285]|Bytes:4
08:22:47.0 (124209260)|HEAP_ALLOCATE|[285]|Bytes:40
08:22:47.0 (124215756)|HEAP_ALLOCATE|[285]|Bytes:4
08:22:47.0 (124240582)|HEAP_ALLOCATE|[285]|Bytes:40
08:22:47.0 (124250042)|HEAP_ALLOCATE|[285]|Bytes:4
08:22:47.0 (124255346)|HEAP_ALLOCATE|[285]|Bytes:32
08:22:47.0 (124261818)|HEAP_ALLOCATE|[285]|Bytes:4
08:22:47.0 (124321038)|VARIABLE_ASSIGNMENT|[285]|this.estmtCnrgDaysMap|"Map of size 7 too large to display"|0x41fa1e66
08:22:47.0 (124424985)|HEAP_ALLOCATE|[EXTERNAL]|Bytes:32
08:22:47.0 (124468148)|HEAP_ALLOCATE|[299]|Bytes:3664
08:22:47.0 (124691581)|HEAP_ALLOCATE|[299]|Bytes:5
08:22:47.0 (124730729)|HEAP_ALLOCATE|[299]|Bytes:40
08:22:47.0 (124752863)|VARIABLE_SCOPE_BEGIN|[299]|estmtInstance|Estimated_Coverage_Days__c|true|false
08:22:47.0 (124825221)|VARIABLE_ASSIGNMENT|[299]|estmtInstance|{"Id":"a18290000007llTAAQ","DTX_Days__c":0,"FRN_Facility__c":"0012900000AXSlZAAX","Insurance_Benefit__c":"a1H29000000jvcPEAQ","IOP_Days__c":5,"PHP_Days__c":10,"RTC_Days__c":0,"Total_Copay__c":0.00,"FRN_Facility__r":{"Name":"The Canyon","Ownership":"FRN","FRN_Facility_Type__c":"Residential Treatmen (1 more) ...","Id":"0012900000AXSlZAAX","RecordTypeId":"012j00000015GRpAAM"}}|0x76ebb7ad
08:22:47.0 (124847452)|STATEMENT_EXECUTE|[299]
08:22:47.0 (124849801)|STATEMENT_EXECUTE|[300]
08:22:47.0 (125069747)|HEAP_ALLOCATE|[EXTERNAL]|Bytes:-4
08:22:47.0 (125084347)|STATEMENT_EXECUTE|[301]
08:22:47.0 (125150576)|HEAP_ALLOCATE|[EXTERNAL]|Bytes:-4
08:22:47.0 (125162156)|STATEMENT_EXECUTE|[302]
08:22:47.0 (125319671)|VARIABLE_ASSIGNMENT|[EXTERNAL]|this|{"estmtCnrgDaysMap":"0x69f2e2d5","estmtCvrgeDaysObj":"0x590650aa","faciltyOptions":"0x2583d67","fcltyPrgrmOptions":"0x5f72fce","idToOwnershipFacilit (4 more) ...":"0xe15c5f0","idToTypeFacilityMap":"0x65fd5798","insrncBnftMap":"0x1b9379c5","insrncBnftOptions":"0x1ca84676","isIop":false,"isTalbott":false,"meta":"0x3cb23a56","oppId":"00629000003FJ4b","pawObj":"0x33fcebcf","ptntInsrnceOptions":"0x29448ea3","ptntInsrncMap":"0x7781e60b","ptntInsrncObj":"0x72f1c1b6","quoteObj":"0x5a4c0227","recordId":"00629000003FJ4b","rtAdjstmntOptions":"0x1e40b059","showPILookup":false,"sObjectQueryStr":"","wrprObj":"0x1fccea25"}|0x41fa1e66
08:22:47.0 (125370669)|HEAP_ALLOCATE|[302]|Bytes:18
08:22:47.0 (125458406)|HEAP_ALLOCATE|[EXTERNAL]|Bytes:4
08:22:47.0 (125478380)|HEAP_ALLOCATE|[299]|Bytes:5
08:22:47.0 (125494077)|HEAP_ALLOCATE|[299]|Bytes:40
08:22:47.0 (125503181)|VARIABLE_SCOPE_BEGIN|[299]|estmtInstance|Estimated_Coverage_Days__c|true|false
08:22:47.0 (125530924)|VARIABLE_ASSIGNMENT|[299]|estmtInstance|{"Id":"a18290000007llUAAQ","DTX_Days__c":5,"FRN_Facility__c":"0012900000AXSldAAH","Insurance_Benefit__c":"a1H29000000jvcPEAQ","IOP_Days__c":0,"PHP_Days__c":0,"RTC_Days__c":10,"Total_Copay__c":0.00,"FRN_Facility__r":{"Name":"The Oaks at La Palom (1 more) ...","Ownership":"FRN","FRN_Facility_Type__c":"Residential Treatmen (1 more) ...","Id":"0012900000AXSldAAH","RecordTypeId":"012j00000015GRpAAM"}}|0x24481d5a
08:22:47.0 (125541846)|STATEMENT_EXECUTE|[299]
08:22:47.0 (125543253)|STATEMENT_EXECUTE|[300]
08:22:47.0 (125574471)|HEAP_ALLOCATE|[EXTERNAL]|Bytes:-4
08:22:47.0 (125583749)|STATEMENT_EXECUTE|[301]
08:22:47.0 (125598149)|HEAP_ALLOCATE|[EXTERNAL]|Bytes:-4
08:22:47.0 (125605150)|STATEMENT_EXECUTE|[302]
08:22:47.0 (125675903)|VARIABLE_ASSIGNMENT|[EXTERNAL]|this|{"estmtCnrgDaysMap":"0x69f2e2d5","estmtCvrgeDaysObj":"0x590650aa","faciltyOptions":"0x2583d67","fcltyPrgrmOptions":"0x5f72fce","idToOwnershipFacilit (4 more) ...":"0xe15c5f0","idToTypeFacilityMap":"0x65fd5798","insrncBnftMap":"0x1b9379c5","insrncBnftOptions":"0x1ca84676","isIop":false,"isTalbott":false,"meta":"0x3cb23a56","oppId":"00629000003FJ4b","pawObj":"0x33fcebcf","ptntInsrnceOptions":"0x29448ea3","ptntInsrncMap":"0x7781e60b","ptntInsrncObj":"0x72f1c1b6","quoteObj":"0x5a4c0227","recordId":"00629000003FJ4b","rtAdjstmntOptions":"0x1e40b059","showPILookup":false,"sObjectQueryStr":"","wrprObj":"0x1fccea25"}|0x41fa1e66
08:22:47.0 (125706471)|HEAP_ALLOCATE|[302]|Bytes:18
08:22:47.0 (125731227)|HEAP_ALLOCATE|[EXTERNAL]|Bytes:4
08:22:47.0 (125747343)|HEAP_ALLOCATE|[299]|Bytes:5
08:22:47.0 (125761735)|HEAP_ALLOCATE|[299]|Bytes:40
08:22:47.0 (125774430)|VARIABLE_SCOPE_BEGIN|[299]|estmtInstance|Estimated_Coverage_Days__c|true|false
08:22:47.0 (125801006)|VARIABLE_ASSIGNMENT|[299]|estmtInstance|{"Id":"a18290000007llVAAQ","DTX_Days__c":5,"FRN_Facility__c":"0012900000AXSleAAH","Insurance_Benefit__c":"a1H29000000jvcPEAQ","IOP_Days__c":0,"PHP_Days__c":0,"RTC_Days__c":10,"Total_Copay__c":0.00,"FRN_Facility__r":{"Name":"Michael's House","Ownership":"FRN","FRN_Facility_Type__c":"Residential Treatmen (1 more) ...","Id":"0012900000AXSleAAH","RecordTypeId":"012j00000015GRpAAM"}}|0x3e8e788e
08:22:47.0 (125811409)|STATEMENT_EXECUTE|[299]
08:22:47.0 (125812734)|STATEMENT_EXECUTE|[300]
08:22:47.0 (125844534)|HEAP_ALLOCATE|[EXTERNAL]|Bytes:-4
08:22:47.0 (125853353)|STATEMENT_EXECUTE|[301]
08:22:47.0 (125867447)|HEAP_ALLOCATE|[EXTERNAL]|Bytes:-4
08:22:47.0 (125874604)|STATEMENT_EXECUTE|[302]
08:22:47.0 (125953533)|VARIABLE_ASSIGNMENT|[EXTERNAL]|this|{"estmtCnrgDaysMap":"0x69f2e2d5","estmtCvrgeDaysObj":"0x590650aa","faciltyOptions":"0x2583d67","fcltyPrgrmOptions":"0x5f72fce","idToOwnershipFacilit (4 more) ...":"0xe15c5f0","idToTypeFacilityMap":"0x65fd5798","insrncBnftMap":"0x1b9379c5","insrncBnftOptions":"0x1ca84676","isIop":false,"isTalbott":false,"meta":"0x3cb23a56","oppId":"00629000003FJ4b","pawObj":"0x33fcebcf","ptntInsrnceOptions":"0x29448ea3","ptntInsrncMap":"0x7781e60b","ptntInsrncObj":"0x72f1c1b6","quoteObj":"0x5a4c0227","recordId":"00629000003FJ4b","rtAdjstmntOptions":"0x1e40b059","showPILookup":false,"sObjectQueryStr":"","wrprObj":"0x1fccea25"}|0x41fa1e66
08:22:47.0 (125984994)|HEAP_ALLOCATE|[302]|Bytes:18
08:22:47.0 (126009166)|HEAP_ALLOCATE|[EXTERNAL]|Bytes:4
08:22:47.0 (126026200)|HEAP_ALLOCATE|[299]|Bytes:5
08:22:47.0 (126040381)|HEAP_ALLOCATE|[299]|Bytes:40
08:22:47.0 (126048898)|VARIABLE_SCOPE_BEGIN|[299]|estmtInstance|Estimated_Coverage_Days__c|true|false
08:22:47.0 (126074855)|VARIABLE_ASSIGNMENT|[299]|estmtInstance|{"Id":"a18290000007llWAAQ","DTX_Days__c":0,"FRN_Facility__c":"001j000000NqKMtAAN","Insurance_Benefit__c":"a1H29000000jvcPEAQ","IOP_Days__c":5,"PHP_Days__c":10,"RTC_Days__c":0,"Total_Copay__c":0.00,"FRN_Facility__r":{"Name":"Black Bear Lodge","Ownership":"FRN","FRN_Facility_Type__c":"Residential Treatmen (1 more) ...","Id":"001j000000NqKMtAAN","RecordTypeId":"012j00000015GRpAAM"}}|0x3903d195
08:22:47.0 (126085398)|STATEMENT_EXECUTE|[299]
08:22:47.0 (126086903)|STATEMENT_EXECUTE|[300]
08:22:47.0 (126117506)|HEAP_ALLOCATE|[EXTERNAL]|Bytes:-4
08:22:47.0 (126126332)|STATEMENT_EXECUTE|[301]
08:22:47.0 (126140868)|HEAP_ALLOCATE|[EXTERNAL]|Bytes:-4
08:22:47.0 (126147684)|STATEMENT_EXECUTE|[302]
08:22:47.0 (126215744)|VARIABLE_ASSIGNMENT|[EXTERNAL]|this|{"estmtCnrgDaysMap":"0x69f2e2d5","estmtCvrgeDaysObj":"0x590650aa","faciltyOptions":"0x2583d67","fcltyPrgrmOptions":"0x5f72fce","idToOwnershipFacilit (4 more) ...":"0xe15c5f0","idToTypeFacilityMap":"0x65fd5798","insrncBnftMap":"0x1b9379c5","insrncBnftOptions":"0x1ca84676","isIop":false,"isTalbott":false,"meta":"0x3cb23a56","oppId":"00629000003FJ4b","pawObj":"0x33fcebcf","ptntInsrnceOptions":"0x29448ea3","ptntInsrncMap":"0x7781e60b","ptntInsrncObj":"0x72f1c1b6","quoteObj":"0x5a4c0227","recordId":"00629000003FJ4b","rtAdjstmntOptions":"0x1e40b059","showPILookup":false,"sObjectQueryStr":"","wrprObj":"0x1fccea25"}|0x41fa1e66
08:22:47.0 (126245855)|HEAP_ALLOCATE|[302]|Bytes:18
08:22:47.0 (126272700)|HEAP_ALLOCATE|[EXTERNAL]|Bytes:4
08:22:47.0 (126293380)|HEAP_ALLOCATE|[299]|Bytes:5
08:22:47.0 (126307783)|HEAP_ALLOCATE|[299]|Bytes:40
08:22:47.0 (126316285)|VARIABLE_SCOPE_BEGIN|[299]|estmtInstance|Estimated_Coverage_Days__c|true|false
08:22:47.0 (126341343)|VARIABLE_ASSIGNMENT|[299]|estmtInstance|{"Id":"a18290000007llXAAQ","DTX_Days__c":0,"FRN_Facility__c":"001j000000mFOu7AAG","Insurance_Benefit__c":"a1H29000000jvcPEAQ","IOP_Days__c":5,"PHP_Days__c":10,"RTC_Days__c":0,"Total_Copay__c":0.00,"FRN_Facility__r":{"Name":"Skywood","Ownership":"FRN","FRN_Facility_Type__c":"Residential Treatmen (1 more) ...","Id":"001j000000mFOu7AAG","RecordTypeId":"012j00000015GRpAAM"}}|0x127e5fc7
08:22:47.0 (126351826)|STATEMENT_EXECUTE|[299]
08:22:47.0 (126353123)|STATEMENT_EXECUTE|[300]
08:22:47.0 (126383190)|HEAP_ALLOCATE|[EXTERNAL]|Bytes:-4
08:22:47.0 (126391756)|STATEMENT_EXECUTE|[301]
08:22:47.0 (126405669)|HEAP_ALLOCATE|[EXTERNAL]|Bytes:-4
08:22:47.0 (126412367)|STATEMENT_EXECUTE|[302]
08:22:47.0 (126480334)|VARIABLE_ASSIGNMENT|[EXTERNAL]|this|{"estmtCnrgDaysMap":"0x69f2e2d5","estmtCvrgeDaysObj":"0x590650aa","faciltyOptions":"0x2583d67","fcltyPrgrmOptions":"0x5f72fce","idToOwnershipFacilit (4 more) ...":"0xe15c5f0","idToTypeFacilityMap":"0x65fd5798","insrncBnftMap":"0x1b9379c5","insrncBnftOptions":"0x1ca84676","isIop":false,"isTalbott":false,"meta":"0x3cb23a56","oppId":"00629000003FJ4b","pawObj":"0x33fcebcf","ptntInsrnceOptions":"0x29448ea3","ptntInsrncMap":"0x7781e60b","ptntInsrncObj":"0x72f1c1b6","quoteObj":"0x5a4c0227","recordId":"00629000003FJ4b","rtAdjstmntOptions":"0x1e40b059","showPILookup":false,"sObjectQueryStr":"","wrprObj":"0x1fccea25"}|0x41fa1e66
08:22:47.0 (126510391)|HEAP_ALLOCATE|[302]|Bytes:18
08:22:47.0 (126534104)|HEAP_ALLOCATE|[EXTERNAL]|Bytes:4
08:22:47.0 (126549593)|HEAP_ALLOCATE|[299]|Bytes:5
08:22:47.0 (126563602)|HEAP_ALLOCATE|[299]|Bytes:40
08:22:47.0 (126572185)|VARIABLE_SCOPE_BEGIN|[299]|estmtInstance|Estimated_Coverage_Days__c|true|false
08:22:47.0 (126597402)|VARIABLE_ASSIGNMENT|[299]|estmtInstance|{"Id":"a18290000007lmqAAA","DTX_Days__c":0,"FRN_Facility__c":"0012900000AXSlcAAH","Insurance_Benefit__c":"a1H29000000jvcPEAQ","IOP_Days__c":0,"PHP_Days__c":0,"RTC_Days__c":25,"Total_Copay__c":0.00,"FRN_Facility__r":{"Name":"Calvary Addiction Re (13 more) ...","Ownership":"FRN","FRN_Facility_Type__c":"Residential Treatmen (1 more) ...","Id":"0012900000AXSlcAAH","RecordTypeId":"012j00000015GRpAAM"}}|0x7638321f
08:22:47.0 (126607518)|STATEMENT_EXECUTE|[299]
08:22:47.0 (126608804)|STATEMENT_EXECUTE|[300]
08:22:47.0 (126638748)|HEAP_ALLOCATE|[EXTERNAL]|Bytes:-4
08:22:47.0 (126647385)|STATEMENT_EXECUTE|[301]
08:22:47.0 (126661452)|HEAP_ALLOCATE|[EXTERNAL]|Bytes:-4
08:22:47.0 (126668237)|STATEMENT_EXECUTE|[302]
08:22:47.0 (126734832)|VARIABLE_ASSIGNMENT|[EXTERNAL]|this|{"estmtCnrgDaysMap":"0x69f2e2d5","estmtCvrgeDaysObj":"0x590650aa","faciltyOptions":"0x2583d67","fcltyPrgrmOptions":"0x5f72fce","idToOwnershipFacilit (4 more) ...":"0xe15c5f0","idToTypeFacilityMap":"0x65fd5798","insrncBnftMap":"0x1b9379c5","insrncBnftOptions":"0x1ca84676","isIop":false,"isTalbott":false,"meta":"0x3cb23a56","oppId":"00629000003FJ4b","pawObj":"0x33fcebcf","ptntInsrnceOptions":"0x29448ea3","ptntInsrncMap":"0x7781e60b","ptntInsrncObj":"0x72f1c1b6","quoteObj":"0x5a4c0227","recordId":"00629000003FJ4b","rtAdjstmntOptions":"0x1e40b059","showPILookup":false,"sObjectQueryStr":"","wrprObj":"0x1fccea25"}|0x41fa1e66
08:22:47.0 (126764971)|HEAP_ALLOCATE|[302]|Bytes:18
08:22:47.0 (126792590)|HEAP_ALLOCATE|[EXTERNAL]|Bytes:4
08:22:47.0 (126808886)|HEAP_ALLOCATE|[299]|Bytes:5
08:22:47.0 (126822462)|HEAP_ALLOCATE|[299]|Bytes:32
08:22:47.0 (126830912)|VARIABLE_SCOPE_BEGIN|[299]|estmtInstance|Estimated_Coverage_Days__c|true|false
08:22:47.0 (126855424)|VARIABLE_ASSIGNMENT|[299]|estmtInstance|{"Id":"a18290000007mReAAI","FRN_Facility__c":"0012900000AXSljAAH","Insurance_Benefit__c":"a1H29000000jvcPEAQ","IOP_Days__c":0,"PHP_Days__c":0,"Total_Copay__c":0.00,"FRN_Facility__r":{"Name":"Talbott Recovery Cam (3 more) ...","Ownership":"Talbott","FRN_Facility_Type__c":"Residential Treatmen (1 more) ...","Id":"0012900000AXSljAAH","RecordTypeId":"012j00000015GRpAAM"}}|0x3bbf6e5e
08:22:47.0 (126865056)|STATEMENT_EXECUTE|[299]
08:22:47.0 (126866457)|STATEMENT_EXECUTE|[300]
08:22:47.0 (126895829)|HEAP_ALLOCATE|[EXTERNAL]|Bytes:-4
08:22:47.0 (126904378)|STATEMENT_EXECUTE|[301]
08:22:47.0 (126918160)|HEAP_ALLOCATE|[EXTERNAL]|Bytes:-4
08:22:47.0 (126929362)|STATEMENT_EXECUTE|[302]
08:22:47.0 (126996566)|VARIABLE_ASSIGNMENT|[EXTERNAL]|this|{"estmtCnrgDaysMap":"0x69f2e2d5","estmtCvrgeDaysObj":"0x590650aa","faciltyOptions":"0x2583d67","fcltyPrgrmOptions":"0x5f72fce","idToOwnershipFacilit (4 more) ...":"0xe15c5f0","idToTypeFacilityMap":"0x65fd5798","insrncBnftMap":"0x1b9379c5","insrncBnftOptions":"0x1ca84676","isIop":false,"isTalbott":false,"meta":"0x3cb23a56","oppId":"00629000003FJ4b","pawObj":"0x33fcebcf","ptntInsrnceOptions":"0x29448ea3","ptntInsrncMap":"0x7781e60b","ptntInsrncObj":"0x72f1c1b6","quoteObj":"0x5a4c0227","recordId":"00629000003FJ4b","rtAdjstmntOptions":"0x1e40b059","showPILookup":false,"sObjectQueryStr":"","wrprObj":"0x1fccea25"}|0x41fa1e66
08:22:47.0 (127026361)|HEAP_ALLOCATE|[302]|Bytes:18
08:22:47.0 (127050735)|HEAP_ALLOCATE|[EXTERNAL]|Bytes:4
08:22:47.0 (127066014)|HEAP_ALLOCATE|[299]|Bytes:5
08:22:47.0 (127081963)|VARIABLE_ASSIGNMENT|[299]|estmtInstance|null|
08:22:47.143 (143398637)|SYSTEM_MODE_ENTER|true
08:22:47.143 (143540228)|HEAP_ALLOCATE|[EXTERNAL]|Bytes:8
08:22:47.143 (143564213)|VARIABLE_SCOPE_BEGIN|[88]|this|ApexPage.PageMessagesComponentController|true|false
08:22:47.143 (143625922)|VARIABLE_ASSIGNMENT|[88]|this|{}|0x2f0adcbf
08:22:47.143 (143634651)|VARIABLE_SCOPE_BEGIN|[88]|escape|Boolean|false|false
08:22:47.143 (143643192)|VARIABLE_ASSIGNMENT|[88]|escape|null
08:22:47.143 (143815751)|SYSTEM_MODE_ENTER|true
08:22:47.143 (143858264)|HEAP_ALLOCATE|[EXTERNAL]|Bytes:8
08:22:47.143 (143867540)|VARIABLE_SCOPE_BEGIN|[2]|this|ApexPage.PageMessagesComponentController|true|false
08:22:47.143 (143889146)|VARIABLE_ASSIGNMENT|[2]|this|{}|0x2f0adcbf
08:22:47.0 (144583220)|SYSTEM_MODE_ENTER|true
08:22:47.0 (144781277)|SYSTEM_MODE_ENTER|true
08:22:47.0 (145273697)|SYSTEM_MODE_ENTER|true
08:22:47.0 (150471674)|SYSTEM_MODE_ENTER|true
08:22:47.0 (150615612)|SYSTEM_MODE_ENTER|true
08:22:47.157 (157877228)|SYSTEM_MODE_ENTER|true
08:22:47.157 (157995698)|HEAP_ALLOCATE|[EXTERNAL]|Bytes:8
08:22:47.157 (158017813)|VARIABLE_SCOPE_BEGIN|[88]|this|ApexPage.PageMessagesComponentController|true|false
08:22:47.157 (158073516)|VARIABLE_ASSIGNMENT|[88]|this|{}|0x2f0adcbf
08:22:47.157 (158083242)|VARIABLE_SCOPE_BEGIN|[88]|escape|Boolean|false|false
08:22:47.157 (158092328)|VARIABLE_ASSIGNMENT|[88]|escape|null
08:22:47.158 (158285718)|SYSTEM_MODE_ENTER|true
08:22:47.158 (158326913)|HEAP_ALLOCATE|[EXTERNAL]|Bytes:8
08:22:47.158 (158352982)|VARIABLE_SCOPE_BEGIN|[2]|this|ApexPage.PageMessagesComponentController|true|false
08:22:47.158 (158376781)|VARIABLE_ASSIGNMENT|[2]|this|{}|0x2f0adcbf
08:22:47.0 (161624354)|SYSTEM_MODE_ENTER|true
08:22:47.0 (161674085)|HEAP_ALLOCATE|[EXTERNAL]|Bytes:112
08:22:47.0 (161684994)|VARIABLE_SCOPE_BEGIN|[215]|this|PAW_New_EditCntrllr|true|false
08:22:47.0 (161800718)|VARIABLE_ASSIGNMENT|[215]|this|{"estmtCnrgDaysMap":"0x69f2e2d5","estmtCvrgeDaysObj":"0x590650aa","faciltyOptions":"0x2583d67","fcltyPrgrmOptions":"0x5f72fce","idToOwnershipFacilit (4 more) ...":"0xe15c5f0","idToTypeFacilityMap":"0x65fd5798","insrncBnftMap":"0x1b9379c5","insrncBnftOptions":"0x1ca84676","isIop":false,"isTalbott":false,"meta":"0x3cb23a56","oppId":"00629000003FJ4b","pawObj":"0x33fcebcf","ptntInsrnceOptions":"0x29448ea3","ptntInsrncMap":"0x7781e60b","ptntInsrncObj":"0x72f1c1b6","quoteObj":"0x5a4c0227","recordId":"00629000003FJ4b","rtAdjstmntOptions":"0x1e40b059","showPILookup":false,"sObjectQueryStr":"","wrprObj":"0x1fccea25"}|0x41fa1e66
08:22:47.0 (161822815)|STATEMENT_EXECUTE|[215]
08:22:47.0 (161825065)|STATEMENT_EXECUTE|[216]
08:22:47.0 (161847263)|STATEMENT_EXECUTE|[217]
08:22:47.0 (161885838)|HEAP_ALLOCATE|[EXTERNAL]|Bytes:4
08:22:47.0 (161970169)|VARIABLE_ASSIGNMENT|[EXTERNAL]|this|{"estmtCnrgDaysMap":"0x69f2e2d5","estmtCvrgeDaysObj":"0x590650aa","faciltyOptions":"0x2583d67","fcltyPrgrmOptions":"0x5f72fce","idToOwnershipFacilit (4 more) ...":"0xe15c5f0","idToTypeFacilityMap":"0x65fd5798","insrncBnftMap":"0x1b9379c5","insrncBnftOptions":"0x1ca84676","isIop":false,"isTalbott":false,"meta":"0x3cb23a56","oppId":"00629000003FJ4b","pawObj":"0x33fcebcf","ptntInsrnceOptions":"0x29448ea3","ptntInsrncMap":"0x7781e60b","ptntInsrncObj":"0x72f1c1b6","quoteObj":"0x5a4c0227","recordId":"00629000003FJ4b","rtAdjstmntOptions":"0x1e40b059","showPILookup":false,"sObjectQueryStr":"","wrprObj":"0x1fccea25"}|0x41fa1e66
08:22:47.0 (161993344)|STATEMENT_EXECUTE|[218]
08:22:47.0 (161994933)|STATEMENT_EXECUTE|[219]
08:22:47.0 (162037146)|HEAP_ALLOCATE|[219]|Bytes:4
08:22:47.0 (162054458)|HEAP_ALLOCATE|[219]|Bytes:4
08:22:47.0 (162143986)|VARIABLE_ASSIGNMENT|[EXTERNAL]|this|{"estmtCnrgDaysMap":"0x69f2e2d5","estmtCvrgeDaysObj":"0x590650aa","faciltyOptions":"0x2583d67","fcltyPrgrmOptions":"0x5f72fce","idToOwnershipFacilit (4 more) ...":"0xe15c5f0","idToTypeFacilityMap":"0x65fd5798","insrncBnftMap":"0x1b9379c5","insrncBnftOptions":"0x1ca84676","isIop":false,"isTalbott":false,"meta":"0x3cb23a56","oppId":"00629000003FJ4b","pawObj":"0x33fcebcf","ptntInsrnceOptions":"0x29448ea3","ptntInsrncMap":"0x7781e60b","ptntInsrncObj":"0x72f1c1b6","quoteObj":"0x5a4c0227","recordId":"00629000003FJ4b","rtAdjstmntOptions":"0x1e40b059","showPILookup":false,"sObjectQueryStr":"","wrprObj":"0x1fccea25"}|0x41fa1e66
08:22:47.0 (163344938)|SOQL_EXECUTE_BEGIN|[219]|Aggregations:0|SELECT Id, Name, RecordType.Name, Uncovered_Charges__c, Patient_Insurance__r.Accepts_Assignment_of_Benefits__c, Patient_Insurance__r.Opportunity__c, Patient_Insurance__r.Accreditation__c, Patient_Insurance__r.Insurance_Company__r.Name, PHP_Admit_Co_Payment__c, Detox_Admit_Co_Payment__c, RTC_Admit_Co_Payment__c, Deductible__c, Deductible_Met__c, IOP_Admit_Co_Payment__c, Max_Out_of_Pocket_Remaining__c, Insurance_Company_is_Out_of_Network__c, Annual_Max_Remaining__c, Deductible_Remaining__c, Detox_Pays_at__c, Detox_Over__c, RTC_Pays_at__c, Residential_Treatment_Override__c, PHP_Pays_at__c, Partial_Hospitalization_Override__c, IOP_Pays_at__c, Intensive_Outpatient_Override__c, Num_Days_Uncovered__c, Num_Days_Room__c, Uncovered_Days_Rate__c, Room_and_Board_Days_Rate__c, Uncovered_Days_Override__c, Room_and_Board_Days_Override__c, Deductible_Included_in_OOP__c, Uncovered_Days__c, Lifetime_Max__c, Lifetime_Max_Met__c, Annual_Max__c, Annual_Max_Met__c, Max_Out_of_Pocket__c, Max_Out_of_Pocket_Met__c, Co_Pay_Met__c FROM Insurance_Benefit__c WHERE Patient_Insurance__c = :tmpVar1
08:22:47.0 (178125819)|SOQL_EXECUTE_END|[219]|Rows:5
08:22:47.0 (178187270)|HEAP_ALLOCATE|[219]|Bytes:24
08:22:47.0 (178273759)|HEAP_ALLOCATE|[219]|Bytes:5579
08:22:47.0 (178366212)|HEAP_ALLOCATE|[219]|Bytes:24
08:22:47.0 (178406855)|HEAP_ALLOCATE|[219]|Bytes:112
08:22:47.0 (178424819)|HEAP_ALLOCATE|[219]|Bytes:4
08:22:47.0 (178433567)|HEAP_ALLOCATE|[219]|Bytes:112
08:22:47.0 (178440618)|HEAP_ALLOCATE|[219]|Bytes:4
08:22:47.0 (178445850)|HEAP_ALLOCATE|[219]|Bytes:72
08:22:47.0 (178452332)|HEAP_ALLOCATE|[219]|Bytes:4
08:22:47.0 (178457316)|HEAP_ALLOCATE|[219]|Bytes:72
08:22:47.0 (178463969)|HEAP_ALLOCATE|[219]|Bytes:4
08:22:47.0 (178468855)|HEAP_ALLOCATE|[219]|Bytes:72
08:22:47.0 (178475237)|HEAP_ALLOCATE|[219]|Bytes:4
08:22:47.0 (178686182)|VARIABLE_ASSIGNMENT|[219]|this.insrncBnftMap|{"a1H29000000jvcPEAQ":{"Id":"a1H29000000jvcPEAQ","Name":"Insurance Benefit 75 (2 more) ...","RecordTypeId":"012j00000015GS7AAM","Patient_Insurance__c":"a1b29000000d1kgAAA","PHP_Admit_Co_Payment (3 more) ...":0.00,"Deductible__c":6000.00,"Deductible_Met__c":0.00,"Max_Out_of_Pocket_Re (10 more) ...":16000.00,"Insurance_Company_is (18 more) ...":false,"Annual_Max_Remaining (3 more) ...":1000000,"Deductible_Remaining (3 more) ...":6000.00,"Detox_Pays_at__c":50.00,"RTC_Pays_at__c":50.00,"PHP_Pays_at__c":50.00,"IOP_Pays_at__c":50.00,"Uncovered_Days_Rate_ (2 more) ...":1020.00,"Room_and_Board_Days_ (7 more) ...":2000.00,"Deductible_Included_ (9 more) ...":"Yes","Uncovered_Days__c":10,"Lifetime_Max__c":1000000.00,"Lifetime_Max_Met__c":0.00,"Annual_Max__c":1000000.00,"Annual_Max_Met__c":0.00,"Max_Out_of_Pocket__c":16000.00,"Max_Out_of_Pocket_Me (4 more) ...":0.00,"RecordType":{"Name":"Out of Network","Id":"012j00000015GS7AAM"},"Patient_Insurance__r":{"Opportunity__c":"00629000003FJ4bAAG","Accreditation__c":"State","Insurance_Company__c":"0012900000AXSNIAA5","Id":"a1b29000000d1kgAAA","Insurance_Company__r":{"Name":"4 Your Choice","Id":"0012900000AXSNIAA5","RecordTypeId":"012j00000015GRqAAM"}}},"a1H29000000pIg3EAE":{"Id":"a1H29000000pIg3EAE","Name":"Insurance Benefit 75 (2 more) ...","RecordTypeId":"012j00000015GS7AAM","Patient_Insurance__c":"a1b29000000d1kgAAA","PHP_Admit_Co_Payment (3 more) ...":0.00,"Deductible__c":6000.00,"Deductible_Met__c":0.00,"Max_Out_of_Pocket_Re (10 more) ...":16000.00,"Insurance_Company_is (18 more) ...":false,"Annual_Max_Remaining (3 more) ...":1000000,"Deductible_Remaining (3 more) ...":6000.00,"Detox_Pays_at__c":50.00,"RTC_Pays_at__c":50.00,"PHP_Pays_at__c":50.00,"IOP_Pays_at__c":50.00,"Uncovered_Days_Rate_ (2 more) ...":1020.00,"Room_and_Board_Days_ (7 more) ...":2000.00,"Deductible_Included_ (9 more) ...":"Yes","Uncovered_Days__c":10,"Lifetime_Max__c":1000000.00,"Lifetime_Max_Met__c":0.00,"Annual_Max__c":1000000.00,"Annual_Max_Met__c":0.00,"Max_Out_of_Pocket__c":16000.00,"Max_Out_of_Pocket_Me (4 more) ...":0.00,"RecordType":{"Name":"Out of Network","Id":"012j00000015GS7AAM"},"Patient_Insurance__r":{"Opportunity__c":"00629000003FJ4bAAG","Accreditation__c":"State","Insurance_Company__c":"0012900000AXSNIAA5","Id":"a1b29000000d1kgAAA","Insurance_Company__r":{"Name":"4 Your Choice","Id":"0012900000AXSNIAA5","RecordTypeId":"012j00000015GRqAAM"}}},"a1H29000000uZbiEAE":{"Id":"a1H29000000uZbiEAE","Name":"Insurance Benefit 75 (2 more) ...","RecordTypeId":"012j00000015GS6AAM","Patient_Insurance__c":"a1b29000000d1kgAAA","PHP_Admit_Co_Payment (3 more) ...":0.00,"Max_Out_of_Pocket_Re (10 more) ...":0.00,"Insurance_Company_is (18 more) ...":false,"Annual_Max_Remaining (3 more) ...":1000000,"Deductible_Remaining (3 more) ...":0.00,"Uncovered_Days_Rate_ (2 more) ...":630.00,"Room_and_Board_Days_ (7 more) ...":2000.00,"Lifetime_Max__c":1000000.00,"Lifetime_Max_Met__c":0.00,"Annual_Max__c":1000000.00,"Annual_Max_Met__c":0.00,"RecordType":{"Name":"In Network","Id":"012j00000015GS6AAM"},"Patient_Insurance__r":{"Opportunity__c":"00629000003FJ4bAAG","Accreditation__c":"State","Insurance_Company__c":"0012900000AXSNIAA5","Id":"a1b29000000d1kgAAA","Insurance_Company__r":{"Name":"4 Your Choice","Id":"0012900000AXSNIAA5","RecordTypeId":"012j00000015GRqAAM"}}},"a1H29000000uZbnEAE":{"Id":"a1H29000000uZbnEAE","Name":"Insurance Benefit 75 (2 more) ...","RecordTypeId":"012j00000015GS6AAM","Patient_Insurance__c":"a1b29000000d1kgAAA","PHP_Admit_Co_Payment (3 more) ...":0.00,"Max_Out_of_Pocket_Re (10 more) ...":0.00,"Insurance_Company_is (18 more) ...":false,"Annual_Max_Remaining (3 more) ...":1000000,"Deductible_Remaining (3 more) ...":0.00,"Uncovered_Days_Rate_ (2 more) ...":630.00,"Room_and_Board_Days_ (7 more) ...":2000.00,"Lifetime_Max__c":1000000.00,"Lifetime_Max_Met__c":0.00,"Annual_Max__c":1000000.00,"Annual_Max_Met__c":0.00,"RecordType":{"Name":"In Network","Id":"012j00000015GS6AAM"},"Patient_Insurance__r":{"Opportunity__c":"00629000003FJ4bAAG","Accreditation__c":"State","Insurance_Company__c":"0012900000AXSNIAA5","Id":"a1b29000000d1kgAAA","Insurance_Company__r":{"Name":"4 Your Choice","Id":"0012900000AXSNIAA5","RecordTypeId":"012j00000015GRqAAM"}}},"a1H29000000uZdPEAU":{"Id":"a1H29000000uZdPEAU","Name":"Insurance Benefit 75 (2 more) ...","RecordTypeId":"012j00000015GS6AAM","Patient_Insurance__c":"a1b29000000d1kgAAA","PHP_Admit_Co_Payment (3 more) ...":0.00,"Max_Out_of_Pocket_Re (10 more) ...":0.00,"Insurance_Company_is (18 more) ...":false,"Annual_Max_Remaining (3 more) ...":1000000,"Deductible_Remaining (3 more) ...":0.00,"Uncovered_Days_Rate_ (2 more) ...":630.00,"Room_and_Board_Days_ (7 more) ...":2000.00,"Lifetime_Max__c":1000000.00,"Lifetime_Max_Met__c":0.00,"Annual_Max__c":1000000.00,"Annual_Max_Met__c":0.00,"RecordType":{"Name":"In Network","Id":"012j00000015GS6AAM"},"Patient_Insurance__r":{"Opportunity__c":"00629000003FJ4bAAG","Accreditation__c":"State","Insurance_Company__c":"0012900000AXSNIAA5","Id":"a1b29000000d1kgAAA","Insurance_Company__r":{"Name":"4 Your Choice","Id":"0012900000AXSNIAA5","RecordTypeId":"012j00000015GRqAAM"}}}}|0x41fa1e66
08:22:47.0 (178789015)|HEAP_ALLOCATE|[EXTERNAL]|Bytes:24
08:22:47.0 (178830618)|HEAP_ALLOCATE|[263]|Bytes:5598
08:22:47.0 (178879449)|HEAP_ALLOCATE|[263]|Bytes:5
08:22:47.0 (178898985)|HEAP_ALLOCATE|[263]|Bytes:112
08:22:47.0 (178915200)|VARIABLE_SCOPE_BEGIN|[263]|insrncBnftInstance|Insurance_Benefit__c|true|false
08:22:47.0 (178965256)|VARIABLE_ASSIGNMENT|[263]|insrncBnftInstance|{"Id":"a1H29000000jvcPEAQ","Name":"Insurance Benefit 75 (2 more) ...","RecordTypeId":"012j00000015GS7AAM","Patient_Insurance__c":"a1b29000000d1kgAAA","PHP_Admit_Co_Payment (3 more) ...":0.00,"Deductible__c":6000.00,"Deductible_Met__c":0.00,"Max_Out_of_Pocket_Re (10 more) ...":16000.00,"Insurance_Company_is (18 more) ...":false,"Annual_Max_Remaining (3 more) ...":1000000,"Deductible_Remaining (3 more) ...":6000.00,"Detox_Pays_at__c":50.00,"RTC_Pays_at__c":50.00,"PHP_Pays_at__c":50.00,"IOP_Pays_at__c":50.00,"Uncovered_Days_Rate_ (2 more) ...":1020.00,"Room_and_Board_Days_ (7 more) ...":2000.00,"Deductible_Included_ (9 more) ...":"Yes","Uncovered_Days__c":10,"Lifetime_Max__c":1000000.00,"Lifetime_Max_Met__c":0.00,"Annual_Max__c":1000000.00,"Annual_Max_Met__c":0.00,"Max_Out_of_Pocket__c":16000.00,"Max_Out_of_Pocket_Me (4 more) ...":0.00,"RecordType":{"Name":"Out of Network","Id":"012j00000015GS7AAM"},"Patient_Insurance__r":{"Opportunity__c":"00629000003FJ4bAAG","Accreditation__c":"State","Insurance_Company__c":"0012900000AXSNIAA5","Id":"a1b29000000d1kgAAA","Insurance_Company__r":{"Name":"4 Your Choice","Id":"0012900000AXSNIAA5","RecordTypeId":"012j00000015GRqAAM"}}}|0x109555be
08:22:47.0 (178989313)|STATEMENT_EXECUTE|[263]
08:22:47.0 (178991546)|STATEMENT_EXECUTE|[264]
08:22:47.0 (179026133)|HEAP_ALLOCATE|[264]|Bytes:18
08:22:47.0 (179064730)|HEAP_ALLOCATE|[264]|Bytes:39
08:22:47.0 (179104674)|HEAP_ALLOCATE|[EXTERNAL]|Bytes:4
08:22:47.0 (179121761)|HEAP_ALLOCATE|[263]|Bytes:5
08:22:47.0 (179135617)|HEAP_ALLOCATE|[263]|Bytes:112
08:22:47.0 (179144286)|VARIABLE_SCOPE_BEGIN|[263]|insrncBnftInstance|Insurance_Benefit__c|true|false
08:22:47.0 (179184195)|VARIABLE_ASSIGNMENT|[263]|insrncBnftInstance|{"Id":"a1H29000000pIg3EAE","Name":"Insurance Benefit 75 (2 more) ...","RecordTypeId":"012j00000015GS7AAM","Patient_Insurance__c":"a1b29000000d1kgAAA","PHP_Admit_Co_Payment (3 more) ...":0.00,"Deductible__c":6000.00,"Deductible_Met__c":0.00,"Max_Out_of_Pocket_Re (10 more) ...":16000.00,"Insurance_Company_is (18 more) ...":false,"Annual_Max_Remaining (3 more) ...":1000000,"Deductible_Remaining (3 more) ...":6000.00,"Detox_Pays_at__c":50.00,"RTC_Pays_at__c":50.00,"PHP_Pays_at__c":50.00,"IOP_Pays_at__c":50.00,"Uncovered_Days_Rate_ (2 more) ...":1020.00,"Room_and_Board_Days_ (7 more) ...":2000.00,"Deductible_Included_ (9 more) ...":"Yes","Uncovered_Days__c":10,"Lifetime_Max__c":1000000.00,"Lifetime_Max_Met__c":0.00,"Annual_Max__c":1000000.00,"Annual_Max_Met__c":0.00,"Max_Out_of_Pocket__c":16000.00,"Max_Out_of_Pocket_Me (4 more) ...":0.00,"RecordType":{"Name":"Out of Network","Id":"012j00000015GS7AAM"},"Patient_Insurance__r":{"Opportunity__c":"00629000003FJ4bAAG","Accreditation__c":"State","Insurance_Company__c":"0012900000AXSNIAA5","Id":"a1b29000000d1kgAAA","Insurance_Company__r":{"Name":"4 Your Choice","Id":"0012900000AXSNIAA5","RecordTypeId":"012j00000015GRqAAM"}}}|0x380e19a5
08:22:47.0 (179203985)|STATEMENT_EXECUTE|[263]
08:22:47.0 (179205629)|STATEMENT_EXECUTE|[264]
08:22:47.0 (179220261)|HEAP_ALLOCATE|[264]|Bytes:18
08:22:47.0 (179236076)|HEAP_ALLOCATE|[264]|Bytes:39
08:22:47.0 (179251951)|HEAP_ALLOCATE|[EXTERNAL]|Bytes:4
08:22:47.0 (179266646)|HEAP_ALLOCATE|[263]|Bytes:5
08:22:47.0 (179279853)|HEAP_ALLOCATE|[263]|Bytes:72
08:22:47.0 (179288067)|VARIABLE_SCOPE_BEGIN|[263]|insrncBnftInstance|Insurance_Benefit__c|true|false
08:22:47.0 (179320161)|VARIABLE_ASSIGNMENT|[263]|insrncBnftInstance|{"Id":"a1H29000000uZbiEAE","Name":"Insurance Benefit 75 (2 more) ...","RecordTypeId":"012j00000015GS6AAM","Patient_Insurance__c":"a1b29000000d1kgAAA","PHP_Admit_Co_Payment (3 more) ...":0.00,"Max_Out_of_Pocket_Re (10 more) ...":0.00,"Insurance_Company_is (18 more) ...":false,"Annual_Max_Remaining (3 more) ...":1000000,"Deductible_Remaining (3 more) ...":0.00,"Uncovered_Days_Rate_ (2 more) ...":630.00,"Room_and_Board_Days_ (7 more) ...":2000.00,"Lifetime_Max__c":1000000.00,"Lifetime_Max_Met__c":0.00,"Annual_Max__c":1000000.00,"Annual_Max_Met__c":0.00,"RecordType":{"Name":"In Network","Id":"012j00000015GS6AAM"},"Patient_Insurance__r":{"Opportunity__c":"00629000003FJ4bAAG","Accreditation__c":"State","Insurance_Company__c":"0012900000AXSNIAA5","Id":"a1b29000000d1kgAAA","Insurance_Company__r":{"Name":"4 Your Choice","Id":"0012900000AXSNIAA5","RecordTypeId":"012j00000015GRqAAM"}}}|0x37e71141
08:22:47.0 (179336865)|STATEMENT_EXECUTE|[263]
08:22:47.0 (179338157)|STATEMENT_EXECUTE|[264]
08:22:47.0 (179352381)|HEAP_ALLOCATE|[264]|Bytes:18
08:22:47.0 (179377590)|HEAP_ALLOCATE|[264]|Bytes:35
08:22:47.0 (179395077)|HEAP_ALLOCATE|[EXTERNAL]|Bytes:4
08:22:47.0 (179409667)|HEAP_ALLOCATE|[263]|Bytes:5
08:22:47.0 (179422710)|HEAP_ALLOCATE|[263]|Bytes:72
08:22:47.0 (179430778)|VARIABLE_SCOPE_BEGIN|[263]|insrncBnftInstance|Insurance_Benefit__c|true|false
08:22:47.0 (179462484)|VARIABLE_ASSIGNMENT|[263]|insrncBnftInstance|{"Id":"a1H29000000uZbnEAE","Name":"Insurance Benefit 75 (2 more) ...","RecordTypeId":"012j00000015GS6AAM","Patient_Insurance__c":"a1b29000000d1kgAAA","PHP_Admit_Co_Payment (3 more) ...":0.00,"Max_Out_of_Pocket_Re (10 more) ...":0.00,"Insurance_Company_is (18 more) ...":false,"Annual_Max_Remaining (3 more) ...":1000000,"Deductible_Remaining (3 more) ...":0.00,"Uncovered_Days_Rate_ (2 more) ...":630.00,"Room_and_Board_Days_ (7 more) ...":2000.00,"Lifetime_Max__c":1000000.00,"Lifetime_Max_Met__c":0.00,"Annual_Max__c":1000000.00,"Annual_Max_Met__c":0.00,"RecordType":{"Name":"In Network","Id":"012j00000015GS6AAM"},"Patient_Insurance__r":{"Opportunity__c":"00629000003FJ4bAAG","Accreditation__c":"State","Insurance_Company__c":"0012900000AXSNIAA5","Id":"a1b29000000d1kgAAA","Insurance_Company__r":{"Name":"4 Your Choice","Id":"0012900000AXSNIAA5","RecordTypeId":"012j00000015GRqAAM"}}}|0x5f5ee359
08:22:47.0 (179478481)|STATEMENT_EXECUTE|[263]
08:22:47.0 (179479720)|STATEMENT_EXECUTE|[264]
08:22:47.0 (179493598)|HEAP_ALLOCATE|[264]|Bytes:18
08:22:47.0 (179508847)|HEAP_ALLOCATE|[264]|Bytes:35
08:22:47.0 (179524131)|HEAP_ALLOCATE|[EXTERNAL]|Bytes:4
08:22:47.0 (179538879)|HEAP_ALLOCATE|[263]|Bytes:5
08:22:47.0 (179551671)|HEAP_ALLOCATE|[263]|Bytes:72
08:22:47.0 (179559648)|VARIABLE_SCOPE_BEGIN|[263]|insrncBnftInstance|Insurance_Benefit__c|true|false
08:22:47.0 (179591437)|VARIABLE_ASSIGNMENT|[263]|insrncBnftInstance|{"Id":"a1H29000000uZdPEAU","Name":"Insurance Benefit 75 (2 more) ...","RecordTypeId":"012j00000015GS6AAM","Patient_Insurance__c":"a1b29000000d1kgAAA","PHP_Admit_Co_Payment (3 more) ...":0.00,"Max_Out_of_Pocket_Re (10 more) ...":0.00,"Insurance_Company_is (18 more) ...":false,"Annual_Max_Remaining (3 more) ...":1000000,"Deductible_Remaining (3 more) ...":0.00,"Uncovered_Days_Rate_ (2 more) ...":630.00,"Room_and_Board_Days_ (7 more) ...":2000.00,"Lifetime_Max__c":1000000.00,"Lifetime_Max_Met__c":0.00,"Annual_Max__c":1000000.00,"Annual_Max_Met__c":0.00,"RecordType":{"Name":"In Network","Id":"012j00000015GS6AAM"},"Patient_Insurance__r":{"Opportunity__c":"00629000003FJ4bAAG","Accreditation__c":"State","Insurance_Company__c":"0012900000AXSNIAA5","Id":"a1b29000000d1kgAAA","Insurance_Company__r":{"Name":"4 Your Choice","Id":"0012900000AXSNIAA5","RecordTypeId":"012j00000015GRqAAM"}}}|0x65dc75a9
08:22:47.0 (179607917)|STATEMENT_EXECUTE|[263]
08:22:47.0 (179609191)|STATEMENT_EXECUTE|[264]
08:22:47.0 (179622610)|HEAP_ALLOCATE|[264]|Bytes:18
08:22:47.0 (179637513)|HEAP_ALLOCATE|[264]|Bytes:35
08:22:47.0 (179652977)|HEAP_ALLOCATE|[EXTERNAL]|Bytes:4
08:22:47.0 (179667019)|HEAP_ALLOCATE|[263]|Bytes:5
08:22:47.0 (179681093)|VARIABLE_ASSIGNMENT|[263]|insrncBnftInstance|null|
08:22:47.0 (179809237)|VARIABLE_ASSIGNMENT|[EXTERNAL]|this|{"estmtCnrgDaysMap":"0x69f2e2d5","estmtCvrgeDaysObj":"0x590650aa","faciltyOptions":"0x2583d67","fcltyPrgrmOptions":"0x5f72fce","idToOwnershipFacilit (4 more) ...":"0xe15c5f0","idToTypeFacilityMap":"0x65fd5798","insrncBnftMap":"0x34620e3d","insrncBnftOptions":"0x1ca84676","isIop":false,"isTalbott":false,"meta":"0x3cb23a56","oppId":"00629000003FJ4b","pawObj":"0x33fcebcf","ptntInsrnceOptions":"0x29448ea3","ptntInsrncMap":"0x7781e60b","ptntInsrncObj":"0x72f1c1b6","quoteObj":"0x5a4c0227","recordId":"00629000003FJ4b","rtAdjstmntOptions":"0x1e40b059","showPILookup":false,"sObjectQueryStr":"","wrprObj":"0x1fccea25"}|0x41fa1e66
08:22:47.0 (179902556)|VARIABLE_ASSIGNMENT|[EXTERNAL]|this|{"facilitySelected":"","insrncBnft":"0x3e70d409","insrncBnftSelected":"a1H29000000jvcPEAQ","pawDetailListDisplay (4 more) ...":false,"pyAgrmntWrksht":"0x1a945c4c","relatedPAWDetailsLis (1 more) ...":"0x76891b70","targetEDR":0.00,"totalAppliedDeductib (2 more) ...":0.00,"totalCoInsurance":0.00,"totalCoPayAmt":0.00,"totalInsCoResp":0.00,"totalInsEIVAmt":0.00,"totalRowCount":0,"totalTalbottDay":0}|0x1fccea25
08:22:47.0 (179985650)|VARIABLE_ASSIGNMENT|[EXTERNAL]|this|{"estmtCnrgDaysMap":"0x69f2e2d5","estmtCvrgeDaysObj":"0x590650aa","faciltyOptions":"0x2583d67","fcltyPrgrmOptions":"0x5f72fce","idToOwnershipFacilit (4 more) ...":"0xe15c5f0","idToTypeFacilityMap":"0x65fd5798","insrncBnftMap":"0x34620e3d","insrncBnftOptions":"0x1ca84676","isIop":false,"isTalbott":false,"meta":"0x3cb23a56","oppId":"00629000003FJ4b","pawObj":"0x33fcebcf","ptntInsrnceOptions":"0x29448ea3","ptntInsrncMap":"0x7781e60b","ptntInsrncObj":"0x72f1c1b6","quoteObj":"0x5a4c0227","recordId":"00629000003FJ4b","rtAdjstmntOptions":"0x1e40b059","showPILookup":false,"sObjectQueryStr":"","wrprObj":"0x1fccea25"}|0x41fa1e66
08:22:47.0 (180050817)|VARIABLE_ASSIGNMENT|[EXTERNAL]|this|{"facilitySelected":"","insrncBnft":"0x3e70d409","insrncBnftSelected":"a1H29000000jvcPEAQ","pawDetailListDisplay (4 more) ...":false,"pyAgrmntWrksht":"0x1a945c4c","relatedPAWDetailsLis (1 more) ...":"0x76891b70","targetEDR":0.00,"totalAppliedDeductib (2 more) ...":0.00,"totalCoInsurance":0.00,"totalCoPayAmt":0.00,"totalInsCoResp":0.00,"totalInsEIVAmt":0.00,"totalRowCount":0,"totalTalbottDay":0}|0x1fccea25
08:22:47.0 (180093394)|STATEMENT_EXECUTE|[267]
08:22:47.0 (180095212)|STATEMENT_EXECUTE|[268]
08:22:47.0 (180201794)|VARIABLE_ASSIGNMENT|[EXTERNAL]|this|{"estmtCnrgDaysMap":"0x69f2e2d5","estmtCvrgeDaysObj":"0x590650aa","faciltyOptions":"0x2583d67","fcltyPrgrmOptions":"0x5f72fce","idToOwnershipFacilit (4 more) ...":"0xe15c5f0","idToTypeFacilityMap":"0x65fd5798","insrncBnftMap":"0x34620e3d","insrncBnftOptions":"0x1ca84676","isIop":false,"isTalbott":false,"meta":"0x3cb23a56","oppId":"00629000003FJ4b","pawObj":"0x33fcebcf","ptntInsrnceOptions":"0x29448ea3","ptntInsrncMap":"0x7781e60b","ptntInsrncObj":"0x72f1c1b6","quoteObj":"0x5a4c0227","recordId":"00629000003FJ4b","rtAdjstmntOptions":"0x1e40b059","showPILookup":false,"sObjectQueryStr":"","wrprObj":"0x1fccea25"}|0x41fa1e66
08:22:47.0 (180269336)|VARIABLE_ASSIGNMENT|[EXTERNAL]|this|{"facilitySelected":"","insrncBnft":"0x3e70d409","insrncBnftSelected":"a1H29000000jvcPEAQ","pawDetailListDisplay (4 more) ...":false,"pyAgrmntWrksht":"0x1a945c4c","relatedPAWDetailsLis (1 more) ...":"0x76891b70","targetEDR":0.00,"totalAppliedDeductib (2 more) ...":0.00,"totalCoInsurance":0.00,"totalCoPayAmt":0.00,"totalInsCoResp":0.00,"totalInsEIVAmt":0.00,"totalRowCount":0,"totalTalbottDay":0}|0x1fccea25
08:22:47.0 (180387428)|VARIABLE_ASSIGNMENT|[EXTERNAL]|this|{"estmtCnrgDaysMap":"0x69f2e2d5","estmtCvrgeDaysObj":"0x590650aa","faciltyOptions":"0x2583d67","fcltyPrgrmOptions":"0x5f72fce","idToOwnershipFacilit (4 more) ...":"0xe15c5f0","idToTypeFacilityMap":"0x65fd5798","insrncBnftMap":"0x34620e3d","insrncBnftOptions":"0x1ca84676","isIop":false,"isTalbott":false,"meta":"0x3cb23a56","oppId":"00629000003FJ4b","pawObj":"0x33fcebcf","ptntInsrnceOptions":"0x29448ea3","ptntInsrncMap":"0x7781e60b","ptntInsrncObj":"0x72f1c1b6","quoteObj":"0x5a4c0227","recordId":"00629000003FJ4b","rtAdjstmntOptions":"0x1e40b059","showPILookup":false,"sObjectQueryStr":"","wrprObj":"0x1fccea25"}|0x41fa1e66
08:22:47.0 (180454056)|VARIABLE_ASSIGNMENT|[EXTERNAL]|this|{"facilitySelected":"","insrncBnft":"0x3e70d409","insrncBnftSelected":"a1H29000000jvcPEAQ","pawDetailListDisplay (4 more) ...":false,"pyAgrmntWrksht":"0x1a945c4c","relatedPAWDetailsLis (1 more) ...":"0x76891b70","targetEDR":0.00,"totalAppliedDeductib (2 more) ...":0.00,"totalCoInsurance":0.00,"totalCoPayAmt":0.00,"totalInsCoResp":0.00,"totalInsEIVAmt":0.00,"totalRowCount":0,"totalTalbottDay":0}|0x1fccea25
08:22:47.0 (180495254)|VARIABLE_ASSIGNMENT|[EXTERNAL]|value|{"Id":"a1H29000000jvcPEAQ","Name":"Insurance Benefit 75 (2 more) ...","RecordTypeId":"012j00000015GS7AAM","Patient_Insurance__c":"a1b29000000d1kgAAA","PHP_Admit_Co_Payment (3 more) ...":0.00,"Deductible__c":6000.00,"Deductible_Met__c":0.00,"Max_Out_of_Pocket_Re (10 more) ...":16000.00,"Insurance_Company_is (18 more) ...":false,"Annual_Max_Remaining (3 more) ...":1000000,"Deductible_Remaining (3 more) ...":6000.00,"Detox_Pays_at__c":50.00,"RTC_Pays_at__c":50.00,"PHP_Pays_at__c":50.00,"IOP_Pays_at__c":50.00,"Uncovered_Days_Rate_ (2 more) ...":1020.00,"Room_and_Board_Days_ (7 more) ...":2000.00,"Deductible_Included_ (9 more) ...":"Yes","Uncovered_Days__c":10,"Lifetime_Max__c":1000000.00,"Lifetime_Max_Met__c":0.00,"Annual_Max__c":1000000.00,"Annual_Max_Met__c":0.00,"Max_Out_of_Pocket__c":16000.00,"Max_Out_of_Pocket_Me (4 more) ...":0.00,"RecordType":{"Name":"Out of Network","Id":"012j00000015GS7AAM"},"Patient_Insurance__r":{"Opportunity__c":"00629000003FJ4bAAG","Accreditation__c":"State","Insurance_Company__c":"0012900000AXSNIAA5","Id":"a1b29000000d1kgAAA","Insurance_Company__r":{"Name":"4 Your Choice","Id":"0012900000AXSNIAA5","RecordTypeId":"012j00000015GRqAAM"}}}|0x109555be
08:22:47.0 (180546703)|VARIABLE_ASSIGNMENT|[525]|this.insrncBnft|{"Id":"a1H29000000jvcPEAQ","Name":"Insurance Benefit 75 (2 more) ...","RecordTypeId":"012j00000015GS7AAM","Patient_Insurance__c":"a1b29000000d1kgAAA","PHP_Admit_Co_Payment (3 more) ...":0.00,"Deductible__c":6000.00,"Deductible_Met__c":0.00,"Max_Out_of_Pocket_Re (10 more) ...":16000.00,"Insurance_Company_is (18 more) ...":false,"Annual_Max_Remaining (3 more) ...":1000000,"Deductible_Remaining (3 more) ...":6000.00,"Detox_Pays_at__c":50.00,"RTC_Pays_at__c":50.00,"PHP_Pays_at__c":50.00,"IOP_Pays_at__c":50.00,"Uncovered_Days_Rate_ (2 more) ...":1020.00,"Room_and_Board_Days_ (7 more) ...":2000.00,"Deductible_Included_ (9 more) ...":"Yes","Uncovered_Days__c":10,"Lifetime_Max__c":1000000.00,"Lifetime_Max_Met__c":0.00,"Annual_Max__c":1000000.00,"Annual_Max_Met__c":0.00,"Max_Out_of_Pocket__c":16000.00,"Max_Out_of_Pocket_Me (4 more) ...":0.00,"RecordType":{"Name":"Out of Network","Id":"012j00000015GS7AAM"},"Patient_Insurance__r":{"Opportunity__c":"00629000003FJ4bAAG","Accreditation__c":"State","Insurance_Company__c":"0012900000AXSNIAA5","Id":"a1b29000000d1kgAAA","Insurance_Company__r":{"Name":"4 Your Choice","Id":"0012900000AXSNIAA5","RecordTypeId":"012j00000015GRqAAM"}}}|0x1fccea25
08:22:47.0 (180575053)|STATEMENT_EXECUTE|[272]
08:22:47.0 (182111132)|SYSTEM_MODE_ENTER|true
08:22:47.0 (183270689)|SYSTEM_MODE_ENTER|true
08:22:47.0 (183325616)|HEAP_ALLOCATE|[EXTERNAL]|Bytes:112
08:22:47.0 (183341465)|VARIABLE_SCOPE_BEGIN|[379]|this|PAW_New_EditCntrllr|true|false
08:22:47.0 (183422203)|VARIABLE_ASSIGNMENT|[379]|this|{"estmtCnrgDaysMap":"0x69f2e2d5","estmtCvrgeDaysObj":"0x590650aa","faciltyOptions":"0x2583d67","fcltyPrgrmOptions":"0x5f72fce","idToOwnershipFacilit (4 more) ...":"0xe15c5f0","idToTypeFacilityMap":"0x65fd5798","insrncBnftMap":"0x34620e3d","insrncBnftOptions":"0x1ca84676","isIop":false,"isTalbott":false,"meta":"0x3cb23a56","oppId":"00629000003FJ4b","pawObj":"0x33fcebcf","ptntInsrnceOptions":"0x29448ea3","ptntInsrncMap":"0x7781e60b","ptntInsrncObj":"0x72f1c1b6","quoteObj":"0x5a4c0227","recordId":"00629000003FJ4b","rtAdjstmntOptions":"0x1e40b059","showPILookup":false,"sObjectQueryStr":"","wrprObj":"0x1fccea25"}|0x41fa1e66
08:22:47.0 (183443529)|STATEMENT_EXECUTE|[379]
08:22:47.0 (183445417)|STATEMENT_EXECUTE|[380]
08:22:47.0 (183459095)|HEAP_ALLOCATE|[380]|Bytes:4
08:22:47.0 (183526601)|HEAP_ALLOCATE|[EXTERNAL]|Bytes:4
08:22:47.0 (183541783)|VARIABLE_ASSIGNMENT|[380]|this.rtAdjstmntOptions|[]|0x41fa1e66
08:22:47.0 (183548012)|STATEMENT_EXECUTE|[381]
08:22:47.0 (183630055)|HEAP_ALLOCATE|[EXTERNAL]|Bytes:4
08:22:47.0 (183720257)|VARIABLE_ASSIGNMENT|[EXTERNAL]|this|{"estmtCnrgDaysMap":"0x69f2e2d5","estmtCvrgeDaysObj":"0x590650aa","faciltyOptions":"0x2583d67","fcltyPrgrmOptions":"0x5f72fce","idToOwnershipFacilit (4 more) ...":"0xe15c5f0","idToTypeFacilityMap":"0x65fd5798","insrncBnftMap":"0x34620e3d","insrncBnftOptions":"0x1ca84676","isIop":false,"isTalbott":false,"meta":"0x3cb23a56","oppId":"00629000003FJ4b","pawObj":"0x33fcebcf","ptntInsrnceOptions":"0x29448ea3","ptntInsrncMap":"0x7781e60b","ptntInsrncObj":"0x72f1c1b6","quoteObj":"0x5a4c0227","recordId":"00629000003FJ4b","rtAdjstmntOptions":"0x6db569f1","showPILookup":false,"sObjectQueryStr":"","wrprObj":"0x1fccea25"}|0x41fa1e66
08:22:47.0 (183804729)|VARIABLE_ASSIGNMENT|[EXTERNAL]|this|{"facilitySelected":"","insrncBnft":"0x109555be","insrncBnftSelected":"a1H29000000jvcPEAQ","pawDetailListDisplay (4 more) ...":false,"pyAgrmntWrksht":"0x1a945c4c","relatedPAWDetailsLis (1 more) ...":"0x76891b70","targetEDR":0.00,"totalAppliedDeductib (2 more) ...":0.00,"totalCoInsurance":0.00,"totalCoPayAmt":0.00,"totalInsCoResp":0.00,"totalInsEIVAmt":0.00,"totalRowCount":0,"totalTalbottDay":0}|0x1fccea25
08:22:47.0 (183891708)|VARIABLE_ASSIGNMENT|[EXTERNAL]|this|{"estmtCnrgDaysMap":"0x69f2e2d5","estmtCvrgeDaysObj":"0x590650aa","faciltyOptions":"0x2583d67","fcltyPrgrmOptions":"0x5f72fce","idToOwnershipFacilit (4 more) ...":"0xe15c5f0","idToTypeFacilityMap":"0x65fd5798","insrncBnftMap":"0x34620e3d","insrncBnftOptions":"0x1ca84676","isIop":false,"isTalbott":false,"meta":"0x3cb23a56","oppId":"00629000003FJ4b","pawObj":"0x33fcebcf","ptntInsrnceOptions":"0x29448ea3","ptntInsrncMap":"0x7781e60b","ptntInsrncObj":"0x72f1c1b6","quoteObj":"0x5a4c0227","recordId":"00629000003FJ4b","rtAdjstmntOptions":"0x6db569f1","showPILookup":false,"sObjectQueryStr":"","wrprObj":"0x1fccea25"}|0x41fa1e66
08:22:47.0 (183963215)|VARIABLE_ASSIGNMENT|[EXTERNAL]|this|{"facilitySelected":"","insrncBnft":"0x109555be","insrncBnftSelected":"a1H29000000jvcPEAQ","pawDetailListDisplay (4 more) ...":false,"pyAgrmntWrksht":"0x1a945c4c","relatedPAWDetailsLis (1 more) ...":"0x76891b70","targetEDR":0.00,"totalAppliedDeductib (2 more) ...":0.00,"totalCoInsurance":0.00,"totalCoPayAmt":0.00,"totalInsCoResp":0.00,"totalInsEIVAmt":0.00,"totalRowCount":0,"totalTalbottDay":0}|0x1fccea25
08:22:47.0 (183992728)|STATEMENT_EXECUTE|[382]
08:22:47.0 (183994848)|STATEMENT_EXECUTE|[400]
08:22:47.0 (184382768)|SYSTEM_MODE_ENTER|true
08:22:47.0 (207851636)|VF_SERIALIZE_VIEWSTATE_BEGIN|0660a0000009uTC
08:22:47.0 (216579339)|VF_SERIALIZE_VIEWSTATE_END
08:22:47.228 (228025613)|CUMULATIVE_LIMIT_USAGE
08:22:47.228 (228025613)|LIMIT_USAGE_FOR_NS|(default)|
  Number of SOQL queries: 3 out of 100
  Number of query rows: 17 out of 50000
  Number of SOSL queries: 0 out of 20
  Number of DML statements: 0 out of 150
  Number of DML rows: 0 out of 10000
  Maximum CPU time: 0 out of 10000
  Maximum heap size: 0 out of 6000000
  Number of callouts: 0 out of 100
  Number of Email Invocations: 0 out of 10
  Number of future calls: 0 out of 50
  Number of queueable jobs added to the queue: 0 out of 50
  Number of Mobile Apex push calls: 0 out of 10

08:22:47.228 (228025613)|CUMULATIVE_LIMIT_USAGE_END

08:22:47.0 (228089653)|CODE_UNIT_FINISHED|VF: /apex/PAW_New_Edit
08:22:47.0 (228876708)|EXECUTION_FINISHED
