42.0 APEX_CODE,FINEST;APEX_PROFILING,INFO;CALLOUT,INFO;DB,INFO;SYSTEM,DEBUG;VALIDATION,INFO;VISUALFORCE,INFO;WAVE,INFO;WORKFLOW,FINER
05:28:17.0 (316914)|USER_INFO|[EXTERNAL]|00529000000zYiy|bhakti.gujrathi@eternussolutions.com.frnstgng|Central Standard Time|GMT-06:00
05:28:17.0 (361967)|EXECUTION_STARTED
05:28:17.0 (365945)|CODE_UNIT_STARTED|[EXTERNAL]|VisualForce View State
05:28:17.0 (6331852)|HEAP_ALLOCATE|[72]|Bytes:3
05:28:17.0 (6367450)|HEAP_ALLOCATE|[77]|Bytes:152
05:28:17.0 (6384900)|HEAP_ALLOCATE|[342]|Bytes:408
05:28:17.0 (6404036)|HEAP_ALLOCATE|[355]|Bytes:408
05:28:17.0 (6427780)|HEAP_ALLOCATE|[467]|Bytes:48
05:28:17.0 (6457116)|HEAP_ALLOCATE|[139]|Bytes:6
05:28:17.0 (12091411)|CODE_UNIT_FINISHED|VisualForce View State
05:28:17.0 (13032457)|EXECUTION_FINISHED
05:28:18.408 (1408739782)|USER_INFO|[EXTERNAL]|00529000000zYiy|bhakti.gujrathi@eternussolutions.com.frnstgng|Central Standard Time|GMT-06:00
05:28:18.408 (1409489519)|SYSTEM_MODE_ENTER|true
05:28:18.408 (1411401792)|HEAP_ALLOCATE|[EXTERNAL]|Bytes:120
05:28:18.408 (1411421788)|HEAP_ALLOCATE|[EXTERNAL]|Bytes:10
05:28:18.408 (1411437243)|SYSTEM_METHOD_ENTRY|[1]|pagemessagecomponentcontroller.pagemessagecomponentcontroller()
05:28:18.408 (1411443522)|STATEMENT_EXECUTE|[1]
05:28:18.436 (1436832394)|CUMULATIVE_LIMIT_USAGE
05:28:18.436 (1436832394)|LIMIT_USAGE_FOR_NS|(default)|
  Number of SOQL queries: 0 out of 100
  Number of query rows: 0 out of 50000
  Number of SOSL queries: 0 out of 20
  Number of DML statements: 0 out of 150
  Number of DML rows: 0 out of 10000
  Maximum CPU time: 0 out of 10000
  Maximum heap size: 0 out of 6000000
  Number of callouts: 0 out of 100
  Number of Email Invocations: 0 out of 10
  Number of future calls: 0 out of 50
  Number of queueable jobs added to the queue: 0 out of 50
  Number of Mobile Apex push calls: 0 out of 10

05:28:18.436 (1436832394)|CUMULATIVE_LIMIT_USAGE_END

