38.0 APEX_CODE,FINEST;APEX_PROFILING,INFO;CALLOUT,INFO;DB,INFO;SYSTEM,DEBUG;VALIDATION,INFO;VISUALFORCE,INFO;WAVE,INFO;WORKFLOW,FINER
08:20:38.0 (330976)|USER_INFO|[EXTERNAL]|00529000000zYiy|bhakti.gujrathi@eternussolutions.com.frnstgng|Central Standard Time|GMT-06:00
08:20:38.0 (378703)|EXECUTION_STARTED
08:20:38.0 (383603)|CODE_UNIT_STARTED|[EXTERNAL]|01pj0000004Sbuc|BenefitsVOBStatus.VOBStatusCheck
08:20:38.0 (564053)|HEAP_ALLOCATE|[72]|Bytes:3
08:20:38.0 (603341)|HEAP_ALLOCATE|[77]|Bytes:152
08:20:38.0 (620290)|HEAP_ALLOCATE|[342]|Bytes:408
08:20:38.0 (641475)|HEAP_ALLOCATE|[355]|Bytes:408
08:20:38.0 (661325)|HEAP_ALLOCATE|[467]|Bytes:48
08:20:38.0 (692696)|HEAP_ALLOCATE|[139]|Bytes:6
08:20:38.0 (714552)|HEAP_ALLOCATE|[EXTERNAL]|Bytes:4
08:20:38.0 (726693)|METHOD_ENTRY|[1]|01pj0000004Sbuc|BenefitsVOBStatus.BenefitsVOBStatus()
08:20:38.0 (733936)|STATEMENT_EXECUTE|[1]
08:20:38.0 (738157)|STATEMENT_EXECUTE|[1]
08:20:38.0 (743201)|METHOD_EXIT|[1]|BenefitsVOBStatus
08:20:38.0 (749346)|HEAP_ALLOCATE|[EXTERNAL]|Bytes:15
08:20:38.0 (759826)|VARIABLE_SCOPE_BEGIN|[2]|agreementID|String|false|false
08:20:38.0 (788993)|VARIABLE_ASSIGNMENT|[2]|agreementID|"00629000004NTeZ"
08:20:38.0 (799661)|STATEMENT_EXECUTE|[2]
08:20:38.0 (801259)|STATEMENT_EXECUTE|[4]
08:20:38.0 (802197)|STATEMENT_EXECUTE|[5]
08:20:38.0 (806242)|HEAP_ALLOCATE|[5]|Bytes:66
08:20:38.0 (825646)|HEAP_ALLOCATE|[5]|Bytes:4
08:20:38.0 (842077)|HEAP_ALLOCATE|[5]|Bytes:7
08:20:38.0 (885794)|HEAP_ALLOCATE|[50]|Bytes:5
08:20:38.0 (908687)|HEAP_ALLOCATE|[56]|Bytes:5
08:20:38.0 (919299)|HEAP_ALLOCATE|[64]|Bytes:7
08:20:38.0 (3952286)|SOQL_EXECUTE_BEGIN|[5]|Aggregations:0|SELECT Id, Benefits_Status__c FROM Opportunity WHERE id = :tmpVar1
08:20:38.0 (11409491)|SOQL_EXECUTE_END|[5]|Rows:1
08:20:38.0 (11446293)|HEAP_ALLOCATE|[5]|Bytes:8
08:20:38.0 (11467781)|HEAP_ALLOCATE|[5]|Bytes:69
08:20:38.0 (11633113)|HEAP_ALLOCATE|[5]|Bytes:8
08:20:38.0 (11652407)|HEAP_ALLOCATE|[5]|Bytes:37
08:20:38.0 (11722029)|HEAP_ALLOCATE|[5]|Bytes:12
08:20:38.0 (11734598)|VARIABLE_SCOPE_BEGIN|[5]|OpportunityBS|Opportunity|true|false
08:20:38.0 (11764634)|VARIABLE_ASSIGNMENT|[5]|OpportunityBS|{"Id":"00629000004NTeZAAW","Benefits_Status__c":"Benefits Submitted"}|0x3d1238ca
08:20:38.0 (11774964)|STATEMENT_EXECUTE|[7]
08:20:38.0 (11813972)|HEAP_ALLOCATE|[8]|Bytes:12
08:20:38.0 (11843213)|STATEMENT_EXECUTE|[10]
08:20:38.0 (11845219)|STATEMENT_EXECUTE|[11]
08:20:38.0 (11848988)|HEAP_ALLOCATE|[11]|Bytes:16
08:20:38.11 (11883538)|CUMULATIVE_LIMIT_USAGE
08:20:38.11 (11883538)|LIMIT_USAGE_FOR_NS|(default)|
  Number of SOQL queries: 1 out of 100
  Number of query rows: 1 out of 50000
  Number of SOSL queries: 0 out of 20
  Number of DML statements: 0 out of 150
  Number of DML rows: 0 out of 10000
  Maximum CPU time: 0 out of 10000
  Maximum heap size: 0 out of 6000000
  Number of callouts: 0 out of 100
  Number of Email Invocations: 0 out of 10
  Number of future calls: 0 out of 50
  Number of queueable jobs added to the queue: 0 out of 50
  Number of Mobile Apex push calls: 0 out of 10

08:20:38.11 (11883538)|CUMULATIVE_LIMIT_USAGE_END

08:20:38.0 (11934829)|CODE_UNIT_FINISHED|BenefitsVOBStatus.VOBStatusCheck
08:20:38.0 (12717579)|EXECUTION_FINISHED
