42.0 APEX_CODE,FINEST;APEX_PROFILING,INFO;CALLOUT,INFO;DB,INFO;SYSTEM,DEBUG;VALIDATION,INFO;VISUALFORCE,INFO;WAVE,INFO;WORKFLOW,FINER
09:12:21.1 (1543589)|USER_INFO|[EXTERNAL]|00529000000zYiy|bhakti.gujrathi@eternussolutions.com.frnstgng|Central Standard Time|GMT-06:00
09:12:21.1 (1579228)|EXECUTION_STARTED
09:12:21.1 (1583391)|CODE_UNIT_STARTED|[EXTERNAL]|VisualForce View State
09:12:21.1 (6909837)|HEAP_ALLOCATE|[72]|Bytes:3
09:12:21.1 (6949934)|HEAP_ALLOCATE|[77]|Bytes:152
09:12:21.1 (6964205)|HEAP_ALLOCATE|[342]|Bytes:408
09:12:21.1 (6977783)|HEAP_ALLOCATE|[355]|Bytes:408
09:12:21.1 (6988816)|HEAP_ALLOCATE|[467]|Bytes:48
09:12:21.1 (7030434)|HEAP_ALLOCATE|[139]|Bytes:6
09:12:21.1 (11504228)|CODE_UNIT_FINISHED|VisualForce View State
09:12:21.1 (12537036)|EXECUTION_FINISHED
09:12:22.111 (1111801875)|USER_INFO|[EXTERNAL]|00529000000zYiy|bhakti.gujrathi@eternussolutions.com.frnstgng|Central Standard Time|GMT-06:00
09:12:22.111 (1112530487)|SYSTEM_MODE_ENTER|true
09:12:22.111 (1112571611)|HEAP_ALLOCATE|[EXTERNAL]|Bytes:120
09:12:22.111 (1112587424)|HEAP_ALLOCATE|[EXTERNAL]|Bytes:10
09:12:22.111 (1112599864)|SYSTEM_METHOD_ENTRY|[1]|pagemessagecomponentcontroller.pagemessagecomponentcontroller()
09:12:22.111 (1112605465)|STATEMENT_EXECUTE|[1]
09:12:22.192 (1192078189)|CUMULATIVE_LIMIT_USAGE
09:12:22.192 (1192078189)|LIMIT_USAGE_FOR_NS|(default)|
  Number of SOQL queries: 0 out of 100
  Number of query rows: 0 out of 50000
  Number of SOSL queries: 0 out of 20
  Number of DML statements: 0 out of 150
  Number of DML rows: 0 out of 10000
  Maximum CPU time: 0 out of 10000
  Maximum heap size: 0 out of 6000000
  Number of callouts: 0 out of 100
  Number of Email Invocations: 0 out of 10
  Number of future calls: 0 out of 50
  Number of queueable jobs added to the queue: 0 out of 50
  Number of Mobile Apex push calls: 0 out of 10

09:12:22.192 (1192078189)|CUMULATIVE_LIMIT_USAGE_END

