40.0 APEX_CODE,FINEST;APEX_PROFILING,INFO;CALLOUT,INFO;DB,INFO;SYSTEM,DEBUG;VALIDATION,INFO;VISUALFORCE,INFO;WAVE,INFO;WORKFLOW,FINER
01:42:28.0 (259414)|USER_INFO|[EXTERNAL]|00529000000zYiy|bhakti.gujrathi@eternussolutions.com.frnstgng|Central Standard Time|GMT-06:00
01:42:28.0 (301246)|EXECUTION_STARTED
01:42:28.0 (305097)|CODE_UNIT_STARTED|[EXTERNAL]|01p0a000004sKko|CCPullReservationConcurBatch
01:42:28.0 (2743053)|HEAP_ALLOCATE|[72]|Bytes:3
01:42:28.0 (2784921)|HEAP_ALLOCATE|[77]|Bytes:152
01:42:28.0 (2800132)|HEAP_ALLOCATE|[342]|Bytes:408
01:42:28.0 (2815691)|HEAP_ALLOCATE|[355]|Bytes:408
01:42:28.0 (2830463)|HEAP_ALLOCATE|[467]|Bytes:48
01:42:28.0 (2856944)|HEAP_ALLOCATE|[139]|Bytes:6
01:42:28.0 (4866220)|HEAP_ALLOCATE|[EXTERNAL]|Bytes:1220
01:42:28.0 (16444695)|HEAP_ALLOCATE|[EXTERNAL]|Bytes:11
01:42:28.0 (16467367)|SYSTEM_METHOD_ENTRY|[15]|BatchableContextImpl.BatchableContextImpl()
01:42:28.0 (16481501)|STATEMENT_EXECUTE|[15]
01:42:28.0 (16492484)|SYSTEM_METHOD_EXIT|[15]|BatchableContextImpl
01:42:28.0 (16502486)|HEAP_ALLOCATE|[EXTERNAL]|Bytes:12
01:42:28.0 (16508207)|HEAP_ALLOCATE|[EXTERNAL]|Bytes:4
01:42:28.0 (16514753)|VARIABLE_SCOPE_BEGIN|[31]|this|Database.BatchableContextImpl|true|false
01:42:28.0 (16574716)|VARIABLE_ASSIGNMENT|[31]|this|{}|0x4976810f
01:42:28.0 (16583214)|VARIABLE_SCOPE_BEGIN|[31]|jobId|Id|false|false
01:42:28.0 (16682715)|VARIABLE_ASSIGNMENT|[31]|jobId|"7072900000OOYD5AAP"
01:42:28.0 (16690350)|VARIABLE_SCOPE_BEGIN|[31]|childJobId|Id|false|false
01:42:28.0 (16699218)|VARIABLE_ASSIGNMENT|[31]|childJobId|null
01:42:28.0 (16945601)|HEAP_ALLOCATE|[EXTERNAL]|Bytes:99
01:42:28.0 (16957129)|HEAP_ALLOCATE|[EXTERNAL]|Bytes:11
01:42:28.0 (16963978)|METHOD_ENTRY|[1]|01p0a000004sKko|CCPullReservationConcurBatch.CCPullReservationConcurBatch()
01:42:28.0 (16969664)|STATEMENT_EXECUTE|[1]
01:42:28.0 (16973342)|STATEMENT_EXECUTE|[1]
01:42:28.0 (16976436)|METHOD_EXIT|[1]|CCPullReservationConcurBatch
01:42:28.0 (16983640)|HEAP_ALLOCATE|[EXTERNAL]|Bytes:32
01:42:28.0 (16989198)|HEAP_ALLOCATE|[EXTERNAL]|Bytes:12
01:42:28.0 (16997154)|VARIABLE_SCOPE_BEGIN|[24]|this|CCPullReservationConcurBatch|true|false
01:42:28.0 (17038136)|VARIABLE_ASSIGNMENT|[24]|this|{"accessToken":"0_l6lhbg6m5vi182YUo0 (8 more) ...","lstApxlog":"0x12c88b08","mapCncIDoppID":"0x14dcff26","mapCncIDReservation":"0x2b036902","mapCncIDTrip":"0x424bd4a1","mapIdConcurNewTrip":"0x429aa67e","mapTripReservation":"0x72618c56"}|0x2c509ae9
01:42:28.0 (17049196)|VARIABLE_SCOPE_BEGIN|[24]|BC|Database.BatchableContext|true|false
01:42:28.0 (17105769)|VARIABLE_ASSIGNMENT|[24]|BC|{"jobId":"7072900000OOYD5AAP"}|0x4976810f
01:42:28.0 (17119507)|STATEMENT_EXECUTE|[24]
01:42:28.0 (17120969)|STATEMENT_EXECUTE|[26]
01:42:28.0 (17797928)|HEAP_ALLOCATE|[26]|Bytes:54
01:42:28.0 (17807893)|HEAP_ALLOCATE|[26]|Bytes:4
01:42:28.0 (17817249)|METHOD_ENTRY|[1]|01p0a000004sKkt|CCTripIteratable.CCTripIteratable()
01:42:28.0 (17822251)|STATEMENT_EXECUTE|[1]
01:42:28.0 (17824744)|STATEMENT_EXECUTE|[1]
01:42:28.0 (17828617)|METHOD_EXIT|[1]|CCTripIteratable
01:42:28.0 (17836649)|HEAP_ALLOCATE|[26]|Bytes:8
01:42:28.0 (17863902)|CONSTRUCTOR_ENTRY|[26]|01p0a000004sKkt|<init>(Map<String,Trip__c>)
01:42:28.0 (17889258)|VARIABLE_SCOPE_BEGIN|[5]|this|CCTripIteratable|true|false
01:42:28.0 (17907947)|VARIABLE_ASSIGNMENT|[5]|this|{}|0x7e2327f6
01:42:28.0 (17915302)|VARIABLE_SCOPE_BEGIN|[5]|mapIdConcurTrip|Map<String,Trip__c>|true|false
01:42:28.0 (18006186)|VARIABLE_ASSIGNMENT|[5]|mapIdConcurTrip|{"gWupfQyvIhB9hYHZVnTR (16 more) ...":{"Booking_Source__c":"Sabre","Trip_Ref__c":"Trip from Des Moines (49 more) ...","Modified_Date_Time__ (1 more) ...":"2018-02-02T00:59:00.000Z","End_Date__c":"2018-02-02T09:56:00","Start_Date__c":"2018-02-02T07:15:00","Trip_ID__c":"gWupfQyvIhB9hYHZVnTR (16 more) ...","Trip_Name__c":"Trip from Des Moines (36 more) ...","ID__c":"https://www.concurso (69 more) ..."},"gWupfQyvJjx5obv70ak0 (16 more) ...":{"Booking_Source__c":"Sabre","Trip_Ref__c":"Trip from Sacramento (48 more) ...","Modified_Date_Time__ (1 more) ...":"2018-02-02T00:28:00.000Z","End_Date__c":"2018-02-04T20:55:00","Start_Date__c":"2018-02-04T16:00:00","Trip_ID__c":"gWupfQyvJjx5obv70ak0 (16 more) ...","Trip_Name__c":"Trip from Sacramento (35 more) ...","ID__c":"https://www.concurso (69 more) ..."}}|0x429aa67e
01:42:28.0 (18028359)|STATEMENT_EXECUTE|[1]
01:42:28.0 (18029980)|STATEMENT_EXECUTE|[4]
01:42:28.0 (18041922)|STATEMENT_EXECUTE|[6]
01:42:28.0 (18043125)|STATEMENT_EXECUTE|[7]
01:42:28.0 (18075206)|VARIABLE_ASSIGNMENT|[7]|this.mapIdConcurNewTrip|{"gWupfQyvIhB9hYHZVnTR (16 more) ...":{"Booking_Source__c":"Sabre","Trip_Ref__c":"Trip from Des Moines (49 more) ...","Modified_Date_Time__ (1 more) ...":"2018-02-02T00:59:00.000Z","End_Date__c":"2018-02-02T09:56:00","Start_Date__c":"2018-02-02T07:15:00","Trip_ID__c":"gWupfQyvIhB9hYHZVnTR (16 more) ...","Trip_Name__c":"Trip from Des Moines (36 more) ...","ID__c":"https://www.concurso (69 more) ..."},"gWupfQyvJjx5obv70ak0 (16 more) ...":{"Booking_Source__c":"Sabre","Trip_Ref__c":"Trip from Sacramento (48 more) ...","Modified_Date_Time__ (1 more) ...":"2018-02-02T00:28:00.000Z","End_Date__c":"2018-02-04T20:55:00","Start_Date__c":"2018-02-04T16:00:00","Trip_ID__c":"gWupfQyvJjx5obv70ak0 (16 more) ...","Trip_Name__c":"Trip from Sacramento (35 more) ...","ID__c":"https://www.concurso (69 more) ..."}}|0x7e2327f6
01:42:28.0 (18100549)|CONSTRUCTOR_EXIT|[26]|01p0a000004sKkt|<init>(Map<String,Trip__c>)
01:42:28.0 (18608089)|HEAP_ALLOCATE|[EXTERNAL]|Bytes:8
01:42:28.0 (18618361)|VARIABLE_SCOPE_BEGIN|[11]|this|CCTripIteratable|true|false
01:42:28.0 (18649999)|VARIABLE_ASSIGNMENT|[11]|this|{"mapIdConcurNewTrip":"0x429aa67e"}|0x7e2327f6
01:42:28.0 (18660229)|STATEMENT_EXECUTE|[12]
01:42:28.0 (18661742)|STATEMENT_EXECUTE|[13]
01:42:28.0 (18734293)|HEAP_ALLOCATE|[EXTERNAL]|Bytes:12
01:42:28.0 (18754259)|HEAP_ALLOCATE|[13]|Bytes:1068
01:42:28.0 (19071429)|HEAP_ALLOCATE|[EXTERNAL]|Bytes:8
01:42:28.0 (19100426)|HEAP_ALLOCATE|[50]|Bytes:5
01:42:28.0 (19119497)|HEAP_ALLOCATE|[56]|Bytes:5
01:42:28.0 (19129740)|HEAP_ALLOCATE|[64]|Bytes:7
01:42:28.0 (19146052)|HEAP_ALLOCATE|[EXTERNAL]|Bytes:5
01:42:28.0 (19211592)|HEAP_ALLOCATE|[EXTERNAL]|Bytes:8
01:42:28.0 (19230473)|HEAP_ALLOCATE|[EXTERNAL]|Bytes:36
01:42:28.0 (19248439)|HEAP_ALLOCATE|[EXTERNAL]|Bytes:8
01:42:28.0 (19254826)|HEAP_ALLOCATE|[EXTERNAL]|Bytes:5
01:42:28.0 (19270391)|HEAP_ALLOCATE|[EXTERNAL]|Bytes:8
01:42:28.0 (19276565)|HEAP_ALLOCATE|[EXTERNAL]|Bytes:36
01:42:28.0 (19288868)|HEAP_ALLOCATE|[EXTERNAL]|Bytes:8
01:42:28.0 (19294257)|HEAP_ALLOCATE|[EXTERNAL]|Bytes:5
01:42:28.0 (19371639)|HEAP_ALLOCATE|[EXTERNAL]|Bytes:4
01:42:28.0 (19381025)|HEAP_ALLOCATE|[EXTERNAL]|Bytes:4
01:42:28.0 (19406788)|HEAP_ALLOCATE|[EXTERNAL]|Bytes:4
01:42:28.0 (19411398)|HEAP_ALLOCATE|[EXTERNAL]|Bytes:4
01:42:28.30 (30390982)|CUMULATIVE_LIMIT_USAGE
01:42:28.30 (30390982)|LIMIT_USAGE_FOR_NS|(default)|
  Number of SOQL queries: 0 out of 200
  Number of query rows: 0 out of 50000
  Number of SOSL queries: 0 out of 20
  Number of DML statements: 0 out of 150
  Number of DML rows: 0 out of 10000
  Maximum CPU time: 0 out of 60000
  Maximum heap size: 0 out of 12000000
  Number of callouts: 0 out of 0
  Number of Email Invocations: 0 out of 10
  Number of future calls: 0 out of 0
  Number of queueable jobs added to the queue: 0 out of 1
  Number of Mobile Apex push calls: 0 out of 10

01:42:28.30 (30390982)|CUMULATIVE_LIMIT_USAGE_END

01:42:28.0 (30433698)|CODE_UNIT_FINISHED|CCPullReservationConcurBatch
01:42:28.0 (31233887)|EXECUTION_FINISHED
