37.0 APEX_CODE,FINEST;APEX_PROFILING,INFO;CALLOUT,INFO;DB,INFO;SYSTEM,DEBUG;VALIDATION,INFO;VISUALFORCE,INFO;WAVE,INFO;WORKFLOW,FINER
08:26:45.0 (351272)|USER_INFO|[EXTERNAL]|00529000000zYiy|bhakti.gujrathi@eternussolutions.com.frnstgng|Central Standard Time|GMT-06:00
08:26:45.0 (397919)|EXECUTION_STARTED
08:26:45.0 (402747)|CODE_UNIT_STARTED|[EXTERNAL]|0660a0000009uTC|VF: /apex/PAW_New_Edit
08:26:45.0 (572349)|VF_DESERIALIZE_VIEWSTATE_BEGIN|0660a0000009uTC
08:26:45.0 (4408002)|HEAP_ALLOCATE|[72]|Bytes:3
08:26:45.0 (4458303)|HEAP_ALLOCATE|[77]|Bytes:152
08:26:45.0 (4476130)|HEAP_ALLOCATE|[342]|Bytes:408
08:26:45.0 (4499604)|HEAP_ALLOCATE|[355]|Bytes:408
08:26:45.0 (4516901)|HEAP_ALLOCATE|[467]|Bytes:48
08:26:45.0 (4549285)|HEAP_ALLOCATE|[139]|Bytes:6
08:26:45.0 (4581927)|HEAP_ALLOCATE|[50]|Bytes:5
08:26:45.0 (4612152)|HEAP_ALLOCATE|[56]|Bytes:5
08:26:45.0 (4622780)|HEAP_ALLOCATE|[64]|Bytes:7
08:26:45.0 (9591812)|VARIABLE_SCOPE_BEGIN|[35]|PAW_New_EditCntrllr.globalSchemaMap|Map<String,Schema.SObjectType>|true|true
08:26:45.0 (9610391)|VARIABLE_SCOPE_BEGIN|[3]|PAW_New_EditCntrllr.yearEndMode|Boolean|false|true
08:26:45.0 (15288197)|VF_DESERIALIZE_VIEWSTATE_END
08:26:45.121 (121844641)|CUMULATIVE_LIMIT_USAGE
08:26:45.121 (121844641)|LIMIT_USAGE_FOR_NS|(default)|
  Number of SOQL queries: 0 out of 100
  Number of query rows: 0 out of 50000
  Number of SOSL queries: 0 out of 20
  Number of DML statements: 0 out of 150
  Number of DML rows: 0 out of 10000
  Maximum CPU time: 0 out of 10000
  Maximum heap size: 0 out of 6000000
  Number of callouts: 0 out of 100
  Number of Email Invocations: 0 out of 10
  Number of future calls: 0 out of 50
  Number of queueable jobs added to the queue: 0 out of 50
  Number of Mobile Apex push calls: 0 out of 10

08:26:45.121 (121844641)|CUMULATIVE_LIMIT_USAGE_END

08:26:45.0 (121907517)|CODE_UNIT_FINISHED|VF: /apex/PAW_New_Edit
08:26:45.0 (122671836)|EXECUTION_FINISHED
