37.0 APEX_CODE,FINEST;APEX_PROFILING,INFO;CALLOUT,INFO;DB,INFO;SYSTEM,DEBUG;VALIDATION,INFO;VISUALFORCE,INFO;WAVE,INFO;WORKFLOW,FINER
08:27:07.0 (260122)|USER_INFO|[EXTERNAL]|00529000000zYiy|bhakti.gujrathi@eternussolutions.com.frnstgng|Central Standard Time|GMT-06:00
08:27:07.0 (296891)|EXECUTION_STARTED
08:27:07.0 (300796)|CODE_UNIT_STARTED|[EXTERNAL]|0660a0000009uTC|VF: /apex/PAW_New_Edit
08:27:07.0 (687162)|VF_DESERIALIZE_VIEWSTATE_BEGIN|0660a0000009uTC
08:27:07.0 (4320389)|HEAP_ALLOCATE|[72]|Bytes:3
08:27:07.0 (4364678)|HEAP_ALLOCATE|[77]|Bytes:152
08:27:07.0 (4378556)|HEAP_ALLOCATE|[342]|Bytes:408
08:27:07.0 (4389173)|HEAP_ALLOCATE|[355]|Bytes:408
08:27:07.0 (4399729)|HEAP_ALLOCATE|[467]|Bytes:48
08:27:07.0 (4425354)|HEAP_ALLOCATE|[139]|Bytes:6
08:27:07.0 (4448917)|HEAP_ALLOCATE|[50]|Bytes:5
08:27:07.0 (4469125)|HEAP_ALLOCATE|[56]|Bytes:5
08:27:07.0 (4476231)|HEAP_ALLOCATE|[64]|Bytes:7
08:27:07.0 (6809746)|VARIABLE_SCOPE_BEGIN|[35]|PAW_New_EditCntrllr.globalSchemaMap|Map<String,Schema.SObjectType>|true|true
08:27:07.0 (6822845)|VARIABLE_SCOPE_BEGIN|[3]|PAW_New_EditCntrllr.yearEndMode|Boolean|false|true
08:27:07.0 (10914947)|VF_DESERIALIZE_VIEWSTATE_END
08:27:07.11 (11723544)|SYSTEM_MODE_ENTER|true
08:27:07.11 (11783921)|HEAP_ALLOCATE|[EXTERNAL]|Bytes:38
08:27:07.11 (11792489)|HEAP_ALLOCATE|[EXTERNAL]|Bytes:7
08:27:07.11 (11801548)|SYSTEM_METHOD_ENTRY|[1]|PageMessagesComponentController.PageMessagesComponentController()
08:27:07.11 (11806493)|STATEMENT_EXECUTE|[1]
08:27:07.12 (12523590)|SYSTEM_MODE_ENTER|true
08:27:07.12 (12572652)|HEAP_ALLOCATE|[EXTERNAL]|Bytes:8
08:27:07.12 (12579801)|VARIABLE_SCOPE_BEGIN|[88]|this|ApexPage.PageMessagesComponentController|true|false
08:27:07.12 (12616218)|VARIABLE_ASSIGNMENT|[88]|this|{}|0x799243f8
08:27:07.12 (12622342)|VARIABLE_SCOPE_BEGIN|[88]|escape|Boolean|false|false
08:27:07.12 (12629709)|VARIABLE_ASSIGNMENT|[88]|escape|null
08:27:07.0 (12800539)|SYSTEM_MODE_ENTER|true
08:27:07.0 (12822522)|HEAP_ALLOCATE|[EXTERNAL]|Bytes:11
08:27:07.0 (12832864)|HEAP_ALLOCATE|[EXTERNAL]|Bytes:304
08:27:07.0 (12841663)|HEAP_ALLOCATE|[EXTERNAL]|Bytes:98
08:27:07.0 (12846353)|HEAP_ALLOCATE|[EXTERNAL]|Bytes:14
08:27:07.0 (12857919)|METHOD_ENTRY|[1]|01p0a000004sKzV|PAW_New_EditCntrllr.PAW_New_EditCntrllr()
08:27:07.0 (12862688)|STATEMENT_EXECUTE|[1]
08:27:07.0 (12866705)|STATEMENT_EXECUTE|[1]
08:27:07.0 (12867835)|STATEMENT_EXECUTE|[3]
08:27:07.0 (13307445)|VARIABLE_SCOPE_BEGIN|[3]|PAW_YearEnd_Config.setting|Year_End_PAW_Settings__c|true|true
08:27:07.0 (13323173)|HEAP_ALLOCATE|[3]|Bytes:1
08:27:07.0 (13329336)|HEAP_ALLOCATE|[3]|Bytes:1
08:27:07.0 (13369425)|METHOD_ENTRY|[1]|01p29000000Aswf|PAW_YearEnd_Config.PAW_YearEnd_Config()
08:27:07.0 (13374409)|STATEMENT_EXECUTE|[1]
08:27:07.0 (13377252)|STATEMENT_EXECUTE|[1]
08:27:07.0 (13391445)|SYSTEM_MODE_ENTER|false
08:27:07.0 (13398255)|HEAP_ALLOCATE|[3]|Bytes:5
08:27:07.0 (13405304)|SYSTEM_MODE_EXIT|false
08:27:07.0 (13412505)|METHOD_EXIT|[1]|PAW_YearEnd_Config
08:27:07.0 (13422281)|METHOD_ENTRY|[3]|01p29000000Aswf|PAW_YearEnd_Config.fetch()
08:27:07.0 (13446281)|SYSTEM_MODE_ENTER|false
08:27:07.0 (13450904)|HEAP_ALLOCATE|[6]|Bytes:5
08:27:07.0 (13455625)|STATEMENT_EXECUTE|[5]
08:27:07.0 (13459037)|STATEMENT_EXECUTE|[7]
08:27:07.0 (14509585)|HEAP_ALLOCATE|[7]|Bytes:20
08:27:07.0 (14551734)|VARIABLE_ASSIGNMENT|[7]|PAW_YearEnd_Config.setting|{"IsDeleted":false,"Name":"Year End PAW Setting (11 more) ...","SetupOwnerId":"00529000000zYiyAAE","Year_End_Mode_Enable (4 more) ...":false}|0x749c020c
08:27:07.0 (14560937)|STATEMENT_EXECUTE|[9]
08:27:07.0 (14564228)|HEAP_ALLOCATE|[9]|Bytes:14
08:27:07.0 (14715335)|HEAP_ALLOCATE|[9]|Bytes:145
08:27:07.0 (14736618)|HEAP_ALLOCATE|[9]|Bytes:159
08:27:07.0 (14754818)|USER_DEBUG|[9]|DEBUG|>>> setting : Year_End_PAW_Settings__c:{IsDeleted=false, Name=Year End PAW Settings (Profile), SetupOwnerId=00529000000zYiyAAE, Year_End_Mode_Enabled__c=false}
08:27:07.0 (14762939)|STATEMENT_EXECUTE|[10]
08:27:07.0 (14767695)|SYSTEM_MODE_EXIT|false
08:27:07.0 (14775450)|METHOD_EXIT|[3]|01p29000000Aswf|PAW_YearEnd_Config.fetch()
08:27:07.0 (14811904)|VARIABLE_ASSIGNMENT|[3]|PAW_New_EditCntrllr.yearEndMode|false
08:27:07.0 (14816518)|STATEMENT_EXECUTE|[523]
08:27:07.0 (14821342)|METHOD_EXIT|[1]|PAW_New_EditCntrllr
08:27:07.0 (16068789)|SYSTEM_MODE_ENTER|true
08:27:07.0 (17534540)|SYSTEM_MODE_ENTER|true
08:27:07.0 (17582838)|HEAP_ALLOCATE|[EXTERNAL]|Bytes:476
08:27:07.0 (17592039)|HEAP_ALLOCATE|[EXTERNAL]|Bytes:71
08:27:07.0 (21143914)|SYSTEM_MODE_ENTER|true
08:27:07.0 (21199884)|SYSTEM_MODE_ENTER|true
08:27:07.0 (24538111)|SYSTEM_MODE_ENTER|true
08:27:07.0 (24737243)|HEAP_ALLOCATE|[EXTERNAL]|Bytes:112
08:27:07.0 (24746943)|VARIABLE_SCOPE_BEGIN|[186]|this|PAW_New_EditCntrllr|true|false
08:27:07.0 (24817028)|VARIABLE_ASSIGNMENT|[186]|this|{"estmtCvrgeDaysObj":"0xe519dd1","faciltyOptions":"0x1edd8445","fcltyPrgrmOptions":"0x387bd19b","idToOwnershipFacilit (4 more) ...":"0x1e4095e5","idToTypeFacilityMap":"0x1cfd3ce9","insrncBnftMap":"0x6e706c9f","insrncBnftOptions":"0x8619fc3","isIop":false,"isTalbott":false,"meta":"0x1294dc97","oppId":"00629000004NTeZ","pawObj":"0x677ba058","ptntInsrnceOptions":"0xa822cbc","ptntInsrncMap":"0xe9925a8","ptntInsrncObj":"0x3add3088","quoteObj":"0x1e2eeb","recordId":"00629000004NTeZ","rtAdjstmntOptions":"0x1b621598","showPILookup":false,"sObjectQueryStr":"","wrprObj":"0x5de939a0"}|0x571d6cc4
08:27:07.0 (24834099)|STATEMENT_EXECUTE|[186]
08:27:07.0 (24835787)|STATEMENT_EXECUTE|[190]
08:27:07.0 (24852001)|HEAP_ALLOCATE|[190]|Bytes:4
08:27:07.0 (24896636)|HEAP_ALLOCATE|[EXTERNAL]|Bytes:4
08:27:07.0 (24908113)|VARIABLE_ASSIGNMENT|[190]|this.ptntInsrnceOptions|[]|0x571d6cc4
08:27:07.0 (24913314)|STATEMENT_EXECUTE|[191]
08:27:07.0 (24920202)|HEAP_ALLOCATE|[191]|Bytes:12
08:27:07.0 (24972761)|HEAP_ALLOCATE|[EXTERNAL]|Bytes:4
08:27:07.0 (24980342)|STATEMENT_EXECUTE|[192]
08:27:07.0 (25003808)|HEAP_ALLOCATE|[192]|Bytes:4
08:27:07.0 (25009794)|HEAP_ALLOCATE|[192]|Bytes:95
08:27:07.0 (25019770)|HEAP_ALLOCATE|[192]|Bytes:4
08:27:07.0 (25028603)|HEAP_ALLOCATE|[192]|Bytes:7
08:27:07.0 (25301951)|SOQL_EXECUTE_BEGIN|[192]|Aggregations:0|SELECT Id, Name, Insurance_Company__c FROM Patient_Insurance__c WHERE Opportunity__c = :tmpVar1
08:27:07.0 (29690063)|SOQL_EXECUTE_END|[192]|Rows:4
08:27:07.0 (29710455)|HEAP_ALLOCATE|[192]|Bytes:20
08:27:07.0 (29733718)|HEAP_ALLOCATE|[192]|Bytes:449
08:27:07.0 (29773495)|HEAP_ALLOCATE|[192]|Bytes:20
08:27:07.0 (29801264)|HEAP_ALLOCATE|[192]|Bytes:16
08:27:07.0 (29811794)|HEAP_ALLOCATE|[192]|Bytes:4
08:27:07.0 (29816265)|HEAP_ALLOCATE|[192]|Bytes:16
08:27:07.0 (29820258)|HEAP_ALLOCATE|[192]|Bytes:4
08:27:07.0 (29822935)|HEAP_ALLOCATE|[192]|Bytes:16
08:27:07.0 (29827389)|HEAP_ALLOCATE|[192]|Bytes:4
08:27:07.0 (29829907)|HEAP_ALLOCATE|[192]|Bytes:16
08:27:07.0 (29833248)|HEAP_ALLOCATE|[192]|Bytes:4
08:27:07.0 (29871343)|VARIABLE_ASSIGNMENT|[192]|this.ptntInsrncMap|{"a1b29000000l40nAAA":{"Id":"a1b29000000l40nAAA","Name":"Maria Johnson - BCBS (17 more) ...","Insurance_Company__c":"0012900000AXSPBAA5"},"a1b29000000lvHQAAY":{"Id":"a1b29000000lvHQAAY","Name":"Maria Johnson - Valu (23 more) ...","Insurance_Company__c":"0012900000AXSP3AAP"},"a1b29000000lvHVAAY":{"Id":"a1b29000000lvHVAAY","Name":"Maria Johnson - Priv (7 more) ...","Insurance_Company__c":"0012900000AXSDqAAP"},"a1b29000000ly7uAAA":{"Id":"a1b29000000ly7uAAA","Name":"Maria Johnson - Alle (6 more) ...","Insurance_Company__c":"0012900000AXSlPAAX"}}|0x571d6cc4
08:27:07.0 (29911403)|HEAP_ALLOCATE|[EXTERNAL]|Bytes:20
08:27:07.0 (29923612)|HEAP_ALLOCATE|[197]|Bytes:465
08:27:07.0 (30047457)|HEAP_ALLOCATE|[197]|Bytes:5
08:27:07.0 (30061716)|HEAP_ALLOCATE|[197]|Bytes:16
08:27:07.0 (30069534)|VARIABLE_SCOPE_BEGIN|[197]|ptntInsrnceInstance|Patient_Insurance__c|true|false
08:27:07.0 (30084195)|VARIABLE_ASSIGNMENT|[197]|ptntInsrnceInstance|{"Id":"a1b29000000l40nAAA","Name":"Maria Johnson - BCBS (17 more) ...","Insurance_Company__c":"0012900000AXSPBAA5"}|0x74bb0970
08:27:07.0 (30091028)|STATEMENT_EXECUTE|[197]
08:27:07.0 (30092512)|STATEMENT_EXECUTE|[198]
08:27:07.0 (30126630)|HEAP_ALLOCATE|[198]|Bytes:18
08:27:07.0 (30178178)|HEAP_ALLOCATE|[EXTERNAL]|Bytes:4
08:27:07.0 (30191443)|HEAP_ALLOCATE|[197]|Bytes:5
08:27:07.0 (30199691)|HEAP_ALLOCATE|[197]|Bytes:16
08:27:07.0 (30205080)|VARIABLE_SCOPE_BEGIN|[197]|ptntInsrnceInstance|Patient_Insurance__c|true|false
08:27:07.0 (30218293)|VARIABLE_ASSIGNMENT|[197]|ptntInsrnceInstance|{"Id":"a1b29000000lvHQAAY","Name":"Maria Johnson - Valu (23 more) ...","Insurance_Company__c":"0012900000AXSP3AAP"}|0x136efbe5
08:27:07.0 (30223976)|STATEMENT_EXECUTE|[197]
08:27:07.0 (30225086)|STATEMENT_EXECUTE|[198]
08:27:07.0 (30234291)|HEAP_ALLOCATE|[198]|Bytes:18
08:27:07.0 (30245303)|HEAP_ALLOCATE|[EXTERNAL]|Bytes:4
08:27:07.0 (30253257)|HEAP_ALLOCATE|[197]|Bytes:5
08:27:07.0 (30259716)|HEAP_ALLOCATE|[197]|Bytes:16
08:27:07.0 (30264089)|VARIABLE_SCOPE_BEGIN|[197]|ptntInsrnceInstance|Patient_Insurance__c|true|false
08:27:07.0 (30274987)|VARIABLE_ASSIGNMENT|[197]|ptntInsrnceInstance|{"Id":"a1b29000000lvHVAAY","Name":"Maria Johnson - Priv (7 more) ...","Insurance_Company__c":"0012900000AXSDqAAP"}|0x1c8440d5
08:27:07.0 (30279244)|STATEMENT_EXECUTE|[197]
08:27:07.0 (30280197)|STATEMENT_EXECUTE|[198]
08:27:07.0 (30285744)|HEAP_ALLOCATE|[198]|Bytes:18
08:27:07.0 (30294342)|HEAP_ALLOCATE|[EXTERNAL]|Bytes:4
08:27:07.0 (30301822)|HEAP_ALLOCATE|[197]|Bytes:5
08:27:07.0 (30307659)|HEAP_ALLOCATE|[197]|Bytes:16
08:27:07.0 (30312063)|VARIABLE_SCOPE_BEGIN|[197]|ptntInsrnceInstance|Patient_Insurance__c|true|false
08:27:07.0 (30321865)|VARIABLE_ASSIGNMENT|[197]|ptntInsrnceInstance|{"Id":"a1b29000000ly7uAAA","Name":"Maria Johnson - Alle (6 more) ...","Insurance_Company__c":"0012900000AXSlPAAX"}|0x2f7ff797
08:27:07.0 (30327537)|STATEMENT_EXECUTE|[197]
08:27:07.0 (30328482)|STATEMENT_EXECUTE|[198]
08:27:07.0 (30333344)|HEAP_ALLOCATE|[198]|Bytes:18
08:27:07.0 (30340828)|HEAP_ALLOCATE|[EXTERNAL]|Bytes:4
08:27:07.0 (30347652)|HEAP_ALLOCATE|[197]|Bytes:5
08:27:07.0 (30355344)|VARIABLE_ASSIGNMENT|[197]|ptntInsrnceInstance|null|
08:27:07.0 (30358994)|STATEMENT_EXECUTE|[201]
08:27:07.34 (34263537)|SYSTEM_MODE_ENTER|true
08:27:07.34 (34312246)|HEAP_ALLOCATE|[EXTERNAL]|Bytes:8
08:27:07.34 (34319409)|VARIABLE_SCOPE_BEGIN|[88]|this|ApexPage.PageMessagesComponentController|true|false
08:27:07.34 (34342528)|VARIABLE_ASSIGNMENT|[88]|this|{}|0x799243f8
08:27:07.34 (34348514)|VARIABLE_SCOPE_BEGIN|[88]|escape|Boolean|false|false
08:27:07.34 (34354991)|VARIABLE_ASSIGNMENT|[88]|escape|null
08:27:07.0 (34850225)|HEAP_ALLOCATE|[EXTERNAL]|Bytes:84
08:27:07.0 (34862295)|VARIABLE_ASSIGNMENT|[EXTERNAL]|this.insrncBnftSelected|null|0x5de939a0
08:27:07.0 (34909776)|HEAP_ALLOCATE|[EXTERNAL]|Bytes:84
08:27:07.0 (34916891)|VARIABLE_ASSIGNMENT|[EXTERNAL]|this.facilitySelected|null|0x5de939a0
08:27:07.0 (34955333)|HEAP_ALLOCATE|[EXTERNAL]|Bytes:84
08:27:07.0 (34961739)|VARIABLE_ASSIGNMENT|[EXTERNAL]|this.rateAdjstmntSelected|null|0x5de939a0
08:27:07.0 (34998585)|HEAP_ALLOCATE|[EXTERNAL]|Bytes:84
08:27:07.0 (35004182)|VARIABLE_ASSIGNMENT|[EXTERNAL]|this.fcltyPrgrmSelected|null|0x5de939a0
08:27:07.0 (37850024)|HEAP_ALLOCATE|[EXTERNAL]|Bytes:112
08:27:07.0 (37860327)|VARIABLE_SCOPE_BEGIN|[205]|this|PAW_New_EditCntrllr|true|false
08:27:07.0 (37925607)|VARIABLE_ASSIGNMENT|[205]|this|{"estmtCvrgeDaysObj":"0xe519dd1","faciltyOptions":"0x1edd8445","fcltyPrgrmOptions":"0x387bd19b","idToOwnershipFacilit (4 more) ...":"0x1e4095e5","idToTypeFacilityMap":"0x1cfd3ce9","insrncBnftMap":"0x6e706c9f","insrncBnftOptions":"0x8619fc3","isIop":false,"isTalbott":false,"meta":"0x1294dc97","oppId":"00629000004NTeZ","pawObj":"0x677ba058","ptntInsrnceOptions":"0x10535e72","ptntInsrncMap":"0x312c8954","ptntInsrncObj":"0x3add3088","quoteObj":"0x1e2eeb","recordId":"00629000004NTeZ","rtAdjstmntOptions":"0x1b621598","showPILookup":false,"sObjectQueryStr":"","wrprObj":"0x5de939a0"}|0x571d6cc4
08:27:07.0 (37941423)|STATEMENT_EXECUTE|[205]
08:27:07.0 (38004680)|VARIABLE_ASSIGNMENT|[EXTERNAL]|this|{"estmtCvrgeDaysObj":"0xe519dd1","faciltyOptions":"0x1edd8445","fcltyPrgrmOptions":"0x387bd19b","idToOwnershipFacilit (4 more) ...":"0x1e4095e5","idToTypeFacilityMap":"0x1cfd3ce9","insrncBnftMap":"0x6e706c9f","insrncBnftOptions":"0x8619fc3","isIop":false,"isTalbott":false,"meta":"0x1294dc97","oppId":"00629000004NTeZ","pawObj":"0x677ba058","ptntInsrnceOptions":"0x10535e72","ptntInsrncMap":"0x312c8954","ptntInsrncObj":"0x3add3088","quoteObj":"0x1e2eeb","recordId":"00629000004NTeZ","rtAdjstmntOptions":"0x1b621598","showPILookup":false,"sObjectQueryStr":"","wrprObj":"0x5de939a0"}|0x571d6cc4
08:27:07.0 (38066712)|VARIABLE_ASSIGNMENT|[EXTERNAL]|this|{"pawDetailListDisplay (4 more) ...":false,"pyAgrmntWrksht":"0x70006ed9","relatedPAWDetailsLis (1 more) ...":"0x7aaa0e65","targetEDR":0.00,"totalAppliedDeductib (2 more) ...":0.00,"totalCoInsurance":0.00,"totalCoPayAmt":0.00,"totalInsCoResp":0.00,"totalInsEIVAmt":0.00,"totalRowCount":0,"totalTalbottDay":0.00}|0x5de939a0
08:27:07.0 (38106778)|STATEMENT_EXECUTE|[206]
08:27:07.0 (38108235)|STATEMENT_EXECUTE|[207]
08:27:07.0 (38165706)|VARIABLE_ASSIGNMENT|[EXTERNAL]|this|{"estmtCvrgeDaysObj":"0xe519dd1","faciltyOptions":"0x1edd8445","fcltyPrgrmOptions":"0x387bd19b","idToOwnershipFacilit (4 more) ...":"0x1e4095e5","idToTypeFacilityMap":"0x1cfd3ce9","insrncBnftMap":"0x6e706c9f","insrncBnftOptions":"0x8619fc3","isIop":false,"isTalbott":false,"meta":"0x1294dc97","oppId":"00629000004NTeZ","pawObj":"0x677ba058","ptntInsrnceOptions":"0x10535e72","ptntInsrncMap":"0x312c8954","ptntInsrncObj":"0x3add3088","quoteObj":"0x1e2eeb","recordId":"00629000004NTeZ","rtAdjstmntOptions":"0x1b621598","showPILookup":false,"sObjectQueryStr":"","wrprObj":"0x5de939a0"}|0x571d6cc4
08:27:07.0 (38212332)|VARIABLE_ASSIGNMENT|[EXTERNAL]|this|{"pawDetailListDisplay (4 more) ...":false,"pyAgrmntWrksht":"0x70006ed9","relatedPAWDetailsLis (1 more) ...":"0x7aaa0e65","targetEDR":0.00,"totalAppliedDeductib (2 more) ...":0.00,"totalCoInsurance":0.00,"totalCoPayAmt":0.00,"totalInsCoResp":0.00,"totalInsEIVAmt":0.00,"totalRowCount":0,"totalTalbottDay":0.00}|0x5de939a0
08:27:07.0 (38285335)|VARIABLE_ASSIGNMENT|[EXTERNAL]|this|{"estmtCvrgeDaysObj":"0xe519dd1","faciltyOptions":"0x1edd8445","fcltyPrgrmOptions":"0x387bd19b","idToOwnershipFacilit (4 more) ...":"0x1e4095e5","idToTypeFacilityMap":"0x1cfd3ce9","insrncBnftMap":"0x6e706c9f","insrncBnftOptions":"0x8619fc3","isIop":false,"isTalbott":false,"meta":"0x1294dc97","oppId":"00629000004NTeZ","pawObj":"0x677ba058","ptntInsrnceOptions":"0x10535e72","ptntInsrncMap":"0x312c8954","ptntInsrncObj":"0x3add3088","quoteObj":"0x1e2eeb","recordId":"00629000004NTeZ","rtAdjstmntOptions":"0x1b621598","showPILookup":false,"sObjectQueryStr":"","wrprObj":"0x5de939a0"}|0x571d6cc4
08:27:07.0 (38302944)|VARIABLE_ASSIGNMENT|[EXTERNAL]|value|{"Id":"a1b29000000lvHQAAY","Name":"Maria Johnson - Valu (23 more) ...","Insurance_Company__c":"0012900000AXSP3AAP"}|0x136efbe5
08:27:07.0 (38315645)|VARIABLE_ASSIGNMENT|[18]|this.ptntInsrncObj|{"Id":"a1b29000000lvHQAAY","Name":"Maria Johnson - Valu (23 more) ...","Insurance_Company__c":"0012900000AXSP3AAP"}|0x571d6cc4
08:27:07.0 (38324174)|STATEMENT_EXECUTE|[211]
08:27:07.0 (38374457)|VARIABLE_ASSIGNMENT|[EXTERNAL]|this|{"estmtCvrgeDaysObj":"0xe519dd1","faciltyOptions":"0x1edd8445","fcltyPrgrmOptions":"0x387bd19b","idToOwnershipFacilit (4 more) ...":"0x1e4095e5","idToTypeFacilityMap":"0x1cfd3ce9","insrncBnftMap":"0x6e706c9f","insrncBnftOptions":"0x8619fc3","isIop":false,"isTalbott":false,"meta":"0x1294dc97","oppId":"00629000004NTeZ","pawObj":"0x677ba058","ptntInsrnceOptions":"0x10535e72","ptntInsrncMap":"0x312c8954","ptntInsrncObj":"0x136efbe5","quoteObj":"0x1e2eeb","recordId":"00629000004NTeZ","rtAdjstmntOptions":"0x1b621598","showPILookup":false,"sObjectQueryStr":"","wrprObj":"0x5de939a0"}|0x571d6cc4
08:27:07.0 (38422947)|VARIABLE_ASSIGNMENT|[EXTERNAL]|this|{"pawDetailListDisplay (4 more) ...":false,"pyAgrmntWrksht":"0x70006ed9","relatedPAWDetailsLis (1 more) ...":"0x7aaa0e65","targetEDR":0.00,"totalAppliedDeductib (2 more) ...":0.00,"totalCoInsurance":0.00,"totalCoPayAmt":0.00,"totalInsCoResp":0.00,"totalInsEIVAmt":0.00,"totalRowCount":0,"totalTalbottDay":0.00}|0x5de939a0
08:27:07.0 (38432620)|VARIABLE_ASSIGNMENT|[EXTERNAL]|value|""
08:27:07.0 (38439592)|VARIABLE_ASSIGNMENT|[526]|this.insrncBnftSelected|""|0x5de939a0
08:27:07.0 (38445581)|STATEMENT_EXECUTE|[212]
08:27:07.0 (38459781)|METHOD_ENTRY|[212]|01p0a000004sKzV|PAW_New_EditCntrllr.updateWraperValues()
08:27:07.0 (38470122)|VARIABLE_SCOPE_BEGIN|[404]|this|PAW_New_EditCntrllr|true|false
08:27:07.0 (38516811)|VARIABLE_ASSIGNMENT|[404]|this|{"estmtCvrgeDaysObj":"0xe519dd1","faciltyOptions":"0x1edd8445","fcltyPrgrmOptions":"0x387bd19b","idToOwnershipFacilit (4 more) ...":"0x1e4095e5","idToTypeFacilityMap":"0x1cfd3ce9","insrncBnftMap":"0x6e706c9f","insrncBnftOptions":"0x8619fc3","isIop":false,"isTalbott":false,"meta":"0x1294dc97","oppId":"00629000004NTeZ","pawObj":"0x677ba058","ptntInsrnceOptions":"0x10535e72","ptntInsrncMap":"0x312c8954","ptntInsrncObj":"0x136efbe5","quoteObj":"0x1e2eeb","recordId":"00629000004NTeZ","rtAdjstmntOptions":"0x1b621598","showPILookup":false,"sObjectQueryStr":"","wrprObj":"0x5de939a0"}|0x571d6cc4
08:27:07.0 (38529224)|STATEMENT_EXECUTE|[404]
08:27:07.0 (38580768)|VARIABLE_ASSIGNMENT|[EXTERNAL]|this|{"estmtCvrgeDaysObj":"0xe519dd1","faciltyOptions":"0x1edd8445","fcltyPrgrmOptions":"0x387bd19b","idToOwnershipFacilit (4 more) ...":"0x1e4095e5","idToTypeFacilityMap":"0x1cfd3ce9","insrncBnftMap":"0x6e706c9f","insrncBnftOptions":"0x8619fc3","isIop":false,"isTalbott":false,"meta":"0x1294dc97","oppId":"00629000004NTeZ","pawObj":"0x677ba058","ptntInsrnceOptions":"0x10535e72","ptntInsrncMap":"0x312c8954","ptntInsrncObj":"0x136efbe5","quoteObj":"0x1e2eeb","recordId":"00629000004NTeZ","rtAdjstmntOptions":"0x1b621598","showPILookup":false,"sObjectQueryStr":"","wrprObj":"0x5de939a0"}|0x571d6cc4
08:27:07.0 (38642104)|VARIABLE_ASSIGNMENT|[EXTERNAL]|this|{"estmtCvrgeDaysObj":"0xe519dd1","faciltyOptions":"0x1edd8445","fcltyPrgrmOptions":"0x387bd19b","idToOwnershipFacilit (4 more) ...":"0x1e4095e5","idToTypeFacilityMap":"0x1cfd3ce9","insrncBnftMap":"0x6e706c9f","insrncBnftOptions":"0x8619fc3","isIop":false,"isTalbott":false,"meta":"0x1294dc97","oppId":"00629000004NTeZ","pawObj":"0x677ba058","ptntInsrnceOptions":"0x10535e72","ptntInsrncMap":"0x312c8954","ptntInsrncObj":"0x136efbe5","quoteObj":"0x1e2eeb","recordId":"00629000004NTeZ","rtAdjstmntOptions":"0x1b621598","showPILookup":false,"sObjectQueryStr":"","wrprObj":"0x5de939a0"}|0x571d6cc4
08:27:07.0 (38656196)|STATEMENT_EXECUTE|[420]
08:27:07.0 (38657306)|STATEMENT_EXECUTE|[421]
08:27:07.0 (44538273)|VARIABLE_SCOPE_BEGIN|[3]|PAWValueCalculationService.pawObj|Pay_Agreement_Worksheet__c|true|true
08:27:07.0 (44549264)|VARIABLE_SCOPE_BEGIN|[2]|PAWValueCalculationService.skipDML|Boolean|false|true
08:27:07.0 (44560104)|HEAP_ALLOCATE|[421]|Bytes:6
08:27:07.0 (44570370)|METHOD_ENTRY|[1]|01p0a000004sKzO|PAWFrnFacilityService.PAWFrnFacilityService()
08:27:07.0 (44574914)|STATEMENT_EXECUTE|[1]
08:27:07.0 (44578129)|STATEMENT_EXECUTE|[1]
08:27:07.0 (44894572)|SYSTEM_MODE_ENTER|false
08:27:07.0 (44903872)|HEAP_ALLOCATE|[421]|Bytes:5
08:27:07.0 (44910588)|SYSTEM_MODE_EXIT|false
08:27:07.0 (44918890)|METHOD_EXIT|[1]|PAWFrnFacilityService
08:27:07.0 (44925587)|HEAP_ALLOCATE|[421]|Bytes:4
08:27:07.0 (44936846)|CONSTRUCTOR_ENTRY|[421]|01p0a000004sKzO|<init>()
08:27:07.0 (44952398)|VARIABLE_SCOPE_BEGIN|[2]|this|PAWFrnFacilityService|true|false
08:27:07.0 (44971826)|VARIABLE_ASSIGNMENT|[2]|this|{}|0x424307d8
08:27:07.0 (44990600)|SYSTEM_MODE_ENTER|false
08:27:07.0 (44995870)|HEAP_ALLOCATE|[2]|Bytes:5
08:27:07.0 (44999517)|STATEMENT_EXECUTE|[1]
08:27:07.0 (45005402)|HEAP_ALLOCATE|[2]|Bytes:5
08:27:07.0 (45015703)|HEAP_ALLOCATE|[2]|Bytes:39
08:27:07.0 (45021547)|HEAP_ALLOCATE|[2]|Bytes:35
08:27:07.0 (45047115)|METHOD_ENTRY|[1]|01p0a000004sKzT|PAWValueCalculationService.PAWValueCalculationService()
08:27:07.0 (45052152)|STATEMENT_EXECUTE|[1]
08:27:07.0 (45054343)|STATEMENT_EXECUTE|[1]
08:27:07.0 (45057242)|METHOD_EXIT|[1]|PAWValueCalculationService
08:27:07.0 (45063584)|CONSTRUCTOR_ENTRY|[2]|01p0a000004sKzT|<init>()
08:27:07.0 (45076002)|VARIABLE_SCOPE_BEGIN|[5]|this|PAWValueCalculationService|true|false
08:27:07.0 (45090080)|VARIABLE_ASSIGNMENT|[5]|this|{}|0x424307d8
08:27:07.0 (45095326)|STATEMENT_EXECUTE|[1]
08:27:07.0 (45100817)|HEAP_ALLOCATE|[6]|Bytes:6
08:27:07.0 (45118215)|STATEMENT_EXECUTE|[5]
08:27:07.0 (45119540)|STATEMENT_EXECUTE|[6]
08:27:07.0 (45124154)|HEAP_ALLOCATE|[6]|Bytes:5
08:27:07.0 (45131792)|VARIABLE_ASSIGNMENT|[6]|PAWValueCalculationService.skipDML|false
08:27:07.0 (45138051)|CONSTRUCTOR_EXIT|[2]|01p0a000004sKzT|<init>()
08:27:07.0 (45142658)|STATEMENT_EXECUTE|[2]
08:27:07.0 (45145670)|SYSTEM_MODE_EXIT|false
08:27:07.0 (45150719)|CONSTRUCTOR_EXIT|[421]|01p0a000004sKzO|<init>()
08:27:07.0 (45213650)|VARIABLE_ASSIGNMENT|[EXTERNAL]|this|{"estmtCvrgeDaysObj":"0xe519dd1","faciltyOptions":"0x1edd8445","fcltyPrgrmOptions":"0x387bd19b","idToOwnershipFacilit (4 more) ...":"0x1e4095e5","idToTypeFacilityMap":"0x1cfd3ce9","insrncBnftMap":"0x6e706c9f","insrncBnftOptions":"0x8619fc3","isIop":false,"isTalbott":false,"meta":"0x1294dc97","oppId":"00629000004NTeZ","pawObj":"0x677ba058","ptntInsrnceOptions":"0x10535e72","ptntInsrncMap":"0x312c8954","ptntInsrncObj":"0x136efbe5","quoteObj":"0x1e2eeb","recordId":"00629000004NTeZ","rtAdjstmntOptions":"0x1b621598","showPILookup":false,"sObjectQueryStr":"","wrprObj":"0x5de939a0"}|0x571d6cc4
08:27:07.0 (45244349)|METHOD_ENTRY|[421]|01p0a000004sKzO|PAWFrnFacilityService.calculateWraperValuesFRN(PAW_New_EditCntrllr.WraperClass, Map<Id,Facility_Program__c>, Map<Id,Insurance_Company_Rate_Adjustment__c>, Map<Id,Insurance_Benefit__c>, Estimated_Coverage_Days__c)
08:27:07.0 (45251506)|VARIABLE_SCOPE_BEGIN|[7]|this|PAWFrnFacilityService|true|false
08:27:07.0 (45263343)|VARIABLE_ASSIGNMENT|[7]|this|{}|0x424307d8
08:27:07.0 (45267627)|VARIABLE_SCOPE_BEGIN|[7]|pWrprObj|PAW_New_EditCntrllr.WraperClass|true|false
08:27:07.0 (45304621)|VARIABLE_ASSIGNMENT|[7]|pWrprObj|{"insrncBnftSelected":"","pawDetailListDisplay (4 more) ...":false,"pyAgrmntWrksht":"0x70006ed9","relatedPAWDetailsLis (1 more) ...":"0x7aaa0e65","targetEDR":0.00,"totalAppliedDeductib (2 more) ...":0.00,"totalCoInsurance":0.00,"totalCoPayAmt":0.00,"totalInsCoResp":0.00,"totalInsEIVAmt":0.00,"totalRowCount":0,"totalTalbottDay":0.00}|0x5de939a0
08:27:07.0 (45312873)|VARIABLE_SCOPE_BEGIN|[7]|pFcltyPrgmMap|Map<Id,Facility_Program__c>|true|false
08:27:07.0 (45319117)|VARIABLE_ASSIGNMENT|[7]|pFcltyPrgmMap|null|
08:27:07.0 (45322524)|VARIABLE_SCOPE_BEGIN|[7]|pCmpnyRateAdjstmntMap|Map<Id,Insurance_Company_Rate_Adjustment__c>|true|false
08:27:07.0 (45328155)|VARIABLE_ASSIGNMENT|[7]|pCmpnyRateAdjstmntMap|null|
08:27:07.0 (45332107)|VARIABLE_SCOPE_BEGIN|[7]|pInsrncBnftMap|Map<Id,Insurance_Benefit__c>|true|false
08:27:07.0 (45340650)|VARIABLE_ASSIGNMENT|[7]|pInsrncBnftMap|{}|0x6e706c9f
08:27:07.0 (45344927)|VARIABLE_SCOPE_BEGIN|[7]|pEstmtCvrgeDaysObj|Estimated_Coverage_Days__c|true|false
08:27:07.0 (45353020)|VARIABLE_ASSIGNMENT|[7]|pEstmtCvrgeDaysObj|{}|0xe519dd1
08:27:07.0 (45370507)|SYSTEM_MODE_ENTER|false
08:27:07.0 (45375776)|HEAP_ALLOCATE|[13]|Bytes:5
08:27:07.0 (45379949)|STATEMENT_EXECUTE|[12]
08:27:07.0 (45381214)|STATEMENT_EXECUTE|[13]
08:27:07.0 (45390314)|METHOD_ENTRY|[13]|01p0a000004sKzT|PAWValueCalculationService.calculateWraperValues(PAW_New_EditCntrllr.WraperClass, Map<Id,Facility_Program__c>, Map<Id,Insurance_Company_Rate_Adjustment__c>, Map<Id,Insurance_Benefit__c>, Estimated_Coverage_Days__c)
08:27:07.0 (45406942)|VARIABLE_SCOPE_BEGIN|[10]|this|PAWValueCalculationService|true|false
08:27:07.0 (45419796)|VARIABLE_ASSIGNMENT|[10]|this|{}|0x424307d8
08:27:07.0 (45424640)|VARIABLE_SCOPE_BEGIN|[10]|pWrprObj|PAW_New_EditCntrllr.WraperClass|true|false
08:27:07.0 (45459459)|VARIABLE_ASSIGNMENT|[10]|pWrprObj|{"insrncBnftSelected":"","pawDetailListDisplay (4 more) ...":false,"pyAgrmntWrksht":"0x70006ed9","relatedPAWDetailsLis (1 more) ...":"0x7aaa0e65","targetEDR":0.00,"totalAppliedDeductib (2 more) ...":0.00,"totalCoInsurance":0.00,"totalCoPayAmt":0.00,"totalInsCoResp":0.00,"totalInsEIVAmt":0.00,"totalRowCount":0,"totalTalbottDay":0.00}|0x5de939a0
08:27:07.0 (45468074)|VARIABLE_SCOPE_BEGIN|[10]|pFcltyPrgmMap|Map<Id,Facility_Program__c>|true|false
08:27:07.0 (45473823)|VARIABLE_ASSIGNMENT|[10]|pFcltyPrgmMap|null|
08:27:07.0 (45476888)|VARIABLE_SCOPE_BEGIN|[10]|pCmpnyRateAdjstmntMap|Map<Id,Insurance_Company_Rate_Adjustment__c>|true|false
08:27:07.0 (45483097)|VARIABLE_ASSIGNMENT|[10]|pCmpnyRateAdjstmntMap|null|
08:27:07.0 (45486335)|VARIABLE_SCOPE_BEGIN|[10]|pInsrncBnftMap|Map<Id,Insurance_Benefit__c>|true|false
08:27:07.0 (45493785)|VARIABLE_ASSIGNMENT|[10]|pInsrncBnftMap|{}|0x6e706c9f
08:27:07.0 (45498848)|VARIABLE_SCOPE_BEGIN|[10]|pEstmtCvrgeDaysObj|Estimated_Coverage_Days__c|true|false
08:27:07.0 (45504959)|VARIABLE_ASSIGNMENT|[10]|pEstmtCvrgeDaysObj|{}|0xe519dd1
08:27:07.0 (45510579)|STATEMENT_EXECUTE|[14]
08:27:07.0 (45511633)|STATEMENT_EXECUTE|[16]
08:27:07.0 (45552247)|VARIABLE_ASSIGNMENT|[EXTERNAL]|this|{"insrncBnftSelected":"","pawDetailListDisplay (4 more) ...":false,"pyAgrmntWrksht":"0x70006ed9","relatedPAWDetailsLis (1 more) ...":"0x7aaa0e65","targetEDR":0.00,"totalAppliedDeductib (2 more) ...":0.00,"totalCoInsurance":0.00,"totalCoPayAmt":0.00,"totalInsCoResp":0.00,"totalInsEIVAmt":0.00,"totalRowCount":0,"totalTalbottDay":0.00}|0x5de939a0
08:27:07.0 (45614763)|VARIABLE_ASSIGNMENT|[16]|this.Rate_Adjustment_Type__c|null|0x70006ed9
08:27:07.0 (45666170)|VARIABLE_ASSIGNMENT|[EXTERNAL]|this|{"insrncBnftSelected":"","pawDetailListDisplay (4 more) ...":false,"pyAgrmntWrksht":"0x70006ed9","relatedPAWDetailsLis (1 more) ...":"0x7aaa0e65","targetEDR":0.00,"totalAppliedDeductib (2 more) ...":0.00,"totalCoInsurance":0.00,"totalCoPayAmt":0.00,"totalInsCoResp":0.00,"totalInsEIVAmt":0.00,"totalRowCount":0,"totalTalbottDay":0.00}|0x5de939a0
08:27:07.0 (45680823)|STATEMENT_EXECUTE|[17]
08:27:07.0 (45682268)|STATEMENT_EXECUTE|[24]
08:27:07.0 (45718974)|VARIABLE_ASSIGNMENT|[EXTERNAL]|this|{"insrncBnftSelected":"","pawDetailListDisplay (4 more) ...":false,"pyAgrmntWrksht":"0x70006ed9","relatedPAWDetailsLis (1 more) ...":"0x7aaa0e65","targetEDR":0.00,"totalAppliedDeductib (2 more) ...":0.00,"totalCoInsurance":0.00,"totalCoPayAmt":0.00,"totalInsCoResp":0.00,"totalInsEIVAmt":0.00,"totalRowCount":0,"totalTalbottDay":0.00}|0x5de939a0
08:27:07.0 (45759011)|VARIABLE_ASSIGNMENT|[EXTERNAL]|this|{"insrncBnftSelected":"","pawDetailListDisplay (4 more) ...":false,"pyAgrmntWrksht":"0x70006ed9","relatedPAWDetailsLis (1 more) ...":"0x7aaa0e65","targetEDR":0.00,"totalAppliedDeductib (2 more) ...":0.00,"totalCoInsurance":0.00,"totalCoPayAmt":0.00,"totalInsCoResp":0.00,"totalInsEIVAmt":0.00,"totalRowCount":0,"totalTalbottDay":0.00}|0x5de939a0
08:27:07.0 (45810712)|HEAP_ALLOCATE|[25]|Bytes:4
08:27:07.0 (45931775)|VARIABLE_ASSIGNMENT|[EXTERNAL]|this|{"insrncBnftSelected":"","pawDetailListDisplay (4 more) ...":false,"pyAgrmntWrksht":"0x70006ed9","relatedPAWDetailsLis (1 more) ...":"0x7aaa0e65","targetEDR":0.00,"totalAppliedDeductib (2 more) ...":0.00,"totalCoInsurance":0.00,"totalCoPayAmt":0.00,"totalInsCoResp":0.00,"totalInsEIVAmt":0.00,"totalRowCount":0,"totalTalbottDay":0.00}|0x5de939a0
08:27:07.0 (45944323)|VARIABLE_ASSIGNMENT|[EXTERNAL]|value|{}|0x22d275c8
08:27:07.0 (45954139)|VARIABLE_ASSIGNMENT|[525]|this.insrncBnft|{}|0x5de939a0
08:27:07.0 (45961784)|STATEMENT_EXECUTE|[26]
08:27:07.0 (46005969)|VARIABLE_ASSIGNMENT|[EXTERNAL]|this|{"insrncBnft":"0x22d275c8","insrncBnftSelected":"","pawDetailListDisplay (4 more) ...":false,"pyAgrmntWrksht":"0x70006ed9","relatedPAWDetailsLis (1 more) ...":"0x7aaa0e65","targetEDR":0.00,"totalAppliedDeductib (2 more) ...":0.00,"totalCoInsurance":0.00,"totalCoPayAmt":0.00,"totalInsCoResp":0.00,"totalInsEIVAmt":0.00,"totalRowCount":0,"totalTalbottDay":0.00}|0x5de939a0
08:27:07.0 (46018199)|VARIABLE_ASSIGNMENT|[EXTERNAL]|value|0
08:27:07.0 (46022483)|HEAP_ALLOCATE|[530]|Bytes:4
08:27:07.0 (46028878)|VARIABLE_ASSIGNMENT|[530]|this.totalRowCount|0|0x5de939a0
08:27:07.0 (46035256)|STATEMENT_EXECUTE|[27]
08:27:07.0 (46062356)|HEAP_ALLOCATE|[27]|Bytes:28
08:27:07.0 (46066590)|HEAP_ALLOCATE|[27]|Bytes:28
08:27:07.0 (46108695)|VARIABLE_ASSIGNMENT|[EXTERNAL]|this|{"insrncBnft":"0x22d275c8","insrncBnftSelected":"","pawDetailListDisplay (4 more) ...":false,"pyAgrmntWrksht":"0x70006ed9","relatedPAWDetailsLis (1 more) ...":"0x7aaa0e65","targetEDR":0.00,"totalAppliedDeductib (2 more) ...":0.00,"totalCoInsurance":0.00,"totalCoPayAmt":0.00,"totalInsCoResp":0.00,"totalInsEIVAmt":0.00,"totalRowCount":0,"totalTalbottDay":0.00}|0x5de939a0
08:27:07.0 (46119637)|VARIABLE_ASSIGNMENT|[EXTERNAL]|value|0
08:27:07.0 (46126794)|VARIABLE_ASSIGNMENT|[531]|this.totalTalbottDay|0|0x5de939a0
08:27:07.0 (46134625)|STATEMENT_EXECUTE|[28]
08:27:07.0 (46135765)|STATEMENT_EXECUTE|[29]
08:27:07.0 (46174499)|VARIABLE_ASSIGNMENT|[EXTERNAL]|this|{"insrncBnft":"0x22d275c8","insrncBnftSelected":"","pawDetailListDisplay (4 more) ...":false,"pyAgrmntWrksht":"0x70006ed9","relatedPAWDetailsLis (1 more) ...":"0x7aaa0e65","targetEDR":0.00,"totalAppliedDeductib (2 more) ...":0.00,"totalCoInsurance":0.00,"totalCoPayAmt":0.00,"totalInsCoResp":0.00,"totalInsEIVAmt":0.00,"totalRowCount":0,"totalTalbottDay":0}|0x5de939a0
08:27:07.0 (46190200)|HEAP_ALLOCATE|[29]|Bytes:28
08:27:07.0 (46193987)|HEAP_ALLOCATE|[29]|Bytes:28
08:27:07.0 (46265609)|VARIABLE_ASSIGNMENT|[EXTERNAL]|this|{"insrncBnft":"0x22d275c8","insrncBnftSelected":"","pawDetailListDisplay (4 more) ...":false,"pyAgrmntWrksht":"0x70006ed9","relatedPAWDetailsLis (1 more) ...":"0x7aaa0e65","targetEDR":0.00,"totalAppliedDeductib (2 more) ...":0.00,"totalCoInsurance":0.00,"totalCoPayAmt":0.00,"totalInsCoResp":0.00,"totalInsEIVAmt":0.00,"totalRowCount":0,"totalTalbottDay":0}|0x5de939a0
08:27:07.0 (46276767)|VARIABLE_ASSIGNMENT|[EXTERNAL]|value|0
08:27:07.0 (46281195)|HEAP_ALLOCATE|[530]|Bytes:4
08:27:07.0 (46286934)|VARIABLE_ASSIGNMENT|[530]|this.totalRowCount|0|0x5de939a0
08:27:07.0 (46293033)|STATEMENT_EXECUTE|[31]
08:27:07.0 (46330529)|VARIABLE_ASSIGNMENT|[EXTERNAL]|this|{"insrncBnft":"0x22d275c8","insrncBnftSelected":"","pawDetailListDisplay (4 more) ...":false,"pyAgrmntWrksht":"0x70006ed9","relatedPAWDetailsLis (1 more) ...":"0x7aaa0e65","targetEDR":0.00,"totalAppliedDeductib (2 more) ...":0.00,"totalCoInsurance":0.00,"totalCoPayAmt":0.00,"totalInsCoResp":0.00,"totalInsEIVAmt":0.00,"totalRowCount":0,"totalTalbottDay":0}|0x5de939a0
08:27:07.0 (46346024)|HEAP_ALLOCATE|[31]|Bytes:28
08:27:07.0 (46349446)|HEAP_ALLOCATE|[31]|Bytes:28
08:27:07.0 (46402369)|VARIABLE_ASSIGNMENT|[EXTERNAL]|this|{"insrncBnft":"0x22d275c8","insrncBnftSelected":"","pawDetailListDisplay (4 more) ...":false,"pyAgrmntWrksht":"0x70006ed9","relatedPAWDetailsLis (1 more) ...":"0x7aaa0e65","targetEDR":0.00,"totalAppliedDeductib (2 more) ...":0.00,"totalCoInsurance":0.00,"totalCoPayAmt":0.00,"totalInsCoResp":0.00,"totalInsEIVAmt":0.00,"totalRowCount":0,"totalTalbottDay":0}|0x5de939a0
08:27:07.0 (46412844)|VARIABLE_ASSIGNMENT|[EXTERNAL]|value|0
08:27:07.0 (46416457)|HEAP_ALLOCATE|[530]|Bytes:4
08:27:07.0 (46422422)|VARIABLE_ASSIGNMENT|[530]|this.totalRowCount|0|0x5de939a0
08:27:07.0 (46428673)|STATEMENT_EXECUTE|[33]
08:27:07.0 (46464011)|VARIABLE_ASSIGNMENT|[EXTERNAL]|this|{"insrncBnft":"0x22d275c8","insrncBnftSelected":"","pawDetailListDisplay (4 more) ...":false,"pyAgrmntWrksht":"0x70006ed9","relatedPAWDetailsLis (1 more) ...":"0x7aaa0e65","targetEDR":0.00,"totalAppliedDeductib (2 more) ...":0.00,"totalCoInsurance":0.00,"totalCoPayAmt":0.00,"totalInsCoResp":0.00,"totalInsEIVAmt":0.00,"totalRowCount":0,"totalTalbottDay":0}|0x5de939a0
08:27:07.0 (46478360)|HEAP_ALLOCATE|[33]|Bytes:28
08:27:07.0 (46481542)|HEAP_ALLOCATE|[33]|Bytes:28
08:27:07.0 (46532234)|VARIABLE_ASSIGNMENT|[EXTERNAL]|this|{"insrncBnft":"0x22d275c8","insrncBnftSelected":"","pawDetailListDisplay (4 more) ...":false,"pyAgrmntWrksht":"0x70006ed9","relatedPAWDetailsLis (1 more) ...":"0x7aaa0e65","targetEDR":0.00,"totalAppliedDeductib (2 more) ...":0.00,"totalCoInsurance":0.00,"totalCoPayAmt":0.00,"totalInsCoResp":0.00,"totalInsEIVAmt":0.00,"totalRowCount":0,"totalTalbottDay":0}|0x5de939a0
08:27:07.0 (46542380)|VARIABLE_ASSIGNMENT|[EXTERNAL]|value|0
08:27:07.0 (46546132)|HEAP_ALLOCATE|[530]|Bytes:4
08:27:07.0 (46551361)|VARIABLE_ASSIGNMENT|[530]|this.totalRowCount|0|0x5de939a0
08:27:07.0 (46557185)|STATEMENT_EXECUTE|[35]
08:27:07.0 (46592289)|VARIABLE_ASSIGNMENT|[EXTERNAL]|this|{"insrncBnft":"0x22d275c8","insrncBnftSelected":"","pawDetailListDisplay (4 more) ...":false,"pyAgrmntWrksht":"0x70006ed9","relatedPAWDetailsLis (1 more) ...":"0x7aaa0e65","targetEDR":0.00,"totalAppliedDeductib (2 more) ...":0.00,"totalCoInsurance":0.00,"totalCoPayAmt":0.00,"totalInsCoResp":0.00,"totalInsEIVAmt":0.00,"totalRowCount":0,"totalTalbottDay":0}|0x5de939a0
08:27:07.0 (46606995)|HEAP_ALLOCATE|[35]|Bytes:28
08:27:07.0 (46610490)|HEAP_ALLOCATE|[35]|Bytes:28
08:27:07.0 (46661032)|VARIABLE_ASSIGNMENT|[EXTERNAL]|this|{"insrncBnft":"0x22d275c8","insrncBnftSelected":"","pawDetailListDisplay (4 more) ...":false,"pyAgrmntWrksht":"0x70006ed9","relatedPAWDetailsLis (1 more) ...":"0x7aaa0e65","targetEDR":0.00,"totalAppliedDeductib (2 more) ...":0.00,"totalCoInsurance":0.00,"totalCoPayAmt":0.00,"totalInsCoResp":0.00,"totalInsEIVAmt":0.00,"totalRowCount":0,"totalTalbottDay":0}|0x5de939a0
08:27:07.0 (46671308)|VARIABLE_ASSIGNMENT|[EXTERNAL]|value|0
08:27:07.0 (46674837)|HEAP_ALLOCATE|[530]|Bytes:4
08:27:07.0 (46679809)|VARIABLE_ASSIGNMENT|[530]|this.totalRowCount|0|0x5de939a0
08:27:07.0 (46686559)|STATEMENT_EXECUTE|[40]
08:27:07.0 (46725130)|VARIABLE_ASSIGNMENT|[EXTERNAL]|this|{"insrncBnft":"0x22d275c8","insrncBnftSelected":"","pawDetailListDisplay (4 more) ...":false,"pyAgrmntWrksht":"0x70006ed9","relatedPAWDetailsLis (1 more) ...":"0x7aaa0e65","targetEDR":0.00,"totalAppliedDeductib (2 more) ...":0.00,"totalCoInsurance":0.00,"totalCoPayAmt":0.00,"totalInsCoResp":0.00,"totalInsEIVAmt":0.00,"totalRowCount":0,"totalTalbottDay":0}|0x5de939a0
08:27:07.0 (46770831)|VARIABLE_ASSIGNMENT|[EXTERNAL]|this|{"insrncBnft":"0x22d275c8","insrncBnftSelected":"","pawDetailListDisplay (4 more) ...":false,"pyAgrmntWrksht":"0x70006ed9","relatedPAWDetailsLis (1 more) ...":"0x7aaa0e65","targetEDR":0.00,"totalAppliedDeductib (2 more) ...":0.00,"totalCoInsurance":0.00,"totalCoPayAmt":0.00,"totalInsCoResp":0.00,"totalInsEIVAmt":0.00,"totalRowCount":0,"totalTalbottDay":0}|0x5de939a0
08:27:07.0 (46794026)|HEAP_ALLOCATE|[40]|Bytes:28
08:27:07.0 (46797376)|HEAP_ALLOCATE|[40]|Bytes:28
08:27:07.0 (46830187)|VARIABLE_ASSIGNMENT|[EXTERNAL]|this|{"insrncBnft":"0x22d275c8","insrncBnftSelected":"","pawDetailListDisplay (4 more) ...":false,"pyAgrmntWrksht":"0x70006ed9","relatedPAWDetailsLis (1 more) ...":"0x7aaa0e65","targetEDR":0.00,"totalAppliedDeductib (2 more) ...":0.00,"totalCoInsurance":0.00,"totalCoPayAmt":0.00,"totalInsCoResp":0.00,"totalInsEIVAmt":0.00,"totalRowCount":0,"totalTalbottDay":0}|0x5de939a0
08:27:07.0 (46844280)|VARIABLE_ASSIGNMENT|[EXTERNAL]|value|0
08:27:07.0 (46851338)|VARIABLE_ASSIGNMENT|[531]|this.totalTalbottDay|0|0x5de939a0
08:27:07.0 (46857661)|STATEMENT_EXECUTE|[43]
08:27:07.0 (46891890)|VARIABLE_ASSIGNMENT|[EXTERNAL]|this|{"insrncBnft":"0x22d275c8","insrncBnftSelected":"","pawDetailListDisplay (4 more) ...":false,"pyAgrmntWrksht":"0x70006ed9","relatedPAWDetailsLis (1 more) ...":"0x7aaa0e65","targetEDR":0.00,"totalAppliedDeductib (2 more) ...":0.00,"totalCoInsurance":0.00,"totalCoPayAmt":0.00,"totalInsCoResp":0.00,"totalInsEIVAmt":0.00,"totalRowCount":0,"totalTalbottDay":0}|0x5de939a0
08:27:07.0 (46935300)|VARIABLE_ASSIGNMENT|[EXTERNAL]|this|{"insrncBnft":"0x22d275c8","insrncBnftSelected":"","pawDetailListDisplay (4 more) ...":false,"pyAgrmntWrksht":"0x70006ed9","relatedPAWDetailsLis (1 more) ...":"0x7aaa0e65","targetEDR":0.00,"totalAppliedDeductib (2 more) ...":0.00,"totalCoInsurance":0.00,"totalCoPayAmt":0.00,"totalInsCoResp":0.00,"totalInsEIVAmt":0.00,"totalRowCount":0,"totalTalbottDay":0}|0x5de939a0
08:27:07.0 (46958611)|HEAP_ALLOCATE|[43]|Bytes:28
08:27:07.0 (46961967)|HEAP_ALLOCATE|[43]|Bytes:28
08:27:07.0 (46994474)|VARIABLE_ASSIGNMENT|[EXTERNAL]|this|{"insrncBnft":"0x22d275c8","insrncBnftSelected":"","pawDetailListDisplay (4 more) ...":false,"pyAgrmntWrksht":"0x70006ed9","relatedPAWDetailsLis (1 more) ...":"0x7aaa0e65","targetEDR":0.00,"totalAppliedDeductib (2 more) ...":0.00,"totalCoInsurance":0.00,"totalCoPayAmt":0.00,"totalInsCoResp":0.00,"totalInsEIVAmt":0.00,"totalRowCount":0,"totalTalbottDay":0}|0x5de939a0
08:27:07.0 (47004079)|VARIABLE_ASSIGNMENT|[EXTERNAL]|value|0
08:27:07.0 (47011074)|VARIABLE_ASSIGNMENT|[531]|this.totalTalbottDay|0|0x5de939a0
08:27:07.0 (47016755)|STATEMENT_EXECUTE|[47]
08:27:07.0 (47023235)|HEAP_ALLOCATE|[47]|Bytes:28
08:27:07.0 (47026351)|HEAP_ALLOCATE|[47]|Bytes:28
08:27:07.0 (47062915)|VARIABLE_ASSIGNMENT|[EXTERNAL]|this|{"insrncBnft":"0x22d275c8","insrncBnftSelected":"","pawDetailListDisplay (4 more) ...":false,"pyAgrmntWrksht":"0x70006ed9","relatedPAWDetailsLis (1 more) ...":"0x7aaa0e65","targetEDR":0.00,"totalAppliedDeductib (2 more) ...":0.00,"totalCoInsurance":0.00,"totalCoPayAmt":0.00,"totalInsCoResp":0.00,"totalInsEIVAmt":0.00,"totalRowCount":0,"totalTalbottDay":0}|0x5de939a0
08:27:07.0 (47112664)|VARIABLE_ASSIGNMENT|[47]|this.Num_Days_Detox_DTX__c|0|0x70006ed9
08:27:07.0 (47118592)|STATEMENT_EXECUTE|[48]
08:27:07.0 (47159284)|VARIABLE_ASSIGNMENT|[EXTERNAL]|this|{"insrncBnft":"0x22d275c8","insrncBnftSelected":"","pawDetailListDisplay (4 more) ...":false,"pyAgrmntWrksht":"0x70006ed9","relatedPAWDetailsLis (1 more) ...":"0x7aaa0e65","targetEDR":0.00,"totalAppliedDeductib (2 more) ...":0.00,"totalCoInsurance":0.00,"totalCoPayAmt":0.00,"totalInsCoResp":0.00,"totalInsEIVAmt":0.00,"totalRowCount":0,"totalTalbottDay":0}|0x5de939a0
08:27:07.0 (47173599)|HEAP_ALLOCATE|[48]|Bytes:4
08:27:07.0 (47185541)|HEAP_ALLOCATE|[48]|Bytes:28
08:27:07.0 (47218667)|VARIABLE_ASSIGNMENT|[EXTERNAL]|this|{"insrncBnft":"0x22d275c8","insrncBnftSelected":"","pawDetailListDisplay (4 more) ...":false,"pyAgrmntWrksht":"0x70006ed9","relatedPAWDetailsLis (1 more) ...":"0x7aaa0e65","targetEDR":0.00,"totalAppliedDeductib (2 more) ...":0.00,"totalCoInsurance":0.00,"totalCoPayAmt":0.00,"totalInsCoResp":0.00,"totalInsEIVAmt":0.00,"totalRowCount":0,"totalTalbottDay":0}|0x5de939a0
08:27:07.0 (47254379)|VARIABLE_ASSIGNMENT|[48]|this.Detox_Over__c|0.00|0x70006ed9
08:27:07.0 (47259697)|STATEMENT_EXECUTE|[49]
08:27:07.0 (47298930)|VARIABLE_ASSIGNMENT|[EXTERNAL]|this|{"insrncBnft":"0x22d275c8","insrncBnftSelected":"","pawDetailListDisplay (4 more) ...":false,"pyAgrmntWrksht":"0x70006ed9","relatedPAWDetailsLis (1 more) ...":"0x7aaa0e65","targetEDR":0.00,"totalAppliedDeductib (2 more) ...":0.00,"totalCoInsurance":0.00,"totalCoPayAmt":0.00,"totalInsCoResp":0.00,"totalInsEIVAmt":0.00,"totalRowCount":0,"totalTalbottDay":0}|0x5de939a0
08:27:07.0 (47315409)|HEAP_ALLOCATE|[49]|Bytes:28
08:27:07.0 (47347863)|VARIABLE_ASSIGNMENT|[EXTERNAL]|this|{"insrncBnft":"0x22d275c8","insrncBnftSelected":"","pawDetailListDisplay (4 more) ...":false,"pyAgrmntWrksht":"0x70006ed9","relatedPAWDetailsLis (1 more) ...":"0x7aaa0e65","targetEDR":0.00,"totalAppliedDeductib (2 more) ...":0.00,"totalCoInsurance":0.00,"totalCoPayAmt":0.00,"totalInsCoResp":0.00,"totalInsEIVAmt":0.00,"totalRowCount":0,"totalTalbottDay":0}|0x5de939a0
08:27:07.0 (47379465)|VARIABLE_ASSIGNMENT|[49]|this.Detox_Pays_at__c|0.00|0x70006ed9
08:27:07.0 (47384816)|STATEMENT_EXECUTE|[51]
08:27:07.0 (47393635)|HEAP_ALLOCATE|[51]|Bytes:28
08:27:07.0 (47397181)|HEAP_ALLOCATE|[51]|Bytes:28
08:27:07.0 (47437206)|VARIABLE_ASSIGNMENT|[EXTERNAL]|this|{"insrncBnft":"0x22d275c8","insrncBnftSelected":"","pawDetailListDisplay (4 more) ...":false,"pyAgrmntWrksht":"0x70006ed9","relatedPAWDetailsLis (1 more) ...":"0x7aaa0e65","targetEDR":0.00,"totalAppliedDeductib (2 more) ...":0.00,"totalCoInsurance":0.00,"totalCoPayAmt":0.00,"totalInsCoResp":0.00,"totalInsEIVAmt":0.00,"totalRowCount":0,"totalTalbottDay":0}|0x5de939a0
08:27:07.0 (47470497)|VARIABLE_ASSIGNMENT|[51]|this.Num_Days_Residential_Treatment_RTC__c|0|0x70006ed9
08:27:07.0 (47475651)|STATEMENT_EXECUTE|[52]
08:27:07.0 (47514648)|VARIABLE_ASSIGNMENT|[EXTERNAL]|this|{"insrncBnft":"0x22d275c8","insrncBnftSelected":"","pawDetailListDisplay (4 more) ...":false,"pyAgrmntWrksht":"0x70006ed9","relatedPAWDetailsLis (1 more) ...":"0x7aaa0e65","targetEDR":0.00,"totalAppliedDeductib (2 more) ...":0.00,"totalCoInsurance":0.00,"totalCoPayAmt":0.00,"totalInsCoResp":0.00,"totalInsEIVAmt":0.00,"totalRowCount":0,"totalTalbottDay":0}|0x5de939a0
08:27:07.0 (47531353)|HEAP_ALLOCATE|[52]|Bytes:28
08:27:07.0 (47563724)|VARIABLE_ASSIGNMENT|[EXTERNAL]|this|{"insrncBnft":"0x22d275c8","insrncBnftSelected":"","pawDetailListDisplay (4 more) ...":false,"pyAgrmntWrksht":"0x70006ed9","relatedPAWDetailsLis (1 more) ...":"0x7aaa0e65","targetEDR":0.00,"totalAppliedDeductib (2 more) ...":0.00,"totalCoInsurance":0.00,"totalCoPayAmt":0.00,"totalInsCoResp":0.00,"totalInsEIVAmt":0.00,"totalRowCount":0,"totalTalbottDay":0}|0x5de939a0
08:27:07.0 (47594844)|VARIABLE_ASSIGNMENT|[52]|this.Residential_Treatment_Override__c|0.00|0x70006ed9
08:27:07.0 (47600221)|STATEMENT_EXECUTE|[53]
08:27:07.0 (47638790)|VARIABLE_ASSIGNMENT|[EXTERNAL]|this|{"insrncBnft":"0x22d275c8","insrncBnftSelected":"","pawDetailListDisplay (4 more) ...":false,"pyAgrmntWrksht":"0x70006ed9","relatedPAWDetailsLis (1 more) ...":"0x7aaa0e65","targetEDR":0.00,"totalAppliedDeductib (2 more) ...":0.00,"totalCoInsurance":0.00,"totalCoPayAmt":0.00,"totalInsCoResp":0.00,"totalInsEIVAmt":0.00,"totalRowCount":0,"totalTalbottDay":0}|0x5de939a0
08:27:07.0 (47654832)|HEAP_ALLOCATE|[53]|Bytes:28
08:27:07.0 (47687651)|VARIABLE_ASSIGNMENT|[EXTERNAL]|this|{"insrncBnft":"0x22d275c8","insrncBnftSelected":"","pawDetailListDisplay (4 more) ...":false,"pyAgrmntWrksht":"0x70006ed9","relatedPAWDetailsLis (1 more) ...":"0x7aaa0e65","targetEDR":0.00,"totalAppliedDeductib (2 more) ...":0.00,"totalCoInsurance":0.00,"totalCoPayAmt":0.00,"totalInsCoResp":0.00,"totalInsEIVAmt":0.00,"totalRowCount":0,"totalTalbottDay":0}|0x5de939a0
08:27:07.0 (47717085)|VARIABLE_ASSIGNMENT|[53]|this.RTC_Pays_at__c|0.00|0x70006ed9
08:27:07.0 (47722417)|STATEMENT_EXECUTE|[55]
08:27:07.0 (47731036)|HEAP_ALLOCATE|[55]|Bytes:28
08:27:07.0 (47734305)|HEAP_ALLOCATE|[55]|Bytes:28
08:27:07.0 (47774112)|VARIABLE_ASSIGNMENT|[EXTERNAL]|this|{"insrncBnft":"0x22d275c8","insrncBnftSelected":"","pawDetailListDisplay (4 more) ...":false,"pyAgrmntWrksht":"0x70006ed9","relatedPAWDetailsLis (1 more) ...":"0x7aaa0e65","targetEDR":0.00,"totalAppliedDeductib (2 more) ...":0.00,"totalCoInsurance":0.00,"totalCoPayAmt":0.00,"totalInsCoResp":0.00,"totalInsEIVAmt":0.00,"totalRowCount":0,"totalTalbottDay":0}|0x5de939a0
08:27:07.0 (47806829)|VARIABLE_ASSIGNMENT|[55]|this.Num_Days_Partial_Hospitalization_PHP__c|0|0x70006ed9
08:27:07.0 (47813395)|STATEMENT_EXECUTE|[56]
08:27:07.0 (47857254)|VARIABLE_ASSIGNMENT|[EXTERNAL]|this|{"insrncBnft":"0x22d275c8","insrncBnftSelected":"","pawDetailListDisplay (4 more) ...":false,"pyAgrmntWrksht":"0x70006ed9","relatedPAWDetailsLis (1 more) ...":"0x7aaa0e65","targetEDR":0.00,"totalAppliedDeductib (2 more) ...":0.00,"totalCoInsurance":0.00,"totalCoPayAmt":0.00,"totalInsCoResp":0.00,"totalInsEIVAmt":0.00,"totalRowCount":0,"totalTalbottDay":0}|0x5de939a0
08:27:07.0 (47874470)|HEAP_ALLOCATE|[56]|Bytes:28
08:27:07.0 (47907251)|VARIABLE_ASSIGNMENT|[EXTERNAL]|this|{"insrncBnft":"0x22d275c8","insrncBnftSelected":"","pawDetailListDisplay (4 more) ...":false,"pyAgrmntWrksht":"0x70006ed9","relatedPAWDetailsLis (1 more) ...":"0x7aaa0e65","targetEDR":0.00,"totalAppliedDeductib (2 more) ...":0.00,"totalCoInsurance":0.00,"totalCoPayAmt":0.00,"totalInsCoResp":0.00,"totalInsEIVAmt":0.00,"totalRowCount":0,"totalTalbottDay":0}|0x5de939a0
08:27:07.0 (47938144)|VARIABLE_ASSIGNMENT|[56]|this.Partial_Hospitalization_Override__c|0.00|0x70006ed9
08:27:07.0 (47943684)|STATEMENT_EXECUTE|[57]
08:27:07.0 (47982139)|VARIABLE_ASSIGNMENT|[EXTERNAL]|this|{"insrncBnft":"0x22d275c8","insrncBnftSelected":"","pawDetailListDisplay (4 more) ...":false,"pyAgrmntWrksht":"0x70006ed9","relatedPAWDetailsLis (1 more) ...":"0x7aaa0e65","targetEDR":0.00,"totalAppliedDeductib (2 more) ...":0.00,"totalCoInsurance":0.00,"totalCoPayAmt":0.00,"totalInsCoResp":0.00,"totalInsEIVAmt":0.00,"totalRowCount":0,"totalTalbottDay":0}|0x5de939a0
08:27:07.0 (47997919)|HEAP_ALLOCATE|[57]|Bytes:28
08:27:07.0 (48030651)|VARIABLE_ASSIGNMENT|[EXTERNAL]|this|{"insrncBnft":"0x22d275c8","insrncBnftSelected":"","pawDetailListDisplay (4 more) ...":false,"pyAgrmntWrksht":"0x70006ed9","relatedPAWDetailsLis (1 more) ...":"0x7aaa0e65","targetEDR":0.00,"totalAppliedDeductib (2 more) ...":0.00,"totalCoInsurance":0.00,"totalCoPayAmt":0.00,"totalInsCoResp":0.00,"totalInsEIVAmt":0.00,"totalRowCount":0,"totalTalbottDay":0}|0x5de939a0
08:27:07.0 (48060787)|VARIABLE_ASSIGNMENT|[57]|this.PHP_Pays_at__c|0.00|0x70006ed9
08:27:07.0 (48065868)|STATEMENT_EXECUTE|[59]
08:27:07.0 (48074547)|HEAP_ALLOCATE|[59]|Bytes:28
08:27:07.0 (48077741)|HEAP_ALLOCATE|[59]|Bytes:28
08:27:07.0 (48117811)|VARIABLE_ASSIGNMENT|[EXTERNAL]|this|{"insrncBnft":"0x22d275c8","insrncBnftSelected":"","pawDetailListDisplay (4 more) ...":false,"pyAgrmntWrksht":"0x70006ed9","relatedPAWDetailsLis (1 more) ...":"0x7aaa0e65","targetEDR":0.00,"totalAppliedDeductib (2 more) ...":0.00,"totalCoInsurance":0.00,"totalCoPayAmt":0.00,"totalInsCoResp":0.00,"totalInsEIVAmt":0.00,"totalRowCount":0,"totalTalbottDay":0}|0x5de939a0
08:27:07.0 (48150986)|VARIABLE_ASSIGNMENT|[59]|this.Num_Days_Intensive_Outpatient_IOP__c|0|0x70006ed9
08:27:07.0 (48156762)|STATEMENT_EXECUTE|[60]
08:27:07.0 (48195805)|VARIABLE_ASSIGNMENT|[EXTERNAL]|this|{"insrncBnft":"0x22d275c8","insrncBnftSelected":"","pawDetailListDisplay (4 more) ...":false,"pyAgrmntWrksht":"0x70006ed9","relatedPAWDetailsLis (1 more) ...":"0x7aaa0e65","targetEDR":0.00,"totalAppliedDeductib (2 more) ...":0.00,"totalCoInsurance":0.00,"totalCoPayAmt":0.00,"totalInsCoResp":0.00,"totalInsEIVAmt":0.00,"totalRowCount":0,"totalTalbottDay":0}|0x5de939a0
08:27:07.0 (48212409)|HEAP_ALLOCATE|[60]|Bytes:28
08:27:07.0 (48246220)|VARIABLE_ASSIGNMENT|[EXTERNAL]|this|{"insrncBnft":"0x22d275c8","insrncBnftSelected":"","pawDetailListDisplay (4 more) ...":false,"pyAgrmntWrksht":"0x70006ed9","relatedPAWDetailsLis (1 more) ...":"0x7aaa0e65","targetEDR":0.00,"totalAppliedDeductib (2 more) ...":0.00,"totalCoInsurance":0.00,"totalCoPayAmt":0.00,"totalInsCoResp":0.00,"totalInsEIVAmt":0.00,"totalRowCount":0,"totalTalbottDay":0}|0x5de939a0
08:27:07.0 (48277740)|VARIABLE_ASSIGNMENT|[60]|this.Intensive_Outpatient_Override__c|0.00|0x70006ed9
08:27:07.0 (48282992)|STATEMENT_EXECUTE|[61]
08:27:07.0 (48321638)|VARIABLE_ASSIGNMENT|[EXTERNAL]|this|{"insrncBnft":"0x22d275c8","insrncBnftSelected":"","pawDetailListDisplay (4 more) ...":false,"pyAgrmntWrksht":"0x70006ed9","relatedPAWDetailsLis (1 more) ...":"0x7aaa0e65","targetEDR":0.00,"totalAppliedDeductib (2 more) ...":0.00,"totalCoInsurance":0.00,"totalCoPayAmt":0.00,"totalInsCoResp":0.00,"totalInsEIVAmt":0.00,"totalRowCount":0,"totalTalbottDay":0}|0x5de939a0
08:27:07.0 (48338239)|HEAP_ALLOCATE|[61]|Bytes:28
08:27:07.0 (48371032)|VARIABLE_ASSIGNMENT|[EXTERNAL]|this|{"insrncBnft":"0x22d275c8","insrncBnftSelected":"","pawDetailListDisplay (4 more) ...":false,"pyAgrmntWrksht":"0x70006ed9","relatedPAWDetailsLis (1 more) ...":"0x7aaa0e65","targetEDR":0.00,"totalAppliedDeductib (2 more) ...":0.00,"totalCoInsurance":0.00,"totalCoPayAmt":0.00,"totalInsCoResp":0.00,"totalInsEIVAmt":0.00,"totalRowCount":0,"totalTalbottDay":0}|0x5de939a0
08:27:07.0 (48401491)|VARIABLE_ASSIGNMENT|[61]|this.IOP_Pays_at__c|0.00|0x70006ed9
08:27:07.0 (48406547)|STATEMENT_EXECUTE|[63]
08:27:07.0 (48444410)|VARIABLE_ASSIGNMENT|[EXTERNAL]|this|{"insrncBnft":"0x22d275c8","insrncBnftSelected":"","pawDetailListDisplay (4 more) ...":false,"pyAgrmntWrksht":"0x70006ed9","relatedPAWDetailsLis (1 more) ...":"0x7aaa0e65","targetEDR":0.00,"totalAppliedDeductib (2 more) ...":0.00,"totalCoInsurance":0.00,"totalCoPayAmt":0.00,"totalInsCoResp":0.00,"totalInsEIVAmt":0.00,"totalRowCount":0,"totalTalbottDay":0}|0x5de939a0
08:27:07.0 (48461740)|HEAP_ALLOCATE|[63]|Bytes:28
08:27:07.0 (48465237)|HEAP_ALLOCATE|[63]|Bytes:28
08:27:07.0 (48497231)|VARIABLE_ASSIGNMENT|[EXTERNAL]|this|{"insrncBnft":"0x22d275c8","insrncBnftSelected":"","pawDetailListDisplay (4 more) ...":false,"pyAgrmntWrksht":"0x70006ed9","relatedPAWDetailsLis (1 more) ...":"0x7aaa0e65","targetEDR":0.00,"totalAppliedDeductib (2 more) ...":0.00,"totalCoInsurance":0.00,"totalCoPayAmt":0.00,"totalInsCoResp":0.00,"totalInsEIVAmt":0.00,"totalRowCount":0,"totalTalbottDay":0}|0x5de939a0
08:27:07.0 (48529079)|VARIABLE_ASSIGNMENT|[63]|this.Num_Days_Uncovered__c|0|0x70006ed9
08:27:07.0 (48534537)|STATEMENT_EXECUTE|[64]
08:27:07.0 (48572669)|VARIABLE_ASSIGNMENT|[EXTERNAL]|this|{"insrncBnft":"0x22d275c8","insrncBnftSelected":"","pawDetailListDisplay (4 more) ...":false,"pyAgrmntWrksht":"0x70006ed9","relatedPAWDetailsLis (1 more) ...":"0x7aaa0e65","targetEDR":0.00,"totalAppliedDeductib (2 more) ...":0.00,"totalCoInsurance":0.00,"totalCoPayAmt":0.00,"totalInsCoResp":0.00,"totalInsEIVAmt":0.00,"totalRowCount":0,"totalTalbottDay":0}|0x5de939a0
08:27:07.0 (48589825)|HEAP_ALLOCATE|[64]|Bytes:28
08:27:07.0 (48593253)|HEAP_ALLOCATE|[64]|Bytes:28
08:27:07.0 (48624648)|VARIABLE_ASSIGNMENT|[EXTERNAL]|this|{"insrncBnft":"0x22d275c8","insrncBnftSelected":"","pawDetailListDisplay (4 more) ...":false,"pyAgrmntWrksht":"0x70006ed9","relatedPAWDetailsLis (1 more) ...":"0x7aaa0e65","targetEDR":0.00,"totalAppliedDeductib (2 more) ...":0.00,"totalCoInsurance":0.00,"totalCoPayAmt":0.00,"totalInsCoResp":0.00,"totalInsEIVAmt":0.00,"totalRowCount":0,"totalTalbottDay":0}|0x5de939a0
08:27:07.0 (48655674)|VARIABLE_ASSIGNMENT|[64]|this.Uncovered_Days_Rate__c|0|0x70006ed9
08:27:07.0 (48660812)|STATEMENT_EXECUTE|[65]
08:27:07.0 (48699905)|VARIABLE_ASSIGNMENT|[EXTERNAL]|this|{"insrncBnft":"0x22d275c8","insrncBnftSelected":"","pawDetailListDisplay (4 more) ...":false,"pyAgrmntWrksht":"0x70006ed9","relatedPAWDetailsLis (1 more) ...":"0x7aaa0e65","targetEDR":0.00,"totalAppliedDeductib (2 more) ...":0.00,"totalCoInsurance":0.00,"totalCoPayAmt":0.00,"totalInsCoResp":0.00,"totalInsEIVAmt":0.00,"totalRowCount":0,"totalTalbottDay":0}|0x5de939a0
08:27:07.0 (48717205)|HEAP_ALLOCATE|[65]|Bytes:28
08:27:07.0 (48720326)|HEAP_ALLOCATE|[65]|Bytes:28
08:27:07.0 (48751295)|VARIABLE_ASSIGNMENT|[EXTERNAL]|this|{"insrncBnft":"0x22d275c8","insrncBnftSelected":"","pawDetailListDisplay (4 more) ...":false,"pyAgrmntWrksht":"0x70006ed9","relatedPAWDetailsLis (1 more) ...":"0x7aaa0e65","targetEDR":0.00,"totalAppliedDeductib (2 more) ...":0.00,"totalCoInsurance":0.00,"totalCoPayAmt":0.00,"totalInsCoResp":0.00,"totalInsEIVAmt":0.00,"totalRowCount":0,"totalTalbottDay":0}|0x5de939a0
08:27:07.0 (48782552)|VARIABLE_ASSIGNMENT|[65]|this.Uncovered_Days_Override__c|0|0x70006ed9
08:27:07.0 (48788817)|STATEMENT_EXECUTE|[66]
08:27:07.0 (48827884)|VARIABLE_ASSIGNMENT|[EXTERNAL]|this|{"insrncBnft":"0x22d275c8","insrncBnftSelected":"","pawDetailListDisplay (4 more) ...":false,"pyAgrmntWrksht":"0x70006ed9","relatedPAWDetailsLis (1 more) ...":"0x7aaa0e65","targetEDR":0.00,"totalAppliedDeductib (2 more) ...":0.00,"totalCoInsurance":0.00,"totalCoPayAmt":0.00,"totalInsCoResp":0.00,"totalInsEIVAmt":0.00,"totalRowCount":0,"totalTalbottDay":0}|0x5de939a0
08:27:07.0 (48848148)|HEAP_ALLOCATE|[66]|Bytes:28
08:27:07.0 (48851472)|HEAP_ALLOCATE|[66]|Bytes:28
08:27:07.0 (48883346)|VARIABLE_ASSIGNMENT|[EXTERNAL]|this|{"insrncBnft":"0x22d275c8","insrncBnftSelected":"","pawDetailListDisplay (4 more) ...":false,"pyAgrmntWrksht":"0x70006ed9","relatedPAWDetailsLis (1 more) ...":"0x7aaa0e65","targetEDR":0.00,"totalAppliedDeductib (2 more) ...":0.00,"totalCoInsurance":0.00,"totalCoPayAmt":0.00,"totalInsCoResp":0.00,"totalInsEIVAmt":0.00,"totalRowCount":0,"totalTalbottDay":0}|0x5de939a0
08:27:07.0 (48915065)|VARIABLE_ASSIGNMENT|[66]|this.Num_Days_Room__c|0|0x70006ed9
08:27:07.0 (48920639)|STATEMENT_EXECUTE|[70]
08:27:07.0 (48958822)|VARIABLE_ASSIGNMENT|[EXTERNAL]|this|{"insrncBnft":"0x22d275c8","insrncBnftSelected":"","pawDetailListDisplay (4 more) ...":false,"pyAgrmntWrksht":"0x70006ed9","relatedPAWDetailsLis (1 more) ...":"0x7aaa0e65","targetEDR":0.00,"totalAppliedDeductib (2 more) ...":0.00,"totalCoInsurance":0.00,"totalCoPayAmt":0.00,"totalInsCoResp":0.00,"totalInsEIVAmt":0.00,"totalRowCount":0,"totalTalbottDay":0}|0x5de939a0
08:27:07.0 (48975719)|HEAP_ALLOCATE|[70]|Bytes:28
08:27:07.0 (48979000)|HEAP_ALLOCATE|[70]|Bytes:28
08:27:07.0 (49011013)|VARIABLE_ASSIGNMENT|[EXTERNAL]|this|{"insrncBnft":"0x22d275c8","insrncBnftSelected":"","pawDetailListDisplay (4 more) ...":false,"pyAgrmntWrksht":"0x70006ed9","relatedPAWDetailsLis (1 more) ...":"0x7aaa0e65","targetEDR":0.00,"totalAppliedDeductib (2 more) ...":0.00,"totalCoInsurance":0.00,"totalCoPayAmt":0.00,"totalInsCoResp":0.00,"totalInsEIVAmt":0.00,"totalRowCount":0,"totalTalbottDay":0}|0x5de939a0
08:27:07.0 (49043228)|VARIABLE_ASSIGNMENT|[70]|this.Room_and_Board_Days_Override__c|0|0x70006ed9
08:27:07.0 (49089421)|VARIABLE_ASSIGNMENT|[EXTERNAL]|this|{"insrncBnft":"0x22d275c8","insrncBnftSelected":"","pawDetailListDisplay (4 more) ...":false,"pyAgrmntWrksht":"0x70006ed9","relatedPAWDetailsLis (1 more) ...":"0x7aaa0e65","targetEDR":0.00,"totalAppliedDeductib (2 more) ...":0.00,"totalCoInsurance":0.00,"totalCoPayAmt":0.00,"totalInsCoResp":0.00,"totalInsEIVAmt":0.00,"totalRowCount":0,"totalTalbottDay":0}|0x5de939a0
08:27:07.0 (49102914)|STATEMENT_EXECUTE|[71]
08:27:07.0 (49136176)|VARIABLE_ASSIGNMENT|[EXTERNAL]|this|{"insrncBnft":"0x22d275c8","insrncBnftSelected":"","pawDetailListDisplay (4 more) ...":false,"pyAgrmntWrksht":"0x70006ed9","relatedPAWDetailsLis (1 more) ...":"0x7aaa0e65","targetEDR":0.00,"totalAppliedDeductib (2 more) ...":0.00,"totalCoInsurance":0.00,"totalCoPayAmt":0.00,"totalInsCoResp":0.00,"totalInsEIVAmt":0.00,"totalRowCount":0,"totalTalbottDay":0}|0x5de939a0
08:27:07.0 (49148072)|STATEMENT_EXECUTE|[77]
08:27:07.0 (49149175)|STATEMENT_EXECUTE|[78]
08:27:07.0 (49180900)|VARIABLE_ASSIGNMENT|[EXTERNAL]|this|{"insrncBnft":"0x22d275c8","insrncBnftSelected":"","pawDetailListDisplay (4 more) ...":false,"pyAgrmntWrksht":"0x70006ed9","relatedPAWDetailsLis (1 more) ...":"0x7aaa0e65","targetEDR":0.00,"totalAppliedDeductib (2 more) ...":0.00,"totalCoInsurance":0.00,"totalCoPayAmt":0.00,"totalInsCoResp":0.00,"totalInsEIVAmt":0.00,"totalRowCount":0,"totalTalbottDay":0}|0x5de939a0
08:27:07.0 (49218545)|VARIABLE_ASSIGNMENT|[EXTERNAL]|this|{"insrncBnft":"0x22d275c8","insrncBnftSelected":"","pawDetailListDisplay (4 more) ...":false,"pyAgrmntWrksht":"0x70006ed9","relatedPAWDetailsLis (1 more) ...":"0x7aaa0e65","targetEDR":0.00,"totalAppliedDeductib (2 more) ...":0.00,"totalCoInsurance":0.00,"totalCoPayAmt":0.00,"totalInsCoResp":0.00,"totalInsEIVAmt":0.00,"totalRowCount":0,"totalTalbottDay":0}|0x5de939a0
08:27:07.0 (49249481)|VARIABLE_ASSIGNMENT|[78]|this.Uncovered_Charges__c|null|0x70006ed9
08:27:07.0 (49255774)|STATEMENT_EXECUTE|[80]
08:27:07.0 (49262380)|HEAP_ALLOCATE|[80]|Bytes:28
08:27:07.0 (49267986)|VARIABLE_SCOPE_BEGIN|[80]|coPayRemaining|Decimal|false|false
08:27:07.0 (49276447)|VARIABLE_ASSIGNMENT|[80]|coPayRemaining|0.00
08:27:07.0 (49279775)|STATEMENT_EXECUTE|[81]
08:27:07.0 (49323855)|VARIABLE_ASSIGNMENT|[EXTERNAL]|this|{"insrncBnft":"0x22d275c8","insrncBnftSelected":"","pawDetailListDisplay (4 more) ...":false,"pyAgrmntWrksht":"0x70006ed9","relatedPAWDetailsLis (1 more) ...":"0x7aaa0e65","targetEDR":0.00,"totalAppliedDeductib (2 more) ...":0.00,"totalCoInsurance":0.00,"totalCoPayAmt":0.00,"totalInsCoResp":0.00,"totalInsEIVAmt":0.00,"totalRowCount":0,"totalTalbottDay":0}|0x5de939a0
08:27:07.0 (49351348)|HEAP_ALLOCATE|[81]|Bytes:28
08:27:07.0 (49388277)|VARIABLE_ASSIGNMENT|[EXTERNAL]|this|{"insrncBnft":"0x22d275c8","insrncBnftSelected":"","pawDetailListDisplay (4 more) ...":false,"pyAgrmntWrksht":"0x70006ed9","relatedPAWDetailsLis (1 more) ...":"0x7aaa0e65","targetEDR":0.00,"totalAppliedDeductib (2 more) ...":0.00,"totalCoInsurance":0.00,"totalCoPayAmt":0.00,"totalInsCoResp":0.00,"totalInsEIVAmt":0.00,"totalRowCount":0,"totalTalbottDay":0}|0x5de939a0
08:27:07.0 (49403005)|HEAP_ALLOCATE|[81]|Bytes:28
08:27:07.0 (49406106)|HEAP_ALLOCATE|[81]|Bytes:28
08:27:07.0 (49438408)|HEAP_ALLOCATE|[81]|Bytes:28
08:27:07.0 (49442094)|HEAP_ALLOCATE|[81]|Bytes:28
08:27:07.0 (49452463)|VARIABLE_ASSIGNMENT|[81]|coPayRemaining|0
08:27:07.0 (49457240)|STATEMENT_EXECUTE|[82]
08:27:07.0 (49496132)|VARIABLE_ASSIGNMENT|[EXTERNAL]|this|{"insrncBnft":"0x22d275c8","insrncBnftSelected":"","pawDetailListDisplay (4 more) ...":false,"pyAgrmntWrksht":"0x70006ed9","relatedPAWDetailsLis (1 more) ...":"0x7aaa0e65","targetEDR":0.00,"totalAppliedDeductib (2 more) ...":0.00,"totalCoInsurance":0.00,"totalCoPayAmt":0.00,"totalInsCoResp":0.00,"totalInsEIVAmt":0.00,"totalRowCount":0,"totalTalbottDay":0}|0x5de939a0
08:27:07.0 (49520182)|HEAP_ALLOCATE|[82]|Bytes:28
08:27:07.0 (49555076)|VARIABLE_ASSIGNMENT|[EXTERNAL]|this|{"insrncBnft":"0x22d275c8","insrncBnftSelected":"","pawDetailListDisplay (4 more) ...":false,"pyAgrmntWrksht":"0x70006ed9","relatedPAWDetailsLis (1 more) ...":"0x7aaa0e65","targetEDR":0.00,"totalAppliedDeductib (2 more) ...":0.00,"totalCoInsurance":0.00,"totalCoPayAmt":0.00,"totalInsCoResp":0.00,"totalInsEIVAmt":0.00,"totalRowCount":0,"totalTalbottDay":0}|0x5de939a0
08:27:07.0 (49570037)|HEAP_ALLOCATE|[82]|Bytes:28
08:27:07.0 (49573351)|HEAP_ALLOCATE|[82]|Bytes:28
08:27:07.0 (49587104)|HEAP_ALLOCATE|[82]|Bytes:28
08:27:07.0 (49590595)|HEAP_ALLOCATE|[82]|Bytes:28
08:27:07.0 (49608961)|HEAP_ALLOCATE|[82]|Bytes:28
08:27:07.0 (49611617)|HEAP_ALLOCATE|[82]|Bytes:28
08:27:07.0 (49620292)|VARIABLE_ASSIGNMENT|[82]|coPayRemaining|0
08:27:07.0 (49624092)|STATEMENT_EXECUTE|[83]
08:27:07.0 (49661346)|VARIABLE_ASSIGNMENT|[EXTERNAL]|this|{"insrncBnft":"0x22d275c8","insrncBnftSelected":"","pawDetailListDisplay (4 more) ...":false,"pyAgrmntWrksht":"0x70006ed9","relatedPAWDetailsLis (1 more) ...":"0x7aaa0e65","targetEDR":0.00,"totalAppliedDeductib (2 more) ...":0.00,"totalCoInsurance":0.00,"totalCoPayAmt":0.00,"totalInsCoResp":0.00,"totalInsEIVAmt":0.00,"totalRowCount":0,"totalTalbottDay":0}|0x5de939a0
08:27:07.0 (49683280)|HEAP_ALLOCATE|[83]|Bytes:28
08:27:07.0 (49717720)|VARIABLE_ASSIGNMENT|[EXTERNAL]|this|{"insrncBnft":"0x22d275c8","insrncBnftSelected":"","pawDetailListDisplay (4 more) ...":false,"pyAgrmntWrksht":"0x70006ed9","relatedPAWDetailsLis (1 more) ...":"0x7aaa0e65","targetEDR":0.00,"totalAppliedDeductib (2 more) ...":0.00,"totalCoInsurance":0.00,"totalCoPayAmt":0.00,"totalInsCoResp":0.00,"totalInsEIVAmt":0.00,"totalRowCount":0,"totalTalbottDay":0}|0x5de939a0
08:27:07.0 (49732790)|HEAP_ALLOCATE|[83]|Bytes:28
08:27:07.0 (49735765)|HEAP_ALLOCATE|[83]|Bytes:28
08:27:07.0 (49748406)|HEAP_ALLOCATE|[83]|Bytes:28
08:27:07.0 (49751392)|HEAP_ALLOCATE|[83]|Bytes:28
08:27:07.0 (49764361)|HEAP_ALLOCATE|[83]|Bytes:28
08:27:07.0 (49767081)|HEAP_ALLOCATE|[83]|Bytes:28
08:27:07.0 (49775818)|VARIABLE_ASSIGNMENT|[83]|coPayRemaining|0
08:27:07.0 (49779671)|STATEMENT_EXECUTE|[84]
08:27:07.0 (49815821)|VARIABLE_ASSIGNMENT|[EXTERNAL]|this|{"insrncBnft":"0x22d275c8","insrncBnftSelected":"","pawDetailListDisplay (4 more) ...":false,"pyAgrmntWrksht":"0x70006ed9","relatedPAWDetailsLis (1 more) ...":"0x7aaa0e65","targetEDR":0.00,"totalAppliedDeductib (2 more) ...":0.00,"totalCoInsurance":0.00,"totalCoPayAmt":0.00,"totalInsCoResp":0.00,"totalInsEIVAmt":0.00,"totalRowCount":0,"totalTalbottDay":0}|0x5de939a0
08:27:07.0 (49841912)|HEAP_ALLOCATE|[84]|Bytes:28
08:27:07.0 (49878010)|VARIABLE_ASSIGNMENT|[EXTERNAL]|this|{"insrncBnft":"0x22d275c8","insrncBnftSelected":"","pawDetailListDisplay (4 more) ...":false,"pyAgrmntWrksht":"0x70006ed9","relatedPAWDetailsLis (1 more) ...":"0x7aaa0e65","targetEDR":0.00,"totalAppliedDeductib (2 more) ...":0.00,"totalCoInsurance":0.00,"totalCoPayAmt":0.00,"totalInsCoResp":0.00,"totalInsEIVAmt":0.00,"totalRowCount":0,"totalTalbottDay":0}|0x5de939a0
08:27:07.0 (49892838)|HEAP_ALLOCATE|[84]|Bytes:28
08:27:07.0 (49895797)|HEAP_ALLOCATE|[84]|Bytes:28
08:27:07.0 (49908817)|HEAP_ALLOCATE|[84]|Bytes:28
08:27:07.0 (49911483)|HEAP_ALLOCATE|[84]|Bytes:28
08:27:07.0 (49923564)|HEAP_ALLOCATE|[84]|Bytes:28
08:27:07.0 (49926573)|HEAP_ALLOCATE|[84]|Bytes:28
08:27:07.0 (49934346)|VARIABLE_ASSIGNMENT|[84]|coPayRemaining|0
08:27:07.0 (49938268)|STATEMENT_EXECUTE|[85]
08:27:07.0 (49966751)|HEAP_ALLOCATE|[85]|Bytes:28
08:27:07.0 (49970689)|HEAP_ALLOCATE|[85]|Bytes:28
08:27:07.0 (50010472)|VARIABLE_ASSIGNMENT|[EXTERNAL]|this|{"insrncBnft":"0x22d275c8","insrncBnftSelected":"","pawDetailListDisplay (4 more) ...":false,"pyAgrmntWrksht":"0x70006ed9","relatedPAWDetailsLis (1 more) ...":"0x7aaa0e65","targetEDR":0.00,"totalAppliedDeductib (2 more) ...":0.00,"totalCoInsurance":0.00,"totalCoPayAmt":0.00,"totalInsCoResp":0.00,"totalInsEIVAmt":0.00,"totalRowCount":0,"totalTalbottDay":0}|0x5de939a0
08:27:07.0 (50054083)|VARIABLE_ASSIGNMENT|[85]|this.Co_Pay_Remaining__c|0.00|0x70006ed9
08:27:07.0 (50059899)|STATEMENT_EXECUTE|[86]
08:27:07.0 (50066128)|METHOD_EXIT|[13]|01p0a000004sKzT|PAWValueCalculationService.calculateWraperValues(PAW_New_EditCntrllr.WraperClass, Map<Id,Facility_Program__c>, Map<Id,Insurance_Company_Rate_Adjustment__c>, Map<Id,Insurance_Benefit__c>, Estimated_Coverage_Days__c)
08:27:07.0 (50103585)|VARIABLE_ASSIGNMENT|[13]|pWrprObj|{"insrncBnft":"0x22d275c8","insrncBnftSelected":"","pawDetailListDisplay (4 more) ...":false,"pyAgrmntWrksht":"0x70006ed9","relatedPAWDetailsLis (1 more) ...":"0x7aaa0e65","targetEDR":0.00,"totalAppliedDeductib (2 more) ...":0.00,"totalCoInsurance":0.00,"totalCoPayAmt":0.00,"totalInsCoResp":0.00,"totalInsEIVAmt":0.00,"totalRowCount":0,"totalTalbottDay":0}|0x5de939a0
08:27:07.0 (50112808)|STATEMENT_EXECUTE|[18]
08:27:07.0 (50116698)|SYSTEM_MODE_EXIT|false
08:27:07.0 (50125234)|METHOD_EXIT|[421]|01p0a000004sKzO|PAWFrnFacilityService.calculateWraperValuesFRN(PAW_New_EditCntrllr.WraperClass, Map<Id,Facility_Program__c>, Map<Id,Insurance_Company_Rate_Adjustment__c>, Map<Id,Insurance_Benefit__c>, Estimated_Coverage_Days__c)
08:27:07.0 (50185693)|VARIABLE_ASSIGNMENT|[EXTERNAL]|this|{"estmtCvrgeDaysObj":"0xe519dd1","faciltyOptions":"0x1edd8445","fcltyPrgrmOptions":"0x387bd19b","idToOwnershipFacilit (4 more) ...":"0x1e4095e5","idToTypeFacilityMap":"0x1cfd3ce9","insrncBnftMap":"0x6e706c9f","insrncBnftOptions":"0x8619fc3","isIop":false,"isTalbott":false,"meta":"0x1294dc97","oppId":"00629000004NTeZ","pawObj":"0x677ba058","ptntInsrnceOptions":"0x10535e72","ptntInsrncMap":"0x312c8954","ptntInsrncObj":"0x136efbe5","quoteObj":"0x1e2eeb","recordId":"00629000004NTeZ","rtAdjstmntOptions":"0x1b621598","showPILookup":false,"sObjectQueryStr":"","wrprObj":"0x5de939a0"}|0x571d6cc4
08:27:07.0 (50223485)|VARIABLE_ASSIGNMENT|[EXTERNAL]|value|{"insrncBnft":"0x22d275c8","insrncBnftSelected":"","pawDetailListDisplay (4 more) ...":false,"pyAgrmntWrksht":"0x70006ed9","relatedPAWDetailsLis (1 more) ...":"0x7aaa0e65","targetEDR":0.00,"totalAppliedDeductib (2 more) ...":0.00,"totalCoInsurance":0.00,"totalCoPayAmt":0.00,"totalInsCoResp":0.00,"totalInsEIVAmt":0.00,"totalRowCount":0,"totalTalbottDay":0}|0x5de939a0
08:27:07.0 (50237872)|VARIABLE_ASSIGNMENT|[30]|this.wrprObj|0x5de939a0|0x571d6cc4
08:27:07.0 (50298507)|VARIABLE_ASSIGNMENT|[EXTERNAL]|this|{"estmtCvrgeDaysObj":"0xe519dd1","faciltyOptions":"0x1edd8445","fcltyPrgrmOptions":"0x387bd19b","idToOwnershipFacilit (4 more) ...":"0x1e4095e5","idToTypeFacilityMap":"0x1cfd3ce9","insrncBnftMap":"0x6e706c9f","insrncBnftOptions":"0x8619fc3","isIop":false,"isTalbott":false,"meta":"0x1294dc97","oppId":"00629000004NTeZ","pawObj":"0x677ba058","ptntInsrnceOptions":"0x10535e72","ptntInsrncMap":"0x312c8954","ptntInsrncObj":"0x136efbe5","quoteObj":"0x1e2eeb","recordId":"00629000004NTeZ","rtAdjstmntOptions":"0x1b621598","showPILookup":false,"sObjectQueryStr":"","wrprObj":"0x5de939a0"}|0x571d6cc4
08:27:07.0 (50313865)|STATEMENT_EXECUTE|[427]
08:27:07.0 (50316527)|METHOD_EXIT|[212]|01p0a000004sKzV|PAW_New_EditCntrllr.updateWraperValues()
08:27:07.59 (59634419)|SYSTEM_MODE_ENTER|true
08:27:07.59 (59682266)|HEAP_ALLOCATE|[EXTERNAL]|Bytes:8
08:27:07.59 (59690117)|VARIABLE_SCOPE_BEGIN|[88]|this|ApexPage.PageMessagesComponentController|true|false
08:27:07.59 (59711337)|VARIABLE_ASSIGNMENT|[88]|this|{}|0x799243f8
08:27:07.59 (59717191)|VARIABLE_SCOPE_BEGIN|[88]|escape|Boolean|false|false
08:27:07.59 (59723698)|VARIABLE_ASSIGNMENT|[88]|escape|null
08:27:07.59 (59810094)|SYSTEM_MODE_ENTER|true
08:27:07.59 (59833919)|HEAP_ALLOCATE|[EXTERNAL]|Bytes:8
08:27:07.59 (59843924)|VARIABLE_SCOPE_BEGIN|[2]|this|ApexPage.PageMessagesComponentController|true|false
08:27:07.59 (59860962)|VARIABLE_ASSIGNMENT|[2]|this|{}|0x799243f8
08:27:07.0 (60191094)|SYSTEM_MODE_ENTER|true
08:27:07.0 (60279112)|SYSTEM_MODE_ENTER|true
08:27:07.0 (60497162)|SYSTEM_MODE_ENTER|true
08:27:07.0 (63367388)|SYSTEM_MODE_ENTER|true
08:27:07.0 (63415054)|SYSTEM_MODE_ENTER|true
08:27:07.0 (68439257)|SYSTEM_MODE_ENTER|true
08:27:07.0 (68468945)|HEAP_ALLOCATE|[EXTERNAL]|Bytes:112
08:27:07.0 (68480343)|VARIABLE_SCOPE_BEGIN|[215]|this|PAW_New_EditCntrllr|true|false
08:27:07.0 (68547371)|VARIABLE_ASSIGNMENT|[215]|this|{"estmtCvrgeDaysObj":"0xe519dd1","faciltyOptions":"0x1edd8445","fcltyPrgrmOptions":"0x387bd19b","idToOwnershipFacilit (4 more) ...":"0x1e4095e5","idToTypeFacilityMap":"0x1cfd3ce9","insrncBnftMap":"0x6e706c9f","insrncBnftOptions":"0x8619fc3","isIop":false,"isTalbott":false,"meta":"0x1294dc97","oppId":"00629000004NTeZ","pawObj":"0x677ba058","ptntInsrnceOptions":"0x10535e72","ptntInsrncMap":"0x312c8954","ptntInsrncObj":"0x136efbe5","quoteObj":"0x1e2eeb","recordId":"00629000004NTeZ","rtAdjstmntOptions":"0x1b621598","showPILookup":false,"sObjectQueryStr":"","wrprObj":"0x5de939a0"}|0x571d6cc4
08:27:07.0 (68564774)|STATEMENT_EXECUTE|[215]
08:27:07.0 (68566361)|STATEMENT_EXECUTE|[216]
08:27:07.0 (68604652)|STATEMENT_EXECUTE|[217]
08:27:07.0 (68646440)|HEAP_ALLOCATE|[EXTERNAL]|Bytes:4
08:27:07.0 (68715074)|VARIABLE_ASSIGNMENT|[EXTERNAL]|this|{"estmtCvrgeDaysObj":"0xe519dd1","faciltyOptions":"0x1edd8445","fcltyPrgrmOptions":"0x387bd19b","idToOwnershipFacilit (4 more) ...":"0x1e4095e5","idToTypeFacilityMap":"0x1cfd3ce9","insrncBnftMap":"0x6e706c9f","insrncBnftOptions":"0x8619fc3","isIop":false,"isTalbott":false,"meta":"0x1294dc97","oppId":"00629000004NTeZ","pawObj":"0x677ba058","ptntInsrnceOptions":"0x10535e72","ptntInsrncMap":"0x312c8954","ptntInsrncObj":"0x136efbe5","quoteObj":"0x1e2eeb","recordId":"00629000004NTeZ","rtAdjstmntOptions":"0x1b621598","showPILookup":false,"sObjectQueryStr":"","wrprObj":"0x5de939a0"}|0x571d6cc4
08:27:07.0 (68732145)|STATEMENT_EXECUTE|[218]
08:27:07.0 (68733446)|STATEMENT_EXECUTE|[219]
08:27:07.0 (68760916)|HEAP_ALLOCATE|[219]|Bytes:4
08:27:07.0 (68768088)|HEAP_ALLOCATE|[219]|Bytes:1083
08:27:07.0 (68777390)|HEAP_ALLOCATE|[219]|Bytes:4
08:27:07.0 (68843022)|VARIABLE_ASSIGNMENT|[EXTERNAL]|this|{"estmtCvrgeDaysObj":"0xe519dd1","faciltyOptions":"0x1edd8445","fcltyPrgrmOptions":"0x387bd19b","idToOwnershipFacilit (4 more) ...":"0x1e4095e5","idToTypeFacilityMap":"0x1cfd3ce9","insrncBnftMap":"0x6e706c9f","insrncBnftOptions":"0x8619fc3","isIop":false,"isTalbott":false,"meta":"0x1294dc97","oppId":"00629000004NTeZ","pawObj":"0x677ba058","ptntInsrnceOptions":"0x10535e72","ptntInsrncMap":"0x312c8954","ptntInsrncObj":"0x136efbe5","quoteObj":"0x1e2eeb","recordId":"00629000004NTeZ","rtAdjstmntOptions":"0x1b621598","showPILookup":false,"sObjectQueryStr":"","wrprObj":"0x5de939a0"}|0x571d6cc4
08:27:07.0 (72383547)|SOQL_EXECUTE_BEGIN|[219]|Aggregations:0|SELECT Id, Name, RecordType.Name, Uncovered_Charges__c, Patient_Insurance__r.Accepts_Assignment_of_Benefits__c, Patient_Insurance__r.Opportunity__c, Patient_Insurance__r.Accreditation__c, Patient_Insurance__r.Insurance_Company__r.Name, PHP_Admit_Co_Payment__c, Detox_Admit_Co_Payment__c, RTC_Admit_Co_Payment__c, Deductible__c, Deductible_Met__c, IOP_Admit_Co_Payment__c, Max_Out_of_Pocket_Remaining__c, Insurance_Company_is_Out_of_Network__c, Annual_Max_Remaining__c, Deductible_Remaining__c, Detox_Pays_at__c, Detox_Over__c, RTC_Pays_at__c, Residential_Treatment_Override__c, PHP_Pays_at__c, Partial_Hospitalization_Override__c, IOP_Pays_at__c, Intensive_Outpatient_Override__c, Num_Days_Uncovered__c, Num_Days_Room__c, Uncovered_Days_Rate__c, Room_and_Board_Days_Rate__c, Uncovered_Days_Override__c, Room_and_Board_Days_Override__c, Deductible_Included_in_OOP__c, Uncovered_Days__c, Lifetime_Max__c, Lifetime_Max_Met__c, Annual_Max__c, Annual_Max_Met__c, Max_Out_of_Pocket__c, Max_Out_of_Pocket_Met__c, Co_Pay_Met__c FROM Insurance_Benefit__c WHERE Patient_Insurance__c = :tmpVar1
08:27:07.0 (84196717)|SOQL_EXECUTE_END|[219]|Rows:2
08:27:07.0 (84230114)|HEAP_ALLOCATE|[219]|Bytes:12
08:27:07.0 (84277785)|HEAP_ALLOCATE|[219]|Bytes:2986
08:27:07.0 (84347245)|HEAP_ALLOCATE|[219]|Bytes:12
08:27:07.0 (84401371)|HEAP_ALLOCATE|[219]|Bytes:108
08:27:07.0 (84417929)|HEAP_ALLOCATE|[219]|Bytes:4
08:27:07.0 (84426479)|HEAP_ALLOCATE|[219]|Bytes:108
08:27:07.0 (84433813)|HEAP_ALLOCATE|[219]|Bytes:4
08:27:07.0 (84543789)|VARIABLE_ASSIGNMENT|[219]|this.insrncBnftMap|{"a1H29000000pRTUEA2":{"Id":"a1H29000000pRTUEA2","Name":"Insurance Benefit 75 (2 more) ...","RecordTypeId":"012j00000015GS6AAM","Patient_Insurance__c":"a1b29000000lvHQAAY","PHP_Admit_Co_Payment (3 more) ...":0.00,"Deductible__c":5000.00,"Deductible_Met__c":0.00,"Max_Out_of_Pocket_Re (10 more) ...":10000.00,"Insurance_Company_is (18 more) ...":false,"Annual_Max_Remaining (3 more) ...":1000000,"Deductible_Remaining (3 more) ...":5000.00,"Detox_Pays_at__c":80.00,"RTC_Pays_at__c":80.00,"PHP_Pays_at__c":80.00,"IOP_Pays_at__c":80.00,"Uncovered_Days_Rate_ (2 more) ...":630.00,"Room_and_Board_Days_ (7 more) ...":2000.00,"Deductible_Included_ (9 more) ...":"Yes","Lifetime_Max__c":1000000.00,"Lifetime_Max_Met__c":0.00,"Annual_Max__c":1000000.00,"Annual_Max_Met__c":0.00,"Max_Out_of_Pocket__c":10000.00,"Max_Out_of_Pocket_Me (4 more) ...":0.00,"RecordType":{"Name":"In Network","Id":"012j00000015GS6AAM"},"Patient_Insurance__r":{"Opportunity__c":"00629000004NTeZAAW","Accreditation__c":"State","Insurance_Company__c":"0012900000AXSP3AAP","Id":"a1b29000000lvHQAAY","Insurance_Company__r":{"Name":"Value Options/Beacon (7 more) ...","Id":"0012900000AXSP3AAP","RecordTypeId":"012j00000015GRqAAM"}}},"a1H29000000pRTZEA2":{"Id":"a1H29000000pRTZEA2","Name":"Insurance Benefit 75 (2 more) ...","RecordTypeId":"012j00000015GS7AAM","Patient_Insurance__c":"a1b29000000lvHQAAY","PHP_Admit_Co_Payment (3 more) ...":0.00,"Deductible__c":10000.00,"Deductible_Met__c":0.00,"Max_Out_of_Pocket_Re (10 more) ...":20000.00,"Insurance_Company_is (18 more) ...":false,"Annual_Max_Remaining (3 more) ...":1000000,"Deductible_Remaining (3 more) ...":10000.00,"Detox_Pays_at__c":60.00,"RTC_Pays_at__c":60.00,"PHP_Pays_at__c":60.00,"IOP_Pays_at__c":60.00,"Uncovered_Days_Rate_ (2 more) ...":630.00,"Room_and_Board_Days_ (7 more) ...":2000.00,"Deductible_Included_ (9 more) ...":"Yes","Lifetime_Max__c":1000000.00,"Lifetime_Max_Met__c":0.00,"Annual_Max__c":1000000.00,"Annual_Max_Met__c":0.00,"Max_Out_of_Pocket__c":20000.00,"Max_Out_of_Pocket_Me (4 more) ...":0.00,"RecordType":{"Name":"Out of Network","Id":"012j00000015GS7AAM"},"Patient_Insurance__r":{"Opportunity__c":"00629000004NTeZAAW","Accreditation__c":"State","Insurance_Company__c":"0012900000AXSP3AAP","Id":"a1b29000000lvHQAAY","Insurance_Company__r":{"Name":"Value Options/Beacon (7 more) ...","Id":"0012900000AXSP3AAP","RecordTypeId":"012j00000015GRqAAM"}}}}|0x571d6cc4
08:27:07.0 (84616976)|HEAP_ALLOCATE|[EXTERNAL]|Bytes:12
08:27:07.0 (84644770)|HEAP_ALLOCATE|[263]|Bytes:2996
08:27:07.0 (84784013)|HEAP_ALLOCATE|[263]|Bytes:5
08:27:07.0 (84798478)|HEAP_ALLOCATE|[263]|Bytes:108
08:27:07.0 (84806778)|VARIABLE_SCOPE_BEGIN|[263]|insrncBnftInstance|Insurance_Benefit__c|true|false
08:27:07.0 (84846470)|VARIABLE_ASSIGNMENT|[263]|insrncBnftInstance|{"Id":"a1H29000000pRTUEA2","Name":"Insurance Benefit 75 (2 more) ...","RecordTypeId":"012j00000015GS6AAM","Patient_Insurance__c":"a1b29000000lvHQAAY","PHP_Admit_Co_Payment (3 more) ...":0.00,"Deductible__c":5000.00,"Deductible_Met__c":0.00,"Max_Out_of_Pocket_Re (10 more) ...":10000.00,"Insurance_Company_is (18 more) ...":false,"Annual_Max_Remaining (3 more) ...":1000000,"Deductible_Remaining (3 more) ...":5000.00,"Detox_Pays_at__c":80.00,"RTC_Pays_at__c":80.00,"PHP_Pays_at__c":80.00,"IOP_Pays_at__c":80.00,"Uncovered_Days_Rate_ (2 more) ...":630.00,"Room_and_Board_Days_ (7 more) ...":2000.00,"Deductible_Included_ (9 more) ...":"Yes","Lifetime_Max__c":1000000.00,"Lifetime_Max_Met__c":0.00,"Annual_Max__c":1000000.00,"Annual_Max_Met__c":0.00,"Max_Out_of_Pocket__c":10000.00,"Max_Out_of_Pocket_Me (4 more) ...":0.00,"RecordType":{"Name":"In Network","Id":"012j00000015GS6AAM"},"Patient_Insurance__r":{"Opportunity__c":"00629000004NTeZAAW","Accreditation__c":"State","Insurance_Company__c":"0012900000AXSP3AAP","Id":"a1b29000000lvHQAAY","Insurance_Company__r":{"Name":"Value Options/Beacon (7 more) ...","Id":"0012900000AXSP3AAP","RecordTypeId":"012j00000015GRqAAM"}}}|0x95a2f06
08:27:07.0 (84866470)|STATEMENT_EXECUTE|[263]
08:27:07.0 (84868196)|STATEMENT_EXECUTE|[264]
08:27:07.0 (84907365)|HEAP_ALLOCATE|[264]|Bytes:18
08:27:07.0 (84973488)|HEAP_ALLOCATE|[264]|Bytes:3
08:27:07.0 (84998435)|HEAP_ALLOCATE|[264]|Bytes:35
08:27:07.0 (85055739)|HEAP_ALLOCATE|[EXTERNAL]|Bytes:4
08:27:07.0 (85070961)|HEAP_ALLOCATE|[263]|Bytes:5
08:27:07.0 (85080723)|HEAP_ALLOCATE|[263]|Bytes:108
08:27:07.0 (85086878)|VARIABLE_SCOPE_BEGIN|[263]|insrncBnftInstance|Insurance_Benefit__c|true|false
08:27:07.0 (85120448)|VARIABLE_ASSIGNMENT|[263]|insrncBnftInstance|{"Id":"a1H29000000pRTZEA2","Name":"Insurance Benefit 75 (2 more) ...","RecordTypeId":"012j00000015GS7AAM","Patient_Insurance__c":"a1b29000000lvHQAAY","PHP_Admit_Co_Payment (3 more) ...":0.00,"Deductible__c":10000.00,"Deductible_Met__c":0.00,"Max_Out_of_Pocket_Re (10 more) ...":20000.00,"Insurance_Company_is (18 more) ...":false,"Annual_Max_Remaining (3 more) ...":1000000,"Deductible_Remaining (3 more) ...":10000.00,"Detox_Pays_at__c":60.00,"RTC_Pays_at__c":60.00,"PHP_Pays_at__c":60.00,"IOP_Pays_at__c":60.00,"Uncovered_Days_Rate_ (2 more) ...":630.00,"Room_and_Board_Days_ (7 more) ...":2000.00,"Deductible_Included_ (9 more) ...":"Yes","Lifetime_Max__c":1000000.00,"Lifetime_Max_Met__c":0.00,"Annual_Max__c":1000000.00,"Annual_Max_Met__c":0.00,"Max_Out_of_Pocket__c":20000.00,"Max_Out_of_Pocket_Me (4 more) ...":0.00,"RecordType":{"Name":"Out of Network","Id":"012j00000015GS7AAM"},"Patient_Insurance__r":{"Opportunity__c":"00629000004NTeZAAW","Accreditation__c":"State","Insurance_Company__c":"0012900000AXSP3AAP","Id":"a1b29000000lvHQAAY","Insurance_Company__r":{"Name":"Value Options/Beacon (7 more) ...","Id":"0012900000AXSP3AAP","RecordTypeId":"012j00000015GRqAAM"}}}|0x7d713f
08:27:07.0 (85139025)|STATEMENT_EXECUTE|[263]
08:27:07.0 (85140215)|STATEMENT_EXECUTE|[264]
08:27:07.0 (85151124)|HEAP_ALLOCATE|[264]|Bytes:18
08:27:07.0 (85168503)|HEAP_ALLOCATE|[264]|Bytes:39
08:27:07.0 (85179103)|HEAP_ALLOCATE|[EXTERNAL]|Bytes:4
08:27:07.0 (85189009)|HEAP_ALLOCATE|[263]|Bytes:5
08:27:07.0 (85198096)|VARIABLE_ASSIGNMENT|[263]|insrncBnftInstance|null|
08:27:07.0 (85299506)|VARIABLE_ASSIGNMENT|[EXTERNAL]|this|{"estmtCvrgeDaysObj":"0xe519dd1","faciltyOptions":"0x1edd8445","fcltyPrgrmOptions":"0x387bd19b","idToOwnershipFacilit (4 more) ...":"0x1e4095e5","idToTypeFacilityMap":"0x1cfd3ce9","insrncBnftMap":"0x56062b09","insrncBnftOptions":"0x8619fc3","isIop":false,"isTalbott":false,"meta":"0x1294dc97","oppId":"00629000004NTeZ","pawObj":"0x677ba058","ptntInsrnceOptions":"0x10535e72","ptntInsrncMap":"0x312c8954","ptntInsrncObj":"0x136efbe5","quoteObj":"0x1e2eeb","recordId":"00629000004NTeZ","rtAdjstmntOptions":"0x1b621598","showPILookup":false,"sObjectQueryStr":"","wrprObj":"0x5de939a0"}|0x571d6cc4
08:27:07.0 (85376265)|VARIABLE_ASSIGNMENT|[EXTERNAL]|this|{"insrncBnft":"0x22d275c8","insrncBnftSelected":"","pawDetailListDisplay (4 more) ...":false,"pyAgrmntWrksht":"0x70006ed9","relatedPAWDetailsLis (1 more) ...":"0x7aaa0e65","targetEDR":0.00,"totalAppliedDeductib (2 more) ...":0.00,"totalCoInsurance":0.00,"totalCoPayAmt":0.00,"totalInsCoResp":0.00,"totalInsEIVAmt":0.00,"totalRowCount":0,"totalTalbottDay":0}|0x5de939a0
08:27:07.0 (85433768)|VARIABLE_ASSIGNMENT|[EXTERNAL]|this|{"estmtCvrgeDaysObj":"0xe519dd1","faciltyOptions":"0x1edd8445","fcltyPrgrmOptions":"0x387bd19b","idToOwnershipFacilit (4 more) ...":"0x1e4095e5","idToTypeFacilityMap":"0x1cfd3ce9","insrncBnftMap":"0x56062b09","insrncBnftOptions":"0x8619fc3","isIop":false,"isTalbott":false,"meta":"0x1294dc97","oppId":"00629000004NTeZ","pawObj":"0x677ba058","ptntInsrnceOptions":"0x10535e72","ptntInsrncMap":"0x312c8954","ptntInsrncObj":"0x136efbe5","quoteObj":"0x1e2eeb","recordId":"00629000004NTeZ","rtAdjstmntOptions":"0x1b621598","showPILookup":false,"sObjectQueryStr":"","wrprObj":"0x5de939a0"}|0x571d6cc4
08:27:07.0 (85478014)|VARIABLE_ASSIGNMENT|[EXTERNAL]|this|{"insrncBnft":"0x22d275c8","insrncBnftSelected":"","pawDetailListDisplay (4 more) ...":false,"pyAgrmntWrksht":"0x70006ed9","relatedPAWDetailsLis (1 more) ...":"0x7aaa0e65","targetEDR":0.00,"totalAppliedDeductib (2 more) ...":0.00,"totalCoInsurance":0.00,"totalCoPayAmt":0.00,"totalInsCoResp":0.00,"totalInsEIVAmt":0.00,"totalRowCount":0,"totalTalbottDay":0}|0x5de939a0
08:27:07.0 (85501150)|STATEMENT_EXECUTE|[269]
08:27:07.0 (85502761)|STATEMENT_EXECUTE|[270]
08:27:07.0 (85554801)|VARIABLE_ASSIGNMENT|[EXTERNAL]|this|{"estmtCvrgeDaysObj":"0xe519dd1","faciltyOptions":"0x1edd8445","fcltyPrgrmOptions":"0x387bd19b","idToOwnershipFacilit (4 more) ...":"0x1e4095e5","idToTypeFacilityMap":"0x1cfd3ce9","insrncBnftMap":"0x56062b09","insrncBnftOptions":"0x8619fc3","isIop":false,"isTalbott":false,"meta":"0x1294dc97","oppId":"00629000004NTeZ","pawObj":"0x677ba058","ptntInsrnceOptions":"0x10535e72","ptntInsrncMap":"0x312c8954","ptntInsrncObj":"0x136efbe5","quoteObj":"0x1e2eeb","recordId":"00629000004NTeZ","rtAdjstmntOptions":"0x1b621598","showPILookup":false,"sObjectQueryStr":"","wrprObj":"0x5de939a0"}|0x571d6cc4
08:27:07.0 (85602016)|VARIABLE_ASSIGNMENT|[EXTERNAL]|this|{"insrncBnft":"0x22d275c8","insrncBnftSelected":"","pawDetailListDisplay (4 more) ...":false,"pyAgrmntWrksht":"0x70006ed9","relatedPAWDetailsLis (1 more) ...":"0x7aaa0e65","targetEDR":0.00,"totalAppliedDeductib (2 more) ...":0.00,"totalCoInsurance":0.00,"totalCoPayAmt":0.00,"totalInsCoResp":0.00,"totalInsEIVAmt":0.00,"totalRowCount":0,"totalTalbottDay":0}|0x5de939a0
08:27:07.0 (85611548)|VARIABLE_ASSIGNMENT|[EXTERNAL]|value|null|
08:27:07.0 (85619008)|VARIABLE_ASSIGNMENT|[525]|this.insrncBnft|null|0x5de939a0
08:27:07.0 (85626115)|STATEMENT_EXECUTE|[272]
08:27:07.0 (86435479)|SYSTEM_MODE_ENTER|true
08:27:07.0 (86653774)|SYSTEM_MODE_ENTER|true
08:27:07.0 (86682320)|HEAP_ALLOCATE|[EXTERNAL]|Bytes:112
08:27:07.0 (86689866)|VARIABLE_SCOPE_BEGIN|[379]|this|PAW_New_EditCntrllr|true|false
08:27:07.0 (86750412)|VARIABLE_ASSIGNMENT|[379]|this|{"estmtCvrgeDaysObj":"0xe519dd1","faciltyOptions":"0x1edd8445","fcltyPrgrmOptions":"0x387bd19b","idToOwnershipFacilit (4 more) ...":"0x1e4095e5","idToTypeFacilityMap":"0x1cfd3ce9","insrncBnftMap":"0x56062b09","insrncBnftOptions":"0x8619fc3","isIop":false,"isTalbott":false,"meta":"0x1294dc97","oppId":"00629000004NTeZ","pawObj":"0x677ba058","ptntInsrnceOptions":"0x10535e72","ptntInsrncMap":"0x312c8954","ptntInsrncObj":"0x136efbe5","quoteObj":"0x1e2eeb","recordId":"00629000004NTeZ","rtAdjstmntOptions":"0x1b621598","showPILookup":false,"sObjectQueryStr":"","wrprObj":"0x5de939a0"}|0x571d6cc4
08:27:07.0 (86766790)|STATEMENT_EXECUTE|[379]
08:27:07.0 (86768337)|STATEMENT_EXECUTE|[380]
08:27:07.0 (86778559)|HEAP_ALLOCATE|[380]|Bytes:4
08:27:07.0 (86825656)|HEAP_ALLOCATE|[EXTERNAL]|Bytes:4
08:27:07.0 (86835159)|VARIABLE_ASSIGNMENT|[380]|this.rtAdjstmntOptions|[]|0x571d6cc4
08:27:07.0 (86844718)|STATEMENT_EXECUTE|[381]
08:27:07.0 (86850801)|HEAP_ALLOCATE|[381]|Bytes:8
08:27:07.0 (86890642)|HEAP_ALLOCATE|[EXTERNAL]|Bytes:4
08:27:07.0 (86957991)|VARIABLE_ASSIGNMENT|[EXTERNAL]|this|{"estmtCvrgeDaysObj":"0xe519dd1","faciltyOptions":"0x1edd8445","fcltyPrgrmOptions":"0x387bd19b","idToOwnershipFacilit (4 more) ...":"0x1e4095e5","idToTypeFacilityMap":"0x1cfd3ce9","insrncBnftMap":"0x56062b09","insrncBnftOptions":"0x8619fc3","isIop":false,"isTalbott":false,"meta":"0x1294dc97","oppId":"00629000004NTeZ","pawObj":"0x677ba058","ptntInsrnceOptions":"0x10535e72","ptntInsrncMap":"0x312c8954","ptntInsrncObj":"0x136efbe5","quoteObj":"0x1e2eeb","recordId":"00629000004NTeZ","rtAdjstmntOptions":"0x5430d6b6","showPILookup":false,"sObjectQueryStr":"","wrprObj":"0x5de939a0"}|0x571d6cc4
08:27:07.0 (87016467)|VARIABLE_ASSIGNMENT|[EXTERNAL]|this|{"insrncBnftSelected":"","pawDetailListDisplay (4 more) ...":false,"pyAgrmntWrksht":"0x70006ed9","relatedPAWDetailsLis (1 more) ...":"0x7aaa0e65","targetEDR":0.00,"totalAppliedDeductib (2 more) ...":0.00,"totalCoInsurance":0.00,"totalCoPayAmt":0.00,"totalInsCoResp":0.00,"totalInsEIVAmt":0.00,"totalRowCount":0,"totalTalbottDay":0}|0x5de939a0
08:27:07.0 (87031280)|STATEMENT_EXECUTE|[382]
08:27:07.0 (87032838)|STATEMENT_EXECUTE|[400]
08:27:07.0 (87312423)|SYSTEM_MODE_ENTER|true
08:27:07.0 (92855967)|VF_SERIALIZE_VIEWSTATE_BEGIN|0660a0000009uTC
08:27:07.0 (99534797)|VF_SERIALIZE_VIEWSTATE_END
08:27:07.105 (105183027)|CUMULATIVE_LIMIT_USAGE
08:27:07.105 (105183027)|LIMIT_USAGE_FOR_NS|(default)|
  Number of SOQL queries: 2 out of 100
  Number of query rows: 6 out of 50000
  Number of SOSL queries: 0 out of 20
  Number of DML statements: 0 out of 150
  Number of DML rows: 0 out of 10000
  Maximum CPU time: 0 out of 10000
  Maximum heap size: 0 out of 6000000
  Number of callouts: 0 out of 100
  Number of Email Invocations: 0 out of 10
  Number of future calls: 0 out of 50
  Number of queueable jobs added to the queue: 0 out of 50
  Number of Mobile Apex push calls: 0 out of 10

08:27:07.105 (105183027)|CUMULATIVE_LIMIT_USAGE_END

08:27:07.0 (105220086)|CODE_UNIT_FINISHED|VF: /apex/PAW_New_Edit
08:27:07.0 (105941305)|EXECUTION_FINISHED
