37.0 APEX_CODE,FINEST;APEX_PROFILING,INFO;CALLOUT,INFO;DB,INFO;SYSTEM,DEBUG;VALIDATION,INFO;VISUALFORCE,INFO;WAVE,INFO;WORKFLOW,FINER
07:02:48.0 (267606)|USER_INFO|[EXTERNAL]|00529000000zYiy|bhakti.gujrathi@eternussolutions.com.frnstgng|Central Standard Time|GMT-06:00
07:02:48.0 (300073)|EXECUTION_STARTED
07:02:48.0 (304892)|CODE_UNIT_STARTED|[EXTERNAL]|0660a0000009uTC|VF: /apex/PAW_New_Edit
07:02:48.0 (742885)|VF_DESERIALIZE_VIEWSTATE_BEGIN|0660a0000009uTC
07:02:48.0 (4605500)|HEAP_ALLOCATE|[72]|Bytes:3
07:02:48.0 (4652227)|HEAP_ALLOCATE|[77]|Bytes:152
07:02:48.0 (4665632)|HEAP_ALLOCATE|[342]|Bytes:408
07:02:48.0 (4674989)|HEAP_ALLOCATE|[355]|Bytes:408
07:02:48.0 (4683942)|HEAP_ALLOCATE|[467]|Bytes:48
07:02:48.0 (4713021)|HEAP_ALLOCATE|[139]|Bytes:6
07:02:48.0 (4737643)|HEAP_ALLOCATE|[50]|Bytes:5
07:02:48.0 (4759696)|HEAP_ALLOCATE|[56]|Bytes:5
07:02:48.0 (4766510)|HEAP_ALLOCATE|[64]|Bytes:7
07:02:48.0 (7956761)|VARIABLE_SCOPE_BEGIN|[35]|PAW_New_EditCntrllr.globalSchemaMap|Map<String,Schema.SObjectType>|true|true
07:02:48.0 (7970852)|VARIABLE_SCOPE_BEGIN|[3]|PAW_New_EditCntrllr.yearEndMode|Boolean|false|true
07:02:48.0 (12167761)|VF_DESERIALIZE_VIEWSTATE_END
07:02:48.13 (13741198)|SYSTEM_MODE_ENTER|true
07:02:48.13 (13804719)|HEAP_ALLOCATE|[EXTERNAL]|Bytes:38
07:02:48.13 (13813055)|HEAP_ALLOCATE|[EXTERNAL]|Bytes:7
07:02:48.13 (13822997)|SYSTEM_METHOD_ENTRY|[1]|PageMessagesComponentController.PageMessagesComponentController()
07:02:48.13 (13828973)|STATEMENT_EXECUTE|[1]
07:02:48.14 (14573653)|SYSTEM_MODE_ENTER|true
07:02:48.14 (14618171)|HEAP_ALLOCATE|[EXTERNAL]|Bytes:8
07:02:48.14 (14625422)|VARIABLE_SCOPE_BEGIN|[88]|this|ApexPage.PageMessagesComponentController|true|false
07:02:48.14 (14657690)|VARIABLE_ASSIGNMENT|[88]|this|{}|0x47cb64b6
07:02:48.14 (14664025)|VARIABLE_SCOPE_BEGIN|[88]|escape|Boolean|false|false
07:02:48.14 (14670637)|VARIABLE_ASSIGNMENT|[88]|escape|null
07:02:48.0 (14846481)|SYSTEM_MODE_ENTER|true
07:02:48.0 (14867897)|HEAP_ALLOCATE|[EXTERNAL]|Bytes:11
07:02:48.0 (14877111)|HEAP_ALLOCATE|[EXTERNAL]|Bytes:304
07:02:48.0 (14881749)|HEAP_ALLOCATE|[EXTERNAL]|Bytes:98
07:02:48.0 (14885187)|HEAP_ALLOCATE|[EXTERNAL]|Bytes:10
07:02:48.0 (14893249)|METHOD_ENTRY|[1]|01p0a000004sKzV|PAW_New_EditCntrllr.PAW_New_EditCntrllr()
07:02:48.0 (14897182)|STATEMENT_EXECUTE|[1]
07:02:48.0 (14900480)|STATEMENT_EXECUTE|[1]
07:02:48.0 (14901621)|STATEMENT_EXECUTE|[3]
07:02:48.0 (15394209)|VARIABLE_SCOPE_BEGIN|[3]|PAW_YearEnd_Config.setting|Year_End_PAW_Settings__c|true|true
07:02:48.0 (15409480)|HEAP_ALLOCATE|[3]|Bytes:1
07:02:48.0 (15416147)|HEAP_ALLOCATE|[3]|Bytes:1
07:02:48.0 (15425955)|METHOD_ENTRY|[1]|01p29000000Aswf|PAW_YearEnd_Config.PAW_YearEnd_Config()
07:02:48.0 (15430351)|STATEMENT_EXECUTE|[1]
07:02:48.0 (15432715)|STATEMENT_EXECUTE|[1]
07:02:48.0 (15446454)|SYSTEM_MODE_ENTER|false
07:02:48.0 (15453301)|HEAP_ALLOCATE|[3]|Bytes:5
07:02:48.0 (15459706)|SYSTEM_MODE_EXIT|false
07:02:48.0 (15466447)|METHOD_EXIT|[1]|PAW_YearEnd_Config
07:02:48.0 (15482406)|METHOD_ENTRY|[3]|01p29000000Aswf|PAW_YearEnd_Config.fetch()
07:02:48.0 (15509361)|SYSTEM_MODE_ENTER|false
07:02:48.0 (15514184)|HEAP_ALLOCATE|[6]|Bytes:5
07:02:48.0 (15517989)|STATEMENT_EXECUTE|[5]
07:02:48.0 (15521306)|STATEMENT_EXECUTE|[7]
07:02:48.0 (16593070)|HEAP_ALLOCATE|[7]|Bytes:20
07:02:48.0 (16636088)|VARIABLE_ASSIGNMENT|[7]|PAW_YearEnd_Config.setting|{"IsDeleted":false,"Name":"Year End PAW Setting (11 more) ...","SetupOwnerId":"00529000000zYiyAAE","Year_End_Mode_Enable (4 more) ...":false}|0x7a1554ca
07:02:48.0 (16643592)|STATEMENT_EXECUTE|[9]
07:02:48.0 (16647357)|HEAP_ALLOCATE|[9]|Bytes:14
07:02:48.0 (16791702)|HEAP_ALLOCATE|[9]|Bytes:145
07:02:48.0 (16813993)|HEAP_ALLOCATE|[9]|Bytes:159
07:02:48.0 (16834230)|USER_DEBUG|[9]|DEBUG|>>> setting : Year_End_PAW_Settings__c:{IsDeleted=false, Name=Year End PAW Settings (Profile), SetupOwnerId=00529000000zYiyAAE, Year_End_Mode_Enabled__c=false}
07:02:48.0 (16842021)|STATEMENT_EXECUTE|[10]
07:02:48.0 (16846816)|SYSTEM_MODE_EXIT|false
07:02:48.0 (16854475)|METHOD_EXIT|[3]|01p29000000Aswf|PAW_YearEnd_Config.fetch()
07:02:48.0 (16889535)|VARIABLE_ASSIGNMENT|[3]|PAW_New_EditCntrllr.yearEndMode|false
07:02:48.0 (16894282)|STATEMENT_EXECUTE|[522]
07:02:48.0 (16899307)|METHOD_EXIT|[1]|PAW_New_EditCntrllr
07:02:48.0 (18110248)|SYSTEM_MODE_ENTER|true
07:02:48.0 (20125319)|SYSTEM_MODE_ENTER|true
07:02:48.0 (20170191)|HEAP_ALLOCATE|[EXTERNAL]|Bytes:476
07:02:48.0 (20178861)|HEAP_ALLOCATE|[EXTERNAL]|Bytes:71
07:02:48.0 (25309658)|SYSTEM_MODE_ENTER|true
07:02:48.0 (25388187)|SYSTEM_MODE_ENTER|true
07:02:48.0 (29915070)|SYSTEM_MODE_ENTER|true
07:02:48.0 (30099883)|HEAP_ALLOCATE|[EXTERNAL]|Bytes:112
07:02:48.0 (30109339)|VARIABLE_SCOPE_BEGIN|[215]|this|PAW_New_EditCntrllr|true|false
07:02:48.0 (30240128)|VARIABLE_ASSIGNMENT|[215]|this|{"cmpnyRateAdjstmntMap":"0x1a2a30af","estmtCnrgDaysMap":"0x3d04d6c3","estmtCvrgeDaysObj":"0x2abcc076","faciltyOptions":"0x15f8d749","fcltyPrgmMap":"0x5e9c2211","fcltyPrgrmOptions":"0x45b555cf","idToOwnershipFacilit (4 more) ...":"0x946827f","idToTypeFacilityMap":"0x5a574e81","insrncBnftMap":"0x65647370","insrncBnftOptions":"0xa10493e","isIop":false,"isTalbott":false,"meta":"0x37f86779","oppId":"00629000004NTeZ","pawObj":"0x57bb1441","ptntInsrnceOptions":"0x11020235","ptntInsrncMap":"0x19d3f092","ptntInsrncObj":"0xdf37133","quoteObj":"0x6d649f7e","recordId":"00629000004NTeZ","rtAdjstmntOptions":"0x6272978f","showPILookup":false,"sObjectQueryStr":"","wrprObj":"0x3714a494"}|0x5d9d94e
07:02:48.0 (30258670)|STATEMENT_EXECUTE|[215]
07:02:48.0 (30260391)|STATEMENT_EXECUTE|[216]
07:02:48.0 (30298470)|STATEMENT_EXECUTE|[217]
07:02:48.0 (30308149)|HEAP_ALLOCATE|[217]|Bytes:12
07:02:48.0 (30353670)|HEAP_ALLOCATE|[EXTERNAL]|Bytes:4
07:02:48.0 (30427049)|VARIABLE_ASSIGNMENT|[EXTERNAL]|this|{"cmpnyRateAdjstmntMap":"0x1a2a30af","estmtCnrgDaysMap":"0x3d04d6c3","estmtCvrgeDaysObj":"0x2abcc076","faciltyOptions":"0x15f8d749","fcltyPrgmMap":"0x5e9c2211","fcltyPrgrmOptions":"0x45b555cf","idToOwnershipFacilit (4 more) ...":"0x946827f","idToTypeFacilityMap":"0x5a574e81","insrncBnftMap":"0x65647370","insrncBnftOptions":"0xa10493e","isIop":false,"isTalbott":false,"meta":"0x37f86779","oppId":"00629000004NTeZ","pawObj":"0x57bb1441","ptntInsrnceOptions":"0x11020235","ptntInsrncMap":"0x19d3f092","ptntInsrncObj":"0xdf37133","quoteObj":"0x6d649f7e","recordId":"00629000004NTeZ","rtAdjstmntOptions":"0x6272978f","showPILookup":false,"sObjectQueryStr":"","wrprObj":"0x3714a494"}|0x5d9d94e
07:02:48.0 (30445760)|STATEMENT_EXECUTE|[218]
07:02:48.0 (30447128)|STATEMENT_EXECUTE|[219]
07:02:48.0 (30471100)|HEAP_ALLOCATE|[219]|Bytes:4
07:02:48.0 (30477043)|HEAP_ALLOCATE|[219]|Bytes:1083
07:02:48.0 (30486524)|HEAP_ALLOCATE|[219]|Bytes:4
07:02:48.0 (30496797)|HEAP_ALLOCATE|[219]|Bytes:7
07:02:48.0 (30555172)|VARIABLE_ASSIGNMENT|[EXTERNAL]|this|{"cmpnyRateAdjstmntMap":"0x1a2a30af","estmtCnrgDaysMap":"0x3d04d6c3","estmtCvrgeDaysObj":"0x2abcc076","faciltyOptions":"0x15f8d749","fcltyPrgmMap":"0x5e9c2211","fcltyPrgrmOptions":"0x45b555cf","idToOwnershipFacilit (4 more) ...":"0x946827f","idToTypeFacilityMap":"0x5a574e81","insrncBnftMap":"0x65647370","insrncBnftOptions":"0xa10493e","isIop":false,"isTalbott":false,"meta":"0x37f86779","oppId":"00629000004NTeZ","pawObj":"0x57bb1441","ptntInsrnceOptions":"0x11020235","ptntInsrncMap":"0x19d3f092","ptntInsrncObj":"0xdf37133","quoteObj":"0x6d649f7e","recordId":"00629000004NTeZ","rtAdjstmntOptions":"0x6272978f","showPILookup":false,"sObjectQueryStr":"","wrprObj":"0x3714a494"}|0x5d9d94e
07:02:48.0 (33134962)|SOQL_EXECUTE_BEGIN|[219]|Aggregations:0|SELECT Id, Name, RecordType.Name, Uncovered_Charges__c, Patient_Insurance__r.Accepts_Assignment_of_Benefits__c, Patient_Insurance__r.Opportunity__c, Patient_Insurance__r.Accreditation__c, Patient_Insurance__r.Insurance_Company__r.Name, PHP_Admit_Co_Payment__c, Detox_Admit_Co_Payment__c, RTC_Admit_Co_Payment__c, Deductible__c, Deductible_Met__c, IOP_Admit_Co_Payment__c, Max_Out_of_Pocket_Remaining__c, Insurance_Company_is_Out_of_Network__c, Annual_Max_Remaining__c, Deductible_Remaining__c, Detox_Pays_at__c, Detox_Over__c, RTC_Pays_at__c, Residential_Treatment_Override__c, PHP_Pays_at__c, Partial_Hospitalization_Override__c, IOP_Pays_at__c, Intensive_Outpatient_Override__c, Num_Days_Uncovered__c, Num_Days_Room__c, Uncovered_Days_Rate__c, Room_and_Board_Days_Rate__c, Uncovered_Days_Override__c, Room_and_Board_Days_Override__c, Deductible_Included_in_OOP__c, Uncovered_Days__c, Lifetime_Max__c, Lifetime_Max_Met__c, Annual_Max__c, Annual_Max_Met__c, Max_Out_of_Pocket__c, Max_Out_of_Pocket_Met__c, Co_Pay_Met__c FROM Insurance_Benefit__c WHERE Patient_Insurance__c = :tmpVar1
07:02:48.0 (45910507)|SOQL_EXECUTE_END|[219]|Rows:2
07:02:48.0 (45935136)|HEAP_ALLOCATE|[219]|Bytes:12
07:02:48.0 (45984115)|HEAP_ALLOCATE|[219]|Bytes:2986
07:02:48.0 (46059193)|HEAP_ALLOCATE|[219]|Bytes:12
07:02:48.0 (46106373)|HEAP_ALLOCATE|[219]|Bytes:108
07:02:48.0 (46117573)|HEAP_ALLOCATE|[219]|Bytes:4
07:02:48.0 (46122598)|HEAP_ALLOCATE|[219]|Bytes:108
07:02:48.0 (46126651)|HEAP_ALLOCATE|[219]|Bytes:4
07:02:48.0 (46216038)|VARIABLE_ASSIGNMENT|[219]|this.insrncBnftMap|{"a1H29000000pRTUEA2":{"Id":"a1H29000000pRTUEA2","Name":"Insurance Benefit 75 (2 more) ...","RecordTypeId":"012j00000015GS6AAM","Patient_Insurance__c":"a1b29000000lvHQAAY","PHP_Admit_Co_Payment (3 more) ...":0.00,"Deductible__c":5000.00,"Deductible_Met__c":0.00,"Max_Out_of_Pocket_Re (10 more) ...":10000.00,"Insurance_Company_is (18 more) ...":false,"Annual_Max_Remaining (3 more) ...":1000000,"Deductible_Remaining (3 more) ...":5000.00,"Detox_Pays_at__c":80.00,"RTC_Pays_at__c":80.00,"PHP_Pays_at__c":80.00,"IOP_Pays_at__c":80.00,"Uncovered_Days_Rate_ (2 more) ...":630.00,"Room_and_Board_Days_ (7 more) ...":2000.00,"Deductible_Included_ (9 more) ...":"Yes","Lifetime_Max__c":1000000.00,"Lifetime_Max_Met__c":0.00,"Annual_Max__c":1000000.00,"Annual_Max_Met__c":0.00,"Max_Out_of_Pocket__c":10000.00,"Max_Out_of_Pocket_Me (4 more) ...":0.00,"RecordType":{"Name":"In Network","Id":"012j00000015GS6AAM"},"Patient_Insurance__r":{"Opportunity__c":"00629000004NTeZAAW","Accreditation__c":"State","Insurance_Company__c":"0012900000AXSP3AAP","Id":"a1b29000000lvHQAAY","Insurance_Company__r":{"Name":"Value Options/Beacon (7 more) ...","Id":"0012900000AXSP3AAP","RecordTypeId":"012j00000015GRqAAM"}}},"a1H29000000pRTZEA2":{"Id":"a1H29000000pRTZEA2","Name":"Insurance Benefit 75 (2 more) ...","RecordTypeId":"012j00000015GS7AAM","Patient_Insurance__c":"a1b29000000lvHQAAY","PHP_Admit_Co_Payment (3 more) ...":0.00,"Deductible__c":10000.00,"Deductible_Met__c":0.00,"Max_Out_of_Pocket_Re (10 more) ...":20000.00,"Insurance_Company_is (18 more) ...":false,"Annual_Max_Remaining (3 more) ...":1000000,"Deductible_Remaining (3 more) ...":10000.00,"Detox_Pays_at__c":60.00,"RTC_Pays_at__c":60.00,"PHP_Pays_at__c":60.00,"IOP_Pays_at__c":60.00,"Uncovered_Days_Rate_ (2 more) ...":630.00,"Room_and_Board_Days_ (7 more) ...":2000.00,"Deductible_Included_ (9 more) ...":"Yes","Lifetime_Max__c":1000000.00,"Lifetime_Max_Met__c":0.00,"Annual_Max__c":1000000.00,"Annual_Max_Met__c":0.00,"Max_Out_of_Pocket__c":20000.00,"Max_Out_of_Pocket_Me (4 more) ...":0.00,"RecordType":{"Name":"Out of Network","Id":"012j00000015GS7AAM"},"Patient_Insurance__r":{"Opportunity__c":"00629000004NTeZAAW","Accreditation__c":"State","Insurance_Company__c":"0012900000AXSP3AAP","Id":"a1b29000000lvHQAAY","Insurance_Company__r":{"Name":"Value Options/Beacon (7 more) ...","Id":"0012900000AXSP3AAP","RecordTypeId":"012j00000015GRqAAM"}}}}|0x5d9d94e
07:02:48.0 (46290489)|HEAP_ALLOCATE|[EXTERNAL]|Bytes:12
07:02:48.0 (46315109)|HEAP_ALLOCATE|[263]|Bytes:2996
07:02:48.0 (46456335)|HEAP_ALLOCATE|[263]|Bytes:5
07:02:48.0 (46472557)|HEAP_ALLOCATE|[263]|Bytes:108
07:02:48.0 (46481043)|VARIABLE_SCOPE_BEGIN|[263]|insrncBnftInstance|Insurance_Benefit__c|true|false
07:02:48.0 (46516381)|VARIABLE_ASSIGNMENT|[263]|insrncBnftInstance|{"Id":"a1H29000000pRTUEA2","Name":"Insurance Benefit 75 (2 more) ...","RecordTypeId":"012j00000015GS6AAM","Patient_Insurance__c":"a1b29000000lvHQAAY","PHP_Admit_Co_Payment (3 more) ...":0.00,"Deductible__c":5000.00,"Deductible_Met__c":0.00,"Max_Out_of_Pocket_Re (10 more) ...":10000.00,"Insurance_Company_is (18 more) ...":false,"Annual_Max_Remaining (3 more) ...":1000000,"Deductible_Remaining (3 more) ...":5000.00,"Detox_Pays_at__c":80.00,"RTC_Pays_at__c":80.00,"PHP_Pays_at__c":80.00,"IOP_Pays_at__c":80.00,"Uncovered_Days_Rate_ (2 more) ...":630.00,"Room_and_Board_Days_ (7 more) ...":2000.00,"Deductible_Included_ (9 more) ...":"Yes","Lifetime_Max__c":1000000.00,"Lifetime_Max_Met__c":0.00,"Annual_Max__c":1000000.00,"Annual_Max_Met__c":0.00,"Max_Out_of_Pocket__c":10000.00,"Max_Out_of_Pocket_Me (4 more) ...":0.00,"RecordType":{"Name":"In Network","Id":"012j00000015GS6AAM"},"Patient_Insurance__r":{"Opportunity__c":"00629000004NTeZAAW","Accreditation__c":"State","Insurance_Company__c":"0012900000AXSP3AAP","Id":"a1b29000000lvHQAAY","Insurance_Company__r":{"Name":"Value Options/Beacon (7 more) ...","Id":"0012900000AXSP3AAP","RecordTypeId":"012j00000015GRqAAM"}}}|0x3ef7bad
07:02:48.0 (46535122)|STATEMENT_EXECUTE|[263]
07:02:48.0 (46536963)|STATEMENT_EXECUTE|[264]
07:02:48.0 (46582402)|HEAP_ALLOCATE|[264]|Bytes:18
07:02:48.0 (46631018)|HEAP_ALLOCATE|[264]|Bytes:3
07:02:48.0 (46649871)|HEAP_ALLOCATE|[264]|Bytes:35
07:02:48.0 (46709330)|HEAP_ALLOCATE|[EXTERNAL]|Bytes:4
07:02:48.0 (46723608)|HEAP_ALLOCATE|[263]|Bytes:5
07:02:48.0 (46732632)|HEAP_ALLOCATE|[263]|Bytes:108
07:02:48.0 (46738669)|VARIABLE_SCOPE_BEGIN|[263]|insrncBnftInstance|Insurance_Benefit__c|true|false
07:02:48.0 (46771737)|VARIABLE_ASSIGNMENT|[263]|insrncBnftInstance|{"Id":"a1H29000000pRTZEA2","Name":"Insurance Benefit 75 (2 more) ...","RecordTypeId":"012j00000015GS7AAM","Patient_Insurance__c":"a1b29000000lvHQAAY","PHP_Admit_Co_Payment (3 more) ...":0.00,"Deductible__c":10000.00,"Deductible_Met__c":0.00,"Max_Out_of_Pocket_Re (10 more) ...":20000.00,"Insurance_Company_is (18 more) ...":false,"Annual_Max_Remaining (3 more) ...":1000000,"Deductible_Remaining (3 more) ...":10000.00,"Detox_Pays_at__c":60.00,"RTC_Pays_at__c":60.00,"PHP_Pays_at__c":60.00,"IOP_Pays_at__c":60.00,"Uncovered_Days_Rate_ (2 more) ...":630.00,"Room_and_Board_Days_ (7 more) ...":2000.00,"Deductible_Included_ (9 more) ...":"Yes","Lifetime_Max__c":1000000.00,"Lifetime_Max_Met__c":0.00,"Annual_Max__c":1000000.00,"Annual_Max_Met__c":0.00,"Max_Out_of_Pocket__c":20000.00,"Max_Out_of_Pocket_Me (4 more) ...":0.00,"RecordType":{"Name":"Out of Network","Id":"012j00000015GS7AAM"},"Patient_Insurance__r":{"Opportunity__c":"00629000004NTeZAAW","Accreditation__c":"State","Insurance_Company__c":"0012900000AXSP3AAP","Id":"a1b29000000lvHQAAY","Insurance_Company__r":{"Name":"Value Options/Beacon (7 more) ...","Id":"0012900000AXSP3AAP","RecordTypeId":"012j00000015GRqAAM"}}}|0x67f4a6c9
07:02:48.0 (46788818)|STATEMENT_EXECUTE|[263]
07:02:48.0 (46789942)|STATEMENT_EXECUTE|[264]
07:02:48.0 (46801551)|HEAP_ALLOCATE|[264]|Bytes:18
07:02:48.0 (46817874)|HEAP_ALLOCATE|[264]|Bytes:39
07:02:48.0 (46828206)|HEAP_ALLOCATE|[EXTERNAL]|Bytes:4
07:02:48.0 (46837353)|HEAP_ALLOCATE|[263]|Bytes:5
07:02:48.0 (46846095)|VARIABLE_ASSIGNMENT|[263]|insrncBnftInstance|null|
07:02:48.0 (46942503)|VARIABLE_ASSIGNMENT|[EXTERNAL]|this|{"cmpnyRateAdjstmntMap":"0x1a2a30af","estmtCnrgDaysMap":"0x3d04d6c3","estmtCvrgeDaysObj":"0x2abcc076","faciltyOptions":"0x15f8d749","fcltyPrgmMap":"0x5e9c2211","fcltyPrgrmOptions":"0x45b555cf","idToOwnershipFacilit (4 more) ...":"0x946827f","idToTypeFacilityMap":"0x5a574e81","insrncBnftMap":"0x171cacf8","insrncBnftOptions":"0xa10493e","isIop":false,"isTalbott":false,"meta":"0x37f86779","oppId":"00629000004NTeZ","pawObj":"0x57bb1441","ptntInsrnceOptions":"0x11020235","ptntInsrncMap":"0x19d3f092","ptntInsrncObj":"0xdf37133","quoteObj":"0x6d649f7e","recordId":"00629000004NTeZ","rtAdjstmntOptions":"0x6272978f","showPILookup":false,"sObjectQueryStr":"","wrprObj":"0x3714a494"}|0x5d9d94e
07:02:48.0 (47039289)|VARIABLE_ASSIGNMENT|[EXTERNAL]|this|{"facilitySelected":"001j000000NqKMtAAN","fcltyPrgrmSelected":"a1B290000003SEdEAM","insrncBnft":"0x61f116f","insrncBnftSelected":"a1H29000000pRTUEA2","pawDetailListDisplay (4 more) ...":false,"pyAgrmntWrksht":"0x460f1ee4","rateAdjstmntSelected":"a1I29000000HR5FEAW","relatedPAWDetailsLis (1 more) ...":"0x76d3812e","targetEDR":0.00,"totalAppliedDeductib (2 more) ...":0.00,"totalCoInsurance":0.00,"totalCoPayAmt":0.00,"totalInsCoResp":0.00,"totalInsEIVAmt":0.00,"totalRowCount":20,"totalTalbottDay":0}|0x3714a494
07:02:48.0 (47101312)|VARIABLE_ASSIGNMENT|[EXTERNAL]|this|{"cmpnyRateAdjstmntMap":"0x1a2a30af","estmtCnrgDaysMap":"0x3d04d6c3","estmtCvrgeDaysObj":"0x2abcc076","faciltyOptions":"0x15f8d749","fcltyPrgmMap":"0x5e9c2211","fcltyPrgrmOptions":"0x45b555cf","idToOwnershipFacilit (4 more) ...":"0x946827f","idToTypeFacilityMap":"0x5a574e81","insrncBnftMap":"0x171cacf8","insrncBnftOptions":"0xa10493e","isIop":false,"isTalbott":false,"meta":"0x37f86779","oppId":"00629000004NTeZ","pawObj":"0x57bb1441","ptntInsrnceOptions":"0x11020235","ptntInsrncMap":"0x19d3f092","ptntInsrncObj":"0xdf37133","quoteObj":"0x6d649f7e","recordId":"00629000004NTeZ","rtAdjstmntOptions":"0x6272978f","showPILookup":false,"sObjectQueryStr":"","wrprObj":"0x3714a494"}|0x5d9d94e
07:02:48.0 (47148405)|VARIABLE_ASSIGNMENT|[EXTERNAL]|this|{"facilitySelected":"001j000000NqKMtAAN","fcltyPrgrmSelected":"a1B290000003SEdEAM","insrncBnft":"0x61f116f","insrncBnftSelected":"a1H29000000pRTUEA2","pawDetailListDisplay (4 more) ...":false,"pyAgrmntWrksht":"0x460f1ee4","rateAdjstmntSelected":"a1I29000000HR5FEAW","relatedPAWDetailsLis (1 more) ...":"0x76d3812e","targetEDR":0.00,"totalAppliedDeductib (2 more) ...":0.00,"totalCoInsurance":0.00,"totalCoPayAmt":0.00,"totalInsCoResp":0.00,"totalInsEIVAmt":0.00,"totalRowCount":20,"totalTalbottDay":0}|0x3714a494
07:02:48.0 (47181376)|STATEMENT_EXECUTE|[267]
07:02:48.0 (47182742)|STATEMENT_EXECUTE|[268]
07:02:48.0 (47244268)|VARIABLE_ASSIGNMENT|[EXTERNAL]|this|{"cmpnyRateAdjstmntMap":"0x1a2a30af","estmtCnrgDaysMap":"0x3d04d6c3","estmtCvrgeDaysObj":"0x2abcc076","faciltyOptions":"0x15f8d749","fcltyPrgmMap":"0x5e9c2211","fcltyPrgrmOptions":"0x45b555cf","idToOwnershipFacilit (4 more) ...":"0x946827f","idToTypeFacilityMap":"0x5a574e81","insrncBnftMap":"0x171cacf8","insrncBnftOptions":"0xa10493e","isIop":false,"isTalbott":false,"meta":"0x37f86779","oppId":"00629000004NTeZ","pawObj":"0x57bb1441","ptntInsrnceOptions":"0x11020235","ptntInsrncMap":"0x19d3f092","ptntInsrncObj":"0xdf37133","quoteObj":"0x6d649f7e","recordId":"00629000004NTeZ","rtAdjstmntOptions":"0x6272978f","showPILookup":false,"sObjectQueryStr":"","wrprObj":"0x3714a494"}|0x5d9d94e
07:02:48.0 (47292492)|VARIABLE_ASSIGNMENT|[EXTERNAL]|this|{"facilitySelected":"001j000000NqKMtAAN","fcltyPrgrmSelected":"a1B290000003SEdEAM","insrncBnft":"0x61f116f","insrncBnftSelected":"a1H29000000pRTUEA2","pawDetailListDisplay (4 more) ...":false,"pyAgrmntWrksht":"0x460f1ee4","rateAdjstmntSelected":"a1I29000000HR5FEAW","relatedPAWDetailsLis (1 more) ...":"0x76d3812e","targetEDR":0.00,"totalAppliedDeductib (2 more) ...":0.00,"totalCoInsurance":0.00,"totalCoPayAmt":0.00,"totalInsCoResp":0.00,"totalInsEIVAmt":0.00,"totalRowCount":20,"totalTalbottDay":0}|0x3714a494
07:02:48.0 (47371911)|VARIABLE_ASSIGNMENT|[EXTERNAL]|this|{"cmpnyRateAdjstmntMap":"0x1a2a30af","estmtCnrgDaysMap":"0x3d04d6c3","estmtCvrgeDaysObj":"0x2abcc076","faciltyOptions":"0x15f8d749","fcltyPrgmMap":"0x5e9c2211","fcltyPrgrmOptions":"0x45b555cf","idToOwnershipFacilit (4 more) ...":"0x946827f","idToTypeFacilityMap":"0x5a574e81","insrncBnftMap":"0x171cacf8","insrncBnftOptions":"0xa10493e","isIop":false,"isTalbott":false,"meta":"0x37f86779","oppId":"00629000004NTeZ","pawObj":"0x57bb1441","ptntInsrnceOptions":"0x11020235","ptntInsrncMap":"0x19d3f092","ptntInsrncObj":"0xdf37133","quoteObj":"0x6d649f7e","recordId":"00629000004NTeZ","rtAdjstmntOptions":"0x6272978f","showPILookup":false,"sObjectQueryStr":"","wrprObj":"0x3714a494"}|0x5d9d94e
07:02:48.0 (47422332)|VARIABLE_ASSIGNMENT|[EXTERNAL]|this|{"facilitySelected":"001j000000NqKMtAAN","fcltyPrgrmSelected":"a1B290000003SEdEAM","insrncBnft":"0x61f116f","insrncBnftSelected":"a1H29000000pRTUEA2","pawDetailListDisplay (4 more) ...":false,"pyAgrmntWrksht":"0x460f1ee4","rateAdjstmntSelected":"a1I29000000HR5FEAW","relatedPAWDetailsLis (1 more) ...":"0x76d3812e","targetEDR":0.00,"totalAppliedDeductib (2 more) ...":0.00,"totalCoInsurance":0.00,"totalCoPayAmt":0.00,"totalInsCoResp":0.00,"totalInsEIVAmt":0.00,"totalRowCount":20,"totalTalbottDay":0}|0x3714a494
07:02:48.0 (47459637)|VARIABLE_ASSIGNMENT|[EXTERNAL]|value|{"Id":"a1H29000000pRTUEA2","Name":"Insurance Benefit 75 (2 more) ...","RecordTypeId":"012j00000015GS6AAM","Patient_Insurance__c":"a1b29000000lvHQAAY","PHP_Admit_Co_Payment (3 more) ...":0.00,"Deductible__c":5000.00,"Deductible_Met__c":0.00,"Max_Out_of_Pocket_Re (10 more) ...":10000.00,"Insurance_Company_is (18 more) ...":false,"Annual_Max_Remaining (3 more) ...":1000000,"Deductible_Remaining (3 more) ...":5000.00,"Detox_Pays_at__c":80.00,"RTC_Pays_at__c":80.00,"PHP_Pays_at__c":80.00,"IOP_Pays_at__c":80.00,"Uncovered_Days_Rate_ (2 more) ...":630.00,"Room_and_Board_Days_ (7 more) ...":2000.00,"Deductible_Included_ (9 more) ...":"Yes","Lifetime_Max__c":1000000.00,"Lifetime_Max_Met__c":0.00,"Annual_Max__c":1000000.00,"Annual_Max_Met__c":0.00,"Max_Out_of_Pocket__c":10000.00,"Max_Out_of_Pocket_Me (4 more) ...":0.00,"RecordType":{"Name":"In Network","Id":"012j00000015GS6AAM"},"Patient_Insurance__r":{"Opportunity__c":"00629000004NTeZAAW","Accreditation__c":"State","Insurance_Company__c":"0012900000AXSP3AAP","Id":"a1b29000000lvHQAAY","Insurance_Company__r":{"Name":"Value Options/Beacon (7 more) ...","Id":"0012900000AXSP3AAP","RecordTypeId":"012j00000015GRqAAM"}}}|0x3ef7bad
07:02:48.0 (47502164)|VARIABLE_ASSIGNMENT|[524]|this.insrncBnft|{"Id":"a1H29000000pRTUEA2","Name":"Insurance Benefit 75 (2 more) ...","RecordTypeId":"012j00000015GS6AAM","Patient_Insurance__c":"a1b29000000lvHQAAY","PHP_Admit_Co_Payment (3 more) ...":0.00,"Deductible__c":5000.00,"Deductible_Met__c":0.00,"Max_Out_of_Pocket_Re (10 more) ...":10000.00,"Insurance_Company_is (18 more) ...":false,"Annual_Max_Remaining (3 more) ...":1000000,"Deductible_Remaining (3 more) ...":5000.00,"Detox_Pays_at__c":80.00,"RTC_Pays_at__c":80.00,"PHP_Pays_at__c":80.00,"IOP_Pays_at__c":80.00,"Uncovered_Days_Rate_ (2 more) ...":630.00,"Room_and_Board_Days_ (7 more) ...":2000.00,"Deductible_Included_ (9 more) ...":"Yes","Lifetime_Max__c":1000000.00,"Lifetime_Max_Met__c":0.00,"Annual_Max__c":1000000.00,"Annual_Max_Met__c":0.00,"Max_Out_of_Pocket__c":10000.00,"Max_Out_of_Pocket_Me (4 more) ...":0.00,"RecordType":{"Name":"In Network","Id":"012j00000015GS6AAM"},"Patient_Insurance__r":{"Opportunity__c":"00629000004NTeZAAW","Accreditation__c":"State","Insurance_Company__c":"0012900000AXSP3AAP","Id":"a1b29000000lvHQAAY","Insurance_Company__r":{"Name":"Value Options/Beacon (7 more) ...","Id":"0012900000AXSP3AAP","RecordTypeId":"012j00000015GRqAAM"}}}|0x3714a494
07:02:48.0 (47522118)|STATEMENT_EXECUTE|[272]
07:02:48.0 (48077375)|SYSTEM_MODE_ENTER|true
07:02:48.0 (48220872)|SYSTEM_MODE_ENTER|true
07:02:48.0 (48252909)|HEAP_ALLOCATE|[EXTERNAL]|Bytes:112
07:02:48.0 (48260884)|VARIABLE_SCOPE_BEGIN|[379]|this|PAW_New_EditCntrllr|true|false
07:02:48.0 (48321158)|VARIABLE_ASSIGNMENT|[379]|this|{"cmpnyRateAdjstmntMap":"0x1a2a30af","estmtCnrgDaysMap":"0x3d04d6c3","estmtCvrgeDaysObj":"0x2abcc076","faciltyOptions":"0x15f8d749","fcltyPrgmMap":"0x5e9c2211","fcltyPrgrmOptions":"0x45b555cf","idToOwnershipFacilit (4 more) ...":"0x946827f","idToTypeFacilityMap":"0x5a574e81","insrncBnftMap":"0x171cacf8","insrncBnftOptions":"0xa10493e","isIop":false,"isTalbott":false,"meta":"0x37f86779","oppId":"00629000004NTeZ","pawObj":"0x57bb1441","ptntInsrnceOptions":"0x11020235","ptntInsrncMap":"0x19d3f092","ptntInsrncObj":"0xdf37133","quoteObj":"0x6d649f7e","recordId":"00629000004NTeZ","rtAdjstmntOptions":"0x6272978f","showPILookup":false,"sObjectQueryStr":"","wrprObj":"0x3714a494"}|0x5d9d94e
07:02:48.0 (48336958)|STATEMENT_EXECUTE|[379]
07:02:48.0 (48338692)|STATEMENT_EXECUTE|[380]
07:02:48.0 (48349014)|HEAP_ALLOCATE|[380]|Bytes:4
07:02:48.0 (48396488)|HEAP_ALLOCATE|[EXTERNAL]|Bytes:4
07:02:48.0 (48406034)|VARIABLE_ASSIGNMENT|[380]|this.rtAdjstmntOptions|[]|0x5d9d94e
07:02:48.0 (48410686)|STATEMENT_EXECUTE|[381]
07:02:48.0 (48416732)|HEAP_ALLOCATE|[381]|Bytes:8
07:02:48.0 (48456520)|HEAP_ALLOCATE|[EXTERNAL]|Bytes:4
07:02:48.0 (48522460)|VARIABLE_ASSIGNMENT|[EXTERNAL]|this|{"cmpnyRateAdjstmntMap":"0x1a2a30af","estmtCnrgDaysMap":"0x3d04d6c3","estmtCvrgeDaysObj":"0x2abcc076","faciltyOptions":"0x15f8d749","fcltyPrgmMap":"0x5e9c2211","fcltyPrgrmOptions":"0x45b555cf","idToOwnershipFacilit (4 more) ...":"0x946827f","idToTypeFacilityMap":"0x5a574e81","insrncBnftMap":"0x171cacf8","insrncBnftOptions":"0xa10493e","isIop":false,"isTalbott":false,"meta":"0x37f86779","oppId":"00629000004NTeZ","pawObj":"0x57bb1441","ptntInsrnceOptions":"0x11020235","ptntInsrncMap":"0x19d3f092","ptntInsrncObj":"0xdf37133","quoteObj":"0x6d649f7e","recordId":"00629000004NTeZ","rtAdjstmntOptions":"0x4fc8c637","showPILookup":false,"sObjectQueryStr":"","wrprObj":"0x3714a494"}|0x5d9d94e
07:02:48.0 (48578871)|VARIABLE_ASSIGNMENT|[EXTERNAL]|this|{"facilitySelected":"001j000000NqKMtAAN","fcltyPrgrmSelected":"a1B290000003SEdEAM","insrncBnft":"0x3ef7bad","insrncBnftSelected":"a1H29000000pRTUEA2","pawDetailListDisplay (4 more) ...":false,"pyAgrmntWrksht":"0x460f1ee4","rateAdjstmntSelected":"a1I29000000HR5FEAW","relatedPAWDetailsLis (1 more) ...":"0x76d3812e","targetEDR":0.00,"totalAppliedDeductib (2 more) ...":0.00,"totalCoInsurance":0.00,"totalCoPayAmt":0.00,"totalInsCoResp":0.00,"totalInsEIVAmt":0.00,"totalRowCount":20,"totalTalbottDay":0}|0x3714a494
07:02:48.0 (48635957)|VARIABLE_ASSIGNMENT|[EXTERNAL]|this|{"cmpnyRateAdjstmntMap":"0x1a2a30af","estmtCnrgDaysMap":"0x3d04d6c3","estmtCvrgeDaysObj":"0x2abcc076","faciltyOptions":"0x15f8d749","fcltyPrgmMap":"0x5e9c2211","fcltyPrgrmOptions":"0x45b555cf","idToOwnershipFacilit (4 more) ...":"0x946827f","idToTypeFacilityMap":"0x5a574e81","insrncBnftMap":"0x171cacf8","insrncBnftOptions":"0xa10493e","isIop":false,"isTalbott":false,"meta":"0x37f86779","oppId":"00629000004NTeZ","pawObj":"0x57bb1441","ptntInsrnceOptions":"0x11020235","ptntInsrncMap":"0x19d3f092","ptntInsrncObj":"0xdf37133","quoteObj":"0x6d649f7e","recordId":"00629000004NTeZ","rtAdjstmntOptions":"0x4fc8c637","showPILookup":false,"sObjectQueryStr":"","wrprObj":"0x3714a494"}|0x5d9d94e
07:02:48.0 (48681124)|VARIABLE_ASSIGNMENT|[EXTERNAL]|this|{"facilitySelected":"001j000000NqKMtAAN","fcltyPrgrmSelected":"a1B290000003SEdEAM","insrncBnft":"0x3ef7bad","insrncBnftSelected":"a1H29000000pRTUEA2","pawDetailListDisplay (4 more) ...":false,"pyAgrmntWrksht":"0x460f1ee4","rateAdjstmntSelected":"a1I29000000HR5FEAW","relatedPAWDetailsLis (1 more) ...":"0x76d3812e","targetEDR":0.00,"totalAppliedDeductib (2 more) ...":0.00,"totalCoInsurance":0.00,"totalCoPayAmt":0.00,"totalInsCoResp":0.00,"totalInsEIVAmt":0.00,"totalRowCount":20,"totalTalbottDay":0}|0x3714a494
07:02:48.0 (48743889)|VARIABLE_ASSIGNMENT|[EXTERNAL]|this|{"cmpnyRateAdjstmntMap":"0x1a2a30af","estmtCnrgDaysMap":"0x3d04d6c3","estmtCvrgeDaysObj":"0x2abcc076","faciltyOptions":"0x15f8d749","fcltyPrgmMap":"0x5e9c2211","fcltyPrgrmOptions":"0x45b555cf","idToOwnershipFacilit (4 more) ...":"0x946827f","idToTypeFacilityMap":"0x5a574e81","insrncBnftMap":"0x171cacf8","insrncBnftOptions":"0xa10493e","isIop":false,"isTalbott":false,"meta":"0x37f86779","oppId":"00629000004NTeZ","pawObj":"0x57bb1441","ptntInsrnceOptions":"0x11020235","ptntInsrncMap":"0x19d3f092","ptntInsrncObj":"0xdf37133","quoteObj":"0x6d649f7e","recordId":"00629000004NTeZ","rtAdjstmntOptions":"0x4fc8c637","showPILookup":false,"sObjectQueryStr":"","wrprObj":"0x3714a494"}|0x5d9d94e
07:02:48.0 (48758724)|STATEMENT_EXECUTE|[382]
07:02:48.0 (48760036)|STATEMENT_EXECUTE|[383]
07:02:48.0 (48790303)|HEAP_ALLOCATE|[383]|Bytes:4
07:02:48.0 (48796068)|HEAP_ALLOCATE|[383]|Bytes:287
07:02:48.0 (48805937)|HEAP_ALLOCATE|[383]|Bytes:4
07:02:48.0 (48865668)|VARIABLE_ASSIGNMENT|[EXTERNAL]|this|{"cmpnyRateAdjstmntMap":"0x1a2a30af","estmtCnrgDaysMap":"0x3d04d6c3","estmtCvrgeDaysObj":"0x2abcc076","faciltyOptions":"0x15f8d749","fcltyPrgmMap":"0x5e9c2211","fcltyPrgrmOptions":"0x45b555cf","idToOwnershipFacilit (4 more) ...":"0x946827f","idToTypeFacilityMap":"0x5a574e81","insrncBnftMap":"0x171cacf8","insrncBnftOptions":"0xa10493e","isIop":false,"isTalbott":false,"meta":"0x37f86779","oppId":"00629000004NTeZ","pawObj":"0x57bb1441","ptntInsrnceOptions":"0x11020235","ptntInsrncMap":"0x19d3f092","ptntInsrncObj":"0xdf37133","quoteObj":"0x6d649f7e","recordId":"00629000004NTeZ","rtAdjstmntOptions":"0x4fc8c637","showPILookup":false,"sObjectQueryStr":"","wrprObj":"0x3714a494"}|0x5d9d94e
07:02:48.0 (48909214)|HEAP_ALLOCATE|[383]|Bytes:7
07:02:48.0 (48964160)|VARIABLE_ASSIGNMENT|[EXTERNAL]|this|{"cmpnyRateAdjstmntMap":"0x1a2a30af","estmtCnrgDaysMap":"0x3d04d6c3","estmtCvrgeDaysObj":"0x2abcc076","faciltyOptions":"0x15f8d749","fcltyPrgmMap":"0x5e9c2211","fcltyPrgrmOptions":"0x45b555cf","idToOwnershipFacilit (4 more) ...":"0x946827f","idToTypeFacilityMap":"0x5a574e81","insrncBnftMap":"0x171cacf8","insrncBnftOptions":"0xa10493e","isIop":false,"isTalbott":false,"meta":"0x37f86779","oppId":"00629000004NTeZ","pawObj":"0x57bb1441","ptntInsrnceOptions":"0x11020235","ptntInsrncMap":"0x19d3f092","ptntInsrncObj":"0xdf37133","quoteObj":"0x6d649f7e","recordId":"00629000004NTeZ","rtAdjstmntOptions":"0x4fc8c637","showPILookup":false,"sObjectQueryStr":"","wrprObj":"0x3714a494"}|0x5d9d94e
07:02:48.0 (49011118)|VARIABLE_ASSIGNMENT|[EXTERNAL]|this|{"facilitySelected":"001j000000NqKMtAAN","fcltyPrgrmSelected":"a1B290000003SEdEAM","insrncBnft":"0x3ef7bad","insrncBnftSelected":"a1H29000000pRTUEA2","pawDetailListDisplay (4 more) ...":false,"pyAgrmntWrksht":"0x460f1ee4","rateAdjstmntSelected":"a1I29000000HR5FEAW","relatedPAWDetailsLis (1 more) ...":"0x76d3812e","targetEDR":0.00,"totalAppliedDeductib (2 more) ...":0.00,"totalCoInsurance":0.00,"totalCoPayAmt":0.00,"totalInsCoResp":0.00,"totalInsEIVAmt":0.00,"totalRowCount":20,"totalTalbottDay":0}|0x3714a494
07:02:48.0 (49970585)|SOQL_EXECUTE_BEGIN|[383]|Aggregations:0|SELECT Id, Name, Type__c, Rate_Adjustment__c, In_Network_Rate_Adjustment__c, Out_of_Network_Rate_Adjustment__c, Active_Date__c, Term_Date__c FROM Insurance_Company_Rate_Adjustment__c WHERE (Insurance_Company__c = :tmpVar1 AND FRN_Facility__c = :tmpVar2) ORDER BY Type__c DESC NULLS FIRST
07:02:48.0 (55664339)|SOQL_EXECUTE_END|[383]|Rows:2
07:02:48.0 (55682219)|HEAP_ALLOCATE|[383]|Bytes:12
07:02:48.0 (55700452)|HEAP_ALLOCATE|[383]|Bytes:319
07:02:48.0 (55743036)|HEAP_ALLOCATE|[383]|Bytes:12
07:02:48.0 (55768327)|HEAP_ALLOCATE|[383]|Bytes:24
07:02:48.0 (55777990)|HEAP_ALLOCATE|[383]|Bytes:4
07:02:48.0 (55782434)|HEAP_ALLOCATE|[383]|Bytes:24
07:02:48.0 (55786261)|HEAP_ALLOCATE|[383]|Bytes:4
07:02:48.0 (55832985)|VARIABLE_ASSIGNMENT|[383]|this.cmpnyRateAdjstmntMap|{"a1I29000000HR5FEAW":{"Id":"a1I29000000HR5FEAW","Name":"Ins Co Rate Adjstmt  (5 more) ...","Type__c":"Contracted","Rate_Adjustment__c":3.00,"Active_Date__c":"2017-02-24T00:00:00.000Z"},"a1I29000000HR5EEAW":{"Id":"a1I29000000HR5EEAW","Name":"Ins Co Rate Adjstmt  (5 more) ...","Type__c":"OON","Rate_Adjustment__c":15.00,"Active_Date__c":"2017-02-24T00:00:00.000Z"}}|0x5d9d94e
07:02:48.0 (55869078)|HEAP_ALLOCATE|[EXTERNAL]|Bytes:12
07:02:48.0 (55878510)|HEAP_ALLOCATE|[395]|Bytes:329
07:02:48.0 (55969677)|HEAP_ALLOCATE|[395]|Bytes:5
07:02:48.0 (55981511)|HEAP_ALLOCATE|[395]|Bytes:24
07:02:48.0 (55988452)|VARIABLE_SCOPE_BEGIN|[395]|rateAdjstmntInstance|Insurance_Company_Rate_Adjustment__c|true|false
07:02:48.0 (56008531)|VARIABLE_ASSIGNMENT|[395]|rateAdjstmntInstance|{"Id":"a1I29000000HR5FEAW","Name":"Ins Co Rate Adjstmt  (5 more) ...","Type__c":"Contracted","Rate_Adjustment__c":3.00,"Active_Date__c":"2017-02-24T00:00:00.000Z"}|0x76929465
07:02:48.0 (56015909)|STATEMENT_EXECUTE|[395]
07:02:48.0 (56062905)|METHOD_ENTRY|[396]|01p0a000004sKzV|PAW_New_EditCntrllr.checkIfActive(Insurance_Company_Rate_Adjustment__c)
07:02:48.0 (56082357)|VARIABLE_SCOPE_BEGIN|[495]|this|PAW_New_EditCntrllr|true|false
07:02:48.0 (56146641)|VARIABLE_ASSIGNMENT|[495]|this|{"cmpnyRateAdjstmntMap":"0x4f52a528","estmtCnrgDaysMap":"0x3d04d6c3","estmtCvrgeDaysObj":"0x2abcc076","faciltyOptions":"0x15f8d749","fcltyPrgmMap":"0x5e9c2211","fcltyPrgrmOptions":"0x45b555cf","idToOwnershipFacilit (4 more) ...":"0x946827f","idToTypeFacilityMap":"0x5a574e81","insrncBnftMap":"0x171cacf8","insrncBnftOptions":"0xa10493e","isIop":false,"isTalbott":false,"meta":"0x37f86779","oppId":"00629000004NTeZ","pawObj":"0x57bb1441","ptntInsrnceOptions":"0x11020235","ptntInsrncMap":"0x19d3f092","ptntInsrncObj":"0xdf37133","quoteObj":"0x6d649f7e","recordId":"00629000004NTeZ","rtAdjstmntOptions":"0x4fc8c637","showPILookup":false,"sObjectQueryStr":"","wrprObj":"0x3714a494"}|0x5d9d94e
07:02:48.0 (56162748)|VARIABLE_SCOPE_BEGIN|[495]|pInsRateAdjustmentOnj|Insurance_Company_Rate_Adjustment__c|true|false
07:02:48.0 (56180436)|VARIABLE_ASSIGNMENT|[495]|pInsRateAdjustmentOnj|{"Id":"a1I29000000HR5FEAW","Name":"Ins Co Rate Adjstmt  (5 more) ...","Type__c":"Contracted","Rate_Adjustment__c":3.00,"Active_Date__c":"2017-02-24T00:00:00.000Z"}|0x76929465
07:02:48.0 (56189043)|STATEMENT_EXECUTE|[495]
07:02:48.0 (56190440)|STATEMENT_EXECUTE|[496]
07:02:48.0 (56224570)|HEAP_ALLOCATE|[496]|Bytes:4
07:02:48.0 (56242922)|VARIABLE_SCOPE_BEGIN|[496]|todayDate|Date|false|false
07:02:48.0 (56256127)|VARIABLE_ASSIGNMENT|[496]|todayDate|"2018-01-17T00:00:00.000Z"
07:02:48.0 (56277349)|STATEMENT_EXECUTE|[497]
07:02:48.0 (56278559)|STATEMENT_EXECUTE|[498]
07:02:48.0 (56284801)|VARIABLE_SCOPE_BEGIN|[498]|endDate|Date|false|false
07:02:48.0 (56296521)|VARIABLE_ASSIGNMENT|[498]|endDate|"2018-01-17T00:00:00.000Z"
07:02:48.0 (56348189)|STATEMENT_EXECUTE|[499]
07:02:48.0 (56349781)|STATEMENT_EXECUTE|[500]
07:02:48.0 (56354175)|METHOD_EXIT|[396]|01p0a000004sKzV|PAW_New_EditCntrllr.checkIfActive(Insurance_Company_Rate_Adjustment__c)
07:02:48.0 (56360182)|STATEMENT_EXECUTE|[397]
07:02:48.0 (56381633)|HEAP_ALLOCATE|[397]|Bytes:18
07:02:48.0 (56421104)|HEAP_ALLOCATE|[EXTERNAL]|Bytes:4
07:02:48.0 (56434701)|HEAP_ALLOCATE|[395]|Bytes:5
07:02:48.0 (56444154)|HEAP_ALLOCATE|[395]|Bytes:24
07:02:48.0 (56450127)|VARIABLE_SCOPE_BEGIN|[395]|rateAdjstmntInstance|Insurance_Company_Rate_Adjustment__c|true|false
07:02:48.0 (56468963)|VARIABLE_ASSIGNMENT|[395]|rateAdjstmntInstance|{"Id":"a1I29000000HR5EEAW","Name":"Ins Co Rate Adjstmt  (5 more) ...","Type__c":"OON","Rate_Adjustment__c":15.00,"Active_Date__c":"2017-02-24T00:00:00.000Z"}|0x7039133c
07:02:48.0 (56474987)|STATEMENT_EXECUTE|[395]
07:02:48.0 (56485239)|METHOD_ENTRY|[396]|01p0a000004sKzV|PAW_New_EditCntrllr.checkIfActive(Insurance_Company_Rate_Adjustment__c)
07:02:48.0 (56490548)|VARIABLE_SCOPE_BEGIN|[495]|this|PAW_New_EditCntrllr|true|false
07:02:48.0 (56551417)|VARIABLE_ASSIGNMENT|[495]|this|{"cmpnyRateAdjstmntMap":"0x4f52a528","estmtCnrgDaysMap":"0x3d04d6c3","estmtCvrgeDaysObj":"0x2abcc076","faciltyOptions":"0x15f8d749","fcltyPrgmMap":"0x5e9c2211","fcltyPrgrmOptions":"0x45b555cf","idToOwnershipFacilit (4 more) ...":"0x946827f","idToTypeFacilityMap":"0x5a574e81","insrncBnftMap":"0x171cacf8","insrncBnftOptions":"0xa10493e","isIop":false,"isTalbott":false,"meta":"0x37f86779","oppId":"00629000004NTeZ","pawObj":"0x57bb1441","ptntInsrnceOptions":"0x11020235","ptntInsrncMap":"0x19d3f092","ptntInsrncObj":"0xdf37133","quoteObj":"0x6d649f7e","recordId":"00629000004NTeZ","rtAdjstmntOptions":"0x4fc8c637","showPILookup":false,"sObjectQueryStr":"","wrprObj":"0x3714a494"}|0x5d9d94e
07:02:48.0 (56562959)|VARIABLE_SCOPE_BEGIN|[495]|pInsRateAdjustmentOnj|Insurance_Company_Rate_Adjustment__c|true|false
07:02:48.0 (56576800)|VARIABLE_ASSIGNMENT|[495]|pInsRateAdjustmentOnj|{"Id":"a1I29000000HR5EEAW","Name":"Ins Co Rate Adjstmt  (5 more) ...","Type__c":"OON","Rate_Adjustment__c":15.00,"Active_Date__c":"2017-02-24T00:00:00.000Z"}|0x7039133c
07:02:48.0 (56583475)|STATEMENT_EXECUTE|[495]
07:02:48.0 (56584458)|STATEMENT_EXECUTE|[496]
07:02:48.0 (56594026)|HEAP_ALLOCATE|[496]|Bytes:4
07:02:48.0 (56605312)|VARIABLE_SCOPE_BEGIN|[496]|todayDate|Date|false|false
07:02:48.0 (56616826)|VARIABLE_ASSIGNMENT|[496]|todayDate|"2018-01-17T00:00:00.000Z"
07:02:48.0 (56623346)|STATEMENT_EXECUTE|[497]
07:02:48.0 (56624339)|STATEMENT_EXECUTE|[498]
07:02:48.0 (56628710)|VARIABLE_SCOPE_BEGIN|[498]|endDate|Date|false|false
07:02:48.0 (56637974)|VARIABLE_ASSIGNMENT|[498]|endDate|"2018-01-17T00:00:00.000Z"
07:02:48.0 (56655700)|STATEMENT_EXECUTE|[499]
07:02:48.0 (56656785)|STATEMENT_EXECUTE|[500]
07:02:48.0 (56660243)|METHOD_EXIT|[396]|01p0a000004sKzV|PAW_New_EditCntrllr.checkIfActive(Insurance_Company_Rate_Adjustment__c)
07:02:48.0 (56664723)|STATEMENT_EXECUTE|[397]
07:02:48.0 (56671275)|HEAP_ALLOCATE|[397]|Bytes:18
07:02:48.0 (56682329)|HEAP_ALLOCATE|[EXTERNAL]|Bytes:4
07:02:48.0 (56692888)|HEAP_ALLOCATE|[395]|Bytes:5
07:02:48.0 (56701822)|VARIABLE_ASSIGNMENT|[395]|rateAdjstmntInstance|null|
07:02:48.0 (56705882)|STATEMENT_EXECUTE|[400]
07:02:48.0 (57183067)|SYSTEM_MODE_ENTER|true
07:02:48.62 (62452696)|SYSTEM_MODE_ENTER|true
07:02:48.62 (62504165)|HEAP_ALLOCATE|[EXTERNAL]|Bytes:8
07:02:48.62 (62512795)|VARIABLE_SCOPE_BEGIN|[88]|this|ApexPage.PageMessagesComponentController|true|false
07:02:48.62 (62533854)|VARIABLE_ASSIGNMENT|[88]|this|{}|0x47cb64b6
07:02:48.62 (62540214)|VARIABLE_SCOPE_BEGIN|[88]|escape|Boolean|false|false
07:02:48.62 (62546028)|VARIABLE_ASSIGNMENT|[88]|escape|null
07:02:48.0 (62829761)|HEAP_ALLOCATE|[EXTERNAL]|Bytes:18
07:02:48.0 (62836394)|HEAP_ALLOCATE|[EXTERNAL]|Bytes:84
07:02:48.0 (62845665)|VARIABLE_ASSIGNMENT|[EXTERNAL]|this.insrncBnftSelected|"a1H29000000pRTUEA2"|0x3714a494
07:02:48.0 (62888457)|HEAP_ALLOCATE|[EXTERNAL]|Bytes:18
07:02:48.0 (62892167)|HEAP_ALLOCATE|[EXTERNAL]|Bytes:84
07:02:48.0 (62897471)|VARIABLE_ASSIGNMENT|[EXTERNAL]|this.facilitySelected|"001j000000NqKMtAAN"|0x3714a494
07:02:48.0 (62974304)|HEAP_ALLOCATE|[EXTERNAL]|Bytes:18
07:02:48.0 (62978707)|HEAP_ALLOCATE|[EXTERNAL]|Bytes:84
07:02:48.0 (62984923)|VARIABLE_ASSIGNMENT|[EXTERNAL]|this.rateAdjstmntSelected|"a1I29000000HR5FEAW"|0x3714a494
07:02:48.0 (63023830)|HEAP_ALLOCATE|[EXTERNAL]|Bytes:18
07:02:48.0 (63027867)|HEAP_ALLOCATE|[EXTERNAL]|Bytes:84
07:02:48.0 (63036788)|VARIABLE_ASSIGNMENT|[EXTERNAL]|this.fcltyPrgrmSelected|"a1B290000003SEdEAM"|0x3714a494
07:02:48.77 (77636887)|SYSTEM_MODE_ENTER|true
07:02:48.77 (77684962)|HEAP_ALLOCATE|[EXTERNAL]|Bytes:8
07:02:48.77 (77692572)|VARIABLE_SCOPE_BEGIN|[88]|this|ApexPage.PageMessagesComponentController|true|false
07:02:48.77 (77713511)|VARIABLE_ASSIGNMENT|[88]|this|{}|0x47cb64b6
07:02:48.77 (77719180)|VARIABLE_SCOPE_BEGIN|[88]|escape|Boolean|false|false
07:02:48.77 (77725237)|VARIABLE_ASSIGNMENT|[88]|escape|null
07:02:48.77 (77812872)|SYSTEM_MODE_ENTER|true
07:02:48.77 (77838264)|HEAP_ALLOCATE|[EXTERNAL]|Bytes:8
07:02:48.77 (77844023)|VARIABLE_SCOPE_BEGIN|[2]|this|ApexPage.PageMessagesComponentController|true|false
07:02:48.77 (77858403)|VARIABLE_ASSIGNMENT|[2]|this|{}|0x47cb64b6
07:02:48.0 (78247357)|SYSTEM_MODE_ENTER|true
07:02:48.0 (78334364)|SYSTEM_MODE_ENTER|true
07:02:48.0 (78553940)|SYSTEM_MODE_ENTER|true
07:02:48.0 (80911492)|SYSTEM_MODE_ENTER|true
07:02:48.0 (80957140)|SYSTEM_MODE_ENTER|true
07:02:48.0 (88963451)|VF_SERIALIZE_VIEWSTATE_BEGIN|0660a0000009uTC
07:02:48.0 (96327013)|VF_SERIALIZE_VIEWSTATE_END
07:02:48.101 (101767239)|CUMULATIVE_LIMIT_USAGE
07:02:48.101 (101767239)|LIMIT_USAGE_FOR_NS|(default)|
  Number of SOQL queries: 2 out of 100
  Number of query rows: 4 out of 50000
  Number of SOSL queries: 0 out of 20
  Number of DML statements: 0 out of 150
  Number of DML rows: 0 out of 10000
  Maximum CPU time: 0 out of 10000
  Maximum heap size: 0 out of 6000000
  Number of callouts: 0 out of 100
  Number of Email Invocations: 0 out of 10
  Number of future calls: 0 out of 50
  Number of queueable jobs added to the queue: 0 out of 50
  Number of Mobile Apex push calls: 0 out of 10

07:02:48.101 (101767239)|CUMULATIVE_LIMIT_USAGE_END

07:02:48.0 (101804222)|CODE_UNIT_FINISHED|VF: /apex/PAW_New_Edit
07:02:48.0 (102558903)|EXECUTION_FINISHED
