37.0 APEX_CODE,FINEST;APEX_PROFILING,INFO;CALLOUT,INFO;DB,INFO;SYSTEM,DEBUG;VALIDATION,INFO;VISUALFORCE,INFO;WAVE,INFO;WORKFLOW,FINER
07:45:14.0 (62278)|USER_INFO|[EXTERNAL]|00529000000zYiy|bhakti.gujrathi@eternussolutions.com.frnstgng|Central Standard Time|GMT-06:00
07:45:14.0 (103197)|EXECUTION_STARTED
07:45:14.0 (107086)|CODE_UNIT_STARTED|[EXTERNAL]|0660a0000009uTC|VF: /apex/PAW_New_Edit
07:45:14.0 (350462)|VF_DESERIALIZE_VIEWSTATE_BEGIN|0660a0000009uTC
07:45:14.0 (4709486)|HEAP_ALLOCATE|[72]|Bytes:3
07:45:14.0 (4762474)|HEAP_ALLOCATE|[77]|Bytes:152
07:45:14.0 (4792172)|HEAP_ALLOCATE|[342]|Bytes:408
07:45:14.0 (4822572)|HEAP_ALLOCATE|[355]|Bytes:408
07:45:14.0 (4851495)|HEAP_ALLOCATE|[467]|Bytes:48
07:45:14.0 (4897769)|HEAP_ALLOCATE|[139]|Bytes:6
07:45:14.0 (4942921)|HEAP_ALLOCATE|[50]|Bytes:5
07:45:14.0 (4977283)|HEAP_ALLOCATE|[56]|Bytes:5
07:45:14.0 (4998160)|HEAP_ALLOCATE|[64]|Bytes:7
07:45:14.0 (9048276)|VARIABLE_SCOPE_BEGIN|[35]|PAW_New_EditCntrllr.globalSchemaMap|Map<String,Schema.SObjectType>|true|true
07:45:14.0 (9064766)|VARIABLE_SCOPE_BEGIN|[3]|PAW_New_EditCntrllr.yearEndMode|Boolean|false|true
07:45:14.0 (14620897)|VF_DESERIALIZE_VIEWSTATE_END
07:45:14.15 (15711964)|SYSTEM_MODE_ENTER|true
07:45:14.15 (15782608)|HEAP_ALLOCATE|[EXTERNAL]|Bytes:38
07:45:14.15 (15794795)|HEAP_ALLOCATE|[EXTERNAL]|Bytes:7
07:45:14.15 (15805272)|SYSTEM_METHOD_ENTRY|[1]|PageMessagesComponentController.PageMessagesComponentController()
07:45:14.15 (15811808)|STATEMENT_EXECUTE|[1]
07:45:14.16 (16768807)|SYSTEM_MODE_ENTER|true
07:45:14.16 (16834264)|HEAP_ALLOCATE|[EXTERNAL]|Bytes:8
07:45:14.16 (16844108)|VARIABLE_SCOPE_BEGIN|[88]|this|ApexPage.PageMessagesComponentController|true|false
07:45:14.16 (16891327)|VARIABLE_ASSIGNMENT|[88]|this|{}|0x798255a5
07:45:14.16 (16899615)|VARIABLE_SCOPE_BEGIN|[88]|escape|Boolean|false|false
07:45:14.16 (16908173)|VARIABLE_ASSIGNMENT|[88]|escape|null
07:45:14.0 (17147644)|SYSTEM_MODE_ENTER|true
07:45:14.0 (17180121)|HEAP_ALLOCATE|[EXTERNAL]|Bytes:11
07:45:14.0 (17191881)|HEAP_ALLOCATE|[EXTERNAL]|Bytes:304
07:45:14.0 (17197255)|HEAP_ALLOCATE|[EXTERNAL]|Bytes:98
07:45:14.0 (17201812)|HEAP_ALLOCATE|[EXTERNAL]|Bytes:14
07:45:14.0 (17213994)|METHOD_ENTRY|[1]|01p0a000004sKzV|PAW_New_EditCntrllr.PAW_New_EditCntrllr()
07:45:14.0 (17220031)|STATEMENT_EXECUTE|[1]
07:45:14.0 (17224327)|STATEMENT_EXECUTE|[1]
07:45:14.0 (17225493)|STATEMENT_EXECUTE|[3]
07:45:14.0 (17324854)|VARIABLE_SCOPE_BEGIN|[3]|PAW_YearEnd_Config.setting|Year_End_PAW_Settings__c|true|true
07:45:14.0 (17342240)|HEAP_ALLOCATE|[3]|Bytes:1
07:45:14.0 (17350233)|HEAP_ALLOCATE|[3]|Bytes:1
07:45:14.0 (17398307)|METHOD_ENTRY|[1]|01p29000000Aswf|PAW_YearEnd_Config.PAW_YearEnd_Config()
07:45:14.0 (17405710)|STATEMENT_EXECUTE|[1]
07:45:14.0 (17408290)|STATEMENT_EXECUTE|[1]
07:45:14.0 (17427169)|SYSTEM_MODE_ENTER|false
07:45:14.0 (17435559)|HEAP_ALLOCATE|[3]|Bytes:5
07:45:14.0 (17442949)|SYSTEM_MODE_EXIT|false
07:45:14.0 (17450693)|METHOD_EXIT|[1]|PAW_YearEnd_Config
07:45:14.0 (17462048)|METHOD_ENTRY|[3]|01p29000000Aswf|PAW_YearEnd_Config.fetch()
07:45:14.0 (17500830)|SYSTEM_MODE_ENTER|false
07:45:14.0 (17509245)|HEAP_ALLOCATE|[6]|Bytes:5
07:45:14.0 (17515302)|STATEMENT_EXECUTE|[5]
07:45:14.0 (17518943)|STATEMENT_EXECUTE|[7]
07:45:14.0 (18484430)|HEAP_ALLOCATE|[7]|Bytes:20
07:45:14.0 (18532669)|VARIABLE_ASSIGNMENT|[7]|PAW_YearEnd_Config.setting|{"IsDeleted":false,"Name":"Year End PAW Setting (11 more) ...","SetupOwnerId":"00529000000zYiyAAE","Year_End_Mode_Enable (4 more) ...":false}|0x10626de6
07:45:14.0 (18542556)|STATEMENT_EXECUTE|[9]
07:45:14.0 (18547091)|HEAP_ALLOCATE|[9]|Bytes:14
07:45:14.0 (18721703)|HEAP_ALLOCATE|[9]|Bytes:145
07:45:14.0 (18754242)|HEAP_ALLOCATE|[9]|Bytes:159
07:45:14.0 (18781352)|USER_DEBUG|[9]|DEBUG|>>> setting : Year_End_PAW_Settings__c:{IsDeleted=false, Name=Year End PAW Settings (Profile), SetupOwnerId=00529000000zYiyAAE, Year_End_Mode_Enabled__c=false}
07:45:14.0 (18792282)|STATEMENT_EXECUTE|[10]
07:45:14.0 (18798621)|SYSTEM_MODE_EXIT|false
07:45:14.0 (18808174)|METHOD_EXIT|[3]|01p29000000Aswf|PAW_YearEnd_Config.fetch()
07:45:14.0 (18849758)|VARIABLE_ASSIGNMENT|[3]|PAW_New_EditCntrllr.yearEndMode|false
07:45:14.0 (18856439)|STATEMENT_EXECUTE|[523]
07:45:14.0 (18861810)|METHOD_EXIT|[1]|PAW_New_EditCntrllr
07:45:14.0 (19332932)|SYSTEM_MODE_ENTER|true
07:45:14.0 (20102199)|SYSTEM_MODE_ENTER|true
07:45:14.0 (20166800)|HEAP_ALLOCATE|[EXTERNAL]|Bytes:476
07:45:14.0 (20177964)|HEAP_ALLOCATE|[EXTERNAL]|Bytes:71
07:45:14.0 (26922381)|SYSTEM_MODE_ENTER|true
07:45:14.0 (27022202)|SYSTEM_MODE_ENTER|true
07:45:14.0 (35724358)|SYSTEM_MODE_ENTER|true
07:45:14.0 (35953808)|HEAP_ALLOCATE|[EXTERNAL]|Bytes:112
07:45:14.0 (35964752)|VARIABLE_SCOPE_BEGIN|[215]|this|PAW_New_EditCntrllr|true|false
07:45:14.0 (36055253)|VARIABLE_ASSIGNMENT|[215]|this|{"cmpnyRateAdjstmntMap":"0x56146939","estmtCnrgDaysMap":"0x4c9f1e1c","estmtCvrgeDaysObj":"0x1f3a40c8","faciltyOptions":"0x4ab098de","fcltyPrgmMap":"0x3f986d10","fcltyPrgrmOptions":"0xbc3fb01","idToOwnershipFacilit (4 more) ...":"0x46b2c6b1","idToTypeFacilityMap":"0x80ad0d1","insrncBnftMap":"0x7406dc2d","insrncBnftOptions":"0x60093a5f","isIop":false,"isTalbott":false,"meta":"0x305effa1","oppId":"00629000004NTeZ","pawObj":"0x6e0c3d23","ptntInsrnceOptions":"0x2ca9637b","ptntInsrncMap":"0x55b7f73","ptntInsrncObj":"0x79a58eb5","quoteObj":"0x42bf2b8e","recordId":"00629000004NTeZ","rtAdjstmntOptions":"0x4d55e3df","showPILookup":false,"sObjectQueryStr":"","wrprObj":"0x3fe8065b"}|0x3d6602f0
07:45:14.0 (36078968)|STATEMENT_EXECUTE|[215]
07:45:14.0 (36080835)|STATEMENT_EXECUTE|[216]
07:45:14.0 (36131660)|STATEMENT_EXECUTE|[217]
07:45:14.0 (36143959)|HEAP_ALLOCATE|[217]|Bytes:12
07:45:14.0 (36205811)|HEAP_ALLOCATE|[EXTERNAL]|Bytes:4
07:45:14.0 (36302563)|VARIABLE_ASSIGNMENT|[EXTERNAL]|this|{"cmpnyRateAdjstmntMap":"0x56146939","estmtCnrgDaysMap":"0x4c9f1e1c","estmtCvrgeDaysObj":"0x1f3a40c8","faciltyOptions":"0x4ab098de","fcltyPrgmMap":"0x3f986d10","fcltyPrgrmOptions":"0xbc3fb01","idToOwnershipFacilit (4 more) ...":"0x46b2c6b1","idToTypeFacilityMap":"0x80ad0d1","insrncBnftMap":"0x7406dc2d","insrncBnftOptions":"0x60093a5f","isIop":false,"isTalbott":false,"meta":"0x305effa1","oppId":"00629000004NTeZ","pawObj":"0x6e0c3d23","ptntInsrnceOptions":"0x2ca9637b","ptntInsrncMap":"0x55b7f73","ptntInsrncObj":"0x79a58eb5","quoteObj":"0x42bf2b8e","recordId":"00629000004NTeZ","rtAdjstmntOptions":"0x4d55e3df","showPILookup":false,"sObjectQueryStr":"","wrprObj":"0x3fe8065b"}|0x3d6602f0
07:45:14.0 (36326928)|STATEMENT_EXECUTE|[218]
07:45:14.0 (36328608)|STATEMENT_EXECUTE|[219]
07:45:14.0 (36362346)|HEAP_ALLOCATE|[219]|Bytes:4
07:45:14.0 (36372330)|HEAP_ALLOCATE|[219]|Bytes:1083
07:45:14.0 (36385270)|HEAP_ALLOCATE|[219]|Bytes:4
07:45:14.0 (36399340)|HEAP_ALLOCATE|[219]|Bytes:7
07:45:14.0 (36485366)|VARIABLE_ASSIGNMENT|[EXTERNAL]|this|{"cmpnyRateAdjstmntMap":"0x56146939","estmtCnrgDaysMap":"0x4c9f1e1c","estmtCvrgeDaysObj":"0x1f3a40c8","faciltyOptions":"0x4ab098de","fcltyPrgmMap":"0x3f986d10","fcltyPrgrmOptions":"0xbc3fb01","idToOwnershipFacilit (4 more) ...":"0x46b2c6b1","idToTypeFacilityMap":"0x80ad0d1","insrncBnftMap":"0x7406dc2d","insrncBnftOptions":"0x60093a5f","isIop":false,"isTalbott":false,"meta":"0x305effa1","oppId":"00629000004NTeZ","pawObj":"0x6e0c3d23","ptntInsrnceOptions":"0x2ca9637b","ptntInsrncMap":"0x55b7f73","ptntInsrncObj":"0x79a58eb5","quoteObj":"0x42bf2b8e","recordId":"00629000004NTeZ","rtAdjstmntOptions":"0x4d55e3df","showPILookup":false,"sObjectQueryStr":"","wrprObj":"0x3fe8065b"}|0x3d6602f0
07:45:14.0 (38356226)|SOQL_EXECUTE_BEGIN|[219]|Aggregations:0|SELECT Id, Name, RecordType.Name, Uncovered_Charges__c, Patient_Insurance__r.Accepts_Assignment_of_Benefits__c, Patient_Insurance__r.Opportunity__c, Patient_Insurance__r.Accreditation__c, Patient_Insurance__r.Insurance_Company__r.Name, PHP_Admit_Co_Payment__c, Detox_Admit_Co_Payment__c, RTC_Admit_Co_Payment__c, Deductible__c, Deductible_Met__c, IOP_Admit_Co_Payment__c, Max_Out_of_Pocket_Remaining__c, Insurance_Company_is_Out_of_Network__c, Annual_Max_Remaining__c, Deductible_Remaining__c, Detox_Pays_at__c, Detox_Over__c, RTC_Pays_at__c, Residential_Treatment_Override__c, PHP_Pays_at__c, Partial_Hospitalization_Override__c, IOP_Pays_at__c, Intensive_Outpatient_Override__c, Num_Days_Uncovered__c, Num_Days_Room__c, Uncovered_Days_Rate__c, Room_and_Board_Days_Rate__c, Uncovered_Days_Override__c, Room_and_Board_Days_Override__c, Deductible_Included_in_OOP__c, Uncovered_Days__c, Lifetime_Max__c, Lifetime_Max_Met__c, Annual_Max__c, Annual_Max_Met__c, Max_Out_of_Pocket__c, Max_Out_of_Pocket_Met__c, Co_Pay_Met__c FROM Insurance_Benefit__c WHERE Patient_Insurance__c = :tmpVar1
07:45:14.0 (54299673)|SOQL_EXECUTE_END|[219]|Rows:2
07:45:14.0 (54330359)|HEAP_ALLOCATE|[219]|Bytes:12
07:45:14.0 (54384640)|HEAP_ALLOCATE|[219]|Bytes:2986
07:45:14.0 (54446861)|HEAP_ALLOCATE|[219]|Bytes:12
07:45:14.0 (54494749)|HEAP_ALLOCATE|[219]|Bytes:108
07:45:14.0 (54510228)|HEAP_ALLOCATE|[219]|Bytes:4
07:45:14.0 (54517793)|HEAP_ALLOCATE|[219]|Bytes:108
07:45:14.0 (54525033)|HEAP_ALLOCATE|[219]|Bytes:4
07:45:14.0 (54620069)|VARIABLE_ASSIGNMENT|[219]|this.insrncBnftMap|{"a1H29000000pRTUEA2":{"Id":"a1H29000000pRTUEA2","Name":"Insurance Benefit 75 (2 more) ...","RecordTypeId":"012j00000015GS6AAM","Patient_Insurance__c":"a1b29000000lvHQAAY","PHP_Admit_Co_Payment (3 more) ...":0.00,"Deductible__c":5000.00,"Deductible_Met__c":0.00,"Max_Out_of_Pocket_Re (10 more) ...":10000.00,"Insurance_Company_is (18 more) ...":false,"Annual_Max_Remaining (3 more) ...":1000000,"Deductible_Remaining (3 more) ...":5000.00,"Detox_Pays_at__c":80.00,"RTC_Pays_at__c":80.00,"PHP_Pays_at__c":80.00,"IOP_Pays_at__c":80.00,"Uncovered_Days_Rate_ (2 more) ...":630.00,"Room_and_Board_Days_ (7 more) ...":2000.00,"Deductible_Included_ (9 more) ...":"Yes","Lifetime_Max__c":1000000.00,"Lifetime_Max_Met__c":0.00,"Annual_Max__c":1000000.00,"Annual_Max_Met__c":0.00,"Max_Out_of_Pocket__c":10000.00,"Max_Out_of_Pocket_Me (4 more) ...":0.00,"RecordType":{"Name":"In Network","Id":"012j00000015GS6AAM"},"Patient_Insurance__r":{"Opportunity__c":"00629000004NTeZAAW","Accreditation__c":"State","Insurance_Company__c":"0012900000AXSP3AAP","Id":"a1b29000000lvHQAAY","Insurance_Company__r":{"Name":"Value Options/Beacon (7 more) ...","Id":"0012900000AXSP3AAP","RecordTypeId":"012j00000015GRqAAM"}}},"a1H29000000pRTZEA2":{"Id":"a1H29000000pRTZEA2","Name":"Insurance Benefit 75 (2 more) ...","RecordTypeId":"012j00000015GS7AAM","Patient_Insurance__c":"a1b29000000lvHQAAY","PHP_Admit_Co_Payment (3 more) ...":0.00,"Deductible__c":10000.00,"Deductible_Met__c":0.00,"Max_Out_of_Pocket_Re (10 more) ...":20000.00,"Insurance_Company_is (18 more) ...":false,"Annual_Max_Remaining (3 more) ...":1000000,"Deductible_Remaining (3 more) ...":10000.00,"Detox_Pays_at__c":60.00,"RTC_Pays_at__c":60.00,"PHP_Pays_at__c":60.00,"IOP_Pays_at__c":60.00,"Uncovered_Days_Rate_ (2 more) ...":630.00,"Room_and_Board_Days_ (7 more) ...":2000.00,"Deductible_Included_ (9 more) ...":"Yes","Lifetime_Max__c":1000000.00,"Lifetime_Max_Met__c":0.00,"Annual_Max__c":1000000.00,"Annual_Max_Met__c":0.00,"Max_Out_of_Pocket__c":20000.00,"Max_Out_of_Pocket_Me (4 more) ...":0.00,"RecordType":{"Name":"Out of Network","Id":"012j00000015GS7AAM"},"Patient_Insurance__r":{"Opportunity__c":"00629000004NTeZAAW","Accreditation__c":"State","Insurance_Company__c":"0012900000AXSP3AAP","Id":"a1b29000000lvHQAAY","Insurance_Company__r":{"Name":"Value Options/Beacon (7 more) ...","Id":"0012900000AXSP3AAP","RecordTypeId":"012j00000015GRqAAM"}}}}|0x3d6602f0
07:45:14.0 (54701586)|HEAP_ALLOCATE|[EXTERNAL]|Bytes:12
07:45:14.0 (54728635)|HEAP_ALLOCATE|[263]|Bytes:2996
07:45:14.0 (54910336)|HEAP_ALLOCATE|[263]|Bytes:5
07:45:14.0 (54929956)|HEAP_ALLOCATE|[263]|Bytes:108
07:45:14.0 (54940859)|VARIABLE_SCOPE_BEGIN|[263]|insrncBnftInstance|Insurance_Benefit__c|true|false
07:45:14.0 (54984375)|VARIABLE_ASSIGNMENT|[263]|insrncBnftInstance|{"Id":"a1H29000000pRTUEA2","Name":"Insurance Benefit 75 (2 more) ...","RecordTypeId":"012j00000015GS6AAM","Patient_Insurance__c":"a1b29000000lvHQAAY","PHP_Admit_Co_Payment (3 more) ...":0.00,"Deductible__c":5000.00,"Deductible_Met__c":0.00,"Max_Out_of_Pocket_Re (10 more) ...":10000.00,"Insurance_Company_is (18 more) ...":false,"Annual_Max_Remaining (3 more) ...":1000000,"Deductible_Remaining (3 more) ...":5000.00,"Detox_Pays_at__c":80.00,"RTC_Pays_at__c":80.00,"PHP_Pays_at__c":80.00,"IOP_Pays_at__c":80.00,"Uncovered_Days_Rate_ (2 more) ...":630.00,"Room_and_Board_Days_ (7 more) ...":2000.00,"Deductible_Included_ (9 more) ...":"Yes","Lifetime_Max__c":1000000.00,"Lifetime_Max_Met__c":0.00,"Annual_Max__c":1000000.00,"Annual_Max_Met__c":0.00,"Max_Out_of_Pocket__c":10000.00,"Max_Out_of_Pocket_Me (4 more) ...":0.00,"RecordType":{"Name":"In Network","Id":"012j00000015GS6AAM"},"Patient_Insurance__r":{"Opportunity__c":"00629000004NTeZAAW","Accreditation__c":"State","Insurance_Company__c":"0012900000AXSP3AAP","Id":"a1b29000000lvHQAAY","Insurance_Company__r":{"Name":"Value Options/Beacon (7 more) ...","Id":"0012900000AXSP3AAP","RecordTypeId":"012j00000015GRqAAM"}}}|0x73106475
07:45:14.0 (55005185)|STATEMENT_EXECUTE|[263]
07:45:14.0 (55007536)|STATEMENT_EXECUTE|[264]
07:45:14.0 (55053148)|HEAP_ALLOCATE|[264]|Bytes:18
07:45:14.0 (55130430)|HEAP_ALLOCATE|[264]|Bytes:3
07:45:14.0 (55162182)|HEAP_ALLOCATE|[264]|Bytes:35
07:45:14.0 (55224659)|HEAP_ALLOCATE|[EXTERNAL]|Bytes:4
07:45:14.0 (55245824)|HEAP_ALLOCATE|[263]|Bytes:5
07:45:14.0 (55261199)|HEAP_ALLOCATE|[263]|Bytes:108
07:45:14.0 (55271010)|VARIABLE_SCOPE_BEGIN|[263]|insrncBnftInstance|Insurance_Benefit__c|true|false
07:45:14.0 (55313604)|VARIABLE_ASSIGNMENT|[263]|insrncBnftInstance|{"Id":"a1H29000000pRTZEA2","Name":"Insurance Benefit 75 (2 more) ...","RecordTypeId":"012j00000015GS7AAM","Patient_Insurance__c":"a1b29000000lvHQAAY","PHP_Admit_Co_Payment (3 more) ...":0.00,"Deductible__c":10000.00,"Deductible_Met__c":0.00,"Max_Out_of_Pocket_Re (10 more) ...":20000.00,"Insurance_Company_is (18 more) ...":false,"Annual_Max_Remaining (3 more) ...":1000000,"Deductible_Remaining (3 more) ...":10000.00,"Detox_Pays_at__c":60.00,"RTC_Pays_at__c":60.00,"PHP_Pays_at__c":60.00,"IOP_Pays_at__c":60.00,"Uncovered_Days_Rate_ (2 more) ...":630.00,"Room_and_Board_Days_ (7 more) ...":2000.00,"Deductible_Included_ (9 more) ...":"Yes","Lifetime_Max__c":1000000.00,"Lifetime_Max_Met__c":0.00,"Annual_Max__c":1000000.00,"Annual_Max_Met__c":0.00,"Max_Out_of_Pocket__c":20000.00,"Max_Out_of_Pocket_Me (4 more) ...":0.00,"RecordType":{"Name":"Out of Network","Id":"012j00000015GS7AAM"},"Patient_Insurance__r":{"Opportunity__c":"00629000004NTeZAAW","Accreditation__c":"State","Insurance_Company__c":"0012900000AXSP3AAP","Id":"a1b29000000lvHQAAY","Insurance_Company__r":{"Name":"Value Options/Beacon (7 more) ...","Id":"0012900000AXSP3AAP","RecordTypeId":"012j00000015GRqAAM"}}}|0x372c9368
07:45:14.0 (55333688)|STATEMENT_EXECUTE|[263]
07:45:14.0 (55335213)|STATEMENT_EXECUTE|[264]
07:45:14.0 (55351493)|HEAP_ALLOCATE|[264]|Bytes:18
07:45:14.0 (55379894)|HEAP_ALLOCATE|[264]|Bytes:39
07:45:14.0 (55397407)|HEAP_ALLOCATE|[EXTERNAL]|Bytes:4
07:45:14.0 (55413369)|HEAP_ALLOCATE|[263]|Bytes:5
07:45:14.0 (55428230)|VARIABLE_ASSIGNMENT|[263]|insrncBnftInstance|null|
07:45:14.0 (55537496)|VARIABLE_ASSIGNMENT|[EXTERNAL]|this|{"cmpnyRateAdjstmntMap":"0x56146939","estmtCnrgDaysMap":"0x4c9f1e1c","estmtCvrgeDaysObj":"0x1f3a40c8","faciltyOptions":"0x4ab098de","fcltyPrgmMap":"0x3f986d10","fcltyPrgrmOptions":"0xbc3fb01","idToOwnershipFacilit (4 more) ...":"0x46b2c6b1","idToTypeFacilityMap":"0x80ad0d1","insrncBnftMap":"0x28606202","insrncBnftOptions":"0x60093a5f","isIop":false,"isTalbott":false,"meta":"0x305effa1","oppId":"00629000004NTeZ","pawObj":"0x6e0c3d23","ptntInsrnceOptions":"0x2ca9637b","ptntInsrncMap":"0x55b7f73","ptntInsrncObj":"0x79a58eb5","quoteObj":"0x42bf2b8e","recordId":"00629000004NTeZ","rtAdjstmntOptions":"0x4d55e3df","showPILookup":false,"sObjectQueryStr":"","wrprObj":"0x3fe8065b"}|0x3d6602f0
07:45:14.0 (55641597)|VARIABLE_ASSIGNMENT|[EXTERNAL]|this|{"facilitySelected":"001j000000NqKMtAAN","fcltyPrgrmSelected":"a1B290000003SEdEAM","insrncBnft":"0x21e2c0bb","insrncBnftSelected":"a1H29000000pRTUEA2","pawDetailListDisplay (4 more) ...":false,"pyAgrmntWrksht":"0x5e4b1e44","relatedPAWDetailsLis (1 more) ...":"0x6abaf3e7","targetEDR":0.00,"totalAppliedDeductib (2 more) ...":0.00,"totalCoInsurance":0.00,"totalCoPayAmt":0.00,"totalInsCoResp":0.00,"totalInsEIVAmt":0.00,"totalRowCount":20,"totalTalbottDay":0}|0x3fe8065b
07:45:14.0 (55729569)|VARIABLE_ASSIGNMENT|[EXTERNAL]|this|{"cmpnyRateAdjstmntMap":"0x56146939","estmtCnrgDaysMap":"0x4c9f1e1c","estmtCvrgeDaysObj":"0x1f3a40c8","faciltyOptions":"0x4ab098de","fcltyPrgmMap":"0x3f986d10","fcltyPrgrmOptions":"0xbc3fb01","idToOwnershipFacilit (4 more) ...":"0x46b2c6b1","idToTypeFacilityMap":"0x80ad0d1","insrncBnftMap":"0x28606202","insrncBnftOptions":"0x60093a5f","isIop":false,"isTalbott":false,"meta":"0x305effa1","oppId":"00629000004NTeZ","pawObj":"0x6e0c3d23","ptntInsrnceOptions":"0x2ca9637b","ptntInsrncMap":"0x55b7f73","ptntInsrncObj":"0x79a58eb5","quoteObj":"0x42bf2b8e","recordId":"00629000004NTeZ","rtAdjstmntOptions":"0x4d55e3df","showPILookup":false,"sObjectQueryStr":"","wrprObj":"0x3fe8065b"}|0x3d6602f0
07:45:14.0 (55827049)|VARIABLE_ASSIGNMENT|[EXTERNAL]|this|{"facilitySelected":"001j000000NqKMtAAN","fcltyPrgrmSelected":"a1B290000003SEdEAM","insrncBnft":"0x21e2c0bb","insrncBnftSelected":"a1H29000000pRTUEA2","pawDetailListDisplay (4 more) ...":false,"pyAgrmntWrksht":"0x5e4b1e44","relatedPAWDetailsLis (1 more) ...":"0x6abaf3e7","targetEDR":0.00,"totalAppliedDeductib (2 more) ...":0.00,"totalCoInsurance":0.00,"totalCoPayAmt":0.00,"totalInsCoResp":0.00,"totalInsEIVAmt":0.00,"totalRowCount":20,"totalTalbottDay":0}|0x3fe8065b
07:45:14.0 (55867446)|STATEMENT_EXECUTE|[267]
07:45:14.0 (55869572)|STATEMENT_EXECUTE|[268]
07:45:14.0 (55950052)|VARIABLE_ASSIGNMENT|[EXTERNAL]|this|{"cmpnyRateAdjstmntMap":"0x56146939","estmtCnrgDaysMap":"0x4c9f1e1c","estmtCvrgeDaysObj":"0x1f3a40c8","faciltyOptions":"0x4ab098de","fcltyPrgmMap":"0x3f986d10","fcltyPrgrmOptions":"0xbc3fb01","idToOwnershipFacilit (4 more) ...":"0x46b2c6b1","idToTypeFacilityMap":"0x80ad0d1","insrncBnftMap":"0x28606202","insrncBnftOptions":"0x60093a5f","isIop":false,"isTalbott":false,"meta":"0x305effa1","oppId":"00629000004NTeZ","pawObj":"0x6e0c3d23","ptntInsrnceOptions":"0x2ca9637b","ptntInsrncMap":"0x55b7f73","ptntInsrncObj":"0x79a58eb5","quoteObj":"0x42bf2b8e","recordId":"00629000004NTeZ","rtAdjstmntOptions":"0x4d55e3df","showPILookup":false,"sObjectQueryStr":"","wrprObj":"0x3fe8065b"}|0x3d6602f0
07:45:14.0 (56020777)|VARIABLE_ASSIGNMENT|[EXTERNAL]|this|{"facilitySelected":"001j000000NqKMtAAN","fcltyPrgrmSelected":"a1B290000003SEdEAM","insrncBnft":"0x21e2c0bb","insrncBnftSelected":"a1H29000000pRTUEA2","pawDetailListDisplay (4 more) ...":false,"pyAgrmntWrksht":"0x5e4b1e44","relatedPAWDetailsLis (1 more) ...":"0x6abaf3e7","targetEDR":0.00,"totalAppliedDeductib (2 more) ...":0.00,"totalCoInsurance":0.00,"totalCoPayAmt":0.00,"totalInsCoResp":0.00,"totalInsEIVAmt":0.00,"totalRowCount":20,"totalTalbottDay":0}|0x3fe8065b
07:45:14.0 (56134366)|VARIABLE_ASSIGNMENT|[EXTERNAL]|this|{"cmpnyRateAdjstmntMap":"0x56146939","estmtCnrgDaysMap":"0x4c9f1e1c","estmtCvrgeDaysObj":"0x1f3a40c8","faciltyOptions":"0x4ab098de","fcltyPrgmMap":"0x3f986d10","fcltyPrgrmOptions":"0xbc3fb01","idToOwnershipFacilit (4 more) ...":"0x46b2c6b1","idToTypeFacilityMap":"0x80ad0d1","insrncBnftMap":"0x28606202","insrncBnftOptions":"0x60093a5f","isIop":false,"isTalbott":false,"meta":"0x305effa1","oppId":"00629000004NTeZ","pawObj":"0x6e0c3d23","ptntInsrnceOptions":"0x2ca9637b","ptntInsrncMap":"0x55b7f73","ptntInsrncObj":"0x79a58eb5","quoteObj":"0x42bf2b8e","recordId":"00629000004NTeZ","rtAdjstmntOptions":"0x4d55e3df","showPILookup":false,"sObjectQueryStr":"","wrprObj":"0x3fe8065b"}|0x3d6602f0
07:45:14.0 (56211627)|VARIABLE_ASSIGNMENT|[EXTERNAL]|this|{"facilitySelected":"001j000000NqKMtAAN","fcltyPrgrmSelected":"a1B290000003SEdEAM","insrncBnft":"0x21e2c0bb","insrncBnftSelected":"a1H29000000pRTUEA2","pawDetailListDisplay (4 more) ...":false,"pyAgrmntWrksht":"0x5e4b1e44","relatedPAWDetailsLis (1 more) ...":"0x6abaf3e7","targetEDR":0.00,"totalAppliedDeductib (2 more) ...":0.00,"totalCoInsurance":0.00,"totalCoPayAmt":0.00,"totalInsCoResp":0.00,"totalInsEIVAmt":0.00,"totalRowCount":20,"totalTalbottDay":0}|0x3fe8065b
07:45:14.0 (56255130)|VARIABLE_ASSIGNMENT|[EXTERNAL]|value|{"Id":"a1H29000000pRTUEA2","Name":"Insurance Benefit 75 (2 more) ...","RecordTypeId":"012j00000015GS6AAM","Patient_Insurance__c":"a1b29000000lvHQAAY","PHP_Admit_Co_Payment (3 more) ...":0.00,"Deductible__c":5000.00,"Deductible_Met__c":0.00,"Max_Out_of_Pocket_Re (10 more) ...":10000.00,"Insurance_Company_is (18 more) ...":false,"Annual_Max_Remaining (3 more) ...":1000000,"Deductible_Remaining (3 more) ...":5000.00,"Detox_Pays_at__c":80.00,"RTC_Pays_at__c":80.00,"PHP_Pays_at__c":80.00,"IOP_Pays_at__c":80.00,"Uncovered_Days_Rate_ (2 more) ...":630.00,"Room_and_Board_Days_ (7 more) ...":2000.00,"Deductible_Included_ (9 more) ...":"Yes","Lifetime_Max__c":1000000.00,"Lifetime_Max_Met__c":0.00,"Annual_Max__c":1000000.00,"Annual_Max_Met__c":0.00,"Max_Out_of_Pocket__c":10000.00,"Max_Out_of_Pocket_Me (4 more) ...":0.00,"RecordType":{"Name":"In Network","Id":"012j00000015GS6AAM"},"Patient_Insurance__r":{"Opportunity__c":"00629000004NTeZAAW","Accreditation__c":"State","Insurance_Company__c":"0012900000AXSP3AAP","Id":"a1b29000000lvHQAAY","Insurance_Company__r":{"Name":"Value Options/Beacon (7 more) ...","Id":"0012900000AXSP3AAP","RecordTypeId":"012j00000015GRqAAM"}}}|0x73106475
07:45:14.0 (56309177)|VARIABLE_ASSIGNMENT|[525]|this.insrncBnft|{"Id":"a1H29000000pRTUEA2","Name":"Insurance Benefit 75 (2 more) ...","RecordTypeId":"012j00000015GS6AAM","Patient_Insurance__c":"a1b29000000lvHQAAY","PHP_Admit_Co_Payment (3 more) ...":0.00,"Deductible__c":5000.00,"Deductible_Met__c":0.00,"Max_Out_of_Pocket_Re (10 more) ...":10000.00,"Insurance_Company_is (18 more) ...":false,"Annual_Max_Remaining (3 more) ...":1000000,"Deductible_Remaining (3 more) ...":5000.00,"Detox_Pays_at__c":80.00,"RTC_Pays_at__c":80.00,"PHP_Pays_at__c":80.00,"IOP_Pays_at__c":80.00,"Uncovered_Days_Rate_ (2 more) ...":630.00,"Room_and_Board_Days_ (7 more) ...":2000.00,"Deductible_Included_ (9 more) ...":"Yes","Lifetime_Max__c":1000000.00,"Lifetime_Max_Met__c":0.00,"Annual_Max__c":1000000.00,"Annual_Max_Met__c":0.00,"Max_Out_of_Pocket__c":10000.00,"Max_Out_of_Pocket_Me (4 more) ...":0.00,"RecordType":{"Name":"In Network","Id":"012j00000015GS6AAM"},"Patient_Insurance__r":{"Opportunity__c":"00629000004NTeZAAW","Accreditation__c":"State","Insurance_Company__c":"0012900000AXSP3AAP","Id":"a1b29000000lvHQAAY","Insurance_Company__r":{"Name":"Value Options/Beacon (7 more) ...","Id":"0012900000AXSP3AAP","RecordTypeId":"012j00000015GRqAAM"}}}|0x3fe8065b
07:45:14.0 (56334684)|STATEMENT_EXECUTE|[272]
07:45:14.0 (56987321)|SYSTEM_MODE_ENTER|true
07:45:14.0 (57219891)|SYSTEM_MODE_ENTER|true
07:45:14.0 (57261964)|HEAP_ALLOCATE|[EXTERNAL]|Bytes:112
07:45:14.0 (57271494)|VARIABLE_SCOPE_BEGIN|[379]|this|PAW_New_EditCntrllr|true|false
07:45:14.0 (57345582)|VARIABLE_ASSIGNMENT|[379]|this|{"cmpnyRateAdjstmntMap":"0x56146939","estmtCnrgDaysMap":"0x4c9f1e1c","estmtCvrgeDaysObj":"0x1f3a40c8","faciltyOptions":"0x4ab098de","fcltyPrgmMap":"0x3f986d10","fcltyPrgrmOptions":"0xbc3fb01","idToOwnershipFacilit (4 more) ...":"0x46b2c6b1","idToTypeFacilityMap":"0x80ad0d1","insrncBnftMap":"0x28606202","insrncBnftOptions":"0x60093a5f","isIop":false,"isTalbott":false,"meta":"0x305effa1","oppId":"00629000004NTeZ","pawObj":"0x6e0c3d23","ptntInsrnceOptions":"0x2ca9637b","ptntInsrncMap":"0x55b7f73","ptntInsrncObj":"0x79a58eb5","quoteObj":"0x42bf2b8e","recordId":"00629000004NTeZ","rtAdjstmntOptions":"0x4d55e3df","showPILookup":false,"sObjectQueryStr":"","wrprObj":"0x3fe8065b"}|0x3d6602f0
07:45:14.0 (57364690)|STATEMENT_EXECUTE|[379]
07:45:14.0 (57366656)|STATEMENT_EXECUTE|[380]
07:45:14.0 (57377292)|HEAP_ALLOCATE|[380]|Bytes:4
07:45:14.0 (57431001)|HEAP_ALLOCATE|[EXTERNAL]|Bytes:4
07:45:14.0 (57445992)|VARIABLE_ASSIGNMENT|[380]|this.rtAdjstmntOptions|[]|0x3d6602f0
07:45:14.0 (57451589)|STATEMENT_EXECUTE|[381]
07:45:14.0 (57458951)|HEAP_ALLOCATE|[381]|Bytes:8
07:45:14.0 (57509663)|HEAP_ALLOCATE|[EXTERNAL]|Bytes:4
07:45:14.0 (57606551)|VARIABLE_ASSIGNMENT|[EXTERNAL]|this|{"cmpnyRateAdjstmntMap":"0x56146939","estmtCnrgDaysMap":"0x4c9f1e1c","estmtCvrgeDaysObj":"0x1f3a40c8","faciltyOptions":"0x4ab098de","fcltyPrgmMap":"0x3f986d10","fcltyPrgrmOptions":"0xbc3fb01","idToOwnershipFacilit (4 more) ...":"0x46b2c6b1","idToTypeFacilityMap":"0x80ad0d1","insrncBnftMap":"0x28606202","insrncBnftOptions":"0x60093a5f","isIop":false,"isTalbott":false,"meta":"0x305effa1","oppId":"00629000004NTeZ","pawObj":"0x6e0c3d23","ptntInsrnceOptions":"0x2ca9637b","ptntInsrncMap":"0x55b7f73","ptntInsrncObj":"0x79a58eb5","quoteObj":"0x42bf2b8e","recordId":"00629000004NTeZ","rtAdjstmntOptions":"0x4a7bc90c","showPILookup":false,"sObjectQueryStr":"","wrprObj":"0x3fe8065b"}|0x3d6602f0
07:45:14.0 (57685583)|VARIABLE_ASSIGNMENT|[EXTERNAL]|this|{"facilitySelected":"001j000000NqKMtAAN","fcltyPrgrmSelected":"a1B290000003SEdEAM","insrncBnft":"0x73106475","insrncBnftSelected":"a1H29000000pRTUEA2","pawDetailListDisplay (4 more) ...":false,"pyAgrmntWrksht":"0x5e4b1e44","relatedPAWDetailsLis (1 more) ...":"0x6abaf3e7","targetEDR":0.00,"totalAppliedDeductib (2 more) ...":0.00,"totalCoInsurance":0.00,"totalCoPayAmt":0.00,"totalInsCoResp":0.00,"totalInsEIVAmt":0.00,"totalRowCount":20,"totalTalbottDay":0}|0x3fe8065b
07:45:14.0 (57775406)|VARIABLE_ASSIGNMENT|[EXTERNAL]|this|{"cmpnyRateAdjstmntMap":"0x56146939","estmtCnrgDaysMap":"0x4c9f1e1c","estmtCvrgeDaysObj":"0x1f3a40c8","faciltyOptions":"0x4ab098de","fcltyPrgmMap":"0x3f986d10","fcltyPrgrmOptions":"0xbc3fb01","idToOwnershipFacilit (4 more) ...":"0x46b2c6b1","idToTypeFacilityMap":"0x80ad0d1","insrncBnftMap":"0x28606202","insrncBnftOptions":"0x60093a5f","isIop":false,"isTalbott":false,"meta":"0x305effa1","oppId":"00629000004NTeZ","pawObj":"0x6e0c3d23","ptntInsrnceOptions":"0x2ca9637b","ptntInsrncMap":"0x55b7f73","ptntInsrncObj":"0x79a58eb5","quoteObj":"0x42bf2b8e","recordId":"00629000004NTeZ","rtAdjstmntOptions":"0x4a7bc90c","showPILookup":false,"sObjectQueryStr":"","wrprObj":"0x3fe8065b"}|0x3d6602f0
07:45:14.0 (57846772)|VARIABLE_ASSIGNMENT|[EXTERNAL]|this|{"facilitySelected":"001j000000NqKMtAAN","fcltyPrgrmSelected":"a1B290000003SEdEAM","insrncBnft":"0x73106475","insrncBnftSelected":"a1H29000000pRTUEA2","pawDetailListDisplay (4 more) ...":false,"pyAgrmntWrksht":"0x5e4b1e44","relatedPAWDetailsLis (1 more) ...":"0x6abaf3e7","targetEDR":0.00,"totalAppliedDeductib (2 more) ...":0.00,"totalCoInsurance":0.00,"totalCoPayAmt":0.00,"totalInsCoResp":0.00,"totalInsEIVAmt":0.00,"totalRowCount":20,"totalTalbottDay":0}|0x3fe8065b
07:45:14.0 (57940389)|VARIABLE_ASSIGNMENT|[EXTERNAL]|this|{"cmpnyRateAdjstmntMap":"0x56146939","estmtCnrgDaysMap":"0x4c9f1e1c","estmtCvrgeDaysObj":"0x1f3a40c8","faciltyOptions":"0x4ab098de","fcltyPrgmMap":"0x3f986d10","fcltyPrgrmOptions":"0xbc3fb01","idToOwnershipFacilit (4 more) ...":"0x46b2c6b1","idToTypeFacilityMap":"0x80ad0d1","insrncBnftMap":"0x28606202","insrncBnftOptions":"0x60093a5f","isIop":false,"isTalbott":false,"meta":"0x305effa1","oppId":"00629000004NTeZ","pawObj":"0x6e0c3d23","ptntInsrnceOptions":"0x2ca9637b","ptntInsrncMap":"0x55b7f73","ptntInsrncObj":"0x79a58eb5","quoteObj":"0x42bf2b8e","recordId":"00629000004NTeZ","rtAdjstmntOptions":"0x4a7bc90c","showPILookup":false,"sObjectQueryStr":"","wrprObj":"0x3fe8065b"}|0x3d6602f0
07:45:14.0 (57963414)|STATEMENT_EXECUTE|[382]
07:45:14.0 (57965126)|STATEMENT_EXECUTE|[383]
07:45:14.0 (57999874)|HEAP_ALLOCATE|[383]|Bytes:4
07:45:14.0 (58009725)|HEAP_ALLOCATE|[383]|Bytes:287
07:45:14.0 (58023062)|HEAP_ALLOCATE|[383]|Bytes:4
07:45:14.0 (58111194)|VARIABLE_ASSIGNMENT|[EXTERNAL]|this|{"cmpnyRateAdjstmntMap":"0x56146939","estmtCnrgDaysMap":"0x4c9f1e1c","estmtCvrgeDaysObj":"0x1f3a40c8","faciltyOptions":"0x4ab098de","fcltyPrgmMap":"0x3f986d10","fcltyPrgrmOptions":"0xbc3fb01","idToOwnershipFacilit (4 more) ...":"0x46b2c6b1","idToTypeFacilityMap":"0x80ad0d1","insrncBnftMap":"0x28606202","insrncBnftOptions":"0x60093a5f","isIop":false,"isTalbott":false,"meta":"0x305effa1","oppId":"00629000004NTeZ","pawObj":"0x6e0c3d23","ptntInsrnceOptions":"0x2ca9637b","ptntInsrncMap":"0x55b7f73","ptntInsrncObj":"0x79a58eb5","quoteObj":"0x42bf2b8e","recordId":"00629000004NTeZ","rtAdjstmntOptions":"0x4a7bc90c","showPILookup":false,"sObjectQueryStr":"","wrprObj":"0x3fe8065b"}|0x3d6602f0
07:45:14.0 (58174181)|HEAP_ALLOCATE|[383]|Bytes:7
07:45:14.0 (58260670)|VARIABLE_ASSIGNMENT|[EXTERNAL]|this|{"cmpnyRateAdjstmntMap":"0x56146939","estmtCnrgDaysMap":"0x4c9f1e1c","estmtCvrgeDaysObj":"0x1f3a40c8","faciltyOptions":"0x4ab098de","fcltyPrgmMap":"0x3f986d10","fcltyPrgrmOptions":"0xbc3fb01","idToOwnershipFacilit (4 more) ...":"0x46b2c6b1","idToTypeFacilityMap":"0x80ad0d1","insrncBnftMap":"0x28606202","insrncBnftOptions":"0x60093a5f","isIop":false,"isTalbott":false,"meta":"0x305effa1","oppId":"00629000004NTeZ","pawObj":"0x6e0c3d23","ptntInsrnceOptions":"0x2ca9637b","ptntInsrncMap":"0x55b7f73","ptntInsrncObj":"0x79a58eb5","quoteObj":"0x42bf2b8e","recordId":"00629000004NTeZ","rtAdjstmntOptions":"0x4a7bc90c","showPILookup":false,"sObjectQueryStr":"","wrprObj":"0x3fe8065b"}|0x3d6602f0
07:45:14.0 (58336404)|VARIABLE_ASSIGNMENT|[EXTERNAL]|this|{"facilitySelected":"001j000000NqKMtAAN","fcltyPrgrmSelected":"a1B290000003SEdEAM","insrncBnft":"0x73106475","insrncBnftSelected":"a1H29000000pRTUEA2","pawDetailListDisplay (4 more) ...":false,"pyAgrmntWrksht":"0x5e4b1e44","relatedPAWDetailsLis (1 more) ...":"0x6abaf3e7","targetEDR":0.00,"totalAppliedDeductib (2 more) ...":0.00,"totalCoInsurance":0.00,"totalCoPayAmt":0.00,"totalInsCoResp":0.00,"totalInsEIVAmt":0.00,"totalRowCount":20,"totalTalbottDay":0}|0x3fe8065b
07:45:14.0 (59675084)|SOQL_EXECUTE_BEGIN|[383]|Aggregations:0|SELECT Id, Name, Type__c, Rate_Adjustment__c, In_Network_Rate_Adjustment__c, Out_of_Network_Rate_Adjustment__c, Active_Date__c, Term_Date__c FROM Insurance_Company_Rate_Adjustment__c WHERE (Insurance_Company__c = :tmpVar1 AND FRN_Facility__c = :tmpVar2) ORDER BY Type__c DESC NULLS FIRST
07:45:14.0 (66484249)|SOQL_EXECUTE_END|[383]|Rows:2
07:45:14.0 (66508683)|HEAP_ALLOCATE|[383]|Bytes:12
07:45:14.0 (66527243)|HEAP_ALLOCATE|[383]|Bytes:319
07:45:14.0 (66577836)|HEAP_ALLOCATE|[383]|Bytes:12
07:45:14.0 (66615011)|HEAP_ALLOCATE|[383]|Bytes:24
07:45:14.0 (66630270)|HEAP_ALLOCATE|[383]|Bytes:4
07:45:14.0 (66637434)|HEAP_ALLOCATE|[383]|Bytes:24
07:45:14.0 (66644635)|HEAP_ALLOCATE|[383]|Bytes:4
07:45:14.0 (66694152)|VARIABLE_ASSIGNMENT|[383]|this.cmpnyRateAdjstmntMap|{"a1I29000000HR5FEAW":{"Id":"a1I29000000HR5FEAW","Name":"Ins Co Rate Adjstmt  (5 more) ...","Type__c":"Contracted","Rate_Adjustment__c":3.00,"Active_Date__c":"2017-02-24T00:00:00.000Z"},"a1I29000000HR5EEAW":{"Id":"a1I29000000HR5EEAW","Name":"Ins Co Rate Adjstmt  (5 more) ...","Type__c":"OON","Rate_Adjustment__c":15.00,"Active_Date__c":"2017-02-24T00:00:00.000Z"}}|0x3d6602f0
07:45:14.0 (66738814)|HEAP_ALLOCATE|[EXTERNAL]|Bytes:12
07:45:14.0 (66753689)|HEAP_ALLOCATE|[395]|Bytes:329
07:45:14.0 (66867458)|HEAP_ALLOCATE|[395]|Bytes:5
07:45:14.0 (66887393)|HEAP_ALLOCATE|[395]|Bytes:24
07:45:14.0 (66898118)|VARIABLE_SCOPE_BEGIN|[395]|rateAdjstmntInstance|Insurance_Company_Rate_Adjustment__c|true|false
07:45:14.0 (66925442)|VARIABLE_ASSIGNMENT|[395]|rateAdjstmntInstance|{"Id":"a1I29000000HR5FEAW","Name":"Ins Co Rate Adjstmt  (5 more) ...","Type__c":"Contracted","Rate_Adjustment__c":3.00,"Active_Date__c":"2017-02-24T00:00:00.000Z"}|0x50c575f8
07:45:14.0 (66934204)|STATEMENT_EXECUTE|[395]
07:45:14.0 (66979122)|METHOD_ENTRY|[396]|01p0a000004sKzV|PAW_New_EditCntrllr.checkIfActive(Insurance_Company_Rate_Adjustment__c)
07:45:14.0 (67001439)|VARIABLE_SCOPE_BEGIN|[496]|this|PAW_New_EditCntrllr|true|false
07:45:14.0 (67084512)|VARIABLE_ASSIGNMENT|[496]|this|{"cmpnyRateAdjstmntMap":"0x7bae374e","estmtCnrgDaysMap":"0x4c9f1e1c","estmtCvrgeDaysObj":"0x1f3a40c8","faciltyOptions":"0x4ab098de","fcltyPrgmMap":"0x3f986d10","fcltyPrgrmOptions":"0xbc3fb01","idToOwnershipFacilit (4 more) ...":"0x46b2c6b1","idToTypeFacilityMap":"0x80ad0d1","insrncBnftMap":"0x28606202","insrncBnftOptions":"0x60093a5f","isIop":false,"isTalbott":false,"meta":"0x305effa1","oppId":"00629000004NTeZ","pawObj":"0x6e0c3d23","ptntInsrnceOptions":"0x2ca9637b","ptntInsrncMap":"0x55b7f73","ptntInsrncObj":"0x79a58eb5","quoteObj":"0x42bf2b8e","recordId":"00629000004NTeZ","rtAdjstmntOptions":"0x4a7bc90c","showPILookup":false,"sObjectQueryStr":"","wrprObj":"0x3fe8065b"}|0x3d6602f0
07:45:14.0 (67100623)|VARIABLE_SCOPE_BEGIN|[496]|pInsRateAdjustmentOnj|Insurance_Company_Rate_Adjustment__c|true|false
07:45:14.0 (67120463)|VARIABLE_ASSIGNMENT|[496]|pInsRateAdjustmentOnj|{"Id":"a1I29000000HR5FEAW","Name":"Ins Co Rate Adjstmt  (5 more) ...","Type__c":"Contracted","Rate_Adjustment__c":3.00,"Active_Date__c":"2017-02-24T00:00:00.000Z"}|0x50c575f8
07:45:14.0 (67130539)|STATEMENT_EXECUTE|[496]
07:45:14.0 (67132119)|STATEMENT_EXECUTE|[497]
07:45:14.0 (67176122)|HEAP_ALLOCATE|[497]|Bytes:4
07:45:14.0 (67199803)|VARIABLE_SCOPE_BEGIN|[497]|todayDate|Date|false|false
07:45:14.0 (67219432)|VARIABLE_ASSIGNMENT|[497]|todayDate|"2018-01-17T00:00:00.000Z"
07:45:14.0 (67246909)|STATEMENT_EXECUTE|[498]
07:45:14.0 (67248785)|STATEMENT_EXECUTE|[499]
07:45:14.0 (67258985)|VARIABLE_SCOPE_BEGIN|[499]|endDate|Date|false|false
07:45:14.0 (67281466)|VARIABLE_ASSIGNMENT|[499]|endDate|"2018-01-17T00:00:00.000Z"
07:45:14.0 (67360223)|STATEMENT_EXECUTE|[500]
07:45:14.0 (67362655)|STATEMENT_EXECUTE|[501]
07:45:14.0 (67367859)|METHOD_EXIT|[396]|01p0a000004sKzV|PAW_New_EditCntrllr.checkIfActive(Insurance_Company_Rate_Adjustment__c)
07:45:14.0 (67377924)|STATEMENT_EXECUTE|[397]
07:45:14.0 (67408721)|HEAP_ALLOCATE|[397]|Bytes:18
07:45:14.0 (67465858)|HEAP_ALLOCATE|[EXTERNAL]|Bytes:4
07:45:14.0 (67487254)|HEAP_ALLOCATE|[395]|Bytes:5
07:45:14.0 (67502888)|HEAP_ALLOCATE|[395]|Bytes:24
07:45:14.0 (67512619)|VARIABLE_SCOPE_BEGIN|[395]|rateAdjstmntInstance|Insurance_Company_Rate_Adjustment__c|true|false
07:45:14.0 (67538058)|VARIABLE_ASSIGNMENT|[395]|rateAdjstmntInstance|{"Id":"a1I29000000HR5EEAW","Name":"Ins Co Rate Adjstmt  (5 more) ...","Type__c":"OON","Rate_Adjustment__c":15.00,"Active_Date__c":"2017-02-24T00:00:00.000Z"}|0x910522e
07:45:14.0 (67546205)|STATEMENT_EXECUTE|[395]
07:45:14.0 (67561508)|METHOD_ENTRY|[396]|01p0a000004sKzV|PAW_New_EditCntrllr.checkIfActive(Insurance_Company_Rate_Adjustment__c)
07:45:14.0 (67569325)|VARIABLE_SCOPE_BEGIN|[496]|this|PAW_New_EditCntrllr|true|false
07:45:14.0 (67649616)|VARIABLE_ASSIGNMENT|[496]|this|{"cmpnyRateAdjstmntMap":"0x7bae374e","estmtCnrgDaysMap":"0x4c9f1e1c","estmtCvrgeDaysObj":"0x1f3a40c8","faciltyOptions":"0x4ab098de","fcltyPrgmMap":"0x3f986d10","fcltyPrgrmOptions":"0xbc3fb01","idToOwnershipFacilit (4 more) ...":"0x46b2c6b1","idToTypeFacilityMap":"0x80ad0d1","insrncBnftMap":"0x28606202","insrncBnftOptions":"0x60093a5f","isIop":false,"isTalbott":false,"meta":"0x305effa1","oppId":"00629000004NTeZ","pawObj":"0x6e0c3d23","ptntInsrnceOptions":"0x2ca9637b","ptntInsrncMap":"0x55b7f73","ptntInsrncObj":"0x79a58eb5","quoteObj":"0x42bf2b8e","recordId":"00629000004NTeZ","rtAdjstmntOptions":"0x4a7bc90c","showPILookup":false,"sObjectQueryStr":"","wrprObj":"0x3fe8065b"}|0x3d6602f0
07:45:14.0 (67664735)|VARIABLE_SCOPE_BEGIN|[496]|pInsRateAdjustmentOnj|Insurance_Company_Rate_Adjustment__c|true|false
07:45:14.0 (67682978)|VARIABLE_ASSIGNMENT|[496]|pInsRateAdjustmentOnj|{"Id":"a1I29000000HR5EEAW","Name":"Ins Co Rate Adjstmt  (5 more) ...","Type__c":"OON","Rate_Adjustment__c":15.00,"Active_Date__c":"2017-02-24T00:00:00.000Z"}|0x910522e
07:45:14.0 (67691432)|STATEMENT_EXECUTE|[496]
07:45:14.0 (67692682)|STATEMENT_EXECUTE|[497]
07:45:14.0 (67707953)|HEAP_ALLOCATE|[497]|Bytes:4
07:45:14.0 (67725873)|VARIABLE_SCOPE_BEGIN|[497]|todayDate|Date|false|false
07:45:14.0 (67744940)|VARIABLE_ASSIGNMENT|[497]|todayDate|"2018-01-17T00:00:00.000Z"
07:45:14.0 (67756946)|STATEMENT_EXECUTE|[498]
07:45:14.0 (67758261)|STATEMENT_EXECUTE|[499]
07:45:14.0 (67766664)|VARIABLE_SCOPE_BEGIN|[499]|endDate|Date|false|false
07:45:14.0 (67782817)|VARIABLE_ASSIGNMENT|[499]|endDate|"2018-01-17T00:00:00.000Z"
07:45:14.0 (67815601)|STATEMENT_EXECUTE|[500]
07:45:14.0 (67817460)|STATEMENT_EXECUTE|[501]
07:45:14.0 (67822756)|METHOD_EXIT|[396]|01p0a000004sKzV|PAW_New_EditCntrllr.checkIfActive(Insurance_Company_Rate_Adjustment__c)
07:45:14.0 (67829372)|STATEMENT_EXECUTE|[397]
07:45:14.0 (67841201)|HEAP_ALLOCATE|[397]|Bytes:18
07:45:14.0 (67860768)|HEAP_ALLOCATE|[EXTERNAL]|Bytes:4
07:45:14.0 (67876515)|HEAP_ALLOCATE|[395]|Bytes:5
07:45:14.0 (67891062)|VARIABLE_ASSIGNMENT|[395]|rateAdjstmntInstance|null|
07:45:14.0 (67896799)|STATEMENT_EXECUTE|[400]
07:45:14.0 (68428892)|SYSTEM_MODE_ENTER|true
07:45:14.79 (79179179)|SYSTEM_MODE_ENTER|true
07:45:14.79 (79250745)|HEAP_ALLOCATE|[EXTERNAL]|Bytes:8
07:45:14.79 (79262138)|VARIABLE_SCOPE_BEGIN|[88]|this|ApexPage.PageMessagesComponentController|true|false
07:45:14.79 (79291642)|VARIABLE_ASSIGNMENT|[88]|this|{}|0x798255a5
07:45:14.79 (79299210)|VARIABLE_SCOPE_BEGIN|[88]|escape|Boolean|false|false
07:45:14.79 (79306220)|VARIABLE_ASSIGNMENT|[88]|escape|null
07:45:14.0 (79794327)|HEAP_ALLOCATE|[EXTERNAL]|Bytes:18
07:45:14.0 (79803219)|HEAP_ALLOCATE|[EXTERNAL]|Bytes:84
07:45:14.0 (79814568)|VARIABLE_ASSIGNMENT|[EXTERNAL]|this.insrncBnftSelected|"a1H29000000pRTUEA2"|0x3fe8065b
07:45:14.0 (79894924)|HEAP_ALLOCATE|[EXTERNAL]|Bytes:18
07:45:14.0 (79901813)|HEAP_ALLOCATE|[EXTERNAL]|Bytes:84
07:45:14.0 (79911292)|VARIABLE_ASSIGNMENT|[EXTERNAL]|this.facilitySelected|"001j000000NqKMtAAN"|0x3fe8065b
07:45:14.0 (79986998)|HEAP_ALLOCATE|[EXTERNAL]|Bytes:18
07:45:14.0 (79993569)|HEAP_ALLOCATE|[EXTERNAL]|Bytes:84
07:45:14.0 (80003710)|VARIABLE_ASSIGNMENT|[EXTERNAL]|this.rateAdjstmntSelected|"a1I29000000HR5FEAW"|0x3fe8065b
07:45:14.0 (80079530)|HEAP_ALLOCATE|[EXTERNAL]|Bytes:18
07:45:14.0 (80086061)|HEAP_ALLOCATE|[EXTERNAL]|Bytes:84
07:45:14.0 (80095919)|VARIABLE_ASSIGNMENT|[EXTERNAL]|this.fcltyPrgrmSelected|"a1B290000003SEdEAM"|0x3fe8065b
07:45:14.102 (102358046)|SYSTEM_MODE_ENTER|true
07:45:14.102 (102442296)|HEAP_ALLOCATE|[EXTERNAL]|Bytes:8
07:45:14.102 (102454824)|VARIABLE_SCOPE_BEGIN|[88]|this|ApexPage.PageMessagesComponentController|true|false
07:45:14.102 (102489926)|VARIABLE_ASSIGNMENT|[88]|this|{}|0x798255a5
07:45:14.102 (102498139)|VARIABLE_SCOPE_BEGIN|[88]|escape|Boolean|false|false
07:45:14.102 (102506295)|VARIABLE_ASSIGNMENT|[88]|escape|null
07:45:14.102 (102645507)|SYSTEM_MODE_ENTER|true
07:45:14.102 (102687717)|HEAP_ALLOCATE|[EXTERNAL]|Bytes:8
07:45:14.102 (102696830)|VARIABLE_SCOPE_BEGIN|[2]|this|ApexPage.PageMessagesComponentController|true|false
07:45:14.102 (102719357)|VARIABLE_ASSIGNMENT|[2]|this|{}|0x798255a5
07:45:14.0 (103221355)|SYSTEM_MODE_ENTER|true
07:45:14.0 (103378096)|SYSTEM_MODE_ENTER|true
07:45:14.0 (103834806)|SYSTEM_MODE_ENTER|true
07:45:14.0 (109058832)|SYSTEM_MODE_ENTER|true
07:45:14.0 (109145451)|SYSTEM_MODE_ENTER|true
07:45:14.0 (125372847)|VF_SERIALIZE_VIEWSTATE_BEGIN|0660a0000009uTC
07:45:14.0 (133682661)|VF_SERIALIZE_VIEWSTATE_END
07:45:14.143 (143456833)|CUMULATIVE_LIMIT_USAGE
07:45:14.143 (143456833)|LIMIT_USAGE_FOR_NS|(default)|
  Number of SOQL queries: 2 out of 100
  Number of query rows: 4 out of 50000
  Number of SOSL queries: 0 out of 20
  Number of DML statements: 0 out of 150
  Number of DML rows: 0 out of 10000
  Maximum CPU time: 0 out of 10000
  Maximum heap size: 0 out of 6000000
  Number of callouts: 0 out of 100
  Number of Email Invocations: 0 out of 10
  Number of future calls: 0 out of 50
  Number of queueable jobs added to the queue: 0 out of 50
  Number of Mobile Apex push calls: 0 out of 10

07:45:14.143 (143456833)|CUMULATIVE_LIMIT_USAGE_END

07:45:14.0 (143516344)|CODE_UNIT_FINISHED|VF: /apex/PAW_New_Edit
07:45:14.0 (144292096)|EXECUTION_FINISHED
