37.0 APEX_CODE,FINEST;APEX_PROFILING,INFO;CALLOUT,INFO;DB,INFO;SYSTEM,DEBUG;VALIDATION,INFO;VISUALFORCE,INFO;WAVE,INFO;WORKFLOW,FINER
07:48:28.0 (283236)|USER_INFO|[EXTERNAL]|00529000000zYiy|bhakti.gujrathi@eternussolutions.com.frnstgng|Central Standard Time|GMT-06:00
07:48:28.0 (316460)|EXECUTION_STARTED
07:48:28.0 (320384)|CODE_UNIT_STARTED|[EXTERNAL]|0660a0000009uTC|VF: /apex/PAW_New_Edit
07:48:28.0 (1796152)|SYSTEM_MODE_ENTER|true
07:48:28.0 (1973565)|VARIABLE_SCOPE_BEGIN|[35]|PAW_New_EditCntrllr.globalSchemaMap|Map<String,Schema.SObjectType>|true|true
07:48:28.0 (1984818)|VARIABLE_SCOPE_BEGIN|[3]|PAW_New_EditCntrllr.yearEndMode|Boolean|false|true
07:48:28.0 (2131279)|HEAP_ALLOCATE|[72]|Bytes:3
07:48:28.0 (2162175)|HEAP_ALLOCATE|[77]|Bytes:152
07:48:28.0 (2174292)|HEAP_ALLOCATE|[342]|Bytes:408
07:48:28.0 (2185041)|HEAP_ALLOCATE|[355]|Bytes:408
07:48:28.0 (2195165)|HEAP_ALLOCATE|[467]|Bytes:48
07:48:28.0 (2217845)|HEAP_ALLOCATE|[139]|Bytes:6
07:48:28.0 (2230641)|HEAP_ALLOCATE|[EXTERNAL]|Bytes:11
07:48:28.0 (2237928)|HEAP_ALLOCATE|[EXTERNAL]|Bytes:304
07:48:28.0 (2242204)|HEAP_ALLOCATE|[EXTERNAL]|Bytes:98
07:48:28.0 (2245942)|HEAP_ALLOCATE|[EXTERNAL]|Bytes:14
07:48:28.0 (2260536)|METHOD_ENTRY|[1]|01p0a000004sKzV|PAW_New_EditCntrllr.PAW_New_EditCntrllr()
07:48:28.0 (2266044)|STATEMENT_EXECUTE|[1]
07:48:28.0 (2270630)|STATEMENT_EXECUTE|[1]
07:48:28.0 (2271696)|STATEMENT_EXECUTE|[3]
07:48:28.0 (4848992)|VARIABLE_SCOPE_BEGIN|[3]|PAW_YearEnd_Config.setting|Year_End_PAW_Settings__c|true|true
07:48:28.0 (4867638)|HEAP_ALLOCATE|[3]|Bytes:1
07:48:28.0 (4874422)|HEAP_ALLOCATE|[3]|Bytes:1
07:48:28.0 (4956816)|METHOD_ENTRY|[1]|01p29000000Aswf|PAW_YearEnd_Config.PAW_YearEnd_Config()
07:48:28.0 (4962078)|STATEMENT_EXECUTE|[1]
07:48:28.0 (4965361)|STATEMENT_EXECUTE|[1]
07:48:28.0 (4992608)|HEAP_ALLOCATE|[50]|Bytes:5
07:48:28.0 (5015173)|HEAP_ALLOCATE|[56]|Bytes:5
07:48:28.0 (5022994)|HEAP_ALLOCATE|[64]|Bytes:7
07:48:28.0 (5338852)|SYSTEM_MODE_ENTER|false
07:48:28.0 (5354123)|HEAP_ALLOCATE|[3]|Bytes:5
07:48:28.0 (5362729)|SYSTEM_MODE_EXIT|false
07:48:28.0 (5371737)|METHOD_EXIT|[1]|PAW_YearEnd_Config
07:48:28.0 (5383042)|METHOD_ENTRY|[3]|01p29000000Aswf|PAW_YearEnd_Config.fetch()
07:48:28.0 (5415767)|SYSTEM_MODE_ENTER|false
07:48:28.0 (5421190)|HEAP_ALLOCATE|[6]|Bytes:5
07:48:28.0 (5426116)|STATEMENT_EXECUTE|[5]
07:48:28.0 (5430897)|STATEMENT_EXECUTE|[7]
07:48:28.0 (6637351)|HEAP_ALLOCATE|[7]|Bytes:20
07:48:28.0 (6690983)|VARIABLE_ASSIGNMENT|[7]|PAW_YearEnd_Config.setting|{"IsDeleted":false,"Name":"Year End PAW Setting (11 more) ...","SetupOwnerId":"00529000000zYiyAAE","Year_End_Mode_Enable (4 more) ...":false}|0x56611c28
07:48:28.0 (6699791)|STATEMENT_EXECUTE|[9]
07:48:28.0 (6703124)|HEAP_ALLOCATE|[9]|Bytes:14
07:48:28.0 (6848874)|HEAP_ALLOCATE|[9]|Bytes:145
07:48:28.0 (6871961)|HEAP_ALLOCATE|[9]|Bytes:159
07:48:28.0 (6894572)|USER_DEBUG|[9]|DEBUG|>>> setting : Year_End_PAW_Settings__c:{IsDeleted=false, Name=Year End PAW Settings (Profile), SetupOwnerId=00529000000zYiyAAE, Year_End_Mode_Enabled__c=false}
07:48:28.0 (6902207)|STATEMENT_EXECUTE|[10]
07:48:28.0 (6907239)|SYSTEM_MODE_EXIT|false
07:48:28.0 (6915014)|METHOD_EXIT|[3]|01p29000000Aswf|PAW_YearEnd_Config.fetch()
07:48:28.0 (6949388)|VARIABLE_ASSIGNMENT|[3]|PAW_New_EditCntrllr.yearEndMode|false
07:48:28.0 (6953806)|STATEMENT_EXECUTE|[523]
07:48:28.0 (6958730)|METHOD_EXIT|[1]|PAW_New_EditCntrllr
07:48:28.0 (6965318)|HEAP_ALLOCATE|[EXTERNAL]|Bytes:112
07:48:28.0 (6971946)|VARIABLE_SCOPE_BEGIN|[41]|this|PAW_New_EditCntrllr|true|false
07:48:28.0 (7028296)|VARIABLE_ASSIGNMENT|[41]|this|{}|0x23dc6acc
07:48:28.0 (7036303)|STATEMENT_EXECUTE|[1]
07:48:28.0 (7037489)|STATEMENT_EXECUTE|[7]
07:48:28.0 (7038654)|STATEMENT_EXECUTE|[8]
07:48:28.0 (7039435)|STATEMENT_EXECUTE|[9]
07:48:28.0 (7040225)|STATEMENT_EXECUTE|[10]
07:48:28.0 (7041077)|STATEMENT_EXECUTE|[11]
07:48:28.0 (7051710)|VARIABLE_ASSIGNMENT|[11]|this.oppId|""|0x23dc6acc
07:48:28.0 (7056226)|STATEMENT_EXECUTE|[12]
07:48:28.0 (7057247)|STATEMENT_EXECUTE|[13]
07:48:28.0 (7058093)|STATEMENT_EXECUTE|[14]
07:48:28.0 (7058967)|STATEMENT_EXECUTE|[15]
07:48:28.0 (7059756)|STATEMENT_EXECUTE|[16]
07:48:28.0 (7060662)|STATEMENT_EXECUTE|[18]
07:48:28.0 (7061470)|STATEMENT_EXECUTE|[19]
07:48:28.0 (7062574)|STATEMENT_EXECUTE|[20]
07:48:28.0 (7063754)|STATEMENT_EXECUTE|[21]
07:48:28.0 (7064569)|STATEMENT_EXECUTE|[22]
07:48:28.0 (7065331)|STATEMENT_EXECUTE|[23]
07:48:28.0 (7066225)|STATEMENT_EXECUTE|[24]
07:48:28.0 (7067109)|STATEMENT_EXECUTE|[25]
07:48:28.0 (7068007)|STATEMENT_EXECUTE|[26]
07:48:28.0 (7068769)|STATEMENT_EXECUTE|[27]
07:48:28.0 (7069654)|STATEMENT_EXECUTE|[28]
07:48:28.0 (7070421)|STATEMENT_EXECUTE|[30]
07:48:28.0 (7071305)|STATEMENT_EXECUTE|[31]
07:48:28.0 (7072184)|STATEMENT_EXECUTE|[32]
07:48:28.0 (7072964)|STATEMENT_EXECUTE|[33]
07:48:28.0 (7073742)|STATEMENT_EXECUTE|[37]
07:48:28.0 (7074587)|STATEMENT_EXECUTE|[38]
07:48:28.0 (7079965)|HEAP_ALLOCATE|[11]|Bytes:6
07:48:28.0 (7109071)|STATEMENT_EXECUTE|[41]
07:48:28.0 (7110808)|STATEMENT_EXECUTE|[44]
07:48:28.0 (44856305)|HEAP_ALLOCATE|[44]|Bytes:2408
07:48:28.0 (45338904)|VARIABLE_ASSIGNMENT|[44]|PAW_New_EditCntrllr.globalSchemaMap|"{abused_substance__c=Abused_Substance__c, abused_substance__feed=Abused_Substance__Feed, abused_substance__history=Abused_Substance__History, acceptedeventrelation=AcceptedEventRelation, account=Account, account_review__c=Account_Review__c, account_review__history=Account_Review__History, account_satisfaction_survey__c=Account_Satisfaction_Survey__c, accountcontactrole=AccountContactRole, accountfeed=AccountFeed, ...}"|0x76e4a549
07:48:28.0 (45359447)|STATEMENT_EXECUTE|[45]
07:48:28.0 (45546385)|VARIABLE_ASSIGNMENT|[EXTERNAL]|this|{"oppId":""}|0x23dc6acc
07:48:28.0 (45568786)|VARIABLE_ASSIGNMENT|[EXTERNAL]|value|false
07:48:28.0 (45580541)|HEAP_ALLOCATE|[32]|Bytes:5
07:48:28.0 (45596995)|VARIABLE_ASSIGNMENT|[32]|this.isTalbott|false|0x23dc6acc
07:48:28.0 (45611199)|STATEMENT_EXECUTE|[46]
07:48:28.0 (45672779)|VARIABLE_ASSIGNMENT|[EXTERNAL]|this|{"isTalbott":false,"oppId":""}|0x23dc6acc
07:48:28.0 (45681590)|VARIABLE_ASSIGNMENT|[EXTERNAL]|value|false
07:48:28.0 (45686383)|HEAP_ALLOCATE|[33]|Bytes:5
07:48:28.0 (45693327)|VARIABLE_ASSIGNMENT|[33]|this.isIop|false|0x23dc6acc
07:48:28.0 (45701116)|STATEMENT_EXECUTE|[47]
07:48:28.0 (45707947)|VARIABLE_ASSIGNMENT|[47]|this.sObjectQueryStr|""|0x23dc6acc
07:48:28.0 (45712070)|STATEMENT_EXECUTE|[48]
07:48:28.0 (45764626)|HEAP_ALLOCATE|[48]|Bytes:4
07:48:28.0 (45864050)|VARIABLE_ASSIGNMENT|[48]|this.quoteObj|{}|0x23dc6acc
07:48:28.0 (45869805)|STATEMENT_EXECUTE|[49]
07:48:28.0 (45957528)|HEAP_ALLOCATE|[49]|Bytes:476
07:48:28.0 (45964983)|HEAP_ALLOCATE|[49]|Bytes:71
07:48:28.0 (45972405)|HEAP_ALLOCATE|[49]|Bytes:84
07:48:28.0 (45983992)|CONSTRUCTOR_ENTRY|[49]|01p0a000004sKzV|<init>()
07:48:28.0 (46005365)|VARIABLE_SCOPE_BEGIN|[545]|this|PAW_New_EditCntrllr.WraperClass|true|false
07:48:28.0 (46040386)|VARIABLE_ASSIGNMENT|[545]|this|{}|0xc5bf1cb
07:48:28.0 (46046613)|STATEMENT_EXECUTE|[523]
07:48:28.0 (46047968)|STATEMENT_EXECUTE|[524]
07:48:28.0 (46049485)|STATEMENT_EXECUTE|[525]
07:48:28.0 (46050410)|STATEMENT_EXECUTE|[526]
07:48:28.0 (46051198)|STATEMENT_EXECUTE|[527]
07:48:28.0 (46051980)|STATEMENT_EXECUTE|[528]
07:48:28.0 (46052918)|STATEMENT_EXECUTE|[529]
07:48:28.0 (46053800)|STATEMENT_EXECUTE|[530]
07:48:28.0 (46054711)|STATEMENT_EXECUTE|[531]
07:48:28.0 (46055576)|STATEMENT_EXECUTE|[532]
07:48:28.0 (46056380)|STATEMENT_EXECUTE|[533]
07:48:28.0 (46057154)|STATEMENT_EXECUTE|[534]
07:48:28.0 (46057931)|STATEMENT_EXECUTE|[535]
07:48:28.0 (46058704)|STATEMENT_EXECUTE|[536]
07:48:28.0 (46059476)|STATEMENT_EXECUTE|[537]
07:48:28.0 (46060256)|STATEMENT_EXECUTE|[538]
07:48:28.0 (46061031)|STATEMENT_EXECUTE|[539]
07:48:28.0 (46061808)|STATEMENT_EXECUTE|[540]
07:48:28.0 (46062587)|STATEMENT_EXECUTE|[541]
07:48:28.0 (46063373)|STATEMENT_EXECUTE|[542]
07:48:28.0 (46064153)|STATEMENT_EXECUTE|[543]
07:48:28.0 (46078581)|STATEMENT_EXECUTE|[545]
07:48:28.0 (46079610)|STATEMENT_EXECUTE|[546]
07:48:28.0 (46109702)|HEAP_ALLOCATE|[546]|Bytes:4
07:48:28.0 (46239746)|VARIABLE_ASSIGNMENT|[EXTERNAL]|this|{}|0xc5bf1cb
07:48:28.0 (46251031)|VARIABLE_ASSIGNMENT|[EXTERNAL]|value|{}|0x22f0e3d8
07:48:28.0 (46259981)|VARIABLE_ASSIGNMENT|[524]|this.pyAgrmntWrksht|{}|0xc5bf1cb
07:48:28.0 (46268347)|STATEMENT_EXECUTE|[547]
07:48:28.0 (46295642)|HEAP_ALLOCATE|[547]|Bytes:4
07:48:28.0 (46384916)|VARIABLE_ASSIGNMENT|[EXTERNAL]|this|{"pyAgrmntWrksht":"0x22f0e3d8"}|0xc5bf1cb
07:48:28.0 (46393651)|VARIABLE_ASSIGNMENT|[EXTERNAL]|value|{}|0x4b939c70
07:48:28.0 (46401340)|VARIABLE_ASSIGNMENT|[525]|this.insrncBnft|{}|0xc5bf1cb
07:48:28.0 (46407805)|STATEMENT_EXECUTE|[548]
07:48:28.0 (46449414)|VARIABLE_ASSIGNMENT|[EXTERNAL]|this|{"insrncBnft":"0x4b939c70","pyAgrmntWrksht":"0x22f0e3d8"}|0xc5bf1cb
07:48:28.0 (46456285)|VARIABLE_ASSIGNMENT|[EXTERNAL]|value|""
07:48:28.0 (46463819)|VARIABLE_ASSIGNMENT|[526]|this.insrncBnftSelected|""|0xc5bf1cb
07:48:28.0 (46470810)|STATEMENT_EXECUTE|[549]
07:48:28.0 (46508650)|VARIABLE_ASSIGNMENT|[EXTERNAL]|this|{"insrncBnft":"0x4b939c70","insrncBnftSelected":"","pyAgrmntWrksht":"0x22f0e3d8"}|0xc5bf1cb
07:48:28.0 (46515654)|VARIABLE_ASSIGNMENT|[EXTERNAL]|value|""
07:48:28.0 (46522198)|VARIABLE_ASSIGNMENT|[527]|this.facilitySelected|""|0xc5bf1cb
07:48:28.0 (46528292)|STATEMENT_EXECUTE|[550]
07:48:28.0 (46569546)|VARIABLE_ASSIGNMENT|[EXTERNAL]|this|{"facilitySelected":"","insrncBnft":"0x4b939c70","insrncBnftSelected":"","pyAgrmntWrksht":"0x22f0e3d8"}|0xc5bf1cb
07:48:28.0 (46576698)|VARIABLE_ASSIGNMENT|[EXTERNAL]|value|""
07:48:28.0 (46582971)|VARIABLE_ASSIGNMENT|[528]|this.fcltyPrgrmSelected|""|0xc5bf1cb
07:48:28.0 (46589102)|STATEMENT_EXECUTE|[551]
07:48:28.0 (46626486)|VARIABLE_ASSIGNMENT|[EXTERNAL]|this|{"facilitySelected":"","fcltyPrgrmSelected":"","insrncBnft":"0x4b939c70","insrncBnftSelected":"","pyAgrmntWrksht":"0x22f0e3d8"}|0xc5bf1cb
07:48:28.0 (46637264)|VARIABLE_ASSIGNMENT|[EXTERNAL]|value|""
07:48:28.0 (46643733)|VARIABLE_ASSIGNMENT|[529]|this.rateAdjstmntSelected|""|0xc5bf1cb
07:48:28.0 (46649996)|STATEMENT_EXECUTE|[552]
07:48:28.0 (46691626)|VARIABLE_ASSIGNMENT|[EXTERNAL]|this|{"facilitySelected":"","fcltyPrgrmSelected":"","insrncBnft":"0x4b939c70","insrncBnftSelected":"","pyAgrmntWrksht":"0x22f0e3d8","rateAdjstmntSelected":""}|0xc5bf1cb
07:48:28.0 (46701828)|VARIABLE_ASSIGNMENT|[EXTERNAL]|value|0
07:48:28.0 (46706896)|HEAP_ALLOCATE|[530]|Bytes:4
07:48:28.0 (46713228)|VARIABLE_ASSIGNMENT|[530]|this.totalRowCount|0|0xc5bf1cb
07:48:28.0 (46719457)|STATEMENT_EXECUTE|[553]
07:48:28.0 (46722378)|HEAP_ALLOCATE|[553]|Bytes:4
07:48:28.0 (46752694)|HEAP_ALLOCATE|[553]|Bytes:28
07:48:28.0 (46799310)|VARIABLE_ASSIGNMENT|[EXTERNAL]|this|{"facilitySelected":"","fcltyPrgrmSelected":"","insrncBnft":"0x4b939c70","insrncBnftSelected":"","pyAgrmntWrksht":"0x22f0e3d8","rateAdjstmntSelected":"","totalRowCount":0}|0xc5bf1cb
07:48:28.0 (46810517)|VARIABLE_ASSIGNMENT|[EXTERNAL]|value|0.00
07:48:28.0 (46818360)|VARIABLE_ASSIGNMENT|[531]|this.totalTalbottDay|0.00|0xc5bf1cb
07:48:28.0 (46824811)|STATEMENT_EXECUTE|[554]
07:48:28.0 (46829894)|HEAP_ALLOCATE|[554]|Bytes:28
07:48:28.0 (46874999)|VARIABLE_ASSIGNMENT|[EXTERNAL]|this|{"facilitySelected":"","fcltyPrgrmSelected":"","insrncBnft":"0x4b939c70","insrncBnftSelected":"","pyAgrmntWrksht":"0x22f0e3d8","rateAdjstmntSelected":"","totalRowCount":0,"totalTalbottDay":0.00}|0xc5bf1cb
07:48:28.0 (46883332)|VARIABLE_ASSIGNMENT|[EXTERNAL]|value|0.00
07:48:28.0 (46890513)|VARIABLE_ASSIGNMENT|[532]|this.totalInsCoResp|0.00|0xc5bf1cb
07:48:28.0 (46896541)|STATEMENT_EXECUTE|[555]
07:48:28.0 (46900816)|HEAP_ALLOCATE|[555]|Bytes:28
07:48:28.0 (46942676)|VARIABLE_ASSIGNMENT|[EXTERNAL]|this|{"facilitySelected":"","fcltyPrgrmSelected":"","insrncBnft":"0x4b939c70","insrncBnftSelected":"","pyAgrmntWrksht":"0x22f0e3d8","rateAdjstmntSelected":"","totalInsCoResp":0.00,"totalRowCount":0,"totalTalbottDay":0.00}|0xc5bf1cb
07:48:28.0 (46951394)|VARIABLE_ASSIGNMENT|[EXTERNAL]|value|0.00
07:48:28.0 (46958769)|VARIABLE_ASSIGNMENT|[533]|this.totalCoPayAmt|0.00|0xc5bf1cb
07:48:28.0 (46965041)|STATEMENT_EXECUTE|[556]
07:48:28.0 (46969003)|HEAP_ALLOCATE|[556]|Bytes:28
07:48:28.0 (47010311)|VARIABLE_ASSIGNMENT|[EXTERNAL]|this|{"facilitySelected":"","fcltyPrgrmSelected":"","insrncBnft":"0x4b939c70","insrncBnftSelected":"","pyAgrmntWrksht":"0x22f0e3d8","rateAdjstmntSelected":"","totalCoPayAmt":0.00,"totalInsCoResp":0.00,"totalRowCount":0,"totalTalbottDay":0.00}|0xc5bf1cb
07:48:28.0 (47018917)|VARIABLE_ASSIGNMENT|[EXTERNAL]|value|0.00
07:48:28.0 (47025340)|VARIABLE_ASSIGNMENT|[534]|this.targetEDR|0.00|0xc5bf1cb
07:48:28.0 (47031669)|STATEMENT_EXECUTE|[557]
07:48:28.0 (47035615)|HEAP_ALLOCATE|[557]|Bytes:28
07:48:28.0 (47042140)|VARIABLE_ASSIGNMENT|[557]|this.totalAppliedDeductible|0.00|0xc5bf1cb
07:48:28.0 (47046271)|STATEMENT_EXECUTE|[558]
07:48:28.0 (47048641)|HEAP_ALLOCATE|[558]|Bytes:28
07:48:28.0 (47054150)|VARIABLE_ASSIGNMENT|[558]|this.totalCoInsurance|0.00|0xc5bf1cb
07:48:28.0 (47058255)|STATEMENT_EXECUTE|[559]
07:48:28.0 (47060565)|HEAP_ALLOCATE|[559]|Bytes:28
07:48:28.0 (47066405)|VARIABLE_ASSIGNMENT|[559]|this.totalInsEIVAmt|0.00|0xc5bf1cb
07:48:28.0 (47070412)|STATEMENT_EXECUTE|[560]
07:48:28.0 (47115627)|VARIABLE_ASSIGNMENT|[EXTERNAL]|this|{"facilitySelected":"","fcltyPrgrmSelected":"","insrncBnft":"0x4b939c70","insrncBnftSelected":"","pyAgrmntWrksht":"0x22f0e3d8","rateAdjstmntSelected":"","targetEDR":0.00,"totalAppliedDeductib (2 more) ...":0.00,"totalCoInsurance":0.00,"totalCoPayAmt":0.00,"totalInsCoResp":0.00,"totalInsEIVAmt":0.00,"totalRowCount":0,"totalTalbottDay":0.00}|0xc5bf1cb
07:48:28.0 (47126408)|VARIABLE_ASSIGNMENT|[EXTERNAL]|value|false
07:48:28.0 (47131698)|HEAP_ALLOCATE|[542]|Bytes:5
07:48:28.0 (47136835)|VARIABLE_ASSIGNMENT|[542]|this.pawDetailListDisplayFlag|false|0xc5bf1cb
07:48:28.0 (47143695)|STATEMENT_EXECUTE|[561]
07:48:28.0 (47182834)|HEAP_ALLOCATE|[561]|Bytes:4
07:48:28.0 (47276014)|VARIABLE_ASSIGNMENT|[EXTERNAL]|this|{"facilitySelected":"","fcltyPrgrmSelected":"","insrncBnft":"0x4b939c70","insrncBnftSelected":"","pawDetailListDisplay (4 more) ...":false,"pyAgrmntWrksht":"0x22f0e3d8","rateAdjstmntSelected":"","targetEDR":0.00,"totalAppliedDeductib (2 more) ...":0.00,"totalCoInsurance":0.00,"totalCoPayAmt":0.00,"totalInsCoResp":0.00,"totalInsEIVAmt":0.00,"totalRowCount":0,"totalTalbottDay":0.00}|0xc5bf1cb
07:48:28.0 (47289809)|HEAP_ALLOCATE|[EXTERNAL]|Bytes:4
07:48:28.0 (47299418)|VARIABLE_ASSIGNMENT|[EXTERNAL]|value|[]|0x34c36be5
07:48:28.0 (47308739)|VARIABLE_ASSIGNMENT|[543]|this.relatedPAWDetailsList|[]|0xc5bf1cb
07:48:28.0 (47317020)|CONSTRUCTOR_EXIT|[49]|01p0a000004sKzV|<init>()
07:48:28.0 (47361160)|VARIABLE_ASSIGNMENT|[EXTERNAL]|this|{"isIop":false,"isTalbott":false,"oppId":"","quoteObj":"0x11b91475","sObjectQueryStr":""}|0x23dc6acc
07:48:28.0 (47394881)|VARIABLE_ASSIGNMENT|[EXTERNAL]|value|{"facilitySelected":"","fcltyPrgrmSelected":"","insrncBnft":"0x4b939c70","insrncBnftSelected":"","pawDetailListDisplay (4 more) ...":false,"pyAgrmntWrksht":"0x22f0e3d8","rateAdjstmntSelected":"","relatedPAWDetailsLis (1 more) ...":"0x34c36be5","targetEDR":0.00,"totalAppliedDeductib (2 more) ...":0.00,"totalCoInsurance":0.00,"totalCoPayAmt":0.00,"totalInsCoResp":0.00,"totalInsEIVAmt":0.00,"totalRowCount":0,"totalTalbottDay":0.00}|0xc5bf1cb
07:48:28.0 (47408927)|VARIABLE_ASSIGNMENT|[30]|this.wrprObj|0xc5bf1cb|0x23dc6acc
07:48:28.0 (47415696)|STATEMENT_EXECUTE|[50]
07:48:28.0 (47447391)|HEAP_ALLOCATE|[50]|Bytes:4
07:48:28.0 (47559794)|VARIABLE_ASSIGNMENT|[EXTERNAL]|this|{"isIop":false,"isTalbott":false,"oppId":"","quoteObj":"0x11b91475","sObjectQueryStr":"","wrprObj":"0xc5bf1cb"}|0x23dc6acc
07:48:28.0 (47570255)|VARIABLE_ASSIGNMENT|[EXTERNAL]|value|{}|0x3d4e878
07:48:28.0 (47579757)|VARIABLE_ASSIGNMENT|[18]|this.ptntInsrncObj|{}|0x23dc6acc
07:48:28.0 (47586654)|STATEMENT_EXECUTE|[51]
07:48:28.0 (47598164)|HEAP_ALLOCATE|[51]|Bytes:4
07:48:28.0 (47641649)|HEAP_ALLOCATE|[EXTERNAL]|Bytes:4
07:48:28.0 (47650440)|VARIABLE_ASSIGNMENT|[51]|this.ptntInsrnceOptions|[]|0x23dc6acc
07:48:28.0 (47655265)|STATEMENT_EXECUTE|[52]
07:48:28.0 (47660839)|HEAP_ALLOCATE|[52]|Bytes:4
07:48:28.0 (47682383)|HEAP_ALLOCATE|[EXTERNAL]|Bytes:4
07:48:28.0 (47687788)|VARIABLE_ASSIGNMENT|[52]|this.insrncBnftOptions|[]|0x23dc6acc
07:48:28.0 (47692210)|STATEMENT_EXECUTE|[53]
07:48:28.0 (47696862)|HEAP_ALLOCATE|[53]|Bytes:4
07:48:28.0 (47751863)|VARIABLE_ASSIGNMENT|[EXTERNAL]|this|{"insrncBnftOptions":"0x69e72d88","isIop":false,"isTalbott":false,"oppId":"","ptntInsrnceOptions":"0x7c077744","ptntInsrncObj":"0x3d4e878","quoteObj":"0x11b91475","sObjectQueryStr":"","wrprObj":"0xc5bf1cb"}|0x23dc6acc
07:48:28.0 (47769986)|HEAP_ALLOCATE|[EXTERNAL]|Bytes:4
07:48:28.0 (47774945)|VARIABLE_ASSIGNMENT|[EXTERNAL]|value|[]|0x5834c794
07:48:28.0 (47783975)|VARIABLE_ASSIGNMENT|[14]|this.faciltyOptions|[]|0x23dc6acc
07:48:28.0 (47791114)|STATEMENT_EXECUTE|[54]
07:48:28.0 (47796050)|HEAP_ALLOCATE|[54]|Bytes:4
07:48:28.0 (47846632)|VARIABLE_ASSIGNMENT|[EXTERNAL]|this|{"faciltyOptions":"0x5834c794","insrncBnftOptions":"0x69e72d88","isIop":false,"isTalbott":false,"oppId":"","ptntInsrnceOptions":"0x7c077744","ptntInsrncObj":"0x3d4e878","quoteObj":"0x11b91475","sObjectQueryStr":"","wrprObj":"0xc5bf1cb"}|0x23dc6acc
07:48:28.0 (47861551)|HEAP_ALLOCATE|[EXTERNAL]|Bytes:4
07:48:28.0 (47865839)|VARIABLE_ASSIGNMENT|[EXTERNAL]|value|[]|0x1cb5480a
07:48:28.0 (47874123)|VARIABLE_ASSIGNMENT|[15]|this.fcltyPrgrmOptions|[]|0x23dc6acc
07:48:28.0 (47880464)|STATEMENT_EXECUTE|[55]
07:48:28.0 (47885429)|HEAP_ALLOCATE|[55]|Bytes:4
07:48:28.0 (47903873)|HEAP_ALLOCATE|[EXTERNAL]|Bytes:4
07:48:28.0 (47909055)|VARIABLE_ASSIGNMENT|[55]|this.rtAdjstmntOptions|[]|0x23dc6acc
07:48:28.0 (47913068)|STATEMENT_EXECUTE|[56]
07:48:28.0 (47927485)|HEAP_ALLOCATE|[56]|Bytes:4
07:48:28.0 (47944687)|VARIABLE_ASSIGNMENT|[56]|this.idToOwnershipFacilityMap|{}|0x23dc6acc
07:48:28.0 (47949588)|STATEMENT_EXECUTE|[57]
07:48:28.0 (47954685)|HEAP_ALLOCATE|[57]|Bytes:4
07:48:28.0 (47962337)|VARIABLE_ASSIGNMENT|[57]|this.idToTypeFacilityMap|{}|0x23dc6acc
07:48:28.0 (47966556)|STATEMENT_EXECUTE|[58]
07:48:28.0 (48002733)|HEAP_ALLOCATE|[58]|Bytes:4
07:48:28.0 (48029640)|VARIABLE_ASSIGNMENT|[58]|this.insrncBnftMap|{}|0x23dc6acc
07:48:28.0 (48034330)|STATEMENT_EXECUTE|[59]
07:48:28.0 (48061782)|HEAP_ALLOCATE|[59]|Bytes:4
07:48:28.0 (48115713)|VARIABLE_ASSIGNMENT|[59]|this.estmtCvrgeDaysObj|{}|0x23dc6acc
07:48:28.0 (48120974)|STATEMENT_EXECUTE|[60]
07:48:28.0 (48131809)|HEAP_ALLOCATE|[60]|Bytes:4
07:48:28.0 (48145496)|VARIABLE_ASSIGNMENT|[60]|this.pawObj|{}|0x23dc6acc
07:48:28.0 (48150206)|STATEMENT_EXECUTE|[61]
07:48:28.0 (48210254)|HEAP_ALLOCATE|[61]|Bytes:39
07:48:28.0 (48243034)|HEAP_ALLOCATE|[61]|Bytes:17
07:48:28.0 (48259442)|HEAP_ALLOCATE|[61]|Bytes:2
07:48:28.0 (48337543)|VARIABLE_ASSIGNMENT|[EXTERNAL]|this|{"estmtCvrgeDaysObj":"0x2539c515","faciltyOptions":"0x5834c794","fcltyPrgrmOptions":"0x1cb5480a","idToOwnershipFacilit (4 more) ...":"0x1c552367","idToTypeFacilityMap":"0x2a16cdff","insrncBnftMap":"0xc7342eb","insrncBnftOptions":"0x69e72d88","isIop":false,"isTalbott":false,"oppId":"","pawObj":"0x67892f1d","ptntInsrnceOptions":"0x7c077744","ptntInsrncObj":"0x3d4e878","quoteObj":"0x11b91475","rtAdjstmntOptions":"0x52727690","sObjectQueryStr":"","wrprObj":"0xc5bf1cb"}|0x23dc6acc
07:48:28.0 (48350036)|VARIABLE_ASSIGNMENT|[EXTERNAL]|value|"00629000004NTeZ"
07:48:28.0 (48359243)|VARIABLE_ASSIGNMENT|[7]|this.recordId|"00629000004NTeZ"|0x23dc6acc
07:48:28.0 (48366664)|STATEMENT_EXECUTE|[62]
07:48:28.0 (48381729)|HEAP_ALLOCATE|[62]|Bytes:39
07:48:28.0 (48399286)|HEAP_ALLOCATE|[62]|Bytes:17
07:48:28.0 (48411093)|HEAP_ALLOCATE|[62]|Bytes:5
07:48:28.0 (48425160)|VARIABLE_ASSIGNMENT|[62]|this.isClone|null|0x23dc6acc
07:48:28.0 (48429485)|STATEMENT_EXECUTE|[63]
07:48:28.0 (48440312)|HEAP_ALLOCATE|[63]|Bytes:39
07:48:28.0 (48453459)|HEAP_ALLOCATE|[63]|Bytes:17
07:48:28.0 (48463122)|HEAP_ALLOCATE|[63]|Bytes:7
07:48:28.0 (48475072)|VARIABLE_ASSIGNMENT|[63]|this.quoteId|null|0x23dc6acc
07:48:28.0 (48479216)|STATEMENT_EXECUTE|[64]
07:48:28.0 (50851039)|HEAP_ALLOCATE|[64]|Bytes:160
07:48:28.0 (50861166)|HEAP_ALLOCATE|[64]|Bytes:11
07:48:28.0 (50873321)|HEAP_ALLOCATE|[64]|Bytes:44
07:48:28.0 (50887889)|CONSTRUCTOR_ENTRY|[64]|01p29000000Aswe|<init>()
07:48:28.0 (50910347)|VARIABLE_SCOPE_BEGIN|[12]|this|PAW_Editor_YearEndController.MetaData|true|false
07:48:28.0 (50951187)|VARIABLE_ASSIGNMENT|[12]|this|{}|0x44b3b963
07:48:28.0 (50969344)|STATEMENT_EXECUTE|[12]
07:48:28.0 (50971289)|STATEMENT_EXECUTE|[13]
07:48:28.0 (50972405)|STATEMENT_EXECUTE|[14]
07:48:28.0 (50973328)|STATEMENT_EXECUTE|[15]
07:48:28.0 (50974281)|STATEMENT_EXECUTE|[16]
07:48:28.0 (50975067)|STATEMENT_EXECUTE|[17]
07:48:28.0 (50975998)|STATEMENT_EXECUTE|[18]
07:48:28.0 (50976878)|STATEMENT_EXECUTE|[19]
07:48:28.0 (50977791)|STATEMENT_EXECUTE|[20]
07:48:28.0 (50978682)|STATEMENT_EXECUTE|[21]
07:48:28.0 (50979481)|STATEMENT_EXECUTE|[22]
07:48:28.0 (50982211)|CONSTRUCTOR_EXIT|[64]|01p29000000Aswe|<init>()
07:48:28.0 (51044972)|VARIABLE_ASSIGNMENT|[EXTERNAL]|this|{"estmtCvrgeDaysObj":"0x2539c515","faciltyOptions":"0x5834c794","fcltyPrgrmOptions":"0x1cb5480a","idToOwnershipFacilit (4 more) ...":"0x1c552367","idToTypeFacilityMap":"0x2a16cdff","insrncBnftMap":"0xc7342eb","insrncBnftOptions":"0x69e72d88","isIop":false,"isTalbott":false,"oppId":"","pawObj":"0x67892f1d","ptntInsrnceOptions":"0x7c077744","ptntInsrncObj":"0x3d4e878","quoteObj":"0x11b91475","recordId":"00629000004NTeZ","rtAdjstmntOptions":"0x52727690","sObjectQueryStr":"","wrprObj":"0xc5bf1cb"}|0x23dc6acc
07:48:28.0 (51068556)|VARIABLE_ASSIGNMENT|[EXTERNAL]|value|{}|0x44b3b963
07:48:28.0 (51078954)|VARIABLE_ASSIGNMENT|[37]|this.meta|0x44b3b963|0x23dc6acc
07:48:28.0 (55149656)|HEAP_ALLOCATE|[EXTERNAL]|Bytes:112
07:48:28.0 (55161556)|VARIABLE_SCOPE_BEGIN|[69]|this|PAW_New_EditCntrllr|true|false
07:48:28.0 (55223261)|VARIABLE_ASSIGNMENT|[69]|this|{"estmtCvrgeDaysObj":"0x2539c515","faciltyOptions":"0x5834c794","fcltyPrgrmOptions":"0x1cb5480a","idToOwnershipFacilit (4 more) ...":"0x1c552367","idToTypeFacilityMap":"0x2a16cdff","insrncBnftMap":"0xc7342eb","insrncBnftOptions":"0x69e72d88","isIop":false,"isTalbott":false,"meta":"0x44b3b963","oppId":"","pawObj":"0x67892f1d","ptntInsrnceOptions":"0x7c077744","ptntInsrncObj":"0x3d4e878","quoteObj":"0x11b91475","recordId":"00629000004NTeZ","rtAdjstmntOptions":"0x52727690","sObjectQueryStr":"","wrprObj":"0xc5bf1cb"}|0x23dc6acc
07:48:28.0 (55239810)|STATEMENT_EXECUTE|[69]
07:48:28.0 (55241253)|STATEMENT_EXECUTE|[71]
07:48:28.0 (55244193)|HEAP_ALLOCATE|[71]|Bytes:5
07:48:28.0 (55272599)|USER_DEBUG|[71]|DEBUG|>>> 1
07:48:28.0 (55285708)|STATEMENT_EXECUTE|[72]
07:48:28.0 (55345035)|VARIABLE_ASSIGNMENT|[EXTERNAL]|this|{"estmtCvrgeDaysObj":"0x2539c515","faciltyOptions":"0x5834c794","fcltyPrgrmOptions":"0x1cb5480a","idToOwnershipFacilit (4 more) ...":"0x1c552367","idToTypeFacilityMap":"0x2a16cdff","insrncBnftMap":"0xc7342eb","insrncBnftOptions":"0x69e72d88","isIop":false,"isTalbott":false,"meta":"0x44b3b963","oppId":"","pawObj":"0x67892f1d","ptntInsrnceOptions":"0x7c077744","ptntInsrncObj":"0x3d4e878","quoteObj":"0x11b91475","recordId":"00629000004NTeZ","rtAdjstmntOptions":"0x52727690","sObjectQueryStr":"","wrprObj":"0xc5bf1cb"}|0x23dc6acc
07:48:28.0 (55407021)|VARIABLE_ASSIGNMENT|[EXTERNAL]|this|{"estmtCvrgeDaysObj":"0x2539c515","faciltyOptions":"0x5834c794","fcltyPrgrmOptions":"0x1cb5480a","idToOwnershipFacilit (4 more) ...":"0x1c552367","idToTypeFacilityMap":"0x2a16cdff","insrncBnftMap":"0xc7342eb","insrncBnftOptions":"0x69e72d88","isIop":false,"isTalbott":false,"meta":"0x44b3b963","oppId":"","pawObj":"0x67892f1d","ptntInsrnceOptions":"0x7c077744","ptntInsrncObj":"0x3d4e878","quoteObj":"0x11b91475","recordId":"00629000004NTeZ","rtAdjstmntOptions":"0x52727690","sObjectQueryStr":"","wrprObj":"0xc5bf1cb"}|0x23dc6acc
07:48:28.0 (55445658)|STATEMENT_EXECUTE|[79]
07:48:28.0 (55494207)|VARIABLE_ASSIGNMENT|[EXTERNAL]|this|{"estmtCvrgeDaysObj":"0x2539c515","faciltyOptions":"0x5834c794","fcltyPrgrmOptions":"0x1cb5480a","idToOwnershipFacilit (4 more) ...":"0x1c552367","idToTypeFacilityMap":"0x2a16cdff","insrncBnftMap":"0xc7342eb","insrncBnftOptions":"0x69e72d88","isIop":false,"isTalbott":false,"meta":"0x44b3b963","oppId":"","pawObj":"0x67892f1d","ptntInsrnceOptions":"0x7c077744","ptntInsrncObj":"0x3d4e878","quoteObj":"0x11b91475","recordId":"00629000004NTeZ","rtAdjstmntOptions":"0x52727690","sObjectQueryStr":"","wrprObj":"0xc5bf1cb"}|0x23dc6acc
07:48:28.0 (55511367)|HEAP_ALLOCATE|[81]|Bytes:11
07:48:28.0 (56038880)|HEAP_ALLOCATE|[81]|Bytes:4
07:48:28.0 (56066973)|HEAP_ALLOCATE|[81]|Bytes:3
07:48:28.0 (56100653)|STATEMENT_EXECUTE|[81]
07:48:28.0 (56102539)|STATEMENT_EXECUTE|[82]
07:48:28.0 (56181186)|VARIABLE_ASSIGNMENT|[EXTERNAL]|this|{"estmtCvrgeDaysObj":"0x2539c515","faciltyOptions":"0x5834c794","fcltyPrgrmOptions":"0x1cb5480a","idToOwnershipFacilit (4 more) ...":"0x1c552367","idToTypeFacilityMap":"0x2a16cdff","insrncBnftMap":"0xc7342eb","insrncBnftOptions":"0x69e72d88","isIop":false,"isTalbott":false,"meta":"0x44b3b963","oppId":"","pawObj":"0x67892f1d","ptntInsrnceOptions":"0x7c077744","ptntInsrncObj":"0x3d4e878","quoteObj":"0x11b91475","recordId":"00629000004NTeZ","rtAdjstmntOptions":"0x52727690","sObjectQueryStr":"","wrprObj":"0xc5bf1cb"}|0x23dc6acc
07:48:28.0 (56197020)|VARIABLE_ASSIGNMENT|[EXTERNAL]|value|false
07:48:28.0 (56203410)|HEAP_ALLOCATE|[31]|Bytes:5
07:48:28.0 (56211797)|VARIABLE_ASSIGNMENT|[31]|this.showPILookup|false|0x23dc6acc
07:48:28.0 (56219957)|STATEMENT_EXECUTE|[83]
07:48:28.0 (56271208)|VARIABLE_ASSIGNMENT|[EXTERNAL]|this|{"estmtCvrgeDaysObj":"0x2539c515","faciltyOptions":"0x5834c794","fcltyPrgrmOptions":"0x1cb5480a","idToOwnershipFacilit (4 more) ...":"0x1c552367","idToTypeFacilityMap":"0x2a16cdff","insrncBnftMap":"0xc7342eb","insrncBnftOptions":"0x69e72d88","isIop":false,"isTalbott":false,"meta":"0x44b3b963","oppId":"","pawObj":"0x67892f1d","ptntInsrnceOptions":"0x7c077744","ptntInsrncObj":"0x3d4e878","quoteObj":"0x11b91475","recordId":"00629000004NTeZ","rtAdjstmntOptions":"0x52727690","showPILookup":false,"sObjectQueryStr":"","wrprObj":"0xc5bf1cb"}|0x23dc6acc
07:48:28.0 (56289299)|VARIABLE_ASSIGNMENT|[83]|this.oppId|"00629000004NTeZ"|0x23dc6acc
07:48:28.0 (56293947)|STATEMENT_EXECUTE|[84]
07:48:28.0 (56306483)|METHOD_ENTRY|[84]|01p0a000004sKzV|PAW_New_EditCntrllr.getPtntInsrnceOptions()
07:48:28.0 (56319135)|VARIABLE_SCOPE_BEGIN|[186]|this|PAW_New_EditCntrllr|true|false
07:48:28.0 (56363488)|VARIABLE_ASSIGNMENT|[186]|this|{"estmtCvrgeDaysObj":"0x2539c515","faciltyOptions":"0x5834c794","fcltyPrgrmOptions":"0x1cb5480a","idToOwnershipFacilit (4 more) ...":"0x1c552367","idToTypeFacilityMap":"0x2a16cdff","insrncBnftMap":"0xc7342eb","insrncBnftOptions":"0x69e72d88","isIop":false,"isTalbott":false,"meta":"0x44b3b963","oppId":"00629000004NTeZ","pawObj":"0x67892f1d","ptntInsrnceOptions":"0x7c077744","ptntInsrncObj":"0x3d4e878","quoteObj":"0x11b91475","recordId":"00629000004NTeZ","rtAdjstmntOptions":"0x52727690","showPILookup":false,"sObjectQueryStr":"","wrprObj":"0xc5bf1cb"}|0x23dc6acc
07:48:28.0 (56375632)|STATEMENT_EXECUTE|[186]
07:48:28.0 (56376900)|STATEMENT_EXECUTE|[190]
07:48:28.0 (56385694)|HEAP_ALLOCATE|[190]|Bytes:4
07:48:28.0 (56421508)|HEAP_ALLOCATE|[EXTERNAL]|Bytes:4
07:48:28.0 (56429447)|VARIABLE_ASSIGNMENT|[190]|this.ptntInsrnceOptions|[]|0x23dc6acc
07:48:28.0 (56434684)|STATEMENT_EXECUTE|[191]
07:48:28.0 (56441190)|HEAP_ALLOCATE|[191]|Bytes:12
07:48:28.0 (56493893)|HEAP_ALLOCATE|[EXTERNAL]|Bytes:4
07:48:28.0 (56501064)|STATEMENT_EXECUTE|[192]
07:48:28.0 (56540725)|HEAP_ALLOCATE|[192]|Bytes:4
07:48:28.0 (56546508)|HEAP_ALLOCATE|[192]|Bytes:95
07:48:28.0 (56558625)|HEAP_ALLOCATE|[192]|Bytes:4
07:48:28.0 (56570094)|HEAP_ALLOCATE|[192]|Bytes:7
07:48:28.0 (56847127)|SOQL_EXECUTE_BEGIN|[192]|Aggregations:0|SELECT Id, Name, Insurance_Company__c FROM Patient_Insurance__c WHERE Opportunity__c = :tmpVar1
07:48:28.0 (59738970)|SOQL_EXECUTE_END|[192]|Rows:4
07:48:28.0 (59758212)|HEAP_ALLOCATE|[192]|Bytes:20
07:48:28.0 (59781503)|HEAP_ALLOCATE|[192]|Bytes:449
07:48:28.0 (59823445)|HEAP_ALLOCATE|[192]|Bytes:20
07:48:28.0 (59854827)|HEAP_ALLOCATE|[192]|Bytes:16
07:48:28.0 (59864428)|HEAP_ALLOCATE|[192]|Bytes:4
07:48:28.0 (59868845)|HEAP_ALLOCATE|[192]|Bytes:16
07:48:28.0 (59872909)|HEAP_ALLOCATE|[192]|Bytes:4
07:48:28.0 (59875801)|HEAP_ALLOCATE|[192]|Bytes:16
07:48:28.0 (59879265)|HEAP_ALLOCATE|[192]|Bytes:4
07:48:28.0 (59881797)|HEAP_ALLOCATE|[192]|Bytes:16
07:48:28.0 (59885910)|HEAP_ALLOCATE|[192]|Bytes:4
07:48:28.0 (59919549)|VARIABLE_ASSIGNMENT|[192]|this.ptntInsrncMap|{"a1b29000000l40nAAA":{"Id":"a1b29000000l40nAAA","Name":"Maria Johnson - BCBS (17 more) ...","Insurance_Company__c":"0012900000AXSPBAA5"},"a1b29000000lvHQAAY":{"Id":"a1b29000000lvHQAAY","Name":"Maria Johnson - Valu (23 more) ...","Insurance_Company__c":"0012900000AXSP3AAP"},"a1b29000000lvHVAAY":{"Id":"a1b29000000lvHVAAY","Name":"Maria Johnson - Priv (7 more) ...","Insurance_Company__c":"0012900000AXSDqAAP"},"a1b29000000ly7uAAA":{"Id":"a1b29000000ly7uAAA","Name":"Maria Johnson - Alle (6 more) ...","Insurance_Company__c":"0012900000AXSlPAAX"}}|0x23dc6acc
07:48:28.0 (59960704)|HEAP_ALLOCATE|[EXTERNAL]|Bytes:20
07:48:28.0 (59972051)|HEAP_ALLOCATE|[197]|Bytes:465
07:48:28.0 (60125757)|HEAP_ALLOCATE|[197]|Bytes:5
07:48:28.0 (60139404)|HEAP_ALLOCATE|[197]|Bytes:16
07:48:28.0 (60146319)|VARIABLE_SCOPE_BEGIN|[197]|ptntInsrnceInstance|Patient_Insurance__c|true|false
07:48:28.0 (60161074)|VARIABLE_ASSIGNMENT|[197]|ptntInsrnceInstance|{"Id":"a1b29000000l40nAAA","Name":"Maria Johnson - BCBS (17 more) ...","Insurance_Company__c":"0012900000AXSPBAA5"}|0x690d54c7
07:48:28.0 (60167274)|STATEMENT_EXECUTE|[197]
07:48:28.0 (60168705)|STATEMENT_EXECUTE|[198]
07:48:28.0 (60202511)|HEAP_ALLOCATE|[198]|Bytes:18
07:48:28.0 (60253541)|HEAP_ALLOCATE|[EXTERNAL]|Bytes:4
07:48:28.0 (60266995)|HEAP_ALLOCATE|[197]|Bytes:5
07:48:28.0 (60275851)|HEAP_ALLOCATE|[197]|Bytes:16
07:48:28.0 (60280954)|VARIABLE_SCOPE_BEGIN|[197]|ptntInsrnceInstance|Patient_Insurance__c|true|false
07:48:28.0 (60294508)|VARIABLE_ASSIGNMENT|[197]|ptntInsrnceInstance|{"Id":"a1b29000000lvHQAAY","Name":"Maria Johnson - Valu (23 more) ...","Insurance_Company__c":"0012900000AXSP3AAP"}|0x4432d0d8
07:48:28.0 (60299836)|STATEMENT_EXECUTE|[197]
07:48:28.0 (60300998)|STATEMENT_EXECUTE|[198]
07:48:28.0 (60309922)|HEAP_ALLOCATE|[198]|Bytes:18
07:48:28.0 (60320885)|HEAP_ALLOCATE|[EXTERNAL]|Bytes:4
07:48:28.0 (60329570)|HEAP_ALLOCATE|[197]|Bytes:5
07:48:28.0 (60335837)|HEAP_ALLOCATE|[197]|Bytes:16
07:48:28.0 (60340490)|VARIABLE_SCOPE_BEGIN|[197]|ptntInsrnceInstance|Patient_Insurance__c|true|false
07:48:28.0 (60350534)|VARIABLE_ASSIGNMENT|[197]|ptntInsrnceInstance|{"Id":"a1b29000000lvHVAAY","Name":"Maria Johnson - Priv (7 more) ...","Insurance_Company__c":"0012900000AXSDqAAP"}|0x40746103
07:48:28.0 (60355101)|STATEMENT_EXECUTE|[197]
07:48:28.0 (60356055)|STATEMENT_EXECUTE|[198]
07:48:28.0 (60361632)|HEAP_ALLOCATE|[198]|Bytes:18
07:48:28.0 (60370145)|HEAP_ALLOCATE|[EXTERNAL]|Bytes:4
07:48:28.0 (60377602)|HEAP_ALLOCATE|[197]|Bytes:5
07:48:28.0 (60383674)|HEAP_ALLOCATE|[197]|Bytes:16
07:48:28.0 (60387682)|VARIABLE_SCOPE_BEGIN|[197]|ptntInsrnceInstance|Patient_Insurance__c|true|false
07:48:28.0 (60397466)|VARIABLE_ASSIGNMENT|[197]|ptntInsrnceInstance|{"Id":"a1b29000000ly7uAAA","Name":"Maria Johnson - Alle (6 more) ...","Insurance_Company__c":"0012900000AXSlPAAX"}|0x2644d4b6
07:48:28.0 (60401978)|STATEMENT_EXECUTE|[197]
07:48:28.0 (60402876)|STATEMENT_EXECUTE|[198]
07:48:28.0 (60407720)|HEAP_ALLOCATE|[198]|Bytes:18
07:48:28.0 (60416143)|HEAP_ALLOCATE|[EXTERNAL]|Bytes:4
07:48:28.0 (60423335)|HEAP_ALLOCATE|[197]|Bytes:5
07:48:28.0 (60430595)|VARIABLE_ASSIGNMENT|[197]|ptntInsrnceInstance|null|
07:48:28.0 (60434351)|STATEMENT_EXECUTE|[201]
07:48:28.0 (60440082)|METHOD_EXIT|[84]|01p0a000004sKzV|PAW_New_EditCntrllr.getPtntInsrnceOptions()
07:48:28.0 (60512144)|VARIABLE_ASSIGNMENT|[EXTERNAL]|this|{"estmtCvrgeDaysObj":"0x2539c515","faciltyOptions":"0x5834c794","fcltyPrgrmOptions":"0x1cb5480a","idToOwnershipFacilit (4 more) ...":"0x1c552367","idToTypeFacilityMap":"0x2a16cdff","insrncBnftMap":"0xc7342eb","insrncBnftOptions":"0x69e72d88","isIop":false,"isTalbott":false,"meta":"0x44b3b963","oppId":"00629000004NTeZ","pawObj":"0x67892f1d","ptntInsrnceOptions":"0x62a2a9da","ptntInsrncMap":"0x11779ff8","ptntInsrncObj":"0x3d4e878","quoteObj":"0x11b91475","recordId":"00629000004NTeZ","rtAdjstmntOptions":"0x52727690","showPILookup":false,"sObjectQueryStr":"","wrprObj":"0xc5bf1cb"}|0x23dc6acc
07:48:28.0 (60531456)|HEAP_ALLOCATE|[86]|Bytes:26
07:48:28.0 (60646439)|HEAP_ALLOCATE|[86]|Bytes:4
07:48:28.0 (60663796)|HEAP_ALLOCATE|[86]|Bytes:3
07:48:28.0 (60684031)|STATEMENT_EXECUTE|[86]
07:48:28.0 (60685991)|STATEMENT_EXECUTE|[156]
07:48:28.0 (60694513)|METHOD_ENTRY|[156]|01p0a000004sKzV|PAW_New_EditCntrllr.getRedirect()
07:48:28.0 (60711088)|VARIABLE_SCOPE_BEGIN|[159]|this|PAW_New_EditCntrllr|true|false
07:48:28.0 (60768231)|VARIABLE_ASSIGNMENT|[159]|this|{"estmtCvrgeDaysObj":"0x2539c515","faciltyOptions":"0x5834c794","fcltyPrgrmOptions":"0x1cb5480a","idToOwnershipFacilit (4 more) ...":"0x1c552367","idToTypeFacilityMap":"0x2a16cdff","insrncBnftMap":"0xc7342eb","insrncBnftOptions":"0x69e72d88","isIop":false,"isTalbott":false,"meta":"0x44b3b963","oppId":"00629000004NTeZ","pawObj":"0x67892f1d","ptntInsrnceOptions":"0x62a2a9da","ptntInsrncMap":"0x11779ff8","ptntInsrncObj":"0x3d4e878","quoteObj":"0x11b91475","recordId":"00629000004NTeZ","rtAdjstmntOptions":"0x52727690","showPILookup":false,"sObjectQueryStr":"","wrprObj":"0xc5bf1cb"}|0x23dc6acc
07:48:28.0 (60781980)|STATEMENT_EXECUTE|[159]
07:48:28.0 (60783293)|STATEMENT_EXECUTE|[160]
07:48:28.0 (60785597)|HEAP_ALLOCATE|[160]|Bytes:5
07:48:28.0 (60806147)|USER_DEBUG|[160]|DEBUG|>>> 2
07:48:28.0 (60812533)|STATEMENT_EXECUTE|[161]
07:48:28.0 (60820758)|METHOD_ENTRY|[161]|01p0a000004sKzV|PAW_New_EditCntrllr.redirectIfLocked()
07:48:28.0 (60831147)|VARIABLE_SCOPE_BEGIN|[177]|this|PAW_New_EditCntrllr|true|false
07:48:28.0 (60879904)|VARIABLE_ASSIGNMENT|[177]|this|{"estmtCvrgeDaysObj":"0x2539c515","faciltyOptions":"0x5834c794","fcltyPrgrmOptions":"0x1cb5480a","idToOwnershipFacilit (4 more) ...":"0x1c552367","idToTypeFacilityMap":"0x2a16cdff","insrncBnftMap":"0xc7342eb","insrncBnftOptions":"0x69e72d88","isIop":false,"isTalbott":false,"meta":"0x44b3b963","oppId":"00629000004NTeZ","pawObj":"0x67892f1d","ptntInsrnceOptions":"0x62a2a9da","ptntInsrncMap":"0x11779ff8","ptntInsrncObj":"0x3d4e878","quoteObj":"0x11b91475","recordId":"00629000004NTeZ","rtAdjstmntOptions":"0x52727690","showPILookup":false,"sObjectQueryStr":"","wrprObj":"0xc5bf1cb"}|0x23dc6acc
07:48:28.0 (60891543)|STATEMENT_EXECUTE|[177]
07:48:28.0 (60940361)|VARIABLE_ASSIGNMENT|[EXTERNAL]|this|{"estmtCvrgeDaysObj":"0x2539c515","faciltyOptions":"0x5834c794","fcltyPrgrmOptions":"0x1cb5480a","idToOwnershipFacilit (4 more) ...":"0x1c552367","idToTypeFacilityMap":"0x2a16cdff","insrncBnftMap":"0xc7342eb","insrncBnftOptions":"0x69e72d88","isIop":false,"isTalbott":false,"meta":"0x44b3b963","oppId":"00629000004NTeZ","pawObj":"0x67892f1d","ptntInsrnceOptions":"0x62a2a9da","ptntInsrncMap":"0x11779ff8","ptntInsrncObj":"0x3d4e878","quoteObj":"0x11b91475","recordId":"00629000004NTeZ","rtAdjstmntOptions":"0x52727690","showPILookup":false,"sObjectQueryStr":"","wrprObj":"0xc5bf1cb"}|0x23dc6acc
07:48:28.0 (60954737)|STATEMENT_EXECUTE|[178]
07:48:28.0 (60956020)|STATEMENT_EXECUTE|[182]
07:48:28.0 (61000290)|VARIABLE_ASSIGNMENT|[EXTERNAL]|this|{"estmtCvrgeDaysObj":"0x2539c515","faciltyOptions":"0x5834c794","fcltyPrgrmOptions":"0x1cb5480a","idToOwnershipFacilit (4 more) ...":"0x1c552367","idToTypeFacilityMap":"0x2a16cdff","insrncBnftMap":"0xc7342eb","insrncBnftOptions":"0x69e72d88","isIop":false,"isTalbott":false,"meta":"0x44b3b963","oppId":"00629000004NTeZ","pawObj":"0x67892f1d","ptntInsrnceOptions":"0x62a2a9da","ptntInsrncMap":"0x11779ff8","ptntInsrncObj":"0x3d4e878","quoteObj":"0x11b91475","recordId":"00629000004NTeZ","rtAdjstmntOptions":"0x52727690","showPILookup":false,"sObjectQueryStr":"","wrprObj":"0xc5bf1cb"}|0x23dc6acc
07:48:28.0 (63985118)|VARIABLE_SCOPE_BEGIN|[4]|RecordLockUtility.isLockedFlag|Boolean|false|true
07:48:28.0 (64002435)|HEAP_ALLOCATE|[182]|Bytes:13
07:48:28.0 (64018759)|METHOD_ENTRY|[1]|01p0a000004sCDb|RecordLockUtility.RecordLockUtility()
07:48:28.0 (64024085)|STATEMENT_EXECUTE|[1]
07:48:28.0 (64027275)|STATEMENT_EXECUTE|[1]
07:48:28.0 (64334929)|SYSTEM_MODE_ENTER|false
07:48:28.0 (64343808)|HEAP_ALLOCATE|[182]|Bytes:5
07:48:28.0 (64350799)|SYSTEM_MODE_EXIT|false
07:48:28.0 (64359184)|METHOD_EXIT|[1]|RecordLockUtility
07:48:28.0 (64377161)|METHOD_ENTRY|[182]|01p0a000004sCDb|RecordLockUtility.redirectIfLocked(String)
07:48:28.0 (64384535)|VARIABLE_SCOPE_BEGIN|[29]|recordId|String|false|false
07:48:28.0 (64393461)|VARIABLE_ASSIGNMENT|[29]|recordId|"00629000004NTeZ"
07:48:28.0 (64409512)|SYSTEM_MODE_ENTER|false
07:48:28.0 (64414093)|HEAP_ALLOCATE|[30]|Bytes:5
07:48:28.0 (64418155)|STATEMENT_EXECUTE|[29]
07:48:28.0 (64419270)|STATEMENT_EXECUTE|[30]
07:48:28.0 (64429577)|HEAP_ALLOCATE|[30]|Bytes:4
07:48:28.0 (64442331)|METHOD_ENTRY|[30]|01p0a000004sCDb|RecordLockUtility.verifyIfLocked(Id)
07:48:28.0 (64478239)|VARIABLE_SCOPE_BEGIN|[14]|pRecordId|Id|false|false
07:48:28.0 (64595045)|VARIABLE_ASSIGNMENT|[14]|pRecordId|"00629000004NTeZAAW"
07:48:28.0 (64611243)|HEAP_ALLOCATE|[15]|Bytes:5
07:48:28.0 (64615203)|STATEMENT_EXECUTE|[14]
07:48:28.0 (64616356)|STATEMENT_EXECUTE|[15]
07:48:28.0 (65079905)|HEAP_ALLOCATE|[15]|Bytes:5
07:48:28.0 (65090057)|METHOD_EXIT|[30]|01p0a000004sCDb|RecordLockUtility.verifyIfLocked(Id)
07:48:28.0 (65096721)|HEAP_ALLOCATE|[30]|Bytes:5
07:48:28.0 (65106456)|VARIABLE_ASSIGNMENT|[30]|RecordLockUtility.isLockedFlag|false
07:48:28.0 (65112557)|STATEMENT_EXECUTE|[35]
07:48:28.0 (65113612)|STATEMENT_EXECUTE|[36]
07:48:28.0 (65116033)|SYSTEM_MODE_EXIT|false
07:48:28.0 (65122720)|METHOD_EXIT|[182]|01p0a000004sCDb|RecordLockUtility.redirectIfLocked(String)
07:48:28.0 (65128389)|METHOD_EXIT|[161]|01p0a000004sKzV|PAW_New_EditCntrllr.redirectIfLocked()
07:48:28.0 (65133311)|VARIABLE_SCOPE_BEGIN|[161]|redirectPR|System.PageReference|true|false
07:48:28.0 (65141361)|VARIABLE_ASSIGNMENT|[161]|redirectPR|null|
07:48:28.0 (65145095)|STATEMENT_EXECUTE|[162]
07:48:28.0 (65149308)|STATEMENT_EXECUTE|[166]
07:48:28.0 (65150158)|STATEMENT_EXECUTE|[173]
07:48:28.0 (65152612)|METHOD_EXIT|[156]|01p0a000004sKzV|PAW_New_EditCntrllr.getRedirect()
07:48:28.65 (65481633)|SYSTEM_MODE_ENTER|true
07:48:28.65 (65509842)|HEAP_ALLOCATE|[EXTERNAL]|Bytes:38
07:48:28.65 (65515944)|HEAP_ALLOCATE|[EXTERNAL]|Bytes:7
07:48:28.65 (65524911)|SYSTEM_METHOD_ENTRY|[1]|PageMessagesComponentController.PageMessagesComponentController()
07:48:28.65 (65528254)|STATEMENT_EXECUTE|[1]
07:48:28.65 (65660973)|SYSTEM_MODE_ENTER|true
07:48:28.65 (65704708)|HEAP_ALLOCATE|[EXTERNAL]|Bytes:8
07:48:28.65 (65710756)|VARIABLE_SCOPE_BEGIN|[88]|this|ApexPage.PageMessagesComponentController|true|false
07:48:28.65 (65736259)|VARIABLE_ASSIGNMENT|[88]|this|{}|0x1956ad1b
07:48:28.65 (65741828)|VARIABLE_SCOPE_BEGIN|[88]|escape|Boolean|false|false
07:48:28.65 (65747678)|VARIABLE_ASSIGNMENT|[88]|escape|null
07:48:28.65 (65869018)|SYSTEM_MODE_ENTER|true
07:48:28.65 (65893878)|HEAP_ALLOCATE|[EXTERNAL]|Bytes:8
07:48:28.65 (65899077)|VARIABLE_SCOPE_BEGIN|[2]|this|ApexPage.PageMessagesComponentController|true|false
07:48:28.65 (65915881)|VARIABLE_ASSIGNMENT|[2]|this|{}|0x1956ad1b
07:48:28.0 (66582831)|SYSTEM_MODE_ENTER|true
07:48:28.0 (66759625)|SYSTEM_MODE_ENTER|true
07:48:28.0 (67013124)|SYSTEM_MODE_ENTER|true
07:48:28.0 (71200938)|SYSTEM_MODE_ENTER|true
07:48:28.0 (71256119)|SYSTEM_MODE_ENTER|true
07:48:28.87 (87635101)|SYSTEM_MODE_ENTER|true
07:48:28.87 (87707654)|HEAP_ALLOCATE|[EXTERNAL]|Bytes:8
07:48:28.87 (87719735)|VARIABLE_SCOPE_BEGIN|[88]|this|ApexPage.PageMessagesComponentController|true|false
07:48:28.87 (87754794)|VARIABLE_ASSIGNMENT|[88]|this|{}|0x1956ad1b
07:48:28.87 (87761179)|VARIABLE_SCOPE_BEGIN|[88]|escape|Boolean|false|false
07:48:28.87 (87768304)|VARIABLE_ASSIGNMENT|[88]|escape|null
07:48:28.87 (87901073)|SYSTEM_MODE_ENTER|true
07:48:28.87 (87926127)|HEAP_ALLOCATE|[EXTERNAL]|Bytes:8
07:48:28.87 (87931884)|VARIABLE_SCOPE_BEGIN|[2]|this|ApexPage.PageMessagesComponentController|true|false
07:48:28.87 (87948922)|VARIABLE_ASSIGNMENT|[2]|this|{}|0x1956ad1b
07:48:28.0 (90376624)|SYSTEM_MODE_ENTER|true
07:48:28.0 (90407386)|HEAP_ALLOCATE|[EXTERNAL]|Bytes:112
07:48:28.0 (90414994)|VARIABLE_SCOPE_BEGIN|[186]|this|PAW_New_EditCntrllr|true|false
07:48:28.0 (90496532)|VARIABLE_ASSIGNMENT|[186]|this|{"estmtCvrgeDaysObj":"0x2539c515","faciltyOptions":"0x5834c794","fcltyPrgrmOptions":"0x1cb5480a","idToOwnershipFacilit (4 more) ...":"0x1c552367","idToTypeFacilityMap":"0x2a16cdff","insrncBnftMap":"0xc7342eb","insrncBnftOptions":"0x69e72d88","isIop":false,"isTalbott":false,"meta":"0x44b3b963","oppId":"00629000004NTeZ","pawObj":"0x67892f1d","ptntInsrnceOptions":"0x62a2a9da","ptntInsrncMap":"0x11779ff8","ptntInsrncObj":"0x3d4e878","quoteObj":"0x11b91475","recordId":"00629000004NTeZ","rtAdjstmntOptions":"0x52727690","showPILookup":false,"sObjectQueryStr":"","wrprObj":"0xc5bf1cb"}|0x23dc6acc
07:48:28.0 (90512907)|STATEMENT_EXECUTE|[186]
07:48:28.0 (90514755)|STATEMENT_EXECUTE|[190]
07:48:28.0 (90527018)|HEAP_ALLOCATE|[190]|Bytes:4
07:48:28.0 (90565999)|HEAP_ALLOCATE|[EXTERNAL]|Bytes:4
07:48:28.0 (90576435)|VARIABLE_ASSIGNMENT|[190]|this.ptntInsrnceOptions|[]|0x23dc6acc
07:48:28.0 (90581244)|STATEMENT_EXECUTE|[191]
07:48:28.0 (90604696)|HEAP_ALLOCATE|[EXTERNAL]|Bytes:4
07:48:28.0 (90610709)|STATEMENT_EXECUTE|[192]
07:48:28.0 (90632981)|HEAP_ALLOCATE|[192]|Bytes:4
07:48:28.0 (90642192)|HEAP_ALLOCATE|[192]|Bytes:4
07:48:28.0 (90871836)|SOQL_EXECUTE_BEGIN|[192]|Aggregations:0|SELECT Id, Name, Insurance_Company__c FROM Patient_Insurance__c WHERE Opportunity__c = :tmpVar1
07:48:28.0 (93768046)|SOQL_EXECUTE_END|[192]|Rows:4
07:48:28.0 (93788884)|HEAP_ALLOCATE|[192]|Bytes:20
07:48:28.0 (93813131)|HEAP_ALLOCATE|[192]|Bytes:449
07:48:28.0 (93843098)|HEAP_ALLOCATE|[192]|Bytes:20
07:48:28.0 (93859236)|HEAP_ALLOCATE|[192]|Bytes:16
07:48:28.0 (93869139)|HEAP_ALLOCATE|[192]|Bytes:4
07:48:28.0 (93873117)|HEAP_ALLOCATE|[192]|Bytes:16
07:48:28.0 (93877305)|HEAP_ALLOCATE|[192]|Bytes:4
07:48:28.0 (93880176)|HEAP_ALLOCATE|[192]|Bytes:16
07:48:28.0 (93883695)|HEAP_ALLOCATE|[192]|Bytes:4
07:48:28.0 (93886151)|HEAP_ALLOCATE|[192]|Bytes:16
07:48:28.0 (93890123)|HEAP_ALLOCATE|[192]|Bytes:4
07:48:28.0 (93924311)|VARIABLE_ASSIGNMENT|[192]|this.ptntInsrncMap|{"a1b29000000l40nAAA":{"Id":"a1b29000000l40nAAA","Name":"Maria Johnson - BCBS (17 more) ...","Insurance_Company__c":"0012900000AXSPBAA5"},"a1b29000000lvHQAAY":{"Id":"a1b29000000lvHQAAY","Name":"Maria Johnson - Valu (23 more) ...","Insurance_Company__c":"0012900000AXSP3AAP"},"a1b29000000lvHVAAY":{"Id":"a1b29000000lvHVAAY","Name":"Maria Johnson - Priv (7 more) ...","Insurance_Company__c":"0012900000AXSDqAAP"},"a1b29000000ly7uAAA":{"Id":"a1b29000000ly7uAAA","Name":"Maria Johnson - Alle (6 more) ...","Insurance_Company__c":"0012900000AXSlPAAX"}}|0x23dc6acc
07:48:28.0 (93948661)|HEAP_ALLOCATE|[EXTERNAL]|Bytes:20
07:48:28.0 (93959039)|HEAP_ALLOCATE|[197]|Bytes:465
07:48:28.0 (93979718)|HEAP_ALLOCATE|[197]|Bytes:5
07:48:28.0 (93989986)|HEAP_ALLOCATE|[197]|Bytes:16
07:48:28.0 (93998061)|VARIABLE_SCOPE_BEGIN|[197]|ptntInsrnceInstance|Patient_Insurance__c|true|false
07:48:28.0 (94011174)|VARIABLE_ASSIGNMENT|[197]|ptntInsrnceInstance|{"Id":"a1b29000000l40nAAA","Name":"Maria Johnson - BCBS (17 more) ...","Insurance_Company__c":"0012900000AXSPBAA5"}|0x2d2f87f3
07:48:28.0 (94018585)|STATEMENT_EXECUTE|[197]
07:48:28.0 (94020059)|STATEMENT_EXECUTE|[198]
07:48:28.0 (94039721)|HEAP_ALLOCATE|[198]|Bytes:18
07:48:28.0 (94054096)|HEAP_ALLOCATE|[EXTERNAL]|Bytes:4
07:48:28.0 (94064194)|HEAP_ALLOCATE|[197]|Bytes:5
07:48:28.0 (94071204)|HEAP_ALLOCATE|[197]|Bytes:16
07:48:28.0 (94075400)|VARIABLE_SCOPE_BEGIN|[197]|ptntInsrnceInstance|Patient_Insurance__c|true|false
07:48:28.0 (94086735)|VARIABLE_ASSIGNMENT|[197]|ptntInsrnceInstance|{"Id":"a1b29000000lvHQAAY","Name":"Maria Johnson - Valu (23 more) ...","Insurance_Company__c":"0012900000AXSP3AAP"}|0x3d622532
07:48:28.0 (94091211)|STATEMENT_EXECUTE|[197]
07:48:28.0 (94092198)|STATEMENT_EXECUTE|[198]
07:48:28.0 (94098118)|HEAP_ALLOCATE|[198]|Bytes:18
07:48:28.0 (94106828)|HEAP_ALLOCATE|[EXTERNAL]|Bytes:4
07:48:28.0 (94117704)|HEAP_ALLOCATE|[197]|Bytes:5
07:48:28.0 (94124686)|HEAP_ALLOCATE|[197]|Bytes:16
07:48:28.0 (94129401)|VARIABLE_SCOPE_BEGIN|[197]|ptntInsrnceInstance|Patient_Insurance__c|true|false
07:48:28.0 (94139291)|VARIABLE_ASSIGNMENT|[197]|ptntInsrnceInstance|{"Id":"a1b29000000lvHVAAY","Name":"Maria Johnson - Priv (7 more) ...","Insurance_Company__c":"0012900000AXSDqAAP"}|0x72fc30dc
07:48:28.0 (94144146)|STATEMENT_EXECUTE|[197]
07:48:28.0 (94145076)|STATEMENT_EXECUTE|[198]
07:48:28.0 (94150506)|HEAP_ALLOCATE|[198]|Bytes:18
07:48:28.0 (94158447)|HEAP_ALLOCATE|[EXTERNAL]|Bytes:4
07:48:28.0 (94165947)|HEAP_ALLOCATE|[197]|Bytes:5
07:48:28.0 (94171973)|HEAP_ALLOCATE|[197]|Bytes:16
07:48:28.0 (94175710)|VARIABLE_SCOPE_BEGIN|[197]|ptntInsrnceInstance|Patient_Insurance__c|true|false
07:48:28.0 (94185293)|VARIABLE_ASSIGNMENT|[197]|ptntInsrnceInstance|{"Id":"a1b29000000ly7uAAA","Name":"Maria Johnson - Alle (6 more) ...","Insurance_Company__c":"0012900000AXSlPAAX"}|0x7ec96df9
07:48:28.0 (94190072)|STATEMENT_EXECUTE|[197]
07:48:28.0 (94190936)|STATEMENT_EXECUTE|[198]
07:48:28.0 (94195805)|HEAP_ALLOCATE|[198]|Bytes:18
07:48:28.0 (94204122)|HEAP_ALLOCATE|[EXTERNAL]|Bytes:4
07:48:28.0 (94211760)|HEAP_ALLOCATE|[197]|Bytes:5
07:48:28.0 (94219289)|VARIABLE_ASSIGNMENT|[197]|ptntInsrnceInstance|null|
07:48:28.0 (94223172)|STATEMENT_EXECUTE|[201]
07:48:28.0 (95631108)|SYSTEM_MODE_ENTER|true
07:48:28.0 (95660647)|HEAP_ALLOCATE|[EXTERNAL]|Bytes:112
07:48:28.0 (95667407)|VARIABLE_SCOPE_BEGIN|[215]|this|PAW_New_EditCntrllr|true|false
07:48:28.0 (95732523)|VARIABLE_ASSIGNMENT|[215]|this|{"estmtCvrgeDaysObj":"0x2539c515","faciltyOptions":"0x5834c794","fcltyPrgrmOptions":"0x1cb5480a","idToOwnershipFacilit (4 more) ...":"0x1c552367","idToTypeFacilityMap":"0x2a16cdff","insrncBnftMap":"0xc7342eb","insrncBnftOptions":"0x69e72d88","isIop":false,"isTalbott":false,"meta":"0x44b3b963","oppId":"00629000004NTeZ","pawObj":"0x67892f1d","ptntInsrnceOptions":"0x73731da7","ptntInsrncMap":"0x4840df68","ptntInsrncObj":"0x3d4e878","quoteObj":"0x11b91475","recordId":"00629000004NTeZ","rtAdjstmntOptions":"0x52727690","showPILookup":false,"sObjectQueryStr":"","wrprObj":"0xc5bf1cb"}|0x23dc6acc
07:48:28.0 (95748708)|STATEMENT_EXECUTE|[215]
07:48:28.0 (95750261)|STATEMENT_EXECUTE|[216]
07:48:28.0 (95792232)|STATEMENT_EXECUTE|[217]
07:48:28.0 (95836199)|HEAP_ALLOCATE|[EXTERNAL]|Bytes:4
07:48:28.0 (95902458)|VARIABLE_ASSIGNMENT|[EXTERNAL]|this|{"estmtCvrgeDaysObj":"0x2539c515","faciltyOptions":"0x5834c794","fcltyPrgrmOptions":"0x1cb5480a","idToOwnershipFacilit (4 more) ...":"0x1c552367","idToTypeFacilityMap":"0x2a16cdff","insrncBnftMap":"0xc7342eb","insrncBnftOptions":"0x69e72d88","isIop":false,"isTalbott":false,"meta":"0x44b3b963","oppId":"00629000004NTeZ","pawObj":"0x67892f1d","ptntInsrnceOptions":"0x73731da7","ptntInsrncMap":"0x4840df68","ptntInsrncObj":"0x3d4e878","quoteObj":"0x11b91475","recordId":"00629000004NTeZ","rtAdjstmntOptions":"0x52727690","showPILookup":false,"sObjectQueryStr":"","wrprObj":"0xc5bf1cb"}|0x23dc6acc
07:48:28.0 (95918254)|STATEMENT_EXECUTE|[218]
07:48:28.0 (95919406)|STATEMENT_EXECUTE|[219]
07:48:28.0 (95942125)|HEAP_ALLOCATE|[219]|Bytes:4
07:48:28.0 (95948170)|HEAP_ALLOCATE|[219]|Bytes:1083
07:48:28.0 (95955075)|HEAP_ALLOCATE|[219]|Bytes:4
07:48:28.0 (96014837)|VARIABLE_ASSIGNMENT|[EXTERNAL]|this|{"estmtCvrgeDaysObj":"0x2539c515","faciltyOptions":"0x5834c794","fcltyPrgrmOptions":"0x1cb5480a","idToOwnershipFacilit (4 more) ...":"0x1c552367","idToTypeFacilityMap":"0x2a16cdff","insrncBnftMap":"0xc7342eb","insrncBnftOptions":"0x69e72d88","isIop":false,"isTalbott":false,"meta":"0x44b3b963","oppId":"00629000004NTeZ","pawObj":"0x67892f1d","ptntInsrnceOptions":"0x73731da7","ptntInsrncMap":"0x4840df68","ptntInsrncObj":"0x3d4e878","quoteObj":"0x11b91475","recordId":"00629000004NTeZ","rtAdjstmntOptions":"0x52727690","showPILookup":false,"sObjectQueryStr":"","wrprObj":"0xc5bf1cb"}|0x23dc6acc
07:48:28.0 (99092114)|SOQL_EXECUTE_BEGIN|[219]|Aggregations:0|SELECT Id, Name, RecordType.Name, Uncovered_Charges__c, Patient_Insurance__r.Accepts_Assignment_of_Benefits__c, Patient_Insurance__r.Opportunity__c, Patient_Insurance__r.Accreditation__c, Patient_Insurance__r.Insurance_Company__r.Name, PHP_Admit_Co_Payment__c, Detox_Admit_Co_Payment__c, RTC_Admit_Co_Payment__c, Deductible__c, Deductible_Met__c, IOP_Admit_Co_Payment__c, Max_Out_of_Pocket_Remaining__c, Insurance_Company_is_Out_of_Network__c, Annual_Max_Remaining__c, Deductible_Remaining__c, Detox_Pays_at__c, Detox_Over__c, RTC_Pays_at__c, Residential_Treatment_Override__c, PHP_Pays_at__c, Partial_Hospitalization_Override__c, IOP_Pays_at__c, Intensive_Outpatient_Override__c, Num_Days_Uncovered__c, Num_Days_Room__c, Uncovered_Days_Rate__c, Room_and_Board_Days_Rate__c, Uncovered_Days_Override__c, Room_and_Board_Days_Override__c, Deductible_Included_in_OOP__c, Uncovered_Days__c, Lifetime_Max__c, Lifetime_Max_Met__c, Annual_Max__c, Annual_Max_Met__c, Max_Out_of_Pocket__c, Max_Out_of_Pocket_Met__c, Co_Pay_Met__c FROM Insurance_Benefit__c WHERE Patient_Insurance__c = :tmpVar1
07:48:28.0 (102271797)|SOQL_EXECUTE_END|[219]|Rows:0
07:48:28.0 (102294797)|HEAP_ALLOCATE|[219]|Bytes:4
07:48:28.0 (102309216)|HEAP_ALLOCATE|[219]|Bytes:0
07:48:28.0 (102363383)|HEAP_ALLOCATE|[219]|Bytes:4
07:48:28.0 (102393285)|VARIABLE_ASSIGNMENT|[219]|this.insrncBnftMap|{}|0x23dc6acc
07:48:28.0 (102427456)|HEAP_ALLOCATE|[EXTERNAL]|Bytes:4
07:48:28.0 (102433656)|HEAP_ALLOCATE|[263]|Bytes:4
07:48:28.0 (102570364)|HEAP_ALLOCATE|[263]|Bytes:5
07:48:28.0 (102583768)|VARIABLE_ASSIGNMENT|[263]|insrncBnftInstance|null|
07:48:28.0 (102589202)|STATEMENT_EXECUTE|[263]
07:48:28.0 (102669607)|VARIABLE_ASSIGNMENT|[EXTERNAL]|this|{"estmtCvrgeDaysObj":"0x2539c515","faciltyOptions":"0x5834c794","fcltyPrgrmOptions":"0x1cb5480a","idToOwnershipFacilit (4 more) ...":"0x1c552367","idToTypeFacilityMap":"0x2a16cdff","insrncBnftMap":"0x4e8e4ed7","insrncBnftOptions":"0x69e72d88","isIop":false,"isTalbott":false,"meta":"0x44b3b963","oppId":"00629000004NTeZ","pawObj":"0x67892f1d","ptntInsrnceOptions":"0x73731da7","ptntInsrncMap":"0x4840df68","ptntInsrncObj":"0x3d4e878","quoteObj":"0x11b91475","recordId":"00629000004NTeZ","rtAdjstmntOptions":"0x52727690","showPILookup":false,"sObjectQueryStr":"","wrprObj":"0xc5bf1cb"}|0x23dc6acc
07:48:28.0 (102738012)|VARIABLE_ASSIGNMENT|[EXTERNAL]|this|{"facilitySelected":"","fcltyPrgrmSelected":"","insrncBnft":"0x4b939c70","insrncBnftSelected":"","pawDetailListDisplay (4 more) ...":false,"pyAgrmntWrksht":"0x22f0e3d8","rateAdjstmntSelected":"","relatedPAWDetailsLis (1 more) ...":"0x34c36be5","targetEDR":0.00,"totalAppliedDeductib (2 more) ...":0.00,"totalCoInsurance":0.00,"totalCoPayAmt":0.00,"totalInsCoResp":0.00,"totalInsEIVAmt":0.00,"totalRowCount":0,"totalTalbottDay":0.00}|0xc5bf1cb
07:48:28.0 (102793836)|VARIABLE_ASSIGNMENT|[EXTERNAL]|this|{"estmtCvrgeDaysObj":"0x2539c515","faciltyOptions":"0x5834c794","fcltyPrgrmOptions":"0x1cb5480a","idToOwnershipFacilit (4 more) ...":"0x1c552367","idToTypeFacilityMap":"0x2a16cdff","insrncBnftMap":"0x4e8e4ed7","insrncBnftOptions":"0x69e72d88","isIop":false,"isTalbott":false,"meta":"0x44b3b963","oppId":"00629000004NTeZ","pawObj":"0x67892f1d","ptntInsrnceOptions":"0x73731da7","ptntInsrncMap":"0x4840df68","ptntInsrncObj":"0x3d4e878","quoteObj":"0x11b91475","recordId":"00629000004NTeZ","rtAdjstmntOptions":"0x52727690","showPILookup":false,"sObjectQueryStr":"","wrprObj":"0xc5bf1cb"}|0x23dc6acc
07:48:28.0 (102837628)|VARIABLE_ASSIGNMENT|[EXTERNAL]|this|{"facilitySelected":"","fcltyPrgrmSelected":"","insrncBnft":"0x4b939c70","insrncBnftSelected":"","pawDetailListDisplay (4 more) ...":false,"pyAgrmntWrksht":"0x22f0e3d8","rateAdjstmntSelected":"","relatedPAWDetailsLis (1 more) ...":"0x34c36be5","targetEDR":0.00,"totalAppliedDeductib (2 more) ...":0.00,"totalCoInsurance":0.00,"totalCoPayAmt":0.00,"totalInsCoResp":0.00,"totalInsEIVAmt":0.00,"totalRowCount":0,"totalTalbottDay":0.00}|0xc5bf1cb
07:48:28.0 (102860936)|STATEMENT_EXECUTE|[269]
07:48:28.0 (102862299)|STATEMENT_EXECUTE|[270]
07:48:28.0 (102911520)|VARIABLE_ASSIGNMENT|[EXTERNAL]|this|{"estmtCvrgeDaysObj":"0x2539c515","faciltyOptions":"0x5834c794","fcltyPrgrmOptions":"0x1cb5480a","idToOwnershipFacilit (4 more) ...":"0x1c552367","idToTypeFacilityMap":"0x2a16cdff","insrncBnftMap":"0x4e8e4ed7","insrncBnftOptions":"0x69e72d88","isIop":false,"isTalbott":false,"meta":"0x44b3b963","oppId":"00629000004NTeZ","pawObj":"0x67892f1d","ptntInsrnceOptions":"0x73731da7","ptntInsrncMap":"0x4840df68","ptntInsrncObj":"0x3d4e878","quoteObj":"0x11b91475","recordId":"00629000004NTeZ","rtAdjstmntOptions":"0x52727690","showPILookup":false,"sObjectQueryStr":"","wrprObj":"0xc5bf1cb"}|0x23dc6acc
07:48:28.0 (102956666)|VARIABLE_ASSIGNMENT|[EXTERNAL]|this|{"facilitySelected":"","fcltyPrgrmSelected":"","insrncBnft":"0x4b939c70","insrncBnftSelected":"","pawDetailListDisplay (4 more) ...":false,"pyAgrmntWrksht":"0x22f0e3d8","rateAdjstmntSelected":"","relatedPAWDetailsLis (1 more) ...":"0x34c36be5","targetEDR":0.00,"totalAppliedDeductib (2 more) ...":0.00,"totalCoInsurance":0.00,"totalCoPayAmt":0.00,"totalInsCoResp":0.00,"totalInsEIVAmt":0.00,"totalRowCount":0,"totalTalbottDay":0.00}|0xc5bf1cb
07:48:28.0 (102966537)|VARIABLE_ASSIGNMENT|[EXTERNAL]|value|null|
07:48:28.0 (102973543)|VARIABLE_ASSIGNMENT|[525]|this.insrncBnft|null|0xc5bf1cb
07:48:28.0 (102980452)|STATEMENT_EXECUTE|[272]
07:48:28.0 (103618459)|SYSTEM_MODE_ENTER|true
07:48:28.0 (103829908)|SYSTEM_MODE_ENTER|true
07:48:28.0 (103856952)|HEAP_ALLOCATE|[EXTERNAL]|Bytes:112
07:48:28.0 (103864158)|VARIABLE_SCOPE_BEGIN|[379]|this|PAW_New_EditCntrllr|true|false
07:48:28.0 (103924079)|VARIABLE_ASSIGNMENT|[379]|this|{"estmtCvrgeDaysObj":"0x2539c515","faciltyOptions":"0x5834c794","fcltyPrgrmOptions":"0x1cb5480a","idToOwnershipFacilit (4 more) ...":"0x1c552367","idToTypeFacilityMap":"0x2a16cdff","insrncBnftMap":"0x4e8e4ed7","insrncBnftOptions":"0x69e72d88","isIop":false,"isTalbott":false,"meta":"0x44b3b963","oppId":"00629000004NTeZ","pawObj":"0x67892f1d","ptntInsrnceOptions":"0x73731da7","ptntInsrncMap":"0x4840df68","ptntInsrncObj":"0x3d4e878","quoteObj":"0x11b91475","recordId":"00629000004NTeZ","rtAdjstmntOptions":"0x52727690","showPILookup":false,"sObjectQueryStr":"","wrprObj":"0xc5bf1cb"}|0x23dc6acc
07:48:28.0 (103940130)|STATEMENT_EXECUTE|[379]
07:48:28.0 (103941666)|STATEMENT_EXECUTE|[380]
07:48:28.0 (103951075)|HEAP_ALLOCATE|[380]|Bytes:4
07:48:28.0 (103993084)|HEAP_ALLOCATE|[EXTERNAL]|Bytes:4
07:48:28.0 (104002043)|VARIABLE_ASSIGNMENT|[380]|this.rtAdjstmntOptions|[]|0x23dc6acc
07:48:28.0 (104007588)|STATEMENT_EXECUTE|[381]
07:48:28.0 (104013347)|HEAP_ALLOCATE|[381]|Bytes:8
07:48:28.0 (104054787)|HEAP_ALLOCATE|[EXTERNAL]|Bytes:4
07:48:28.0 (104120472)|VARIABLE_ASSIGNMENT|[EXTERNAL]|this|{"estmtCvrgeDaysObj":"0x2539c515","faciltyOptions":"0x5834c794","fcltyPrgrmOptions":"0x1cb5480a","idToOwnershipFacilit (4 more) ...":"0x1c552367","idToTypeFacilityMap":"0x2a16cdff","insrncBnftMap":"0x4e8e4ed7","insrncBnftOptions":"0x69e72d88","isIop":false,"isTalbott":false,"meta":"0x44b3b963","oppId":"00629000004NTeZ","pawObj":"0x67892f1d","ptntInsrnceOptions":"0x73731da7","ptntInsrncMap":"0x4840df68","ptntInsrncObj":"0x3d4e878","quoteObj":"0x11b91475","recordId":"00629000004NTeZ","rtAdjstmntOptions":"0x24809a03","showPILookup":false,"sObjectQueryStr":"","wrprObj":"0xc5bf1cb"}|0x23dc6acc
07:48:28.0 (104173534)|VARIABLE_ASSIGNMENT|[EXTERNAL]|this|{"facilitySelected":"","fcltyPrgrmSelected":"","insrncBnftSelected":"","pawDetailListDisplay (4 more) ...":false,"pyAgrmntWrksht":"0x22f0e3d8","rateAdjstmntSelected":"","relatedPAWDetailsLis (1 more) ...":"0x34c36be5","targetEDR":0.00,"totalAppliedDeductib (2 more) ...":0.00,"totalCoInsurance":0.00,"totalCoPayAmt":0.00,"totalInsCoResp":0.00,"totalInsEIVAmt":0.00,"totalRowCount":0,"totalTalbottDay":0.00}|0xc5bf1cb
07:48:28.0 (104230667)|VARIABLE_ASSIGNMENT|[EXTERNAL]|this|{"estmtCvrgeDaysObj":"0x2539c515","faciltyOptions":"0x5834c794","fcltyPrgrmOptions":"0x1cb5480a","idToOwnershipFacilit (4 more) ...":"0x1c552367","idToTypeFacilityMap":"0x2a16cdff","insrncBnftMap":"0x4e8e4ed7","insrncBnftOptions":"0x69e72d88","isIop":false,"isTalbott":false,"meta":"0x44b3b963","oppId":"00629000004NTeZ","pawObj":"0x67892f1d","ptntInsrnceOptions":"0x73731da7","ptntInsrncMap":"0x4840df68","ptntInsrncObj":"0x3d4e878","quoteObj":"0x11b91475","recordId":"00629000004NTeZ","rtAdjstmntOptions":"0x24809a03","showPILookup":false,"sObjectQueryStr":"","wrprObj":"0xc5bf1cb"}|0x23dc6acc
07:48:28.0 (104275730)|VARIABLE_ASSIGNMENT|[EXTERNAL]|this|{"facilitySelected":"","fcltyPrgrmSelected":"","insrncBnftSelected":"","pawDetailListDisplay (4 more) ...":false,"pyAgrmntWrksht":"0x22f0e3d8","rateAdjstmntSelected":"","relatedPAWDetailsLis (1 more) ...":"0x34c36be5","targetEDR":0.00,"totalAppliedDeductib (2 more) ...":0.00,"totalCoInsurance":0.00,"totalCoPayAmt":0.00,"totalInsCoResp":0.00,"totalInsEIVAmt":0.00,"totalRowCount":0,"totalTalbottDay":0.00}|0xc5bf1cb
07:48:28.0 (104294124)|STATEMENT_EXECUTE|[382]
07:48:28.0 (104295497)|STATEMENT_EXECUTE|[400]
07:48:28.0 (104601898)|SYSTEM_MODE_ENTER|true
07:48:28.0 (121195525)|VF_SERIALIZE_VIEWSTATE_BEGIN|0660a0000009uTC
07:48:28.0 (127879388)|VF_SERIALIZE_VIEWSTATE_END
07:48:28.133 (133091656)|CUMULATIVE_LIMIT_USAGE
07:48:28.133 (133091656)|LIMIT_USAGE_FOR_NS|(default)|
  Number of SOQL queries: 3 out of 100
  Number of query rows: 8 out of 50000
  Number of SOSL queries: 0 out of 20
  Number of DML statements: 0 out of 150
  Number of DML rows: 0 out of 10000
  Maximum CPU time: 0 out of 10000
  Maximum heap size: 0 out of 6000000
  Number of callouts: 0 out of 100
  Number of Email Invocations: 0 out of 10
  Number of future calls: 0 out of 50
  Number of queueable jobs added to the queue: 0 out of 50
  Number of Mobile Apex push calls: 0 out of 10

07:48:28.133 (133091656)|CUMULATIVE_LIMIT_USAGE_END

07:48:28.0 (133125901)|CODE_UNIT_FINISHED|VF: /apex/PAW_New_Edit
07:48:28.0 (133845451)|EXECUTION_FINISHED
