37.0 APEX_CODE,FINEST;APEX_PROFILING,INFO;CALLOUT,INFO;DB,INFO;SYSTEM,DEBUG;VALIDATION,INFO;VISUALFORCE,INFO;WAVE,INFO;WORKFLOW,FINER
07:34:02.0 (260404)|USER_INFO|[EXTERNAL]|00529000000zYiy|bhakti.gujrathi@eternussolutions.com.frnstgng|Central Standard Time|GMT-06:00
07:34:02.0 (295169)|EXECUTION_STARTED
07:34:02.0 (300021)|CODE_UNIT_STARTED|[EXTERNAL]|0660a0000009uTC|VF: /apex/PAW_New_Edit
07:34:02.0 (297452230)|SYSTEM_MODE_ENTER|true
07:34:02.0 (297832524)|VARIABLE_SCOPE_BEGIN|[35]|PAW_New_EditCntrllr.globalSchemaMap|Map<String,Schema.SObjectType>|true|true
07:34:02.0 (297857978)|VARIABLE_SCOPE_BEGIN|[3]|PAW_New_EditCntrllr.yearEndMode|Boolean|false|true
07:34:02.0 (298024592)|HEAP_ALLOCATE|[72]|Bytes:3
07:34:02.0 (298065853)|HEAP_ALLOCATE|[77]|Bytes:152
07:34:02.0 (298078947)|HEAP_ALLOCATE|[342]|Bytes:408
07:34:02.0 (298090792)|HEAP_ALLOCATE|[355]|Bytes:408
07:34:02.0 (298102838)|HEAP_ALLOCATE|[467]|Bytes:48
07:34:02.0 (298131559)|HEAP_ALLOCATE|[139]|Bytes:6
07:34:02.0 (298148725)|HEAP_ALLOCATE|[EXTERNAL]|Bytes:11
07:34:02.0 (298156694)|HEAP_ALLOCATE|[EXTERNAL]|Bytes:304
07:34:02.0 (298161120)|HEAP_ALLOCATE|[EXTERNAL]|Bytes:98
07:34:02.0 (298165358)|HEAP_ALLOCATE|[EXTERNAL]|Bytes:10
07:34:02.0 (298196992)|METHOD_ENTRY|[1]|01p0a000004sKzV|PAW_New_EditCntrllr.PAW_New_EditCntrllr()
07:34:02.0 (298204554)|STATEMENT_EXECUTE|[1]
07:34:02.0 (298208819)|STATEMENT_EXECUTE|[1]
07:34:02.0 (298209940)|STATEMENT_EXECUTE|[3]
07:34:02.0 (302672109)|VARIABLE_SCOPE_BEGIN|[3]|PAW_YearEnd_Config.setting|Year_End_PAW_Settings__c|true|true
07:34:02.0 (302706842)|HEAP_ALLOCATE|[3]|Bytes:1
07:34:02.0 (302717344)|HEAP_ALLOCATE|[3]|Bytes:1
07:34:02.0 (302752178)|METHOD_ENTRY|[1]|01p29000000Aswf|PAW_YearEnd_Config.PAW_YearEnd_Config()
07:34:02.0 (302759272)|STATEMENT_EXECUTE|[1]
07:34:02.0 (302764002)|STATEMENT_EXECUTE|[1]
07:34:02.0 (302802587)|HEAP_ALLOCATE|[50]|Bytes:5
07:34:02.0 (302832998)|HEAP_ALLOCATE|[56]|Bytes:5
07:34:02.0 (302858101)|HEAP_ALLOCATE|[64]|Bytes:7
07:34:02.0 (303285021)|SYSTEM_MODE_ENTER|false
07:34:02.0 (303309930)|HEAP_ALLOCATE|[3]|Bytes:5
07:34:02.0 (303325668)|SYSTEM_MODE_EXIT|false
07:34:02.0 (303339202)|METHOD_EXIT|[1]|PAW_YearEnd_Config
07:34:02.0 (303372257)|METHOD_ENTRY|[3]|01p29000000Aswf|PAW_YearEnd_Config.fetch()
07:34:02.0 (303442630)|SYSTEM_MODE_ENTER|false
07:34:02.0 (303453029)|HEAP_ALLOCATE|[6]|Bytes:5
07:34:02.0 (303460128)|STATEMENT_EXECUTE|[5]
07:34:02.0 (303467057)|STATEMENT_EXECUTE|[7]
07:34:02.0 (304707872)|HEAP_ALLOCATE|[7]|Bytes:20
07:34:02.0 (304785397)|VARIABLE_ASSIGNMENT|[7]|PAW_YearEnd_Config.setting|{"IsDeleted":false,"Name":"Year End PAW Setting (11 more) ...","SetupOwnerId":"00529000000zYiyAAE","Year_End_Mode_Enable (4 more) ...":false}|0x2c5ca91c
07:34:02.0 (304799890)|STATEMENT_EXECUTE|[9]
07:34:02.0 (304805217)|HEAP_ALLOCATE|[9]|Bytes:14
07:34:02.0 (305019880)|HEAP_ALLOCATE|[9]|Bytes:145
07:34:02.0 (305058939)|HEAP_ALLOCATE|[9]|Bytes:159
07:34:02.0 (305094025)|USER_DEBUG|[9]|DEBUG|>>> setting : Year_End_PAW_Settings__c:{IsDeleted=false, Name=Year End PAW Settings (Profile), SetupOwnerId=00529000000zYiyAAE, Year_End_Mode_Enabled__c=false}
07:34:02.0 (305109292)|STATEMENT_EXECUTE|[10]
07:34:02.0 (305117616)|SYSTEM_MODE_EXIT|false
07:34:02.0 (305130851)|METHOD_EXIT|[3]|01p29000000Aswf|PAW_YearEnd_Config.fetch()
07:34:02.0 (305197898)|VARIABLE_ASSIGNMENT|[3]|PAW_New_EditCntrllr.yearEndMode|false
07:34:02.0 (305212149)|STATEMENT_EXECUTE|[522]
07:34:02.0 (305224779)|METHOD_EXIT|[1]|PAW_New_EditCntrllr
07:34:02.0 (320992306)|HEAP_ALLOCATE|[EXTERNAL]|Bytes:112
07:34:02.0 (321116610)|VARIABLE_SCOPE_BEGIN|[41]|this|PAW_New_EditCntrllr|true|false
07:34:02.0 (321267280)|VARIABLE_ASSIGNMENT|[41]|this|{}|0x5f01c3bf
07:34:02.0 (321291121)|STATEMENT_EXECUTE|[1]
07:34:02.0 (321293910)|STATEMENT_EXECUTE|[7]
07:34:02.0 (321296197)|STATEMENT_EXECUTE|[8]
07:34:02.0 (321297635)|STATEMENT_EXECUTE|[9]
07:34:02.0 (321299046)|STATEMENT_EXECUTE|[10]
07:34:02.0 (321300872)|STATEMENT_EXECUTE|[11]
07:34:02.0 (321333197)|VARIABLE_ASSIGNMENT|[11]|this.oppId|""|0x5f01c3bf
07:34:02.0 (321338864)|STATEMENT_EXECUTE|[12]
07:34:02.0 (321340163)|STATEMENT_EXECUTE|[13]
07:34:02.0 (321341088)|STATEMENT_EXECUTE|[14]
07:34:02.0 (321341986)|STATEMENT_EXECUTE|[15]
07:34:02.0 (321342894)|STATEMENT_EXECUTE|[16]
07:34:02.0 (321343822)|STATEMENT_EXECUTE|[18]
07:34:02.0 (321344725)|STATEMENT_EXECUTE|[19]
07:34:02.0 (321345632)|STATEMENT_EXECUTE|[20]
07:34:02.0 (321346525)|STATEMENT_EXECUTE|[21]
07:34:02.0 (321347410)|STATEMENT_EXECUTE|[22]
07:34:02.0 (321348335)|STATEMENT_EXECUTE|[23]
07:34:02.0 (321349248)|STATEMENT_EXECUTE|[24]
07:34:02.0 (321350141)|STATEMENT_EXECUTE|[25]
07:34:02.0 (321351039)|STATEMENT_EXECUTE|[26]
07:34:02.0 (321351964)|STATEMENT_EXECUTE|[27]
07:34:02.0 (321352855)|STATEMENT_EXECUTE|[28]
07:34:02.0 (321353760)|STATEMENT_EXECUTE|[30]
07:34:02.0 (321354669)|STATEMENT_EXECUTE|[31]
07:34:02.0 (321355570)|STATEMENT_EXECUTE|[32]
07:34:02.0 (321356461)|STATEMENT_EXECUTE|[33]
07:34:02.0 (321357629)|STATEMENT_EXECUTE|[37]
07:34:02.0 (321358533)|STATEMENT_EXECUTE|[38]
07:34:02.0 (321371818)|HEAP_ALLOCATE|[11]|Bytes:6
07:34:02.0 (321439620)|STATEMENT_EXECUTE|[41]
07:34:02.0 (321441782)|STATEMENT_EXECUTE|[44]
07:34:02.0 (343606261)|HEAP_ALLOCATE|[44]|Bytes:2408
07:34:02.0 (344295998)|VARIABLE_ASSIGNMENT|[44]|PAW_New_EditCntrllr.globalSchemaMap|"{abused_substance__c=Abused_Substance__c, abused_substance__feed=Abused_Substance__Feed, abused_substance__history=Abused_Substance__History, acceptedeventrelation=AcceptedEventRelation, account=Account, account_review__c=Account_Review__c, account_review__history=Account_Review__History, account_satisfaction_survey__c=Account_Satisfaction_Survey__c, accountcontactrole=AccountContactRole, accountfeed=AccountFeed, ...}"|0x49c79e27
07:34:02.0 (344315723)|STATEMENT_EXECUTE|[45]
07:34:02.0 (344505403)|VARIABLE_ASSIGNMENT|[EXTERNAL]|this|{"oppId":""}|0x5f01c3bf
07:34:02.0 (344526371)|VARIABLE_ASSIGNMENT|[EXTERNAL]|value|false
07:34:02.0 (344536167)|HEAP_ALLOCATE|[32]|Bytes:5
07:34:02.0 (344550005)|VARIABLE_ASSIGNMENT|[32]|this.isTalbott|false|0x5f01c3bf
07:34:02.0 (344561372)|STATEMENT_EXECUTE|[46]
07:34:02.0 (344630384)|VARIABLE_ASSIGNMENT|[EXTERNAL]|this|{"isTalbott":false,"oppId":""}|0x5f01c3bf
07:34:02.0 (344640198)|VARIABLE_ASSIGNMENT|[EXTERNAL]|value|false
07:34:02.0 (344645909)|HEAP_ALLOCATE|[33]|Bytes:5
07:34:02.0 (344652669)|VARIABLE_ASSIGNMENT|[33]|this.isIop|false|0x5f01c3bf
07:34:02.0 (344661296)|STATEMENT_EXECUTE|[47]
07:34:02.0 (344670054)|VARIABLE_ASSIGNMENT|[47]|this.sObjectQueryStr|""|0x5f01c3bf
07:34:02.0 (344674575)|STATEMENT_EXECUTE|[48]
07:34:02.0 (344715775)|HEAP_ALLOCATE|[48]|Bytes:4
07:34:02.0 (344883861)|VARIABLE_ASSIGNMENT|[48]|this.quoteObj|{}|0x5f01c3bf
07:34:02.0 (344894614)|STATEMENT_EXECUTE|[49]
07:34:02.0 (344907116)|HEAP_ALLOCATE|[49]|Bytes:476
07:34:02.0 (344925045)|HEAP_ALLOCATE|[49]|Bytes:71
07:34:02.0 (345046486)|HEAP_ALLOCATE|[49]|Bytes:84
07:34:02.0 (345081809)|CONSTRUCTOR_ENTRY|[49]|01p0a000004sKzV|<init>()
07:34:02.0 (345121163)|VARIABLE_SCOPE_BEGIN|[544]|this|PAW_New_EditCntrllr.WraperClass|true|false
07:34:02.0 (345238319)|VARIABLE_ASSIGNMENT|[544]|this|{}|0x70f9040a
07:34:02.0 (345251655)|STATEMENT_EXECUTE|[522]
07:34:02.0 (345253886)|STATEMENT_EXECUTE|[523]
07:34:02.0 (345255727)|STATEMENT_EXECUTE|[524]
07:34:02.0 (345257137)|STATEMENT_EXECUTE|[525]
07:34:02.0 (345258479)|STATEMENT_EXECUTE|[526]
07:34:02.0 (345260026)|STATEMENT_EXECUTE|[527]
07:34:02.0 (345261353)|STATEMENT_EXECUTE|[528]
07:34:02.0 (345262702)|STATEMENT_EXECUTE|[529]
07:34:02.0 (345264058)|STATEMENT_EXECUTE|[530]
07:34:02.0 (345265534)|STATEMENT_EXECUTE|[531]
07:34:02.0 (345267240)|STATEMENT_EXECUTE|[532]
07:34:02.0 (345268983)|STATEMENT_EXECUTE|[533]
07:34:02.0 (345270526)|STATEMENT_EXECUTE|[534]
07:34:02.0 (345272082)|STATEMENT_EXECUTE|[535]
07:34:02.0 (345273621)|STATEMENT_EXECUTE|[536]
07:34:02.0 (345275217)|STATEMENT_EXECUTE|[537]
07:34:02.0 (345277001)|STATEMENT_EXECUTE|[538]
07:34:02.0 (345278455)|STATEMENT_EXECUTE|[539]
07:34:02.0 (345279924)|STATEMENT_EXECUTE|[540]
07:34:02.0 (345281303)|STATEMENT_EXECUTE|[541]
07:34:02.0 (345283353)|STATEMENT_EXECUTE|[542]
07:34:02.0 (345306820)|STATEMENT_EXECUTE|[544]
07:34:02.0 (345309088)|STATEMENT_EXECUTE|[545]
07:34:02.0 (345340363)|HEAP_ALLOCATE|[545]|Bytes:4
07:34:02.0 (345575206)|VARIABLE_ASSIGNMENT|[EXTERNAL]|this|{}|0x70f9040a
07:34:02.0 (345595718)|VARIABLE_ASSIGNMENT|[EXTERNAL]|value|{}|0x2a3f11f6
07:34:02.0 (345613771)|VARIABLE_ASSIGNMENT|[523]|this.pyAgrmntWrksht|{}|0x70f9040a
07:34:02.0 (345629950)|STATEMENT_EXECUTE|[546]
07:34:02.0 (345660018)|HEAP_ALLOCATE|[546]|Bytes:4
07:34:02.0 (345830903)|VARIABLE_ASSIGNMENT|[EXTERNAL]|this|{"pyAgrmntWrksht":"0x2a3f11f6"}|0x70f9040a
07:34:02.0 (345849765)|VARIABLE_ASSIGNMENT|[EXTERNAL]|value|{}|0x125d8413
07:34:02.0 (345867582)|VARIABLE_ASSIGNMENT|[524]|this.insrncBnft|{}|0x70f9040a
07:34:02.0 (345883441)|STATEMENT_EXECUTE|[547]
07:34:02.0 (345967102)|VARIABLE_ASSIGNMENT|[EXTERNAL]|this|{"insrncBnft":"0x125d8413","pyAgrmntWrksht":"0x2a3f11f6"}|0x70f9040a
07:34:02.0 (345982744)|VARIABLE_ASSIGNMENT|[EXTERNAL]|value|""
07:34:02.0 (345997056)|VARIABLE_ASSIGNMENT|[525]|this.insrncBnftSelected|""|0x70f9040a
07:34:02.0 (346012626)|STATEMENT_EXECUTE|[548]
07:34:02.0 (346094063)|VARIABLE_ASSIGNMENT|[EXTERNAL]|this|{"insrncBnft":"0x125d8413","insrncBnftSelected":"","pyAgrmntWrksht":"0x2a3f11f6"}|0x70f9040a
07:34:02.0 (346108376)|VARIABLE_ASSIGNMENT|[EXTERNAL]|value|""
07:34:02.0 (346121880)|VARIABLE_ASSIGNMENT|[526]|this.facilitySelected|""|0x70f9040a
07:34:02.0 (346135532)|STATEMENT_EXECUTE|[549]
07:34:02.0 (346219772)|VARIABLE_ASSIGNMENT|[EXTERNAL]|this|{"facilitySelected":"","insrncBnft":"0x125d8413","insrncBnftSelected":"","pyAgrmntWrksht":"0x2a3f11f6"}|0x70f9040a
07:34:02.0 (346234674)|VARIABLE_ASSIGNMENT|[EXTERNAL]|value|""
07:34:02.0 (346248255)|VARIABLE_ASSIGNMENT|[527]|this.fcltyPrgrmSelected|""|0x70f9040a
07:34:02.0 (346262246)|STATEMENT_EXECUTE|[550]
07:34:02.0 (346340950)|VARIABLE_ASSIGNMENT|[EXTERNAL]|this|{"facilitySelected":"","fcltyPrgrmSelected":"","insrncBnft":"0x125d8413","insrncBnftSelected":"","pyAgrmntWrksht":"0x2a3f11f6"}|0x70f9040a
07:34:02.0 (346356018)|VARIABLE_ASSIGNMENT|[EXTERNAL]|value|""
07:34:02.0 (346369588)|VARIABLE_ASSIGNMENT|[528]|this.rateAdjstmntSelected|""|0x70f9040a
07:34:02.0 (346383250)|STATEMENT_EXECUTE|[551]
07:34:02.0 (346465606)|VARIABLE_ASSIGNMENT|[EXTERNAL]|this|{"facilitySelected":"","fcltyPrgrmSelected":"","insrncBnft":"0x125d8413","insrncBnftSelected":"","pyAgrmntWrksht":"0x2a3f11f6","rateAdjstmntSelected":""}|0x70f9040a
07:34:02.0 (346483516)|VARIABLE_ASSIGNMENT|[EXTERNAL]|value|0
07:34:02.0 (346492226)|HEAP_ALLOCATE|[529]|Bytes:4
07:34:02.0 (346504416)|VARIABLE_ASSIGNMENT|[529]|this.totalRowCount|0|0x70f9040a
07:34:02.0 (346518297)|STATEMENT_EXECUTE|[552]
07:34:02.0 (346523165)|HEAP_ALLOCATE|[552]|Bytes:4
07:34:02.0 (346560765)|HEAP_ALLOCATE|[552]|Bytes:28
07:34:02.0 (346655865)|VARIABLE_ASSIGNMENT|[EXTERNAL]|this|{"facilitySelected":"","fcltyPrgrmSelected":"","insrncBnft":"0x125d8413","insrncBnftSelected":"","pyAgrmntWrksht":"0x2a3f11f6","rateAdjstmntSelected":"","totalRowCount":0}|0x70f9040a
07:34:02.0 (346677191)|VARIABLE_ASSIGNMENT|[EXTERNAL]|value|0.00
07:34:02.0 (346692615)|VARIABLE_ASSIGNMENT|[530]|this.totalTalbottDay|0.00|0x70f9040a
07:34:02.0 (346707130)|STATEMENT_EXECUTE|[553]
07:34:02.0 (346718447)|HEAP_ALLOCATE|[553]|Bytes:28
07:34:02.0 (346813371)|VARIABLE_ASSIGNMENT|[EXTERNAL]|this|{"facilitySelected":"","fcltyPrgrmSelected":"","insrncBnft":"0x125d8413","insrncBnftSelected":"","pyAgrmntWrksht":"0x2a3f11f6","rateAdjstmntSelected":"","totalRowCount":0,"totalTalbottDay":0.00}|0x70f9040a
07:34:02.0 (346830909)|VARIABLE_ASSIGNMENT|[EXTERNAL]|value|0.00
07:34:02.0 (346844528)|VARIABLE_ASSIGNMENT|[531]|this.totalInsCoResp|0.00|0x70f9040a
07:34:02.0 (346858791)|STATEMENT_EXECUTE|[554]
07:34:02.0 (346868489)|HEAP_ALLOCATE|[554]|Bytes:28
07:34:02.0 (346957384)|VARIABLE_ASSIGNMENT|[EXTERNAL]|this|{"facilitySelected":"","fcltyPrgrmSelected":"","insrncBnft":"0x125d8413","insrncBnftSelected":"","pyAgrmntWrksht":"0x2a3f11f6","rateAdjstmntSelected":"","totalInsCoResp":0.00,"totalRowCount":0,"totalTalbottDay":0.00}|0x70f9040a
07:34:02.0 (346975719)|VARIABLE_ASSIGNMENT|[EXTERNAL]|value|0.00
07:34:02.0 (346989217)|VARIABLE_ASSIGNMENT|[532]|this.totalCoPayAmt|0.00|0x70f9040a
07:34:02.0 (347003176)|STATEMENT_EXECUTE|[555]
07:34:02.0 (347013334)|HEAP_ALLOCATE|[555]|Bytes:28
07:34:02.0 (347100803)|VARIABLE_ASSIGNMENT|[EXTERNAL]|this|{"facilitySelected":"","fcltyPrgrmSelected":"","insrncBnft":"0x125d8413","insrncBnftSelected":"","pyAgrmntWrksht":"0x2a3f11f6","rateAdjstmntSelected":"","totalCoPayAmt":0.00,"totalInsCoResp":0.00,"totalRowCount":0,"totalTalbottDay":0.00}|0x70f9040a
07:34:02.0 (347119198)|VARIABLE_ASSIGNMENT|[EXTERNAL]|value|0.00
07:34:02.0 (347133475)|VARIABLE_ASSIGNMENT|[533]|this.targetEDR|0.00|0x70f9040a
07:34:02.0 (347147114)|STATEMENT_EXECUTE|[556]
07:34:02.0 (347156601)|HEAP_ALLOCATE|[556]|Bytes:28
07:34:02.0 (347170801)|VARIABLE_ASSIGNMENT|[556]|this.totalAppliedDeductible|0.00|0x70f9040a
07:34:02.0 (347184877)|STATEMENT_EXECUTE|[557]
07:34:02.0 (347191732)|HEAP_ALLOCATE|[557]|Bytes:28
07:34:02.0 (347206957)|VARIABLE_ASSIGNMENT|[557]|this.totalCoInsurance|0.00|0x70f9040a
07:34:02.0 (347214886)|STATEMENT_EXECUTE|[558]
07:34:02.0 (347220604)|HEAP_ALLOCATE|[558]|Bytes:28
07:34:02.0 (347232457)|VARIABLE_ASSIGNMENT|[558]|this.totalInsEIVAmt|0.00|0x70f9040a
07:34:02.0 (347240303)|STATEMENT_EXECUTE|[559]
07:34:02.0 (347334367)|VARIABLE_ASSIGNMENT|[EXTERNAL]|this|{"facilitySelected":"","fcltyPrgrmSelected":"","insrncBnft":"0x125d8413","insrncBnftSelected":"","pyAgrmntWrksht":"0x2a3f11f6","rateAdjstmntSelected":"","targetEDR":0.00,"totalAppliedDeductib (2 more) ...":0.00,"totalCoInsurance":0.00,"totalCoPayAmt":0.00,"totalInsCoResp":0.00,"totalInsEIVAmt":0.00,"totalRowCount":0,"totalTalbottDay":0.00}|0x70f9040a
07:34:02.0 (347357669)|VARIABLE_ASSIGNMENT|[EXTERNAL]|value|false
07:34:02.0 (347368142)|HEAP_ALLOCATE|[541]|Bytes:5
07:34:02.0 (347379045)|VARIABLE_ASSIGNMENT|[541]|this.pawDetailListDisplayFlag|false|0x70f9040a
07:34:02.0 (347393530)|STATEMENT_EXECUTE|[560]
07:34:02.0 (347429801)|HEAP_ALLOCATE|[560]|Bytes:4
07:34:02.0 (347598099)|VARIABLE_ASSIGNMENT|[EXTERNAL]|this|{"facilitySelected":"","fcltyPrgrmSelected":"","insrncBnft":"0x125d8413","insrncBnftSelected":"","pawDetailListDisplay (4 more) ...":false,"pyAgrmntWrksht":"0x2a3f11f6","rateAdjstmntSelected":"","targetEDR":0.00,"totalAppliedDeductib (2 more) ...":0.00,"totalCoInsurance":0.00,"totalCoPayAmt":0.00,"totalInsCoResp":0.00,"totalInsEIVAmt":0.00,"totalRowCount":0,"totalTalbottDay":0.00}|0x70f9040a
07:34:02.0 (347621988)|HEAP_ALLOCATE|[EXTERNAL]|Bytes:4
07:34:02.0 (347636102)|VARIABLE_ASSIGNMENT|[EXTERNAL]|value|[]|0xbde1fd
07:34:02.0 (347654411)|VARIABLE_ASSIGNMENT|[542]|this.relatedPAWDetailsList|[]|0x70f9040a
07:34:02.0 (347673014)|CONSTRUCTOR_EXIT|[49]|01p0a000004sKzV|<init>()
07:34:02.0 (347765360)|VARIABLE_ASSIGNMENT|[EXTERNAL]|this|{"isIop":false,"isTalbott":false,"oppId":"","quoteObj":"0x6a54e465","sObjectQueryStr":""}|0x5f01c3bf
07:34:02.0 (347834316)|VARIABLE_ASSIGNMENT|[EXTERNAL]|value|{"facilitySelected":"","fcltyPrgrmSelected":"","insrncBnft":"0x125d8413","insrncBnftSelected":"","pawDetailListDisplay (4 more) ...":false,"pyAgrmntWrksht":"0x2a3f11f6","rateAdjstmntSelected":"","relatedPAWDetailsLis (1 more) ...":"0xbde1fd","targetEDR":0.00,"totalAppliedDeductib (2 more) ...":0.00,"totalCoInsurance":0.00,"totalCoPayAmt":0.00,"totalInsCoResp":0.00,"totalInsEIVAmt":0.00,"totalRowCount":0,"totalTalbottDay":0.00}|0x70f9040a
07:34:02.0 (347866801)|VARIABLE_ASSIGNMENT|[30]|this.wrprObj|0x70f9040a|0x5f01c3bf
07:34:02.0 (347882537)|STATEMENT_EXECUTE|[50]
07:34:02.0 (347915554)|HEAP_ALLOCATE|[50]|Bytes:4
07:34:02.0 (348115806)|VARIABLE_ASSIGNMENT|[EXTERNAL]|this|{"isIop":false,"isTalbott":false,"oppId":"","quoteObj":"0x6a54e465","sObjectQueryStr":"","wrprObj":"0x70f9040a"}|0x5f01c3bf
07:34:02.0 (348136934)|VARIABLE_ASSIGNMENT|[EXTERNAL]|value|{}|0x8efe602
07:34:02.0 (348156770)|VARIABLE_ASSIGNMENT|[18]|this.ptntInsrncObj|{}|0x5f01c3bf
07:34:02.0 (348173386)|STATEMENT_EXECUTE|[51]
07:34:02.0 (348198496)|HEAP_ALLOCATE|[51]|Bytes:4
07:34:02.0 (348269528)|HEAP_ALLOCATE|[EXTERNAL]|Bytes:4
07:34:02.0 (348284381)|VARIABLE_ASSIGNMENT|[51]|this.ptntInsrnceOptions|[]|0x5f01c3bf
07:34:02.0 (348293777)|STATEMENT_EXECUTE|[52]
07:34:02.0 (348304721)|HEAP_ALLOCATE|[52]|Bytes:4
07:34:02.0 (348347097)|HEAP_ALLOCATE|[EXTERNAL]|Bytes:4
07:34:02.0 (348358305)|VARIABLE_ASSIGNMENT|[52]|this.insrncBnftOptions|[]|0x5f01c3bf
07:34:02.0 (348365772)|STATEMENT_EXECUTE|[53]
07:34:02.0 (348375292)|HEAP_ALLOCATE|[53]|Bytes:4
07:34:02.0 (348489930)|VARIABLE_ASSIGNMENT|[EXTERNAL]|this|{"insrncBnftOptions":"0x22a231ca","isIop":false,"isTalbott":false,"oppId":"","ptntInsrnceOptions":"0x57edce4f","ptntInsrncObj":"0x8efe602","quoteObj":"0x6a54e465","sObjectQueryStr":"","wrprObj":"0x70f9040a"}|0x5f01c3bf
07:34:02.0 (348523337)|HEAP_ALLOCATE|[EXTERNAL]|Bytes:4
07:34:02.0 (348534391)|VARIABLE_ASSIGNMENT|[EXTERNAL]|value|[]|0x20c5ed46
07:34:02.0 (348552241)|VARIABLE_ASSIGNMENT|[14]|this.faciltyOptions|[]|0x5f01c3bf
07:34:02.0 (348566823)|STATEMENT_EXECUTE|[54]
07:34:02.0 (348577266)|HEAP_ALLOCATE|[54]|Bytes:4
07:34:02.0 (348682441)|VARIABLE_ASSIGNMENT|[EXTERNAL]|this|{"faciltyOptions":"0x20c5ed46","insrncBnftOptions":"0x22a231ca","isIop":false,"isTalbott":false,"oppId":"","ptntInsrnceOptions":"0x57edce4f","ptntInsrncObj":"0x8efe602","quoteObj":"0x6a54e465","sObjectQueryStr":"","wrprObj":"0x70f9040a"}|0x5f01c3bf
07:34:02.0 (348714170)|HEAP_ALLOCATE|[EXTERNAL]|Bytes:4
07:34:02.0 (348724719)|VARIABLE_ASSIGNMENT|[EXTERNAL]|value|[]|0x38d5161b
07:34:02.0 (348743533)|VARIABLE_ASSIGNMENT|[15]|this.fcltyPrgrmOptions|[]|0x5f01c3bf
07:34:02.0 (348759522)|STATEMENT_EXECUTE|[55]
07:34:02.0 (348769759)|HEAP_ALLOCATE|[55]|Bytes:4
07:34:02.0 (348816156)|HEAP_ALLOCATE|[EXTERNAL]|Bytes:4
07:34:02.0 (348828588)|VARIABLE_ASSIGNMENT|[55]|this.rtAdjstmntOptions|[]|0x5f01c3bf
07:34:02.0 (348836672)|STATEMENT_EXECUTE|[56]
07:34:02.0 (348857272)|HEAP_ALLOCATE|[56]|Bytes:4
07:34:02.0 (348892080)|VARIABLE_ASSIGNMENT|[56]|this.idToOwnershipFacilityMap|{}|0x5f01c3bf
07:34:02.0 (348902129)|STATEMENT_EXECUTE|[57]
07:34:02.0 (348912858)|HEAP_ALLOCATE|[57]|Bytes:4
07:34:02.0 (348931685)|VARIABLE_ASSIGNMENT|[57]|this.idToTypeFacilityMap|{}|0x5f01c3bf
07:34:02.0 (348940661)|STATEMENT_EXECUTE|[58]
07:34:02.0 (348966824)|HEAP_ALLOCATE|[58]|Bytes:4
07:34:02.0 (349017043)|VARIABLE_ASSIGNMENT|[58]|this.insrncBnftMap|{}|0x5f01c3bf
07:34:02.0 (349028112)|STATEMENT_EXECUTE|[59]
07:34:02.0 (349053872)|HEAP_ALLOCATE|[59]|Bytes:4
07:34:02.0 (349148998)|VARIABLE_ASSIGNMENT|[59]|this.estmtCvrgeDaysObj|{}|0x5f01c3bf
07:34:02.0 (349159241)|STATEMENT_EXECUTE|[60]
07:34:02.0 (349188087)|HEAP_ALLOCATE|[60]|Bytes:4
07:34:02.0 (349220156)|VARIABLE_ASSIGNMENT|[60]|this.pawObj|{}|0x5f01c3bf
07:34:02.0 (349230314)|STATEMENT_EXECUTE|[61]
07:34:02.0 (349338706)|HEAP_ALLOCATE|[61]|Bytes:39
07:34:02.0 (349399098)|HEAP_ALLOCATE|[61]|Bytes:17
07:34:02.0 (349431444)|HEAP_ALLOCATE|[61]|Bytes:2
07:34:02.0 (349577623)|VARIABLE_ASSIGNMENT|[EXTERNAL]|this|{"estmtCvrgeDaysObj":"0xe534a4d","faciltyOptions":"0x20c5ed46","fcltyPrgrmOptions":"0x38d5161b","idToOwnershipFacilit (4 more) ...":"0x5716555c","idToTypeFacilityMap":"0x47e3e46b","insrncBnftMap":"0x5fcfa097","insrncBnftOptions":"0x22a231ca","isIop":false,"isTalbott":false,"oppId":"","pawObj":"0x4bda9801","ptntInsrnceOptions":"0x57edce4f","ptntInsrncObj":"0x8efe602","quoteObj":"0x6a54e465","rtAdjstmntOptions":"0x2e038893","sObjectQueryStr":"","wrprObj":"0x70f9040a"}|0x5f01c3bf
07:34:02.0 (349602842)|VARIABLE_ASSIGNMENT|[EXTERNAL]|value|"00629000004NTeZ"
07:34:02.0 (349620878)|VARIABLE_ASSIGNMENT|[7]|this.recordId|"00629000004NTeZ"|0x5f01c3bf
07:34:02.0 (349636732)|STATEMENT_EXECUTE|[62]
07:34:02.0 (349665148)|HEAP_ALLOCATE|[62]|Bytes:39
07:34:02.0 (349701587)|HEAP_ALLOCATE|[62]|Bytes:17
07:34:02.0 (349724401)|HEAP_ALLOCATE|[62]|Bytes:5
07:34:02.0 (349754529)|VARIABLE_ASSIGNMENT|[62]|this.isClone|null|0x5f01c3bf
07:34:02.0 (349764116)|STATEMENT_EXECUTE|[63]
07:34:02.0 (349788398)|HEAP_ALLOCATE|[63]|Bytes:39
07:34:02.0 (349819243)|HEAP_ALLOCATE|[63]|Bytes:17
07:34:02.0 (349839915)|HEAP_ALLOCATE|[63]|Bytes:7
07:34:02.0 (349868196)|VARIABLE_ASSIGNMENT|[63]|this.quoteId|null|0x5f01c3bf
07:34:02.0 (349877080)|STATEMENT_EXECUTE|[64]
07:34:02.0 (349888193)|HEAP_ALLOCATE|[64]|Bytes:160
07:34:02.0 (349902870)|HEAP_ALLOCATE|[64]|Bytes:11
07:34:02.0 (349928035)|HEAP_ALLOCATE|[64]|Bytes:44
07:34:02.0 (349951901)|CONSTRUCTOR_ENTRY|[64]|01p29000000Aswe|<init>()
07:34:02.0 (349982596)|VARIABLE_SCOPE_BEGIN|[12]|this|PAW_Editor_YearEndController.MetaData|true|false
07:34:02.0 (350045599)|VARIABLE_ASSIGNMENT|[12]|this|{}|0x54f22cd8
07:34:02.0 (350076228)|STATEMENT_EXECUTE|[12]
07:34:02.0 (350078508)|STATEMENT_EXECUTE|[13]
07:34:02.0 (350080362)|STATEMENT_EXECUTE|[14]
07:34:02.0 (350081782)|STATEMENT_EXECUTE|[15]
07:34:02.0 (350083527)|STATEMENT_EXECUTE|[16]
07:34:02.0 (350085090)|STATEMENT_EXECUTE|[17]
07:34:02.0 (350086917)|STATEMENT_EXECUTE|[18]
07:34:02.0 (350088531)|STATEMENT_EXECUTE|[19]
07:34:02.0 (350090071)|STATEMENT_EXECUTE|[20]
07:34:02.0 (350091684)|STATEMENT_EXECUTE|[21]
07:34:02.0 (350093380)|STATEMENT_EXECUTE|[22]
07:34:02.0 (350098807)|CONSTRUCTOR_EXIT|[64]|01p29000000Aswe|<init>()
07:34:02.0 (350217005)|VARIABLE_ASSIGNMENT|[EXTERNAL]|this|{"estmtCvrgeDaysObj":"0xe534a4d","faciltyOptions":"0x20c5ed46","fcltyPrgrmOptions":"0x38d5161b","idToOwnershipFacilit (4 more) ...":"0x5716555c","idToTypeFacilityMap":"0x47e3e46b","insrncBnftMap":"0x5fcfa097","insrncBnftOptions":"0x22a231ca","isIop":false,"isTalbott":false,"oppId":"","pawObj":"0x4bda9801","ptntInsrnceOptions":"0x57edce4f","ptntInsrncObj":"0x8efe602","quoteObj":"0x6a54e465","recordId":"00629000004NTeZ","rtAdjstmntOptions":"0x2e038893","sObjectQueryStr":"","wrprObj":"0x70f9040a"}|0x5f01c3bf
07:34:02.0 (350262212)|VARIABLE_ASSIGNMENT|[EXTERNAL]|value|{}|0x54f22cd8
07:34:02.0 (350279294)|VARIABLE_ASSIGNMENT|[37]|this.meta|0x54f22cd8|0x5f01c3bf
07:34:02.0 (359040677)|HEAP_ALLOCATE|[EXTERNAL]|Bytes:112
07:34:02.0 (359657710)|VARIABLE_SCOPE_BEGIN|[69]|this|PAW_New_EditCntrllr|true|false
07:34:02.0 (359840495)|VARIABLE_ASSIGNMENT|[69]|this|{"estmtCvrgeDaysObj":"0xe534a4d","faciltyOptions":"0x20c5ed46","fcltyPrgrmOptions":"0x38d5161b","idToOwnershipFacilit (4 more) ...":"0x5716555c","idToTypeFacilityMap":"0x47e3e46b","insrncBnftMap":"0x5fcfa097","insrncBnftOptions":"0x22a231ca","isIop":false,"isTalbott":false,"meta":"0x54f22cd8","oppId":"","pawObj":"0x4bda9801","ptntInsrnceOptions":"0x57edce4f","ptntInsrncObj":"0x8efe602","quoteObj":"0x6a54e465","recordId":"00629000004NTeZ","rtAdjstmntOptions":"0x2e038893","sObjectQueryStr":"","wrprObj":"0x70f9040a"}|0x5f01c3bf
07:34:02.0 (359873816)|STATEMENT_EXECUTE|[69]
07:34:02.0 (359876817)|STATEMENT_EXECUTE|[71]
07:34:02.0 (359885256)|HEAP_ALLOCATE|[71]|Bytes:5
07:34:02.0 (359950764)|USER_DEBUG|[71]|DEBUG|>>> 1
07:34:02.0 (359983744)|STATEMENT_EXECUTE|[72]
07:34:02.0 (360114041)|VARIABLE_ASSIGNMENT|[EXTERNAL]|this|{"estmtCvrgeDaysObj":"0xe534a4d","faciltyOptions":"0x20c5ed46","fcltyPrgrmOptions":"0x38d5161b","idToOwnershipFacilit (4 more) ...":"0x5716555c","idToTypeFacilityMap":"0x47e3e46b","insrncBnftMap":"0x5fcfa097","insrncBnftOptions":"0x22a231ca","isIop":false,"isTalbott":false,"meta":"0x54f22cd8","oppId":"","pawObj":"0x4bda9801","ptntInsrnceOptions":"0x57edce4f","ptntInsrncObj":"0x8efe602","quoteObj":"0x6a54e465","recordId":"00629000004NTeZ","rtAdjstmntOptions":"0x2e038893","sObjectQueryStr":"","wrprObj":"0x70f9040a"}|0x5f01c3bf
07:34:02.0 (360241938)|VARIABLE_ASSIGNMENT|[EXTERNAL]|this|{"estmtCvrgeDaysObj":"0xe534a4d","faciltyOptions":"0x20c5ed46","fcltyPrgrmOptions":"0x38d5161b","idToOwnershipFacilit (4 more) ...":"0x5716555c","idToTypeFacilityMap":"0x47e3e46b","insrncBnftMap":"0x5fcfa097","insrncBnftOptions":"0x22a231ca","isIop":false,"isTalbott":false,"meta":"0x54f22cd8","oppId":"","pawObj":"0x4bda9801","ptntInsrnceOptions":"0x57edce4f","ptntInsrncObj":"0x8efe602","quoteObj":"0x6a54e465","recordId":"00629000004NTeZ","rtAdjstmntOptions":"0x2e038893","sObjectQueryStr":"","wrprObj":"0x70f9040a"}|0x5f01c3bf
07:34:02.0 (360292386)|STATEMENT_EXECUTE|[79]
07:34:02.0 (360395665)|VARIABLE_ASSIGNMENT|[EXTERNAL]|this|{"estmtCvrgeDaysObj":"0xe534a4d","faciltyOptions":"0x20c5ed46","fcltyPrgrmOptions":"0x38d5161b","idToOwnershipFacilit (4 more) ...":"0x5716555c","idToTypeFacilityMap":"0x47e3e46b","insrncBnftMap":"0x5fcfa097","insrncBnftOptions":"0x22a231ca","isIop":false,"isTalbott":false,"meta":"0x54f22cd8","oppId":"","pawObj":"0x4bda9801","ptntInsrnceOptions":"0x57edce4f","ptntInsrncObj":"0x8efe602","quoteObj":"0x6a54e465","recordId":"00629000004NTeZ","rtAdjstmntOptions":"0x2e038893","sObjectQueryStr":"","wrprObj":"0x70f9040a"}|0x5f01c3bf
07:34:02.0 (360433231)|HEAP_ALLOCATE|[81]|Bytes:11
07:34:02.0 (361260959)|HEAP_ALLOCATE|[81]|Bytes:4
07:34:02.0 (361309720)|HEAP_ALLOCATE|[81]|Bytes:3
07:34:02.0 (361376294)|STATEMENT_EXECUTE|[81]
07:34:02.0 (361379580)|STATEMENT_EXECUTE|[82]
07:34:02.0 (361528326)|VARIABLE_ASSIGNMENT|[EXTERNAL]|this|{"estmtCvrgeDaysObj":"0xe534a4d","faciltyOptions":"0x20c5ed46","fcltyPrgrmOptions":"0x38d5161b","idToOwnershipFacilit (4 more) ...":"0x5716555c","idToTypeFacilityMap":"0x47e3e46b","insrncBnftMap":"0x5fcfa097","insrncBnftOptions":"0x22a231ca","isIop":false,"isTalbott":false,"meta":"0x54f22cd8","oppId":"","pawObj":"0x4bda9801","ptntInsrnceOptions":"0x57edce4f","ptntInsrncObj":"0x8efe602","quoteObj":"0x6a54e465","recordId":"00629000004NTeZ","rtAdjstmntOptions":"0x2e038893","sObjectQueryStr":"","wrprObj":"0x70f9040a"}|0x5f01c3bf
07:34:02.0 (361558563)|VARIABLE_ASSIGNMENT|[EXTERNAL]|value|false
07:34:02.0 (361569643)|HEAP_ALLOCATE|[31]|Bytes:5
07:34:02.0 (361586586)|VARIABLE_ASSIGNMENT|[31]|this.showPILookup|false|0x5f01c3bf
07:34:02.0 (361601732)|STATEMENT_EXECUTE|[83]
07:34:02.0 (361700318)|VARIABLE_ASSIGNMENT|[EXTERNAL]|this|{"estmtCvrgeDaysObj":"0xe534a4d","faciltyOptions":"0x20c5ed46","fcltyPrgrmOptions":"0x38d5161b","idToOwnershipFacilit (4 more) ...":"0x5716555c","idToTypeFacilityMap":"0x47e3e46b","insrncBnftMap":"0x5fcfa097","insrncBnftOptions":"0x22a231ca","isIop":false,"isTalbott":false,"meta":"0x54f22cd8","oppId":"","pawObj":"0x4bda9801","ptntInsrnceOptions":"0x57edce4f","ptntInsrncObj":"0x8efe602","quoteObj":"0x6a54e465","recordId":"00629000004NTeZ","rtAdjstmntOptions":"0x2e038893","showPILookup":false,"sObjectQueryStr":"","wrprObj":"0x70f9040a"}|0x5f01c3bf
07:34:02.0 (361740641)|VARIABLE_ASSIGNMENT|[83]|this.oppId|"00629000004NTeZ"|0x5f01c3bf
07:34:02.0 (361751879)|STATEMENT_EXECUTE|[84]
07:34:02.0 (361807011)|METHOD_ENTRY|[84]|01p0a000004sKzV|PAW_New_EditCntrllr.getPtntInsrnceOptions()
07:34:02.0 (361950561)|VARIABLE_SCOPE_BEGIN|[186]|this|PAW_New_EditCntrllr|true|false
07:34:02.0 (362053073)|VARIABLE_ASSIGNMENT|[186]|this|{"estmtCvrgeDaysObj":"0xe534a4d","faciltyOptions":"0x20c5ed46","fcltyPrgrmOptions":"0x38d5161b","idToOwnershipFacilit (4 more) ...":"0x5716555c","idToTypeFacilityMap":"0x47e3e46b","insrncBnftMap":"0x5fcfa097","insrncBnftOptions":"0x22a231ca","isIop":false,"isTalbott":false,"meta":"0x54f22cd8","oppId":"00629000004NTeZ","pawObj":"0x4bda9801","ptntInsrnceOptions":"0x57edce4f","ptntInsrncObj":"0x8efe602","quoteObj":"0x6a54e465","recordId":"00629000004NTeZ","rtAdjstmntOptions":"0x2e038893","showPILookup":false,"sObjectQueryStr":"","wrprObj":"0x70f9040a"}|0x5f01c3bf
07:34:02.0 (362077339)|STATEMENT_EXECUTE|[186]
07:34:02.0 (362079641)|STATEMENT_EXECUTE|[190]
07:34:02.0 (362105194)|HEAP_ALLOCATE|[190]|Bytes:4
07:34:02.0 (362203461)|HEAP_ALLOCATE|[EXTERNAL]|Bytes:4
07:34:02.0 (362222894)|VARIABLE_ASSIGNMENT|[190]|this.ptntInsrnceOptions|[]|0x5f01c3bf
07:34:02.0 (362232154)|STATEMENT_EXECUTE|[191]
07:34:02.0 (362245420)|HEAP_ALLOCATE|[191]|Bytes:12
07:34:02.0 (362334904)|HEAP_ALLOCATE|[EXTERNAL]|Bytes:4
07:34:02.0 (362349307)|STATEMENT_EXECUTE|[192]
07:34:02.0 (362391964)|HEAP_ALLOCATE|[192]|Bytes:4
07:34:02.0 (362402067)|HEAP_ALLOCATE|[192]|Bytes:95
07:34:02.0 (362420174)|HEAP_ALLOCATE|[192]|Bytes:4
07:34:02.0 (362443091)|HEAP_ALLOCATE|[192]|Bytes:7
07:34:02.0 (362893581)|SOQL_EXECUTE_BEGIN|[192]|Aggregations:0|SELECT Id, Name, Insurance_Company__c FROM Patient_Insurance__c WHERE Opportunity__c = :tmpVar1
07:34:02.0 (368672044)|SOQL_EXECUTE_END|[192]|Rows:4
07:34:02.0 (368734671)|HEAP_ALLOCATE|[192]|Bytes:20
07:34:02.0 (368780202)|HEAP_ALLOCATE|[192]|Bytes:449
07:34:02.0 (368914221)|HEAP_ALLOCATE|[192]|Bytes:20
07:34:02.0 (369004852)|HEAP_ALLOCATE|[192]|Bytes:16
07:34:02.0 (369031620)|HEAP_ALLOCATE|[192]|Bytes:4
07:34:02.0 (369044072)|HEAP_ALLOCATE|[192]|Bytes:16
07:34:02.0 (369053179)|HEAP_ALLOCATE|[192]|Bytes:4
07:34:02.0 (369058923)|HEAP_ALLOCATE|[192]|Bytes:16
07:34:02.0 (369065837)|HEAP_ALLOCATE|[192]|Bytes:4
07:34:02.0 (369070860)|HEAP_ALLOCATE|[192]|Bytes:16
07:34:02.0 (369077908)|HEAP_ALLOCATE|[192]|Bytes:4
07:34:02.0 (369176963)|VARIABLE_ASSIGNMENT|[192]|this.ptntInsrncMap|{"a1b29000000l40nAAA":{"Id":"a1b29000000l40nAAA","Name":"Maria Johnson - BCBS (17 more) ...","Insurance_Company__c":"0012900000AXSPBAA5"},"a1b29000000lvHQAAY":{"Id":"a1b29000000lvHQAAY","Name":"Maria Johnson - Valu (23 more) ...","Insurance_Company__c":"0012900000AXSP3AAP"},"a1b29000000lvHVAAY":{"Id":"a1b29000000lvHVAAY","Name":"Maria Johnson - Priv (7 more) ...","Insurance_Company__c":"0012900000AXSDqAAP"},"a1b29000000ly7uAAA":{"Id":"a1b29000000ly7uAAA","Name":"Maria Johnson - Alle (6 more) ...","Insurance_Company__c":"0012900000AXSlPAAX"}}|0x5f01c3bf
07:34:02.0 (369281688)|HEAP_ALLOCATE|[EXTERNAL]|Bytes:20
07:34:02.0 (369298366)|HEAP_ALLOCATE|[197]|Bytes:465
07:34:02.0 (369521054)|HEAP_ALLOCATE|[197]|Bytes:5
07:34:02.0 (369539595)|HEAP_ALLOCATE|[197]|Bytes:16
07:34:02.0 (369553459)|VARIABLE_SCOPE_BEGIN|[197]|ptntInsrnceInstance|Patient_Insurance__c|true|false
07:34:02.0 (369573518)|VARIABLE_ASSIGNMENT|[197]|ptntInsrnceInstance|{"Id":"a1b29000000l40nAAA","Name":"Maria Johnson - BCBS (17 more) ...","Insurance_Company__c":"0012900000AXSPBAA5"}|0x1cb49468
07:34:02.0 (369581777)|STATEMENT_EXECUTE|[197]
07:34:02.0 (369583792)|STATEMENT_EXECUTE|[198]
07:34:02.0 (369644197)|HEAP_ALLOCATE|[198]|Bytes:18
07:34:02.0 (369735469)|HEAP_ALLOCATE|[EXTERNAL]|Bytes:4
07:34:02.0 (369752772)|HEAP_ALLOCATE|[197]|Bytes:5
07:34:02.0 (369762591)|HEAP_ALLOCATE|[197]|Bytes:16
07:34:02.0 (369769059)|VARIABLE_SCOPE_BEGIN|[197]|ptntInsrnceInstance|Patient_Insurance__c|true|false
07:34:02.0 (369784476)|VARIABLE_ASSIGNMENT|[197]|ptntInsrnceInstance|{"Id":"a1b29000000lvHQAAY","Name":"Maria Johnson - Valu (23 more) ...","Insurance_Company__c":"0012900000AXSP3AAP"}|0x28f99d14
07:34:02.0 (369790153)|STATEMENT_EXECUTE|[197]
07:34:02.0 (369791414)|STATEMENT_EXECUTE|[198]
07:34:02.0 (369803007)|HEAP_ALLOCATE|[198]|Bytes:18
07:34:02.0 (369817728)|HEAP_ALLOCATE|[EXTERNAL]|Bytes:4
07:34:02.0 (369833394)|HEAP_ALLOCATE|[197]|Bytes:5
07:34:02.0 (369847453)|HEAP_ALLOCATE|[197]|Bytes:16
07:34:02.0 (369856518)|VARIABLE_SCOPE_BEGIN|[197]|ptntInsrnceInstance|Patient_Insurance__c|true|false
07:34:02.0 (369876590)|VARIABLE_ASSIGNMENT|[197]|ptntInsrnceInstance|{"Id":"a1b29000000lvHVAAY","Name":"Maria Johnson - Priv (7 more) ...","Insurance_Company__c":"0012900000AXSDqAAP"}|0x4ee55529
07:34:02.0 (369884575)|STATEMENT_EXECUTE|[197]
07:34:02.0 (369886085)|STATEMENT_EXECUTE|[198]
07:34:02.0 (369898739)|HEAP_ALLOCATE|[198]|Bytes:18
07:34:02.0 (369917852)|HEAP_ALLOCATE|[EXTERNAL]|Bytes:4
07:34:02.0 (369934074)|HEAP_ALLOCATE|[197]|Bytes:5
07:34:02.0 (369946732)|HEAP_ALLOCATE|[197]|Bytes:16
07:34:02.0 (369954420)|VARIABLE_SCOPE_BEGIN|[197]|ptntInsrnceInstance|Patient_Insurance__c|true|false
07:34:02.0 (369974305)|VARIABLE_ASSIGNMENT|[197]|ptntInsrnceInstance|{"Id":"a1b29000000ly7uAAA","Name":"Maria Johnson - Alle (6 more) ...","Insurance_Company__c":"0012900000AXSlPAAX"}|0x84fa67f
07:34:02.0 (369981022)|STATEMENT_EXECUTE|[197]
07:34:02.0 (369982312)|STATEMENT_EXECUTE|[198]
07:34:02.0 (369991373)|HEAP_ALLOCATE|[198]|Bytes:18
07:34:02.0 (370003801)|HEAP_ALLOCATE|[EXTERNAL]|Bytes:4
07:34:02.0 (370014646)|HEAP_ALLOCATE|[197]|Bytes:5
07:34:02.0 (370024639)|VARIABLE_ASSIGNMENT|[197]|ptntInsrnceInstance|null|
07:34:02.0 (370029771)|STATEMENT_EXECUTE|[201]
07:34:02.0 (370041098)|METHOD_EXIT|[84]|01p0a000004sKzV|PAW_New_EditCntrllr.getPtntInsrnceOptions()
07:34:02.0 (370175308)|VARIABLE_ASSIGNMENT|[EXTERNAL]|this|{"estmtCvrgeDaysObj":"0xe534a4d","faciltyOptions":"0x20c5ed46","fcltyPrgrmOptions":"0x38d5161b","idToOwnershipFacilit (4 more) ...":"0x5716555c","idToTypeFacilityMap":"0x47e3e46b","insrncBnftMap":"0x5fcfa097","insrncBnftOptions":"0x22a231ca","isIop":false,"isTalbott":false,"meta":"0x54f22cd8","oppId":"00629000004NTeZ","pawObj":"0x4bda9801","ptntInsrnceOptions":"0x289e1335","ptntInsrncMap":"0x6d617b4f","ptntInsrncObj":"0x8efe602","quoteObj":"0x6a54e465","recordId":"00629000004NTeZ","rtAdjstmntOptions":"0x2e038893","showPILookup":false,"sObjectQueryStr":"","wrprObj":"0x70f9040a"}|0x5f01c3bf
07:34:02.0 (370237706)|HEAP_ALLOCATE|[86]|Bytes:26
07:34:02.0 (370434832)|HEAP_ALLOCATE|[86]|Bytes:4
07:34:02.0 (370467243)|HEAP_ALLOCATE|[86]|Bytes:3
07:34:02.0 (370497511)|STATEMENT_EXECUTE|[86]
07:34:02.0 (370499753)|STATEMENT_EXECUTE|[156]
07:34:02.0 (370520365)|METHOD_ENTRY|[156]|01p0a000004sKzV|PAW_New_EditCntrllr.getRedirect()
07:34:02.0 (370625216)|VARIABLE_SCOPE_BEGIN|[159]|this|PAW_New_EditCntrllr|true|false
07:34:02.0 (370706232)|VARIABLE_ASSIGNMENT|[159]|this|{"estmtCvrgeDaysObj":"0xe534a4d","faciltyOptions":"0x20c5ed46","fcltyPrgrmOptions":"0x38d5161b","idToOwnershipFacilit (4 more) ...":"0x5716555c","idToTypeFacilityMap":"0x47e3e46b","insrncBnftMap":"0x5fcfa097","insrncBnftOptions":"0x22a231ca","isIop":false,"isTalbott":false,"meta":"0x54f22cd8","oppId":"00629000004NTeZ","pawObj":"0x4bda9801","ptntInsrnceOptions":"0x289e1335","ptntInsrncMap":"0x6d617b4f","ptntInsrncObj":"0x8efe602","quoteObj":"0x6a54e465","recordId":"00629000004NTeZ","rtAdjstmntOptions":"0x2e038893","showPILookup":false,"sObjectQueryStr":"","wrprObj":"0x70f9040a"}|0x5f01c3bf
07:34:02.0 (370721977)|STATEMENT_EXECUTE|[159]
07:34:02.0 (370723470)|STATEMENT_EXECUTE|[160]
07:34:02.0 (370726447)|HEAP_ALLOCATE|[160]|Bytes:5
07:34:02.0 (370762360)|USER_DEBUG|[160]|DEBUG|>>> 2
07:34:02.0 (370771201)|STATEMENT_EXECUTE|[161]
07:34:02.0 (370782186)|METHOD_ENTRY|[161]|01p0a000004sKzV|PAW_New_EditCntrllr.redirectIfLocked()
07:34:02.0 (370813232)|VARIABLE_SCOPE_BEGIN|[177]|this|PAW_New_EditCntrllr|true|false
07:34:02.0 (370901941)|VARIABLE_ASSIGNMENT|[177]|this|{"estmtCvrgeDaysObj":"0xe534a4d","faciltyOptions":"0x20c5ed46","fcltyPrgrmOptions":"0x38d5161b","idToOwnershipFacilit (4 more) ...":"0x5716555c","idToTypeFacilityMap":"0x47e3e46b","insrncBnftMap":"0x5fcfa097","insrncBnftOptions":"0x22a231ca","isIop":false,"isTalbott":false,"meta":"0x54f22cd8","oppId":"00629000004NTeZ","pawObj":"0x4bda9801","ptntInsrnceOptions":"0x289e1335","ptntInsrncMap":"0x6d617b4f","ptntInsrncObj":"0x8efe602","quoteObj":"0x6a54e465","recordId":"00629000004NTeZ","rtAdjstmntOptions":"0x2e038893","showPILookup":false,"sObjectQueryStr":"","wrprObj":"0x70f9040a"}|0x5f01c3bf
07:34:02.0 (370923262)|STATEMENT_EXECUTE|[177]
07:34:02.0 (371028656)|VARIABLE_ASSIGNMENT|[EXTERNAL]|this|{"estmtCvrgeDaysObj":"0xe534a4d","faciltyOptions":"0x20c5ed46","fcltyPrgrmOptions":"0x38d5161b","idToOwnershipFacilit (4 more) ...":"0x5716555c","idToTypeFacilityMap":"0x47e3e46b","insrncBnftMap":"0x5fcfa097","insrncBnftOptions":"0x22a231ca","isIop":false,"isTalbott":false,"meta":"0x54f22cd8","oppId":"00629000004NTeZ","pawObj":"0x4bda9801","ptntInsrnceOptions":"0x289e1335","ptntInsrncMap":"0x6d617b4f","ptntInsrncObj":"0x8efe602","quoteObj":"0x6a54e465","recordId":"00629000004NTeZ","rtAdjstmntOptions":"0x2e038893","showPILookup":false,"sObjectQueryStr":"","wrprObj":"0x70f9040a"}|0x5f01c3bf
07:34:02.0 (371058691)|STATEMENT_EXECUTE|[178]
07:34:02.0 (371060460)|STATEMENT_EXECUTE|[182]
07:34:02.0 (371131708)|VARIABLE_ASSIGNMENT|[EXTERNAL]|this|{"estmtCvrgeDaysObj":"0xe534a4d","faciltyOptions":"0x20c5ed46","fcltyPrgrmOptions":"0x38d5161b","idToOwnershipFacilit (4 more) ...":"0x5716555c","idToTypeFacilityMap":"0x47e3e46b","insrncBnftMap":"0x5fcfa097","insrncBnftOptions":"0x22a231ca","isIop":false,"isTalbott":false,"meta":"0x54f22cd8","oppId":"00629000004NTeZ","pawObj":"0x4bda9801","ptntInsrnceOptions":"0x289e1335","ptntInsrncMap":"0x6d617b4f","ptntInsrncObj":"0x8efe602","quoteObj":"0x6a54e465","recordId":"00629000004NTeZ","rtAdjstmntOptions":"0x2e038893","showPILookup":false,"sObjectQueryStr":"","wrprObj":"0x70f9040a"}|0x5f01c3bf
07:34:02.0 (376225147)|VARIABLE_SCOPE_BEGIN|[4]|RecordLockUtility.isLockedFlag|Boolean|false|true
07:34:02.0 (376293260)|HEAP_ALLOCATE|[182]|Bytes:13
07:34:02.0 (376325768)|METHOD_ENTRY|[1]|01p0a000004sCDb|RecordLockUtility.RecordLockUtility()
07:34:02.0 (376332362)|STATEMENT_EXECUTE|[1]
07:34:02.0 (376337651)|STATEMENT_EXECUTE|[1]
07:34:02.0 (376728510)|SYSTEM_MODE_ENTER|false
07:34:02.0 (376745237)|HEAP_ALLOCATE|[182]|Bytes:5
07:34:02.0 (376754509)|SYSTEM_MODE_EXIT|false
07:34:02.0 (376767214)|METHOD_EXIT|[1]|RecordLockUtility
07:34:02.0 (376798407)|METHOD_ENTRY|[182]|01p0a000004sCDb|RecordLockUtility.redirectIfLocked(String)
07:34:02.0 (376810211)|VARIABLE_SCOPE_BEGIN|[29]|recordId|String|false|false
07:34:02.0 (376830217)|VARIABLE_ASSIGNMENT|[29]|recordId|"00629000004NTeZ"
07:34:02.0 (376851795)|SYSTEM_MODE_ENTER|false
07:34:02.0 (376857458)|HEAP_ALLOCATE|[30]|Bytes:5
07:34:02.0 (376862500)|STATEMENT_EXECUTE|[29]
07:34:02.0 (376863808)|STATEMENT_EXECUTE|[30]
07:34:02.0 (376883317)|HEAP_ALLOCATE|[30]|Bytes:4
07:34:02.0 (376898825)|METHOD_ENTRY|[30]|01p0a000004sCDb|RecordLockUtility.verifyIfLocked(Id)
07:34:02.0 (376949132)|VARIABLE_SCOPE_BEGIN|[14]|pRecordId|Id|false|false
07:34:02.0 (377158023)|VARIABLE_ASSIGNMENT|[14]|pRecordId|"00629000004NTeZAAW"
07:34:02.0 (377185898)|HEAP_ALLOCATE|[15]|Bytes:5
07:34:02.0 (377190948)|STATEMENT_EXECUTE|[14]
07:34:02.0 (377192205)|STATEMENT_EXECUTE|[15]
07:34:02.0 (377816826)|HEAP_ALLOCATE|[15]|Bytes:5
07:34:02.0 (377829752)|METHOD_EXIT|[30]|01p0a000004sCDb|RecordLockUtility.verifyIfLocked(Id)
07:34:02.0 (377838127)|HEAP_ALLOCATE|[30]|Bytes:5
07:34:02.0 (377852365)|VARIABLE_ASSIGNMENT|[30]|RecordLockUtility.isLockedFlag|false
07:34:02.0 (377860917)|STATEMENT_EXECUTE|[35]
07:34:02.0 (377862097)|STATEMENT_EXECUTE|[36]
07:34:02.0 (377865497)|SYSTEM_MODE_EXIT|false
07:34:02.0 (377872106)|METHOD_EXIT|[182]|01p0a000004sCDb|RecordLockUtility.redirectIfLocked(String)
07:34:02.0 (377878420)|METHOD_EXIT|[161]|01p0a000004sKzV|PAW_New_EditCntrllr.redirectIfLocked()
07:34:02.0 (377885802)|VARIABLE_SCOPE_BEGIN|[161]|redirectPR|System.PageReference|true|false
07:34:02.0 (377895748)|VARIABLE_ASSIGNMENT|[161]|redirectPR|null|
07:34:02.0 (377900332)|STATEMENT_EXECUTE|[162]
07:34:02.0 (377908191)|STATEMENT_EXECUTE|[166]
07:34:02.0 (377909422)|STATEMENT_EXECUTE|[173]
07:34:02.0 (377913198)|METHOD_EXIT|[156]|01p0a000004sKzV|PAW_New_EditCntrllr.getRedirect()
07:34:02.378 (378502324)|SYSTEM_MODE_ENTER|true
07:34:02.378 (378543671)|HEAP_ALLOCATE|[EXTERNAL]|Bytes:38
07:34:02.378 (378550801)|HEAP_ALLOCATE|[EXTERNAL]|Bytes:7
07:34:02.378 (378564278)|SYSTEM_METHOD_ENTRY|[1]|PageMessagesComponentController.PageMessagesComponentController()
07:34:02.378 (378568600)|STATEMENT_EXECUTE|[1]
07:34:02.378 (378752759)|SYSTEM_MODE_ENTER|true
07:34:02.378 (378824500)|HEAP_ALLOCATE|[EXTERNAL]|Bytes:8
07:34:02.378 (378832195)|VARIABLE_SCOPE_BEGIN|[88]|this|ApexPage.PageMessagesComponentController|true|false
07:34:02.378 (378865251)|VARIABLE_ASSIGNMENT|[88]|this|{}|0xfe33c35
07:34:02.378 (378871098)|VARIABLE_SCOPE_BEGIN|[88]|escape|Boolean|false|false
07:34:02.378 (378877477)|VARIABLE_ASSIGNMENT|[88]|escape|null
07:34:02.379 (379026471)|SYSTEM_MODE_ENTER|true
07:34:02.379 (379063522)|HEAP_ALLOCATE|[EXTERNAL]|Bytes:8
07:34:02.379 (379069629)|VARIABLE_SCOPE_BEGIN|[2]|this|ApexPage.PageMessagesComponentController|true|false
07:34:02.379 (379087971)|VARIABLE_ASSIGNMENT|[2]|this|{}|0xfe33c35
07:34:02.0 (379997174)|SYSTEM_MODE_ENTER|true
07:34:02.0 (380230516)|SYSTEM_MODE_ENTER|true
07:34:02.0 (380613623)|SYSTEM_MODE_ENTER|true
07:34:02.0 (386240357)|SYSTEM_MODE_ENTER|true
07:34:02.0 (386320469)|SYSTEM_MODE_ENTER|true
07:34:02.408 (408617005)|SYSTEM_MODE_ENTER|true
07:34:02.408 (408736698)|HEAP_ALLOCATE|[EXTERNAL]|Bytes:8
07:34:02.408 (408753591)|VARIABLE_SCOPE_BEGIN|[88]|this|ApexPage.PageMessagesComponentController|true|false
07:34:02.408 (408797669)|VARIABLE_ASSIGNMENT|[88]|this|{}|0xfe33c35
07:34:02.408 (408805084)|VARIABLE_SCOPE_BEGIN|[88]|escape|Boolean|false|false
07:34:02.408 (408812213)|VARIABLE_ASSIGNMENT|[88]|escape|null
07:34:02.408 (408985392)|SYSTEM_MODE_ENTER|true
07:34:02.408 (409023826)|HEAP_ALLOCATE|[EXTERNAL]|Bytes:8
07:34:02.408 (409030996)|VARIABLE_SCOPE_BEGIN|[2]|this|ApexPage.PageMessagesComponentController|true|false
07:34:02.408 (409048801)|VARIABLE_ASSIGNMENT|[2]|this|{}|0xfe33c35
07:34:02.0 (412289205)|SYSTEM_MODE_ENTER|true
07:34:02.0 (412336846)|HEAP_ALLOCATE|[EXTERNAL]|Bytes:112
07:34:02.0 (412348381)|VARIABLE_SCOPE_BEGIN|[186]|this|PAW_New_EditCntrllr|true|false
07:34:02.0 (412453979)|VARIABLE_ASSIGNMENT|[186]|this|{"estmtCvrgeDaysObj":"0xe534a4d","faciltyOptions":"0x20c5ed46","fcltyPrgrmOptions":"0x38d5161b","idToOwnershipFacilit (4 more) ...":"0x5716555c","idToTypeFacilityMap":"0x47e3e46b","insrncBnftMap":"0x5fcfa097","insrncBnftOptions":"0x22a231ca","isIop":false,"isTalbott":false,"meta":"0x54f22cd8","oppId":"00629000004NTeZ","pawObj":"0x4bda9801","ptntInsrnceOptions":"0x289e1335","ptntInsrncMap":"0x6d617b4f","ptntInsrncObj":"0x8efe602","quoteObj":"0x6a54e465","recordId":"00629000004NTeZ","rtAdjstmntOptions":"0x2e038893","showPILookup":false,"sObjectQueryStr":"","wrprObj":"0x70f9040a"}|0x5f01c3bf
07:34:02.0 (412478026)|STATEMENT_EXECUTE|[186]
07:34:02.0 (412480029)|STATEMENT_EXECUTE|[190]
07:34:02.0 (412495195)|HEAP_ALLOCATE|[190]|Bytes:4
07:34:02.0 (412546805)|HEAP_ALLOCATE|[EXTERNAL]|Bytes:4
07:34:02.0 (412560036)|VARIABLE_ASSIGNMENT|[190]|this.ptntInsrnceOptions|[]|0x5f01c3bf
07:34:02.0 (412564990)|STATEMENT_EXECUTE|[191]
07:34:02.0 (412595332)|HEAP_ALLOCATE|[EXTERNAL]|Bytes:4
07:34:02.0 (412603530)|STATEMENT_EXECUTE|[192]
07:34:02.0 (412631832)|HEAP_ALLOCATE|[192]|Bytes:4
07:34:02.0 (412643692)|HEAP_ALLOCATE|[192]|Bytes:4
07:34:02.0 (412923255)|SOQL_EXECUTE_BEGIN|[192]|Aggregations:0|SELECT Id, Name, Insurance_Company__c FROM Patient_Insurance__c WHERE Opportunity__c = :tmpVar1
07:34:02.0 (416772675)|SOQL_EXECUTE_END|[192]|Rows:4
07:34:02.0 (416816835)|HEAP_ALLOCATE|[192]|Bytes:20
07:34:02.0 (416857942)|HEAP_ALLOCATE|[192]|Bytes:449
07:34:02.0 (416928282)|HEAP_ALLOCATE|[192]|Bytes:20
07:34:02.0 (416961131)|HEAP_ALLOCATE|[192]|Bytes:16
07:34:02.0 (416980239)|HEAP_ALLOCATE|[192]|Bytes:4
07:34:02.0 (416991437)|HEAP_ALLOCATE|[192]|Bytes:16
07:34:02.0 (416999585)|HEAP_ALLOCATE|[192]|Bytes:4
07:34:02.0 (417005422)|HEAP_ALLOCATE|[192]|Bytes:16
07:34:02.0 (417014546)|HEAP_ALLOCATE|[192]|Bytes:4
07:34:02.0 (417019804)|HEAP_ALLOCATE|[192]|Bytes:16
07:34:02.0 (417026959)|HEAP_ALLOCATE|[192]|Bytes:4
07:34:02.0 (417105226)|VARIABLE_ASSIGNMENT|[192]|this.ptntInsrncMap|{"a1b29000000l40nAAA":{"Id":"a1b29000000l40nAAA","Name":"Maria Johnson - BCBS (17 more) ...","Insurance_Company__c":"0012900000AXSPBAA5"},"a1b29000000lvHQAAY":{"Id":"a1b29000000lvHQAAY","Name":"Maria Johnson - Valu (23 more) ...","Insurance_Company__c":"0012900000AXSP3AAP"},"a1b29000000lvHVAAY":{"Id":"a1b29000000lvHVAAY","Name":"Maria Johnson - Priv (7 more) ...","Insurance_Company__c":"0012900000AXSDqAAP"},"a1b29000000ly7uAAA":{"Id":"a1b29000000ly7uAAA","Name":"Maria Johnson - Alle (6 more) ...","Insurance_Company__c":"0012900000AXSlPAAX"}}|0x5f01c3bf
07:34:02.0 (417158890)|HEAP_ALLOCATE|[EXTERNAL]|Bytes:20
07:34:02.0 (417180087)|HEAP_ALLOCATE|[197]|Bytes:465
07:34:02.0 (417295325)|HEAP_ALLOCATE|[197]|Bytes:5
07:34:02.0 (417324142)|HEAP_ALLOCATE|[197]|Bytes:16
07:34:02.0 (417343443)|VARIABLE_SCOPE_BEGIN|[197]|ptntInsrnceInstance|Patient_Insurance__c|true|false
07:34:02.0 (417372496)|VARIABLE_ASSIGNMENT|[197]|ptntInsrnceInstance|{"Id":"a1b29000000l40nAAA","Name":"Maria Johnson - BCBS (17 more) ...","Insurance_Company__c":"0012900000AXSPBAA5"}|0x50d30849
07:34:02.0 (417383826)|STATEMENT_EXECUTE|[197]
07:34:02.0 (417386349)|STATEMENT_EXECUTE|[198]
07:34:02.0 (417422955)|HEAP_ALLOCATE|[198]|Bytes:18
07:34:02.0 (417462176)|HEAP_ALLOCATE|[EXTERNAL]|Bytes:4
07:34:02.0 (417483646)|HEAP_ALLOCATE|[197]|Bytes:5
07:34:02.0 (417500657)|HEAP_ALLOCATE|[197]|Bytes:16
07:34:02.0 (417510923)|VARIABLE_SCOPE_BEGIN|[197]|ptntInsrnceInstance|Patient_Insurance__c|true|false
07:34:02.0 (417532000)|VARIABLE_ASSIGNMENT|[197]|ptntInsrnceInstance|{"Id":"a1b29000000lvHQAAY","Name":"Maria Johnson - Valu (23 more) ...","Insurance_Company__c":"0012900000AXSP3AAP"}|0x60628ae7
07:34:02.0 (417540135)|STATEMENT_EXECUTE|[197]
07:34:02.0 (417541891)|STATEMENT_EXECUTE|[198]
07:34:02.0 (417554647)|HEAP_ALLOCATE|[198]|Bytes:18
07:34:02.0 (417574572)|HEAP_ALLOCATE|[EXTERNAL]|Bytes:4
07:34:02.0 (417590709)|HEAP_ALLOCATE|[197]|Bytes:5
07:34:02.0 (417604630)|HEAP_ALLOCATE|[197]|Bytes:16
07:34:02.0 (417613470)|VARIABLE_SCOPE_BEGIN|[197]|ptntInsrnceInstance|Patient_Insurance__c|true|false
07:34:02.0 (417633182)|VARIABLE_ASSIGNMENT|[197]|ptntInsrnceInstance|{"Id":"a1b29000000lvHVAAY","Name":"Maria Johnson - Priv (7 more) ...","Insurance_Company__c":"0012900000AXSDqAAP"}|0x5daf790a
07:34:02.0 (417641813)|STATEMENT_EXECUTE|[197]
07:34:02.0 (417644087)|STATEMENT_EXECUTE|[198]
07:34:02.0 (417656168)|HEAP_ALLOCATE|[198]|Bytes:18
07:34:02.0 (417675428)|HEAP_ALLOCATE|[EXTERNAL]|Bytes:4
07:34:02.0 (417691966)|HEAP_ALLOCATE|[197]|Bytes:5
07:34:02.0 (417705719)|HEAP_ALLOCATE|[197]|Bytes:16
07:34:02.0 (417714809)|VARIABLE_SCOPE_BEGIN|[197]|ptntInsrnceInstance|Patient_Insurance__c|true|false
07:34:02.0 (417734410)|VARIABLE_ASSIGNMENT|[197]|ptntInsrnceInstance|{"Id":"a1b29000000ly7uAAA","Name":"Maria Johnson - Alle (6 more) ...","Insurance_Company__c":"0012900000AXSlPAAX"}|0x2a3e78fe
07:34:02.0 (417743534)|STATEMENT_EXECUTE|[197]
07:34:02.0 (417745296)|STATEMENT_EXECUTE|[198]
07:34:02.0 (417756832)|HEAP_ALLOCATE|[198]|Bytes:18
07:34:02.0 (417774385)|HEAP_ALLOCATE|[EXTERNAL]|Bytes:4
07:34:02.0 (417790178)|HEAP_ALLOCATE|[197]|Bytes:5
07:34:02.0 (417806234)|VARIABLE_ASSIGNMENT|[197]|ptntInsrnceInstance|null|
07:34:02.0 (417815008)|STATEMENT_EXECUTE|[201]
07:34:02.0 (420792389)|SYSTEM_MODE_ENTER|true
07:34:02.0 (420879559)|HEAP_ALLOCATE|[EXTERNAL]|Bytes:112
07:34:02.0 (421166170)|VARIABLE_SCOPE_BEGIN|[215]|this|PAW_New_EditCntrllr|true|false
07:34:02.0 (421316831)|VARIABLE_ASSIGNMENT|[215]|this|{"estmtCvrgeDaysObj":"0xe534a4d","faciltyOptions":"0x20c5ed46","fcltyPrgrmOptions":"0x38d5161b","idToOwnershipFacilit (4 more) ...":"0x5716555c","idToTypeFacilityMap":"0x47e3e46b","insrncBnftMap":"0x5fcfa097","insrncBnftOptions":"0x22a231ca","isIop":false,"isTalbott":false,"meta":"0x54f22cd8","oppId":"00629000004NTeZ","pawObj":"0x4bda9801","ptntInsrnceOptions":"0x5bf6856e","ptntInsrncMap":"0x1b97e165","ptntInsrncObj":"0x8efe602","quoteObj":"0x6a54e465","recordId":"00629000004NTeZ","rtAdjstmntOptions":"0x2e038893","showPILookup":false,"sObjectQueryStr":"","wrprObj":"0x70f9040a"}|0x5f01c3bf
07:34:02.0 (421345677)|STATEMENT_EXECUTE|[215]
07:34:02.0 (421348096)|STATEMENT_EXECUTE|[216]
07:34:02.0 (421422281)|STATEMENT_EXECUTE|[217]
07:34:02.0 (421502879)|HEAP_ALLOCATE|[EXTERNAL]|Bytes:4
07:34:02.0 (421646971)|VARIABLE_ASSIGNMENT|[EXTERNAL]|this|{"estmtCvrgeDaysObj":"0xe534a4d","faciltyOptions":"0x20c5ed46","fcltyPrgrmOptions":"0x38d5161b","idToOwnershipFacilit (4 more) ...":"0x5716555c","idToTypeFacilityMap":"0x47e3e46b","insrncBnftMap":"0x5fcfa097","insrncBnftOptions":"0x22a231ca","isIop":false,"isTalbott":false,"meta":"0x54f22cd8","oppId":"00629000004NTeZ","pawObj":"0x4bda9801","ptntInsrnceOptions":"0x5bf6856e","ptntInsrncMap":"0x1b97e165","ptntInsrncObj":"0x8efe602","quoteObj":"0x6a54e465","recordId":"00629000004NTeZ","rtAdjstmntOptions":"0x2e038893","showPILookup":false,"sObjectQueryStr":"","wrprObj":"0x70f9040a"}|0x5f01c3bf
07:34:02.0 (421681921)|STATEMENT_EXECUTE|[218]
07:34:02.0 (421684433)|STATEMENT_EXECUTE|[219]
07:34:02.0 (421725600)|HEAP_ALLOCATE|[219]|Bytes:4
07:34:02.0 (421737630)|HEAP_ALLOCATE|[219]|Bytes:1083
07:34:02.0 (421751664)|HEAP_ALLOCATE|[219]|Bytes:4
07:34:02.0 (421867661)|VARIABLE_ASSIGNMENT|[EXTERNAL]|this|{"estmtCvrgeDaysObj":"0xe534a4d","faciltyOptions":"0x20c5ed46","fcltyPrgrmOptions":"0x38d5161b","idToOwnershipFacilit (4 more) ...":"0x5716555c","idToTypeFacilityMap":"0x47e3e46b","insrncBnftMap":"0x5fcfa097","insrncBnftOptions":"0x22a231ca","isIop":false,"isTalbott":false,"meta":"0x54f22cd8","oppId":"00629000004NTeZ","pawObj":"0x4bda9801","ptntInsrnceOptions":"0x5bf6856e","ptntInsrncMap":"0x1b97e165","ptntInsrncObj":"0x8efe602","quoteObj":"0x6a54e465","recordId":"00629000004NTeZ","rtAdjstmntOptions":"0x2e038893","showPILookup":false,"sObjectQueryStr":"","wrprObj":"0x70f9040a"}|0x5f01c3bf
07:34:02.0 (422950490)|SOQL_EXECUTE_BEGIN|[219]|Aggregations:0|SELECT Id, Name, RecordType.Name, Uncovered_Charges__c, Patient_Insurance__r.Accepts_Assignment_of_Benefits__c, Patient_Insurance__r.Opportunity__c, Patient_Insurance__r.Accreditation__c, Patient_Insurance__r.Insurance_Company__r.Name, PHP_Admit_Co_Payment__c, Detox_Admit_Co_Payment__c, RTC_Admit_Co_Payment__c, Deductible__c, Deductible_Met__c, IOP_Admit_Co_Payment__c, Max_Out_of_Pocket_Remaining__c, Insurance_Company_is_Out_of_Network__c, Annual_Max_Remaining__c, Deductible_Remaining__c, Detox_Pays_at__c, Detox_Over__c, RTC_Pays_at__c, Residential_Treatment_Override__c, PHP_Pays_at__c, Partial_Hospitalization_Override__c, IOP_Pays_at__c, Intensive_Outpatient_Override__c, Num_Days_Uncovered__c, Num_Days_Room__c, Uncovered_Days_Rate__c, Room_and_Board_Days_Rate__c, Uncovered_Days_Override__c, Room_and_Board_Days_Override__c, Deductible_Included_in_OOP__c, Uncovered_Days__c, Lifetime_Max__c, Lifetime_Max_Met__c, Annual_Max__c, Annual_Max_Met__c, Max_Out_of_Pocket__c, Max_Out_of_Pocket_Met__c, Co_Pay_Met__c FROM Insurance_Benefit__c WHERE Patient_Insurance__c = :tmpVar1
07:34:02.0 (427270487)|SOQL_EXECUTE_END|[219]|Rows:0
07:34:02.0 (427305739)|HEAP_ALLOCATE|[219]|Bytes:4
07:34:02.0 (427325761)|HEAP_ALLOCATE|[219]|Bytes:0
07:34:02.0 (427408778)|HEAP_ALLOCATE|[219]|Bytes:4
07:34:02.0 (427472321)|VARIABLE_ASSIGNMENT|[219]|this.insrncBnftMap|{}|0x5f01c3bf
07:34:02.0 (427525077)|HEAP_ALLOCATE|[EXTERNAL]|Bytes:4
07:34:02.0 (427533059)|HEAP_ALLOCATE|[263]|Bytes:4
07:34:02.0 (427701871)|HEAP_ALLOCATE|[263]|Bytes:5
07:34:02.0 (427723764)|VARIABLE_ASSIGNMENT|[263]|insrncBnftInstance|null|
07:34:02.0 (427729851)|STATEMENT_EXECUTE|[263]
07:34:02.0 (427861508)|VARIABLE_ASSIGNMENT|[EXTERNAL]|this|{"estmtCvrgeDaysObj":"0xe534a4d","faciltyOptions":"0x20c5ed46","fcltyPrgrmOptions":"0x38d5161b","idToOwnershipFacilit (4 more) ...":"0x5716555c","idToTypeFacilityMap":"0x47e3e46b","insrncBnftMap":"0xb700ce4","insrncBnftOptions":"0x22a231ca","isIop":false,"isTalbott":false,"meta":"0x54f22cd8","oppId":"00629000004NTeZ","pawObj":"0x4bda9801","ptntInsrnceOptions":"0x5bf6856e","ptntInsrncMap":"0x1b97e165","ptntInsrncObj":"0x8efe602","quoteObj":"0x6a54e465","recordId":"00629000004NTeZ","rtAdjstmntOptions":"0x2e038893","showPILookup":false,"sObjectQueryStr":"","wrprObj":"0x70f9040a"}|0x5f01c3bf
07:34:02.0 (427947618)|VARIABLE_ASSIGNMENT|[EXTERNAL]|this|{"facilitySelected":"","fcltyPrgrmSelected":"","insrncBnft":"0x125d8413","insrncBnftSelected":"","pawDetailListDisplay (4 more) ...":false,"pyAgrmntWrksht":"0x2a3f11f6","rateAdjstmntSelected":"","relatedPAWDetailsLis (1 more) ...":"0xbde1fd","targetEDR":0.00,"totalAppliedDeductib (2 more) ...":0.00,"totalCoInsurance":0.00,"totalCoPayAmt":0.00,"totalInsCoResp":0.00,"totalInsEIVAmt":0.00,"totalRowCount":0,"totalTalbottDay":0.00}|0x70f9040a
07:34:02.0 (428015615)|VARIABLE_ASSIGNMENT|[EXTERNAL]|this|{"estmtCvrgeDaysObj":"0xe534a4d","faciltyOptions":"0x20c5ed46","fcltyPrgrmOptions":"0x38d5161b","idToOwnershipFacilit (4 more) ...":"0x5716555c","idToTypeFacilityMap":"0x47e3e46b","insrncBnftMap":"0xb700ce4","insrncBnftOptions":"0x22a231ca","isIop":false,"isTalbott":false,"meta":"0x54f22cd8","oppId":"00629000004NTeZ","pawObj":"0x4bda9801","ptntInsrnceOptions":"0x5bf6856e","ptntInsrncMap":"0x1b97e165","ptntInsrncObj":"0x8efe602","quoteObj":"0x6a54e465","recordId":"00629000004NTeZ","rtAdjstmntOptions":"0x2e038893","showPILookup":false,"sObjectQueryStr":"","wrprObj":"0x70f9040a"}|0x5f01c3bf
07:34:02.0 (428067611)|VARIABLE_ASSIGNMENT|[EXTERNAL]|this|{"facilitySelected":"","fcltyPrgrmSelected":"","insrncBnft":"0x125d8413","insrncBnftSelected":"","pawDetailListDisplay (4 more) ...":false,"pyAgrmntWrksht":"0x2a3f11f6","rateAdjstmntSelected":"","relatedPAWDetailsLis (1 more) ...":"0xbde1fd","targetEDR":0.00,"totalAppliedDeductib (2 more) ...":0.00,"totalCoInsurance":0.00,"totalCoPayAmt":0.00,"totalInsCoResp":0.00,"totalInsEIVAmt":0.00,"totalRowCount":0,"totalTalbottDay":0.00}|0x70f9040a
07:34:02.0 (428099838)|STATEMENT_EXECUTE|[269]
07:34:02.0 (428101517)|STATEMENT_EXECUTE|[270]
07:34:02.0 (428163792)|VARIABLE_ASSIGNMENT|[EXTERNAL]|this|{"estmtCvrgeDaysObj":"0xe534a4d","faciltyOptions":"0x20c5ed46","fcltyPrgrmOptions":"0x38d5161b","idToOwnershipFacilit (4 more) ...":"0x5716555c","idToTypeFacilityMap":"0x47e3e46b","insrncBnftMap":"0xb700ce4","insrncBnftOptions":"0x22a231ca","isIop":false,"isTalbott":false,"meta":"0x54f22cd8","oppId":"00629000004NTeZ","pawObj":"0x4bda9801","ptntInsrnceOptions":"0x5bf6856e","ptntInsrncMap":"0x1b97e165","ptntInsrncObj":"0x8efe602","quoteObj":"0x6a54e465","recordId":"00629000004NTeZ","rtAdjstmntOptions":"0x2e038893","showPILookup":false,"sObjectQueryStr":"","wrprObj":"0x70f9040a"}|0x5f01c3bf
07:34:02.0 (428216746)|VARIABLE_ASSIGNMENT|[EXTERNAL]|this|{"facilitySelected":"","fcltyPrgrmSelected":"","insrncBnft":"0x125d8413","insrncBnftSelected":"","pawDetailListDisplay (4 more) ...":false,"pyAgrmntWrksht":"0x2a3f11f6","rateAdjstmntSelected":"","relatedPAWDetailsLis (1 more) ...":"0xbde1fd","targetEDR":0.00,"totalAppliedDeductib (2 more) ...":0.00,"totalCoInsurance":0.00,"totalCoPayAmt":0.00,"totalInsCoResp":0.00,"totalInsEIVAmt":0.00,"totalRowCount":0,"totalTalbottDay":0.00}|0x70f9040a
07:34:02.0 (428228303)|VARIABLE_ASSIGNMENT|[EXTERNAL]|value|null|
07:34:02.0 (428236504)|VARIABLE_ASSIGNMENT|[524]|this.insrncBnft|null|0x70f9040a
07:34:02.0 (428244047)|STATEMENT_EXECUTE|[272]
07:34:02.0 (429290978)|SYSTEM_MODE_ENTER|true
07:34:02.0 (429563693)|SYSTEM_MODE_ENTER|true
07:34:02.0 (429612550)|HEAP_ALLOCATE|[EXTERNAL]|Bytes:112
07:34:02.0 (429768029)|VARIABLE_SCOPE_BEGIN|[379]|this|PAW_New_EditCntrllr|true|false
07:34:02.0 (429847628)|VARIABLE_ASSIGNMENT|[379]|this|{"estmtCvrgeDaysObj":"0xe534a4d","faciltyOptions":"0x20c5ed46","fcltyPrgrmOptions":"0x38d5161b","idToOwnershipFacilit (4 more) ...":"0x5716555c","idToTypeFacilityMap":"0x47e3e46b","insrncBnftMap":"0xb700ce4","insrncBnftOptions":"0x22a231ca","isIop":false,"isTalbott":false,"meta":"0x54f22cd8","oppId":"00629000004NTeZ","pawObj":"0x4bda9801","ptntInsrnceOptions":"0x5bf6856e","ptntInsrncMap":"0x1b97e165","ptntInsrncObj":"0x8efe602","quoteObj":"0x6a54e465","recordId":"00629000004NTeZ","rtAdjstmntOptions":"0x2e038893","showPILookup":false,"sObjectQueryStr":"","wrprObj":"0x70f9040a"}|0x5f01c3bf
07:34:02.0 (429869001)|STATEMENT_EXECUTE|[379]
07:34:02.0 (429870550)|STATEMENT_EXECUTE|[380]
07:34:02.0 (429885582)|HEAP_ALLOCATE|[380]|Bytes:4
07:34:02.0 (429946368)|HEAP_ALLOCATE|[EXTERNAL]|Bytes:4
07:34:02.0 (429959076)|VARIABLE_ASSIGNMENT|[380]|this.rtAdjstmntOptions|[]|0x5f01c3bf
07:34:02.0 (429964339)|STATEMENT_EXECUTE|[381]
07:34:02.0 (429975068)|HEAP_ALLOCATE|[381]|Bytes:8
07:34:02.0 (430043534)|HEAP_ALLOCATE|[EXTERNAL]|Bytes:4
07:34:02.0 (430124687)|VARIABLE_ASSIGNMENT|[EXTERNAL]|this|{"estmtCvrgeDaysObj":"0xe534a4d","faciltyOptions":"0x20c5ed46","fcltyPrgrmOptions":"0x38d5161b","idToOwnershipFacilit (4 more) ...":"0x5716555c","idToTypeFacilityMap":"0x47e3e46b","insrncBnftMap":"0xb700ce4","insrncBnftOptions":"0x22a231ca","isIop":false,"isTalbott":false,"meta":"0x54f22cd8","oppId":"00629000004NTeZ","pawObj":"0x4bda9801","ptntInsrnceOptions":"0x5bf6856e","ptntInsrncMap":"0x1b97e165","ptntInsrncObj":"0x8efe602","quoteObj":"0x6a54e465","recordId":"00629000004NTeZ","rtAdjstmntOptions":"0x7f16c882","showPILookup":false,"sObjectQueryStr":"","wrprObj":"0x70f9040a"}|0x5f01c3bf
07:34:02.0 (430189167)|VARIABLE_ASSIGNMENT|[EXTERNAL]|this|{"facilitySelected":"","fcltyPrgrmSelected":"","insrncBnftSelected":"","pawDetailListDisplay (4 more) ...":false,"pyAgrmntWrksht":"0x2a3f11f6","rateAdjstmntSelected":"","relatedPAWDetailsLis (1 more) ...":"0xbde1fd","targetEDR":0.00,"totalAppliedDeductib (2 more) ...":0.00,"totalCoInsurance":0.00,"totalCoPayAmt":0.00,"totalInsCoResp":0.00,"totalInsEIVAmt":0.00,"totalRowCount":0,"totalTalbottDay":0.00}|0x70f9040a
07:34:02.0 (430258831)|VARIABLE_ASSIGNMENT|[EXTERNAL]|this|{"estmtCvrgeDaysObj":"0xe534a4d","faciltyOptions":"0x20c5ed46","fcltyPrgrmOptions":"0x38d5161b","idToOwnershipFacilit (4 more) ...":"0x5716555c","idToTypeFacilityMap":"0x47e3e46b","insrncBnftMap":"0xb700ce4","insrncBnftOptions":"0x22a231ca","isIop":false,"isTalbott":false,"meta":"0x54f22cd8","oppId":"00629000004NTeZ","pawObj":"0x4bda9801","ptntInsrnceOptions":"0x5bf6856e","ptntInsrncMap":"0x1b97e165","ptntInsrncObj":"0x8efe602","quoteObj":"0x6a54e465","recordId":"00629000004NTeZ","rtAdjstmntOptions":"0x7f16c882","showPILookup":false,"sObjectQueryStr":"","wrprObj":"0x70f9040a"}|0x5f01c3bf
07:34:02.0 (430310093)|VARIABLE_ASSIGNMENT|[EXTERNAL]|this|{"facilitySelected":"","fcltyPrgrmSelected":"","insrncBnftSelected":"","pawDetailListDisplay (4 more) ...":false,"pyAgrmntWrksht":"0x2a3f11f6","rateAdjstmntSelected":"","relatedPAWDetailsLis (1 more) ...":"0xbde1fd","targetEDR":0.00,"totalAppliedDeductib (2 more) ...":0.00,"totalCoInsurance":0.00,"totalCoPayAmt":0.00,"totalInsCoResp":0.00,"totalInsEIVAmt":0.00,"totalRowCount":0,"totalTalbottDay":0.00}|0x70f9040a
07:34:02.0 (430335530)|STATEMENT_EXECUTE|[382]
07:34:02.0 (430337100)|STATEMENT_EXECUTE|[400]
07:34:02.0 (430706006)|SYSTEM_MODE_ENTER|true
07:34:02.0 (452249449)|VF_SERIALIZE_VIEWSTATE_BEGIN|0660a0000009uTC
07:34:02.0 (459968935)|VF_SERIALIZE_VIEWSTATE_END
07:34:02.466 (466599861)|CUMULATIVE_LIMIT_USAGE
07:34:02.466 (466599861)|LIMIT_USAGE_FOR_NS|(default)|
  Number of SOQL queries: 3 out of 100
  Number of query rows: 8 out of 50000
  Number of SOSL queries: 0 out of 20
  Number of DML statements: 0 out of 150
  Number of DML rows: 0 out of 10000
  Maximum CPU time: 0 out of 10000
  Maximum heap size: 0 out of 6000000
  Number of callouts: 0 out of 100
  Number of Email Invocations: 0 out of 10
  Number of future calls: 0 out of 50
  Number of queueable jobs added to the queue: 0 out of 50
  Number of Mobile Apex push calls: 0 out of 10

07:34:02.466 (466599861)|CUMULATIVE_LIMIT_USAGE_END

07:34:02.0 (466654192)|CODE_UNIT_FINISHED|VF: /apex/PAW_New_Edit
07:34:02.0 (467466879)|EXECUTION_FINISHED
