37.0 APEX_CODE,FINEST;APEX_PROFILING,INFO;CALLOUT,INFO;DB,INFO;SYSTEM,DEBUG;VALIDATION,INFO;VISUALFORCE,INFO;WAVE,INFO;WORKFLOW,FINER
08:27:32.0 (292322)|USER_INFO|[EXTERNAL]|00529000000zYiy|bhakti.gujrathi@eternussolutions.com.frnstgng|Central Standard Time|GMT-06:00
08:27:32.0 (325239)|EXECUTION_STARTED
08:27:32.0 (329563)|CODE_UNIT_STARTED|[EXTERNAL]|0660a0000009uTC|VF: /apex/PAW_New_Edit
08:27:32.0 (777882)|VF_DESERIALIZE_VIEWSTATE_BEGIN|0660a0000009uTC
08:27:32.0 (4693999)|HEAP_ALLOCATE|[72]|Bytes:3
08:27:32.0 (4738696)|HEAP_ALLOCATE|[77]|Bytes:152
08:27:32.0 (4754356)|HEAP_ALLOCATE|[342]|Bytes:408
08:27:32.0 (4765498)|HEAP_ALLOCATE|[355]|Bytes:408
08:27:32.0 (4775290)|HEAP_ALLOCATE|[467]|Bytes:48
08:27:32.0 (4801656)|HEAP_ALLOCATE|[139]|Bytes:6
08:27:32.0 (4824850)|HEAP_ALLOCATE|[50]|Bytes:5
08:27:32.0 (4846280)|HEAP_ALLOCATE|[56]|Bytes:5
08:27:32.0 (4852761)|HEAP_ALLOCATE|[64]|Bytes:7
08:27:32.0 (7669522)|VARIABLE_SCOPE_BEGIN|[35]|PAW_New_EditCntrllr.globalSchemaMap|Map<String,Schema.SObjectType>|true|true
08:27:32.0 (7682676)|VARIABLE_SCOPE_BEGIN|[3]|PAW_New_EditCntrllr.yearEndMode|Boolean|false|true
08:27:32.0 (11853634)|VF_DESERIALIZE_VIEWSTATE_END
08:27:32.12 (12716068)|SYSTEM_MODE_ENTER|true
08:27:32.12 (12774491)|HEAP_ALLOCATE|[EXTERNAL]|Bytes:38
08:27:32.12 (12782296)|HEAP_ALLOCATE|[EXTERNAL]|Bytes:7
08:27:32.12 (12791193)|SYSTEM_METHOD_ENTRY|[1]|PageMessagesComponentController.PageMessagesComponentController()
08:27:32.12 (12796389)|STATEMENT_EXECUTE|[1]
08:27:32.13 (13518436)|SYSTEM_MODE_ENTER|true
08:27:32.13 (13563744)|HEAP_ALLOCATE|[EXTERNAL]|Bytes:8
08:27:32.13 (13570608)|VARIABLE_SCOPE_BEGIN|[88]|this|ApexPage.PageMessagesComponentController|true|false
08:27:32.13 (13602421)|VARIABLE_ASSIGNMENT|[88]|this|{}|0x18e2f9ad
08:27:32.13 (13608045)|VARIABLE_SCOPE_BEGIN|[88]|escape|Boolean|false|false
08:27:32.13 (13615641)|VARIABLE_ASSIGNMENT|[88]|escape|null
08:27:32.0 (13793950)|SYSTEM_MODE_ENTER|true
08:27:32.0 (13814874)|HEAP_ALLOCATE|[EXTERNAL]|Bytes:11
08:27:32.0 (13823048)|HEAP_ALLOCATE|[EXTERNAL]|Bytes:304
08:27:32.0 (13827821)|HEAP_ALLOCATE|[EXTERNAL]|Bytes:98
08:27:32.0 (13831501)|HEAP_ALLOCATE|[EXTERNAL]|Bytes:14
08:27:32.0 (13840831)|METHOD_ENTRY|[1]|01p0a000004sKzV|PAW_New_EditCntrllr.PAW_New_EditCntrllr()
08:27:32.0 (13845551)|STATEMENT_EXECUTE|[1]
08:27:32.0 (13849029)|STATEMENT_EXECUTE|[1]
08:27:32.0 (13849974)|STATEMENT_EXECUTE|[3]
08:27:32.0 (14307134)|VARIABLE_SCOPE_BEGIN|[3]|PAW_YearEnd_Config.setting|Year_End_PAW_Settings__c|true|true
08:27:32.0 (14323347)|HEAP_ALLOCATE|[3]|Bytes:1
08:27:32.0 (14329838)|HEAP_ALLOCATE|[3]|Bytes:1
08:27:32.0 (14369090)|METHOD_ENTRY|[1]|01p29000000Aswf|PAW_YearEnd_Config.PAW_YearEnd_Config()
08:27:32.0 (14374486)|STATEMENT_EXECUTE|[1]
08:27:32.0 (14377268)|STATEMENT_EXECUTE|[1]
08:27:32.0 (14392307)|SYSTEM_MODE_ENTER|false
08:27:32.0 (14398767)|HEAP_ALLOCATE|[3]|Bytes:5
08:27:32.0 (14406371)|SYSTEM_MODE_EXIT|false
08:27:32.0 (14413666)|METHOD_EXIT|[1]|PAW_YearEnd_Config
08:27:32.0 (14423844)|METHOD_ENTRY|[3]|01p29000000Aswf|PAW_YearEnd_Config.fetch()
08:27:32.0 (14448130)|SYSTEM_MODE_ENTER|false
08:27:32.0 (14452507)|HEAP_ALLOCATE|[6]|Bytes:5
08:27:32.0 (14456420)|STATEMENT_EXECUTE|[5]
08:27:32.0 (14459527)|STATEMENT_EXECUTE|[7]
08:27:32.0 (15573961)|HEAP_ALLOCATE|[7]|Bytes:20
08:27:32.0 (15619083)|VARIABLE_ASSIGNMENT|[7]|PAW_YearEnd_Config.setting|{"IsDeleted":false,"Name":"Year End PAW Setting (11 more) ...","SetupOwnerId":"00529000000zYiyAAE","Year_End_Mode_Enable (4 more) ...":false}|0x35fe6fe4
08:27:32.0 (15627435)|STATEMENT_EXECUTE|[9]
08:27:32.0 (15630435)|HEAP_ALLOCATE|[9]|Bytes:14
08:27:32.0 (15783802)|HEAP_ALLOCATE|[9]|Bytes:145
08:27:32.0 (15804758)|HEAP_ALLOCATE|[9]|Bytes:159
08:27:32.0 (15824929)|USER_DEBUG|[9]|DEBUG|>>> setting : Year_End_PAW_Settings__c:{IsDeleted=false, Name=Year End PAW Settings (Profile), SetupOwnerId=00529000000zYiyAAE, Year_End_Mode_Enabled__c=false}
08:27:32.0 (15833895)|STATEMENT_EXECUTE|[10]
08:27:32.0 (15839088)|SYSTEM_MODE_EXIT|false
08:27:32.0 (15846170)|METHOD_EXIT|[3]|01p29000000Aswf|PAW_YearEnd_Config.fetch()
08:27:32.0 (15879504)|VARIABLE_ASSIGNMENT|[3]|PAW_New_EditCntrllr.yearEndMode|false
08:27:32.0 (15884587)|STATEMENT_EXECUTE|[523]
08:27:32.0 (15888955)|METHOD_EXIT|[1]|PAW_New_EditCntrllr
08:27:32.0 (17166090)|SYSTEM_MODE_ENTER|true
08:27:32.0 (18635261)|SYSTEM_MODE_ENTER|true
08:27:32.0 (18685411)|HEAP_ALLOCATE|[EXTERNAL]|Bytes:476
08:27:32.0 (18693635)|HEAP_ALLOCATE|[EXTERNAL]|Bytes:71
08:27:32.0 (23666849)|SYSTEM_MODE_ENTER|true
08:27:32.0 (23724519)|SYSTEM_MODE_ENTER|true
08:27:32.0 (28005690)|SYSTEM_MODE_ENTER|true
08:27:32.0 (28213656)|HEAP_ALLOCATE|[EXTERNAL]|Bytes:112
08:27:32.0 (28221997)|VARIABLE_SCOPE_BEGIN|[215]|this|PAW_New_EditCntrllr|true|false
08:27:32.0 (28295362)|VARIABLE_ASSIGNMENT|[215]|this|{"estmtCnrgDaysMap":"0x7bde8425","estmtCvrgeDaysObj":"0x52d83a74","faciltyOptions":"0x6f9d3ee6","fcltyPrgrmOptions":"0x2cc9c3b7","idToOwnershipFacilit (4 more) ...":"0x23b995a7","idToTypeFacilityMap":"0x3021103e","insrncBnftMap":"0x364d72d2","insrncBnftOptions":"0x54fbdbd7","isIop":false,"isTalbott":false,"meta":"0x3b806842","oppId":"00629000004NTeZ","pawObj":"0x3182fec","ptntInsrnceOptions":"0x5e9e16bf","ptntInsrncMap":"0x54315bd8","ptntInsrncObj":"0x453e2f9a","quoteObj":"0x6ccbfb64","recordId":"00629000004NTeZ","rtAdjstmntOptions":"0x2e6ece5e","showPILookup":false,"sObjectQueryStr":"","wrprObj":"0x16529207"}|0xb5492b1
08:27:32.0 (28312540)|STATEMENT_EXECUTE|[215]
08:27:32.0 (28314354)|STATEMENT_EXECUTE|[216]
08:27:32.0 (28352974)|STATEMENT_EXECUTE|[217]
08:27:32.0 (28362388)|HEAP_ALLOCATE|[217]|Bytes:12
08:27:32.0 (28404474)|HEAP_ALLOCATE|[EXTERNAL]|Bytes:4
08:27:32.0 (28474829)|VARIABLE_ASSIGNMENT|[EXTERNAL]|this|{"estmtCnrgDaysMap":"0x7bde8425","estmtCvrgeDaysObj":"0x52d83a74","faciltyOptions":"0x6f9d3ee6","fcltyPrgrmOptions":"0x2cc9c3b7","idToOwnershipFacilit (4 more) ...":"0x23b995a7","idToTypeFacilityMap":"0x3021103e","insrncBnftMap":"0x364d72d2","insrncBnftOptions":"0x54fbdbd7","isIop":false,"isTalbott":false,"meta":"0x3b806842","oppId":"00629000004NTeZ","pawObj":"0x3182fec","ptntInsrnceOptions":"0x5e9e16bf","ptntInsrncMap":"0x54315bd8","ptntInsrncObj":"0x453e2f9a","quoteObj":"0x6ccbfb64","recordId":"00629000004NTeZ","rtAdjstmntOptions":"0x2e6ece5e","showPILookup":false,"sObjectQueryStr":"","wrprObj":"0x16529207"}|0xb5492b1
08:27:32.0 (28492140)|STATEMENT_EXECUTE|[218]
08:27:32.0 (28493294)|STATEMENT_EXECUTE|[219]
08:27:32.0 (28521091)|HEAP_ALLOCATE|[219]|Bytes:4
08:27:32.0 (28528011)|HEAP_ALLOCATE|[219]|Bytes:1083
08:27:32.0 (28538639)|HEAP_ALLOCATE|[219]|Bytes:4
08:27:32.0 (28549219)|HEAP_ALLOCATE|[219]|Bytes:7
08:27:32.0 (28609650)|VARIABLE_ASSIGNMENT|[EXTERNAL]|this|{"estmtCnrgDaysMap":"0x7bde8425","estmtCvrgeDaysObj":"0x52d83a74","faciltyOptions":"0x6f9d3ee6","fcltyPrgrmOptions":"0x2cc9c3b7","idToOwnershipFacilit (4 more) ...":"0x23b995a7","idToTypeFacilityMap":"0x3021103e","insrncBnftMap":"0x364d72d2","insrncBnftOptions":"0x54fbdbd7","isIop":false,"isTalbott":false,"meta":"0x3b806842","oppId":"00629000004NTeZ","pawObj":"0x3182fec","ptntInsrnceOptions":"0x5e9e16bf","ptntInsrncMap":"0x54315bd8","ptntInsrncObj":"0x453e2f9a","quoteObj":"0x6ccbfb64","recordId":"00629000004NTeZ","rtAdjstmntOptions":"0x2e6ece5e","showPILookup":false,"sObjectQueryStr":"","wrprObj":"0x16529207"}|0xb5492b1
08:27:32.0 (31404618)|SOQL_EXECUTE_BEGIN|[219]|Aggregations:0|SELECT Id, Name, RecordType.Name, Uncovered_Charges__c, Patient_Insurance__r.Accepts_Assignment_of_Benefits__c, Patient_Insurance__r.Opportunity__c, Patient_Insurance__r.Accreditation__c, Patient_Insurance__r.Insurance_Company__r.Name, PHP_Admit_Co_Payment__c, Detox_Admit_Co_Payment__c, RTC_Admit_Co_Payment__c, Deductible__c, Deductible_Met__c, IOP_Admit_Co_Payment__c, Max_Out_of_Pocket_Remaining__c, Insurance_Company_is_Out_of_Network__c, Annual_Max_Remaining__c, Deductible_Remaining__c, Detox_Pays_at__c, Detox_Over__c, RTC_Pays_at__c, Residential_Treatment_Override__c, PHP_Pays_at__c, Partial_Hospitalization_Override__c, IOP_Pays_at__c, Intensive_Outpatient_Override__c, Num_Days_Uncovered__c, Num_Days_Room__c, Uncovered_Days_Rate__c, Room_and_Board_Days_Rate__c, Uncovered_Days_Override__c, Room_and_Board_Days_Override__c, Deductible_Included_in_OOP__c, Uncovered_Days__c, Lifetime_Max__c, Lifetime_Max_Met__c, Annual_Max__c, Annual_Max_Met__c, Max_Out_of_Pocket__c, Max_Out_of_Pocket_Met__c, Co_Pay_Met__c FROM Insurance_Benefit__c WHERE Patient_Insurance__c = :tmpVar1
08:27:32.0 (42781517)|SOQL_EXECUTE_END|[219]|Rows:2
08:27:32.0 (42802033)|HEAP_ALLOCATE|[219]|Bytes:12
08:27:32.0 (42847236)|HEAP_ALLOCATE|[219]|Bytes:2986
08:27:32.0 (42900294)|HEAP_ALLOCATE|[219]|Bytes:12
08:27:32.0 (42933878)|HEAP_ALLOCATE|[219]|Bytes:108
08:27:32.0 (42944005)|HEAP_ALLOCATE|[219]|Bytes:4
08:27:32.0 (42948810)|HEAP_ALLOCATE|[219]|Bytes:108
08:27:32.0 (42953127)|HEAP_ALLOCATE|[219]|Bytes:4
08:27:32.0 (43024924)|VARIABLE_ASSIGNMENT|[219]|this.insrncBnftMap|{"a1H29000000pRTUEA2":{"Id":"a1H29000000pRTUEA2","Name":"Insurance Benefit 75 (2 more) ...","RecordTypeId":"012j00000015GS6AAM","Patient_Insurance__c":"a1b29000000lvHQAAY","PHP_Admit_Co_Payment (3 more) ...":0.00,"Deductible__c":5000.00,"Deductible_Met__c":0.00,"Max_Out_of_Pocket_Re (10 more) ...":10000.00,"Insurance_Company_is (18 more) ...":false,"Annual_Max_Remaining (3 more) ...":1000000,"Deductible_Remaining (3 more) ...":5000.00,"Detox_Pays_at__c":80.00,"RTC_Pays_at__c":80.00,"PHP_Pays_at__c":80.00,"IOP_Pays_at__c":80.00,"Uncovered_Days_Rate_ (2 more) ...":630.00,"Room_and_Board_Days_ (7 more) ...":2000.00,"Deductible_Included_ (9 more) ...":"Yes","Lifetime_Max__c":1000000.00,"Lifetime_Max_Met__c":0.00,"Annual_Max__c":1000000.00,"Annual_Max_Met__c":0.00,"Max_Out_of_Pocket__c":10000.00,"Max_Out_of_Pocket_Me (4 more) ...":0.00,"RecordType":{"Name":"In Network","Id":"012j00000015GS6AAM"},"Patient_Insurance__r":{"Opportunity__c":"00629000004NTeZAAW","Accreditation__c":"State","Insurance_Company__c":"0012900000AXSP3AAP","Id":"a1b29000000lvHQAAY","Insurance_Company__r":{"Name":"Value Options/Beacon (7 more) ...","Id":"0012900000AXSP3AAP","RecordTypeId":"012j00000015GRqAAM"}}},"a1H29000000pRTZEA2":{"Id":"a1H29000000pRTZEA2","Name":"Insurance Benefit 75 (2 more) ...","RecordTypeId":"012j00000015GS7AAM","Patient_Insurance__c":"a1b29000000lvHQAAY","PHP_Admit_Co_Payment (3 more) ...":0.00,"Deductible__c":10000.00,"Deductible_Met__c":0.00,"Max_Out_of_Pocket_Re (10 more) ...":20000.00,"Insurance_Company_is (18 more) ...":false,"Annual_Max_Remaining (3 more) ...":1000000,"Deductible_Remaining (3 more) ...":10000.00,"Detox_Pays_at__c":60.00,"RTC_Pays_at__c":60.00,"PHP_Pays_at__c":60.00,"IOP_Pays_at__c":60.00,"Uncovered_Days_Rate_ (2 more) ...":630.00,"Room_and_Board_Days_ (7 more) ...":2000.00,"Deductible_Included_ (9 more) ...":"Yes","Lifetime_Max__c":1000000.00,"Lifetime_Max_Met__c":0.00,"Annual_Max__c":1000000.00,"Annual_Max_Met__c":0.00,"Max_Out_of_Pocket__c":20000.00,"Max_Out_of_Pocket_Me (4 more) ...":0.00,"RecordType":{"Name":"Out of Network","Id":"012j00000015GS7AAM"},"Patient_Insurance__r":{"Opportunity__c":"00629000004NTeZAAW","Accreditation__c":"State","Insurance_Company__c":"0012900000AXSP3AAP","Id":"a1b29000000lvHQAAY","Insurance_Company__r":{"Name":"Value Options/Beacon (7 more) ...","Id":"0012900000AXSP3AAP","RecordTypeId":"012j00000015GRqAAM"}}}}|0xb5492b1
08:27:32.0 (43087023)|HEAP_ALLOCATE|[EXTERNAL]|Bytes:12
08:27:32.0 (43112753)|HEAP_ALLOCATE|[263]|Bytes:2996
08:27:32.0 (43240553)|HEAP_ALLOCATE|[263]|Bytes:5
08:27:32.0 (43255968)|HEAP_ALLOCATE|[263]|Bytes:108
08:27:32.0 (43263637)|VARIABLE_SCOPE_BEGIN|[263]|insrncBnftInstance|Insurance_Benefit__c|true|false
08:27:32.0 (43298733)|VARIABLE_ASSIGNMENT|[263]|insrncBnftInstance|{"Id":"a1H29000000pRTUEA2","Name":"Insurance Benefit 75 (2 more) ...","RecordTypeId":"012j00000015GS6AAM","Patient_Insurance__c":"a1b29000000lvHQAAY","PHP_Admit_Co_Payment (3 more) ...":0.00,"Deductible__c":5000.00,"Deductible_Met__c":0.00,"Max_Out_of_Pocket_Re (10 more) ...":10000.00,"Insurance_Company_is (18 more) ...":false,"Annual_Max_Remaining (3 more) ...":1000000,"Deductible_Remaining (3 more) ...":5000.00,"Detox_Pays_at__c":80.00,"RTC_Pays_at__c":80.00,"PHP_Pays_at__c":80.00,"IOP_Pays_at__c":80.00,"Uncovered_Days_Rate_ (2 more) ...":630.00,"Room_and_Board_Days_ (7 more) ...":2000.00,"Deductible_Included_ (9 more) ...":"Yes","Lifetime_Max__c":1000000.00,"Lifetime_Max_Met__c":0.00,"Annual_Max__c":1000000.00,"Annual_Max_Met__c":0.00,"Max_Out_of_Pocket__c":10000.00,"Max_Out_of_Pocket_Me (4 more) ...":0.00,"RecordType":{"Name":"In Network","Id":"012j00000015GS6AAM"},"Patient_Insurance__r":{"Opportunity__c":"00629000004NTeZAAW","Accreditation__c":"State","Insurance_Company__c":"0012900000AXSP3AAP","Id":"a1b29000000lvHQAAY","Insurance_Company__r":{"Name":"Value Options/Beacon (7 more) ...","Id":"0012900000AXSP3AAP","RecordTypeId":"012j00000015GRqAAM"}}}|0x19e21413
08:27:32.0 (43317016)|STATEMENT_EXECUTE|[263]
08:27:32.0 (43318380)|STATEMENT_EXECUTE|[264]
08:27:32.0 (43352926)|HEAP_ALLOCATE|[264]|Bytes:18
08:27:32.0 (43398503)|HEAP_ALLOCATE|[264]|Bytes:3
08:27:32.0 (43414576)|HEAP_ALLOCATE|[264]|Bytes:35
08:27:32.0 (43456218)|HEAP_ALLOCATE|[EXTERNAL]|Bytes:4
08:27:32.0 (43469956)|HEAP_ALLOCATE|[263]|Bytes:5
08:27:32.0 (43479645)|HEAP_ALLOCATE|[263]|Bytes:108
08:27:32.0 (43485711)|VARIABLE_SCOPE_BEGIN|[263]|insrncBnftInstance|Insurance_Benefit__c|true|false
08:27:32.0 (43519980)|VARIABLE_ASSIGNMENT|[263]|insrncBnftInstance|{"Id":"a1H29000000pRTZEA2","Name":"Insurance Benefit 75 (2 more) ...","RecordTypeId":"012j00000015GS7AAM","Patient_Insurance__c":"a1b29000000lvHQAAY","PHP_Admit_Co_Payment (3 more) ...":0.00,"Deductible__c":10000.00,"Deductible_Met__c":0.00,"Max_Out_of_Pocket_Re (10 more) ...":20000.00,"Insurance_Company_is (18 more) ...":false,"Annual_Max_Remaining (3 more) ...":1000000,"Deductible_Remaining (3 more) ...":10000.00,"Detox_Pays_at__c":60.00,"RTC_Pays_at__c":60.00,"PHP_Pays_at__c":60.00,"IOP_Pays_at__c":60.00,"Uncovered_Days_Rate_ (2 more) ...":630.00,"Room_and_Board_Days_ (7 more) ...":2000.00,"Deductible_Included_ (9 more) ...":"Yes","Lifetime_Max__c":1000000.00,"Lifetime_Max_Met__c":0.00,"Annual_Max__c":1000000.00,"Annual_Max_Met__c":0.00,"Max_Out_of_Pocket__c":20000.00,"Max_Out_of_Pocket_Me (4 more) ...":0.00,"RecordType":{"Name":"Out of Network","Id":"012j00000015GS7AAM"},"Patient_Insurance__r":{"Opportunity__c":"00629000004NTeZAAW","Accreditation__c":"State","Insurance_Company__c":"0012900000AXSP3AAP","Id":"a1b29000000lvHQAAY","Insurance_Company__r":{"Name":"Value Options/Beacon (7 more) ...","Id":"0012900000AXSP3AAP","RecordTypeId":"012j00000015GRqAAM"}}}|0x2be0a6de
08:27:32.0 (43537402)|STATEMENT_EXECUTE|[263]
08:27:32.0 (43538480)|STATEMENT_EXECUTE|[264]
08:27:32.0 (43549454)|HEAP_ALLOCATE|[264]|Bytes:18
08:27:32.0 (43566332)|HEAP_ALLOCATE|[264]|Bytes:39
08:27:32.0 (43576925)|HEAP_ALLOCATE|[EXTERNAL]|Bytes:4
08:27:32.0 (43586259)|HEAP_ALLOCATE|[263]|Bytes:5
08:27:32.0 (43594710)|VARIABLE_ASSIGNMENT|[263]|insrncBnftInstance|null|
08:27:32.0 (43672297)|VARIABLE_ASSIGNMENT|[EXTERNAL]|this|{"estmtCnrgDaysMap":"0x7bde8425","estmtCvrgeDaysObj":"0x52d83a74","faciltyOptions":"0x6f9d3ee6","fcltyPrgrmOptions":"0x2cc9c3b7","idToOwnershipFacilit (4 more) ...":"0x23b995a7","idToTypeFacilityMap":"0x3021103e","insrncBnftMap":"0x32ab32a7","insrncBnftOptions":"0x54fbdbd7","isIop":false,"isTalbott":false,"meta":"0x3b806842","oppId":"00629000004NTeZ","pawObj":"0x3182fec","ptntInsrnceOptions":"0x5e9e16bf","ptntInsrncMap":"0x54315bd8","ptntInsrncObj":"0x453e2f9a","quoteObj":"0x6ccbfb64","recordId":"00629000004NTeZ","rtAdjstmntOptions":"0x2e6ece5e","showPILookup":false,"sObjectQueryStr":"","wrprObj":"0x16529207"}|0xb5492b1
08:27:32.0 (43740978)|VARIABLE_ASSIGNMENT|[EXTERNAL]|this|{"facilitySelected":"","insrncBnft":"0x5ca40842","insrncBnftSelected":"a1H29000000pRTZEA2","pawDetailListDisplay (4 more) ...":false,"pyAgrmntWrksht":"0x38116982","relatedPAWDetailsLis (1 more) ...":"0x2621ca74","targetEDR":0.00,"totalAppliedDeductib (2 more) ...":0.00,"totalCoInsurance":0.00,"totalCoPayAmt":0.00,"totalInsCoResp":0.00,"totalInsEIVAmt":0.00,"totalRowCount":0,"totalTalbottDay":0}|0x16529207
08:27:32.0 (43799301)|VARIABLE_ASSIGNMENT|[EXTERNAL]|this|{"estmtCnrgDaysMap":"0x7bde8425","estmtCvrgeDaysObj":"0x52d83a74","faciltyOptions":"0x6f9d3ee6","fcltyPrgrmOptions":"0x2cc9c3b7","idToOwnershipFacilit (4 more) ...":"0x23b995a7","idToTypeFacilityMap":"0x3021103e","insrncBnftMap":"0x32ab32a7","insrncBnftOptions":"0x54fbdbd7","isIop":false,"isTalbott":false,"meta":"0x3b806842","oppId":"00629000004NTeZ","pawObj":"0x3182fec","ptntInsrnceOptions":"0x5e9e16bf","ptntInsrncMap":"0x54315bd8","ptntInsrncObj":"0x453e2f9a","quoteObj":"0x6ccbfb64","recordId":"00629000004NTeZ","rtAdjstmntOptions":"0x2e6ece5e","showPILookup":false,"sObjectQueryStr":"","wrprObj":"0x16529207"}|0xb5492b1
08:27:32.0 (43845157)|VARIABLE_ASSIGNMENT|[EXTERNAL]|this|{"facilitySelected":"","insrncBnft":"0x5ca40842","insrncBnftSelected":"a1H29000000pRTZEA2","pawDetailListDisplay (4 more) ...":false,"pyAgrmntWrksht":"0x38116982","relatedPAWDetailsLis (1 more) ...":"0x2621ca74","targetEDR":0.00,"totalAppliedDeductib (2 more) ...":0.00,"totalCoInsurance":0.00,"totalCoPayAmt":0.00,"totalInsCoResp":0.00,"totalInsEIVAmt":0.00,"totalRowCount":0,"totalTalbottDay":0}|0x16529207
08:27:32.0 (43872262)|STATEMENT_EXECUTE|[267]
08:27:32.0 (43873564)|STATEMENT_EXECUTE|[268]
08:27:32.0 (43926933)|VARIABLE_ASSIGNMENT|[EXTERNAL]|this|{"estmtCnrgDaysMap":"0x7bde8425","estmtCvrgeDaysObj":"0x52d83a74","faciltyOptions":"0x6f9d3ee6","fcltyPrgrmOptions":"0x2cc9c3b7","idToOwnershipFacilit (4 more) ...":"0x23b995a7","idToTypeFacilityMap":"0x3021103e","insrncBnftMap":"0x32ab32a7","insrncBnftOptions":"0x54fbdbd7","isIop":false,"isTalbott":false,"meta":"0x3b806842","oppId":"00629000004NTeZ","pawObj":"0x3182fec","ptntInsrnceOptions":"0x5e9e16bf","ptntInsrncMap":"0x54315bd8","ptntInsrncObj":"0x453e2f9a","quoteObj":"0x6ccbfb64","recordId":"00629000004NTeZ","rtAdjstmntOptions":"0x2e6ece5e","showPILookup":false,"sObjectQueryStr":"","wrprObj":"0x16529207"}|0xb5492b1
08:27:32.0 (43972185)|VARIABLE_ASSIGNMENT|[EXTERNAL]|this|{"facilitySelected":"","insrncBnft":"0x5ca40842","insrncBnftSelected":"a1H29000000pRTZEA2","pawDetailListDisplay (4 more) ...":false,"pyAgrmntWrksht":"0x38116982","relatedPAWDetailsLis (1 more) ...":"0x2621ca74","targetEDR":0.00,"totalAppliedDeductib (2 more) ...":0.00,"totalCoInsurance":0.00,"totalCoPayAmt":0.00,"totalInsCoResp":0.00,"totalInsEIVAmt":0.00,"totalRowCount":0,"totalTalbottDay":0}|0x16529207
08:27:32.0 (44050765)|VARIABLE_ASSIGNMENT|[EXTERNAL]|this|{"estmtCnrgDaysMap":"0x7bde8425","estmtCvrgeDaysObj":"0x52d83a74","faciltyOptions":"0x6f9d3ee6","fcltyPrgrmOptions":"0x2cc9c3b7","idToOwnershipFacilit (4 more) ...":"0x23b995a7","idToTypeFacilityMap":"0x3021103e","insrncBnftMap":"0x32ab32a7","insrncBnftOptions":"0x54fbdbd7","isIop":false,"isTalbott":false,"meta":"0x3b806842","oppId":"00629000004NTeZ","pawObj":"0x3182fec","ptntInsrnceOptions":"0x5e9e16bf","ptntInsrncMap":"0x54315bd8","ptntInsrncObj":"0x453e2f9a","quoteObj":"0x6ccbfb64","recordId":"00629000004NTeZ","rtAdjstmntOptions":"0x2e6ece5e","showPILookup":false,"sObjectQueryStr":"","wrprObj":"0x16529207"}|0xb5492b1
08:27:32.0 (44096909)|VARIABLE_ASSIGNMENT|[EXTERNAL]|this|{"facilitySelected":"","insrncBnft":"0x5ca40842","insrncBnftSelected":"a1H29000000pRTZEA2","pawDetailListDisplay (4 more) ...":false,"pyAgrmntWrksht":"0x38116982","relatedPAWDetailsLis (1 more) ...":"0x2621ca74","targetEDR":0.00,"totalAppliedDeductib (2 more) ...":0.00,"totalCoInsurance":0.00,"totalCoPayAmt":0.00,"totalInsCoResp":0.00,"totalInsEIVAmt":0.00,"totalRowCount":0,"totalTalbottDay":0}|0x16529207
08:27:32.0 (44131443)|VARIABLE_ASSIGNMENT|[EXTERNAL]|value|{"Id":"a1H29000000pRTZEA2","Name":"Insurance Benefit 75 (2 more) ...","RecordTypeId":"012j00000015GS7AAM","Patient_Insurance__c":"a1b29000000lvHQAAY","PHP_Admit_Co_Payment (3 more) ...":0.00,"Deductible__c":10000.00,"Deductible_Met__c":0.00,"Max_Out_of_Pocket_Re (10 more) ...":20000.00,"Insurance_Company_is (18 more) ...":false,"Annual_Max_Remaining (3 more) ...":1000000,"Deductible_Remaining (3 more) ...":10000.00,"Detox_Pays_at__c":60.00,"RTC_Pays_at__c":60.00,"PHP_Pays_at__c":60.00,"IOP_Pays_at__c":60.00,"Uncovered_Days_Rate_ (2 more) ...":630.00,"Room_and_Board_Days_ (7 more) ...":2000.00,"Deductible_Included_ (9 more) ...":"Yes","Lifetime_Max__c":1000000.00,"Lifetime_Max_Met__c":0.00,"Annual_Max__c":1000000.00,"Annual_Max_Met__c":0.00,"Max_Out_of_Pocket__c":20000.00,"Max_Out_of_Pocket_Me (4 more) ...":0.00,"RecordType":{"Name":"Out of Network","Id":"012j00000015GS7AAM"},"Patient_Insurance__r":{"Opportunity__c":"00629000004NTeZAAW","Accreditation__c":"State","Insurance_Company__c":"0012900000AXSP3AAP","Id":"a1b29000000lvHQAAY","Insurance_Company__r":{"Name":"Value Options/Beacon (7 more) ...","Id":"0012900000AXSP3AAP","RecordTypeId":"012j00000015GRqAAM"}}}|0x2be0a6de
08:27:32.0 (44172576)|VARIABLE_ASSIGNMENT|[525]|this.insrncBnft|{"Id":"a1H29000000pRTZEA2","Name":"Insurance Benefit 75 (2 more) ...","RecordTypeId":"012j00000015GS7AAM","Patient_Insurance__c":"a1b29000000lvHQAAY","PHP_Admit_Co_Payment (3 more) ...":0.00,"Deductible__c":10000.00,"Deductible_Met__c":0.00,"Max_Out_of_Pocket_Re (10 more) ...":20000.00,"Insurance_Company_is (18 more) ...":false,"Annual_Max_Remaining (3 more) ...":1000000,"Deductible_Remaining (3 more) ...":10000.00,"Detox_Pays_at__c":60.00,"RTC_Pays_at__c":60.00,"PHP_Pays_at__c":60.00,"IOP_Pays_at__c":60.00,"Uncovered_Days_Rate_ (2 more) ...":630.00,"Room_and_Board_Days_ (7 more) ...":2000.00,"Deductible_Included_ (9 more) ...":"Yes","Lifetime_Max__c":1000000.00,"Lifetime_Max_Met__c":0.00,"Annual_Max__c":1000000.00,"Annual_Max_Met__c":0.00,"Max_Out_of_Pocket__c":20000.00,"Max_Out_of_Pocket_Me (4 more) ...":0.00,"RecordType":{"Name":"Out of Network","Id":"012j00000015GS7AAM"},"Patient_Insurance__r":{"Opportunity__c":"00629000004NTeZAAW","Accreditation__c":"State","Insurance_Company__c":"0012900000AXSP3AAP","Id":"a1b29000000lvHQAAY","Insurance_Company__r":{"Name":"Value Options/Beacon (7 more) ...","Id":"0012900000AXSP3AAP","RecordTypeId":"012j00000015GRqAAM"}}}|0x16529207
08:27:32.0 (44191195)|STATEMENT_EXECUTE|[272]
08:27:32.49 (49579796)|SYSTEM_MODE_ENTER|true
08:27:32.49 (49628511)|HEAP_ALLOCATE|[EXTERNAL]|Bytes:8
08:27:32.49 (49636129)|VARIABLE_SCOPE_BEGIN|[88]|this|ApexPage.PageMessagesComponentController|true|false
08:27:32.49 (49656230)|VARIABLE_ASSIGNMENT|[88]|this|{}|0x18e2f9ad
08:27:32.49 (49662481)|VARIABLE_SCOPE_BEGIN|[88]|escape|Boolean|false|false
08:27:32.49 (49669246)|VARIABLE_ASSIGNMENT|[88]|escape|null
08:27:32.0 (49949950)|HEAP_ALLOCATE|[EXTERNAL]|Bytes:18
08:27:32.0 (49956361)|HEAP_ALLOCATE|[EXTERNAL]|Bytes:84
08:27:32.0 (49965451)|VARIABLE_ASSIGNMENT|[EXTERNAL]|this.insrncBnftSelected|"a1H29000000pRTUEA2"|0x16529207
08:27:32.0 (50009510)|HEAP_ALLOCATE|[EXTERNAL]|Bytes:84
08:27:32.0 (50016392)|VARIABLE_ASSIGNMENT|[EXTERNAL]|this.facilitySelected|null|0x16529207
08:27:32.0 (50052285)|HEAP_ALLOCATE|[EXTERNAL]|Bytes:84
08:27:32.0 (50058340)|VARIABLE_ASSIGNMENT|[EXTERNAL]|this.rateAdjstmntSelected|null|0x16529207
08:27:32.0 (50092263)|HEAP_ALLOCATE|[EXTERNAL]|Bytes:84
08:27:32.0 (50097679)|VARIABLE_ASSIGNMENT|[EXTERNAL]|this.fcltyPrgrmSelected|null|0x16529207
08:27:32.0 (54647288)|HEAP_ALLOCATE|[EXTERNAL]|Bytes:112
08:27:32.0 (54656644)|VARIABLE_SCOPE_BEGIN|[276]|this|PAW_New_EditCntrllr|true|false
08:27:32.0 (54724754)|VARIABLE_ASSIGNMENT|[276]|this|{"estmtCnrgDaysMap":"0x7bde8425","estmtCvrgeDaysObj":"0x52d83a74","faciltyOptions":"0x6f9d3ee6","fcltyPrgrmOptions":"0x2cc9c3b7","idToOwnershipFacilit (4 more) ...":"0x23b995a7","idToTypeFacilityMap":"0x3021103e","insrncBnftMap":"0x32ab32a7","insrncBnftOptions":"0x54fbdbd7","isIop":false,"isTalbott":false,"meta":"0x3b806842","oppId":"00629000004NTeZ","pawObj":"0x3182fec","ptntInsrnceOptions":"0x5e9e16bf","ptntInsrncMap":"0x54315bd8","ptntInsrncObj":"0x453e2f9a","quoteObj":"0x6ccbfb64","recordId":"00629000004NTeZ","rtAdjstmntOptions":"0x2e6ece5e","showPILookup":false,"sObjectQueryStr":"","wrprObj":"0x16529207"}|0xb5492b1
08:27:32.0 (54740118)|STATEMENT_EXECUTE|[276]
08:27:32.0 (54741533)|STATEMENT_EXECUTE|[277]
08:27:32.0 (54752147)|HEAP_ALLOCATE|[277]|Bytes:4
08:27:32.0 (54834801)|VARIABLE_ASSIGNMENT|[EXTERNAL]|this|{"estmtCnrgDaysMap":"0x7bde8425","estmtCvrgeDaysObj":"0x52d83a74","faciltyOptions":"0x6f9d3ee6","fcltyPrgrmOptions":"0x2cc9c3b7","idToOwnershipFacilit (4 more) ...":"0x23b995a7","idToTypeFacilityMap":"0x3021103e","insrncBnftMap":"0x32ab32a7","insrncBnftOptions":"0x54fbdbd7","isIop":false,"isTalbott":false,"meta":"0x3b806842","oppId":"00629000004NTeZ","pawObj":"0x3182fec","ptntInsrnceOptions":"0x5e9e16bf","ptntInsrncMap":"0x54315bd8","ptntInsrncObj":"0x453e2f9a","quoteObj":"0x6ccbfb64","recordId":"00629000004NTeZ","rtAdjstmntOptions":"0x2e6ece5e","showPILookup":false,"sObjectQueryStr":"","wrprObj":"0x16529207"}|0xb5492b1
08:27:32.0 (54866753)|HEAP_ALLOCATE|[EXTERNAL]|Bytes:4
08:27:32.0 (54875459)|VARIABLE_ASSIGNMENT|[EXTERNAL]|value|[]|0x1225b51
08:27:32.0 (54885014)|VARIABLE_ASSIGNMENT|[14]|this.faciltyOptions|[]|0xb5492b1
08:27:32.0 (54894324)|STATEMENT_EXECUTE|[278]
08:27:32.0 (54900712)|HEAP_ALLOCATE|[278]|Bytes:4
08:27:32.0 (54969026)|VARIABLE_ASSIGNMENT|[EXTERNAL]|this|{"estmtCnrgDaysMap":"0x7bde8425","estmtCvrgeDaysObj":"0x52d83a74","faciltyOptions":"0x1225b51","fcltyPrgrmOptions":"0x2cc9c3b7","idToOwnershipFacilit (4 more) ...":"0x23b995a7","idToTypeFacilityMap":"0x3021103e","insrncBnftMap":"0x32ab32a7","insrncBnftOptions":"0x54fbdbd7","isIop":false,"isTalbott":false,"meta":"0x3b806842","oppId":"00629000004NTeZ","pawObj":"0x3182fec","ptntInsrnceOptions":"0x5e9e16bf","ptntInsrncMap":"0x54315bd8","ptntInsrncObj":"0x453e2f9a","quoteObj":"0x6ccbfb64","recordId":"00629000004NTeZ","rtAdjstmntOptions":"0x2e6ece5e","showPILookup":false,"sObjectQueryStr":"","wrprObj":"0x16529207"}|0xb5492b1
08:27:32.0 (54989417)|HEAP_ALLOCATE|[EXTERNAL]|Bytes:4
08:27:32.0 (54994132)|VARIABLE_ASSIGNMENT|[EXTERNAL]|value|[]|0x6a776fd8
08:27:32.0 (55002510)|VARIABLE_ASSIGNMENT|[15]|this.fcltyPrgrmOptions|[]|0xb5492b1
08:27:32.0 (55010510)|STATEMENT_EXECUTE|[279]
08:27:32.0 (55015823)|HEAP_ALLOCATE|[279]|Bytes:4
08:27:32.0 (55035832)|HEAP_ALLOCATE|[EXTERNAL]|Bytes:4
08:27:32.0 (55041433)|VARIABLE_ASSIGNMENT|[279]|this.rtAdjstmntOptions|[]|0xb5492b1
08:27:32.0 (55045811)|STATEMENT_EXECUTE|[280]
08:27:32.0 (55101924)|VARIABLE_ASSIGNMENT|[EXTERNAL]|this|{"estmtCnrgDaysMap":"0x7bde8425","estmtCvrgeDaysObj":"0x52d83a74","faciltyOptions":"0x1225b51","fcltyPrgrmOptions":"0x6a776fd8","idToOwnershipFacilit (4 more) ...":"0x23b995a7","idToTypeFacilityMap":"0x3021103e","insrncBnftMap":"0x32ab32a7","insrncBnftOptions":"0x54fbdbd7","isIop":false,"isTalbott":false,"meta":"0x3b806842","oppId":"00629000004NTeZ","pawObj":"0x3182fec","ptntInsrnceOptions":"0x5e9e16bf","ptntInsrncMap":"0x54315bd8","ptntInsrncObj":"0x453e2f9a","quoteObj":"0x6ccbfb64","recordId":"00629000004NTeZ","rtAdjstmntOptions":"0x5919466d","showPILookup":false,"sObjectQueryStr":"","wrprObj":"0x16529207"}|0xb5492b1
08:27:32.0 (55156280)|VARIABLE_ASSIGNMENT|[EXTERNAL]|this|{"insrncBnft":"0x2be0a6de","insrncBnftSelected":"a1H29000000pRTUEA2","pawDetailListDisplay (4 more) ...":false,"pyAgrmntWrksht":"0x38116982","relatedPAWDetailsLis (1 more) ...":"0x2621ca74","targetEDR":0.00,"totalAppliedDeductib (2 more) ...":0.00,"totalCoInsurance":0.00,"totalCoPayAmt":0.00,"totalInsCoResp":0.00,"totalInsEIVAmt":0.00,"totalRowCount":0,"totalTalbottDay":0}|0x16529207
08:27:32.0 (55165749)|VARIABLE_ASSIGNMENT|[EXTERNAL]|value|""
08:27:32.0 (55171658)|VARIABLE_ASSIGNMENT|[527]|this.facilitySelected|""|0x16529207
08:27:32.0 (55178282)|STATEMENT_EXECUTE|[281]
08:27:32.0 (55230688)|VARIABLE_ASSIGNMENT|[EXTERNAL]|this|{"estmtCnrgDaysMap":"0x7bde8425","estmtCvrgeDaysObj":"0x52d83a74","faciltyOptions":"0x1225b51","fcltyPrgrmOptions":"0x6a776fd8","idToOwnershipFacilit (4 more) ...":"0x23b995a7","idToTypeFacilityMap":"0x3021103e","insrncBnftMap":"0x32ab32a7","insrncBnftOptions":"0x54fbdbd7","isIop":false,"isTalbott":false,"meta":"0x3b806842","oppId":"00629000004NTeZ","pawObj":"0x3182fec","ptntInsrnceOptions":"0x5e9e16bf","ptntInsrncMap":"0x54315bd8","ptntInsrncObj":"0x453e2f9a","quoteObj":"0x6ccbfb64","recordId":"00629000004NTeZ","rtAdjstmntOptions":"0x5919466d","showPILookup":false,"sObjectQueryStr":"","wrprObj":"0x16529207"}|0xb5492b1
08:27:32.0 (55248004)|HEAP_ALLOCATE|[281]|Bytes:8
08:27:32.0 (55268775)|HEAP_ALLOCATE|[EXTERNAL]|Bytes:4
08:27:32.0 (55325647)|VARIABLE_ASSIGNMENT|[EXTERNAL]|this|{"estmtCnrgDaysMap":"0x7bde8425","estmtCvrgeDaysObj":"0x52d83a74","faciltyOptions":"0x1225b51","fcltyPrgrmOptions":"0x6a776fd8","idToOwnershipFacilit (4 more) ...":"0x23b995a7","idToTypeFacilityMap":"0x3021103e","insrncBnftMap":"0x32ab32a7","insrncBnftOptions":"0x54fbdbd7","isIop":false,"isTalbott":false,"meta":"0x3b806842","oppId":"00629000004NTeZ","pawObj":"0x3182fec","ptntInsrnceOptions":"0x5e9e16bf","ptntInsrncMap":"0x54315bd8","ptntInsrncObj":"0x453e2f9a","quoteObj":"0x6ccbfb64","recordId":"00629000004NTeZ","rtAdjstmntOptions":"0x5919466d","showPILookup":false,"sObjectQueryStr":"","wrprObj":"0x16529207"}|0xb5492b1
08:27:32.0 (55371820)|VARIABLE_ASSIGNMENT|[EXTERNAL]|this|{"facilitySelected":"","insrncBnft":"0x2be0a6de","insrncBnftSelected":"a1H29000000pRTUEA2","pawDetailListDisplay (4 more) ...":false,"pyAgrmntWrksht":"0x38116982","relatedPAWDetailsLis (1 more) ...":"0x2621ca74","targetEDR":0.00,"totalAppliedDeductib (2 more) ...":0.00,"totalCoInsurance":0.00,"totalCoPayAmt":0.00,"totalInsCoResp":0.00,"totalInsEIVAmt":0.00,"totalRowCount":0,"totalTalbottDay":0}|0x16529207
08:27:32.0 (55424125)|VARIABLE_ASSIGNMENT|[EXTERNAL]|this|{"estmtCnrgDaysMap":"0x7bde8425","estmtCvrgeDaysObj":"0x52d83a74","faciltyOptions":"0x1225b51","fcltyPrgrmOptions":"0x6a776fd8","idToOwnershipFacilit (4 more) ...":"0x23b995a7","idToTypeFacilityMap":"0x3021103e","insrncBnftMap":"0x32ab32a7","insrncBnftOptions":"0x54fbdbd7","isIop":false,"isTalbott":false,"meta":"0x3b806842","oppId":"00629000004NTeZ","pawObj":"0x3182fec","ptntInsrnceOptions":"0x5e9e16bf","ptntInsrncMap":"0x54315bd8","ptntInsrncObj":"0x453e2f9a","quoteObj":"0x6ccbfb64","recordId":"00629000004NTeZ","rtAdjstmntOptions":"0x5919466d","showPILookup":false,"sObjectQueryStr":"","wrprObj":"0x16529207"}|0xb5492b1
08:27:32.0 (55466435)|VARIABLE_ASSIGNMENT|[EXTERNAL]|this|{"facilitySelected":"","insrncBnft":"0x2be0a6de","insrncBnftSelected":"a1H29000000pRTUEA2","pawDetailListDisplay (4 more) ...":false,"pyAgrmntWrksht":"0x38116982","relatedPAWDetailsLis (1 more) ...":"0x2621ca74","targetEDR":0.00,"totalAppliedDeductib (2 more) ...":0.00,"totalCoInsurance":0.00,"totalCoPayAmt":0.00,"totalInsCoResp":0.00,"totalInsEIVAmt":0.00,"totalRowCount":0,"totalTalbottDay":0}|0x16529207
08:27:32.0 (55485571)|STATEMENT_EXECUTE|[282]
08:27:32.0 (55486948)|STATEMENT_EXECUTE|[283]
08:27:32.0 (55537694)|VARIABLE_ASSIGNMENT|[EXTERNAL]|this|{"estmtCnrgDaysMap":"0x7bde8425","estmtCvrgeDaysObj":"0x52d83a74","faciltyOptions":"0x1225b51","fcltyPrgrmOptions":"0x6a776fd8","idToOwnershipFacilit (4 more) ...":"0x23b995a7","idToTypeFacilityMap":"0x3021103e","insrncBnftMap":"0x32ab32a7","insrncBnftOptions":"0x54fbdbd7","isIop":false,"isTalbott":false,"meta":"0x3b806842","oppId":"00629000004NTeZ","pawObj":"0x3182fec","ptntInsrnceOptions":"0x5e9e16bf","ptntInsrncMap":"0x54315bd8","ptntInsrncObj":"0x453e2f9a","quoteObj":"0x6ccbfb64","recordId":"00629000004NTeZ","rtAdjstmntOptions":"0x5919466d","showPILookup":false,"sObjectQueryStr":"","wrprObj":"0x16529207"}|0xb5492b1
08:27:32.0 (55580511)|VARIABLE_ASSIGNMENT|[EXTERNAL]|this|{"facilitySelected":"","insrncBnft":"0x2be0a6de","insrncBnftSelected":"a1H29000000pRTUEA2","pawDetailListDisplay (4 more) ...":false,"pyAgrmntWrksht":"0x38116982","relatedPAWDetailsLis (1 more) ...":"0x2621ca74","targetEDR":0.00,"totalAppliedDeductib (2 more) ...":0.00,"totalCoInsurance":0.00,"totalCoPayAmt":0.00,"totalInsCoResp":0.00,"totalInsEIVAmt":0.00,"totalRowCount":0,"totalTalbottDay":0}|0x16529207
08:27:32.0 (55651360)|VARIABLE_ASSIGNMENT|[EXTERNAL]|this|{"estmtCnrgDaysMap":"0x7bde8425","estmtCvrgeDaysObj":"0x52d83a74","faciltyOptions":"0x1225b51","fcltyPrgrmOptions":"0x6a776fd8","idToOwnershipFacilit (4 more) ...":"0x23b995a7","idToTypeFacilityMap":"0x3021103e","insrncBnftMap":"0x32ab32a7","insrncBnftOptions":"0x54fbdbd7","isIop":false,"isTalbott":false,"meta":"0x3b806842","oppId":"00629000004NTeZ","pawObj":"0x3182fec","ptntInsrnceOptions":"0x5e9e16bf","ptntInsrncMap":"0x54315bd8","ptntInsrncObj":"0x453e2f9a","quoteObj":"0x6ccbfb64","recordId":"00629000004NTeZ","rtAdjstmntOptions":"0x5919466d","showPILookup":false,"sObjectQueryStr":"","wrprObj":"0x16529207"}|0xb5492b1
08:27:32.0 (55695050)|VARIABLE_ASSIGNMENT|[EXTERNAL]|this|{"facilitySelected":"","insrncBnft":"0x2be0a6de","insrncBnftSelected":"a1H29000000pRTUEA2","pawDetailListDisplay (4 more) ...":false,"pyAgrmntWrksht":"0x38116982","relatedPAWDetailsLis (1 more) ...":"0x2621ca74","targetEDR":0.00,"totalAppliedDeductib (2 more) ...":0.00,"totalCoInsurance":0.00,"totalCoPayAmt":0.00,"totalInsCoResp":0.00,"totalInsEIVAmt":0.00,"totalRowCount":0,"totalTalbottDay":0}|0x16529207
08:27:32.0 (55734287)|VARIABLE_ASSIGNMENT|[EXTERNAL]|value|{"Id":"a1H29000000pRTUEA2","Name":"Insurance Benefit 75 (2 more) ...","RecordTypeId":"012j00000015GS6AAM","Patient_Insurance__c":"a1b29000000lvHQAAY","PHP_Admit_Co_Payment (3 more) ...":0.00,"Deductible__c":5000.00,"Deductible_Met__c":0.00,"Max_Out_of_Pocket_Re (10 more) ...":10000.00,"Insurance_Company_is (18 more) ...":false,"Annual_Max_Remaining (3 more) ...":1000000,"Deductible_Remaining (3 more) ...":5000.00,"Detox_Pays_at__c":80.00,"RTC_Pays_at__c":80.00,"PHP_Pays_at__c":80.00,"IOP_Pays_at__c":80.00,"Uncovered_Days_Rate_ (2 more) ...":630.00,"Room_and_Board_Days_ (7 more) ...":2000.00,"Deductible_Included_ (9 more) ...":"Yes","Lifetime_Max__c":1000000.00,"Lifetime_Max_Met__c":0.00,"Annual_Max__c":1000000.00,"Annual_Max_Met__c":0.00,"Max_Out_of_Pocket__c":10000.00,"Max_Out_of_Pocket_Me (4 more) ...":0.00,"RecordType":{"Name":"In Network","Id":"012j00000015GS6AAM"},"Patient_Insurance__r":{"Opportunity__c":"00629000004NTeZAAW","Accreditation__c":"State","Insurance_Company__c":"0012900000AXSP3AAP","Id":"a1b29000000lvHQAAY","Insurance_Company__r":{"Name":"Value Options/Beacon (7 more) ...","Id":"0012900000AXSP3AAP","RecordTypeId":"012j00000015GRqAAM"}}}|0x19e21413
08:27:32.0 (55774520)|VARIABLE_ASSIGNMENT|[525]|this.insrncBnft|{"Id":"a1H29000000pRTUEA2","Name":"Insurance Benefit 75 (2 more) ...","RecordTypeId":"012j00000015GS6AAM","Patient_Insurance__c":"a1b29000000lvHQAAY","PHP_Admit_Co_Payment (3 more) ...":0.00,"Deductible__c":5000.00,"Deductible_Met__c":0.00,"Max_Out_of_Pocket_Re (10 more) ...":10000.00,"Insurance_Company_is (18 more) ...":false,"Annual_Max_Remaining (3 more) ...":1000000,"Deductible_Remaining (3 more) ...":5000.00,"Detox_Pays_at__c":80.00,"RTC_Pays_at__c":80.00,"PHP_Pays_at__c":80.00,"IOP_Pays_at__c":80.00,"Uncovered_Days_Rate_ (2 more) ...":630.00,"Room_and_Board_Days_ (7 more) ...":2000.00,"Deductible_Included_ (9 more) ...":"Yes","Lifetime_Max__c":1000000.00,"Lifetime_Max_Met__c":0.00,"Annual_Max__c":1000000.00,"Annual_Max_Met__c":0.00,"Max_Out_of_Pocket__c":10000.00,"Max_Out_of_Pocket_Me (4 more) ...":0.00,"RecordType":{"Name":"In Network","Id":"012j00000015GS6AAM"},"Patient_Insurance__r":{"Opportunity__c":"00629000004NTeZAAW","Accreditation__c":"State","Insurance_Company__c":"0012900000AXSP3AAP","Id":"a1b29000000lvHQAAY","Insurance_Company__r":{"Name":"Value Options/Beacon (7 more) ...","Id":"0012900000AXSP3AAP","RecordTypeId":"012j00000015GRqAAM"}}}|0x16529207
08:27:32.0 (55793456)|STATEMENT_EXECUTE|[284]
08:27:32.0 (55845455)|VARIABLE_ASSIGNMENT|[EXTERNAL]|this|{"estmtCnrgDaysMap":"0x7bde8425","estmtCvrgeDaysObj":"0x52d83a74","faciltyOptions":"0x1225b51","fcltyPrgrmOptions":"0x6a776fd8","idToOwnershipFacilit (4 more) ...":"0x23b995a7","idToTypeFacilityMap":"0x3021103e","insrncBnftMap":"0x32ab32a7","insrncBnftOptions":"0x54fbdbd7","isIop":false,"isTalbott":false,"meta":"0x3b806842","oppId":"00629000004NTeZ","pawObj":"0x3182fec","ptntInsrnceOptions":"0x5e9e16bf","ptntInsrncMap":"0x54315bd8","ptntInsrncObj":"0x453e2f9a","quoteObj":"0x6ccbfb64","recordId":"00629000004NTeZ","rtAdjstmntOptions":"0x5919466d","showPILookup":false,"sObjectQueryStr":"","wrprObj":"0x16529207"}|0xb5492b1
08:27:32.0 (55892899)|VARIABLE_ASSIGNMENT|[EXTERNAL]|this|{"facilitySelected":"","insrncBnft":"0x19e21413","insrncBnftSelected":"a1H29000000pRTUEA2","pawDetailListDisplay (4 more) ...":false,"pyAgrmntWrksht":"0x38116982","relatedPAWDetailsLis (1 more) ...":"0x2621ca74","targetEDR":0.00,"totalAppliedDeductib (2 more) ...":0.00,"totalCoInsurance":0.00,"totalCoPayAmt":0.00,"totalInsCoResp":0.00,"totalInsEIVAmt":0.00,"totalRowCount":0,"totalTalbottDay":0}|0x16529207
08:27:32.0 (55968089)|VARIABLE_ASSIGNMENT|[EXTERNAL]|this|{"estmtCnrgDaysMap":"0x7bde8425","estmtCvrgeDaysObj":"0x52d83a74","faciltyOptions":"0x1225b51","fcltyPrgrmOptions":"0x6a776fd8","idToOwnershipFacilit (4 more) ...":"0x23b995a7","idToTypeFacilityMap":"0x3021103e","insrncBnftMap":"0x32ab32a7","insrncBnftOptions":"0x54fbdbd7","isIop":false,"isTalbott":false,"meta":"0x3b806842","oppId":"00629000004NTeZ","pawObj":"0x3182fec","ptntInsrnceOptions":"0x5e9e16bf","ptntInsrncMap":"0x54315bd8","ptntInsrncObj":"0x453e2f9a","quoteObj":"0x6ccbfb64","recordId":"00629000004NTeZ","rtAdjstmntOptions":"0x5919466d","showPILookup":false,"sObjectQueryStr":"","wrprObj":"0x16529207"}|0xb5492b1
08:27:32.0 (56013085)|VARIABLE_ASSIGNMENT|[EXTERNAL]|this|{"facilitySelected":"","insrncBnft":"0x19e21413","insrncBnftSelected":"a1H29000000pRTUEA2","pawDetailListDisplay (4 more) ...":false,"pyAgrmntWrksht":"0x38116982","relatedPAWDetailsLis (1 more) ...":"0x2621ca74","targetEDR":0.00,"totalAppliedDeductib (2 more) ...":0.00,"totalCoInsurance":0.00,"totalCoPayAmt":0.00,"totalInsCoResp":0.00,"totalInsEIVAmt":0.00,"totalRowCount":0,"totalTalbottDay":0}|0x16529207
08:27:32.0 (56068611)|VARIABLE_ASSIGNMENT|[284]|this.Deductible_Included_in_OOP__c|"Yes"|0x38116982
08:27:32.0 (56074213)|STATEMENT_EXECUTE|[285]
08:27:32.0 (56097584)|HEAP_ALLOCATE|[285]|Bytes:4
08:27:32.0 (56103889)|HEAP_ALLOCATE|[285]|Bytes:315
08:27:32.0 (56112947)|HEAP_ALLOCATE|[285]|Bytes:4
08:27:32.0 (56175643)|VARIABLE_ASSIGNMENT|[EXTERNAL]|this|{"estmtCnrgDaysMap":"0x7bde8425","estmtCvrgeDaysObj":"0x52d83a74","faciltyOptions":"0x1225b51","fcltyPrgrmOptions":"0x6a776fd8","idToOwnershipFacilit (4 more) ...":"0x23b995a7","idToTypeFacilityMap":"0x3021103e","insrncBnftMap":"0x32ab32a7","insrncBnftOptions":"0x54fbdbd7","isIop":false,"isTalbott":false,"meta":"0x3b806842","oppId":"00629000004NTeZ","pawObj":"0x3182fec","ptntInsrnceOptions":"0x5e9e16bf","ptntInsrncMap":"0x54315bd8","ptntInsrncObj":"0x453e2f9a","quoteObj":"0x6ccbfb64","recordId":"00629000004NTeZ","rtAdjstmntOptions":"0x5919466d","showPILookup":false,"sObjectQueryStr":"","wrprObj":"0x16529207"}|0xb5492b1
08:27:32.0 (56222828)|VARIABLE_ASSIGNMENT|[EXTERNAL]|this|{"facilitySelected":"","insrncBnft":"0x19e21413","insrncBnftSelected":"a1H29000000pRTUEA2","pawDetailListDisplay (4 more) ...":false,"pyAgrmntWrksht":"0x38116982","relatedPAWDetailsLis (1 more) ...":"0x2621ca74","targetEDR":0.00,"totalAppliedDeductib (2 more) ...":0.00,"totalCoInsurance":0.00,"totalCoPayAmt":0.00,"totalInsCoResp":0.00,"totalInsEIVAmt":0.00,"totalRowCount":0,"totalTalbottDay":0}|0x16529207
08:27:32.0 (57104594)|SOQL_EXECUTE_BEGIN|[285]|Aggregations:0|SELECT Id, DTX_Days__c, FRN_Facility__c, FRN_Facility__r.Name, FRN_Facility__r.Ownership, FRN_Facility__r.FRN_Facility_Type__c, Insurance_Benefit__c, IOP_Days__c, PHP_Days__c, RTC_Days__c, Total_Copay__c FROM Estimated_Coverage_Days__c WHERE Insurance_Benefit__c = :tmpVar1 ORDER BY LastModifiedDate ASC NULLS FIRST
08:27:32.0 (61869637)|SOQL_EXECUTE_END|[285]|Rows:1
08:27:32.0 (61888034)|HEAP_ALLOCATE|[285]|Bytes:8
08:27:32.0 (61907447)|HEAP_ALLOCATE|[285]|Bytes:532
08:27:32.0 (61948369)|HEAP_ALLOCATE|[285]|Bytes:8
08:27:32.0 (61974243)|HEAP_ALLOCATE|[285]|Bytes:40
08:27:32.0 (61984222)|HEAP_ALLOCATE|[285]|Bytes:4
08:27:32.0 (62015286)|VARIABLE_ASSIGNMENT|[285]|this.estmtCnrgDaysMap|{"a18290000007st9AAA":{"Id":"a18290000007st9AAA","DTX_Days__c":0,"FRN_Facility__c":"001j000000NqKMtAAN","Insurance_Benefit__c":"a1H29000000pRTUEA2","IOP_Days__c":0,"PHP_Days__c":13,"RTC_Days__c":7,"Total_Copay__c":0.00,"FRN_Facility__r":{"Name":"Black Bear Lodge","Ownership":"FRN","FRN_Facility_Type__c":"Residential Treatmen (1 more) ...","Id":"001j000000NqKMtAAN","RecordTypeId":"012j00000015GRpAAM"}}}|0xb5492b1
08:27:32.0 (62050434)|HEAP_ALLOCATE|[EXTERNAL]|Bytes:8
08:27:32.0 (62061894)|HEAP_ALLOCATE|[299]|Bytes:539
08:27:32.0 (62153948)|HEAP_ALLOCATE|[299]|Bytes:5
08:27:32.0 (62166231)|HEAP_ALLOCATE|[299]|Bytes:40
08:27:32.0 (62173567)|VARIABLE_SCOPE_BEGIN|[299]|estmtInstance|Estimated_Coverage_Days__c|true|false
08:27:32.0 (62195343)|VARIABLE_ASSIGNMENT|[299]|estmtInstance|{"Id":"a18290000007st9AAA","DTX_Days__c":0,"FRN_Facility__c":"001j000000NqKMtAAN","Insurance_Benefit__c":"a1H29000000pRTUEA2","IOP_Days__c":0,"PHP_Days__c":13,"RTC_Days__c":7,"Total_Copay__c":0.00,"FRN_Facility__r":{"Name":"Black Bear Lodge","Ownership":"FRN","FRN_Facility_Type__c":"Residential Treatmen (1 more) ...","Id":"001j000000NqKMtAAN","RecordTypeId":"012j00000015GRpAAM"}}|0x35a3d4d1
08:27:32.0 (62204719)|STATEMENT_EXECUTE|[299]
08:27:32.0 (62206003)|STATEMENT_EXECUTE|[300]
08:27:32.0 (62301066)|HEAP_ALLOCATE|[EXTERNAL]|Bytes:-4
08:27:32.0 (62308916)|STATEMENT_EXECUTE|[301]
08:27:32.0 (62339190)|HEAP_ALLOCATE|[EXTERNAL]|Bytes:-4
08:27:32.0 (62344515)|STATEMENT_EXECUTE|[302]
08:27:32.0 (62414169)|VARIABLE_ASSIGNMENT|[EXTERNAL]|this|{"estmtCnrgDaysMap":"0x624f456f","estmtCvrgeDaysObj":"0x52d83a74","faciltyOptions":"0x1225b51","fcltyPrgrmOptions":"0x6a776fd8","idToOwnershipFacilit (4 more) ...":"0x23b995a7","idToTypeFacilityMap":"0x3021103e","insrncBnftMap":"0x32ab32a7","insrncBnftOptions":"0x54fbdbd7","isIop":false,"isTalbott":false,"meta":"0x3b806842","oppId":"00629000004NTeZ","pawObj":"0x3182fec","ptntInsrnceOptions":"0x5e9e16bf","ptntInsrncMap":"0x54315bd8","ptntInsrncObj":"0x453e2f9a","quoteObj":"0x6ccbfb64","recordId":"00629000004NTeZ","rtAdjstmntOptions":"0x5919466d","showPILookup":false,"sObjectQueryStr":"","wrprObj":"0x16529207"}|0xb5492b1
08:27:32.0 (62439141)|HEAP_ALLOCATE|[302]|Bytes:18
08:27:32.0 (62475987)|HEAP_ALLOCATE|[EXTERNAL]|Bytes:4
08:27:32.0 (62488197)|HEAP_ALLOCATE|[299]|Bytes:5
08:27:32.0 (62498748)|VARIABLE_ASSIGNMENT|[299]|estmtInstance|null|
08:27:32.72 (72356750)|SYSTEM_MODE_ENTER|true
08:27:32.72 (72404526)|HEAP_ALLOCATE|[EXTERNAL]|Bytes:8
08:27:32.72 (72411843)|VARIABLE_SCOPE_BEGIN|[88]|this|ApexPage.PageMessagesComponentController|true|false
08:27:32.72 (72447572)|VARIABLE_ASSIGNMENT|[88]|this|{}|0x18e2f9ad
08:27:32.72 (72456664)|VARIABLE_SCOPE_BEGIN|[88]|escape|Boolean|false|false
08:27:32.72 (72467593)|VARIABLE_ASSIGNMENT|[88]|escape|null
08:27:32.72 (72576894)|SYSTEM_MODE_ENTER|true
08:27:32.72 (72604302)|HEAP_ALLOCATE|[EXTERNAL]|Bytes:8
08:27:32.72 (72611044)|VARIABLE_SCOPE_BEGIN|[2]|this|ApexPage.PageMessagesComponentController|true|false
08:27:32.72 (72627773)|VARIABLE_ASSIGNMENT|[2]|this|{}|0x18e2f9ad
08:27:32.0 (72971020)|SYSTEM_MODE_ENTER|true
08:27:32.0 (73056853)|SYSTEM_MODE_ENTER|true
08:27:32.0 (73271345)|SYSTEM_MODE_ENTER|true
08:27:32.0 (75539589)|SYSTEM_MODE_ENTER|true
08:27:32.0 (75585988)|SYSTEM_MODE_ENTER|true
08:27:32.78 (78907810)|SYSTEM_MODE_ENTER|true
08:27:32.78 (78951397)|HEAP_ALLOCATE|[EXTERNAL]|Bytes:8
08:27:32.78 (78958106)|VARIABLE_SCOPE_BEGIN|[88]|this|ApexPage.PageMessagesComponentController|true|false
08:27:32.78 (78976794)|VARIABLE_ASSIGNMENT|[88]|this|{}|0x18e2f9ad
08:27:32.78 (78982421)|VARIABLE_SCOPE_BEGIN|[88]|escape|Boolean|false|false
08:27:32.78 (78988432)|VARIABLE_ASSIGNMENT|[88]|escape|null
08:27:32.79 (79104328)|SYSTEM_MODE_ENTER|true
08:27:32.79 (79129302)|HEAP_ALLOCATE|[EXTERNAL]|Bytes:8
08:27:32.79 (79134693)|VARIABLE_SCOPE_BEGIN|[2]|this|ApexPage.PageMessagesComponentController|true|false
08:27:32.79 (79150533)|VARIABLE_ASSIGNMENT|[2]|this|{}|0x18e2f9ad
08:27:32.0 (80860374)|SYSTEM_MODE_ENTER|true
08:27:32.0 (80890201)|HEAP_ALLOCATE|[EXTERNAL]|Bytes:112
08:27:32.0 (80896978)|VARIABLE_SCOPE_BEGIN|[215]|this|PAW_New_EditCntrllr|true|false
08:27:32.0 (80960970)|VARIABLE_ASSIGNMENT|[215]|this|{"estmtCnrgDaysMap":"0x624f456f","estmtCvrgeDaysObj":"0x52d83a74","faciltyOptions":"0x1225b51","fcltyPrgrmOptions":"0x6a776fd8","idToOwnershipFacilit (4 more) ...":"0x23b995a7","idToTypeFacilityMap":"0x3021103e","insrncBnftMap":"0x32ab32a7","insrncBnftOptions":"0x54fbdbd7","isIop":false,"isTalbott":false,"meta":"0x3b806842","oppId":"00629000004NTeZ","pawObj":"0x3182fec","ptntInsrnceOptions":"0x5e9e16bf","ptntInsrncMap":"0x54315bd8","ptntInsrncObj":"0x453e2f9a","quoteObj":"0x6ccbfb64","recordId":"00629000004NTeZ","rtAdjstmntOptions":"0x5919466d","showPILookup":false,"sObjectQueryStr":"","wrprObj":"0x16529207"}|0xb5492b1
08:27:32.0 (80976018)|STATEMENT_EXECUTE|[215]
08:27:32.0 (80977447)|STATEMENT_EXECUTE|[216]
08:27:32.0 (80989230)|STATEMENT_EXECUTE|[217]
08:27:32.0 (81000371)|HEAP_ALLOCATE|[EXTERNAL]|Bytes:4
08:27:32.0 (81057699)|VARIABLE_ASSIGNMENT|[EXTERNAL]|this|{"estmtCnrgDaysMap":"0x624f456f","estmtCvrgeDaysObj":"0x52d83a74","faciltyOptions":"0x1225b51","fcltyPrgrmOptions":"0x6a776fd8","idToOwnershipFacilit (4 more) ...":"0x23b995a7","idToTypeFacilityMap":"0x3021103e","insrncBnftMap":"0x32ab32a7","insrncBnftOptions":"0x54fbdbd7","isIop":false,"isTalbott":false,"meta":"0x3b806842","oppId":"00629000004NTeZ","pawObj":"0x3182fec","ptntInsrnceOptions":"0x5e9e16bf","ptntInsrncMap":"0x54315bd8","ptntInsrncObj":"0x453e2f9a","quoteObj":"0x6ccbfb64","recordId":"00629000004NTeZ","rtAdjstmntOptions":"0x5919466d","showPILookup":false,"sObjectQueryStr":"","wrprObj":"0x16529207"}|0xb5492b1
08:27:32.0 (81073039)|STATEMENT_EXECUTE|[218]
08:27:32.0 (81074113)|STATEMENT_EXECUTE|[219]
08:27:32.0 (81093922)|HEAP_ALLOCATE|[219]|Bytes:4
08:27:32.0 (81102573)|HEAP_ALLOCATE|[219]|Bytes:4
08:27:32.0 (81155271)|VARIABLE_ASSIGNMENT|[EXTERNAL]|this|{"estmtCnrgDaysMap":"0x624f456f","estmtCvrgeDaysObj":"0x52d83a74","faciltyOptions":"0x1225b51","fcltyPrgrmOptions":"0x6a776fd8","idToOwnershipFacilit (4 more) ...":"0x23b995a7","idToTypeFacilityMap":"0x3021103e","insrncBnftMap":"0x32ab32a7","insrncBnftOptions":"0x54fbdbd7","isIop":false,"isTalbott":false,"meta":"0x3b806842","oppId":"00629000004NTeZ","pawObj":"0x3182fec","ptntInsrnceOptions":"0x5e9e16bf","ptntInsrncMap":"0x54315bd8","ptntInsrncObj":"0x453e2f9a","quoteObj":"0x6ccbfb64","recordId":"00629000004NTeZ","rtAdjstmntOptions":"0x5919466d","showPILookup":false,"sObjectQueryStr":"","wrprObj":"0x16529207"}|0xb5492b1
08:27:32.0 (81804724)|SOQL_EXECUTE_BEGIN|[219]|Aggregations:0|SELECT Id, Name, RecordType.Name, Uncovered_Charges__c, Patient_Insurance__r.Accepts_Assignment_of_Benefits__c, Patient_Insurance__r.Opportunity__c, Patient_Insurance__r.Accreditation__c, Patient_Insurance__r.Insurance_Company__r.Name, PHP_Admit_Co_Payment__c, Detox_Admit_Co_Payment__c, RTC_Admit_Co_Payment__c, Deductible__c, Deductible_Met__c, IOP_Admit_Co_Payment__c, Max_Out_of_Pocket_Remaining__c, Insurance_Company_is_Out_of_Network__c, Annual_Max_Remaining__c, Deductible_Remaining__c, Detox_Pays_at__c, Detox_Over__c, RTC_Pays_at__c, Residential_Treatment_Override__c, PHP_Pays_at__c, Partial_Hospitalization_Override__c, IOP_Pays_at__c, Intensive_Outpatient_Override__c, Num_Days_Uncovered__c, Num_Days_Room__c, Uncovered_Days_Rate__c, Room_and_Board_Days_Rate__c, Uncovered_Days_Override__c, Room_and_Board_Days_Override__c, Deductible_Included_in_OOP__c, Uncovered_Days__c, Lifetime_Max__c, Lifetime_Max_Met__c, Annual_Max__c, Annual_Max_Met__c, Max_Out_of_Pocket__c, Max_Out_of_Pocket_Met__c, Co_Pay_Met__c FROM Insurance_Benefit__c WHERE Patient_Insurance__c = :tmpVar1
08:27:32.0 (89824739)|SOQL_EXECUTE_END|[219]|Rows:2
08:27:32.0 (89843535)|HEAP_ALLOCATE|[219]|Bytes:12
08:27:32.0 (89881601)|HEAP_ALLOCATE|[219]|Bytes:2986
08:27:32.0 (89910417)|HEAP_ALLOCATE|[219]|Bytes:12
08:27:32.0 (89922497)|HEAP_ALLOCATE|[219]|Bytes:108
08:27:32.0 (89931185)|HEAP_ALLOCATE|[219]|Bytes:4
08:27:32.0 (89935721)|HEAP_ALLOCATE|[219]|Bytes:108
08:27:32.0 (89939750)|HEAP_ALLOCATE|[219]|Bytes:4
08:27:32.0 (90006840)|VARIABLE_ASSIGNMENT|[219]|this.insrncBnftMap|{"a1H29000000pRTUEA2":{"Id":"a1H29000000pRTUEA2","Name":"Insurance Benefit 75 (2 more) ...","RecordTypeId":"012j00000015GS6AAM","Patient_Insurance__c":"a1b29000000lvHQAAY","PHP_Admit_Co_Payment (3 more) ...":0.00,"Deductible__c":5000.00,"Deductible_Met__c":0.00,"Max_Out_of_Pocket_Re (10 more) ...":10000.00,"Insurance_Company_is (18 more) ...":false,"Annual_Max_Remaining (3 more) ...":1000000,"Deductible_Remaining (3 more) ...":5000.00,"Detox_Pays_at__c":80.00,"RTC_Pays_at__c":80.00,"PHP_Pays_at__c":80.00,"IOP_Pays_at__c":80.00,"Uncovered_Days_Rate_ (2 more) ...":630.00,"Room_and_Board_Days_ (7 more) ...":2000.00,"Deductible_Included_ (9 more) ...":"Yes","Lifetime_Max__c":1000000.00,"Lifetime_Max_Met__c":0.00,"Annual_Max__c":1000000.00,"Annual_Max_Met__c":0.00,"Max_Out_of_Pocket__c":10000.00,"Max_Out_of_Pocket_Me (4 more) ...":0.00,"RecordType":{"Name":"In Network","Id":"012j00000015GS6AAM"},"Patient_Insurance__r":{"Opportunity__c":"00629000004NTeZAAW","Accreditation__c":"State","Insurance_Company__c":"0012900000AXSP3AAP","Id":"a1b29000000lvHQAAY","Insurance_Company__r":{"Name":"Value Options/Beacon (7 more) ...","Id":"0012900000AXSP3AAP","RecordTypeId":"012j00000015GRqAAM"}}},"a1H29000000pRTZEA2":{"Id":"a1H29000000pRTZEA2","Name":"Insurance Benefit 75 (2 more) ...","RecordTypeId":"012j00000015GS7AAM","Patient_Insurance__c":"a1b29000000lvHQAAY","PHP_Admit_Co_Payment (3 more) ...":0.00,"Deductible__c":10000.00,"Deductible_Met__c":0.00,"Max_Out_of_Pocket_Re (10 more) ...":20000.00,"Insurance_Company_is (18 more) ...":false,"Annual_Max_Remaining (3 more) ...":1000000,"Deductible_Remaining (3 more) ...":10000.00,"Detox_Pays_at__c":60.00,"RTC_Pays_at__c":60.00,"PHP_Pays_at__c":60.00,"IOP_Pays_at__c":60.00,"Uncovered_Days_Rate_ (2 more) ...":630.00,"Room_and_Board_Days_ (7 more) ...":2000.00,"Deductible_Included_ (9 more) ...":"Yes","Lifetime_Max__c":1000000.00,"Lifetime_Max_Met__c":0.00,"Annual_Max__c":1000000.00,"Annual_Max_Met__c":0.00,"Max_Out_of_Pocket__c":20000.00,"Max_Out_of_Pocket_Me (4 more) ...":0.00,"RecordType":{"Name":"Out of Network","Id":"012j00000015GS7AAM"},"Patient_Insurance__r":{"Opportunity__c":"00629000004NTeZAAW","Accreditation__c":"State","Insurance_Company__c":"0012900000AXSP3AAP","Id":"a1b29000000lvHQAAY","Insurance_Company__r":{"Name":"Value Options/Beacon (7 more) ...","Id":"0012900000AXSP3AAP","RecordTypeId":"012j00000015GRqAAM"}}}}|0xb5492b1
08:27:32.0 (90049600)|HEAP_ALLOCATE|[EXTERNAL]|Bytes:12
08:27:32.0 (90072886)|HEAP_ALLOCATE|[263]|Bytes:2996
08:27:32.0 (90092879)|HEAP_ALLOCATE|[263]|Bytes:5
08:27:32.0 (90102170)|HEAP_ALLOCATE|[263]|Bytes:108
08:27:32.0 (90108597)|VARIABLE_SCOPE_BEGIN|[263]|insrncBnftInstance|Insurance_Benefit__c|true|false
08:27:32.0 (90140986)|VARIABLE_ASSIGNMENT|[263]|insrncBnftInstance|{"Id":"a1H29000000pRTUEA2","Name":"Insurance Benefit 75 (2 more) ...","RecordTypeId":"012j00000015GS6AAM","Patient_Insurance__c":"a1b29000000lvHQAAY","PHP_Admit_Co_Payment (3 more) ...":0.00,"Deductible__c":5000.00,"Deductible_Met__c":0.00,"Max_Out_of_Pocket_Re (10 more) ...":10000.00,"Insurance_Company_is (18 more) ...":false,"Annual_Max_Remaining (3 more) ...":1000000,"Deductible_Remaining (3 more) ...":5000.00,"Detox_Pays_at__c":80.00,"RTC_Pays_at__c":80.00,"PHP_Pays_at__c":80.00,"IOP_Pays_at__c":80.00,"Uncovered_Days_Rate_ (2 more) ...":630.00,"Room_and_Board_Days_ (7 more) ...":2000.00,"Deductible_Included_ (9 more) ...":"Yes","Lifetime_Max__c":1000000.00,"Lifetime_Max_Met__c":0.00,"Annual_Max__c":1000000.00,"Annual_Max_Met__c":0.00,"Max_Out_of_Pocket__c":10000.00,"Max_Out_of_Pocket_Me (4 more) ...":0.00,"RecordType":{"Name":"In Network","Id":"012j00000015GS6AAM"},"Patient_Insurance__r":{"Opportunity__c":"00629000004NTeZAAW","Accreditation__c":"State","Insurance_Company__c":"0012900000AXSP3AAP","Id":"a1b29000000lvHQAAY","Insurance_Company__r":{"Name":"Value Options/Beacon (7 more) ...","Id":"0012900000AXSP3AAP","RecordTypeId":"012j00000015GRqAAM"}}}|0xb963513
08:27:32.0 (90158678)|STATEMENT_EXECUTE|[263]
08:27:32.0 (90160030)|STATEMENT_EXECUTE|[264]
08:27:32.0 (90174064)|HEAP_ALLOCATE|[264]|Bytes:18
08:27:32.0 (90195087)|HEAP_ALLOCATE|[264]|Bytes:35
08:27:32.0 (90207693)|HEAP_ALLOCATE|[EXTERNAL]|Bytes:4
08:27:32.0 (90217811)|HEAP_ALLOCATE|[263]|Bytes:5
08:27:32.0 (90225096)|HEAP_ALLOCATE|[263]|Bytes:108
08:27:32.0 (90229871)|VARIABLE_SCOPE_BEGIN|[263]|insrncBnftInstance|Insurance_Benefit__c|true|false
08:27:32.0 (90260073)|VARIABLE_ASSIGNMENT|[263]|insrncBnftInstance|{"Id":"a1H29000000pRTZEA2","Name":"Insurance Benefit 75 (2 more) ...","RecordTypeId":"012j00000015GS7AAM","Patient_Insurance__c":"a1b29000000lvHQAAY","PHP_Admit_Co_Payment (3 more) ...":0.00,"Deductible__c":10000.00,"Deductible_Met__c":0.00,"Max_Out_of_Pocket_Re (10 more) ...":20000.00,"Insurance_Company_is (18 more) ...":false,"Annual_Max_Remaining (3 more) ...":1000000,"Deductible_Remaining (3 more) ...":10000.00,"Detox_Pays_at__c":60.00,"RTC_Pays_at__c":60.00,"PHP_Pays_at__c":60.00,"IOP_Pays_at__c":60.00,"Uncovered_Days_Rate_ (2 more) ...":630.00,"Room_and_Board_Days_ (7 more) ...":2000.00,"Deductible_Included_ (9 more) ...":"Yes","Lifetime_Max__c":1000000.00,"Lifetime_Max_Met__c":0.00,"Annual_Max__c":1000000.00,"Annual_Max_Met__c":0.00,"Max_Out_of_Pocket__c":20000.00,"Max_Out_of_Pocket_Me (4 more) ...":0.00,"RecordType":{"Name":"Out of Network","Id":"012j00000015GS7AAM"},"Patient_Insurance__r":{"Opportunity__c":"00629000004NTeZAAW","Accreditation__c":"State","Insurance_Company__c":"0012900000AXSP3AAP","Id":"a1b29000000lvHQAAY","Insurance_Company__r":{"Name":"Value Options/Beacon (7 more) ...","Id":"0012900000AXSP3AAP","RecordTypeId":"012j00000015GRqAAM"}}}|0x26af57cf
08:27:32.0 (90276987)|STATEMENT_EXECUTE|[263]
08:27:32.0 (90278199)|STATEMENT_EXECUTE|[264]
08:27:32.0 (90286323)|HEAP_ALLOCATE|[264]|Bytes:18
08:27:32.0 (90299950)|HEAP_ALLOCATE|[264]|Bytes:39
08:27:32.0 (90309425)|HEAP_ALLOCATE|[EXTERNAL]|Bytes:4
08:27:32.0 (90318025)|HEAP_ALLOCATE|[263]|Bytes:5
08:27:32.0 (90325439)|VARIABLE_ASSIGNMENT|[263]|insrncBnftInstance|null|
08:27:32.0 (90390393)|VARIABLE_ASSIGNMENT|[EXTERNAL]|this|{"estmtCnrgDaysMap":"0x624f456f","estmtCvrgeDaysObj":"0x52d83a74","faciltyOptions":"0x1225b51","fcltyPrgrmOptions":"0x6a776fd8","idToOwnershipFacilit (4 more) ...":"0x23b995a7","idToTypeFacilityMap":"0x3021103e","insrncBnftMap":"0x1d79988d","insrncBnftOptions":"0x54fbdbd7","isIop":false,"isTalbott":false,"meta":"0x3b806842","oppId":"00629000004NTeZ","pawObj":"0x3182fec","ptntInsrnceOptions":"0x5e9e16bf","ptntInsrncMap":"0x54315bd8","ptntInsrncObj":"0x453e2f9a","quoteObj":"0x6ccbfb64","recordId":"00629000004NTeZ","rtAdjstmntOptions":"0x5919466d","showPILookup":false,"sObjectQueryStr":"","wrprObj":"0x16529207"}|0xb5492b1
08:27:32.0 (90443210)|VARIABLE_ASSIGNMENT|[EXTERNAL]|this|{"facilitySelected":"","insrncBnft":"0x19e21413","insrncBnftSelected":"a1H29000000pRTUEA2","pawDetailListDisplay (4 more) ...":false,"pyAgrmntWrksht":"0x38116982","relatedPAWDetailsLis (1 more) ...":"0x2621ca74","targetEDR":0.00,"totalAppliedDeductib (2 more) ...":0.00,"totalCoInsurance":0.00,"totalCoPayAmt":0.00,"totalInsCoResp":0.00,"totalInsEIVAmt":0.00,"totalRowCount":0,"totalTalbottDay":0}|0x16529207
08:27:32.0 (90498928)|VARIABLE_ASSIGNMENT|[EXTERNAL]|this|{"estmtCnrgDaysMap":"0x624f456f","estmtCvrgeDaysObj":"0x52d83a74","faciltyOptions":"0x1225b51","fcltyPrgrmOptions":"0x6a776fd8","idToOwnershipFacilit (4 more) ...":"0x23b995a7","idToTypeFacilityMap":"0x3021103e","insrncBnftMap":"0x1d79988d","insrncBnftOptions":"0x54fbdbd7","isIop":false,"isTalbott":false,"meta":"0x3b806842","oppId":"00629000004NTeZ","pawObj":"0x3182fec","ptntInsrnceOptions":"0x5e9e16bf","ptntInsrncMap":"0x54315bd8","ptntInsrncObj":"0x453e2f9a","quoteObj":"0x6ccbfb64","recordId":"00629000004NTeZ","rtAdjstmntOptions":"0x5919466d","showPILookup":false,"sObjectQueryStr":"","wrprObj":"0x16529207"}|0xb5492b1
08:27:32.0 (90542210)|VARIABLE_ASSIGNMENT|[EXTERNAL]|this|{"facilitySelected":"","insrncBnft":"0x19e21413","insrncBnftSelected":"a1H29000000pRTUEA2","pawDetailListDisplay (4 more) ...":false,"pyAgrmntWrksht":"0x38116982","relatedPAWDetailsLis (1 more) ...":"0x2621ca74","targetEDR":0.00,"totalAppliedDeductib (2 more) ...":0.00,"totalCoInsurance":0.00,"totalCoPayAmt":0.00,"totalInsCoResp":0.00,"totalInsEIVAmt":0.00,"totalRowCount":0,"totalTalbottDay":0}|0x16529207
08:27:32.0 (90561800)|STATEMENT_EXECUTE|[267]
08:27:32.0 (90563218)|STATEMENT_EXECUTE|[268]
08:27:32.0 (90609685)|VARIABLE_ASSIGNMENT|[EXTERNAL]|this|{"estmtCnrgDaysMap":"0x624f456f","estmtCvrgeDaysObj":"0x52d83a74","faciltyOptions":"0x1225b51","fcltyPrgrmOptions":"0x6a776fd8","idToOwnershipFacilit (4 more) ...":"0x23b995a7","idToTypeFacilityMap":"0x3021103e","insrncBnftMap":"0x1d79988d","insrncBnftOptions":"0x54fbdbd7","isIop":false,"isTalbott":false,"meta":"0x3b806842","oppId":"00629000004NTeZ","pawObj":"0x3182fec","ptntInsrnceOptions":"0x5e9e16bf","ptntInsrncMap":"0x54315bd8","ptntInsrncObj":"0x453e2f9a","quoteObj":"0x6ccbfb64","recordId":"00629000004NTeZ","rtAdjstmntOptions":"0x5919466d","showPILookup":false,"sObjectQueryStr":"","wrprObj":"0x16529207"}|0xb5492b1
08:27:32.0 (90652785)|VARIABLE_ASSIGNMENT|[EXTERNAL]|this|{"facilitySelected":"","insrncBnft":"0x19e21413","insrncBnftSelected":"a1H29000000pRTUEA2","pawDetailListDisplay (4 more) ...":false,"pyAgrmntWrksht":"0x38116982","relatedPAWDetailsLis (1 more) ...":"0x2621ca74","targetEDR":0.00,"totalAppliedDeductib (2 more) ...":0.00,"totalCoInsurance":0.00,"totalCoPayAmt":0.00,"totalInsCoResp":0.00,"totalInsEIVAmt":0.00,"totalRowCount":0,"totalTalbottDay":0}|0x16529207
08:27:32.0 (90729950)|VARIABLE_ASSIGNMENT|[EXTERNAL]|this|{"estmtCnrgDaysMap":"0x624f456f","estmtCvrgeDaysObj":"0x52d83a74","faciltyOptions":"0x1225b51","fcltyPrgrmOptions":"0x6a776fd8","idToOwnershipFacilit (4 more) ...":"0x23b995a7","idToTypeFacilityMap":"0x3021103e","insrncBnftMap":"0x1d79988d","insrncBnftOptions":"0x54fbdbd7","isIop":false,"isTalbott":false,"meta":"0x3b806842","oppId":"00629000004NTeZ","pawObj":"0x3182fec","ptntInsrnceOptions":"0x5e9e16bf","ptntInsrncMap":"0x54315bd8","ptntInsrncObj":"0x453e2f9a","quoteObj":"0x6ccbfb64","recordId":"00629000004NTeZ","rtAdjstmntOptions":"0x5919466d","showPILookup":false,"sObjectQueryStr":"","wrprObj":"0x16529207"}|0xb5492b1
08:27:32.0 (90774974)|VARIABLE_ASSIGNMENT|[EXTERNAL]|this|{"facilitySelected":"","insrncBnft":"0x19e21413","insrncBnftSelected":"a1H29000000pRTUEA2","pawDetailListDisplay (4 more) ...":false,"pyAgrmntWrksht":"0x38116982","relatedPAWDetailsLis (1 more) ...":"0x2621ca74","targetEDR":0.00,"totalAppliedDeductib (2 more) ...":0.00,"totalCoInsurance":0.00,"totalCoPayAmt":0.00,"totalInsCoResp":0.00,"totalInsEIVAmt":0.00,"totalRowCount":0,"totalTalbottDay":0}|0x16529207
08:27:32.0 (90808061)|VARIABLE_ASSIGNMENT|[EXTERNAL]|value|{"Id":"a1H29000000pRTUEA2","Name":"Insurance Benefit 75 (2 more) ...","RecordTypeId":"012j00000015GS6AAM","Patient_Insurance__c":"a1b29000000lvHQAAY","PHP_Admit_Co_Payment (3 more) ...":0.00,"Deductible__c":5000.00,"Deductible_Met__c":0.00,"Max_Out_of_Pocket_Re (10 more) ...":10000.00,"Insurance_Company_is (18 more) ...":false,"Annual_Max_Remaining (3 more) ...":1000000,"Deductible_Remaining (3 more) ...":5000.00,"Detox_Pays_at__c":80.00,"RTC_Pays_at__c":80.00,"PHP_Pays_at__c":80.00,"IOP_Pays_at__c":80.00,"Uncovered_Days_Rate_ (2 more) ...":630.00,"Room_and_Board_Days_ (7 more) ...":2000.00,"Deductible_Included_ (9 more) ...":"Yes","Lifetime_Max__c":1000000.00,"Lifetime_Max_Met__c":0.00,"Annual_Max__c":1000000.00,"Annual_Max_Met__c":0.00,"Max_Out_of_Pocket__c":10000.00,"Max_Out_of_Pocket_Me (4 more) ...":0.00,"RecordType":{"Name":"In Network","Id":"012j00000015GS6AAM"},"Patient_Insurance__r":{"Opportunity__c":"00629000004NTeZAAW","Accreditation__c":"State","Insurance_Company__c":"0012900000AXSP3AAP","Id":"a1b29000000lvHQAAY","Insurance_Company__r":{"Name":"Value Options/Beacon (7 more) ...","Id":"0012900000AXSP3AAP","RecordTypeId":"012j00000015GRqAAM"}}}|0xb963513
08:27:32.0 (90847862)|VARIABLE_ASSIGNMENT|[525]|this.insrncBnft|{"Id":"a1H29000000pRTUEA2","Name":"Insurance Benefit 75 (2 more) ...","RecordTypeId":"012j00000015GS6AAM","Patient_Insurance__c":"a1b29000000lvHQAAY","PHP_Admit_Co_Payment (3 more) ...":0.00,"Deductible__c":5000.00,"Deductible_Met__c":0.00,"Max_Out_of_Pocket_Re (10 more) ...":10000.00,"Insurance_Company_is (18 more) ...":false,"Annual_Max_Remaining (3 more) ...":1000000,"Deductible_Remaining (3 more) ...":5000.00,"Detox_Pays_at__c":80.00,"RTC_Pays_at__c":80.00,"PHP_Pays_at__c":80.00,"IOP_Pays_at__c":80.00,"Uncovered_Days_Rate_ (2 more) ...":630.00,"Room_and_Board_Days_ (7 more) ...":2000.00,"Deductible_Included_ (9 more) ...":"Yes","Lifetime_Max__c":1000000.00,"Lifetime_Max_Met__c":0.00,"Annual_Max__c":1000000.00,"Annual_Max_Met__c":0.00,"Max_Out_of_Pocket__c":10000.00,"Max_Out_of_Pocket_Me (4 more) ...":0.00,"RecordType":{"Name":"In Network","Id":"012j00000015GS6AAM"},"Patient_Insurance__r":{"Opportunity__c":"00629000004NTeZAAW","Accreditation__c":"State","Insurance_Company__c":"0012900000AXSP3AAP","Id":"a1b29000000lvHQAAY","Insurance_Company__r":{"Name":"Value Options/Beacon (7 more) ...","Id":"0012900000AXSP3AAP","RecordTypeId":"012j00000015GRqAAM"}}}|0x16529207
08:27:32.0 (90867519)|STATEMENT_EXECUTE|[272]
08:27:32.0 (91590083)|SYSTEM_MODE_ENTER|true
08:27:32.0 (91911467)|SYSTEM_MODE_ENTER|true
08:27:32.0 (91941895)|HEAP_ALLOCATE|[EXTERNAL]|Bytes:112
08:27:32.0 (91949172)|VARIABLE_SCOPE_BEGIN|[379]|this|PAW_New_EditCntrllr|true|false
08:27:32.0 (92012517)|VARIABLE_ASSIGNMENT|[379]|this|{"estmtCnrgDaysMap":"0x624f456f","estmtCvrgeDaysObj":"0x52d83a74","faciltyOptions":"0x1225b51","fcltyPrgrmOptions":"0x6a776fd8","idToOwnershipFacilit (4 more) ...":"0x23b995a7","idToTypeFacilityMap":"0x3021103e","insrncBnftMap":"0x1d79988d","insrncBnftOptions":"0x54fbdbd7","isIop":false,"isTalbott":false,"meta":"0x3b806842","oppId":"00629000004NTeZ","pawObj":"0x3182fec","ptntInsrnceOptions":"0x5e9e16bf","ptntInsrncMap":"0x54315bd8","ptntInsrncObj":"0x453e2f9a","quoteObj":"0x6ccbfb64","recordId":"00629000004NTeZ","rtAdjstmntOptions":"0x5919466d","showPILookup":false,"sObjectQueryStr":"","wrprObj":"0x16529207"}|0xb5492b1
08:27:32.0 (92028381)|STATEMENT_EXECUTE|[379]
08:27:32.0 (92029868)|STATEMENT_EXECUTE|[380]
08:27:32.0 (92039287)|HEAP_ALLOCATE|[380]|Bytes:4
08:27:32.0 (92078221)|HEAP_ALLOCATE|[EXTERNAL]|Bytes:4
08:27:32.0 (92086726)|VARIABLE_ASSIGNMENT|[380]|this.rtAdjstmntOptions|[]|0xb5492b1
08:27:32.0 (92091250)|STATEMENT_EXECUTE|[381]
08:27:32.0 (92144216)|HEAP_ALLOCATE|[EXTERNAL]|Bytes:4
08:27:32.0 (92224174)|VARIABLE_ASSIGNMENT|[EXTERNAL]|this|{"estmtCnrgDaysMap":"0x624f456f","estmtCvrgeDaysObj":"0x52d83a74","faciltyOptions":"0x1225b51","fcltyPrgrmOptions":"0x6a776fd8","idToOwnershipFacilit (4 more) ...":"0x23b995a7","idToTypeFacilityMap":"0x3021103e","insrncBnftMap":"0x1d79988d","insrncBnftOptions":"0x54fbdbd7","isIop":false,"isTalbott":false,"meta":"0x3b806842","oppId":"00629000004NTeZ","pawObj":"0x3182fec","ptntInsrnceOptions":"0x5e9e16bf","ptntInsrncMap":"0x54315bd8","ptntInsrncObj":"0x453e2f9a","quoteObj":"0x6ccbfb64","recordId":"00629000004NTeZ","rtAdjstmntOptions":"0x5244b286","showPILookup":false,"sObjectQueryStr":"","wrprObj":"0x16529207"}|0xb5492b1
08:27:32.0 (92288944)|VARIABLE_ASSIGNMENT|[EXTERNAL]|this|{"facilitySelected":"","insrncBnft":"0xb963513","insrncBnftSelected":"a1H29000000pRTUEA2","pawDetailListDisplay (4 more) ...":false,"pyAgrmntWrksht":"0x38116982","relatedPAWDetailsLis (1 more) ...":"0x2621ca74","targetEDR":0.00,"totalAppliedDeductib (2 more) ...":0.00,"totalCoInsurance":0.00,"totalCoPayAmt":0.00,"totalInsCoResp":0.00,"totalInsEIVAmt":0.00,"totalRowCount":0,"totalTalbottDay":0}|0x16529207
08:27:32.0 (92347409)|VARIABLE_ASSIGNMENT|[EXTERNAL]|this|{"estmtCnrgDaysMap":"0x624f456f","estmtCvrgeDaysObj":"0x52d83a74","faciltyOptions":"0x1225b51","fcltyPrgrmOptions":"0x6a776fd8","idToOwnershipFacilit (4 more) ...":"0x23b995a7","idToTypeFacilityMap":"0x3021103e","insrncBnftMap":"0x1d79988d","insrncBnftOptions":"0x54fbdbd7","isIop":false,"isTalbott":false,"meta":"0x3b806842","oppId":"00629000004NTeZ","pawObj":"0x3182fec","ptntInsrnceOptions":"0x5e9e16bf","ptntInsrncMap":"0x54315bd8","ptntInsrncObj":"0x453e2f9a","quoteObj":"0x6ccbfb64","recordId":"00629000004NTeZ","rtAdjstmntOptions":"0x5244b286","showPILookup":false,"sObjectQueryStr":"","wrprObj":"0x16529207"}|0xb5492b1
08:27:32.0 (92392644)|VARIABLE_ASSIGNMENT|[EXTERNAL]|this|{"facilitySelected":"","insrncBnft":"0xb963513","insrncBnftSelected":"a1H29000000pRTUEA2","pawDetailListDisplay (4 more) ...":false,"pyAgrmntWrksht":"0x38116982","relatedPAWDetailsLis (1 more) ...":"0x2621ca74","targetEDR":0.00,"totalAppliedDeductib (2 more) ...":0.00,"totalCoInsurance":0.00,"totalCoPayAmt":0.00,"totalInsCoResp":0.00,"totalInsEIVAmt":0.00,"totalRowCount":0,"totalTalbottDay":0}|0x16529207
08:27:32.0 (92411053)|STATEMENT_EXECUTE|[382]
08:27:32.0 (92412641)|STATEMENT_EXECUTE|[400]
08:27:32.0 (92699412)|SYSTEM_MODE_ENTER|true
08:27:32.0 (99419699)|VF_SERIALIZE_VIEWSTATE_BEGIN|0660a0000009uTC
08:27:32.0 (106274997)|VF_SERIALIZE_VIEWSTATE_END
08:27:32.111 (111781018)|CUMULATIVE_LIMIT_USAGE
08:27:32.111 (111781018)|LIMIT_USAGE_FOR_NS|(default)|
  Number of SOQL queries: 3 out of 100
  Number of query rows: 5 out of 50000
  Number of SOSL queries: 0 out of 20
  Number of DML statements: 0 out of 150
  Number of DML rows: 0 out of 10000
  Maximum CPU time: 0 out of 10000
  Maximum heap size: 0 out of 6000000
  Number of callouts: 0 out of 100
  Number of Email Invocations: 0 out of 10
  Number of future calls: 0 out of 50
  Number of queueable jobs added to the queue: 0 out of 50
  Number of Mobile Apex push calls: 0 out of 10

08:27:32.111 (111781018)|CUMULATIVE_LIMIT_USAGE_END

08:27:32.0 (111820196)|CODE_UNIT_FINISHED|VF: /apex/PAW_New_Edit
08:27:32.0 (112532594)|EXECUTION_FINISHED
