37.0 APEX_CODE,FINEST;APEX_PROFILING,INFO;CALLOUT,INFO;DB,INFO;SYSTEM,DEBUG;VALIDATION,INFO;VISUALFORCE,INFO;WAVE,INFO;WORKFLOW,FINER
07:44:29.0 (56487)|USER_INFO|[EXTERNAL]|00529000000zYiy|bhakti.gujrathi@eternussolutions.com.frnstgng|Central Standard Time|GMT-06:00
07:44:29.0 (92218)|EXECUTION_STARTED
07:44:29.0 (96558)|CODE_UNIT_STARTED|[EXTERNAL]|0660a0000009uTC|VF: /apex/PAW_New_Edit
07:44:29.0 (224101)|VF_DESERIALIZE_VIEWSTATE_BEGIN|0660a0000009uTC
07:44:29.0 (3661028)|HEAP_ALLOCATE|[72]|Bytes:3
07:44:29.0 (3714109)|HEAP_ALLOCATE|[77]|Bytes:152
07:44:29.0 (3730581)|HEAP_ALLOCATE|[342]|Bytes:408
07:44:29.0 (3741879)|HEAP_ALLOCATE|[355]|Bytes:408
07:44:29.0 (3752208)|HEAP_ALLOCATE|[467]|Bytes:48
07:44:29.0 (3793587)|HEAP_ALLOCATE|[139]|Bytes:6
07:44:29.0 (3818212)|HEAP_ALLOCATE|[50]|Bytes:5
07:44:29.0 (3839800)|HEAP_ALLOCATE|[56]|Bytes:5
07:44:29.0 (3845860)|HEAP_ALLOCATE|[64]|Bytes:7
07:44:29.0 (6634301)|VARIABLE_SCOPE_BEGIN|[35]|PAW_New_EditCntrllr.globalSchemaMap|Map<String,Schema.SObjectType>|true|true
07:44:29.0 (6647110)|VARIABLE_SCOPE_BEGIN|[3]|PAW_New_EditCntrllr.yearEndMode|Boolean|false|true
07:44:29.0 (11167810)|VF_DESERIALIZE_VIEWSTATE_END
07:44:29.12 (12662501)|SYSTEM_MODE_ENTER|true
07:44:29.12 (12737010)|HEAP_ALLOCATE|[EXTERNAL]|Bytes:38
07:44:29.12 (12748102)|HEAP_ALLOCATE|[EXTERNAL]|Bytes:7
07:44:29.12 (12759653)|SYSTEM_METHOD_ENTRY|[1]|PageMessagesComponentController.PageMessagesComponentController()
07:44:29.12 (12765491)|STATEMENT_EXECUTE|[1]
07:44:29.13 (13573132)|SYSTEM_MODE_ENTER|true
07:44:29.13 (13622125)|HEAP_ALLOCATE|[EXTERNAL]|Bytes:8
07:44:29.13 (13629222)|VARIABLE_SCOPE_BEGIN|[88]|this|ApexPage.PageMessagesComponentController|true|false
07:44:29.13 (13663716)|VARIABLE_ASSIGNMENT|[88]|this|{}|0x76a2ebd6
07:44:29.13 (13669431)|VARIABLE_SCOPE_BEGIN|[88]|escape|Boolean|false|false
07:44:29.13 (13677096)|VARIABLE_ASSIGNMENT|[88]|escape|null
07:44:29.0 (13855142)|SYSTEM_MODE_ENTER|true
07:44:29.0 (13877592)|HEAP_ALLOCATE|[EXTERNAL]|Bytes:11
07:44:29.0 (13890352)|HEAP_ALLOCATE|[EXTERNAL]|Bytes:304
07:44:29.0 (13895479)|HEAP_ALLOCATE|[EXTERNAL]|Bytes:98
07:44:29.0 (13899029)|HEAP_ALLOCATE|[EXTERNAL]|Bytes:14
07:44:29.0 (13909912)|METHOD_ENTRY|[1]|01p0a000004sKzV|PAW_New_EditCntrllr.PAW_New_EditCntrllr()
07:44:29.0 (13914808)|STATEMENT_EXECUTE|[1]
07:44:29.0 (13917953)|STATEMENT_EXECUTE|[1]
07:44:29.0 (13919190)|STATEMENT_EXECUTE|[3]
07:44:29.0 (14013898)|VARIABLE_SCOPE_BEGIN|[3]|PAW_YearEnd_Config.setting|Year_End_PAW_Settings__c|true|true
07:44:29.0 (14027285)|HEAP_ALLOCATE|[3]|Bytes:1
07:44:29.0 (14033379)|HEAP_ALLOCATE|[3]|Bytes:1
07:44:29.0 (14074878)|METHOD_ENTRY|[1]|01p29000000Aswf|PAW_YearEnd_Config.PAW_YearEnd_Config()
07:44:29.0 (14079915)|STATEMENT_EXECUTE|[1]
07:44:29.0 (14082170)|STATEMENT_EXECUTE|[1]
07:44:29.0 (14094432)|SYSTEM_MODE_ENTER|false
07:44:29.0 (14100590)|HEAP_ALLOCATE|[3]|Bytes:5
07:44:29.0 (14107247)|SYSTEM_MODE_EXIT|false
07:44:29.0 (14114661)|METHOD_EXIT|[1]|PAW_YearEnd_Config
07:44:29.0 (14124438)|METHOD_ENTRY|[3]|01p29000000Aswf|PAW_YearEnd_Config.fetch()
07:44:29.0 (14146883)|SYSTEM_MODE_ENTER|false
07:44:29.0 (14151093)|HEAP_ALLOCATE|[6]|Bytes:5
07:44:29.0 (14155169)|STATEMENT_EXECUTE|[5]
07:44:29.0 (14158576)|STATEMENT_EXECUTE|[7]
07:44:29.0 (14861592)|HEAP_ALLOCATE|[7]|Bytes:20
07:44:29.0 (14907759)|VARIABLE_ASSIGNMENT|[7]|PAW_YearEnd_Config.setting|{"IsDeleted":false,"Name":"Year End PAW Setting (11 more) ...","SetupOwnerId":"00529000000zYiyAAE","Year_End_Mode_Enable (4 more) ...":false}|0x36fc4380
07:44:29.0 (14915791)|STATEMENT_EXECUTE|[9]
07:44:29.0 (14919368)|HEAP_ALLOCATE|[9]|Bytes:14
07:44:29.0 (15055858)|HEAP_ALLOCATE|[9]|Bytes:145
07:44:29.0 (15101494)|HEAP_ALLOCATE|[9]|Bytes:159
07:44:29.0 (15123749)|USER_DEBUG|[9]|DEBUG|>>> setting : Year_End_PAW_Settings__c:{IsDeleted=false, Name=Year End PAW Settings (Profile), SetupOwnerId=00529000000zYiyAAE, Year_End_Mode_Enabled__c=false}
07:44:29.0 (15132994)|STATEMENT_EXECUTE|[10]
07:44:29.0 (15138260)|SYSTEM_MODE_EXIT|false
07:44:29.0 (15145655)|METHOD_EXIT|[3]|01p29000000Aswf|PAW_YearEnd_Config.fetch()
07:44:29.0 (15179363)|VARIABLE_ASSIGNMENT|[3]|PAW_New_EditCntrllr.yearEndMode|false
07:44:29.0 (15184082)|STATEMENT_EXECUTE|[523]
07:44:29.0 (15188767)|METHOD_EXIT|[1]|PAW_New_EditCntrllr
07:44:29.0 (15563059)|SYSTEM_MODE_ENTER|true
07:44:29.0 (16089489)|SYSTEM_MODE_ENTER|true
07:44:29.0 (16133646)|HEAP_ALLOCATE|[EXTERNAL]|Bytes:476
07:44:29.0 (16144031)|HEAP_ALLOCATE|[EXTERNAL]|Bytes:71
07:44:29.0 (19773528)|SYSTEM_MODE_ENTER|true
07:44:29.0 (19827419)|SYSTEM_MODE_ENTER|true
07:44:29.0 (24167016)|SYSTEM_MODE_ENTER|true
07:44:29.0 (24408040)|HEAP_ALLOCATE|[EXTERNAL]|Bytes:112
07:44:29.0 (24417464)|VARIABLE_SCOPE_BEGIN|[215]|this|PAW_New_EditCntrllr|true|false
07:44:29.0 (24521391)|VARIABLE_ASSIGNMENT|[215]|this|{"cmpnyRateAdjstmntMap":"0x7509248f","estmtCnrgDaysMap":"0x357af76a","estmtCvrgeDaysObj":"0x79613433","faciltyOptions":"0x5e70e62d","fcltyPrgmMap":"0x62618c30","fcltyPrgrmOptions":"0x42f6b1","idToOwnershipFacilit (4 more) ...":"0x70729a26","idToTypeFacilityMap":"0x296a4b8b","insrncBnftMap":"0x4784529a","insrncBnftOptions":"0x5064d3a5","isIop":false,"isTalbott":false,"meta":"0x34a3d025","oppId":"00629000004NTeZ","pawObj":"0x4f6ef329","ptntInsrnceOptions":"0x2a1b78dc","ptntInsrncMap":"0x5c946fc1","ptntInsrncObj":"0x3bb46bf5","quoteObj":"0x769cae8e","recordId":"00629000004NTeZ","rtAdjstmntOptions":"0x4ed3fccf","showPILookup":false,"sObjectQueryStr":"","wrprObj":"0x74ecd16f"}|0xff269c8
07:44:29.0 (24541379)|STATEMENT_EXECUTE|[215]
07:44:29.0 (24543241)|STATEMENT_EXECUTE|[216]
07:44:29.0 (24586752)|STATEMENT_EXECUTE|[217]
07:44:29.0 (24597615)|HEAP_ALLOCATE|[217]|Bytes:12
07:44:29.0 (24642907)|HEAP_ALLOCATE|[EXTERNAL]|Bytes:4
07:44:29.0 (24714373)|VARIABLE_ASSIGNMENT|[EXTERNAL]|this|{"cmpnyRateAdjstmntMap":"0x7509248f","estmtCnrgDaysMap":"0x357af76a","estmtCvrgeDaysObj":"0x79613433","faciltyOptions":"0x5e70e62d","fcltyPrgmMap":"0x62618c30","fcltyPrgrmOptions":"0x42f6b1","idToOwnershipFacilit (4 more) ...":"0x70729a26","idToTypeFacilityMap":"0x296a4b8b","insrncBnftMap":"0x4784529a","insrncBnftOptions":"0x5064d3a5","isIop":false,"isTalbott":false,"meta":"0x34a3d025","oppId":"00629000004NTeZ","pawObj":"0x4f6ef329","ptntInsrnceOptions":"0x2a1b78dc","ptntInsrncMap":"0x5c946fc1","ptntInsrncObj":"0x3bb46bf5","quoteObj":"0x769cae8e","recordId":"00629000004NTeZ","rtAdjstmntOptions":"0x4ed3fccf","showPILookup":false,"sObjectQueryStr":"","wrprObj":"0x74ecd16f"}|0xff269c8
07:44:29.0 (24732730)|STATEMENT_EXECUTE|[218]
07:44:29.0 (24733878)|STATEMENT_EXECUTE|[219]
07:44:29.0 (24767345)|HEAP_ALLOCATE|[219]|Bytes:4
07:44:29.0 (24772996)|HEAP_ALLOCATE|[219]|Bytes:1083
07:44:29.0 (24784082)|HEAP_ALLOCATE|[219]|Bytes:4
07:44:29.0 (24795481)|HEAP_ALLOCATE|[219]|Bytes:7
07:44:29.0 (24855469)|VARIABLE_ASSIGNMENT|[EXTERNAL]|this|{"cmpnyRateAdjstmntMap":"0x7509248f","estmtCnrgDaysMap":"0x357af76a","estmtCvrgeDaysObj":"0x79613433","faciltyOptions":"0x5e70e62d","fcltyPrgmMap":"0x62618c30","fcltyPrgrmOptions":"0x42f6b1","idToOwnershipFacilit (4 more) ...":"0x70729a26","idToTypeFacilityMap":"0x296a4b8b","insrncBnftMap":"0x4784529a","insrncBnftOptions":"0x5064d3a5","isIop":false,"isTalbott":false,"meta":"0x34a3d025","oppId":"00629000004NTeZ","pawObj":"0x4f6ef329","ptntInsrnceOptions":"0x2a1b78dc","ptntInsrncMap":"0x5c946fc1","ptntInsrncObj":"0x3bb46bf5","quoteObj":"0x769cae8e","recordId":"00629000004NTeZ","rtAdjstmntOptions":"0x4ed3fccf","showPILookup":false,"sObjectQueryStr":"","wrprObj":"0x74ecd16f"}|0xff269c8
07:44:29.0 (26232933)|SOQL_EXECUTE_BEGIN|[219]|Aggregations:0|SELECT Id, Name, RecordType.Name, Uncovered_Charges__c, Patient_Insurance__r.Accepts_Assignment_of_Benefits__c, Patient_Insurance__r.Opportunity__c, Patient_Insurance__r.Accreditation__c, Patient_Insurance__r.Insurance_Company__r.Name, PHP_Admit_Co_Payment__c, Detox_Admit_Co_Payment__c, RTC_Admit_Co_Payment__c, Deductible__c, Deductible_Met__c, IOP_Admit_Co_Payment__c, Max_Out_of_Pocket_Remaining__c, Insurance_Company_is_Out_of_Network__c, Annual_Max_Remaining__c, Deductible_Remaining__c, Detox_Pays_at__c, Detox_Over__c, RTC_Pays_at__c, Residential_Treatment_Override__c, PHP_Pays_at__c, Partial_Hospitalization_Override__c, IOP_Pays_at__c, Intensive_Outpatient_Override__c, Num_Days_Uncovered__c, Num_Days_Room__c, Uncovered_Days_Rate__c, Room_and_Board_Days_Rate__c, Uncovered_Days_Override__c, Room_and_Board_Days_Override__c, Deductible_Included_in_OOP__c, Uncovered_Days__c, Lifetime_Max__c, Lifetime_Max_Met__c, Annual_Max__c, Annual_Max_Met__c, Max_Out_of_Pocket__c, Max_Out_of_Pocket_Met__c, Co_Pay_Met__c FROM Insurance_Benefit__c WHERE Patient_Insurance__c = :tmpVar1
07:44:29.0 (44641192)|SOQL_EXECUTE_END|[219]|Rows:2
07:44:29.0 (44676687)|HEAP_ALLOCATE|[219]|Bytes:12
07:44:29.0 (44732403)|HEAP_ALLOCATE|[219]|Bytes:2986
07:44:29.0 (44797610)|HEAP_ALLOCATE|[219]|Bytes:12
07:44:29.0 (44849648)|HEAP_ALLOCATE|[219]|Bytes:108
07:44:29.0 (44861776)|HEAP_ALLOCATE|[219]|Bytes:4
07:44:29.0 (44867902)|HEAP_ALLOCATE|[219]|Bytes:108
07:44:29.0 (44873726)|HEAP_ALLOCATE|[219]|Bytes:4
07:44:29.0 (44969819)|VARIABLE_ASSIGNMENT|[219]|this.insrncBnftMap|{"a1H29000000pRTUEA2":{"Id":"a1H29000000pRTUEA2","Name":"Insurance Benefit 75 (2 more) ...","RecordTypeId":"012j00000015GS6AAM","Patient_Insurance__c":"a1b29000000lvHQAAY","PHP_Admit_Co_Payment (3 more) ...":0.00,"Deductible__c":5000.00,"Deductible_Met__c":0.00,"Max_Out_of_Pocket_Re (10 more) ...":10000.00,"Insurance_Company_is (18 more) ...":false,"Annual_Max_Remaining (3 more) ...":1000000,"Deductible_Remaining (3 more) ...":5000.00,"Detox_Pays_at__c":80.00,"RTC_Pays_at__c":80.00,"PHP_Pays_at__c":80.00,"IOP_Pays_at__c":80.00,"Uncovered_Days_Rate_ (2 more) ...":630.00,"Room_and_Board_Days_ (7 more) ...":2000.00,"Deductible_Included_ (9 more) ...":"Yes","Lifetime_Max__c":1000000.00,"Lifetime_Max_Met__c":0.00,"Annual_Max__c":1000000.00,"Annual_Max_Met__c":0.00,"Max_Out_of_Pocket__c":10000.00,"Max_Out_of_Pocket_Me (4 more) ...":0.00,"RecordType":{"Name":"In Network","Id":"012j00000015GS6AAM"},"Patient_Insurance__r":{"Opportunity__c":"00629000004NTeZAAW","Accreditation__c":"State","Insurance_Company__c":"0012900000AXSP3AAP","Id":"a1b29000000lvHQAAY","Insurance_Company__r":{"Name":"Value Options/Beacon (7 more) ...","Id":"0012900000AXSP3AAP","RecordTypeId":"012j00000015GRqAAM"}}},"a1H29000000pRTZEA2":{"Id":"a1H29000000pRTZEA2","Name":"Insurance Benefit 75 (2 more) ...","RecordTypeId":"012j00000015GS7AAM","Patient_Insurance__c":"a1b29000000lvHQAAY","PHP_Admit_Co_Payment (3 more) ...":0.00,"Deductible__c":10000.00,"Deductible_Met__c":0.00,"Max_Out_of_Pocket_Re (10 more) ...":20000.00,"Insurance_Company_is (18 more) ...":false,"Annual_Max_Remaining (3 more) ...":1000000,"Deductible_Remaining (3 more) ...":10000.00,"Detox_Pays_at__c":60.00,"RTC_Pays_at__c":60.00,"PHP_Pays_at__c":60.00,"IOP_Pays_at__c":60.00,"Uncovered_Days_Rate_ (2 more) ...":630.00,"Room_and_Board_Days_ (7 more) ...":2000.00,"Deductible_Included_ (9 more) ...":"Yes","Lifetime_Max__c":1000000.00,"Lifetime_Max_Met__c":0.00,"Annual_Max__c":1000000.00,"Annual_Max_Met__c":0.00,"Max_Out_of_Pocket__c":20000.00,"Max_Out_of_Pocket_Me (4 more) ...":0.00,"RecordType":{"Name":"Out of Network","Id":"012j00000015GS7AAM"},"Patient_Insurance__r":{"Opportunity__c":"00629000004NTeZAAW","Accreditation__c":"State","Insurance_Company__c":"0012900000AXSP3AAP","Id":"a1b29000000lvHQAAY","Insurance_Company__r":{"Name":"Value Options/Beacon (7 more) ...","Id":"0012900000AXSP3AAP","RecordTypeId":"012j00000015GRqAAM"}}}}|0xff269c8
07:44:29.0 (45050885)|HEAP_ALLOCATE|[EXTERNAL]|Bytes:12
07:44:29.0 (45095131)|HEAP_ALLOCATE|[263]|Bytes:2996
07:44:29.0 (45229258)|HEAP_ALLOCATE|[263]|Bytes:5
07:44:29.0 (45245250)|HEAP_ALLOCATE|[263]|Bytes:108
07:44:29.0 (45255259)|VARIABLE_SCOPE_BEGIN|[263]|insrncBnftInstance|Insurance_Benefit__c|true|false
07:44:29.0 (45293435)|VARIABLE_ASSIGNMENT|[263]|insrncBnftInstance|{"Id":"a1H29000000pRTUEA2","Name":"Insurance Benefit 75 (2 more) ...","RecordTypeId":"012j00000015GS6AAM","Patient_Insurance__c":"a1b29000000lvHQAAY","PHP_Admit_Co_Payment (3 more) ...":0.00,"Deductible__c":5000.00,"Deductible_Met__c":0.00,"Max_Out_of_Pocket_Re (10 more) ...":10000.00,"Insurance_Company_is (18 more) ...":false,"Annual_Max_Remaining (3 more) ...":1000000,"Deductible_Remaining (3 more) ...":5000.00,"Detox_Pays_at__c":80.00,"RTC_Pays_at__c":80.00,"PHP_Pays_at__c":80.00,"IOP_Pays_at__c":80.00,"Uncovered_Days_Rate_ (2 more) ...":630.00,"Room_and_Board_Days_ (7 more) ...":2000.00,"Deductible_Included_ (9 more) ...":"Yes","Lifetime_Max__c":1000000.00,"Lifetime_Max_Met__c":0.00,"Annual_Max__c":1000000.00,"Annual_Max_Met__c":0.00,"Max_Out_of_Pocket__c":10000.00,"Max_Out_of_Pocket_Me (4 more) ...":0.00,"RecordType":{"Name":"In Network","Id":"012j00000015GS6AAM"},"Patient_Insurance__r":{"Opportunity__c":"00629000004NTeZAAW","Accreditation__c":"State","Insurance_Company__c":"0012900000AXSP3AAP","Id":"a1b29000000lvHQAAY","Insurance_Company__r":{"Name":"Value Options/Beacon (7 more) ...","Id":"0012900000AXSP3AAP","RecordTypeId":"012j00000015GRqAAM"}}}|0x1e159e99
07:44:29.0 (45317097)|STATEMENT_EXECUTE|[263]
07:44:29.0 (45318748)|STATEMENT_EXECUTE|[264]
07:44:29.0 (45366994)|HEAP_ALLOCATE|[264]|Bytes:18
07:44:29.0 (45418146)|HEAP_ALLOCATE|[264]|Bytes:3
07:44:29.0 (45435677)|HEAP_ALLOCATE|[264]|Bytes:35
07:44:29.0 (45494274)|HEAP_ALLOCATE|[EXTERNAL]|Bytes:4
07:44:29.0 (45507561)|HEAP_ALLOCATE|[263]|Bytes:5
07:44:29.0 (45516843)|HEAP_ALLOCATE|[263]|Bytes:108
07:44:29.0 (45522691)|VARIABLE_SCOPE_BEGIN|[263]|insrncBnftInstance|Insurance_Benefit__c|true|false
07:44:29.0 (45557228)|VARIABLE_ASSIGNMENT|[263]|insrncBnftInstance|{"Id":"a1H29000000pRTZEA2","Name":"Insurance Benefit 75 (2 more) ...","RecordTypeId":"012j00000015GS7AAM","Patient_Insurance__c":"a1b29000000lvHQAAY","PHP_Admit_Co_Payment (3 more) ...":0.00,"Deductible__c":10000.00,"Deductible_Met__c":0.00,"Max_Out_of_Pocket_Re (10 more) ...":20000.00,"Insurance_Company_is (18 more) ...":false,"Annual_Max_Remaining (3 more) ...":1000000,"Deductible_Remaining (3 more) ...":10000.00,"Detox_Pays_at__c":60.00,"RTC_Pays_at__c":60.00,"PHP_Pays_at__c":60.00,"IOP_Pays_at__c":60.00,"Uncovered_Days_Rate_ (2 more) ...":630.00,"Room_and_Board_Days_ (7 more) ...":2000.00,"Deductible_Included_ (9 more) ...":"Yes","Lifetime_Max__c":1000000.00,"Lifetime_Max_Met__c":0.00,"Annual_Max__c":1000000.00,"Annual_Max_Met__c":0.00,"Max_Out_of_Pocket__c":20000.00,"Max_Out_of_Pocket_Me (4 more) ...":0.00,"RecordType":{"Name":"Out of Network","Id":"012j00000015GS7AAM"},"Patient_Insurance__r":{"Opportunity__c":"00629000004NTeZAAW","Accreditation__c":"State","Insurance_Company__c":"0012900000AXSP3AAP","Id":"a1b29000000lvHQAAY","Insurance_Company__r":{"Name":"Value Options/Beacon (7 more) ...","Id":"0012900000AXSP3AAP","RecordTypeId":"012j00000015GRqAAM"}}}|0x779f99c3
07:44:29.0 (45575733)|STATEMENT_EXECUTE|[263]
07:44:29.0 (45576843)|STATEMENT_EXECUTE|[264]
07:44:29.0 (45588093)|HEAP_ALLOCATE|[264]|Bytes:18
07:44:29.0 (45604610)|HEAP_ALLOCATE|[264]|Bytes:39
07:44:29.0 (45615350)|HEAP_ALLOCATE|[EXTERNAL]|Bytes:4
07:44:29.0 (45624363)|HEAP_ALLOCATE|[263]|Bytes:5
07:44:29.0 (45632232)|VARIABLE_ASSIGNMENT|[263]|insrncBnftInstance|null|
07:44:29.0 (45735973)|VARIABLE_ASSIGNMENT|[EXTERNAL]|this|{"cmpnyRateAdjstmntMap":"0x7509248f","estmtCnrgDaysMap":"0x357af76a","estmtCvrgeDaysObj":"0x79613433","faciltyOptions":"0x5e70e62d","fcltyPrgmMap":"0x62618c30","fcltyPrgrmOptions":"0x42f6b1","idToOwnershipFacilit (4 more) ...":"0x70729a26","idToTypeFacilityMap":"0x296a4b8b","insrncBnftMap":"0x21a42348","insrncBnftOptions":"0x5064d3a5","isIop":false,"isTalbott":false,"meta":"0x34a3d025","oppId":"00629000004NTeZ","pawObj":"0x4f6ef329","ptntInsrnceOptions":"0x2a1b78dc","ptntInsrncMap":"0x5c946fc1","ptntInsrncObj":"0x3bb46bf5","quoteObj":"0x769cae8e","recordId":"00629000004NTeZ","rtAdjstmntOptions":"0x4ed3fccf","showPILookup":false,"sObjectQueryStr":"","wrprObj":"0x74ecd16f"}|0xff269c8
07:44:29.0 (45811477)|VARIABLE_ASSIGNMENT|[EXTERNAL]|this|{"facilitySelected":"001j000000NqKMtAAN","fcltyPrgrmSelected":"a1B290000003SEdEAM","insrncBnft":"0x348bf187","insrncBnftSelected":"a1H29000000pRTUEA2","pawDetailListDisplay (4 more) ...":false,"pyAgrmntWrksht":"0x34b2f83d","rateAdjstmntSelected":"a1I29000000HR5FEAW","relatedPAWDetailsLis (1 more) ...":"0x47c84697","targetEDR":0.00,"totalAppliedDeductib (2 more) ...":0.00,"totalCoInsurance":0.00,"totalCoPayAmt":0.00,"totalInsCoResp":0.00,"totalInsEIVAmt":0.00,"totalRowCount":20,"totalTalbottDay":0}|0x74ecd16f
07:44:29.0 (45873020)|VARIABLE_ASSIGNMENT|[EXTERNAL]|this|{"cmpnyRateAdjstmntMap":"0x7509248f","estmtCnrgDaysMap":"0x357af76a","estmtCvrgeDaysObj":"0x79613433","faciltyOptions":"0x5e70e62d","fcltyPrgmMap":"0x62618c30","fcltyPrgrmOptions":"0x42f6b1","idToOwnershipFacilit (4 more) ...":"0x70729a26","idToTypeFacilityMap":"0x296a4b8b","insrncBnftMap":"0x21a42348","insrncBnftOptions":"0x5064d3a5","isIop":false,"isTalbott":false,"meta":"0x34a3d025","oppId":"00629000004NTeZ","pawObj":"0x4f6ef329","ptntInsrnceOptions":"0x2a1b78dc","ptntInsrncMap":"0x5c946fc1","ptntInsrncObj":"0x3bb46bf5","quoteObj":"0x769cae8e","recordId":"00629000004NTeZ","rtAdjstmntOptions":"0x4ed3fccf","showPILookup":false,"sObjectQueryStr":"","wrprObj":"0x74ecd16f"}|0xff269c8
07:44:29.0 (45921769)|VARIABLE_ASSIGNMENT|[EXTERNAL]|this|{"facilitySelected":"001j000000NqKMtAAN","fcltyPrgrmSelected":"a1B290000003SEdEAM","insrncBnft":"0x348bf187","insrncBnftSelected":"a1H29000000pRTUEA2","pawDetailListDisplay (4 more) ...":false,"pyAgrmntWrksht":"0x34b2f83d","rateAdjstmntSelected":"a1I29000000HR5FEAW","relatedPAWDetailsLis (1 more) ...":"0x47c84697","targetEDR":0.00,"totalAppliedDeductib (2 more) ...":0.00,"totalCoInsurance":0.00,"totalCoPayAmt":0.00,"totalInsCoResp":0.00,"totalInsEIVAmt":0.00,"totalRowCount":20,"totalTalbottDay":0}|0x74ecd16f
07:44:29.0 (45959738)|STATEMENT_EXECUTE|[267]
07:44:29.0 (45961334)|STATEMENT_EXECUTE|[268]
07:44:29.0 (46017119)|VARIABLE_ASSIGNMENT|[EXTERNAL]|this|{"cmpnyRateAdjstmntMap":"0x7509248f","estmtCnrgDaysMap":"0x357af76a","estmtCvrgeDaysObj":"0x79613433","faciltyOptions":"0x5e70e62d","fcltyPrgmMap":"0x62618c30","fcltyPrgrmOptions":"0x42f6b1","idToOwnershipFacilit (4 more) ...":"0x70729a26","idToTypeFacilityMap":"0x296a4b8b","insrncBnftMap":"0x21a42348","insrncBnftOptions":"0x5064d3a5","isIop":false,"isTalbott":false,"meta":"0x34a3d025","oppId":"00629000004NTeZ","pawObj":"0x4f6ef329","ptntInsrnceOptions":"0x2a1b78dc","ptntInsrncMap":"0x5c946fc1","ptntInsrncObj":"0x3bb46bf5","quoteObj":"0x769cae8e","recordId":"00629000004NTeZ","rtAdjstmntOptions":"0x4ed3fccf","showPILookup":false,"sObjectQueryStr":"","wrprObj":"0x74ecd16f"}|0xff269c8
07:44:29.0 (46064604)|VARIABLE_ASSIGNMENT|[EXTERNAL]|this|{"facilitySelected":"001j000000NqKMtAAN","fcltyPrgrmSelected":"a1B290000003SEdEAM","insrncBnft":"0x348bf187","insrncBnftSelected":"a1H29000000pRTUEA2","pawDetailListDisplay (4 more) ...":false,"pyAgrmntWrksht":"0x34b2f83d","rateAdjstmntSelected":"a1I29000000HR5FEAW","relatedPAWDetailsLis (1 more) ...":"0x47c84697","targetEDR":0.00,"totalAppliedDeductib (2 more) ...":0.00,"totalCoInsurance":0.00,"totalCoPayAmt":0.00,"totalInsCoResp":0.00,"totalInsEIVAmt":0.00,"totalRowCount":20,"totalTalbottDay":0}|0x74ecd16f
07:44:29.0 (46144216)|VARIABLE_ASSIGNMENT|[EXTERNAL]|this|{"cmpnyRateAdjstmntMap":"0x7509248f","estmtCnrgDaysMap":"0x357af76a","estmtCvrgeDaysObj":"0x79613433","faciltyOptions":"0x5e70e62d","fcltyPrgmMap":"0x62618c30","fcltyPrgrmOptions":"0x42f6b1","idToOwnershipFacilit (4 more) ...":"0x70729a26","idToTypeFacilityMap":"0x296a4b8b","insrncBnftMap":"0x21a42348","insrncBnftOptions":"0x5064d3a5","isIop":false,"isTalbott":false,"meta":"0x34a3d025","oppId":"00629000004NTeZ","pawObj":"0x4f6ef329","ptntInsrnceOptions":"0x2a1b78dc","ptntInsrncMap":"0x5c946fc1","ptntInsrncObj":"0x3bb46bf5","quoteObj":"0x769cae8e","recordId":"00629000004NTeZ","rtAdjstmntOptions":"0x4ed3fccf","showPILookup":false,"sObjectQueryStr":"","wrprObj":"0x74ecd16f"}|0xff269c8
07:44:29.0 (46193260)|VARIABLE_ASSIGNMENT|[EXTERNAL]|this|{"facilitySelected":"001j000000NqKMtAAN","fcltyPrgrmSelected":"a1B290000003SEdEAM","insrncBnft":"0x348bf187","insrncBnftSelected":"a1H29000000pRTUEA2","pawDetailListDisplay (4 more) ...":false,"pyAgrmntWrksht":"0x34b2f83d","rateAdjstmntSelected":"a1I29000000HR5FEAW","relatedPAWDetailsLis (1 more) ...":"0x47c84697","targetEDR":0.00,"totalAppliedDeductib (2 more) ...":0.00,"totalCoInsurance":0.00,"totalCoPayAmt":0.00,"totalInsCoResp":0.00,"totalInsEIVAmt":0.00,"totalRowCount":20,"totalTalbottDay":0}|0x74ecd16f
07:44:29.0 (46229534)|VARIABLE_ASSIGNMENT|[EXTERNAL]|value|{"Id":"a1H29000000pRTUEA2","Name":"Insurance Benefit 75 (2 more) ...","RecordTypeId":"012j00000015GS6AAM","Patient_Insurance__c":"a1b29000000lvHQAAY","PHP_Admit_Co_Payment (3 more) ...":0.00,"Deductible__c":5000.00,"Deductible_Met__c":0.00,"Max_Out_of_Pocket_Re (10 more) ...":10000.00,"Insurance_Company_is (18 more) ...":false,"Annual_Max_Remaining (3 more) ...":1000000,"Deductible_Remaining (3 more) ...":5000.00,"Detox_Pays_at__c":80.00,"RTC_Pays_at__c":80.00,"PHP_Pays_at__c":80.00,"IOP_Pays_at__c":80.00,"Uncovered_Days_Rate_ (2 more) ...":630.00,"Room_and_Board_Days_ (7 more) ...":2000.00,"Deductible_Included_ (9 more) ...":"Yes","Lifetime_Max__c":1000000.00,"Lifetime_Max_Met__c":0.00,"Annual_Max__c":1000000.00,"Annual_Max_Met__c":0.00,"Max_Out_of_Pocket__c":10000.00,"Max_Out_of_Pocket_Me (4 more) ...":0.00,"RecordType":{"Name":"In Network","Id":"012j00000015GS6AAM"},"Patient_Insurance__r":{"Opportunity__c":"00629000004NTeZAAW","Accreditation__c":"State","Insurance_Company__c":"0012900000AXSP3AAP","Id":"a1b29000000lvHQAAY","Insurance_Company__r":{"Name":"Value Options/Beacon (7 more) ...","Id":"0012900000AXSP3AAP","RecordTypeId":"012j00000015GRqAAM"}}}|0x1e159e99
07:44:29.0 (46270903)|VARIABLE_ASSIGNMENT|[525]|this.insrncBnft|{"Id":"a1H29000000pRTUEA2","Name":"Insurance Benefit 75 (2 more) ...","RecordTypeId":"012j00000015GS6AAM","Patient_Insurance__c":"a1b29000000lvHQAAY","PHP_Admit_Co_Payment (3 more) ...":0.00,"Deductible__c":5000.00,"Deductible_Met__c":0.00,"Max_Out_of_Pocket_Re (10 more) ...":10000.00,"Insurance_Company_is (18 more) ...":false,"Annual_Max_Remaining (3 more) ...":1000000,"Deductible_Remaining (3 more) ...":5000.00,"Detox_Pays_at__c":80.00,"RTC_Pays_at__c":80.00,"PHP_Pays_at__c":80.00,"IOP_Pays_at__c":80.00,"Uncovered_Days_Rate_ (2 more) ...":630.00,"Room_and_Board_Days_ (7 more) ...":2000.00,"Deductible_Included_ (9 more) ...":"Yes","Lifetime_Max__c":1000000.00,"Lifetime_Max_Met__c":0.00,"Annual_Max__c":1000000.00,"Annual_Max_Met__c":0.00,"Max_Out_of_Pocket__c":10000.00,"Max_Out_of_Pocket_Me (4 more) ...":0.00,"RecordType":{"Name":"In Network","Id":"012j00000015GS6AAM"},"Patient_Insurance__r":{"Opportunity__c":"00629000004NTeZAAW","Accreditation__c":"State","Insurance_Company__c":"0012900000AXSP3AAP","Id":"a1b29000000lvHQAAY","Insurance_Company__r":{"Name":"Value Options/Beacon (7 more) ...","Id":"0012900000AXSP3AAP","RecordTypeId":"012j00000015GRqAAM"}}}|0x74ecd16f
07:44:29.0 (46291574)|STATEMENT_EXECUTE|[272]
07:44:29.0 (46900418)|SYSTEM_MODE_ENTER|true
07:44:29.0 (47040746)|SYSTEM_MODE_ENTER|true
07:44:29.0 (47079574)|HEAP_ALLOCATE|[EXTERNAL]|Bytes:112
07:44:29.0 (47087789)|VARIABLE_SCOPE_BEGIN|[379]|this|PAW_New_EditCntrllr|true|false
07:44:29.0 (47150493)|VARIABLE_ASSIGNMENT|[379]|this|{"cmpnyRateAdjstmntMap":"0x7509248f","estmtCnrgDaysMap":"0x357af76a","estmtCvrgeDaysObj":"0x79613433","faciltyOptions":"0x5e70e62d","fcltyPrgmMap":"0x62618c30","fcltyPrgrmOptions":"0x42f6b1","idToOwnershipFacilit (4 more) ...":"0x70729a26","idToTypeFacilityMap":"0x296a4b8b","insrncBnftMap":"0x21a42348","insrncBnftOptions":"0x5064d3a5","isIop":false,"isTalbott":false,"meta":"0x34a3d025","oppId":"00629000004NTeZ","pawObj":"0x4f6ef329","ptntInsrnceOptions":"0x2a1b78dc","ptntInsrncMap":"0x5c946fc1","ptntInsrncObj":"0x3bb46bf5","quoteObj":"0x769cae8e","recordId":"00629000004NTeZ","rtAdjstmntOptions":"0x4ed3fccf","showPILookup":false,"sObjectQueryStr":"","wrprObj":"0x74ecd16f"}|0xff269c8
07:44:29.0 (47167928)|STATEMENT_EXECUTE|[379]
07:44:29.0 (47169817)|STATEMENT_EXECUTE|[380]
07:44:29.0 (47180476)|HEAP_ALLOCATE|[380]|Bytes:4
07:44:29.0 (47230279)|HEAP_ALLOCATE|[EXTERNAL]|Bytes:4
07:44:29.0 (47239618)|VARIABLE_ASSIGNMENT|[380]|this.rtAdjstmntOptions|[]|0xff269c8
07:44:29.0 (47244318)|STATEMENT_EXECUTE|[381]
07:44:29.0 (47249935)|HEAP_ALLOCATE|[381]|Bytes:8
07:44:29.0 (47289521)|HEAP_ALLOCATE|[EXTERNAL]|Bytes:4
07:44:29.0 (47356692)|VARIABLE_ASSIGNMENT|[EXTERNAL]|this|{"cmpnyRateAdjstmntMap":"0x7509248f","estmtCnrgDaysMap":"0x357af76a","estmtCvrgeDaysObj":"0x79613433","faciltyOptions":"0x5e70e62d","fcltyPrgmMap":"0x62618c30","fcltyPrgrmOptions":"0x42f6b1","idToOwnershipFacilit (4 more) ...":"0x70729a26","idToTypeFacilityMap":"0x296a4b8b","insrncBnftMap":"0x21a42348","insrncBnftOptions":"0x5064d3a5","isIop":false,"isTalbott":false,"meta":"0x34a3d025","oppId":"00629000004NTeZ","pawObj":"0x4f6ef329","ptntInsrnceOptions":"0x2a1b78dc","ptntInsrncMap":"0x5c946fc1","ptntInsrncObj":"0x3bb46bf5","quoteObj":"0x769cae8e","recordId":"00629000004NTeZ","rtAdjstmntOptions":"0x20e2d649","showPILookup":false,"sObjectQueryStr":"","wrprObj":"0x74ecd16f"}|0xff269c8
07:44:29.0 (47413365)|VARIABLE_ASSIGNMENT|[EXTERNAL]|this|{"facilitySelected":"001j000000NqKMtAAN","fcltyPrgrmSelected":"a1B290000003SEdEAM","insrncBnft":"0x1e159e99","insrncBnftSelected":"a1H29000000pRTUEA2","pawDetailListDisplay (4 more) ...":false,"pyAgrmntWrksht":"0x34b2f83d","rateAdjstmntSelected":"a1I29000000HR5FEAW","relatedPAWDetailsLis (1 more) ...":"0x47c84697","targetEDR":0.00,"totalAppliedDeductib (2 more) ...":0.00,"totalCoInsurance":0.00,"totalCoPayAmt":0.00,"totalInsCoResp":0.00,"totalInsEIVAmt":0.00,"totalRowCount":20,"totalTalbottDay":0}|0x74ecd16f
07:44:29.0 (47472962)|VARIABLE_ASSIGNMENT|[EXTERNAL]|this|{"cmpnyRateAdjstmntMap":"0x7509248f","estmtCnrgDaysMap":"0x357af76a","estmtCvrgeDaysObj":"0x79613433","faciltyOptions":"0x5e70e62d","fcltyPrgmMap":"0x62618c30","fcltyPrgrmOptions":"0x42f6b1","idToOwnershipFacilit (4 more) ...":"0x70729a26","idToTypeFacilityMap":"0x296a4b8b","insrncBnftMap":"0x21a42348","insrncBnftOptions":"0x5064d3a5","isIop":false,"isTalbott":false,"meta":"0x34a3d025","oppId":"00629000004NTeZ","pawObj":"0x4f6ef329","ptntInsrnceOptions":"0x2a1b78dc","ptntInsrncMap":"0x5c946fc1","ptntInsrncObj":"0x3bb46bf5","quoteObj":"0x769cae8e","recordId":"00629000004NTeZ","rtAdjstmntOptions":"0x20e2d649","showPILookup":false,"sObjectQueryStr":"","wrprObj":"0x74ecd16f"}|0xff269c8
07:44:29.0 (47519282)|VARIABLE_ASSIGNMENT|[EXTERNAL]|this|{"facilitySelected":"001j000000NqKMtAAN","fcltyPrgrmSelected":"a1B290000003SEdEAM","insrncBnft":"0x1e159e99","insrncBnftSelected":"a1H29000000pRTUEA2","pawDetailListDisplay (4 more) ...":false,"pyAgrmntWrksht":"0x34b2f83d","rateAdjstmntSelected":"a1I29000000HR5FEAW","relatedPAWDetailsLis (1 more) ...":"0x47c84697","targetEDR":0.00,"totalAppliedDeductib (2 more) ...":0.00,"totalCoInsurance":0.00,"totalCoPayAmt":0.00,"totalInsCoResp":0.00,"totalInsEIVAmt":0.00,"totalRowCount":20,"totalTalbottDay":0}|0x74ecd16f
07:44:29.0 (47604791)|VARIABLE_ASSIGNMENT|[EXTERNAL]|this|{"cmpnyRateAdjstmntMap":"0x7509248f","estmtCnrgDaysMap":"0x357af76a","estmtCvrgeDaysObj":"0x79613433","faciltyOptions":"0x5e70e62d","fcltyPrgmMap":"0x62618c30","fcltyPrgrmOptions":"0x42f6b1","idToOwnershipFacilit (4 more) ...":"0x70729a26","idToTypeFacilityMap":"0x296a4b8b","insrncBnftMap":"0x21a42348","insrncBnftOptions":"0x5064d3a5","isIop":false,"isTalbott":false,"meta":"0x34a3d025","oppId":"00629000004NTeZ","pawObj":"0x4f6ef329","ptntInsrnceOptions":"0x2a1b78dc","ptntInsrncMap":"0x5c946fc1","ptntInsrncObj":"0x3bb46bf5","quoteObj":"0x769cae8e","recordId":"00629000004NTeZ","rtAdjstmntOptions":"0x20e2d649","showPILookup":false,"sObjectQueryStr":"","wrprObj":"0x74ecd16f"}|0xff269c8
07:44:29.0 (47621878)|STATEMENT_EXECUTE|[382]
07:44:29.0 (47623141)|STATEMENT_EXECUTE|[383]
07:44:29.0 (47655193)|HEAP_ALLOCATE|[383]|Bytes:4
07:44:29.0 (47661241)|HEAP_ALLOCATE|[383]|Bytes:287
07:44:29.0 (47672129)|HEAP_ALLOCATE|[383]|Bytes:4
07:44:29.0 (47735389)|VARIABLE_ASSIGNMENT|[EXTERNAL]|this|{"cmpnyRateAdjstmntMap":"0x7509248f","estmtCnrgDaysMap":"0x357af76a","estmtCvrgeDaysObj":"0x79613433","faciltyOptions":"0x5e70e62d","fcltyPrgmMap":"0x62618c30","fcltyPrgrmOptions":"0x42f6b1","idToOwnershipFacilit (4 more) ...":"0x70729a26","idToTypeFacilityMap":"0x296a4b8b","insrncBnftMap":"0x21a42348","insrncBnftOptions":"0x5064d3a5","isIop":false,"isTalbott":false,"meta":"0x34a3d025","oppId":"00629000004NTeZ","pawObj":"0x4f6ef329","ptntInsrnceOptions":"0x2a1b78dc","ptntInsrncMap":"0x5c946fc1","ptntInsrncObj":"0x3bb46bf5","quoteObj":"0x769cae8e","recordId":"00629000004NTeZ","rtAdjstmntOptions":"0x20e2d649","showPILookup":false,"sObjectQueryStr":"","wrprObj":"0x74ecd16f"}|0xff269c8
07:44:29.0 (47779748)|HEAP_ALLOCATE|[383]|Bytes:7
07:44:29.0 (47851185)|VARIABLE_ASSIGNMENT|[EXTERNAL]|this|{"cmpnyRateAdjstmntMap":"0x7509248f","estmtCnrgDaysMap":"0x357af76a","estmtCvrgeDaysObj":"0x79613433","faciltyOptions":"0x5e70e62d","fcltyPrgmMap":"0x62618c30","fcltyPrgrmOptions":"0x42f6b1","idToOwnershipFacilit (4 more) ...":"0x70729a26","idToTypeFacilityMap":"0x296a4b8b","insrncBnftMap":"0x21a42348","insrncBnftOptions":"0x5064d3a5","isIop":false,"isTalbott":false,"meta":"0x34a3d025","oppId":"00629000004NTeZ","pawObj":"0x4f6ef329","ptntInsrnceOptions":"0x2a1b78dc","ptntInsrncMap":"0x5c946fc1","ptntInsrncObj":"0x3bb46bf5","quoteObj":"0x769cae8e","recordId":"00629000004NTeZ","rtAdjstmntOptions":"0x20e2d649","showPILookup":false,"sObjectQueryStr":"","wrprObj":"0x74ecd16f"}|0xff269c8
07:44:29.0 (47905835)|VARIABLE_ASSIGNMENT|[EXTERNAL]|this|{"facilitySelected":"001j000000NqKMtAAN","fcltyPrgrmSelected":"a1B290000003SEdEAM","insrncBnft":"0x1e159e99","insrncBnftSelected":"a1H29000000pRTUEA2","pawDetailListDisplay (4 more) ...":false,"pyAgrmntWrksht":"0x34b2f83d","rateAdjstmntSelected":"a1I29000000HR5FEAW","relatedPAWDetailsLis (1 more) ...":"0x47c84697","targetEDR":0.00,"totalAppliedDeductib (2 more) ...":0.00,"totalCoInsurance":0.00,"totalCoPayAmt":0.00,"totalInsCoResp":0.00,"totalInsEIVAmt":0.00,"totalRowCount":20,"totalTalbottDay":0}|0x74ecd16f
07:44:29.0 (48861350)|SOQL_EXECUTE_BEGIN|[383]|Aggregations:0|SELECT Id, Name, Type__c, Rate_Adjustment__c, In_Network_Rate_Adjustment__c, Out_of_Network_Rate_Adjustment__c, Active_Date__c, Term_Date__c FROM Insurance_Company_Rate_Adjustment__c WHERE (Insurance_Company__c = :tmpVar1 AND FRN_Facility__c = :tmpVar2) ORDER BY Type__c DESC NULLS FIRST
07:44:29.0 (64283565)|SOQL_EXECUTE_END|[383]|Rows:2
07:44:29.0 (64327635)|HEAP_ALLOCATE|[383]|Bytes:12
07:44:29.0 (64358554)|HEAP_ALLOCATE|[383]|Bytes:319
07:44:29.0 (64461531)|HEAP_ALLOCATE|[383]|Bytes:12
07:44:29.0 (64523135)|HEAP_ALLOCATE|[383]|Bytes:24
07:44:29.0 (64539658)|HEAP_ALLOCATE|[383]|Bytes:4
07:44:29.0 (64549088)|HEAP_ALLOCATE|[383]|Bytes:24
07:44:29.0 (64556018)|HEAP_ALLOCATE|[383]|Bytes:4
07:44:29.0 (64645225)|VARIABLE_ASSIGNMENT|[383]|this.cmpnyRateAdjstmntMap|{"a1I29000000HR5FEAW":{"Id":"a1I29000000HR5FEAW","Name":"Ins Co Rate Adjstmt  (5 more) ...","Type__c":"Contracted","Rate_Adjustment__c":3.00,"Active_Date__c":"2017-02-24T00:00:00.000Z"},"a1I29000000HR5EEAW":{"Id":"a1I29000000HR5EEAW","Name":"Ins Co Rate Adjstmt  (5 more) ...","Type__c":"OON","Rate_Adjustment__c":15.00,"Active_Date__c":"2017-02-24T00:00:00.000Z"}}|0xff269c8
07:44:29.0 (64718937)|HEAP_ALLOCATE|[EXTERNAL]|Bytes:12
07:44:29.0 (64734962)|HEAP_ALLOCATE|[395]|Bytes:329
07:44:29.0 (64907046)|HEAP_ALLOCATE|[395]|Bytes:5
07:44:29.0 (64929403)|HEAP_ALLOCATE|[395]|Bytes:24
07:44:29.0 (64948440)|VARIABLE_SCOPE_BEGIN|[395]|rateAdjstmntInstance|Insurance_Company_Rate_Adjustment__c|true|false
07:44:29.0 (64982186)|VARIABLE_ASSIGNMENT|[395]|rateAdjstmntInstance|{"Id":"a1I29000000HR5FEAW","Name":"Ins Co Rate Adjstmt  (5 more) ...","Type__c":"Contracted","Rate_Adjustment__c":3.00,"Active_Date__c":"2017-02-24T00:00:00.000Z"}|0x57a68a68
07:44:29.0 (64994549)|STATEMENT_EXECUTE|[395]
07:44:29.0 (65049795)|METHOD_ENTRY|[396]|01p0a000004sKzV|PAW_New_EditCntrllr.checkIfActive(Insurance_Company_Rate_Adjustment__c)
07:44:29.0 (65076418)|VARIABLE_SCOPE_BEGIN|[496]|this|PAW_New_EditCntrllr|true|false
07:44:29.0 (65193233)|VARIABLE_ASSIGNMENT|[496]|this|{"cmpnyRateAdjstmntMap":"0x484189d0","estmtCnrgDaysMap":"0x357af76a","estmtCvrgeDaysObj":"0x79613433","faciltyOptions":"0x5e70e62d","fcltyPrgmMap":"0x62618c30","fcltyPrgrmOptions":"0x42f6b1","idToOwnershipFacilit (4 more) ...":"0x70729a26","idToTypeFacilityMap":"0x296a4b8b","insrncBnftMap":"0x21a42348","insrncBnftOptions":"0x5064d3a5","isIop":false,"isTalbott":false,"meta":"0x34a3d025","oppId":"00629000004NTeZ","pawObj":"0x4f6ef329","ptntInsrnceOptions":"0x2a1b78dc","ptntInsrncMap":"0x5c946fc1","ptntInsrncObj":"0x3bb46bf5","quoteObj":"0x769cae8e","recordId":"00629000004NTeZ","rtAdjstmntOptions":"0x20e2d649","showPILookup":false,"sObjectQueryStr":"","wrprObj":"0x74ecd16f"}|0xff269c8
07:44:29.0 (65213642)|VARIABLE_SCOPE_BEGIN|[496]|pInsRateAdjustmentOnj|Insurance_Company_Rate_Adjustment__c|true|false
07:44:29.0 (65237330)|VARIABLE_ASSIGNMENT|[496]|pInsRateAdjustmentOnj|{"Id":"a1I29000000HR5FEAW","Name":"Ins Co Rate Adjstmt  (5 more) ...","Type__c":"Contracted","Rate_Adjustment__c":3.00,"Active_Date__c":"2017-02-24T00:00:00.000Z"}|0x57a68a68
07:44:29.0 (65250519)|STATEMENT_EXECUTE|[496]
07:44:29.0 (65252426)|STATEMENT_EXECUTE|[497]
07:44:29.0 (65307443)|HEAP_ALLOCATE|[497]|Bytes:4
07:44:29.0 (65335738)|VARIABLE_SCOPE_BEGIN|[497]|todayDate|Date|false|false
07:44:29.0 (65356819)|VARIABLE_ASSIGNMENT|[497]|todayDate|"2018-01-17T00:00:00.000Z"
07:44:29.0 (65381798)|STATEMENT_EXECUTE|[498]
07:44:29.0 (65384081)|STATEMENT_EXECUTE|[499]
07:44:29.0 (65393424)|VARIABLE_SCOPE_BEGIN|[499]|endDate|Date|false|false
07:44:29.0 (65412177)|VARIABLE_ASSIGNMENT|[499]|endDate|"2018-01-17T00:00:00.000Z"
07:44:29.0 (65486193)|STATEMENT_EXECUTE|[500]
07:44:29.0 (65488422)|STATEMENT_EXECUTE|[501]
07:44:29.0 (65494826)|METHOD_EXIT|[396]|01p0a000004sKzV|PAW_New_EditCntrllr.checkIfActive(Insurance_Company_Rate_Adjustment__c)
07:44:29.0 (65503964)|STATEMENT_EXECUTE|[397]
07:44:29.0 (65535001)|HEAP_ALLOCATE|[397]|Bytes:18
07:44:29.0 (65605303)|HEAP_ALLOCATE|[EXTERNAL]|Bytes:4
07:44:29.0 (65623183)|HEAP_ALLOCATE|[395]|Bytes:5
07:44:29.0 (65637187)|HEAP_ALLOCATE|[395]|Bytes:24
07:44:29.0 (65646175)|VARIABLE_SCOPE_BEGIN|[395]|rateAdjstmntInstance|Insurance_Company_Rate_Adjustment__c|true|false
07:44:29.0 (65674766)|VARIABLE_ASSIGNMENT|[395]|rateAdjstmntInstance|{"Id":"a1I29000000HR5EEAW","Name":"Ins Co Rate Adjstmt  (5 more) ...","Type__c":"OON","Rate_Adjustment__c":15.00,"Active_Date__c":"2017-02-24T00:00:00.000Z"}|0x7dc92659
07:44:29.0 (65684894)|STATEMENT_EXECUTE|[395]
07:44:29.0 (65698446)|METHOD_ENTRY|[396]|01p0a000004sKzV|PAW_New_EditCntrllr.checkIfActive(Insurance_Company_Rate_Adjustment__c)
07:44:29.0 (65706885)|VARIABLE_SCOPE_BEGIN|[496]|this|PAW_New_EditCntrllr|true|false
07:44:29.0 (65795256)|VARIABLE_ASSIGNMENT|[496]|this|{"cmpnyRateAdjstmntMap":"0x484189d0","estmtCnrgDaysMap":"0x357af76a","estmtCvrgeDaysObj":"0x79613433","faciltyOptions":"0x5e70e62d","fcltyPrgmMap":"0x62618c30","fcltyPrgrmOptions":"0x42f6b1","idToOwnershipFacilit (4 more) ...":"0x70729a26","idToTypeFacilityMap":"0x296a4b8b","insrncBnftMap":"0x21a42348","insrncBnftOptions":"0x5064d3a5","isIop":false,"isTalbott":false,"meta":"0x34a3d025","oppId":"00629000004NTeZ","pawObj":"0x4f6ef329","ptntInsrnceOptions":"0x2a1b78dc","ptntInsrncMap":"0x5c946fc1","ptntInsrncObj":"0x3bb46bf5","quoteObj":"0x769cae8e","recordId":"00629000004NTeZ","rtAdjstmntOptions":"0x20e2d649","showPILookup":false,"sObjectQueryStr":"","wrprObj":"0x74ecd16f"}|0xff269c8
07:44:29.0 (65814956)|VARIABLE_SCOPE_BEGIN|[496]|pInsRateAdjustmentOnj|Insurance_Company_Rate_Adjustment__c|true|false
07:44:29.0 (65836658)|VARIABLE_ASSIGNMENT|[496]|pInsRateAdjustmentOnj|{"Id":"a1I29000000HR5EEAW","Name":"Ins Co Rate Adjstmt  (5 more) ...","Type__c":"OON","Rate_Adjustment__c":15.00,"Active_Date__c":"2017-02-24T00:00:00.000Z"}|0x7dc92659
07:44:29.0 (65847292)|STATEMENT_EXECUTE|[496]
07:44:29.0 (65849197)|STATEMENT_EXECUTE|[497]
07:44:29.0 (65862220)|HEAP_ALLOCATE|[497]|Bytes:4
07:44:29.0 (65878506)|VARIABLE_SCOPE_BEGIN|[497]|todayDate|Date|false|false
07:44:29.0 (65897506)|VARIABLE_ASSIGNMENT|[497]|todayDate|"2018-01-17T00:00:00.000Z"
07:44:29.0 (65907854)|STATEMENT_EXECUTE|[498]
07:44:29.0 (65909438)|STATEMENT_EXECUTE|[499]
07:44:29.0 (65917039)|VARIABLE_SCOPE_BEGIN|[499]|endDate|Date|false|false
07:44:29.0 (65933431)|VARIABLE_ASSIGNMENT|[499]|endDate|"2018-01-17T00:00:00.000Z"
07:44:29.0 (65965372)|STATEMENT_EXECUTE|[500]
07:44:29.0 (65967106)|STATEMENT_EXECUTE|[501]
07:44:29.0 (65972861)|METHOD_EXIT|[396]|01p0a000004sKzV|PAW_New_EditCntrllr.checkIfActive(Insurance_Company_Rate_Adjustment__c)
07:44:29.0 (65986116)|STATEMENT_EXECUTE|[397]
07:44:29.0 (66004225)|HEAP_ALLOCATE|[397]|Bytes:18
07:44:29.0 (66025684)|HEAP_ALLOCATE|[EXTERNAL]|Bytes:4
07:44:29.0 (66042114)|HEAP_ALLOCATE|[395]|Bytes:5
07:44:29.0 (66057113)|VARIABLE_ASSIGNMENT|[395]|rateAdjstmntInstance|null|
07:44:29.0 (66064480)|STATEMENT_EXECUTE|[400]
07:44:29.0 (66760429)|SYSTEM_MODE_ENTER|true
07:44:29.73 (73652199)|SYSTEM_MODE_ENTER|true
07:44:29.73 (73717613)|HEAP_ALLOCATE|[EXTERNAL]|Bytes:8
07:44:29.73 (73728935)|VARIABLE_SCOPE_BEGIN|[88]|this|ApexPage.PageMessagesComponentController|true|false
07:44:29.73 (73753256)|VARIABLE_ASSIGNMENT|[88]|this|{}|0x76a2ebd6
07:44:29.73 (73759049)|VARIABLE_SCOPE_BEGIN|[88]|escape|Boolean|false|false
07:44:29.73 (73765515)|VARIABLE_ASSIGNMENT|[88]|escape|null
07:44:29.0 (74069710)|HEAP_ALLOCATE|[EXTERNAL]|Bytes:18
07:44:29.0 (74076394)|HEAP_ALLOCATE|[EXTERNAL]|Bytes:84
07:44:29.0 (74087365)|VARIABLE_ASSIGNMENT|[EXTERNAL]|this.insrncBnftSelected|"a1H29000000pRTUEA2"|0x74ecd16f
07:44:29.0 (74134004)|HEAP_ALLOCATE|[EXTERNAL]|Bytes:18
07:44:29.0 (74138034)|HEAP_ALLOCATE|[EXTERNAL]|Bytes:84
07:44:29.0 (74144313)|VARIABLE_ASSIGNMENT|[EXTERNAL]|this.facilitySelected|"001j000000NqKMtAAN"|0x74ecd16f
07:44:29.0 (74181982)|HEAP_ALLOCATE|[EXTERNAL]|Bytes:18
07:44:29.0 (74185652)|HEAP_ALLOCATE|[EXTERNAL]|Bytes:84
07:44:29.0 (74191311)|VARIABLE_ASSIGNMENT|[EXTERNAL]|this.rateAdjstmntSelected|"a1I29000000HR5FEAW"|0x74ecd16f
07:44:29.0 (74227714)|HEAP_ALLOCATE|[EXTERNAL]|Bytes:18
07:44:29.0 (74231280)|HEAP_ALLOCATE|[EXTERNAL]|Bytes:84
07:44:29.0 (74236263)|VARIABLE_ASSIGNMENT|[EXTERNAL]|this.fcltyPrgrmSelected|"a1B290000003SEdEAM"|0x74ecd16f
07:44:29.88 (88964809)|SYSTEM_MODE_ENTER|true
07:44:29.88 (89046429)|HEAP_ALLOCATE|[EXTERNAL]|Bytes:8
07:44:29.88 (89059726)|VARIABLE_SCOPE_BEGIN|[88]|this|ApexPage.PageMessagesComponentController|true|false
07:44:29.88 (89091343)|VARIABLE_ASSIGNMENT|[88]|this|{}|0x76a2ebd6
07:44:29.88 (89097450)|VARIABLE_SCOPE_BEGIN|[88]|escape|Boolean|false|false
07:44:29.88 (89104135)|VARIABLE_ASSIGNMENT|[88]|escape|null
07:44:29.89 (89206223)|SYSTEM_MODE_ENTER|true
07:44:29.89 (89235631)|HEAP_ALLOCATE|[EXTERNAL]|Bytes:8
07:44:29.89 (89242077)|VARIABLE_SCOPE_BEGIN|[2]|this|ApexPage.PageMessagesComponentController|true|false
07:44:29.89 (89257622)|VARIABLE_ASSIGNMENT|[2]|this|{}|0x76a2ebd6
07:44:29.0 (89683750)|SYSTEM_MODE_ENTER|true
07:44:29.0 (89801394)|SYSTEM_MODE_ENTER|true
07:44:29.0 (90106258)|SYSTEM_MODE_ENTER|true
07:44:29.0 (92520539)|SYSTEM_MODE_ENTER|true
07:44:29.0 (92570674)|SYSTEM_MODE_ENTER|true
07:44:29.0 (100466937)|VF_SERIALIZE_VIEWSTATE_BEGIN|0660a0000009uTC
07:44:29.0 (107917901)|VF_SERIALIZE_VIEWSTATE_END
07:44:29.113 (113338228)|CUMULATIVE_LIMIT_USAGE
07:44:29.113 (113338228)|LIMIT_USAGE_FOR_NS|(default)|
  Number of SOQL queries: 2 out of 100
  Number of query rows: 4 out of 50000
  Number of SOSL queries: 0 out of 20
  Number of DML statements: 0 out of 150
  Number of DML rows: 0 out of 10000
  Maximum CPU time: 0 out of 10000
  Maximum heap size: 0 out of 6000000
  Number of callouts: 0 out of 100
  Number of Email Invocations: 0 out of 10
  Number of future calls: 0 out of 50
  Number of queueable jobs added to the queue: 0 out of 50
  Number of Mobile Apex push calls: 0 out of 10

07:44:29.113 (113338228)|CUMULATIVE_LIMIT_USAGE_END

07:44:29.0 (113375557)|CODE_UNIT_FINISHED|VF: /apex/PAW_New_Edit
07:44:29.0 (114069485)|EXECUTION_FINISHED
