34.0 APEX_CODE,FINEST;APEX_PROFILING,INFO;CALLOUT,INFO;DB,INFO;SYSTEM,DEBUG;VALIDATION,INFO;VISUALFORCE,INFO;WAVE,INFO;WORKFLOW,FINER
03:09:51.0 (297591)|USER_INFO|[EXTERNAL]|00529000000zYiy|bhakti.gujrathi@eternussolutions.com.frnstgng|Central Standard Time|GMT-06:00
03:09:51.0 (332456)|EXECUTION_STARTED
03:09:51.0 (337182)|CODE_UNIT_STARTED|[EXTERNAL]|066290000000dff|VF: /apex/CopyToClipboard
03:09:51.0 (14088053)|VF_SERIALIZE_VIEWSTATE_BEGIN|066290000000dff
03:09:51.0 (16389635)|VF_SERIALIZE_VIEWSTATE_END
03:09:51.18 (18017397)|CUMULATIVE_LIMIT_USAGE
03:09:51.18 (18017397)|LIMIT_USAGE_FOR_NS|(default)|
  Number of SOQL queries: 0 out of 100
  Number of query rows: 0 out of 50000
  Number of SOSL queries: 0 out of 20
  Number of DML statements: 0 out of 150
  Number of DML rows: 0 out of 10000
  Maximum CPU time: 0 out of 10000
  Maximum heap size: 0 out of 6000000
  Number of callouts: 0 out of 100
  Number of Email Invocations: 0 out of 10
  Number of future calls: 0 out of 50
  Number of queueable jobs added to the queue: 0 out of 50
  Number of Mobile Apex push calls: 0 out of 10

03:09:51.18 (18017397)|CUMULATIVE_LIMIT_USAGE_END

03:09:51.0 (18053426)|CODE_UNIT_FINISHED|VF: /apex/CopyToClipboard
03:09:51.0 (18787165)|EXECUTION_FINISHED
