37.0 APEX_CODE,FINEST;APEX_PROFILING,INFO;CALLOUT,INFO;DB,INFO;SYSTEM,DEBUG;VALIDATION,INFO;VISUALFORCE,INFO;WAVE,INFO;WORKFLOW,FINER
08:22:53.0 (270217)|USER_INFO|[EXTERNAL]|00529000000zYiy|bhakti.gujrathi@eternussolutions.com.frnstgng|Central Standard Time|GMT-06:00
08:22:53.0 (305643)|EXECUTION_STARTED
08:22:53.0 (309885)|CODE_UNIT_STARTED|[EXTERNAL]|0660a0000009uTC|VF: /apex/PAW_New_Edit
08:22:53.0 (776880)|VF_DESERIALIZE_VIEWSTATE_BEGIN|0660a0000009uTC
08:22:53.0 (5148171)|HEAP_ALLOCATE|[72]|Bytes:3
08:22:53.0 (5184578)|HEAP_ALLOCATE|[77]|Bytes:152
08:22:53.0 (5199200)|HEAP_ALLOCATE|[342]|Bytes:408
08:22:53.0 (5214278)|HEAP_ALLOCATE|[355]|Bytes:408
08:22:53.0 (5227238)|HEAP_ALLOCATE|[467]|Bytes:48
08:22:53.0 (5256000)|HEAP_ALLOCATE|[139]|Bytes:6
08:22:53.0 (5276399)|HEAP_ALLOCATE|[50]|Bytes:5
08:22:53.0 (5293891)|HEAP_ALLOCATE|[56]|Bytes:5
08:22:53.0 (5301561)|HEAP_ALLOCATE|[64]|Bytes:7
08:22:53.0 (8569717)|VARIABLE_SCOPE_BEGIN|[35]|PAW_New_EditCntrllr.globalSchemaMap|Map<String,Schema.SObjectType>|true|true
08:22:53.0 (8584506)|VARIABLE_SCOPE_BEGIN|[3]|PAW_New_EditCntrllr.yearEndMode|Boolean|false|true
08:22:53.0 (13051654)|VF_DESERIALIZE_VIEWSTATE_END
08:22:53.13 (13988088)|SYSTEM_MODE_ENTER|true
08:22:53.13 (14056452)|HEAP_ALLOCATE|[EXTERNAL]|Bytes:38
08:22:53.13 (14065678)|HEAP_ALLOCATE|[EXTERNAL]|Bytes:7
08:22:53.13 (14077609)|SYSTEM_METHOD_ENTRY|[1]|PageMessagesComponentController.PageMessagesComponentController()
08:22:53.13 (14082877)|STATEMENT_EXECUTE|[1]
08:22:53.14 (14840588)|SYSTEM_MODE_ENTER|true
08:22:53.14 (14886398)|HEAP_ALLOCATE|[EXTERNAL]|Bytes:8
08:22:53.14 (14893684)|VARIABLE_SCOPE_BEGIN|[88]|this|ApexPage.PageMessagesComponentController|true|false
08:22:53.14 (14929356)|VARIABLE_ASSIGNMENT|[88]|this|{}|0x6c91c90c
08:22:53.14 (14935392)|VARIABLE_SCOPE_BEGIN|[88]|escape|Boolean|false|false
08:22:53.14 (14942297)|VARIABLE_ASSIGNMENT|[88]|escape|null
08:22:53.0 (15121098)|SYSTEM_MODE_ENTER|true
08:22:53.0 (15143436)|HEAP_ALLOCATE|[EXTERNAL]|Bytes:11
08:22:53.0 (15154759)|HEAP_ALLOCATE|[EXTERNAL]|Bytes:304
08:22:53.0 (15159072)|HEAP_ALLOCATE|[EXTERNAL]|Bytes:98
08:22:53.0 (15162909)|HEAP_ALLOCATE|[EXTERNAL]|Bytes:14
08:22:53.0 (15173288)|METHOD_ENTRY|[1]|01p0a000004sKzV|PAW_New_EditCntrllr.PAW_New_EditCntrllr()
08:22:53.0 (15178591)|STATEMENT_EXECUTE|[1]
08:22:53.0 (15182252)|STATEMENT_EXECUTE|[1]
08:22:53.0 (15183599)|STATEMENT_EXECUTE|[3]
08:22:53.0 (15815535)|VARIABLE_SCOPE_BEGIN|[3]|PAW_YearEnd_Config.setting|Year_End_PAW_Settings__c|true|true
08:22:53.0 (15831338)|HEAP_ALLOCATE|[3]|Bytes:1
08:22:53.0 (15838285)|HEAP_ALLOCATE|[3]|Bytes:1
08:22:53.0 (15880339)|METHOD_ENTRY|[1]|01p29000000Aswf|PAW_YearEnd_Config.PAW_YearEnd_Config()
08:22:53.0 (15885761)|STATEMENT_EXECUTE|[1]
08:22:53.0 (15888566)|STATEMENT_EXECUTE|[1]
08:22:53.0 (15903871)|SYSTEM_MODE_ENTER|false
08:22:53.0 (15911106)|HEAP_ALLOCATE|[3]|Bytes:5
08:22:53.0 (15917766)|SYSTEM_MODE_EXIT|false
08:22:53.0 (15925624)|METHOD_EXIT|[1]|PAW_YearEnd_Config
08:22:53.0 (15935942)|METHOD_ENTRY|[3]|01p29000000Aswf|PAW_YearEnd_Config.fetch()
08:22:53.0 (15961239)|SYSTEM_MODE_ENTER|false
08:22:53.0 (15966232)|HEAP_ALLOCATE|[6]|Bytes:5
08:22:53.0 (15970312)|STATEMENT_EXECUTE|[5]
08:22:53.0 (15973518)|STATEMENT_EXECUTE|[7]
08:22:53.0 (17087153)|HEAP_ALLOCATE|[7]|Bytes:20
08:22:53.0 (17129127)|VARIABLE_ASSIGNMENT|[7]|PAW_YearEnd_Config.setting|{"IsDeleted":false,"Name":"Year End PAW Setting (11 more) ...","SetupOwnerId":"00529000000zYiyAAE","Year_End_Mode_Enable (4 more) ...":false}|0x1bc74bea
08:22:53.0 (17137335)|STATEMENT_EXECUTE|[9]
08:22:53.0 (17140388)|HEAP_ALLOCATE|[9]|Bytes:14
08:22:53.0 (17272752)|HEAP_ALLOCATE|[9]|Bytes:145
08:22:53.0 (17295507)|HEAP_ALLOCATE|[9]|Bytes:159
08:22:53.0 (17313511)|USER_DEBUG|[9]|DEBUG|>>> setting : Year_End_PAW_Settings__c:{IsDeleted=false, Name=Year End PAW Settings (Profile), SetupOwnerId=00529000000zYiyAAE, Year_End_Mode_Enabled__c=false}
08:22:53.0 (17321681)|STATEMENT_EXECUTE|[10]
08:22:53.0 (17326859)|SYSTEM_MODE_EXIT|false
08:22:53.0 (17335100)|METHOD_EXIT|[3]|01p29000000Aswf|PAW_YearEnd_Config.fetch()
08:22:53.0 (17373649)|VARIABLE_ASSIGNMENT|[3]|PAW_New_EditCntrllr.yearEndMode|false
08:22:53.0 (17394433)|STATEMENT_EXECUTE|[523]
08:22:53.0 (17399957)|METHOD_EXIT|[1]|PAW_New_EditCntrllr
08:22:53.0 (18722754)|SYSTEM_MODE_ENTER|true
08:22:53.0 (20185751)|SYSTEM_MODE_ENTER|true
08:22:53.0 (20237612)|HEAP_ALLOCATE|[EXTERNAL]|Bytes:476
08:22:53.0 (20248736)|HEAP_ALLOCATE|[EXTERNAL]|Bytes:71
08:22:53.0 (25069885)|SYSTEM_MODE_ENTER|true
08:22:53.0 (25126883)|SYSTEM_MODE_ENTER|true
08:22:53.0 (29621784)|SYSTEM_MODE_ENTER|true
08:22:53.0 (29837142)|HEAP_ALLOCATE|[EXTERNAL]|Bytes:112
08:22:53.0 (29847704)|VARIABLE_SCOPE_BEGIN|[215]|this|PAW_New_EditCntrllr|true|false
08:22:53.0 (29937424)|VARIABLE_ASSIGNMENT|[215]|this|{"estmtCnrgDaysMap":"0x340974c4","estmtCvrgeDaysObj":"0x669a7459","faciltyOptions":"0x435b2364","fcltyPrgrmOptions":"0x61109226","idToOwnershipFacilit (4 more) ...":"0x1ec07594","idToTypeFacilityMap":"0x2b4de2a9","insrncBnftMap":"0x3117a4a7","insrncBnftOptions":"0x54f38101","isIop":false,"isTalbott":false,"meta":"0x490232de","oppId":"00629000003FJ4b","pawObj":"0xd1ed9fd","ptntInsrnceOptions":"0x1a06665","ptntInsrncMap":"0x499314d9","ptntInsrncObj":"0x42deb238","quoteObj":"0x11df5bf7","recordId":"00629000003FJ4b","rtAdjstmntOptions":"0x6a75b900","showPILookup":false,"sObjectQueryStr":"","wrprObj":"0x79e7a670"}|0x6e95671b
08:22:53.0 (29958598)|STATEMENT_EXECUTE|[215]
08:22:53.0 (29960525)|STATEMENT_EXECUTE|[216]
08:22:53.0 (30007282)|STATEMENT_EXECUTE|[217]
08:22:53.0 (30020804)|HEAP_ALLOCATE|[217]|Bytes:12
08:22:53.0 (30066444)|HEAP_ALLOCATE|[EXTERNAL]|Bytes:4
08:22:53.0 (30139048)|VARIABLE_ASSIGNMENT|[EXTERNAL]|this|{"estmtCnrgDaysMap":"0x340974c4","estmtCvrgeDaysObj":"0x669a7459","faciltyOptions":"0x435b2364","fcltyPrgrmOptions":"0x61109226","idToOwnershipFacilit (4 more) ...":"0x1ec07594","idToTypeFacilityMap":"0x2b4de2a9","insrncBnftMap":"0x3117a4a7","insrncBnftOptions":"0x54f38101","isIop":false,"isTalbott":false,"meta":"0x490232de","oppId":"00629000003FJ4b","pawObj":"0xd1ed9fd","ptntInsrnceOptions":"0x1a06665","ptntInsrncMap":"0x499314d9","ptntInsrncObj":"0x42deb238","quoteObj":"0x11df5bf7","recordId":"00629000003FJ4b","rtAdjstmntOptions":"0x6a75b900","showPILookup":false,"sObjectQueryStr":"","wrprObj":"0x79e7a670"}|0x6e95671b
08:22:53.0 (30156824)|STATEMENT_EXECUTE|[218]
08:22:53.0 (30158397)|STATEMENT_EXECUTE|[219]
08:22:53.0 (30191292)|HEAP_ALLOCATE|[219]|Bytes:4
08:22:53.0 (30197727)|HEAP_ALLOCATE|[219]|Bytes:1083
08:22:53.0 (30207424)|HEAP_ALLOCATE|[219]|Bytes:4
08:22:53.0 (30217308)|HEAP_ALLOCATE|[219]|Bytes:7
08:22:53.0 (30276115)|VARIABLE_ASSIGNMENT|[EXTERNAL]|this|{"estmtCnrgDaysMap":"0x340974c4","estmtCvrgeDaysObj":"0x669a7459","faciltyOptions":"0x435b2364","fcltyPrgrmOptions":"0x61109226","idToOwnershipFacilit (4 more) ...":"0x1ec07594","idToTypeFacilityMap":"0x2b4de2a9","insrncBnftMap":"0x3117a4a7","insrncBnftOptions":"0x54f38101","isIop":false,"isTalbott":false,"meta":"0x490232de","oppId":"00629000003FJ4b","pawObj":"0xd1ed9fd","ptntInsrnceOptions":"0x1a06665","ptntInsrncMap":"0x499314d9","ptntInsrncObj":"0x42deb238","quoteObj":"0x11df5bf7","recordId":"00629000003FJ4b","rtAdjstmntOptions":"0x6a75b900","showPILookup":false,"sObjectQueryStr":"","wrprObj":"0x79e7a670"}|0x6e95671b
08:22:53.0 (33378507)|SOQL_EXECUTE_BEGIN|[219]|Aggregations:0|SELECT Id, Name, RecordType.Name, Uncovered_Charges__c, Patient_Insurance__r.Accepts_Assignment_of_Benefits__c, Patient_Insurance__r.Opportunity__c, Patient_Insurance__r.Accreditation__c, Patient_Insurance__r.Insurance_Company__r.Name, PHP_Admit_Co_Payment__c, Detox_Admit_Co_Payment__c, RTC_Admit_Co_Payment__c, Deductible__c, Deductible_Met__c, IOP_Admit_Co_Payment__c, Max_Out_of_Pocket_Remaining__c, Insurance_Company_is_Out_of_Network__c, Annual_Max_Remaining__c, Deductible_Remaining__c, Detox_Pays_at__c, Detox_Over__c, RTC_Pays_at__c, Residential_Treatment_Override__c, PHP_Pays_at__c, Partial_Hospitalization_Override__c, IOP_Pays_at__c, Intensive_Outpatient_Override__c, Num_Days_Uncovered__c, Num_Days_Room__c, Uncovered_Days_Rate__c, Room_and_Board_Days_Rate__c, Uncovered_Days_Override__c, Room_and_Board_Days_Override__c, Deductible_Included_in_OOP__c, Uncovered_Days__c, Lifetime_Max__c, Lifetime_Max_Met__c, Annual_Max__c, Annual_Max_Met__c, Max_Out_of_Pocket__c, Max_Out_of_Pocket_Met__c, Co_Pay_Met__c FROM Insurance_Benefit__c WHERE Patient_Insurance__c = :tmpVar1
08:22:53.0 (48461351)|SOQL_EXECUTE_END|[219]|Rows:5
08:22:53.0 (48487271)|HEAP_ALLOCATE|[219]|Bytes:24
08:22:53.0 (48551992)|HEAP_ALLOCATE|[219]|Bytes:5579
08:22:53.0 (48621781)|HEAP_ALLOCATE|[219]|Bytes:24
08:22:53.0 (48673137)|HEAP_ALLOCATE|[219]|Bytes:112
08:22:53.0 (48684798)|HEAP_ALLOCATE|[219]|Bytes:4
08:22:53.0 (48690493)|HEAP_ALLOCATE|[219]|Bytes:112
08:22:53.0 (48694323)|HEAP_ALLOCATE|[219]|Bytes:4
08:22:53.0 (48697057)|HEAP_ALLOCATE|[219]|Bytes:72
08:22:53.0 (48701048)|HEAP_ALLOCATE|[219]|Bytes:4
08:22:53.0 (48703596)|HEAP_ALLOCATE|[219]|Bytes:72
08:22:53.0 (48707211)|HEAP_ALLOCATE|[219]|Bytes:4
08:22:53.0 (48710061)|HEAP_ALLOCATE|[219]|Bytes:72
08:22:53.0 (48713744)|HEAP_ALLOCATE|[219]|Bytes:4
08:22:53.0 (48845137)|VARIABLE_ASSIGNMENT|[219]|this.insrncBnftMap|{"a1H29000000jvcPEAQ":{"Id":"a1H29000000jvcPEAQ","Name":"Insurance Benefit 75 (2 more) ...","RecordTypeId":"012j00000015GS7AAM","Patient_Insurance__c":"a1b29000000d1kgAAA","PHP_Admit_Co_Payment (3 more) ...":0.00,"Deductible__c":6000.00,"Deductible_Met__c":0.00,"Max_Out_of_Pocket_Re (10 more) ...":16000.00,"Insurance_Company_is (18 more) ...":false,"Annual_Max_Remaining (3 more) ...":1000000,"Deductible_Remaining (3 more) ...":6000.00,"Detox_Pays_at__c":50.00,"RTC_Pays_at__c":50.00,"PHP_Pays_at__c":50.00,"IOP_Pays_at__c":50.00,"Uncovered_Days_Rate_ (2 more) ...":1020.00,"Room_and_Board_Days_ (7 more) ...":2000.00,"Deductible_Included_ (9 more) ...":"Yes","Uncovered_Days__c":10,"Lifetime_Max__c":1000000.00,"Lifetime_Max_Met__c":0.00,"Annual_Max__c":1000000.00,"Annual_Max_Met__c":0.00,"Max_Out_of_Pocket__c":16000.00,"Max_Out_of_Pocket_Me (4 more) ...":0.00,"RecordType":{"Name":"Out of Network","Id":"012j00000015GS7AAM"},"Patient_Insurance__r":{"Opportunity__c":"00629000003FJ4bAAG","Accreditation__c":"State","Insurance_Company__c":"0012900000AXSNIAA5","Id":"a1b29000000d1kgAAA","Insurance_Company__r":{"Name":"4 Your Choice","Id":"0012900000AXSNIAA5","RecordTypeId":"012j00000015GRqAAM"}}},"a1H29000000pIg3EAE":{"Id":"a1H29000000pIg3EAE","Name":"Insurance Benefit 75 (2 more) ...","RecordTypeId":"012j00000015GS7AAM","Patient_Insurance__c":"a1b29000000d1kgAAA","PHP_Admit_Co_Payment (3 more) ...":0.00,"Deductible__c":6000.00,"Deductible_Met__c":0.00,"Max_Out_of_Pocket_Re (10 more) ...":16000.00,"Insurance_Company_is (18 more) ...":false,"Annual_Max_Remaining (3 more) ...":1000000,"Deductible_Remaining (3 more) ...":6000.00,"Detox_Pays_at__c":50.00,"RTC_Pays_at__c":50.00,"PHP_Pays_at__c":50.00,"IOP_Pays_at__c":50.00,"Uncovered_Days_Rate_ (2 more) ...":1020.00,"Room_and_Board_Days_ (7 more) ...":2000.00,"Deductible_Included_ (9 more) ...":"Yes","Uncovered_Days__c":10,"Lifetime_Max__c":1000000.00,"Lifetime_Max_Met__c":0.00,"Annual_Max__c":1000000.00,"Annual_Max_Met__c":0.00,"Max_Out_of_Pocket__c":16000.00,"Max_Out_of_Pocket_Me (4 more) ...":0.00,"RecordType":{"Name":"Out of Network","Id":"012j00000015GS7AAM"},"Patient_Insurance__r":{"Opportunity__c":"00629000003FJ4bAAG","Accreditation__c":"State","Insurance_Company__c":"0012900000AXSNIAA5","Id":"a1b29000000d1kgAAA","Insurance_Company__r":{"Name":"4 Your Choice","Id":"0012900000AXSNIAA5","RecordTypeId":"012j00000015GRqAAM"}}},"a1H29000000uZbiEAE":{"Id":"a1H29000000uZbiEAE","Name":"Insurance Benefit 75 (2 more) ...","RecordTypeId":"012j00000015GS6AAM","Patient_Insurance__c":"a1b29000000d1kgAAA","PHP_Admit_Co_Payment (3 more) ...":0.00,"Max_Out_of_Pocket_Re (10 more) ...":0.00,"Insurance_Company_is (18 more) ...":false,"Annual_Max_Remaining (3 more) ...":1000000,"Deductible_Remaining (3 more) ...":0.00,"Uncovered_Days_Rate_ (2 more) ...":630.00,"Room_and_Board_Days_ (7 more) ...":2000.00,"Lifetime_Max__c":1000000.00,"Lifetime_Max_Met__c":0.00,"Annual_Max__c":1000000.00,"Annual_Max_Met__c":0.00,"RecordType":{"Name":"In Network","Id":"012j00000015GS6AAM"},"Patient_Insurance__r":{"Opportunity__c":"00629000003FJ4bAAG","Accreditation__c":"State","Insurance_Company__c":"0012900000AXSNIAA5","Id":"a1b29000000d1kgAAA","Insurance_Company__r":{"Name":"4 Your Choice","Id":"0012900000AXSNIAA5","RecordTypeId":"012j00000015GRqAAM"}}},"a1H29000000uZbnEAE":{"Id":"a1H29000000uZbnEAE","Name":"Insurance Benefit 75 (2 more) ...","RecordTypeId":"012j00000015GS6AAM","Patient_Insurance__c":"a1b29000000d1kgAAA","PHP_Admit_Co_Payment (3 more) ...":0.00,"Max_Out_of_Pocket_Re (10 more) ...":0.00,"Insurance_Company_is (18 more) ...":false,"Annual_Max_Remaining (3 more) ...":1000000,"Deductible_Remaining (3 more) ...":0.00,"Uncovered_Days_Rate_ (2 more) ...":630.00,"Room_and_Board_Days_ (7 more) ...":2000.00,"Lifetime_Max__c":1000000.00,"Lifetime_Max_Met__c":0.00,"Annual_Max__c":1000000.00,"Annual_Max_Met__c":0.00,"RecordType":{"Name":"In Network","Id":"012j00000015GS6AAM"},"Patient_Insurance__r":{"Opportunity__c":"00629000003FJ4bAAG","Accreditation__c":"State","Insurance_Company__c":"0012900000AXSNIAA5","Id":"a1b29000000d1kgAAA","Insurance_Company__r":{"Name":"4 Your Choice","Id":"0012900000AXSNIAA5","RecordTypeId":"012j00000015GRqAAM"}}},"a1H29000000uZdPEAU":{"Id":"a1H29000000uZdPEAU","Name":"Insurance Benefit 75 (2 more) ...","RecordTypeId":"012j00000015GS6AAM","Patient_Insurance__c":"a1b29000000d1kgAAA","PHP_Admit_Co_Payment (3 more) ...":0.00,"Max_Out_of_Pocket_Re (10 more) ...":0.00,"Insurance_Company_is (18 more) ...":false,"Annual_Max_Remaining (3 more) ...":1000000,"Deductible_Remaining (3 more) ...":0.00,"Uncovered_Days_Rate_ (2 more) ...":630.00,"Room_and_Board_Days_ (7 more) ...":2000.00,"Lifetime_Max__c":1000000.00,"Lifetime_Max_Met__c":0.00,"Annual_Max__c":1000000.00,"Annual_Max_Met__c":0.00,"RecordType":{"Name":"In Network","Id":"012j00000015GS6AAM"},"Patient_Insurance__r":{"Opportunity__c":"00629000003FJ4bAAG","Accreditation__c":"State","Insurance_Company__c":"0012900000AXSNIAA5","Id":"a1b29000000d1kgAAA","Insurance_Company__r":{"Name":"4 Your Choice","Id":"0012900000AXSNIAA5","RecordTypeId":"012j00000015GRqAAM"}}}}|0x6e95671b
08:22:53.0 (48967729)|HEAP_ALLOCATE|[EXTERNAL]|Bytes:24
08:22:53.0 (49006593)|HEAP_ALLOCATE|[263]|Bytes:5598
08:22:53.0 (49151908)|HEAP_ALLOCATE|[263]|Bytes:5
08:22:53.0 (49167084)|HEAP_ALLOCATE|[263]|Bytes:112
08:22:53.0 (49176950)|VARIABLE_SCOPE_BEGIN|[263]|insrncBnftInstance|Insurance_Benefit__c|true|false
08:22:53.0 (49214710)|VARIABLE_ASSIGNMENT|[263]|insrncBnftInstance|{"Id":"a1H29000000jvcPEAQ","Name":"Insurance Benefit 75 (2 more) ...","RecordTypeId":"012j00000015GS7AAM","Patient_Insurance__c":"a1b29000000d1kgAAA","PHP_Admit_Co_Payment (3 more) ...":0.00,"Deductible__c":6000.00,"Deductible_Met__c":0.00,"Max_Out_of_Pocket_Re (10 more) ...":16000.00,"Insurance_Company_is (18 more) ...":false,"Annual_Max_Remaining (3 more) ...":1000000,"Deductible_Remaining (3 more) ...":6000.00,"Detox_Pays_at__c":50.00,"RTC_Pays_at__c":50.00,"PHP_Pays_at__c":50.00,"IOP_Pays_at__c":50.00,"Uncovered_Days_Rate_ (2 more) ...":1020.00,"Room_and_Board_Days_ (7 more) ...":2000.00,"Deductible_Included_ (9 more) ...":"Yes","Uncovered_Days__c":10,"Lifetime_Max__c":1000000.00,"Lifetime_Max_Met__c":0.00,"Annual_Max__c":1000000.00,"Annual_Max_Met__c":0.00,"Max_Out_of_Pocket__c":16000.00,"Max_Out_of_Pocket_Me (4 more) ...":0.00,"RecordType":{"Name":"Out of Network","Id":"012j00000015GS7AAM"},"Patient_Insurance__r":{"Opportunity__c":"00629000003FJ4bAAG","Accreditation__c":"State","Insurance_Company__c":"0012900000AXSNIAA5","Id":"a1b29000000d1kgAAA","Insurance_Company__r":{"Name":"4 Your Choice","Id":"0012900000AXSNIAA5","RecordTypeId":"012j00000015GRqAAM"}}}|0x47f7576e
08:22:53.0 (49241546)|STATEMENT_EXECUTE|[263]
08:22:53.0 (49243194)|STATEMENT_EXECUTE|[264]
08:22:53.0 (49284643)|HEAP_ALLOCATE|[264]|Bytes:18
08:22:53.0 (49338034)|HEAP_ALLOCATE|[264]|Bytes:3
08:22:53.0 (49354917)|HEAP_ALLOCATE|[264]|Bytes:39
08:22:53.0 (49431768)|HEAP_ALLOCATE|[EXTERNAL]|Bytes:4
08:22:53.0 (49446266)|HEAP_ALLOCATE|[263]|Bytes:5
08:22:53.0 (49455822)|HEAP_ALLOCATE|[263]|Bytes:112
08:22:53.0 (49461985)|VARIABLE_SCOPE_BEGIN|[263]|insrncBnftInstance|Insurance_Benefit__c|true|false
08:22:53.0 (49496052)|VARIABLE_ASSIGNMENT|[263]|insrncBnftInstance|{"Id":"a1H29000000pIg3EAE","Name":"Insurance Benefit 75 (2 more) ...","RecordTypeId":"012j00000015GS7AAM","Patient_Insurance__c":"a1b29000000d1kgAAA","PHP_Admit_Co_Payment (3 more) ...":0.00,"Deductible__c":6000.00,"Deductible_Met__c":0.00,"Max_Out_of_Pocket_Re (10 more) ...":16000.00,"Insurance_Company_is (18 more) ...":false,"Annual_Max_Remaining (3 more) ...":1000000,"Deductible_Remaining (3 more) ...":6000.00,"Detox_Pays_at__c":50.00,"RTC_Pays_at__c":50.00,"PHP_Pays_at__c":50.00,"IOP_Pays_at__c":50.00,"Uncovered_Days_Rate_ (2 more) ...":1020.00,"Room_and_Board_Days_ (7 more) ...":2000.00,"Deductible_Included_ (9 more) ...":"Yes","Uncovered_Days__c":10,"Lifetime_Max__c":1000000.00,"Lifetime_Max_Met__c":0.00,"Annual_Max__c":1000000.00,"Annual_Max_Met__c":0.00,"Max_Out_of_Pocket__c":16000.00,"Max_Out_of_Pocket_Me (4 more) ...":0.00,"RecordType":{"Name":"Out of Network","Id":"012j00000015GS7AAM"},"Patient_Insurance__r":{"Opportunity__c":"00629000003FJ4bAAG","Accreditation__c":"State","Insurance_Company__c":"0012900000AXSNIAA5","Id":"a1b29000000d1kgAAA","Insurance_Company__r":{"Name":"4 Your Choice","Id":"0012900000AXSNIAA5","RecordTypeId":"012j00000015GRqAAM"}}}|0x48a1752e
08:22:53.0 (49514089)|STATEMENT_EXECUTE|[263]
08:22:53.0 (49515331)|STATEMENT_EXECUTE|[264]
08:22:53.0 (49526707)|HEAP_ALLOCATE|[264]|Bytes:18
08:22:53.0 (49537020)|HEAP_ALLOCATE|[264]|Bytes:39
08:22:53.0 (49546960)|HEAP_ALLOCATE|[EXTERNAL]|Bytes:4
08:22:53.0 (49556084)|HEAP_ALLOCATE|[263]|Bytes:5
08:22:53.0 (49563612)|HEAP_ALLOCATE|[263]|Bytes:72
08:22:53.0 (49568784)|VARIABLE_SCOPE_BEGIN|[263]|insrncBnftInstance|Insurance_Benefit__c|true|false
08:22:53.0 (49593250)|VARIABLE_ASSIGNMENT|[263]|insrncBnftInstance|{"Id":"a1H29000000uZbiEAE","Name":"Insurance Benefit 75 (2 more) ...","RecordTypeId":"012j00000015GS6AAM","Patient_Insurance__c":"a1b29000000d1kgAAA","PHP_Admit_Co_Payment (3 more) ...":0.00,"Max_Out_of_Pocket_Re (10 more) ...":0.00,"Insurance_Company_is (18 more) ...":false,"Annual_Max_Remaining (3 more) ...":1000000,"Deductible_Remaining (3 more) ...":0.00,"Uncovered_Days_Rate_ (2 more) ...":630.00,"Room_and_Board_Days_ (7 more) ...":2000.00,"Lifetime_Max__c":1000000.00,"Lifetime_Max_Met__c":0.00,"Annual_Max__c":1000000.00,"Annual_Max_Met__c":0.00,"RecordType":{"Name":"In Network","Id":"012j00000015GS6AAM"},"Patient_Insurance__r":{"Opportunity__c":"00629000003FJ4bAAG","Accreditation__c":"State","Insurance_Company__c":"0012900000AXSNIAA5","Id":"a1b29000000d1kgAAA","Insurance_Company__r":{"Name":"4 Your Choice","Id":"0012900000AXSNIAA5","RecordTypeId":"012j00000015GRqAAM"}}}|0x188e22a0
08:22:53.0 (49607132)|STATEMENT_EXECUTE|[263]
08:22:53.0 (49608162)|STATEMENT_EXECUTE|[264]
08:22:53.0 (49615396)|HEAP_ALLOCATE|[264]|Bytes:18
08:22:53.0 (49630386)|HEAP_ALLOCATE|[264]|Bytes:35
08:22:53.0 (49638956)|HEAP_ALLOCATE|[EXTERNAL]|Bytes:4
08:22:53.0 (49647412)|HEAP_ALLOCATE|[263]|Bytes:5
08:22:53.0 (49654290)|HEAP_ALLOCATE|[263]|Bytes:72
08:22:53.0 (49658551)|VARIABLE_SCOPE_BEGIN|[263]|insrncBnftInstance|Insurance_Benefit__c|true|false
08:22:53.0 (49681317)|VARIABLE_ASSIGNMENT|[263]|insrncBnftInstance|{"Id":"a1H29000000uZbnEAE","Name":"Insurance Benefit 75 (2 more) ...","RecordTypeId":"012j00000015GS6AAM","Patient_Insurance__c":"a1b29000000d1kgAAA","PHP_Admit_Co_Payment (3 more) ...":0.00,"Max_Out_of_Pocket_Re (10 more) ...":0.00,"Insurance_Company_is (18 more) ...":false,"Annual_Max_Remaining (3 more) ...":1000000,"Deductible_Remaining (3 more) ...":0.00,"Uncovered_Days_Rate_ (2 more) ...":630.00,"Room_and_Board_Days_ (7 more) ...":2000.00,"Lifetime_Max__c":1000000.00,"Lifetime_Max_Met__c":0.00,"Annual_Max__c":1000000.00,"Annual_Max_Met__c":0.00,"RecordType":{"Name":"In Network","Id":"012j00000015GS6AAM"},"Patient_Insurance__r":{"Opportunity__c":"00629000003FJ4bAAG","Accreditation__c":"State","Insurance_Company__c":"0012900000AXSNIAA5","Id":"a1b29000000d1kgAAA","Insurance_Company__r":{"Name":"4 Your Choice","Id":"0012900000AXSNIAA5","RecordTypeId":"012j00000015GRqAAM"}}}|0x4e1fe4a5
08:22:53.0 (49695125)|STATEMENT_EXECUTE|[263]
08:22:53.0 (49696345)|STATEMENT_EXECUTE|[264]
08:22:53.0 (49703193)|HEAP_ALLOCATE|[264]|Bytes:18
08:22:53.0 (49711945)|HEAP_ALLOCATE|[264]|Bytes:35
08:22:53.0 (49719530)|HEAP_ALLOCATE|[EXTERNAL]|Bytes:4
08:22:53.0 (49727734)|HEAP_ALLOCATE|[263]|Bytes:5
08:22:53.0 (49734215)|HEAP_ALLOCATE|[263]|Bytes:72
08:22:53.0 (49738243)|VARIABLE_SCOPE_BEGIN|[263]|insrncBnftInstance|Insurance_Benefit__c|true|false
08:22:53.0 (49760766)|VARIABLE_ASSIGNMENT|[263]|insrncBnftInstance|{"Id":"a1H29000000uZdPEAU","Name":"Insurance Benefit 75 (2 more) ...","RecordTypeId":"012j00000015GS6AAM","Patient_Insurance__c":"a1b29000000d1kgAAA","PHP_Admit_Co_Payment (3 more) ...":0.00,"Max_Out_of_Pocket_Re (10 more) ...":0.00,"Insurance_Company_is (18 more) ...":false,"Annual_Max_Remaining (3 more) ...":1000000,"Deductible_Remaining (3 more) ...":0.00,"Uncovered_Days_Rate_ (2 more) ...":630.00,"Room_and_Board_Days_ (7 more) ...":2000.00,"Lifetime_Max__c":1000000.00,"Lifetime_Max_Met__c":0.00,"Annual_Max__c":1000000.00,"Annual_Max_Met__c":0.00,"RecordType":{"Name":"In Network","Id":"012j00000015GS6AAM"},"Patient_Insurance__r":{"Opportunity__c":"00629000003FJ4bAAG","Accreditation__c":"State","Insurance_Company__c":"0012900000AXSNIAA5","Id":"a1b29000000d1kgAAA","Insurance_Company__r":{"Name":"4 Your Choice","Id":"0012900000AXSNIAA5","RecordTypeId":"012j00000015GRqAAM"}}}|0x332e862f
08:22:53.0 (49774166)|STATEMENT_EXECUTE|[263]
08:22:53.0 (49775260)|STATEMENT_EXECUTE|[264]
08:22:53.0 (49781430)|HEAP_ALLOCATE|[264]|Bytes:18
08:22:53.0 (49789726)|HEAP_ALLOCATE|[264]|Bytes:35
08:22:53.0 (49796734)|HEAP_ALLOCATE|[EXTERNAL]|Bytes:4
08:22:53.0 (49804953)|HEAP_ALLOCATE|[263]|Bytes:5
08:22:53.0 (49812447)|VARIABLE_ASSIGNMENT|[263]|insrncBnftInstance|null|
08:22:53.0 (49918908)|VARIABLE_ASSIGNMENT|[EXTERNAL]|this|{"estmtCnrgDaysMap":"0x340974c4","estmtCvrgeDaysObj":"0x669a7459","faciltyOptions":"0x435b2364","fcltyPrgrmOptions":"0x61109226","idToOwnershipFacilit (4 more) ...":"0x1ec07594","idToTypeFacilityMap":"0x2b4de2a9","insrncBnftMap":"0x4ef20a9a","insrncBnftOptions":"0x54f38101","isIop":false,"isTalbott":false,"meta":"0x490232de","oppId":"00629000003FJ4b","pawObj":"0xd1ed9fd","ptntInsrnceOptions":"0x1a06665","ptntInsrncMap":"0x499314d9","ptntInsrncObj":"0x42deb238","quoteObj":"0x11df5bf7","recordId":"00629000003FJ4b","rtAdjstmntOptions":"0x6a75b900","showPILookup":false,"sObjectQueryStr":"","wrprObj":"0x79e7a670"}|0x6e95671b
08:22:53.0 (49994325)|VARIABLE_ASSIGNMENT|[EXTERNAL]|this|{"facilitySelected":"","insrncBnft":"0x1ce5aeba","insrncBnftSelected":"a1H29000000uZbiEAE","pawDetailListDisplay (4 more) ...":false,"pyAgrmntWrksht":"0x1cca2b35","relatedPAWDetailsLis (1 more) ...":"0x566154b6","targetEDR":0.00,"totalAppliedDeductib (2 more) ...":0.00,"totalCoInsurance":0.00,"totalCoPayAmt":0.00,"totalInsCoResp":0.00,"totalInsEIVAmt":0.00,"totalRowCount":0,"totalTalbottDay":0}|0x79e7a670
08:22:53.0 (50051632)|VARIABLE_ASSIGNMENT|[EXTERNAL]|this|{"estmtCnrgDaysMap":"0x340974c4","estmtCvrgeDaysObj":"0x669a7459","faciltyOptions":"0x435b2364","fcltyPrgrmOptions":"0x61109226","idToOwnershipFacilit (4 more) ...":"0x1ec07594","idToTypeFacilityMap":"0x2b4de2a9","insrncBnftMap":"0x4ef20a9a","insrncBnftOptions":"0x54f38101","isIop":false,"isTalbott":false,"meta":"0x490232de","oppId":"00629000003FJ4b","pawObj":"0xd1ed9fd","ptntInsrnceOptions":"0x1a06665","ptntInsrncMap":"0x499314d9","ptntInsrncObj":"0x42deb238","quoteObj":"0x11df5bf7","recordId":"00629000003FJ4b","rtAdjstmntOptions":"0x6a75b900","showPILookup":false,"sObjectQueryStr":"","wrprObj":"0x79e7a670"}|0x6e95671b
08:22:53.0 (50099853)|VARIABLE_ASSIGNMENT|[EXTERNAL]|this|{"facilitySelected":"","insrncBnft":"0x1ce5aeba","insrncBnftSelected":"a1H29000000uZbiEAE","pawDetailListDisplay (4 more) ...":false,"pyAgrmntWrksht":"0x1cca2b35","relatedPAWDetailsLis (1 more) ...":"0x566154b6","targetEDR":0.00,"totalAppliedDeductib (2 more) ...":0.00,"totalCoInsurance":0.00,"totalCoPayAmt":0.00,"totalInsCoResp":0.00,"totalInsEIVAmt":0.00,"totalRowCount":0,"totalTalbottDay":0}|0x79e7a670
08:22:53.0 (50127627)|STATEMENT_EXECUTE|[267]
08:22:53.0 (50129013)|STATEMENT_EXECUTE|[268]
08:22:53.0 (50184813)|VARIABLE_ASSIGNMENT|[EXTERNAL]|this|{"estmtCnrgDaysMap":"0x340974c4","estmtCvrgeDaysObj":"0x669a7459","faciltyOptions":"0x435b2364","fcltyPrgrmOptions":"0x61109226","idToOwnershipFacilit (4 more) ...":"0x1ec07594","idToTypeFacilityMap":"0x2b4de2a9","insrncBnftMap":"0x4ef20a9a","insrncBnftOptions":"0x54f38101","isIop":false,"isTalbott":false,"meta":"0x490232de","oppId":"00629000003FJ4b","pawObj":"0xd1ed9fd","ptntInsrnceOptions":"0x1a06665","ptntInsrncMap":"0x499314d9","ptntInsrncObj":"0x42deb238","quoteObj":"0x11df5bf7","recordId":"00629000003FJ4b","rtAdjstmntOptions":"0x6a75b900","showPILookup":false,"sObjectQueryStr":"","wrprObj":"0x79e7a670"}|0x6e95671b
08:22:53.0 (50229758)|VARIABLE_ASSIGNMENT|[EXTERNAL]|this|{"facilitySelected":"","insrncBnft":"0x1ce5aeba","insrncBnftSelected":"a1H29000000uZbiEAE","pawDetailListDisplay (4 more) ...":false,"pyAgrmntWrksht":"0x1cca2b35","relatedPAWDetailsLis (1 more) ...":"0x566154b6","targetEDR":0.00,"totalAppliedDeductib (2 more) ...":0.00,"totalCoInsurance":0.00,"totalCoPayAmt":0.00,"totalInsCoResp":0.00,"totalInsEIVAmt":0.00,"totalRowCount":0,"totalTalbottDay":0}|0x79e7a670
08:22:53.0 (50315785)|VARIABLE_ASSIGNMENT|[EXTERNAL]|this|{"estmtCnrgDaysMap":"0x340974c4","estmtCvrgeDaysObj":"0x669a7459","faciltyOptions":"0x435b2364","fcltyPrgrmOptions":"0x61109226","idToOwnershipFacilit (4 more) ...":"0x1ec07594","idToTypeFacilityMap":"0x2b4de2a9","insrncBnftMap":"0x4ef20a9a","insrncBnftOptions":"0x54f38101","isIop":false,"isTalbott":false,"meta":"0x490232de","oppId":"00629000003FJ4b","pawObj":"0xd1ed9fd","ptntInsrnceOptions":"0x1a06665","ptntInsrncMap":"0x499314d9","ptntInsrncObj":"0x42deb238","quoteObj":"0x11df5bf7","recordId":"00629000003FJ4b","rtAdjstmntOptions":"0x6a75b900","showPILookup":false,"sObjectQueryStr":"","wrprObj":"0x79e7a670"}|0x6e95671b
08:22:53.0 (50367269)|VARIABLE_ASSIGNMENT|[EXTERNAL]|this|{"facilitySelected":"","insrncBnft":"0x1ce5aeba","insrncBnftSelected":"a1H29000000uZbiEAE","pawDetailListDisplay (4 more) ...":false,"pyAgrmntWrksht":"0x1cca2b35","relatedPAWDetailsLis (1 more) ...":"0x566154b6","targetEDR":0.00,"totalAppliedDeductib (2 more) ...":0.00,"totalCoInsurance":0.00,"totalCoPayAmt":0.00,"totalInsCoResp":0.00,"totalInsEIVAmt":0.00,"totalRowCount":0,"totalTalbottDay":0}|0x79e7a670
08:22:53.0 (50395577)|VARIABLE_ASSIGNMENT|[EXTERNAL]|value|{"Id":"a1H29000000uZbiEAE","Name":"Insurance Benefit 75 (2 more) ...","RecordTypeId":"012j00000015GS6AAM","Patient_Insurance__c":"a1b29000000d1kgAAA","PHP_Admit_Co_Payment (3 more) ...":0.00,"Max_Out_of_Pocket_Re (10 more) ...":0.00,"Insurance_Company_is (18 more) ...":false,"Annual_Max_Remaining (3 more) ...":1000000,"Deductible_Remaining (3 more) ...":0.00,"Uncovered_Days_Rate_ (2 more) ...":630.00,"Room_and_Board_Days_ (7 more) ...":2000.00,"Lifetime_Max__c":1000000.00,"Lifetime_Max_Met__c":0.00,"Annual_Max__c":1000000.00,"Annual_Max_Met__c":0.00,"RecordType":{"Name":"In Network","Id":"012j00000015GS6AAM"},"Patient_Insurance__r":{"Opportunity__c":"00629000003FJ4bAAG","Accreditation__c":"State","Insurance_Company__c":"0012900000AXSNIAA5","Id":"a1b29000000d1kgAAA","Insurance_Company__r":{"Name":"4 Your Choice","Id":"0012900000AXSNIAA5","RecordTypeId":"012j00000015GRqAAM"}}}|0x188e22a0
08:22:53.0 (50427333)|VARIABLE_ASSIGNMENT|[525]|this.insrncBnft|{"Id":"a1H29000000uZbiEAE","Name":"Insurance Benefit 75 (2 more) ...","RecordTypeId":"012j00000015GS6AAM","Patient_Insurance__c":"a1b29000000d1kgAAA","PHP_Admit_Co_Payment (3 more) ...":0.00,"Max_Out_of_Pocket_Re (10 more) ...":0.00,"Insurance_Company_is (18 more) ...":false,"Annual_Max_Remaining (3 more) ...":1000000,"Deductible_Remaining (3 more) ...":0.00,"Uncovered_Days_Rate_ (2 more) ...":630.00,"Room_and_Board_Days_ (7 more) ...":2000.00,"Lifetime_Max__c":1000000.00,"Lifetime_Max_Met__c":0.00,"Annual_Max__c":1000000.00,"Annual_Max_Met__c":0.00,"RecordType":{"Name":"In Network","Id":"012j00000015GS6AAM"},"Patient_Insurance__r":{"Opportunity__c":"00629000003FJ4bAAG","Accreditation__c":"State","Insurance_Company__c":"0012900000AXSNIAA5","Id":"a1b29000000d1kgAAA","Insurance_Company__r":{"Name":"4 Your Choice","Id":"0012900000AXSNIAA5","RecordTypeId":"012j00000015GRqAAM"}}}|0x79e7a670
08:22:53.0 (50443480)|STATEMENT_EXECUTE|[272]
08:22:53.56 (56062422)|SYSTEM_MODE_ENTER|true
08:22:53.56 (56120861)|HEAP_ALLOCATE|[EXTERNAL]|Bytes:8
08:22:53.56 (56130576)|VARIABLE_SCOPE_BEGIN|[88]|this|ApexPage.PageMessagesComponentController|true|false
08:22:53.56 (56154896)|VARIABLE_ASSIGNMENT|[88]|this|{}|0x6c91c90c
08:22:53.56 (56161367)|VARIABLE_SCOPE_BEGIN|[88]|escape|Boolean|false|false
08:22:53.56 (56167286)|VARIABLE_ASSIGNMENT|[88]|escape|null
08:22:53.0 (56465963)|HEAP_ALLOCATE|[EXTERNAL]|Bytes:18
08:22:53.0 (56472279)|HEAP_ALLOCATE|[EXTERNAL]|Bytes:84
08:22:53.0 (56481577)|VARIABLE_ASSIGNMENT|[EXTERNAL]|this.insrncBnftSelected|"a1H29000000uZbnEAE"|0x79e7a670
08:22:53.0 (56526498)|HEAP_ALLOCATE|[EXTERNAL]|Bytes:84
08:22:53.0 (56533849)|VARIABLE_ASSIGNMENT|[EXTERNAL]|this.facilitySelected|null|0x79e7a670
08:22:53.0 (56571309)|HEAP_ALLOCATE|[EXTERNAL]|Bytes:84
08:22:53.0 (56577826)|VARIABLE_ASSIGNMENT|[EXTERNAL]|this.rateAdjstmntSelected|null|0x79e7a670
08:22:53.0 (56612525)|HEAP_ALLOCATE|[EXTERNAL]|Bytes:84
08:22:53.0 (56617855)|VARIABLE_ASSIGNMENT|[EXTERNAL]|this.fcltyPrgrmSelected|null|0x79e7a670
08:22:53.0 (61068670)|HEAP_ALLOCATE|[EXTERNAL]|Bytes:112
08:22:53.0 (61078688)|VARIABLE_SCOPE_BEGIN|[276]|this|PAW_New_EditCntrllr|true|false
08:22:53.0 (61144081)|VARIABLE_ASSIGNMENT|[276]|this|{"estmtCnrgDaysMap":"0x340974c4","estmtCvrgeDaysObj":"0x669a7459","faciltyOptions":"0x435b2364","fcltyPrgrmOptions":"0x61109226","idToOwnershipFacilit (4 more) ...":"0x1ec07594","idToTypeFacilityMap":"0x2b4de2a9","insrncBnftMap":"0x4ef20a9a","insrncBnftOptions":"0x54f38101","isIop":false,"isTalbott":false,"meta":"0x490232de","oppId":"00629000003FJ4b","pawObj":"0xd1ed9fd","ptntInsrnceOptions":"0x1a06665","ptntInsrncMap":"0x499314d9","ptntInsrncObj":"0x42deb238","quoteObj":"0x11df5bf7","recordId":"00629000003FJ4b","rtAdjstmntOptions":"0x6a75b900","showPILookup":false,"sObjectQueryStr":"","wrprObj":"0x79e7a670"}|0x6e95671b
08:22:53.0 (61160562)|STATEMENT_EXECUTE|[276]
08:22:53.0 (61162292)|STATEMENT_EXECUTE|[277]
08:22:53.0 (61174478)|HEAP_ALLOCATE|[277]|Bytes:4
08:22:53.0 (61266904)|VARIABLE_ASSIGNMENT|[EXTERNAL]|this|{"estmtCnrgDaysMap":"0x340974c4","estmtCvrgeDaysObj":"0x669a7459","faciltyOptions":"0x435b2364","fcltyPrgrmOptions":"0x61109226","idToOwnershipFacilit (4 more) ...":"0x1ec07594","idToTypeFacilityMap":"0x2b4de2a9","insrncBnftMap":"0x4ef20a9a","insrncBnftOptions":"0x54f38101","isIop":false,"isTalbott":false,"meta":"0x490232de","oppId":"00629000003FJ4b","pawObj":"0xd1ed9fd","ptntInsrnceOptions":"0x1a06665","ptntInsrncMap":"0x499314d9","ptntInsrncObj":"0x42deb238","quoteObj":"0x11df5bf7","recordId":"00629000003FJ4b","rtAdjstmntOptions":"0x6a75b900","showPILookup":false,"sObjectQueryStr":"","wrprObj":"0x79e7a670"}|0x6e95671b
08:22:53.0 (61303409)|HEAP_ALLOCATE|[EXTERNAL]|Bytes:4
08:22:53.0 (61313837)|VARIABLE_ASSIGNMENT|[EXTERNAL]|value|[]|0x340d0139
08:22:53.0 (61325387)|VARIABLE_ASSIGNMENT|[14]|this.faciltyOptions|[]|0x6e95671b
08:22:53.0 (61334040)|STATEMENT_EXECUTE|[278]
08:22:53.0 (61340382)|HEAP_ALLOCATE|[278]|Bytes:4
08:22:53.0 (61413396)|VARIABLE_ASSIGNMENT|[EXTERNAL]|this|{"estmtCnrgDaysMap":"0x340974c4","estmtCvrgeDaysObj":"0x669a7459","faciltyOptions":"0x340d0139","fcltyPrgrmOptions":"0x61109226","idToOwnershipFacilit (4 more) ...":"0x1ec07594","idToTypeFacilityMap":"0x2b4de2a9","insrncBnftMap":"0x4ef20a9a","insrncBnftOptions":"0x54f38101","isIop":false,"isTalbott":false,"meta":"0x490232de","oppId":"00629000003FJ4b","pawObj":"0xd1ed9fd","ptntInsrnceOptions":"0x1a06665","ptntInsrncMap":"0x499314d9","ptntInsrncObj":"0x42deb238","quoteObj":"0x11df5bf7","recordId":"00629000003FJ4b","rtAdjstmntOptions":"0x6a75b900","showPILookup":false,"sObjectQueryStr":"","wrprObj":"0x79e7a670"}|0x6e95671b
08:22:53.0 (61434668)|HEAP_ALLOCATE|[EXTERNAL]|Bytes:4
08:22:53.0 (61439903)|VARIABLE_ASSIGNMENT|[EXTERNAL]|value|[]|0x79d3070e
08:22:53.0 (61449164)|VARIABLE_ASSIGNMENT|[15]|this.fcltyPrgrmOptions|[]|0x6e95671b
08:22:53.0 (61456627)|STATEMENT_EXECUTE|[279]
08:22:53.0 (61462254)|HEAP_ALLOCATE|[279]|Bytes:4
08:22:53.0 (61486618)|HEAP_ALLOCATE|[EXTERNAL]|Bytes:4
08:22:53.0 (61492746)|VARIABLE_ASSIGNMENT|[279]|this.rtAdjstmntOptions|[]|0x6e95671b
08:22:53.0 (61497415)|STATEMENT_EXECUTE|[280]
08:22:53.0 (61554317)|VARIABLE_ASSIGNMENT|[EXTERNAL]|this|{"estmtCnrgDaysMap":"0x340974c4","estmtCvrgeDaysObj":"0x669a7459","faciltyOptions":"0x340d0139","fcltyPrgrmOptions":"0x79d3070e","idToOwnershipFacilit (4 more) ...":"0x1ec07594","idToTypeFacilityMap":"0x2b4de2a9","insrncBnftMap":"0x4ef20a9a","insrncBnftOptions":"0x54f38101","isIop":false,"isTalbott":false,"meta":"0x490232de","oppId":"00629000003FJ4b","pawObj":"0xd1ed9fd","ptntInsrnceOptions":"0x1a06665","ptntInsrncMap":"0x499314d9","ptntInsrncObj":"0x42deb238","quoteObj":"0x11df5bf7","recordId":"00629000003FJ4b","rtAdjstmntOptions":"0x25cb3866","showPILookup":false,"sObjectQueryStr":"","wrprObj":"0x79e7a670"}|0x6e95671b
08:22:53.0 (61610056)|VARIABLE_ASSIGNMENT|[EXTERNAL]|this|{"insrncBnft":"0x188e22a0","insrncBnftSelected":"a1H29000000uZbnEAE","pawDetailListDisplay (4 more) ...":false,"pyAgrmntWrksht":"0x1cca2b35","relatedPAWDetailsLis (1 more) ...":"0x566154b6","targetEDR":0.00,"totalAppliedDeductib (2 more) ...":0.00,"totalCoInsurance":0.00,"totalCoPayAmt":0.00,"totalInsCoResp":0.00,"totalInsEIVAmt":0.00,"totalRowCount":0,"totalTalbottDay":0}|0x79e7a670
08:22:53.0 (61619753)|VARIABLE_ASSIGNMENT|[EXTERNAL]|value|""
08:22:53.0 (61626452)|VARIABLE_ASSIGNMENT|[527]|this.facilitySelected|""|0x79e7a670
08:22:53.0 (61632833)|STATEMENT_EXECUTE|[281]
08:22:53.0 (61690551)|VARIABLE_ASSIGNMENT|[EXTERNAL]|this|{"estmtCnrgDaysMap":"0x340974c4","estmtCvrgeDaysObj":"0x669a7459","faciltyOptions":"0x340d0139","fcltyPrgrmOptions":"0x79d3070e","idToOwnershipFacilit (4 more) ...":"0x1ec07594","idToTypeFacilityMap":"0x2b4de2a9","insrncBnftMap":"0x4ef20a9a","insrncBnftOptions":"0x54f38101","isIop":false,"isTalbott":false,"meta":"0x490232de","oppId":"00629000003FJ4b","pawObj":"0xd1ed9fd","ptntInsrnceOptions":"0x1a06665","ptntInsrncMap":"0x499314d9","ptntInsrncObj":"0x42deb238","quoteObj":"0x11df5bf7","recordId":"00629000003FJ4b","rtAdjstmntOptions":"0x25cb3866","showPILookup":false,"sObjectQueryStr":"","wrprObj":"0x79e7a670"}|0x6e95671b
08:22:53.0 (61710043)|HEAP_ALLOCATE|[281]|Bytes:8
08:22:53.0 (61736627)|HEAP_ALLOCATE|[EXTERNAL]|Bytes:4
08:22:53.0 (61794301)|VARIABLE_ASSIGNMENT|[EXTERNAL]|this|{"estmtCnrgDaysMap":"0x340974c4","estmtCvrgeDaysObj":"0x669a7459","faciltyOptions":"0x340d0139","fcltyPrgrmOptions":"0x79d3070e","idToOwnershipFacilit (4 more) ...":"0x1ec07594","idToTypeFacilityMap":"0x2b4de2a9","insrncBnftMap":"0x4ef20a9a","insrncBnftOptions":"0x54f38101","isIop":false,"isTalbott":false,"meta":"0x490232de","oppId":"00629000003FJ4b","pawObj":"0xd1ed9fd","ptntInsrnceOptions":"0x1a06665","ptntInsrncMap":"0x499314d9","ptntInsrncObj":"0x42deb238","quoteObj":"0x11df5bf7","recordId":"00629000003FJ4b","rtAdjstmntOptions":"0x25cb3866","showPILookup":false,"sObjectQueryStr":"","wrprObj":"0x79e7a670"}|0x6e95671b
08:22:53.0 (61843573)|VARIABLE_ASSIGNMENT|[EXTERNAL]|this|{"facilitySelected":"","insrncBnft":"0x188e22a0","insrncBnftSelected":"a1H29000000uZbnEAE","pawDetailListDisplay (4 more) ...":false,"pyAgrmntWrksht":"0x1cca2b35","relatedPAWDetailsLis (1 more) ...":"0x566154b6","targetEDR":0.00,"totalAppliedDeductib (2 more) ...":0.00,"totalCoInsurance":0.00,"totalCoPayAmt":0.00,"totalInsCoResp":0.00,"totalInsEIVAmt":0.00,"totalRowCount":0,"totalTalbottDay":0}|0x79e7a670
08:22:53.0 (61895978)|VARIABLE_ASSIGNMENT|[EXTERNAL]|this|{"estmtCnrgDaysMap":"0x340974c4","estmtCvrgeDaysObj":"0x669a7459","faciltyOptions":"0x340d0139","fcltyPrgrmOptions":"0x79d3070e","idToOwnershipFacilit (4 more) ...":"0x1ec07594","idToTypeFacilityMap":"0x2b4de2a9","insrncBnftMap":"0x4ef20a9a","insrncBnftOptions":"0x54f38101","isIop":false,"isTalbott":false,"meta":"0x490232de","oppId":"00629000003FJ4b","pawObj":"0xd1ed9fd","ptntInsrnceOptions":"0x1a06665","ptntInsrncMap":"0x499314d9","ptntInsrncObj":"0x42deb238","quoteObj":"0x11df5bf7","recordId":"00629000003FJ4b","rtAdjstmntOptions":"0x25cb3866","showPILookup":false,"sObjectQueryStr":"","wrprObj":"0x79e7a670"}|0x6e95671b
08:22:53.0 (61943330)|VARIABLE_ASSIGNMENT|[EXTERNAL]|this|{"facilitySelected":"","insrncBnft":"0x188e22a0","insrncBnftSelected":"a1H29000000uZbnEAE","pawDetailListDisplay (4 more) ...":false,"pyAgrmntWrksht":"0x1cca2b35","relatedPAWDetailsLis (1 more) ...":"0x566154b6","targetEDR":0.00,"totalAppliedDeductib (2 more) ...":0.00,"totalCoInsurance":0.00,"totalCoPayAmt":0.00,"totalInsCoResp":0.00,"totalInsEIVAmt":0.00,"totalRowCount":0,"totalTalbottDay":0}|0x79e7a670
08:22:53.0 (61967773)|STATEMENT_EXECUTE|[282]
08:22:53.0 (61969155)|STATEMENT_EXECUTE|[283]
08:22:53.0 (62020901)|VARIABLE_ASSIGNMENT|[EXTERNAL]|this|{"estmtCnrgDaysMap":"0x340974c4","estmtCvrgeDaysObj":"0x669a7459","faciltyOptions":"0x340d0139","fcltyPrgrmOptions":"0x79d3070e","idToOwnershipFacilit (4 more) ...":"0x1ec07594","idToTypeFacilityMap":"0x2b4de2a9","insrncBnftMap":"0x4ef20a9a","insrncBnftOptions":"0x54f38101","isIop":false,"isTalbott":false,"meta":"0x490232de","oppId":"00629000003FJ4b","pawObj":"0xd1ed9fd","ptntInsrnceOptions":"0x1a06665","ptntInsrncMap":"0x499314d9","ptntInsrncObj":"0x42deb238","quoteObj":"0x11df5bf7","recordId":"00629000003FJ4b","rtAdjstmntOptions":"0x25cb3866","showPILookup":false,"sObjectQueryStr":"","wrprObj":"0x79e7a670"}|0x6e95671b
08:22:53.0 (62066556)|VARIABLE_ASSIGNMENT|[EXTERNAL]|this|{"facilitySelected":"","insrncBnft":"0x188e22a0","insrncBnftSelected":"a1H29000000uZbnEAE","pawDetailListDisplay (4 more) ...":false,"pyAgrmntWrksht":"0x1cca2b35","relatedPAWDetailsLis (1 more) ...":"0x566154b6","targetEDR":0.00,"totalAppliedDeductib (2 more) ...":0.00,"totalCoInsurance":0.00,"totalCoPayAmt":0.00,"totalInsCoResp":0.00,"totalInsEIVAmt":0.00,"totalRowCount":0,"totalTalbottDay":0}|0x79e7a670
08:22:53.0 (62142018)|VARIABLE_ASSIGNMENT|[EXTERNAL]|this|{"estmtCnrgDaysMap":"0x340974c4","estmtCvrgeDaysObj":"0x669a7459","faciltyOptions":"0x340d0139","fcltyPrgrmOptions":"0x79d3070e","idToOwnershipFacilit (4 more) ...":"0x1ec07594","idToTypeFacilityMap":"0x2b4de2a9","insrncBnftMap":"0x4ef20a9a","insrncBnftOptions":"0x54f38101","isIop":false,"isTalbott":false,"meta":"0x490232de","oppId":"00629000003FJ4b","pawObj":"0xd1ed9fd","ptntInsrnceOptions":"0x1a06665","ptntInsrncMap":"0x499314d9","ptntInsrncObj":"0x42deb238","quoteObj":"0x11df5bf7","recordId":"00629000003FJ4b","rtAdjstmntOptions":"0x25cb3866","showPILookup":false,"sObjectQueryStr":"","wrprObj":"0x79e7a670"}|0x6e95671b
08:22:53.0 (62185873)|VARIABLE_ASSIGNMENT|[EXTERNAL]|this|{"facilitySelected":"","insrncBnft":"0x188e22a0","insrncBnftSelected":"a1H29000000uZbnEAE","pawDetailListDisplay (4 more) ...":false,"pyAgrmntWrksht":"0x1cca2b35","relatedPAWDetailsLis (1 more) ...":"0x566154b6","targetEDR":0.00,"totalAppliedDeductib (2 more) ...":0.00,"totalCoInsurance":0.00,"totalCoPayAmt":0.00,"totalInsCoResp":0.00,"totalInsEIVAmt":0.00,"totalRowCount":0,"totalTalbottDay":0}|0x79e7a670
08:22:53.0 (62217364)|VARIABLE_ASSIGNMENT|[EXTERNAL]|value|{"Id":"a1H29000000uZbnEAE","Name":"Insurance Benefit 75 (2 more) ...","RecordTypeId":"012j00000015GS6AAM","Patient_Insurance__c":"a1b29000000d1kgAAA","PHP_Admit_Co_Payment (3 more) ...":0.00,"Max_Out_of_Pocket_Re (10 more) ...":0.00,"Insurance_Company_is (18 more) ...":false,"Annual_Max_Remaining (3 more) ...":1000000,"Deductible_Remaining (3 more) ...":0.00,"Uncovered_Days_Rate_ (2 more) ...":630.00,"Room_and_Board_Days_ (7 more) ...":2000.00,"Lifetime_Max__c":1000000.00,"Lifetime_Max_Met__c":0.00,"Annual_Max__c":1000000.00,"Annual_Max_Met__c":0.00,"RecordType":{"Name":"In Network","Id":"012j00000015GS6AAM"},"Patient_Insurance__r":{"Opportunity__c":"00629000003FJ4bAAG","Accreditation__c":"State","Insurance_Company__c":"0012900000AXSNIAA5","Id":"a1b29000000d1kgAAA","Insurance_Company__r":{"Name":"4 Your Choice","Id":"0012900000AXSNIAA5","RecordTypeId":"012j00000015GRqAAM"}}}|0x4e1fe4a5
08:22:53.0 (62247905)|VARIABLE_ASSIGNMENT|[525]|this.insrncBnft|{"Id":"a1H29000000uZbnEAE","Name":"Insurance Benefit 75 (2 more) ...","RecordTypeId":"012j00000015GS6AAM","Patient_Insurance__c":"a1b29000000d1kgAAA","PHP_Admit_Co_Payment (3 more) ...":0.00,"Max_Out_of_Pocket_Re (10 more) ...":0.00,"Insurance_Company_is (18 more) ...":false,"Annual_Max_Remaining (3 more) ...":1000000,"Deductible_Remaining (3 more) ...":0.00,"Uncovered_Days_Rate_ (2 more) ...":630.00,"Room_and_Board_Days_ (7 more) ...":2000.00,"Lifetime_Max__c":1000000.00,"Lifetime_Max_Met__c":0.00,"Annual_Max__c":1000000.00,"Annual_Max_Met__c":0.00,"RecordType":{"Name":"In Network","Id":"012j00000015GS6AAM"},"Patient_Insurance__r":{"Opportunity__c":"00629000003FJ4bAAG","Accreditation__c":"State","Insurance_Company__c":"0012900000AXSNIAA5","Id":"a1b29000000d1kgAAA","Insurance_Company__r":{"Name":"4 Your Choice","Id":"0012900000AXSNIAA5","RecordTypeId":"012j00000015GRqAAM"}}}|0x79e7a670
08:22:53.0 (62262892)|STATEMENT_EXECUTE|[284]
08:22:53.0 (62318271)|VARIABLE_ASSIGNMENT|[EXTERNAL]|this|{"estmtCnrgDaysMap":"0x340974c4","estmtCvrgeDaysObj":"0x669a7459","faciltyOptions":"0x340d0139","fcltyPrgrmOptions":"0x79d3070e","idToOwnershipFacilit (4 more) ...":"0x1ec07594","idToTypeFacilityMap":"0x2b4de2a9","insrncBnftMap":"0x4ef20a9a","insrncBnftOptions":"0x54f38101","isIop":false,"isTalbott":false,"meta":"0x490232de","oppId":"00629000003FJ4b","pawObj":"0xd1ed9fd","ptntInsrnceOptions":"0x1a06665","ptntInsrncMap":"0x499314d9","ptntInsrncObj":"0x42deb238","quoteObj":"0x11df5bf7","recordId":"00629000003FJ4b","rtAdjstmntOptions":"0x25cb3866","showPILookup":false,"sObjectQueryStr":"","wrprObj":"0x79e7a670"}|0x6e95671b
08:22:53.0 (62370619)|VARIABLE_ASSIGNMENT|[EXTERNAL]|this|{"facilitySelected":"","insrncBnft":"0x4e1fe4a5","insrncBnftSelected":"a1H29000000uZbnEAE","pawDetailListDisplay (4 more) ...":false,"pyAgrmntWrksht":"0x1cca2b35","relatedPAWDetailsLis (1 more) ...":"0x566154b6","targetEDR":0.00,"totalAppliedDeductib (2 more) ...":0.00,"totalCoInsurance":0.00,"totalCoPayAmt":0.00,"totalInsCoResp":0.00,"totalInsEIVAmt":0.00,"totalRowCount":0,"totalTalbottDay":0}|0x79e7a670
08:22:53.0 (62428238)|VARIABLE_ASSIGNMENT|[EXTERNAL]|this|{"estmtCnrgDaysMap":"0x340974c4","estmtCvrgeDaysObj":"0x669a7459","faciltyOptions":"0x340d0139","fcltyPrgrmOptions":"0x79d3070e","idToOwnershipFacilit (4 more) ...":"0x1ec07594","idToTypeFacilityMap":"0x2b4de2a9","insrncBnftMap":"0x4ef20a9a","insrncBnftOptions":"0x54f38101","isIop":false,"isTalbott":false,"meta":"0x490232de","oppId":"00629000003FJ4b","pawObj":"0xd1ed9fd","ptntInsrnceOptions":"0x1a06665","ptntInsrncMap":"0x499314d9","ptntInsrncObj":"0x42deb238","quoteObj":"0x11df5bf7","recordId":"00629000003FJ4b","rtAdjstmntOptions":"0x25cb3866","showPILookup":false,"sObjectQueryStr":"","wrprObj":"0x79e7a670"}|0x6e95671b
08:22:53.0 (62472426)|VARIABLE_ASSIGNMENT|[EXTERNAL]|this|{"facilitySelected":"","insrncBnft":"0x4e1fe4a5","insrncBnftSelected":"a1H29000000uZbnEAE","pawDetailListDisplay (4 more) ...":false,"pyAgrmntWrksht":"0x1cca2b35","relatedPAWDetailsLis (1 more) ...":"0x566154b6","targetEDR":0.00,"totalAppliedDeductib (2 more) ...":0.00,"totalCoInsurance":0.00,"totalCoPayAmt":0.00,"totalInsCoResp":0.00,"totalInsEIVAmt":0.00,"totalRowCount":0,"totalTalbottDay":0}|0x79e7a670
08:22:53.0 (62543174)|VARIABLE_ASSIGNMENT|[284]|this.Deductible_Included_in_OOP__c|null|0x1cca2b35
08:22:53.0 (62549049)|STATEMENT_EXECUTE|[285]
08:22:53.0 (62577298)|HEAP_ALLOCATE|[285]|Bytes:4
08:22:53.0 (62584419)|HEAP_ALLOCATE|[285]|Bytes:315
08:22:53.0 (62595450)|HEAP_ALLOCATE|[285]|Bytes:4
08:22:53.0 (62659923)|VARIABLE_ASSIGNMENT|[EXTERNAL]|this|{"estmtCnrgDaysMap":"0x340974c4","estmtCvrgeDaysObj":"0x669a7459","faciltyOptions":"0x340d0139","fcltyPrgrmOptions":"0x79d3070e","idToOwnershipFacilit (4 more) ...":"0x1ec07594","idToTypeFacilityMap":"0x2b4de2a9","insrncBnftMap":"0x4ef20a9a","insrncBnftOptions":"0x54f38101","isIop":false,"isTalbott":false,"meta":"0x490232de","oppId":"00629000003FJ4b","pawObj":"0xd1ed9fd","ptntInsrnceOptions":"0x1a06665","ptntInsrncMap":"0x499314d9","ptntInsrncObj":"0x42deb238","quoteObj":"0x11df5bf7","recordId":"00629000003FJ4b","rtAdjstmntOptions":"0x25cb3866","showPILookup":false,"sObjectQueryStr":"","wrprObj":"0x79e7a670"}|0x6e95671b
08:22:53.0 (62707267)|VARIABLE_ASSIGNMENT|[EXTERNAL]|this|{"facilitySelected":"","insrncBnft":"0x4e1fe4a5","insrncBnftSelected":"a1H29000000uZbnEAE","pawDetailListDisplay (4 more) ...":false,"pyAgrmntWrksht":"0x1cca2b35","relatedPAWDetailsLis (1 more) ...":"0x566154b6","targetEDR":0.00,"totalAppliedDeductib (2 more) ...":0.00,"totalCoInsurance":0.00,"totalCoPayAmt":0.00,"totalInsCoResp":0.00,"totalInsEIVAmt":0.00,"totalRowCount":0,"totalTalbottDay":0}|0x79e7a670
08:22:53.0 (63851227)|SOQL_EXECUTE_BEGIN|[285]|Aggregations:0|SELECT Id, DTX_Days__c, FRN_Facility__c, FRN_Facility__r.Name, FRN_Facility__r.Ownership, FRN_Facility__r.FRN_Facility_Type__c, Insurance_Benefit__c, IOP_Days__c, PHP_Days__c, RTC_Days__c, Total_Copay__c FROM Estimated_Coverage_Days__c WHERE Insurance_Benefit__c = :tmpVar1 ORDER BY LastModifiedDate ASC NULLS FIRST
08:22:53.0 (69823579)|SOQL_EXECUTE_END|[285]|Rows:1
08:22:53.0 (69846367)|HEAP_ALLOCATE|[285]|Bytes:8
08:22:53.0 (69871985)|HEAP_ALLOCATE|[285]|Bytes:537
08:22:53.0 (69926119)|HEAP_ALLOCATE|[285]|Bytes:8
08:22:53.0 (69968108)|HEAP_ALLOCATE|[285]|Bytes:40
08:22:53.0 (69979379)|HEAP_ALLOCATE|[285]|Bytes:4
08:22:53.0 (70023180)|VARIABLE_ASSIGNMENT|[285]|this.estmtCnrgDaysMap|{"a1829000000VpiyAAC":{"Id":"a1829000000VpiyAAC","DTX_Days__c":5,"FRN_Facility__c":"0012900000AXSldAAH","Insurance_Benefit__c":"a1H29000000uZbnEAE","IOP_Days__c":5,"PHP_Days__c":10,"RTC_Days__c":10,"Total_Copay__c":0.00,"FRN_Facility__r":{"Name":"The Oaks at La Palom (1 more) ...","Ownership":"FRN","FRN_Facility_Type__c":"Residential Treatmen (1 more) ...","Id":"0012900000AXSldAAH","RecordTypeId":"012j00000015GRpAAM"}}}|0x6e95671b
08:22:53.0 (70071000)|HEAP_ALLOCATE|[EXTERNAL]|Bytes:8
08:22:53.0 (70082818)|HEAP_ALLOCATE|[299]|Bytes:544
08:22:53.0 (70215223)|HEAP_ALLOCATE|[299]|Bytes:5
08:22:53.0 (70228723)|HEAP_ALLOCATE|[299]|Bytes:40
08:22:53.0 (70236585)|VARIABLE_SCOPE_BEGIN|[299]|estmtInstance|Estimated_Coverage_Days__c|true|false
08:22:53.0 (70260819)|VARIABLE_ASSIGNMENT|[299]|estmtInstance|{"Id":"a1829000000VpiyAAC","DTX_Days__c":5,"FRN_Facility__c":"0012900000AXSldAAH","Insurance_Benefit__c":"a1H29000000uZbnEAE","IOP_Days__c":5,"PHP_Days__c":10,"RTC_Days__c":10,"Total_Copay__c":0.00,"FRN_Facility__r":{"Name":"The Oaks at La Palom (1 more) ...","Ownership":"FRN","FRN_Facility_Type__c":"Residential Treatmen (1 more) ...","Id":"0012900000AXSldAAH","RecordTypeId":"012j00000015GRpAAM"}}|0x35dbb80d
08:22:53.0 (70270857)|STATEMENT_EXECUTE|[299]
08:22:53.0 (70272389)|STATEMENT_EXECUTE|[300]
08:22:53.0 (70389405)|STATEMENT_EXECUTE|[301]
08:22:53.0 (70425729)|STATEMENT_EXECUTE|[302]
08:22:53.0 (70514490)|VARIABLE_ASSIGNMENT|[EXTERNAL]|this|{"estmtCnrgDaysMap":"0xd71b08e","estmtCvrgeDaysObj":"0x669a7459","faciltyOptions":"0x340d0139","fcltyPrgrmOptions":"0x79d3070e","idToOwnershipFacilit (4 more) ...":"0x1ec07594","idToTypeFacilityMap":"0x2b4de2a9","insrncBnftMap":"0x4ef20a9a","insrncBnftOptions":"0x54f38101","isIop":false,"isTalbott":false,"meta":"0x490232de","oppId":"00629000003FJ4b","pawObj":"0xd1ed9fd","ptntInsrnceOptions":"0x1a06665","ptntInsrncMap":"0x499314d9","ptntInsrncObj":"0x42deb238","quoteObj":"0x11df5bf7","recordId":"00629000003FJ4b","rtAdjstmntOptions":"0x25cb3866","showPILookup":false,"sObjectQueryStr":"","wrprObj":"0x79e7a670"}|0x6e95671b
08:22:53.0 (70544679)|HEAP_ALLOCATE|[302]|Bytes:18
08:22:53.0 (70593159)|HEAP_ALLOCATE|[EXTERNAL]|Bytes:4
08:22:53.0 (70606061)|HEAP_ALLOCATE|[299]|Bytes:5
08:22:53.0 (70617190)|VARIABLE_ASSIGNMENT|[299]|estmtInstance|null|
08:22:53.80 (80488128)|SYSTEM_MODE_ENTER|true
08:22:53.80 (80560864)|HEAP_ALLOCATE|[EXTERNAL]|Bytes:8
08:22:53.80 (80572823)|VARIABLE_SCOPE_BEGIN|[88]|this|ApexPage.PageMessagesComponentController|true|false
08:22:53.80 (80604211)|VARIABLE_ASSIGNMENT|[88]|this|{}|0x6c91c90c
08:22:53.80 (80610474)|VARIABLE_SCOPE_BEGIN|[88]|escape|Boolean|false|false
08:22:53.80 (80617326)|VARIABLE_ASSIGNMENT|[88]|escape|null
08:22:53.80 (80726804)|SYSTEM_MODE_ENTER|true
08:22:53.80 (80753575)|HEAP_ALLOCATE|[EXTERNAL]|Bytes:8
08:22:53.80 (80758815)|VARIABLE_SCOPE_BEGIN|[2]|this|ApexPage.PageMessagesComponentController|true|false
08:22:53.80 (80774650)|VARIABLE_ASSIGNMENT|[2]|this|{}|0x6c91c90c
08:22:53.0 (81184272)|SYSTEM_MODE_ENTER|true
08:22:53.0 (81285055)|SYSTEM_MODE_ENTER|true
08:22:53.0 (81538310)|SYSTEM_MODE_ENTER|true
08:22:53.0 (83945778)|SYSTEM_MODE_ENTER|true
08:22:53.0 (83995214)|SYSTEM_MODE_ENTER|true
08:22:53.87 (87507337)|SYSTEM_MODE_ENTER|true
08:22:53.87 (87553108)|HEAP_ALLOCATE|[EXTERNAL]|Bytes:8
08:22:53.87 (87560792)|VARIABLE_SCOPE_BEGIN|[88]|this|ApexPage.PageMessagesComponentController|true|false
08:22:53.87 (87584915)|VARIABLE_ASSIGNMENT|[88]|this|{}|0x6c91c90c
08:22:53.87 (87590809)|VARIABLE_SCOPE_BEGIN|[88]|escape|Boolean|false|false
08:22:53.87 (87597119)|VARIABLE_ASSIGNMENT|[88]|escape|null
08:22:53.87 (87716232)|SYSTEM_MODE_ENTER|true
08:22:53.87 (87740803)|HEAP_ALLOCATE|[EXTERNAL]|Bytes:8
08:22:53.87 (87746520)|VARIABLE_SCOPE_BEGIN|[2]|this|ApexPage.PageMessagesComponentController|true|false
08:22:53.87 (87762288)|VARIABLE_ASSIGNMENT|[2]|this|{}|0x6c91c90c
08:22:53.0 (89518210)|SYSTEM_MODE_ENTER|true
08:22:53.0 (89549699)|HEAP_ALLOCATE|[EXTERNAL]|Bytes:112
08:22:53.0 (89556666)|VARIABLE_SCOPE_BEGIN|[215]|this|PAW_New_EditCntrllr|true|false
08:22:53.0 (89640771)|VARIABLE_ASSIGNMENT|[215]|this|{"estmtCnrgDaysMap":"0xd71b08e","estmtCvrgeDaysObj":"0x669a7459","faciltyOptions":"0x340d0139","fcltyPrgrmOptions":"0x79d3070e","idToOwnershipFacilit (4 more) ...":"0x1ec07594","idToTypeFacilityMap":"0x2b4de2a9","insrncBnftMap":"0x4ef20a9a","insrncBnftOptions":"0x54f38101","isIop":false,"isTalbott":false,"meta":"0x490232de","oppId":"00629000003FJ4b","pawObj":"0xd1ed9fd","ptntInsrnceOptions":"0x1a06665","ptntInsrncMap":"0x499314d9","ptntInsrncObj":"0x42deb238","quoteObj":"0x11df5bf7","recordId":"00629000003FJ4b","rtAdjstmntOptions":"0x25cb3866","showPILookup":false,"sObjectQueryStr":"","wrprObj":"0x79e7a670"}|0x6e95671b
08:22:53.0 (89657577)|STATEMENT_EXECUTE|[215]
08:22:53.0 (89659302)|STATEMENT_EXECUTE|[216]
08:22:53.0 (89674092)|STATEMENT_EXECUTE|[217]
08:22:53.0 (89695633)|HEAP_ALLOCATE|[EXTERNAL]|Bytes:4
08:22:53.0 (89754383)|VARIABLE_ASSIGNMENT|[EXTERNAL]|this|{"estmtCnrgDaysMap":"0xd71b08e","estmtCvrgeDaysObj":"0x669a7459","faciltyOptions":"0x340d0139","fcltyPrgrmOptions":"0x79d3070e","idToOwnershipFacilit (4 more) ...":"0x1ec07594","idToTypeFacilityMap":"0x2b4de2a9","insrncBnftMap":"0x4ef20a9a","insrncBnftOptions":"0x54f38101","isIop":false,"isTalbott":false,"meta":"0x490232de","oppId":"00629000003FJ4b","pawObj":"0xd1ed9fd","ptntInsrnceOptions":"0x1a06665","ptntInsrncMap":"0x499314d9","ptntInsrncObj":"0x42deb238","quoteObj":"0x11df5bf7","recordId":"00629000003FJ4b","rtAdjstmntOptions":"0x25cb3866","showPILookup":false,"sObjectQueryStr":"","wrprObj":"0x79e7a670"}|0x6e95671b
08:22:53.0 (89770399)|STATEMENT_EXECUTE|[218]
08:22:53.0 (89771692)|STATEMENT_EXECUTE|[219]
08:22:53.0 (89796283)|HEAP_ALLOCATE|[219]|Bytes:4
08:22:53.0 (89807237)|HEAP_ALLOCATE|[219]|Bytes:4
08:22:53.0 (89860884)|VARIABLE_ASSIGNMENT|[EXTERNAL]|this|{"estmtCnrgDaysMap":"0xd71b08e","estmtCvrgeDaysObj":"0x669a7459","faciltyOptions":"0x340d0139","fcltyPrgrmOptions":"0x79d3070e","idToOwnershipFacilit (4 more) ...":"0x1ec07594","idToTypeFacilityMap":"0x2b4de2a9","insrncBnftMap":"0x4ef20a9a","insrncBnftOptions":"0x54f38101","isIop":false,"isTalbott":false,"meta":"0x490232de","oppId":"00629000003FJ4b","pawObj":"0xd1ed9fd","ptntInsrnceOptions":"0x1a06665","ptntInsrncMap":"0x499314d9","ptntInsrncObj":"0x42deb238","quoteObj":"0x11df5bf7","recordId":"00629000003FJ4b","rtAdjstmntOptions":"0x25cb3866","showPILookup":false,"sObjectQueryStr":"","wrprObj":"0x79e7a670"}|0x6e95671b
08:22:53.0 (90580893)|SOQL_EXECUTE_BEGIN|[219]|Aggregations:0|SELECT Id, Name, RecordType.Name, Uncovered_Charges__c, Patient_Insurance__r.Accepts_Assignment_of_Benefits__c, Patient_Insurance__r.Opportunity__c, Patient_Insurance__r.Accreditation__c, Patient_Insurance__r.Insurance_Company__r.Name, PHP_Admit_Co_Payment__c, Detox_Admit_Co_Payment__c, RTC_Admit_Co_Payment__c, Deductible__c, Deductible_Met__c, IOP_Admit_Co_Payment__c, Max_Out_of_Pocket_Remaining__c, Insurance_Company_is_Out_of_Network__c, Annual_Max_Remaining__c, Deductible_Remaining__c, Detox_Pays_at__c, Detox_Over__c, RTC_Pays_at__c, Residential_Treatment_Override__c, PHP_Pays_at__c, Partial_Hospitalization_Override__c, IOP_Pays_at__c, Intensive_Outpatient_Override__c, Num_Days_Uncovered__c, Num_Days_Room__c, Uncovered_Days_Rate__c, Room_and_Board_Days_Rate__c, Uncovered_Days_Override__c, Room_and_Board_Days_Override__c, Deductible_Included_in_OOP__c, Uncovered_Days__c, Lifetime_Max__c, Lifetime_Max_Met__c, Annual_Max__c, Annual_Max_Met__c, Max_Out_of_Pocket__c, Max_Out_of_Pocket_Met__c, Co_Pay_Met__c FROM Insurance_Benefit__c WHERE Patient_Insurance__c = :tmpVar1
08:22:53.0 (99780902)|SOQL_EXECUTE_END|[219]|Rows:5
08:22:53.0 (99807930)|HEAP_ALLOCATE|[219]|Bytes:24
08:22:53.0 (99872363)|HEAP_ALLOCATE|[219]|Bytes:5579
08:22:53.0 (99913905)|HEAP_ALLOCATE|[219]|Bytes:24
08:22:53.0 (99939247)|HEAP_ALLOCATE|[219]|Bytes:112
08:22:53.0 (99950207)|HEAP_ALLOCATE|[219]|Bytes:4
08:22:53.0 (99955726)|HEAP_ALLOCATE|[219]|Bytes:112
08:22:53.0 (99959769)|HEAP_ALLOCATE|[219]|Bytes:4
08:22:53.0 (99962714)|HEAP_ALLOCATE|[219]|Bytes:72
08:22:53.0 (99966485)|HEAP_ALLOCATE|[219]|Bytes:4
08:22:53.0 (99969443)|HEAP_ALLOCATE|[219]|Bytes:72
08:22:53.0 (99973337)|HEAP_ALLOCATE|[219]|Bytes:4
08:22:53.0 (99975676)|HEAP_ALLOCATE|[219]|Bytes:72
08:22:53.0 (99979254)|HEAP_ALLOCATE|[219]|Bytes:4
08:22:53.0 (100111766)|VARIABLE_ASSIGNMENT|[219]|this.insrncBnftMap|{"a1H29000000jvcPEAQ":{"Id":"a1H29000000jvcPEAQ","Name":"Insurance Benefit 75 (2 more) ...","RecordTypeId":"012j00000015GS7AAM","Patient_Insurance__c":"a1b29000000d1kgAAA","PHP_Admit_Co_Payment (3 more) ...":0.00,"Deductible__c":6000.00,"Deductible_Met__c":0.00,"Max_Out_of_Pocket_Re (10 more) ...":16000.00,"Insurance_Company_is (18 more) ...":false,"Annual_Max_Remaining (3 more) ...":1000000,"Deductible_Remaining (3 more) ...":6000.00,"Detox_Pays_at__c":50.00,"RTC_Pays_at__c":50.00,"PHP_Pays_at__c":50.00,"IOP_Pays_at__c":50.00,"Uncovered_Days_Rate_ (2 more) ...":1020.00,"Room_and_Board_Days_ (7 more) ...":2000.00,"Deductible_Included_ (9 more) ...":"Yes","Uncovered_Days__c":10,"Lifetime_Max__c":1000000.00,"Lifetime_Max_Met__c":0.00,"Annual_Max__c":1000000.00,"Annual_Max_Met__c":0.00,"Max_Out_of_Pocket__c":16000.00,"Max_Out_of_Pocket_Me (4 more) ...":0.00,"RecordType":{"Name":"Out of Network","Id":"012j00000015GS7AAM"},"Patient_Insurance__r":{"Opportunity__c":"00629000003FJ4bAAG","Accreditation__c":"State","Insurance_Company__c":"0012900000AXSNIAA5","Id":"a1b29000000d1kgAAA","Insurance_Company__r":{"Name":"4 Your Choice","Id":"0012900000AXSNIAA5","RecordTypeId":"012j00000015GRqAAM"}}},"a1H29000000pIg3EAE":{"Id":"a1H29000000pIg3EAE","Name":"Insurance Benefit 75 (2 more) ...","RecordTypeId":"012j00000015GS7AAM","Patient_Insurance__c":"a1b29000000d1kgAAA","PHP_Admit_Co_Payment (3 more) ...":0.00,"Deductible__c":6000.00,"Deductible_Met__c":0.00,"Max_Out_of_Pocket_Re (10 more) ...":16000.00,"Insurance_Company_is (18 more) ...":false,"Annual_Max_Remaining (3 more) ...":1000000,"Deductible_Remaining (3 more) ...":6000.00,"Detox_Pays_at__c":50.00,"RTC_Pays_at__c":50.00,"PHP_Pays_at__c":50.00,"IOP_Pays_at__c":50.00,"Uncovered_Days_Rate_ (2 more) ...":1020.00,"Room_and_Board_Days_ (7 more) ...":2000.00,"Deductible_Included_ (9 more) ...":"Yes","Uncovered_Days__c":10,"Lifetime_Max__c":1000000.00,"Lifetime_Max_Met__c":0.00,"Annual_Max__c":1000000.00,"Annual_Max_Met__c":0.00,"Max_Out_of_Pocket__c":16000.00,"Max_Out_of_Pocket_Me (4 more) ...":0.00,"RecordType":{"Name":"Out of Network","Id":"012j00000015GS7AAM"},"Patient_Insurance__r":{"Opportunity__c":"00629000003FJ4bAAG","Accreditation__c":"State","Insurance_Company__c":"0012900000AXSNIAA5","Id":"a1b29000000d1kgAAA","Insurance_Company__r":{"Name":"4 Your Choice","Id":"0012900000AXSNIAA5","RecordTypeId":"012j00000015GRqAAM"}}},"a1H29000000uZbiEAE":{"Id":"a1H29000000uZbiEAE","Name":"Insurance Benefit 75 (2 more) ...","RecordTypeId":"012j00000015GS6AAM","Patient_Insurance__c":"a1b29000000d1kgAAA","PHP_Admit_Co_Payment (3 more) ...":0.00,"Max_Out_of_Pocket_Re (10 more) ...":0.00,"Insurance_Company_is (18 more) ...":false,"Annual_Max_Remaining (3 more) ...":1000000,"Deductible_Remaining (3 more) ...":0.00,"Uncovered_Days_Rate_ (2 more) ...":630.00,"Room_and_Board_Days_ (7 more) ...":2000.00,"Lifetime_Max__c":1000000.00,"Lifetime_Max_Met__c":0.00,"Annual_Max__c":1000000.00,"Annual_Max_Met__c":0.00,"RecordType":{"Name":"In Network","Id":"012j00000015GS6AAM"},"Patient_Insurance__r":{"Opportunity__c":"00629000003FJ4bAAG","Accreditation__c":"State","Insurance_Company__c":"0012900000AXSNIAA5","Id":"a1b29000000d1kgAAA","Insurance_Company__r":{"Name":"4 Your Choice","Id":"0012900000AXSNIAA5","RecordTypeId":"012j00000015GRqAAM"}}},"a1H29000000uZbnEAE":{"Id":"a1H29000000uZbnEAE","Name":"Insurance Benefit 75 (2 more) ...","RecordTypeId":"012j00000015GS6AAM","Patient_Insurance__c":"a1b29000000d1kgAAA","PHP_Admit_Co_Payment (3 more) ...":0.00,"Max_Out_of_Pocket_Re (10 more) ...":0.00,"Insurance_Company_is (18 more) ...":false,"Annual_Max_Remaining (3 more) ...":1000000,"Deductible_Remaining (3 more) ...":0.00,"Uncovered_Days_Rate_ (2 more) ...":630.00,"Room_and_Board_Days_ (7 more) ...":2000.00,"Lifetime_Max__c":1000000.00,"Lifetime_Max_Met__c":0.00,"Annual_Max__c":1000000.00,"Annual_Max_Met__c":0.00,"RecordType":{"Name":"In Network","Id":"012j00000015GS6AAM"},"Patient_Insurance__r":{"Opportunity__c":"00629000003FJ4bAAG","Accreditation__c":"State","Insurance_Company__c":"0012900000AXSNIAA5","Id":"a1b29000000d1kgAAA","Insurance_Company__r":{"Name":"4 Your Choice","Id":"0012900000AXSNIAA5","RecordTypeId":"012j00000015GRqAAM"}}},"a1H29000000uZdPEAU":{"Id":"a1H29000000uZdPEAU","Name":"Insurance Benefit 75 (2 more) ...","RecordTypeId":"012j00000015GS6AAM","Patient_Insurance__c":"a1b29000000d1kgAAA","PHP_Admit_Co_Payment (3 more) ...":0.00,"Max_Out_of_Pocket_Re (10 more) ...":0.00,"Insurance_Company_is (18 more) ...":false,"Annual_Max_Remaining (3 more) ...":1000000,"Deductible_Remaining (3 more) ...":0.00,"Uncovered_Days_Rate_ (2 more) ...":630.00,"Room_and_Board_Days_ (7 more) ...":2000.00,"Lifetime_Max__c":1000000.00,"Lifetime_Max_Met__c":0.00,"Annual_Max__c":1000000.00,"Annual_Max_Met__c":0.00,"RecordType":{"Name":"In Network","Id":"012j00000015GS6AAM"},"Patient_Insurance__r":{"Opportunity__c":"00629000003FJ4bAAG","Accreditation__c":"State","Insurance_Company__c":"0012900000AXSNIAA5","Id":"a1b29000000d1kgAAA","Insurance_Company__r":{"Name":"4 Your Choice","Id":"0012900000AXSNIAA5","RecordTypeId":"012j00000015GRqAAM"}}}}|0x6e95671b
08:22:53.0 (100190952)|HEAP_ALLOCATE|[EXTERNAL]|Bytes:24
08:22:53.0 (100227800)|HEAP_ALLOCATE|[263]|Bytes:5598
08:22:53.0 (100259817)|HEAP_ALLOCATE|[263]|Bytes:5
08:22:53.0 (100272408)|HEAP_ALLOCATE|[263]|Bytes:112
08:22:53.0 (100281831)|VARIABLE_SCOPE_BEGIN|[263]|insrncBnftInstance|Insurance_Benefit__c|true|false
08:22:53.0 (100317004)|VARIABLE_ASSIGNMENT|[263]|insrncBnftInstance|{"Id":"a1H29000000jvcPEAQ","Name":"Insurance Benefit 75 (2 more) ...","RecordTypeId":"012j00000015GS7AAM","Patient_Insurance__c":"a1b29000000d1kgAAA","PHP_Admit_Co_Payment (3 more) ...":0.00,"Deductible__c":6000.00,"Deductible_Met__c":0.00,"Max_Out_of_Pocket_Re (10 more) ...":16000.00,"Insurance_Company_is (18 more) ...":false,"Annual_Max_Remaining (3 more) ...":1000000,"Deductible_Remaining (3 more) ...":6000.00,"Detox_Pays_at__c":50.00,"RTC_Pays_at__c":50.00,"PHP_Pays_at__c":50.00,"IOP_Pays_at__c":50.00,"Uncovered_Days_Rate_ (2 more) ...":1020.00,"Room_and_Board_Days_ (7 more) ...":2000.00,"Deductible_Included_ (9 more) ...":"Yes","Uncovered_Days__c":10,"Lifetime_Max__c":1000000.00,"Lifetime_Max_Met__c":0.00,"Annual_Max__c":1000000.00,"Annual_Max_Met__c":0.00,"Max_Out_of_Pocket__c":16000.00,"Max_Out_of_Pocket_Me (4 more) ...":0.00,"RecordType":{"Name":"Out of Network","Id":"012j00000015GS7AAM"},"Patient_Insurance__r":{"Opportunity__c":"00629000003FJ4bAAG","Accreditation__c":"State","Insurance_Company__c":"0012900000AXSNIAA5","Id":"a1b29000000d1kgAAA","Insurance_Company__r":{"Name":"4 Your Choice","Id":"0012900000AXSNIAA5","RecordTypeId":"012j00000015GRqAAM"}}}|0x2517004c
08:22:53.0 (100335995)|STATEMENT_EXECUTE|[263]
08:22:53.0 (100337649)|STATEMENT_EXECUTE|[264]
08:22:53.0 (100356590)|HEAP_ALLOCATE|[264]|Bytes:18
08:22:53.0 (100384561)|HEAP_ALLOCATE|[264]|Bytes:39
08:22:53.0 (100406394)|HEAP_ALLOCATE|[EXTERNAL]|Bytes:4
08:22:53.0 (100417439)|HEAP_ALLOCATE|[263]|Bytes:5
08:22:53.0 (100424808)|HEAP_ALLOCATE|[263]|Bytes:112
08:22:53.0 (100429581)|VARIABLE_SCOPE_BEGIN|[263]|insrncBnftInstance|Insurance_Benefit__c|true|false
08:22:53.0 (100458794)|VARIABLE_ASSIGNMENT|[263]|insrncBnftInstance|{"Id":"a1H29000000pIg3EAE","Name":"Insurance Benefit 75 (2 more) ...","RecordTypeId":"012j00000015GS7AAM","Patient_Insurance__c":"a1b29000000d1kgAAA","PHP_Admit_Co_Payment (3 more) ...":0.00,"Deductible__c":6000.00,"Deductible_Met__c":0.00,"Max_Out_of_Pocket_Re (10 more) ...":16000.00,"Insurance_Company_is (18 more) ...":false,"Annual_Max_Remaining (3 more) ...":1000000,"Deductible_Remaining (3 more) ...":6000.00,"Detox_Pays_at__c":50.00,"RTC_Pays_at__c":50.00,"PHP_Pays_at__c":50.00,"IOP_Pays_at__c":50.00,"Uncovered_Days_Rate_ (2 more) ...":1020.00,"Room_and_Board_Days_ (7 more) ...":2000.00,"Deductible_Included_ (9 more) ...":"Yes","Uncovered_Days__c":10,"Lifetime_Max__c":1000000.00,"Lifetime_Max_Met__c":0.00,"Annual_Max__c":1000000.00,"Annual_Max_Met__c":0.00,"Max_Out_of_Pocket__c":16000.00,"Max_Out_of_Pocket_Me (4 more) ...":0.00,"RecordType":{"Name":"Out of Network","Id":"012j00000015GS7AAM"},"Patient_Insurance__r":{"Opportunity__c":"00629000003FJ4bAAG","Accreditation__c":"State","Insurance_Company__c":"0012900000AXSNIAA5","Id":"a1b29000000d1kgAAA","Insurance_Company__r":{"Name":"4 Your Choice","Id":"0012900000AXSNIAA5","RecordTypeId":"012j00000015GRqAAM"}}}|0xbdd76d3
08:22:53.0 (100475788)|STATEMENT_EXECUTE|[263]
08:22:53.0 (100477078)|STATEMENT_EXECUTE|[264]
08:22:53.0 (100485301)|HEAP_ALLOCATE|[264]|Bytes:18
08:22:53.0 (100494729)|HEAP_ALLOCATE|[264]|Bytes:39
08:22:53.0 (100503135)|HEAP_ALLOCATE|[EXTERNAL]|Bytes:4
08:22:53.0 (100511705)|HEAP_ALLOCATE|[263]|Bytes:5
08:22:53.0 (100518202)|HEAP_ALLOCATE|[263]|Bytes:72
08:22:53.0 (100522308)|VARIABLE_SCOPE_BEGIN|[263]|insrncBnftInstance|Insurance_Benefit__c|true|false
08:22:53.0 (100548579)|VARIABLE_ASSIGNMENT|[263]|insrncBnftInstance|{"Id":"a1H29000000uZbiEAE","Name":"Insurance Benefit 75 (2 more) ...","RecordTypeId":"012j00000015GS6AAM","Patient_Insurance__c":"a1b29000000d1kgAAA","PHP_Admit_Co_Payment (3 more) ...":0.00,"Max_Out_of_Pocket_Re (10 more) ...":0.00,"Insurance_Company_is (18 more) ...":false,"Annual_Max_Remaining (3 more) ...":1000000,"Deductible_Remaining (3 more) ...":0.00,"Uncovered_Days_Rate_ (2 more) ...":630.00,"Room_and_Board_Days_ (7 more) ...":2000.00,"Lifetime_Max__c":1000000.00,"Lifetime_Max_Met__c":0.00,"Annual_Max__c":1000000.00,"Annual_Max_Met__c":0.00,"RecordType":{"Name":"In Network","Id":"012j00000015GS6AAM"},"Patient_Insurance__r":{"Opportunity__c":"00629000003FJ4bAAG","Accreditation__c":"State","Insurance_Company__c":"0012900000AXSNIAA5","Id":"a1b29000000d1kgAAA","Insurance_Company__r":{"Name":"4 Your Choice","Id":"0012900000AXSNIAA5","RecordTypeId":"012j00000015GRqAAM"}}}|0x5e4d619d
08:22:53.0 (100562112)|STATEMENT_EXECUTE|[263]
08:22:53.0 (100563071)|STATEMENT_EXECUTE|[264]
08:22:53.0 (100570358)|HEAP_ALLOCATE|[264]|Bytes:18
08:22:53.0 (100583978)|HEAP_ALLOCATE|[264]|Bytes:35
08:22:53.0 (100592714)|HEAP_ALLOCATE|[EXTERNAL]|Bytes:4
08:22:53.0 (100601377)|HEAP_ALLOCATE|[263]|Bytes:5
08:22:53.0 (100607750)|HEAP_ALLOCATE|[263]|Bytes:72
08:22:53.0 (100612116)|VARIABLE_SCOPE_BEGIN|[263]|insrncBnftInstance|Insurance_Benefit__c|true|false
08:22:53.0 (100634344)|VARIABLE_ASSIGNMENT|[263]|insrncBnftInstance|{"Id":"a1H29000000uZbnEAE","Name":"Insurance Benefit 75 (2 more) ...","RecordTypeId":"012j00000015GS6AAM","Patient_Insurance__c":"a1b29000000d1kgAAA","PHP_Admit_Co_Payment (3 more) ...":0.00,"Max_Out_of_Pocket_Re (10 more) ...":0.00,"Insurance_Company_is (18 more) ...":false,"Annual_Max_Remaining (3 more) ...":1000000,"Deductible_Remaining (3 more) ...":0.00,"Uncovered_Days_Rate_ (2 more) ...":630.00,"Room_and_Board_Days_ (7 more) ...":2000.00,"Lifetime_Max__c":1000000.00,"Lifetime_Max_Met__c":0.00,"Annual_Max__c":1000000.00,"Annual_Max_Met__c":0.00,"RecordType":{"Name":"In Network","Id":"012j00000015GS6AAM"},"Patient_Insurance__r":{"Opportunity__c":"00629000003FJ4bAAG","Accreditation__c":"State","Insurance_Company__c":"0012900000AXSNIAA5","Id":"a1b29000000d1kgAAA","Insurance_Company__r":{"Name":"4 Your Choice","Id":"0012900000AXSNIAA5","RecordTypeId":"012j00000015GRqAAM"}}}|0x68b2cf9
08:22:53.0 (100647591)|STATEMENT_EXECUTE|[263]
08:22:53.0 (100648576)|STATEMENT_EXECUTE|[264]
08:22:53.0 (100655000)|HEAP_ALLOCATE|[264]|Bytes:18
08:22:53.0 (100663236)|HEAP_ALLOCATE|[264]|Bytes:35
08:22:53.0 (100670305)|HEAP_ALLOCATE|[EXTERNAL]|Bytes:4
08:22:53.0 (100678298)|HEAP_ALLOCATE|[263]|Bytes:5
08:22:53.0 (100684216)|HEAP_ALLOCATE|[263]|Bytes:72
08:22:53.0 (100688127)|VARIABLE_SCOPE_BEGIN|[263]|insrncBnftInstance|Insurance_Benefit__c|true|false
08:22:53.0 (100710344)|VARIABLE_ASSIGNMENT|[263]|insrncBnftInstance|{"Id":"a1H29000000uZdPEAU","Name":"Insurance Benefit 75 (2 more) ...","RecordTypeId":"012j00000015GS6AAM","Patient_Insurance__c":"a1b29000000d1kgAAA","PHP_Admit_Co_Payment (3 more) ...":0.00,"Max_Out_of_Pocket_Re (10 more) ...":0.00,"Insurance_Company_is (18 more) ...":false,"Annual_Max_Remaining (3 more) ...":1000000,"Deductible_Remaining (3 more) ...":0.00,"Uncovered_Days_Rate_ (2 more) ...":630.00,"Room_and_Board_Days_ (7 more) ...":2000.00,"Lifetime_Max__c":1000000.00,"Lifetime_Max_Met__c":0.00,"Annual_Max__c":1000000.00,"Annual_Max_Met__c":0.00,"RecordType":{"Name":"In Network","Id":"012j00000015GS6AAM"},"Patient_Insurance__r":{"Opportunity__c":"00629000003FJ4bAAG","Accreditation__c":"State","Insurance_Company__c":"0012900000AXSNIAA5","Id":"a1b29000000d1kgAAA","Insurance_Company__r":{"Name":"4 Your Choice","Id":"0012900000AXSNIAA5","RecordTypeId":"012j00000015GRqAAM"}}}|0x1b034904
08:22:53.0 (100724006)|STATEMENT_EXECUTE|[263]
08:22:53.0 (100724974)|STATEMENT_EXECUTE|[264]
08:22:53.0 (100731132)|HEAP_ALLOCATE|[264]|Bytes:18
08:22:53.0 (100738981)|HEAP_ALLOCATE|[264]|Bytes:35
08:22:53.0 (100745340)|HEAP_ALLOCATE|[EXTERNAL]|Bytes:4
08:22:53.0 (100753134)|HEAP_ALLOCATE|[263]|Bytes:5
08:22:53.0 (100761024)|VARIABLE_ASSIGNMENT|[263]|insrncBnftInstance|null|
08:22:53.0 (100849608)|VARIABLE_ASSIGNMENT|[EXTERNAL]|this|{"estmtCnrgDaysMap":"0xd71b08e","estmtCvrgeDaysObj":"0x669a7459","faciltyOptions":"0x340d0139","fcltyPrgrmOptions":"0x79d3070e","idToOwnershipFacilit (4 more) ...":"0x1ec07594","idToTypeFacilityMap":"0x2b4de2a9","insrncBnftMap":"0x41eb24a","insrncBnftOptions":"0x54f38101","isIop":false,"isTalbott":false,"meta":"0x490232de","oppId":"00629000003FJ4b","pawObj":"0xd1ed9fd","ptntInsrnceOptions":"0x1a06665","ptntInsrncMap":"0x499314d9","ptntInsrncObj":"0x42deb238","quoteObj":"0x11df5bf7","recordId":"00629000003FJ4b","rtAdjstmntOptions":"0x25cb3866","showPILookup":false,"sObjectQueryStr":"","wrprObj":"0x79e7a670"}|0x6e95671b
08:22:53.0 (100919955)|VARIABLE_ASSIGNMENT|[EXTERNAL]|this|{"facilitySelected":"","insrncBnft":"0x4e1fe4a5","insrncBnftSelected":"a1H29000000uZbnEAE","pawDetailListDisplay (4 more) ...":false,"pyAgrmntWrksht":"0x1cca2b35","relatedPAWDetailsLis (1 more) ...":"0x566154b6","targetEDR":0.00,"totalAppliedDeductib (2 more) ...":0.00,"totalCoInsurance":0.00,"totalCoPayAmt":0.00,"totalInsCoResp":0.00,"totalInsEIVAmt":0.00,"totalRowCount":0,"totalTalbottDay":0}|0x79e7a670
08:22:53.0 (100974950)|VARIABLE_ASSIGNMENT|[EXTERNAL]|this|{"estmtCnrgDaysMap":"0xd71b08e","estmtCvrgeDaysObj":"0x669a7459","faciltyOptions":"0x340d0139","fcltyPrgrmOptions":"0x79d3070e","idToOwnershipFacilit (4 more) ...":"0x1ec07594","idToTypeFacilityMap":"0x2b4de2a9","insrncBnftMap":"0x41eb24a","insrncBnftOptions":"0x54f38101","isIop":false,"isTalbott":false,"meta":"0x490232de","oppId":"00629000003FJ4b","pawObj":"0xd1ed9fd","ptntInsrnceOptions":"0x1a06665","ptntInsrncMap":"0x499314d9","ptntInsrncObj":"0x42deb238","quoteObj":"0x11df5bf7","recordId":"00629000003FJ4b","rtAdjstmntOptions":"0x25cb3866","showPILookup":false,"sObjectQueryStr":"","wrprObj":"0x79e7a670"}|0x6e95671b
08:22:53.0 (101018114)|VARIABLE_ASSIGNMENT|[EXTERNAL]|this|{"facilitySelected":"","insrncBnft":"0x4e1fe4a5","insrncBnftSelected":"a1H29000000uZbnEAE","pawDetailListDisplay (4 more) ...":false,"pyAgrmntWrksht":"0x1cca2b35","relatedPAWDetailsLis (1 more) ...":"0x566154b6","targetEDR":0.00,"totalAppliedDeductib (2 more) ...":0.00,"totalCoInsurance":0.00,"totalCoPayAmt":0.00,"totalInsCoResp":0.00,"totalInsEIVAmt":0.00,"totalRowCount":0,"totalTalbottDay":0}|0x79e7a670
08:22:53.0 (101044180)|STATEMENT_EXECUTE|[267]
08:22:53.0 (101045461)|STATEMENT_EXECUTE|[268]
08:22:53.0 (101090828)|VARIABLE_ASSIGNMENT|[EXTERNAL]|this|{"estmtCnrgDaysMap":"0xd71b08e","estmtCvrgeDaysObj":"0x669a7459","faciltyOptions":"0x340d0139","fcltyPrgrmOptions":"0x79d3070e","idToOwnershipFacilit (4 more) ...":"0x1ec07594","idToTypeFacilityMap":"0x2b4de2a9","insrncBnftMap":"0x41eb24a","insrncBnftOptions":"0x54f38101","isIop":false,"isTalbott":false,"meta":"0x490232de","oppId":"00629000003FJ4b","pawObj":"0xd1ed9fd","ptntInsrnceOptions":"0x1a06665","ptntInsrncMap":"0x499314d9","ptntInsrncObj":"0x42deb238","quoteObj":"0x11df5bf7","recordId":"00629000003FJ4b","rtAdjstmntOptions":"0x25cb3866","showPILookup":false,"sObjectQueryStr":"","wrprObj":"0x79e7a670"}|0x6e95671b
08:22:53.0 (101133507)|VARIABLE_ASSIGNMENT|[EXTERNAL]|this|{"facilitySelected":"","insrncBnft":"0x4e1fe4a5","insrncBnftSelected":"a1H29000000uZbnEAE","pawDetailListDisplay (4 more) ...":false,"pyAgrmntWrksht":"0x1cca2b35","relatedPAWDetailsLis (1 more) ...":"0x566154b6","targetEDR":0.00,"totalAppliedDeductib (2 more) ...":0.00,"totalCoInsurance":0.00,"totalCoPayAmt":0.00,"totalInsCoResp":0.00,"totalInsEIVAmt":0.00,"totalRowCount":0,"totalTalbottDay":0}|0x79e7a670
08:22:53.0 (101210495)|VARIABLE_ASSIGNMENT|[EXTERNAL]|this|{"estmtCnrgDaysMap":"0xd71b08e","estmtCvrgeDaysObj":"0x669a7459","faciltyOptions":"0x340d0139","fcltyPrgrmOptions":"0x79d3070e","idToOwnershipFacilit (4 more) ...":"0x1ec07594","idToTypeFacilityMap":"0x2b4de2a9","insrncBnftMap":"0x41eb24a","insrncBnftOptions":"0x54f38101","isIop":false,"isTalbott":false,"meta":"0x490232de","oppId":"00629000003FJ4b","pawObj":"0xd1ed9fd","ptntInsrnceOptions":"0x1a06665","ptntInsrncMap":"0x499314d9","ptntInsrncObj":"0x42deb238","quoteObj":"0x11df5bf7","recordId":"00629000003FJ4b","rtAdjstmntOptions":"0x25cb3866","showPILookup":false,"sObjectQueryStr":"","wrprObj":"0x79e7a670"}|0x6e95671b
08:22:53.0 (101254468)|VARIABLE_ASSIGNMENT|[EXTERNAL]|this|{"facilitySelected":"","insrncBnft":"0x4e1fe4a5","insrncBnftSelected":"a1H29000000uZbnEAE","pawDetailListDisplay (4 more) ...":false,"pyAgrmntWrksht":"0x1cca2b35","relatedPAWDetailsLis (1 more) ...":"0x566154b6","targetEDR":0.00,"totalAppliedDeductib (2 more) ...":0.00,"totalCoInsurance":0.00,"totalCoPayAmt":0.00,"totalInsCoResp":0.00,"totalInsEIVAmt":0.00,"totalRowCount":0,"totalTalbottDay":0}|0x79e7a670
08:22:53.0 (101282666)|VARIABLE_ASSIGNMENT|[EXTERNAL]|value|{"Id":"a1H29000000uZbnEAE","Name":"Insurance Benefit 75 (2 more) ...","RecordTypeId":"012j00000015GS6AAM","Patient_Insurance__c":"a1b29000000d1kgAAA","PHP_Admit_Co_Payment (3 more) ...":0.00,"Max_Out_of_Pocket_Re (10 more) ...":0.00,"Insurance_Company_is (18 more) ...":false,"Annual_Max_Remaining (3 more) ...":1000000,"Deductible_Remaining (3 more) ...":0.00,"Uncovered_Days_Rate_ (2 more) ...":630.00,"Room_and_Board_Days_ (7 more) ...":2000.00,"Lifetime_Max__c":1000000.00,"Lifetime_Max_Met__c":0.00,"Annual_Max__c":1000000.00,"Annual_Max_Met__c":0.00,"RecordType":{"Name":"In Network","Id":"012j00000015GS6AAM"},"Patient_Insurance__r":{"Opportunity__c":"00629000003FJ4bAAG","Accreditation__c":"State","Insurance_Company__c":"0012900000AXSNIAA5","Id":"a1b29000000d1kgAAA","Insurance_Company__r":{"Name":"4 Your Choice","Id":"0012900000AXSNIAA5","RecordTypeId":"012j00000015GRqAAM"}}}|0x68b2cf9
08:22:53.0 (101313703)|VARIABLE_ASSIGNMENT|[525]|this.insrncBnft|{"Id":"a1H29000000uZbnEAE","Name":"Insurance Benefit 75 (2 more) ...","RecordTypeId":"012j00000015GS6AAM","Patient_Insurance__c":"a1b29000000d1kgAAA","PHP_Admit_Co_Payment (3 more) ...":0.00,"Max_Out_of_Pocket_Re (10 more) ...":0.00,"Insurance_Company_is (18 more) ...":false,"Annual_Max_Remaining (3 more) ...":1000000,"Deductible_Remaining (3 more) ...":0.00,"Uncovered_Days_Rate_ (2 more) ...":630.00,"Room_and_Board_Days_ (7 more) ...":2000.00,"Lifetime_Max__c":1000000.00,"Lifetime_Max_Met__c":0.00,"Annual_Max__c":1000000.00,"Annual_Max_Met__c":0.00,"RecordType":{"Name":"In Network","Id":"012j00000015GS6AAM"},"Patient_Insurance__r":{"Opportunity__c":"00629000003FJ4bAAG","Accreditation__c":"State","Insurance_Company__c":"0012900000AXSNIAA5","Id":"a1b29000000d1kgAAA","Insurance_Company__r":{"Name":"4 Your Choice","Id":"0012900000AXSNIAA5","RecordTypeId":"012j00000015GRqAAM"}}}|0x79e7a670
08:22:53.0 (101329881)|STATEMENT_EXECUTE|[272]
08:22:53.0 (102216555)|SYSTEM_MODE_ENTER|true
08:22:53.0 (102527798)|SYSTEM_MODE_ENTER|true
08:22:53.0 (102568470)|HEAP_ALLOCATE|[EXTERNAL]|Bytes:112
08:22:53.0 (102576751)|VARIABLE_SCOPE_BEGIN|[379]|this|PAW_New_EditCntrllr|true|false
08:22:53.0 (102641226)|VARIABLE_ASSIGNMENT|[379]|this|{"estmtCnrgDaysMap":"0xd71b08e","estmtCvrgeDaysObj":"0x669a7459","faciltyOptions":"0x340d0139","fcltyPrgrmOptions":"0x79d3070e","idToOwnershipFacilit (4 more) ...":"0x1ec07594","idToTypeFacilityMap":"0x2b4de2a9","insrncBnftMap":"0x41eb24a","insrncBnftOptions":"0x54f38101","isIop":false,"isTalbott":false,"meta":"0x490232de","oppId":"00629000003FJ4b","pawObj":"0xd1ed9fd","ptntInsrnceOptions":"0x1a06665","ptntInsrncMap":"0x499314d9","ptntInsrncObj":"0x42deb238","quoteObj":"0x11df5bf7","recordId":"00629000003FJ4b","rtAdjstmntOptions":"0x25cb3866","showPILookup":false,"sObjectQueryStr":"","wrprObj":"0x79e7a670"}|0x6e95671b
08:22:53.0 (102657904)|STATEMENT_EXECUTE|[379]
08:22:53.0 (102659710)|STATEMENT_EXECUTE|[380]
08:22:53.0 (102670140)|HEAP_ALLOCATE|[380]|Bytes:4
08:22:53.0 (102723985)|HEAP_ALLOCATE|[EXTERNAL]|Bytes:4
08:22:53.0 (102736010)|VARIABLE_ASSIGNMENT|[380]|this.rtAdjstmntOptions|[]|0x6e95671b
08:22:53.0 (102741524)|STATEMENT_EXECUTE|[381]
08:22:53.0 (102799219)|HEAP_ALLOCATE|[EXTERNAL]|Bytes:4
08:22:53.0 (102871029)|VARIABLE_ASSIGNMENT|[EXTERNAL]|this|{"estmtCnrgDaysMap":"0xd71b08e","estmtCvrgeDaysObj":"0x669a7459","faciltyOptions":"0x340d0139","fcltyPrgrmOptions":"0x79d3070e","idToOwnershipFacilit (4 more) ...":"0x1ec07594","idToTypeFacilityMap":"0x2b4de2a9","insrncBnftMap":"0x41eb24a","insrncBnftOptions":"0x54f38101","isIop":false,"isTalbott":false,"meta":"0x490232de","oppId":"00629000003FJ4b","pawObj":"0xd1ed9fd","ptntInsrnceOptions":"0x1a06665","ptntInsrncMap":"0x499314d9","ptntInsrncObj":"0x42deb238","quoteObj":"0x11df5bf7","recordId":"00629000003FJ4b","rtAdjstmntOptions":"0x1bcdfa81","showPILookup":false,"sObjectQueryStr":"","wrprObj":"0x79e7a670"}|0x6e95671b
08:22:53.0 (102928651)|VARIABLE_ASSIGNMENT|[EXTERNAL]|this|{"facilitySelected":"","insrncBnft":"0x68b2cf9","insrncBnftSelected":"a1H29000000uZbnEAE","pawDetailListDisplay (4 more) ...":false,"pyAgrmntWrksht":"0x1cca2b35","relatedPAWDetailsLis (1 more) ...":"0x566154b6","targetEDR":0.00,"totalAppliedDeductib (2 more) ...":0.00,"totalCoInsurance":0.00,"totalCoPayAmt":0.00,"totalInsCoResp":0.00,"totalInsEIVAmt":0.00,"totalRowCount":0,"totalTalbottDay":0}|0x79e7a670
08:22:53.0 (102988022)|VARIABLE_ASSIGNMENT|[EXTERNAL]|this|{"estmtCnrgDaysMap":"0xd71b08e","estmtCvrgeDaysObj":"0x669a7459","faciltyOptions":"0x340d0139","fcltyPrgrmOptions":"0x79d3070e","idToOwnershipFacilit (4 more) ...":"0x1ec07594","idToTypeFacilityMap":"0x2b4de2a9","insrncBnftMap":"0x41eb24a","insrncBnftOptions":"0x54f38101","isIop":false,"isTalbott":false,"meta":"0x490232de","oppId":"00629000003FJ4b","pawObj":"0xd1ed9fd","ptntInsrnceOptions":"0x1a06665","ptntInsrncMap":"0x499314d9","ptntInsrncObj":"0x42deb238","quoteObj":"0x11df5bf7","recordId":"00629000003FJ4b","rtAdjstmntOptions":"0x1bcdfa81","showPILookup":false,"sObjectQueryStr":"","wrprObj":"0x79e7a670"}|0x6e95671b
08:22:53.0 (103033775)|VARIABLE_ASSIGNMENT|[EXTERNAL]|this|{"facilitySelected":"","insrncBnft":"0x68b2cf9","insrncBnftSelected":"a1H29000000uZbnEAE","pawDetailListDisplay (4 more) ...":false,"pyAgrmntWrksht":"0x1cca2b35","relatedPAWDetailsLis (1 more) ...":"0x566154b6","targetEDR":0.00,"totalAppliedDeductib (2 more) ...":0.00,"totalCoInsurance":0.00,"totalCoPayAmt":0.00,"totalInsCoResp":0.00,"totalInsEIVAmt":0.00,"totalRowCount":0,"totalTalbottDay":0}|0x79e7a670
08:22:53.0 (103054499)|STATEMENT_EXECUTE|[382]
08:22:53.0 (103056059)|STATEMENT_EXECUTE|[400]
08:22:53.0 (103340830)|SYSTEM_MODE_ENTER|true
08:22:53.0 (108823872)|VF_SERIALIZE_VIEWSTATE_BEGIN|0660a0000009uTC
08:22:53.0 (116020645)|VF_SERIALIZE_VIEWSTATE_END
08:22:53.121 (121584157)|CUMULATIVE_LIMIT_USAGE
08:22:53.121 (121584157)|LIMIT_USAGE_FOR_NS|(default)|
  Number of SOQL queries: 3 out of 100
  Number of query rows: 11 out of 50000
  Number of SOSL queries: 0 out of 20
  Number of DML statements: 0 out of 150
  Number of DML rows: 0 out of 10000
  Maximum CPU time: 0 out of 10000
  Maximum heap size: 0 out of 6000000
  Number of callouts: 0 out of 100
  Number of Email Invocations: 0 out of 10
  Number of future calls: 0 out of 50
  Number of queueable jobs added to the queue: 0 out of 50
  Number of Mobile Apex push calls: 0 out of 10

08:22:53.121 (121584157)|CUMULATIVE_LIMIT_USAGE_END

08:22:53.0 (121619316)|CODE_UNIT_FINISHED|VF: /apex/PAW_New_Edit
08:22:53.0 (122345450)|EXECUTION_FINISHED
