37.0 APEX_CODE,FINEST;APEX_PROFILING,INFO;CALLOUT,INFO;DB,INFO;SYSTEM,DEBUG;VALIDATION,INFO;VISUALFORCE,INFO;WAVE,INFO;WORKFLOW,FINER
08:36:22.0 (274518)|USER_INFO|[EXTERNAL]|00529000000zYiy|bhakti.gujrathi@eternussolutions.com.frnstgng|Central Standard Time|GMT-06:00
08:36:22.0 (310025)|EXECUTION_STARTED
08:36:22.0 (313938)|CODE_UNIT_STARTED|[EXTERNAL]|0660a0000009uTC|VF: /apex/PAW_New_Edit
08:36:22.0 (14080018)|SYSTEM_MODE_ENTER|true
08:36:22.0 (14385172)|VARIABLE_SCOPE_BEGIN|[35]|PAW_New_EditCntrllr.globalSchemaMap|Map<String,Schema.SObjectType>|true|true
08:36:22.0 (14407637)|VARIABLE_SCOPE_BEGIN|[3]|PAW_New_EditCntrllr.yearEndMode|Boolean|false|true
08:36:22.0 (14546719)|HEAP_ALLOCATE|[72]|Bytes:3
08:36:22.0 (14582726)|HEAP_ALLOCATE|[77]|Bytes:152
08:36:22.0 (14594602)|HEAP_ALLOCATE|[342]|Bytes:408
08:36:22.0 (14604375)|HEAP_ALLOCATE|[355]|Bytes:408
08:36:22.0 (14614774)|HEAP_ALLOCATE|[467]|Bytes:48
08:36:22.0 (14640383)|HEAP_ALLOCATE|[139]|Bytes:6
08:36:22.0 (14653870)|HEAP_ALLOCATE|[EXTERNAL]|Bytes:11
08:36:22.0 (14661342)|HEAP_ALLOCATE|[EXTERNAL]|Bytes:304
08:36:22.0 (14665856)|HEAP_ALLOCATE|[EXTERNAL]|Bytes:98
08:36:22.0 (14670342)|HEAP_ALLOCATE|[EXTERNAL]|Bytes:14
08:36:22.0 (14680644)|METHOD_ENTRY|[1]|01p0a000004sKzV|PAW_New_EditCntrllr.PAW_New_EditCntrllr()
08:36:22.0 (14687698)|STATEMENT_EXECUTE|[1]
08:36:22.0 (14691925)|STATEMENT_EXECUTE|[1]
08:36:22.0 (14692975)|STATEMENT_EXECUTE|[3]
08:36:22.0 (16027622)|VARIABLE_SCOPE_BEGIN|[3]|PAW_YearEnd_Config.setting|Year_End_PAW_Settings__c|true|true
08:36:22.0 (16044269)|HEAP_ALLOCATE|[3]|Bytes:1
08:36:22.0 (16051508)|HEAP_ALLOCATE|[3]|Bytes:1
08:36:22.0 (16079473)|METHOD_ENTRY|[1]|01p29000000Aswf|PAW_YearEnd_Config.PAW_YearEnd_Config()
08:36:22.0 (16084886)|STATEMENT_EXECUTE|[1]
08:36:22.0 (16087294)|STATEMENT_EXECUTE|[1]
08:36:22.0 (16116903)|HEAP_ALLOCATE|[50]|Bytes:5
08:36:22.0 (16137589)|HEAP_ALLOCATE|[56]|Bytes:5
08:36:22.0 (16143830)|HEAP_ALLOCATE|[64]|Bytes:7
08:36:22.0 (16171053)|SYSTEM_MODE_ENTER|false
08:36:22.0 (16180701)|HEAP_ALLOCATE|[3]|Bytes:5
08:36:22.0 (16186329)|SYSTEM_MODE_EXIT|false
08:36:22.0 (16192538)|METHOD_EXIT|[1]|PAW_YearEnd_Config
08:36:22.0 (16207603)|METHOD_ENTRY|[3]|01p29000000Aswf|PAW_YearEnd_Config.fetch()
08:36:22.0 (16238919)|SYSTEM_MODE_ENTER|false
08:36:22.0 (16244083)|HEAP_ALLOCATE|[6]|Bytes:5
08:36:22.0 (16247847)|STATEMENT_EXECUTE|[5]
08:36:22.0 (16251453)|STATEMENT_EXECUTE|[7]
08:36:22.0 (17434528)|HEAP_ALLOCATE|[7]|Bytes:20
08:36:22.0 (17490212)|VARIABLE_ASSIGNMENT|[7]|PAW_YearEnd_Config.setting|{"IsDeleted":false,"Name":"Year End PAW Setting (11 more) ...","SetupOwnerId":"00529000000zYiyAAE","Year_End_Mode_Enable (4 more) ...":false}|0x3ae7c00a
08:36:22.0 (17499528)|STATEMENT_EXECUTE|[9]
08:36:22.0 (17502663)|HEAP_ALLOCATE|[9]|Bytes:14
08:36:22.0 (17632525)|HEAP_ALLOCATE|[9]|Bytes:145
08:36:22.0 (17653284)|HEAP_ALLOCATE|[9]|Bytes:159
08:36:22.0 (17672657)|USER_DEBUG|[9]|DEBUG|>>> setting : Year_End_PAW_Settings__c:{IsDeleted=false, Name=Year End PAW Settings (Profile), SetupOwnerId=00529000000zYiyAAE, Year_End_Mode_Enabled__c=false}
08:36:22.0 (17681003)|STATEMENT_EXECUTE|[10]
08:36:22.0 (17686321)|SYSTEM_MODE_EXIT|false
08:36:22.0 (17694697)|METHOD_EXIT|[3]|01p29000000Aswf|PAW_YearEnd_Config.fetch()
08:36:22.0 (17723465)|VARIABLE_ASSIGNMENT|[3]|PAW_New_EditCntrllr.yearEndMode|false
08:36:22.0 (17729219)|STATEMENT_EXECUTE|[524]
08:36:22.0 (17733898)|METHOD_EXIT|[1]|PAW_New_EditCntrllr
08:36:22.0 (19709741)|HEAP_ALLOCATE|[EXTERNAL]|Bytes:112
08:36:22.0 (19721768)|VARIABLE_SCOPE_BEGIN|[41]|this|PAW_New_EditCntrllr|true|false
08:36:22.0 (19815600)|VARIABLE_ASSIGNMENT|[41]|this|{}|0x4ababa7c
08:36:22.0 (19825038)|STATEMENT_EXECUTE|[1]
08:36:22.0 (19826260)|STATEMENT_EXECUTE|[7]
08:36:22.0 (19827825)|STATEMENT_EXECUTE|[8]
08:36:22.0 (19828612)|STATEMENT_EXECUTE|[9]
08:36:22.0 (19829366)|STATEMENT_EXECUTE|[10]
08:36:22.0 (19830545)|STATEMENT_EXECUTE|[11]
08:36:22.0 (19842189)|VARIABLE_ASSIGNMENT|[11]|this.oppId|""|0x4ababa7c
08:36:22.0 (19847581)|STATEMENT_EXECUTE|[12]
08:36:22.0 (19848586)|STATEMENT_EXECUTE|[13]
08:36:22.0 (19849345)|STATEMENT_EXECUTE|[14]
08:36:22.0 (19850091)|STATEMENT_EXECUTE|[15]
08:36:22.0 (19850846)|STATEMENT_EXECUTE|[16]
08:36:22.0 (19851614)|STATEMENT_EXECUTE|[18]
08:36:22.0 (19852361)|STATEMENT_EXECUTE|[19]
08:36:22.0 (19853151)|STATEMENT_EXECUTE|[20]
08:36:22.0 (19853987)|STATEMENT_EXECUTE|[21]
08:36:22.0 (19854748)|STATEMENT_EXECUTE|[22]
08:36:22.0 (19855509)|STATEMENT_EXECUTE|[23]
08:36:22.0 (19856265)|STATEMENT_EXECUTE|[24]
08:36:22.0 (19857019)|STATEMENT_EXECUTE|[25]
08:36:22.0 (19857808)|STATEMENT_EXECUTE|[26]
08:36:22.0 (19858586)|STATEMENT_EXECUTE|[27]
08:36:22.0 (19859334)|STATEMENT_EXECUTE|[28]
08:36:22.0 (19860074)|STATEMENT_EXECUTE|[30]
08:36:22.0 (19860889)|STATEMENT_EXECUTE|[31]
08:36:22.0 (19861663)|STATEMENT_EXECUTE|[32]
08:36:22.0 (19862618)|STATEMENT_EXECUTE|[33]
08:36:22.0 (19863523)|STATEMENT_EXECUTE|[37]
08:36:22.0 (19864315)|STATEMENT_EXECUTE|[38]
08:36:22.0 (19870795)|HEAP_ALLOCATE|[11]|Bytes:6
08:36:22.0 (19901503)|STATEMENT_EXECUTE|[41]
08:36:22.0 (19902835)|STATEMENT_EXECUTE|[44]
08:36:22.0 (62337987)|HEAP_ALLOCATE|[44]|Bytes:2408
08:36:22.0 (62713273)|VARIABLE_ASSIGNMENT|[44]|PAW_New_EditCntrllr.globalSchemaMap|"{abused_substance__c=Abused_Substance__c, abused_substance__feed=Abused_Substance__Feed, abused_substance__history=Abused_Substance__History, acceptedeventrelation=AcceptedEventRelation, account=Account, account_review__c=Account_Review__c, account_review__history=Account_Review__History, account_satisfaction_survey__c=Account_Satisfaction_Survey__c, accountcontactrole=AccountContactRole, accountfeed=AccountFeed, ...}"|0x623bc2b1
08:36:22.0 (62731164)|STATEMENT_EXECUTE|[45]
08:36:22.0 (62868519)|VARIABLE_ASSIGNMENT|[EXTERNAL]|this|{"oppId":""}|0x4ababa7c
08:36:22.0 (62883614)|VARIABLE_ASSIGNMENT|[EXTERNAL]|value|false
08:36:22.0 (62893094)|HEAP_ALLOCATE|[32]|Bytes:5
08:36:22.0 (62903985)|VARIABLE_ASSIGNMENT|[32]|this.isTalbott|false|0x4ababa7c
08:36:22.0 (62913328)|STATEMENT_EXECUTE|[46]
08:36:22.0 (62966299)|VARIABLE_ASSIGNMENT|[EXTERNAL]|this|{"isTalbott":false,"oppId":""}|0x4ababa7c
08:36:22.0 (62974504)|VARIABLE_ASSIGNMENT|[EXTERNAL]|value|false
08:36:22.0 (62979377)|HEAP_ALLOCATE|[33]|Bytes:5
08:36:22.0 (62985609)|VARIABLE_ASSIGNMENT|[33]|this.isIop|false|0x4ababa7c
08:36:22.0 (62992674)|STATEMENT_EXECUTE|[47]
08:36:22.0 (62998836)|VARIABLE_ASSIGNMENT|[47]|this.sObjectQueryStr|""|0x4ababa7c
08:36:22.0 (63002964)|STATEMENT_EXECUTE|[48]
08:36:22.0 (63025499)|HEAP_ALLOCATE|[48]|Bytes:4
08:36:22.0 (63116757)|VARIABLE_ASSIGNMENT|[48]|this.quoteObj|{}|0x4ababa7c
08:36:22.0 (63122634)|STATEMENT_EXECUTE|[49]
08:36:22.0 (63129014)|HEAP_ALLOCATE|[49]|Bytes:476
08:36:22.0 (63138374)|HEAP_ALLOCATE|[49]|Bytes:71
08:36:22.0 (63205578)|HEAP_ALLOCATE|[49]|Bytes:84
08:36:22.0 (63227537)|CONSTRUCTOR_ENTRY|[49]|01p0a000004sKzV|<init>()
08:36:22.0 (63253938)|VARIABLE_SCOPE_BEGIN|[546]|this|PAW_New_EditCntrllr.WraperClass|true|false
08:36:22.0 (63323738)|VARIABLE_ASSIGNMENT|[546]|this|{}|0x7806403c
08:36:22.0 (63333976)|STATEMENT_EXECUTE|[524]
08:36:22.0 (63335648)|STATEMENT_EXECUTE|[525]
08:36:22.0 (63336822)|STATEMENT_EXECUTE|[526]
08:36:22.0 (63337580)|STATEMENT_EXECUTE|[527]
08:36:22.0 (63338413)|STATEMENT_EXECUTE|[528]
08:36:22.0 (63339156)|STATEMENT_EXECUTE|[529]
08:36:22.0 (63339909)|STATEMENT_EXECUTE|[530]
08:36:22.0 (63340957)|STATEMENT_EXECUTE|[531]
08:36:22.0 (63341740)|STATEMENT_EXECUTE|[532]
08:36:22.0 (63342512)|STATEMENT_EXECUTE|[533]
08:36:22.0 (63343482)|STATEMENT_EXECUTE|[534]
08:36:22.0 (63344244)|STATEMENT_EXECUTE|[535]
08:36:22.0 (63345024)|STATEMENT_EXECUTE|[536]
08:36:22.0 (63345988)|STATEMENT_EXECUTE|[537]
08:36:22.0 (63346741)|STATEMENT_EXECUTE|[538]
08:36:22.0 (63347566)|STATEMENT_EXECUTE|[539]
08:36:22.0 (63348322)|STATEMENT_EXECUTE|[540]
08:36:22.0 (63349154)|STATEMENT_EXECUTE|[541]
08:36:22.0 (63349948)|STATEMENT_EXECUTE|[542]
08:36:22.0 (63350737)|STATEMENT_EXECUTE|[543]
08:36:22.0 (63351483)|STATEMENT_EXECUTE|[544]
08:36:22.0 (63367118)|STATEMENT_EXECUTE|[546]
08:36:22.0 (63368056)|STATEMENT_EXECUTE|[547]
08:36:22.0 (63386365)|HEAP_ALLOCATE|[547]|Bytes:4
08:36:22.0 (63517842)|VARIABLE_ASSIGNMENT|[EXTERNAL]|this|{}|0x7806403c
08:36:22.0 (63529291)|VARIABLE_ASSIGNMENT|[EXTERNAL]|value|{}|0xffa800c
08:36:22.0 (63538509)|VARIABLE_ASSIGNMENT|[525]|this.pyAgrmntWrksht|{}|0x7806403c
08:36:22.0 (63546991)|STATEMENT_EXECUTE|[548]
08:36:22.0 (63563385)|HEAP_ALLOCATE|[548]|Bytes:4
08:36:22.0 (63654691)|VARIABLE_ASSIGNMENT|[EXTERNAL]|this|{"pyAgrmntWrksht":"0xffa800c"}|0x7806403c
08:36:22.0 (63664041)|VARIABLE_ASSIGNMENT|[EXTERNAL]|value|{}|0x625ac93b
08:36:22.0 (63673453)|VARIABLE_ASSIGNMENT|[526]|this.insrncBnft|{}|0x7806403c
08:36:22.0 (63680441)|STATEMENT_EXECUTE|[549]
08:36:22.0 (63722718)|VARIABLE_ASSIGNMENT|[EXTERNAL]|this|{"insrncBnft":"0x625ac93b","pyAgrmntWrksht":"0xffa800c"}|0x7806403c
08:36:22.0 (63729606)|VARIABLE_ASSIGNMENT|[EXTERNAL]|value|""
08:36:22.0 (63737420)|VARIABLE_ASSIGNMENT|[527]|this.insrncBnftSelected|""|0x7806403c
08:36:22.0 (63744418)|STATEMENT_EXECUTE|[550]
08:36:22.0 (63782544)|VARIABLE_ASSIGNMENT|[EXTERNAL]|this|{"insrncBnft":"0x625ac93b","insrncBnftSelected":"","pyAgrmntWrksht":"0xffa800c"}|0x7806403c
08:36:22.0 (63793132)|VARIABLE_ASSIGNMENT|[EXTERNAL]|value|""
08:36:22.0 (63799944)|VARIABLE_ASSIGNMENT|[528]|this.facilitySelected|""|0x7806403c
08:36:22.0 (63807353)|STATEMENT_EXECUTE|[551]
08:36:22.0 (63846723)|VARIABLE_ASSIGNMENT|[EXTERNAL]|this|{"facilitySelected":"","insrncBnft":"0x625ac93b","insrncBnftSelected":"","pyAgrmntWrksht":"0xffa800c"}|0x7806403c
08:36:22.0 (63854315)|VARIABLE_ASSIGNMENT|[EXTERNAL]|value|""
08:36:22.0 (63860428)|VARIABLE_ASSIGNMENT|[529]|this.fcltyPrgrmSelected|""|0x7806403c
08:36:22.0 (63867202)|STATEMENT_EXECUTE|[552]
08:36:22.0 (63905163)|VARIABLE_ASSIGNMENT|[EXTERNAL]|this|{"facilitySelected":"","fcltyPrgrmSelected":"","insrncBnft":"0x625ac93b","insrncBnftSelected":"","pyAgrmntWrksht":"0xffa800c"}|0x7806403c
08:36:22.0 (63912933)|VARIABLE_ASSIGNMENT|[EXTERNAL]|value|""
08:36:22.0 (63919563)|VARIABLE_ASSIGNMENT|[530]|this.rateAdjstmntSelected|""|0x7806403c
08:36:22.0 (63926137)|STATEMENT_EXECUTE|[553]
08:36:22.0 (63967230)|VARIABLE_ASSIGNMENT|[EXTERNAL]|this|{"facilitySelected":"","fcltyPrgrmSelected":"","insrncBnft":"0x625ac93b","insrncBnftSelected":"","pyAgrmntWrksht":"0xffa800c","rateAdjstmntSelected":""}|0x7806403c
08:36:22.0 (63978162)|VARIABLE_ASSIGNMENT|[EXTERNAL]|value|0
08:36:22.0 (63984463)|HEAP_ALLOCATE|[531]|Bytes:4
08:36:22.0 (63990178)|VARIABLE_ASSIGNMENT|[531]|this.totalRowCount|0|0x7806403c
08:36:22.0 (63996536)|STATEMENT_EXECUTE|[554]
08:36:22.0 (63999072)|HEAP_ALLOCATE|[554]|Bytes:4
08:36:22.0 (64024106)|HEAP_ALLOCATE|[554]|Bytes:28
08:36:22.0 (64073751)|VARIABLE_ASSIGNMENT|[EXTERNAL]|this|{"facilitySelected":"","fcltyPrgrmSelected":"","insrncBnft":"0x625ac93b","insrncBnftSelected":"","pyAgrmntWrksht":"0xffa800c","rateAdjstmntSelected":"","totalRowCount":0}|0x7806403c
08:36:22.0 (64085602)|VARIABLE_ASSIGNMENT|[EXTERNAL]|value|0.00
08:36:22.0 (64093651)|VARIABLE_ASSIGNMENT|[532]|this.totalTalbottDay|0.00|0x7806403c
08:36:22.0 (64100669)|STATEMENT_EXECUTE|[555]
08:36:22.0 (64106203)|HEAP_ALLOCATE|[555]|Bytes:28
08:36:22.0 (64159781)|VARIABLE_ASSIGNMENT|[EXTERNAL]|this|{"facilitySelected":"","fcltyPrgrmSelected":"","insrncBnft":"0x625ac93b","insrncBnftSelected":"","pyAgrmntWrksht":"0xffa800c","rateAdjstmntSelected":"","totalRowCount":0,"totalTalbottDay":0.00}|0x7806403c
08:36:22.0 (64169114)|VARIABLE_ASSIGNMENT|[EXTERNAL]|value|0.00
08:36:22.0 (64177301)|VARIABLE_ASSIGNMENT|[533]|this.totalInsCoResp|0.00|0x7806403c
08:36:22.0 (64184194)|STATEMENT_EXECUTE|[556]
08:36:22.0 (64188436)|HEAP_ALLOCATE|[556]|Bytes:28
08:36:22.0 (64237059)|VARIABLE_ASSIGNMENT|[EXTERNAL]|this|{"facilitySelected":"","fcltyPrgrmSelected":"","insrncBnft":"0x625ac93b","insrncBnftSelected":"","pyAgrmntWrksht":"0xffa800c","rateAdjstmntSelected":"","totalInsCoResp":0.00,"totalRowCount":0,"totalTalbottDay":0.00}|0x7806403c
08:36:22.0 (64246814)|VARIABLE_ASSIGNMENT|[EXTERNAL]|value|0.00
08:36:22.0 (64253981)|VARIABLE_ASSIGNMENT|[534]|this.totalCoPayAmt|0.00|0x7806403c
08:36:22.0 (64261098)|STATEMENT_EXECUTE|[557]
08:36:22.0 (64265344)|HEAP_ALLOCATE|[557]|Bytes:28
08:36:22.0 (64310885)|VARIABLE_ASSIGNMENT|[EXTERNAL]|this|{"facilitySelected":"","fcltyPrgrmSelected":"","insrncBnft":"0x625ac93b","insrncBnftSelected":"","pyAgrmntWrksht":"0xffa800c","rateAdjstmntSelected":"","totalCoPayAmt":0.00,"totalInsCoResp":0.00,"totalRowCount":0,"totalTalbottDay":0.00}|0x7806403c
08:36:22.0 (64320803)|VARIABLE_ASSIGNMENT|[EXTERNAL]|value|0.00
08:36:22.0 (64327842)|VARIABLE_ASSIGNMENT|[535]|this.targetEDR|0.00|0x7806403c
08:36:22.0 (64334924)|STATEMENT_EXECUTE|[558]
08:36:22.0 (64338871)|HEAP_ALLOCATE|[558]|Bytes:28
08:36:22.0 (64345993)|VARIABLE_ASSIGNMENT|[558]|this.totalAppliedDeductible|0.00|0x7806403c
08:36:22.0 (64350704)|STATEMENT_EXECUTE|[559]
08:36:22.0 (64352979)|HEAP_ALLOCATE|[559]|Bytes:28
08:36:22.0 (64358475)|VARIABLE_ASSIGNMENT|[559]|this.totalCoInsurance|0.00|0x7806403c
08:36:22.0 (64363707)|STATEMENT_EXECUTE|[560]
08:36:22.0 (64366074)|HEAP_ALLOCATE|[560]|Bytes:28
08:36:22.0 (64371050)|VARIABLE_ASSIGNMENT|[560]|this.totalInsEIVAmt|0.00|0x7806403c
08:36:22.0 (64375379)|STATEMENT_EXECUTE|[561]
08:36:22.0 (64422415)|VARIABLE_ASSIGNMENT|[EXTERNAL]|this|{"facilitySelected":"","fcltyPrgrmSelected":"","insrncBnft":"0x625ac93b","insrncBnftSelected":"","pyAgrmntWrksht":"0xffa800c","rateAdjstmntSelected":"","targetEDR":0.00,"totalAppliedDeductib (2 more) ...":0.00,"totalCoInsurance":0.00,"totalCoPayAmt":0.00,"totalInsCoResp":0.00,"totalInsEIVAmt":0.00,"totalRowCount":0,"totalTalbottDay":0.00}|0x7806403c
08:36:22.0 (64438797)|VARIABLE_ASSIGNMENT|[EXTERNAL]|value|false
08:36:22.0 (64445075)|HEAP_ALLOCATE|[543]|Bytes:5
08:36:22.0 (64450366)|VARIABLE_ASSIGNMENT|[543]|this.pawDetailListDisplayFlag|false|0x7806403c
08:36:22.0 (64456667)|STATEMENT_EXECUTE|[562]
08:36:22.0 (64475452)|HEAP_ALLOCATE|[562]|Bytes:4
08:36:22.0 (64572206)|VARIABLE_ASSIGNMENT|[EXTERNAL]|this|{"facilitySelected":"","fcltyPrgrmSelected":"","insrncBnft":"0x625ac93b","insrncBnftSelected":"","pawDetailListDisplay (4 more) ...":false,"pyAgrmntWrksht":"0xffa800c","rateAdjstmntSelected":"","targetEDR":0.00,"totalAppliedDeductib (2 more) ...":0.00,"totalCoInsurance":0.00,"totalCoPayAmt":0.00,"totalInsCoResp":0.00,"totalInsEIVAmt":0.00,"totalRowCount":0,"totalTalbottDay":0.00}|0x7806403c
08:36:22.0 (64586318)|HEAP_ALLOCATE|[EXTERNAL]|Bytes:4
08:36:22.0 (64595647)|VARIABLE_ASSIGNMENT|[EXTERNAL]|value|[]|0x315eb7b2
08:36:22.0 (64604570)|VARIABLE_ASSIGNMENT|[544]|this.relatedPAWDetailsList|[]|0x7806403c
08:36:22.0 (64613668)|CONSTRUCTOR_EXIT|[49]|01p0a000004sKzV|<init>()
08:36:22.0 (64659038)|VARIABLE_ASSIGNMENT|[EXTERNAL]|this|{"isIop":false,"isTalbott":false,"oppId":"","quoteObj":"0x6c2fad54","sObjectQueryStr":""}|0x4ababa7c
08:36:22.0 (64695760)|VARIABLE_ASSIGNMENT|[EXTERNAL]|value|{"facilitySelected":"","fcltyPrgrmSelected":"","insrncBnft":"0x625ac93b","insrncBnftSelected":"","pawDetailListDisplay (4 more) ...":false,"pyAgrmntWrksht":"0xffa800c","rateAdjstmntSelected":"","relatedPAWDetailsLis (1 more) ...":"0x315eb7b2","targetEDR":0.00,"totalAppliedDeductib (2 more) ...":0.00,"totalCoInsurance":0.00,"totalCoPayAmt":0.00,"totalInsCoResp":0.00,"totalInsEIVAmt":0.00,"totalRowCount":0,"totalTalbottDay":0.00}|0x7806403c
08:36:22.0 (64709494)|VARIABLE_ASSIGNMENT|[30]|this.wrprObj|0x7806403c|0x4ababa7c
08:36:22.0 (64716769)|STATEMENT_EXECUTE|[50]
08:36:22.0 (64735888)|HEAP_ALLOCATE|[50]|Bytes:4
08:36:22.0 (64846424)|VARIABLE_ASSIGNMENT|[EXTERNAL]|this|{"isIop":false,"isTalbott":false,"oppId":"","quoteObj":"0x6c2fad54","sObjectQueryStr":"","wrprObj":"0x7806403c"}|0x4ababa7c
08:36:22.0 (64857432)|VARIABLE_ASSIGNMENT|[EXTERNAL]|value|{}|0x189ea647
08:36:22.0 (64867271)|VARIABLE_ASSIGNMENT|[18]|this.ptntInsrncObj|{}|0x4ababa7c
08:36:22.0 (64877476)|STATEMENT_EXECUTE|[51]
08:36:22.0 (64889238)|HEAP_ALLOCATE|[51]|Bytes:4
08:36:22.0 (64929661)|HEAP_ALLOCATE|[EXTERNAL]|Bytes:4
08:36:22.0 (64938022)|VARIABLE_ASSIGNMENT|[51]|this.ptntInsrnceOptions|[]|0x4ababa7c
08:36:22.0 (64942873)|STATEMENT_EXECUTE|[52]
08:36:22.0 (64947991)|HEAP_ALLOCATE|[52]|Bytes:4
08:36:22.0 (64968226)|HEAP_ALLOCATE|[EXTERNAL]|Bytes:4
08:36:22.0 (64973712)|VARIABLE_ASSIGNMENT|[52]|this.insrncBnftOptions|[]|0x4ababa7c
08:36:22.0 (64978385)|STATEMENT_EXECUTE|[53]
08:36:22.0 (64982880)|HEAP_ALLOCATE|[53]|Bytes:4
08:36:22.0 (65037656)|VARIABLE_ASSIGNMENT|[EXTERNAL]|this|{"insrncBnftOptions":"0x6344ffd","isIop":false,"isTalbott":false,"oppId":"","ptntInsrnceOptions":"0x1150fd3f","ptntInsrncObj":"0x189ea647","quoteObj":"0x6c2fad54","sObjectQueryStr":"","wrprObj":"0x7806403c"}|0x4ababa7c
08:36:22.0 (65055325)|HEAP_ALLOCATE|[EXTERNAL]|Bytes:4
08:36:22.0 (65060885)|VARIABLE_ASSIGNMENT|[EXTERNAL]|value|[]|0x7c91ddcc
08:36:22.0 (65070275)|VARIABLE_ASSIGNMENT|[14]|this.faciltyOptions|[]|0x4ababa7c
08:36:22.0 (65077356)|STATEMENT_EXECUTE|[54]
08:36:22.0 (65082099)|HEAP_ALLOCATE|[54]|Bytes:4
08:36:22.0 (65135210)|VARIABLE_ASSIGNMENT|[EXTERNAL]|this|{"faciltyOptions":"0x7c91ddcc","insrncBnftOptions":"0x6344ffd","isIop":false,"isTalbott":false,"oppId":"","ptntInsrnceOptions":"0x1150fd3f","ptntInsrncObj":"0x189ea647","quoteObj":"0x6c2fad54","sObjectQueryStr":"","wrprObj":"0x7806403c"}|0x4ababa7c
08:36:22.0 (65166118)|HEAP_ALLOCATE|[EXTERNAL]|Bytes:4
08:36:22.0 (65172069)|VARIABLE_ASSIGNMENT|[EXTERNAL]|value|[]|0x4f233c70
08:36:22.0 (65181644)|VARIABLE_ASSIGNMENT|[15]|this.fcltyPrgrmOptions|[]|0x4ababa7c
08:36:22.0 (65188840)|STATEMENT_EXECUTE|[55]
08:36:22.0 (65194291)|HEAP_ALLOCATE|[55]|Bytes:4
08:36:22.0 (65215111)|HEAP_ALLOCATE|[EXTERNAL]|Bytes:4
08:36:22.0 (65220569)|VARIABLE_ASSIGNMENT|[55]|this.rtAdjstmntOptions|[]|0x4ababa7c
08:36:22.0 (65229879)|STATEMENT_EXECUTE|[56]
08:36:22.0 (65238209)|HEAP_ALLOCATE|[56]|Bytes:4
08:36:22.0 (65254841)|VARIABLE_ASSIGNMENT|[56]|this.idToOwnershipFacilityMap|{}|0x4ababa7c
08:36:22.0 (65259431)|STATEMENT_EXECUTE|[57]
08:36:22.0 (65264185)|HEAP_ALLOCATE|[57]|Bytes:4
08:36:22.0 (65270924)|VARIABLE_ASSIGNMENT|[57]|this.idToTypeFacilityMap|{}|0x4ababa7c
08:36:22.0 (65275047)|STATEMENT_EXECUTE|[58]
08:36:22.0 (65288516)|HEAP_ALLOCATE|[58]|Bytes:4
08:36:22.0 (65310976)|VARIABLE_ASSIGNMENT|[58]|this.insrncBnftMap|{}|0x4ababa7c
08:36:22.0 (65316008)|STATEMENT_EXECUTE|[59]
08:36:22.0 (65330626)|HEAP_ALLOCATE|[59]|Bytes:4
08:36:22.0 (65392784)|VARIABLE_ASSIGNMENT|[59]|this.estmtCvrgeDaysObj|{}|0x4ababa7c
08:36:22.0 (65401843)|STATEMENT_EXECUTE|[60]
08:36:22.0 (65416560)|HEAP_ALLOCATE|[60]|Bytes:4
08:36:22.0 (65432031)|VARIABLE_ASSIGNMENT|[60]|this.pawObj|{}|0x4ababa7c
08:36:22.0 (65436778)|STATEMENT_EXECUTE|[61]
08:36:22.0 (65515183)|HEAP_ALLOCATE|[61]|Bytes:66
08:36:22.0 (65547872)|HEAP_ALLOCATE|[61]|Bytes:44
08:36:22.0 (65565135)|HEAP_ALLOCATE|[61]|Bytes:2
08:36:22.0 (65644864)|VARIABLE_ASSIGNMENT|[EXTERNAL]|this|{"estmtCvrgeDaysObj":"0x2b8140ee","faciltyOptions":"0x7c91ddcc","fcltyPrgrmOptions":"0x4f233c70","idToOwnershipFacilit (4 more) ...":"0x26aab698","idToTypeFacilityMap":"0x703cde81","insrncBnftMap":"0x4dc0f8d1","insrncBnftOptions":"0x6344ffd","isIop":false,"isTalbott":false,"oppId":"","pawObj":"0x6c6757b7","ptntInsrnceOptions":"0x1150fd3f","ptntInsrncObj":"0x189ea647","quoteObj":"0x6c2fad54","rtAdjstmntOptions":"0x1f8a22d5","sObjectQueryStr":"","wrprObj":"0x7806403c"}|0x4ababa7c
08:36:22.0 (65659511)|VARIABLE_ASSIGNMENT|[EXTERNAL]|value|"00629000004NTeZ"
08:36:22.0 (65668618)|VARIABLE_ASSIGNMENT|[7]|this.recordId|"00629000004NTeZ"|0x4ababa7c
08:36:22.0 (65675776)|STATEMENT_EXECUTE|[62]
08:36:22.0 (65691612)|HEAP_ALLOCATE|[62]|Bytes:66
08:36:22.0 (65709456)|HEAP_ALLOCATE|[62]|Bytes:44
08:36:22.0 (65722152)|HEAP_ALLOCATE|[62]|Bytes:5
08:36:22.0 (65736767)|VARIABLE_ASSIGNMENT|[62]|this.isClone|null|0x4ababa7c
08:36:22.0 (65744502)|STATEMENT_EXECUTE|[63]
08:36:22.0 (65756053)|HEAP_ALLOCATE|[63]|Bytes:66
08:36:22.0 (65770175)|HEAP_ALLOCATE|[63]|Bytes:44
08:36:22.0 (65781543)|HEAP_ALLOCATE|[63]|Bytes:7
08:36:22.0 (65794678)|VARIABLE_ASSIGNMENT|[63]|this.quoteId|null|0x4ababa7c
08:36:22.0 (65799536)|STATEMENT_EXECUTE|[64]
08:36:22.0 (65804022)|HEAP_ALLOCATE|[64]|Bytes:160
08:36:22.0 (65811695)|HEAP_ALLOCATE|[64]|Bytes:11
08:36:22.0 (65824611)|HEAP_ALLOCATE|[64]|Bytes:44
08:36:22.0 (65838210)|CONSTRUCTOR_ENTRY|[64]|01p29000000Aswe|<init>()
08:36:22.0 (65854274)|VARIABLE_SCOPE_BEGIN|[12]|this|PAW_Editor_YearEndController.MetaData|true|false
08:36:22.0 (65889979)|VARIABLE_ASSIGNMENT|[12]|this|{}|0x159465d3
08:36:22.0 (65904116)|STATEMENT_EXECUTE|[12]
08:36:22.0 (65905425)|STATEMENT_EXECUTE|[13]
08:36:22.0 (65906438)|STATEMENT_EXECUTE|[14]
08:36:22.0 (65907188)|STATEMENT_EXECUTE|[15]
08:36:22.0 (65907928)|STATEMENT_EXECUTE|[16]
08:36:22.0 (65908697)|STATEMENT_EXECUTE|[17]
08:36:22.0 (65909461)|STATEMENT_EXECUTE|[18]
08:36:22.0 (65910264)|STATEMENT_EXECUTE|[19]
08:36:22.0 (65911024)|STATEMENT_EXECUTE|[20]
08:36:22.0 (65911768)|STATEMENT_EXECUTE|[21]
08:36:22.0 (65912514)|STATEMENT_EXECUTE|[22]
08:36:22.0 (65915185)|CONSTRUCTOR_EXIT|[64]|01p29000000Aswe|<init>()
08:36:22.0 (65973020)|VARIABLE_ASSIGNMENT|[EXTERNAL]|this|{"estmtCvrgeDaysObj":"0x2b8140ee","faciltyOptions":"0x7c91ddcc","fcltyPrgrmOptions":"0x4f233c70","idToOwnershipFacilit (4 more) ...":"0x26aab698","idToTypeFacilityMap":"0x703cde81","insrncBnftMap":"0x4dc0f8d1","insrncBnftOptions":"0x6344ffd","isIop":false,"isTalbott":false,"oppId":"","pawObj":"0x6c6757b7","ptntInsrnceOptions":"0x1150fd3f","ptntInsrncObj":"0x189ea647","quoteObj":"0x6c2fad54","recordId":"00629000004NTeZ","rtAdjstmntOptions":"0x1f8a22d5","sObjectQueryStr":"","wrprObj":"0x7806403c"}|0x4ababa7c
08:36:22.0 (65995968)|VARIABLE_ASSIGNMENT|[EXTERNAL]|value|{}|0x159465d3
08:36:22.0 (66004712)|VARIABLE_ASSIGNMENT|[37]|this.meta|0x159465d3|0x4ababa7c
08:36:22.0 (70788118)|HEAP_ALLOCATE|[EXTERNAL]|Bytes:112
08:36:22.0 (70802102)|VARIABLE_SCOPE_BEGIN|[69]|this|PAW_New_EditCntrllr|true|false
08:36:22.0 (70866354)|VARIABLE_ASSIGNMENT|[69]|this|{"estmtCvrgeDaysObj":"0x2b8140ee","faciltyOptions":"0x7c91ddcc","fcltyPrgrmOptions":"0x4f233c70","idToOwnershipFacilit (4 more) ...":"0x26aab698","idToTypeFacilityMap":"0x703cde81","insrncBnftMap":"0x4dc0f8d1","insrncBnftOptions":"0x6344ffd","isIop":false,"isTalbott":false,"meta":"0x159465d3","oppId":"","pawObj":"0x6c6757b7","ptntInsrnceOptions":"0x1150fd3f","ptntInsrncObj":"0x189ea647","quoteObj":"0x6c2fad54","recordId":"00629000004NTeZ","rtAdjstmntOptions":"0x1f8a22d5","sObjectQueryStr":"","wrprObj":"0x7806403c"}|0x4ababa7c
08:36:22.0 (70883213)|STATEMENT_EXECUTE|[69]
08:36:22.0 (70884946)|STATEMENT_EXECUTE|[71]
08:36:22.0 (70888294)|HEAP_ALLOCATE|[71]|Bytes:5
08:36:22.0 (70913713)|USER_DEBUG|[71]|DEBUG|>>> 1
08:36:22.0 (70927870)|STATEMENT_EXECUTE|[72]
08:36:22.0 (70990375)|VARIABLE_ASSIGNMENT|[EXTERNAL]|this|{"estmtCvrgeDaysObj":"0x2b8140ee","faciltyOptions":"0x7c91ddcc","fcltyPrgrmOptions":"0x4f233c70","idToOwnershipFacilit (4 more) ...":"0x26aab698","idToTypeFacilityMap":"0x703cde81","insrncBnftMap":"0x4dc0f8d1","insrncBnftOptions":"0x6344ffd","isIop":false,"isTalbott":false,"meta":"0x159465d3","oppId":"","pawObj":"0x6c6757b7","ptntInsrnceOptions":"0x1150fd3f","ptntInsrncObj":"0x189ea647","quoteObj":"0x6c2fad54","recordId":"00629000004NTeZ","rtAdjstmntOptions":"0x1f8a22d5","sObjectQueryStr":"","wrprObj":"0x7806403c"}|0x4ababa7c
08:36:22.0 (71051172)|VARIABLE_ASSIGNMENT|[EXTERNAL]|this|{"estmtCvrgeDaysObj":"0x2b8140ee","faciltyOptions":"0x7c91ddcc","fcltyPrgrmOptions":"0x4f233c70","idToOwnershipFacilit (4 more) ...":"0x26aab698","idToTypeFacilityMap":"0x703cde81","insrncBnftMap":"0x4dc0f8d1","insrncBnftOptions":"0x6344ffd","isIop":false,"isTalbott":false,"meta":"0x159465d3","oppId":"","pawObj":"0x6c6757b7","ptntInsrnceOptions":"0x1150fd3f","ptntInsrncObj":"0x189ea647","quoteObj":"0x6c2fad54","recordId":"00629000004NTeZ","rtAdjstmntOptions":"0x1f8a22d5","sObjectQueryStr":"","wrprObj":"0x7806403c"}|0x4ababa7c
08:36:22.0 (71085115)|STATEMENT_EXECUTE|[79]
08:36:22.0 (71136152)|VARIABLE_ASSIGNMENT|[EXTERNAL]|this|{"estmtCvrgeDaysObj":"0x2b8140ee","faciltyOptions":"0x7c91ddcc","fcltyPrgrmOptions":"0x4f233c70","idToOwnershipFacilit (4 more) ...":"0x26aab698","idToTypeFacilityMap":"0x703cde81","insrncBnftMap":"0x4dc0f8d1","insrncBnftOptions":"0x6344ffd","isIop":false,"isTalbott":false,"meta":"0x159465d3","oppId":"","pawObj":"0x6c6757b7","ptntInsrnceOptions":"0x1150fd3f","ptntInsrncObj":"0x189ea647","quoteObj":"0x6c2fad54","recordId":"00629000004NTeZ","rtAdjstmntOptions":"0x1f8a22d5","sObjectQueryStr":"","wrprObj":"0x7806403c"}|0x4ababa7c
08:36:22.0 (71158199)|HEAP_ALLOCATE|[81]|Bytes:11
08:36:22.0 (71710229)|HEAP_ALLOCATE|[81]|Bytes:4
08:36:22.0 (71738902)|HEAP_ALLOCATE|[81]|Bytes:3
08:36:22.0 (71777080)|STATEMENT_EXECUTE|[81]
08:36:22.0 (71778828)|STATEMENT_EXECUTE|[82]
08:36:22.0 (71874707)|VARIABLE_ASSIGNMENT|[EXTERNAL]|this|{"estmtCvrgeDaysObj":"0x2b8140ee","faciltyOptions":"0x7c91ddcc","fcltyPrgrmOptions":"0x4f233c70","idToOwnershipFacilit (4 more) ...":"0x26aab698","idToTypeFacilityMap":"0x703cde81","insrncBnftMap":"0x4dc0f8d1","insrncBnftOptions":"0x6344ffd","isIop":false,"isTalbott":false,"meta":"0x159465d3","oppId":"","pawObj":"0x6c6757b7","ptntInsrnceOptions":"0x1150fd3f","ptntInsrncObj":"0x189ea647","quoteObj":"0x6c2fad54","recordId":"00629000004NTeZ","rtAdjstmntOptions":"0x1f8a22d5","sObjectQueryStr":"","wrprObj":"0x7806403c"}|0x4ababa7c
08:36:22.0 (71892139)|VARIABLE_ASSIGNMENT|[EXTERNAL]|value|false
08:36:22.0 (71898924)|HEAP_ALLOCATE|[31]|Bytes:5
08:36:22.0 (71907425)|VARIABLE_ASSIGNMENT|[31]|this.showPILookup|false|0x4ababa7c
08:36:22.0 (71915835)|STATEMENT_EXECUTE|[83]
08:36:22.0 (71971252)|VARIABLE_ASSIGNMENT|[EXTERNAL]|this|{"estmtCvrgeDaysObj":"0x2b8140ee","faciltyOptions":"0x7c91ddcc","fcltyPrgrmOptions":"0x4f233c70","idToOwnershipFacilit (4 more) ...":"0x26aab698","idToTypeFacilityMap":"0x703cde81","insrncBnftMap":"0x4dc0f8d1","insrncBnftOptions":"0x6344ffd","isIop":false,"isTalbott":false,"meta":"0x159465d3","oppId":"","pawObj":"0x6c6757b7","ptntInsrnceOptions":"0x1150fd3f","ptntInsrncObj":"0x189ea647","quoteObj":"0x6c2fad54","recordId":"00629000004NTeZ","rtAdjstmntOptions":"0x1f8a22d5","showPILookup":false,"sObjectQueryStr":"","wrprObj":"0x7806403c"}|0x4ababa7c
08:36:22.0 (71996035)|VARIABLE_ASSIGNMENT|[83]|this.oppId|"00629000004NTeZ"|0x4ababa7c
08:36:22.0 (72001123)|STATEMENT_EXECUTE|[84]
08:36:22.0 (72031256)|METHOD_ENTRY|[84]|01p0a000004sKzV|PAW_New_EditCntrllr.getPtntInsrnceOptions()
08:36:22.0 (72046227)|VARIABLE_SCOPE_BEGIN|[186]|this|PAW_New_EditCntrllr|true|false
08:36:22.0 (72095279)|VARIABLE_ASSIGNMENT|[186]|this|{"estmtCvrgeDaysObj":"0x2b8140ee","faciltyOptions":"0x7c91ddcc","fcltyPrgrmOptions":"0x4f233c70","idToOwnershipFacilit (4 more) ...":"0x26aab698","idToTypeFacilityMap":"0x703cde81","insrncBnftMap":"0x4dc0f8d1","insrncBnftOptions":"0x6344ffd","isIop":false,"isTalbott":false,"meta":"0x159465d3","oppId":"00629000004NTeZ","pawObj":"0x6c6757b7","ptntInsrnceOptions":"0x1150fd3f","ptntInsrncObj":"0x189ea647","quoteObj":"0x6c2fad54","recordId":"00629000004NTeZ","rtAdjstmntOptions":"0x1f8a22d5","showPILookup":false,"sObjectQueryStr":"","wrprObj":"0x7806403c"}|0x4ababa7c
08:36:22.0 (72108333)|STATEMENT_EXECUTE|[186]
08:36:22.0 (72109877)|STATEMENT_EXECUTE|[190]
08:36:22.0 (72118895)|HEAP_ALLOCATE|[190]|Bytes:4
08:36:22.0 (72156344)|HEAP_ALLOCATE|[EXTERNAL]|Bytes:4
08:36:22.0 (72164496)|VARIABLE_ASSIGNMENT|[190]|this.ptntInsrnceOptions|[]|0x4ababa7c
08:36:22.0 (72168865)|STATEMENT_EXECUTE|[191]
08:36:22.0 (72176284)|HEAP_ALLOCATE|[191]|Bytes:12
08:36:22.0 (72225162)|HEAP_ALLOCATE|[EXTERNAL]|Bytes:4
08:36:22.0 (72233533)|STATEMENT_EXECUTE|[192]
08:36:22.0 (72253866)|HEAP_ALLOCATE|[192]|Bytes:4
08:36:22.0 (72259084)|HEAP_ALLOCATE|[192]|Bytes:95
08:36:22.0 (72268853)|HEAP_ALLOCATE|[192]|Bytes:4
08:36:22.0 (72280671)|HEAP_ALLOCATE|[192]|Bytes:7
08:36:22.0 (73971623)|SOQL_EXECUTE_BEGIN|[192]|Aggregations:0|SELECT Id, Name, Insurance_Company__c FROM Patient_Insurance__c WHERE Opportunity__c = :tmpVar1
08:36:22.0 (78330590)|SOQL_EXECUTE_END|[192]|Rows:4
08:36:22.0 (78353453)|HEAP_ALLOCATE|[192]|Bytes:20
08:36:22.0 (78378678)|HEAP_ALLOCATE|[192]|Bytes:449
08:36:22.0 (78429996)|HEAP_ALLOCATE|[192]|Bytes:20
08:36:22.0 (78469761)|HEAP_ALLOCATE|[192]|Bytes:16
08:36:22.0 (78480618)|HEAP_ALLOCATE|[192]|Bytes:4
08:36:22.0 (78486313)|HEAP_ALLOCATE|[192]|Bytes:16
08:36:22.0 (78490643)|HEAP_ALLOCATE|[192]|Bytes:4
08:36:22.0 (78493793)|HEAP_ALLOCATE|[192]|Bytes:16
08:36:22.0 (78497411)|HEAP_ALLOCATE|[192]|Bytes:4
08:36:22.0 (78500277)|HEAP_ALLOCATE|[192]|Bytes:16
08:36:22.0 (78504442)|HEAP_ALLOCATE|[192]|Bytes:4
08:36:22.0 (78546623)|VARIABLE_ASSIGNMENT|[192]|this.ptntInsrncMap|{"a1b29000000l40nAAA":{"Id":"a1b29000000l40nAAA","Name":"Maria Johnson - BCBS (17 more) ...","Insurance_Company__c":"0012900000AXSPBAA5"},"a1b29000000lvHQAAY":{"Id":"a1b29000000lvHQAAY","Name":"Maria Johnson - Valu (23 more) ...","Insurance_Company__c":"0012900000AXSP3AAP"},"a1b29000000lvHVAAY":{"Id":"a1b29000000lvHVAAY","Name":"Maria Johnson - Priv (7 more) ...","Insurance_Company__c":"0012900000AXSDqAAP"},"a1b29000000ly7uAAA":{"Id":"a1b29000000ly7uAAA","Name":"Maria Johnson - Alle (6 more) ...","Insurance_Company__c":"0012900000AXSlPAAX"}}|0x4ababa7c
08:36:22.0 (78597349)|HEAP_ALLOCATE|[EXTERNAL]|Bytes:20
08:36:22.0 (78610297)|HEAP_ALLOCATE|[197]|Bytes:465
08:36:22.0 (78788028)|HEAP_ALLOCATE|[197]|Bytes:5
08:36:22.0 (78801958)|HEAP_ALLOCATE|[197]|Bytes:16
08:36:22.0 (78810269)|VARIABLE_SCOPE_BEGIN|[197]|ptntInsrnceInstance|Patient_Insurance__c|true|false
08:36:22.0 (78826457)|VARIABLE_ASSIGNMENT|[197]|ptntInsrnceInstance|{"Id":"a1b29000000l40nAAA","Name":"Maria Johnson - BCBS (17 more) ...","Insurance_Company__c":"0012900000AXSPBAA5"}|0x600efcd5
08:36:22.0 (78833744)|STATEMENT_EXECUTE|[197]
08:36:22.0 (78835232)|STATEMENT_EXECUTE|[198]
08:36:22.0 (78881914)|HEAP_ALLOCATE|[198]|Bytes:18
08:36:22.0 (78939756)|HEAP_ALLOCATE|[EXTERNAL]|Bytes:4
08:36:22.0 (78955301)|HEAP_ALLOCATE|[197]|Bytes:5
08:36:22.0 (78964487)|HEAP_ALLOCATE|[197]|Bytes:16
08:36:22.0 (78972609)|VARIABLE_SCOPE_BEGIN|[197]|ptntInsrnceInstance|Patient_Insurance__c|true|false
08:36:22.0 (78991092)|VARIABLE_ASSIGNMENT|[197]|ptntInsrnceInstance|{"Id":"a1b29000000lvHQAAY","Name":"Maria Johnson - Valu (23 more) ...","Insurance_Company__c":"0012900000AXSP3AAP"}|0x189191a2
08:36:22.0 (78996715)|STATEMENT_EXECUTE|[197]
08:36:22.0 (78997744)|STATEMENT_EXECUTE|[198]
08:36:22.0 (79007444)|HEAP_ALLOCATE|[198]|Bytes:18
08:36:22.0 (79019983)|HEAP_ALLOCATE|[EXTERNAL]|Bytes:4
08:36:22.0 (79028931)|HEAP_ALLOCATE|[197]|Bytes:5
08:36:22.0 (79035846)|HEAP_ALLOCATE|[197]|Bytes:16
08:36:22.0 (79040316)|VARIABLE_SCOPE_BEGIN|[197]|ptntInsrnceInstance|Patient_Insurance__c|true|false
08:36:22.0 (79051600)|VARIABLE_ASSIGNMENT|[197]|ptntInsrnceInstance|{"Id":"a1b29000000lvHVAAY","Name":"Maria Johnson - Priv (7 more) ...","Insurance_Company__c":"0012900000AXSDqAAP"}|0x239c03bf
08:36:22.0 (79057073)|STATEMENT_EXECUTE|[197]
08:36:22.0 (79057975)|STATEMENT_EXECUTE|[198]
08:36:22.0 (79064058)|HEAP_ALLOCATE|[198]|Bytes:18
08:36:22.0 (79073053)|HEAP_ALLOCATE|[EXTERNAL]|Bytes:4
08:36:22.0 (79081320)|HEAP_ALLOCATE|[197]|Bytes:5
08:36:22.0 (79087884)|HEAP_ALLOCATE|[197]|Bytes:16
08:36:22.0 (79091813)|VARIABLE_SCOPE_BEGIN|[197]|ptntInsrnceInstance|Patient_Insurance__c|true|false
08:36:22.0 (79101337)|VARIABLE_ASSIGNMENT|[197]|ptntInsrnceInstance|{"Id":"a1b29000000ly7uAAA","Name":"Maria Johnson - Alle (6 more) ...","Insurance_Company__c":"0012900000AXSlPAAX"}|0x3c32938b
08:36:22.0 (79106075)|STATEMENT_EXECUTE|[197]
08:36:22.0 (79115435)|STATEMENT_EXECUTE|[198]
08:36:22.0 (79121090)|HEAP_ALLOCATE|[198]|Bytes:18
08:36:22.0 (79131021)|HEAP_ALLOCATE|[EXTERNAL]|Bytes:4
08:36:22.0 (79138589)|HEAP_ALLOCATE|[197]|Bytes:5
08:36:22.0 (79146576)|VARIABLE_ASSIGNMENT|[197]|ptntInsrnceInstance|null|
08:36:22.0 (79151267)|STATEMENT_EXECUTE|[201]
08:36:22.0 (79158548)|METHOD_EXIT|[84]|01p0a000004sKzV|PAW_New_EditCntrllr.getPtntInsrnceOptions()
08:36:22.0 (79254931)|VARIABLE_ASSIGNMENT|[EXTERNAL]|this|{"estmtCvrgeDaysObj":"0x2b8140ee","faciltyOptions":"0x7c91ddcc","fcltyPrgrmOptions":"0x4f233c70","idToOwnershipFacilit (4 more) ...":"0x26aab698","idToTypeFacilityMap":"0x703cde81","insrncBnftMap":"0x4dc0f8d1","insrncBnftOptions":"0x6344ffd","isIop":false,"isTalbott":false,"meta":"0x159465d3","oppId":"00629000004NTeZ","pawObj":"0x6c6757b7","ptntInsrnceOptions":"0x682fae5f","ptntInsrncMap":"0x6c564475","ptntInsrncObj":"0x189ea647","quoteObj":"0x6c2fad54","recordId":"00629000004NTeZ","rtAdjstmntOptions":"0x1f8a22d5","showPILookup":false,"sObjectQueryStr":"","wrprObj":"0x7806403c"}|0x4ababa7c
08:36:22.0 (79278235)|HEAP_ALLOCATE|[86]|Bytes:26
08:36:22.0 (79403174)|HEAP_ALLOCATE|[86]|Bytes:4
08:36:22.0 (79425001)|HEAP_ALLOCATE|[86]|Bytes:3
08:36:22.0 (79446902)|STATEMENT_EXECUTE|[86]
08:36:22.0 (79448950)|STATEMENT_EXECUTE|[156]
08:36:22.0 (79462868)|METHOD_ENTRY|[156]|01p0a000004sKzV|PAW_New_EditCntrllr.getRedirect()
08:36:22.0 (79480635)|VARIABLE_SCOPE_BEGIN|[159]|this|PAW_New_EditCntrllr|true|false
08:36:22.0 (79542920)|VARIABLE_ASSIGNMENT|[159]|this|{"estmtCvrgeDaysObj":"0x2b8140ee","faciltyOptions":"0x7c91ddcc","fcltyPrgrmOptions":"0x4f233c70","idToOwnershipFacilit (4 more) ...":"0x26aab698","idToTypeFacilityMap":"0x703cde81","insrncBnftMap":"0x4dc0f8d1","insrncBnftOptions":"0x6344ffd","isIop":false,"isTalbott":false,"meta":"0x159465d3","oppId":"00629000004NTeZ","pawObj":"0x6c6757b7","ptntInsrnceOptions":"0x682fae5f","ptntInsrncMap":"0x6c564475","ptntInsrncObj":"0x189ea647","quoteObj":"0x6c2fad54","recordId":"00629000004NTeZ","rtAdjstmntOptions":"0x1f8a22d5","showPILookup":false,"sObjectQueryStr":"","wrprObj":"0x7806403c"}|0x4ababa7c
08:36:22.0 (79558360)|STATEMENT_EXECUTE|[159]
08:36:22.0 (79559729)|STATEMENT_EXECUTE|[160]
08:36:22.0 (79562274)|HEAP_ALLOCATE|[160]|Bytes:5
08:36:22.0 (79585490)|USER_DEBUG|[160]|DEBUG|>>> 2
08:36:22.0 (79596980)|STATEMENT_EXECUTE|[161]
08:36:22.0 (79605810)|METHOD_ENTRY|[161]|01p0a000004sKzV|PAW_New_EditCntrllr.redirectIfLocked()
08:36:22.0 (79618047)|VARIABLE_SCOPE_BEGIN|[177]|this|PAW_New_EditCntrllr|true|false
08:36:22.0 (79668261)|VARIABLE_ASSIGNMENT|[177]|this|{"estmtCvrgeDaysObj":"0x2b8140ee","faciltyOptions":"0x7c91ddcc","fcltyPrgrmOptions":"0x4f233c70","idToOwnershipFacilit (4 more) ...":"0x26aab698","idToTypeFacilityMap":"0x703cde81","insrncBnftMap":"0x4dc0f8d1","insrncBnftOptions":"0x6344ffd","isIop":false,"isTalbott":false,"meta":"0x159465d3","oppId":"00629000004NTeZ","pawObj":"0x6c6757b7","ptntInsrnceOptions":"0x682fae5f","ptntInsrncMap":"0x6c564475","ptntInsrncObj":"0x189ea647","quoteObj":"0x6c2fad54","recordId":"00629000004NTeZ","rtAdjstmntOptions":"0x1f8a22d5","showPILookup":false,"sObjectQueryStr":"","wrprObj":"0x7806403c"}|0x4ababa7c
08:36:22.0 (79680665)|STATEMENT_EXECUTE|[177]
08:36:22.0 (79731314)|VARIABLE_ASSIGNMENT|[EXTERNAL]|this|{"estmtCvrgeDaysObj":"0x2b8140ee","faciltyOptions":"0x7c91ddcc","fcltyPrgrmOptions":"0x4f233c70","idToOwnershipFacilit (4 more) ...":"0x26aab698","idToTypeFacilityMap":"0x703cde81","insrncBnftMap":"0x4dc0f8d1","insrncBnftOptions":"0x6344ffd","isIop":false,"isTalbott":false,"meta":"0x159465d3","oppId":"00629000004NTeZ","pawObj":"0x6c6757b7","ptntInsrnceOptions":"0x682fae5f","ptntInsrncMap":"0x6c564475","ptntInsrncObj":"0x189ea647","quoteObj":"0x6c2fad54","recordId":"00629000004NTeZ","rtAdjstmntOptions":"0x1f8a22d5","showPILookup":false,"sObjectQueryStr":"","wrprObj":"0x7806403c"}|0x4ababa7c
08:36:22.0 (79747267)|STATEMENT_EXECUTE|[178]
08:36:22.0 (79748412)|STATEMENT_EXECUTE|[182]
08:36:22.0 (79795183)|VARIABLE_ASSIGNMENT|[EXTERNAL]|this|{"estmtCvrgeDaysObj":"0x2b8140ee","faciltyOptions":"0x7c91ddcc","fcltyPrgrmOptions":"0x4f233c70","idToOwnershipFacilit (4 more) ...":"0x26aab698","idToTypeFacilityMap":"0x703cde81","insrncBnftMap":"0x4dc0f8d1","insrncBnftOptions":"0x6344ffd","isIop":false,"isTalbott":false,"meta":"0x159465d3","oppId":"00629000004NTeZ","pawObj":"0x6c6757b7","ptntInsrnceOptions":"0x682fae5f","ptntInsrncMap":"0x6c564475","ptntInsrncObj":"0x189ea647","quoteObj":"0x6c2fad54","recordId":"00629000004NTeZ","rtAdjstmntOptions":"0x1f8a22d5","showPILookup":false,"sObjectQueryStr":"","wrprObj":"0x7806403c"}|0x4ababa7c
08:36:22.0 (81209581)|VARIABLE_SCOPE_BEGIN|[4]|RecordLockUtility.isLockedFlag|Boolean|false|true
08:36:22.0 (81229542)|HEAP_ALLOCATE|[182]|Bytes:13
08:36:22.0 (81250728)|METHOD_ENTRY|[1]|01p0a000004sCDb|RecordLockUtility.RecordLockUtility()
08:36:22.0 (81255918)|STATEMENT_EXECUTE|[1]
08:36:22.0 (81258983)|STATEMENT_EXECUTE|[1]
08:36:22.0 (81614845)|SYSTEM_MODE_ENTER|false
08:36:22.0 (81625744)|HEAP_ALLOCATE|[182]|Bytes:5
08:36:22.0 (81633950)|SYSTEM_MODE_EXIT|false
08:36:22.0 (81644732)|METHOD_EXIT|[1]|RecordLockUtility
08:36:22.0 (81665604)|METHOD_ENTRY|[182]|01p0a000004sCDb|RecordLockUtility.redirectIfLocked(String)
08:36:22.0 (81674364)|VARIABLE_SCOPE_BEGIN|[29]|recordId|String|false|false
08:36:22.0 (81684377)|VARIABLE_ASSIGNMENT|[29]|recordId|"00629000004NTeZ"
08:36:22.0 (81700790)|SYSTEM_MODE_ENTER|false
08:36:22.0 (81705744)|HEAP_ALLOCATE|[30]|Bytes:5
08:36:22.0 (81710351)|STATEMENT_EXECUTE|[29]
08:36:22.0 (81711601)|STATEMENT_EXECUTE|[30]
08:36:22.0 (81723732)|HEAP_ALLOCATE|[30]|Bytes:4
08:36:22.0 (81736938)|METHOD_ENTRY|[30]|01p0a000004sCDb|RecordLockUtility.verifyIfLocked(Id)
08:36:22.0 (81770994)|VARIABLE_SCOPE_BEGIN|[14]|pRecordId|Id|false|false
08:36:22.0 (81952603)|VARIABLE_ASSIGNMENT|[14]|pRecordId|"00629000004NTeZAAW"
08:36:22.0 (81972390)|HEAP_ALLOCATE|[15]|Bytes:5
08:36:22.0 (81976390)|STATEMENT_EXECUTE|[14]
08:36:22.0 (81977375)|STATEMENT_EXECUTE|[15]
08:36:22.0 (82472906)|HEAP_ALLOCATE|[15]|Bytes:5
08:36:22.0 (82487861)|METHOD_EXIT|[30]|01p0a000004sCDb|RecordLockUtility.verifyIfLocked(Id)
08:36:22.0 (82497818)|HEAP_ALLOCATE|[30]|Bytes:5
08:36:22.0 (82512080)|VARIABLE_ASSIGNMENT|[30]|RecordLockUtility.isLockedFlag|false
08:36:22.0 (82519484)|STATEMENT_EXECUTE|[35]
08:36:22.0 (82520761)|STATEMENT_EXECUTE|[36]
08:36:22.0 (82523748)|SYSTEM_MODE_EXIT|false
08:36:22.0 (82530903)|METHOD_EXIT|[182]|01p0a000004sCDb|RecordLockUtility.redirectIfLocked(String)
08:36:22.0 (82537130)|METHOD_EXIT|[161]|01p0a000004sKzV|PAW_New_EditCntrllr.redirectIfLocked()
08:36:22.0 (82542976)|VARIABLE_SCOPE_BEGIN|[161]|redirectPR|System.PageReference|true|false
08:36:22.0 (82554170)|VARIABLE_ASSIGNMENT|[161]|redirectPR|null|
08:36:22.0 (82558331)|STATEMENT_EXECUTE|[162]
08:36:22.0 (82563865)|STATEMENT_EXECUTE|[166]
08:36:22.0 (82564801)|STATEMENT_EXECUTE|[173]
08:36:22.0 (82567469)|METHOD_EXIT|[156]|01p0a000004sKzV|PAW_New_EditCntrllr.getRedirect()
08:36:22.83 (83007820)|SYSTEM_MODE_ENTER|true
08:36:22.83 (83045477)|HEAP_ALLOCATE|[EXTERNAL]|Bytes:38
08:36:22.83 (83053079)|HEAP_ALLOCATE|[EXTERNAL]|Bytes:7
08:36:22.83 (83068803)|SYSTEM_METHOD_ENTRY|[1]|PageMessagesComponentController.PageMessagesComponentController()
08:36:22.83 (83073387)|STATEMENT_EXECUTE|[1]
08:36:22.83 (83274189)|SYSTEM_MODE_ENTER|true
08:36:22.83 (83326925)|HEAP_ALLOCATE|[EXTERNAL]|Bytes:8
08:36:22.83 (83334350)|VARIABLE_SCOPE_BEGIN|[88]|this|ApexPage.PageMessagesComponentController|true|false
08:36:22.83 (83359395)|VARIABLE_ASSIGNMENT|[88]|this|{}|0x1cda15d8
08:36:22.83 (83376360)|VARIABLE_SCOPE_BEGIN|[88]|escape|Boolean|false|false
08:36:22.83 (83386981)|VARIABLE_ASSIGNMENT|[88]|escape|null
08:36:22.83 (83546053)|SYSTEM_MODE_ENTER|true
08:36:22.83 (83577090)|HEAP_ALLOCATE|[EXTERNAL]|Bytes:8
08:36:22.83 (83583720)|VARIABLE_SCOPE_BEGIN|[2]|this|ApexPage.PageMessagesComponentController|true|false
08:36:22.83 (83621272)|VARIABLE_ASSIGNMENT|[2]|this|{}|0x1cda15d8
08:36:22.0 (84435584)|SYSTEM_MODE_ENTER|true
08:36:22.0 (84647527)|SYSTEM_MODE_ENTER|true
08:36:22.0 (84921486)|SYSTEM_MODE_ENTER|true
08:36:22.0 (92403482)|SYSTEM_MODE_ENTER|true
08:36:22.0 (92461890)|SYSTEM_MODE_ENTER|true
08:36:22.110 (110730296)|SYSTEM_MODE_ENTER|true
08:36:22.110 (110813601)|HEAP_ALLOCATE|[EXTERNAL]|Bytes:8
08:36:22.110 (110826905)|VARIABLE_SCOPE_BEGIN|[88]|this|ApexPage.PageMessagesComponentController|true|false
08:36:22.110 (110863536)|VARIABLE_ASSIGNMENT|[88]|this|{}|0x1cda15d8
08:36:22.110 (110870414)|VARIABLE_SCOPE_BEGIN|[88]|escape|Boolean|false|false
08:36:22.110 (110878260)|VARIABLE_ASSIGNMENT|[88]|escape|null
08:36:22.111 (111015042)|SYSTEM_MODE_ENTER|true
08:36:22.111 (111044536)|HEAP_ALLOCATE|[EXTERNAL]|Bytes:8
08:36:22.111 (111051185)|VARIABLE_SCOPE_BEGIN|[2]|this|ApexPage.PageMessagesComponentController|true|false
08:36:22.111 (111067078)|VARIABLE_ASSIGNMENT|[2]|this|{}|0x1cda15d8
08:36:22.0 (113496191)|SYSTEM_MODE_ENTER|true
08:36:22.0 (113529368)|HEAP_ALLOCATE|[EXTERNAL]|Bytes:112
08:36:22.0 (113537502)|VARIABLE_SCOPE_BEGIN|[186]|this|PAW_New_EditCntrllr|true|false
08:36:22.0 (113625181)|VARIABLE_ASSIGNMENT|[186]|this|{"estmtCvrgeDaysObj":"0x2b8140ee","faciltyOptions":"0x7c91ddcc","fcltyPrgrmOptions":"0x4f233c70","idToOwnershipFacilit (4 more) ...":"0x26aab698","idToTypeFacilityMap":"0x703cde81","insrncBnftMap":"0x4dc0f8d1","insrncBnftOptions":"0x6344ffd","isIop":false,"isTalbott":false,"meta":"0x159465d3","oppId":"00629000004NTeZ","pawObj":"0x6c6757b7","ptntInsrnceOptions":"0x682fae5f","ptntInsrncMap":"0x6c564475","ptntInsrncObj":"0x189ea647","quoteObj":"0x6c2fad54","recordId":"00629000004NTeZ","rtAdjstmntOptions":"0x1f8a22d5","showPILookup":false,"sObjectQueryStr":"","wrprObj":"0x7806403c"}|0x4ababa7c
08:36:22.0 (113642185)|STATEMENT_EXECUTE|[186]
08:36:22.0 (113643825)|STATEMENT_EXECUTE|[190]
08:36:22.0 (113653366)|HEAP_ALLOCATE|[190]|Bytes:4
08:36:22.0 (113684171)|HEAP_ALLOCATE|[EXTERNAL]|Bytes:4
08:36:22.0 (113695478)|VARIABLE_ASSIGNMENT|[190]|this.ptntInsrnceOptions|[]|0x4ababa7c
08:36:22.0 (113700174)|STATEMENT_EXECUTE|[191]
08:36:22.0 (113723115)|HEAP_ALLOCATE|[EXTERNAL]|Bytes:4
08:36:22.0 (113729433)|STATEMENT_EXECUTE|[192]
08:36:22.0 (113750351)|HEAP_ALLOCATE|[192]|Bytes:4
08:36:22.0 (113761027)|HEAP_ALLOCATE|[192]|Bytes:4
08:36:22.0 (114014830)|SOQL_EXECUTE_BEGIN|[192]|Aggregations:0|SELECT Id, Name, Insurance_Company__c FROM Patient_Insurance__c WHERE Opportunity__c = :tmpVar1
08:36:22.0 (116985224)|SOQL_EXECUTE_END|[192]|Rows:4
08:36:22.0 (117005669)|HEAP_ALLOCATE|[192]|Bytes:20
08:36:22.0 (117028100)|HEAP_ALLOCATE|[192]|Bytes:449
08:36:22.0 (117070665)|HEAP_ALLOCATE|[192]|Bytes:20
08:36:22.0 (117085432)|HEAP_ALLOCATE|[192]|Bytes:16
08:36:22.0 (117094958)|HEAP_ALLOCATE|[192]|Bytes:4
08:36:22.0 (117100682)|HEAP_ALLOCATE|[192]|Bytes:16
08:36:22.0 (117105076)|HEAP_ALLOCATE|[192]|Bytes:4
08:36:22.0 (117117500)|HEAP_ALLOCATE|[192]|Bytes:16
08:36:22.0 (117121821)|HEAP_ALLOCATE|[192]|Bytes:4
08:36:22.0 (117124765)|HEAP_ALLOCATE|[192]|Bytes:16
08:36:22.0 (117128285)|HEAP_ALLOCATE|[192]|Bytes:4
08:36:22.0 (117165840)|VARIABLE_ASSIGNMENT|[192]|this.ptntInsrncMap|{"a1b29000000l40nAAA":{"Id":"a1b29000000l40nAAA","Name":"Maria Johnson - BCBS (17 more) ...","Insurance_Company__c":"0012900000AXSPBAA5"},"a1b29000000lvHQAAY":{"Id":"a1b29000000lvHQAAY","Name":"Maria Johnson - Valu (23 more) ...","Insurance_Company__c":"0012900000AXSP3AAP"},"a1b29000000lvHVAAY":{"Id":"a1b29000000lvHVAAY","Name":"Maria Johnson - Priv (7 more) ...","Insurance_Company__c":"0012900000AXSDqAAP"},"a1b29000000ly7uAAA":{"Id":"a1b29000000ly7uAAA","Name":"Maria Johnson - Alle (6 more) ...","Insurance_Company__c":"0012900000AXSlPAAX"}}|0x4ababa7c
08:36:22.0 (117191187)|HEAP_ALLOCATE|[EXTERNAL]|Bytes:20
08:36:22.0 (117202518)|HEAP_ALLOCATE|[197]|Bytes:465
08:36:22.0 (117223453)|HEAP_ALLOCATE|[197]|Bytes:5
08:36:22.0 (117234267)|HEAP_ALLOCATE|[197]|Bytes:16
08:36:22.0 (117242185)|VARIABLE_SCOPE_BEGIN|[197]|ptntInsrnceInstance|Patient_Insurance__c|true|false
08:36:22.0 (117255766)|VARIABLE_ASSIGNMENT|[197]|ptntInsrnceInstance|{"Id":"a1b29000000l40nAAA","Name":"Maria Johnson - BCBS (17 more) ...","Insurance_Company__c":"0012900000AXSPBAA5"}|0x43a981c9
08:36:22.0 (117266285)|STATEMENT_EXECUTE|[197]
08:36:22.0 (117267684)|STATEMENT_EXECUTE|[198]
08:36:22.0 (117282000)|HEAP_ALLOCATE|[198]|Bytes:18
08:36:22.0 (117299273)|HEAP_ALLOCATE|[EXTERNAL]|Bytes:4
08:36:22.0 (117312696)|HEAP_ALLOCATE|[197]|Bytes:5
08:36:22.0 (117320072)|HEAP_ALLOCATE|[197]|Bytes:16
08:36:22.0 (117324728)|VARIABLE_SCOPE_BEGIN|[197]|ptntInsrnceInstance|Patient_Insurance__c|true|false
08:36:22.0 (117340440)|VARIABLE_ASSIGNMENT|[197]|ptntInsrnceInstance|{"Id":"a1b29000000lvHQAAY","Name":"Maria Johnson - Valu (23 more) ...","Insurance_Company__c":"0012900000AXSP3AAP"}|0x4b6a3c2f
08:36:22.0 (117345803)|STATEMENT_EXECUTE|[197]
08:36:22.0 (117346690)|STATEMENT_EXECUTE|[198]
08:36:22.0 (117353805)|HEAP_ALLOCATE|[198]|Bytes:18
08:36:22.0 (117364145)|HEAP_ALLOCATE|[EXTERNAL]|Bytes:4
08:36:22.0 (117371964)|HEAP_ALLOCATE|[197]|Bytes:5
08:36:22.0 (117378480)|HEAP_ALLOCATE|[197]|Bytes:16
08:36:22.0 (117382565)|VARIABLE_SCOPE_BEGIN|[197]|ptntInsrnceInstance|Patient_Insurance__c|true|false
08:36:22.0 (117393105)|VARIABLE_ASSIGNMENT|[197]|ptntInsrnceInstance|{"Id":"a1b29000000lvHVAAY","Name":"Maria Johnson - Priv (7 more) ...","Insurance_Company__c":"0012900000AXSDqAAP"}|0x5e932777
08:36:22.0 (117398298)|STATEMENT_EXECUTE|[197]
08:36:22.0 (117399157)|STATEMENT_EXECUTE|[198]
08:36:22.0 (117404323)|HEAP_ALLOCATE|[198]|Bytes:18
08:36:22.0 (117413009)|HEAP_ALLOCATE|[EXTERNAL]|Bytes:4
08:36:22.0 (117420285)|HEAP_ALLOCATE|[197]|Bytes:5
08:36:22.0 (117426056)|HEAP_ALLOCATE|[197]|Bytes:16
08:36:22.0 (117430033)|VARIABLE_SCOPE_BEGIN|[197]|ptntInsrnceInstance|Patient_Insurance__c|true|false
08:36:22.0 (117439725)|VARIABLE_ASSIGNMENT|[197]|ptntInsrnceInstance|{"Id":"a1b29000000ly7uAAA","Name":"Maria Johnson - Alle (6 more) ...","Insurance_Company__c":"0012900000AXSlPAAX"}|0x4a9bc136
08:36:22.0 (117444597)|STATEMENT_EXECUTE|[197]
08:36:22.0 (117445540)|STATEMENT_EXECUTE|[198]
08:36:22.0 (117450097)|HEAP_ALLOCATE|[198]|Bytes:18
08:36:22.0 (117458173)|HEAP_ALLOCATE|[EXTERNAL]|Bytes:4
08:36:22.0 (117465413)|HEAP_ALLOCATE|[197]|Bytes:5
08:36:22.0 (117472223)|VARIABLE_ASSIGNMENT|[197]|ptntInsrnceInstance|null|
08:36:22.0 (117476374)|STATEMENT_EXECUTE|[201]
08:36:22.0 (118911358)|SYSTEM_MODE_ENTER|true
08:36:22.0 (118945179)|HEAP_ALLOCATE|[EXTERNAL]|Bytes:112
08:36:22.0 (118954346)|VARIABLE_SCOPE_BEGIN|[215]|this|PAW_New_EditCntrllr|true|false
08:36:22.0 (119024014)|VARIABLE_ASSIGNMENT|[215]|this|{"estmtCvrgeDaysObj":"0x2b8140ee","faciltyOptions":"0x7c91ddcc","fcltyPrgrmOptions":"0x4f233c70","idToOwnershipFacilit (4 more) ...":"0x26aab698","idToTypeFacilityMap":"0x703cde81","insrncBnftMap":"0x4dc0f8d1","insrncBnftOptions":"0x6344ffd","isIop":false,"isTalbott":false,"meta":"0x159465d3","oppId":"00629000004NTeZ","pawObj":"0x6c6757b7","ptntInsrnceOptions":"0x4888d3c7","ptntInsrncMap":"0x4590d59e","ptntInsrncObj":"0x189ea647","quoteObj":"0x6c2fad54","recordId":"00629000004NTeZ","rtAdjstmntOptions":"0x1f8a22d5","showPILookup":false,"sObjectQueryStr":"","wrprObj":"0x7806403c"}|0x4ababa7c
08:36:22.0 (119041629)|STATEMENT_EXECUTE|[215]
08:36:22.0 (119043462)|STATEMENT_EXECUTE|[216]
08:36:22.0 (119089577)|STATEMENT_EXECUTE|[217]
08:36:22.0 (119129590)|HEAP_ALLOCATE|[EXTERNAL]|Bytes:4
08:36:22.0 (119209611)|VARIABLE_ASSIGNMENT|[EXTERNAL]|this|{"estmtCvrgeDaysObj":"0x2b8140ee","faciltyOptions":"0x7c91ddcc","fcltyPrgrmOptions":"0x4f233c70","idToOwnershipFacilit (4 more) ...":"0x26aab698","idToTypeFacilityMap":"0x703cde81","insrncBnftMap":"0x4dc0f8d1","insrncBnftOptions":"0x6344ffd","isIop":false,"isTalbott":false,"meta":"0x159465d3","oppId":"00629000004NTeZ","pawObj":"0x6c6757b7","ptntInsrnceOptions":"0x4888d3c7","ptntInsrncMap":"0x4590d59e","ptntInsrncObj":"0x189ea647","quoteObj":"0x6c2fad54","recordId":"00629000004NTeZ","rtAdjstmntOptions":"0x1f8a22d5","showPILookup":false,"sObjectQueryStr":"","wrprObj":"0x7806403c"}|0x4ababa7c
08:36:22.0 (119232173)|STATEMENT_EXECUTE|[218]
08:36:22.0 (119233537)|STATEMENT_EXECUTE|[219]
08:36:22.0 (119255539)|HEAP_ALLOCATE|[219]|Bytes:4
08:36:22.0 (119262259)|HEAP_ALLOCATE|[219]|Bytes:1083
08:36:22.0 (119270204)|HEAP_ALLOCATE|[219]|Bytes:4
08:36:22.0 (119351570)|VARIABLE_ASSIGNMENT|[EXTERNAL]|this|{"estmtCvrgeDaysObj":"0x2b8140ee","faciltyOptions":"0x7c91ddcc","fcltyPrgrmOptions":"0x4f233c70","idToOwnershipFacilit (4 more) ...":"0x26aab698","idToTypeFacilityMap":"0x703cde81","insrncBnftMap":"0x4dc0f8d1","insrncBnftOptions":"0x6344ffd","isIop":false,"isTalbott":false,"meta":"0x159465d3","oppId":"00629000004NTeZ","pawObj":"0x6c6757b7","ptntInsrnceOptions":"0x4888d3c7","ptntInsrncMap":"0x4590d59e","ptntInsrncObj":"0x189ea647","quoteObj":"0x6c2fad54","recordId":"00629000004NTeZ","rtAdjstmntOptions":"0x1f8a22d5","showPILookup":false,"sObjectQueryStr":"","wrprObj":"0x7806403c"}|0x4ababa7c
08:36:22.0 (123180865)|SOQL_EXECUTE_BEGIN|[219]|Aggregations:0|SELECT Id, Name, RecordType.Name, Uncovered_Charges__c, Patient_Insurance__r.Accepts_Assignment_of_Benefits__c, Patient_Insurance__r.Opportunity__c, Patient_Insurance__r.Accreditation__c, Patient_Insurance__r.Insurance_Company__r.Name, PHP_Admit_Co_Payment__c, Detox_Admit_Co_Payment__c, RTC_Admit_Co_Payment__c, Deductible__c, Deductible_Met__c, IOP_Admit_Co_Payment__c, Max_Out_of_Pocket_Remaining__c, Insurance_Company_is_Out_of_Network__c, Annual_Max_Remaining__c, Deductible_Remaining__c, Detox_Pays_at__c, Detox_Over__c, RTC_Pays_at__c, Residential_Treatment_Override__c, PHP_Pays_at__c, Partial_Hospitalization_Override__c, IOP_Pays_at__c, Intensive_Outpatient_Override__c, Num_Days_Uncovered__c, Num_Days_Room__c, Uncovered_Days_Rate__c, Room_and_Board_Days_Rate__c, Uncovered_Days_Override__c, Room_and_Board_Days_Override__c, Deductible_Included_in_OOP__c, Uncovered_Days__c, Lifetime_Max__c, Lifetime_Max_Met__c, Annual_Max__c, Annual_Max_Met__c, Max_Out_of_Pocket__c, Max_Out_of_Pocket_Met__c, Co_Pay_Met__c FROM Insurance_Benefit__c WHERE Patient_Insurance__c = :tmpVar1
08:36:22.0 (126691501)|SOQL_EXECUTE_END|[219]|Rows:0
08:36:22.0 (126713274)|HEAP_ALLOCATE|[219]|Bytes:4
08:36:22.0 (126737432)|HEAP_ALLOCATE|[219]|Bytes:0
08:36:22.0 (126794229)|HEAP_ALLOCATE|[219]|Bytes:4
08:36:22.0 (126828235)|VARIABLE_ASSIGNMENT|[219]|this.insrncBnftMap|{}|0x4ababa7c
08:36:22.0 (126873679)|HEAP_ALLOCATE|[EXTERNAL]|Bytes:4
08:36:22.0 (126879873)|HEAP_ALLOCATE|[263]|Bytes:4
08:36:22.0 (127025161)|HEAP_ALLOCATE|[263]|Bytes:5
08:36:22.0 (127040218)|VARIABLE_ASSIGNMENT|[263]|insrncBnftInstance|null|
08:36:22.0 (127045106)|STATEMENT_EXECUTE|[263]
08:36:22.0 (127132546)|VARIABLE_ASSIGNMENT|[EXTERNAL]|this|{"estmtCvrgeDaysObj":"0x2b8140ee","faciltyOptions":"0x7c91ddcc","fcltyPrgrmOptions":"0x4f233c70","idToOwnershipFacilit (4 more) ...":"0x26aab698","idToTypeFacilityMap":"0x703cde81","insrncBnftMap":"0x1fff0011","insrncBnftOptions":"0x6344ffd","isIop":false,"isTalbott":false,"meta":"0x159465d3","oppId":"00629000004NTeZ","pawObj":"0x6c6757b7","ptntInsrnceOptions":"0x4888d3c7","ptntInsrncMap":"0x4590d59e","ptntInsrncObj":"0x189ea647","quoteObj":"0x6c2fad54","recordId":"00629000004NTeZ","rtAdjstmntOptions":"0x1f8a22d5","showPILookup":false,"sObjectQueryStr":"","wrprObj":"0x7806403c"}|0x4ababa7c
08:36:22.0 (127231103)|VARIABLE_ASSIGNMENT|[EXTERNAL]|this|{"facilitySelected":"","fcltyPrgrmSelected":"","insrncBnft":"0x625ac93b","insrncBnftSelected":"","pawDetailListDisplay (4 more) ...":false,"pyAgrmntWrksht":"0xffa800c","rateAdjstmntSelected":"","relatedPAWDetailsLis (1 more) ...":"0x315eb7b2","targetEDR":0.00,"totalAppliedDeductib (2 more) ...":0.00,"totalCoInsurance":0.00,"totalCoPayAmt":0.00,"totalInsCoResp":0.00,"totalInsEIVAmt":0.00,"totalRowCount":0,"totalTalbottDay":0.00}|0x7806403c
08:36:22.0 (127307789)|VARIABLE_ASSIGNMENT|[EXTERNAL]|this|{"estmtCvrgeDaysObj":"0x2b8140ee","faciltyOptions":"0x7c91ddcc","fcltyPrgrmOptions":"0x4f233c70","idToOwnershipFacilit (4 more) ...":"0x26aab698","idToTypeFacilityMap":"0x703cde81","insrncBnftMap":"0x1fff0011","insrncBnftOptions":"0x6344ffd","isIop":false,"isTalbott":false,"meta":"0x159465d3","oppId":"00629000004NTeZ","pawObj":"0x6c6757b7","ptntInsrnceOptions":"0x4888d3c7","ptntInsrncMap":"0x4590d59e","ptntInsrncObj":"0x189ea647","quoteObj":"0x6c2fad54","recordId":"00629000004NTeZ","rtAdjstmntOptions":"0x1f8a22d5","showPILookup":false,"sObjectQueryStr":"","wrprObj":"0x7806403c"}|0x4ababa7c
08:36:22.0 (127360431)|VARIABLE_ASSIGNMENT|[EXTERNAL]|this|{"facilitySelected":"","fcltyPrgrmSelected":"","insrncBnft":"0x625ac93b","insrncBnftSelected":"","pawDetailListDisplay (4 more) ...":false,"pyAgrmntWrksht":"0xffa800c","rateAdjstmntSelected":"","relatedPAWDetailsLis (1 more) ...":"0x315eb7b2","targetEDR":0.00,"totalAppliedDeductib (2 more) ...":0.00,"totalCoInsurance":0.00,"totalCoPayAmt":0.00,"totalInsCoResp":0.00,"totalInsEIVAmt":0.00,"totalRowCount":0,"totalTalbottDay":0.00}|0x7806403c
08:36:22.0 (127391013)|STATEMENT_EXECUTE|[269]
08:36:22.0 (127392479)|STATEMENT_EXECUTE|[270]
08:36:22.0 (127456578)|VARIABLE_ASSIGNMENT|[EXTERNAL]|this|{"estmtCvrgeDaysObj":"0x2b8140ee","faciltyOptions":"0x7c91ddcc","fcltyPrgrmOptions":"0x4f233c70","idToOwnershipFacilit (4 more) ...":"0x26aab698","idToTypeFacilityMap":"0x703cde81","insrncBnftMap":"0x1fff0011","insrncBnftOptions":"0x6344ffd","isIop":false,"isTalbott":false,"meta":"0x159465d3","oppId":"00629000004NTeZ","pawObj":"0x6c6757b7","ptntInsrnceOptions":"0x4888d3c7","ptntInsrncMap":"0x4590d59e","ptntInsrncObj":"0x189ea647","quoteObj":"0x6c2fad54","recordId":"00629000004NTeZ","rtAdjstmntOptions":"0x1f8a22d5","showPILookup":false,"sObjectQueryStr":"","wrprObj":"0x7806403c"}|0x4ababa7c
08:36:22.0 (127507483)|VARIABLE_ASSIGNMENT|[EXTERNAL]|this|{"facilitySelected":"","fcltyPrgrmSelected":"","insrncBnft":"0x625ac93b","insrncBnftSelected":"","pawDetailListDisplay (4 more) ...":false,"pyAgrmntWrksht":"0xffa800c","rateAdjstmntSelected":"","relatedPAWDetailsLis (1 more) ...":"0x315eb7b2","targetEDR":0.00,"totalAppliedDeductib (2 more) ...":0.00,"totalCoInsurance":0.00,"totalCoPayAmt":0.00,"totalInsCoResp":0.00,"totalInsEIVAmt":0.00,"totalRowCount":0,"totalTalbottDay":0.00}|0x7806403c
08:36:22.0 (127518661)|VARIABLE_ASSIGNMENT|[EXTERNAL]|value|null|
08:36:22.0 (127526141)|VARIABLE_ASSIGNMENT|[526]|this.insrncBnft|null|0x7806403c
08:36:22.0 (127533231)|STATEMENT_EXECUTE|[272]
08:36:22.0 (128329335)|SYSTEM_MODE_ENTER|true
08:36:22.0 (128626644)|SYSTEM_MODE_ENTER|true
08:36:22.0 (128673731)|HEAP_ALLOCATE|[EXTERNAL]|Bytes:112
08:36:22.0 (128685599)|VARIABLE_SCOPE_BEGIN|[379]|this|PAW_New_EditCntrllr|true|false
08:36:22.0 (128760865)|VARIABLE_ASSIGNMENT|[379]|this|{"estmtCvrgeDaysObj":"0x2b8140ee","faciltyOptions":"0x7c91ddcc","fcltyPrgrmOptions":"0x4f233c70","idToOwnershipFacilit (4 more) ...":"0x26aab698","idToTypeFacilityMap":"0x703cde81","insrncBnftMap":"0x1fff0011","insrncBnftOptions":"0x6344ffd","isIop":false,"isTalbott":false,"meta":"0x159465d3","oppId":"00629000004NTeZ","pawObj":"0x6c6757b7","ptntInsrnceOptions":"0x4888d3c7","ptntInsrncMap":"0x4590d59e","ptntInsrncObj":"0x189ea647","quoteObj":"0x6c2fad54","recordId":"00629000004NTeZ","rtAdjstmntOptions":"0x1f8a22d5","showPILookup":false,"sObjectQueryStr":"","wrprObj":"0x7806403c"}|0x4ababa7c
08:36:22.0 (128778497)|STATEMENT_EXECUTE|[379]
08:36:22.0 (128780108)|STATEMENT_EXECUTE|[380]
08:36:22.0 (128789843)|HEAP_ALLOCATE|[380]|Bytes:4
08:36:22.0 (128848187)|HEAP_ALLOCATE|[EXTERNAL]|Bytes:4
08:36:22.0 (128861025)|VARIABLE_ASSIGNMENT|[380]|this.rtAdjstmntOptions|[]|0x4ababa7c
08:36:22.0 (128866595)|STATEMENT_EXECUTE|[381]
08:36:22.0 (128874161)|HEAP_ALLOCATE|[381]|Bytes:8
08:36:22.0 (128934434)|HEAP_ALLOCATE|[EXTERNAL]|Bytes:4
08:36:22.0 (129026589)|VARIABLE_ASSIGNMENT|[EXTERNAL]|this|{"estmtCvrgeDaysObj":"0x2b8140ee","faciltyOptions":"0x7c91ddcc","fcltyPrgrmOptions":"0x4f233c70","idToOwnershipFacilit (4 more) ...":"0x26aab698","idToTypeFacilityMap":"0x703cde81","insrncBnftMap":"0x1fff0011","insrncBnftOptions":"0x6344ffd","isIop":false,"isTalbott":false,"meta":"0x159465d3","oppId":"00629000004NTeZ","pawObj":"0x6c6757b7","ptntInsrnceOptions":"0x4888d3c7","ptntInsrncMap":"0x4590d59e","ptntInsrncObj":"0x189ea647","quoteObj":"0x6c2fad54","recordId":"00629000004NTeZ","rtAdjstmntOptions":"0x5a34a519","showPILookup":false,"sObjectQueryStr":"","wrprObj":"0x7806403c"}|0x4ababa7c
08:36:22.0 (129098890)|VARIABLE_ASSIGNMENT|[EXTERNAL]|this|{"facilitySelected":"","fcltyPrgrmSelected":"","insrncBnftSelected":"","pawDetailListDisplay (4 more) ...":false,"pyAgrmntWrksht":"0xffa800c","rateAdjstmntSelected":"","relatedPAWDetailsLis (1 more) ...":"0x315eb7b2","targetEDR":0.00,"totalAppliedDeductib (2 more) ...":0.00,"totalCoInsurance":0.00,"totalCoPayAmt":0.00,"totalInsCoResp":0.00,"totalInsEIVAmt":0.00,"totalRowCount":0,"totalTalbottDay":0.00}|0x7806403c
08:36:22.0 (129181485)|VARIABLE_ASSIGNMENT|[EXTERNAL]|this|{"estmtCvrgeDaysObj":"0x2b8140ee","faciltyOptions":"0x7c91ddcc","fcltyPrgrmOptions":"0x4f233c70","idToOwnershipFacilit (4 more) ...":"0x26aab698","idToTypeFacilityMap":"0x703cde81","insrncBnftMap":"0x1fff0011","insrncBnftOptions":"0x6344ffd","isIop":false,"isTalbott":false,"meta":"0x159465d3","oppId":"00629000004NTeZ","pawObj":"0x6c6757b7","ptntInsrnceOptions":"0x4888d3c7","ptntInsrncMap":"0x4590d59e","ptntInsrncObj":"0x189ea647","quoteObj":"0x6c2fad54","recordId":"00629000004NTeZ","rtAdjstmntOptions":"0x5a34a519","showPILookup":false,"sObjectQueryStr":"","wrprObj":"0x7806403c"}|0x4ababa7c
08:36:22.0 (129246644)|VARIABLE_ASSIGNMENT|[EXTERNAL]|this|{"facilitySelected":"","fcltyPrgrmSelected":"","insrncBnftSelected":"","pawDetailListDisplay (4 more) ...":false,"pyAgrmntWrksht":"0xffa800c","rateAdjstmntSelected":"","relatedPAWDetailsLis (1 more) ...":"0x315eb7b2","targetEDR":0.00,"totalAppliedDeductib (2 more) ...":0.00,"totalCoInsurance":0.00,"totalCoPayAmt":0.00,"totalInsCoResp":0.00,"totalInsEIVAmt":0.00,"totalRowCount":0,"totalTalbottDay":0.00}|0x7806403c
08:36:22.0 (129268064)|STATEMENT_EXECUTE|[382]
08:36:22.0 (129269652)|STATEMENT_EXECUTE|[400]
08:36:22.0 (129661818)|SYSTEM_MODE_ENTER|true
08:36:22.0 (148868767)|VF_SERIALIZE_VIEWSTATE_BEGIN|0660a0000009uTC
08:36:22.0 (222361300)|VF_SERIALIZE_VIEWSTATE_END
08:36:22.0 (242902515)|CODE_UNIT_STARTED|[EXTERNAL]|Generate Metadata
08:36:22.0 (244692150)|CODE_UNIT_FINISHED|Generate Metadata
08:36:22.250 (250494405)|CUMULATIVE_LIMIT_USAGE
08:36:22.250 (250494405)|LIMIT_USAGE_FOR_NS|(default)|
  Number of SOQL queries: 3 out of 100
  Number of query rows: 8 out of 50000
  Number of SOSL queries: 0 out of 20
  Number of DML statements: 0 out of 150
  Number of DML rows: 0 out of 10000
  Maximum CPU time: 0 out of 10000
  Maximum heap size: 0 out of 6000000
  Number of callouts: 0 out of 100
  Number of Email Invocations: 0 out of 10
  Number of future calls: 0 out of 50
  Number of queueable jobs added to the queue: 0 out of 50
  Number of Mobile Apex push calls: 0 out of 10

08:36:22.250 (250494405)|CUMULATIVE_LIMIT_USAGE_END

08:36:22.0 (250533450)|CODE_UNIT_FINISHED|VF: /apex/PAW_New_Edit
08:36:22.0 (251322698)|EXECUTION_FINISHED
