37.0 APEX_CODE,FINEST;APEX_PROFILING,INFO;CALLOUT,INFO;DB,INFO;SYSTEM,DEBUG;VALIDATION,INFO;VISUALFORCE,INFO;WAVE,INFO;WORKFLOW,FINER
01:16:33.0 (59351)|USER_INFO|[EXTERNAL]|00529000000zYiy|bhakti.gujrathi@eternussolutions.com.frnstgng|Central Standard Time|GMT-06:00
01:16:33.0 (97743)|EXECUTION_STARTED
01:16:33.0 (102998)|CODE_UNIT_STARTED|[EXTERNAL]|066j0000002vLOq|VF: /apex/OpportunityStagePage
01:16:33.0 (13089995)|SYSTEM_MODE_ENTER|true
01:16:33.0 (13407890)|HEAP_ALLOCATE|[72]|Bytes:3
01:16:33.0 (13453182)|HEAP_ALLOCATE|[77]|Bytes:152
01:16:33.0 (13474348)|HEAP_ALLOCATE|[342]|Bytes:408
01:16:33.0 (13494810)|HEAP_ALLOCATE|[355]|Bytes:408
01:16:33.0 (13513873)|HEAP_ALLOCATE|[467]|Bytes:48
01:16:33.0 (13548745)|HEAP_ALLOCATE|[139]|Bytes:6
01:16:33.0 (13598628)|VARIABLE_SCOPE_BEGIN|[3]|OpportunityStageCont.STAGE_ADMITTED|String|false|true
01:16:33.0 (13612457)|VARIABLE_SCOPE_BEGIN|[4]|OpportunityStageCont.STAGE_ADMITTED_CLOSED|String|false|true
01:16:33.0 (13654671)|HEAP_ALLOCATE|[EXTERNAL]|Bytes:8
01:16:33.0 (13668139)|HEAP_ALLOCATE|[EXTERNAL]|Bytes:328
01:16:33.0 (13674509)|HEAP_ALLOCATE|[EXTERNAL]|Bytes:48
01:16:33.0 (13680726)|HEAP_ALLOCATE|[EXTERNAL]|Bytes:10
01:16:33.0 (13686149)|HEAP_ALLOCATE|[EXTERNAL]|Bytes:8
01:16:33.0 (13723939)|VARIABLE_ASSIGNMENT|[EXTERNAL]|OpportunityStageCont.STAGE_ADMITTED|"Admitted"
01:16:33.0 (13733775)|HEAP_ALLOCATE|[EXTERNAL]|Bytes:15
01:16:33.0 (13750767)|VARIABLE_ASSIGNMENT|[EXTERNAL]|OpportunityStageCont.STAGE_ADMITTED_CLOSED|"Admitted/Closed"
01:16:33.0 (13765960)|METHOD_ENTRY|[1]|01pj0000004Sbw4|OpportunityStageCont.OpportunityStageCont()
01:16:33.0 (13774049)|STATEMENT_EXECUTE|[1]
01:16:33.0 (13779130)|STATEMENT_EXECUTE|[1]
01:16:33.0 (13814611)|HEAP_ALLOCATE|[50]|Bytes:5
01:16:33.0 (13837679)|HEAP_ALLOCATE|[56]|Bytes:5
01:16:33.0 (13856001)|HEAP_ALLOCATE|[64]|Bytes:7
01:16:33.0 (13883024)|SYSTEM_MODE_ENTER|false
01:16:33.0 (13894392)|HEAP_ALLOCATE|[EXTERNAL]|Bytes:5
01:16:33.0 (13901584)|STATEMENT_EXECUTE|[87]
01:16:33.0 (13907204)|SYSTEM_MODE_EXIT|false
01:16:33.0 (13917713)|METHOD_EXIT|[1]|OpportunityStageCont
01:16:33.0 (13928578)|HEAP_ALLOCATE|[EXTERNAL]|Bytes:56
01:16:33.0 (13936486)|VARIABLE_SCOPE_BEGIN|[20]|this|OpportunityStageCont|true|false
01:16:33.0 (14011627)|VARIABLE_ASSIGNMENT|[20]|this|{}|0x4e64faf9
01:16:33.0 (14035401)|SYSTEM_MODE_ENTER|false
01:16:33.0 (14043463)|HEAP_ALLOCATE|[21]|Bytes:5
01:16:33.0 (14049372)|STATEMENT_EXECUTE|[1]
01:16:33.0 (14056652)|HEAP_ALLOCATE|[21]|Bytes:5
01:16:33.0 (14061396)|STATEMENT_EXECUTE|[6]
01:16:33.0 (14063406)|STATEMENT_EXECUTE|[7]
01:16:33.0 (14064964)|STATEMENT_EXECUTE|[8]
01:16:33.0 (14067040)|STATEMENT_EXECUTE|[9]
01:16:33.0 (14068596)|STATEMENT_EXECUTE|[10]
01:16:33.0 (14070286)|STATEMENT_EXECUTE|[11]
01:16:33.0 (14071700)|STATEMENT_EXECUTE|[12]
01:16:33.0 (14073405)|STATEMENT_EXECUTE|[13]
01:16:33.0 (14074938)|STATEMENT_EXECUTE|[14]
01:16:33.0 (14076497)|STATEMENT_EXECUTE|[15]
01:16:33.0 (14077979)|STATEMENT_EXECUTE|[16]
01:16:33.0 (14079410)|STATEMENT_EXECUTE|[17]
01:16:33.0 (14080982)|STATEMENT_EXECUTE|[18]
01:16:33.0 (14089842)|HEAP_ALLOCATE|[21]|Bytes:6
01:16:33.0 (14129737)|STATEMENT_EXECUTE|[20]
01:16:33.0 (14131895)|STATEMENT_EXECUTE|[21]
01:16:33.0 (14193653)|VARIABLE_ASSIGNMENT|[EXTERNAL]|this|{}|0x4e64faf9
01:16:33.0 (14208607)|VARIABLE_ASSIGNMENT|[EXTERNAL]|value|false
01:16:33.0 (14217445)|HEAP_ALLOCATE|[13]|Bytes:5
01:16:33.0 (14229281)|VARIABLE_ASSIGNMENT|[13]|this.flagRTC|false|0x4e64faf9
01:16:33.0 (14243721)|STATEMENT_EXECUTE|[22]
01:16:33.0 (14286491)|VARIABLE_ASSIGNMENT|[EXTERNAL]|this|{"flagRTC":false}|0x4e64faf9
01:16:33.0 (14299796)|VARIABLE_ASSIGNMENT|[EXTERNAL]|value|false
01:16:33.0 (14307886)|HEAP_ALLOCATE|[14]|Bytes:5
01:16:33.0 (14316581)|VARIABLE_ASSIGNMENT|[14]|this.flagIOP|false|0x4e64faf9
01:16:33.0 (14327955)|STATEMENT_EXECUTE|[23]
01:16:33.0 (14414044)|HEAP_ALLOCATE|[23]|Bytes:54
01:16:33.0 (14474467)|HEAP_ALLOCATE|[23]|Bytes:24
01:16:33.0 (14501763)|HEAP_ALLOCATE|[23]|Bytes:2
01:16:33.0 (14541412)|HEAP_ALLOCATE|[23]|Bytes:4
01:16:33.0 (14588732)|VARIABLE_ASSIGNMENT|[EXTERNAL]|this|{"flagIOP":false,"flagRTC":false}|0x4e64faf9
01:16:33.0 (14929282)|VARIABLE_ASSIGNMENT|[EXTERNAL]|value|"00629000005D2rcAAC"
01:16:33.0 (15028545)|VARIABLE_ASSIGNMENT|[17]|this.opptID|"00629000005D2rcAAC"|0x4e64faf9
01:16:33.0 (15045789)|STATEMENT_EXECUTE|[24]
01:16:33.0 (15052667)|HEAP_ALLOCATE|[24]|Bytes:84
01:16:33.0 (15071824)|HEAP_ALLOCATE|[24]|Bytes:4
01:16:33.0 (15084344)|HEAP_ALLOCATE|[24]|Bytes:7
01:16:33.0 (15249838)|VARIABLE_ASSIGNMENT|[EXTERNAL]|this|{"flagIOP":false,"flagRTC":false,"opptID":"00629000005D2rcAAC"}|0x4e64faf9
01:16:33.0 (16584959)|SOQL_EXECUTE_BEGIN|[24]|Aggregations:0|SELECT id, StageName, Recordtype.Name, IsClosed FROM Opportunity WHERE ID = :tmpVar1
01:16:33.0 (21570040)|SOQL_EXECUTE_END|[24]|Rows:1
01:16:33.0 (21595326)|HEAP_ALLOCATE|[24]|Bytes:8
01:16:33.0 (21617871)|HEAP_ALLOCATE|[24]|Bytes:173
01:16:33.0 (21726094)|HEAP_ALLOCATE|[24]|Bytes:8
01:16:33.0 (21741436)|HEAP_ALLOCATE|[24]|Bytes:37
01:16:33.0 (21788278)|HEAP_ALLOCATE|[24]|Bytes:24
01:16:33.0 (21968508)|VARIABLE_ASSIGNMENT|[EXTERNAL]|this|{"flagIOP":false,"flagRTC":false,"opptID":"00629000005D2rcAAC"}|0x4e64faf9
01:16:33.0 (22002683)|VARIABLE_ASSIGNMENT|[EXTERNAL]|value|{"Id":"00629000005D2rcAAC","StageName":"In Process","RecordTypeId":"012j00000015GSJAA2","IsClosed":false,"RecordType":{"Name":"Residential Treatmen (1 more) ...","Id":"012j00000015GSJAA2"}}|0x43d5aae9
01:16:33.0 (22033489)|VARIABLE_ASSIGNMENT|[16]|this.opp|{"Id":"00629000005D2rcAAC","StageName":"In Process","RecordTypeId":"012j00000015GSJAA2","IsClosed":false,"RecordType":{"Name":"Residential Treatmen (1 more) ...","Id":"012j00000015GSJAA2"}}|0x4e64faf9
01:16:33.0 (22052206)|STATEMENT_EXECUTE|[33]
01:16:33.0 (22205209)|VARIABLE_ASSIGNMENT|[EXTERNAL]|this|{"flagIOP":false,"flagRTC":false,"opp":"0x43d5aae9","opptID":"00629000005D2rcAAC"}|0x4e64faf9
01:16:33.0 (22222587)|VARIABLE_ASSIGNMENT|[EXTERNAL]|value|true
01:16:33.0 (22232488)|HEAP_ALLOCATE|[12]|Bytes:5
01:16:33.0 (22244126)|VARIABLE_ASSIGNMENT|[12]|this.loadOnce|true|0x4e64faf9
01:16:33.0 (22401693)|VARIABLE_ASSIGNMENT|[EXTERNAL]|this|{"flagIOP":false,"flagRTC":false,"loadOnce":true,"opp":"0x43d5aae9","opptID":"00629000005D2rcAAC"}|0x4e64faf9
01:16:33.0 (22420898)|STATEMENT_EXECUTE|[34]
01:16:33.0 (22559940)|VARIABLE_ASSIGNMENT|[EXTERNAL]|this|{"flagIOP":false,"flagRTC":false,"loadOnce":true,"opp":"0x43d5aae9","opptID":"00629000005D2rcAAC"}|0x4e64faf9
01:16:33.0 (22659017)|HEAP_ALLOCATE|[35]|Bytes:21
01:16:33.0 (22693231)|STATEMENT_EXECUTE|[35]
01:16:33.0 (22695812)|STATEMENT_EXECUTE|[36]
01:16:33.0 (22853900)|VARIABLE_ASSIGNMENT|[EXTERNAL]|this|{"flagIOP":false,"flagRTC":false,"loadOnce":true,"opp":"0x43d5aae9","opptID":"00629000005D2rcAAC"}|0x4e64faf9
01:16:33.0 (22870606)|VARIABLE_ASSIGNMENT|[EXTERNAL]|value|true
01:16:33.0 (22880430)|HEAP_ALLOCATE|[13]|Bytes:5
01:16:33.0 (22892220)|VARIABLE_ASSIGNMENT|[13]|this.flagRTC|true|0x4e64faf9
01:16:33.0 (22905390)|STATEMENT_EXECUTE|[37]
01:16:33.0 (23044672)|VARIABLE_ASSIGNMENT|[EXTERNAL]|this|{"flagIOP":false,"flagRTC":true,"loadOnce":true,"opp":"0x43d5aae9","opptID":"00629000005D2rcAAC"}|0x4e64faf9
01:16:33.0 (23060547)|VARIABLE_ASSIGNMENT|[EXTERNAL]|value|false
01:16:33.0 (23069057)|HEAP_ALLOCATE|[14]|Bytes:5
01:16:33.0 (23079413)|VARIABLE_ASSIGNMENT|[14]|this.flagIOP|false|0x4e64faf9
01:16:33.0 (23224690)|VARIABLE_ASSIGNMENT|[EXTERNAL]|this|{"flagIOP":false,"flagRTC":true,"loadOnce":true,"opp":"0x43d5aae9","opptID":"00629000005D2rcAAC"}|0x4e64faf9
01:16:33.0 (23253996)|HEAP_ALLOCATE|[39]|Bytes:20
01:16:33.0 (23269673)|STATEMENT_EXECUTE|[39]
01:16:33.0 (23275869)|SYSTEM_MODE_EXIT|false
01:16:33.0 (24878348)|SYSTEM_MODE_ENTER|true
01:16:33.0 (24910231)|HEAP_ALLOCATE|[EXTERNAL]|Bytes:56
01:16:33.0 (24919688)|VARIABLE_SCOPE_BEGIN|[20]|this|OpportunityStageCont|true|false
01:16:33.0 (24961618)|VARIABLE_ASSIGNMENT|[20]|this|{}|0x2f07e361
01:16:33.0 (24983844)|SYSTEM_MODE_ENTER|false
01:16:33.0 (24993032)|HEAP_ALLOCATE|[21]|Bytes:5
01:16:33.0 (25000092)|STATEMENT_EXECUTE|[1]
01:16:33.0 (25008618)|HEAP_ALLOCATE|[21]|Bytes:5
01:16:33.0 (25013587)|STATEMENT_EXECUTE|[6]
01:16:33.0 (25015421)|STATEMENT_EXECUTE|[7]
01:16:33.0 (25017013)|STATEMENT_EXECUTE|[8]
01:16:33.0 (25018553)|STATEMENT_EXECUTE|[9]
01:16:33.0 (25020079)|STATEMENT_EXECUTE|[10]
01:16:33.0 (25021786)|STATEMENT_EXECUTE|[11]
01:16:33.0 (25023125)|STATEMENT_EXECUTE|[12]
01:16:33.0 (25024556)|STATEMENT_EXECUTE|[13]
01:16:33.0 (25025953)|STATEMENT_EXECUTE|[14]
01:16:33.0 (25027431)|STATEMENT_EXECUTE|[15]
01:16:33.0 (25029085)|STATEMENT_EXECUTE|[16]
01:16:33.0 (25030543)|STATEMENT_EXECUTE|[17]
01:16:33.0 (25032061)|STATEMENT_EXECUTE|[18]
01:16:33.0 (25051941)|STATEMENT_EXECUTE|[20]
01:16:33.0 (25054037)|STATEMENT_EXECUTE|[21]
01:16:33.0 (25088535)|VARIABLE_ASSIGNMENT|[EXTERNAL]|this|{}|0x2f07e361
01:16:33.0 (25102168)|VARIABLE_ASSIGNMENT|[EXTERNAL]|value|false
01:16:33.0 (25111390)|HEAP_ALLOCATE|[13]|Bytes:5
01:16:33.0 (25122778)|VARIABLE_ASSIGNMENT|[13]|this.flagRTC|false|0x2f07e361
01:16:33.0 (25135153)|STATEMENT_EXECUTE|[22]
01:16:33.0 (25168206)|VARIABLE_ASSIGNMENT|[EXTERNAL]|this|{"flagRTC":false}|0x2f07e361
01:16:33.0 (25180325)|VARIABLE_ASSIGNMENT|[EXTERNAL]|value|false
01:16:33.0 (25188623)|HEAP_ALLOCATE|[14]|Bytes:5
01:16:33.0 (25196909)|VARIABLE_ASSIGNMENT|[14]|this.flagIOP|false|0x2f07e361
01:16:33.0 (25207869)|STATEMENT_EXECUTE|[23]
01:16:33.0 (25226464)|HEAP_ALLOCATE|[23]|Bytes:54
01:16:33.0 (25259339)|HEAP_ALLOCATE|[23]|Bytes:24
01:16:33.0 (25301089)|HEAP_ALLOCATE|[23]|Bytes:4
01:16:33.0 (25341834)|VARIABLE_ASSIGNMENT|[EXTERNAL]|this|{"flagIOP":false,"flagRTC":false}|0x2f07e361
01:16:33.0 (25441997)|VARIABLE_ASSIGNMENT|[EXTERNAL]|value|"00629000005D2rcAAC"
01:16:33.0 (25521822)|VARIABLE_ASSIGNMENT|[17]|this.opptID|"00629000005D2rcAAC"|0x2f07e361
01:16:33.0 (25536104)|STATEMENT_EXECUTE|[24]
01:16:33.0 (25549630)|HEAP_ALLOCATE|[24]|Bytes:4
01:16:33.0 (25688692)|VARIABLE_ASSIGNMENT|[EXTERNAL]|this|{"flagIOP":false,"flagRTC":false,"opptID":"00629000005D2rcAAC"}|0x2f07e361
01:16:33.0 (25960963)|SOQL_EXECUTE_BEGIN|[24]|Aggregations:0|SELECT id, StageName, Recordtype.Name, IsClosed FROM Opportunity WHERE ID = :tmpVar1
01:16:33.0 (31683899)|SOQL_EXECUTE_END|[24]|Rows:1
01:16:33.0 (31709662)|HEAP_ALLOCATE|[24]|Bytes:8
01:16:33.0 (31729743)|HEAP_ALLOCATE|[24]|Bytes:173
01:16:33.0 (31772761)|HEAP_ALLOCATE|[24]|Bytes:8
01:16:33.0 (31795352)|HEAP_ALLOCATE|[24]|Bytes:24
01:16:33.0 (31958347)|VARIABLE_ASSIGNMENT|[EXTERNAL]|this|{"flagIOP":false,"flagRTC":false,"opptID":"00629000005D2rcAAC"}|0x2f07e361
01:16:33.0 (31986441)|VARIABLE_ASSIGNMENT|[EXTERNAL]|value|{"Id":"00629000005D2rcAAC","StageName":"In Process","RecordTypeId":"012j00000015GSJAA2","IsClosed":false,"RecordType":{"Name":"Residential Treatmen (1 more) ...","Id":"012j00000015GSJAA2"}}|0x62b7582e
01:16:33.0 (32014764)|VARIABLE_ASSIGNMENT|[16]|this.opp|{"Id":"00629000005D2rcAAC","StageName":"In Process","RecordTypeId":"012j00000015GSJAA2","IsClosed":false,"RecordType":{"Name":"Residential Treatmen (1 more) ...","Id":"012j00000015GSJAA2"}}|0x2f07e361
01:16:33.0 (32034457)|STATEMENT_EXECUTE|[33]
01:16:33.0 (32171234)|VARIABLE_ASSIGNMENT|[EXTERNAL]|this|{"flagIOP":false,"flagRTC":false,"opp":"0x62b7582e","opptID":"00629000005D2rcAAC"}|0x2f07e361
01:16:33.0 (32188392)|VARIABLE_ASSIGNMENT|[EXTERNAL]|value|true
01:16:33.0 (32197630)|HEAP_ALLOCATE|[12]|Bytes:5
01:16:33.0 (32208579)|VARIABLE_ASSIGNMENT|[12]|this.loadOnce|true|0x2f07e361
01:16:33.0 (32352087)|VARIABLE_ASSIGNMENT|[EXTERNAL]|this|{"flagIOP":false,"flagRTC":false,"loadOnce":true,"opp":"0x62b7582e","opptID":"00629000005D2rcAAC"}|0x2f07e361
01:16:33.0 (32369587)|STATEMENT_EXECUTE|[34]
01:16:33.0 (32498158)|VARIABLE_ASSIGNMENT|[EXTERNAL]|this|{"flagIOP":false,"flagRTC":false,"loadOnce":true,"opp":"0x62b7582e","opptID":"00629000005D2rcAAC"}|0x2f07e361
01:16:33.0 (32550748)|STATEMENT_EXECUTE|[35]
01:16:33.0 (32553537)|STATEMENT_EXECUTE|[36]
01:16:33.0 (32686552)|VARIABLE_ASSIGNMENT|[EXTERNAL]|this|{"flagIOP":false,"flagRTC":false,"loadOnce":true,"opp":"0x62b7582e","opptID":"00629000005D2rcAAC"}|0x2f07e361
01:16:33.0 (32701805)|VARIABLE_ASSIGNMENT|[EXTERNAL]|value|true
01:16:33.0 (32710528)|HEAP_ALLOCATE|[13]|Bytes:5
01:16:33.0 (32721466)|VARIABLE_ASSIGNMENT|[13]|this.flagRTC|true|0x2f07e361
01:16:33.0 (32733439)|STATEMENT_EXECUTE|[37]
01:16:33.0 (32866138)|VARIABLE_ASSIGNMENT|[EXTERNAL]|this|{"flagIOP":false,"flagRTC":true,"loadOnce":true,"opp":"0x62b7582e","opptID":"00629000005D2rcAAC"}|0x2f07e361
01:16:33.0 (32881080)|VARIABLE_ASSIGNMENT|[EXTERNAL]|value|false
01:16:33.0 (32889543)|HEAP_ALLOCATE|[14]|Bytes:5
01:16:33.0 (32899046)|VARIABLE_ASSIGNMENT|[14]|this.flagIOP|false|0x2f07e361
01:16:33.0 (33044530)|VARIABLE_ASSIGNMENT|[EXTERNAL]|this|{"flagIOP":false,"flagRTC":true,"loadOnce":true,"opp":"0x62b7582e","opptID":"00629000005D2rcAAC"}|0x2f07e361
01:16:33.0 (33077387)|STATEMENT_EXECUTE|[39]
01:16:33.0 (33083772)|SYSTEM_MODE_EXIT|false
01:16:33.0 (38134247)|SYSTEM_MODE_ENTER|true
01:16:33.0 (38176516)|HEAP_ALLOCATE|[EXTERNAL]|Bytes:4
01:16:33.0 (38185787)|HEAP_ALLOCATE|[EXTERNAL]|Bytes:56
01:16:33.0 (38322952)|VARIABLE_ASSIGNMENT|[EXTERNAL]|this.opptID|"00629000005D2rcAAC"|0x2f07e361
01:16:33.0 (38610942)|SYSTEM_MODE_ENTER|true
01:16:33.0 (39347340)|SYSTEM_MODE_ENTER|true
01:16:33.0 (39375914)|HEAP_ALLOCATE|[EXTERNAL]|Bytes:4
01:16:33.0 (39384048)|HEAP_ALLOCATE|[EXTERNAL]|Bytes:56
01:16:33.0 (39479550)|VARIABLE_ASSIGNMENT|[EXTERNAL]|this.opptID|"00629000005D2rcAAC"|0x2f07e361
01:16:33.0 (40203505)|SYSTEM_MODE_ENTER|true
01:16:33.0 (40257892)|HEAP_ALLOCATE|[EXTERNAL]|Bytes:56
01:16:33.0 (40269052)|VARIABLE_SCOPE_BEGIN|[96]|this|OpportunityStageCont|true|false
01:16:33.0 (40491133)|VARIABLE_ASSIGNMENT|[96]|this|{"flagIOP":false,"flagRTC":true,"loadOnce":true,"opp":"0x62b7582e","opptID":"00629000005D2rcAAC"}|0x2f07e361
01:16:33.0 (40521728)|SYSTEM_MODE_ENTER|false
01:16:33.0 (40530956)|HEAP_ALLOCATE|[97]|Bytes:5
01:16:33.0 (40541090)|STATEMENT_EXECUTE|[96]
01:16:33.0 (40543213)|STATEMENT_EXECUTE|[97]
01:16:33.0 (40561068)|HEAP_ALLOCATE|[97]|Bytes:4
01:16:33.0 (40606810)|VARIABLE_SCOPE_BEGIN|[97]|listStage|List<System.SelectOption>|true|false
01:16:33.0 (40637643)|HEAP_ALLOCATE|[EXTERNAL]|Bytes:4
01:16:33.0 (40651724)|VARIABLE_ASSIGNMENT|[97]|listStage|[]|0x5549cf16
01:16:33.0 (40659841)|STATEMENT_EXECUTE|[98]
01:16:33.0 (40731067)|HEAP_ALLOCATE|[98]|Bytes:4
01:16:33.0 (40789334)|VARIABLE_SCOPE_BEGIN|[98]|oppStagenameList|List<OpportunityStage>|true|false
01:16:33.0 (40804649)|HEAP_ALLOCATE|[EXTERNAL]|Bytes:4
01:16:33.0 (40815183)|VARIABLE_ASSIGNMENT|[98]|oppStagenameList|[]|0x1bb3675f
01:16:33.0 (40822956)|STATEMENT_EXECUTE|[99]
01:16:33.0 (40827508)|HEAP_ALLOCATE|[98]|Bytes:11
01:16:33.0 (40834985)|HEAP_ALLOCATE|[98]|Bytes:9
01:16:33.0 (41459444)|HEAP_ALLOCATE|[99]|Bytes:8
01:16:33.0 (41495396)|VARIABLE_SCOPE_BEGIN|[99]|fieldResult|Schema.DescribeFieldResult|true|false
01:16:33.0 (41673752)|VARIABLE_ASSIGNMENT|[99]|fieldResult|"common.api.soap.wsdl.Field@6b342b53"|0x4cf101a6
01:16:33.0 (41867122)|VARIABLE_ASSIGNMENT|[EXTERNAL]|this|{"flagIOP":false,"flagRTC":true,"loadOnce":true,"opp":"0x62b7582e","opptID":"00629000005D2rcAAC"}|0x2f07e361
01:16:33.0 (41891096)|STATEMENT_EXECUTE|[121]
01:16:33.0 (41894036)|STATEMENT_EXECUTE|[122]
01:16:33.0 (41898706)|HEAP_ALLOCATE|[122]|Bytes:285
01:16:33.0 (41917608)|HEAP_ALLOCATE|[122]|Bytes:4
01:16:33.0 (42426528)|SOQL_EXECUTE_BEGIN|[122]|Aggregations:0|SELECT ApiName, Description, ForecastCategory, IsActive, IsClosed, IsWon, MasterLabel, ForecastCategoryName, DefaultProbability FROM OpportunityStage WHERE ((isclosed != TRUE OR IsWon = TRUE) AND IsActive = TRUE AND ApiName != 'Pending Appointment') ORDER BY Description ASC NULLS LAST
01:16:33.0 (45375217)|SOQL_EXECUTE_END|[122]|Rows:14
01:16:33.0 (45398668)|HEAP_ALLOCATE|[122]|Bytes:60
01:16:33.0 (45465437)|HEAP_ALLOCATE|[122]|Bytes:3722
01:16:33.0 (45500893)|HEAP_ALLOCATE|[122]|Bytes:60
01:16:33.0 (45526286)|VARIABLE_ASSIGNMENT|[122]|oppStagenameList|"List of size 14 too large to display"|0x2bff64d1
01:16:33.0 (45535810)|STATEMENT_EXECUTE|[139]
01:16:33.0 (45548697)|HEAP_ALLOCATE|[139]|Bytes:4
01:16:33.0 (45563879)|VARIABLE_SCOPE_BEGIN|[139]|stageMap|Map<String,String>|true|false
01:16:33.0 (45585048)|VARIABLE_ASSIGNMENT|[139]|stageMap|{}|0x401914c7
01:16:33.0 (45791180)|HEAP_ALLOCATE|[141]|Bytes:5
01:16:33.0 (45811717)|HEAP_ALLOCATE|[141]|Bytes:44
01:16:33.0 (45823360)|VARIABLE_SCOPE_BEGIN|[141]|os|OpportunityStage|true|false
01:16:33.0 (45851260)|VARIABLE_ASSIGNMENT|[141]|os|{"ApiName":"In Process","Description":"A","ForecastCategory":"Pipeline","IsActive":true,"IsClosed":false,"IsWon":false,"MasterLabel":"In Process","ForecastCategoryName":"Pipeline","DefaultProbability":10,"Id":"01Jj000000Ip74wEAB"}|0x65a44d41
01:16:33.0 (45860329)|STATEMENT_EXECUTE|[141]
01:16:33.0 (45861966)|STATEMENT_EXECUTE|[143]
01:16:33.0 (45966274)|HEAP_ALLOCATE|[EXTERNAL]|Bytes:4
01:16:33.0 (45975234)|STATEMENT_EXECUTE|[144]
01:16:33.0 (45978254)|HEAP_ALLOCATE|[144]|Bytes:9
01:16:33.0 (46055472)|HEAP_ALLOCATE|[144]|Bytes:224
01:16:33.0 (46073591)|HEAP_ALLOCATE|[144]|Bytes:233
01:16:33.0 (46087444)|USER_DEBUG|[144]|DEBUG|>>> os : OpportunityStage:{ApiName=In Process, Description=A, ForecastCategory=Pipeline, IsActive=true, IsClosed=false, IsWon=false, MasterLabel=In Process, ForecastCategoryName=Pipeline, DefaultProbability=10, Id=01Jj000000Ip74wEAB}
01:16:33.0 (46103908)|HEAP_ALLOCATE|[141]|Bytes:5
01:16:33.0 (46113980)|HEAP_ALLOCATE|[141]|Bytes:44
01:16:33.0 (46120337)|VARIABLE_SCOPE_BEGIN|[141]|os|OpportunityStage|true|false
01:16:33.0 (46142159)|VARIABLE_ASSIGNMENT|[141]|os|{"ApiName":"Benefits Submitted","Description":"B","ForecastCategory":"Pipeline","IsActive":true,"IsClosed":false,"IsWon":false,"MasterLabel":"Benefits Submitted","ForecastCategoryName":"Pipeline","DefaultProbability":30,"Id":"01Jj000000Ip74NEAR"}|0x121e0cda
01:16:33.0 (46150945)|STATEMENT_EXECUTE|[141]
01:16:33.0 (46152403)|STATEMENT_EXECUTE|[143]
01:16:33.0 (46169125)|HEAP_ALLOCATE|[EXTERNAL]|Bytes:4
01:16:33.0 (46174348)|STATEMENT_EXECUTE|[144]
01:16:33.0 (46211918)|HEAP_ALLOCATE|[144]|Bytes:240
01:16:33.0 (46222838)|HEAP_ALLOCATE|[144]|Bytes:249
01:16:33.0 (46229040)|USER_DEBUG|[144]|DEBUG|>>> os : OpportunityStage:{ApiName=Benefits Submitted, Description=B, ForecastCategory=Pipeline, IsActive=true, IsClosed=false, IsWon=false, MasterLabel=Benefits Submitted, ForecastCategoryName=Pipeline, DefaultProbability=30, Id=01Jj000000Ip74NEAR}
01:16:33.0 (46242075)|HEAP_ALLOCATE|[141]|Bytes:5
01:16:33.0 (46249723)|HEAP_ALLOCATE|[141]|Bytes:44
01:16:33.0 (46255312)|VARIABLE_SCOPE_BEGIN|[141]|os|OpportunityStage|true|false
01:16:33.0 (46270884)|VARIABLE_ASSIGNMENT|[141]|os|{"ApiName":"Denied by VOB","Description":"C","ForecastCategory":"Pipeline","IsActive":true,"IsClosed":false,"IsWon":false,"MasterLabel":"Denied by VOB","ForecastCategoryName":"Pipeline","DefaultProbability":0,"Id":"01Jj000000Ip75fEAB"}|0x3424ad5b
01:16:33.0 (46277946)|STATEMENT_EXECUTE|[141]
01:16:33.0 (46279147)|STATEMENT_EXECUTE|[143]
01:16:33.0 (46291176)|HEAP_ALLOCATE|[EXTERNAL]|Bytes:4
01:16:33.0 (46296385)|STATEMENT_EXECUTE|[144]
01:16:33.0 (46330074)|HEAP_ALLOCATE|[144]|Bytes:229
01:16:33.0 (46339770)|HEAP_ALLOCATE|[144]|Bytes:238
01:16:33.0 (46344662)|USER_DEBUG|[144]|DEBUG|>>> os : OpportunityStage:{ApiName=Denied by VOB, Description=C, ForecastCategory=Pipeline, IsActive=true, IsClosed=false, IsWon=false, MasterLabel=Denied by VOB, ForecastCategoryName=Pipeline, DefaultProbability=0, Id=01Jj000000Ip75fEAB}
01:16:33.0 (46356256)|HEAP_ALLOCATE|[141]|Bytes:5
01:16:33.0 (46363298)|HEAP_ALLOCATE|[141]|Bytes:44
01:16:33.0 (46368332)|VARIABLE_SCOPE_BEGIN|[141]|os|OpportunityStage|true|false
01:16:33.0 (46389669)|VARIABLE_ASSIGNMENT|[141]|os|{"ApiName":"Determination Comple (2 more) ...","Description":"D","ForecastCategory":"Pipeline","IsActive":true,"IsClosed":false,"IsWon":false,"MasterLabel":"Determination Comple (2 more) ...","ForecastCategoryName":"Pipeline","DefaultProbability":40,"Id":"01Jj000000Ip75VEAR"}|0x5b8b1c16
01:16:33.0 (46398072)|STATEMENT_EXECUTE|[141]
01:16:33.0 (46399208)|STATEMENT_EXECUTE|[143]
01:16:33.0 (46410996)|HEAP_ALLOCATE|[EXTERNAL]|Bytes:4
01:16:33.0 (46415331)|STATEMENT_EXECUTE|[144]
01:16:33.0 (46448827)|HEAP_ALLOCATE|[144]|Bytes:248
01:16:33.0 (46458113)|HEAP_ALLOCATE|[144]|Bytes:257
01:16:33.0 (46462891)|USER_DEBUG|[144]|DEBUG|>>> os : OpportunityStage:{ApiName=Determination Complete, Description=D, ForecastCategory=Pipeline, IsActive=true, IsClosed=false, IsWon=false, MasterLabel=Determination Complete, ForecastCategoryName=Pipeline, DefaultProbability=40, Id=01Jj000000Ip75VEAR}
01:16:33.0 (46474163)|HEAP_ALLOCATE|[141]|Bytes:5
01:16:33.0 (46481118)|HEAP_ALLOCATE|[141]|Bytes:44
01:16:33.0 (46486284)|VARIABLE_SCOPE_BEGIN|[141]|os|OpportunityStage|true|false
01:16:33.0 (46501240)|VARIABLE_ASSIGNMENT|[141]|os|{"ApiName":"Counter Offer Reques (3 more) ...","Description":"E","ForecastCategory":"Pipeline","IsActive":true,"IsClosed":false,"IsWon":false,"MasterLabel":"Counter Offer Reques (3 more) ...","ForecastCategoryName":"Pipeline","DefaultProbability":40,"Id":"01Jj000000Ip75aEAB"}|0x1c828c63
01:16:33.0 (46508198)|STATEMENT_EXECUTE|[141]
01:16:33.0 (46509325)|STATEMENT_EXECUTE|[143]
01:16:33.0 (46519696)|HEAP_ALLOCATE|[EXTERNAL]|Bytes:4
01:16:33.0 (46524179)|STATEMENT_EXECUTE|[144]
01:16:33.0 (46556098)|HEAP_ALLOCATE|[144]|Bytes:250
01:16:33.0 (46565179)|HEAP_ALLOCATE|[144]|Bytes:259
01:16:33.0 (46570200)|USER_DEBUG|[144]|DEBUG|>>> os : OpportunityStage:{ApiName=Counter Offer Requested, Description=E, ForecastCategory=Pipeline, IsActive=true, IsClosed=false, IsWon=false, MasterLabel=Counter Offer Requested, ForecastCategoryName=Pipeline, DefaultProbability=40, Id=01Jj000000Ip75aEAB}
01:16:33.0 (46582093)|HEAP_ALLOCATE|[141]|Bytes:5
01:16:33.0 (46588751)|HEAP_ALLOCATE|[141]|Bytes:44
01:16:33.0 (46593330)|VARIABLE_SCOPE_BEGIN|[141]|os|OpportunityStage|true|false
01:16:33.0 (46606793)|VARIABLE_ASSIGNMENT|[141]|os|{"ApiName":"Facility Selected","Description":"F","ForecastCategory":"Pipeline","IsActive":true,"IsClosed":false,"IsWon":false,"MasterLabel":"Facility Selected","ForecastCategoryName":"Pipeline","DefaultProbability":50,"Id":"01Jj000000Ip74XEAR"}|0x7e182bf5
01:16:33.0 (46613944)|STATEMENT_EXECUTE|[141]
01:16:33.0 (46615123)|STATEMENT_EXECUTE|[143]
01:16:33.0 (46625166)|HEAP_ALLOCATE|[EXTERNAL]|Bytes:4
01:16:33.0 (46629243)|STATEMENT_EXECUTE|[144]
01:16:33.0 (46663632)|HEAP_ALLOCATE|[144]|Bytes:238
01:16:33.0 (46672860)|HEAP_ALLOCATE|[144]|Bytes:247
01:16:33.0 (46677938)|USER_DEBUG|[144]|DEBUG|>>> os : OpportunityStage:{ApiName=Facility Selected, Description=F, ForecastCategory=Pipeline, IsActive=true, IsClosed=false, IsWon=false, MasterLabel=Facility Selected, ForecastCategoryName=Pipeline, DefaultProbability=50, Id=01Jj000000Ip74XEAR}
01:16:33.0 (46690045)|HEAP_ALLOCATE|[141]|Bytes:5
01:16:33.0 (46696526)|HEAP_ALLOCATE|[141]|Bytes:44
01:16:33.0 (46701372)|VARIABLE_SCOPE_BEGIN|[141]|os|OpportunityStage|true|false
01:16:33.0 (46716332)|VARIABLE_ASSIGNMENT|[141]|os|{"ApiName":"Determination Delive (3 more) ...","Description":"G","ForecastCategory":"Pipeline","IsActive":true,"IsClosed":false,"IsWon":false,"MasterLabel":"Determination Delive (3 more) ...","ForecastCategoryName":"Pipeline","DefaultProbability":65,"Id":"01Jj000000Ip74SEAR"}|0x6fc70f18
01:16:33.0 (46723987)|STATEMENT_EXECUTE|[141]
01:16:33.0 (46725051)|STATEMENT_EXECUTE|[143]
01:16:33.0 (46735356)|HEAP_ALLOCATE|[EXTERNAL]|Bytes:4
01:16:33.0 (46739580)|STATEMENT_EXECUTE|[144]
01:16:33.0 (46778609)|HEAP_ALLOCATE|[144]|Bytes:250
01:16:33.0 (46788582)|HEAP_ALLOCATE|[144]|Bytes:259
01:16:33.0 (46793339)|USER_DEBUG|[144]|DEBUG|>>> os : OpportunityStage:{ApiName=Determination Delivered, Description=G, ForecastCategory=Pipeline, IsActive=true, IsClosed=false, IsWon=false, MasterLabel=Determination Delivered, ForecastCategoryName=Pipeline, DefaultProbability=65, Id=01Jj000000Ip74SEAR}
01:16:33.0 (46805358)|HEAP_ALLOCATE|[141]|Bytes:5
01:16:33.0 (46811876)|HEAP_ALLOCATE|[141]|Bytes:44
01:16:33.0 (46816535)|VARIABLE_SCOPE_BEGIN|[141]|os|OpportunityStage|true|false
01:16:33.0 (46830019)|VARIABLE_ASSIGNMENT|[141]|os|{"ApiName":"Pending Admission","Description":"H","ForecastCategory":"Pipeline","IsActive":true,"IsClosed":false,"IsWon":false,"MasterLabel":"Pending Admission","ForecastCategoryName":"Pipeline","DefaultProbability":98,"Id":"01Jj000000Ip74cEAB"}|0x6c2fc55a
01:16:33.0 (46836906)|STATEMENT_EXECUTE|[141]
01:16:33.0 (46838035)|STATEMENT_EXECUTE|[143]
01:16:33.0 (46848446)|HEAP_ALLOCATE|[EXTERNAL]|Bytes:4
01:16:33.0 (46852960)|STATEMENT_EXECUTE|[144]
01:16:33.0 (46884373)|HEAP_ALLOCATE|[144]|Bytes:238
01:16:33.0 (46893570)|HEAP_ALLOCATE|[144]|Bytes:247
01:16:33.0 (46898721)|USER_DEBUG|[144]|DEBUG|>>> os : OpportunityStage:{ApiName=Pending Admission, Description=H, ForecastCategory=Pipeline, IsActive=true, IsClosed=false, IsWon=false, MasterLabel=Pending Admission, ForecastCategoryName=Pipeline, DefaultProbability=98, Id=01Jj000000Ip74cEAB}
01:16:33.0 (46910061)|HEAP_ALLOCATE|[141]|Bytes:5
01:16:33.0 (46916660)|HEAP_ALLOCATE|[141]|Bytes:44
01:16:33.0 (46921362)|VARIABLE_SCOPE_BEGIN|[141]|os|OpportunityStage|true|false
01:16:33.0 (46934882)|VARIABLE_ASSIGNMENT|[141]|os|{"ApiName":"Referral Requested","Description":"I","ForecastCategory":"Pipeline","IsActive":true,"IsClosed":false,"IsWon":false,"MasterLabel":"Referral Requested","ForecastCategoryName":"Pipeline","DefaultProbability":0,"Id":"01Jj000000Ip74DEAR"}|0x64c6ad28
01:16:33.0 (46942096)|STATEMENT_EXECUTE|[141]
01:16:33.0 (46943152)|STATEMENT_EXECUTE|[143]
01:16:33.0 (46953230)|HEAP_ALLOCATE|[EXTERNAL]|Bytes:4
01:16:33.0 (46957777)|STATEMENT_EXECUTE|[144]
01:16:33.0 (46990230)|HEAP_ALLOCATE|[144]|Bytes:239
01:16:33.0 (46999360)|HEAP_ALLOCATE|[144]|Bytes:248
01:16:33.0 (47004367)|USER_DEBUG|[144]|DEBUG|>>> os : OpportunityStage:{ApiName=Referral Requested, Description=I, ForecastCategory=Pipeline, IsActive=true, IsClosed=false, IsWon=false, MasterLabel=Referral Requested, ForecastCategoryName=Pipeline, DefaultProbability=0, Id=01Jj000000Ip74DEAR}
01:16:33.0 (47016769)|HEAP_ALLOCATE|[141]|Bytes:5
01:16:33.0 (47023112)|HEAP_ALLOCATE|[141]|Bytes:44
01:16:33.0 (47028016)|VARIABLE_SCOPE_BEGIN|[141]|os|OpportunityStage|true|false
01:16:33.0 (47041269)|VARIABLE_ASSIGNMENT|[141]|os|{"ApiName":"Admitted","Description":"L","ForecastCategory":"Closed","IsActive":true,"IsClosed":true,"IsWon":true,"MasterLabel":"Admitted","ForecastCategoryName":"Closed","DefaultProbability":100,"Id":"01Jj000000Ip74rEAB"}|0x5bbe75c6
01:16:33.0 (47047843)|STATEMENT_EXECUTE|[141]
01:16:33.0 (47048939)|STATEMENT_EXECUTE|[143]
01:16:33.0 (47059211)|HEAP_ALLOCATE|[EXTERNAL]|Bytes:4
01:16:33.0 (47063812)|STATEMENT_EXECUTE|[144]
01:16:33.0 (47094650)|HEAP_ALLOCATE|[144]|Bytes:215
01:16:33.0 (47104320)|HEAP_ALLOCATE|[144]|Bytes:224
01:16:33.0 (47109733)|USER_DEBUG|[144]|DEBUG|>>> os : OpportunityStage:{ApiName=Admitted, Description=L, ForecastCategory=Closed, IsActive=true, IsClosed=true, IsWon=true, MasterLabel=Admitted, ForecastCategoryName=Closed, DefaultProbability=100, Id=01Jj000000Ip74rEAB}
01:16:33.0 (47120907)|HEAP_ALLOCATE|[141]|Bytes:5
01:16:33.0 (47127527)|HEAP_ALLOCATE|[141]|Bytes:40
01:16:33.0 (47132881)|VARIABLE_SCOPE_BEGIN|[141]|os|OpportunityStage|true|false
01:16:33.0 (47146104)|VARIABLE_ASSIGNMENT|[141]|os|{"ApiName":"Prospecting","ForecastCategory":"Pipeline","IsActive":true,"IsClosed":false,"IsWon":false,"MasterLabel":"Prospecting","ForecastCategoryName":"Pipeline","DefaultProbability":10,"Id":"01Jj0000009Ms6jEAC"}|0xc561e66
01:16:33.0 (47152220)|STATEMENT_EXECUTE|[141]
01:16:33.0 (47153329)|STATEMENT_EXECUTE|[143]
01:16:33.0 (47163044)|HEAP_ALLOCATE|[EXTERNAL]|Bytes:4
01:16:33.0 (47170957)|STATEMENT_EXECUTE|[144]
01:16:33.0 (47200825)|HEAP_ALLOCATE|[144]|Bytes:211
01:16:33.0 (47209991)|HEAP_ALLOCATE|[144]|Bytes:220
01:16:33.0 (47219244)|USER_DEBUG|[144]|DEBUG|>>> os : OpportunityStage:{ApiName=Prospecting, ForecastCategory=Pipeline, IsActive=true, IsClosed=false, IsWon=false, MasterLabel=Prospecting, ForecastCategoryName=Pipeline, DefaultProbability=10, Id=01Jj0000009Ms6jEAC}
01:16:33.0 (47231163)|HEAP_ALLOCATE|[141]|Bytes:5
01:16:33.0 (47237542)|HEAP_ALLOCATE|[141]|Bytes:40
01:16:33.0 (47242524)|VARIABLE_SCOPE_BEGIN|[141]|os|OpportunityStage|true|false
01:16:33.0 (47257151)|VARIABLE_ASSIGNMENT|[141]|os|{"ApiName":"Intervention Request (2 more) ...","ForecastCategory":"Pipeline","IsActive":true,"IsClosed":false,"IsWon":false,"MasterLabel":"Intervention Request (2 more) ...","ForecastCategoryName":"Pipeline","DefaultProbability":20,"Id":"01Jj000000Ip74IEAR"}|0x1ec11fa3
01:16:33.0 (47264217)|STATEMENT_EXECUTE|[141]
01:16:33.0 (47265352)|STATEMENT_EXECUTE|[143]
01:16:33.0 (47275724)|HEAP_ALLOCATE|[EXTERNAL]|Bytes:4
01:16:33.0 (47280477)|STATEMENT_EXECUTE|[144]
01:16:33.0 (47310002)|HEAP_ALLOCATE|[144]|Bytes:233
01:16:33.0 (47319276)|HEAP_ALLOCATE|[144]|Bytes:242
01:16:33.0 (47323956)|USER_DEBUG|[144]|DEBUG|>>> os : OpportunityStage:{ApiName=Intervention Requested, ForecastCategory=Pipeline, IsActive=true, IsClosed=false, IsWon=false, MasterLabel=Intervention Requested, ForecastCategoryName=Pipeline, DefaultProbability=20, Id=01Jj000000Ip74IEAR}
01:16:33.0 (47335062)|HEAP_ALLOCATE|[141]|Bytes:5
01:16:33.0 (47341671)|HEAP_ALLOCATE|[141]|Bytes:40
01:16:33.0 (47346345)|VARIABLE_SCOPE_BEGIN|[141]|os|OpportunityStage|true|false
01:16:33.0 (47360660)|VARIABLE_ASSIGNMENT|[141]|os|{"ApiName":"Pending Medical / Cl (13 more) ...","ForecastCategory":"Pipeline","IsActive":true,"IsClosed":false,"IsWon":false,"MasterLabel":"Pending Medical / Cl (13 more) ...","ForecastCategoryName":"Pipeline","DefaultProbability":80,"Id":"01Jj000000Ip75LEAR"}|0x4fbf5ebe
01:16:33.0 (47367944)|STATEMENT_EXECUTE|[141]
01:16:33.0 (47368982)|STATEMENT_EXECUTE|[143]
01:16:33.0 (47378882)|HEAP_ALLOCATE|[EXTERNAL]|Bytes:4
01:16:33.0 (47383131)|STATEMENT_EXECUTE|[144]
01:16:33.0 (47412832)|HEAP_ALLOCATE|[144]|Bytes:255
01:16:33.0 (47421884)|HEAP_ALLOCATE|[144]|Bytes:264
01:16:33.0 (47426727)|USER_DEBUG|[144]|DEBUG|>>> os : OpportunityStage:{ApiName=Pending Medical / Clinical Review, ForecastCategory=Pipeline, IsActive=true, IsClosed=false, IsWon=false, MasterLabel=Pending Medical / Clinical Review, ForecastCategoryName=Pipeline, DefaultProbability=80, Id=01Jj000000Ip75LEAR}
01:16:33.0 (47438509)|HEAP_ALLOCATE|[141]|Bytes:5
01:16:33.0 (47445293)|HEAP_ALLOCATE|[141]|Bytes:40
01:16:33.0 (47449604)|VARIABLE_SCOPE_BEGIN|[141]|os|OpportunityStage|true|false
01:16:33.0 (47463770)|VARIABLE_ASSIGNMENT|[141]|os|{"ApiName":"Pending IOP Assessme (2 more) ...","ForecastCategory":"Pipeline","IsActive":true,"IsClosed":false,"IsWon":false,"MasterLabel":"Pending IOP Assessme (2 more) ...","ForecastCategoryName":"Pipeline","DefaultProbability":65,"Id":"01Jj000000Ip9aBEAR"}|0x678712ca
01:16:33.0 (47471175)|STATEMENT_EXECUTE|[141]
01:16:33.0 (47472217)|STATEMENT_EXECUTE|[143]
01:16:33.0 (47482477)|HEAP_ALLOCATE|[EXTERNAL]|Bytes:4
01:16:33.0 (47486683)|STATEMENT_EXECUTE|[144]
01:16:33.0 (47516751)|HEAP_ALLOCATE|[144]|Bytes:233
01:16:33.0 (47525994)|HEAP_ALLOCATE|[144]|Bytes:242
01:16:33.0 (47531164)|USER_DEBUG|[144]|DEBUG|>>> os : OpportunityStage:{ApiName=Pending IOP Assessment, ForecastCategory=Pipeline, IsActive=true, IsClosed=false, IsWon=false, MasterLabel=Pending IOP Assessment, ForecastCategoryName=Pipeline, DefaultProbability=65, Id=01Jj000000Ip9aBEAR}
01:16:33.0 (47542363)|HEAP_ALLOCATE|[141]|Bytes:5
01:16:33.0 (47549897)|VARIABLE_ASSIGNMENT|[141]|os|null|
01:16:33.0 (47553832)|STATEMENT_EXECUTE|[148]
01:16:33.0 (47555728)|HEAP_ALLOCATE|[148]|Bytes:9
01:16:33.0 (47603904)|HEAP_ALLOCATE|[148]|Bytes:933
01:16:33.0 (47616156)|HEAP_ALLOCATE|[148]|Bytes:942
01:16:33.0 (47623823)|USER_DEBUG|[148]|DEBUG|listStage(System.SelectOption[value="In Process", label="In Process", disabled="false"], System.SelectOption[value="Benefits Submitted", label="Benefits Submitted", disabled="false"], System.SelectOption[value="Denied by VOB", label="Denied by VOB", disabled="false"], System.SelectOption[value="Determination Complete", label="Determination Complete", disabled="false"], System.SelectOption[value="Counter Offer Requested", label="Counter Offer Requested", disabled="false"], System.SelectOption[value="Facility Selected", label="Facility Selected", disabled="false"], System.SelectOption[value="Determination Delivered", label="Determination Delivered", disabled="false"], System.SelectOption[value="Pending Admission", label="Pending Admission", disabled="false"], System.SelectOption[value="Referral Requested", label="Referral Requested", disabled="false"], System.SelectOption[value="Admitted", label="Admitted", disabled="false"], ...)
01:16:33.0 (47644751)|STATEMENT_EXECUTE|[153]
01:16:33.0 (47649187)|SYSTEM_MODE_EXIT|false
01:16:33.0 (48368161)|SYSTEM_MODE_ENTER|true
01:16:33.0 (48692157)|SYSTEM_MODE_ENTER|true
01:16:33.0 (48776049)|SYSTEM_MODE_ENTER|true
01:16:33.0 (49247976)|VF_SERIALIZE_VIEWSTATE_BEGIN|066j0000002vLOq
01:16:33.0 (51604877)|VF_SERIALIZE_VIEWSTATE_END
01:16:33.53 (53417326)|CUMULATIVE_LIMIT_USAGE
01:16:33.53 (53417326)|LIMIT_USAGE_FOR_NS|(default)|
  Number of SOQL queries: 3 out of 100
  Number of query rows: 16 out of 50000
  Number of SOSL queries: 0 out of 20
  Number of DML statements: 0 out of 150
  Number of DML rows: 0 out of 10000
  Maximum CPU time: 0 out of 10000
  Maximum heap size: 0 out of 6000000
  Number of callouts: 0 out of 100
  Number of Email Invocations: 0 out of 10
  Number of future calls: 0 out of 50
  Number of queueable jobs added to the queue: 0 out of 50
  Number of Mobile Apex push calls: 0 out of 10

01:16:33.53 (53417326)|CUMULATIVE_LIMIT_USAGE_END

01:16:33.0 (53460876)|CODE_UNIT_FINISHED|VF: /apex/OpportunityStagePage
01:16:33.0 (54237407)|EXECUTION_FINISHED
