40.0 APEX_CODE,FINEST;APEX_PROFILING,INFO;CALLOUT,INFO;DB,INFO;SYSTEM,DEBUG;VALIDATION,INFO;VISUALFORCE,INFO;WAVE,INFO;WORKFLOW,FINER
01:42:00.0 (331091)|USER_INFO|[EXTERNAL]|00529000000zYiy|bhakti.gujrathi@eternussolutions.com.frnstgng|Central Standard Time|GMT-06:00
01:42:00.0 (372965)|EXECUTION_STARTED
01:42:00.0 (376946)|CODE_UNIT_STARTED|[EXTERNAL]|01p0a000004sKkr|CCPullTripFromConcurAndSF-2/2/2018 1:36 AM
01:42:00.0 (1768150)|VARIABLE_SCOPE_BEGIN|[4]|CCPullTripFromConcurAndSF.accessToken|String|false|true
01:42:00.0 (1786549)|VARIABLE_SCOPE_BEGIN|[8]|CCPullTripFromConcurAndSF.lstApxlog|List<Apex_Debug_log__c>|true|true
01:42:00.0 (6535333)|HEAP_ALLOCATE|[72]|Bytes:3
01:42:00.0 (6573047)|HEAP_ALLOCATE|[77]|Bytes:152
01:42:00.0 (6588388)|HEAP_ALLOCATE|[342]|Bytes:408
01:42:00.0 (6604401)|HEAP_ALLOCATE|[355]|Bytes:408
01:42:00.0 (6618000)|HEAP_ALLOCATE|[467]|Bytes:48
01:42:00.0 (6643282)|HEAP_ALLOCATE|[139]|Bytes:6
01:42:00.0 (6664229)|HEAP_ALLOCATE|[EXTERNAL]|Bytes:3
01:42:00.0 (6676240)|SYSTEM_METHOD_ENTRY|[1]|SchedulableContextImpl.SchedulableContextImpl()
01:42:00.0 (6682329)|STATEMENT_EXECUTE|[1]
01:42:00.0 (6689210)|SYSTEM_METHOD_EXIT|[1]|SchedulableContextImpl
01:42:00.0 (6696840)|HEAP_ALLOCATE|[EXTERNAL]|Bytes:8
01:42:00.0 (6700501)|HEAP_ALLOCATE|[EXTERNAL]|Bytes:4
01:42:00.0 (6706758)|VARIABLE_SCOPE_BEGIN|[4]|this|System.SchedulableContextImpl|true|false
01:42:00.0 (6747114)|VARIABLE_ASSIGNMENT|[4]|this|{}|0x6543dc8e
01:42:00.0 (6755993)|VARIABLE_SCOPE_BEGIN|[4]|triggerId|Id|false|false
01:42:00.0 (6829680)|VARIABLE_ASSIGNMENT|[4]|triggerId|"08e290000070D02AAE"
01:42:00.0 (7214030)|HEAP_ALLOCATE|[EXTERNAL]|Bytes:11
01:42:00.0 (7513792)|METHOD_ENTRY|[1]|01p0a000004sKkr|CCPullTripFromConcurAndSF.CCPullTripFromConcurAndSF()
01:42:00.0 (7521375)|STATEMENT_EXECUTE|[1]
01:42:00.0 (7524595)|STATEMENT_EXECUTE|[1]
01:42:00.0 (7525748)|STATEMENT_EXECUTE|[8]
01:42:00.0 (7550703)|HEAP_ALLOCATE|[8]|Bytes:4
01:42:00.0 (7627834)|HEAP_ALLOCATE|[EXTERNAL]|Bytes:4
01:42:00.0 (7644027)|VARIABLE_ASSIGNMENT|[8]|CCPullTripFromConcurAndSF.lstApxlog|[]|0xffbb5ee
01:42:00.0 (7653703)|METHOD_EXIT|[1]|CCPullTripFromConcurAndSF
01:42:00.0 (7660436)|HEAP_ALLOCATE|[EXTERNAL]|Bytes:4
01:42:00.0 (7664719)|HEAP_ALLOCATE|[EXTERNAL]|Bytes:8
01:42:00.0 (7671376)|VARIABLE_SCOPE_BEGIN|[39]|this|CCPullTripFromConcurAndSF|true|false
01:42:00.0 (7687862)|VARIABLE_ASSIGNMENT|[39]|this|{}|0x79dceb76
01:42:00.0 (7694664)|VARIABLE_SCOPE_BEGIN|[39]|ctx|System.SchedulableContext|true|false
01:42:00.0 (7743727)|VARIABLE_ASSIGNMENT|[39]|ctx|{"triggerId":"08e290000070D02AAE"}|0x6543dc8e
01:42:00.0 (7754533)|STATEMENT_EXECUTE|[40]
01:42:00.0 (7756359)|STATEMENT_EXECUTE|[42]
01:42:00.0 (7761697)|HEAP_ALLOCATE|[42]|Bytes:25
01:42:00.0 (7766953)|HEAP_ALLOCATE|[42]|Bytes:30
01:42:00.0 (7781363)|HEAP_ALLOCATE|[42]|Bytes:4
01:42:00.0 (7806016)|HEAP_ALLOCATE|[42]|Bytes:4
01:42:00.0 (7824056)|HEAP_ALLOCATE|[50]|Bytes:5
01:42:00.0 (7840402)|HEAP_ALLOCATE|[56]|Bytes:5
01:42:00.0 (7848016)|HEAP_ALLOCATE|[64]|Bytes:7
01:42:00.0 (7879278)|HEAP_ALLOCATE|[EXTERNAL]|Bytes:4
01:42:00.0 (7890033)|HEAP_ALLOCATE|[EXTERNAL]|Bytes:4
01:42:00.36 (36029191)|CUMULATIVE_LIMIT_USAGE
01:42:00.36 (36029191)|LIMIT_USAGE_FOR_NS|(default)|
  Number of SOQL queries: 0 out of 100
  Number of query rows: 0 out of 50000
  Number of SOSL queries: 0 out of 20
  Number of DML statements: 0 out of 150
  Number of DML rows: 0 out of 10000
  Maximum CPU time: 0 out of 10000
  Maximum heap size: 0 out of 6000000
  Number of callouts: 0 out of 100
  Number of Email Invocations: 0 out of 10
  Number of future calls: 1 out of 50
  Number of queueable jobs added to the queue: 0 out of 50
  Number of Mobile Apex push calls: 0 out of 10

01:42:00.36 (36029191)|CUMULATIVE_LIMIT_USAGE_END

01:42:00.0 (36075840)|CODE_UNIT_FINISHED|CCPullTripFromConcurAndSF-2/2/2018 1:36 AM
01:42:00.0 (36837935)|EXECUTION_FINISHED
