37.0 APEX_CODE,FINEST;APEX_PROFILING,INFO;CALLOUT,INFO;DB,INFO;SYSTEM,DEBUG;VALIDATION,INFO;VISUALFORCE,INFO;WAVE,INFO;WORKFLOW,FINER
07:44:06.0 (230849)|USER_INFO|[EXTERNAL]|00529000000zYiy|bhakti.gujrathi@eternussolutions.com.frnstgng|Central Standard Time|GMT-06:00
07:44:06.0 (265026)|EXECUTION_STARTED
07:44:06.0 (268471)|CODE_UNIT_STARTED|[EXTERNAL]|0660a0000009uTC|VF: /apex/PAW_New_Edit
07:44:06.0 (394194)|VF_DESERIALIZE_VIEWSTATE_BEGIN|0660a0000009uTC
07:44:06.0 (4048117)|HEAP_ALLOCATE|[72]|Bytes:3
07:44:06.0 (4090232)|HEAP_ALLOCATE|[77]|Bytes:152
07:44:06.0 (4104929)|HEAP_ALLOCATE|[342]|Bytes:408
07:44:06.0 (4116364)|HEAP_ALLOCATE|[355]|Bytes:408
07:44:06.0 (4126916)|HEAP_ALLOCATE|[467]|Bytes:48
07:44:06.0 (4151496)|HEAP_ALLOCATE|[139]|Bytes:6
07:44:06.0 (4173251)|HEAP_ALLOCATE|[50]|Bytes:5
07:44:06.0 (4193404)|HEAP_ALLOCATE|[56]|Bytes:5
07:44:06.0 (4199363)|HEAP_ALLOCATE|[64]|Bytes:7
07:44:06.0 (6580690)|VARIABLE_SCOPE_BEGIN|[35]|PAW_New_EditCntrllr.globalSchemaMap|Map<String,Schema.SObjectType>|true|true
07:44:06.0 (6593883)|VARIABLE_SCOPE_BEGIN|[3]|PAW_New_EditCntrllr.yearEndMode|Boolean|false|true
07:44:06.0 (10826300)|VF_DESERIALIZE_VIEWSTATE_END
07:44:06.11 (11723644)|SYSTEM_MODE_ENTER|true
07:44:06.11 (11795223)|HEAP_ALLOCATE|[EXTERNAL]|Bytes:38
07:44:06.11 (11803943)|HEAP_ALLOCATE|[EXTERNAL]|Bytes:7
07:44:06.11 (11812477)|SYSTEM_METHOD_ENTRY|[1]|PageMessagesComponentController.PageMessagesComponentController()
07:44:06.11 (11817864)|STATEMENT_EXECUTE|[1]
07:44:06.12 (12553293)|SYSTEM_MODE_ENTER|true
07:44:06.12 (12603554)|HEAP_ALLOCATE|[EXTERNAL]|Bytes:8
07:44:06.12 (12610736)|VARIABLE_SCOPE_BEGIN|[88]|this|ApexPage.PageMessagesComponentController|true|false
07:44:06.12 (12643819)|VARIABLE_ASSIGNMENT|[88]|this|{}|0x4b166acb
07:44:06.12 (12650424)|VARIABLE_SCOPE_BEGIN|[88]|escape|Boolean|false|false
07:44:06.12 (12657453)|VARIABLE_ASSIGNMENT|[88]|escape|null
07:44:06.0 (12837474)|SYSTEM_MODE_ENTER|true
07:44:06.0 (12859834)|HEAP_ALLOCATE|[EXTERNAL]|Bytes:11
07:44:06.0 (12869491)|HEAP_ALLOCATE|[EXTERNAL]|Bytes:304
07:44:06.0 (12874185)|HEAP_ALLOCATE|[EXTERNAL]|Bytes:98
07:44:06.0 (12878366)|HEAP_ALLOCATE|[EXTERNAL]|Bytes:14
07:44:06.0 (12890004)|METHOD_ENTRY|[1]|01p0a000004sKzV|PAW_New_EditCntrllr.PAW_New_EditCntrllr()
07:44:06.0 (12894731)|STATEMENT_EXECUTE|[1]
07:44:06.0 (12897747)|STATEMENT_EXECUTE|[1]
07:44:06.0 (12899040)|STATEMENT_EXECUTE|[3]
07:44:06.0 (13334894)|VARIABLE_SCOPE_BEGIN|[3]|PAW_YearEnd_Config.setting|Year_End_PAW_Settings__c|true|true
07:44:06.0 (13352058)|HEAP_ALLOCATE|[3]|Bytes:1
07:44:06.0 (13358364)|HEAP_ALLOCATE|[3]|Bytes:1
07:44:06.0 (13398360)|METHOD_ENTRY|[1]|01p29000000Aswf|PAW_YearEnd_Config.PAW_YearEnd_Config()
07:44:06.0 (13403140)|STATEMENT_EXECUTE|[1]
07:44:06.0 (13405696)|STATEMENT_EXECUTE|[1]
07:44:06.0 (13420884)|SYSTEM_MODE_ENTER|false
07:44:06.0 (13427843)|HEAP_ALLOCATE|[3]|Bytes:5
07:44:06.0 (13435183)|SYSTEM_MODE_EXIT|false
07:44:06.0 (13442084)|METHOD_EXIT|[1]|PAW_YearEnd_Config
07:44:06.0 (13451795)|METHOD_ENTRY|[3]|01p29000000Aswf|PAW_YearEnd_Config.fetch()
07:44:06.0 (13476583)|SYSTEM_MODE_ENTER|false
07:44:06.0 (13481043)|HEAP_ALLOCATE|[6]|Bytes:5
07:44:06.0 (13485638)|STATEMENT_EXECUTE|[5]
07:44:06.0 (13488789)|STATEMENT_EXECUTE|[7]
07:44:06.0 (14544826)|HEAP_ALLOCATE|[7]|Bytes:20
07:44:06.0 (14589544)|VARIABLE_ASSIGNMENT|[7]|PAW_YearEnd_Config.setting|{"IsDeleted":false,"Name":"Year End PAW Setting (11 more) ...","SetupOwnerId":"00529000000zYiyAAE","Year_End_Mode_Enable (4 more) ...":false}|0x504403af
07:44:06.0 (14597888)|STATEMENT_EXECUTE|[9]
07:44:06.0 (14601178)|HEAP_ALLOCATE|[9]|Bytes:14
07:44:06.0 (14740648)|HEAP_ALLOCATE|[9]|Bytes:145
07:44:06.0 (14761315)|HEAP_ALLOCATE|[9]|Bytes:159
07:44:06.0 (14785442)|USER_DEBUG|[9]|DEBUG|>>> setting : Year_End_PAW_Settings__c:{IsDeleted=false, Name=Year End PAW Settings (Profile), SetupOwnerId=00529000000zYiyAAE, Year_End_Mode_Enabled__c=false}
07:44:06.0 (14794329)|STATEMENT_EXECUTE|[10]
07:44:06.0 (14799937)|SYSTEM_MODE_EXIT|false
07:44:06.0 (14807100)|METHOD_EXIT|[3]|01p29000000Aswf|PAW_YearEnd_Config.fetch()
07:44:06.0 (14841589)|VARIABLE_ASSIGNMENT|[3]|PAW_New_EditCntrllr.yearEndMode|false
07:44:06.0 (14846740)|STATEMENT_EXECUTE|[523]
07:44:06.0 (14851184)|METHOD_EXIT|[1]|PAW_New_EditCntrllr
07:44:06.0 (15218758)|SYSTEM_MODE_ENTER|true
07:44:06.0 (16779818)|SYSTEM_MODE_ENTER|true
07:44:06.0 (16833251)|HEAP_ALLOCATE|[EXTERNAL]|Bytes:476
07:44:06.0 (16846155)|HEAP_ALLOCATE|[EXTERNAL]|Bytes:71
07:44:06.0 (20560313)|SYSTEM_MODE_ENTER|true
07:44:06.0 (20617487)|SYSTEM_MODE_ENTER|true
07:44:06.0 (24200879)|SYSTEM_MODE_ENTER|true
07:44:06.0 (24373851)|HEAP_ALLOCATE|[EXTERNAL]|Bytes:112
07:44:06.0 (24383177)|VARIABLE_SCOPE_BEGIN|[186]|this|PAW_New_EditCntrllr|true|false
07:44:06.0 (24460998)|VARIABLE_ASSIGNMENT|[186]|this|{"estmtCvrgeDaysObj":"0x45a8f64c","faciltyOptions":"0x6c157122","fcltyPrgrmOptions":"0x5ad69145","idToOwnershipFacilit (4 more) ...":"0x4f20511d","idToTypeFacilityMap":"0x4db8d423","insrncBnftMap":"0xa6330d7","insrncBnftOptions":"0x64d1c467","isIop":false,"isTalbott":false,"meta":"0x2934d959","oppId":"00629000004NTeZ","pawObj":"0x22260990","ptntInsrnceOptions":"0x3150608b","ptntInsrncMap":"0x5b48783a","ptntInsrncObj":"0x54399c1b","quoteObj":"0x46416585","recordId":"00629000004NTeZ","rtAdjstmntOptions":"0x742711fe","showPILookup":false,"sObjectQueryStr":"","wrprObj":"0x72d0f70e"}|0x232e44bd
07:44:06.0 (24478122)|STATEMENT_EXECUTE|[186]
07:44:06.0 (24479696)|STATEMENT_EXECUTE|[190]
07:44:06.0 (24491868)|HEAP_ALLOCATE|[190]|Bytes:4
07:44:06.0 (24535647)|HEAP_ALLOCATE|[EXTERNAL]|Bytes:4
07:44:06.0 (24546171)|VARIABLE_ASSIGNMENT|[190]|this.ptntInsrnceOptions|[]|0x232e44bd
07:44:06.0 (24551120)|STATEMENT_EXECUTE|[191]
07:44:06.0 (24559922)|HEAP_ALLOCATE|[191]|Bytes:12
07:44:06.0 (24610423)|HEAP_ALLOCATE|[EXTERNAL]|Bytes:4
07:44:06.0 (24618126)|STATEMENT_EXECUTE|[192]
07:44:06.0 (24642383)|HEAP_ALLOCATE|[192]|Bytes:4
07:44:06.0 (24648120)|HEAP_ALLOCATE|[192]|Bytes:95
07:44:06.0 (24658026)|HEAP_ALLOCATE|[192]|Bytes:4
07:44:06.0 (24667176)|HEAP_ALLOCATE|[192]|Bytes:7
07:44:06.0 (24940358)|SOQL_EXECUTE_BEGIN|[192]|Aggregations:0|SELECT Id, Name, Insurance_Company__c FROM Patient_Insurance__c WHERE Opportunity__c = :tmpVar1
07:44:06.0 (28034540)|SOQL_EXECUTE_END|[192]|Rows:4
07:44:06.0 (28054829)|HEAP_ALLOCATE|[192]|Bytes:20
07:44:06.0 (28076512)|HEAP_ALLOCATE|[192]|Bytes:449
07:44:06.0 (28119786)|HEAP_ALLOCATE|[192]|Bytes:20
07:44:06.0 (28147488)|HEAP_ALLOCATE|[192]|Bytes:16
07:44:06.0 (28157445)|HEAP_ALLOCATE|[192]|Bytes:4
07:44:06.0 (28161972)|HEAP_ALLOCATE|[192]|Bytes:16
07:44:06.0 (28165985)|HEAP_ALLOCATE|[192]|Bytes:4
07:44:06.0 (28168655)|HEAP_ALLOCATE|[192]|Bytes:16
07:44:06.0 (28171876)|HEAP_ALLOCATE|[192]|Bytes:4
07:44:06.0 (28175034)|HEAP_ALLOCATE|[192]|Bytes:16
07:44:06.0 (28178479)|HEAP_ALLOCATE|[192]|Bytes:4
07:44:06.0 (28212369)|VARIABLE_ASSIGNMENT|[192]|this.ptntInsrncMap|{"a1b29000000l40nAAA":{"Id":"a1b29000000l40nAAA","Name":"Maria Johnson - BCBS (17 more) ...","Insurance_Company__c":"0012900000AXSPBAA5"},"a1b29000000lvHQAAY":{"Id":"a1b29000000lvHQAAY","Name":"Maria Johnson - Valu (23 more) ...","Insurance_Company__c":"0012900000AXSP3AAP"},"a1b29000000lvHVAAY":{"Id":"a1b29000000lvHVAAY","Name":"Maria Johnson - Priv (7 more) ...","Insurance_Company__c":"0012900000AXSDqAAP"},"a1b29000000ly7uAAA":{"Id":"a1b29000000ly7uAAA","Name":"Maria Johnson - Alle (6 more) ...","Insurance_Company__c":"0012900000AXSlPAAX"}}|0x232e44bd
07:44:06.0 (28252882)|HEAP_ALLOCATE|[EXTERNAL]|Bytes:20
07:44:06.0 (28265020)|HEAP_ALLOCATE|[197]|Bytes:465
07:44:06.0 (28385135)|HEAP_ALLOCATE|[197]|Bytes:5
07:44:06.0 (28397714)|HEAP_ALLOCATE|[197]|Bytes:16
07:44:06.0 (28405655)|VARIABLE_SCOPE_BEGIN|[197]|ptntInsrnceInstance|Patient_Insurance__c|true|false
07:44:06.0 (28421032)|VARIABLE_ASSIGNMENT|[197]|ptntInsrnceInstance|{"Id":"a1b29000000l40nAAA","Name":"Maria Johnson - BCBS (17 more) ...","Insurance_Company__c":"0012900000AXSPBAA5"}|0x403a4c1e
07:44:06.0 (28427193)|STATEMENT_EXECUTE|[197]
07:44:06.0 (28428639)|STATEMENT_EXECUTE|[198]
07:44:06.0 (28462593)|HEAP_ALLOCATE|[198]|Bytes:18
07:44:06.0 (28511747)|HEAP_ALLOCATE|[EXTERNAL]|Bytes:4
07:44:06.0 (28524283)|HEAP_ALLOCATE|[197]|Bytes:5
07:44:06.0 (28532256)|HEAP_ALLOCATE|[197]|Bytes:16
07:44:06.0 (28537930)|VARIABLE_SCOPE_BEGIN|[197]|ptntInsrnceInstance|Patient_Insurance__c|true|false
07:44:06.0 (28551529)|VARIABLE_ASSIGNMENT|[197]|ptntInsrnceInstance|{"Id":"a1b29000000lvHQAAY","Name":"Maria Johnson - Valu (23 more) ...","Insurance_Company__c":"0012900000AXSP3AAP"}|0x66bed015
07:44:06.0 (28559721)|STATEMENT_EXECUTE|[197]
07:44:06.0 (28560718)|STATEMENT_EXECUTE|[198]
07:44:06.0 (28570467)|HEAP_ALLOCATE|[198]|Bytes:18
07:44:06.0 (28587588)|HEAP_ALLOCATE|[EXTERNAL]|Bytes:4
07:44:06.0 (28601040)|HEAP_ALLOCATE|[197]|Bytes:5
07:44:06.0 (28612783)|HEAP_ALLOCATE|[197]|Bytes:16
07:44:06.0 (28620116)|VARIABLE_SCOPE_BEGIN|[197]|ptntInsrnceInstance|Patient_Insurance__c|true|false
07:44:06.0 (28632096)|VARIABLE_ASSIGNMENT|[197]|ptntInsrnceInstance|{"Id":"a1b29000000lvHVAAY","Name":"Maria Johnson - Priv (7 more) ...","Insurance_Company__c":"0012900000AXSDqAAP"}|0x98cc48a
07:44:06.0 (28637723)|STATEMENT_EXECUTE|[197]
07:44:06.0 (28638639)|STATEMENT_EXECUTE|[198]
07:44:06.0 (28646094)|HEAP_ALLOCATE|[198]|Bytes:18
07:44:06.0 (28655915)|HEAP_ALLOCATE|[EXTERNAL]|Bytes:4
07:44:06.0 (28663698)|HEAP_ALLOCATE|[197]|Bytes:5
07:44:06.0 (28670377)|HEAP_ALLOCATE|[197]|Bytes:16
07:44:06.0 (28674617)|VARIABLE_SCOPE_BEGIN|[197]|ptntInsrnceInstance|Patient_Insurance__c|true|false
07:44:06.0 (28684197)|VARIABLE_ASSIGNMENT|[197]|ptntInsrnceInstance|{"Id":"a1b29000000ly7uAAA","Name":"Maria Johnson - Alle (6 more) ...","Insurance_Company__c":"0012900000AXSlPAAX"}|0x1212b903
07:44:06.0 (28688677)|STATEMENT_EXECUTE|[197]
07:44:06.0 (28689514)|STATEMENT_EXECUTE|[198]
07:44:06.0 (28694662)|HEAP_ALLOCATE|[198]|Bytes:18
07:44:06.0 (28702566)|HEAP_ALLOCATE|[EXTERNAL]|Bytes:4
07:44:06.0 (28710028)|HEAP_ALLOCATE|[197]|Bytes:5
07:44:06.0 (28718237)|VARIABLE_ASSIGNMENT|[197]|ptntInsrnceInstance|null|
07:44:06.0 (28723602)|STATEMENT_EXECUTE|[201]
07:44:06.32 (32586176)|SYSTEM_MODE_ENTER|true
07:44:06.32 (32638075)|HEAP_ALLOCATE|[EXTERNAL]|Bytes:8
07:44:06.32 (32645918)|VARIABLE_SCOPE_BEGIN|[88]|this|ApexPage.PageMessagesComponentController|true|false
07:44:06.32 (32668625)|VARIABLE_ASSIGNMENT|[88]|this|{}|0x4b166acb
07:44:06.32 (32674820)|VARIABLE_SCOPE_BEGIN|[88]|escape|Boolean|false|false
07:44:06.32 (32681316)|VARIABLE_ASSIGNMENT|[88]|escape|null
07:44:06.0 (33191722)|HEAP_ALLOCATE|[EXTERNAL]|Bytes:84
07:44:06.0 (33204424)|VARIABLE_ASSIGNMENT|[EXTERNAL]|this.insrncBnftSelected|null|0x72d0f70e
07:44:06.0 (33249077)|HEAP_ALLOCATE|[EXTERNAL]|Bytes:84
07:44:06.0 (33255870)|VARIABLE_ASSIGNMENT|[EXTERNAL]|this.facilitySelected|null|0x72d0f70e
07:44:06.0 (33293096)|HEAP_ALLOCATE|[EXTERNAL]|Bytes:84
07:44:06.0 (33299942)|VARIABLE_ASSIGNMENT|[EXTERNAL]|this.rateAdjstmntSelected|null|0x72d0f70e
07:44:06.0 (33335324)|HEAP_ALLOCATE|[EXTERNAL]|Bytes:84
07:44:06.0 (33341098)|VARIABLE_ASSIGNMENT|[EXTERNAL]|this.fcltyPrgrmSelected|null|0x72d0f70e
07:44:06.0 (36208701)|HEAP_ALLOCATE|[EXTERNAL]|Bytes:112
07:44:06.0 (36218640)|VARIABLE_SCOPE_BEGIN|[205]|this|PAW_New_EditCntrllr|true|false
07:44:06.0 (36288924)|VARIABLE_ASSIGNMENT|[205]|this|{"estmtCvrgeDaysObj":"0x45a8f64c","faciltyOptions":"0x6c157122","fcltyPrgrmOptions":"0x5ad69145","idToOwnershipFacilit (4 more) ...":"0x4f20511d","idToTypeFacilityMap":"0x4db8d423","insrncBnftMap":"0xa6330d7","insrncBnftOptions":"0x64d1c467","isIop":false,"isTalbott":false,"meta":"0x2934d959","oppId":"00629000004NTeZ","pawObj":"0x22260990","ptntInsrnceOptions":"0x6fbd74a0","ptntInsrncMap":"0x6efdd652","ptntInsrncObj":"0x54399c1b","quoteObj":"0x46416585","recordId":"00629000004NTeZ","rtAdjstmntOptions":"0x742711fe","showPILookup":false,"sObjectQueryStr":"","wrprObj":"0x72d0f70e"}|0x232e44bd
07:44:06.0 (36304166)|STATEMENT_EXECUTE|[205]
07:44:06.0 (36371625)|VARIABLE_ASSIGNMENT|[EXTERNAL]|this|{"estmtCvrgeDaysObj":"0x45a8f64c","faciltyOptions":"0x6c157122","fcltyPrgrmOptions":"0x5ad69145","idToOwnershipFacilit (4 more) ...":"0x4f20511d","idToTypeFacilityMap":"0x4db8d423","insrncBnftMap":"0xa6330d7","insrncBnftOptions":"0x64d1c467","isIop":false,"isTalbott":false,"meta":"0x2934d959","oppId":"00629000004NTeZ","pawObj":"0x22260990","ptntInsrnceOptions":"0x6fbd74a0","ptntInsrncMap":"0x6efdd652","ptntInsrncObj":"0x54399c1b","quoteObj":"0x46416585","recordId":"00629000004NTeZ","rtAdjstmntOptions":"0x742711fe","showPILookup":false,"sObjectQueryStr":"","wrprObj":"0x72d0f70e"}|0x232e44bd
07:44:06.0 (36440058)|VARIABLE_ASSIGNMENT|[EXTERNAL]|this|{"pawDetailListDisplay (4 more) ...":false,"pyAgrmntWrksht":"0x6a61b759","relatedPAWDetailsLis (1 more) ...":"0x678c576","targetEDR":0.00,"totalAppliedDeductib (2 more) ...":0.00,"totalCoInsurance":0.00,"totalCoPayAmt":0.00,"totalInsCoResp":0.00,"totalInsEIVAmt":0.00,"totalRowCount":0,"totalTalbottDay":0.00}|0x72d0f70e
07:44:06.0 (36480911)|STATEMENT_EXECUTE|[206]
07:44:06.0 (36482253)|STATEMENT_EXECUTE|[207]
07:44:06.0 (36545982)|VARIABLE_ASSIGNMENT|[EXTERNAL]|this|{"estmtCvrgeDaysObj":"0x45a8f64c","faciltyOptions":"0x6c157122","fcltyPrgrmOptions":"0x5ad69145","idToOwnershipFacilit (4 more) ...":"0x4f20511d","idToTypeFacilityMap":"0x4db8d423","insrncBnftMap":"0xa6330d7","insrncBnftOptions":"0x64d1c467","isIop":false,"isTalbott":false,"meta":"0x2934d959","oppId":"00629000004NTeZ","pawObj":"0x22260990","ptntInsrnceOptions":"0x6fbd74a0","ptntInsrncMap":"0x6efdd652","ptntInsrncObj":"0x54399c1b","quoteObj":"0x46416585","recordId":"00629000004NTeZ","rtAdjstmntOptions":"0x742711fe","showPILookup":false,"sObjectQueryStr":"","wrprObj":"0x72d0f70e"}|0x232e44bd
07:44:06.0 (36594932)|VARIABLE_ASSIGNMENT|[EXTERNAL]|this|{"pawDetailListDisplay (4 more) ...":false,"pyAgrmntWrksht":"0x6a61b759","relatedPAWDetailsLis (1 more) ...":"0x678c576","targetEDR":0.00,"totalAppliedDeductib (2 more) ...":0.00,"totalCoInsurance":0.00,"totalCoPayAmt":0.00,"totalInsCoResp":0.00,"totalInsEIVAmt":0.00,"totalRowCount":0,"totalTalbottDay":0.00}|0x72d0f70e
07:44:06.0 (36678293)|VARIABLE_ASSIGNMENT|[EXTERNAL]|this|{"estmtCvrgeDaysObj":"0x45a8f64c","faciltyOptions":"0x6c157122","fcltyPrgrmOptions":"0x5ad69145","idToOwnershipFacilit (4 more) ...":"0x4f20511d","idToTypeFacilityMap":"0x4db8d423","insrncBnftMap":"0xa6330d7","insrncBnftOptions":"0x64d1c467","isIop":false,"isTalbott":false,"meta":"0x2934d959","oppId":"00629000004NTeZ","pawObj":"0x22260990","ptntInsrnceOptions":"0x6fbd74a0","ptntInsrncMap":"0x6efdd652","ptntInsrncObj":"0x54399c1b","quoteObj":"0x46416585","recordId":"00629000004NTeZ","rtAdjstmntOptions":"0x742711fe","showPILookup":false,"sObjectQueryStr":"","wrprObj":"0x72d0f70e"}|0x232e44bd
07:44:06.0 (36697109)|VARIABLE_ASSIGNMENT|[EXTERNAL]|value|{"Id":"a1b29000000lvHQAAY","Name":"Maria Johnson - Valu (23 more) ...","Insurance_Company__c":"0012900000AXSP3AAP"}|0x66bed015
07:44:06.0 (36710150)|VARIABLE_ASSIGNMENT|[18]|this.ptntInsrncObj|{"Id":"a1b29000000lvHQAAY","Name":"Maria Johnson - Valu (23 more) ...","Insurance_Company__c":"0012900000AXSP3AAP"}|0x232e44bd
07:44:06.0 (36718461)|STATEMENT_EXECUTE|[211]
07:44:06.0 (36774321)|VARIABLE_ASSIGNMENT|[EXTERNAL]|this|{"estmtCvrgeDaysObj":"0x45a8f64c","faciltyOptions":"0x6c157122","fcltyPrgrmOptions":"0x5ad69145","idToOwnershipFacilit (4 more) ...":"0x4f20511d","idToTypeFacilityMap":"0x4db8d423","insrncBnftMap":"0xa6330d7","insrncBnftOptions":"0x64d1c467","isIop":false,"isTalbott":false,"meta":"0x2934d959","oppId":"00629000004NTeZ","pawObj":"0x22260990","ptntInsrnceOptions":"0x6fbd74a0","ptntInsrncMap":"0x6efdd652","ptntInsrncObj":"0x66bed015","quoteObj":"0x46416585","recordId":"00629000004NTeZ","rtAdjstmntOptions":"0x742711fe","showPILookup":false,"sObjectQueryStr":"","wrprObj":"0x72d0f70e"}|0x232e44bd
07:44:06.0 (36832838)|VARIABLE_ASSIGNMENT|[EXTERNAL]|this|{"pawDetailListDisplay (4 more) ...":false,"pyAgrmntWrksht":"0x6a61b759","relatedPAWDetailsLis (1 more) ...":"0x678c576","targetEDR":0.00,"totalAppliedDeductib (2 more) ...":0.00,"totalCoInsurance":0.00,"totalCoPayAmt":0.00,"totalInsCoResp":0.00,"totalInsEIVAmt":0.00,"totalRowCount":0,"totalTalbottDay":0.00}|0x72d0f70e
07:44:06.0 (36842064)|VARIABLE_ASSIGNMENT|[EXTERNAL]|value|""
07:44:06.0 (36849248)|VARIABLE_ASSIGNMENT|[526]|this.insrncBnftSelected|""|0x72d0f70e
07:44:06.0 (36856100)|STATEMENT_EXECUTE|[212]
07:44:06.0 (36870841)|METHOD_ENTRY|[212]|01p0a000004sKzV|PAW_New_EditCntrllr.updateWraperValues()
07:44:06.0 (36890070)|VARIABLE_SCOPE_BEGIN|[404]|this|PAW_New_EditCntrllr|true|false
07:44:06.0 (36953137)|VARIABLE_ASSIGNMENT|[404]|this|{"estmtCvrgeDaysObj":"0x45a8f64c","faciltyOptions":"0x6c157122","fcltyPrgrmOptions":"0x5ad69145","idToOwnershipFacilit (4 more) ...":"0x4f20511d","idToTypeFacilityMap":"0x4db8d423","insrncBnftMap":"0xa6330d7","insrncBnftOptions":"0x64d1c467","isIop":false,"isTalbott":false,"meta":"0x2934d959","oppId":"00629000004NTeZ","pawObj":"0x22260990","ptntInsrnceOptions":"0x6fbd74a0","ptntInsrncMap":"0x6efdd652","ptntInsrncObj":"0x66bed015","quoteObj":"0x46416585","recordId":"00629000004NTeZ","rtAdjstmntOptions":"0x742711fe","showPILookup":false,"sObjectQueryStr":"","wrprObj":"0x72d0f70e"}|0x232e44bd
07:44:06.0 (36972681)|STATEMENT_EXECUTE|[404]
07:44:06.0 (37040223)|VARIABLE_ASSIGNMENT|[EXTERNAL]|this|{"estmtCvrgeDaysObj":"0x45a8f64c","faciltyOptions":"0x6c157122","fcltyPrgrmOptions":"0x5ad69145","idToOwnershipFacilit (4 more) ...":"0x4f20511d","idToTypeFacilityMap":"0x4db8d423","insrncBnftMap":"0xa6330d7","insrncBnftOptions":"0x64d1c467","isIop":false,"isTalbott":false,"meta":"0x2934d959","oppId":"00629000004NTeZ","pawObj":"0x22260990","ptntInsrnceOptions":"0x6fbd74a0","ptntInsrncMap":"0x6efdd652","ptntInsrncObj":"0x66bed015","quoteObj":"0x46416585","recordId":"00629000004NTeZ","rtAdjstmntOptions":"0x742711fe","showPILookup":false,"sObjectQueryStr":"","wrprObj":"0x72d0f70e"}|0x232e44bd
07:44:06.0 (37110839)|VARIABLE_ASSIGNMENT|[EXTERNAL]|this|{"estmtCvrgeDaysObj":"0x45a8f64c","faciltyOptions":"0x6c157122","fcltyPrgrmOptions":"0x5ad69145","idToOwnershipFacilit (4 more) ...":"0x4f20511d","idToTypeFacilityMap":"0x4db8d423","insrncBnftMap":"0xa6330d7","insrncBnftOptions":"0x64d1c467","isIop":false,"isTalbott":false,"meta":"0x2934d959","oppId":"00629000004NTeZ","pawObj":"0x22260990","ptntInsrnceOptions":"0x6fbd74a0","ptntInsrncMap":"0x6efdd652","ptntInsrncObj":"0x66bed015","quoteObj":"0x46416585","recordId":"00629000004NTeZ","rtAdjstmntOptions":"0x742711fe","showPILookup":false,"sObjectQueryStr":"","wrprObj":"0x72d0f70e"}|0x232e44bd
07:44:06.0 (37124678)|STATEMENT_EXECUTE|[420]
07:44:06.0 (37125778)|STATEMENT_EXECUTE|[421]
07:44:06.0 (37970082)|VARIABLE_SCOPE_BEGIN|[3]|PAWValueCalculationService.pawObj|Pay_Agreement_Worksheet__c|true|true
07:44:06.0 (37979496)|VARIABLE_SCOPE_BEGIN|[2]|PAWValueCalculationService.skipDML|Boolean|false|true
07:44:06.0 (37990626)|HEAP_ALLOCATE|[421]|Bytes:6
07:44:06.0 (38002397)|METHOD_ENTRY|[1]|01p0a000004sKzO|PAWFrnFacilityService.PAWFrnFacilityService()
07:44:06.0 (38007416)|STATEMENT_EXECUTE|[1]
07:44:06.0 (38010260)|STATEMENT_EXECUTE|[1]
07:44:06.0 (38024549)|SYSTEM_MODE_ENTER|false
07:44:06.0 (38030646)|HEAP_ALLOCATE|[421]|Bytes:5
07:44:06.0 (38036497)|SYSTEM_MODE_EXIT|false
07:44:06.0 (38044570)|METHOD_EXIT|[1]|PAWFrnFacilityService
07:44:06.0 (38050948)|HEAP_ALLOCATE|[421]|Bytes:4
07:44:06.0 (38061755)|CONSTRUCTOR_ENTRY|[421]|01p0a000004sKzO|<init>()
07:44:06.0 (38076458)|VARIABLE_SCOPE_BEGIN|[2]|this|PAWFrnFacilityService|true|false
07:44:06.0 (38095395)|VARIABLE_ASSIGNMENT|[2]|this|{}|0x7b978398
07:44:06.0 (38110569)|SYSTEM_MODE_ENTER|false
07:44:06.0 (38115162)|HEAP_ALLOCATE|[2]|Bytes:5
07:44:06.0 (38118717)|STATEMENT_EXECUTE|[1]
07:44:06.0 (38124260)|HEAP_ALLOCATE|[2]|Bytes:5
07:44:06.0 (38134526)|HEAP_ALLOCATE|[2]|Bytes:39
07:44:06.0 (38140562)|HEAP_ALLOCATE|[2]|Bytes:35
07:44:06.0 (38170234)|METHOD_ENTRY|[1]|01p0a000004sKzT|PAWValueCalculationService.PAWValueCalculationService()
07:44:06.0 (38175050)|STATEMENT_EXECUTE|[1]
07:44:06.0 (38177209)|STATEMENT_EXECUTE|[1]
07:44:06.0 (38180265)|METHOD_EXIT|[1]|PAWValueCalculationService
07:44:06.0 (38186101)|CONSTRUCTOR_ENTRY|[2]|01p0a000004sKzT|<init>()
07:44:06.0 (38198035)|VARIABLE_SCOPE_BEGIN|[5]|this|PAWValueCalculationService|true|false
07:44:06.0 (38214505)|VARIABLE_ASSIGNMENT|[5]|this|{}|0x7b978398
07:44:06.0 (38220470)|STATEMENT_EXECUTE|[1]
07:44:06.0 (38227255)|HEAP_ALLOCATE|[6]|Bytes:6
07:44:06.0 (38249879)|STATEMENT_EXECUTE|[5]
07:44:06.0 (38250921)|STATEMENT_EXECUTE|[6]
07:44:06.0 (38255793)|HEAP_ALLOCATE|[6]|Bytes:5
07:44:06.0 (38265104)|VARIABLE_ASSIGNMENT|[6]|PAWValueCalculationService.skipDML|false
07:44:06.0 (38270518)|CONSTRUCTOR_EXIT|[2]|01p0a000004sKzT|<init>()
07:44:06.0 (38274458)|STATEMENT_EXECUTE|[2]
07:44:06.0 (38277795)|SYSTEM_MODE_EXIT|false
07:44:06.0 (38283821)|CONSTRUCTOR_EXIT|[421]|01p0a000004sKzO|<init>()
07:44:06.0 (38350355)|VARIABLE_ASSIGNMENT|[EXTERNAL]|this|{"estmtCvrgeDaysObj":"0x45a8f64c","faciltyOptions":"0x6c157122","fcltyPrgrmOptions":"0x5ad69145","idToOwnershipFacilit (4 more) ...":"0x4f20511d","idToTypeFacilityMap":"0x4db8d423","insrncBnftMap":"0xa6330d7","insrncBnftOptions":"0x64d1c467","isIop":false,"isTalbott":false,"meta":"0x2934d959","oppId":"00629000004NTeZ","pawObj":"0x22260990","ptntInsrnceOptions":"0x6fbd74a0","ptntInsrncMap":"0x6efdd652","ptntInsrncObj":"0x66bed015","quoteObj":"0x46416585","recordId":"00629000004NTeZ","rtAdjstmntOptions":"0x742711fe","showPILookup":false,"sObjectQueryStr":"","wrprObj":"0x72d0f70e"}|0x232e44bd
07:44:06.0 (38471317)|METHOD_ENTRY|[421]|01p0a000004sKzO|PAWFrnFacilityService.calculateWraperValuesFRN(PAW_New_EditCntrllr.WraperClass, Map<Id,Facility_Program__c>, Map<Id,Insurance_Company_Rate_Adjustment__c>, Map<Id,Insurance_Benefit__c>, Estimated_Coverage_Days__c)
07:44:06.0 (38484781)|VARIABLE_SCOPE_BEGIN|[7]|this|PAWFrnFacilityService|true|false
07:44:06.0 (38500314)|VARIABLE_ASSIGNMENT|[7]|this|{}|0x7b978398
07:44:06.0 (38505329)|VARIABLE_SCOPE_BEGIN|[7]|pWrprObj|PAW_New_EditCntrllr.WraperClass|true|false
07:44:06.0 (38546336)|VARIABLE_ASSIGNMENT|[7]|pWrprObj|{"insrncBnftSelected":"","pawDetailListDisplay (4 more) ...":false,"pyAgrmntWrksht":"0x6a61b759","relatedPAWDetailsLis (1 more) ...":"0x678c576","targetEDR":0.00,"totalAppliedDeductib (2 more) ...":0.00,"totalCoInsurance":0.00,"totalCoPayAmt":0.00,"totalInsCoResp":0.00,"totalInsEIVAmt":0.00,"totalRowCount":0,"totalTalbottDay":0.00}|0x72d0f70e
07:44:06.0 (38555341)|VARIABLE_SCOPE_BEGIN|[7]|pFcltyPrgmMap|Map<Id,Facility_Program__c>|true|false
07:44:06.0 (38564906)|VARIABLE_ASSIGNMENT|[7]|pFcltyPrgmMap|null|
07:44:06.0 (38570739)|VARIABLE_SCOPE_BEGIN|[7]|pCmpnyRateAdjstmntMap|Map<Id,Insurance_Company_Rate_Adjustment__c>|true|false
07:44:06.0 (38579772)|VARIABLE_ASSIGNMENT|[7]|pCmpnyRateAdjstmntMap|null|
07:44:06.0 (38585401)|VARIABLE_SCOPE_BEGIN|[7]|pInsrncBnftMap|Map<Id,Insurance_Benefit__c>|true|false
07:44:06.0 (38598624)|VARIABLE_ASSIGNMENT|[7]|pInsrncBnftMap|{}|0xa6330d7
07:44:06.0 (38604028)|VARIABLE_SCOPE_BEGIN|[7]|pEstmtCvrgeDaysObj|Estimated_Coverage_Days__c|true|false
07:44:06.0 (38613204)|VARIABLE_ASSIGNMENT|[7]|pEstmtCvrgeDaysObj|{}|0x45a8f64c
07:44:06.0 (38634049)|SYSTEM_MODE_ENTER|false
07:44:06.0 (38639867)|HEAP_ALLOCATE|[13]|Bytes:5
07:44:06.0 (38644377)|STATEMENT_EXECUTE|[12]
07:44:06.0 (38645679)|STATEMENT_EXECUTE|[13]
07:44:06.0 (38662760)|METHOD_ENTRY|[13]|01p0a000004sKzT|PAWValueCalculationService.calculateWraperValues(PAW_New_EditCntrllr.WraperClass, Map<Id,Facility_Program__c>, Map<Id,Insurance_Company_Rate_Adjustment__c>, Map<Id,Insurance_Benefit__c>, Estimated_Coverage_Days__c)
07:44:06.0 (38681645)|VARIABLE_SCOPE_BEGIN|[10]|this|PAWValueCalculationService|true|false
07:44:06.0 (38695496)|VARIABLE_ASSIGNMENT|[10]|this|{}|0x7b978398
07:44:06.0 (38700527)|VARIABLE_SCOPE_BEGIN|[10]|pWrprObj|PAW_New_EditCntrllr.WraperClass|true|false
07:44:06.0 (38739571)|VARIABLE_ASSIGNMENT|[10]|pWrprObj|{"insrncBnftSelected":"","pawDetailListDisplay (4 more) ...":false,"pyAgrmntWrksht":"0x6a61b759","relatedPAWDetailsLis (1 more) ...":"0x678c576","targetEDR":0.00,"totalAppliedDeductib (2 more) ...":0.00,"totalCoInsurance":0.00,"totalCoPayAmt":0.00,"totalInsCoResp":0.00,"totalInsEIVAmt":0.00,"totalRowCount":0,"totalTalbottDay":0.00}|0x72d0f70e
07:44:06.0 (38748379)|VARIABLE_SCOPE_BEGIN|[10]|pFcltyPrgmMap|Map<Id,Facility_Program__c>|true|false
07:44:06.0 (38753889)|VARIABLE_ASSIGNMENT|[10]|pFcltyPrgmMap|null|
07:44:06.0 (38757110)|VARIABLE_SCOPE_BEGIN|[10]|pCmpnyRateAdjstmntMap|Map<Id,Insurance_Company_Rate_Adjustment__c>|true|false
07:44:06.0 (38762480)|VARIABLE_ASSIGNMENT|[10]|pCmpnyRateAdjstmntMap|null|
07:44:06.0 (38765532)|VARIABLE_SCOPE_BEGIN|[10]|pInsrncBnftMap|Map<Id,Insurance_Benefit__c>|true|false
07:44:06.0 (38773503)|VARIABLE_ASSIGNMENT|[10]|pInsrncBnftMap|{}|0xa6330d7
07:44:06.0 (38778232)|VARIABLE_SCOPE_BEGIN|[10]|pEstmtCvrgeDaysObj|Estimated_Coverage_Days__c|true|false
07:44:06.0 (38789372)|VARIABLE_ASSIGNMENT|[10]|pEstmtCvrgeDaysObj|{}|0x45a8f64c
07:44:06.0 (38795326)|STATEMENT_EXECUTE|[14]
07:44:06.0 (38796414)|STATEMENT_EXECUTE|[16]
07:44:06.0 (38841066)|VARIABLE_ASSIGNMENT|[EXTERNAL]|this|{"insrncBnftSelected":"","pawDetailListDisplay (4 more) ...":false,"pyAgrmntWrksht":"0x6a61b759","relatedPAWDetailsLis (1 more) ...":"0x678c576","targetEDR":0.00,"totalAppliedDeductib (2 more) ...":0.00,"totalCoInsurance":0.00,"totalCoPayAmt":0.00,"totalInsCoResp":0.00,"totalInsEIVAmt":0.00,"totalRowCount":0,"totalTalbottDay":0.00}|0x72d0f70e
07:44:06.0 (38906057)|VARIABLE_ASSIGNMENT|[16]|this.Rate_Adjustment_Type__c|null|0x6a61b759
07:44:06.0 (38962650)|VARIABLE_ASSIGNMENT|[EXTERNAL]|this|{"insrncBnftSelected":"","pawDetailListDisplay (4 more) ...":false,"pyAgrmntWrksht":"0x6a61b759","relatedPAWDetailsLis (1 more) ...":"0x678c576","targetEDR":0.00,"totalAppliedDeductib (2 more) ...":0.00,"totalCoInsurance":0.00,"totalCoPayAmt":0.00,"totalInsCoResp":0.00,"totalInsEIVAmt":0.00,"totalRowCount":0,"totalTalbottDay":0.00}|0x72d0f70e
07:44:06.0 (38977566)|STATEMENT_EXECUTE|[17]
07:44:06.0 (38978791)|STATEMENT_EXECUTE|[24]
07:44:06.0 (39019509)|VARIABLE_ASSIGNMENT|[EXTERNAL]|this|{"insrncBnftSelected":"","pawDetailListDisplay (4 more) ...":false,"pyAgrmntWrksht":"0x6a61b759","relatedPAWDetailsLis (1 more) ...":"0x678c576","targetEDR":0.00,"totalAppliedDeductib (2 more) ...":0.00,"totalCoInsurance":0.00,"totalCoPayAmt":0.00,"totalInsCoResp":0.00,"totalInsEIVAmt":0.00,"totalRowCount":0,"totalTalbottDay":0.00}|0x72d0f70e
07:44:06.0 (39062202)|VARIABLE_ASSIGNMENT|[EXTERNAL]|this|{"insrncBnftSelected":"","pawDetailListDisplay (4 more) ...":false,"pyAgrmntWrksht":"0x6a61b759","relatedPAWDetailsLis (1 more) ...":"0x678c576","targetEDR":0.00,"totalAppliedDeductib (2 more) ...":0.00,"totalCoInsurance":0.00,"totalCoPayAmt":0.00,"totalInsCoResp":0.00,"totalInsEIVAmt":0.00,"totalRowCount":0,"totalTalbottDay":0.00}|0x72d0f70e
07:44:06.0 (39114712)|HEAP_ALLOCATE|[25]|Bytes:4
07:44:06.0 (39237723)|VARIABLE_ASSIGNMENT|[EXTERNAL]|this|{"insrncBnftSelected":"","pawDetailListDisplay (4 more) ...":false,"pyAgrmntWrksht":"0x6a61b759","relatedPAWDetailsLis (1 more) ...":"0x678c576","targetEDR":0.00,"totalAppliedDeductib (2 more) ...":0.00,"totalCoInsurance":0.00,"totalCoPayAmt":0.00,"totalInsCoResp":0.00,"totalInsEIVAmt":0.00,"totalRowCount":0,"totalTalbottDay":0.00}|0x72d0f70e
07:44:06.0 (39249323)|VARIABLE_ASSIGNMENT|[EXTERNAL]|value|{}|0x1d397f3a
07:44:06.0 (39258830)|VARIABLE_ASSIGNMENT|[525]|this.insrncBnft|{}|0x72d0f70e
07:44:06.0 (39266518)|STATEMENT_EXECUTE|[26]
07:44:06.0 (39325746)|VARIABLE_ASSIGNMENT|[EXTERNAL]|this|{"insrncBnft":"0x1d397f3a","insrncBnftSelected":"","pawDetailListDisplay (4 more) ...":false,"pyAgrmntWrksht":"0x6a61b759","relatedPAWDetailsLis (1 more) ...":"0x678c576","targetEDR":0.00,"totalAppliedDeductib (2 more) ...":0.00,"totalCoInsurance":0.00,"totalCoPayAmt":0.00,"totalInsCoResp":0.00,"totalInsEIVAmt":0.00,"totalRowCount":0,"totalTalbottDay":0.00}|0x72d0f70e
07:44:06.0 (39336976)|VARIABLE_ASSIGNMENT|[EXTERNAL]|value|0
07:44:06.0 (39341833)|HEAP_ALLOCATE|[530]|Bytes:4
07:44:06.0 (39348930)|VARIABLE_ASSIGNMENT|[530]|this.totalRowCount|0|0x72d0f70e
07:44:06.0 (39355738)|STATEMENT_EXECUTE|[27]
07:44:06.0 (39384915)|HEAP_ALLOCATE|[27]|Bytes:28
07:44:06.0 (39389421)|HEAP_ALLOCATE|[27]|Bytes:28
07:44:06.0 (39443760)|VARIABLE_ASSIGNMENT|[EXTERNAL]|this|{"insrncBnft":"0x1d397f3a","insrncBnftSelected":"","pawDetailListDisplay (4 more) ...":false,"pyAgrmntWrksht":"0x6a61b759","relatedPAWDetailsLis (1 more) ...":"0x678c576","targetEDR":0.00,"totalAppliedDeductib (2 more) ...":0.00,"totalCoInsurance":0.00,"totalCoPayAmt":0.00,"totalInsCoResp":0.00,"totalInsEIVAmt":0.00,"totalRowCount":0,"totalTalbottDay":0.00}|0x72d0f70e
07:44:06.0 (39455035)|VARIABLE_ASSIGNMENT|[EXTERNAL]|value|0
07:44:06.0 (39462792)|VARIABLE_ASSIGNMENT|[531]|this.totalTalbottDay|0|0x72d0f70e
07:44:06.0 (39470646)|STATEMENT_EXECUTE|[28]
07:44:06.0 (39471554)|STATEMENT_EXECUTE|[29]
07:44:06.0 (39514303)|VARIABLE_ASSIGNMENT|[EXTERNAL]|this|{"insrncBnft":"0x1d397f3a","insrncBnftSelected":"","pawDetailListDisplay (4 more) ...":false,"pyAgrmntWrksht":"0x6a61b759","relatedPAWDetailsLis (1 more) ...":"0x678c576","targetEDR":0.00,"totalAppliedDeductib (2 more) ...":0.00,"totalCoInsurance":0.00,"totalCoPayAmt":0.00,"totalInsCoResp":0.00,"totalInsEIVAmt":0.00,"totalRowCount":0,"totalTalbottDay":0}|0x72d0f70e
07:44:06.0 (39531825)|HEAP_ALLOCATE|[29]|Bytes:28
07:44:06.0 (39534943)|HEAP_ALLOCATE|[29]|Bytes:28
07:44:06.0 (39605747)|VARIABLE_ASSIGNMENT|[EXTERNAL]|this|{"insrncBnft":"0x1d397f3a","insrncBnftSelected":"","pawDetailListDisplay (4 more) ...":false,"pyAgrmntWrksht":"0x6a61b759","relatedPAWDetailsLis (1 more) ...":"0x678c576","targetEDR":0.00,"totalAppliedDeductib (2 more) ...":0.00,"totalCoInsurance":0.00,"totalCoPayAmt":0.00,"totalInsCoResp":0.00,"totalInsEIVAmt":0.00,"totalRowCount":0,"totalTalbottDay":0}|0x72d0f70e
07:44:06.0 (39615431)|VARIABLE_ASSIGNMENT|[EXTERNAL]|value|0
07:44:06.0 (39619466)|HEAP_ALLOCATE|[530]|Bytes:4
07:44:06.0 (39624891)|VARIABLE_ASSIGNMENT|[530]|this.totalRowCount|0|0x72d0f70e
07:44:06.0 (39631303)|STATEMENT_EXECUTE|[31]
07:44:06.0 (39674352)|VARIABLE_ASSIGNMENT|[EXTERNAL]|this|{"insrncBnft":"0x1d397f3a","insrncBnftSelected":"","pawDetailListDisplay (4 more) ...":false,"pyAgrmntWrksht":"0x6a61b759","relatedPAWDetailsLis (1 more) ...":"0x678c576","targetEDR":0.00,"totalAppliedDeductib (2 more) ...":0.00,"totalCoInsurance":0.00,"totalCoPayAmt":0.00,"totalInsCoResp":0.00,"totalInsEIVAmt":0.00,"totalRowCount":0,"totalTalbottDay":0}|0x72d0f70e
07:44:06.0 (39689661)|HEAP_ALLOCATE|[31]|Bytes:28
07:44:06.0 (39693185)|HEAP_ALLOCATE|[31]|Bytes:28
07:44:06.0 (39751848)|VARIABLE_ASSIGNMENT|[EXTERNAL]|this|{"insrncBnft":"0x1d397f3a","insrncBnftSelected":"","pawDetailListDisplay (4 more) ...":false,"pyAgrmntWrksht":"0x6a61b759","relatedPAWDetailsLis (1 more) ...":"0x678c576","targetEDR":0.00,"totalAppliedDeductib (2 more) ...":0.00,"totalCoInsurance":0.00,"totalCoPayAmt":0.00,"totalInsCoResp":0.00,"totalInsEIVAmt":0.00,"totalRowCount":0,"totalTalbottDay":0}|0x72d0f70e
07:44:06.0 (39762147)|VARIABLE_ASSIGNMENT|[EXTERNAL]|value|0
07:44:06.0 (39766197)|HEAP_ALLOCATE|[530]|Bytes:4
07:44:06.0 (39771237)|VARIABLE_ASSIGNMENT|[530]|this.totalRowCount|0|0x72d0f70e
07:44:06.0 (39777966)|STATEMENT_EXECUTE|[33]
07:44:06.0 (39823882)|VARIABLE_ASSIGNMENT|[EXTERNAL]|this|{"insrncBnft":"0x1d397f3a","insrncBnftSelected":"","pawDetailListDisplay (4 more) ...":false,"pyAgrmntWrksht":"0x6a61b759","relatedPAWDetailsLis (1 more) ...":"0x678c576","targetEDR":0.00,"totalAppliedDeductib (2 more) ...":0.00,"totalCoInsurance":0.00,"totalCoPayAmt":0.00,"totalInsCoResp":0.00,"totalInsEIVAmt":0.00,"totalRowCount":0,"totalTalbottDay":0}|0x72d0f70e
07:44:06.0 (39838873)|HEAP_ALLOCATE|[33]|Bytes:28
07:44:06.0 (39841644)|HEAP_ALLOCATE|[33]|Bytes:28
07:44:06.0 (39895493)|VARIABLE_ASSIGNMENT|[EXTERNAL]|this|{"insrncBnft":"0x1d397f3a","insrncBnftSelected":"","pawDetailListDisplay (4 more) ...":false,"pyAgrmntWrksht":"0x6a61b759","relatedPAWDetailsLis (1 more) ...":"0x678c576","targetEDR":0.00,"totalAppliedDeductib (2 more) ...":0.00,"totalCoInsurance":0.00,"totalCoPayAmt":0.00,"totalInsCoResp":0.00,"totalInsEIVAmt":0.00,"totalRowCount":0,"totalTalbottDay":0}|0x72d0f70e
07:44:06.0 (39904911)|VARIABLE_ASSIGNMENT|[EXTERNAL]|value|0
07:44:06.0 (39908355)|HEAP_ALLOCATE|[530]|Bytes:4
07:44:06.0 (39913772)|VARIABLE_ASSIGNMENT|[530]|this.totalRowCount|0|0x72d0f70e
07:44:06.0 (39919567)|STATEMENT_EXECUTE|[35]
07:44:06.0 (39956598)|VARIABLE_ASSIGNMENT|[EXTERNAL]|this|{"insrncBnft":"0x1d397f3a","insrncBnftSelected":"","pawDetailListDisplay (4 more) ...":false,"pyAgrmntWrksht":"0x6a61b759","relatedPAWDetailsLis (1 more) ...":"0x678c576","targetEDR":0.00,"totalAppliedDeductib (2 more) ...":0.00,"totalCoInsurance":0.00,"totalCoPayAmt":0.00,"totalInsCoResp":0.00,"totalInsEIVAmt":0.00,"totalRowCount":0,"totalTalbottDay":0}|0x72d0f70e
07:44:06.0 (39970599)|HEAP_ALLOCATE|[35]|Bytes:28
07:44:06.0 (39973690)|HEAP_ALLOCATE|[35]|Bytes:28
07:44:06.0 (40027702)|VARIABLE_ASSIGNMENT|[EXTERNAL]|this|{"insrncBnft":"0x1d397f3a","insrncBnftSelected":"","pawDetailListDisplay (4 more) ...":false,"pyAgrmntWrksht":"0x6a61b759","relatedPAWDetailsLis (1 more) ...":"0x678c576","targetEDR":0.00,"totalAppliedDeductib (2 more) ...":0.00,"totalCoInsurance":0.00,"totalCoPayAmt":0.00,"totalInsCoResp":0.00,"totalInsEIVAmt":0.00,"totalRowCount":0,"totalTalbottDay":0}|0x72d0f70e
07:44:06.0 (40037646)|VARIABLE_ASSIGNMENT|[EXTERNAL]|value|0
07:44:06.0 (40041240)|HEAP_ALLOCATE|[530]|Bytes:4
07:44:06.0 (40046270)|VARIABLE_ASSIGNMENT|[530]|this.totalRowCount|0|0x72d0f70e
07:44:06.0 (40052396)|STATEMENT_EXECUTE|[40]
07:44:06.0 (40092227)|VARIABLE_ASSIGNMENT|[EXTERNAL]|this|{"insrncBnft":"0x1d397f3a","insrncBnftSelected":"","pawDetailListDisplay (4 more) ...":false,"pyAgrmntWrksht":"0x6a61b759","relatedPAWDetailsLis (1 more) ...":"0x678c576","targetEDR":0.00,"totalAppliedDeductib (2 more) ...":0.00,"totalCoInsurance":0.00,"totalCoPayAmt":0.00,"totalInsCoResp":0.00,"totalInsEIVAmt":0.00,"totalRowCount":0,"totalTalbottDay":0}|0x72d0f70e
07:44:06.0 (40144868)|VARIABLE_ASSIGNMENT|[EXTERNAL]|this|{"insrncBnft":"0x1d397f3a","insrncBnftSelected":"","pawDetailListDisplay (4 more) ...":false,"pyAgrmntWrksht":"0x6a61b759","relatedPAWDetailsLis (1 more) ...":"0x678c576","targetEDR":0.00,"totalAppliedDeductib (2 more) ...":0.00,"totalCoInsurance":0.00,"totalCoPayAmt":0.00,"totalInsCoResp":0.00,"totalInsEIVAmt":0.00,"totalRowCount":0,"totalTalbottDay":0}|0x72d0f70e
07:44:06.0 (40171099)|HEAP_ALLOCATE|[40]|Bytes:28
07:44:06.0 (40174333)|HEAP_ALLOCATE|[40]|Bytes:28
07:44:06.0 (40207387)|VARIABLE_ASSIGNMENT|[EXTERNAL]|this|{"insrncBnft":"0x1d397f3a","insrncBnftSelected":"","pawDetailListDisplay (4 more) ...":false,"pyAgrmntWrksht":"0x6a61b759","relatedPAWDetailsLis (1 more) ...":"0x678c576","targetEDR":0.00,"totalAppliedDeductib (2 more) ...":0.00,"totalCoInsurance":0.00,"totalCoPayAmt":0.00,"totalInsCoResp":0.00,"totalInsEIVAmt":0.00,"totalRowCount":0,"totalTalbottDay":0}|0x72d0f70e
07:44:06.0 (40216675)|VARIABLE_ASSIGNMENT|[EXTERNAL]|value|0
07:44:06.0 (40222813)|VARIABLE_ASSIGNMENT|[531]|this.totalTalbottDay|0|0x72d0f70e
07:44:06.0 (40228757)|STATEMENT_EXECUTE|[43]
07:44:06.0 (40265353)|VARIABLE_ASSIGNMENT|[EXTERNAL]|this|{"insrncBnft":"0x1d397f3a","insrncBnftSelected":"","pawDetailListDisplay (4 more) ...":false,"pyAgrmntWrksht":"0x6a61b759","relatedPAWDetailsLis (1 more) ...":"0x678c576","targetEDR":0.00,"totalAppliedDeductib (2 more) ...":0.00,"totalCoInsurance":0.00,"totalCoPayAmt":0.00,"totalInsCoResp":0.00,"totalInsEIVAmt":0.00,"totalRowCount":0,"totalTalbottDay":0}|0x72d0f70e
07:44:06.0 (40309511)|VARIABLE_ASSIGNMENT|[EXTERNAL]|this|{"insrncBnft":"0x1d397f3a","insrncBnftSelected":"","pawDetailListDisplay (4 more) ...":false,"pyAgrmntWrksht":"0x6a61b759","relatedPAWDetailsLis (1 more) ...":"0x678c576","targetEDR":0.00,"totalAppliedDeductib (2 more) ...":0.00,"totalCoInsurance":0.00,"totalCoPayAmt":0.00,"totalInsCoResp":0.00,"totalInsEIVAmt":0.00,"totalRowCount":0,"totalTalbottDay":0}|0x72d0f70e
07:44:06.0 (40332729)|HEAP_ALLOCATE|[43]|Bytes:28
07:44:06.0 (40335753)|HEAP_ALLOCATE|[43]|Bytes:28
07:44:06.0 (40371240)|VARIABLE_ASSIGNMENT|[EXTERNAL]|this|{"insrncBnft":"0x1d397f3a","insrncBnftSelected":"","pawDetailListDisplay (4 more) ...":false,"pyAgrmntWrksht":"0x6a61b759","relatedPAWDetailsLis (1 more) ...":"0x678c576","targetEDR":0.00,"totalAppliedDeductib (2 more) ...":0.00,"totalCoInsurance":0.00,"totalCoPayAmt":0.00,"totalInsCoResp":0.00,"totalInsEIVAmt":0.00,"totalRowCount":0,"totalTalbottDay":0}|0x72d0f70e
07:44:06.0 (40379801)|VARIABLE_ASSIGNMENT|[EXTERNAL]|value|0
07:44:06.0 (40385470)|VARIABLE_ASSIGNMENT|[531]|this.totalTalbottDay|0|0x72d0f70e
07:44:06.0 (40391656)|STATEMENT_EXECUTE|[47]
07:44:06.0 (40398574)|HEAP_ALLOCATE|[47]|Bytes:28
07:44:06.0 (40401282)|HEAP_ALLOCATE|[47]|Bytes:28
07:44:06.0 (40441023)|VARIABLE_ASSIGNMENT|[EXTERNAL]|this|{"insrncBnft":"0x1d397f3a","insrncBnftSelected":"","pawDetailListDisplay (4 more) ...":false,"pyAgrmntWrksht":"0x6a61b759","relatedPAWDetailsLis (1 more) ...":"0x678c576","targetEDR":0.00,"totalAppliedDeductib (2 more) ...":0.00,"totalCoInsurance":0.00,"totalCoPayAmt":0.00,"totalInsCoResp":0.00,"totalInsEIVAmt":0.00,"totalRowCount":0,"totalTalbottDay":0}|0x72d0f70e
07:44:06.0 (40491541)|VARIABLE_ASSIGNMENT|[47]|this.Num_Days_Detox_DTX__c|0|0x6a61b759
07:44:06.0 (40496999)|STATEMENT_EXECUTE|[48]
07:44:06.0 (40540213)|VARIABLE_ASSIGNMENT|[EXTERNAL]|this|{"insrncBnft":"0x1d397f3a","insrncBnftSelected":"","pawDetailListDisplay (4 more) ...":false,"pyAgrmntWrksht":"0x6a61b759","relatedPAWDetailsLis (1 more) ...":"0x678c576","targetEDR":0.00,"totalAppliedDeductib (2 more) ...":0.00,"totalCoInsurance":0.00,"totalCoPayAmt":0.00,"totalInsCoResp":0.00,"totalInsEIVAmt":0.00,"totalRowCount":0,"totalTalbottDay":0}|0x72d0f70e
07:44:06.0 (40553676)|HEAP_ALLOCATE|[48]|Bytes:4
07:44:06.0 (40566585)|HEAP_ALLOCATE|[48]|Bytes:28
07:44:06.0 (40603226)|VARIABLE_ASSIGNMENT|[EXTERNAL]|this|{"insrncBnft":"0x1d397f3a","insrncBnftSelected":"","pawDetailListDisplay (4 more) ...":false,"pyAgrmntWrksht":"0x6a61b759","relatedPAWDetailsLis (1 more) ...":"0x678c576","targetEDR":0.00,"totalAppliedDeductib (2 more) ...":0.00,"totalCoInsurance":0.00,"totalCoPayAmt":0.00,"totalInsCoResp":0.00,"totalInsEIVAmt":0.00,"totalRowCount":0,"totalTalbottDay":0}|0x72d0f70e
07:44:06.0 (40640196)|VARIABLE_ASSIGNMENT|[48]|this.Detox_Over__c|0.00|0x6a61b759
07:44:06.0 (40646041)|STATEMENT_EXECUTE|[49]
07:44:06.0 (40690210)|VARIABLE_ASSIGNMENT|[EXTERNAL]|this|{"insrncBnft":"0x1d397f3a","insrncBnftSelected":"","pawDetailListDisplay (4 more) ...":false,"pyAgrmntWrksht":"0x6a61b759","relatedPAWDetailsLis (1 more) ...":"0x678c576","targetEDR":0.00,"totalAppliedDeductib (2 more) ...":0.00,"totalCoInsurance":0.00,"totalCoPayAmt":0.00,"totalInsCoResp":0.00,"totalInsEIVAmt":0.00,"totalRowCount":0,"totalTalbottDay":0}|0x72d0f70e
07:44:06.0 (40706032)|HEAP_ALLOCATE|[49]|Bytes:28
07:44:06.0 (40742106)|VARIABLE_ASSIGNMENT|[EXTERNAL]|this|{"insrncBnft":"0x1d397f3a","insrncBnftSelected":"","pawDetailListDisplay (4 more) ...":false,"pyAgrmntWrksht":"0x6a61b759","relatedPAWDetailsLis (1 more) ...":"0x678c576","targetEDR":0.00,"totalAppliedDeductib (2 more) ...":0.00,"totalCoInsurance":0.00,"totalCoPayAmt":0.00,"totalInsCoResp":0.00,"totalInsEIVAmt":0.00,"totalRowCount":0,"totalTalbottDay":0}|0x72d0f70e
07:44:06.0 (40775554)|VARIABLE_ASSIGNMENT|[49]|this.Detox_Pays_at__c|0.00|0x6a61b759
07:44:06.0 (40784251)|STATEMENT_EXECUTE|[51]
07:44:06.0 (40792636)|HEAP_ALLOCATE|[51]|Bytes:28
07:44:06.0 (40795582)|HEAP_ALLOCATE|[51]|Bytes:28
07:44:06.0 (40838566)|VARIABLE_ASSIGNMENT|[EXTERNAL]|this|{"insrncBnft":"0x1d397f3a","insrncBnftSelected":"","pawDetailListDisplay (4 more) ...":false,"pyAgrmntWrksht":"0x6a61b759","relatedPAWDetailsLis (1 more) ...":"0x678c576","targetEDR":0.00,"totalAppliedDeductib (2 more) ...":0.00,"totalCoInsurance":0.00,"totalCoPayAmt":0.00,"totalInsCoResp":0.00,"totalInsEIVAmt":0.00,"totalRowCount":0,"totalTalbottDay":0}|0x72d0f70e
07:44:06.0 (40872807)|VARIABLE_ASSIGNMENT|[51]|this.Num_Days_Residential_Treatment_RTC__c|0|0x6a61b759
07:44:06.0 (40878032)|STATEMENT_EXECUTE|[52]
07:44:06.0 (40925347)|VARIABLE_ASSIGNMENT|[EXTERNAL]|this|{"insrncBnft":"0x1d397f3a","insrncBnftSelected":"","pawDetailListDisplay (4 more) ...":false,"pyAgrmntWrksht":"0x6a61b759","relatedPAWDetailsLis (1 more) ...":"0x678c576","targetEDR":0.00,"totalAppliedDeductib (2 more) ...":0.00,"totalCoInsurance":0.00,"totalCoPayAmt":0.00,"totalInsCoResp":0.00,"totalInsEIVAmt":0.00,"totalRowCount":0,"totalTalbottDay":0}|0x72d0f70e
07:44:06.0 (40941242)|HEAP_ALLOCATE|[52]|Bytes:28
07:44:06.0 (40977310)|VARIABLE_ASSIGNMENT|[EXTERNAL]|this|{"insrncBnft":"0x1d397f3a","insrncBnftSelected":"","pawDetailListDisplay (4 more) ...":false,"pyAgrmntWrksht":"0x6a61b759","relatedPAWDetailsLis (1 more) ...":"0x678c576","targetEDR":0.00,"totalAppliedDeductib (2 more) ...":0.00,"totalCoInsurance":0.00,"totalCoPayAmt":0.00,"totalInsCoResp":0.00,"totalInsEIVAmt":0.00,"totalRowCount":0,"totalTalbottDay":0}|0x72d0f70e
07:44:06.0 (41011250)|VARIABLE_ASSIGNMENT|[52]|this.Residential_Treatment_Override__c|0.00|0x6a61b759
07:44:06.0 (41017046)|STATEMENT_EXECUTE|[53]
07:44:06.0 (41059100)|VARIABLE_ASSIGNMENT|[EXTERNAL]|this|{"insrncBnft":"0x1d397f3a","insrncBnftSelected":"","pawDetailListDisplay (4 more) ...":false,"pyAgrmntWrksht":"0x6a61b759","relatedPAWDetailsLis (1 more) ...":"0x678c576","targetEDR":0.00,"totalAppliedDeductib (2 more) ...":0.00,"totalCoInsurance":0.00,"totalCoPayAmt":0.00,"totalInsCoResp":0.00,"totalInsEIVAmt":0.00,"totalRowCount":0,"totalTalbottDay":0}|0x72d0f70e
07:44:06.0 (41074166)|HEAP_ALLOCATE|[53]|Bytes:28
07:44:06.0 (41109423)|VARIABLE_ASSIGNMENT|[EXTERNAL]|this|{"insrncBnft":"0x1d397f3a","insrncBnftSelected":"","pawDetailListDisplay (4 more) ...":false,"pyAgrmntWrksht":"0x6a61b759","relatedPAWDetailsLis (1 more) ...":"0x678c576","targetEDR":0.00,"totalAppliedDeductib (2 more) ...":0.00,"totalCoInsurance":0.00,"totalCoPayAmt":0.00,"totalInsCoResp":0.00,"totalInsEIVAmt":0.00,"totalRowCount":0,"totalTalbottDay":0}|0x72d0f70e
07:44:06.0 (41140401)|VARIABLE_ASSIGNMENT|[53]|this.RTC_Pays_at__c|0.00|0x6a61b759
07:44:06.0 (41146056)|STATEMENT_EXECUTE|[55]
07:44:06.0 (41153923)|HEAP_ALLOCATE|[55]|Bytes:28
07:44:06.0 (41156876)|HEAP_ALLOCATE|[55]|Bytes:28
07:44:06.0 (41202685)|VARIABLE_ASSIGNMENT|[EXTERNAL]|this|{"insrncBnft":"0x1d397f3a","insrncBnftSelected":"","pawDetailListDisplay (4 more) ...":false,"pyAgrmntWrksht":"0x6a61b759","relatedPAWDetailsLis (1 more) ...":"0x678c576","targetEDR":0.00,"totalAppliedDeductib (2 more) ...":0.00,"totalCoInsurance":0.00,"totalCoPayAmt":0.00,"totalInsCoResp":0.00,"totalInsEIVAmt":0.00,"totalRowCount":0,"totalTalbottDay":0}|0x72d0f70e
07:44:06.0 (41236383)|VARIABLE_ASSIGNMENT|[55]|this.Num_Days_Partial_Hospitalization_PHP__c|0|0x6a61b759
07:44:06.0 (41241896)|STATEMENT_EXECUTE|[56]
07:44:06.0 (41287115)|VARIABLE_ASSIGNMENT|[EXTERNAL]|this|{"insrncBnft":"0x1d397f3a","insrncBnftSelected":"","pawDetailListDisplay (4 more) ...":false,"pyAgrmntWrksht":"0x6a61b759","relatedPAWDetailsLis (1 more) ...":"0x678c576","targetEDR":0.00,"totalAppliedDeductib (2 more) ...":0.00,"totalCoInsurance":0.00,"totalCoPayAmt":0.00,"totalInsCoResp":0.00,"totalInsEIVAmt":0.00,"totalRowCount":0,"totalTalbottDay":0}|0x72d0f70e
07:44:06.0 (41302582)|HEAP_ALLOCATE|[56]|Bytes:28
07:44:06.0 (41338497)|VARIABLE_ASSIGNMENT|[EXTERNAL]|this|{"insrncBnft":"0x1d397f3a","insrncBnftSelected":"","pawDetailListDisplay (4 more) ...":false,"pyAgrmntWrksht":"0x6a61b759","relatedPAWDetailsLis (1 more) ...":"0x678c576","targetEDR":0.00,"totalAppliedDeductib (2 more) ...":0.00,"totalCoInsurance":0.00,"totalCoPayAmt":0.00,"totalInsCoResp":0.00,"totalInsEIVAmt":0.00,"totalRowCount":0,"totalTalbottDay":0}|0x72d0f70e
07:44:06.0 (41370097)|VARIABLE_ASSIGNMENT|[56]|this.Partial_Hospitalization_Override__c|0.00|0x6a61b759
07:44:06.0 (41375310)|STATEMENT_EXECUTE|[57]
07:44:06.0 (41416830)|VARIABLE_ASSIGNMENT|[EXTERNAL]|this|{"insrncBnft":"0x1d397f3a","insrncBnftSelected":"","pawDetailListDisplay (4 more) ...":false,"pyAgrmntWrksht":"0x6a61b759","relatedPAWDetailsLis (1 more) ...":"0x678c576","targetEDR":0.00,"totalAppliedDeductib (2 more) ...":0.00,"totalCoInsurance":0.00,"totalCoPayAmt":0.00,"totalInsCoResp":0.00,"totalInsEIVAmt":0.00,"totalRowCount":0,"totalTalbottDay":0}|0x72d0f70e
07:44:06.0 (41431661)|HEAP_ALLOCATE|[57]|Bytes:28
07:44:06.0 (41467202)|VARIABLE_ASSIGNMENT|[EXTERNAL]|this|{"insrncBnft":"0x1d397f3a","insrncBnftSelected":"","pawDetailListDisplay (4 more) ...":false,"pyAgrmntWrksht":"0x6a61b759","relatedPAWDetailsLis (1 more) ...":"0x678c576","targetEDR":0.00,"totalAppliedDeductib (2 more) ...":0.00,"totalCoInsurance":0.00,"totalCoPayAmt":0.00,"totalInsCoResp":0.00,"totalInsEIVAmt":0.00,"totalRowCount":0,"totalTalbottDay":0}|0x72d0f70e
07:44:06.0 (41497270)|VARIABLE_ASSIGNMENT|[57]|this.PHP_Pays_at__c|0.00|0x6a61b759
07:44:06.0 (41502192)|STATEMENT_EXECUTE|[59]
07:44:06.0 (41510266)|HEAP_ALLOCATE|[59]|Bytes:28
07:44:06.0 (41512923)|HEAP_ALLOCATE|[59]|Bytes:28
07:44:06.0 (41558930)|VARIABLE_ASSIGNMENT|[EXTERNAL]|this|{"insrncBnft":"0x1d397f3a","insrncBnftSelected":"","pawDetailListDisplay (4 more) ...":false,"pyAgrmntWrksht":"0x6a61b759","relatedPAWDetailsLis (1 more) ...":"0x678c576","targetEDR":0.00,"totalAppliedDeductib (2 more) ...":0.00,"totalCoInsurance":0.00,"totalCoPayAmt":0.00,"totalInsCoResp":0.00,"totalInsEIVAmt":0.00,"totalRowCount":0,"totalTalbottDay":0}|0x72d0f70e
07:44:06.0 (41592030)|VARIABLE_ASSIGNMENT|[59]|this.Num_Days_Intensive_Outpatient_IOP__c|0|0x6a61b759
07:44:06.0 (41597275)|STATEMENT_EXECUTE|[60]
07:44:06.0 (41638300)|VARIABLE_ASSIGNMENT|[EXTERNAL]|this|{"insrncBnft":"0x1d397f3a","insrncBnftSelected":"","pawDetailListDisplay (4 more) ...":false,"pyAgrmntWrksht":"0x6a61b759","relatedPAWDetailsLis (1 more) ...":"0x678c576","targetEDR":0.00,"totalAppliedDeductib (2 more) ...":0.00,"totalCoInsurance":0.00,"totalCoPayAmt":0.00,"totalInsCoResp":0.00,"totalInsEIVAmt":0.00,"totalRowCount":0,"totalTalbottDay":0}|0x72d0f70e
07:44:06.0 (41653726)|HEAP_ALLOCATE|[60]|Bytes:28
07:44:06.0 (41691626)|VARIABLE_ASSIGNMENT|[EXTERNAL]|this|{"insrncBnft":"0x1d397f3a","insrncBnftSelected":"","pawDetailListDisplay (4 more) ...":false,"pyAgrmntWrksht":"0x6a61b759","relatedPAWDetailsLis (1 more) ...":"0x678c576","targetEDR":0.00,"totalAppliedDeductib (2 more) ...":0.00,"totalCoInsurance":0.00,"totalCoPayAmt":0.00,"totalInsCoResp":0.00,"totalInsEIVAmt":0.00,"totalRowCount":0,"totalTalbottDay":0}|0x72d0f70e
07:44:06.0 (41738850)|VARIABLE_ASSIGNMENT|[60]|this.Intensive_Outpatient_Override__c|0.00|0x6a61b759
07:44:06.0 (41744351)|STATEMENT_EXECUTE|[61]
07:44:06.0 (41791648)|VARIABLE_ASSIGNMENT|[EXTERNAL]|this|{"insrncBnft":"0x1d397f3a","insrncBnftSelected":"","pawDetailListDisplay (4 more) ...":false,"pyAgrmntWrksht":"0x6a61b759","relatedPAWDetailsLis (1 more) ...":"0x678c576","targetEDR":0.00,"totalAppliedDeductib (2 more) ...":0.00,"totalCoInsurance":0.00,"totalCoPayAmt":0.00,"totalInsCoResp":0.00,"totalInsEIVAmt":0.00,"totalRowCount":0,"totalTalbottDay":0}|0x72d0f70e
07:44:06.0 (41808691)|HEAP_ALLOCATE|[61]|Bytes:28
07:44:06.0 (41844166)|VARIABLE_ASSIGNMENT|[EXTERNAL]|this|{"insrncBnft":"0x1d397f3a","insrncBnftSelected":"","pawDetailListDisplay (4 more) ...":false,"pyAgrmntWrksht":"0x6a61b759","relatedPAWDetailsLis (1 more) ...":"0x678c576","targetEDR":0.00,"totalAppliedDeductib (2 more) ...":0.00,"totalCoInsurance":0.00,"totalCoPayAmt":0.00,"totalInsCoResp":0.00,"totalInsEIVAmt":0.00,"totalRowCount":0,"totalTalbottDay":0}|0x72d0f70e
07:44:06.0 (41877352)|VARIABLE_ASSIGNMENT|[61]|this.IOP_Pays_at__c|0.00|0x6a61b759
07:44:06.0 (41882666)|STATEMENT_EXECUTE|[63]
07:44:06.0 (41924418)|VARIABLE_ASSIGNMENT|[EXTERNAL]|this|{"insrncBnft":"0x1d397f3a","insrncBnftSelected":"","pawDetailListDisplay (4 more) ...":false,"pyAgrmntWrksht":"0x6a61b759","relatedPAWDetailsLis (1 more) ...":"0x678c576","targetEDR":0.00,"totalAppliedDeductib (2 more) ...":0.00,"totalCoInsurance":0.00,"totalCoPayAmt":0.00,"totalInsCoResp":0.00,"totalInsEIVAmt":0.00,"totalRowCount":0,"totalTalbottDay":0}|0x72d0f70e
07:44:06.0 (41941715)|HEAP_ALLOCATE|[63]|Bytes:28
07:44:06.0 (41944701)|HEAP_ALLOCATE|[63]|Bytes:28
07:44:06.0 (41979728)|VARIABLE_ASSIGNMENT|[EXTERNAL]|this|{"insrncBnft":"0x1d397f3a","insrncBnftSelected":"","pawDetailListDisplay (4 more) ...":false,"pyAgrmntWrksht":"0x6a61b759","relatedPAWDetailsLis (1 more) ...":"0x678c576","targetEDR":0.00,"totalAppliedDeductib (2 more) ...":0.00,"totalCoInsurance":0.00,"totalCoPayAmt":0.00,"totalInsCoResp":0.00,"totalInsEIVAmt":0.00,"totalRowCount":0,"totalTalbottDay":0}|0x72d0f70e
07:44:06.0 (42012157)|VARIABLE_ASSIGNMENT|[63]|this.Num_Days_Uncovered__c|0|0x6a61b759
07:44:06.0 (42017871)|STATEMENT_EXECUTE|[64]
07:44:06.0 (42059231)|VARIABLE_ASSIGNMENT|[EXTERNAL]|this|{"insrncBnft":"0x1d397f3a","insrncBnftSelected":"","pawDetailListDisplay (4 more) ...":false,"pyAgrmntWrksht":"0x6a61b759","relatedPAWDetailsLis (1 more) ...":"0x678c576","targetEDR":0.00,"totalAppliedDeductib (2 more) ...":0.00,"totalCoInsurance":0.00,"totalCoPayAmt":0.00,"totalInsCoResp":0.00,"totalInsEIVAmt":0.00,"totalRowCount":0,"totalTalbottDay":0}|0x72d0f70e
07:44:06.0 (42076009)|HEAP_ALLOCATE|[64]|Bytes:28
07:44:06.0 (42078977)|HEAP_ALLOCATE|[64]|Bytes:28
07:44:06.0 (42113107)|VARIABLE_ASSIGNMENT|[EXTERNAL]|this|{"insrncBnft":"0x1d397f3a","insrncBnftSelected":"","pawDetailListDisplay (4 more) ...":false,"pyAgrmntWrksht":"0x6a61b759","relatedPAWDetailsLis (1 more) ...":"0x678c576","targetEDR":0.00,"totalAppliedDeductib (2 more) ...":0.00,"totalCoInsurance":0.00,"totalCoPayAmt":0.00,"totalInsCoResp":0.00,"totalInsEIVAmt":0.00,"totalRowCount":0,"totalTalbottDay":0}|0x72d0f70e
07:44:06.0 (42145722)|VARIABLE_ASSIGNMENT|[64]|this.Uncovered_Days_Rate__c|0|0x6a61b759
07:44:06.0 (42150706)|STATEMENT_EXECUTE|[65]
07:44:06.0 (42190952)|VARIABLE_ASSIGNMENT|[EXTERNAL]|this|{"insrncBnft":"0x1d397f3a","insrncBnftSelected":"","pawDetailListDisplay (4 more) ...":false,"pyAgrmntWrksht":"0x6a61b759","relatedPAWDetailsLis (1 more) ...":"0x678c576","targetEDR":0.00,"totalAppliedDeductib (2 more) ...":0.00,"totalCoInsurance":0.00,"totalCoPayAmt":0.00,"totalInsCoResp":0.00,"totalInsEIVAmt":0.00,"totalRowCount":0,"totalTalbottDay":0}|0x72d0f70e
07:44:06.0 (42206766)|HEAP_ALLOCATE|[65]|Bytes:28
07:44:06.0 (42209883)|HEAP_ALLOCATE|[65]|Bytes:28
07:44:06.0 (42245043)|VARIABLE_ASSIGNMENT|[EXTERNAL]|this|{"insrncBnft":"0x1d397f3a","insrncBnftSelected":"","pawDetailListDisplay (4 more) ...":false,"pyAgrmntWrksht":"0x6a61b759","relatedPAWDetailsLis (1 more) ...":"0x678c576","targetEDR":0.00,"totalAppliedDeductib (2 more) ...":0.00,"totalCoInsurance":0.00,"totalCoPayAmt":0.00,"totalInsCoResp":0.00,"totalInsEIVAmt":0.00,"totalRowCount":0,"totalTalbottDay":0}|0x72d0f70e
07:44:06.0 (42276752)|VARIABLE_ASSIGNMENT|[65]|this.Uncovered_Days_Override__c|0|0x6a61b759
07:44:06.0 (42281797)|STATEMENT_EXECUTE|[66]
07:44:06.0 (42323676)|VARIABLE_ASSIGNMENT|[EXTERNAL]|this|{"insrncBnft":"0x1d397f3a","insrncBnftSelected":"","pawDetailListDisplay (4 more) ...":false,"pyAgrmntWrksht":"0x6a61b759","relatedPAWDetailsLis (1 more) ...":"0x678c576","targetEDR":0.00,"totalAppliedDeductib (2 more) ...":0.00,"totalCoInsurance":0.00,"totalCoPayAmt":0.00,"totalInsCoResp":0.00,"totalInsEIVAmt":0.00,"totalRowCount":0,"totalTalbottDay":0}|0x72d0f70e
07:44:06.0 (42339424)|HEAP_ALLOCATE|[66]|Bytes:28
07:44:06.0 (42342414)|HEAP_ALLOCATE|[66]|Bytes:28
07:44:06.0 (42377627)|VARIABLE_ASSIGNMENT|[EXTERNAL]|this|{"insrncBnft":"0x1d397f3a","insrncBnftSelected":"","pawDetailListDisplay (4 more) ...":false,"pyAgrmntWrksht":"0x6a61b759","relatedPAWDetailsLis (1 more) ...":"0x678c576","targetEDR":0.00,"totalAppliedDeductib (2 more) ...":0.00,"totalCoInsurance":0.00,"totalCoPayAmt":0.00,"totalInsCoResp":0.00,"totalInsEIVAmt":0.00,"totalRowCount":0,"totalTalbottDay":0}|0x72d0f70e
07:44:06.0 (42411084)|VARIABLE_ASSIGNMENT|[66]|this.Num_Days_Room__c|0|0x6a61b759
07:44:06.0 (42416549)|STATEMENT_EXECUTE|[70]
07:44:06.0 (42456783)|VARIABLE_ASSIGNMENT|[EXTERNAL]|this|{"insrncBnft":"0x1d397f3a","insrncBnftSelected":"","pawDetailListDisplay (4 more) ...":false,"pyAgrmntWrksht":"0x6a61b759","relatedPAWDetailsLis (1 more) ...":"0x678c576","targetEDR":0.00,"totalAppliedDeductib (2 more) ...":0.00,"totalCoInsurance":0.00,"totalCoPayAmt":0.00,"totalInsCoResp":0.00,"totalInsEIVAmt":0.00,"totalRowCount":0,"totalTalbottDay":0}|0x72d0f70e
07:44:06.0 (42473100)|HEAP_ALLOCATE|[70]|Bytes:28
07:44:06.0 (42475876)|HEAP_ALLOCATE|[70]|Bytes:28
07:44:06.0 (42509670)|VARIABLE_ASSIGNMENT|[EXTERNAL]|this|{"insrncBnft":"0x1d397f3a","insrncBnftSelected":"","pawDetailListDisplay (4 more) ...":false,"pyAgrmntWrksht":"0x6a61b759","relatedPAWDetailsLis (1 more) ...":"0x678c576","targetEDR":0.00,"totalAppliedDeductib (2 more) ...":0.00,"totalCoInsurance":0.00,"totalCoPayAmt":0.00,"totalInsCoResp":0.00,"totalInsEIVAmt":0.00,"totalRowCount":0,"totalTalbottDay":0}|0x72d0f70e
07:44:06.0 (42542542)|VARIABLE_ASSIGNMENT|[70]|this.Room_and_Board_Days_Override__c|0|0x6a61b759
07:44:06.0 (42590264)|VARIABLE_ASSIGNMENT|[EXTERNAL]|this|{"insrncBnft":"0x1d397f3a","insrncBnftSelected":"","pawDetailListDisplay (4 more) ...":false,"pyAgrmntWrksht":"0x6a61b759","relatedPAWDetailsLis (1 more) ...":"0x678c576","targetEDR":0.00,"totalAppliedDeductib (2 more) ...":0.00,"totalCoInsurance":0.00,"totalCoPayAmt":0.00,"totalInsCoResp":0.00,"totalInsEIVAmt":0.00,"totalRowCount":0,"totalTalbottDay":0}|0x72d0f70e
07:44:06.0 (42603373)|STATEMENT_EXECUTE|[71]
07:44:06.0 (42639505)|VARIABLE_ASSIGNMENT|[EXTERNAL]|this|{"insrncBnft":"0x1d397f3a","insrncBnftSelected":"","pawDetailListDisplay (4 more) ...":false,"pyAgrmntWrksht":"0x6a61b759","relatedPAWDetailsLis (1 more) ...":"0x678c576","targetEDR":0.00,"totalAppliedDeductib (2 more) ...":0.00,"totalCoInsurance":0.00,"totalCoPayAmt":0.00,"totalInsCoResp":0.00,"totalInsEIVAmt":0.00,"totalRowCount":0,"totalTalbottDay":0}|0x72d0f70e
07:44:06.0 (42650638)|STATEMENT_EXECUTE|[77]
07:44:06.0 (42652077)|STATEMENT_EXECUTE|[78]
07:44:06.0 (42687151)|VARIABLE_ASSIGNMENT|[EXTERNAL]|this|{"insrncBnft":"0x1d397f3a","insrncBnftSelected":"","pawDetailListDisplay (4 more) ...":false,"pyAgrmntWrksht":"0x6a61b759","relatedPAWDetailsLis (1 more) ...":"0x678c576","targetEDR":0.00,"totalAppliedDeductib (2 more) ...":0.00,"totalCoInsurance":0.00,"totalCoPayAmt":0.00,"totalInsCoResp":0.00,"totalInsEIVAmt":0.00,"totalRowCount":0,"totalTalbottDay":0}|0x72d0f70e
07:44:06.0 (42730664)|VARIABLE_ASSIGNMENT|[EXTERNAL]|this|{"insrncBnft":"0x1d397f3a","insrncBnftSelected":"","pawDetailListDisplay (4 more) ...":false,"pyAgrmntWrksht":"0x6a61b759","relatedPAWDetailsLis (1 more) ...":"0x678c576","targetEDR":0.00,"totalAppliedDeductib (2 more) ...":0.00,"totalCoInsurance":0.00,"totalCoPayAmt":0.00,"totalInsCoResp":0.00,"totalInsEIVAmt":0.00,"totalRowCount":0,"totalTalbottDay":0}|0x72d0f70e
07:44:06.0 (42763824)|VARIABLE_ASSIGNMENT|[78]|this.Uncovered_Charges__c|null|0x6a61b759
07:44:06.0 (42770045)|STATEMENT_EXECUTE|[80]
07:44:06.0 (42776331)|HEAP_ALLOCATE|[80]|Bytes:28
07:44:06.0 (42784574)|VARIABLE_SCOPE_BEGIN|[80]|coPayRemaining|Decimal|false|false
07:44:06.0 (42793478)|VARIABLE_ASSIGNMENT|[80]|coPayRemaining|0.00
07:44:06.0 (42796802)|STATEMENT_EXECUTE|[81]
07:44:06.0 (42840399)|VARIABLE_ASSIGNMENT|[EXTERNAL]|this|{"insrncBnft":"0x1d397f3a","insrncBnftSelected":"","pawDetailListDisplay (4 more) ...":false,"pyAgrmntWrksht":"0x6a61b759","relatedPAWDetailsLis (1 more) ...":"0x678c576","targetEDR":0.00,"totalAppliedDeductib (2 more) ...":0.00,"totalCoInsurance":0.00,"totalCoPayAmt":0.00,"totalInsCoResp":0.00,"totalInsEIVAmt":0.00,"totalRowCount":0,"totalTalbottDay":0}|0x72d0f70e
07:44:06.0 (42865799)|HEAP_ALLOCATE|[81]|Bytes:28
07:44:06.0 (42904740)|VARIABLE_ASSIGNMENT|[EXTERNAL]|this|{"insrncBnft":"0x1d397f3a","insrncBnftSelected":"","pawDetailListDisplay (4 more) ...":false,"pyAgrmntWrksht":"0x6a61b759","relatedPAWDetailsLis (1 more) ...":"0x678c576","targetEDR":0.00,"totalAppliedDeductib (2 more) ...":0.00,"totalCoInsurance":0.00,"totalCoPayAmt":0.00,"totalInsCoResp":0.00,"totalInsEIVAmt":0.00,"totalRowCount":0,"totalTalbottDay":0}|0x72d0f70e
07:44:06.0 (42921294)|HEAP_ALLOCATE|[81]|Bytes:28
07:44:06.0 (42923977)|HEAP_ALLOCATE|[81]|Bytes:28
07:44:06.0 (42966151)|HEAP_ALLOCATE|[81]|Bytes:28
07:44:06.0 (42969473)|HEAP_ALLOCATE|[81]|Bytes:28
07:44:06.0 (42980966)|VARIABLE_ASSIGNMENT|[81]|coPayRemaining|0
07:44:06.0 (42984854)|STATEMENT_EXECUTE|[82]
07:44:06.0 (43027074)|VARIABLE_ASSIGNMENT|[EXTERNAL]|this|{"insrncBnft":"0x1d397f3a","insrncBnftSelected":"","pawDetailListDisplay (4 more) ...":false,"pyAgrmntWrksht":"0x6a61b759","relatedPAWDetailsLis (1 more) ...":"0x678c576","targetEDR":0.00,"totalAppliedDeductib (2 more) ...":0.00,"totalCoInsurance":0.00,"totalCoPayAmt":0.00,"totalInsCoResp":0.00,"totalInsEIVAmt":0.00,"totalRowCount":0,"totalTalbottDay":0}|0x72d0f70e
07:44:06.0 (43050705)|HEAP_ALLOCATE|[82]|Bytes:28
07:44:06.0 (43087214)|VARIABLE_ASSIGNMENT|[EXTERNAL]|this|{"insrncBnft":"0x1d397f3a","insrncBnftSelected":"","pawDetailListDisplay (4 more) ...":false,"pyAgrmntWrksht":"0x6a61b759","relatedPAWDetailsLis (1 more) ...":"0x678c576","targetEDR":0.00,"totalAppliedDeductib (2 more) ...":0.00,"totalCoInsurance":0.00,"totalCoPayAmt":0.00,"totalInsCoResp":0.00,"totalInsEIVAmt":0.00,"totalRowCount":0,"totalTalbottDay":0}|0x72d0f70e
07:44:06.0 (43101881)|HEAP_ALLOCATE|[82]|Bytes:28
07:44:06.0 (43104618)|HEAP_ALLOCATE|[82]|Bytes:28
07:44:06.0 (43119688)|HEAP_ALLOCATE|[82]|Bytes:28
07:44:06.0 (43122539)|HEAP_ALLOCATE|[82]|Bytes:28
07:44:06.0 (43139588)|HEAP_ALLOCATE|[82]|Bytes:28
07:44:06.0 (43142076)|HEAP_ALLOCATE|[82]|Bytes:28
07:44:06.0 (43151072)|VARIABLE_ASSIGNMENT|[82]|coPayRemaining|0
07:44:06.0 (43154508)|STATEMENT_EXECUTE|[83]
07:44:06.0 (43194435)|VARIABLE_ASSIGNMENT|[EXTERNAL]|this|{"insrncBnft":"0x1d397f3a","insrncBnftSelected":"","pawDetailListDisplay (4 more) ...":false,"pyAgrmntWrksht":"0x6a61b759","relatedPAWDetailsLis (1 more) ...":"0x678c576","targetEDR":0.00,"totalAppliedDeductib (2 more) ...":0.00,"totalCoInsurance":0.00,"totalCoPayAmt":0.00,"totalInsCoResp":0.00,"totalInsEIVAmt":0.00,"totalRowCount":0,"totalTalbottDay":0}|0x72d0f70e
07:44:06.0 (43215855)|HEAP_ALLOCATE|[83]|Bytes:28
07:44:06.0 (43252743)|VARIABLE_ASSIGNMENT|[EXTERNAL]|this|{"insrncBnft":"0x1d397f3a","insrncBnftSelected":"","pawDetailListDisplay (4 more) ...":false,"pyAgrmntWrksht":"0x6a61b759","relatedPAWDetailsLis (1 more) ...":"0x678c576","targetEDR":0.00,"totalAppliedDeductib (2 more) ...":0.00,"totalCoInsurance":0.00,"totalCoPayAmt":0.00,"totalInsCoResp":0.00,"totalInsEIVAmt":0.00,"totalRowCount":0,"totalTalbottDay":0}|0x72d0f70e
07:44:06.0 (43266938)|HEAP_ALLOCATE|[83]|Bytes:28
07:44:06.0 (43269596)|HEAP_ALLOCATE|[83]|Bytes:28
07:44:06.0 (43284119)|HEAP_ALLOCATE|[83]|Bytes:28
07:44:06.0 (43288059)|HEAP_ALLOCATE|[83]|Bytes:28
07:44:06.0 (43302034)|HEAP_ALLOCATE|[83]|Bytes:28
07:44:06.0 (43304777)|HEAP_ALLOCATE|[83]|Bytes:28
07:44:06.0 (43313590)|VARIABLE_ASSIGNMENT|[83]|coPayRemaining|0
07:44:06.0 (43317170)|STATEMENT_EXECUTE|[84]
07:44:06.0 (43357819)|VARIABLE_ASSIGNMENT|[EXTERNAL]|this|{"insrncBnft":"0x1d397f3a","insrncBnftSelected":"","pawDetailListDisplay (4 more) ...":false,"pyAgrmntWrksht":"0x6a61b759","relatedPAWDetailsLis (1 more) ...":"0x678c576","targetEDR":0.00,"totalAppliedDeductib (2 more) ...":0.00,"totalCoInsurance":0.00,"totalCoPayAmt":0.00,"totalInsCoResp":0.00,"totalInsEIVAmt":0.00,"totalRowCount":0,"totalTalbottDay":0}|0x72d0f70e
07:44:06.0 (43378947)|HEAP_ALLOCATE|[84]|Bytes:28
07:44:06.0 (43415034)|VARIABLE_ASSIGNMENT|[EXTERNAL]|this|{"insrncBnft":"0x1d397f3a","insrncBnftSelected":"","pawDetailListDisplay (4 more) ...":false,"pyAgrmntWrksht":"0x6a61b759","relatedPAWDetailsLis (1 more) ...":"0x678c576","targetEDR":0.00,"totalAppliedDeductib (2 more) ...":0.00,"totalCoInsurance":0.00,"totalCoPayAmt":0.00,"totalInsCoResp":0.00,"totalInsEIVAmt":0.00,"totalRowCount":0,"totalTalbottDay":0}|0x72d0f70e
07:44:06.0 (43429464)|HEAP_ALLOCATE|[84]|Bytes:28
07:44:06.0 (43432294)|HEAP_ALLOCATE|[84]|Bytes:28
07:44:06.0 (43446028)|HEAP_ALLOCATE|[84]|Bytes:28
07:44:06.0 (43448907)|HEAP_ALLOCATE|[84]|Bytes:28
07:44:06.0 (43461482)|HEAP_ALLOCATE|[84]|Bytes:28
07:44:06.0 (43464279)|HEAP_ALLOCATE|[84]|Bytes:28
07:44:06.0 (43472250)|VARIABLE_ASSIGNMENT|[84]|coPayRemaining|0
07:44:06.0 (43476109)|STATEMENT_EXECUTE|[85]
07:44:06.0 (43521153)|HEAP_ALLOCATE|[85]|Bytes:28
07:44:06.0 (43524851)|HEAP_ALLOCATE|[85]|Bytes:28
07:44:06.0 (43570049)|VARIABLE_ASSIGNMENT|[EXTERNAL]|this|{"insrncBnft":"0x1d397f3a","insrncBnftSelected":"","pawDetailListDisplay (4 more) ...":false,"pyAgrmntWrksht":"0x6a61b759","relatedPAWDetailsLis (1 more) ...":"0x678c576","targetEDR":0.00,"totalAppliedDeductib (2 more) ...":0.00,"totalCoInsurance":0.00,"totalCoPayAmt":0.00,"totalInsCoResp":0.00,"totalInsEIVAmt":0.00,"totalRowCount":0,"totalTalbottDay":0}|0x72d0f70e
07:44:06.0 (43614263)|VARIABLE_ASSIGNMENT|[85]|this.Co_Pay_Remaining__c|0.00|0x6a61b759
07:44:06.0 (43619703)|STATEMENT_EXECUTE|[86]
07:44:06.0 (43625769)|METHOD_EXIT|[13]|01p0a000004sKzT|PAWValueCalculationService.calculateWraperValues(PAW_New_EditCntrllr.WraperClass, Map<Id,Facility_Program__c>, Map<Id,Insurance_Company_Rate_Adjustment__c>, Map<Id,Insurance_Benefit__c>, Estimated_Coverage_Days__c)
07:44:06.0 (43665357)|VARIABLE_ASSIGNMENT|[13]|pWrprObj|{"insrncBnft":"0x1d397f3a","insrncBnftSelected":"","pawDetailListDisplay (4 more) ...":false,"pyAgrmntWrksht":"0x6a61b759","relatedPAWDetailsLis (1 more) ...":"0x678c576","targetEDR":0.00,"totalAppliedDeductib (2 more) ...":0.00,"totalCoInsurance":0.00,"totalCoPayAmt":0.00,"totalInsCoResp":0.00,"totalInsEIVAmt":0.00,"totalRowCount":0,"totalTalbottDay":0}|0x72d0f70e
07:44:06.0 (43673224)|STATEMENT_EXECUTE|[18]
07:44:06.0 (43676862)|SYSTEM_MODE_EXIT|false
07:44:06.0 (43684935)|METHOD_EXIT|[421]|01p0a000004sKzO|PAWFrnFacilityService.calculateWraperValuesFRN(PAW_New_EditCntrllr.WraperClass, Map<Id,Facility_Program__c>, Map<Id,Insurance_Company_Rate_Adjustment__c>, Map<Id,Insurance_Benefit__c>, Estimated_Coverage_Days__c)
07:44:06.0 (43748068)|VARIABLE_ASSIGNMENT|[EXTERNAL]|this|{"estmtCvrgeDaysObj":"0x45a8f64c","faciltyOptions":"0x6c157122","fcltyPrgrmOptions":"0x5ad69145","idToOwnershipFacilit (4 more) ...":"0x4f20511d","idToTypeFacilityMap":"0x4db8d423","insrncBnftMap":"0xa6330d7","insrncBnftOptions":"0x64d1c467","isIop":false,"isTalbott":false,"meta":"0x2934d959","oppId":"00629000004NTeZ","pawObj":"0x22260990","ptntInsrnceOptions":"0x6fbd74a0","ptntInsrncMap":"0x6efdd652","ptntInsrncObj":"0x66bed015","quoteObj":"0x46416585","recordId":"00629000004NTeZ","rtAdjstmntOptions":"0x742711fe","showPILookup":false,"sObjectQueryStr":"","wrprObj":"0x72d0f70e"}|0x232e44bd
07:44:06.0 (43790757)|VARIABLE_ASSIGNMENT|[EXTERNAL]|value|{"insrncBnft":"0x1d397f3a","insrncBnftSelected":"","pawDetailListDisplay (4 more) ...":false,"pyAgrmntWrksht":"0x6a61b759","relatedPAWDetailsLis (1 more) ...":"0x678c576","targetEDR":0.00,"totalAppliedDeductib (2 more) ...":0.00,"totalCoInsurance":0.00,"totalCoPayAmt":0.00,"totalInsCoResp":0.00,"totalInsEIVAmt":0.00,"totalRowCount":0,"totalTalbottDay":0}|0x72d0f70e
07:44:06.0 (43804170)|VARIABLE_ASSIGNMENT|[30]|this.wrprObj|0x72d0f70e|0x232e44bd
07:44:06.0 (43872393)|VARIABLE_ASSIGNMENT|[EXTERNAL]|this|{"estmtCvrgeDaysObj":"0x45a8f64c","faciltyOptions":"0x6c157122","fcltyPrgrmOptions":"0x5ad69145","idToOwnershipFacilit (4 more) ...":"0x4f20511d","idToTypeFacilityMap":"0x4db8d423","insrncBnftMap":"0xa6330d7","insrncBnftOptions":"0x64d1c467","isIop":false,"isTalbott":false,"meta":"0x2934d959","oppId":"00629000004NTeZ","pawObj":"0x22260990","ptntInsrnceOptions":"0x6fbd74a0","ptntInsrncMap":"0x6efdd652","ptntInsrncObj":"0x66bed015","quoteObj":"0x46416585","recordId":"00629000004NTeZ","rtAdjstmntOptions":"0x742711fe","showPILookup":false,"sObjectQueryStr":"","wrprObj":"0x72d0f70e"}|0x232e44bd
07:44:06.0 (43887405)|STATEMENT_EXECUTE|[427]
07:44:06.0 (43890344)|METHOD_EXIT|[212]|01p0a000004sKzV|PAW_New_EditCntrllr.updateWraperValues()
07:44:06.53 (53443156)|SYSTEM_MODE_ENTER|true
07:44:06.53 (53497673)|HEAP_ALLOCATE|[EXTERNAL]|Bytes:8
07:44:06.53 (53505093)|VARIABLE_SCOPE_BEGIN|[88]|this|ApexPage.PageMessagesComponentController|true|false
07:44:06.53 (53525713)|VARIABLE_ASSIGNMENT|[88]|this|{}|0x4b166acb
07:44:06.53 (53531582)|VARIABLE_SCOPE_BEGIN|[88]|escape|Boolean|false|false
07:44:06.53 (53537204)|VARIABLE_ASSIGNMENT|[88]|escape|null
07:44:06.53 (53627657)|SYSTEM_MODE_ENTER|true
07:44:06.53 (53655976)|HEAP_ALLOCATE|[EXTERNAL]|Bytes:8
07:44:06.53 (53661492)|VARIABLE_SCOPE_BEGIN|[2]|this|ApexPage.PageMessagesComponentController|true|false
07:44:06.53 (53677148)|VARIABLE_ASSIGNMENT|[2]|this|{}|0x4b166acb
07:44:06.0 (54035026)|SYSTEM_MODE_ENTER|true
07:44:06.0 (54123183)|SYSTEM_MODE_ENTER|true
07:44:06.0 (54345888)|SYSTEM_MODE_ENTER|true
07:44:06.0 (57414881)|SYSTEM_MODE_ENTER|true
07:44:06.0 (57473320)|SYSTEM_MODE_ENTER|true
07:44:06.0 (62577906)|SYSTEM_MODE_ENTER|true
07:44:06.0 (62613107)|HEAP_ALLOCATE|[EXTERNAL]|Bytes:112
07:44:06.0 (62625587)|VARIABLE_SCOPE_BEGIN|[215]|this|PAW_New_EditCntrllr|true|false
07:44:06.0 (62699358)|VARIABLE_ASSIGNMENT|[215]|this|{"estmtCvrgeDaysObj":"0x45a8f64c","faciltyOptions":"0x6c157122","fcltyPrgrmOptions":"0x5ad69145","idToOwnershipFacilit (4 more) ...":"0x4f20511d","idToTypeFacilityMap":"0x4db8d423","insrncBnftMap":"0xa6330d7","insrncBnftOptions":"0x64d1c467","isIop":false,"isTalbott":false,"meta":"0x2934d959","oppId":"00629000004NTeZ","pawObj":"0x22260990","ptntInsrnceOptions":"0x6fbd74a0","ptntInsrncMap":"0x6efdd652","ptntInsrncObj":"0x66bed015","quoteObj":"0x46416585","recordId":"00629000004NTeZ","rtAdjstmntOptions":"0x742711fe","showPILookup":false,"sObjectQueryStr":"","wrprObj":"0x72d0f70e"}|0x232e44bd
07:44:06.0 (62715060)|STATEMENT_EXECUTE|[215]
07:44:06.0 (62716648)|STATEMENT_EXECUTE|[216]
07:44:06.0 (62757217)|STATEMENT_EXECUTE|[217]
07:44:06.0 (62810440)|HEAP_ALLOCATE|[EXTERNAL]|Bytes:4
07:44:06.0 (62883820)|VARIABLE_ASSIGNMENT|[EXTERNAL]|this|{"estmtCvrgeDaysObj":"0x45a8f64c","faciltyOptions":"0x6c157122","fcltyPrgrmOptions":"0x5ad69145","idToOwnershipFacilit (4 more) ...":"0x4f20511d","idToTypeFacilityMap":"0x4db8d423","insrncBnftMap":"0xa6330d7","insrncBnftOptions":"0x64d1c467","isIop":false,"isTalbott":false,"meta":"0x2934d959","oppId":"00629000004NTeZ","pawObj":"0x22260990","ptntInsrnceOptions":"0x6fbd74a0","ptntInsrncMap":"0x6efdd652","ptntInsrncObj":"0x66bed015","quoteObj":"0x46416585","recordId":"00629000004NTeZ","rtAdjstmntOptions":"0x742711fe","showPILookup":false,"sObjectQueryStr":"","wrprObj":"0x72d0f70e"}|0x232e44bd
07:44:06.0 (62900923)|STATEMENT_EXECUTE|[218]
07:44:06.0 (62902057)|STATEMENT_EXECUTE|[219]
07:44:06.0 (62932176)|HEAP_ALLOCATE|[219]|Bytes:4
07:44:06.0 (62938891)|HEAP_ALLOCATE|[219]|Bytes:1083
07:44:06.0 (62948427)|HEAP_ALLOCATE|[219]|Bytes:4
07:44:06.0 (63015359)|VARIABLE_ASSIGNMENT|[EXTERNAL]|this|{"estmtCvrgeDaysObj":"0x45a8f64c","faciltyOptions":"0x6c157122","fcltyPrgrmOptions":"0x5ad69145","idToOwnershipFacilit (4 more) ...":"0x4f20511d","idToTypeFacilityMap":"0x4db8d423","insrncBnftMap":"0xa6330d7","insrncBnftOptions":"0x64d1c467","isIop":false,"isTalbott":false,"meta":"0x2934d959","oppId":"00629000004NTeZ","pawObj":"0x22260990","ptntInsrnceOptions":"0x6fbd74a0","ptntInsrncMap":"0x6efdd652","ptntInsrncObj":"0x66bed015","quoteObj":"0x46416585","recordId":"00629000004NTeZ","rtAdjstmntOptions":"0x742711fe","showPILookup":false,"sObjectQueryStr":"","wrprObj":"0x72d0f70e"}|0x232e44bd
07:44:06.0 (66007424)|SOQL_EXECUTE_BEGIN|[219]|Aggregations:0|SELECT Id, Name, RecordType.Name, Uncovered_Charges__c, Patient_Insurance__r.Accepts_Assignment_of_Benefits__c, Patient_Insurance__r.Opportunity__c, Patient_Insurance__r.Accreditation__c, Patient_Insurance__r.Insurance_Company__r.Name, PHP_Admit_Co_Payment__c, Detox_Admit_Co_Payment__c, RTC_Admit_Co_Payment__c, Deductible__c, Deductible_Met__c, IOP_Admit_Co_Payment__c, Max_Out_of_Pocket_Remaining__c, Insurance_Company_is_Out_of_Network__c, Annual_Max_Remaining__c, Deductible_Remaining__c, Detox_Pays_at__c, Detox_Over__c, RTC_Pays_at__c, Residential_Treatment_Override__c, PHP_Pays_at__c, Partial_Hospitalization_Override__c, IOP_Pays_at__c, Intensive_Outpatient_Override__c, Num_Days_Uncovered__c, Num_Days_Room__c, Uncovered_Days_Rate__c, Room_and_Board_Days_Rate__c, Uncovered_Days_Override__c, Room_and_Board_Days_Override__c, Deductible_Included_in_OOP__c, Uncovered_Days__c, Lifetime_Max__c, Lifetime_Max_Met__c, Annual_Max__c, Annual_Max_Met__c, Max_Out_of_Pocket__c, Max_Out_of_Pocket_Met__c, Co_Pay_Met__c FROM Insurance_Benefit__c WHERE Patient_Insurance__c = :tmpVar1
07:44:06.0 (78353450)|SOQL_EXECUTE_END|[219]|Rows:2
07:44:06.0 (78375031)|HEAP_ALLOCATE|[219]|Bytes:12
07:44:06.0 (78418467)|HEAP_ALLOCATE|[219]|Bytes:2986
07:44:06.0 (78481538)|HEAP_ALLOCATE|[219]|Bytes:12
07:44:06.0 (78525015)|HEAP_ALLOCATE|[219]|Bytes:108
07:44:06.0 (78535407)|HEAP_ALLOCATE|[219]|Bytes:4
07:44:06.0 (78540721)|HEAP_ALLOCATE|[219]|Bytes:108
07:44:06.0 (78544797)|HEAP_ALLOCATE|[219]|Bytes:4
07:44:06.0 (78621380)|VARIABLE_ASSIGNMENT|[219]|this.insrncBnftMap|{"a1H29000000pRTUEA2":{"Id":"a1H29000000pRTUEA2","Name":"Insurance Benefit 75 (2 more) ...","RecordTypeId":"012j00000015GS6AAM","Patient_Insurance__c":"a1b29000000lvHQAAY","PHP_Admit_Co_Payment (3 more) ...":0.00,"Deductible__c":5000.00,"Deductible_Met__c":0.00,"Max_Out_of_Pocket_Re (10 more) ...":10000.00,"Insurance_Company_is (18 more) ...":false,"Annual_Max_Remaining (3 more) ...":1000000,"Deductible_Remaining (3 more) ...":5000.00,"Detox_Pays_at__c":80.00,"RTC_Pays_at__c":80.00,"PHP_Pays_at__c":80.00,"IOP_Pays_at__c":80.00,"Uncovered_Days_Rate_ (2 more) ...":630.00,"Room_and_Board_Days_ (7 more) ...":2000.00,"Deductible_Included_ (9 more) ...":"Yes","Lifetime_Max__c":1000000.00,"Lifetime_Max_Met__c":0.00,"Annual_Max__c":1000000.00,"Annual_Max_Met__c":0.00,"Max_Out_of_Pocket__c":10000.00,"Max_Out_of_Pocket_Me (4 more) ...":0.00,"RecordType":{"Name":"In Network","Id":"012j00000015GS6AAM"},"Patient_Insurance__r":{"Opportunity__c":"00629000004NTeZAAW","Accreditation__c":"State","Insurance_Company__c":"0012900000AXSP3AAP","Id":"a1b29000000lvHQAAY","Insurance_Company__r":{"Name":"Value Options/Beacon (7 more) ...","Id":"0012900000AXSP3AAP","RecordTypeId":"012j00000015GRqAAM"}}},"a1H29000000pRTZEA2":{"Id":"a1H29000000pRTZEA2","Name":"Insurance Benefit 75 (2 more) ...","RecordTypeId":"012j00000015GS7AAM","Patient_Insurance__c":"a1b29000000lvHQAAY","PHP_Admit_Co_Payment (3 more) ...":0.00,"Deductible__c":10000.00,"Deductible_Met__c":0.00,"Max_Out_of_Pocket_Re (10 more) ...":20000.00,"Insurance_Company_is (18 more) ...":false,"Annual_Max_Remaining (3 more) ...":1000000,"Deductible_Remaining (3 more) ...":10000.00,"Detox_Pays_at__c":60.00,"RTC_Pays_at__c":60.00,"PHP_Pays_at__c":60.00,"IOP_Pays_at__c":60.00,"Uncovered_Days_Rate_ (2 more) ...":630.00,"Room_and_Board_Days_ (7 more) ...":2000.00,"Deductible_Included_ (9 more) ...":"Yes","Lifetime_Max__c":1000000.00,"Lifetime_Max_Met__c":0.00,"Annual_Max__c":1000000.00,"Annual_Max_Met__c":0.00,"Max_Out_of_Pocket__c":20000.00,"Max_Out_of_Pocket_Me (4 more) ...":0.00,"RecordType":{"Name":"Out of Network","Id":"012j00000015GS7AAM"},"Patient_Insurance__r":{"Opportunity__c":"00629000004NTeZAAW","Accreditation__c":"State","Insurance_Company__c":"0012900000AXSP3AAP","Id":"a1b29000000lvHQAAY","Insurance_Company__r":{"Name":"Value Options/Beacon (7 more) ...","Id":"0012900000AXSP3AAP","RecordTypeId":"012j00000015GRqAAM"}}}}|0x232e44bd
07:44:06.0 (78685666)|HEAP_ALLOCATE|[EXTERNAL]|Bytes:12
07:44:06.0 (78710325)|HEAP_ALLOCATE|[263]|Bytes:2996
07:44:06.0 (78845970)|HEAP_ALLOCATE|[263]|Bytes:5
07:44:06.0 (78860717)|HEAP_ALLOCATE|[263]|Bytes:108
07:44:06.0 (78869816)|VARIABLE_SCOPE_BEGIN|[263]|insrncBnftInstance|Insurance_Benefit__c|true|false
07:44:06.0 (78905319)|VARIABLE_ASSIGNMENT|[263]|insrncBnftInstance|{"Id":"a1H29000000pRTUEA2","Name":"Insurance Benefit 75 (2 more) ...","RecordTypeId":"012j00000015GS6AAM","Patient_Insurance__c":"a1b29000000lvHQAAY","PHP_Admit_Co_Payment (3 more) ...":0.00,"Deductible__c":5000.00,"Deductible_Met__c":0.00,"Max_Out_of_Pocket_Re (10 more) ...":10000.00,"Insurance_Company_is (18 more) ...":false,"Annual_Max_Remaining (3 more) ...":1000000,"Deductible_Remaining (3 more) ...":5000.00,"Detox_Pays_at__c":80.00,"RTC_Pays_at__c":80.00,"PHP_Pays_at__c":80.00,"IOP_Pays_at__c":80.00,"Uncovered_Days_Rate_ (2 more) ...":630.00,"Room_and_Board_Days_ (7 more) ...":2000.00,"Deductible_Included_ (9 more) ...":"Yes","Lifetime_Max__c":1000000.00,"Lifetime_Max_Met__c":0.00,"Annual_Max__c":1000000.00,"Annual_Max_Met__c":0.00,"Max_Out_of_Pocket__c":10000.00,"Max_Out_of_Pocket_Me (4 more) ...":0.00,"RecordType":{"Name":"In Network","Id":"012j00000015GS6AAM"},"Patient_Insurance__r":{"Opportunity__c":"00629000004NTeZAAW","Accreditation__c":"State","Insurance_Company__c":"0012900000AXSP3AAP","Id":"a1b29000000lvHQAAY","Insurance_Company__r":{"Name":"Value Options/Beacon (7 more) ...","Id":"0012900000AXSP3AAP","RecordTypeId":"012j00000015GRqAAM"}}}|0x67081aa8
07:44:06.0 (78924670)|STATEMENT_EXECUTE|[263]
07:44:06.0 (78926082)|STATEMENT_EXECUTE|[264]
07:44:06.0 (78965810)|HEAP_ALLOCATE|[264]|Bytes:18
07:44:06.0 (79014564)|HEAP_ALLOCATE|[264]|Bytes:3
07:44:06.0 (79037501)|HEAP_ALLOCATE|[264]|Bytes:35
07:44:06.0 (79081395)|HEAP_ALLOCATE|[EXTERNAL]|Bytes:4
07:44:06.0 (79095030)|HEAP_ALLOCATE|[263]|Bytes:5
07:44:06.0 (79104298)|HEAP_ALLOCATE|[263]|Bytes:108
07:44:06.0 (79110338)|VARIABLE_SCOPE_BEGIN|[263]|insrncBnftInstance|Insurance_Benefit__c|true|false
07:44:06.0 (79144510)|VARIABLE_ASSIGNMENT|[263]|insrncBnftInstance|{"Id":"a1H29000000pRTZEA2","Name":"Insurance Benefit 75 (2 more) ...","RecordTypeId":"012j00000015GS7AAM","Patient_Insurance__c":"a1b29000000lvHQAAY","PHP_Admit_Co_Payment (3 more) ...":0.00,"Deductible__c":10000.00,"Deductible_Met__c":0.00,"Max_Out_of_Pocket_Re (10 more) ...":20000.00,"Insurance_Company_is (18 more) ...":false,"Annual_Max_Remaining (3 more) ...":1000000,"Deductible_Remaining (3 more) ...":10000.00,"Detox_Pays_at__c":60.00,"RTC_Pays_at__c":60.00,"PHP_Pays_at__c":60.00,"IOP_Pays_at__c":60.00,"Uncovered_Days_Rate_ (2 more) ...":630.00,"Room_and_Board_Days_ (7 more) ...":2000.00,"Deductible_Included_ (9 more) ...":"Yes","Lifetime_Max__c":1000000.00,"Lifetime_Max_Met__c":0.00,"Annual_Max__c":1000000.00,"Annual_Max_Met__c":0.00,"Max_Out_of_Pocket__c":20000.00,"Max_Out_of_Pocket_Me (4 more) ...":0.00,"RecordType":{"Name":"Out of Network","Id":"012j00000015GS7AAM"},"Patient_Insurance__r":{"Opportunity__c":"00629000004NTeZAAW","Accreditation__c":"State","Insurance_Company__c":"0012900000AXSP3AAP","Id":"a1b29000000lvHQAAY","Insurance_Company__r":{"Name":"Value Options/Beacon (7 more) ...","Id":"0012900000AXSP3AAP","RecordTypeId":"012j00000015GRqAAM"}}}|0x7a612d83
07:44:06.0 (79164212)|STATEMENT_EXECUTE|[263]
07:44:06.0 (79165313)|STATEMENT_EXECUTE|[264]
07:44:06.0 (79176372)|HEAP_ALLOCATE|[264]|Bytes:18
07:44:06.0 (79194111)|HEAP_ALLOCATE|[264]|Bytes:39
07:44:06.0 (79205828)|HEAP_ALLOCATE|[EXTERNAL]|Bytes:4
07:44:06.0 (79215220)|HEAP_ALLOCATE|[263]|Bytes:5
07:44:06.0 (79223685)|VARIABLE_ASSIGNMENT|[263]|insrncBnftInstance|null|
07:44:06.0 (79306489)|VARIABLE_ASSIGNMENT|[EXTERNAL]|this|{"estmtCvrgeDaysObj":"0x45a8f64c","faciltyOptions":"0x6c157122","fcltyPrgrmOptions":"0x5ad69145","idToOwnershipFacilit (4 more) ...":"0x4f20511d","idToTypeFacilityMap":"0x4db8d423","insrncBnftMap":"0x6dbb25f9","insrncBnftOptions":"0x64d1c467","isIop":false,"isTalbott":false,"meta":"0x2934d959","oppId":"00629000004NTeZ","pawObj":"0x22260990","ptntInsrnceOptions":"0x6fbd74a0","ptntInsrncMap":"0x6efdd652","ptntInsrncObj":"0x66bed015","quoteObj":"0x46416585","recordId":"00629000004NTeZ","rtAdjstmntOptions":"0x742711fe","showPILookup":false,"sObjectQueryStr":"","wrprObj":"0x72d0f70e"}|0x232e44bd
07:44:06.0 (79373912)|VARIABLE_ASSIGNMENT|[EXTERNAL]|this|{"insrncBnft":"0x1d397f3a","insrncBnftSelected":"","pawDetailListDisplay (4 more) ...":false,"pyAgrmntWrksht":"0x6a61b759","relatedPAWDetailsLis (1 more) ...":"0x678c576","targetEDR":0.00,"totalAppliedDeductib (2 more) ...":0.00,"totalCoInsurance":0.00,"totalCoPayAmt":0.00,"totalInsCoResp":0.00,"totalInsEIVAmt":0.00,"totalRowCount":0,"totalTalbottDay":0}|0x72d0f70e
07:44:06.0 (79433361)|VARIABLE_ASSIGNMENT|[EXTERNAL]|this|{"estmtCvrgeDaysObj":"0x45a8f64c","faciltyOptions":"0x6c157122","fcltyPrgrmOptions":"0x5ad69145","idToOwnershipFacilit (4 more) ...":"0x4f20511d","idToTypeFacilityMap":"0x4db8d423","insrncBnftMap":"0x6dbb25f9","insrncBnftOptions":"0x64d1c467","isIop":false,"isTalbott":false,"meta":"0x2934d959","oppId":"00629000004NTeZ","pawObj":"0x22260990","ptntInsrnceOptions":"0x6fbd74a0","ptntInsrncMap":"0x6efdd652","ptntInsrncObj":"0x66bed015","quoteObj":"0x46416585","recordId":"00629000004NTeZ","rtAdjstmntOptions":"0x742711fe","showPILookup":false,"sObjectQueryStr":"","wrprObj":"0x72d0f70e"}|0x232e44bd
07:44:06.0 (79478897)|VARIABLE_ASSIGNMENT|[EXTERNAL]|this|{"insrncBnft":"0x1d397f3a","insrncBnftSelected":"","pawDetailListDisplay (4 more) ...":false,"pyAgrmntWrksht":"0x6a61b759","relatedPAWDetailsLis (1 more) ...":"0x678c576","targetEDR":0.00,"totalAppliedDeductib (2 more) ...":0.00,"totalCoInsurance":0.00,"totalCoPayAmt":0.00,"totalInsCoResp":0.00,"totalInsEIVAmt":0.00,"totalRowCount":0,"totalTalbottDay":0}|0x72d0f70e
07:44:06.0 (79500342)|STATEMENT_EXECUTE|[269]
07:44:06.0 (79501710)|STATEMENT_EXECUTE|[270]
07:44:06.0 (79558202)|VARIABLE_ASSIGNMENT|[EXTERNAL]|this|{"estmtCvrgeDaysObj":"0x45a8f64c","faciltyOptions":"0x6c157122","fcltyPrgrmOptions":"0x5ad69145","idToOwnershipFacilit (4 more) ...":"0x4f20511d","idToTypeFacilityMap":"0x4db8d423","insrncBnftMap":"0x6dbb25f9","insrncBnftOptions":"0x64d1c467","isIop":false,"isTalbott":false,"meta":"0x2934d959","oppId":"00629000004NTeZ","pawObj":"0x22260990","ptntInsrnceOptions":"0x6fbd74a0","ptntInsrncMap":"0x6efdd652","ptntInsrncObj":"0x66bed015","quoteObj":"0x46416585","recordId":"00629000004NTeZ","rtAdjstmntOptions":"0x742711fe","showPILookup":false,"sObjectQueryStr":"","wrprObj":"0x72d0f70e"}|0x232e44bd
07:44:06.0 (79606672)|VARIABLE_ASSIGNMENT|[EXTERNAL]|this|{"insrncBnft":"0x1d397f3a","insrncBnftSelected":"","pawDetailListDisplay (4 more) ...":false,"pyAgrmntWrksht":"0x6a61b759","relatedPAWDetailsLis (1 more) ...":"0x678c576","targetEDR":0.00,"totalAppliedDeductib (2 more) ...":0.00,"totalCoInsurance":0.00,"totalCoPayAmt":0.00,"totalInsCoResp":0.00,"totalInsEIVAmt":0.00,"totalRowCount":0,"totalTalbottDay":0}|0x72d0f70e
07:44:06.0 (79615333)|VARIABLE_ASSIGNMENT|[EXTERNAL]|value|null|
07:44:06.0 (79622030)|VARIABLE_ASSIGNMENT|[525]|this.insrncBnft|null|0x72d0f70e
07:44:06.0 (79629311)|STATEMENT_EXECUTE|[272]
07:44:06.0 (80398928)|SYSTEM_MODE_ENTER|true
07:44:06.0 (80647997)|SYSTEM_MODE_ENTER|true
07:44:06.0 (80682147)|HEAP_ALLOCATE|[EXTERNAL]|Bytes:112
07:44:06.0 (80689247)|VARIABLE_SCOPE_BEGIN|[379]|this|PAW_New_EditCntrllr|true|false
07:44:06.0 (80756032)|VARIABLE_ASSIGNMENT|[379]|this|{"estmtCvrgeDaysObj":"0x45a8f64c","faciltyOptions":"0x6c157122","fcltyPrgrmOptions":"0x5ad69145","idToOwnershipFacilit (4 more) ...":"0x4f20511d","idToTypeFacilityMap":"0x4db8d423","insrncBnftMap":"0x6dbb25f9","insrncBnftOptions":"0x64d1c467","isIop":false,"isTalbott":false,"meta":"0x2934d959","oppId":"00629000004NTeZ","pawObj":"0x22260990","ptntInsrnceOptions":"0x6fbd74a0","ptntInsrncMap":"0x6efdd652","ptntInsrncObj":"0x66bed015","quoteObj":"0x46416585","recordId":"00629000004NTeZ","rtAdjstmntOptions":"0x742711fe","showPILookup":false,"sObjectQueryStr":"","wrprObj":"0x72d0f70e"}|0x232e44bd
07:44:06.0 (80770643)|STATEMENT_EXECUTE|[379]
07:44:06.0 (80772128)|STATEMENT_EXECUTE|[380]
07:44:06.0 (80787707)|HEAP_ALLOCATE|[380]|Bytes:4
07:44:06.0 (80834571)|HEAP_ALLOCATE|[EXTERNAL]|Bytes:4
07:44:06.0 (80844476)|VARIABLE_ASSIGNMENT|[380]|this.rtAdjstmntOptions|[]|0x232e44bd
07:44:06.0 (80849480)|STATEMENT_EXECUTE|[381]
07:44:06.0 (80855434)|HEAP_ALLOCATE|[381]|Bytes:8
07:44:06.0 (80894296)|HEAP_ALLOCATE|[EXTERNAL]|Bytes:4
07:44:06.0 (80965578)|VARIABLE_ASSIGNMENT|[EXTERNAL]|this|{"estmtCvrgeDaysObj":"0x45a8f64c","faciltyOptions":"0x6c157122","fcltyPrgrmOptions":"0x5ad69145","idToOwnershipFacilit (4 more) ...":"0x4f20511d","idToTypeFacilityMap":"0x4db8d423","insrncBnftMap":"0x6dbb25f9","insrncBnftOptions":"0x64d1c467","isIop":false,"isTalbott":false,"meta":"0x2934d959","oppId":"00629000004NTeZ","pawObj":"0x22260990","ptntInsrnceOptions":"0x6fbd74a0","ptntInsrncMap":"0x6efdd652","ptntInsrncObj":"0x66bed015","quoteObj":"0x46416585","recordId":"00629000004NTeZ","rtAdjstmntOptions":"0x5e9f80a3","showPILookup":false,"sObjectQueryStr":"","wrprObj":"0x72d0f70e"}|0x232e44bd
07:44:06.0 (81023259)|VARIABLE_ASSIGNMENT|[EXTERNAL]|this|{"insrncBnftSelected":"","pawDetailListDisplay (4 more) ...":false,"pyAgrmntWrksht":"0x6a61b759","relatedPAWDetailsLis (1 more) ...":"0x678c576","targetEDR":0.00,"totalAppliedDeductib (2 more) ...":0.00,"totalCoInsurance":0.00,"totalCoPayAmt":0.00,"totalInsCoResp":0.00,"totalInsEIVAmt":0.00,"totalRowCount":0,"totalTalbottDay":0}|0x72d0f70e
07:44:06.0 (81037046)|STATEMENT_EXECUTE|[382]
07:44:06.0 (81038344)|STATEMENT_EXECUTE|[400]
07:44:06.0 (81321255)|SYSTEM_MODE_ENTER|true
07:44:06.0 (86725181)|VF_SERIALIZE_VIEWSTATE_BEGIN|0660a0000009uTC
07:44:06.0 (93582428)|VF_SERIALIZE_VIEWSTATE_END
07:44:06.99 (99137572)|CUMULATIVE_LIMIT_USAGE
07:44:06.99 (99137572)|LIMIT_USAGE_FOR_NS|(default)|
  Number of SOQL queries: 2 out of 100
  Number of query rows: 6 out of 50000
  Number of SOSL queries: 0 out of 20
  Number of DML statements: 0 out of 150
  Number of DML rows: 0 out of 10000
  Maximum CPU time: 0 out of 10000
  Maximum heap size: 0 out of 6000000
  Number of callouts: 0 out of 100
  Number of Email Invocations: 0 out of 10
  Number of future calls: 0 out of 50
  Number of queueable jobs added to the queue: 0 out of 50
  Number of Mobile Apex push calls: 0 out of 10

07:44:06.99 (99137572)|CUMULATIVE_LIMIT_USAGE_END

07:44:06.0 (99172849)|CODE_UNIT_FINISHED|VF: /apex/PAW_New_Edit
07:44:06.0 (99905332)|EXECUTION_FINISHED
