37.0 APEX_CODE,FINEST;APEX_PROFILING,INFO;CALLOUT,INFO;DB,INFO;SYSTEM,DEBUG;VALIDATION,INFO;VISUALFORCE,INFO;WAVE,INFO;WORKFLOW,FINER
08:36:40.0 (295974)|USER_INFO|[EXTERNAL]|00529000000zYiy|bhakti.gujrathi@eternussolutions.com.frnstgng|Central Standard Time|GMT-06:00
08:36:40.0 (329337)|EXECUTION_STARTED
08:36:40.0 (332590)|CODE_UNIT_STARTED|[EXTERNAL]|0660a0000009uTC|VF: /apex/PAW_New_Edit
08:36:40.0 (865513)|VF_DESERIALIZE_VIEWSTATE_BEGIN|0660a0000009uTC
08:36:40.0 (9757851)|HEAP_ALLOCATE|[72]|Bytes:3
08:36:40.0 (9796184)|HEAP_ALLOCATE|[77]|Bytes:152
08:36:40.0 (9809091)|HEAP_ALLOCATE|[342]|Bytes:408
08:36:40.0 (9820613)|HEAP_ALLOCATE|[355]|Bytes:408
08:36:40.0 (9832679)|HEAP_ALLOCATE|[467]|Bytes:48
08:36:40.0 (9860558)|HEAP_ALLOCATE|[139]|Bytes:6
08:36:40.0 (9884080)|HEAP_ALLOCATE|[50]|Bytes:5
08:36:40.0 (9903638)|HEAP_ALLOCATE|[56]|Bytes:5
08:36:40.0 (9910798)|HEAP_ALLOCATE|[64]|Bytes:7
08:36:40.0 (14169759)|VARIABLE_SCOPE_BEGIN|[35]|PAW_New_EditCntrllr.globalSchemaMap|Map<String,Schema.SObjectType>|true|true
08:36:40.0 (14185138)|VARIABLE_SCOPE_BEGIN|[3]|PAW_New_EditCntrllr.yearEndMode|Boolean|false|true
08:36:40.0 (19331722)|VF_DESERIALIZE_VIEWSTATE_END
08:36:40.20 (20424031)|SYSTEM_MODE_ENTER|true
08:36:40.20 (20499704)|HEAP_ALLOCATE|[EXTERNAL]|Bytes:38
08:36:40.20 (20509885)|HEAP_ALLOCATE|[EXTERNAL]|Bytes:7
08:36:40.20 (20525128)|SYSTEM_METHOD_ENTRY|[1]|PageMessagesComponentController.PageMessagesComponentController()
08:36:40.20 (20530528)|STATEMENT_EXECUTE|[1]
08:36:40.21 (21332592)|SYSTEM_MODE_ENTER|true
08:36:40.21 (21384183)|HEAP_ALLOCATE|[EXTERNAL]|Bytes:8
08:36:40.21 (21391983)|VARIABLE_SCOPE_BEGIN|[88]|this|ApexPage.PageMessagesComponentController|true|false
08:36:40.21 (21483007)|VARIABLE_ASSIGNMENT|[88]|this|{}|0xcec7da3
08:36:40.21 (21490499)|VARIABLE_SCOPE_BEGIN|[88]|escape|Boolean|false|false
08:36:40.21 (21499169)|VARIABLE_ASSIGNMENT|[88]|escape|null
08:36:40.0 (21752955)|SYSTEM_MODE_ENTER|true
08:36:40.0 (21779762)|HEAP_ALLOCATE|[EXTERNAL]|Bytes:11
08:36:40.0 (21790970)|HEAP_ALLOCATE|[EXTERNAL]|Bytes:304
08:36:40.0 (21795313)|HEAP_ALLOCATE|[EXTERNAL]|Bytes:98
08:36:40.0 (21799051)|HEAP_ALLOCATE|[EXTERNAL]|Bytes:14
08:36:40.0 (21808907)|METHOD_ENTRY|[1]|01p0a000004sKzV|PAW_New_EditCntrllr.PAW_New_EditCntrllr()
08:36:40.0 (21814076)|STATEMENT_EXECUTE|[1]
08:36:40.0 (21817376)|STATEMENT_EXECUTE|[1]
08:36:40.0 (21818493)|STATEMENT_EXECUTE|[3]
08:36:40.0 (23243578)|VARIABLE_SCOPE_BEGIN|[3]|PAW_YearEnd_Config.setting|Year_End_PAW_Settings__c|true|true
08:36:40.0 (23263697)|HEAP_ALLOCATE|[3]|Bytes:1
08:36:40.0 (23274944)|HEAP_ALLOCATE|[3]|Bytes:1
08:36:40.0 (23288346)|METHOD_ENTRY|[1]|01p29000000Aswf|PAW_YearEnd_Config.PAW_YearEnd_Config()
08:36:40.0 (23293645)|STATEMENT_EXECUTE|[1]
08:36:40.0 (23296953)|STATEMENT_EXECUTE|[1]
08:36:40.0 (23314911)|SYSTEM_MODE_ENTER|false
08:36:40.0 (23322179)|HEAP_ALLOCATE|[3]|Bytes:5
08:36:40.0 (23328645)|SYSTEM_MODE_EXIT|false
08:36:40.0 (23336044)|METHOD_EXIT|[1]|PAW_YearEnd_Config
08:36:40.0 (23353543)|METHOD_ENTRY|[3]|01p29000000Aswf|PAW_YearEnd_Config.fetch()
08:36:40.0 (23386376)|SYSTEM_MODE_ENTER|false
08:36:40.0 (23392427)|HEAP_ALLOCATE|[6]|Bytes:5
08:36:40.0 (23396793)|STATEMENT_EXECUTE|[5]
08:36:40.0 (23400852)|STATEMENT_EXECUTE|[7]
08:36:40.0 (24559445)|HEAP_ALLOCATE|[7]|Bytes:20
08:36:40.0 (24611064)|VARIABLE_ASSIGNMENT|[7]|PAW_YearEnd_Config.setting|{"IsDeleted":false,"Name":"Year End PAW Setting (11 more) ...","SetupOwnerId":"00529000000zYiyAAE","Year_End_Mode_Enable (4 more) ...":false}|0x44b4e5de
08:36:40.0 (24619257)|STATEMENT_EXECUTE|[9]
08:36:40.0 (24622659)|HEAP_ALLOCATE|[9]|Bytes:14
08:36:40.0 (24774358)|HEAP_ALLOCATE|[9]|Bytes:145
08:36:40.0 (24800614)|HEAP_ALLOCATE|[9]|Bytes:159
08:36:40.0 (24822770)|USER_DEBUG|[9]|DEBUG|>>> setting : Year_End_PAW_Settings__c:{IsDeleted=false, Name=Year End PAW Settings (Profile), SetupOwnerId=00529000000zYiyAAE, Year_End_Mode_Enabled__c=false}
08:36:40.0 (24832743)|STATEMENT_EXECUTE|[10]
08:36:40.0 (24838733)|SYSTEM_MODE_EXIT|false
08:36:40.0 (24847096)|METHOD_EXIT|[3]|01p29000000Aswf|PAW_YearEnd_Config.fetch()
08:36:40.0 (24888436)|VARIABLE_ASSIGNMENT|[3]|PAW_New_EditCntrllr.yearEndMode|false
08:36:40.0 (24893808)|STATEMENT_EXECUTE|[524]
08:36:40.0 (24899857)|METHOD_EXIT|[1]|PAW_New_EditCntrllr
08:36:40.0 (26312979)|SYSTEM_MODE_ENTER|true
08:36:40.0 (28055423)|SYSTEM_MODE_ENTER|true
08:36:40.0 (28124348)|HEAP_ALLOCATE|[EXTERNAL]|Bytes:476
08:36:40.0 (28136035)|HEAP_ALLOCATE|[EXTERNAL]|Bytes:71
08:36:40.0 (32616742)|SYSTEM_MODE_ENTER|true
08:36:40.0 (32690707)|SYSTEM_MODE_ENTER|true
08:36:40.0 (37107768)|SYSTEM_MODE_ENTER|true
08:36:40.0 (37313908)|HEAP_ALLOCATE|[EXTERNAL]|Bytes:112
08:36:40.0 (37329156)|VARIABLE_SCOPE_BEGIN|[186]|this|PAW_New_EditCntrllr|true|false
08:36:40.0 (37484834)|VARIABLE_ASSIGNMENT|[186]|this|{"estmtCvrgeDaysObj":"0x8fe2130","faciltyOptions":"0x525f5a43","fcltyPrgrmOptions":"0x2dad58eb","idToOwnershipFacilit (4 more) ...":"0x1759484d","idToTypeFacilityMap":"0x6ed70c37","insrncBnftMap":"0x4672deec","insrncBnftOptions":"0x1dfacc9","isIop":false,"isTalbott":false,"meta":"0x5c99979f","oppId":"00629000004NTeZ","pawObj":"0xa799e8f","ptntInsrnceOptions":"0x5aaca492","ptntInsrncMap":"0x26e9f2ea","ptntInsrncObj":"0x365cacc7","quoteObj":"0x7017c165","recordId":"00629000004NTeZ","rtAdjstmntOptions":"0x4fa063c1","showPILookup":false,"sObjectQueryStr":"","wrprObj":"0x3bcbf613"}|0x2649e41d
08:36:40.0 (37507769)|STATEMENT_EXECUTE|[186]
08:36:40.0 (37509927)|STATEMENT_EXECUTE|[190]
08:36:40.0 (37532613)|HEAP_ALLOCATE|[190]|Bytes:4
08:36:40.0 (37607453)|HEAP_ALLOCATE|[EXTERNAL]|Bytes:4
08:36:40.0 (37620749)|VARIABLE_ASSIGNMENT|[190]|this.ptntInsrnceOptions|[]|0x2649e41d
08:36:40.0 (37625563)|STATEMENT_EXECUTE|[191]
08:36:40.0 (37635724)|HEAP_ALLOCATE|[191]|Bytes:12
08:36:40.0 (37705595)|HEAP_ALLOCATE|[EXTERNAL]|Bytes:4
08:36:40.0 (37715764)|STATEMENT_EXECUTE|[192]
08:36:40.0 (37747248)|HEAP_ALLOCATE|[192]|Bytes:4
08:36:40.0 (37753662)|HEAP_ALLOCATE|[192]|Bytes:95
08:36:40.0 (37767264)|HEAP_ALLOCATE|[192]|Bytes:4
08:36:40.0 (37778697)|HEAP_ALLOCATE|[192]|Bytes:7
08:36:40.0 (38098487)|SOQL_EXECUTE_BEGIN|[192]|Aggregations:0|SELECT Id, Name, Insurance_Company__c FROM Patient_Insurance__c WHERE Opportunity__c = :tmpVar1
08:36:40.0 (43678029)|SOQL_EXECUTE_END|[192]|Rows:4
08:36:40.0 (43704924)|HEAP_ALLOCATE|[192]|Bytes:20
08:36:40.0 (43733979)|HEAP_ALLOCATE|[192]|Bytes:449
08:36:40.0 (43807096)|HEAP_ALLOCATE|[192]|Bytes:20
08:36:40.0 (43852990)|HEAP_ALLOCATE|[192]|Bytes:16
08:36:40.0 (43865829)|HEAP_ALLOCATE|[192]|Bytes:4
08:36:40.0 (43871802)|HEAP_ALLOCATE|[192]|Bytes:16
08:36:40.0 (43876224)|HEAP_ALLOCATE|[192]|Bytes:4
08:36:40.0 (43879573)|HEAP_ALLOCATE|[192]|Bytes:16
08:36:40.0 (43883551)|HEAP_ALLOCATE|[192]|Bytes:4
08:36:40.0 (43886403)|HEAP_ALLOCATE|[192]|Bytes:16
08:36:40.0 (43890496)|HEAP_ALLOCATE|[192]|Bytes:4
08:36:40.0 (43944809)|VARIABLE_ASSIGNMENT|[192]|this.ptntInsrncMap|{"a1b29000000l40nAAA":{"Id":"a1b29000000l40nAAA","Name":"Maria Johnson - BCBS (17 more) ...","Insurance_Company__c":"0012900000AXSPBAA5"},"a1b29000000lvHQAAY":{"Id":"a1b29000000lvHQAAY","Name":"Maria Johnson - Valu (23 more) ...","Insurance_Company__c":"0012900000AXSP3AAP"},"a1b29000000lvHVAAY":{"Id":"a1b29000000lvHVAAY","Name":"Maria Johnson - Priv (7 more) ...","Insurance_Company__c":"0012900000AXSDqAAP"},"a1b29000000ly7uAAA":{"Id":"a1b29000000ly7uAAA","Name":"Maria Johnson - Alle (6 more) ...","Insurance_Company__c":"0012900000AXSlPAAX"}}|0x2649e41d
08:36:40.0 (43995738)|HEAP_ALLOCATE|[EXTERNAL]|Bytes:20
08:36:40.0 (44009391)|HEAP_ALLOCATE|[197]|Bytes:465
08:36:40.0 (44155247)|HEAP_ALLOCATE|[197]|Bytes:5
08:36:40.0 (44171164)|HEAP_ALLOCATE|[197]|Bytes:16
08:36:40.0 (44181713)|VARIABLE_SCOPE_BEGIN|[197]|ptntInsrnceInstance|Patient_Insurance__c|true|false
08:36:40.0 (44199910)|VARIABLE_ASSIGNMENT|[197]|ptntInsrnceInstance|{"Id":"a1b29000000l40nAAA","Name":"Maria Johnson - BCBS (17 more) ...","Insurance_Company__c":"0012900000AXSPBAA5"}|0x10767dfb
08:36:40.0 (44206667)|STATEMENT_EXECUTE|[197]
08:36:40.0 (44208437)|STATEMENT_EXECUTE|[198]
08:36:40.0 (44256477)|HEAP_ALLOCATE|[198]|Bytes:18
08:36:40.0 (44334895)|HEAP_ALLOCATE|[EXTERNAL]|Bytes:4
08:36:40.0 (44351043)|HEAP_ALLOCATE|[197]|Bytes:5
08:36:40.0 (44361345)|HEAP_ALLOCATE|[197]|Bytes:16
08:36:40.0 (44368584)|VARIABLE_SCOPE_BEGIN|[197]|ptntInsrnceInstance|Patient_Insurance__c|true|false
08:36:40.0 (44383365)|VARIABLE_ASSIGNMENT|[197]|ptntInsrnceInstance|{"Id":"a1b29000000lvHQAAY","Name":"Maria Johnson - Valu (23 more) ...","Insurance_Company__c":"0012900000AXSP3AAP"}|0x6ba2fd20
08:36:40.0 (44389381)|STATEMENT_EXECUTE|[197]
08:36:40.0 (44390640)|STATEMENT_EXECUTE|[198]
08:36:40.0 (44401868)|HEAP_ALLOCATE|[198]|Bytes:18
08:36:40.0 (44415796)|HEAP_ALLOCATE|[EXTERNAL]|Bytes:4
08:36:40.0 (44425521)|HEAP_ALLOCATE|[197]|Bytes:5
08:36:40.0 (44433567)|HEAP_ALLOCATE|[197]|Bytes:16
08:36:40.0 (44438436)|VARIABLE_SCOPE_BEGIN|[197]|ptntInsrnceInstance|Patient_Insurance__c|true|false
08:36:40.0 (44450830)|VARIABLE_ASSIGNMENT|[197]|ptntInsrnceInstance|{"Id":"a1b29000000lvHVAAY","Name":"Maria Johnson - Priv (7 more) ...","Insurance_Company__c":"0012900000AXSDqAAP"}|0x766a75c1
08:36:40.0 (44456487)|STATEMENT_EXECUTE|[197]
08:36:40.0 (44457718)|STATEMENT_EXECUTE|[198]
08:36:40.0 (44465168)|HEAP_ALLOCATE|[198]|Bytes:18
08:36:40.0 (44475818)|HEAP_ALLOCATE|[EXTERNAL]|Bytes:4
08:36:40.0 (44484749)|HEAP_ALLOCATE|[197]|Bytes:5
08:36:40.0 (44491458)|HEAP_ALLOCATE|[197]|Bytes:16
08:36:40.0 (44495841)|VARIABLE_SCOPE_BEGIN|[197]|ptntInsrnceInstance|Patient_Insurance__c|true|false
08:36:40.0 (44506644)|VARIABLE_ASSIGNMENT|[197]|ptntInsrnceInstance|{"Id":"a1b29000000ly7uAAA","Name":"Maria Johnson - Alle (6 more) ...","Insurance_Company__c":"0012900000AXSlPAAX"}|0x2317561f
08:36:40.0 (44512018)|STATEMENT_EXECUTE|[197]
08:36:40.0 (44517336)|STATEMENT_EXECUTE|[198]
08:36:40.0 (44524064)|HEAP_ALLOCATE|[198]|Bytes:18
08:36:40.0 (44533994)|HEAP_ALLOCATE|[EXTERNAL]|Bytes:4
08:36:40.0 (44542722)|HEAP_ALLOCATE|[197]|Bytes:5
08:36:40.0 (44551472)|VARIABLE_ASSIGNMENT|[197]|ptntInsrnceInstance|null|
08:36:40.0 (44556182)|STATEMENT_EXECUTE|[201]
08:36:40.49 (49607912)|SYSTEM_MODE_ENTER|true
08:36:40.49 (49672004)|HEAP_ALLOCATE|[EXTERNAL]|Bytes:8
08:36:40.49 (49681600)|VARIABLE_SCOPE_BEGIN|[88]|this|ApexPage.PageMessagesComponentController|true|false
08:36:40.49 (49713224)|VARIABLE_ASSIGNMENT|[88]|this|{}|0xcec7da3
08:36:40.49 (49719382)|VARIABLE_SCOPE_BEGIN|[88]|escape|Boolean|false|false
08:36:40.49 (49725970)|VARIABLE_ASSIGNMENT|[88]|escape|null
08:36:40.0 (50433599)|HEAP_ALLOCATE|[EXTERNAL]|Bytes:84
08:36:40.0 (50448457)|VARIABLE_ASSIGNMENT|[EXTERNAL]|this.insrncBnftSelected|null|0x3bcbf613
08:36:40.0 (50502962)|HEAP_ALLOCATE|[EXTERNAL]|Bytes:84
08:36:40.0 (50511623)|VARIABLE_ASSIGNMENT|[EXTERNAL]|this.facilitySelected|null|0x3bcbf613
08:36:40.0 (50560619)|HEAP_ALLOCATE|[EXTERNAL]|Bytes:84
08:36:40.0 (50568572)|VARIABLE_ASSIGNMENT|[EXTERNAL]|this.rateAdjstmntSelected|null|0x3bcbf613
08:36:40.0 (50612392)|HEAP_ALLOCATE|[EXTERNAL]|Bytes:84
08:36:40.0 (50619311)|VARIABLE_ASSIGNMENT|[EXTERNAL]|this.fcltyPrgrmSelected|null|0x3bcbf613
08:36:40.0 (54266720)|HEAP_ALLOCATE|[EXTERNAL]|Bytes:112
08:36:40.0 (54280703)|VARIABLE_SCOPE_BEGIN|[205]|this|PAW_New_EditCntrllr|true|false
08:36:40.0 (54366319)|VARIABLE_ASSIGNMENT|[205]|this|{"estmtCvrgeDaysObj":"0x8fe2130","faciltyOptions":"0x525f5a43","fcltyPrgrmOptions":"0x2dad58eb","idToOwnershipFacilit (4 more) ...":"0x1759484d","idToTypeFacilityMap":"0x6ed70c37","insrncBnftMap":"0x4672deec","insrncBnftOptions":"0x1dfacc9","isIop":false,"isTalbott":false,"meta":"0x5c99979f","oppId":"00629000004NTeZ","pawObj":"0xa799e8f","ptntInsrnceOptions":"0xd710412","ptntInsrncMap":"0x62ee20de","ptntInsrncObj":"0x365cacc7","quoteObj":"0x7017c165","recordId":"00629000004NTeZ","rtAdjstmntOptions":"0x4fa063c1","showPILookup":false,"sObjectQueryStr":"","wrprObj":"0x3bcbf613"}|0x2649e41d
08:36:40.0 (54384694)|STATEMENT_EXECUTE|[205]
08:36:40.0 (54466388)|VARIABLE_ASSIGNMENT|[EXTERNAL]|this|{"estmtCvrgeDaysObj":"0x8fe2130","faciltyOptions":"0x525f5a43","fcltyPrgrmOptions":"0x2dad58eb","idToOwnershipFacilit (4 more) ...":"0x1759484d","idToTypeFacilityMap":"0x6ed70c37","insrncBnftMap":"0x4672deec","insrncBnftOptions":"0x1dfacc9","isIop":false,"isTalbott":false,"meta":"0x5c99979f","oppId":"00629000004NTeZ","pawObj":"0xa799e8f","ptntInsrnceOptions":"0xd710412","ptntInsrncMap":"0x62ee20de","ptntInsrncObj":"0x365cacc7","quoteObj":"0x7017c165","recordId":"00629000004NTeZ","rtAdjstmntOptions":"0x4fa063c1","showPILookup":false,"sObjectQueryStr":"","wrprObj":"0x3bcbf613"}|0x2649e41d
08:36:40.0 (54561719)|VARIABLE_ASSIGNMENT|[EXTERNAL]|this|{"pawDetailListDisplay (4 more) ...":false,"pyAgrmntWrksht":"0x4e1ca1df","relatedPAWDetailsLis (1 more) ...":"0x5de79012","targetEDR":0.00,"totalAppliedDeductib (2 more) ...":0.00,"totalCoInsurance":0.00,"totalCoPayAmt":0.00,"totalInsCoResp":0.00,"totalInsEIVAmt":0.00,"totalRowCount":0,"totalTalbottDay":0.00}|0x3bcbf613
08:36:40.0 (54615097)|STATEMENT_EXECUTE|[206]
08:36:40.0 (54616864)|STATEMENT_EXECUTE|[207]
08:36:40.0 (54686620)|VARIABLE_ASSIGNMENT|[EXTERNAL]|this|{"estmtCvrgeDaysObj":"0x8fe2130","faciltyOptions":"0x525f5a43","fcltyPrgrmOptions":"0x2dad58eb","idToOwnershipFacilit (4 more) ...":"0x1759484d","idToTypeFacilityMap":"0x6ed70c37","insrncBnftMap":"0x4672deec","insrncBnftOptions":"0x1dfacc9","isIop":false,"isTalbott":false,"meta":"0x5c99979f","oppId":"00629000004NTeZ","pawObj":"0xa799e8f","ptntInsrnceOptions":"0xd710412","ptntInsrncMap":"0x62ee20de","ptntInsrncObj":"0x365cacc7","quoteObj":"0x7017c165","recordId":"00629000004NTeZ","rtAdjstmntOptions":"0x4fa063c1","showPILookup":false,"sObjectQueryStr":"","wrprObj":"0x3bcbf613"}|0x2649e41d
08:36:40.0 (54740346)|VARIABLE_ASSIGNMENT|[EXTERNAL]|this|{"pawDetailListDisplay (4 more) ...":false,"pyAgrmntWrksht":"0x4e1ca1df","relatedPAWDetailsLis (1 more) ...":"0x5de79012","targetEDR":0.00,"totalAppliedDeductib (2 more) ...":0.00,"totalCoInsurance":0.00,"totalCoPayAmt":0.00,"totalInsCoResp":0.00,"totalInsEIVAmt":0.00,"totalRowCount":0,"totalTalbottDay":0.00}|0x3bcbf613
08:36:40.0 (54830648)|VARIABLE_ASSIGNMENT|[EXTERNAL]|this|{"estmtCvrgeDaysObj":"0x8fe2130","faciltyOptions":"0x525f5a43","fcltyPrgrmOptions":"0x2dad58eb","idToOwnershipFacilit (4 more) ...":"0x1759484d","idToTypeFacilityMap":"0x6ed70c37","insrncBnftMap":"0x4672deec","insrncBnftOptions":"0x1dfacc9","isIop":false,"isTalbott":false,"meta":"0x5c99979f","oppId":"00629000004NTeZ","pawObj":"0xa799e8f","ptntInsrnceOptions":"0xd710412","ptntInsrncMap":"0x62ee20de","ptntInsrncObj":"0x365cacc7","quoteObj":"0x7017c165","recordId":"00629000004NTeZ","rtAdjstmntOptions":"0x4fa063c1","showPILookup":false,"sObjectQueryStr":"","wrprObj":"0x3bcbf613"}|0x2649e41d
08:36:40.0 (54854226)|VARIABLE_ASSIGNMENT|[EXTERNAL]|value|{"Id":"a1b29000000lvHQAAY","Name":"Maria Johnson - Valu (23 more) ...","Insurance_Company__c":"0012900000AXSP3AAP"}|0x6ba2fd20
08:36:40.0 (54869542)|VARIABLE_ASSIGNMENT|[18]|this.ptntInsrncObj|{"Id":"a1b29000000lvHQAAY","Name":"Maria Johnson - Valu (23 more) ...","Insurance_Company__c":"0012900000AXSP3AAP"}|0x2649e41d
08:36:40.0 (54879085)|STATEMENT_EXECUTE|[211]
08:36:40.0 (54938409)|VARIABLE_ASSIGNMENT|[EXTERNAL]|this|{"estmtCvrgeDaysObj":"0x8fe2130","faciltyOptions":"0x525f5a43","fcltyPrgrmOptions":"0x2dad58eb","idToOwnershipFacilit (4 more) ...":"0x1759484d","idToTypeFacilityMap":"0x6ed70c37","insrncBnftMap":"0x4672deec","insrncBnftOptions":"0x1dfacc9","isIop":false,"isTalbott":false,"meta":"0x5c99979f","oppId":"00629000004NTeZ","pawObj":"0xa799e8f","ptntInsrnceOptions":"0xd710412","ptntInsrncMap":"0x62ee20de","ptntInsrncObj":"0x6ba2fd20","quoteObj":"0x7017c165","recordId":"00629000004NTeZ","rtAdjstmntOptions":"0x4fa063c1","showPILookup":false,"sObjectQueryStr":"","wrprObj":"0x3bcbf613"}|0x2649e41d
08:36:40.0 (54995855)|VARIABLE_ASSIGNMENT|[EXTERNAL]|this|{"pawDetailListDisplay (4 more) ...":false,"pyAgrmntWrksht":"0x4e1ca1df","relatedPAWDetailsLis (1 more) ...":"0x5de79012","targetEDR":0.00,"totalAppliedDeductib (2 more) ...":0.00,"totalCoInsurance":0.00,"totalCoPayAmt":0.00,"totalInsCoResp":0.00,"totalInsEIVAmt":0.00,"totalRowCount":0,"totalTalbottDay":0.00}|0x3bcbf613
08:36:40.0 (55007020)|VARIABLE_ASSIGNMENT|[EXTERNAL]|value|""
08:36:40.0 (55015842)|VARIABLE_ASSIGNMENT|[527]|this.insrncBnftSelected|""|0x3bcbf613
08:36:40.0 (55022837)|STATEMENT_EXECUTE|[212]
08:36:40.0 (55058494)|METHOD_ENTRY|[212]|01p0a000004sKzV|PAW_New_EditCntrllr.updateWraperValues()
08:36:40.0 (55081259)|VARIABLE_SCOPE_BEGIN|[404]|this|PAW_New_EditCntrllr|true|false
08:36:40.0 (55136470)|VARIABLE_ASSIGNMENT|[404]|this|{"estmtCvrgeDaysObj":"0x8fe2130","faciltyOptions":"0x525f5a43","fcltyPrgrmOptions":"0x2dad58eb","idToOwnershipFacilit (4 more) ...":"0x1759484d","idToTypeFacilityMap":"0x6ed70c37","insrncBnftMap":"0x4672deec","insrncBnftOptions":"0x1dfacc9","isIop":false,"isTalbott":false,"meta":"0x5c99979f","oppId":"00629000004NTeZ","pawObj":"0xa799e8f","ptntInsrnceOptions":"0xd710412","ptntInsrncMap":"0x62ee20de","ptntInsrncObj":"0x6ba2fd20","quoteObj":"0x7017c165","recordId":"00629000004NTeZ","rtAdjstmntOptions":"0x4fa063c1","showPILookup":false,"sObjectQueryStr":"","wrprObj":"0x3bcbf613"}|0x2649e41d
08:36:40.0 (55149333)|STATEMENT_EXECUTE|[404]
08:36:40.0 (55214560)|VARIABLE_ASSIGNMENT|[EXTERNAL]|this|{"estmtCvrgeDaysObj":"0x8fe2130","faciltyOptions":"0x525f5a43","fcltyPrgrmOptions":"0x2dad58eb","idToOwnershipFacilit (4 more) ...":"0x1759484d","idToTypeFacilityMap":"0x6ed70c37","insrncBnftMap":"0x4672deec","insrncBnftOptions":"0x1dfacc9","isIop":false,"isTalbott":false,"meta":"0x5c99979f","oppId":"00629000004NTeZ","pawObj":"0xa799e8f","ptntInsrnceOptions":"0xd710412","ptntInsrncMap":"0x62ee20de","ptntInsrncObj":"0x6ba2fd20","quoteObj":"0x7017c165","recordId":"00629000004NTeZ","rtAdjstmntOptions":"0x4fa063c1","showPILookup":false,"sObjectQueryStr":"","wrprObj":"0x3bcbf613"}|0x2649e41d
08:36:40.0 (55294720)|VARIABLE_ASSIGNMENT|[EXTERNAL]|this|{"estmtCvrgeDaysObj":"0x8fe2130","faciltyOptions":"0x525f5a43","fcltyPrgrmOptions":"0x2dad58eb","idToOwnershipFacilit (4 more) ...":"0x1759484d","idToTypeFacilityMap":"0x6ed70c37","insrncBnftMap":"0x4672deec","insrncBnftOptions":"0x1dfacc9","isIop":false,"isTalbott":false,"meta":"0x5c99979f","oppId":"00629000004NTeZ","pawObj":"0xa799e8f","ptntInsrnceOptions":"0xd710412","ptntInsrncMap":"0x62ee20de","ptntInsrncObj":"0x6ba2fd20","quoteObj":"0x7017c165","recordId":"00629000004NTeZ","rtAdjstmntOptions":"0x4fa063c1","showPILookup":false,"sObjectQueryStr":"","wrprObj":"0x3bcbf613"}|0x2649e41d
08:36:40.0 (55312654)|STATEMENT_EXECUTE|[420]
08:36:40.0 (55314233)|STATEMENT_EXECUTE|[421]
08:36:40.0 (280482120)|VARIABLE_SCOPE_BEGIN|[3]|PAWValueCalculationService.pawObj|Pay_Agreement_Worksheet__c|true|true
08:36:40.0 (280501534)|VARIABLE_SCOPE_BEGIN|[2]|PAWValueCalculationService.skipDML|Boolean|false|true
08:36:40.0 (280525875)|HEAP_ALLOCATE|[421]|Bytes:6
08:36:40.0 (280569035)|METHOD_ENTRY|[1]|01p0a000004sKzO|PAWFrnFacilityService.PAWFrnFacilityService()
08:36:40.0 (280576041)|STATEMENT_EXECUTE|[1]
08:36:40.0 (280582626)|STATEMENT_EXECUTE|[1]
08:36:40.0 (280994507)|SYSTEM_MODE_ENTER|false
08:36:40.0 (281009713)|HEAP_ALLOCATE|[421]|Bytes:5
08:36:40.0 (281019513)|SYSTEM_MODE_EXIT|false
08:36:40.0 (281032545)|METHOD_EXIT|[1]|PAWFrnFacilityService
08:36:40.0 (281054974)|HEAP_ALLOCATE|[421]|Bytes:4
08:36:40.0 (281077127)|CONSTRUCTOR_ENTRY|[421]|01p0a000004sKzO|<init>()
08:36:40.0 (281161954)|VARIABLE_SCOPE_BEGIN|[2]|this|PAWFrnFacilityService|true|false
08:36:40.0 (281222526)|VARIABLE_ASSIGNMENT|[2]|this|{}|0x1de5d15a
08:36:40.0 (281246822)|SYSTEM_MODE_ENTER|false
08:36:40.0 (281253241)|HEAP_ALLOCATE|[2]|Bytes:5
08:36:40.0 (281257598)|STATEMENT_EXECUTE|[1]
08:36:40.0 (281270738)|HEAP_ALLOCATE|[2]|Bytes:5
08:36:40.0 (281283375)|HEAP_ALLOCATE|[2]|Bytes:39
08:36:40.0 (281288815)|HEAP_ALLOCATE|[2]|Bytes:35
08:36:40.0 (281302466)|METHOD_ENTRY|[1]|01p0a000004sKzT|PAWValueCalculationService.PAWValueCalculationService()
08:36:40.0 (281307148)|STATEMENT_EXECUTE|[1]
08:36:40.0 (281309446)|STATEMENT_EXECUTE|[1]
08:36:40.0 (281313508)|METHOD_EXIT|[1]|PAWValueCalculationService
08:36:40.0 (281320380)|CONSTRUCTOR_ENTRY|[2]|01p0a000004sKzT|<init>()
08:36:40.0 (281411533)|VARIABLE_SCOPE_BEGIN|[5]|this|PAWValueCalculationService|true|false
08:36:40.0 (281442651)|VARIABLE_ASSIGNMENT|[5]|this|{}|0x1de5d15a
08:36:40.0 (281453414)|STATEMENT_EXECUTE|[1]
08:36:40.0 (281462363)|HEAP_ALLOCATE|[6]|Bytes:6
08:36:40.0 (281505495)|STATEMENT_EXECUTE|[5]
08:36:40.0 (281508192)|STATEMENT_EXECUTE|[6]
08:36:40.0 (281518155)|HEAP_ALLOCATE|[6]|Bytes:5
08:36:40.0 (281535387)|VARIABLE_ASSIGNMENT|[6]|PAWValueCalculationService.skipDML|false
08:36:40.0 (281544585)|CONSTRUCTOR_EXIT|[2]|01p0a000004sKzT|<init>()
08:36:40.0 (281549513)|STATEMENT_EXECUTE|[2]
08:36:40.0 (281553981)|SYSTEM_MODE_EXIT|false
08:36:40.0 (281560118)|CONSTRUCTOR_EXIT|[421]|01p0a000004sKzO|<init>()
08:36:40.0 (281681893)|VARIABLE_ASSIGNMENT|[EXTERNAL]|this|{"estmtCvrgeDaysObj":"0x8fe2130","faciltyOptions":"0x525f5a43","fcltyPrgrmOptions":"0x2dad58eb","idToOwnershipFacilit (4 more) ...":"0x1759484d","idToTypeFacilityMap":"0x6ed70c37","insrncBnftMap":"0x4672deec","insrncBnftOptions":"0x1dfacc9","isIop":false,"isTalbott":false,"meta":"0x5c99979f","oppId":"00629000004NTeZ","pawObj":"0xa799e8f","ptntInsrnceOptions":"0xd710412","ptntInsrncMap":"0x62ee20de","ptntInsrncObj":"0x6ba2fd20","quoteObj":"0x7017c165","recordId":"00629000004NTeZ","rtAdjstmntOptions":"0x4fa063c1","showPILookup":false,"sObjectQueryStr":"","wrprObj":"0x3bcbf613"}|0x2649e41d
08:36:40.0 (281747065)|METHOD_ENTRY|[421]|01p0a000004sKzO|PAWFrnFacilityService.calculateWraperValuesFRN(PAW_New_EditCntrllr.WraperClass, Map<Id,Facility_Program__c>, Map<Id,Insurance_Company_Rate_Adjustment__c>, Map<Id,Insurance_Benefit__c>, Estimated_Coverage_Days__c)
08:36:40.0 (281777460)|VARIABLE_SCOPE_BEGIN|[7]|this|PAWFrnFacilityService|true|false
08:36:40.0 (281793075)|VARIABLE_ASSIGNMENT|[7]|this|{}|0x1de5d15a
08:36:40.0 (281798146)|VARIABLE_SCOPE_BEGIN|[7]|pWrprObj|PAW_New_EditCntrllr.WraperClass|true|false
08:36:40.0 (281853875)|VARIABLE_ASSIGNMENT|[7]|pWrprObj|{"insrncBnftSelected":"","pawDetailListDisplay (4 more) ...":false,"pyAgrmntWrksht":"0x4e1ca1df","relatedPAWDetailsLis (1 more) ...":"0x5de79012","targetEDR":0.00,"totalAppliedDeductib (2 more) ...":0.00,"totalCoInsurance":0.00,"totalCoPayAmt":0.00,"totalInsCoResp":0.00,"totalInsEIVAmt":0.00,"totalRowCount":0,"totalTalbottDay":0.00}|0x3bcbf613
08:36:40.0 (281864266)|VARIABLE_SCOPE_BEGIN|[7]|pFcltyPrgmMap|Map<Id,Facility_Program__c>|true|false
08:36:40.0 (281870527)|VARIABLE_ASSIGNMENT|[7]|pFcltyPrgmMap|null|
08:36:40.0 (281874515)|VARIABLE_SCOPE_BEGIN|[7]|pCmpnyRateAdjstmntMap|Map<Id,Insurance_Company_Rate_Adjustment__c>|true|false
08:36:40.0 (281880317)|VARIABLE_ASSIGNMENT|[7]|pCmpnyRateAdjstmntMap|null|
08:36:40.0 (281883998)|VARIABLE_SCOPE_BEGIN|[7]|pInsrncBnftMap|Map<Id,Insurance_Benefit__c>|true|false
08:36:40.0 (281894469)|VARIABLE_ASSIGNMENT|[7]|pInsrncBnftMap|{}|0x4672deec
08:36:40.0 (281899685)|VARIABLE_SCOPE_BEGIN|[7]|pEstmtCvrgeDaysObj|Estimated_Coverage_Days__c|true|false
08:36:40.0 (281908593)|VARIABLE_ASSIGNMENT|[7]|pEstmtCvrgeDaysObj|{}|0x8fe2130
08:36:40.0 (281930662)|SYSTEM_MODE_ENTER|false
08:36:40.0 (281936907)|HEAP_ALLOCATE|[13]|Bytes:5
08:36:40.0 (281941356)|STATEMENT_EXECUTE|[12]
08:36:40.0 (281942836)|STATEMENT_EXECUTE|[13]
08:36:40.0 (281960011)|METHOD_ENTRY|[13]|01p0a000004sKzT|PAWValueCalculationService.calculateWraperValues(PAW_New_EditCntrllr.WraperClass, Map<Id,Facility_Program__c>, Map<Id,Insurance_Company_Rate_Adjustment__c>, Map<Id,Insurance_Benefit__c>, Estimated_Coverage_Days__c)
08:36:40.0 (281983360)|VARIABLE_SCOPE_BEGIN|[10]|this|PAWValueCalculationService|true|false
08:36:40.0 (281997766)|VARIABLE_ASSIGNMENT|[10]|this|{}|0x1de5d15a
08:36:40.0 (282002457)|VARIABLE_SCOPE_BEGIN|[10]|pWrprObj|PAW_New_EditCntrllr.WraperClass|true|false
08:36:40.0 (282042505)|VARIABLE_ASSIGNMENT|[10]|pWrprObj|{"insrncBnftSelected":"","pawDetailListDisplay (4 more) ...":false,"pyAgrmntWrksht":"0x4e1ca1df","relatedPAWDetailsLis (1 more) ...":"0x5de79012","targetEDR":0.00,"totalAppliedDeductib (2 more) ...":0.00,"totalCoInsurance":0.00,"totalCoPayAmt":0.00,"totalInsCoResp":0.00,"totalInsEIVAmt":0.00,"totalRowCount":0,"totalTalbottDay":0.00}|0x3bcbf613
08:36:40.0 (282051518)|VARIABLE_SCOPE_BEGIN|[10]|pFcltyPrgmMap|Map<Id,Facility_Program__c>|true|false
08:36:40.0 (282057529)|VARIABLE_ASSIGNMENT|[10]|pFcltyPrgmMap|null|
08:36:40.0 (282061186)|VARIABLE_SCOPE_BEGIN|[10]|pCmpnyRateAdjstmntMap|Map<Id,Insurance_Company_Rate_Adjustment__c>|true|false
08:36:40.0 (282066948)|VARIABLE_ASSIGNMENT|[10]|pCmpnyRateAdjstmntMap|null|
08:36:40.0 (282070452)|VARIABLE_SCOPE_BEGIN|[10]|pInsrncBnftMap|Map<Id,Insurance_Benefit__c>|true|false
08:36:40.0 (282078862)|VARIABLE_ASSIGNMENT|[10]|pInsrncBnftMap|{}|0x4672deec
08:36:40.0 (282083624)|VARIABLE_SCOPE_BEGIN|[10]|pEstmtCvrgeDaysObj|Estimated_Coverage_Days__c|true|false
08:36:40.0 (282090172)|VARIABLE_ASSIGNMENT|[10]|pEstmtCvrgeDaysObj|{}|0x8fe2130
08:36:40.0 (282096311)|STATEMENT_EXECUTE|[14]
08:36:40.0 (282097475)|STATEMENT_EXECUTE|[16]
08:36:40.0 (282147047)|VARIABLE_ASSIGNMENT|[EXTERNAL]|this|{"insrncBnftSelected":"","pawDetailListDisplay (4 more) ...":false,"pyAgrmntWrksht":"0x4e1ca1df","relatedPAWDetailsLis (1 more) ...":"0x5de79012","targetEDR":0.00,"totalAppliedDeductib (2 more) ...":0.00,"totalCoInsurance":0.00,"totalCoPayAmt":0.00,"totalInsCoResp":0.00,"totalInsEIVAmt":0.00,"totalRowCount":0,"totalTalbottDay":0.00}|0x3bcbf613
08:36:40.0 (282245512)|VARIABLE_ASSIGNMENT|[16]|this.Rate_Adjustment_Type__c|null|0x4e1ca1df
08:36:40.0 (282315163)|VARIABLE_ASSIGNMENT|[EXTERNAL]|this|{"insrncBnftSelected":"","pawDetailListDisplay (4 more) ...":false,"pyAgrmntWrksht":"0x4e1ca1df","relatedPAWDetailsLis (1 more) ...":"0x5de79012","targetEDR":0.00,"totalAppliedDeductib (2 more) ...":0.00,"totalCoInsurance":0.00,"totalCoPayAmt":0.00,"totalInsCoResp":0.00,"totalInsEIVAmt":0.00,"totalRowCount":0,"totalTalbottDay":0.00}|0x3bcbf613
08:36:40.0 (282334248)|STATEMENT_EXECUTE|[17]
08:36:40.0 (282335855)|STATEMENT_EXECUTE|[24]
08:36:40.0 (282380760)|VARIABLE_ASSIGNMENT|[EXTERNAL]|this|{"insrncBnftSelected":"","pawDetailListDisplay (4 more) ...":false,"pyAgrmntWrksht":"0x4e1ca1df","relatedPAWDetailsLis (1 more) ...":"0x5de79012","targetEDR":0.00,"totalAppliedDeductib (2 more) ...":0.00,"totalCoInsurance":0.00,"totalCoPayAmt":0.00,"totalInsCoResp":0.00,"totalInsEIVAmt":0.00,"totalRowCount":0,"totalTalbottDay":0.00}|0x3bcbf613
08:36:40.0 (282425123)|VARIABLE_ASSIGNMENT|[EXTERNAL]|this|{"insrncBnftSelected":"","pawDetailListDisplay (4 more) ...":false,"pyAgrmntWrksht":"0x4e1ca1df","relatedPAWDetailsLis (1 more) ...":"0x5de79012","targetEDR":0.00,"totalAppliedDeductib (2 more) ...":0.00,"totalCoInsurance":0.00,"totalCoPayAmt":0.00,"totalInsCoResp":0.00,"totalInsEIVAmt":0.00,"totalRowCount":0,"totalTalbottDay":0.00}|0x3bcbf613
08:36:40.0 (282491380)|HEAP_ALLOCATE|[25]|Bytes:4
08:36:40.0 (282640791)|VARIABLE_ASSIGNMENT|[EXTERNAL]|this|{"insrncBnftSelected":"","pawDetailListDisplay (4 more) ...":false,"pyAgrmntWrksht":"0x4e1ca1df","relatedPAWDetailsLis (1 more) ...":"0x5de79012","targetEDR":0.00,"totalAppliedDeductib (2 more) ...":0.00,"totalCoInsurance":0.00,"totalCoPayAmt":0.00,"totalInsCoResp":0.00,"totalInsEIVAmt":0.00,"totalRowCount":0,"totalTalbottDay":0.00}|0x3bcbf613
08:36:40.0 (282656465)|VARIABLE_ASSIGNMENT|[EXTERNAL]|value|{}|0x12040b5d
08:36:40.0 (282668298)|VARIABLE_ASSIGNMENT|[526]|this.insrncBnft|{}|0x3bcbf613
08:36:40.0 (282677070)|STATEMENT_EXECUTE|[26]
08:36:40.0 (282746241)|VARIABLE_ASSIGNMENT|[EXTERNAL]|this|{"insrncBnft":"0x12040b5d","insrncBnftSelected":"","pawDetailListDisplay (4 more) ...":false,"pyAgrmntWrksht":"0x4e1ca1df","relatedPAWDetailsLis (1 more) ...":"0x5de79012","targetEDR":0.00,"totalAppliedDeductib (2 more) ...":0.00,"totalCoInsurance":0.00,"totalCoPayAmt":0.00,"totalInsCoResp":0.00,"totalInsEIVAmt":0.00,"totalRowCount":0,"totalTalbottDay":0.00}|0x3bcbf613
08:36:40.0 (282759492)|VARIABLE_ASSIGNMENT|[EXTERNAL]|value|0
08:36:40.0 (282764766)|HEAP_ALLOCATE|[531]|Bytes:4
08:36:40.0 (282771589)|VARIABLE_ASSIGNMENT|[531]|this.totalRowCount|0|0x3bcbf613
08:36:40.0 (282779498)|STATEMENT_EXECUTE|[27]
08:36:40.0 (282815978)|HEAP_ALLOCATE|[27]|Bytes:28
08:36:40.0 (282820521)|HEAP_ALLOCATE|[27]|Bytes:28
08:36:40.0 (282880889)|VARIABLE_ASSIGNMENT|[EXTERNAL]|this|{"insrncBnft":"0x12040b5d","insrncBnftSelected":"","pawDetailListDisplay (4 more) ...":false,"pyAgrmntWrksht":"0x4e1ca1df","relatedPAWDetailsLis (1 more) ...":"0x5de79012","targetEDR":0.00,"totalAppliedDeductib (2 more) ...":0.00,"totalCoInsurance":0.00,"totalCoPayAmt":0.00,"totalInsCoResp":0.00,"totalInsEIVAmt":0.00,"totalRowCount":0,"totalTalbottDay":0.00}|0x3bcbf613
08:36:40.0 (282894284)|VARIABLE_ASSIGNMENT|[EXTERNAL]|value|0
08:36:40.0 (282902929)|VARIABLE_ASSIGNMENT|[532]|this.totalTalbottDay|0|0x3bcbf613
08:36:40.0 (282911096)|STATEMENT_EXECUTE|[28]
08:36:40.0 (282912460)|STATEMENT_EXECUTE|[29]
08:36:40.0 (282962341)|VARIABLE_ASSIGNMENT|[EXTERNAL]|this|{"insrncBnft":"0x12040b5d","insrncBnftSelected":"","pawDetailListDisplay (4 more) ...":false,"pyAgrmntWrksht":"0x4e1ca1df","relatedPAWDetailsLis (1 more) ...":"0x5de79012","targetEDR":0.00,"totalAppliedDeductib (2 more) ...":0.00,"totalCoInsurance":0.00,"totalCoPayAmt":0.00,"totalInsCoResp":0.00,"totalInsEIVAmt":0.00,"totalRowCount":0,"totalTalbottDay":0}|0x3bcbf613
08:36:40.0 (282983177)|HEAP_ALLOCATE|[29]|Bytes:28
08:36:40.0 (282987009)|HEAP_ALLOCATE|[29]|Bytes:28
08:36:40.0 (283069060)|VARIABLE_ASSIGNMENT|[EXTERNAL]|this|{"insrncBnft":"0x12040b5d","insrncBnftSelected":"","pawDetailListDisplay (4 more) ...":false,"pyAgrmntWrksht":"0x4e1ca1df","relatedPAWDetailsLis (1 more) ...":"0x5de79012","targetEDR":0.00,"totalAppliedDeductib (2 more) ...":0.00,"totalCoInsurance":0.00,"totalCoPayAmt":0.00,"totalInsCoResp":0.00,"totalInsEIVAmt":0.00,"totalRowCount":0,"totalTalbottDay":0}|0x3bcbf613
08:36:40.0 (283081138)|VARIABLE_ASSIGNMENT|[EXTERNAL]|value|0
08:36:40.0 (283085485)|HEAP_ALLOCATE|[531]|Bytes:4
08:36:40.0 (283091710)|VARIABLE_ASSIGNMENT|[531]|this.totalRowCount|0|0x3bcbf613
08:36:40.0 (283099331)|STATEMENT_EXECUTE|[31]
08:36:40.0 (283141632)|VARIABLE_ASSIGNMENT|[EXTERNAL]|this|{"insrncBnft":"0x12040b5d","insrncBnftSelected":"","pawDetailListDisplay (4 more) ...":false,"pyAgrmntWrksht":"0x4e1ca1df","relatedPAWDetailsLis (1 more) ...":"0x5de79012","targetEDR":0.00,"totalAppliedDeductib (2 more) ...":0.00,"totalCoInsurance":0.00,"totalCoPayAmt":0.00,"totalInsCoResp":0.00,"totalInsEIVAmt":0.00,"totalRowCount":0,"totalTalbottDay":0}|0x3bcbf613
08:36:40.0 (283159594)|HEAP_ALLOCATE|[31]|Bytes:28
08:36:40.0 (283163393)|HEAP_ALLOCATE|[31]|Bytes:28
08:36:40.0 (283224386)|VARIABLE_ASSIGNMENT|[EXTERNAL]|this|{"insrncBnft":"0x12040b5d","insrncBnftSelected":"","pawDetailListDisplay (4 more) ...":false,"pyAgrmntWrksht":"0x4e1ca1df","relatedPAWDetailsLis (1 more) ...":"0x5de79012","targetEDR":0.00,"totalAppliedDeductib (2 more) ...":0.00,"totalCoInsurance":0.00,"totalCoPayAmt":0.00,"totalInsCoResp":0.00,"totalInsEIVAmt":0.00,"totalRowCount":0,"totalTalbottDay":0}|0x3bcbf613
08:36:40.0 (283235328)|VARIABLE_ASSIGNMENT|[EXTERNAL]|value|0
08:36:40.0 (283239147)|HEAP_ALLOCATE|[531]|Bytes:4
08:36:40.0 (283244714)|VARIABLE_ASSIGNMENT|[531]|this.totalRowCount|0|0x3bcbf613
08:36:40.0 (283251766)|STATEMENT_EXECUTE|[33]
08:36:40.0 (283302138)|VARIABLE_ASSIGNMENT|[EXTERNAL]|this|{"insrncBnft":"0x12040b5d","insrncBnftSelected":"","pawDetailListDisplay (4 more) ...":false,"pyAgrmntWrksht":"0x4e1ca1df","relatedPAWDetailsLis (1 more) ...":"0x5de79012","targetEDR":0.00,"totalAppliedDeductib (2 more) ...":0.00,"totalCoInsurance":0.00,"totalCoPayAmt":0.00,"totalInsCoResp":0.00,"totalInsEIVAmt":0.00,"totalRowCount":0,"totalTalbottDay":0}|0x3bcbf613
08:36:40.0 (283320700)|HEAP_ALLOCATE|[33]|Bytes:28
08:36:40.0 (283324966)|HEAP_ALLOCATE|[33]|Bytes:28
08:36:40.0 (283387066)|VARIABLE_ASSIGNMENT|[EXTERNAL]|this|{"insrncBnft":"0x12040b5d","insrncBnftSelected":"","pawDetailListDisplay (4 more) ...":false,"pyAgrmntWrksht":"0x4e1ca1df","relatedPAWDetailsLis (1 more) ...":"0x5de79012","targetEDR":0.00,"totalAppliedDeductib (2 more) ...":0.00,"totalCoInsurance":0.00,"totalCoPayAmt":0.00,"totalInsCoResp":0.00,"totalInsEIVAmt":0.00,"totalRowCount":0,"totalTalbottDay":0}|0x3bcbf613
08:36:40.0 (283397698)|VARIABLE_ASSIGNMENT|[EXTERNAL]|value|0
08:36:40.0 (283401379)|HEAP_ALLOCATE|[531]|Bytes:4
08:36:40.0 (283406964)|VARIABLE_ASSIGNMENT|[531]|this.totalRowCount|0|0x3bcbf613
08:36:40.0 (283413836)|STATEMENT_EXECUTE|[35]
08:36:40.0 (283455443)|VARIABLE_ASSIGNMENT|[EXTERNAL]|this|{"insrncBnft":"0x12040b5d","insrncBnftSelected":"","pawDetailListDisplay (4 more) ...":false,"pyAgrmntWrksht":"0x4e1ca1df","relatedPAWDetailsLis (1 more) ...":"0x5de79012","targetEDR":0.00,"totalAppliedDeductib (2 more) ...":0.00,"totalCoInsurance":0.00,"totalCoPayAmt":0.00,"totalInsCoResp":0.00,"totalInsEIVAmt":0.00,"totalRowCount":0,"totalTalbottDay":0}|0x3bcbf613
08:36:40.0 (283472720)|HEAP_ALLOCATE|[35]|Bytes:28
08:36:40.0 (283476187)|HEAP_ALLOCATE|[35]|Bytes:28
08:36:40.0 (283538868)|VARIABLE_ASSIGNMENT|[EXTERNAL]|this|{"insrncBnft":"0x12040b5d","insrncBnftSelected":"","pawDetailListDisplay (4 more) ...":false,"pyAgrmntWrksht":"0x4e1ca1df","relatedPAWDetailsLis (1 more) ...":"0x5de79012","targetEDR":0.00,"totalAppliedDeductib (2 more) ...":0.00,"totalCoInsurance":0.00,"totalCoPayAmt":0.00,"totalInsCoResp":0.00,"totalInsEIVAmt":0.00,"totalRowCount":0,"totalTalbottDay":0}|0x3bcbf613
08:36:40.0 (283549690)|VARIABLE_ASSIGNMENT|[EXTERNAL]|value|0
08:36:40.0 (283553740)|HEAP_ALLOCATE|[531]|Bytes:4
08:36:40.0 (283559426)|VARIABLE_ASSIGNMENT|[531]|this.totalRowCount|0|0x3bcbf613
08:36:40.0 (283566788)|STATEMENT_EXECUTE|[40]
08:36:40.0 (283614978)|VARIABLE_ASSIGNMENT|[EXTERNAL]|this|{"insrncBnft":"0x12040b5d","insrncBnftSelected":"","pawDetailListDisplay (4 more) ...":false,"pyAgrmntWrksht":"0x4e1ca1df","relatedPAWDetailsLis (1 more) ...":"0x5de79012","targetEDR":0.00,"totalAppliedDeductib (2 more) ...":0.00,"totalCoInsurance":0.00,"totalCoPayAmt":0.00,"totalInsCoResp":0.00,"totalInsEIVAmt":0.00,"totalRowCount":0,"totalTalbottDay":0}|0x3bcbf613
08:36:40.0 (283672595)|VARIABLE_ASSIGNMENT|[EXTERNAL]|this|{"insrncBnft":"0x12040b5d","insrncBnftSelected":"","pawDetailListDisplay (4 more) ...":false,"pyAgrmntWrksht":"0x4e1ca1df","relatedPAWDetailsLis (1 more) ...":"0x5de79012","targetEDR":0.00,"totalAppliedDeductib (2 more) ...":0.00,"totalCoInsurance":0.00,"totalCoPayAmt":0.00,"totalInsCoResp":0.00,"totalInsEIVAmt":0.00,"totalRowCount":0,"totalTalbottDay":0}|0x3bcbf613
08:36:40.0 (283704141)|HEAP_ALLOCATE|[40]|Bytes:28
08:36:40.0 (283708023)|HEAP_ALLOCATE|[40]|Bytes:28
08:36:40.0 (283745186)|VARIABLE_ASSIGNMENT|[EXTERNAL]|this|{"insrncBnft":"0x12040b5d","insrncBnftSelected":"","pawDetailListDisplay (4 more) ...":false,"pyAgrmntWrksht":"0x4e1ca1df","relatedPAWDetailsLis (1 more) ...":"0x5de79012","targetEDR":0.00,"totalAppliedDeductib (2 more) ...":0.00,"totalCoInsurance":0.00,"totalCoPayAmt":0.00,"totalInsCoResp":0.00,"totalInsEIVAmt":0.00,"totalRowCount":0,"totalTalbottDay":0}|0x3bcbf613
08:36:40.0 (283756045)|VARIABLE_ASSIGNMENT|[EXTERNAL]|value|0
08:36:40.0 (283762984)|VARIABLE_ASSIGNMENT|[532]|this.totalTalbottDay|0|0x3bcbf613
08:36:40.0 (283770013)|STATEMENT_EXECUTE|[43]
08:36:40.0 (283808951)|VARIABLE_ASSIGNMENT|[EXTERNAL]|this|{"insrncBnft":"0x12040b5d","insrncBnftSelected":"","pawDetailListDisplay (4 more) ...":false,"pyAgrmntWrksht":"0x4e1ca1df","relatedPAWDetailsLis (1 more) ...":"0x5de79012","targetEDR":0.00,"totalAppliedDeductib (2 more) ...":0.00,"totalCoInsurance":0.00,"totalCoPayAmt":0.00,"totalInsCoResp":0.00,"totalInsEIVAmt":0.00,"totalRowCount":0,"totalTalbottDay":0}|0x3bcbf613
08:36:40.0 (283858114)|VARIABLE_ASSIGNMENT|[EXTERNAL]|this|{"insrncBnft":"0x12040b5d","insrncBnftSelected":"","pawDetailListDisplay (4 more) ...":false,"pyAgrmntWrksht":"0x4e1ca1df","relatedPAWDetailsLis (1 more) ...":"0x5de79012","targetEDR":0.00,"totalAppliedDeductib (2 more) ...":0.00,"totalCoInsurance":0.00,"totalCoPayAmt":0.00,"totalInsCoResp":0.00,"totalInsEIVAmt":0.00,"totalRowCount":0,"totalTalbottDay":0}|0x3bcbf613
08:36:40.0 (283886686)|HEAP_ALLOCATE|[43]|Bytes:28
08:36:40.0 (283890652)|HEAP_ALLOCATE|[43]|Bytes:28
08:36:40.0 (283931774)|VARIABLE_ASSIGNMENT|[EXTERNAL]|this|{"insrncBnft":"0x12040b5d","insrncBnftSelected":"","pawDetailListDisplay (4 more) ...":false,"pyAgrmntWrksht":"0x4e1ca1df","relatedPAWDetailsLis (1 more) ...":"0x5de79012","targetEDR":0.00,"totalAppliedDeductib (2 more) ...":0.00,"totalCoInsurance":0.00,"totalCoPayAmt":0.00,"totalInsCoResp":0.00,"totalInsEIVAmt":0.00,"totalRowCount":0,"totalTalbottDay":0}|0x3bcbf613
08:36:40.0 (283942230)|VARIABLE_ASSIGNMENT|[EXTERNAL]|value|0
08:36:40.0 (283949074)|VARIABLE_ASSIGNMENT|[532]|this.totalTalbottDay|0|0x3bcbf613
08:36:40.0 (283956058)|STATEMENT_EXECUTE|[47]
08:36:40.0 (283964571)|HEAP_ALLOCATE|[47]|Bytes:28
08:36:40.0 (283968249)|HEAP_ALLOCATE|[47]|Bytes:28
08:36:40.0 (284014138)|VARIABLE_ASSIGNMENT|[EXTERNAL]|this|{"insrncBnft":"0x12040b5d","insrncBnftSelected":"","pawDetailListDisplay (4 more) ...":false,"pyAgrmntWrksht":"0x4e1ca1df","relatedPAWDetailsLis (1 more) ...":"0x5de79012","targetEDR":0.00,"totalAppliedDeductib (2 more) ...":0.00,"totalCoInsurance":0.00,"totalCoPayAmt":0.00,"totalInsCoResp":0.00,"totalInsEIVAmt":0.00,"totalRowCount":0,"totalTalbottDay":0}|0x3bcbf613
08:36:40.0 (284099853)|VARIABLE_ASSIGNMENT|[47]|this.Num_Days_Detox_DTX__c|0|0x4e1ca1df
08:36:40.0 (284106879)|STATEMENT_EXECUTE|[48]
08:36:40.0 (284159090)|VARIABLE_ASSIGNMENT|[EXTERNAL]|this|{"insrncBnft":"0x12040b5d","insrncBnftSelected":"","pawDetailListDisplay (4 more) ...":false,"pyAgrmntWrksht":"0x4e1ca1df","relatedPAWDetailsLis (1 more) ...":"0x5de79012","targetEDR":0.00,"totalAppliedDeductib (2 more) ...":0.00,"totalCoInsurance":0.00,"totalCoPayAmt":0.00,"totalInsCoResp":0.00,"totalInsEIVAmt":0.00,"totalRowCount":0,"totalTalbottDay":0}|0x3bcbf613
08:36:40.0 (284176331)|HEAP_ALLOCATE|[48]|Bytes:4
08:36:40.0 (284188748)|HEAP_ALLOCATE|[48]|Bytes:28
08:36:40.0 (284226259)|VARIABLE_ASSIGNMENT|[EXTERNAL]|this|{"insrncBnft":"0x12040b5d","insrncBnftSelected":"","pawDetailListDisplay (4 more) ...":false,"pyAgrmntWrksht":"0x4e1ca1df","relatedPAWDetailsLis (1 more) ...":"0x5de79012","targetEDR":0.00,"totalAppliedDeductib (2 more) ...":0.00,"totalCoInsurance":0.00,"totalCoPayAmt":0.00,"totalInsCoResp":0.00,"totalInsEIVAmt":0.00,"totalRowCount":0,"totalTalbottDay":0}|0x3bcbf613
08:36:40.0 (284280891)|VARIABLE_ASSIGNMENT|[48]|this.Detox_Over__c|0.00|0x4e1ca1df
08:36:40.0 (284287131)|STATEMENT_EXECUTE|[49]
08:36:40.0 (284336082)|VARIABLE_ASSIGNMENT|[EXTERNAL]|this|{"insrncBnft":"0x12040b5d","insrncBnftSelected":"","pawDetailListDisplay (4 more) ...":false,"pyAgrmntWrksht":"0x4e1ca1df","relatedPAWDetailsLis (1 more) ...":"0x5de79012","targetEDR":0.00,"totalAppliedDeductib (2 more) ...":0.00,"totalCoInsurance":0.00,"totalCoPayAmt":0.00,"totalInsCoResp":0.00,"totalInsEIVAmt":0.00,"totalRowCount":0,"totalTalbottDay":0}|0x3bcbf613
08:36:40.0 (284356583)|HEAP_ALLOCATE|[49]|Bytes:28
08:36:40.0 (284394423)|VARIABLE_ASSIGNMENT|[EXTERNAL]|this|{"insrncBnft":"0x12040b5d","insrncBnftSelected":"","pawDetailListDisplay (4 more) ...":false,"pyAgrmntWrksht":"0x4e1ca1df","relatedPAWDetailsLis (1 more) ...":"0x5de79012","targetEDR":0.00,"totalAppliedDeductib (2 more) ...":0.00,"totalCoInsurance":0.00,"totalCoPayAmt":0.00,"totalInsCoResp":0.00,"totalInsEIVAmt":0.00,"totalRowCount":0,"totalTalbottDay":0}|0x3bcbf613
08:36:40.0 (284437555)|VARIABLE_ASSIGNMENT|[49]|this.Detox_Pays_at__c|0.00|0x4e1ca1df
08:36:40.0 (284443944)|STATEMENT_EXECUTE|[51]
08:36:40.0 (284455881)|HEAP_ALLOCATE|[51]|Bytes:28
08:36:40.0 (284459388)|HEAP_ALLOCATE|[51]|Bytes:28
08:36:40.0 (284508577)|VARIABLE_ASSIGNMENT|[EXTERNAL]|this|{"insrncBnft":"0x12040b5d","insrncBnftSelected":"","pawDetailListDisplay (4 more) ...":false,"pyAgrmntWrksht":"0x4e1ca1df","relatedPAWDetailsLis (1 more) ...":"0x5de79012","targetEDR":0.00,"totalAppliedDeductib (2 more) ...":0.00,"totalCoInsurance":0.00,"totalCoPayAmt":0.00,"totalInsCoResp":0.00,"totalInsEIVAmt":0.00,"totalRowCount":0,"totalTalbottDay":0}|0x3bcbf613
08:36:40.0 (284557522)|VARIABLE_ASSIGNMENT|[51]|this.Num_Days_Residential_Treatment_RTC__c|0|0x4e1ca1df
08:36:40.0 (284563757)|STATEMENT_EXECUTE|[52]
08:36:40.0 (284611700)|VARIABLE_ASSIGNMENT|[EXTERNAL]|this|{"insrncBnft":"0x12040b5d","insrncBnftSelected":"","pawDetailListDisplay (4 more) ...":false,"pyAgrmntWrksht":"0x4e1ca1df","relatedPAWDetailsLis (1 more) ...":"0x5de79012","targetEDR":0.00,"totalAppliedDeductib (2 more) ...":0.00,"totalCoInsurance":0.00,"totalCoPayAmt":0.00,"totalInsCoResp":0.00,"totalInsEIVAmt":0.00,"totalRowCount":0,"totalTalbottDay":0}|0x3bcbf613
08:36:40.0 (284631079)|HEAP_ALLOCATE|[52]|Bytes:28
08:36:40.0 (284668618)|VARIABLE_ASSIGNMENT|[EXTERNAL]|this|{"insrncBnft":"0x12040b5d","insrncBnftSelected":"","pawDetailListDisplay (4 more) ...":false,"pyAgrmntWrksht":"0x4e1ca1df","relatedPAWDetailsLis (1 more) ...":"0x5de79012","targetEDR":0.00,"totalAppliedDeductib (2 more) ...":0.00,"totalCoInsurance":0.00,"totalCoPayAmt":0.00,"totalInsCoResp":0.00,"totalInsEIVAmt":0.00,"totalRowCount":0,"totalTalbottDay":0}|0x3bcbf613
08:36:40.0 (284712124)|VARIABLE_ASSIGNMENT|[52]|this.Residential_Treatment_Override__c|0.00|0x4e1ca1df
08:36:40.0 (284718179)|STATEMENT_EXECUTE|[53]
08:36:40.0 (284776060)|VARIABLE_ASSIGNMENT|[EXTERNAL]|this|{"insrncBnft":"0x12040b5d","insrncBnftSelected":"","pawDetailListDisplay (4 more) ...":false,"pyAgrmntWrksht":"0x4e1ca1df","relatedPAWDetailsLis (1 more) ...":"0x5de79012","targetEDR":0.00,"totalAppliedDeductib (2 more) ...":0.00,"totalCoInsurance":0.00,"totalCoPayAmt":0.00,"totalInsCoResp":0.00,"totalInsEIVAmt":0.00,"totalRowCount":0,"totalTalbottDay":0}|0x3bcbf613
08:36:40.0 (284796854)|HEAP_ALLOCATE|[53]|Bytes:28
08:36:40.0 (284834317)|VARIABLE_ASSIGNMENT|[EXTERNAL]|this|{"insrncBnft":"0x12040b5d","insrncBnftSelected":"","pawDetailListDisplay (4 more) ...":false,"pyAgrmntWrksht":"0x4e1ca1df","relatedPAWDetailsLis (1 more) ...":"0x5de79012","targetEDR":0.00,"totalAppliedDeductib (2 more) ...":0.00,"totalCoInsurance":0.00,"totalCoPayAmt":0.00,"totalInsCoResp":0.00,"totalInsEIVAmt":0.00,"totalRowCount":0,"totalTalbottDay":0}|0x3bcbf613
08:36:40.0 (284878157)|VARIABLE_ASSIGNMENT|[53]|this.RTC_Pays_at__c|0.00|0x4e1ca1df
08:36:40.0 (284884346)|STATEMENT_EXECUTE|[55]
08:36:40.0 (284895601)|HEAP_ALLOCATE|[55]|Bytes:28
08:36:40.0 (284899233)|HEAP_ALLOCATE|[55]|Bytes:28
08:36:40.0 (284948451)|VARIABLE_ASSIGNMENT|[EXTERNAL]|this|{"insrncBnft":"0x12040b5d","insrncBnftSelected":"","pawDetailListDisplay (4 more) ...":false,"pyAgrmntWrksht":"0x4e1ca1df","relatedPAWDetailsLis (1 more) ...":"0x5de79012","targetEDR":0.00,"totalAppliedDeductib (2 more) ...":0.00,"totalCoInsurance":0.00,"totalCoPayAmt":0.00,"totalInsCoResp":0.00,"totalInsEIVAmt":0.00,"totalRowCount":0,"totalTalbottDay":0}|0x3bcbf613
08:36:40.0 (284991498)|VARIABLE_ASSIGNMENT|[55]|this.Num_Days_Partial_Hospitalization_PHP__c|0|0x4e1ca1df
08:36:40.0 (284998319)|STATEMENT_EXECUTE|[56]
08:36:40.0 (285045157)|VARIABLE_ASSIGNMENT|[EXTERNAL]|this|{"insrncBnft":"0x12040b5d","insrncBnftSelected":"","pawDetailListDisplay (4 more) ...":false,"pyAgrmntWrksht":"0x4e1ca1df","relatedPAWDetailsLis (1 more) ...":"0x5de79012","targetEDR":0.00,"totalAppliedDeductib (2 more) ...":0.00,"totalCoInsurance":0.00,"totalCoPayAmt":0.00,"totalInsCoResp":0.00,"totalInsEIVAmt":0.00,"totalRowCount":0,"totalTalbottDay":0}|0x3bcbf613
08:36:40.0 (285065040)|HEAP_ALLOCATE|[56]|Bytes:28
08:36:40.0 (285101795)|VARIABLE_ASSIGNMENT|[EXTERNAL]|this|{"insrncBnft":"0x12040b5d","insrncBnftSelected":"","pawDetailListDisplay (4 more) ...":false,"pyAgrmntWrksht":"0x4e1ca1df","relatedPAWDetailsLis (1 more) ...":"0x5de79012","targetEDR":0.00,"totalAppliedDeductib (2 more) ...":0.00,"totalCoInsurance":0.00,"totalCoPayAmt":0.00,"totalInsCoResp":0.00,"totalInsEIVAmt":0.00,"totalRowCount":0,"totalTalbottDay":0}|0x3bcbf613
08:36:40.0 (285142626)|VARIABLE_ASSIGNMENT|[56]|this.Partial_Hospitalization_Override__c|0.00|0x4e1ca1df
08:36:40.0 (285148946)|STATEMENT_EXECUTE|[57]
08:36:40.0 (285196104)|VARIABLE_ASSIGNMENT|[EXTERNAL]|this|{"insrncBnft":"0x12040b5d","insrncBnftSelected":"","pawDetailListDisplay (4 more) ...":false,"pyAgrmntWrksht":"0x4e1ca1df","relatedPAWDetailsLis (1 more) ...":"0x5de79012","targetEDR":0.00,"totalAppliedDeductib (2 more) ...":0.00,"totalCoInsurance":0.00,"totalCoPayAmt":0.00,"totalInsCoResp":0.00,"totalInsEIVAmt":0.00,"totalRowCount":0,"totalTalbottDay":0}|0x3bcbf613
08:36:40.0 (285214225)|HEAP_ALLOCATE|[57]|Bytes:28
08:36:40.0 (285250657)|VARIABLE_ASSIGNMENT|[EXTERNAL]|this|{"insrncBnft":"0x12040b5d","insrncBnftSelected":"","pawDetailListDisplay (4 more) ...":false,"pyAgrmntWrksht":"0x4e1ca1df","relatedPAWDetailsLis (1 more) ...":"0x5de79012","targetEDR":0.00,"totalAppliedDeductib (2 more) ...":0.00,"totalCoInsurance":0.00,"totalCoPayAmt":0.00,"totalInsCoResp":0.00,"totalInsEIVAmt":0.00,"totalRowCount":0,"totalTalbottDay":0}|0x3bcbf613
08:36:40.0 (285301687)|VARIABLE_ASSIGNMENT|[57]|this.PHP_Pays_at__c|0.00|0x4e1ca1df
08:36:40.0 (285308763)|STATEMENT_EXECUTE|[59]
08:36:40.0 (285320879)|HEAP_ALLOCATE|[59]|Bytes:28
08:36:40.0 (285324450)|HEAP_ALLOCATE|[59]|Bytes:28
08:36:40.0 (285379202)|VARIABLE_ASSIGNMENT|[EXTERNAL]|this|{"insrncBnft":"0x12040b5d","insrncBnftSelected":"","pawDetailListDisplay (4 more) ...":false,"pyAgrmntWrksht":"0x4e1ca1df","relatedPAWDetailsLis (1 more) ...":"0x5de79012","targetEDR":0.00,"totalAppliedDeductib (2 more) ...":0.00,"totalCoInsurance":0.00,"totalCoPayAmt":0.00,"totalInsCoResp":0.00,"totalInsEIVAmt":0.00,"totalRowCount":0,"totalTalbottDay":0}|0x3bcbf613
08:36:40.0 (285425058)|VARIABLE_ASSIGNMENT|[59]|this.Num_Days_Intensive_Outpatient_IOP__c|0|0x4e1ca1df
08:36:40.0 (285431039)|STATEMENT_EXECUTE|[60]
08:36:40.0 (285478231)|VARIABLE_ASSIGNMENT|[EXTERNAL]|this|{"insrncBnft":"0x12040b5d","insrncBnftSelected":"","pawDetailListDisplay (4 more) ...":false,"pyAgrmntWrksht":"0x4e1ca1df","relatedPAWDetailsLis (1 more) ...":"0x5de79012","targetEDR":0.00,"totalAppliedDeductib (2 more) ...":0.00,"totalCoInsurance":0.00,"totalCoPayAmt":0.00,"totalInsCoResp":0.00,"totalInsEIVAmt":0.00,"totalRowCount":0,"totalTalbottDay":0}|0x3bcbf613
08:36:40.0 (285497877)|HEAP_ALLOCATE|[60]|Bytes:28
08:36:40.0 (285537528)|VARIABLE_ASSIGNMENT|[EXTERNAL]|this|{"insrncBnft":"0x12040b5d","insrncBnftSelected":"","pawDetailListDisplay (4 more) ...":false,"pyAgrmntWrksht":"0x4e1ca1df","relatedPAWDetailsLis (1 more) ...":"0x5de79012","targetEDR":0.00,"totalAppliedDeductib (2 more) ...":0.00,"totalCoInsurance":0.00,"totalCoPayAmt":0.00,"totalInsCoResp":0.00,"totalInsEIVAmt":0.00,"totalRowCount":0,"totalTalbottDay":0}|0x3bcbf613
08:36:40.0 (285580588)|VARIABLE_ASSIGNMENT|[60]|this.Intensive_Outpatient_Override__c|0.00|0x4e1ca1df
08:36:40.0 (285606403)|STATEMENT_EXECUTE|[61]
08:36:40.0 (285657980)|VARIABLE_ASSIGNMENT|[EXTERNAL]|this|{"insrncBnft":"0x12040b5d","insrncBnftSelected":"","pawDetailListDisplay (4 more) ...":false,"pyAgrmntWrksht":"0x4e1ca1df","relatedPAWDetailsLis (1 more) ...":"0x5de79012","targetEDR":0.00,"totalAppliedDeductib (2 more) ...":0.00,"totalCoInsurance":0.00,"totalCoPayAmt":0.00,"totalInsCoResp":0.00,"totalInsEIVAmt":0.00,"totalRowCount":0,"totalTalbottDay":0}|0x3bcbf613
08:36:40.0 (285677636)|HEAP_ALLOCATE|[61]|Bytes:28
08:36:40.0 (285715069)|VARIABLE_ASSIGNMENT|[EXTERNAL]|this|{"insrncBnft":"0x12040b5d","insrncBnftSelected":"","pawDetailListDisplay (4 more) ...":false,"pyAgrmntWrksht":"0x4e1ca1df","relatedPAWDetailsLis (1 more) ...":"0x5de79012","targetEDR":0.00,"totalAppliedDeductib (2 more) ...":0.00,"totalCoInsurance":0.00,"totalCoPayAmt":0.00,"totalInsCoResp":0.00,"totalInsEIVAmt":0.00,"totalRowCount":0,"totalTalbottDay":0}|0x3bcbf613
08:36:40.0 (285756904)|VARIABLE_ASSIGNMENT|[61]|this.IOP_Pays_at__c|0.00|0x4e1ca1df
08:36:40.0 (285762920)|STATEMENT_EXECUTE|[63]
08:36:40.0 (285809240)|VARIABLE_ASSIGNMENT|[EXTERNAL]|this|{"insrncBnft":"0x12040b5d","insrncBnftSelected":"","pawDetailListDisplay (4 more) ...":false,"pyAgrmntWrksht":"0x4e1ca1df","relatedPAWDetailsLis (1 more) ...":"0x5de79012","targetEDR":0.00,"totalAppliedDeductib (2 more) ...":0.00,"totalCoInsurance":0.00,"totalCoPayAmt":0.00,"totalInsCoResp":0.00,"totalInsEIVAmt":0.00,"totalRowCount":0,"totalTalbottDay":0}|0x3bcbf613
08:36:40.0 (285830550)|HEAP_ALLOCATE|[63]|Bytes:28
08:36:40.0 (285834541)|HEAP_ALLOCATE|[63]|Bytes:28
08:36:40.0 (285871021)|VARIABLE_ASSIGNMENT|[EXTERNAL]|this|{"insrncBnft":"0x12040b5d","insrncBnftSelected":"","pawDetailListDisplay (4 more) ...":false,"pyAgrmntWrksht":"0x4e1ca1df","relatedPAWDetailsLis (1 more) ...":"0x5de79012","targetEDR":0.00,"totalAppliedDeductib (2 more) ...":0.00,"totalCoInsurance":0.00,"totalCoPayAmt":0.00,"totalInsCoResp":0.00,"totalInsEIVAmt":0.00,"totalRowCount":0,"totalTalbottDay":0}|0x3bcbf613
08:36:40.0 (285912750)|VARIABLE_ASSIGNMENT|[63]|this.Num_Days_Uncovered__c|0|0x4e1ca1df
08:36:40.0 (285919153)|STATEMENT_EXECUTE|[64]
08:36:40.0 (285965449)|VARIABLE_ASSIGNMENT|[EXTERNAL]|this|{"insrncBnft":"0x12040b5d","insrncBnftSelected":"","pawDetailListDisplay (4 more) ...":false,"pyAgrmntWrksht":"0x4e1ca1df","relatedPAWDetailsLis (1 more) ...":"0x5de79012","targetEDR":0.00,"totalAppliedDeductib (2 more) ...":0.00,"totalCoInsurance":0.00,"totalCoPayAmt":0.00,"totalInsCoResp":0.00,"totalInsEIVAmt":0.00,"totalRowCount":0,"totalTalbottDay":0}|0x3bcbf613
08:36:40.0 (285986048)|HEAP_ALLOCATE|[64]|Bytes:28
08:36:40.0 (285989673)|HEAP_ALLOCATE|[64]|Bytes:28
08:36:40.0 (286025994)|VARIABLE_ASSIGNMENT|[EXTERNAL]|this|{"insrncBnft":"0x12040b5d","insrncBnftSelected":"","pawDetailListDisplay (4 more) ...":false,"pyAgrmntWrksht":"0x4e1ca1df","relatedPAWDetailsLis (1 more) ...":"0x5de79012","targetEDR":0.00,"totalAppliedDeductib (2 more) ...":0.00,"totalCoInsurance":0.00,"totalCoPayAmt":0.00,"totalInsCoResp":0.00,"totalInsEIVAmt":0.00,"totalRowCount":0,"totalTalbottDay":0}|0x3bcbf613
08:36:40.0 (286067716)|VARIABLE_ASSIGNMENT|[64]|this.Uncovered_Days_Rate__c|0|0x4e1ca1df
08:36:40.0 (286074054)|STATEMENT_EXECUTE|[65]
08:36:40.0 (286120173)|VARIABLE_ASSIGNMENT|[EXTERNAL]|this|{"insrncBnft":"0x12040b5d","insrncBnftSelected":"","pawDetailListDisplay (4 more) ...":false,"pyAgrmntWrksht":"0x4e1ca1df","relatedPAWDetailsLis (1 more) ...":"0x5de79012","targetEDR":0.00,"totalAppliedDeductib (2 more) ...":0.00,"totalCoInsurance":0.00,"totalCoPayAmt":0.00,"totalInsCoResp":0.00,"totalInsEIVAmt":0.00,"totalRowCount":0,"totalTalbottDay":0}|0x3bcbf613
08:36:40.0 (286140608)|HEAP_ALLOCATE|[65]|Bytes:28
08:36:40.0 (286144080)|HEAP_ALLOCATE|[65]|Bytes:28
08:36:40.0 (286180854)|VARIABLE_ASSIGNMENT|[EXTERNAL]|this|{"insrncBnft":"0x12040b5d","insrncBnftSelected":"","pawDetailListDisplay (4 more) ...":false,"pyAgrmntWrksht":"0x4e1ca1df","relatedPAWDetailsLis (1 more) ...":"0x5de79012","targetEDR":0.00,"totalAppliedDeductib (2 more) ...":0.00,"totalCoInsurance":0.00,"totalCoPayAmt":0.00,"totalInsCoResp":0.00,"totalInsEIVAmt":0.00,"totalRowCount":0,"totalTalbottDay":0}|0x3bcbf613
08:36:40.0 (286221700)|VARIABLE_ASSIGNMENT|[65]|this.Uncovered_Days_Override__c|0|0x4e1ca1df
08:36:40.0 (286227754)|STATEMENT_EXECUTE|[66]
08:36:40.0 (286278207)|VARIABLE_ASSIGNMENT|[EXTERNAL]|this|{"insrncBnft":"0x12040b5d","insrncBnftSelected":"","pawDetailListDisplay (4 more) ...":false,"pyAgrmntWrksht":"0x4e1ca1df","relatedPAWDetailsLis (1 more) ...":"0x5de79012","targetEDR":0.00,"totalAppliedDeductib (2 more) ...":0.00,"totalCoInsurance":0.00,"totalCoPayAmt":0.00,"totalInsCoResp":0.00,"totalInsEIVAmt":0.00,"totalRowCount":0,"totalTalbottDay":0}|0x3bcbf613
08:36:40.0 (286297891)|HEAP_ALLOCATE|[66]|Bytes:28
08:36:40.0 (286301441)|HEAP_ALLOCATE|[66]|Bytes:28
08:36:40.0 (286338806)|VARIABLE_ASSIGNMENT|[EXTERNAL]|this|{"insrncBnft":"0x12040b5d","insrncBnftSelected":"","pawDetailListDisplay (4 more) ...":false,"pyAgrmntWrksht":"0x4e1ca1df","relatedPAWDetailsLis (1 more) ...":"0x5de79012","targetEDR":0.00,"totalAppliedDeductib (2 more) ...":0.00,"totalCoInsurance":0.00,"totalCoPayAmt":0.00,"totalInsCoResp":0.00,"totalInsEIVAmt":0.00,"totalRowCount":0,"totalTalbottDay":0}|0x3bcbf613
08:36:40.0 (286380087)|VARIABLE_ASSIGNMENT|[66]|this.Num_Days_Room__c|0|0x4e1ca1df
08:36:40.0 (286386275)|STATEMENT_EXECUTE|[70]
08:36:40.0 (286433213)|VARIABLE_ASSIGNMENT|[EXTERNAL]|this|{"insrncBnft":"0x12040b5d","insrncBnftSelected":"","pawDetailListDisplay (4 more) ...":false,"pyAgrmntWrksht":"0x4e1ca1df","relatedPAWDetailsLis (1 more) ...":"0x5de79012","targetEDR":0.00,"totalAppliedDeductib (2 more) ...":0.00,"totalCoInsurance":0.00,"totalCoPayAmt":0.00,"totalInsCoResp":0.00,"totalInsEIVAmt":0.00,"totalRowCount":0,"totalTalbottDay":0}|0x3bcbf613
08:36:40.0 (286453530)|HEAP_ALLOCATE|[70]|Bytes:28
08:36:40.0 (286457201)|HEAP_ALLOCATE|[70]|Bytes:28
08:36:40.0 (286493173)|VARIABLE_ASSIGNMENT|[EXTERNAL]|this|{"insrncBnft":"0x12040b5d","insrncBnftSelected":"","pawDetailListDisplay (4 more) ...":false,"pyAgrmntWrksht":"0x4e1ca1df","relatedPAWDetailsLis (1 more) ...":"0x5de79012","targetEDR":0.00,"totalAppliedDeductib (2 more) ...":0.00,"totalCoInsurance":0.00,"totalCoPayAmt":0.00,"totalInsCoResp":0.00,"totalInsEIVAmt":0.00,"totalRowCount":0,"totalTalbottDay":0}|0x3bcbf613
08:36:40.0 (286538614)|VARIABLE_ASSIGNMENT|[70]|this.Room_and_Board_Days_Override__c|0|0x4e1ca1df
08:36:40.0 (286597983)|VARIABLE_ASSIGNMENT|[EXTERNAL]|this|{"insrncBnft":"0x12040b5d","insrncBnftSelected":"","pawDetailListDisplay (4 more) ...":false,"pyAgrmntWrksht":"0x4e1ca1df","relatedPAWDetailsLis (1 more) ...":"0x5de79012","targetEDR":0.00,"totalAppliedDeductib (2 more) ...":0.00,"totalCoInsurance":0.00,"totalCoPayAmt":0.00,"totalInsCoResp":0.00,"totalInsEIVAmt":0.00,"totalRowCount":0,"totalTalbottDay":0}|0x3bcbf613
08:36:40.0 (286614314)|STATEMENT_EXECUTE|[71]
08:36:40.0 (286654020)|VARIABLE_ASSIGNMENT|[EXTERNAL]|this|{"insrncBnft":"0x12040b5d","insrncBnftSelected":"","pawDetailListDisplay (4 more) ...":false,"pyAgrmntWrksht":"0x4e1ca1df","relatedPAWDetailsLis (1 more) ...":"0x5de79012","targetEDR":0.00,"totalAppliedDeductib (2 more) ...":0.00,"totalCoInsurance":0.00,"totalCoPayAmt":0.00,"totalInsCoResp":0.00,"totalInsEIVAmt":0.00,"totalRowCount":0,"totalTalbottDay":0}|0x3bcbf613
08:36:40.0 (286667541)|STATEMENT_EXECUTE|[77]
08:36:40.0 (286669226)|STATEMENT_EXECUTE|[78]
08:36:40.0 (286707791)|VARIABLE_ASSIGNMENT|[EXTERNAL]|this|{"insrncBnft":"0x12040b5d","insrncBnftSelected":"","pawDetailListDisplay (4 more) ...":false,"pyAgrmntWrksht":"0x4e1ca1df","relatedPAWDetailsLis (1 more) ...":"0x5de79012","targetEDR":0.00,"totalAppliedDeductib (2 more) ...":0.00,"totalCoInsurance":0.00,"totalCoPayAmt":0.00,"totalInsCoResp":0.00,"totalInsEIVAmt":0.00,"totalRowCount":0,"totalTalbottDay":0}|0x3bcbf613
08:36:40.0 (286750870)|VARIABLE_ASSIGNMENT|[EXTERNAL]|this|{"insrncBnft":"0x12040b5d","insrncBnftSelected":"","pawDetailListDisplay (4 more) ...":false,"pyAgrmntWrksht":"0x4e1ca1df","relatedPAWDetailsLis (1 more) ...":"0x5de79012","targetEDR":0.00,"totalAppliedDeductib (2 more) ...":0.00,"totalCoInsurance":0.00,"totalCoPayAmt":0.00,"totalInsCoResp":0.00,"totalInsEIVAmt":0.00,"totalRowCount":0,"totalTalbottDay":0}|0x3bcbf613
08:36:40.0 (286792466)|VARIABLE_ASSIGNMENT|[78]|this.Uncovered_Charges__c|null|0x4e1ca1df
08:36:40.0 (286798663)|STATEMENT_EXECUTE|[80]
08:36:40.0 (286807244)|HEAP_ALLOCATE|[80]|Bytes:28
08:36:40.0 (286814295)|VARIABLE_SCOPE_BEGIN|[80]|coPayRemaining|Decimal|false|false
08:36:40.0 (286824263)|VARIABLE_ASSIGNMENT|[80]|coPayRemaining|0.00
08:36:40.0 (286827701)|STATEMENT_EXECUTE|[81]
08:36:40.0 (286874317)|VARIABLE_ASSIGNMENT|[EXTERNAL]|this|{"insrncBnft":"0x12040b5d","insrncBnftSelected":"","pawDetailListDisplay (4 more) ...":false,"pyAgrmntWrksht":"0x4e1ca1df","relatedPAWDetailsLis (1 more) ...":"0x5de79012","targetEDR":0.00,"totalAppliedDeductib (2 more) ...":0.00,"totalCoInsurance":0.00,"totalCoPayAmt":0.00,"totalInsCoResp":0.00,"totalInsEIVAmt":0.00,"totalRowCount":0,"totalTalbottDay":0}|0x3bcbf613
08:36:40.0 (286907762)|HEAP_ALLOCATE|[81]|Bytes:28
08:36:40.0 (286952673)|VARIABLE_ASSIGNMENT|[EXTERNAL]|this|{"insrncBnft":"0x12040b5d","insrncBnftSelected":"","pawDetailListDisplay (4 more) ...":false,"pyAgrmntWrksht":"0x4e1ca1df","relatedPAWDetailsLis (1 more) ...":"0x5de79012","targetEDR":0.00,"totalAppliedDeductib (2 more) ...":0.00,"totalCoInsurance":0.00,"totalCoPayAmt":0.00,"totalInsCoResp":0.00,"totalInsEIVAmt":0.00,"totalRowCount":0,"totalTalbottDay":0}|0x3bcbf613
08:36:40.0 (286971688)|HEAP_ALLOCATE|[81]|Bytes:28
08:36:40.0 (286974964)|HEAP_ALLOCATE|[81]|Bytes:28
08:36:40.0 (287019188)|HEAP_ALLOCATE|[81]|Bytes:28
08:36:40.0 (287023708)|HEAP_ALLOCATE|[81]|Bytes:28
08:36:40.0 (287036731)|VARIABLE_ASSIGNMENT|[81]|coPayRemaining|0
08:36:40.0 (287040845)|STATEMENT_EXECUTE|[82]
08:36:40.0 (287088015)|VARIABLE_ASSIGNMENT|[EXTERNAL]|this|{"insrncBnft":"0x12040b5d","insrncBnftSelected":"","pawDetailListDisplay (4 more) ...":false,"pyAgrmntWrksht":"0x4e1ca1df","relatedPAWDetailsLis (1 more) ...":"0x5de79012","targetEDR":0.00,"totalAppliedDeductib (2 more) ...":0.00,"totalCoInsurance":0.00,"totalCoPayAmt":0.00,"totalInsCoResp":0.00,"totalInsEIVAmt":0.00,"totalRowCount":0,"totalTalbottDay":0}|0x3bcbf613
08:36:40.0 (287119210)|HEAP_ALLOCATE|[82]|Bytes:28
08:36:40.0 (287160329)|VARIABLE_ASSIGNMENT|[EXTERNAL]|this|{"insrncBnft":"0x12040b5d","insrncBnftSelected":"","pawDetailListDisplay (4 more) ...":false,"pyAgrmntWrksht":"0x4e1ca1df","relatedPAWDetailsLis (1 more) ...":"0x5de79012","targetEDR":0.00,"totalAppliedDeductib (2 more) ...":0.00,"totalCoInsurance":0.00,"totalCoPayAmt":0.00,"totalInsCoResp":0.00,"totalInsEIVAmt":0.00,"totalRowCount":0,"totalTalbottDay":0}|0x3bcbf613
08:36:40.0 (287178400)|HEAP_ALLOCATE|[82]|Bytes:28
08:36:40.0 (287181835)|HEAP_ALLOCATE|[82]|Bytes:28
08:36:40.0 (287199864)|HEAP_ALLOCATE|[82]|Bytes:28
08:36:40.0 (287203218)|HEAP_ALLOCATE|[82]|Bytes:28
08:36:40.0 (287224293)|HEAP_ALLOCATE|[82]|Bytes:28
08:36:40.0 (287227568)|HEAP_ALLOCATE|[82]|Bytes:28
08:36:40.0 (287238034)|VARIABLE_ASSIGNMENT|[82]|coPayRemaining|0
08:36:40.0 (287241943)|STATEMENT_EXECUTE|[83]
08:36:40.0 (287290120)|VARIABLE_ASSIGNMENT|[EXTERNAL]|this|{"insrncBnft":"0x12040b5d","insrncBnftSelected":"","pawDetailListDisplay (4 more) ...":false,"pyAgrmntWrksht":"0x4e1ca1df","relatedPAWDetailsLis (1 more) ...":"0x5de79012","targetEDR":0.00,"totalAppliedDeductib (2 more) ...":0.00,"totalCoInsurance":0.00,"totalCoPayAmt":0.00,"totalInsCoResp":0.00,"totalInsEIVAmt":0.00,"totalRowCount":0,"totalTalbottDay":0}|0x3bcbf613
08:36:40.0 (287319855)|HEAP_ALLOCATE|[83]|Bytes:28
08:36:40.0 (287364342)|VARIABLE_ASSIGNMENT|[EXTERNAL]|this|{"insrncBnft":"0x12040b5d","insrncBnftSelected":"","pawDetailListDisplay (4 more) ...":false,"pyAgrmntWrksht":"0x4e1ca1df","relatedPAWDetailsLis (1 more) ...":"0x5de79012","targetEDR":0.00,"totalAppliedDeductib (2 more) ...":0.00,"totalCoInsurance":0.00,"totalCoPayAmt":0.00,"totalInsCoResp":0.00,"totalInsEIVAmt":0.00,"totalRowCount":0,"totalTalbottDay":0}|0x3bcbf613
08:36:40.0 (287382098)|HEAP_ALLOCATE|[83]|Bytes:28
08:36:40.0 (287385524)|HEAP_ALLOCATE|[83]|Bytes:28
08:36:40.0 (287401726)|HEAP_ALLOCATE|[83]|Bytes:28
08:36:40.0 (287405184)|HEAP_ALLOCATE|[83]|Bytes:28
08:36:40.0 (287420337)|HEAP_ALLOCATE|[83]|Bytes:28
08:36:40.0 (287423403)|HEAP_ALLOCATE|[83]|Bytes:28
08:36:40.0 (287435629)|VARIABLE_ASSIGNMENT|[83]|coPayRemaining|0
08:36:40.0 (287439885)|STATEMENT_EXECUTE|[84]
08:36:40.0 (287482993)|VARIABLE_ASSIGNMENT|[EXTERNAL]|this|{"insrncBnft":"0x12040b5d","insrncBnftSelected":"","pawDetailListDisplay (4 more) ...":false,"pyAgrmntWrksht":"0x4e1ca1df","relatedPAWDetailsLis (1 more) ...":"0x5de79012","targetEDR":0.00,"totalAppliedDeductib (2 more) ...":0.00,"totalCoInsurance":0.00,"totalCoPayAmt":0.00,"totalInsCoResp":0.00,"totalInsEIVAmt":0.00,"totalRowCount":0,"totalTalbottDay":0}|0x3bcbf613
08:36:40.0 (287510908)|HEAP_ALLOCATE|[84]|Bytes:28
08:36:40.0 (287553685)|VARIABLE_ASSIGNMENT|[EXTERNAL]|this|{"insrncBnft":"0x12040b5d","insrncBnftSelected":"","pawDetailListDisplay (4 more) ...":false,"pyAgrmntWrksht":"0x4e1ca1df","relatedPAWDetailsLis (1 more) ...":"0x5de79012","targetEDR":0.00,"totalAppliedDeductib (2 more) ...":0.00,"totalCoInsurance":0.00,"totalCoPayAmt":0.00,"totalInsCoResp":0.00,"totalInsEIVAmt":0.00,"totalRowCount":0,"totalTalbottDay":0}|0x3bcbf613
08:36:40.0 (287570938)|HEAP_ALLOCATE|[84]|Bytes:28
08:36:40.0 (287574152)|HEAP_ALLOCATE|[84]|Bytes:28
08:36:40.0 (287590412)|HEAP_ALLOCATE|[84]|Bytes:28
08:36:40.0 (287593657)|HEAP_ALLOCATE|[84]|Bytes:28
08:36:40.0 (287608612)|HEAP_ALLOCATE|[84]|Bytes:28
08:36:40.0 (287611731)|HEAP_ALLOCATE|[84]|Bytes:28
08:36:40.0 (287621698)|VARIABLE_ASSIGNMENT|[84]|coPayRemaining|0
08:36:40.0 (287625563)|STATEMENT_EXECUTE|[85]
08:36:40.0 (287659213)|HEAP_ALLOCATE|[85]|Bytes:28
08:36:40.0 (287663280)|HEAP_ALLOCATE|[85]|Bytes:28
08:36:40.0 (287709701)|VARIABLE_ASSIGNMENT|[EXTERNAL]|this|{"insrncBnft":"0x12040b5d","insrncBnftSelected":"","pawDetailListDisplay (4 more) ...":false,"pyAgrmntWrksht":"0x4e1ca1df","relatedPAWDetailsLis (1 more) ...":"0x5de79012","targetEDR":0.00,"totalAppliedDeductib (2 more) ...":0.00,"totalCoInsurance":0.00,"totalCoPayAmt":0.00,"totalInsCoResp":0.00,"totalInsEIVAmt":0.00,"totalRowCount":0,"totalTalbottDay":0}|0x3bcbf613
08:36:40.0 (287763400)|VARIABLE_ASSIGNMENT|[85]|this.Co_Pay_Remaining__c|0.00|0x4e1ca1df
08:36:40.0 (287769964)|STATEMENT_EXECUTE|[86]
08:36:40.0 (287778848)|METHOD_EXIT|[13]|01p0a000004sKzT|PAWValueCalculationService.calculateWraperValues(PAW_New_EditCntrllr.WraperClass, Map<Id,Facility_Program__c>, Map<Id,Insurance_Company_Rate_Adjustment__c>, Map<Id,Insurance_Benefit__c>, Estimated_Coverage_Days__c)
08:36:40.0 (287822766)|VARIABLE_ASSIGNMENT|[13]|pWrprObj|{"insrncBnft":"0x12040b5d","insrncBnftSelected":"","pawDetailListDisplay (4 more) ...":false,"pyAgrmntWrksht":"0x4e1ca1df","relatedPAWDetailsLis (1 more) ...":"0x5de79012","targetEDR":0.00,"totalAppliedDeductib (2 more) ...":0.00,"totalCoInsurance":0.00,"totalCoPayAmt":0.00,"totalInsCoResp":0.00,"totalInsEIVAmt":0.00,"totalRowCount":0,"totalTalbottDay":0}|0x3bcbf613
08:36:40.0 (287831118)|STATEMENT_EXECUTE|[18]
08:36:40.0 (287835583)|SYSTEM_MODE_EXIT|false
08:36:40.0 (287844779)|METHOD_EXIT|[421]|01p0a000004sKzO|PAWFrnFacilityService.calculateWraperValuesFRN(PAW_New_EditCntrllr.WraperClass, Map<Id,Facility_Program__c>, Map<Id,Insurance_Company_Rate_Adjustment__c>, Map<Id,Insurance_Benefit__c>, Estimated_Coverage_Days__c)
08:36:40.0 (287931898)|VARIABLE_ASSIGNMENT|[EXTERNAL]|this|{"estmtCvrgeDaysObj":"0x8fe2130","faciltyOptions":"0x525f5a43","fcltyPrgrmOptions":"0x2dad58eb","idToOwnershipFacilit (4 more) ...":"0x1759484d","idToTypeFacilityMap":"0x6ed70c37","insrncBnftMap":"0x4672deec","insrncBnftOptions":"0x1dfacc9","isIop":false,"isTalbott":false,"meta":"0x5c99979f","oppId":"00629000004NTeZ","pawObj":"0xa799e8f","ptntInsrnceOptions":"0xd710412","ptntInsrncMap":"0x62ee20de","ptntInsrncObj":"0x6ba2fd20","quoteObj":"0x7017c165","recordId":"00629000004NTeZ","rtAdjstmntOptions":"0x4fa063c1","showPILookup":false,"sObjectQueryStr":"","wrprObj":"0x3bcbf613"}|0x2649e41d
08:36:40.0 (287975248)|VARIABLE_ASSIGNMENT|[EXTERNAL]|value|{"insrncBnft":"0x12040b5d","insrncBnftSelected":"","pawDetailListDisplay (4 more) ...":false,"pyAgrmntWrksht":"0x4e1ca1df","relatedPAWDetailsLis (1 more) ...":"0x5de79012","targetEDR":0.00,"totalAppliedDeductib (2 more) ...":0.00,"totalCoInsurance":0.00,"totalCoPayAmt":0.00,"totalInsCoResp":0.00,"totalInsEIVAmt":0.00,"totalRowCount":0,"totalTalbottDay":0}|0x3bcbf613
08:36:40.0 (287991827)|VARIABLE_ASSIGNMENT|[30]|this.wrprObj|0x3bcbf613|0x2649e41d
08:36:40.0 (288066049)|VARIABLE_ASSIGNMENT|[EXTERNAL]|this|{"estmtCvrgeDaysObj":"0x8fe2130","faciltyOptions":"0x525f5a43","fcltyPrgrmOptions":"0x2dad58eb","idToOwnershipFacilit (4 more) ...":"0x1759484d","idToTypeFacilityMap":"0x6ed70c37","insrncBnftMap":"0x4672deec","insrncBnftOptions":"0x1dfacc9","isIop":false,"isTalbott":false,"meta":"0x5c99979f","oppId":"00629000004NTeZ","pawObj":"0xa799e8f","ptntInsrnceOptions":"0xd710412","ptntInsrncMap":"0x62ee20de","ptntInsrncObj":"0x6ba2fd20","quoteObj":"0x7017c165","recordId":"00629000004NTeZ","rtAdjstmntOptions":"0x4fa063c1","showPILookup":false,"sObjectQueryStr":"","wrprObj":"0x3bcbf613"}|0x2649e41d
08:36:40.0 (288085265)|STATEMENT_EXECUTE|[427]
08:36:40.0 (288089195)|METHOD_EXIT|[212]|01p0a000004sKzV|PAW_New_EditCntrllr.updateWraperValues()
08:36:40.299 (299293091)|SYSTEM_MODE_ENTER|true
08:36:40.299 (299407554)|HEAP_ALLOCATE|[EXTERNAL]|Bytes:8
08:36:40.299 (299423116)|VARIABLE_SCOPE_BEGIN|[88]|this|ApexPage.PageMessagesComponentController|true|false
08:36:40.299 (299478843)|VARIABLE_ASSIGNMENT|[88]|this|{}|0xcec7da3
08:36:40.299 (299485997)|VARIABLE_SCOPE_BEGIN|[88]|escape|Boolean|false|false
08:36:40.299 (299493716)|VARIABLE_ASSIGNMENT|[88]|escape|null
08:36:40.299 (299622488)|SYSTEM_MODE_ENTER|true
08:36:40.299 (299658713)|HEAP_ALLOCATE|[EXTERNAL]|Bytes:8
08:36:40.299 (299665649)|VARIABLE_SCOPE_BEGIN|[2]|this|ApexPage.PageMessagesComponentController|true|false
08:36:40.299 (299683883)|VARIABLE_ASSIGNMENT|[2]|this|{}|0xcec7da3
08:36:40.0 (300210939)|SYSTEM_MODE_ENTER|true
08:36:40.0 (300336899)|SYSTEM_MODE_ENTER|true
08:36:40.0 (300644806)|SYSTEM_MODE_ENTER|true
08:36:40.0 (304525278)|SYSTEM_MODE_ENTER|true
08:36:40.0 (304586640)|SYSTEM_MODE_ENTER|true
08:36:40.0 (311346898)|SYSTEM_MODE_ENTER|true
08:36:40.0 (311402110)|HEAP_ALLOCATE|[EXTERNAL]|Bytes:112
08:36:40.0 (311423147)|VARIABLE_SCOPE_BEGIN|[215]|this|PAW_New_EditCntrllr|true|false
08:36:40.0 (311535845)|VARIABLE_ASSIGNMENT|[215]|this|{"estmtCvrgeDaysObj":"0x8fe2130","faciltyOptions":"0x525f5a43","fcltyPrgrmOptions":"0x2dad58eb","idToOwnershipFacilit (4 more) ...":"0x1759484d","idToTypeFacilityMap":"0x6ed70c37","insrncBnftMap":"0x4672deec","insrncBnftOptions":"0x1dfacc9","isIop":false,"isTalbott":false,"meta":"0x5c99979f","oppId":"00629000004NTeZ","pawObj":"0xa799e8f","ptntInsrnceOptions":"0xd710412","ptntInsrncMap":"0x62ee20de","ptntInsrncObj":"0x6ba2fd20","quoteObj":"0x7017c165","recordId":"00629000004NTeZ","rtAdjstmntOptions":"0x4fa063c1","showPILookup":false,"sObjectQueryStr":"","wrprObj":"0x3bcbf613"}|0x2649e41d
08:36:40.0 (311558401)|STATEMENT_EXECUTE|[215]
08:36:40.0 (311560508)|STATEMENT_EXECUTE|[216]
08:36:40.0 (311623501)|STATEMENT_EXECUTE|[217]
08:36:40.0 (311709199)|HEAP_ALLOCATE|[EXTERNAL]|Bytes:4
08:36:40.0 (311819307)|VARIABLE_ASSIGNMENT|[EXTERNAL]|this|{"estmtCvrgeDaysObj":"0x8fe2130","faciltyOptions":"0x525f5a43","fcltyPrgrmOptions":"0x2dad58eb","idToOwnershipFacilit (4 more) ...":"0x1759484d","idToTypeFacilityMap":"0x6ed70c37","insrncBnftMap":"0x4672deec","insrncBnftOptions":"0x1dfacc9","isIop":false,"isTalbott":false,"meta":"0x5c99979f","oppId":"00629000004NTeZ","pawObj":"0xa799e8f","ptntInsrnceOptions":"0xd710412","ptntInsrncMap":"0x62ee20de","ptntInsrncObj":"0x6ba2fd20","quoteObj":"0x7017c165","recordId":"00629000004NTeZ","rtAdjstmntOptions":"0x4fa063c1","showPILookup":false,"sObjectQueryStr":"","wrprObj":"0x3bcbf613"}|0x2649e41d
08:36:40.0 (311842123)|STATEMENT_EXECUTE|[218]
08:36:40.0 (311843536)|STATEMENT_EXECUTE|[219]
08:36:40.0 (311884492)|HEAP_ALLOCATE|[219]|Bytes:4
08:36:40.0 (311894546)|HEAP_ALLOCATE|[219]|Bytes:1083
08:36:40.0 (311904643)|HEAP_ALLOCATE|[219]|Bytes:4
08:36:40.0 (311980176)|VARIABLE_ASSIGNMENT|[EXTERNAL]|this|{"estmtCvrgeDaysObj":"0x8fe2130","faciltyOptions":"0x525f5a43","fcltyPrgrmOptions":"0x2dad58eb","idToOwnershipFacilit (4 more) ...":"0x1759484d","idToTypeFacilityMap":"0x6ed70c37","insrncBnftMap":"0x4672deec","insrncBnftOptions":"0x1dfacc9","isIop":false,"isTalbott":false,"meta":"0x5c99979f","oppId":"00629000004NTeZ","pawObj":"0xa799e8f","ptntInsrnceOptions":"0xd710412","ptntInsrncMap":"0x62ee20de","ptntInsrncObj":"0x6ba2fd20","quoteObj":"0x7017c165","recordId":"00629000004NTeZ","rtAdjstmntOptions":"0x4fa063c1","showPILookup":false,"sObjectQueryStr":"","wrprObj":"0x3bcbf613"}|0x2649e41d
08:36:40.0 (313002155)|SOQL_EXECUTE_BEGIN|[219]|Aggregations:0|SELECT Id, Name, RecordType.Name, Uncovered_Charges__c, Patient_Insurance__r.Accepts_Assignment_of_Benefits__c, Patient_Insurance__r.Opportunity__c, Patient_Insurance__r.Accreditation__c, Patient_Insurance__r.Insurance_Company__r.Name, PHP_Admit_Co_Payment__c, Detox_Admit_Co_Payment__c, RTC_Admit_Co_Payment__c, Deductible__c, Deductible_Met__c, IOP_Admit_Co_Payment__c, Max_Out_of_Pocket_Remaining__c, Insurance_Company_is_Out_of_Network__c, Annual_Max_Remaining__c, Deductible_Remaining__c, Detox_Pays_at__c, Detox_Over__c, RTC_Pays_at__c, Residential_Treatment_Override__c, PHP_Pays_at__c, Partial_Hospitalization_Override__c, IOP_Pays_at__c, Intensive_Outpatient_Override__c, Num_Days_Uncovered__c, Num_Days_Room__c, Uncovered_Days_Rate__c, Room_and_Board_Days_Rate__c, Uncovered_Days_Override__c, Room_and_Board_Days_Override__c, Deductible_Included_in_OOP__c, Uncovered_Days__c, Lifetime_Max__c, Lifetime_Max_Met__c, Annual_Max__c, Annual_Max_Met__c, Max_Out_of_Pocket__c, Max_Out_of_Pocket_Met__c, Co_Pay_Met__c FROM Insurance_Benefit__c WHERE Patient_Insurance__c = :tmpVar1
08:36:40.0 (327342861)|SOQL_EXECUTE_END|[219]|Rows:2
08:36:40.0 (327372791)|HEAP_ALLOCATE|[219]|Bytes:12
08:36:40.0 (327432771)|HEAP_ALLOCATE|[219]|Bytes:2986
08:36:40.0 (327487733)|HEAP_ALLOCATE|[219]|Bytes:12
08:36:40.0 (327530412)|HEAP_ALLOCATE|[219]|Bytes:108
08:36:40.0 (327543274)|HEAP_ALLOCATE|[219]|Bytes:4
08:36:40.0 (327549602)|HEAP_ALLOCATE|[219]|Bytes:108
08:36:40.0 (327554018)|HEAP_ALLOCATE|[219]|Bytes:4
08:36:40.0 (327654799)|VARIABLE_ASSIGNMENT|[219]|this.insrncBnftMap|{"a1H29000000pRTUEA2":{"Id":"a1H29000000pRTUEA2","Name":"Insurance Benefit 75 (2 more) ...","RecordTypeId":"012j00000015GS6AAM","Patient_Insurance__c":"a1b29000000lvHQAAY","PHP_Admit_Co_Payment (3 more) ...":0.00,"Deductible__c":5000.00,"Deductible_Met__c":0.00,"Max_Out_of_Pocket_Re (10 more) ...":10000.00,"Insurance_Company_is (18 more) ...":false,"Annual_Max_Remaining (3 more) ...":1000000,"Deductible_Remaining (3 more) ...":5000.00,"Detox_Pays_at__c":80.00,"RTC_Pays_at__c":80.00,"PHP_Pays_at__c":80.00,"IOP_Pays_at__c":80.00,"Uncovered_Days_Rate_ (2 more) ...":630.00,"Room_and_Board_Days_ (7 more) ...":2000.00,"Deductible_Included_ (9 more) ...":"Yes","Lifetime_Max__c":1000000.00,"Lifetime_Max_Met__c":0.00,"Annual_Max__c":1000000.00,"Annual_Max_Met__c":0.00,"Max_Out_of_Pocket__c":10000.00,"Max_Out_of_Pocket_Me (4 more) ...":0.00,"RecordType":{"Name":"In Network","Id":"012j00000015GS6AAM"},"Patient_Insurance__r":{"Opportunity__c":"00629000004NTeZAAW","Accreditation__c":"State","Insurance_Company__c":"0012900000AXSP3AAP","Id":"a1b29000000lvHQAAY","Insurance_Company__r":{"Name":"Value Options/Beacon (7 more) ...","Id":"0012900000AXSP3AAP","RecordTypeId":"012j00000015GRqAAM"}}},"a1H29000000pRTZEA2":{"Id":"a1H29000000pRTZEA2","Name":"Insurance Benefit 75 (2 more) ...","RecordTypeId":"012j00000015GS7AAM","Patient_Insurance__c":"a1b29000000lvHQAAY","PHP_Admit_Co_Payment (3 more) ...":0.00,"Deductible__c":10000.00,"Deductible_Met__c":0.00,"Max_Out_of_Pocket_Re (10 more) ...":20000.00,"Insurance_Company_is (18 more) ...":false,"Annual_Max_Remaining (3 more) ...":1000000,"Deductible_Remaining (3 more) ...":10000.00,"Detox_Pays_at__c":60.00,"RTC_Pays_at__c":60.00,"PHP_Pays_at__c":60.00,"IOP_Pays_at__c":60.00,"Uncovered_Days_Rate_ (2 more) ...":630.00,"Room_and_Board_Days_ (7 more) ...":2000.00,"Deductible_Included_ (9 more) ...":"Yes","Lifetime_Max__c":1000000.00,"Lifetime_Max_Met__c":0.00,"Annual_Max__c":1000000.00,"Annual_Max_Met__c":0.00,"Max_Out_of_Pocket__c":20000.00,"Max_Out_of_Pocket_Me (4 more) ...":0.00,"RecordType":{"Name":"Out of Network","Id":"012j00000015GS7AAM"},"Patient_Insurance__r":{"Opportunity__c":"00629000004NTeZAAW","Accreditation__c":"State","Insurance_Company__c":"0012900000AXSP3AAP","Id":"a1b29000000lvHQAAY","Insurance_Company__r":{"Name":"Value Options/Beacon (7 more) ...","Id":"0012900000AXSP3AAP","RecordTypeId":"012j00000015GRqAAM"}}}}|0x2649e41d
08:36:40.0 (327739581)|HEAP_ALLOCATE|[EXTERNAL]|Bytes:12
08:36:40.0 (327766727)|HEAP_ALLOCATE|[263]|Bytes:2996
08:36:40.0 (327902527)|HEAP_ALLOCATE|[263]|Bytes:5
08:36:40.0 (327918660)|HEAP_ALLOCATE|[263]|Bytes:108
08:36:40.0 (327928843)|VARIABLE_SCOPE_BEGIN|[263]|insrncBnftInstance|Insurance_Benefit__c|true|false
08:36:40.0 (327969837)|VARIABLE_ASSIGNMENT|[263]|insrncBnftInstance|{"Id":"a1H29000000pRTUEA2","Name":"Insurance Benefit 75 (2 more) ...","RecordTypeId":"012j00000015GS6AAM","Patient_Insurance__c":"a1b29000000lvHQAAY","PHP_Admit_Co_Payment (3 more) ...":0.00,"Deductible__c":5000.00,"Deductible_Met__c":0.00,"Max_Out_of_Pocket_Re (10 more) ...":10000.00,"Insurance_Company_is (18 more) ...":false,"Annual_Max_Remaining (3 more) ...":1000000,"Deductible_Remaining (3 more) ...":5000.00,"Detox_Pays_at__c":80.00,"RTC_Pays_at__c":80.00,"PHP_Pays_at__c":80.00,"IOP_Pays_at__c":80.00,"Uncovered_Days_Rate_ (2 more) ...":630.00,"Room_and_Board_Days_ (7 more) ...":2000.00,"Deductible_Included_ (9 more) ...":"Yes","Lifetime_Max__c":1000000.00,"Lifetime_Max_Met__c":0.00,"Annual_Max__c":1000000.00,"Annual_Max_Met__c":0.00,"Max_Out_of_Pocket__c":10000.00,"Max_Out_of_Pocket_Me (4 more) ...":0.00,"RecordType":{"Name":"In Network","Id":"012j00000015GS6AAM"},"Patient_Insurance__r":{"Opportunity__c":"00629000004NTeZAAW","Accreditation__c":"State","Insurance_Company__c":"0012900000AXSP3AAP","Id":"a1b29000000lvHQAAY","Insurance_Company__r":{"Name":"Value Options/Beacon (7 more) ...","Id":"0012900000AXSP3AAP","RecordTypeId":"012j00000015GRqAAM"}}}|0x65a14908
08:36:40.0 (327990199)|STATEMENT_EXECUTE|[263]
08:36:40.0 (327992362)|STATEMENT_EXECUTE|[264]
08:36:40.0 (328042171)|HEAP_ALLOCATE|[264]|Bytes:18
08:36:40.0 (328101762)|HEAP_ALLOCATE|[264]|Bytes:3
08:36:40.0 (328127243)|HEAP_ALLOCATE|[264]|Bytes:35
08:36:40.0 (328192911)|HEAP_ALLOCATE|[EXTERNAL]|Bytes:4
08:36:40.0 (328210220)|HEAP_ALLOCATE|[263]|Bytes:5
08:36:40.0 (328220656)|HEAP_ALLOCATE|[263]|Bytes:108
08:36:40.0 (328227840)|VARIABLE_SCOPE_BEGIN|[263]|insrncBnftInstance|Insurance_Benefit__c|true|false
08:36:40.0 (328270349)|VARIABLE_ASSIGNMENT|[263]|insrncBnftInstance|{"Id":"a1H29000000pRTZEA2","Name":"Insurance Benefit 75 (2 more) ...","RecordTypeId":"012j00000015GS7AAM","Patient_Insurance__c":"a1b29000000lvHQAAY","PHP_Admit_Co_Payment (3 more) ...":0.00,"Deductible__c":10000.00,"Deductible_Met__c":0.00,"Max_Out_of_Pocket_Re (10 more) ...":20000.00,"Insurance_Company_is (18 more) ...":false,"Annual_Max_Remaining (3 more) ...":1000000,"Deductible_Remaining (3 more) ...":10000.00,"Detox_Pays_at__c":60.00,"RTC_Pays_at__c":60.00,"PHP_Pays_at__c":60.00,"IOP_Pays_at__c":60.00,"Uncovered_Days_Rate_ (2 more) ...":630.00,"Room_and_Board_Days_ (7 more) ...":2000.00,"Deductible_Included_ (9 more) ...":"Yes","Lifetime_Max__c":1000000.00,"Lifetime_Max_Met__c":0.00,"Annual_Max__c":1000000.00,"Annual_Max_Met__c":0.00,"Max_Out_of_Pocket__c":20000.00,"Max_Out_of_Pocket_Me (4 more) ...":0.00,"RecordType":{"Name":"Out of Network","Id":"012j00000015GS7AAM"},"Patient_Insurance__r":{"Opportunity__c":"00629000004NTeZAAW","Accreditation__c":"State","Insurance_Company__c":"0012900000AXSP3AAP","Id":"a1b29000000lvHQAAY","Insurance_Company__r":{"Name":"Value Options/Beacon (7 more) ...","Id":"0012900000AXSP3AAP","RecordTypeId":"012j00000015GRqAAM"}}}|0x18eb09b7
08:36:40.0 (328289987)|STATEMENT_EXECUTE|[263]
08:36:40.0 (328291376)|STATEMENT_EXECUTE|[264]
08:36:40.0 (328303789)|HEAP_ALLOCATE|[264]|Bytes:18
08:36:40.0 (328324912)|HEAP_ALLOCATE|[264]|Bytes:39
08:36:40.0 (328337252)|HEAP_ALLOCATE|[EXTERNAL]|Bytes:4
08:36:40.0 (328348964)|HEAP_ALLOCATE|[263]|Bytes:5
08:36:40.0 (328358832)|VARIABLE_ASSIGNMENT|[263]|insrncBnftInstance|null|
08:36:40.0 (328473706)|VARIABLE_ASSIGNMENT|[EXTERNAL]|this|{"estmtCvrgeDaysObj":"0x8fe2130","faciltyOptions":"0x525f5a43","fcltyPrgrmOptions":"0x2dad58eb","idToOwnershipFacilit (4 more) ...":"0x1759484d","idToTypeFacilityMap":"0x6ed70c37","insrncBnftMap":"0x34ddf549","insrncBnftOptions":"0x1dfacc9","isIop":false,"isTalbott":false,"meta":"0x5c99979f","oppId":"00629000004NTeZ","pawObj":"0xa799e8f","ptntInsrnceOptions":"0xd710412","ptntInsrncMap":"0x62ee20de","ptntInsrncObj":"0x6ba2fd20","quoteObj":"0x7017c165","recordId":"00629000004NTeZ","rtAdjstmntOptions":"0x4fa063c1","showPILookup":false,"sObjectQueryStr":"","wrprObj":"0x3bcbf613"}|0x2649e41d
08:36:40.0 (328549718)|VARIABLE_ASSIGNMENT|[EXTERNAL]|this|{"insrncBnft":"0x12040b5d","insrncBnftSelected":"","pawDetailListDisplay (4 more) ...":false,"pyAgrmntWrksht":"0x4e1ca1df","relatedPAWDetailsLis (1 more) ...":"0x5de79012","targetEDR":0.00,"totalAppliedDeductib (2 more) ...":0.00,"totalCoInsurance":0.00,"totalCoPayAmt":0.00,"totalInsCoResp":0.00,"totalInsEIVAmt":0.00,"totalRowCount":0,"totalTalbottDay":0}|0x3bcbf613
08:36:40.0 (328635014)|VARIABLE_ASSIGNMENT|[EXTERNAL]|this|{"estmtCvrgeDaysObj":"0x8fe2130","faciltyOptions":"0x525f5a43","fcltyPrgrmOptions":"0x2dad58eb","idToOwnershipFacilit (4 more) ...":"0x1759484d","idToTypeFacilityMap":"0x6ed70c37","insrncBnftMap":"0x34ddf549","insrncBnftOptions":"0x1dfacc9","isIop":false,"isTalbott":false,"meta":"0x5c99979f","oppId":"00629000004NTeZ","pawObj":"0xa799e8f","ptntInsrnceOptions":"0xd710412","ptntInsrncMap":"0x62ee20de","ptntInsrncObj":"0x6ba2fd20","quoteObj":"0x7017c165","recordId":"00629000004NTeZ","rtAdjstmntOptions":"0x4fa063c1","showPILookup":false,"sObjectQueryStr":"","wrprObj":"0x3bcbf613"}|0x2649e41d
08:36:40.0 (328688736)|VARIABLE_ASSIGNMENT|[EXTERNAL]|this|{"insrncBnft":"0x12040b5d","insrncBnftSelected":"","pawDetailListDisplay (4 more) ...":false,"pyAgrmntWrksht":"0x4e1ca1df","relatedPAWDetailsLis (1 more) ...":"0x5de79012","targetEDR":0.00,"totalAppliedDeductib (2 more) ...":0.00,"totalCoInsurance":0.00,"totalCoPayAmt":0.00,"totalInsCoResp":0.00,"totalInsEIVAmt":0.00,"totalRowCount":0,"totalTalbottDay":0}|0x3bcbf613
08:36:40.0 (328713853)|STATEMENT_EXECUTE|[269]
08:36:40.0 (328715486)|STATEMENT_EXECUTE|[270]
08:36:40.0 (328775733)|VARIABLE_ASSIGNMENT|[EXTERNAL]|this|{"estmtCvrgeDaysObj":"0x8fe2130","faciltyOptions":"0x525f5a43","fcltyPrgrmOptions":"0x2dad58eb","idToOwnershipFacilit (4 more) ...":"0x1759484d","idToTypeFacilityMap":"0x6ed70c37","insrncBnftMap":"0x34ddf549","insrncBnftOptions":"0x1dfacc9","isIop":false,"isTalbott":false,"meta":"0x5c99979f","oppId":"00629000004NTeZ","pawObj":"0xa799e8f","ptntInsrnceOptions":"0xd710412","ptntInsrncMap":"0x62ee20de","ptntInsrncObj":"0x6ba2fd20","quoteObj":"0x7017c165","recordId":"00629000004NTeZ","rtAdjstmntOptions":"0x4fa063c1","showPILookup":false,"sObjectQueryStr":"","wrprObj":"0x3bcbf613"}|0x2649e41d
08:36:40.0 (328827391)|VARIABLE_ASSIGNMENT|[EXTERNAL]|this|{"insrncBnft":"0x12040b5d","insrncBnftSelected":"","pawDetailListDisplay (4 more) ...":false,"pyAgrmntWrksht":"0x4e1ca1df","relatedPAWDetailsLis (1 more) ...":"0x5de79012","targetEDR":0.00,"totalAppliedDeductib (2 more) ...":0.00,"totalCoInsurance":0.00,"totalCoPayAmt":0.00,"totalInsCoResp":0.00,"totalInsEIVAmt":0.00,"totalRowCount":0,"totalTalbottDay":0}|0x3bcbf613
08:36:40.0 (328838305)|VARIABLE_ASSIGNMENT|[EXTERNAL]|value|null|
08:36:40.0 (328846515)|VARIABLE_ASSIGNMENT|[526]|this.insrncBnft|null|0x3bcbf613
08:36:40.0 (328854355)|STATEMENT_EXECUTE|[272]
08:36:40.0 (329856130)|SYSTEM_MODE_ENTER|true
08:36:40.0 (330118900)|SYSTEM_MODE_ENTER|true
08:36:40.0 (330158957)|HEAP_ALLOCATE|[EXTERNAL]|Bytes:112
08:36:40.0 (330168237)|VARIABLE_SCOPE_BEGIN|[379]|this|PAW_New_EditCntrllr|true|false
08:36:40.0 (330236629)|VARIABLE_ASSIGNMENT|[379]|this|{"estmtCvrgeDaysObj":"0x8fe2130","faciltyOptions":"0x525f5a43","fcltyPrgrmOptions":"0x2dad58eb","idToOwnershipFacilit (4 more) ...":"0x1759484d","idToTypeFacilityMap":"0x6ed70c37","insrncBnftMap":"0x34ddf549","insrncBnftOptions":"0x1dfacc9","isIop":false,"isTalbott":false,"meta":"0x5c99979f","oppId":"00629000004NTeZ","pawObj":"0xa799e8f","ptntInsrnceOptions":"0xd710412","ptntInsrncMap":"0x62ee20de","ptntInsrncObj":"0x6ba2fd20","quoteObj":"0x7017c165","recordId":"00629000004NTeZ","rtAdjstmntOptions":"0x4fa063c1","showPILookup":false,"sObjectQueryStr":"","wrprObj":"0x3bcbf613"}|0x2649e41d
08:36:40.0 (330252909)|STATEMENT_EXECUTE|[379]
08:36:40.0 (330254548)|STATEMENT_EXECUTE|[380]
08:36:40.0 (330269048)|HEAP_ALLOCATE|[380]|Bytes:4
08:36:40.0 (330321902)|HEAP_ALLOCATE|[EXTERNAL]|Bytes:4
08:36:40.0 (330333343)|VARIABLE_ASSIGNMENT|[380]|this.rtAdjstmntOptions|[]|0x2649e41d
08:36:40.0 (330338368)|STATEMENT_EXECUTE|[381]
08:36:40.0 (330345534)|HEAP_ALLOCATE|[381]|Bytes:8
08:36:40.0 (330390603)|HEAP_ALLOCATE|[EXTERNAL]|Bytes:4
08:36:40.0 (330466091)|VARIABLE_ASSIGNMENT|[EXTERNAL]|this|{"estmtCvrgeDaysObj":"0x8fe2130","faciltyOptions":"0x525f5a43","fcltyPrgrmOptions":"0x2dad58eb","idToOwnershipFacilit (4 more) ...":"0x1759484d","idToTypeFacilityMap":"0x6ed70c37","insrncBnftMap":"0x34ddf549","insrncBnftOptions":"0x1dfacc9","isIop":false,"isTalbott":false,"meta":"0x5c99979f","oppId":"00629000004NTeZ","pawObj":"0xa799e8f","ptntInsrnceOptions":"0xd710412","ptntInsrncMap":"0x62ee20de","ptntInsrncObj":"0x6ba2fd20","quoteObj":"0x7017c165","recordId":"00629000004NTeZ","rtAdjstmntOptions":"0x22478641","showPILookup":false,"sObjectQueryStr":"","wrprObj":"0x3bcbf613"}|0x2649e41d
08:36:40.0 (330530751)|VARIABLE_ASSIGNMENT|[EXTERNAL]|this|{"insrncBnftSelected":"","pawDetailListDisplay (4 more) ...":false,"pyAgrmntWrksht":"0x4e1ca1df","relatedPAWDetailsLis (1 more) ...":"0x5de79012","targetEDR":0.00,"totalAppliedDeductib (2 more) ...":0.00,"totalCoInsurance":0.00,"totalCoPayAmt":0.00,"totalInsCoResp":0.00,"totalInsEIVAmt":0.00,"totalRowCount":0,"totalTalbottDay":0}|0x3bcbf613
08:36:40.0 (330547722)|STATEMENT_EXECUTE|[382]
08:36:40.0 (330549225)|STATEMENT_EXECUTE|[400]
08:36:40.0 (330870199)|SYSTEM_MODE_ENTER|true
08:36:40.0 (338014655)|VF_SERIALIZE_VIEWSTATE_BEGIN|0660a0000009uTC
08:36:40.0 (417216500)|VF_SERIALIZE_VIEWSTATE_END
08:36:40.0 (444435778)|HEAP_ALLOCATE|[EXTERNAL]|Bytes:160
08:36:40.0 (444472854)|HEAP_ALLOCATE|[EXTERNAL]|Bytes:11
08:36:40.0 (460971771)|CODE_UNIT_STARTED|[EXTERNAL]|Generate Metadata
08:36:40.0 (464753131)|CODE_UNIT_FINISHED|Generate Metadata
08:36:40.472 (472601700)|CUMULATIVE_LIMIT_USAGE
08:36:40.472 (472601700)|LIMIT_USAGE_FOR_NS|(default)|
  Number of SOQL queries: 2 out of 100
  Number of query rows: 6 out of 50000
  Number of SOSL queries: 0 out of 20
  Number of DML statements: 0 out of 150
  Number of DML rows: 0 out of 10000
  Maximum CPU time: 0 out of 10000
  Maximum heap size: 0 out of 6000000
  Number of callouts: 0 out of 100
  Number of Email Invocations: 0 out of 10
  Number of future calls: 0 out of 50
  Number of queueable jobs added to the queue: 0 out of 50
  Number of Mobile Apex push calls: 0 out of 10

08:36:40.472 (472601700)|CUMULATIVE_LIMIT_USAGE_END

08:36:40.0 (472651325)|CODE_UNIT_FINISHED|VF: /apex/PAW_New_Edit
08:36:40.0 (473427478)|EXECUTION_FINISHED
