40.0 APEX_CODE,FINEST;APEX_PROFILING,INFO;CALLOUT,INFO;DB,INFO;SYSTEM,DEBUG;VALIDATION,INFO;VISUALFORCE,INFO;WAVE,INFO;WORKFLOW,FINER
01:31:25.0 (329257)|USER_INFO|[EXTERNAL]|00529000000zYiy|bhakti.gujrathi@eternussolutions.com.frnstgng|Central Standard Time|GMT-06:00
01:31:25.0 (366593)|EXECUTION_STARTED
01:31:25.0 (370607)|CODE_UNIT_STARTED|[EXTERNAL]|01p0a000004sKkr|CCPullTripFromConcurAndSF-2/2/2018 1:26 AM
01:31:25.0 (1807075)|VARIABLE_SCOPE_BEGIN|[4]|CCPullTripFromConcurAndSF.accessToken|String|false|true
01:31:25.0 (1823073)|VARIABLE_SCOPE_BEGIN|[8]|CCPullTripFromConcurAndSF.lstApxlog|List<Apex_Debug_log__c>|true|true
01:31:25.0 (6692801)|HEAP_ALLOCATE|[72]|Bytes:3
01:31:25.0 (6769437)|HEAP_ALLOCATE|[77]|Bytes:152
01:31:25.0 (6784190)|HEAP_ALLOCATE|[342]|Bytes:408
01:31:25.0 (6798528)|HEAP_ALLOCATE|[355]|Bytes:408
01:31:25.0 (6811712)|HEAP_ALLOCATE|[467]|Bytes:48
01:31:25.0 (6836592)|HEAP_ALLOCATE|[139]|Bytes:6
01:31:25.0 (6863920)|HEAP_ALLOCATE|[EXTERNAL]|Bytes:3
01:31:25.0 (6900249)|SYSTEM_METHOD_ENTRY|[1]|SchedulableContextImpl.SchedulableContextImpl()
01:31:25.0 (6906868)|STATEMENT_EXECUTE|[1]
01:31:25.0 (6916600)|SYSTEM_METHOD_EXIT|[1]|SchedulableContextImpl
01:31:25.0 (6923790)|HEAP_ALLOCATE|[EXTERNAL]|Bytes:8
01:31:25.0 (6927641)|HEAP_ALLOCATE|[EXTERNAL]|Bytes:4
01:31:25.0 (6936745)|VARIABLE_SCOPE_BEGIN|[4]|this|System.SchedulableContextImpl|true|false
01:31:25.0 (7016632)|VARIABLE_ASSIGNMENT|[4]|this|{}|0x35d8ecf9
01:31:25.0 (7027666)|VARIABLE_SCOPE_BEGIN|[4]|triggerId|Id|false|false
01:31:25.0 (7137247)|VARIABLE_ASSIGNMENT|[4]|triggerId|"08e290000070CrUAAU"
01:31:25.0 (7555870)|HEAP_ALLOCATE|[EXTERNAL]|Bytes:11
01:31:25.0 (7835838)|METHOD_ENTRY|[1]|01p0a000004sKkr|CCPullTripFromConcurAndSF.CCPullTripFromConcurAndSF()
01:31:25.0 (7842433)|STATEMENT_EXECUTE|[1]
01:31:25.0 (7846094)|STATEMENT_EXECUTE|[1]
01:31:25.0 (7847025)|STATEMENT_EXECUTE|[8]
01:31:25.0 (7871378)|HEAP_ALLOCATE|[8]|Bytes:4
01:31:25.0 (7960780)|HEAP_ALLOCATE|[EXTERNAL]|Bytes:4
01:31:25.0 (7979339)|VARIABLE_ASSIGNMENT|[8]|CCPullTripFromConcurAndSF.lstApxlog|[]|0x529d93f5
01:31:25.0 (7989132)|METHOD_EXIT|[1]|CCPullTripFromConcurAndSF
01:31:25.0 (7995494)|HEAP_ALLOCATE|[EXTERNAL]|Bytes:4
01:31:25.0 (7999305)|HEAP_ALLOCATE|[EXTERNAL]|Bytes:8
01:31:25.0 (8004846)|VARIABLE_SCOPE_BEGIN|[39]|this|CCPullTripFromConcurAndSF|true|false
01:31:25.0 (8021786)|VARIABLE_ASSIGNMENT|[39]|this|{}|0x2e2f9960
01:31:25.0 (8027685)|VARIABLE_SCOPE_BEGIN|[39]|ctx|System.SchedulableContext|true|false
01:31:25.0 (8085444)|VARIABLE_ASSIGNMENT|[39]|ctx|{"triggerId":"08e290000070CrUAAU"}|0x35d8ecf9
01:31:25.0 (8095447)|STATEMENT_EXECUTE|[40]
01:31:25.0 (8097278)|STATEMENT_EXECUTE|[42]
01:31:25.0 (8102520)|HEAP_ALLOCATE|[42]|Bytes:25
01:31:25.0 (8108069)|HEAP_ALLOCATE|[42]|Bytes:30
01:31:25.0 (8121994)|HEAP_ALLOCATE|[42]|Bytes:4
01:31:25.0 (8144187)|HEAP_ALLOCATE|[42]|Bytes:4
01:31:25.0 (8164023)|HEAP_ALLOCATE|[50]|Bytes:5
01:31:25.0 (8179660)|HEAP_ALLOCATE|[56]|Bytes:5
01:31:25.0 (8186288)|HEAP_ALLOCATE|[64]|Bytes:7
01:31:25.0 (8219962)|HEAP_ALLOCATE|[EXTERNAL]|Bytes:4
01:31:25.0 (8230282)|HEAP_ALLOCATE|[EXTERNAL]|Bytes:4
01:31:25.24 (24018752)|CUMULATIVE_LIMIT_USAGE
01:31:25.24 (24018752)|LIMIT_USAGE_FOR_NS|(default)|
  Number of SOQL queries: 0 out of 100
  Number of query rows: 0 out of 50000
  Number of SOSL queries: 0 out of 20
  Number of DML statements: 0 out of 150
  Number of DML rows: 0 out of 10000
  Maximum CPU time: 0 out of 10000
  Maximum heap size: 0 out of 6000000
  Number of callouts: 0 out of 100
  Number of Email Invocations: 0 out of 10
  Number of future calls: 1 out of 50
  Number of queueable jobs added to the queue: 0 out of 50
  Number of Mobile Apex push calls: 0 out of 10

01:31:25.24 (24018752)|CUMULATIVE_LIMIT_USAGE_END

01:31:25.0 (24063469)|CODE_UNIT_FINISHED|CCPullTripFromConcurAndSF-2/2/2018 1:26 AM
01:31:25.0 (24863741)|EXECUTION_FINISHED
