37.0 APEX_CODE,FINEST;APEX_PROFILING,INFO;CALLOUT,INFO;DB,INFO;SYSTEM,DEBUG;VALIDATION,INFO;VISUALFORCE,INFO;WAVE,INFO;WORKFLOW,FINER
01:15:21.0 (443725)|USER_INFO|[EXTERNAL]|00529000000zYiy|bhakti.gujrathi@eternussolutions.com.frnstgng|Central Standard Time|GMT-06:00
01:15:21.0 (516456)|EXECUTION_STARTED
01:15:21.0 (523301)|CODE_UNIT_STARTED|[EXTERNAL]|066j0000002vLOq|VF: /apex/OpportunityStagePage
01:15:21.0 (16390498)|SYSTEM_MODE_ENTER|true
01:15:21.0 (16769081)|VARIABLE_SCOPE_BEGIN|[3]|OpportunityStageCont.STAGE_ADMITTED|String|false|true
01:15:21.0 (16789125)|VARIABLE_SCOPE_BEGIN|[4]|OpportunityStageCont.STAGE_ADMITTED_CLOSED|String|false|true
01:15:21.0 (16976456)|HEAP_ALLOCATE|[72]|Bytes:3
01:15:21.0 (17029538)|HEAP_ALLOCATE|[77]|Bytes:152
01:15:21.0 (17051213)|HEAP_ALLOCATE|[342]|Bytes:408
01:15:21.0 (17072040)|HEAP_ALLOCATE|[355]|Bytes:408
01:15:21.0 (17092283)|HEAP_ALLOCATE|[467]|Bytes:48
01:15:21.0 (17143520)|HEAP_ALLOCATE|[139]|Bytes:6
01:15:21.0 (17166717)|HEAP_ALLOCATE|[EXTERNAL]|Bytes:8
01:15:21.0 (17179643)|HEAP_ALLOCATE|[EXTERNAL]|Bytes:328
01:15:21.0 (17186893)|HEAP_ALLOCATE|[EXTERNAL]|Bytes:48
01:15:21.0 (17193724)|HEAP_ALLOCATE|[EXTERNAL]|Bytes:10
01:15:21.0 (17199686)|HEAP_ALLOCATE|[EXTERNAL]|Bytes:8
01:15:21.0 (17250448)|VARIABLE_ASSIGNMENT|[EXTERNAL]|OpportunityStageCont.STAGE_ADMITTED|"Admitted"
01:15:21.0 (17259168)|HEAP_ALLOCATE|[EXTERNAL]|Bytes:15
01:15:21.0 (17271620)|VARIABLE_ASSIGNMENT|[EXTERNAL]|OpportunityStageCont.STAGE_ADMITTED_CLOSED|"Admitted/Closed"
01:15:21.0 (17291763)|METHOD_ENTRY|[1]|01pj0000004Sbw4|OpportunityStageCont.OpportunityStageCont()
01:15:21.0 (17301470)|STATEMENT_EXECUTE|[1]
01:15:21.0 (17308783)|STATEMENT_EXECUTE|[1]
01:15:21.0 (17350432)|HEAP_ALLOCATE|[50]|Bytes:5
01:15:21.0 (17377723)|HEAP_ALLOCATE|[56]|Bytes:5
01:15:21.0 (17388784)|HEAP_ALLOCATE|[64]|Bytes:7
01:15:21.0 (17423327)|SYSTEM_MODE_ENTER|false
01:15:21.0 (17439618)|HEAP_ALLOCATE|[EXTERNAL]|Bytes:5
01:15:21.0 (17446479)|STATEMENT_EXECUTE|[87]
01:15:21.0 (17452771)|SYSTEM_MODE_EXIT|false
01:15:21.0 (17464657)|METHOD_EXIT|[1]|OpportunityStageCont
01:15:21.0 (17846104)|HEAP_ALLOCATE|[EXTERNAL]|Bytes:56
01:15:21.0 (17865757)|VARIABLE_SCOPE_BEGIN|[20]|this|OpportunityStageCont|true|false
01:15:21.0 (18011778)|VARIABLE_ASSIGNMENT|[20]|this|{}|0x7025fc23
01:15:21.0 (18039798)|SYSTEM_MODE_ENTER|false
01:15:21.0 (18050801)|HEAP_ALLOCATE|[21]|Bytes:5
01:15:21.0 (18058337)|STATEMENT_EXECUTE|[1]
01:15:21.0 (18066967)|HEAP_ALLOCATE|[21]|Bytes:5
01:15:21.0 (18071324)|STATEMENT_EXECUTE|[6]
01:15:21.0 (18073557)|STATEMENT_EXECUTE|[7]
01:15:21.0 (18075499)|STATEMENT_EXECUTE|[8]
01:15:21.0 (18077782)|STATEMENT_EXECUTE|[9]
01:15:21.0 (18079637)|STATEMENT_EXECUTE|[10]
01:15:21.0 (18081772)|STATEMENT_EXECUTE|[11]
01:15:21.0 (18083609)|STATEMENT_EXECUTE|[12]
01:15:21.0 (18085401)|STATEMENT_EXECUTE|[13]
01:15:21.0 (18087183)|STATEMENT_EXECUTE|[14]
01:15:21.0 (18088953)|STATEMENT_EXECUTE|[15]
01:15:21.0 (18090717)|STATEMENT_EXECUTE|[16]
01:15:21.0 (18092492)|STATEMENT_EXECUTE|[17]
01:15:21.0 (18094271)|STATEMENT_EXECUTE|[18]
01:15:21.0 (18107179)|HEAP_ALLOCATE|[21]|Bytes:6
01:15:21.0 (18175368)|STATEMENT_EXECUTE|[20]
01:15:21.0 (18178096)|STATEMENT_EXECUTE|[21]
01:15:21.0 (18333140)|VARIABLE_ASSIGNMENT|[EXTERNAL]|this|{}|0x7025fc23
01:15:21.0 (18351861)|VARIABLE_ASSIGNMENT|[EXTERNAL]|value|false
01:15:21.0 (18361533)|HEAP_ALLOCATE|[13]|Bytes:5
01:15:21.0 (18385280)|VARIABLE_ASSIGNMENT|[13]|this.flagRTC|false|0x7025fc23
01:15:21.0 (18409351)|STATEMENT_EXECUTE|[22]
01:15:21.0 (18488105)|VARIABLE_ASSIGNMENT|[EXTERNAL]|this|{"flagRTC":false}|0x7025fc23
01:15:21.0 (18504089)|VARIABLE_ASSIGNMENT|[EXTERNAL]|value|false
01:15:21.0 (18512972)|HEAP_ALLOCATE|[14]|Bytes:5
01:15:21.0 (18523824)|VARIABLE_ASSIGNMENT|[14]|this.flagIOP|false|0x7025fc23
01:15:21.0 (18538016)|STATEMENT_EXECUTE|[23]
01:15:21.0 (18653766)|HEAP_ALLOCATE|[23]|Bytes:50
01:15:21.0 (18734678)|HEAP_ALLOCATE|[23]|Bytes:20
01:15:21.0 (18765191)|HEAP_ALLOCATE|[23]|Bytes:2
01:15:21.0 (18808822)|HEAP_ALLOCATE|[23]|Bytes:4
01:15:21.0 (18866491)|VARIABLE_ASSIGNMENT|[EXTERNAL]|this|{"flagIOP":false,"flagRTC":false}|0x7025fc23
01:15:21.0 (19244662)|VARIABLE_ASSIGNMENT|[EXTERNAL]|value|"00629000005D2rcAAC"
01:15:21.0 (19352685)|VARIABLE_ASSIGNMENT|[17]|this.opptID|"00629000005D2rcAAC"|0x7025fc23
01:15:21.0 (19369090)|STATEMENT_EXECUTE|[24]
01:15:21.0 (19375412)|HEAP_ALLOCATE|[24]|Bytes:84
01:15:21.0 (19400696)|HEAP_ALLOCATE|[24]|Bytes:4
01:15:21.0 (19417854)|HEAP_ALLOCATE|[24]|Bytes:7
01:15:21.0 (19619088)|VARIABLE_ASSIGNMENT|[EXTERNAL]|this|{"flagIOP":false,"flagRTC":false,"opptID":"00629000005D2rcAAC"}|0x7025fc23
01:15:21.0 (23906809)|SOQL_EXECUTE_BEGIN|[24]|Aggregations:0|SELECT id, StageName, Recordtype.Name, IsClosed FROM Opportunity WHERE ID = :tmpVar1
01:15:21.0 (32360060)|SOQL_EXECUTE_END|[24]|Rows:1
01:15:21.0 (32399626)|HEAP_ALLOCATE|[24]|Bytes:8
01:15:21.0 (32430882)|HEAP_ALLOCATE|[24]|Bytes:173
01:15:21.0 (32524554)|HEAP_ALLOCATE|[24]|Bytes:8
01:15:21.0 (32546875)|HEAP_ALLOCATE|[24]|Bytes:37
01:15:21.0 (32611630)|HEAP_ALLOCATE|[24]|Bytes:24
01:15:21.0 (32844759)|VARIABLE_ASSIGNMENT|[EXTERNAL]|this|{"flagIOP":false,"flagRTC":false,"opptID":"00629000005D2rcAAC"}|0x7025fc23
01:15:21.0 (32885359)|VARIABLE_ASSIGNMENT|[EXTERNAL]|value|{"Id":"00629000005D2rcAAC","StageName":"In Process","RecordTypeId":"012j00000015GSJAA2","IsClosed":false,"RecordType":{"Name":"Residential Treatmen (1 more) ...","Id":"012j00000015GSJAA2"}}|0x1ecc03e7
01:15:21.0 (32920275)|VARIABLE_ASSIGNMENT|[16]|this.opp|{"Id":"00629000005D2rcAAC","StageName":"In Process","RecordTypeId":"012j00000015GSJAA2","IsClosed":false,"RecordType":{"Name":"Residential Treatmen (1 more) ...","Id":"012j00000015GSJAA2"}}|0x7025fc23
01:15:21.0 (32941670)|STATEMENT_EXECUTE|[33]
01:15:21.0 (33157777)|VARIABLE_ASSIGNMENT|[EXTERNAL]|this|{"flagIOP":false,"flagRTC":false,"opp":"0x1ecc03e7","opptID":"00629000005D2rcAAC"}|0x7025fc23
01:15:21.0 (33182999)|VARIABLE_ASSIGNMENT|[EXTERNAL]|value|true
01:15:21.0 (33194199)|HEAP_ALLOCATE|[12]|Bytes:5
01:15:21.0 (33207335)|VARIABLE_ASSIGNMENT|[12]|this.loadOnce|true|0x7025fc23
01:15:21.0 (33382499)|VARIABLE_ASSIGNMENT|[EXTERNAL]|this|{"flagIOP":false,"flagRTC":false,"loadOnce":true,"opp":"0x1ecc03e7","opptID":"00629000005D2rcAAC"}|0x7025fc23
01:15:21.0 (33403806)|STATEMENT_EXECUTE|[34]
01:15:21.0 (33545899)|VARIABLE_ASSIGNMENT|[EXTERNAL]|this|{"flagIOP":false,"flagRTC":false,"loadOnce":true,"opp":"0x1ecc03e7","opptID":"00629000005D2rcAAC"}|0x7025fc23
01:15:21.0 (33667686)|HEAP_ALLOCATE|[35]|Bytes:21
01:15:21.0 (33712025)|STATEMENT_EXECUTE|[35]
01:15:21.0 (33714676)|STATEMENT_EXECUTE|[36]
01:15:21.0 (33864395)|VARIABLE_ASSIGNMENT|[EXTERNAL]|this|{"flagIOP":false,"flagRTC":false,"loadOnce":true,"opp":"0x1ecc03e7","opptID":"00629000005D2rcAAC"}|0x7025fc23
01:15:21.0 (33880266)|VARIABLE_ASSIGNMENT|[EXTERNAL]|value|true
01:15:21.0 (33889292)|HEAP_ALLOCATE|[13]|Bytes:5
01:15:21.0 (33900578)|VARIABLE_ASSIGNMENT|[13]|this.flagRTC|true|0x7025fc23
01:15:21.0 (33913312)|STATEMENT_EXECUTE|[37]
01:15:21.0 (34049631)|VARIABLE_ASSIGNMENT|[EXTERNAL]|this|{"flagIOP":false,"flagRTC":true,"loadOnce":true,"opp":"0x1ecc03e7","opptID":"00629000005D2rcAAC"}|0x7025fc23
01:15:21.0 (34065723)|VARIABLE_ASSIGNMENT|[EXTERNAL]|value|false
01:15:21.0 (34073594)|HEAP_ALLOCATE|[14]|Bytes:5
01:15:21.0 (34082389)|VARIABLE_ASSIGNMENT|[14]|this.flagIOP|false|0x7025fc23
01:15:21.0 (34231538)|VARIABLE_ASSIGNMENT|[EXTERNAL]|this|{"flagIOP":false,"flagRTC":true,"loadOnce":true,"opp":"0x1ecc03e7","opptID":"00629000005D2rcAAC"}|0x7025fc23
01:15:21.0 (34259764)|HEAP_ALLOCATE|[39]|Bytes:20
01:15:21.0 (34281276)|STATEMENT_EXECUTE|[39]
01:15:21.0 (34290362)|SYSTEM_MODE_EXIT|false
01:15:21.0 (36111655)|SYSTEM_MODE_ENTER|true
01:15:21.0 (36156717)|HEAP_ALLOCATE|[EXTERNAL]|Bytes:56
01:15:21.0 (36167370)|VARIABLE_SCOPE_BEGIN|[20]|this|OpportunityStageCont|true|false
01:15:21.0 (36215028)|VARIABLE_ASSIGNMENT|[20]|this|{}|0x15d5d00d
01:15:21.0 (36239977)|SYSTEM_MODE_ENTER|false
01:15:21.0 (36250489)|HEAP_ALLOCATE|[21]|Bytes:5
01:15:21.0 (36257763)|STATEMENT_EXECUTE|[1]
01:15:21.0 (36265412)|HEAP_ALLOCATE|[21]|Bytes:5
01:15:21.0 (36270072)|STATEMENT_EXECUTE|[6]
01:15:21.0 (36272039)|STATEMENT_EXECUTE|[7]
01:15:21.0 (36273929)|STATEMENT_EXECUTE|[8]
01:15:21.0 (36275694)|STATEMENT_EXECUTE|[9]
01:15:21.0 (36277433)|STATEMENT_EXECUTE|[10]
01:15:21.0 (36279410)|STATEMENT_EXECUTE|[11]
01:15:21.0 (36281067)|STATEMENT_EXECUTE|[12]
01:15:21.0 (36282827)|STATEMENT_EXECUTE|[13]
01:15:21.0 (36284494)|STATEMENT_EXECUTE|[14]
01:15:21.0 (36286226)|STATEMENT_EXECUTE|[15]
01:15:21.0 (36287895)|STATEMENT_EXECUTE|[16]
01:15:21.0 (36289552)|STATEMENT_EXECUTE|[17]
01:15:21.0 (36291349)|STATEMENT_EXECUTE|[18]
01:15:21.0 (36317913)|STATEMENT_EXECUTE|[20]
01:15:21.0 (36319970)|STATEMENT_EXECUTE|[21]
01:15:21.0 (36357812)|VARIABLE_ASSIGNMENT|[EXTERNAL]|this|{}|0x15d5d00d
01:15:21.0 (36371843)|VARIABLE_ASSIGNMENT|[EXTERNAL]|value|false
01:15:21.0 (36380218)|HEAP_ALLOCATE|[13]|Bytes:5
01:15:21.0 (36391726)|VARIABLE_ASSIGNMENT|[13]|this.flagRTC|false|0x15d5d00d
01:15:21.0 (36404661)|STATEMENT_EXECUTE|[22]
01:15:21.0 (36438288)|VARIABLE_ASSIGNMENT|[EXTERNAL]|this|{"flagRTC":false}|0x15d5d00d
01:15:21.0 (36449867)|VARIABLE_ASSIGNMENT|[EXTERNAL]|value|false
01:15:21.0 (36457298)|HEAP_ALLOCATE|[14]|Bytes:5
01:15:21.0 (36465184)|VARIABLE_ASSIGNMENT|[14]|this.flagIOP|false|0x15d5d00d
01:15:21.0 (36475764)|STATEMENT_EXECUTE|[23]
01:15:21.0 (36497007)|HEAP_ALLOCATE|[23]|Bytes:50
01:15:21.0 (36537484)|HEAP_ALLOCATE|[23]|Bytes:20
01:15:21.0 (36587655)|HEAP_ALLOCATE|[23]|Bytes:4
01:15:21.0 (36631053)|VARIABLE_ASSIGNMENT|[EXTERNAL]|this|{"flagIOP":false,"flagRTC":false}|0x15d5d00d
01:15:21.0 (36734451)|VARIABLE_ASSIGNMENT|[EXTERNAL]|value|"00629000005D2rcAAC"
01:15:21.0 (36811345)|VARIABLE_ASSIGNMENT|[17]|this.opptID|"00629000005D2rcAAC"|0x15d5d00d
01:15:21.0 (36825469)|STATEMENT_EXECUTE|[24]
01:15:21.0 (36842607)|HEAP_ALLOCATE|[24]|Bytes:4
01:15:21.0 (36981967)|VARIABLE_ASSIGNMENT|[EXTERNAL]|this|{"flagIOP":false,"flagRTC":false,"opptID":"00629000005D2rcAAC"}|0x15d5d00d
01:15:21.0 (37346299)|SOQL_EXECUTE_BEGIN|[24]|Aggregations:0|SELECT id, StageName, Recordtype.Name, IsClosed FROM Opportunity WHERE ID = :tmpVar1
01:15:21.0 (41621715)|SOQL_EXECUTE_END|[24]|Rows:1
01:15:21.0 (41653192)|HEAP_ALLOCATE|[24]|Bytes:8
01:15:21.0 (41678499)|HEAP_ALLOCATE|[24]|Bytes:173
01:15:21.0 (41728589)|HEAP_ALLOCATE|[24]|Bytes:8
01:15:21.0 (41754820)|HEAP_ALLOCATE|[24]|Bytes:24
01:15:21.0 (41931594)|VARIABLE_ASSIGNMENT|[EXTERNAL]|this|{"flagIOP":false,"flagRTC":false,"opptID":"00629000005D2rcAAC"}|0x15d5d00d
01:15:21.0 (41961271)|VARIABLE_ASSIGNMENT|[EXTERNAL]|value|{"Id":"00629000005D2rcAAC","StageName":"In Process","RecordTypeId":"012j00000015GSJAA2","IsClosed":false,"RecordType":{"Name":"Residential Treatmen (1 more) ...","Id":"012j00000015GSJAA2"}}|0x755ed087
01:15:21.0 (41995946)|VARIABLE_ASSIGNMENT|[16]|this.opp|{"Id":"00629000005D2rcAAC","StageName":"In Process","RecordTypeId":"012j00000015GSJAA2","IsClosed":false,"RecordType":{"Name":"Residential Treatmen (1 more) ...","Id":"012j00000015GSJAA2"}}|0x15d5d00d
01:15:21.0 (42015176)|STATEMENT_EXECUTE|[33]
01:15:21.0 (42160323)|VARIABLE_ASSIGNMENT|[EXTERNAL]|this|{"flagIOP":false,"flagRTC":false,"opp":"0x755ed087","opptID":"00629000005D2rcAAC"}|0x15d5d00d
01:15:21.0 (42177746)|VARIABLE_ASSIGNMENT|[EXTERNAL]|value|true
01:15:21.0 (42186854)|HEAP_ALLOCATE|[12]|Bytes:5
01:15:21.0 (42197749)|VARIABLE_ASSIGNMENT|[12]|this.loadOnce|true|0x15d5d00d
01:15:21.0 (42336631)|VARIABLE_ASSIGNMENT|[EXTERNAL]|this|{"flagIOP":false,"flagRTC":false,"loadOnce":true,"opp":"0x755ed087","opptID":"00629000005D2rcAAC"}|0x15d5d00d
01:15:21.0 (42352800)|STATEMENT_EXECUTE|[34]
01:15:21.0 (42475247)|VARIABLE_ASSIGNMENT|[EXTERNAL]|this|{"flagIOP":false,"flagRTC":false,"loadOnce":true,"opp":"0x755ed087","opptID":"00629000005D2rcAAC"}|0x15d5d00d
01:15:21.0 (42536762)|STATEMENT_EXECUTE|[35]
01:15:21.0 (42539505)|STATEMENT_EXECUTE|[36]
01:15:21.0 (42670114)|VARIABLE_ASSIGNMENT|[EXTERNAL]|this|{"flagIOP":false,"flagRTC":false,"loadOnce":true,"opp":"0x755ed087","opptID":"00629000005D2rcAAC"}|0x15d5d00d
01:15:21.0 (42685265)|VARIABLE_ASSIGNMENT|[EXTERNAL]|value|true
01:15:21.0 (42693654)|HEAP_ALLOCATE|[13]|Bytes:5
01:15:21.0 (42703891)|VARIABLE_ASSIGNMENT|[13]|this.flagRTC|true|0x15d5d00d
01:15:21.0 (42715833)|STATEMENT_EXECUTE|[37]
01:15:21.0 (42836774)|VARIABLE_ASSIGNMENT|[EXTERNAL]|this|{"flagIOP":false,"flagRTC":true,"loadOnce":true,"opp":"0x755ed087","opptID":"00629000005D2rcAAC"}|0x15d5d00d
01:15:21.0 (42850650)|VARIABLE_ASSIGNMENT|[EXTERNAL]|value|false
01:15:21.0 (42858214)|HEAP_ALLOCATE|[14]|Bytes:5
01:15:21.0 (42866604)|VARIABLE_ASSIGNMENT|[14]|this.flagIOP|false|0x15d5d00d
01:15:21.0 (42994397)|VARIABLE_ASSIGNMENT|[EXTERNAL]|this|{"flagIOP":false,"flagRTC":true,"loadOnce":true,"opp":"0x755ed087","opptID":"00629000005D2rcAAC"}|0x15d5d00d
01:15:21.0 (43024543)|STATEMENT_EXECUTE|[39]
01:15:21.0 (43032822)|SYSTEM_MODE_EXIT|false
01:15:21.0 (48688482)|SYSTEM_MODE_ENTER|true
01:15:21.0 (48738648)|HEAP_ALLOCATE|[EXTERNAL]|Bytes:4
01:15:21.0 (48747889)|HEAP_ALLOCATE|[EXTERNAL]|Bytes:56
01:15:21.0 (48886390)|VARIABLE_ASSIGNMENT|[EXTERNAL]|this.opptID|"00629000005D2rcAAC"|0x15d5d00d
01:15:21.0 (49182893)|SYSTEM_MODE_ENTER|true
01:15:21.0 (49887312)|SYSTEM_MODE_ENTER|true
01:15:21.0 (49916548)|HEAP_ALLOCATE|[EXTERNAL]|Bytes:4
01:15:21.0 (49924375)|HEAP_ALLOCATE|[EXTERNAL]|Bytes:56
01:15:21.0 (50016610)|VARIABLE_ASSIGNMENT|[EXTERNAL]|this.opptID|"00629000005D2rcAAC"|0x15d5d00d
01:15:21.0 (50773047)|SYSTEM_MODE_ENTER|true
01:15:21.0 (50828106)|HEAP_ALLOCATE|[EXTERNAL]|Bytes:56
01:15:21.0 (50842175)|VARIABLE_SCOPE_BEGIN|[96]|this|OpportunityStageCont|true|false
01:15:21.0 (51081199)|VARIABLE_ASSIGNMENT|[96]|this|{"flagIOP":false,"flagRTC":true,"loadOnce":true,"opp":"0x755ed087","opptID":"00629000005D2rcAAC"}|0x15d5d00d
01:15:21.0 (51110680)|SYSTEM_MODE_ENTER|false
01:15:21.0 (51120875)|HEAP_ALLOCATE|[97]|Bytes:5
01:15:21.0 (51134663)|STATEMENT_EXECUTE|[96]
01:15:21.0 (51137199)|STATEMENT_EXECUTE|[97]
01:15:21.0 (51160944)|HEAP_ALLOCATE|[97]|Bytes:4
01:15:21.0 (51221645)|VARIABLE_SCOPE_BEGIN|[97]|listStage|List<System.SelectOption>|true|false
01:15:21.0 (51258458)|HEAP_ALLOCATE|[EXTERNAL]|Bytes:4
01:15:21.0 (51277044)|VARIABLE_ASSIGNMENT|[97]|listStage|[]|0x13b43fe4
01:15:21.0 (51284916)|STATEMENT_EXECUTE|[98]
01:15:21.0 (51367039)|HEAP_ALLOCATE|[98]|Bytes:4
01:15:21.0 (51444294)|VARIABLE_SCOPE_BEGIN|[98]|oppStagenameList|List<OpportunityStage>|true|false
01:15:21.0 (51457752)|HEAP_ALLOCATE|[EXTERNAL]|Bytes:4
01:15:21.0 (51469816)|VARIABLE_ASSIGNMENT|[98]|oppStagenameList|[]|0x18a2de
01:15:21.0 (51477278)|STATEMENT_EXECUTE|[99]
01:15:21.0 (51482128)|HEAP_ALLOCATE|[98]|Bytes:11
01:15:21.0 (51488631)|HEAP_ALLOCATE|[98]|Bytes:9
01:15:21.0 (52299826)|HEAP_ALLOCATE|[99]|Bytes:8
01:15:21.0 (52341252)|VARIABLE_SCOPE_BEGIN|[99]|fieldResult|Schema.DescribeFieldResult|true|false
01:15:21.0 (52530988)|VARIABLE_ASSIGNMENT|[99]|fieldResult|"common.api.soap.wsdl.Field@6b342b53"|0x4af32810
01:15:21.0 (52729795)|VARIABLE_ASSIGNMENT|[EXTERNAL]|this|{"flagIOP":false,"flagRTC":true,"loadOnce":true,"opp":"0x755ed087","opptID":"00629000005D2rcAAC"}|0x15d5d00d
01:15:21.0 (52755092)|STATEMENT_EXECUTE|[121]
01:15:21.0 (52758028)|STATEMENT_EXECUTE|[122]
01:15:21.0 (52763667)|HEAP_ALLOCATE|[122]|Bytes:285
01:15:21.0 (52792115)|HEAP_ALLOCATE|[122]|Bytes:4
01:15:21.0 (53369580)|SOQL_EXECUTE_BEGIN|[122]|Aggregations:0|SELECT ApiName, Description, ForecastCategory, IsActive, IsClosed, IsWon, MasterLabel, ForecastCategoryName, DefaultProbability FROM OpportunityStage WHERE ((isclosed != TRUE OR IsWon = TRUE) AND IsActive = TRUE AND ApiName != 'Pending Appointment') ORDER BY Description ASC NULLS LAST
01:15:21.0 (56384883)|SOQL_EXECUTE_END|[122]|Rows:14
01:15:21.0 (56411742)|HEAP_ALLOCATE|[122]|Bytes:60
01:15:21.0 (56494759)|HEAP_ALLOCATE|[122]|Bytes:3722
01:15:21.0 (56537369)|HEAP_ALLOCATE|[122]|Bytes:60
01:15:21.0 (56563110)|VARIABLE_ASSIGNMENT|[122]|oppStagenameList|"List of size 14 too large to display"|0x652ea434
01:15:21.0 (56571792)|STATEMENT_EXECUTE|[139]
01:15:21.0 (56586415)|HEAP_ALLOCATE|[139]|Bytes:4
01:15:21.0 (56602548)|VARIABLE_SCOPE_BEGIN|[139]|stageMap|Map<String,String>|true|false
01:15:21.0 (56626000)|VARIABLE_ASSIGNMENT|[139]|stageMap|{}|0x6c127a4a
01:15:21.0 (56853799)|HEAP_ALLOCATE|[141]|Bytes:5
01:15:21.0 (56878377)|HEAP_ALLOCATE|[141]|Bytes:44
01:15:21.0 (56893295)|VARIABLE_SCOPE_BEGIN|[141]|os|OpportunityStage|true|false
01:15:21.0 (56926551)|VARIABLE_ASSIGNMENT|[141]|os|{"ApiName":"In Process","Description":"A","ForecastCategory":"Pipeline","IsActive":true,"IsClosed":false,"IsWon":false,"MasterLabel":"In Process","ForecastCategoryName":"Pipeline","DefaultProbability":10,"Id":"01Jj000000Ip74wEAB"}|0x6f12acca
01:15:21.0 (56939269)|STATEMENT_EXECUTE|[141]
01:15:21.0 (56941583)|STATEMENT_EXECUTE|[143]
01:15:21.0 (57079704)|HEAP_ALLOCATE|[EXTERNAL]|Bytes:4
01:15:21.0 (57093360)|STATEMENT_EXECUTE|[144]
01:15:21.0 (57098284)|HEAP_ALLOCATE|[144]|Bytes:9
01:15:21.0 (57243179)|HEAP_ALLOCATE|[144]|Bytes:224
01:15:21.0 (57269688)|HEAP_ALLOCATE|[144]|Bytes:233
01:15:21.0 (57292215)|USER_DEBUG|[144]|DEBUG|>>> os : OpportunityStage:{ApiName=In Process, Description=A, ForecastCategory=Pipeline, IsActive=true, IsClosed=false, IsWon=false, MasterLabel=In Process, ForecastCategoryName=Pipeline, DefaultProbability=10, Id=01Jj000000Ip74wEAB}
01:15:21.0 (57315031)|HEAP_ALLOCATE|[141]|Bytes:5
01:15:21.0 (57328984)|HEAP_ALLOCATE|[141]|Bytes:44
01:15:21.0 (57338005)|VARIABLE_SCOPE_BEGIN|[141]|os|OpportunityStage|true|false
01:15:21.0 (57370525)|VARIABLE_ASSIGNMENT|[141]|os|{"ApiName":"Benefits Submitted","Description":"B","ForecastCategory":"Pipeline","IsActive":true,"IsClosed":false,"IsWon":false,"MasterLabel":"Benefits Submitted","ForecastCategoryName":"Pipeline","DefaultProbability":30,"Id":"01Jj000000Ip74NEAR"}|0x4ed2b5f6
01:15:21.0 (57382704)|STATEMENT_EXECUTE|[141]
01:15:21.0 (57384748)|STATEMENT_EXECUTE|[143]
01:15:21.0 (57409183)|HEAP_ALLOCATE|[EXTERNAL]|Bytes:4
01:15:21.0 (57416522)|STATEMENT_EXECUTE|[144]
01:15:21.0 (57474141)|HEAP_ALLOCATE|[144]|Bytes:240
01:15:21.0 (57489474)|HEAP_ALLOCATE|[144]|Bytes:249
01:15:21.0 (57498234)|USER_DEBUG|[144]|DEBUG|>>> os : OpportunityStage:{ApiName=Benefits Submitted, Description=B, ForecastCategory=Pipeline, IsActive=true, IsClosed=false, IsWon=false, MasterLabel=Benefits Submitted, ForecastCategoryName=Pipeline, DefaultProbability=30, Id=01Jj000000Ip74NEAR}
01:15:21.0 (57517918)|HEAP_ALLOCATE|[141]|Bytes:5
01:15:21.0 (57529325)|HEAP_ALLOCATE|[141]|Bytes:44
01:15:21.0 (57537010)|VARIABLE_SCOPE_BEGIN|[141]|os|OpportunityStage|true|false
01:15:21.0 (57561149)|VARIABLE_ASSIGNMENT|[141]|os|{"ApiName":"Denied by VOB","Description":"C","ForecastCategory":"Pipeline","IsActive":true,"IsClosed":false,"IsWon":false,"MasterLabel":"Denied by VOB","ForecastCategoryName":"Pipeline","DefaultProbability":0,"Id":"01Jj000000Ip75fEAB"}|0x5e875e48
01:15:21.0 (57572307)|STATEMENT_EXECUTE|[141]
01:15:21.0 (57574221)|STATEMENT_EXECUTE|[143]
01:15:21.0 (57592070)|HEAP_ALLOCATE|[EXTERNAL]|Bytes:4
01:15:21.0 (57598846)|STATEMENT_EXECUTE|[144]
01:15:21.0 (57654494)|HEAP_ALLOCATE|[144]|Bytes:229
01:15:21.0 (57668763)|HEAP_ALLOCATE|[144]|Bytes:238
01:15:21.0 (57677101)|USER_DEBUG|[144]|DEBUG|>>> os : OpportunityStage:{ApiName=Denied by VOB, Description=C, ForecastCategory=Pipeline, IsActive=true, IsClosed=false, IsWon=false, MasterLabel=Denied by VOB, ForecastCategoryName=Pipeline, DefaultProbability=0, Id=01Jj000000Ip75fEAB}
01:15:21.0 (57695308)|HEAP_ALLOCATE|[141]|Bytes:5
01:15:21.0 (57705804)|HEAP_ALLOCATE|[141]|Bytes:44
01:15:21.0 (57712865)|VARIABLE_SCOPE_BEGIN|[141]|os|OpportunityStage|true|false
01:15:21.0 (57738603)|VARIABLE_ASSIGNMENT|[141]|os|{"ApiName":"Determination Comple (2 more) ...","Description":"D","ForecastCategory":"Pipeline","IsActive":true,"IsClosed":false,"IsWon":false,"MasterLabel":"Determination Comple (2 more) ...","ForecastCategoryName":"Pipeline","DefaultProbability":40,"Id":"01Jj000000Ip75VEAR"}|0x423d2051
01:15:21.0 (57750994)|STATEMENT_EXECUTE|[141]
01:15:21.0 (57752815)|STATEMENT_EXECUTE|[143]
01:15:21.0 (57769809)|HEAP_ALLOCATE|[EXTERNAL]|Bytes:4
01:15:21.0 (57776385)|STATEMENT_EXECUTE|[144]
01:15:21.0 (57826895)|HEAP_ALLOCATE|[144]|Bytes:248
01:15:21.0 (57840452)|HEAP_ALLOCATE|[144]|Bytes:257
01:15:21.0 (57847721)|USER_DEBUG|[144]|DEBUG|>>> os : OpportunityStage:{ApiName=Determination Complete, Description=D, ForecastCategory=Pipeline, IsActive=true, IsClosed=false, IsWon=false, MasterLabel=Determination Complete, ForecastCategoryName=Pipeline, DefaultProbability=40, Id=01Jj000000Ip75VEAR}
01:15:21.0 (57865677)|HEAP_ALLOCATE|[141]|Bytes:5
01:15:21.0 (57876039)|HEAP_ALLOCATE|[141]|Bytes:44
01:15:21.0 (57883013)|VARIABLE_SCOPE_BEGIN|[141]|os|OpportunityStage|true|false
01:15:21.0 (57905479)|VARIABLE_ASSIGNMENT|[141]|os|{"ApiName":"Counter Offer Reques (3 more) ...","Description":"E","ForecastCategory":"Pipeline","IsActive":true,"IsClosed":false,"IsWon":false,"MasterLabel":"Counter Offer Reques (3 more) ...","ForecastCategoryName":"Pipeline","DefaultProbability":40,"Id":"01Jj000000Ip75aEAB"}|0x38b3a020
01:15:21.0 (57916665)|STATEMENT_EXECUTE|[141]
01:15:21.0 (57918545)|STATEMENT_EXECUTE|[143]
01:15:21.0 (57934271)|HEAP_ALLOCATE|[EXTERNAL]|Bytes:4
01:15:21.0 (57941106)|STATEMENT_EXECUTE|[144]
01:15:21.0 (57988936)|HEAP_ALLOCATE|[144]|Bytes:250
01:15:21.0 (58002405)|HEAP_ALLOCATE|[144]|Bytes:259
01:15:21.0 (58010486)|USER_DEBUG|[144]|DEBUG|>>> os : OpportunityStage:{ApiName=Counter Offer Requested, Description=E, ForecastCategory=Pipeline, IsActive=true, IsClosed=false, IsWon=false, MasterLabel=Counter Offer Requested, ForecastCategoryName=Pipeline, DefaultProbability=40, Id=01Jj000000Ip75aEAB}
01:15:21.0 (58028258)|HEAP_ALLOCATE|[141]|Bytes:5
01:15:21.0 (58038266)|HEAP_ALLOCATE|[141]|Bytes:44
01:15:21.0 (58044960)|VARIABLE_SCOPE_BEGIN|[141]|os|OpportunityStage|true|false
01:15:21.0 (58065590)|VARIABLE_ASSIGNMENT|[141]|os|{"ApiName":"Facility Selected","Description":"F","ForecastCategory":"Pipeline","IsActive":true,"IsClosed":false,"IsWon":false,"MasterLabel":"Facility Selected","ForecastCategoryName":"Pipeline","DefaultProbability":50,"Id":"01Jj000000Ip74XEAR"}|0x6395cfc5
01:15:21.0 (58075983)|STATEMENT_EXECUTE|[141]
01:15:21.0 (58077806)|STATEMENT_EXECUTE|[143]
01:15:21.0 (58092750)|HEAP_ALLOCATE|[EXTERNAL]|Bytes:4
01:15:21.0 (58098970)|STATEMENT_EXECUTE|[144]
01:15:21.0 (58153577)|HEAP_ALLOCATE|[144]|Bytes:238
01:15:21.0 (58167897)|HEAP_ALLOCATE|[144]|Bytes:247
01:15:21.0 (58175410)|USER_DEBUG|[144]|DEBUG|>>> os : OpportunityStage:{ApiName=Facility Selected, Description=F, ForecastCategory=Pipeline, IsActive=true, IsClosed=false, IsWon=false, MasterLabel=Facility Selected, ForecastCategoryName=Pipeline, DefaultProbability=50, Id=01Jj000000Ip74XEAR}
01:15:21.0 (58193562)|HEAP_ALLOCATE|[141]|Bytes:5
01:15:21.0 (58204053)|HEAP_ALLOCATE|[141]|Bytes:44
01:15:21.0 (58210789)|VARIABLE_SCOPE_BEGIN|[141]|os|OpportunityStage|true|false
01:15:21.0 (58232477)|VARIABLE_ASSIGNMENT|[141]|os|{"ApiName":"Determination Delive (3 more) ...","Description":"G","ForecastCategory":"Pipeline","IsActive":true,"IsClosed":false,"IsWon":false,"MasterLabel":"Determination Delive (3 more) ...","ForecastCategoryName":"Pipeline","DefaultProbability":65,"Id":"01Jj000000Ip74SEAR"}|0x784b8e1
01:15:21.0 (58247469)|STATEMENT_EXECUTE|[141]
01:15:21.0 (58249335)|STATEMENT_EXECUTE|[143]
01:15:21.0 (58264877)|HEAP_ALLOCATE|[EXTERNAL]|Bytes:4
01:15:21.0 (58271386)|STATEMENT_EXECUTE|[144]
01:15:21.0 (58319893)|HEAP_ALLOCATE|[144]|Bytes:250
01:15:21.0 (58333230)|HEAP_ALLOCATE|[144]|Bytes:259
01:15:21.0 (58340862)|USER_DEBUG|[144]|DEBUG|>>> os : OpportunityStage:{ApiName=Determination Delivered, Description=G, ForecastCategory=Pipeline, IsActive=true, IsClosed=false, IsWon=false, MasterLabel=Determination Delivered, ForecastCategoryName=Pipeline, DefaultProbability=65, Id=01Jj000000Ip74SEAR}
01:15:21.0 (58359206)|HEAP_ALLOCATE|[141]|Bytes:5
01:15:21.0 (58369367)|HEAP_ALLOCATE|[141]|Bytes:44
01:15:21.0 (58376114)|VARIABLE_SCOPE_BEGIN|[141]|os|OpportunityStage|true|false
01:15:21.0 (58396846)|VARIABLE_ASSIGNMENT|[141]|os|{"ApiName":"Pending Admission","Description":"H","ForecastCategory":"Pipeline","IsActive":true,"IsClosed":false,"IsWon":false,"MasterLabel":"Pending Admission","ForecastCategoryName":"Pipeline","DefaultProbability":98,"Id":"01Jj000000Ip74cEAB"}|0x2c103fe8
01:15:21.0 (58408069)|STATEMENT_EXECUTE|[141]
01:15:21.0 (58409821)|STATEMENT_EXECUTE|[143]
01:15:21.0 (58424895)|HEAP_ALLOCATE|[EXTERNAL]|Bytes:4
01:15:21.0 (58431157)|STATEMENT_EXECUTE|[144]
01:15:21.0 (58479120)|HEAP_ALLOCATE|[144]|Bytes:238
01:15:21.0 (58492439)|HEAP_ALLOCATE|[144]|Bytes:247
01:15:21.0 (58499559)|USER_DEBUG|[144]|DEBUG|>>> os : OpportunityStage:{ApiName=Pending Admission, Description=H, ForecastCategory=Pipeline, IsActive=true, IsClosed=false, IsWon=false, MasterLabel=Pending Admission, ForecastCategoryName=Pipeline, DefaultProbability=98, Id=01Jj000000Ip74cEAB}
01:15:21.0 (58517112)|HEAP_ALLOCATE|[141]|Bytes:5
01:15:21.0 (58526846)|HEAP_ALLOCATE|[141]|Bytes:44
01:15:21.0 (58533639)|VARIABLE_SCOPE_BEGIN|[141]|os|OpportunityStage|true|false
01:15:21.0 (58553862)|VARIABLE_ASSIGNMENT|[141]|os|{"ApiName":"Referral Requested","Description":"I","ForecastCategory":"Pipeline","IsActive":true,"IsClosed":false,"IsWon":false,"MasterLabel":"Referral Requested","ForecastCategoryName":"Pipeline","DefaultProbability":0,"Id":"01Jj000000Ip74DEAR"}|0x98728ea
01:15:21.0 (58564251)|STATEMENT_EXECUTE|[141]
01:15:21.0 (58566102)|STATEMENT_EXECUTE|[143]
01:15:21.0 (58581235)|HEAP_ALLOCATE|[EXTERNAL]|Bytes:4
01:15:21.0 (58587590)|STATEMENT_EXECUTE|[144]
01:15:21.0 (58635429)|HEAP_ALLOCATE|[144]|Bytes:239
01:15:21.0 (58648718)|HEAP_ALLOCATE|[144]|Bytes:248
01:15:21.0 (58656314)|USER_DEBUG|[144]|DEBUG|>>> os : OpportunityStage:{ApiName=Referral Requested, Description=I, ForecastCategory=Pipeline, IsActive=true, IsClosed=false, IsWon=false, MasterLabel=Referral Requested, ForecastCategoryName=Pipeline, DefaultProbability=0, Id=01Jj000000Ip74DEAR}
01:15:21.0 (58674025)|HEAP_ALLOCATE|[141]|Bytes:5
01:15:21.0 (58683681)|HEAP_ALLOCATE|[141]|Bytes:44
01:15:21.0 (58690666)|VARIABLE_SCOPE_BEGIN|[141]|os|OpportunityStage|true|false
01:15:21.0 (58710930)|VARIABLE_ASSIGNMENT|[141]|os|{"ApiName":"Admitted","Description":"L","ForecastCategory":"Closed","IsActive":true,"IsClosed":true,"IsWon":true,"MasterLabel":"Admitted","ForecastCategoryName":"Closed","DefaultProbability":100,"Id":"01Jj000000Ip74rEAB"}|0x442125f8
01:15:21.0 (58720724)|STATEMENT_EXECUTE|[141]
01:15:21.0 (58722706)|STATEMENT_EXECUTE|[143]
01:15:21.0 (58738043)|HEAP_ALLOCATE|[EXTERNAL]|Bytes:4
01:15:21.0 (58744792)|STATEMENT_EXECUTE|[144]
01:15:21.0 (58793500)|HEAP_ALLOCATE|[144]|Bytes:215
01:15:21.0 (58807010)|HEAP_ALLOCATE|[144]|Bytes:224
01:15:21.0 (58814473)|USER_DEBUG|[144]|DEBUG|>>> os : OpportunityStage:{ApiName=Admitted, Description=L, ForecastCategory=Closed, IsActive=true, IsClosed=true, IsWon=true, MasterLabel=Admitted, ForecastCategoryName=Closed, DefaultProbability=100, Id=01Jj000000Ip74rEAB}
01:15:21.0 (58831006)|HEAP_ALLOCATE|[141]|Bytes:5
01:15:21.0 (58841098)|HEAP_ALLOCATE|[141]|Bytes:40
01:15:21.0 (58847796)|VARIABLE_SCOPE_BEGIN|[141]|os|OpportunityStage|true|false
01:15:21.0 (58867466)|VARIABLE_ASSIGNMENT|[141]|os|{"ApiName":"Prospecting","ForecastCategory":"Pipeline","IsActive":true,"IsClosed":false,"IsWon":false,"MasterLabel":"Prospecting","ForecastCategoryName":"Pipeline","DefaultProbability":10,"Id":"01Jj0000009Ms6jEAC"}|0x66c0de2d
01:15:21.0 (58877284)|STATEMENT_EXECUTE|[141]
01:15:21.0 (58879130)|STATEMENT_EXECUTE|[143]
01:15:21.0 (58894206)|HEAP_ALLOCATE|[EXTERNAL]|Bytes:4
01:15:21.0 (58901076)|STATEMENT_EXECUTE|[144]
01:15:21.0 (58947502)|HEAP_ALLOCATE|[144]|Bytes:211
01:15:21.0 (58960707)|HEAP_ALLOCATE|[144]|Bytes:220
01:15:21.0 (58968613)|USER_DEBUG|[144]|DEBUG|>>> os : OpportunityStage:{ApiName=Prospecting, ForecastCategory=Pipeline, IsActive=true, IsClosed=false, IsWon=false, MasterLabel=Prospecting, ForecastCategoryName=Pipeline, DefaultProbability=10, Id=01Jj0000009Ms6jEAC}
01:15:21.0 (58985496)|HEAP_ALLOCATE|[141]|Bytes:5
01:15:21.0 (58995592)|HEAP_ALLOCATE|[141]|Bytes:40
01:15:21.0 (59002305)|VARIABLE_SCOPE_BEGIN|[141]|os|OpportunityStage|true|false
01:15:21.0 (59024088)|VARIABLE_ASSIGNMENT|[141]|os|{"ApiName":"Intervention Request (2 more) ...","ForecastCategory":"Pipeline","IsActive":true,"IsClosed":false,"IsWon":false,"MasterLabel":"Intervention Request (2 more) ...","ForecastCategoryName":"Pipeline","DefaultProbability":20,"Id":"01Jj000000Ip74IEAR"}|0x4b825262
01:15:21.0 (59035175)|STATEMENT_EXECUTE|[141]
01:15:21.0 (59037074)|STATEMENT_EXECUTE|[143]
01:15:21.0 (59052306)|HEAP_ALLOCATE|[EXTERNAL]|Bytes:4
01:15:21.0 (59059401)|STATEMENT_EXECUTE|[144]
01:15:21.0 (59117682)|HEAP_ALLOCATE|[144]|Bytes:233
01:15:21.0 (59137840)|HEAP_ALLOCATE|[144]|Bytes:242
01:15:21.0 (59145670)|USER_DEBUG|[144]|DEBUG|>>> os : OpportunityStage:{ApiName=Intervention Requested, ForecastCategory=Pipeline, IsActive=true, IsClosed=false, IsWon=false, MasterLabel=Intervention Requested, ForecastCategoryName=Pipeline, DefaultProbability=20, Id=01Jj000000Ip74IEAR}
01:15:21.0 (59163894)|HEAP_ALLOCATE|[141]|Bytes:5
01:15:21.0 (59174084)|HEAP_ALLOCATE|[141]|Bytes:40
01:15:21.0 (59180759)|VARIABLE_SCOPE_BEGIN|[141]|os|OpportunityStage|true|false
01:15:21.0 (59202920)|VARIABLE_ASSIGNMENT|[141]|os|{"ApiName":"Pending Medical / Cl (13 more) ...","ForecastCategory":"Pipeline","IsActive":true,"IsClosed":false,"IsWon":false,"MasterLabel":"Pending Medical / Cl (13 more) ...","ForecastCategoryName":"Pipeline","DefaultProbability":80,"Id":"01Jj000000Ip75LEAR"}|0x7b72e380
01:15:21.0 (59213682)|STATEMENT_EXECUTE|[141]
01:15:21.0 (59215560)|STATEMENT_EXECUTE|[143]
01:15:21.0 (59231644)|HEAP_ALLOCATE|[EXTERNAL]|Bytes:4
01:15:21.0 (59238443)|STATEMENT_EXECUTE|[144]
01:15:21.0 (59285288)|HEAP_ALLOCATE|[144]|Bytes:255
01:15:21.0 (59299260)|HEAP_ALLOCATE|[144]|Bytes:264
01:15:21.0 (59306512)|USER_DEBUG|[144]|DEBUG|>>> os : OpportunityStage:{ApiName=Pending Medical / Clinical Review, ForecastCategory=Pipeline, IsActive=true, IsClosed=false, IsWon=false, MasterLabel=Pending Medical / Clinical Review, ForecastCategoryName=Pipeline, DefaultProbability=80, Id=01Jj000000Ip75LEAR}
01:15:21.0 (59324202)|HEAP_ALLOCATE|[141]|Bytes:5
01:15:21.0 (59334100)|HEAP_ALLOCATE|[141]|Bytes:40
01:15:21.0 (59341001)|VARIABLE_SCOPE_BEGIN|[141]|os|OpportunityStage|true|false
01:15:21.0 (59362746)|VARIABLE_ASSIGNMENT|[141]|os|{"ApiName":"Pending IOP Assessme (2 more) ...","ForecastCategory":"Pipeline","IsActive":true,"IsClosed":false,"IsWon":false,"MasterLabel":"Pending IOP Assessme (2 more) ...","ForecastCategoryName":"Pipeline","DefaultProbability":65,"Id":"01Jj000000Ip9aBEAR"}|0x363107f3
01:15:21.0 (59373631)|STATEMENT_EXECUTE|[141]
01:15:21.0 (59375477)|STATEMENT_EXECUTE|[143]
01:15:21.0 (59394471)|HEAP_ALLOCATE|[EXTERNAL]|Bytes:4
01:15:21.0 (59401273)|STATEMENT_EXECUTE|[144]
01:15:21.0 (59447656)|HEAP_ALLOCATE|[144]|Bytes:233
01:15:21.0 (59461173)|HEAP_ALLOCATE|[144]|Bytes:242
01:15:21.0 (59468360)|USER_DEBUG|[144]|DEBUG|>>> os : OpportunityStage:{ApiName=Pending IOP Assessment, ForecastCategory=Pipeline, IsActive=true, IsClosed=false, IsWon=false, MasterLabel=Pending IOP Assessment, ForecastCategoryName=Pipeline, DefaultProbability=65, Id=01Jj000000Ip9aBEAR}
01:15:21.0 (59485696)|HEAP_ALLOCATE|[141]|Bytes:5
01:15:21.0 (59498368)|VARIABLE_ASSIGNMENT|[141]|os|null|
01:15:21.0 (59505032)|STATEMENT_EXECUTE|[148]
01:15:21.0 (59508660)|HEAP_ALLOCATE|[148]|Bytes:9
01:15:21.0 (59573820)|HEAP_ALLOCATE|[148]|Bytes:933
01:15:21.0 (59591223)|HEAP_ALLOCATE|[148]|Bytes:942
01:15:21.0 (59602660)|USER_DEBUG|[148]|DEBUG|listStage(System.SelectOption[value="In Process", label="In Process", disabled="false"], System.SelectOption[value="Benefits Submitted", label="Benefits Submitted", disabled="false"], System.SelectOption[value="Denied by VOB", label="Denied by VOB", disabled="false"], System.SelectOption[value="Determination Complete", label="Determination Complete", disabled="false"], System.SelectOption[value="Counter Offer Requested", label="Counter Offer Requested", disabled="false"], System.SelectOption[value="Facility Selected", label="Facility Selected", disabled="false"], System.SelectOption[value="Determination Delivered", label="Determination Delivered", disabled="false"], System.SelectOption[value="Pending Admission", label="Pending Admission", disabled="false"], System.SelectOption[value="Referral Requested", label="Referral Requested", disabled="false"], System.SelectOption[value="Admitted", label="Admitted", disabled="false"], ...)
01:15:21.0 (59632126)|STATEMENT_EXECUTE|[153]
01:15:21.0 (59639313)|SYSTEM_MODE_EXIT|false
01:15:21.0 (60626649)|SYSTEM_MODE_ENTER|true
01:15:21.0 (61145930)|SYSTEM_MODE_ENTER|true
01:15:21.0 (61247522)|SYSTEM_MODE_ENTER|true
01:15:21.0 (61819307)|VF_SERIALIZE_VIEWSTATE_BEGIN|066j0000002vLOq
01:15:21.0 (64976786)|VF_SERIALIZE_VIEWSTATE_END
01:15:21.67 (67220858)|CUMULATIVE_LIMIT_USAGE
01:15:21.67 (67220858)|LIMIT_USAGE_FOR_NS|(default)|
  Number of SOQL queries: 3 out of 100
  Number of query rows: 16 out of 50000
  Number of SOSL queries: 0 out of 20
  Number of DML statements: 0 out of 150
  Number of DML rows: 0 out of 10000
  Maximum CPU time: 0 out of 10000
  Maximum heap size: 0 out of 6000000
  Number of callouts: 0 out of 100
  Number of Email Invocations: 0 out of 10
  Number of future calls: 0 out of 50
  Number of queueable jobs added to the queue: 0 out of 50
  Number of Mobile Apex push calls: 0 out of 10

01:15:21.67 (67220858)|CUMULATIVE_LIMIT_USAGE_END

01:15:21.0 (67269941)|CODE_UNIT_FINISHED|VF: /apex/OpportunityStagePage
01:15:21.0 (68045141)|EXECUTION_FINISHED
