38.0 APEX_CODE,FINEST;APEX_PROFILING,INFO;CALLOUT,INFO;DB,INFO;SYSTEM,DEBUG;VALIDATION,INFO;VISUALFORCE,INFO;WAVE,INFO;WORKFLOW,FINER
07:14:17.0 (300127)|USER_INFO|[EXTERNAL]|00529000000zYiy|bhakti.gujrathi@eternussolutions.com.frnstgng|Central Standard Time|GMT-06:00
07:14:17.0 (342030)|EXECUTION_STARTED
07:14:17.0 (346582)|CODE_UNIT_STARTED|[EXTERNAL]|01pj0000004Sbuc|BenefitsVOBStatus.VOBStatusCheck
07:14:17.0 (511503)|HEAP_ALLOCATE|[72]|Bytes:3
07:14:17.0 (543885)|HEAP_ALLOCATE|[77]|Bytes:152
07:14:17.0 (560696)|HEAP_ALLOCATE|[342]|Bytes:408
07:14:17.0 (579784)|HEAP_ALLOCATE|[355]|Bytes:408
07:14:17.0 (596744)|HEAP_ALLOCATE|[467]|Bytes:48
07:14:17.0 (625863)|HEAP_ALLOCATE|[139]|Bytes:6
07:14:17.0 (645451)|HEAP_ALLOCATE|[EXTERNAL]|Bytes:4
07:14:17.0 (659018)|METHOD_ENTRY|[1]|01pj0000004Sbuc|BenefitsVOBStatus.BenefitsVOBStatus()
07:14:17.0 (665464)|STATEMENT_EXECUTE|[1]
07:14:17.0 (671491)|STATEMENT_EXECUTE|[1]
07:14:17.0 (676728)|METHOD_EXIT|[1]|BenefitsVOBStatus
07:14:17.0 (682563)|HEAP_ALLOCATE|[EXTERNAL]|Bytes:15
07:14:17.0 (693048)|VARIABLE_SCOPE_BEGIN|[2]|agreementID|String|false|false
07:14:17.0 (718040)|VARIABLE_ASSIGNMENT|[2]|agreementID|"00629000004NTeZ"
07:14:17.0 (726571)|STATEMENT_EXECUTE|[2]
07:14:17.0 (728227)|STATEMENT_EXECUTE|[4]
07:14:17.0 (729139)|STATEMENT_EXECUTE|[5]
07:14:17.0 (732183)|HEAP_ALLOCATE|[5]|Bytes:66
07:14:17.0 (748700)|HEAP_ALLOCATE|[5]|Bytes:4
07:14:17.0 (759865)|HEAP_ALLOCATE|[5]|Bytes:7
07:14:17.0 (799016)|HEAP_ALLOCATE|[50]|Bytes:5
07:14:17.0 (822330)|HEAP_ALLOCATE|[56]|Bytes:5
07:14:17.0 (832619)|HEAP_ALLOCATE|[64]|Bytes:7
07:14:17.0 (4312280)|SOQL_EXECUTE_BEGIN|[5]|Aggregations:0|SELECT Id, Benefits_Status__c FROM Opportunity WHERE id = :tmpVar1
07:14:17.0 (11216474)|SOQL_EXECUTE_END|[5]|Rows:1
07:14:17.0 (11242496)|HEAP_ALLOCATE|[5]|Bytes:8
07:14:17.0 (11258957)|HEAP_ALLOCATE|[5]|Bytes:69
07:14:17.0 (11373763)|HEAP_ALLOCATE|[5]|Bytes:8
07:14:17.0 (11387848)|HEAP_ALLOCATE|[5]|Bytes:37
07:14:17.0 (11447007)|HEAP_ALLOCATE|[5]|Bytes:12
07:14:17.0 (11457030)|VARIABLE_SCOPE_BEGIN|[5]|OpportunityBS|Opportunity|true|false
07:14:17.0 (11485058)|VARIABLE_ASSIGNMENT|[5]|OpportunityBS|{"Id":"00629000004NTeZAAW","Benefits_Status__c":"Benefits Submitted"}|0x31b76790
07:14:17.0 (11491830)|STATEMENT_EXECUTE|[7]
07:14:17.0 (11521918)|HEAP_ALLOCATE|[8]|Bytes:12
07:14:17.0 (11554204)|STATEMENT_EXECUTE|[10]
07:14:17.0 (11556149)|STATEMENT_EXECUTE|[11]
07:14:17.0 (11558511)|HEAP_ALLOCATE|[11]|Bytes:16
07:14:17.11 (11588406)|CUMULATIVE_LIMIT_USAGE
07:14:17.11 (11588406)|LIMIT_USAGE_FOR_NS|(default)|
  Number of SOQL queries: 1 out of 100
  Number of query rows: 1 out of 50000
  Number of SOSL queries: 0 out of 20
  Number of DML statements: 0 out of 150
  Number of DML rows: 0 out of 10000
  Maximum CPU time: 0 out of 10000
  Maximum heap size: 0 out of 6000000
  Number of callouts: 0 out of 100
  Number of Email Invocations: 0 out of 10
  Number of future calls: 0 out of 50
  Number of queueable jobs added to the queue: 0 out of 50
  Number of Mobile Apex push calls: 0 out of 10

07:14:17.11 (11588406)|CUMULATIVE_LIMIT_USAGE_END

07:14:17.0 (11624696)|CODE_UNIT_FINISHED|BenefitsVOBStatus.VOBStatusCheck
07:14:17.0 (12411959)|EXECUTION_FINISHED
