37.0 APEX_CODE,FINEST;APEX_PROFILING,INFO;CALLOUT,INFO;DB,INFO;SYSTEM,DEBUG;VALIDATION,INFO;VISUALFORCE,INFO;WAVE,INFO;WORKFLOW,FINER
08:35:35.0 (289671)|USER_INFO|[EXTERNAL]|00529000000zYiy|bhakti.gujrathi@eternussolutions.com.frnstgng|Central Standard Time|GMT-06:00
08:35:35.0 (336426)|EXECUTION_STARTED
08:35:35.0 (340581)|CODE_UNIT_STARTED|[EXTERNAL]|0660a0000009uTC|VF: /apex/PAW_New_Edit
08:35:35.0 (23270307)|SYSTEM_MODE_ENTER|true
08:35:35.0 (23627202)|VARIABLE_SCOPE_BEGIN|[35]|PAW_New_EditCntrllr.globalSchemaMap|Map<String,Schema.SObjectType>|true|true
08:35:35.0 (23652523)|VARIABLE_SCOPE_BEGIN|[3]|PAW_New_EditCntrllr.yearEndMode|Boolean|false|true
08:35:35.0 (23842699)|HEAP_ALLOCATE|[72]|Bytes:3
08:35:35.0 (23886941)|HEAP_ALLOCATE|[77]|Bytes:152
08:35:35.0 (23898917)|HEAP_ALLOCATE|[342]|Bytes:408
08:35:35.0 (23907962)|HEAP_ALLOCATE|[355]|Bytes:408
08:35:35.0 (23916951)|HEAP_ALLOCATE|[467]|Bytes:48
08:35:35.0 (23947527)|HEAP_ALLOCATE|[139]|Bytes:6
08:35:35.0 (23960763)|HEAP_ALLOCATE|[EXTERNAL]|Bytes:11
08:35:35.0 (23967505)|HEAP_ALLOCATE|[EXTERNAL]|Bytes:304
08:35:35.0 (23971384)|HEAP_ALLOCATE|[EXTERNAL]|Bytes:98
08:35:35.0 (23975174)|HEAP_ALLOCATE|[EXTERNAL]|Bytes:14
08:35:35.0 (23986195)|METHOD_ENTRY|[1]|01p0a000004sKzV|PAW_New_EditCntrllr.PAW_New_EditCntrllr()
08:35:35.0 (23992602)|STATEMENT_EXECUTE|[1]
08:35:35.0 (23996787)|STATEMENT_EXECUTE|[1]
08:35:35.0 (23997859)|STATEMENT_EXECUTE|[3]
08:35:35.0 (42819110)|VARIABLE_SCOPE_BEGIN|[3]|PAW_YearEnd_Config.setting|Year_End_PAW_Settings__c|true|true
08:35:35.0 (42856864)|HEAP_ALLOCATE|[3]|Bytes:1
08:35:35.0 (42868618)|HEAP_ALLOCATE|[3]|Bytes:1
08:35:35.0 (42909980)|METHOD_ENTRY|[1]|01p29000000Aswf|PAW_YearEnd_Config.PAW_YearEnd_Config()
08:35:35.0 (42917548)|STATEMENT_EXECUTE|[1]
08:35:35.0 (42923572)|STATEMENT_EXECUTE|[1]
08:35:35.0 (42958164)|HEAP_ALLOCATE|[50]|Bytes:5
08:35:35.0 (42991756)|HEAP_ALLOCATE|[56]|Bytes:5
08:35:35.0 (43000107)|HEAP_ALLOCATE|[64]|Bytes:7
08:35:35.0 (43383332)|SYSTEM_MODE_ENTER|false
08:35:35.0 (43401096)|HEAP_ALLOCATE|[3]|Bytes:5
08:35:35.0 (43409470)|SYSTEM_MODE_EXIT|false
08:35:35.0 (43418278)|METHOD_EXIT|[1]|PAW_YearEnd_Config
08:35:35.0 (43441641)|METHOD_ENTRY|[3]|01p29000000Aswf|PAW_YearEnd_Config.fetch()
08:35:35.0 (43510545)|SYSTEM_MODE_ENTER|false
08:35:35.0 (43516758)|HEAP_ALLOCATE|[6]|Bytes:5
08:35:35.0 (43521196)|STATEMENT_EXECUTE|[5]
08:35:35.0 (43525924)|STATEMENT_EXECUTE|[7]
08:35:35.0 (44796795)|HEAP_ALLOCATE|[7]|Bytes:20
08:35:35.0 (44853703)|VARIABLE_ASSIGNMENT|[7]|PAW_YearEnd_Config.setting|{"IsDeleted":false,"Name":"Year End PAW Setting (11 more) ...","SetupOwnerId":"00529000000zYiyAAE","Year_End_Mode_Enable (4 more) ...":false}|0x7ad707a
08:35:35.0 (44861927)|STATEMENT_EXECUTE|[9]
08:35:35.0 (44865462)|HEAP_ALLOCATE|[9]|Bytes:14
08:35:35.0 (45015835)|HEAP_ALLOCATE|[9]|Bytes:145
08:35:35.0 (45036785)|HEAP_ALLOCATE|[9]|Bytes:159
08:35:35.0 (45060348)|USER_DEBUG|[9]|DEBUG|>>> setting : Year_End_PAW_Settings__c:{IsDeleted=false, Name=Year End PAW Settings (Profile), SetupOwnerId=00529000000zYiyAAE, Year_End_Mode_Enabled__c=false}
08:35:35.0 (45068094)|STATEMENT_EXECUTE|[10]
08:35:35.0 (45073343)|SYSTEM_MODE_EXIT|false
08:35:35.0 (45081603)|METHOD_EXIT|[3]|01p29000000Aswf|PAW_YearEnd_Config.fetch()
08:35:35.0 (45123798)|VARIABLE_ASSIGNMENT|[3]|PAW_New_EditCntrllr.yearEndMode|false
08:35:35.0 (45132997)|STATEMENT_EXECUTE|[524]
08:35:35.0 (45139575)|METHOD_EXIT|[1]|PAW_New_EditCntrllr
08:35:35.0 (47594787)|HEAP_ALLOCATE|[EXTERNAL]|Bytes:112
08:35:35.0 (47608531)|VARIABLE_SCOPE_BEGIN|[41]|this|PAW_New_EditCntrllr|true|false
08:35:35.0 (47700580)|VARIABLE_ASSIGNMENT|[41]|this|{}|0x1f1fce5f
08:35:35.0 (47710446)|STATEMENT_EXECUTE|[1]
08:35:35.0 (47711855)|STATEMENT_EXECUTE|[7]
08:35:35.0 (47712829)|STATEMENT_EXECUTE|[8]
08:35:35.0 (47713580)|STATEMENT_EXECUTE|[9]
08:35:35.0 (47714361)|STATEMENT_EXECUTE|[10]
08:35:35.0 (47715305)|STATEMENT_EXECUTE|[11]
08:35:35.0 (47727165)|VARIABLE_ASSIGNMENT|[11]|this.oppId|""|0x1f1fce5f
08:35:35.0 (47731838)|STATEMENT_EXECUTE|[12]
08:35:35.0 (47732752)|STATEMENT_EXECUTE|[13]
08:35:35.0 (47733515)|STATEMENT_EXECUTE|[14]
08:35:35.0 (47734279)|STATEMENT_EXECUTE|[15]
08:35:35.0 (47735043)|STATEMENT_EXECUTE|[16]
08:35:35.0 (47735922)|STATEMENT_EXECUTE|[18]
08:35:35.0 (47736714)|STATEMENT_EXECUTE|[19]
08:35:35.0 (47737514)|STATEMENT_EXECUTE|[20]
08:35:35.0 (47738273)|STATEMENT_EXECUTE|[21]
08:35:35.0 (47739032)|STATEMENT_EXECUTE|[22]
08:35:35.0 (47740036)|STATEMENT_EXECUTE|[23]
08:35:35.0 (47740832)|STATEMENT_EXECUTE|[24]
08:35:35.0 (47741693)|STATEMENT_EXECUTE|[25]
08:35:35.0 (47742442)|STATEMENT_EXECUTE|[26]
08:35:35.0 (47743275)|STATEMENT_EXECUTE|[27]
08:35:35.0 (47744026)|STATEMENT_EXECUTE|[28]
08:35:35.0 (47745016)|STATEMENT_EXECUTE|[30]
08:35:35.0 (47745916)|STATEMENT_EXECUTE|[31]
08:35:35.0 (47746670)|STATEMENT_EXECUTE|[32]
08:35:35.0 (47747414)|STATEMENT_EXECUTE|[33]
08:35:35.0 (47748170)|STATEMENT_EXECUTE|[37]
08:35:35.0 (47749034)|STATEMENT_EXECUTE|[38]
08:35:35.0 (47757135)|HEAP_ALLOCATE|[11]|Bytes:6
08:35:35.0 (47796520)|STATEMENT_EXECUTE|[41]
08:35:35.0 (47798082)|STATEMENT_EXECUTE|[44]
08:35:35.0 (88362788)|HEAP_ALLOCATE|[44]|Bytes:2408
08:35:35.0 (88843603)|VARIABLE_ASSIGNMENT|[44]|PAW_New_EditCntrllr.globalSchemaMap|"{abused_substance__c=Abused_Substance__c, abused_substance__feed=Abused_Substance__Feed, abused_substance__history=Abused_Substance__History, acceptedeventrelation=AcceptedEventRelation, account=Account, account_review__c=Account_Review__c, account_review__history=Account_Review__History, account_satisfaction_survey__c=Account_Satisfaction_Survey__c, accountcontactrole=AccountContactRole, accountfeed=AccountFeed, ...}"|0x3ecc9f0e
08:35:35.0 (88858768)|STATEMENT_EXECUTE|[45]
08:35:35.0 (89010728)|VARIABLE_ASSIGNMENT|[EXTERNAL]|this|{"oppId":""}|0x1f1fce5f
08:35:35.0 (89028280)|VARIABLE_ASSIGNMENT|[EXTERNAL]|value|false
08:35:35.0 (89037487)|HEAP_ALLOCATE|[32]|Bytes:5
08:35:35.0 (89047096)|VARIABLE_ASSIGNMENT|[32]|this.isTalbott|false|0x1f1fce5f
08:35:35.0 (89056970)|STATEMENT_EXECUTE|[46]
08:35:35.0 (89112819)|VARIABLE_ASSIGNMENT|[EXTERNAL]|this|{"isTalbott":false,"oppId":""}|0x1f1fce5f
08:35:35.0 (89120977)|VARIABLE_ASSIGNMENT|[EXTERNAL]|value|false
08:35:35.0 (89125995)|HEAP_ALLOCATE|[33]|Bytes:5
08:35:35.0 (89131417)|VARIABLE_ASSIGNMENT|[33]|this.isIop|false|0x1f1fce5f
08:35:35.0 (89137826)|STATEMENT_EXECUTE|[47]
08:35:35.0 (89144276)|VARIABLE_ASSIGNMENT|[47]|this.sObjectQueryStr|""|0x1f1fce5f
08:35:35.0 (89148357)|STATEMENT_EXECUTE|[48]
08:35:35.0 (89182189)|HEAP_ALLOCATE|[48]|Bytes:4
08:35:35.0 (89289856)|VARIABLE_ASSIGNMENT|[48]|this.quoteObj|{}|0x1f1fce5f
08:35:35.0 (89295504)|STATEMENT_EXECUTE|[49]
08:35:35.0 (89306375)|HEAP_ALLOCATE|[49]|Bytes:476
08:35:35.0 (89316110)|HEAP_ALLOCATE|[49]|Bytes:71
08:35:35.0 (89398982)|HEAP_ALLOCATE|[49]|Bytes:84
08:35:35.0 (89419145)|CONSTRUCTOR_ENTRY|[49]|01p0a000004sKzV|<init>()
08:35:35.0 (89443551)|VARIABLE_SCOPE_BEGIN|[546]|this|PAW_New_EditCntrllr.WraperClass|true|false
08:35:35.0 (89510362)|VARIABLE_ASSIGNMENT|[546]|this|{}|0x4bafcf5c
08:35:35.0 (89516266)|STATEMENT_EXECUTE|[524]
08:35:35.0 (89518092)|STATEMENT_EXECUTE|[525]
08:35:35.0 (89519368)|STATEMENT_EXECUTE|[526]
08:35:35.0 (89520211)|STATEMENT_EXECUTE|[527]
08:35:35.0 (89521012)|STATEMENT_EXECUTE|[528]
08:35:35.0 (89521774)|STATEMENT_EXECUTE|[529]
08:35:35.0 (89522652)|STATEMENT_EXECUTE|[530]
08:35:35.0 (89523422)|STATEMENT_EXECUTE|[531]
08:35:35.0 (89524288)|STATEMENT_EXECUTE|[532]
08:35:35.0 (89525048)|STATEMENT_EXECUTE|[533]
08:35:35.0 (89525807)|STATEMENT_EXECUTE|[534]
08:35:35.0 (89526686)|STATEMENT_EXECUTE|[535]
08:35:35.0 (89527468)|STATEMENT_EXECUTE|[536]
08:35:35.0 (89528226)|STATEMENT_EXECUTE|[537]
08:35:35.0 (89529095)|STATEMENT_EXECUTE|[538]
08:35:35.0 (89529857)|STATEMENT_EXECUTE|[539]
08:35:35.0 (89530710)|STATEMENT_EXECUTE|[540]
08:35:35.0 (89531588)|STATEMENT_EXECUTE|[541]
08:35:35.0 (89532375)|STATEMENT_EXECUTE|[542]
08:35:35.0 (89533252)|STATEMENT_EXECUTE|[543]
08:35:35.0 (89534024)|STATEMENT_EXECUTE|[544]
08:35:35.0 (89548050)|STATEMENT_EXECUTE|[546]
08:35:35.0 (89549160)|STATEMENT_EXECUTE|[547]
08:35:35.0 (89567024)|HEAP_ALLOCATE|[547]|Bytes:4
08:35:35.0 (89702315)|VARIABLE_ASSIGNMENT|[EXTERNAL]|this|{}|0x4bafcf5c
08:35:35.0 (89713331)|VARIABLE_ASSIGNMENT|[EXTERNAL]|value|{}|0x38773914
08:35:35.0 (89721971)|VARIABLE_ASSIGNMENT|[525]|this.pyAgrmntWrksht|{}|0x4bafcf5c
08:35:35.0 (89729299)|STATEMENT_EXECUTE|[548]
08:35:35.0 (89744552)|HEAP_ALLOCATE|[548]|Bytes:4
08:35:35.0 (89831346)|VARIABLE_ASSIGNMENT|[EXTERNAL]|this|{"pyAgrmntWrksht":"0x38773914"}|0x4bafcf5c
08:35:35.0 (89840272)|VARIABLE_ASSIGNMENT|[EXTERNAL]|value|{}|0x2ca2593b
08:35:35.0 (89847762)|VARIABLE_ASSIGNMENT|[526]|this.insrncBnft|{}|0x4bafcf5c
08:35:35.0 (89854302)|STATEMENT_EXECUTE|[549]
08:35:35.0 (89895758)|VARIABLE_ASSIGNMENT|[EXTERNAL]|this|{"insrncBnft":"0x2ca2593b","pyAgrmntWrksht":"0x38773914"}|0x4bafcf5c
08:35:35.0 (89903400)|VARIABLE_ASSIGNMENT|[EXTERNAL]|value|""
08:35:35.0 (89909106)|VARIABLE_ASSIGNMENT|[527]|this.insrncBnftSelected|""|0x4bafcf5c
08:35:35.0 (89915013)|STATEMENT_EXECUTE|[550]
08:35:35.0 (89952879)|VARIABLE_ASSIGNMENT|[EXTERNAL]|this|{"insrncBnft":"0x2ca2593b","insrncBnftSelected":"","pyAgrmntWrksht":"0x38773914"}|0x4bafcf5c
08:35:35.0 (89960258)|VARIABLE_ASSIGNMENT|[EXTERNAL]|value|""
08:35:35.0 (89966297)|VARIABLE_ASSIGNMENT|[528]|this.facilitySelected|""|0x4bafcf5c
08:35:35.0 (89972169)|STATEMENT_EXECUTE|[551]
08:35:35.0 (90009574)|VARIABLE_ASSIGNMENT|[EXTERNAL]|this|{"facilitySelected":"","insrncBnft":"0x2ca2593b","insrncBnftSelected":"","pyAgrmntWrksht":"0x38773914"}|0x4bafcf5c
08:35:35.0 (90020155)|VARIABLE_ASSIGNMENT|[EXTERNAL]|value|""
08:35:35.0 (90025726)|VARIABLE_ASSIGNMENT|[529]|this.fcltyPrgrmSelected|""|0x4bafcf5c
08:35:35.0 (90031575)|STATEMENT_EXECUTE|[552]
08:35:35.0 (90071688)|VARIABLE_ASSIGNMENT|[EXTERNAL]|this|{"facilitySelected":"","fcltyPrgrmSelected":"","insrncBnft":"0x2ca2593b","insrncBnftSelected":"","pyAgrmntWrksht":"0x38773914"}|0x4bafcf5c
08:35:35.0 (90078965)|VARIABLE_ASSIGNMENT|[EXTERNAL]|value|""
08:35:35.0 (90084385)|VARIABLE_ASSIGNMENT|[530]|this.rateAdjstmntSelected|""|0x4bafcf5c
08:35:35.0 (90090346)|STATEMENT_EXECUTE|[553]
08:35:35.0 (90130801)|VARIABLE_ASSIGNMENT|[EXTERNAL]|this|{"facilitySelected":"","fcltyPrgrmSelected":"","insrncBnft":"0x2ca2593b","insrncBnftSelected":"","pyAgrmntWrksht":"0x38773914","rateAdjstmntSelected":""}|0x4bafcf5c
08:35:35.0 (90141147)|VARIABLE_ASSIGNMENT|[EXTERNAL]|value|0
08:35:35.0 (90145424)|HEAP_ALLOCATE|[531]|Bytes:4
08:35:35.0 (90150585)|VARIABLE_ASSIGNMENT|[531]|this.totalRowCount|0|0x4bafcf5c
08:35:35.0 (90156628)|STATEMENT_EXECUTE|[554]
08:35:35.0 (90159254)|HEAP_ALLOCATE|[554]|Bytes:4
08:35:35.0 (90184437)|HEAP_ALLOCATE|[554]|Bytes:28
08:35:35.0 (90235322)|VARIABLE_ASSIGNMENT|[EXTERNAL]|this|{"facilitySelected":"","fcltyPrgrmSelected":"","insrncBnft":"0x2ca2593b","insrncBnftSelected":"","pyAgrmntWrksht":"0x38773914","rateAdjstmntSelected":"","totalRowCount":0}|0x4bafcf5c
08:35:35.0 (90246576)|VARIABLE_ASSIGNMENT|[EXTERNAL]|value|0.00
08:35:35.0 (90253489)|VARIABLE_ASSIGNMENT|[532]|this.totalTalbottDay|0.00|0x4bafcf5c
08:35:35.0 (90259456)|STATEMENT_EXECUTE|[555]
08:35:35.0 (90264324)|HEAP_ALLOCATE|[555]|Bytes:28
08:35:35.0 (90313942)|VARIABLE_ASSIGNMENT|[EXTERNAL]|this|{"facilitySelected":"","fcltyPrgrmSelected":"","insrncBnft":"0x2ca2593b","insrncBnftSelected":"","pyAgrmntWrksht":"0x38773914","rateAdjstmntSelected":"","totalRowCount":0,"totalTalbottDay":0.00}|0x4bafcf5c
08:35:35.0 (90322197)|VARIABLE_ASSIGNMENT|[EXTERNAL]|value|0.00
08:35:35.0 (90327794)|VARIABLE_ASSIGNMENT|[533]|this.totalInsCoResp|0.00|0x4bafcf5c
08:35:35.0 (90334322)|STATEMENT_EXECUTE|[556]
08:35:35.0 (90338745)|HEAP_ALLOCATE|[556]|Bytes:28
08:35:35.0 (90382460)|VARIABLE_ASSIGNMENT|[EXTERNAL]|this|{"facilitySelected":"","fcltyPrgrmSelected":"","insrncBnft":"0x2ca2593b","insrncBnftSelected":"","pyAgrmntWrksht":"0x38773914","rateAdjstmntSelected":"","totalInsCoResp":0.00,"totalRowCount":0,"totalTalbottDay":0.00}|0x4bafcf5c
08:35:35.0 (90391065)|VARIABLE_ASSIGNMENT|[EXTERNAL]|value|0.00
08:35:35.0 (90396921)|VARIABLE_ASSIGNMENT|[534]|this.totalCoPayAmt|0.00|0x4bafcf5c
08:35:35.0 (90403194)|STATEMENT_EXECUTE|[557]
08:35:35.0 (90407230)|HEAP_ALLOCATE|[557]|Bytes:28
08:35:35.0 (90451088)|VARIABLE_ASSIGNMENT|[EXTERNAL]|this|{"facilitySelected":"","fcltyPrgrmSelected":"","insrncBnft":"0x2ca2593b","insrncBnftSelected":"","pyAgrmntWrksht":"0x38773914","rateAdjstmntSelected":"","totalCoPayAmt":0.00,"totalInsCoResp":0.00,"totalRowCount":0,"totalTalbottDay":0.00}|0x4bafcf5c
08:35:35.0 (90459012)|VARIABLE_ASSIGNMENT|[EXTERNAL]|value|0.00
08:35:35.0 (90464471)|VARIABLE_ASSIGNMENT|[535]|this.targetEDR|0.00|0x4bafcf5c
08:35:35.0 (90470265)|STATEMENT_EXECUTE|[558]
08:35:35.0 (90474125)|HEAP_ALLOCATE|[558]|Bytes:28
08:35:35.0 (90480112)|VARIABLE_ASSIGNMENT|[558]|this.totalAppliedDeductible|0.00|0x4bafcf5c
08:35:35.0 (90484275)|STATEMENT_EXECUTE|[559]
08:35:35.0 (90486584)|HEAP_ALLOCATE|[559]|Bytes:28
08:35:35.0 (90491260)|VARIABLE_ASSIGNMENT|[559]|this.totalCoInsurance|0.00|0x4bafcf5c
08:35:35.0 (90495031)|STATEMENT_EXECUTE|[560]
08:35:35.0 (90497166)|HEAP_ALLOCATE|[560]|Bytes:28
08:35:35.0 (90502246)|VARIABLE_ASSIGNMENT|[560]|this.totalInsEIVAmt|0.00|0x4bafcf5c
08:35:35.0 (90505977)|STATEMENT_EXECUTE|[561]
08:35:35.0 (90552804)|VARIABLE_ASSIGNMENT|[EXTERNAL]|this|{"facilitySelected":"","fcltyPrgrmSelected":"","insrncBnft":"0x2ca2593b","insrncBnftSelected":"","pyAgrmntWrksht":"0x38773914","rateAdjstmntSelected":"","targetEDR":0.00,"totalAppliedDeductib (2 more) ...":0.00,"totalCoInsurance":0.00,"totalCoPayAmt":0.00,"totalInsCoResp":0.00,"totalInsEIVAmt":0.00,"totalRowCount":0,"totalTalbottDay":0.00}|0x4bafcf5c
08:35:35.0 (90564772)|VARIABLE_ASSIGNMENT|[EXTERNAL]|value|false
08:35:35.0 (90569203)|HEAP_ALLOCATE|[543]|Bytes:5
08:35:35.0 (90574348)|VARIABLE_ASSIGNMENT|[543]|this.pawDetailListDisplayFlag|false|0x4bafcf5c
08:35:35.0 (90580441)|STATEMENT_EXECUTE|[562]
08:35:35.0 (90603532)|HEAP_ALLOCATE|[562]|Bytes:4
08:35:35.0 (90694926)|VARIABLE_ASSIGNMENT|[EXTERNAL]|this|{"facilitySelected":"","fcltyPrgrmSelected":"","insrncBnft":"0x2ca2593b","insrncBnftSelected":"","pawDetailListDisplay (4 more) ...":false,"pyAgrmntWrksht":"0x38773914","rateAdjstmntSelected":"","targetEDR":0.00,"totalAppliedDeductib (2 more) ...":0.00,"totalCoInsurance":0.00,"totalCoPayAmt":0.00,"totalInsCoResp":0.00,"totalInsEIVAmt":0.00,"totalRowCount":0,"totalTalbottDay":0.00}|0x4bafcf5c
08:35:35.0 (90708519)|HEAP_ALLOCATE|[EXTERNAL]|Bytes:4
08:35:35.0 (90716726)|VARIABLE_ASSIGNMENT|[EXTERNAL]|value|[]|0x668538a2
08:35:35.0 (90724873)|VARIABLE_ASSIGNMENT|[544]|this.relatedPAWDetailsList|[]|0x4bafcf5c
08:35:35.0 (90733202)|CONSTRUCTOR_EXIT|[49]|01p0a000004sKzV|<init>()
08:35:35.0 (90779375)|VARIABLE_ASSIGNMENT|[EXTERNAL]|this|{"isIop":false,"isTalbott":false,"oppId":"","quoteObj":"0x45f1b2aa","sObjectQueryStr":""}|0x1f1fce5f
08:35:35.0 (90815877)|VARIABLE_ASSIGNMENT|[EXTERNAL]|value|{"facilitySelected":"","fcltyPrgrmSelected":"","insrncBnft":"0x2ca2593b","insrncBnftSelected":"","pawDetailListDisplay (4 more) ...":false,"pyAgrmntWrksht":"0x38773914","rateAdjstmntSelected":"","relatedPAWDetailsLis (1 more) ...":"0x668538a2","targetEDR":0.00,"totalAppliedDeductib (2 more) ...":0.00,"totalCoInsurance":0.00,"totalCoPayAmt":0.00,"totalInsCoResp":0.00,"totalInsEIVAmt":0.00,"totalRowCount":0,"totalTalbottDay":0.00}|0x4bafcf5c
08:35:35.0 (90828004)|VARIABLE_ASSIGNMENT|[30]|this.wrprObj|0x4bafcf5c|0x1f1fce5f
08:35:35.0 (90834923)|STATEMENT_EXECUTE|[50]
08:35:35.0 (90853637)|HEAP_ALLOCATE|[50]|Bytes:4
08:35:35.0 (90961271)|VARIABLE_ASSIGNMENT|[EXTERNAL]|this|{"isIop":false,"isTalbott":false,"oppId":"","quoteObj":"0x45f1b2aa","sObjectQueryStr":"","wrprObj":"0x4bafcf5c"}|0x1f1fce5f
08:35:35.0 (90971461)|VARIABLE_ASSIGNMENT|[EXTERNAL]|value|{}|0x11db5dec
08:35:35.0 (90979730)|VARIABLE_ASSIGNMENT|[18]|this.ptntInsrncObj|{}|0x1f1fce5f
08:35:35.0 (90986096)|STATEMENT_EXECUTE|[51]
08:35:35.0 (90997931)|HEAP_ALLOCATE|[51]|Bytes:4
08:35:35.0 (91036175)|HEAP_ALLOCATE|[EXTERNAL]|Bytes:4
08:35:35.0 (91044097)|VARIABLE_ASSIGNMENT|[51]|this.ptntInsrnceOptions|[]|0x1f1fce5f
08:35:35.0 (91048973)|STATEMENT_EXECUTE|[52]
08:35:35.0 (91054433)|HEAP_ALLOCATE|[52]|Bytes:4
08:35:35.0 (91074408)|HEAP_ALLOCATE|[EXTERNAL]|Bytes:4
08:35:35.0 (91079329)|VARIABLE_ASSIGNMENT|[52]|this.insrncBnftOptions|[]|0x1f1fce5f
08:35:35.0 (91083370)|STATEMENT_EXECUTE|[53]
08:35:35.0 (91087990)|HEAP_ALLOCATE|[53]|Bytes:4
08:35:35.0 (91143797)|VARIABLE_ASSIGNMENT|[EXTERNAL]|this|{"insrncBnftOptions":"0x69752d1b","isIop":false,"isTalbott":false,"oppId":"","ptntInsrnceOptions":"0x16ab4f47","ptntInsrncObj":"0x11db5dec","quoteObj":"0x45f1b2aa","sObjectQueryStr":"","wrprObj":"0x4bafcf5c"}|0x1f1fce5f
08:35:35.0 (91159948)|HEAP_ALLOCATE|[EXTERNAL]|Bytes:4
08:35:35.0 (91164176)|VARIABLE_ASSIGNMENT|[EXTERNAL]|value|[]|0x5dd44443
08:35:35.0 (91171626)|VARIABLE_ASSIGNMENT|[14]|this.faciltyOptions|[]|0x1f1fce5f
08:35:35.0 (91178380)|STATEMENT_EXECUTE|[54]
08:35:35.0 (91183358)|HEAP_ALLOCATE|[54]|Bytes:4
08:35:35.0 (91240417)|VARIABLE_ASSIGNMENT|[EXTERNAL]|this|{"faciltyOptions":"0x5dd44443","insrncBnftOptions":"0x69752d1b","isIop":false,"isTalbott":false,"oppId":"","ptntInsrnceOptions":"0x16ab4f47","ptntInsrncObj":"0x11db5dec","quoteObj":"0x45f1b2aa","sObjectQueryStr":"","wrprObj":"0x4bafcf5c"}|0x1f1fce5f
08:35:35.0 (91256532)|HEAP_ALLOCATE|[EXTERNAL]|Bytes:4
08:35:35.0 (91261065)|VARIABLE_ASSIGNMENT|[EXTERNAL]|value|[]|0x71477cb3
08:35:35.0 (91268583)|VARIABLE_ASSIGNMENT|[15]|this.fcltyPrgrmOptions|[]|0x1f1fce5f
08:35:35.0 (91274466)|STATEMENT_EXECUTE|[55]
08:35:35.0 (91279457)|HEAP_ALLOCATE|[55]|Bytes:4
08:35:35.0 (91298462)|HEAP_ALLOCATE|[EXTERNAL]|Bytes:4
08:35:35.0 (91304320)|VARIABLE_ASSIGNMENT|[55]|this.rtAdjstmntOptions|[]|0x1f1fce5f
08:35:35.0 (91309044)|STATEMENT_EXECUTE|[56]
08:35:35.0 (91321648)|HEAP_ALLOCATE|[56]|Bytes:4
08:35:35.0 (91338583)|VARIABLE_ASSIGNMENT|[56]|this.idToOwnershipFacilityMap|{}|0x1f1fce5f
08:35:35.0 (91342923)|STATEMENT_EXECUTE|[57]
08:35:35.0 (91347857)|HEAP_ALLOCATE|[57]|Bytes:4
08:35:35.0 (91354676)|VARIABLE_ASSIGNMENT|[57]|this.idToTypeFacilityMap|{}|0x1f1fce5f
08:35:35.0 (91358625)|STATEMENT_EXECUTE|[58]
08:35:35.0 (91372279)|HEAP_ALLOCATE|[58]|Bytes:4
08:35:35.0 (91395127)|VARIABLE_ASSIGNMENT|[58]|this.insrncBnftMap|{}|0x1f1fce5f
08:35:35.0 (91399621)|STATEMENT_EXECUTE|[59]
08:35:35.0 (91413330)|HEAP_ALLOCATE|[59]|Bytes:4
08:35:35.0 (91461541)|VARIABLE_ASSIGNMENT|[59]|this.estmtCvrgeDaysObj|{}|0x1f1fce5f
08:35:35.0 (91467113)|STATEMENT_EXECUTE|[60]
08:35:35.0 (91476605)|HEAP_ALLOCATE|[60]|Bytes:4
08:35:35.0 (91488764)|VARIABLE_ASSIGNMENT|[60]|this.pawObj|{}|0x1f1fce5f
08:35:35.0 (91492748)|STATEMENT_EXECUTE|[61]
08:35:35.0 (91567726)|HEAP_ALLOCATE|[61]|Bytes:66
08:35:35.0 (91603977)|HEAP_ALLOCATE|[61]|Bytes:44
08:35:35.0 (91621890)|HEAP_ALLOCATE|[61]|Bytes:2
08:35:35.0 (91703501)|VARIABLE_ASSIGNMENT|[EXTERNAL]|this|{"estmtCvrgeDaysObj":"0x42d3790f","faciltyOptions":"0x5dd44443","fcltyPrgrmOptions":"0x71477cb3","idToOwnershipFacilit (4 more) ...":"0x273f9ad9","idToTypeFacilityMap":"0x6d57c869","insrncBnftMap":"0x6c3a6f4","insrncBnftOptions":"0x69752d1b","isIop":false,"isTalbott":false,"oppId":"","pawObj":"0x5f01bc22","ptntInsrnceOptions":"0x16ab4f47","ptntInsrncObj":"0x11db5dec","quoteObj":"0x45f1b2aa","rtAdjstmntOptions":"0x4b31c49","sObjectQueryStr":"","wrprObj":"0x4bafcf5c"}|0x1f1fce5f
08:35:35.0 (91718678)|VARIABLE_ASSIGNMENT|[EXTERNAL]|value|"00629000004NTeZ"
08:35:35.0 (91726940)|VARIABLE_ASSIGNMENT|[7]|this.recordId|"00629000004NTeZ"|0x1f1fce5f
08:35:35.0 (91734344)|STATEMENT_EXECUTE|[62]
08:35:35.0 (91749780)|HEAP_ALLOCATE|[62]|Bytes:66
08:35:35.0 (91767195)|HEAP_ALLOCATE|[62]|Bytes:44
08:35:35.0 (91779261)|HEAP_ALLOCATE|[62]|Bytes:5
08:35:35.0 (91793024)|VARIABLE_ASSIGNMENT|[62]|this.isClone|null|0x1f1fce5f
08:35:35.0 (91797803)|STATEMENT_EXECUTE|[63]
08:35:35.0 (91809171)|HEAP_ALLOCATE|[63]|Bytes:66
08:35:35.0 (91821925)|HEAP_ALLOCATE|[63]|Bytes:44
08:35:35.0 (91832348)|HEAP_ALLOCATE|[63]|Bytes:7
08:35:35.0 (91844249)|VARIABLE_ASSIGNMENT|[63]|this.quoteId|null|0x1f1fce5f
08:35:35.0 (91848496)|STATEMENT_EXECUTE|[64]
08:35:35.0 (91852896)|HEAP_ALLOCATE|[64]|Bytes:160
08:35:35.0 (91859074)|HEAP_ALLOCATE|[64]|Bytes:11
08:35:35.0 (91870734)|HEAP_ALLOCATE|[64]|Bytes:44
08:35:35.0 (91883239)|CONSTRUCTOR_ENTRY|[64]|01p29000000Aswe|<init>()
08:35:35.0 (91899267)|VARIABLE_SCOPE_BEGIN|[12]|this|PAW_Editor_YearEndController.MetaData|true|false
08:35:35.0 (91933281)|VARIABLE_ASSIGNMENT|[12]|this|{}|0x4c9b602a
08:35:35.0 (91946672)|STATEMENT_EXECUTE|[12]
08:35:35.0 (91948016)|STATEMENT_EXECUTE|[13]
08:35:35.0 (91948860)|STATEMENT_EXECUTE|[14]
08:35:35.0 (91949766)|STATEMENT_EXECUTE|[15]
08:35:35.0 (91950525)|STATEMENT_EXECUTE|[16]
08:35:35.0 (91951279)|STATEMENT_EXECUTE|[17]
08:35:35.0 (91952068)|STATEMENT_EXECUTE|[18]
08:35:35.0 (91952831)|STATEMENT_EXECUTE|[19]
08:35:35.0 (91953910)|STATEMENT_EXECUTE|[20]
08:35:35.0 (91954677)|STATEMENT_EXECUTE|[21]
08:35:35.0 (91955438)|STATEMENT_EXECUTE|[22]
08:35:35.0 (91957978)|CONSTRUCTOR_EXIT|[64]|01p29000000Aswe|<init>()
08:35:35.0 (92015562)|VARIABLE_ASSIGNMENT|[EXTERNAL]|this|{"estmtCvrgeDaysObj":"0x42d3790f","faciltyOptions":"0x5dd44443","fcltyPrgrmOptions":"0x71477cb3","idToOwnershipFacilit (4 more) ...":"0x273f9ad9","idToTypeFacilityMap":"0x6d57c869","insrncBnftMap":"0x6c3a6f4","insrncBnftOptions":"0x69752d1b","isIop":false,"isTalbott":false,"oppId":"","pawObj":"0x5f01bc22","ptntInsrnceOptions":"0x16ab4f47","ptntInsrncObj":"0x11db5dec","quoteObj":"0x45f1b2aa","recordId":"00629000004NTeZ","rtAdjstmntOptions":"0x4b31c49","sObjectQueryStr":"","wrprObj":"0x4bafcf5c"}|0x1f1fce5f
08:35:35.0 (92039832)|VARIABLE_ASSIGNMENT|[EXTERNAL]|value|{}|0x4c9b602a
08:35:35.0 (92047927)|VARIABLE_ASSIGNMENT|[37]|this.meta|0x4c9b602a|0x1f1fce5f
08:35:35.0 (96718782)|HEAP_ALLOCATE|[EXTERNAL]|Bytes:112
08:35:35.0 (96735102)|VARIABLE_SCOPE_BEGIN|[69]|this|PAW_New_EditCntrllr|true|false
08:35:35.0 (96815740)|VARIABLE_ASSIGNMENT|[69]|this|{"estmtCvrgeDaysObj":"0x42d3790f","faciltyOptions":"0x5dd44443","fcltyPrgrmOptions":"0x71477cb3","idToOwnershipFacilit (4 more) ...":"0x273f9ad9","idToTypeFacilityMap":"0x6d57c869","insrncBnftMap":"0x6c3a6f4","insrncBnftOptions":"0x69752d1b","isIop":false,"isTalbott":false,"meta":"0x4c9b602a","oppId":"","pawObj":"0x5f01bc22","ptntInsrnceOptions":"0x16ab4f47","ptntInsrncObj":"0x11db5dec","quoteObj":"0x45f1b2aa","recordId":"00629000004NTeZ","rtAdjstmntOptions":"0x4b31c49","sObjectQueryStr":"","wrprObj":"0x4bafcf5c"}|0x1f1fce5f
08:35:35.0 (96833763)|STATEMENT_EXECUTE|[69]
08:35:35.0 (96835280)|STATEMENT_EXECUTE|[71]
08:35:35.0 (96843563)|HEAP_ALLOCATE|[71]|Bytes:5
08:35:35.0 (96878973)|USER_DEBUG|[71]|DEBUG|>>> 1
08:35:35.0 (96895801)|STATEMENT_EXECUTE|[72]
08:35:35.0 (96961565)|VARIABLE_ASSIGNMENT|[EXTERNAL]|this|{"estmtCvrgeDaysObj":"0x42d3790f","faciltyOptions":"0x5dd44443","fcltyPrgrmOptions":"0x71477cb3","idToOwnershipFacilit (4 more) ...":"0x273f9ad9","idToTypeFacilityMap":"0x6d57c869","insrncBnftMap":"0x6c3a6f4","insrncBnftOptions":"0x69752d1b","isIop":false,"isTalbott":false,"meta":"0x4c9b602a","oppId":"","pawObj":"0x5f01bc22","ptntInsrnceOptions":"0x16ab4f47","ptntInsrncObj":"0x11db5dec","quoteObj":"0x45f1b2aa","recordId":"00629000004NTeZ","rtAdjstmntOptions":"0x4b31c49","sObjectQueryStr":"","wrprObj":"0x4bafcf5c"}|0x1f1fce5f
08:35:35.0 (97020841)|VARIABLE_ASSIGNMENT|[EXTERNAL]|this|{"estmtCvrgeDaysObj":"0x42d3790f","faciltyOptions":"0x5dd44443","fcltyPrgrmOptions":"0x71477cb3","idToOwnershipFacilit (4 more) ...":"0x273f9ad9","idToTypeFacilityMap":"0x6d57c869","insrncBnftMap":"0x6c3a6f4","insrncBnftOptions":"0x69752d1b","isIop":false,"isTalbott":false,"meta":"0x4c9b602a","oppId":"","pawObj":"0x5f01bc22","ptntInsrnceOptions":"0x16ab4f47","ptntInsrncObj":"0x11db5dec","quoteObj":"0x45f1b2aa","recordId":"00629000004NTeZ","rtAdjstmntOptions":"0x4b31c49","sObjectQueryStr":"","wrprObj":"0x4bafcf5c"}|0x1f1fce5f
08:35:35.0 (97062143)|STATEMENT_EXECUTE|[79]
08:35:35.0 (97114030)|VARIABLE_ASSIGNMENT|[EXTERNAL]|this|{"estmtCvrgeDaysObj":"0x42d3790f","faciltyOptions":"0x5dd44443","fcltyPrgrmOptions":"0x71477cb3","idToOwnershipFacilit (4 more) ...":"0x273f9ad9","idToTypeFacilityMap":"0x6d57c869","insrncBnftMap":"0x6c3a6f4","insrncBnftOptions":"0x69752d1b","isIop":false,"isTalbott":false,"meta":"0x4c9b602a","oppId":"","pawObj":"0x5f01bc22","ptntInsrnceOptions":"0x16ab4f47","ptntInsrncObj":"0x11db5dec","quoteObj":"0x45f1b2aa","recordId":"00629000004NTeZ","rtAdjstmntOptions":"0x4b31c49","sObjectQueryStr":"","wrprObj":"0x4bafcf5c"}|0x1f1fce5f
08:35:35.0 (97133822)|HEAP_ALLOCATE|[81]|Bytes:11
08:35:35.0 (97708472)|HEAP_ALLOCATE|[81]|Bytes:4
08:35:35.0 (97739100)|HEAP_ALLOCATE|[81]|Bytes:3
08:35:35.0 (97778448)|STATEMENT_EXECUTE|[81]
08:35:35.0 (97779930)|STATEMENT_EXECUTE|[82]
08:35:35.0 (97866302)|VARIABLE_ASSIGNMENT|[EXTERNAL]|this|{"estmtCvrgeDaysObj":"0x42d3790f","faciltyOptions":"0x5dd44443","fcltyPrgrmOptions":"0x71477cb3","idToOwnershipFacilit (4 more) ...":"0x273f9ad9","idToTypeFacilityMap":"0x6d57c869","insrncBnftMap":"0x6c3a6f4","insrncBnftOptions":"0x69752d1b","isIop":false,"isTalbott":false,"meta":"0x4c9b602a","oppId":"","pawObj":"0x5f01bc22","ptntInsrnceOptions":"0x16ab4f47","ptntInsrncObj":"0x11db5dec","quoteObj":"0x45f1b2aa","recordId":"00629000004NTeZ","rtAdjstmntOptions":"0x4b31c49","sObjectQueryStr":"","wrprObj":"0x4bafcf5c"}|0x1f1fce5f
08:35:35.0 (97883866)|VARIABLE_ASSIGNMENT|[EXTERNAL]|value|false
08:35:35.0 (97890484)|HEAP_ALLOCATE|[31]|Bytes:5
08:35:35.0 (97899338)|VARIABLE_ASSIGNMENT|[31]|this.showPILookup|false|0x1f1fce5f
08:35:35.0 (97906878)|STATEMENT_EXECUTE|[83]
08:35:35.0 (97960784)|VARIABLE_ASSIGNMENT|[EXTERNAL]|this|{"estmtCvrgeDaysObj":"0x42d3790f","faciltyOptions":"0x5dd44443","fcltyPrgrmOptions":"0x71477cb3","idToOwnershipFacilit (4 more) ...":"0x273f9ad9","idToTypeFacilityMap":"0x6d57c869","insrncBnftMap":"0x6c3a6f4","insrncBnftOptions":"0x69752d1b","isIop":false,"isTalbott":false,"meta":"0x4c9b602a","oppId":"","pawObj":"0x5f01bc22","ptntInsrnceOptions":"0x16ab4f47","ptntInsrncObj":"0x11db5dec","quoteObj":"0x45f1b2aa","recordId":"00629000004NTeZ","rtAdjstmntOptions":"0x4b31c49","showPILookup":false,"sObjectQueryStr":"","wrprObj":"0x4bafcf5c"}|0x1f1fce5f
08:35:35.0 (97978111)|VARIABLE_ASSIGNMENT|[83]|this.oppId|"00629000004NTeZ"|0x1f1fce5f
08:35:35.0 (97982659)|STATEMENT_EXECUTE|[84]
08:35:35.0 (98016952)|METHOD_ENTRY|[84]|01p0a000004sKzV|PAW_New_EditCntrllr.getPtntInsrnceOptions()
08:35:35.0 (98031981)|VARIABLE_SCOPE_BEGIN|[186]|this|PAW_New_EditCntrllr|true|false
08:35:35.0 (98080521)|VARIABLE_ASSIGNMENT|[186]|this|{"estmtCvrgeDaysObj":"0x42d3790f","faciltyOptions":"0x5dd44443","fcltyPrgrmOptions":"0x71477cb3","idToOwnershipFacilit (4 more) ...":"0x273f9ad9","idToTypeFacilityMap":"0x6d57c869","insrncBnftMap":"0x6c3a6f4","insrncBnftOptions":"0x69752d1b","isIop":false,"isTalbott":false,"meta":"0x4c9b602a","oppId":"00629000004NTeZ","pawObj":"0x5f01bc22","ptntInsrnceOptions":"0x16ab4f47","ptntInsrncObj":"0x11db5dec","quoteObj":"0x45f1b2aa","recordId":"00629000004NTeZ","rtAdjstmntOptions":"0x4b31c49","showPILookup":false,"sObjectQueryStr":"","wrprObj":"0x4bafcf5c"}|0x1f1fce5f
08:35:35.0 (98092752)|STATEMENT_EXECUTE|[186]
08:35:35.0 (98094068)|STATEMENT_EXECUTE|[190]
08:35:35.0 (98109975)|HEAP_ALLOCATE|[190]|Bytes:4
08:35:35.0 (98156413)|HEAP_ALLOCATE|[EXTERNAL]|Bytes:4
08:35:35.0 (98164405)|VARIABLE_ASSIGNMENT|[190]|this.ptntInsrnceOptions|[]|0x1f1fce5f
08:35:35.0 (98168801)|STATEMENT_EXECUTE|[191]
08:35:35.0 (98175912)|HEAP_ALLOCATE|[191]|Bytes:12
08:35:35.0 (98228676)|HEAP_ALLOCATE|[EXTERNAL]|Bytes:4
08:35:35.0 (98235594)|STATEMENT_EXECUTE|[192]
08:35:35.0 (98264225)|HEAP_ALLOCATE|[192]|Bytes:4
08:35:35.0 (98269055)|HEAP_ALLOCATE|[192]|Bytes:95
08:35:35.0 (98280535)|HEAP_ALLOCATE|[192]|Bytes:4
08:35:35.0 (98293185)|HEAP_ALLOCATE|[192]|Bytes:7
08:35:35.0 (99943413)|SOQL_EXECUTE_BEGIN|[192]|Aggregations:0|SELECT Id, Name, Insurance_Company__c FROM Patient_Insurance__c WHERE Opportunity__c = :tmpVar1
08:35:35.0 (104866580)|SOQL_EXECUTE_END|[192]|Rows:4
08:35:35.0 (104893904)|HEAP_ALLOCATE|[192]|Bytes:20
08:35:35.0 (104916336)|HEAP_ALLOCATE|[192]|Bytes:449
08:35:35.0 (104969706)|HEAP_ALLOCATE|[192]|Bytes:20
08:35:35.0 (105005269)|HEAP_ALLOCATE|[192]|Bytes:16
08:35:35.0 (105016614)|HEAP_ALLOCATE|[192]|Bytes:4
08:35:35.0 (105021347)|HEAP_ALLOCATE|[192]|Bytes:16
08:35:35.0 (105025372)|HEAP_ALLOCATE|[192]|Bytes:4
08:35:35.0 (105028188)|HEAP_ALLOCATE|[192]|Bytes:16
08:35:35.0 (105031513)|HEAP_ALLOCATE|[192]|Bytes:4
08:35:35.0 (105034649)|HEAP_ALLOCATE|[192]|Bytes:16
08:35:35.0 (105038199)|HEAP_ALLOCATE|[192]|Bytes:4
08:35:35.0 (105090244)|VARIABLE_ASSIGNMENT|[192]|this.ptntInsrncMap|{"a1b29000000l40nAAA":{"Id":"a1b29000000l40nAAA","Name":"Maria Johnson - BCBS (17 more) ...","Insurance_Company__c":"0012900000AXSPBAA5"},"a1b29000000lvHQAAY":{"Id":"a1b29000000lvHQAAY","Name":"Maria Johnson - Valu (23 more) ...","Insurance_Company__c":"0012900000AXSP3AAP"},"a1b29000000lvHVAAY":{"Id":"a1b29000000lvHVAAY","Name":"Maria Johnson - Priv (7 more) ...","Insurance_Company__c":"0012900000AXSDqAAP"},"a1b29000000ly7uAAA":{"Id":"a1b29000000ly7uAAA","Name":"Maria Johnson - Alle (6 more) ...","Insurance_Company__c":"0012900000AXSlPAAX"}}|0x1f1fce5f
08:35:35.0 (105148986)|HEAP_ALLOCATE|[EXTERNAL]|Bytes:20
08:35:35.0 (105160901)|HEAP_ALLOCATE|[197]|Bytes:465
08:35:35.0 (105352152)|HEAP_ALLOCATE|[197]|Bytes:5
08:35:35.0 (105366799)|HEAP_ALLOCATE|[197]|Bytes:16
08:35:35.0 (105375122)|VARIABLE_SCOPE_BEGIN|[197]|ptntInsrnceInstance|Patient_Insurance__c|true|false
08:35:35.0 (105391444)|VARIABLE_ASSIGNMENT|[197]|ptntInsrnceInstance|{"Id":"a1b29000000l40nAAA","Name":"Maria Johnson - BCBS (17 more) ...","Insurance_Company__c":"0012900000AXSPBAA5"}|0x718992cf
08:35:35.0 (105398209)|STATEMENT_EXECUTE|[197]
08:35:35.0 (105399904)|STATEMENT_EXECUTE|[198]
08:35:35.0 (105443189)|HEAP_ALLOCATE|[198]|Bytes:18
08:35:35.0 (105520016)|HEAP_ALLOCATE|[EXTERNAL]|Bytes:4
08:35:35.0 (105532574)|HEAP_ALLOCATE|[197]|Bytes:5
08:35:35.0 (105541319)|HEAP_ALLOCATE|[197]|Bytes:16
08:35:35.0 (105546492)|VARIABLE_SCOPE_BEGIN|[197]|ptntInsrnceInstance|Patient_Insurance__c|true|false
08:35:35.0 (105559233)|VARIABLE_ASSIGNMENT|[197]|ptntInsrnceInstance|{"Id":"a1b29000000lvHQAAY","Name":"Maria Johnson - Valu (23 more) ...","Insurance_Company__c":"0012900000AXSP3AAP"}|0x554a04b
08:35:35.0 (105564385)|STATEMENT_EXECUTE|[197]
08:35:35.0 (105565535)|STATEMENT_EXECUTE|[198]
08:35:35.0 (105577161)|HEAP_ALLOCATE|[198]|Bytes:18
08:35:35.0 (105593143)|HEAP_ALLOCATE|[EXTERNAL]|Bytes:4
08:35:35.0 (105602425)|HEAP_ALLOCATE|[197]|Bytes:5
08:35:35.0 (105610011)|HEAP_ALLOCATE|[197]|Bytes:16
08:35:35.0 (105615212)|VARIABLE_SCOPE_BEGIN|[197]|ptntInsrnceInstance|Patient_Insurance__c|true|false
08:35:35.0 (105627055)|VARIABLE_ASSIGNMENT|[197]|ptntInsrnceInstance|{"Id":"a1b29000000lvHVAAY","Name":"Maria Johnson - Priv (7 more) ...","Insurance_Company__c":"0012900000AXSDqAAP"}|0x1675e308
08:35:35.0 (105632124)|STATEMENT_EXECUTE|[197]
08:35:35.0 (105633364)|STATEMENT_EXECUTE|[198]
08:35:35.0 (105639339)|HEAP_ALLOCATE|[198]|Bytes:18
08:35:35.0 (105647565)|HEAP_ALLOCATE|[EXTERNAL]|Bytes:4
08:35:35.0 (105654306)|HEAP_ALLOCATE|[197]|Bytes:5
08:35:35.0 (105659752)|HEAP_ALLOCATE|[197]|Bytes:16
08:35:35.0 (105663581)|VARIABLE_SCOPE_BEGIN|[197]|ptntInsrnceInstance|Patient_Insurance__c|true|false
08:35:35.0 (105673294)|VARIABLE_ASSIGNMENT|[197]|ptntInsrnceInstance|{"Id":"a1b29000000ly7uAAA","Name":"Maria Johnson - Alle (6 more) ...","Insurance_Company__c":"0012900000AXSlPAAX"}|0x4348e1dc
08:35:35.0 (105677820)|STATEMENT_EXECUTE|[197]
08:35:35.0 (105678998)|STATEMENT_EXECUTE|[198]
08:35:35.0 (105683579)|HEAP_ALLOCATE|[198]|Bytes:18
08:35:35.0 (105690933)|HEAP_ALLOCATE|[EXTERNAL]|Bytes:4
08:35:35.0 (105697875)|HEAP_ALLOCATE|[197]|Bytes:5
08:35:35.0 (105706157)|VARIABLE_ASSIGNMENT|[197]|ptntInsrnceInstance|null|
08:35:35.0 (105710218)|STATEMENT_EXECUTE|[201]
08:35:35.0 (105718714)|METHOD_EXIT|[84]|01p0a000004sKzV|PAW_New_EditCntrllr.getPtntInsrnceOptions()
08:35:35.0 (105817467)|VARIABLE_ASSIGNMENT|[EXTERNAL]|this|{"estmtCvrgeDaysObj":"0x42d3790f","faciltyOptions":"0x5dd44443","fcltyPrgrmOptions":"0x71477cb3","idToOwnershipFacilit (4 more) ...":"0x273f9ad9","idToTypeFacilityMap":"0x6d57c869","insrncBnftMap":"0x6c3a6f4","insrncBnftOptions":"0x69752d1b","isIop":false,"isTalbott":false,"meta":"0x4c9b602a","oppId":"00629000004NTeZ","pawObj":"0x5f01bc22","ptntInsrnceOptions":"0xecef9cd","ptntInsrncMap":"0xb140fdd","ptntInsrncObj":"0x11db5dec","quoteObj":"0x45f1b2aa","recordId":"00629000004NTeZ","rtAdjstmntOptions":"0x4b31c49","showPILookup":false,"sObjectQueryStr":"","wrprObj":"0x4bafcf5c"}|0x1f1fce5f
08:35:35.0 (105837477)|HEAP_ALLOCATE|[86]|Bytes:26
08:35:35.0 (105999285)|HEAP_ALLOCATE|[86]|Bytes:4
08:35:35.0 (106024410)|HEAP_ALLOCATE|[86]|Bytes:3
08:35:35.0 (106048274)|STATEMENT_EXECUTE|[86]
08:35:35.0 (106050331)|STATEMENT_EXECUTE|[156]
08:35:35.0 (106066394)|METHOD_ENTRY|[156]|01p0a000004sKzV|PAW_New_EditCntrllr.getRedirect()
08:35:35.0 (106083989)|VARIABLE_SCOPE_BEGIN|[159]|this|PAW_New_EditCntrllr|true|false
08:35:35.0 (106144910)|VARIABLE_ASSIGNMENT|[159]|this|{"estmtCvrgeDaysObj":"0x42d3790f","faciltyOptions":"0x5dd44443","fcltyPrgrmOptions":"0x71477cb3","idToOwnershipFacilit (4 more) ...":"0x273f9ad9","idToTypeFacilityMap":"0x6d57c869","insrncBnftMap":"0x6c3a6f4","insrncBnftOptions":"0x69752d1b","isIop":false,"isTalbott":false,"meta":"0x4c9b602a","oppId":"00629000004NTeZ","pawObj":"0x5f01bc22","ptntInsrnceOptions":"0xecef9cd","ptntInsrncMap":"0xb140fdd","ptntInsrncObj":"0x11db5dec","quoteObj":"0x45f1b2aa","recordId":"00629000004NTeZ","rtAdjstmntOptions":"0x4b31c49","showPILookup":false,"sObjectQueryStr":"","wrprObj":"0x4bafcf5c"}|0x1f1fce5f
08:35:35.0 (106160891)|STATEMENT_EXECUTE|[159]
08:35:35.0 (106162283)|STATEMENT_EXECUTE|[160]
08:35:35.0 (106165020)|HEAP_ALLOCATE|[160]|Bytes:5
08:35:35.0 (106194894)|USER_DEBUG|[160]|DEBUG|>>> 2
08:35:35.0 (106201885)|STATEMENT_EXECUTE|[161]
08:35:35.0 (106211633)|METHOD_ENTRY|[161]|01p0a000004sKzV|PAW_New_EditCntrllr.redirectIfLocked()
08:35:35.0 (106222921)|VARIABLE_SCOPE_BEGIN|[177]|this|PAW_New_EditCntrllr|true|false
08:35:35.0 (106276456)|VARIABLE_ASSIGNMENT|[177]|this|{"estmtCvrgeDaysObj":"0x42d3790f","faciltyOptions":"0x5dd44443","fcltyPrgrmOptions":"0x71477cb3","idToOwnershipFacilit (4 more) ...":"0x273f9ad9","idToTypeFacilityMap":"0x6d57c869","insrncBnftMap":"0x6c3a6f4","insrncBnftOptions":"0x69752d1b","isIop":false,"isTalbott":false,"meta":"0x4c9b602a","oppId":"00629000004NTeZ","pawObj":"0x5f01bc22","ptntInsrnceOptions":"0xecef9cd","ptntInsrncMap":"0xb140fdd","ptntInsrncObj":"0x11db5dec","quoteObj":"0x45f1b2aa","recordId":"00629000004NTeZ","rtAdjstmntOptions":"0x4b31c49","showPILookup":false,"sObjectQueryStr":"","wrprObj":"0x4bafcf5c"}|0x1f1fce5f
08:35:35.0 (106288082)|STATEMENT_EXECUTE|[177]
08:35:35.0 (106346105)|VARIABLE_ASSIGNMENT|[EXTERNAL]|this|{"estmtCvrgeDaysObj":"0x42d3790f","faciltyOptions":"0x5dd44443","fcltyPrgrmOptions":"0x71477cb3","idToOwnershipFacilit (4 more) ...":"0x273f9ad9","idToTypeFacilityMap":"0x6d57c869","insrncBnftMap":"0x6c3a6f4","insrncBnftOptions":"0x69752d1b","isIop":false,"isTalbott":false,"meta":"0x4c9b602a","oppId":"00629000004NTeZ","pawObj":"0x5f01bc22","ptntInsrnceOptions":"0xecef9cd","ptntInsrncMap":"0xb140fdd","ptntInsrncObj":"0x11db5dec","quoteObj":"0x45f1b2aa","recordId":"00629000004NTeZ","rtAdjstmntOptions":"0x4b31c49","showPILookup":false,"sObjectQueryStr":"","wrprObj":"0x4bafcf5c"}|0x1f1fce5f
08:35:35.0 (106361776)|STATEMENT_EXECUTE|[178]
08:35:35.0 (106362848)|STATEMENT_EXECUTE|[182]
08:35:35.0 (106412885)|VARIABLE_ASSIGNMENT|[EXTERNAL]|this|{"estmtCvrgeDaysObj":"0x42d3790f","faciltyOptions":"0x5dd44443","fcltyPrgrmOptions":"0x71477cb3","idToOwnershipFacilit (4 more) ...":"0x273f9ad9","idToTypeFacilityMap":"0x6d57c869","insrncBnftMap":"0x6c3a6f4","insrncBnftOptions":"0x69752d1b","isIop":false,"isTalbott":false,"meta":"0x4c9b602a","oppId":"00629000004NTeZ","pawObj":"0x5f01bc22","ptntInsrnceOptions":"0xecef9cd","ptntInsrncMap":"0xb140fdd","ptntInsrncObj":"0x11db5dec","quoteObj":"0x45f1b2aa","recordId":"00629000004NTeZ","rtAdjstmntOptions":"0x4b31c49","showPILookup":false,"sObjectQueryStr":"","wrprObj":"0x4bafcf5c"}|0x1f1fce5f
08:35:35.0 (125325521)|VARIABLE_SCOPE_BEGIN|[4]|RecordLockUtility.isLockedFlag|Boolean|false|true
08:35:35.0 (125350848)|HEAP_ALLOCATE|[182]|Bytes:13
08:35:35.0 (125383793)|METHOD_ENTRY|[1]|01p0a000004sCDb|RecordLockUtility.RecordLockUtility()
08:35:35.0 (125390636)|STATEMENT_EXECUTE|[1]
08:35:35.0 (125396209)|STATEMENT_EXECUTE|[1]
08:35:35.0 (125736402)|SYSTEM_MODE_ENTER|false
08:35:35.0 (125747661)|HEAP_ALLOCATE|[182]|Bytes:5
08:35:35.0 (125755508)|SYSTEM_MODE_EXIT|false
08:35:35.0 (125765676)|METHOD_EXIT|[1]|RecordLockUtility
08:35:35.0 (125795777)|METHOD_ENTRY|[182]|01p0a000004sCDb|RecordLockUtility.redirectIfLocked(String)
08:35:35.0 (125831345)|VARIABLE_SCOPE_BEGIN|[29]|recordId|String|false|false
08:35:35.0 (125848590)|VARIABLE_ASSIGNMENT|[29]|recordId|"00629000004NTeZ"
08:35:35.0 (125864656)|SYSTEM_MODE_ENTER|false
08:35:35.0 (125870230)|HEAP_ALLOCATE|[30]|Bytes:5
08:35:35.0 (125874620)|STATEMENT_EXECUTE|[29]
08:35:35.0 (125875984)|STATEMENT_EXECUTE|[30]
08:35:35.0 (125888369)|HEAP_ALLOCATE|[30]|Bytes:4
08:35:35.0 (125902634)|METHOD_ENTRY|[30]|01p0a000004sCDb|RecordLockUtility.verifyIfLocked(Id)
08:35:35.0 (125962497)|VARIABLE_SCOPE_BEGIN|[14]|pRecordId|Id|false|false
08:35:35.0 (126142465)|VARIABLE_ASSIGNMENT|[14]|pRecordId|"00629000004NTeZAAW"
08:35:35.0 (126159199)|HEAP_ALLOCATE|[15]|Bytes:5
08:35:35.0 (126163064)|STATEMENT_EXECUTE|[14]
08:35:35.0 (126164060)|STATEMENT_EXECUTE|[15]
08:35:35.0 (126641921)|HEAP_ALLOCATE|[15]|Bytes:5
08:35:35.0 (126653221)|METHOD_EXIT|[30]|01p0a000004sCDb|RecordLockUtility.verifyIfLocked(Id)
08:35:35.0 (126660951)|HEAP_ALLOCATE|[30]|Bytes:5
08:35:35.0 (126674440)|VARIABLE_ASSIGNMENT|[30]|RecordLockUtility.isLockedFlag|false
08:35:35.0 (126680836)|STATEMENT_EXECUTE|[35]
08:35:35.0 (126681865)|STATEMENT_EXECUTE|[36]
08:35:35.0 (126684452)|SYSTEM_MODE_EXIT|false
08:35:35.0 (126690749)|METHOD_EXIT|[182]|01p0a000004sCDb|RecordLockUtility.redirectIfLocked(String)
08:35:35.0 (126697389)|METHOD_EXIT|[161]|01p0a000004sKzV|PAW_New_EditCntrllr.redirectIfLocked()
08:35:35.0 (126703942)|VARIABLE_SCOPE_BEGIN|[161]|redirectPR|System.PageReference|true|false
08:35:35.0 (126712543)|VARIABLE_ASSIGNMENT|[161]|redirectPR|null|
08:35:35.0 (126716208)|STATEMENT_EXECUTE|[162]
08:35:35.0 (126723040)|STATEMENT_EXECUTE|[166]
08:35:35.0 (126723980)|STATEMENT_EXECUTE|[173]
08:35:35.0 (126727839)|METHOD_EXIT|[156]|01p0a000004sKzV|PAW_New_EditCntrllr.getRedirect()
08:35:35.127 (127245990)|SYSTEM_MODE_ENTER|true
08:35:35.127 (127284118)|HEAP_ALLOCATE|[EXTERNAL]|Bytes:38
08:35:35.127 (127290872)|HEAP_ALLOCATE|[EXTERNAL]|Bytes:7
08:35:35.127 (127307577)|SYSTEM_METHOD_ENTRY|[1]|PageMessagesComponentController.PageMessagesComponentController()
08:35:35.127 (127311695)|STATEMENT_EXECUTE|[1]
08:35:35.127 (127468282)|SYSTEM_MODE_ENTER|true
08:35:35.127 (127517971)|HEAP_ALLOCATE|[EXTERNAL]|Bytes:8
08:35:35.127 (127525079)|VARIABLE_SCOPE_BEGIN|[88]|this|ApexPage.PageMessagesComponentController|true|false
08:35:35.127 (127553261)|VARIABLE_ASSIGNMENT|[88]|this|{}|0x3d8275de
08:35:35.127 (127559121)|VARIABLE_SCOPE_BEGIN|[88]|escape|Boolean|false|false
08:35:35.127 (127565334)|VARIABLE_ASSIGNMENT|[88]|escape|null
08:35:35.127 (127693610)|SYSTEM_MODE_ENTER|true
08:35:35.127 (127725071)|HEAP_ALLOCATE|[EXTERNAL]|Bytes:8
08:35:35.127 (127730947)|VARIABLE_SCOPE_BEGIN|[2]|this|ApexPage.PageMessagesComponentController|true|false
08:35:35.127 (127746075)|VARIABLE_ASSIGNMENT|[2]|this|{}|0x3d8275de
08:35:35.0 (128533429)|SYSTEM_MODE_ENTER|true
08:35:35.0 (128740057)|SYSTEM_MODE_ENTER|true
08:35:35.0 (129021040)|SYSTEM_MODE_ENTER|true
08:35:35.0 (136642205)|SYSTEM_MODE_ENTER|true
08:35:35.0 (136707755)|SYSTEM_MODE_ENTER|true
08:35:35.153 (153931987)|SYSTEM_MODE_ENTER|true
08:35:35.153 (154033219)|HEAP_ALLOCATE|[EXTERNAL]|Bytes:8
08:35:35.153 (154048279)|VARIABLE_SCOPE_BEGIN|[88]|this|ApexPage.PageMessagesComponentController|true|false
08:35:35.153 (154087993)|VARIABLE_ASSIGNMENT|[88]|this|{}|0x3d8275de
08:35:35.153 (154096317)|VARIABLE_SCOPE_BEGIN|[88]|escape|Boolean|false|false
08:35:35.153 (154103661)|VARIABLE_ASSIGNMENT|[88]|escape|null
08:35:35.154 (154259642)|SYSTEM_MODE_ENTER|true
08:35:35.154 (154288638)|HEAP_ALLOCATE|[EXTERNAL]|Bytes:8
08:35:35.154 (154295250)|VARIABLE_SCOPE_BEGIN|[2]|this|ApexPage.PageMessagesComponentController|true|false
08:35:35.154 (154314722)|VARIABLE_ASSIGNMENT|[2]|this|{}|0x3d8275de
08:35:35.0 (156831144)|SYSTEM_MODE_ENTER|true
08:35:35.0 (156862469)|HEAP_ALLOCATE|[EXTERNAL]|Bytes:112
08:35:35.0 (156869942)|VARIABLE_SCOPE_BEGIN|[186]|this|PAW_New_EditCntrllr|true|false
08:35:35.0 (156960793)|VARIABLE_ASSIGNMENT|[186]|this|{"estmtCvrgeDaysObj":"0x42d3790f","faciltyOptions":"0x5dd44443","fcltyPrgrmOptions":"0x71477cb3","idToOwnershipFacilit (4 more) ...":"0x273f9ad9","idToTypeFacilityMap":"0x6d57c869","insrncBnftMap":"0x6c3a6f4","insrncBnftOptions":"0x69752d1b","isIop":false,"isTalbott":false,"meta":"0x4c9b602a","oppId":"00629000004NTeZ","pawObj":"0x5f01bc22","ptntInsrnceOptions":"0xecef9cd","ptntInsrncMap":"0xb140fdd","ptntInsrncObj":"0x11db5dec","quoteObj":"0x45f1b2aa","recordId":"00629000004NTeZ","rtAdjstmntOptions":"0x4b31c49","showPILookup":false,"sObjectQueryStr":"","wrprObj":"0x4bafcf5c"}|0x1f1fce5f
08:35:35.0 (156977093)|STATEMENT_EXECUTE|[186]
08:35:35.0 (156979682)|STATEMENT_EXECUTE|[190]
08:35:35.0 (156993735)|HEAP_ALLOCATE|[190]|Bytes:4
08:35:35.0 (157033602)|HEAP_ALLOCATE|[EXTERNAL]|Bytes:4
08:35:35.0 (157044418)|VARIABLE_ASSIGNMENT|[190]|this.ptntInsrnceOptions|[]|0x1f1fce5f
08:35:35.0 (157048993)|STATEMENT_EXECUTE|[191]
08:35:35.0 (157076897)|HEAP_ALLOCATE|[EXTERNAL]|Bytes:4
08:35:35.0 (157082964)|STATEMENT_EXECUTE|[192]
08:35:35.0 (157107539)|HEAP_ALLOCATE|[192]|Bytes:4
08:35:35.0 (157117027)|HEAP_ALLOCATE|[192]|Bytes:4
08:35:35.0 (157370324)|SOQL_EXECUTE_BEGIN|[192]|Aggregations:0|SELECT Id, Name, Insurance_Company__c FROM Patient_Insurance__c WHERE Opportunity__c = :tmpVar1
08:35:35.0 (160532352)|SOQL_EXECUTE_END|[192]|Rows:4
08:35:35.0 (160556845)|HEAP_ALLOCATE|[192]|Bytes:20
08:35:35.0 (160581529)|HEAP_ALLOCATE|[192]|Bytes:449
08:35:35.0 (160616673)|HEAP_ALLOCATE|[192]|Bytes:20
08:35:35.0 (160633023)|HEAP_ALLOCATE|[192]|Bytes:16
08:35:35.0 (160645175)|HEAP_ALLOCATE|[192]|Bytes:4
08:35:35.0 (160651268)|HEAP_ALLOCATE|[192]|Bytes:16
08:35:35.0 (160655187)|HEAP_ALLOCATE|[192]|Bytes:4
08:35:35.0 (160658092)|HEAP_ALLOCATE|[192]|Bytes:16
08:35:35.0 (160661312)|HEAP_ALLOCATE|[192]|Bytes:4
08:35:35.0 (160664107)|HEAP_ALLOCATE|[192]|Bytes:16
08:35:35.0 (160667767)|HEAP_ALLOCATE|[192]|Bytes:4
08:35:35.0 (160708173)|VARIABLE_ASSIGNMENT|[192]|this.ptntInsrncMap|{"a1b29000000l40nAAA":{"Id":"a1b29000000l40nAAA","Name":"Maria Johnson - BCBS (17 more) ...","Insurance_Company__c":"0012900000AXSPBAA5"},"a1b29000000lvHQAAY":{"Id":"a1b29000000lvHQAAY","Name":"Maria Johnson - Valu (23 more) ...","Insurance_Company__c":"0012900000AXSP3AAP"},"a1b29000000lvHVAAY":{"Id":"a1b29000000lvHVAAY","Name":"Maria Johnson - Priv (7 more) ...","Insurance_Company__c":"0012900000AXSDqAAP"},"a1b29000000ly7uAAA":{"Id":"a1b29000000ly7uAAA","Name":"Maria Johnson - Alle (6 more) ...","Insurance_Company__c":"0012900000AXSlPAAX"}}|0x1f1fce5f
08:35:35.0 (160732122)|HEAP_ALLOCATE|[EXTERNAL]|Bytes:20
08:35:35.0 (160743350)|HEAP_ALLOCATE|[197]|Bytes:465
08:35:35.0 (160771523)|HEAP_ALLOCATE|[197]|Bytes:5
08:35:35.0 (160783425)|HEAP_ALLOCATE|[197]|Bytes:16
08:35:35.0 (160792864)|VARIABLE_SCOPE_BEGIN|[197]|ptntInsrnceInstance|Patient_Insurance__c|true|false
08:35:35.0 (160805391)|VARIABLE_ASSIGNMENT|[197]|ptntInsrnceInstance|{"Id":"a1b29000000l40nAAA","Name":"Maria Johnson - BCBS (17 more) ...","Insurance_Company__c":"0012900000AXSPBAA5"}|0x61b7ea9f
08:35:35.0 (160811093)|STATEMENT_EXECUTE|[197]
08:35:35.0 (160812750)|STATEMENT_EXECUTE|[198]
08:35:35.0 (160834477)|HEAP_ALLOCATE|[198]|Bytes:18
08:35:35.0 (160855280)|HEAP_ALLOCATE|[EXTERNAL]|Bytes:4
08:35:35.0 (160865185)|HEAP_ALLOCATE|[197]|Bytes:5
08:35:35.0 (160871821)|HEAP_ALLOCATE|[197]|Bytes:16
08:35:35.0 (160876607)|VARIABLE_SCOPE_BEGIN|[197]|ptntInsrnceInstance|Patient_Insurance__c|true|false
08:35:35.0 (160887193)|VARIABLE_ASSIGNMENT|[197]|ptntInsrnceInstance|{"Id":"a1b29000000lvHQAAY","Name":"Maria Johnson - Valu (23 more) ...","Insurance_Company__c":"0012900000AXSP3AAP"}|0x2e7f840a
08:35:35.0 (160892879)|STATEMENT_EXECUTE|[197]
08:35:35.0 (160893867)|STATEMENT_EXECUTE|[198]
08:35:35.0 (160899628)|HEAP_ALLOCATE|[198]|Bytes:18
08:35:35.0 (160908493)|HEAP_ALLOCATE|[EXTERNAL]|Bytes:4
08:35:35.0 (160916075)|HEAP_ALLOCATE|[197]|Bytes:5
08:35:35.0 (160922036)|HEAP_ALLOCATE|[197]|Bytes:16
08:35:35.0 (160926068)|VARIABLE_SCOPE_BEGIN|[197]|ptntInsrnceInstance|Patient_Insurance__c|true|false
08:35:35.0 (160935795)|VARIABLE_ASSIGNMENT|[197]|ptntInsrnceInstance|{"Id":"a1b29000000lvHVAAY","Name":"Maria Johnson - Priv (7 more) ...","Insurance_Company__c":"0012900000AXSDqAAP"}|0x665e8b24
08:35:35.0 (160940561)|STATEMENT_EXECUTE|[197]
08:35:35.0 (160941505)|STATEMENT_EXECUTE|[198]
08:35:35.0 (160946209)|HEAP_ALLOCATE|[198]|Bytes:18
08:35:35.0 (160953659)|HEAP_ALLOCATE|[EXTERNAL]|Bytes:4
08:35:35.0 (160960796)|HEAP_ALLOCATE|[197]|Bytes:5
08:35:35.0 (160966625)|HEAP_ALLOCATE|[197]|Bytes:16
08:35:35.0 (160970725)|VARIABLE_SCOPE_BEGIN|[197]|ptntInsrnceInstance|Patient_Insurance__c|true|false
08:35:35.0 (160980439)|VARIABLE_ASSIGNMENT|[197]|ptntInsrnceInstance|{"Id":"a1b29000000ly7uAAA","Name":"Maria Johnson - Alle (6 more) ...","Insurance_Company__c":"0012900000AXSlPAAX"}|0xb11c7b0
08:35:35.0 (160984891)|STATEMENT_EXECUTE|[197]
08:35:35.0 (160985917)|STATEMENT_EXECUTE|[198]
08:35:35.0 (160990137)|HEAP_ALLOCATE|[198]|Bytes:18
08:35:35.0 (160997264)|HEAP_ALLOCATE|[EXTERNAL]|Bytes:4
08:35:35.0 (161004172)|HEAP_ALLOCATE|[197]|Bytes:5
08:35:35.0 (161012686)|VARIABLE_ASSIGNMENT|[197]|ptntInsrnceInstance|null|
08:35:35.0 (161017967)|STATEMENT_EXECUTE|[201]
08:35:35.0 (162518670)|SYSTEM_MODE_ENTER|true
08:35:35.0 (162553267)|HEAP_ALLOCATE|[EXTERNAL]|Bytes:112
08:35:35.0 (162562249)|VARIABLE_SCOPE_BEGIN|[215]|this|PAW_New_EditCntrllr|true|false
08:35:35.0 (162640830)|VARIABLE_ASSIGNMENT|[215]|this|{"estmtCvrgeDaysObj":"0x42d3790f","faciltyOptions":"0x5dd44443","fcltyPrgrmOptions":"0x71477cb3","idToOwnershipFacilit (4 more) ...":"0x273f9ad9","idToTypeFacilityMap":"0x6d57c869","insrncBnftMap":"0x6c3a6f4","insrncBnftOptions":"0x69752d1b","isIop":false,"isTalbott":false,"meta":"0x4c9b602a","oppId":"00629000004NTeZ","pawObj":"0x5f01bc22","ptntInsrnceOptions":"0x43640aac","ptntInsrncMap":"0x641aaa79","ptntInsrncObj":"0x11db5dec","quoteObj":"0x45f1b2aa","recordId":"00629000004NTeZ","rtAdjstmntOptions":"0x4b31c49","showPILookup":false,"sObjectQueryStr":"","wrprObj":"0x4bafcf5c"}|0x1f1fce5f
08:35:35.0 (162656952)|STATEMENT_EXECUTE|[215]
08:35:35.0 (162658424)|STATEMENT_EXECUTE|[216]
08:35:35.0 (162705915)|STATEMENT_EXECUTE|[217]
08:35:35.0 (162752703)|HEAP_ALLOCATE|[EXTERNAL]|Bytes:4
08:35:35.0 (162829171)|VARIABLE_ASSIGNMENT|[EXTERNAL]|this|{"estmtCvrgeDaysObj":"0x42d3790f","faciltyOptions":"0x5dd44443","fcltyPrgrmOptions":"0x71477cb3","idToOwnershipFacilit (4 more) ...":"0x273f9ad9","idToTypeFacilityMap":"0x6d57c869","insrncBnftMap":"0x6c3a6f4","insrncBnftOptions":"0x69752d1b","isIop":false,"isTalbott":false,"meta":"0x4c9b602a","oppId":"00629000004NTeZ","pawObj":"0x5f01bc22","ptntInsrnceOptions":"0x43640aac","ptntInsrncMap":"0x641aaa79","ptntInsrncObj":"0x11db5dec","quoteObj":"0x45f1b2aa","recordId":"00629000004NTeZ","rtAdjstmntOptions":"0x4b31c49","showPILookup":false,"sObjectQueryStr":"","wrprObj":"0x4bafcf5c"}|0x1f1fce5f
08:35:35.0 (162846610)|STATEMENT_EXECUTE|[218]
08:35:35.0 (162847844)|STATEMENT_EXECUTE|[219]
08:35:35.0 (162870776)|HEAP_ALLOCATE|[219]|Bytes:4
08:35:35.0 (162876960)|HEAP_ALLOCATE|[219]|Bytes:1083
08:35:35.0 (162885208)|HEAP_ALLOCATE|[219]|Bytes:4
08:35:35.0 (162948719)|VARIABLE_ASSIGNMENT|[EXTERNAL]|this|{"estmtCvrgeDaysObj":"0x42d3790f","faciltyOptions":"0x5dd44443","fcltyPrgrmOptions":"0x71477cb3","idToOwnershipFacilit (4 more) ...":"0x273f9ad9","idToTypeFacilityMap":"0x6d57c869","insrncBnftMap":"0x6c3a6f4","insrncBnftOptions":"0x69752d1b","isIop":false,"isTalbott":false,"meta":"0x4c9b602a","oppId":"00629000004NTeZ","pawObj":"0x5f01bc22","ptntInsrnceOptions":"0x43640aac","ptntInsrncMap":"0x641aaa79","ptntInsrncObj":"0x11db5dec","quoteObj":"0x45f1b2aa","recordId":"00629000004NTeZ","rtAdjstmntOptions":"0x4b31c49","showPILookup":false,"sObjectQueryStr":"","wrprObj":"0x4bafcf5c"}|0x1f1fce5f
08:35:35.0 (166357597)|SOQL_EXECUTE_BEGIN|[219]|Aggregations:0|SELECT Id, Name, RecordType.Name, Uncovered_Charges__c, Patient_Insurance__r.Accepts_Assignment_of_Benefits__c, Patient_Insurance__r.Opportunity__c, Patient_Insurance__r.Accreditation__c, Patient_Insurance__r.Insurance_Company__r.Name, PHP_Admit_Co_Payment__c, Detox_Admit_Co_Payment__c, RTC_Admit_Co_Payment__c, Deductible__c, Deductible_Met__c, IOP_Admit_Co_Payment__c, Max_Out_of_Pocket_Remaining__c, Insurance_Company_is_Out_of_Network__c, Annual_Max_Remaining__c, Deductible_Remaining__c, Detox_Pays_at__c, Detox_Over__c, RTC_Pays_at__c, Residential_Treatment_Override__c, PHP_Pays_at__c, Partial_Hospitalization_Override__c, IOP_Pays_at__c, Intensive_Outpatient_Override__c, Num_Days_Uncovered__c, Num_Days_Room__c, Uncovered_Days_Rate__c, Room_and_Board_Days_Rate__c, Uncovered_Days_Override__c, Room_and_Board_Days_Override__c, Deductible_Included_in_OOP__c, Uncovered_Days__c, Lifetime_Max__c, Lifetime_Max_Met__c, Annual_Max__c, Annual_Max_Met__c, Max_Out_of_Pocket__c, Max_Out_of_Pocket_Met__c, Co_Pay_Met__c FROM Insurance_Benefit__c WHERE Patient_Insurance__c = :tmpVar1
08:35:35.0 (169854269)|SOQL_EXECUTE_END|[219]|Rows:0
08:35:35.0 (169882517)|HEAP_ALLOCATE|[219]|Bytes:4
08:35:35.0 (169899338)|HEAP_ALLOCATE|[219]|Bytes:0
08:35:35.0 (169975378)|HEAP_ALLOCATE|[219]|Bytes:4
08:35:35.0 (170026427)|VARIABLE_ASSIGNMENT|[219]|this.insrncBnftMap|{}|0x1f1fce5f
08:35:35.0 (170074183)|HEAP_ALLOCATE|[EXTERNAL]|Bytes:4
08:35:35.0 (170081779)|HEAP_ALLOCATE|[263]|Bytes:4
08:35:35.0 (170233649)|HEAP_ALLOCATE|[263]|Bytes:5
08:35:35.0 (170251183)|VARIABLE_ASSIGNMENT|[263]|insrncBnftInstance|null|
08:35:35.0 (170257853)|STATEMENT_EXECUTE|[263]
08:35:35.0 (170372057)|VARIABLE_ASSIGNMENT|[EXTERNAL]|this|{"estmtCvrgeDaysObj":"0x42d3790f","faciltyOptions":"0x5dd44443","fcltyPrgrmOptions":"0x71477cb3","idToOwnershipFacilit (4 more) ...":"0x273f9ad9","idToTypeFacilityMap":"0x6d57c869","insrncBnftMap":"0x308ac2c4","insrncBnftOptions":"0x69752d1b","isIop":false,"isTalbott":false,"meta":"0x4c9b602a","oppId":"00629000004NTeZ","pawObj":"0x5f01bc22","ptntInsrnceOptions":"0x43640aac","ptntInsrncMap":"0x641aaa79","ptntInsrncObj":"0x11db5dec","quoteObj":"0x45f1b2aa","recordId":"00629000004NTeZ","rtAdjstmntOptions":"0x4b31c49","showPILookup":false,"sObjectQueryStr":"","wrprObj":"0x4bafcf5c"}|0x1f1fce5f
08:35:35.0 (170452116)|VARIABLE_ASSIGNMENT|[EXTERNAL]|this|{"facilitySelected":"","fcltyPrgrmSelected":"","insrncBnft":"0x2ca2593b","insrncBnftSelected":"","pawDetailListDisplay (4 more) ...":false,"pyAgrmntWrksht":"0x38773914","rateAdjstmntSelected":"","relatedPAWDetailsLis (1 more) ...":"0x668538a2","targetEDR":0.00,"totalAppliedDeductib (2 more) ...":0.00,"totalCoInsurance":0.00,"totalCoPayAmt":0.00,"totalInsCoResp":0.00,"totalInsEIVAmt":0.00,"totalRowCount":0,"totalTalbottDay":0.00}|0x4bafcf5c
08:35:35.0 (170513229)|VARIABLE_ASSIGNMENT|[EXTERNAL]|this|{"estmtCvrgeDaysObj":"0x42d3790f","faciltyOptions":"0x5dd44443","fcltyPrgrmOptions":"0x71477cb3","idToOwnershipFacilit (4 more) ...":"0x273f9ad9","idToTypeFacilityMap":"0x6d57c869","insrncBnftMap":"0x308ac2c4","insrncBnftOptions":"0x69752d1b","isIop":false,"isTalbott":false,"meta":"0x4c9b602a","oppId":"00629000004NTeZ","pawObj":"0x5f01bc22","ptntInsrnceOptions":"0x43640aac","ptntInsrncMap":"0x641aaa79","ptntInsrncObj":"0x11db5dec","quoteObj":"0x45f1b2aa","recordId":"00629000004NTeZ","rtAdjstmntOptions":"0x4b31c49","showPILookup":false,"sObjectQueryStr":"","wrprObj":"0x4bafcf5c"}|0x1f1fce5f
08:35:35.0 (170558968)|VARIABLE_ASSIGNMENT|[EXTERNAL]|this|{"facilitySelected":"","fcltyPrgrmSelected":"","insrncBnft":"0x2ca2593b","insrncBnftSelected":"","pawDetailListDisplay (4 more) ...":false,"pyAgrmntWrksht":"0x38773914","rateAdjstmntSelected":"","relatedPAWDetailsLis (1 more) ...":"0x668538a2","targetEDR":0.00,"totalAppliedDeductib (2 more) ...":0.00,"totalCoInsurance":0.00,"totalCoPayAmt":0.00,"totalInsCoResp":0.00,"totalInsEIVAmt":0.00,"totalRowCount":0,"totalTalbottDay":0.00}|0x4bafcf5c
08:35:35.0 (170588660)|STATEMENT_EXECUTE|[269]
08:35:35.0 (170590022)|STATEMENT_EXECUTE|[270]
08:35:35.0 (170644130)|VARIABLE_ASSIGNMENT|[EXTERNAL]|this|{"estmtCvrgeDaysObj":"0x42d3790f","faciltyOptions":"0x5dd44443","fcltyPrgrmOptions":"0x71477cb3","idToOwnershipFacilit (4 more) ...":"0x273f9ad9","idToTypeFacilityMap":"0x6d57c869","insrncBnftMap":"0x308ac2c4","insrncBnftOptions":"0x69752d1b","isIop":false,"isTalbott":false,"meta":"0x4c9b602a","oppId":"00629000004NTeZ","pawObj":"0x5f01bc22","ptntInsrnceOptions":"0x43640aac","ptntInsrncMap":"0x641aaa79","ptntInsrncObj":"0x11db5dec","quoteObj":"0x45f1b2aa","recordId":"00629000004NTeZ","rtAdjstmntOptions":"0x4b31c49","showPILookup":false,"sObjectQueryStr":"","wrprObj":"0x4bafcf5c"}|0x1f1fce5f
08:35:35.0 (170696013)|VARIABLE_ASSIGNMENT|[EXTERNAL]|this|{"facilitySelected":"","fcltyPrgrmSelected":"","insrncBnft":"0x2ca2593b","insrncBnftSelected":"","pawDetailListDisplay (4 more) ...":false,"pyAgrmntWrksht":"0x38773914","rateAdjstmntSelected":"","relatedPAWDetailsLis (1 more) ...":"0x668538a2","targetEDR":0.00,"totalAppliedDeductib (2 more) ...":0.00,"totalCoInsurance":0.00,"totalCoPayAmt":0.00,"totalInsCoResp":0.00,"totalInsEIVAmt":0.00,"totalRowCount":0,"totalTalbottDay":0.00}|0x4bafcf5c
08:35:35.0 (170708581)|VARIABLE_ASSIGNMENT|[EXTERNAL]|value|null|
08:35:35.0 (170714991)|VARIABLE_ASSIGNMENT|[526]|this.insrncBnft|null|0x4bafcf5c
08:35:35.0 (170722322)|STATEMENT_EXECUTE|[272]
08:35:35.0 (171604651)|SYSTEM_MODE_ENTER|true
08:35:35.0 (171833287)|SYSTEM_MODE_ENTER|true
08:35:35.0 (171868019)|HEAP_ALLOCATE|[EXTERNAL]|Bytes:112
08:35:35.0 (171877898)|VARIABLE_SCOPE_BEGIN|[379]|this|PAW_New_EditCntrllr|true|false
08:35:35.0 (171943480)|VARIABLE_ASSIGNMENT|[379]|this|{"estmtCvrgeDaysObj":"0x42d3790f","faciltyOptions":"0x5dd44443","fcltyPrgrmOptions":"0x71477cb3","idToOwnershipFacilit (4 more) ...":"0x273f9ad9","idToTypeFacilityMap":"0x6d57c869","insrncBnftMap":"0x308ac2c4","insrncBnftOptions":"0x69752d1b","isIop":false,"isTalbott":false,"meta":"0x4c9b602a","oppId":"00629000004NTeZ","pawObj":"0x5f01bc22","ptntInsrnceOptions":"0x43640aac","ptntInsrncMap":"0x641aaa79","ptntInsrncObj":"0x11db5dec","quoteObj":"0x45f1b2aa","recordId":"00629000004NTeZ","rtAdjstmntOptions":"0x4b31c49","showPILookup":false,"sObjectQueryStr":"","wrprObj":"0x4bafcf5c"}|0x1f1fce5f
08:35:35.0 (171960628)|STATEMENT_EXECUTE|[379]
08:35:35.0 (171962237)|STATEMENT_EXECUTE|[380]
08:35:35.0 (171977472)|HEAP_ALLOCATE|[380]|Bytes:4
08:35:35.0 (172027998)|HEAP_ALLOCATE|[EXTERNAL]|Bytes:4
08:35:35.0 (172038504)|VARIABLE_ASSIGNMENT|[380]|this.rtAdjstmntOptions|[]|0x1f1fce5f
08:35:35.0 (172044004)|STATEMENT_EXECUTE|[381]
08:35:35.0 (172053815)|HEAP_ALLOCATE|[381]|Bytes:8
08:35:35.0 (172123119)|HEAP_ALLOCATE|[EXTERNAL]|Bytes:4
08:35:35.0 (172193793)|VARIABLE_ASSIGNMENT|[EXTERNAL]|this|{"estmtCvrgeDaysObj":"0x42d3790f","faciltyOptions":"0x5dd44443","fcltyPrgrmOptions":"0x71477cb3","idToOwnershipFacilit (4 more) ...":"0x273f9ad9","idToTypeFacilityMap":"0x6d57c869","insrncBnftMap":"0x308ac2c4","insrncBnftOptions":"0x69752d1b","isIop":false,"isTalbott":false,"meta":"0x4c9b602a","oppId":"00629000004NTeZ","pawObj":"0x5f01bc22","ptntInsrnceOptions":"0x43640aac","ptntInsrncMap":"0x641aaa79","ptntInsrncObj":"0x11db5dec","quoteObj":"0x45f1b2aa","recordId":"00629000004NTeZ","rtAdjstmntOptions":"0x24f7ffa6","showPILookup":false,"sObjectQueryStr":"","wrprObj":"0x4bafcf5c"}|0x1f1fce5f
08:35:35.0 (172251021)|VARIABLE_ASSIGNMENT|[EXTERNAL]|this|{"facilitySelected":"","fcltyPrgrmSelected":"","insrncBnftSelected":"","pawDetailListDisplay (4 more) ...":false,"pyAgrmntWrksht":"0x38773914","rateAdjstmntSelected":"","relatedPAWDetailsLis (1 more) ...":"0x668538a2","targetEDR":0.00,"totalAppliedDeductib (2 more) ...":0.00,"totalCoInsurance":0.00,"totalCoPayAmt":0.00,"totalInsCoResp":0.00,"totalInsEIVAmt":0.00,"totalRowCount":0,"totalTalbottDay":0.00}|0x4bafcf5c
08:35:35.0 (172315112)|VARIABLE_ASSIGNMENT|[EXTERNAL]|this|{"estmtCvrgeDaysObj":"0x42d3790f","faciltyOptions":"0x5dd44443","fcltyPrgrmOptions":"0x71477cb3","idToOwnershipFacilit (4 more) ...":"0x273f9ad9","idToTypeFacilityMap":"0x6d57c869","insrncBnftMap":"0x308ac2c4","insrncBnftOptions":"0x69752d1b","isIop":false,"isTalbott":false,"meta":"0x4c9b602a","oppId":"00629000004NTeZ","pawObj":"0x5f01bc22","ptntInsrnceOptions":"0x43640aac","ptntInsrncMap":"0x641aaa79","ptntInsrncObj":"0x11db5dec","quoteObj":"0x45f1b2aa","recordId":"00629000004NTeZ","rtAdjstmntOptions":"0x24f7ffa6","showPILookup":false,"sObjectQueryStr":"","wrprObj":"0x4bafcf5c"}|0x1f1fce5f
08:35:35.0 (172363224)|VARIABLE_ASSIGNMENT|[EXTERNAL]|this|{"facilitySelected":"","fcltyPrgrmSelected":"","insrncBnftSelected":"","pawDetailListDisplay (4 more) ...":false,"pyAgrmntWrksht":"0x38773914","rateAdjstmntSelected":"","relatedPAWDetailsLis (1 more) ...":"0x668538a2","targetEDR":0.00,"totalAppliedDeductib (2 more) ...":0.00,"totalCoInsurance":0.00,"totalCoPayAmt":0.00,"totalInsCoResp":0.00,"totalInsEIVAmt":0.00,"totalRowCount":0,"totalTalbottDay":0.00}|0x4bafcf5c
08:35:35.0 (172383443)|STATEMENT_EXECUTE|[382]
08:35:35.0 (172385026)|STATEMENT_EXECUTE|[400]
08:35:35.0 (172689300)|SYSTEM_MODE_ENTER|true
08:35:35.0 (190655667)|VF_SERIALIZE_VIEWSTATE_BEGIN|0660a0000009uTC
08:35:35.0 (197457673)|VF_SERIALIZE_VIEWSTATE_END
08:35:35.202 (202953047)|CUMULATIVE_LIMIT_USAGE
08:35:35.202 (202953047)|LIMIT_USAGE_FOR_NS|(default)|
  Number of SOQL queries: 3 out of 100
  Number of query rows: 8 out of 50000
  Number of SOSL queries: 0 out of 20
  Number of DML statements: 0 out of 150
  Number of DML rows: 0 out of 10000
  Maximum CPU time: 0 out of 10000
  Maximum heap size: 0 out of 6000000
  Number of callouts: 0 out of 100
  Number of Email Invocations: 0 out of 10
  Number of future calls: 0 out of 50
  Number of queueable jobs added to the queue: 0 out of 50
  Number of Mobile Apex push calls: 0 out of 10

08:35:35.202 (202953047)|CUMULATIVE_LIMIT_USAGE_END

08:35:35.0 (202991047)|CODE_UNIT_FINISHED|VF: /apex/PAW_New_Edit
08:35:35.0 (203753813)|EXECUTION_FINISHED
