37.0 APEX_CODE,FINEST;APEX_PROFILING,INFO;CALLOUT,INFO;DB,INFO;SYSTEM,DEBUG;VALIDATION,INFO;VISUALFORCE,INFO;WAVE,INFO;WORKFLOW,FINER
08:38:52.0 (89317)|USER_INFO|[EXTERNAL]|00529000000zYiy|bhakti.gujrathi@eternussolutions.com.frnstgng|Central Standard Time|GMT-06:00
08:38:52.0 (143132)|EXECUTION_STARTED
08:38:52.0 (147814)|CODE_UNIT_STARTED|[EXTERNAL]|0660a0000009uTC|VF: /apex/PAW_New_Edit
08:38:52.0 (385738)|VF_DESERIALIZE_VIEWSTATE_BEGIN|0660a0000009uTC
08:38:52.0 (4776545)|HEAP_ALLOCATE|[72]|Bytes:3
08:38:52.0 (4838374)|HEAP_ALLOCATE|[77]|Bytes:152
08:38:52.0 (4860721)|HEAP_ALLOCATE|[342]|Bytes:408
08:38:52.0 (4880476)|HEAP_ALLOCATE|[355]|Bytes:408
08:38:52.0 (4898164)|HEAP_ALLOCATE|[467]|Bytes:48
08:38:52.0 (4935014)|HEAP_ALLOCATE|[139]|Bytes:6
08:38:52.0 (4971170)|HEAP_ALLOCATE|[50]|Bytes:5
08:38:52.0 (5002407)|HEAP_ALLOCATE|[56]|Bytes:5
08:38:52.0 (5015822)|HEAP_ALLOCATE|[64]|Bytes:7
08:38:52.0 (7479726)|VARIABLE_SCOPE_BEGIN|[35]|PAW_New_EditCntrllr.globalSchemaMap|Map<String,Schema.SObjectType>|true|true
08:38:52.0 (7494889)|VARIABLE_SCOPE_BEGIN|[3]|PAW_New_EditCntrllr.yearEndMode|Boolean|false|true
08:38:52.0 (13831845)|VF_DESERIALIZE_VIEWSTATE_END
08:38:52.15 (15289404)|SYSTEM_MODE_ENTER|true
08:38:52.15 (15402551)|HEAP_ALLOCATE|[EXTERNAL]|Bytes:38
08:38:52.15 (15419779)|HEAP_ALLOCATE|[EXTERNAL]|Bytes:7
08:38:52.15 (15438216)|SYSTEM_METHOD_ENTRY|[1]|PageMessagesComponentController.PageMessagesComponentController()
08:38:52.15 (15445539)|STATEMENT_EXECUTE|[1]
08:38:52.16 (16600068)|SYSTEM_MODE_ENTER|true
08:38:52.16 (16675091)|HEAP_ALLOCATE|[EXTERNAL]|Bytes:8
08:38:52.16 (16685673)|VARIABLE_SCOPE_BEGIN|[88]|this|ApexPage.PageMessagesComponentController|true|false
08:38:52.16 (16737835)|VARIABLE_ASSIGNMENT|[88]|this|{}|0x31417c53
08:38:52.16 (16747021)|VARIABLE_SCOPE_BEGIN|[88]|escape|Boolean|false|false
08:38:52.16 (16755864)|VARIABLE_ASSIGNMENT|[88]|escape|null
08:38:52.0 (17009068)|SYSTEM_MODE_ENTER|true
08:38:52.0 (17043815)|HEAP_ALLOCATE|[EXTERNAL]|Bytes:11
08:38:52.0 (17065252)|HEAP_ALLOCATE|[EXTERNAL]|Bytes:304
08:38:52.0 (17071950)|HEAP_ALLOCATE|[EXTERNAL]|Bytes:98
08:38:52.0 (17077363)|HEAP_ALLOCATE|[EXTERNAL]|Bytes:14
08:38:52.0 (17094654)|METHOD_ENTRY|[1]|01p0a000004sKzV|PAW_New_EditCntrllr.PAW_New_EditCntrllr()
08:38:52.0 (17101064)|STATEMENT_EXECUTE|[1]
08:38:52.0 (17105516)|STATEMENT_EXECUTE|[1]
08:38:52.0 (17106792)|STATEMENT_EXECUTE|[3]
08:38:52.0 (17242979)|VARIABLE_SCOPE_BEGIN|[3]|PAW_YearEnd_Config.setting|Year_End_PAW_Settings__c|true|true
08:38:52.0 (17261290)|HEAP_ALLOCATE|[3]|Bytes:1
08:38:52.0 (17269781)|HEAP_ALLOCATE|[3]|Bytes:1
08:38:52.0 (17342413)|METHOD_ENTRY|[1]|01p29000000Aswf|PAW_YearEnd_Config.PAW_YearEnd_Config()
08:38:52.0 (17350419)|STATEMENT_EXECUTE|[1]
08:38:52.0 (17353671)|STATEMENT_EXECUTE|[1]
08:38:52.0 (17371832)|SYSTEM_MODE_ENTER|false
08:38:52.0 (17381363)|HEAP_ALLOCATE|[3]|Bytes:5
08:38:52.0 (17390289)|SYSTEM_MODE_EXIT|false
08:38:52.0 (17400505)|METHOD_EXIT|[1]|PAW_YearEnd_Config
08:38:52.0 (17412369)|METHOD_ENTRY|[3]|01p29000000Aswf|PAW_YearEnd_Config.fetch()
08:38:52.0 (17447316)|SYSTEM_MODE_ENTER|false
08:38:52.0 (17455836)|HEAP_ALLOCATE|[6]|Bytes:5
08:38:52.0 (17462444)|STATEMENT_EXECUTE|[5]
08:38:52.0 (17466971)|STATEMENT_EXECUTE|[7]
08:38:52.0 (18539903)|HEAP_ALLOCATE|[7]|Bytes:20
08:38:52.0 (18591030)|VARIABLE_ASSIGNMENT|[7]|PAW_YearEnd_Config.setting|{"IsDeleted":false,"Name":"Year End PAW Setting (11 more) ...","SetupOwnerId":"00529000000zYiyAAE","Year_End_Mode_Enable (4 more) ...":false}|0x127850df
08:38:52.0 (18600696)|STATEMENT_EXECUTE|[9]
08:38:52.0 (18604683)|HEAP_ALLOCATE|[9]|Bytes:14
08:38:52.0 (18811066)|HEAP_ALLOCATE|[9]|Bytes:145
08:38:52.0 (18843304)|HEAP_ALLOCATE|[9]|Bytes:159
08:38:52.0 (18869408)|USER_DEBUG|[9]|DEBUG|>>> setting : Year_End_PAW_Settings__c:{IsDeleted=false, Name=Year End PAW Settings (Profile), SetupOwnerId=00529000000zYiyAAE, Year_End_Mode_Enabled__c=false}
08:38:52.0 (18880962)|STATEMENT_EXECUTE|[10]
08:38:52.0 (18886624)|SYSTEM_MODE_EXIT|false
08:38:52.0 (18896667)|METHOD_EXIT|[3]|01p29000000Aswf|PAW_YearEnd_Config.fetch()
08:38:52.0 (18947416)|VARIABLE_ASSIGNMENT|[3]|PAW_New_EditCntrllr.yearEndMode|false
08:38:52.0 (18954574)|STATEMENT_EXECUTE|[524]
08:38:52.0 (18960081)|METHOD_EXIT|[1]|PAW_New_EditCntrllr
08:38:52.0 (19422902)|SYSTEM_MODE_ENTER|true
08:38:52.0 (20316731)|SYSTEM_MODE_ENTER|true
08:38:52.0 (20383873)|HEAP_ALLOCATE|[EXTERNAL]|Bytes:476
08:38:52.0 (20399444)|HEAP_ALLOCATE|[EXTERNAL]|Bytes:71
08:38:52.0 (25909848)|SYSTEM_MODE_ENTER|true
08:38:52.0 (26077307)|SYSTEM_MODE_ENTER|true
08:38:52.0 (35579852)|SYSTEM_MODE_ENTER|true
08:38:52.0 (35924779)|HEAP_ALLOCATE|[EXTERNAL]|Bytes:112
08:38:52.0 (35947622)|VARIABLE_SCOPE_BEGIN|[186]|this|PAW_New_EditCntrllr|true|false
08:38:52.0 (36066364)|VARIABLE_ASSIGNMENT|[186]|this|{"estmtCvrgeDaysObj":"0x4517dc3e","faciltyOptions":"0x5a9625d3","fcltyPrgrmOptions":"0x283c5826","idToOwnershipFacilit (4 more) ...":"0x5c21b6f9","idToTypeFacilityMap":"0x272c776f","insrncBnftMap":"0x4cff76e4","insrncBnftOptions":"0x6c8ea35","isIop":false,"isTalbott":false,"meta":"0x578f126b","oppId":"00629000004NTeZ","pawObj":"0x135c80fa","ptntInsrnceOptions":"0x24a39c23","ptntInsrncMap":"0x65fb53c0","ptntInsrncObj":"0x4ac8095e","quoteObj":"0x3d640bad","recordId":"00629000004NTeZ","rtAdjstmntOptions":"0x59edaa6","showPILookup":false,"sObjectQueryStr":"","wrprObj":"0xc97e58e"}|0x2d9b75d6
08:38:52.0 (36095072)|STATEMENT_EXECUTE|[186]
08:38:52.0 (36097484)|STATEMENT_EXECUTE|[190]
08:38:52.0 (36114025)|HEAP_ALLOCATE|[190]|Bytes:4
08:38:52.0 (36203360)|HEAP_ALLOCATE|[EXTERNAL]|Bytes:4
08:38:52.0 (36220658)|VARIABLE_ASSIGNMENT|[190]|this.ptntInsrnceOptions|[]|0x2d9b75d6
08:38:52.0 (36226870)|STATEMENT_EXECUTE|[191]
08:38:52.0 (36239618)|HEAP_ALLOCATE|[191]|Bytes:12
08:38:52.0 (36336270)|HEAP_ALLOCATE|[EXTERNAL]|Bytes:4
08:38:52.0 (36350295)|STATEMENT_EXECUTE|[192]
08:38:52.0 (36391253)|HEAP_ALLOCATE|[192]|Bytes:4
08:38:52.0 (36400787)|HEAP_ALLOCATE|[192]|Bytes:95
08:38:52.0 (36414669)|HEAP_ALLOCATE|[192]|Bytes:4
08:38:52.0 (36429424)|HEAP_ALLOCATE|[192]|Bytes:7
08:38:52.0 (36744327)|SOQL_EXECUTE_BEGIN|[192]|Aggregations:0|SELECT Id, Name, Insurance_Company__c FROM Patient_Insurance__c WHERE Opportunity__c = :tmpVar1
08:38:52.0 (39828125)|SOQL_EXECUTE_END|[192]|Rows:4
08:38:52.0 (39854876)|HEAP_ALLOCATE|[192]|Bytes:20
08:38:52.0 (39882331)|HEAP_ALLOCATE|[192]|Bytes:449
08:38:52.0 (39951804)|HEAP_ALLOCATE|[192]|Bytes:20
08:38:52.0 (40000989)|HEAP_ALLOCATE|[192]|Bytes:16
08:38:52.0 (40018163)|HEAP_ALLOCATE|[192]|Bytes:4
08:38:52.0 (40026613)|HEAP_ALLOCATE|[192]|Bytes:16
08:38:52.0 (40034171)|HEAP_ALLOCATE|[192]|Bytes:4
08:38:52.0 (40040036)|HEAP_ALLOCATE|[192]|Bytes:16
08:38:52.0 (40047083)|HEAP_ALLOCATE|[192]|Bytes:4
08:38:52.0 (40052559)|HEAP_ALLOCATE|[192]|Bytes:16
08:38:52.0 (40059591)|HEAP_ALLOCATE|[192]|Bytes:4
08:38:52.0 (40108699)|VARIABLE_ASSIGNMENT|[192]|this.ptntInsrncMap|{"a1b29000000l40nAAA":{"Id":"a1b29000000l40nAAA","Name":"Maria Johnson - BCBS (17 more) ...","Insurance_Company__c":"0012900000AXSPBAA5"},"a1b29000000lvHQAAY":{"Id":"a1b29000000lvHQAAY","Name":"Maria Johnson - Valu (23 more) ...","Insurance_Company__c":"0012900000AXSP3AAP"},"a1b29000000lvHVAAY":{"Id":"a1b29000000lvHVAAY","Name":"Maria Johnson - Priv (7 more) ...","Insurance_Company__c":"0012900000AXSDqAAP"},"a1b29000000ly7uAAA":{"Id":"a1b29000000ly7uAAA","Name":"Maria Johnson - Alle (6 more) ...","Insurance_Company__c":"0012900000AXSlPAAX"}}|0x2d9b75d6
08:38:52.0 (40163911)|HEAP_ALLOCATE|[EXTERNAL]|Bytes:20
08:38:52.0 (40179174)|HEAP_ALLOCATE|[197]|Bytes:465
08:38:52.0 (40349747)|HEAP_ALLOCATE|[197]|Bytes:5
08:38:52.0 (40371339)|HEAP_ALLOCATE|[197]|Bytes:16
08:38:52.0 (40383983)|VARIABLE_SCOPE_BEGIN|[197]|ptntInsrnceInstance|Patient_Insurance__c|true|false
08:38:52.0 (40403388)|VARIABLE_ASSIGNMENT|[197]|ptntInsrnceInstance|{"Id":"a1b29000000l40nAAA","Name":"Maria Johnson - BCBS (17 more) ...","Insurance_Company__c":"0012900000AXSPBAA5"}|0x5204310
08:38:52.0 (40411414)|STATEMENT_EXECUTE|[197]
08:38:52.0 (40413020)|STATEMENT_EXECUTE|[198]
08:38:52.0 (40468008)|HEAP_ALLOCATE|[198]|Bytes:18
08:38:52.0 (40541774)|HEAP_ALLOCATE|[EXTERNAL]|Bytes:4
08:38:52.0 (40563582)|HEAP_ALLOCATE|[197]|Bytes:5
08:38:52.0 (40579311)|HEAP_ALLOCATE|[197]|Bytes:16
08:38:52.0 (40589288)|VARIABLE_SCOPE_BEGIN|[197]|ptntInsrnceInstance|Patient_Insurance__c|true|false
08:38:52.0 (40607411)|VARIABLE_ASSIGNMENT|[197]|ptntInsrnceInstance|{"Id":"a1b29000000lvHQAAY","Name":"Maria Johnson - Valu (23 more) ...","Insurance_Company__c":"0012900000AXSP3AAP"}|0x421db95e
08:38:52.0 (40614808)|STATEMENT_EXECUTE|[197]
08:38:52.0 (40616181)|STATEMENT_EXECUTE|[198]
08:38:52.0 (40630616)|HEAP_ALLOCATE|[198]|Bytes:18
08:38:52.0 (40650750)|HEAP_ALLOCATE|[EXTERNAL]|Bytes:4
08:38:52.0 (40666486)|HEAP_ALLOCATE|[197]|Bytes:5
08:38:52.0 (40680609)|HEAP_ALLOCATE|[197]|Bytes:16
08:38:52.0 (40689606)|VARIABLE_SCOPE_BEGIN|[197]|ptntInsrnceInstance|Patient_Insurance__c|true|false
08:38:52.0 (40706281)|VARIABLE_ASSIGNMENT|[197]|ptntInsrnceInstance|{"Id":"a1b29000000lvHVAAY","Name":"Maria Johnson - Priv (7 more) ...","Insurance_Company__c":"0012900000AXSDqAAP"}|0x2b33b2ee
08:38:52.0 (40713323)|STATEMENT_EXECUTE|[197]
08:38:52.0 (40714579)|STATEMENT_EXECUTE|[198]
08:38:52.0 (40732374)|HEAP_ALLOCATE|[198]|Bytes:18
08:38:52.0 (40752000)|HEAP_ALLOCATE|[EXTERNAL]|Bytes:4
08:38:52.0 (40767456)|HEAP_ALLOCATE|[197]|Bytes:5
08:38:52.0 (40781696)|HEAP_ALLOCATE|[197]|Bytes:16
08:38:52.0 (40790845)|VARIABLE_SCOPE_BEGIN|[197]|ptntInsrnceInstance|Patient_Insurance__c|true|false
08:38:52.0 (40807202)|VARIABLE_ASSIGNMENT|[197]|ptntInsrnceInstance|{"Id":"a1b29000000ly7uAAA","Name":"Maria Johnson - Alle (6 more) ...","Insurance_Company__c":"0012900000AXSlPAAX"}|0x2964cea2
08:38:52.0 (40813810)|STATEMENT_EXECUTE|[197]
08:38:52.0 (40815013)|STATEMENT_EXECUTE|[198]
08:38:52.0 (40827040)|HEAP_ALLOCATE|[198]|Bytes:18
08:38:52.0 (40845231)|HEAP_ALLOCATE|[EXTERNAL]|Bytes:4
08:38:52.0 (40860847)|HEAP_ALLOCATE|[197]|Bytes:5
08:38:52.0 (40875682)|VARIABLE_ASSIGNMENT|[197]|ptntInsrnceInstance|null|
08:38:52.0 (40881490)|STATEMENT_EXECUTE|[201]
08:38:52.47 (47897882)|SYSTEM_MODE_ENTER|true
08:38:52.47 (47984065)|HEAP_ALLOCATE|[EXTERNAL]|Bytes:8
08:38:52.47 (47997676)|VARIABLE_SCOPE_BEGIN|[88]|this|ApexPage.PageMessagesComponentController|true|false
08:38:52.47 (48033357)|VARIABLE_ASSIGNMENT|[88]|this|{}|0x31417c53
08:38:52.47 (48042181)|VARIABLE_SCOPE_BEGIN|[88]|escape|Boolean|false|false
08:38:52.47 (48049582)|VARIABLE_ASSIGNMENT|[88]|escape|null
08:38:52.0 (48859529)|HEAP_ALLOCATE|[EXTERNAL]|Bytes:84
08:38:52.0 (48875034)|VARIABLE_ASSIGNMENT|[EXTERNAL]|this.insrncBnftSelected|null|0xc97e58e
08:38:52.0 (48948587)|HEAP_ALLOCATE|[EXTERNAL]|Bytes:84
08:38:52.0 (48960408)|VARIABLE_ASSIGNMENT|[EXTERNAL]|this.facilitySelected|null|0xc97e58e
08:38:52.0 (49030326)|HEAP_ALLOCATE|[EXTERNAL]|Bytes:84
08:38:52.0 (49043878)|VARIABLE_ASSIGNMENT|[EXTERNAL]|this.rateAdjstmntSelected|null|0xc97e58e
08:38:52.0 (49113145)|HEAP_ALLOCATE|[EXTERNAL]|Bytes:84
08:38:52.0 (49124464)|VARIABLE_ASSIGNMENT|[EXTERNAL]|this.fcltyPrgrmSelected|null|0xc97e58e
08:38:52.0 (54520836)|HEAP_ALLOCATE|[EXTERNAL]|Bytes:112
08:38:52.0 (54538281)|VARIABLE_SCOPE_BEGIN|[205]|this|PAW_New_EditCntrllr|true|false
08:38:52.0 (54641052)|VARIABLE_ASSIGNMENT|[205]|this|{"estmtCvrgeDaysObj":"0x4517dc3e","faciltyOptions":"0x5a9625d3","fcltyPrgrmOptions":"0x283c5826","idToOwnershipFacilit (4 more) ...":"0x5c21b6f9","idToTypeFacilityMap":"0x272c776f","insrncBnftMap":"0x4cff76e4","insrncBnftOptions":"0x6c8ea35","isIop":false,"isTalbott":false,"meta":"0x578f126b","oppId":"00629000004NTeZ","pawObj":"0x135c80fa","ptntInsrnceOptions":"0x71d18548","ptntInsrncMap":"0x5957d1c6","ptntInsrncObj":"0x4ac8095e","quoteObj":"0x3d640bad","recordId":"00629000004NTeZ","rtAdjstmntOptions":"0x59edaa6","showPILookup":false,"sObjectQueryStr":"","wrprObj":"0xc97e58e"}|0x2d9b75d6
08:38:52.0 (54669829)|STATEMENT_EXECUTE|[205]
08:38:52.0 (54769664)|VARIABLE_ASSIGNMENT|[EXTERNAL]|this|{"estmtCvrgeDaysObj":"0x4517dc3e","faciltyOptions":"0x5a9625d3","fcltyPrgrmOptions":"0x283c5826","idToOwnershipFacilit (4 more) ...":"0x5c21b6f9","idToTypeFacilityMap":"0x272c776f","insrncBnftMap":"0x4cff76e4","insrncBnftOptions":"0x6c8ea35","isIop":false,"isTalbott":false,"meta":"0x578f126b","oppId":"00629000004NTeZ","pawObj":"0x135c80fa","ptntInsrnceOptions":"0x71d18548","ptntInsrncMap":"0x5957d1c6","ptntInsrncObj":"0x4ac8095e","quoteObj":"0x3d640bad","recordId":"00629000004NTeZ","rtAdjstmntOptions":"0x59edaa6","showPILookup":false,"sObjectQueryStr":"","wrprObj":"0xc97e58e"}|0x2d9b75d6
08:38:52.0 (54863000)|VARIABLE_ASSIGNMENT|[EXTERNAL]|this|{"pawDetailListDisplay (4 more) ...":false,"pyAgrmntWrksht":"0x2451f461","relatedPAWDetailsLis (1 more) ...":"0x136f0543","targetEDR":0.00,"totalAppliedDeductib (2 more) ...":0.00,"totalCoInsurance":0.00,"totalCoPayAmt":0.00,"totalInsCoResp":0.00,"totalInsEIVAmt":0.00,"totalRowCount":0,"totalTalbottDay":0.00}|0xc97e58e
08:38:52.0 (54932636)|STATEMENT_EXECUTE|[206]
08:38:52.0 (54935073)|STATEMENT_EXECUTE|[207]
08:38:52.0 (55013887)|VARIABLE_ASSIGNMENT|[EXTERNAL]|this|{"estmtCvrgeDaysObj":"0x4517dc3e","faciltyOptions":"0x5a9625d3","fcltyPrgrmOptions":"0x283c5826","idToOwnershipFacilit (4 more) ...":"0x5c21b6f9","idToTypeFacilityMap":"0x272c776f","insrncBnftMap":"0x4cff76e4","insrncBnftOptions":"0x6c8ea35","isIop":false,"isTalbott":false,"meta":"0x578f126b","oppId":"00629000004NTeZ","pawObj":"0x135c80fa","ptntInsrnceOptions":"0x71d18548","ptntInsrncMap":"0x5957d1c6","ptntInsrncObj":"0x4ac8095e","quoteObj":"0x3d640bad","recordId":"00629000004NTeZ","rtAdjstmntOptions":"0x59edaa6","showPILookup":false,"sObjectQueryStr":"","wrprObj":"0xc97e58e"}|0x2d9b75d6
08:38:52.0 (55083056)|VARIABLE_ASSIGNMENT|[EXTERNAL]|this|{"pawDetailListDisplay (4 more) ...":false,"pyAgrmntWrksht":"0x2451f461","relatedPAWDetailsLis (1 more) ...":"0x136f0543","targetEDR":0.00,"totalAppliedDeductib (2 more) ...":0.00,"totalCoInsurance":0.00,"totalCoPayAmt":0.00,"totalInsCoResp":0.00,"totalInsEIVAmt":0.00,"totalRowCount":0,"totalTalbottDay":0.00}|0xc97e58e
08:38:52.0 (55207720)|VARIABLE_ASSIGNMENT|[EXTERNAL]|this|{"estmtCvrgeDaysObj":"0x4517dc3e","faciltyOptions":"0x5a9625d3","fcltyPrgrmOptions":"0x283c5826","idToOwnershipFacilit (4 more) ...":"0x5c21b6f9","idToTypeFacilityMap":"0x272c776f","insrncBnftMap":"0x4cff76e4","insrncBnftOptions":"0x6c8ea35","isIop":false,"isTalbott":false,"meta":"0x578f126b","oppId":"00629000004NTeZ","pawObj":"0x135c80fa","ptntInsrnceOptions":"0x71d18548","ptntInsrncMap":"0x5957d1c6","ptntInsrncObj":"0x4ac8095e","quoteObj":"0x3d640bad","recordId":"00629000004NTeZ","rtAdjstmntOptions":"0x59edaa6","showPILookup":false,"sObjectQueryStr":"","wrprObj":"0xc97e58e"}|0x2d9b75d6
08:38:52.0 (55237575)|VARIABLE_ASSIGNMENT|[EXTERNAL]|value|{"Id":"a1b29000000lvHQAAY","Name":"Maria Johnson - Valu (23 more) ...","Insurance_Company__c":"0012900000AXSP3AAP"}|0x421db95e
08:38:52.0 (55257539)|VARIABLE_ASSIGNMENT|[18]|this.ptntInsrncObj|{"Id":"a1b29000000lvHQAAY","Name":"Maria Johnson - Valu (23 more) ...","Insurance_Company__c":"0012900000AXSP3AAP"}|0x2d9b75d6
08:38:52.0 (55270289)|STATEMENT_EXECUTE|[211]
08:38:52.0 (55343301)|VARIABLE_ASSIGNMENT|[EXTERNAL]|this|{"estmtCvrgeDaysObj":"0x4517dc3e","faciltyOptions":"0x5a9625d3","fcltyPrgrmOptions":"0x283c5826","idToOwnershipFacilit (4 more) ...":"0x5c21b6f9","idToTypeFacilityMap":"0x272c776f","insrncBnftMap":"0x4cff76e4","insrncBnftOptions":"0x6c8ea35","isIop":false,"isTalbott":false,"meta":"0x578f126b","oppId":"00629000004NTeZ","pawObj":"0x135c80fa","ptntInsrnceOptions":"0x71d18548","ptntInsrncMap":"0x5957d1c6","ptntInsrncObj":"0x421db95e","quoteObj":"0x3d640bad","recordId":"00629000004NTeZ","rtAdjstmntOptions":"0x59edaa6","showPILookup":false,"sObjectQueryStr":"","wrprObj":"0xc97e58e"}|0x2d9b75d6
08:38:52.0 (55418714)|VARIABLE_ASSIGNMENT|[EXTERNAL]|this|{"pawDetailListDisplay (4 more) ...":false,"pyAgrmntWrksht":"0x2451f461","relatedPAWDetailsLis (1 more) ...":"0x136f0543","targetEDR":0.00,"totalAppliedDeductib (2 more) ...":0.00,"totalCoInsurance":0.00,"totalCoPayAmt":0.00,"totalInsCoResp":0.00,"totalInsEIVAmt":0.00,"totalRowCount":0,"totalTalbottDay":0.00}|0xc97e58e
08:38:52.0 (55434592)|VARIABLE_ASSIGNMENT|[EXTERNAL]|value|""
08:38:52.0 (55446233)|VARIABLE_ASSIGNMENT|[527]|this.insrncBnftSelected|""|0xc97e58e
08:38:52.0 (55456488)|STATEMENT_EXECUTE|[212]
08:38:52.0 (55474839)|METHOD_ENTRY|[212]|01p0a000004sKzV|PAW_New_EditCntrllr.updateWraperValues()
08:38:52.0 (55490842)|VARIABLE_SCOPE_BEGIN|[404]|this|PAW_New_EditCntrllr|true|false
08:38:52.0 (55552213)|VARIABLE_ASSIGNMENT|[404]|this|{"estmtCvrgeDaysObj":"0x4517dc3e","faciltyOptions":"0x5a9625d3","fcltyPrgrmOptions":"0x283c5826","idToOwnershipFacilit (4 more) ...":"0x5c21b6f9","idToTypeFacilityMap":"0x272c776f","insrncBnftMap":"0x4cff76e4","insrncBnftOptions":"0x6c8ea35","isIop":false,"isTalbott":false,"meta":"0x578f126b","oppId":"00629000004NTeZ","pawObj":"0x135c80fa","ptntInsrnceOptions":"0x71d18548","ptntInsrncMap":"0x5957d1c6","ptntInsrncObj":"0x421db95e","quoteObj":"0x3d640bad","recordId":"00629000004NTeZ","rtAdjstmntOptions":"0x59edaa6","showPILookup":false,"sObjectQueryStr":"","wrprObj":"0xc97e58e"}|0x2d9b75d6
08:38:52.0 (55568796)|STATEMENT_EXECUTE|[404]
08:38:52.0 (55645540)|VARIABLE_ASSIGNMENT|[EXTERNAL]|this|{"estmtCvrgeDaysObj":"0x4517dc3e","faciltyOptions":"0x5a9625d3","fcltyPrgrmOptions":"0x283c5826","idToOwnershipFacilit (4 more) ...":"0x5c21b6f9","idToTypeFacilityMap":"0x272c776f","insrncBnftMap":"0x4cff76e4","insrncBnftOptions":"0x6c8ea35","isIop":false,"isTalbott":false,"meta":"0x578f126b","oppId":"00629000004NTeZ","pawObj":"0x135c80fa","ptntInsrnceOptions":"0x71d18548","ptntInsrncMap":"0x5957d1c6","ptntInsrncObj":"0x421db95e","quoteObj":"0x3d640bad","recordId":"00629000004NTeZ","rtAdjstmntOptions":"0x59edaa6","showPILookup":false,"sObjectQueryStr":"","wrprObj":"0xc97e58e"}|0x2d9b75d6
08:38:52.0 (55744043)|VARIABLE_ASSIGNMENT|[EXTERNAL]|this|{"estmtCvrgeDaysObj":"0x4517dc3e","faciltyOptions":"0x5a9625d3","fcltyPrgrmOptions":"0x283c5826","idToOwnershipFacilit (4 more) ...":"0x5c21b6f9","idToTypeFacilityMap":"0x272c776f","insrncBnftMap":"0x4cff76e4","insrncBnftOptions":"0x6c8ea35","isIop":false,"isTalbott":false,"meta":"0x578f126b","oppId":"00629000004NTeZ","pawObj":"0x135c80fa","ptntInsrnceOptions":"0x71d18548","ptntInsrncMap":"0x5957d1c6","ptntInsrncObj":"0x421db95e","quoteObj":"0x3d640bad","recordId":"00629000004NTeZ","rtAdjstmntOptions":"0x59edaa6","showPILookup":false,"sObjectQueryStr":"","wrprObj":"0xc97e58e"}|0x2d9b75d6
08:38:52.0 (55768562)|STATEMENT_EXECUTE|[420]
08:38:52.0 (55770487)|STATEMENT_EXECUTE|[421]
08:38:52.0 (56020637)|VARIABLE_SCOPE_BEGIN|[3]|PAWValueCalculationService.pawObj|Pay_Agreement_Worksheet__c|true|true
08:38:52.0 (56031826)|VARIABLE_SCOPE_BEGIN|[2]|PAWValueCalculationService.skipDML|Boolean|false|true
08:38:52.0 (56047767)|HEAP_ALLOCATE|[421]|Bytes:6
08:38:52.0 (56066585)|METHOD_ENTRY|[1]|01p0a000004sKzO|PAWFrnFacilityService.PAWFrnFacilityService()
08:38:52.0 (56071740)|STATEMENT_EXECUTE|[1]
08:38:52.0 (56075148)|STATEMENT_EXECUTE|[1]
08:38:52.0 (56095852)|SYSTEM_MODE_ENTER|false
08:38:52.0 (56110685)|HEAP_ALLOCATE|[421]|Bytes:5
08:38:52.0 (56120577)|SYSTEM_MODE_EXIT|false
08:38:52.0 (56132524)|METHOD_EXIT|[1]|PAWFrnFacilityService
08:38:52.0 (56145630)|HEAP_ALLOCATE|[421]|Bytes:4
08:38:52.0 (56160851)|CONSTRUCTOR_ENTRY|[421]|01p0a000004sKzO|<init>()
08:38:52.0 (56180283)|VARIABLE_SCOPE_BEGIN|[2]|this|PAWFrnFacilityService|true|false
08:38:52.0 (56201945)|VARIABLE_ASSIGNMENT|[2]|this|{}|0x14399879
08:38:52.0 (56223979)|SYSTEM_MODE_ENTER|false
08:38:52.0 (56232456)|HEAP_ALLOCATE|[2]|Bytes:5
08:38:52.0 (56238333)|STATEMENT_EXECUTE|[1]
08:38:52.0 (56248573)|HEAP_ALLOCATE|[2]|Bytes:5
08:38:52.0 (56263087)|HEAP_ALLOCATE|[2]|Bytes:39
08:38:52.0 (56271106)|HEAP_ALLOCATE|[2]|Bytes:35
08:38:52.0 (56311719)|METHOD_ENTRY|[1]|01p0a000004sKzT|PAWValueCalculationService.PAWValueCalculationService()
08:38:52.0 (56319257)|STATEMENT_EXECUTE|[1]
08:38:52.0 (56322210)|STATEMENT_EXECUTE|[1]
08:38:52.0 (56326705)|METHOD_EXIT|[1]|PAWValueCalculationService
08:38:52.0 (56334964)|CONSTRUCTOR_ENTRY|[2]|01p0a000004sKzT|<init>()
08:38:52.0 (56353280)|VARIABLE_SCOPE_BEGIN|[5]|this|PAWValueCalculationService|true|false
08:38:52.0 (56371573)|VARIABLE_ASSIGNMENT|[5]|this|{}|0x14399879
08:38:52.0 (56379078)|STATEMENT_EXECUTE|[1]
08:38:52.0 (56390729)|HEAP_ALLOCATE|[6]|Bytes:6
08:38:52.0 (56426218)|STATEMENT_EXECUTE|[5]
08:38:52.0 (56428209)|STATEMENT_EXECUTE|[6]
08:38:52.0 (56437404)|HEAP_ALLOCATE|[6]|Bytes:5
08:38:52.0 (56452514)|VARIABLE_ASSIGNMENT|[6]|PAWValueCalculationService.skipDML|false
08:38:52.0 (56461509)|CONSTRUCTOR_EXIT|[2]|01p0a000004sKzT|<init>()
08:38:52.0 (56466896)|STATEMENT_EXECUTE|[2]
08:38:52.0 (56471349)|SYSTEM_MODE_EXIT|false
08:38:52.0 (56479307)|CONSTRUCTOR_EXIT|[421]|01p0a000004sKzO|<init>()
08:38:52.0 (56548945)|VARIABLE_ASSIGNMENT|[EXTERNAL]|this|{"estmtCvrgeDaysObj":"0x4517dc3e","faciltyOptions":"0x5a9625d3","fcltyPrgrmOptions":"0x283c5826","idToOwnershipFacilit (4 more) ...":"0x5c21b6f9","idToTypeFacilityMap":"0x272c776f","insrncBnftMap":"0x4cff76e4","insrncBnftOptions":"0x6c8ea35","isIop":false,"isTalbott":false,"meta":"0x578f126b","oppId":"00629000004NTeZ","pawObj":"0x135c80fa","ptntInsrnceOptions":"0x71d18548","ptntInsrncMap":"0x5957d1c6","ptntInsrncObj":"0x421db95e","quoteObj":"0x3d640bad","recordId":"00629000004NTeZ","rtAdjstmntOptions":"0x59edaa6","showPILookup":false,"sObjectQueryStr":"","wrprObj":"0xc97e58e"}|0x2d9b75d6
08:38:52.0 (56590821)|METHOD_ENTRY|[421]|01p0a000004sKzO|PAWFrnFacilityService.calculateWraperValuesFRN(PAW_New_EditCntrllr.WraperClass, Map<Id,Facility_Program__c>, Map<Id,Insurance_Company_Rate_Adjustment__c>, Map<Id,Insurance_Benefit__c>, Estimated_Coverage_Days__c)
08:38:52.0 (56600892)|VARIABLE_SCOPE_BEGIN|[7]|this|PAWFrnFacilityService|true|false
08:38:52.0 (56617196)|VARIABLE_ASSIGNMENT|[7]|this|{}|0x14399879
08:38:52.0 (56623423)|VARIABLE_SCOPE_BEGIN|[7]|pWrprObj|PAW_New_EditCntrllr.WraperClass|true|false
08:38:52.0 (56672427)|VARIABLE_ASSIGNMENT|[7]|pWrprObj|{"insrncBnftSelected":"","pawDetailListDisplay (4 more) ...":false,"pyAgrmntWrksht":"0x2451f461","relatedPAWDetailsLis (1 more) ...":"0x136f0543","targetEDR":0.00,"totalAppliedDeductib (2 more) ...":0.00,"totalCoInsurance":0.00,"totalCoPayAmt":0.00,"totalInsCoResp":0.00,"totalInsEIVAmt":0.00,"totalRowCount":0,"totalTalbottDay":0.00}|0xc97e58e
08:38:52.0 (56684033)|VARIABLE_SCOPE_BEGIN|[7]|pFcltyPrgmMap|Map<Id,Facility_Program__c>|true|false
08:38:52.0 (56692168)|VARIABLE_ASSIGNMENT|[7]|pFcltyPrgmMap|null|
08:38:52.0 (56695924)|VARIABLE_SCOPE_BEGIN|[7]|pCmpnyRateAdjstmntMap|Map<Id,Insurance_Company_Rate_Adjustment__c>|true|false
08:38:52.0 (56702397)|VARIABLE_ASSIGNMENT|[7]|pCmpnyRateAdjstmntMap|null|
08:38:52.0 (56706160)|VARIABLE_SCOPE_BEGIN|[7]|pInsrncBnftMap|Map<Id,Insurance_Benefit__c>|true|false
08:38:52.0 (56717585)|VARIABLE_ASSIGNMENT|[7]|pInsrncBnftMap|{}|0x4cff76e4
08:38:52.0 (56734244)|VARIABLE_SCOPE_BEGIN|[7]|pEstmtCvrgeDaysObj|Estimated_Coverage_Days__c|true|false
08:38:52.0 (56749987)|VARIABLE_ASSIGNMENT|[7]|pEstmtCvrgeDaysObj|{}|0x4517dc3e
08:38:52.0 (56782342)|SYSTEM_MODE_ENTER|false
08:38:52.0 (56797244)|HEAP_ALLOCATE|[13]|Bytes:5
08:38:52.0 (56805689)|STATEMENT_EXECUTE|[12]
08:38:52.0 (56807560)|STATEMENT_EXECUTE|[13]
08:38:52.0 (56824276)|METHOD_ENTRY|[13]|01p0a000004sKzT|PAWValueCalculationService.calculateWraperValues(PAW_New_EditCntrllr.WraperClass, Map<Id,Facility_Program__c>, Map<Id,Insurance_Company_Rate_Adjustment__c>, Map<Id,Insurance_Benefit__c>, Estimated_Coverage_Days__c)
08:38:52.0 (56852209)|VARIABLE_SCOPE_BEGIN|[10]|this|PAWValueCalculationService|true|false
08:38:52.0 (56876980)|VARIABLE_ASSIGNMENT|[10]|this|{}|0x14399879
08:38:52.0 (56887835)|VARIABLE_SCOPE_BEGIN|[10]|pWrprObj|PAW_New_EditCntrllr.WraperClass|true|false
08:38:52.0 (56955428)|VARIABLE_ASSIGNMENT|[10]|pWrprObj|{"insrncBnftSelected":"","pawDetailListDisplay (4 more) ...":false,"pyAgrmntWrksht":"0x2451f461","relatedPAWDetailsLis (1 more) ...":"0x136f0543","targetEDR":0.00,"totalAppliedDeductib (2 more) ...":0.00,"totalCoInsurance":0.00,"totalCoPayAmt":0.00,"totalInsCoResp":0.00,"totalInsEIVAmt":0.00,"totalRowCount":0,"totalTalbottDay":0.00}|0xc97e58e
08:38:52.0 (56970664)|VARIABLE_SCOPE_BEGIN|[10]|pFcltyPrgmMap|Map<Id,Facility_Program__c>|true|false
08:38:52.0 (56981181)|VARIABLE_ASSIGNMENT|[10]|pFcltyPrgmMap|null|
08:38:52.0 (56986947)|VARIABLE_SCOPE_BEGIN|[10]|pCmpnyRateAdjstmntMap|Map<Id,Insurance_Company_Rate_Adjustment__c>|true|false
08:38:52.0 (56997772)|VARIABLE_ASSIGNMENT|[10]|pCmpnyRateAdjstmntMap|null|
08:38:52.0 (57003464)|VARIABLE_SCOPE_BEGIN|[10]|pInsrncBnftMap|Map<Id,Insurance_Benefit__c>|true|false
08:38:52.0 (57017862)|VARIABLE_ASSIGNMENT|[10]|pInsrncBnftMap|{}|0x4cff76e4
08:38:52.0 (57025302)|VARIABLE_SCOPE_BEGIN|[10]|pEstmtCvrgeDaysObj|Estimated_Coverage_Days__c|true|false
08:38:52.0 (57037185)|VARIABLE_ASSIGNMENT|[10]|pEstmtCvrgeDaysObj|{}|0x4517dc3e
08:38:52.0 (57048074)|STATEMENT_EXECUTE|[14]
08:38:52.0 (57050143)|STATEMENT_EXECUTE|[16]
08:38:52.0 (57130854)|VARIABLE_ASSIGNMENT|[EXTERNAL]|this|{"insrncBnftSelected":"","pawDetailListDisplay (4 more) ...":false,"pyAgrmntWrksht":"0x2451f461","relatedPAWDetailsLis (1 more) ...":"0x136f0543","targetEDR":0.00,"totalAppliedDeductib (2 more) ...":0.00,"totalCoInsurance":0.00,"totalCoPayAmt":0.00,"totalInsCoResp":0.00,"totalInsEIVAmt":0.00,"totalRowCount":0,"totalTalbottDay":0.00}|0xc97e58e
08:38:52.0 (57260366)|VARIABLE_ASSIGNMENT|[16]|this.Rate_Adjustment_Type__c|null|0x2451f461
08:38:52.0 (57356722)|VARIABLE_ASSIGNMENT|[EXTERNAL]|this|{"insrncBnftSelected":"","pawDetailListDisplay (4 more) ...":false,"pyAgrmntWrksht":"0x2451f461","relatedPAWDetailsLis (1 more) ...":"0x136f0543","targetEDR":0.00,"totalAppliedDeductib (2 more) ...":0.00,"totalCoInsurance":0.00,"totalCoPayAmt":0.00,"totalInsCoResp":0.00,"totalInsEIVAmt":0.00,"totalRowCount":0,"totalTalbottDay":0.00}|0xc97e58e
08:38:52.0 (57386320)|STATEMENT_EXECUTE|[17]
08:38:52.0 (57389300)|STATEMENT_EXECUTE|[24]
08:38:52.0 (57471855)|VARIABLE_ASSIGNMENT|[EXTERNAL]|this|{"insrncBnftSelected":"","pawDetailListDisplay (4 more) ...":false,"pyAgrmntWrksht":"0x2451f461","relatedPAWDetailsLis (1 more) ...":"0x136f0543","targetEDR":0.00,"totalAppliedDeductib (2 more) ...":0.00,"totalCoInsurance":0.00,"totalCoPayAmt":0.00,"totalInsCoResp":0.00,"totalInsEIVAmt":0.00,"totalRowCount":0,"totalTalbottDay":0.00}|0xc97e58e
08:38:52.0 (57564612)|VARIABLE_ASSIGNMENT|[EXTERNAL]|this|{"insrncBnftSelected":"","pawDetailListDisplay (4 more) ...":false,"pyAgrmntWrksht":"0x2451f461","relatedPAWDetailsLis (1 more) ...":"0x136f0543","targetEDR":0.00,"totalAppliedDeductib (2 more) ...":0.00,"totalCoInsurance":0.00,"totalCoPayAmt":0.00,"totalInsCoResp":0.00,"totalInsEIVAmt":0.00,"totalRowCount":0,"totalTalbottDay":0.00}|0xc97e58e
08:38:52.0 (57667893)|HEAP_ALLOCATE|[25]|Bytes:4
08:38:52.0 (57898193)|VARIABLE_ASSIGNMENT|[EXTERNAL]|this|{"insrncBnftSelected":"","pawDetailListDisplay (4 more) ...":false,"pyAgrmntWrksht":"0x2451f461","relatedPAWDetailsLis (1 more) ...":"0x136f0543","targetEDR":0.00,"totalAppliedDeductib (2 more) ...":0.00,"totalCoInsurance":0.00,"totalCoPayAmt":0.00,"totalInsCoResp":0.00,"totalInsEIVAmt":0.00,"totalRowCount":0,"totalTalbottDay":0.00}|0xc97e58e
08:38:52.0 (57922230)|VARIABLE_ASSIGNMENT|[EXTERNAL]|value|{}|0x7f97c2a0
08:38:52.0 (57940721)|VARIABLE_ASSIGNMENT|[526]|this.insrncBnft|{}|0xc97e58e
08:38:52.0 (57957789)|STATEMENT_EXECUTE|[26]
08:38:52.0 (58041001)|VARIABLE_ASSIGNMENT|[EXTERNAL]|this|{"insrncBnft":"0x7f97c2a0","insrncBnftSelected":"","pawDetailListDisplay (4 more) ...":false,"pyAgrmntWrksht":"0x2451f461","relatedPAWDetailsLis (1 more) ...":"0x136f0543","targetEDR":0.00,"totalAppliedDeductib (2 more) ...":0.00,"totalCoInsurance":0.00,"totalCoPayAmt":0.00,"totalInsCoResp":0.00,"totalInsEIVAmt":0.00,"totalRowCount":0,"totalTalbottDay":0.00}|0xc97e58e
08:38:52.0 (58060058)|VARIABLE_ASSIGNMENT|[EXTERNAL]|value|0
08:38:52.0 (58067516)|HEAP_ALLOCATE|[531]|Bytes:4
08:38:52.0 (58077885)|VARIABLE_ASSIGNMENT|[531]|this.totalRowCount|0|0xc97e58e
08:38:52.0 (58088698)|STATEMENT_EXECUTE|[27]
08:38:52.0 (58132342)|HEAP_ALLOCATE|[27]|Bytes:28
08:38:52.0 (58139337)|HEAP_ALLOCATE|[27]|Bytes:28
08:38:52.0 (58203865)|VARIABLE_ASSIGNMENT|[EXTERNAL]|this|{"insrncBnft":"0x7f97c2a0","insrncBnftSelected":"","pawDetailListDisplay (4 more) ...":false,"pyAgrmntWrksht":"0x2451f461","relatedPAWDetailsLis (1 more) ...":"0x136f0543","targetEDR":0.00,"totalAppliedDeductib (2 more) ...":0.00,"totalCoInsurance":0.00,"totalCoPayAmt":0.00,"totalInsCoResp":0.00,"totalInsEIVAmt":0.00,"totalRowCount":0,"totalTalbottDay":0.00}|0xc97e58e
08:38:52.0 (58219071)|VARIABLE_ASSIGNMENT|[EXTERNAL]|value|0
08:38:52.0 (58230414)|VARIABLE_ASSIGNMENT|[532]|this.totalTalbottDay|0|0xc97e58e
08:38:52.0 (58241947)|STATEMENT_EXECUTE|[28]
08:38:52.0 (58243364)|STATEMENT_EXECUTE|[29]
08:38:52.0 (58301905)|VARIABLE_ASSIGNMENT|[EXTERNAL]|this|{"insrncBnft":"0x7f97c2a0","insrncBnftSelected":"","pawDetailListDisplay (4 more) ...":false,"pyAgrmntWrksht":"0x2451f461","relatedPAWDetailsLis (1 more) ...":"0x136f0543","targetEDR":0.00,"totalAppliedDeductib (2 more) ...":0.00,"totalCoInsurance":0.00,"totalCoPayAmt":0.00,"totalInsCoResp":0.00,"totalInsEIVAmt":0.00,"totalRowCount":0,"totalTalbottDay":0}|0xc97e58e
08:38:52.0 (58330153)|HEAP_ALLOCATE|[29]|Bytes:28
08:38:52.0 (58335920)|HEAP_ALLOCATE|[29]|Bytes:28
08:38:52.0 (58449420)|VARIABLE_ASSIGNMENT|[EXTERNAL]|this|{"insrncBnft":"0x7f97c2a0","insrncBnftSelected":"","pawDetailListDisplay (4 more) ...":false,"pyAgrmntWrksht":"0x2451f461","relatedPAWDetailsLis (1 more) ...":"0x136f0543","targetEDR":0.00,"totalAppliedDeductib (2 more) ...":0.00,"totalCoInsurance":0.00,"totalCoPayAmt":0.00,"totalInsCoResp":0.00,"totalInsEIVAmt":0.00,"totalRowCount":0,"totalTalbottDay":0}|0xc97e58e
08:38:52.0 (58465467)|VARIABLE_ASSIGNMENT|[EXTERNAL]|value|0
08:38:52.0 (58471037)|HEAP_ALLOCATE|[531]|Bytes:4
08:38:52.0 (58480402)|VARIABLE_ASSIGNMENT|[531]|this.totalRowCount|0|0xc97e58e
08:38:52.0 (58490696)|STATEMENT_EXECUTE|[31]
08:38:52.0 (58546612)|VARIABLE_ASSIGNMENT|[EXTERNAL]|this|{"insrncBnft":"0x7f97c2a0","insrncBnftSelected":"","pawDetailListDisplay (4 more) ...":false,"pyAgrmntWrksht":"0x2451f461","relatedPAWDetailsLis (1 more) ...":"0x136f0543","targetEDR":0.00,"totalAppliedDeductib (2 more) ...":0.00,"totalCoInsurance":0.00,"totalCoPayAmt":0.00,"totalInsCoResp":0.00,"totalInsEIVAmt":0.00,"totalRowCount":0,"totalTalbottDay":0}|0xc97e58e
08:38:52.0 (58573711)|HEAP_ALLOCATE|[31]|Bytes:28
08:38:52.0 (58579425)|HEAP_ALLOCATE|[31]|Bytes:28
08:38:52.0 (58665866)|VARIABLE_ASSIGNMENT|[EXTERNAL]|this|{"insrncBnft":"0x7f97c2a0","insrncBnftSelected":"","pawDetailListDisplay (4 more) ...":false,"pyAgrmntWrksht":"0x2451f461","relatedPAWDetailsLis (1 more) ...":"0x136f0543","targetEDR":0.00,"totalAppliedDeductib (2 more) ...":0.00,"totalCoInsurance":0.00,"totalCoPayAmt":0.00,"totalInsCoResp":0.00,"totalInsEIVAmt":0.00,"totalRowCount":0,"totalTalbottDay":0}|0xc97e58e
08:38:52.0 (58680759)|VARIABLE_ASSIGNMENT|[EXTERNAL]|value|0
08:38:52.0 (58686341)|HEAP_ALLOCATE|[531]|Bytes:4
08:38:52.0 (58696012)|VARIABLE_ASSIGNMENT|[531]|this.totalRowCount|0|0xc97e58e
08:38:52.0 (58710748)|STATEMENT_EXECUTE|[33]
08:38:52.0 (58772736)|VARIABLE_ASSIGNMENT|[EXTERNAL]|this|{"insrncBnft":"0x7f97c2a0","insrncBnftSelected":"","pawDetailListDisplay (4 more) ...":false,"pyAgrmntWrksht":"0x2451f461","relatedPAWDetailsLis (1 more) ...":"0x136f0543","targetEDR":0.00,"totalAppliedDeductib (2 more) ...":0.00,"totalCoInsurance":0.00,"totalCoPayAmt":0.00,"totalInsCoResp":0.00,"totalInsEIVAmt":0.00,"totalRowCount":0,"totalTalbottDay":0}|0xc97e58e
08:38:52.0 (58799984)|HEAP_ALLOCATE|[33]|Bytes:28
08:38:52.0 (58805508)|HEAP_ALLOCATE|[33]|Bytes:28
08:38:52.0 (58892856)|VARIABLE_ASSIGNMENT|[EXTERNAL]|this|{"insrncBnft":"0x7f97c2a0","insrncBnftSelected":"","pawDetailListDisplay (4 more) ...":false,"pyAgrmntWrksht":"0x2451f461","relatedPAWDetailsLis (1 more) ...":"0x136f0543","targetEDR":0.00,"totalAppliedDeductib (2 more) ...":0.00,"totalCoInsurance":0.00,"totalCoPayAmt":0.00,"totalInsCoResp":0.00,"totalInsEIVAmt":0.00,"totalRowCount":0,"totalTalbottDay":0}|0xc97e58e
08:38:52.0 (58908573)|VARIABLE_ASSIGNMENT|[EXTERNAL]|value|0
08:38:52.0 (58914325)|HEAP_ALLOCATE|[531]|Bytes:4
08:38:52.0 (58923854)|VARIABLE_ASSIGNMENT|[531]|this.totalRowCount|0|0xc97e58e
08:38:52.0 (58934328)|STATEMENT_EXECUTE|[35]
08:38:52.0 (58990929)|VARIABLE_ASSIGNMENT|[EXTERNAL]|this|{"insrncBnft":"0x7f97c2a0","insrncBnftSelected":"","pawDetailListDisplay (4 more) ...":false,"pyAgrmntWrksht":"0x2451f461","relatedPAWDetailsLis (1 more) ...":"0x136f0543","targetEDR":0.00,"totalAppliedDeductib (2 more) ...":0.00,"totalCoInsurance":0.00,"totalCoPayAmt":0.00,"totalInsCoResp":0.00,"totalInsEIVAmt":0.00,"totalRowCount":0,"totalTalbottDay":0}|0xc97e58e
08:38:52.0 (59017976)|HEAP_ALLOCATE|[35]|Bytes:28
08:38:52.0 (59024837)|HEAP_ALLOCATE|[35]|Bytes:28
08:38:52.0 (59111688)|VARIABLE_ASSIGNMENT|[EXTERNAL]|this|{"insrncBnft":"0x7f97c2a0","insrncBnftSelected":"","pawDetailListDisplay (4 more) ...":false,"pyAgrmntWrksht":"0x2451f461","relatedPAWDetailsLis (1 more) ...":"0x136f0543","targetEDR":0.00,"totalAppliedDeductib (2 more) ...":0.00,"totalCoInsurance":0.00,"totalCoPayAmt":0.00,"totalInsCoResp":0.00,"totalInsEIVAmt":0.00,"totalRowCount":0,"totalTalbottDay":0}|0xc97e58e
08:38:52.0 (59125850)|VARIABLE_ASSIGNMENT|[EXTERNAL]|value|0
08:38:52.0 (59131205)|HEAP_ALLOCATE|[531]|Bytes:4
08:38:52.0 (59140115)|VARIABLE_ASSIGNMENT|[531]|this.totalRowCount|0|0xc97e58e
08:38:52.0 (59150349)|STATEMENT_EXECUTE|[40]
08:38:52.0 (59208171)|VARIABLE_ASSIGNMENT|[EXTERNAL]|this|{"insrncBnft":"0x7f97c2a0","insrncBnftSelected":"","pawDetailListDisplay (4 more) ...":false,"pyAgrmntWrksht":"0x2451f461","relatedPAWDetailsLis (1 more) ...":"0x136f0543","targetEDR":0.00,"totalAppliedDeductib (2 more) ...":0.00,"totalCoInsurance":0.00,"totalCoPayAmt":0.00,"totalInsCoResp":0.00,"totalInsEIVAmt":0.00,"totalRowCount":0,"totalTalbottDay":0}|0xc97e58e
08:38:52.0 (59284605)|VARIABLE_ASSIGNMENT|[EXTERNAL]|this|{"insrncBnft":"0x7f97c2a0","insrncBnftSelected":"","pawDetailListDisplay (4 more) ...":false,"pyAgrmntWrksht":"0x2451f461","relatedPAWDetailsLis (1 more) ...":"0x136f0543","targetEDR":0.00,"totalAppliedDeductib (2 more) ...":0.00,"totalCoInsurance":0.00,"totalCoPayAmt":0.00,"totalInsCoResp":0.00,"totalInsEIVAmt":0.00,"totalRowCount":0,"totalTalbottDay":0}|0xc97e58e
08:38:52.0 (59330188)|HEAP_ALLOCATE|[40]|Bytes:28
08:38:52.0 (59336855)|HEAP_ALLOCATE|[40]|Bytes:28
08:38:52.0 (59386738)|VARIABLE_ASSIGNMENT|[EXTERNAL]|this|{"insrncBnft":"0x7f97c2a0","insrncBnftSelected":"","pawDetailListDisplay (4 more) ...":false,"pyAgrmntWrksht":"0x2451f461","relatedPAWDetailsLis (1 more) ...":"0x136f0543","targetEDR":0.00,"totalAppliedDeductib (2 more) ...":0.00,"totalCoInsurance":0.00,"totalCoPayAmt":0.00,"totalInsCoResp":0.00,"totalInsEIVAmt":0.00,"totalRowCount":0,"totalTalbottDay":0}|0xc97e58e
08:38:52.0 (59401800)|VARIABLE_ASSIGNMENT|[EXTERNAL]|value|0
08:38:52.0 (59411665)|VARIABLE_ASSIGNMENT|[532]|this.totalTalbottDay|0|0xc97e58e
08:38:52.0 (59422251)|STATEMENT_EXECUTE|[43]
08:38:52.0 (59474966)|VARIABLE_ASSIGNMENT|[EXTERNAL]|this|{"insrncBnft":"0x7f97c2a0","insrncBnftSelected":"","pawDetailListDisplay (4 more) ...":false,"pyAgrmntWrksht":"0x2451f461","relatedPAWDetailsLis (1 more) ...":"0x136f0543","targetEDR":0.00,"totalAppliedDeductib (2 more) ...":0.00,"totalCoInsurance":0.00,"totalCoPayAmt":0.00,"totalInsCoResp":0.00,"totalInsEIVAmt":0.00,"totalRowCount":0,"totalTalbottDay":0}|0xc97e58e
08:38:52.0 (59545549)|VARIABLE_ASSIGNMENT|[EXTERNAL]|this|{"insrncBnft":"0x7f97c2a0","insrncBnftSelected":"","pawDetailListDisplay (4 more) ...":false,"pyAgrmntWrksht":"0x2451f461","relatedPAWDetailsLis (1 more) ...":"0x136f0543","targetEDR":0.00,"totalAppliedDeductib (2 more) ...":0.00,"totalCoInsurance":0.00,"totalCoPayAmt":0.00,"totalInsCoResp":0.00,"totalInsEIVAmt":0.00,"totalRowCount":0,"totalTalbottDay":0}|0xc97e58e
08:38:52.0 (59618175)|HEAP_ALLOCATE|[43]|Bytes:28
08:38:52.0 (59629844)|HEAP_ALLOCATE|[43]|Bytes:28
08:38:52.0 (59703910)|VARIABLE_ASSIGNMENT|[EXTERNAL]|this|{"insrncBnft":"0x7f97c2a0","insrncBnftSelected":"","pawDetailListDisplay (4 more) ...":false,"pyAgrmntWrksht":"0x2451f461","relatedPAWDetailsLis (1 more) ...":"0x136f0543","targetEDR":0.00,"totalAppliedDeductib (2 more) ...":0.00,"totalCoInsurance":0.00,"totalCoPayAmt":0.00,"totalInsCoResp":0.00,"totalInsEIVAmt":0.00,"totalRowCount":0,"totalTalbottDay":0}|0xc97e58e
08:38:52.0 (59726531)|VARIABLE_ASSIGNMENT|[EXTERNAL]|value|0
08:38:52.0 (59739305)|VARIABLE_ASSIGNMENT|[532]|this.totalTalbottDay|0|0xc97e58e
08:38:52.0 (59750260)|STATEMENT_EXECUTE|[47]
08:38:52.0 (59764948)|HEAP_ALLOCATE|[47]|Bytes:28
08:38:52.0 (59770472)|HEAP_ALLOCATE|[47]|Bytes:28
08:38:52.0 (59830818)|VARIABLE_ASSIGNMENT|[EXTERNAL]|this|{"insrncBnft":"0x7f97c2a0","insrncBnftSelected":"","pawDetailListDisplay (4 more) ...":false,"pyAgrmntWrksht":"0x2451f461","relatedPAWDetailsLis (1 more) ...":"0x136f0543","targetEDR":0.00,"totalAppliedDeductib (2 more) ...":0.00,"totalCoInsurance":0.00,"totalCoPayAmt":0.00,"totalInsCoResp":0.00,"totalInsEIVAmt":0.00,"totalRowCount":0,"totalTalbottDay":0}|0xc97e58e
08:38:52.0 (59904719)|VARIABLE_ASSIGNMENT|[47]|this.Num_Days_Detox_DTX__c|0|0x2451f461
08:38:52.0 (59913365)|STATEMENT_EXECUTE|[48]
08:38:52.0 (59972684)|VARIABLE_ASSIGNMENT|[EXTERNAL]|this|{"insrncBnft":"0x7f97c2a0","insrncBnftSelected":"","pawDetailListDisplay (4 more) ...":false,"pyAgrmntWrksht":"0x2451f461","relatedPAWDetailsLis (1 more) ...":"0x136f0543","targetEDR":0.00,"totalAppliedDeductib (2 more) ...":0.00,"totalCoInsurance":0.00,"totalCoPayAmt":0.00,"totalInsCoResp":0.00,"totalInsEIVAmt":0.00,"totalRowCount":0,"totalTalbottDay":0}|0xc97e58e
08:38:52.0 (59996351)|HEAP_ALLOCATE|[48]|Bytes:4
08:38:52.0 (60013889)|HEAP_ALLOCATE|[48]|Bytes:28
08:38:52.0 (60066186)|VARIABLE_ASSIGNMENT|[EXTERNAL]|this|{"insrncBnft":"0x7f97c2a0","insrncBnftSelected":"","pawDetailListDisplay (4 more) ...":false,"pyAgrmntWrksht":"0x2451f461","relatedPAWDetailsLis (1 more) ...":"0x136f0543","targetEDR":0.00,"totalAppliedDeductib (2 more) ...":0.00,"totalCoInsurance":0.00,"totalCoPayAmt":0.00,"totalInsCoResp":0.00,"totalInsEIVAmt":0.00,"totalRowCount":0,"totalTalbottDay":0}|0xc97e58e
08:38:52.0 (60128110)|VARIABLE_ASSIGNMENT|[48]|this.Detox_Over__c|0.00|0x2451f461
08:38:52.0 (60136245)|STATEMENT_EXECUTE|[49]
08:38:52.0 (60194931)|VARIABLE_ASSIGNMENT|[EXTERNAL]|this|{"insrncBnft":"0x7f97c2a0","insrncBnftSelected":"","pawDetailListDisplay (4 more) ...":false,"pyAgrmntWrksht":"0x2451f461","relatedPAWDetailsLis (1 more) ...":"0x136f0543","targetEDR":0.00,"totalAppliedDeductib (2 more) ...":0.00,"totalCoInsurance":0.00,"totalCoPayAmt":0.00,"totalInsCoResp":0.00,"totalInsEIVAmt":0.00,"totalRowCount":0,"totalTalbottDay":0}|0xc97e58e
08:38:52.0 (60223287)|HEAP_ALLOCATE|[49]|Bytes:28
08:38:52.0 (60273716)|VARIABLE_ASSIGNMENT|[EXTERNAL]|this|{"insrncBnft":"0x7f97c2a0","insrncBnftSelected":"","pawDetailListDisplay (4 more) ...":false,"pyAgrmntWrksht":"0x2451f461","relatedPAWDetailsLis (1 more) ...":"0x136f0543","targetEDR":0.00,"totalAppliedDeductib (2 more) ...":0.00,"totalCoInsurance":0.00,"totalCoPayAmt":0.00,"totalInsCoResp":0.00,"totalInsEIVAmt":0.00,"totalRowCount":0,"totalTalbottDay":0}|0xc97e58e
08:38:52.0 (60334005)|VARIABLE_ASSIGNMENT|[49]|this.Detox_Pays_at__c|0.00|0x2451f461
08:38:52.0 (60342475)|STATEMENT_EXECUTE|[51]
08:38:52.0 (60357111)|HEAP_ALLOCATE|[51]|Bytes:28
08:38:52.0 (60362480)|HEAP_ALLOCATE|[51]|Bytes:28
08:38:52.0 (60422664)|VARIABLE_ASSIGNMENT|[EXTERNAL]|this|{"insrncBnft":"0x7f97c2a0","insrncBnftSelected":"","pawDetailListDisplay (4 more) ...":false,"pyAgrmntWrksht":"0x2451f461","relatedPAWDetailsLis (1 more) ...":"0x136f0543","targetEDR":0.00,"totalAppliedDeductib (2 more) ...":0.00,"totalCoInsurance":0.00,"totalCoPayAmt":0.00,"totalInsCoResp":0.00,"totalInsEIVAmt":0.00,"totalRowCount":0,"totalTalbottDay":0}|0xc97e58e
08:38:52.0 (60487562)|VARIABLE_ASSIGNMENT|[51]|this.Num_Days_Residential_Treatment_RTC__c|0|0x2451f461
08:38:52.0 (60495948)|STATEMENT_EXECUTE|[52]
08:38:52.0 (60555226)|VARIABLE_ASSIGNMENT|[EXTERNAL]|this|{"insrncBnft":"0x7f97c2a0","insrncBnftSelected":"","pawDetailListDisplay (4 more) ...":false,"pyAgrmntWrksht":"0x2451f461","relatedPAWDetailsLis (1 more) ...":"0x136f0543","targetEDR":0.00,"totalAppliedDeductib (2 more) ...":0.00,"totalCoInsurance":0.00,"totalCoPayAmt":0.00,"totalInsCoResp":0.00,"totalInsEIVAmt":0.00,"totalRowCount":0,"totalTalbottDay":0}|0xc97e58e
08:38:52.0 (60583638)|HEAP_ALLOCATE|[52]|Bytes:28
08:38:52.0 (60634872)|VARIABLE_ASSIGNMENT|[EXTERNAL]|this|{"insrncBnft":"0x7f97c2a0","insrncBnftSelected":"","pawDetailListDisplay (4 more) ...":false,"pyAgrmntWrksht":"0x2451f461","relatedPAWDetailsLis (1 more) ...":"0x136f0543","targetEDR":0.00,"totalAppliedDeductib (2 more) ...":0.00,"totalCoInsurance":0.00,"totalCoPayAmt":0.00,"totalInsCoResp":0.00,"totalInsEIVAmt":0.00,"totalRowCount":0,"totalTalbottDay":0}|0xc97e58e
08:38:52.0 (60694698)|VARIABLE_ASSIGNMENT|[52]|this.Residential_Treatment_Override__c|0.00|0x2451f461
08:38:52.0 (60703257)|STATEMENT_EXECUTE|[53]
08:38:52.0 (60771628)|VARIABLE_ASSIGNMENT|[EXTERNAL]|this|{"insrncBnft":"0x7f97c2a0","insrncBnftSelected":"","pawDetailListDisplay (4 more) ...":false,"pyAgrmntWrksht":"0x2451f461","relatedPAWDetailsLis (1 more) ...":"0x136f0543","targetEDR":0.00,"totalAppliedDeductib (2 more) ...":0.00,"totalCoInsurance":0.00,"totalCoPayAmt":0.00,"totalInsCoResp":0.00,"totalInsEIVAmt":0.00,"totalRowCount":0,"totalTalbottDay":0}|0xc97e58e
08:38:52.0 (60800952)|HEAP_ALLOCATE|[53]|Bytes:28
08:38:52.0 (60852660)|VARIABLE_ASSIGNMENT|[EXTERNAL]|this|{"insrncBnft":"0x7f97c2a0","insrncBnftSelected":"","pawDetailListDisplay (4 more) ...":false,"pyAgrmntWrksht":"0x2451f461","relatedPAWDetailsLis (1 more) ...":"0x136f0543","targetEDR":0.00,"totalAppliedDeductib (2 more) ...":0.00,"totalCoInsurance":0.00,"totalCoPayAmt":0.00,"totalInsCoResp":0.00,"totalInsEIVAmt":0.00,"totalRowCount":0,"totalTalbottDay":0}|0xc97e58e
08:38:52.0 (60916219)|VARIABLE_ASSIGNMENT|[53]|this.RTC_Pays_at__c|0.00|0x2451f461
08:38:52.0 (60925035)|STATEMENT_EXECUTE|[55]
08:38:52.0 (60940068)|HEAP_ALLOCATE|[55]|Bytes:28
08:38:52.0 (60945449)|HEAP_ALLOCATE|[55]|Bytes:28
08:38:52.0 (61005679)|VARIABLE_ASSIGNMENT|[EXTERNAL]|this|{"insrncBnft":"0x7f97c2a0","insrncBnftSelected":"","pawDetailListDisplay (4 more) ...":false,"pyAgrmntWrksht":"0x2451f461","relatedPAWDetailsLis (1 more) ...":"0x136f0543","targetEDR":0.00,"totalAppliedDeductib (2 more) ...":0.00,"totalCoInsurance":0.00,"totalCoPayAmt":0.00,"totalInsCoResp":0.00,"totalInsEIVAmt":0.00,"totalRowCount":0,"totalTalbottDay":0}|0xc97e58e
08:38:52.0 (61069917)|VARIABLE_ASSIGNMENT|[55]|this.Num_Days_Partial_Hospitalization_PHP__c|0|0x2451f461
08:38:52.0 (61078323)|STATEMENT_EXECUTE|[56]
08:38:52.0 (61138335)|VARIABLE_ASSIGNMENT|[EXTERNAL]|this|{"insrncBnft":"0x7f97c2a0","insrncBnftSelected":"","pawDetailListDisplay (4 more) ...":false,"pyAgrmntWrksht":"0x2451f461","relatedPAWDetailsLis (1 more) ...":"0x136f0543","targetEDR":0.00,"totalAppliedDeductib (2 more) ...":0.00,"totalCoInsurance":0.00,"totalCoPayAmt":0.00,"totalInsCoResp":0.00,"totalInsEIVAmt":0.00,"totalRowCount":0,"totalTalbottDay":0}|0xc97e58e
08:38:52.0 (61167135)|HEAP_ALLOCATE|[56]|Bytes:28
08:38:52.0 (61218554)|VARIABLE_ASSIGNMENT|[EXTERNAL]|this|{"insrncBnft":"0x7f97c2a0","insrncBnftSelected":"","pawDetailListDisplay (4 more) ...":false,"pyAgrmntWrksht":"0x2451f461","relatedPAWDetailsLis (1 more) ...":"0x136f0543","targetEDR":0.00,"totalAppliedDeductib (2 more) ...":0.00,"totalCoInsurance":0.00,"totalCoPayAmt":0.00,"totalInsCoResp":0.00,"totalInsEIVAmt":0.00,"totalRowCount":0,"totalTalbottDay":0}|0xc97e58e
08:38:52.0 (61277924)|VARIABLE_ASSIGNMENT|[56]|this.Partial_Hospitalization_Override__c|0.00|0x2451f461
08:38:52.0 (61286395)|STATEMENT_EXECUTE|[57]
08:38:52.0 (61344394)|VARIABLE_ASSIGNMENT|[EXTERNAL]|this|{"insrncBnft":"0x7f97c2a0","insrncBnftSelected":"","pawDetailListDisplay (4 more) ...":false,"pyAgrmntWrksht":"0x2451f461","relatedPAWDetailsLis (1 more) ...":"0x136f0543","targetEDR":0.00,"totalAppliedDeductib (2 more) ...":0.00,"totalCoInsurance":0.00,"totalCoPayAmt":0.00,"totalInsCoResp":0.00,"totalInsEIVAmt":0.00,"totalRowCount":0,"totalTalbottDay":0}|0xc97e58e
08:38:52.0 (61372977)|HEAP_ALLOCATE|[57]|Bytes:28
08:38:52.0 (61423944)|VARIABLE_ASSIGNMENT|[EXTERNAL]|this|{"insrncBnft":"0x7f97c2a0","insrncBnftSelected":"","pawDetailListDisplay (4 more) ...":false,"pyAgrmntWrksht":"0x2451f461","relatedPAWDetailsLis (1 more) ...":"0x136f0543","targetEDR":0.00,"totalAppliedDeductib (2 more) ...":0.00,"totalCoInsurance":0.00,"totalCoPayAmt":0.00,"totalInsCoResp":0.00,"totalInsEIVAmt":0.00,"totalRowCount":0,"totalTalbottDay":0}|0xc97e58e
08:38:52.0 (61484216)|VARIABLE_ASSIGNMENT|[57]|this.PHP_Pays_at__c|0.00|0x2451f461
08:38:52.0 (61492820)|STATEMENT_EXECUTE|[59]
08:38:52.0 (61507838)|HEAP_ALLOCATE|[59]|Bytes:28
08:38:52.0 (61513159)|HEAP_ALLOCATE|[59]|Bytes:28
08:38:52.0 (61573758)|VARIABLE_ASSIGNMENT|[EXTERNAL]|this|{"insrncBnft":"0x7f97c2a0","insrncBnftSelected":"","pawDetailListDisplay (4 more) ...":false,"pyAgrmntWrksht":"0x2451f461","relatedPAWDetailsLis (1 more) ...":"0x136f0543","targetEDR":0.00,"totalAppliedDeductib (2 more) ...":0.00,"totalCoInsurance":0.00,"totalCoPayAmt":0.00,"totalInsCoResp":0.00,"totalInsEIVAmt":0.00,"totalRowCount":0,"totalTalbottDay":0}|0xc97e58e
08:38:52.0 (61638406)|VARIABLE_ASSIGNMENT|[59]|this.Num_Days_Intensive_Outpatient_IOP__c|0|0x2451f461
08:38:52.0 (61646951)|STATEMENT_EXECUTE|[60]
08:38:52.0 (61705167)|VARIABLE_ASSIGNMENT|[EXTERNAL]|this|{"insrncBnft":"0x7f97c2a0","insrncBnftSelected":"","pawDetailListDisplay (4 more) ...":false,"pyAgrmntWrksht":"0x2451f461","relatedPAWDetailsLis (1 more) ...":"0x136f0543","targetEDR":0.00,"totalAppliedDeductib (2 more) ...":0.00,"totalCoInsurance":0.00,"totalCoPayAmt":0.00,"totalInsCoResp":0.00,"totalInsEIVAmt":0.00,"totalRowCount":0,"totalTalbottDay":0}|0xc97e58e
08:38:52.0 (61737796)|HEAP_ALLOCATE|[60]|Bytes:28
08:38:52.0 (61790746)|VARIABLE_ASSIGNMENT|[EXTERNAL]|this|{"insrncBnft":"0x7f97c2a0","insrncBnftSelected":"","pawDetailListDisplay (4 more) ...":false,"pyAgrmntWrksht":"0x2451f461","relatedPAWDetailsLis (1 more) ...":"0x136f0543","targetEDR":0.00,"totalAppliedDeductib (2 more) ...":0.00,"totalCoInsurance":0.00,"totalCoPayAmt":0.00,"totalInsCoResp":0.00,"totalInsEIVAmt":0.00,"totalRowCount":0,"totalTalbottDay":0}|0xc97e58e
08:38:52.0 (61851885)|VARIABLE_ASSIGNMENT|[60]|this.Intensive_Outpatient_Override__c|0.00|0x2451f461
08:38:52.0 (61860876)|STATEMENT_EXECUTE|[61]
08:38:52.0 (61921740)|VARIABLE_ASSIGNMENT|[EXTERNAL]|this|{"insrncBnft":"0x7f97c2a0","insrncBnftSelected":"","pawDetailListDisplay (4 more) ...":false,"pyAgrmntWrksht":"0x2451f461","relatedPAWDetailsLis (1 more) ...":"0x136f0543","targetEDR":0.00,"totalAppliedDeductib (2 more) ...":0.00,"totalCoInsurance":0.00,"totalCoPayAmt":0.00,"totalInsCoResp":0.00,"totalInsEIVAmt":0.00,"totalRowCount":0,"totalTalbottDay":0}|0xc97e58e
08:38:52.0 (61949752)|HEAP_ALLOCATE|[61]|Bytes:28
08:38:52.0 (62000923)|VARIABLE_ASSIGNMENT|[EXTERNAL]|this|{"insrncBnft":"0x7f97c2a0","insrncBnftSelected":"","pawDetailListDisplay (4 more) ...":false,"pyAgrmntWrksht":"0x2451f461","relatedPAWDetailsLis (1 more) ...":"0x136f0543","targetEDR":0.00,"totalAppliedDeductib (2 more) ...":0.00,"totalCoInsurance":0.00,"totalCoPayAmt":0.00,"totalInsCoResp":0.00,"totalInsEIVAmt":0.00,"totalRowCount":0,"totalTalbottDay":0}|0xc97e58e
08:38:52.0 (62062257)|VARIABLE_ASSIGNMENT|[61]|this.IOP_Pays_at__c|0.00|0x2451f461
08:38:52.0 (62071139)|STATEMENT_EXECUTE|[63]
08:38:52.0 (62129341)|VARIABLE_ASSIGNMENT|[EXTERNAL]|this|{"insrncBnft":"0x7f97c2a0","insrncBnftSelected":"","pawDetailListDisplay (4 more) ...":false,"pyAgrmntWrksht":"0x2451f461","relatedPAWDetailsLis (1 more) ...":"0x136f0543","targetEDR":0.00,"totalAppliedDeductib (2 more) ...":0.00,"totalCoInsurance":0.00,"totalCoPayAmt":0.00,"totalInsCoResp":0.00,"totalInsEIVAmt":0.00,"totalRowCount":0,"totalTalbottDay":0}|0xc97e58e
08:38:52.0 (62158243)|HEAP_ALLOCATE|[63]|Bytes:28
08:38:52.0 (62164305)|HEAP_ALLOCATE|[63]|Bytes:28
08:38:52.0 (62212944)|VARIABLE_ASSIGNMENT|[EXTERNAL]|this|{"insrncBnft":"0x7f97c2a0","insrncBnftSelected":"","pawDetailListDisplay (4 more) ...":false,"pyAgrmntWrksht":"0x2451f461","relatedPAWDetailsLis (1 more) ...":"0x136f0543","targetEDR":0.00,"totalAppliedDeductib (2 more) ...":0.00,"totalCoInsurance":0.00,"totalCoPayAmt":0.00,"totalInsCoResp":0.00,"totalInsEIVAmt":0.00,"totalRowCount":0,"totalTalbottDay":0}|0xc97e58e
08:38:52.0 (62275518)|VARIABLE_ASSIGNMENT|[63]|this.Num_Days_Uncovered__c|0|0x2451f461
08:38:52.0 (62283996)|STATEMENT_EXECUTE|[64]
08:38:52.0 (62342996)|VARIABLE_ASSIGNMENT|[EXTERNAL]|this|{"insrncBnft":"0x7f97c2a0","insrncBnftSelected":"","pawDetailListDisplay (4 more) ...":false,"pyAgrmntWrksht":"0x2451f461","relatedPAWDetailsLis (1 more) ...":"0x136f0543","targetEDR":0.00,"totalAppliedDeductib (2 more) ...":0.00,"totalCoInsurance":0.00,"totalCoPayAmt":0.00,"totalInsCoResp":0.00,"totalInsEIVAmt":0.00,"totalRowCount":0,"totalTalbottDay":0}|0xc97e58e
08:38:52.0 (62373034)|HEAP_ALLOCATE|[64]|Bytes:28
08:38:52.0 (62378934)|HEAP_ALLOCATE|[64]|Bytes:28
08:38:52.0 (62428218)|VARIABLE_ASSIGNMENT|[EXTERNAL]|this|{"insrncBnft":"0x7f97c2a0","insrncBnftSelected":"","pawDetailListDisplay (4 more) ...":false,"pyAgrmntWrksht":"0x2451f461","relatedPAWDetailsLis (1 more) ...":"0x136f0543","targetEDR":0.00,"totalAppliedDeductib (2 more) ...":0.00,"totalCoInsurance":0.00,"totalCoPayAmt":0.00,"totalInsCoResp":0.00,"totalInsEIVAmt":0.00,"totalRowCount":0,"totalTalbottDay":0}|0xc97e58e
08:38:52.0 (62489717)|VARIABLE_ASSIGNMENT|[64]|this.Uncovered_Days_Rate__c|0|0x2451f461
08:38:52.0 (62498471)|STATEMENT_EXECUTE|[65]
08:38:52.0 (62557662)|VARIABLE_ASSIGNMENT|[EXTERNAL]|this|{"insrncBnft":"0x7f97c2a0","insrncBnftSelected":"","pawDetailListDisplay (4 more) ...":false,"pyAgrmntWrksht":"0x2451f461","relatedPAWDetailsLis (1 more) ...":"0x136f0543","targetEDR":0.00,"totalAppliedDeductib (2 more) ...":0.00,"totalCoInsurance":0.00,"totalCoPayAmt":0.00,"totalInsCoResp":0.00,"totalInsEIVAmt":0.00,"totalRowCount":0,"totalTalbottDay":0}|0xc97e58e
08:38:52.0 (62587346)|HEAP_ALLOCATE|[65]|Bytes:28
08:38:52.0 (62593025)|HEAP_ALLOCATE|[65]|Bytes:28
08:38:52.0 (62642032)|VARIABLE_ASSIGNMENT|[EXTERNAL]|this|{"insrncBnft":"0x7f97c2a0","insrncBnftSelected":"","pawDetailListDisplay (4 more) ...":false,"pyAgrmntWrksht":"0x2451f461","relatedPAWDetailsLis (1 more) ...":"0x136f0543","targetEDR":0.00,"totalAppliedDeductib (2 more) ...":0.00,"totalCoInsurance":0.00,"totalCoPayAmt":0.00,"totalInsCoResp":0.00,"totalInsEIVAmt":0.00,"totalRowCount":0,"totalTalbottDay":0}|0xc97e58e
08:38:52.0 (62704821)|VARIABLE_ASSIGNMENT|[65]|this.Uncovered_Days_Override__c|0|0x2451f461
08:38:52.0 (62713435)|STATEMENT_EXECUTE|[66]
08:38:52.0 (62776505)|VARIABLE_ASSIGNMENT|[EXTERNAL]|this|{"insrncBnft":"0x7f97c2a0","insrncBnftSelected":"","pawDetailListDisplay (4 more) ...":false,"pyAgrmntWrksht":"0x2451f461","relatedPAWDetailsLis (1 more) ...":"0x136f0543","targetEDR":0.00,"totalAppliedDeductib (2 more) ...":0.00,"totalCoInsurance":0.00,"totalCoPayAmt":0.00,"totalInsCoResp":0.00,"totalInsEIVAmt":0.00,"totalRowCount":0,"totalTalbottDay":0}|0xc97e58e
08:38:52.0 (62805951)|HEAP_ALLOCATE|[66]|Bytes:28
08:38:52.0 (62811682)|HEAP_ALLOCATE|[66]|Bytes:28
08:38:52.0 (62865735)|VARIABLE_ASSIGNMENT|[EXTERNAL]|this|{"insrncBnft":"0x7f97c2a0","insrncBnftSelected":"","pawDetailListDisplay (4 more) ...":false,"pyAgrmntWrksht":"0x2451f461","relatedPAWDetailsLis (1 more) ...":"0x136f0543","targetEDR":0.00,"totalAppliedDeductib (2 more) ...":0.00,"totalCoInsurance":0.00,"totalCoPayAmt":0.00,"totalInsCoResp":0.00,"totalInsEIVAmt":0.00,"totalRowCount":0,"totalTalbottDay":0}|0xc97e58e
08:38:52.0 (62931483)|VARIABLE_ASSIGNMENT|[66]|this.Num_Days_Room__c|0|0x2451f461
08:38:52.0 (62940609)|STATEMENT_EXECUTE|[70]
08:38:52.0 (62999475)|VARIABLE_ASSIGNMENT|[EXTERNAL]|this|{"insrncBnft":"0x7f97c2a0","insrncBnftSelected":"","pawDetailListDisplay (4 more) ...":false,"pyAgrmntWrksht":"0x2451f461","relatedPAWDetailsLis (1 more) ...":"0x136f0543","targetEDR":0.00,"totalAppliedDeductib (2 more) ...":0.00,"totalCoInsurance":0.00,"totalCoPayAmt":0.00,"totalInsCoResp":0.00,"totalInsEIVAmt":0.00,"totalRowCount":0,"totalTalbottDay":0}|0xc97e58e
08:38:52.0 (63029566)|HEAP_ALLOCATE|[70]|Bytes:28
08:38:52.0 (63036297)|HEAP_ALLOCATE|[70]|Bytes:28
08:38:52.0 (63085756)|VARIABLE_ASSIGNMENT|[EXTERNAL]|this|{"insrncBnft":"0x7f97c2a0","insrncBnftSelected":"","pawDetailListDisplay (4 more) ...":false,"pyAgrmntWrksht":"0x2451f461","relatedPAWDetailsLis (1 more) ...":"0x136f0543","targetEDR":0.00,"totalAppliedDeductib (2 more) ...":0.00,"totalCoInsurance":0.00,"totalCoPayAmt":0.00,"totalInsCoResp":0.00,"totalInsEIVAmt":0.00,"totalRowCount":0,"totalTalbottDay":0}|0xc97e58e
08:38:52.0 (63148731)|VARIABLE_ASSIGNMENT|[70]|this.Room_and_Board_Days_Override__c|0|0x2451f461
08:38:52.0 (63217650)|VARIABLE_ASSIGNMENT|[EXTERNAL]|this|{"insrncBnft":"0x7f97c2a0","insrncBnftSelected":"","pawDetailListDisplay (4 more) ...":false,"pyAgrmntWrksht":"0x2451f461","relatedPAWDetailsLis (1 more) ...":"0x136f0543","targetEDR":0.00,"totalAppliedDeductib (2 more) ...":0.00,"totalCoInsurance":0.00,"totalCoPayAmt":0.00,"totalInsCoResp":0.00,"totalInsEIVAmt":0.00,"totalRowCount":0,"totalTalbottDay":0}|0xc97e58e
08:38:52.0 (63239220)|STATEMENT_EXECUTE|[71]
08:38:52.0 (63292172)|VARIABLE_ASSIGNMENT|[EXTERNAL]|this|{"insrncBnft":"0x7f97c2a0","insrncBnftSelected":"","pawDetailListDisplay (4 more) ...":false,"pyAgrmntWrksht":"0x2451f461","relatedPAWDetailsLis (1 more) ...":"0x136f0543","targetEDR":0.00,"totalAppliedDeductib (2 more) ...":0.00,"totalCoInsurance":0.00,"totalCoPayAmt":0.00,"totalInsCoResp":0.00,"totalInsEIVAmt":0.00,"totalRowCount":0,"totalTalbottDay":0}|0xc97e58e
08:38:52.0 (63312945)|STATEMENT_EXECUTE|[77]
08:38:52.0 (63314579)|STATEMENT_EXECUTE|[78]
08:38:52.0 (63366717)|VARIABLE_ASSIGNMENT|[EXTERNAL]|this|{"insrncBnft":"0x7f97c2a0","insrncBnftSelected":"","pawDetailListDisplay (4 more) ...":false,"pyAgrmntWrksht":"0x2451f461","relatedPAWDetailsLis (1 more) ...":"0x136f0543","targetEDR":0.00,"totalAppliedDeductib (2 more) ...":0.00,"totalCoInsurance":0.00,"totalCoPayAmt":0.00,"totalInsCoResp":0.00,"totalInsEIVAmt":0.00,"totalRowCount":0,"totalTalbottDay":0}|0xc97e58e
08:38:52.0 (63428412)|VARIABLE_ASSIGNMENT|[EXTERNAL]|this|{"insrncBnft":"0x7f97c2a0","insrncBnftSelected":"","pawDetailListDisplay (4 more) ...":false,"pyAgrmntWrksht":"0x2451f461","relatedPAWDetailsLis (1 more) ...":"0x136f0543","targetEDR":0.00,"totalAppliedDeductib (2 more) ...":0.00,"totalCoInsurance":0.00,"totalCoPayAmt":0.00,"totalInsCoResp":0.00,"totalInsEIVAmt":0.00,"totalRowCount":0,"totalTalbottDay":0}|0xc97e58e
08:38:52.0 (63490036)|VARIABLE_ASSIGNMENT|[78]|this.Uncovered_Charges__c|null|0x2451f461
08:38:52.0 (63498868)|STATEMENT_EXECUTE|[80]
08:38:52.0 (63509176)|HEAP_ALLOCATE|[80]|Bytes:28
08:38:52.0 (63518981)|VARIABLE_SCOPE_BEGIN|[80]|coPayRemaining|Decimal|false|false
08:38:52.0 (63530290)|VARIABLE_ASSIGNMENT|[80]|coPayRemaining|0.00
08:38:52.0 (63534675)|STATEMENT_EXECUTE|[81]
08:38:52.0 (63591894)|VARIABLE_ASSIGNMENT|[EXTERNAL]|this|{"insrncBnft":"0x7f97c2a0","insrncBnftSelected":"","pawDetailListDisplay (4 more) ...":false,"pyAgrmntWrksht":"0x2451f461","relatedPAWDetailsLis (1 more) ...":"0x136f0543","targetEDR":0.00,"totalAppliedDeductib (2 more) ...":0.00,"totalCoInsurance":0.00,"totalCoPayAmt":0.00,"totalInsCoResp":0.00,"totalInsEIVAmt":0.00,"totalRowCount":0,"totalTalbottDay":0}|0xc97e58e
08:38:52.0 (63637116)|HEAP_ALLOCATE|[81]|Bytes:28
08:38:52.0 (63692243)|VARIABLE_ASSIGNMENT|[EXTERNAL]|this|{"insrncBnft":"0x7f97c2a0","insrncBnftSelected":"","pawDetailListDisplay (4 more) ...":false,"pyAgrmntWrksht":"0x2451f461","relatedPAWDetailsLis (1 more) ...":"0x136f0543","targetEDR":0.00,"totalAppliedDeductib (2 more) ...":0.00,"totalCoInsurance":0.00,"totalCoPayAmt":0.00,"totalInsCoResp":0.00,"totalInsEIVAmt":0.00,"totalRowCount":0,"totalTalbottDay":0}|0xc97e58e
08:38:52.0 (63724433)|HEAP_ALLOCATE|[81]|Bytes:28
08:38:52.0 (63730838)|HEAP_ALLOCATE|[81]|Bytes:28
08:38:52.0 (63783207)|HEAP_ALLOCATE|[81]|Bytes:28
08:38:52.0 (63790383)|HEAP_ALLOCATE|[81]|Bytes:28
08:38:52.0 (63810256)|VARIABLE_ASSIGNMENT|[81]|coPayRemaining|0
08:38:52.0 (63816469)|STATEMENT_EXECUTE|[82]
08:38:52.0 (63874706)|VARIABLE_ASSIGNMENT|[EXTERNAL]|this|{"insrncBnft":"0x7f97c2a0","insrncBnftSelected":"","pawDetailListDisplay (4 more) ...":false,"pyAgrmntWrksht":"0x2451f461","relatedPAWDetailsLis (1 more) ...":"0x136f0543","targetEDR":0.00,"totalAppliedDeductib (2 more) ...":0.00,"totalCoInsurance":0.00,"totalCoPayAmt":0.00,"totalInsCoResp":0.00,"totalInsEIVAmt":0.00,"totalRowCount":0,"totalTalbottDay":0}|0xc97e58e
08:38:52.0 (63919455)|HEAP_ALLOCATE|[82]|Bytes:28
08:38:52.0 (63974520)|VARIABLE_ASSIGNMENT|[EXTERNAL]|this|{"insrncBnft":"0x7f97c2a0","insrncBnftSelected":"","pawDetailListDisplay (4 more) ...":false,"pyAgrmntWrksht":"0x2451f461","relatedPAWDetailsLis (1 more) ...":"0x136f0543","targetEDR":0.00,"totalAppliedDeductib (2 more) ...":0.00,"totalCoInsurance":0.00,"totalCoPayAmt":0.00,"totalInsCoResp":0.00,"totalInsEIVAmt":0.00,"totalRowCount":0,"totalTalbottDay":0}|0xc97e58e
08:38:52.0 (64003257)|HEAP_ALLOCATE|[82]|Bytes:28
08:38:52.0 (64009597)|HEAP_ALLOCATE|[82]|Bytes:28
08:38:52.0 (64035002)|HEAP_ALLOCATE|[82]|Bytes:28
08:38:52.0 (64040715)|HEAP_ALLOCATE|[82]|Bytes:28
08:38:52.0 (64073874)|HEAP_ALLOCATE|[82]|Bytes:28
08:38:52.0 (64079470)|HEAP_ALLOCATE|[82]|Bytes:28
08:38:52.0 (64096207)|VARIABLE_ASSIGNMENT|[82]|coPayRemaining|0
08:38:52.0 (64102118)|STATEMENT_EXECUTE|[83]
08:38:52.0 (64158695)|VARIABLE_ASSIGNMENT|[EXTERNAL]|this|{"insrncBnft":"0x7f97c2a0","insrncBnftSelected":"","pawDetailListDisplay (4 more) ...":false,"pyAgrmntWrksht":"0x2451f461","relatedPAWDetailsLis (1 more) ...":"0x136f0543","targetEDR":0.00,"totalAppliedDeductib (2 more) ...":0.00,"totalCoInsurance":0.00,"totalCoPayAmt":0.00,"totalInsCoResp":0.00,"totalInsEIVAmt":0.00,"totalRowCount":0,"totalTalbottDay":0}|0xc97e58e
08:38:52.0 (64200711)|HEAP_ALLOCATE|[83]|Bytes:28
08:38:52.0 (64255007)|VARIABLE_ASSIGNMENT|[EXTERNAL]|this|{"insrncBnft":"0x7f97c2a0","insrncBnftSelected":"","pawDetailListDisplay (4 more) ...":false,"pyAgrmntWrksht":"0x2451f461","relatedPAWDetailsLis (1 more) ...":"0x136f0543","targetEDR":0.00,"totalAppliedDeductib (2 more) ...":0.00,"totalCoInsurance":0.00,"totalCoPayAmt":0.00,"totalInsCoResp":0.00,"totalInsEIVAmt":0.00,"totalRowCount":0,"totalTalbottDay":0}|0xc97e58e
08:38:52.0 (64283540)|HEAP_ALLOCATE|[83]|Bytes:28
08:38:52.0 (64288965)|HEAP_ALLOCATE|[83]|Bytes:28
08:38:52.0 (64313084)|HEAP_ALLOCATE|[83]|Bytes:28
08:38:52.0 (64319057)|HEAP_ALLOCATE|[83]|Bytes:28
08:38:52.0 (64344883)|HEAP_ALLOCATE|[83]|Bytes:28
08:38:52.0 (64350047)|HEAP_ALLOCATE|[83]|Bytes:28
08:38:52.0 (64366280)|VARIABLE_ASSIGNMENT|[83]|coPayRemaining|0
08:38:52.0 (64372004)|STATEMENT_EXECUTE|[84]
08:38:52.0 (64427670)|VARIABLE_ASSIGNMENT|[EXTERNAL]|this|{"insrncBnft":"0x7f97c2a0","insrncBnftSelected":"","pawDetailListDisplay (4 more) ...":false,"pyAgrmntWrksht":"0x2451f461","relatedPAWDetailsLis (1 more) ...":"0x136f0543","targetEDR":0.00,"totalAppliedDeductib (2 more) ...":0.00,"totalCoInsurance":0.00,"totalCoPayAmt":0.00,"totalInsCoResp":0.00,"totalInsEIVAmt":0.00,"totalRowCount":0,"totalTalbottDay":0}|0xc97e58e
08:38:52.0 (64469500)|HEAP_ALLOCATE|[84]|Bytes:28
08:38:52.0 (64523908)|VARIABLE_ASSIGNMENT|[EXTERNAL]|this|{"insrncBnft":"0x7f97c2a0","insrncBnftSelected":"","pawDetailListDisplay (4 more) ...":false,"pyAgrmntWrksht":"0x2451f461","relatedPAWDetailsLis (1 more) ...":"0x136f0543","targetEDR":0.00,"totalAppliedDeductib (2 more) ...":0.00,"totalCoInsurance":0.00,"totalCoPayAmt":0.00,"totalInsCoResp":0.00,"totalInsEIVAmt":0.00,"totalRowCount":0,"totalTalbottDay":0}|0xc97e58e
08:38:52.0 (64551735)|HEAP_ALLOCATE|[84]|Bytes:28
08:38:52.0 (64557008)|HEAP_ALLOCATE|[84]|Bytes:28
08:38:52.0 (64581321)|HEAP_ALLOCATE|[84]|Bytes:28
08:38:52.0 (64587112)|HEAP_ALLOCATE|[84]|Bytes:28
08:38:52.0 (64612588)|HEAP_ALLOCATE|[84]|Bytes:28
08:38:52.0 (64618038)|HEAP_ALLOCATE|[84]|Bytes:28
08:38:52.0 (64634111)|VARIABLE_ASSIGNMENT|[84]|coPayRemaining|0
08:38:52.0 (64639502)|STATEMENT_EXECUTE|[85]
08:38:52.0 (64689000)|HEAP_ALLOCATE|[85]|Bytes:28
08:38:52.0 (64695904)|HEAP_ALLOCATE|[85]|Bytes:28
08:38:52.0 (64761832)|VARIABLE_ASSIGNMENT|[EXTERNAL]|this|{"insrncBnft":"0x7f97c2a0","insrncBnftSelected":"","pawDetailListDisplay (4 more) ...":false,"pyAgrmntWrksht":"0x2451f461","relatedPAWDetailsLis (1 more) ...":"0x136f0543","targetEDR":0.00,"totalAppliedDeductib (2 more) ...":0.00,"totalCoInsurance":0.00,"totalCoPayAmt":0.00,"totalInsCoResp":0.00,"totalInsEIVAmt":0.00,"totalRowCount":0,"totalTalbottDay":0}|0xc97e58e
08:38:52.0 (64829454)|VARIABLE_ASSIGNMENT|[85]|this.Co_Pay_Remaining__c|0.00|0x2451f461
08:38:52.0 (64838163)|STATEMENT_EXECUTE|[86]
08:38:52.0 (64848265)|METHOD_EXIT|[13]|01p0a000004sKzT|PAWValueCalculationService.calculateWraperValues(PAW_New_EditCntrllr.WraperClass, Map<Id,Facility_Program__c>, Map<Id,Insurance_Company_Rate_Adjustment__c>, Map<Id,Insurance_Benefit__c>, Estimated_Coverage_Days__c)
08:38:52.0 (64904920)|VARIABLE_ASSIGNMENT|[13]|pWrprObj|{"insrncBnft":"0x7f97c2a0","insrncBnftSelected":"","pawDetailListDisplay (4 more) ...":false,"pyAgrmntWrksht":"0x2451f461","relatedPAWDetailsLis (1 more) ...":"0x136f0543","targetEDR":0.00,"totalAppliedDeductib (2 more) ...":0.00,"totalCoInsurance":0.00,"totalCoPayAmt":0.00,"totalInsCoResp":0.00,"totalInsEIVAmt":0.00,"totalRowCount":0,"totalTalbottDay":0}|0xc97e58e
08:38:52.0 (64920564)|STATEMENT_EXECUTE|[18]
08:38:52.0 (64926142)|SYSTEM_MODE_EXIT|false
08:38:52.0 (64940546)|METHOD_EXIT|[421]|01p0a000004sKzO|PAWFrnFacilityService.calculateWraperValuesFRN(PAW_New_EditCntrllr.WraperClass, Map<Id,Facility_Program__c>, Map<Id,Insurance_Company_Rate_Adjustment__c>, Map<Id,Insurance_Benefit__c>, Estimated_Coverage_Days__c)
08:38:52.0 (65022825)|VARIABLE_ASSIGNMENT|[EXTERNAL]|this|{"estmtCvrgeDaysObj":"0x4517dc3e","faciltyOptions":"0x5a9625d3","fcltyPrgrmOptions":"0x283c5826","idToOwnershipFacilit (4 more) ...":"0x5c21b6f9","idToTypeFacilityMap":"0x272c776f","insrncBnftMap":"0x4cff76e4","insrncBnftOptions":"0x6c8ea35","isIop":false,"isTalbott":false,"meta":"0x578f126b","oppId":"00629000004NTeZ","pawObj":"0x135c80fa","ptntInsrnceOptions":"0x71d18548","ptntInsrncMap":"0x5957d1c6","ptntInsrncObj":"0x421db95e","quoteObj":"0x3d640bad","recordId":"00629000004NTeZ","rtAdjstmntOptions":"0x59edaa6","showPILookup":false,"sObjectQueryStr":"","wrprObj":"0xc97e58e"}|0x2d9b75d6
08:38:52.0 (65077015)|VARIABLE_ASSIGNMENT|[EXTERNAL]|value|{"insrncBnft":"0x7f97c2a0","insrncBnftSelected":"","pawDetailListDisplay (4 more) ...":false,"pyAgrmntWrksht":"0x2451f461","relatedPAWDetailsLis (1 more) ...":"0x136f0543","targetEDR":0.00,"totalAppliedDeductib (2 more) ...":0.00,"totalCoInsurance":0.00,"totalCoPayAmt":0.00,"totalInsCoResp":0.00,"totalInsEIVAmt":0.00,"totalRowCount":0,"totalTalbottDay":0}|0xc97e58e
08:38:52.0 (65096696)|VARIABLE_ASSIGNMENT|[30]|this.wrprObj|0xc97e58e|0x2d9b75d6
08:38:52.0 (65180455)|VARIABLE_ASSIGNMENT|[EXTERNAL]|this|{"estmtCvrgeDaysObj":"0x4517dc3e","faciltyOptions":"0x5a9625d3","fcltyPrgrmOptions":"0x283c5826","idToOwnershipFacilit (4 more) ...":"0x5c21b6f9","idToTypeFacilityMap":"0x272c776f","insrncBnftMap":"0x4cff76e4","insrncBnftOptions":"0x6c8ea35","isIop":false,"isTalbott":false,"meta":"0x578f126b","oppId":"00629000004NTeZ","pawObj":"0x135c80fa","ptntInsrnceOptions":"0x71d18548","ptntInsrncMap":"0x5957d1c6","ptntInsrncObj":"0x421db95e","quoteObj":"0x3d640bad","recordId":"00629000004NTeZ","rtAdjstmntOptions":"0x59edaa6","showPILookup":false,"sObjectQueryStr":"","wrprObj":"0xc97e58e"}|0x2d9b75d6
08:38:52.0 (65203787)|STATEMENT_EXECUTE|[427]
08:38:52.0 (65207964)|METHOD_EXIT|[212]|01p0a000004sKzV|PAW_New_EditCntrllr.updateWraperValues()
08:38:52.76 (76530147)|SYSTEM_MODE_ENTER|true
08:38:52.76 (76626645)|HEAP_ALLOCATE|[EXTERNAL]|Bytes:8
08:38:52.76 (76642615)|VARIABLE_SCOPE_BEGIN|[88]|this|ApexPage.PageMessagesComponentController|true|false
08:38:52.76 (76681276)|VARIABLE_ASSIGNMENT|[88]|this|{}|0x31417c53
08:38:52.76 (76689186)|VARIABLE_SCOPE_BEGIN|[88]|escape|Boolean|false|false
08:38:52.76 (76697024)|VARIABLE_ASSIGNMENT|[88]|escape|null
08:38:52.76 (76846936)|SYSTEM_MODE_ENTER|true
08:38:52.76 (76889997)|HEAP_ALLOCATE|[EXTERNAL]|Bytes:8
08:38:52.76 (76899226)|VARIABLE_SCOPE_BEGIN|[2]|this|ApexPage.PageMessagesComponentController|true|false
08:38:52.76 (76920565)|VARIABLE_ASSIGNMENT|[2]|this|{}|0x31417c53
08:38:52.0 (77491720)|SYSTEM_MODE_ENTER|true
08:38:52.0 (77650059)|SYSTEM_MODE_ENTER|true
08:38:52.0 (78048916)|SYSTEM_MODE_ENTER|true
08:38:52.0 (82553415)|SYSTEM_MODE_ENTER|true
08:38:52.0 (82635555)|SYSTEM_MODE_ENTER|true
08:38:52.0 (91134185)|SYSTEM_MODE_ENTER|true
08:38:52.0 (91185141)|HEAP_ALLOCATE|[EXTERNAL]|Bytes:112
08:38:52.0 (91203070)|VARIABLE_SCOPE_BEGIN|[215]|this|PAW_New_EditCntrllr|true|false
08:38:52.0 (91305374)|VARIABLE_ASSIGNMENT|[215]|this|{"estmtCvrgeDaysObj":"0x4517dc3e","faciltyOptions":"0x5a9625d3","fcltyPrgrmOptions":"0x283c5826","idToOwnershipFacilit (4 more) ...":"0x5c21b6f9","idToTypeFacilityMap":"0x272c776f","insrncBnftMap":"0x4cff76e4","insrncBnftOptions":"0x6c8ea35","isIop":false,"isTalbott":false,"meta":"0x578f126b","oppId":"00629000004NTeZ","pawObj":"0x135c80fa","ptntInsrnceOptions":"0x71d18548","ptntInsrncMap":"0x5957d1c6","ptntInsrncObj":"0x421db95e","quoteObj":"0x3d640bad","recordId":"00629000004NTeZ","rtAdjstmntOptions":"0x59edaa6","showPILookup":false,"sObjectQueryStr":"","wrprObj":"0xc97e58e"}|0x2d9b75d6
08:38:52.0 (91331523)|STATEMENT_EXECUTE|[215]
08:38:52.0 (91333778)|STATEMENT_EXECUTE|[216]
08:38:52.0 (91409706)|STATEMENT_EXECUTE|[217]
08:38:52.0 (91498072)|HEAP_ALLOCATE|[EXTERNAL]|Bytes:4
08:38:52.0 (91593205)|VARIABLE_ASSIGNMENT|[EXTERNAL]|this|{"estmtCvrgeDaysObj":"0x4517dc3e","faciltyOptions":"0x5a9625d3","fcltyPrgrmOptions":"0x283c5826","idToOwnershipFacilit (4 more) ...":"0x5c21b6f9","idToTypeFacilityMap":"0x272c776f","insrncBnftMap":"0x4cff76e4","insrncBnftOptions":"0x6c8ea35","isIop":false,"isTalbott":false,"meta":"0x578f126b","oppId":"00629000004NTeZ","pawObj":"0x135c80fa","ptntInsrnceOptions":"0x71d18548","ptntInsrncMap":"0x5957d1c6","ptntInsrncObj":"0x421db95e","quoteObj":"0x3d640bad","recordId":"00629000004NTeZ","rtAdjstmntOptions":"0x59edaa6","showPILookup":false,"sObjectQueryStr":"","wrprObj":"0xc97e58e"}|0x2d9b75d6
08:38:52.0 (91619590)|STATEMENT_EXECUTE|[218]
08:38:52.0 (91621286)|STATEMENT_EXECUTE|[219]
08:38:52.0 (91668101)|HEAP_ALLOCATE|[219]|Bytes:4
08:38:52.0 (91681177)|HEAP_ALLOCATE|[219]|Bytes:1083
08:38:52.0 (91693987)|HEAP_ALLOCATE|[219]|Bytes:4
08:38:52.0 (91785653)|VARIABLE_ASSIGNMENT|[EXTERNAL]|this|{"estmtCvrgeDaysObj":"0x4517dc3e","faciltyOptions":"0x5a9625d3","fcltyPrgrmOptions":"0x283c5826","idToOwnershipFacilit (4 more) ...":"0x5c21b6f9","idToTypeFacilityMap":"0x272c776f","insrncBnftMap":"0x4cff76e4","insrncBnftOptions":"0x6c8ea35","isIop":false,"isTalbott":false,"meta":"0x578f126b","oppId":"00629000004NTeZ","pawObj":"0x135c80fa","ptntInsrnceOptions":"0x71d18548","ptntInsrncMap":"0x5957d1c6","ptntInsrncObj":"0x421db95e","quoteObj":"0x3d640bad","recordId":"00629000004NTeZ","rtAdjstmntOptions":"0x59edaa6","showPILookup":false,"sObjectQueryStr":"","wrprObj":"0xc97e58e"}|0x2d9b75d6
08:38:52.0 (93647471)|SOQL_EXECUTE_BEGIN|[219]|Aggregations:0|SELECT Id, Name, RecordType.Name, Uncovered_Charges__c, Patient_Insurance__r.Accepts_Assignment_of_Benefits__c, Patient_Insurance__r.Opportunity__c, Patient_Insurance__r.Accreditation__c, Patient_Insurance__r.Insurance_Company__r.Name, PHP_Admit_Co_Payment__c, Detox_Admit_Co_Payment__c, RTC_Admit_Co_Payment__c, Deductible__c, Deductible_Met__c, IOP_Admit_Co_Payment__c, Max_Out_of_Pocket_Remaining__c, Insurance_Company_is_Out_of_Network__c, Annual_Max_Remaining__c, Deductible_Remaining__c, Detox_Pays_at__c, Detox_Over__c, RTC_Pays_at__c, Residential_Treatment_Override__c, PHP_Pays_at__c, Partial_Hospitalization_Override__c, IOP_Pays_at__c, Intensive_Outpatient_Override__c, Num_Days_Uncovered__c, Num_Days_Room__c, Uncovered_Days_Rate__c, Room_and_Board_Days_Rate__c, Uncovered_Days_Override__c, Room_and_Board_Days_Override__c, Deductible_Included_in_OOP__c, Uncovered_Days__c, Lifetime_Max__c, Lifetime_Max_Met__c, Annual_Max__c, Annual_Max_Met__c, Max_Out_of_Pocket__c, Max_Out_of_Pocket_Met__c, Co_Pay_Met__c FROM Insurance_Benefit__c WHERE Patient_Insurance__c = :tmpVar1
08:38:52.0 (107784232)|SOQL_EXECUTE_END|[219]|Rows:2
08:38:52.0 (107827083)|HEAP_ALLOCATE|[219]|Bytes:12
08:38:52.0 (107894331)|HEAP_ALLOCATE|[219]|Bytes:2986
08:38:52.0 (108014709)|HEAP_ALLOCATE|[219]|Bytes:12
08:38:52.0 (108104612)|HEAP_ALLOCATE|[219]|Bytes:108
08:38:52.0 (108124492)|HEAP_ALLOCATE|[219]|Bytes:4
08:38:52.0 (108134477)|HEAP_ALLOCATE|[219]|Bytes:108
08:38:52.0 (108142218)|HEAP_ALLOCATE|[219]|Bytes:4
08:38:52.0 (108267954)|VARIABLE_ASSIGNMENT|[219]|this.insrncBnftMap|{"a1H29000000pRTUEA2":{"Id":"a1H29000000pRTUEA2","Name":"Insurance Benefit 75 (2 more) ...","RecordTypeId":"012j00000015GS6AAM","Patient_Insurance__c":"a1b29000000lvHQAAY","PHP_Admit_Co_Payment (3 more) ...":0.00,"Deductible__c":5000.00,"Deductible_Met__c":0.00,"Max_Out_of_Pocket_Re (10 more) ...":10000.00,"Insurance_Company_is (18 more) ...":false,"Annual_Max_Remaining (3 more) ...":1000000,"Deductible_Remaining (3 more) ...":5000.00,"Detox_Pays_at__c":80.00,"RTC_Pays_at__c":80.00,"PHP_Pays_at__c":80.00,"IOP_Pays_at__c":80.00,"Uncovered_Days_Rate_ (2 more) ...":630.00,"Room_and_Board_Days_ (7 more) ...":2000.00,"Deductible_Included_ (9 more) ...":"Yes","Lifetime_Max__c":1000000.00,"Lifetime_Max_Met__c":0.00,"Annual_Max__c":1000000.00,"Annual_Max_Met__c":0.00,"Max_Out_of_Pocket__c":10000.00,"Max_Out_of_Pocket_Me (4 more) ...":0.00,"RecordType":{"Name":"In Network","Id":"012j00000015GS6AAM"},"Patient_Insurance__r":{"Opportunity__c":"00629000004NTeZAAW","Accreditation__c":"State","Insurance_Company__c":"0012900000AXSP3AAP","Id":"a1b29000000lvHQAAY","Insurance_Company__r":{"Name":"Value Options/Beacon (7 more) ...","Id":"0012900000AXSP3AAP","RecordTypeId":"012j00000015GRqAAM"}}},"a1H29000000pRTZEA2":{"Id":"a1H29000000pRTZEA2","Name":"Insurance Benefit 75 (2 more) ...","RecordTypeId":"012j00000015GS7AAM","Patient_Insurance__c":"a1b29000000lvHQAAY","PHP_Admit_Co_Payment (3 more) ...":0.00,"Deductible__c":10000.00,"Deductible_Met__c":0.00,"Max_Out_of_Pocket_Re (10 more) ...":20000.00,"Insurance_Company_is (18 more) ...":false,"Annual_Max_Remaining (3 more) ...":1000000,"Deductible_Remaining (3 more) ...":10000.00,"Detox_Pays_at__c":60.00,"RTC_Pays_at__c":60.00,"PHP_Pays_at__c":60.00,"IOP_Pays_at__c":60.00,"Uncovered_Days_Rate_ (2 more) ...":630.00,"Room_and_Board_Days_ (7 more) ...":2000.00,"Deductible_Included_ (9 more) ...":"Yes","Lifetime_Max__c":1000000.00,"Lifetime_Max_Met__c":0.00,"Annual_Max__c":1000000.00,"Annual_Max_Met__c":0.00,"Max_Out_of_Pocket__c":20000.00,"Max_Out_of_Pocket_Me (4 more) ...":0.00,"RecordType":{"Name":"Out of Network","Id":"012j00000015GS7AAM"},"Patient_Insurance__r":{"Opportunity__c":"00629000004NTeZAAW","Accreditation__c":"State","Insurance_Company__c":"0012900000AXSP3AAP","Id":"a1b29000000lvHQAAY","Insurance_Company__r":{"Name":"Value Options/Beacon (7 more) ...","Id":"0012900000AXSP3AAP","RecordTypeId":"012j00000015GRqAAM"}}}}|0x2d9b75d6
08:38:52.0 (108376254)|HEAP_ALLOCATE|[EXTERNAL]|Bytes:12
08:38:52.0 (108405927)|HEAP_ALLOCATE|[263]|Bytes:2996
08:38:52.0 (108591957)|HEAP_ALLOCATE|[263]|Bytes:5
08:38:52.0 (108618179)|HEAP_ALLOCATE|[263]|Bytes:108
08:38:52.0 (108634299)|VARIABLE_SCOPE_BEGIN|[263]|insrncBnftInstance|Insurance_Benefit__c|true|false
08:38:52.0 (108680191)|VARIABLE_ASSIGNMENT|[263]|insrncBnftInstance|{"Id":"a1H29000000pRTUEA2","Name":"Insurance Benefit 75 (2 more) ...","RecordTypeId":"012j00000015GS6AAM","Patient_Insurance__c":"a1b29000000lvHQAAY","PHP_Admit_Co_Payment (3 more) ...":0.00,"Deductible__c":5000.00,"Deductible_Met__c":0.00,"Max_Out_of_Pocket_Re (10 more) ...":10000.00,"Insurance_Company_is (18 more) ...":false,"Annual_Max_Remaining (3 more) ...":1000000,"Deductible_Remaining (3 more) ...":5000.00,"Detox_Pays_at__c":80.00,"RTC_Pays_at__c":80.00,"PHP_Pays_at__c":80.00,"IOP_Pays_at__c":80.00,"Uncovered_Days_Rate_ (2 more) ...":630.00,"Room_and_Board_Days_ (7 more) ...":2000.00,"Deductible_Included_ (9 more) ...":"Yes","Lifetime_Max__c":1000000.00,"Lifetime_Max_Met__c":0.00,"Annual_Max__c":1000000.00,"Annual_Max_Met__c":0.00,"Max_Out_of_Pocket__c":10000.00,"Max_Out_of_Pocket_Me (4 more) ...":0.00,"RecordType":{"Name":"In Network","Id":"012j00000015GS6AAM"},"Patient_Insurance__r":{"Opportunity__c":"00629000004NTeZAAW","Accreditation__c":"State","Insurance_Company__c":"0012900000AXSP3AAP","Id":"a1b29000000lvHQAAY","Insurance_Company__r":{"Name":"Value Options/Beacon (7 more) ...","Id":"0012900000AXSP3AAP","RecordTypeId":"012j00000015GRqAAM"}}}|0x20ddfdb6
08:38:52.0 (108705931)|STATEMENT_EXECUTE|[263]
08:38:52.0 (108708352)|STATEMENT_EXECUTE|[264]
08:38:52.0 (108776037)|HEAP_ALLOCATE|[264]|Bytes:18
08:38:52.0 (108857547)|HEAP_ALLOCATE|[264]|Bytes:3
08:38:52.0 (108898609)|HEAP_ALLOCATE|[264]|Bytes:35
08:38:52.0 (109000631)|HEAP_ALLOCATE|[EXTERNAL]|Bytes:4
08:38:52.0 (109024564)|HEAP_ALLOCATE|[263]|Bytes:5
08:38:52.0 (109040509)|HEAP_ALLOCATE|[263]|Bytes:108
08:38:52.0 (109050759)|VARIABLE_SCOPE_BEGIN|[263]|insrncBnftInstance|Insurance_Benefit__c|true|false
08:38:52.0 (109094195)|VARIABLE_ASSIGNMENT|[263]|insrncBnftInstance|{"Id":"a1H29000000pRTZEA2","Name":"Insurance Benefit 75 (2 more) ...","RecordTypeId":"012j00000015GS7AAM","Patient_Insurance__c":"a1b29000000lvHQAAY","PHP_Admit_Co_Payment (3 more) ...":0.00,"Deductible__c":10000.00,"Deductible_Met__c":0.00,"Max_Out_of_Pocket_Re (10 more) ...":20000.00,"Insurance_Company_is (18 more) ...":false,"Annual_Max_Remaining (3 more) ...":1000000,"Deductible_Remaining (3 more) ...":10000.00,"Detox_Pays_at__c":60.00,"RTC_Pays_at__c":60.00,"PHP_Pays_at__c":60.00,"IOP_Pays_at__c":60.00,"Uncovered_Days_Rate_ (2 more) ...":630.00,"Room_and_Board_Days_ (7 more) ...":2000.00,"Deductible_Included_ (9 more) ...":"Yes","Lifetime_Max__c":1000000.00,"Lifetime_Max_Met__c":0.00,"Annual_Max__c":1000000.00,"Annual_Max_Met__c":0.00,"Max_Out_of_Pocket__c":20000.00,"Max_Out_of_Pocket_Me (4 more) ...":0.00,"RecordType":{"Name":"Out of Network","Id":"012j00000015GS7AAM"},"Patient_Insurance__r":{"Opportunity__c":"00629000004NTeZAAW","Accreditation__c":"State","Insurance_Company__c":"0012900000AXSP3AAP","Id":"a1b29000000lvHQAAY","Insurance_Company__r":{"Name":"Value Options/Beacon (7 more) ...","Id":"0012900000AXSP3AAP","RecordTypeId":"012j00000015GRqAAM"}}}|0x5219c4d4
08:38:52.0 (109116057)|STATEMENT_EXECUTE|[263]
08:38:52.0 (109117545)|STATEMENT_EXECUTE|[264]
08:38:52.0 (109135669)|HEAP_ALLOCATE|[264]|Bytes:18
08:38:52.0 (109163520)|HEAP_ALLOCATE|[264]|Bytes:39
08:38:52.0 (109181630)|HEAP_ALLOCATE|[EXTERNAL]|Bytes:4
08:38:52.0 (109198462)|HEAP_ALLOCATE|[263]|Bytes:5
08:38:52.0 (109214609)|VARIABLE_ASSIGNMENT|[263]|insrncBnftInstance|null|
08:38:52.0 (109351935)|VARIABLE_ASSIGNMENT|[EXTERNAL]|this|{"estmtCvrgeDaysObj":"0x4517dc3e","faciltyOptions":"0x5a9625d3","fcltyPrgrmOptions":"0x283c5826","idToOwnershipFacilit (4 more) ...":"0x5c21b6f9","idToTypeFacilityMap":"0x272c776f","insrncBnftMap":"0x1ced5b1","insrncBnftOptions":"0x6c8ea35","isIop":false,"isTalbott":false,"meta":"0x578f126b","oppId":"00629000004NTeZ","pawObj":"0x135c80fa","ptntInsrnceOptions":"0x71d18548","ptntInsrncMap":"0x5957d1c6","ptntInsrncObj":"0x421db95e","quoteObj":"0x3d640bad","recordId":"00629000004NTeZ","rtAdjstmntOptions":"0x59edaa6","showPILookup":false,"sObjectQueryStr":"","wrprObj":"0xc97e58e"}|0x2d9b75d6
08:38:52.0 (109446346)|VARIABLE_ASSIGNMENT|[EXTERNAL]|this|{"insrncBnft":"0x7f97c2a0","insrncBnftSelected":"","pawDetailListDisplay (4 more) ...":false,"pyAgrmntWrksht":"0x2451f461","relatedPAWDetailsLis (1 more) ...":"0x136f0543","targetEDR":0.00,"totalAppliedDeductib (2 more) ...":0.00,"totalCoInsurance":0.00,"totalCoPayAmt":0.00,"totalInsCoResp":0.00,"totalInsEIVAmt":0.00,"totalRowCount":0,"totalTalbottDay":0}|0xc97e58e
08:38:52.0 (109524944)|VARIABLE_ASSIGNMENT|[EXTERNAL]|this|{"estmtCvrgeDaysObj":"0x4517dc3e","faciltyOptions":"0x5a9625d3","fcltyPrgrmOptions":"0x283c5826","idToOwnershipFacilit (4 more) ...":"0x5c21b6f9","idToTypeFacilityMap":"0x272c776f","insrncBnftMap":"0x1ced5b1","insrncBnftOptions":"0x6c8ea35","isIop":false,"isTalbott":false,"meta":"0x578f126b","oppId":"00629000004NTeZ","pawObj":"0x135c80fa","ptntInsrnceOptions":"0x71d18548","ptntInsrncMap":"0x5957d1c6","ptntInsrncObj":"0x421db95e","quoteObj":"0x3d640bad","recordId":"00629000004NTeZ","rtAdjstmntOptions":"0x59edaa6","showPILookup":false,"sObjectQueryStr":"","wrprObj":"0xc97e58e"}|0x2d9b75d6
08:38:52.0 (109590878)|VARIABLE_ASSIGNMENT|[EXTERNAL]|this|{"insrncBnft":"0x7f97c2a0","insrncBnftSelected":"","pawDetailListDisplay (4 more) ...":false,"pyAgrmntWrksht":"0x2451f461","relatedPAWDetailsLis (1 more) ...":"0x136f0543","targetEDR":0.00,"totalAppliedDeductib (2 more) ...":0.00,"totalCoInsurance":0.00,"totalCoPayAmt":0.00,"totalInsCoResp":0.00,"totalInsEIVAmt":0.00,"totalRowCount":0,"totalTalbottDay":0}|0xc97e58e
08:38:52.0 (109628297)|STATEMENT_EXECUTE|[269]
08:38:52.0 (109630468)|STATEMENT_EXECUTE|[270]
08:38:52.0 (109702102)|VARIABLE_ASSIGNMENT|[EXTERNAL]|this|{"estmtCvrgeDaysObj":"0x4517dc3e","faciltyOptions":"0x5a9625d3","fcltyPrgrmOptions":"0x283c5826","idToOwnershipFacilit (4 more) ...":"0x5c21b6f9","idToTypeFacilityMap":"0x272c776f","insrncBnftMap":"0x1ced5b1","insrncBnftOptions":"0x6c8ea35","isIop":false,"isTalbott":false,"meta":"0x578f126b","oppId":"00629000004NTeZ","pawObj":"0x135c80fa","ptntInsrnceOptions":"0x71d18548","ptntInsrncMap":"0x5957d1c6","ptntInsrncObj":"0x421db95e","quoteObj":"0x3d640bad","recordId":"00629000004NTeZ","rtAdjstmntOptions":"0x59edaa6","showPILookup":false,"sObjectQueryStr":"","wrprObj":"0xc97e58e"}|0x2d9b75d6
08:38:52.0 (109776221)|VARIABLE_ASSIGNMENT|[EXTERNAL]|this|{"insrncBnft":"0x7f97c2a0","insrncBnftSelected":"","pawDetailListDisplay (4 more) ...":false,"pyAgrmntWrksht":"0x2451f461","relatedPAWDetailsLis (1 more) ...":"0x136f0543","targetEDR":0.00,"totalAppliedDeductib (2 more) ...":0.00,"totalCoInsurance":0.00,"totalCoPayAmt":0.00,"totalInsCoResp":0.00,"totalInsEIVAmt":0.00,"totalRowCount":0,"totalTalbottDay":0}|0xc97e58e
08:38:52.0 (109790463)|VARIABLE_ASSIGNMENT|[EXTERNAL]|value|null|
08:38:52.0 (109800634)|VARIABLE_ASSIGNMENT|[526]|this.insrncBnft|null|0xc97e58e
08:38:52.0 (109811710)|STATEMENT_EXECUTE|[272]
08:38:52.0 (111042089)|SYSTEM_MODE_ENTER|true
08:38:52.0 (111362501)|SYSTEM_MODE_ENTER|true
08:38:52.0 (111415069)|HEAP_ALLOCATE|[EXTERNAL]|Bytes:112
08:38:52.0 (111427734)|VARIABLE_SCOPE_BEGIN|[379]|this|PAW_New_EditCntrllr|true|false
08:38:52.0 (111494961)|VARIABLE_ASSIGNMENT|[379]|this|{"estmtCvrgeDaysObj":"0x4517dc3e","faciltyOptions":"0x5a9625d3","fcltyPrgrmOptions":"0x283c5826","idToOwnershipFacilit (4 more) ...":"0x5c21b6f9","idToTypeFacilityMap":"0x272c776f","insrncBnftMap":"0x1ced5b1","insrncBnftOptions":"0x6c8ea35","isIop":false,"isTalbott":false,"meta":"0x578f126b","oppId":"00629000004NTeZ","pawObj":"0x135c80fa","ptntInsrnceOptions":"0x71d18548","ptntInsrncMap":"0x5957d1c6","ptntInsrncObj":"0x421db95e","quoteObj":"0x3d640bad","recordId":"00629000004NTeZ","rtAdjstmntOptions":"0x59edaa6","showPILookup":false,"sObjectQueryStr":"","wrprObj":"0xc97e58e"}|0x2d9b75d6
08:38:52.0 (111515692)|STATEMENT_EXECUTE|[379]
08:38:52.0 (111517540)|STATEMENT_EXECUTE|[380]
08:38:52.0 (111530770)|HEAP_ALLOCATE|[380]|Bytes:4
08:38:52.0 (111596127)|HEAP_ALLOCATE|[EXTERNAL]|Bytes:4
08:38:52.0 (111611124)|VARIABLE_ASSIGNMENT|[380]|this.rtAdjstmntOptions|[]|0x2d9b75d6
08:38:52.0 (111617055)|STATEMENT_EXECUTE|[381]
08:38:52.0 (111625057)|HEAP_ALLOCATE|[381]|Bytes:8
08:38:52.0 (111677317)|HEAP_ALLOCATE|[EXTERNAL]|Bytes:4
08:38:52.0 (111768296)|VARIABLE_ASSIGNMENT|[EXTERNAL]|this|{"estmtCvrgeDaysObj":"0x4517dc3e","faciltyOptions":"0x5a9625d3","fcltyPrgrmOptions":"0x283c5826","idToOwnershipFacilit (4 more) ...":"0x5c21b6f9","idToTypeFacilityMap":"0x272c776f","insrncBnftMap":"0x1ced5b1","insrncBnftOptions":"0x6c8ea35","isIop":false,"isTalbott":false,"meta":"0x578f126b","oppId":"00629000004NTeZ","pawObj":"0x135c80fa","ptntInsrnceOptions":"0x71d18548","ptntInsrncMap":"0x5957d1c6","ptntInsrncObj":"0x421db95e","quoteObj":"0x3d640bad","recordId":"00629000004NTeZ","rtAdjstmntOptions":"0x1aa93caa","showPILookup":false,"sObjectQueryStr":"","wrprObj":"0xc97e58e"}|0x2d9b75d6
08:38:52.0 (111845042)|VARIABLE_ASSIGNMENT|[EXTERNAL]|this|{"insrncBnftSelected":"","pawDetailListDisplay (4 more) ...":false,"pyAgrmntWrksht":"0x2451f461","relatedPAWDetailsLis (1 more) ...":"0x136f0543","targetEDR":0.00,"totalAppliedDeductib (2 more) ...":0.00,"totalCoInsurance":0.00,"totalCoPayAmt":0.00,"totalInsCoResp":0.00,"totalInsEIVAmt":0.00,"totalRowCount":0,"totalTalbottDay":0}|0xc97e58e
08:38:52.0 (111865748)|STATEMENT_EXECUTE|[382]
08:38:52.0 (111867781)|STATEMENT_EXECUTE|[400]
08:38:52.0 (112245868)|SYSTEM_MODE_ENTER|true
08:38:52.0 (122430240)|VF_SERIALIZE_VIEWSTATE_BEGIN|0660a0000009uTC
08:38:52.0 (130450177)|VF_SERIALIZE_VIEWSTATE_END
08:38:52.140 (140509992)|CUMULATIVE_LIMIT_USAGE
08:38:52.140 (140509992)|LIMIT_USAGE_FOR_NS|(default)|
  Number of SOQL queries: 2 out of 100
  Number of query rows: 6 out of 50000
  Number of SOSL queries: 0 out of 20
  Number of DML statements: 0 out of 150
  Number of DML rows: 0 out of 10000
  Maximum CPU time: 0 out of 10000
  Maximum heap size: 0 out of 6000000
  Number of callouts: 0 out of 100
  Number of Email Invocations: 0 out of 10
  Number of future calls: 0 out of 50
  Number of queueable jobs added to the queue: 0 out of 50
  Number of Mobile Apex push calls: 0 out of 10

08:38:52.140 (140509992)|CUMULATIVE_LIMIT_USAGE_END

08:38:52.0 (140569254)|CODE_UNIT_FINISHED|VF: /apex/PAW_New_Edit
08:38:52.0 (141374728)|EXECUTION_FINISHED
