37.0 APEX_CODE,FINEST;APEX_PROFILING,INFO;CALLOUT,INFO;DB,INFO;SYSTEM,DEBUG;VALIDATION,INFO;VISUALFORCE,INFO;WAVE,INFO;WORKFLOW,FINER
07:45:04.0 (361092)|USER_INFO|[EXTERNAL]|00529000000zYiy|bhakti.gujrathi@eternussolutions.com.frnstgng|Central Standard Time|GMT-06:00
07:45:04.0 (400262)|EXECUTION_STARTED
07:45:04.0 (405440)|CODE_UNIT_STARTED|[EXTERNAL]|0660a0000009uTC|VF: /apex/PAW_New_Edit
07:45:04.0 (888883)|VF_DESERIALIZE_VIEWSTATE_BEGIN|0660a0000009uTC
07:45:04.0 (5719857)|HEAP_ALLOCATE|[72]|Bytes:3
07:45:04.0 (5770231)|HEAP_ALLOCATE|[77]|Bytes:152
07:45:04.0 (5784650)|HEAP_ALLOCATE|[342]|Bytes:408
07:45:04.0 (5794757)|HEAP_ALLOCATE|[355]|Bytes:408
07:45:04.0 (5803510)|HEAP_ALLOCATE|[467]|Bytes:48
07:45:04.0 (5833007)|HEAP_ALLOCATE|[139]|Bytes:6
07:45:04.0 (5857739)|HEAP_ALLOCATE|[50]|Bytes:5
07:45:04.0 (5884521)|HEAP_ALLOCATE|[56]|Bytes:5
07:45:04.0 (5891612)|HEAP_ALLOCATE|[64]|Bytes:7
07:45:04.0 (8643003)|VARIABLE_SCOPE_BEGIN|[35]|PAW_New_EditCntrllr.globalSchemaMap|Map<String,Schema.SObjectType>|true|true
07:45:04.0 (8657555)|VARIABLE_SCOPE_BEGIN|[3]|PAW_New_EditCntrllr.yearEndMode|Boolean|false|true
07:45:04.0 (13329772)|VF_DESERIALIZE_VIEWSTATE_END
07:45:04.15 (15026635)|SYSTEM_MODE_ENTER|true
07:45:04.15 (15099957)|HEAP_ALLOCATE|[EXTERNAL]|Bytes:38
07:45:04.15 (15109424)|HEAP_ALLOCATE|[EXTERNAL]|Bytes:7
07:45:04.15 (15119794)|SYSTEM_METHOD_ENTRY|[1]|PageMessagesComponentController.PageMessagesComponentController()
07:45:04.15 (15126244)|STATEMENT_EXECUTE|[1]
07:45:04.15 (15912855)|SYSTEM_MODE_ENTER|true
07:45:04.15 (15986082)|HEAP_ALLOCATE|[EXTERNAL]|Bytes:8
07:45:04.15 (15995263)|VARIABLE_SCOPE_BEGIN|[88]|this|ApexPage.PageMessagesComponentController|true|false
07:45:04.15 (16035211)|VARIABLE_ASSIGNMENT|[88]|this|{}|0x46cca6fd
07:45:04.15 (16042627)|VARIABLE_SCOPE_BEGIN|[88]|escape|Boolean|false|false
07:45:04.15 (16050273)|VARIABLE_ASSIGNMENT|[88]|escape|null
07:45:04.0 (16266544)|SYSTEM_MODE_ENTER|true
07:45:04.0 (16289876)|HEAP_ALLOCATE|[EXTERNAL]|Bytes:11
07:45:04.0 (16299430)|HEAP_ALLOCATE|[EXTERNAL]|Bytes:304
07:45:04.0 (16303949)|HEAP_ALLOCATE|[EXTERNAL]|Bytes:98
07:45:04.0 (16307139)|HEAP_ALLOCATE|[EXTERNAL]|Bytes:14
07:45:04.0 (16315699)|METHOD_ENTRY|[1]|01p0a000004sKzV|PAW_New_EditCntrllr.PAW_New_EditCntrllr()
07:45:04.0 (16320712)|STATEMENT_EXECUTE|[1]
07:45:04.0 (16323963)|STATEMENT_EXECUTE|[1]
07:45:04.0 (16325331)|STATEMENT_EXECUTE|[3]
07:45:04.0 (16884157)|VARIABLE_SCOPE_BEGIN|[3]|PAW_YearEnd_Config.setting|Year_End_PAW_Settings__c|true|true
07:45:04.0 (16901023)|HEAP_ALLOCATE|[3]|Bytes:1
07:45:04.0 (16907814)|HEAP_ALLOCATE|[3]|Bytes:1
07:45:04.0 (16948885)|METHOD_ENTRY|[1]|01p29000000Aswf|PAW_YearEnd_Config.PAW_YearEnd_Config()
07:45:04.0 (16954273)|STATEMENT_EXECUTE|[1]
07:45:04.0 (16957097)|STATEMENT_EXECUTE|[1]
07:45:04.0 (16972625)|SYSTEM_MODE_ENTER|false
07:45:04.0 (16979951)|HEAP_ALLOCATE|[3]|Bytes:5
07:45:04.0 (16986299)|SYSTEM_MODE_EXIT|false
07:45:04.0 (16995365)|METHOD_EXIT|[1]|PAW_YearEnd_Config
07:45:04.0 (17006444)|METHOD_ENTRY|[3]|01p29000000Aswf|PAW_YearEnd_Config.fetch()
07:45:04.0 (17036013)|SYSTEM_MODE_ENTER|false
07:45:04.0 (17041304)|HEAP_ALLOCATE|[6]|Bytes:5
07:45:04.0 (17045715)|STATEMENT_EXECUTE|[5]
07:45:04.0 (17049034)|STATEMENT_EXECUTE|[7]
07:45:04.0 (19096813)|HEAP_ALLOCATE|[7]|Bytes:20
07:45:04.0 (19306514)|VARIABLE_ASSIGNMENT|[7]|PAW_YearEnd_Config.setting|{"IsDeleted":false,"Name":"Year End PAW Setting (11 more) ...","SetupOwnerId":"00529000000zYiyAAE","Year_End_Mode_Enable (4 more) ...":false}|0x27f74aca
07:45:04.0 (19319066)|STATEMENT_EXECUTE|[9]
07:45:04.0 (19326448)|HEAP_ALLOCATE|[9]|Bytes:14
07:45:04.0 (19540286)|HEAP_ALLOCATE|[9]|Bytes:145
07:45:04.0 (19566136)|HEAP_ALLOCATE|[9]|Bytes:159
07:45:04.0 (19595614)|USER_DEBUG|[9]|DEBUG|>>> setting : Year_End_PAW_Settings__c:{IsDeleted=false, Name=Year End PAW Settings (Profile), SetupOwnerId=00529000000zYiyAAE, Year_End_Mode_Enabled__c=false}
07:45:04.0 (19605689)|STATEMENT_EXECUTE|[10]
07:45:04.0 (19614133)|SYSTEM_MODE_EXIT|false
07:45:04.0 (19631151)|METHOD_EXIT|[3]|01p29000000Aswf|PAW_YearEnd_Config.fetch()
07:45:04.0 (19687352)|VARIABLE_ASSIGNMENT|[3]|PAW_New_EditCntrllr.yearEndMode|false
07:45:04.0 (19693408)|STATEMENT_EXECUTE|[523]
07:45:04.0 (19702695)|METHOD_EXIT|[1]|PAW_New_EditCntrllr
07:45:04.0 (21534120)|SYSTEM_MODE_ENTER|true
07:45:04.0 (23506554)|SYSTEM_MODE_ENTER|true
07:45:04.0 (23567384)|HEAP_ALLOCATE|[EXTERNAL]|Bytes:476
07:45:04.0 (23581127)|HEAP_ALLOCATE|[EXTERNAL]|Bytes:71
07:45:04.0 (28598755)|SYSTEM_MODE_ENTER|true
07:45:04.0 (28672462)|SYSTEM_MODE_ENTER|true
07:45:04.0 (33998237)|SYSTEM_MODE_ENTER|true
07:45:04.0 (34244783)|HEAP_ALLOCATE|[EXTERNAL]|Bytes:112
07:45:04.0 (34257987)|VARIABLE_SCOPE_BEGIN|[186]|this|PAW_New_EditCntrllr|true|false
07:45:04.0 (34368699)|VARIABLE_ASSIGNMENT|[186]|this|{"estmtCvrgeDaysObj":"0x3e358c2f","faciltyOptions":"0x421a4b17","fcltyPrgrmOptions":"0x7cde9b9a","idToOwnershipFacilit (4 more) ...":"0x446f3b83","idToTypeFacilityMap":"0x562993d5","insrncBnftMap":"0x46fb28f4","insrncBnftOptions":"0x4e7179fa","isIop":false,"isTalbott":false,"meta":"0x73ffe094","oppId":"00629000004NTeZ","pawObj":"0x69526205","ptntInsrnceOptions":"0x76f15b53","ptntInsrncMap":"0x338a42de","ptntInsrncObj":"0x3ffdef7b","quoteObj":"0x4545e0cb","recordId":"00629000004NTeZ","rtAdjstmntOptions":"0x399210f3","showPILookup":false,"sObjectQueryStr":"","wrprObj":"0x3fd2e14b"}|0x6bb2f0a
07:45:04.0 (34390348)|STATEMENT_EXECUTE|[186]
07:45:04.0 (34391942)|STATEMENT_EXECUTE|[190]
07:45:04.0 (34410466)|HEAP_ALLOCATE|[190]|Bytes:4
07:45:04.0 (34472691)|HEAP_ALLOCATE|[EXTERNAL]|Bytes:4
07:45:04.0 (34484187)|VARIABLE_ASSIGNMENT|[190]|this.ptntInsrnceOptions|[]|0x6bb2f0a
07:45:04.0 (34488930)|STATEMENT_EXECUTE|[191]
07:45:04.0 (34498508)|HEAP_ALLOCATE|[191]|Bytes:12
07:45:04.0 (34559025)|HEAP_ALLOCATE|[EXTERNAL]|Bytes:4
07:45:04.0 (34568044)|STATEMENT_EXECUTE|[192]
07:45:04.0 (34596441)|HEAP_ALLOCATE|[192]|Bytes:4
07:45:04.0 (34606868)|HEAP_ALLOCATE|[192]|Bytes:95
07:45:04.0 (34618505)|HEAP_ALLOCATE|[192]|Bytes:4
07:45:04.0 (34629868)|HEAP_ALLOCATE|[192]|Bytes:7
07:45:04.0 (35013229)|SOQL_EXECUTE_BEGIN|[192]|Aggregations:0|SELECT Id, Name, Insurance_Company__c FROM Patient_Insurance__c WHERE Opportunity__c = :tmpVar1
07:45:04.0 (40816113)|SOQL_EXECUTE_END|[192]|Rows:4
07:45:04.0 (40850571)|HEAP_ALLOCATE|[192]|Bytes:20
07:45:04.0 (40882423)|HEAP_ALLOCATE|[192]|Bytes:449
07:45:04.0 (40943583)|HEAP_ALLOCATE|[192]|Bytes:20
07:45:04.0 (40986339)|HEAP_ALLOCATE|[192]|Bytes:16
07:45:04.0 (40999805)|HEAP_ALLOCATE|[192]|Bytes:4
07:45:04.0 (41004841)|HEAP_ALLOCATE|[192]|Bytes:16
07:45:04.0 (41009173)|HEAP_ALLOCATE|[192]|Bytes:4
07:45:04.0 (41012198)|HEAP_ALLOCATE|[192]|Bytes:16
07:45:04.0 (41015503)|HEAP_ALLOCATE|[192]|Bytes:4
07:45:04.0 (41018184)|HEAP_ALLOCATE|[192]|Bytes:16
07:45:04.0 (41021638)|HEAP_ALLOCATE|[192]|Bytes:4
07:45:04.0 (41069646)|VARIABLE_ASSIGNMENT|[192]|this.ptntInsrncMap|{"a1b29000000l40nAAA":{"Id":"a1b29000000l40nAAA","Name":"Maria Johnson - BCBS (17 more) ...","Insurance_Company__c":"0012900000AXSPBAA5"},"a1b29000000lvHQAAY":{"Id":"a1b29000000lvHQAAY","Name":"Maria Johnson - Valu (23 more) ...","Insurance_Company__c":"0012900000AXSP3AAP"},"a1b29000000lvHVAAY":{"Id":"a1b29000000lvHVAAY","Name":"Maria Johnson - Priv (7 more) ...","Insurance_Company__c":"0012900000AXSDqAAP"},"a1b29000000ly7uAAA":{"Id":"a1b29000000ly7uAAA","Name":"Maria Johnson - Alle (6 more) ...","Insurance_Company__c":"0012900000AXSlPAAX"}}|0x6bb2f0a
07:45:04.0 (41119592)|HEAP_ALLOCATE|[EXTERNAL]|Bytes:20
07:45:04.0 (41130864)|HEAP_ALLOCATE|[197]|Bytes:465
07:45:04.0 (41267931)|HEAP_ALLOCATE|[197]|Bytes:5
07:45:04.0 (41283856)|HEAP_ALLOCATE|[197]|Bytes:16
07:45:04.0 (41292867)|VARIABLE_SCOPE_BEGIN|[197]|ptntInsrnceInstance|Patient_Insurance__c|true|false
07:45:04.0 (41313041)|VARIABLE_ASSIGNMENT|[197]|ptntInsrnceInstance|{"Id":"a1b29000000l40nAAA","Name":"Maria Johnson - BCBS (17 more) ...","Insurance_Company__c":"0012900000AXSPBAA5"}|0x1190ef95
07:45:04.0 (41319939)|STATEMENT_EXECUTE|[197]
07:45:04.0 (41321549)|STATEMENT_EXECUTE|[198]
07:45:04.0 (41369548)|HEAP_ALLOCATE|[198]|Bytes:18
07:45:04.0 (41437706)|HEAP_ALLOCATE|[EXTERNAL]|Bytes:4
07:45:04.0 (41451380)|HEAP_ALLOCATE|[197]|Bytes:5
07:45:04.0 (41459400)|HEAP_ALLOCATE|[197]|Bytes:16
07:45:04.0 (41464995)|VARIABLE_SCOPE_BEGIN|[197]|ptntInsrnceInstance|Patient_Insurance__c|true|false
07:45:04.0 (41477930)|VARIABLE_ASSIGNMENT|[197]|ptntInsrnceInstance|{"Id":"a1b29000000lvHQAAY","Name":"Maria Johnson - Valu (23 more) ...","Insurance_Company__c":"0012900000AXSP3AAP"}|0x7d24082b
07:45:04.0 (41483082)|STATEMENT_EXECUTE|[197]
07:45:04.0 (41484235)|STATEMENT_EXECUTE|[198]
07:45:04.0 (41492937)|HEAP_ALLOCATE|[198]|Bytes:18
07:45:04.0 (41503614)|HEAP_ALLOCATE|[EXTERNAL]|Bytes:4
07:45:04.0 (41511386)|HEAP_ALLOCATE|[197]|Bytes:5
07:45:04.0 (41517842)|HEAP_ALLOCATE|[197]|Bytes:16
07:45:04.0 (41522334)|VARIABLE_SCOPE_BEGIN|[197]|ptntInsrnceInstance|Patient_Insurance__c|true|false
07:45:04.0 (41533446)|VARIABLE_ASSIGNMENT|[197]|ptntInsrnceInstance|{"Id":"a1b29000000lvHVAAY","Name":"Maria Johnson - Priv (7 more) ...","Insurance_Company__c":"0012900000AXSDqAAP"}|0xcd4beda
07:45:04.0 (41537975)|STATEMENT_EXECUTE|[197]
07:45:04.0 (41538895)|STATEMENT_EXECUTE|[198]
07:45:04.0 (41544253)|HEAP_ALLOCATE|[198]|Bytes:18
07:45:04.0 (41552435)|HEAP_ALLOCATE|[EXTERNAL]|Bytes:4
07:45:04.0 (41559461)|HEAP_ALLOCATE|[197]|Bytes:5
07:45:04.0 (41565332)|HEAP_ALLOCATE|[197]|Bytes:16
07:45:04.0 (41569188)|VARIABLE_SCOPE_BEGIN|[197]|ptntInsrnceInstance|Patient_Insurance__c|true|false
07:45:04.0 (41578910)|VARIABLE_ASSIGNMENT|[197]|ptntInsrnceInstance|{"Id":"a1b29000000ly7uAAA","Name":"Maria Johnson - Alle (6 more) ...","Insurance_Company__c":"0012900000AXSlPAAX"}|0x40df873c
07:45:04.0 (41582986)|STATEMENT_EXECUTE|[197]
07:45:04.0 (41583898)|STATEMENT_EXECUTE|[198]
07:45:04.0 (41588574)|HEAP_ALLOCATE|[198]|Bytes:18
07:45:04.0 (41596225)|HEAP_ALLOCATE|[EXTERNAL]|Bytes:4
07:45:04.0 (41602808)|HEAP_ALLOCATE|[197]|Bytes:5
07:45:04.0 (41611010)|VARIABLE_ASSIGNMENT|[197]|ptntInsrnceInstance|null|
07:45:04.0 (41615410)|STATEMENT_EXECUTE|[201]
07:45:04.45 (45896900)|SYSTEM_MODE_ENTER|true
07:45:04.45 (45955171)|HEAP_ALLOCATE|[EXTERNAL]|Bytes:8
07:45:04.45 (45964637)|VARIABLE_SCOPE_BEGIN|[88]|this|ApexPage.PageMessagesComponentController|true|false
07:45:04.45 (45991040)|VARIABLE_ASSIGNMENT|[88]|this|{}|0x46cca6fd
07:45:04.45 (45997055)|VARIABLE_SCOPE_BEGIN|[88]|escape|Boolean|false|false
07:45:04.45 (46003636)|VARIABLE_ASSIGNMENT|[88]|escape|null
07:45:04.0 (46488307)|HEAP_ALLOCATE|[EXTERNAL]|Bytes:84
07:45:04.0 (46500174)|VARIABLE_ASSIGNMENT|[EXTERNAL]|this.insrncBnftSelected|null|0x3fd2e14b
07:45:04.0 (46542459)|HEAP_ALLOCATE|[EXTERNAL]|Bytes:84
07:45:04.0 (46549047)|VARIABLE_ASSIGNMENT|[EXTERNAL]|this.facilitySelected|null|0x3fd2e14b
07:45:04.0 (46584932)|HEAP_ALLOCATE|[EXTERNAL]|Bytes:84
07:45:04.0 (46591680)|VARIABLE_ASSIGNMENT|[EXTERNAL]|this.rateAdjstmntSelected|null|0x3fd2e14b
07:45:04.0 (46625921)|HEAP_ALLOCATE|[EXTERNAL]|Bytes:84
07:45:04.0 (46631641)|VARIABLE_ASSIGNMENT|[EXTERNAL]|this.fcltyPrgrmSelected|null|0x3fd2e14b
07:45:04.0 (49539122)|HEAP_ALLOCATE|[EXTERNAL]|Bytes:112
07:45:04.0 (49551621)|VARIABLE_SCOPE_BEGIN|[205]|this|PAW_New_EditCntrllr|true|false
07:45:04.0 (49625550)|VARIABLE_ASSIGNMENT|[205]|this|{"estmtCvrgeDaysObj":"0x3e358c2f","faciltyOptions":"0x421a4b17","fcltyPrgrmOptions":"0x7cde9b9a","idToOwnershipFacilit (4 more) ...":"0x446f3b83","idToTypeFacilityMap":"0x562993d5","insrncBnftMap":"0x46fb28f4","insrncBnftOptions":"0x4e7179fa","isIop":false,"isTalbott":false,"meta":"0x73ffe094","oppId":"00629000004NTeZ","pawObj":"0x69526205","ptntInsrnceOptions":"0x33c6c7bf","ptntInsrncMap":"0x29080490","ptntInsrncObj":"0x3ffdef7b","quoteObj":"0x4545e0cb","recordId":"00629000004NTeZ","rtAdjstmntOptions":"0x399210f3","showPILookup":false,"sObjectQueryStr":"","wrprObj":"0x3fd2e14b"}|0x6bb2f0a
07:45:04.0 (49642043)|STATEMENT_EXECUTE|[205]
07:45:04.0 (49716643)|VARIABLE_ASSIGNMENT|[EXTERNAL]|this|{"estmtCvrgeDaysObj":"0x3e358c2f","faciltyOptions":"0x421a4b17","fcltyPrgrmOptions":"0x7cde9b9a","idToOwnershipFacilit (4 more) ...":"0x446f3b83","idToTypeFacilityMap":"0x562993d5","insrncBnftMap":"0x46fb28f4","insrncBnftOptions":"0x4e7179fa","isIop":false,"isTalbott":false,"meta":"0x73ffe094","oppId":"00629000004NTeZ","pawObj":"0x69526205","ptntInsrnceOptions":"0x33c6c7bf","ptntInsrncMap":"0x29080490","ptntInsrncObj":"0x3ffdef7b","quoteObj":"0x4545e0cb","recordId":"00629000004NTeZ","rtAdjstmntOptions":"0x399210f3","showPILookup":false,"sObjectQueryStr":"","wrprObj":"0x3fd2e14b"}|0x6bb2f0a
07:45:04.0 (49782140)|VARIABLE_ASSIGNMENT|[EXTERNAL]|this|{"pawDetailListDisplay (4 more) ...":false,"pyAgrmntWrksht":"0x4ed34eaa","relatedPAWDetailsLis (1 more) ...":"0x2796ff64","targetEDR":0.00,"totalAppliedDeductib (2 more) ...":0.00,"totalCoInsurance":0.00,"totalCoPayAmt":0.00,"totalInsCoResp":0.00,"totalInsEIVAmt":0.00,"totalRowCount":0,"totalTalbottDay":0.00}|0x3fd2e14b
07:45:04.0 (49830201)|STATEMENT_EXECUTE|[206]
07:45:04.0 (49831902)|STATEMENT_EXECUTE|[207]
07:45:04.0 (49895262)|VARIABLE_ASSIGNMENT|[EXTERNAL]|this|{"estmtCvrgeDaysObj":"0x3e358c2f","faciltyOptions":"0x421a4b17","fcltyPrgrmOptions":"0x7cde9b9a","idToOwnershipFacilit (4 more) ...":"0x446f3b83","idToTypeFacilityMap":"0x562993d5","insrncBnftMap":"0x46fb28f4","insrncBnftOptions":"0x4e7179fa","isIop":false,"isTalbott":false,"meta":"0x73ffe094","oppId":"00629000004NTeZ","pawObj":"0x69526205","ptntInsrnceOptions":"0x33c6c7bf","ptntInsrncMap":"0x29080490","ptntInsrncObj":"0x3ffdef7b","quoteObj":"0x4545e0cb","recordId":"00629000004NTeZ","rtAdjstmntOptions":"0x399210f3","showPILookup":false,"sObjectQueryStr":"","wrprObj":"0x3fd2e14b"}|0x6bb2f0a
07:45:04.0 (49941685)|VARIABLE_ASSIGNMENT|[EXTERNAL]|this|{"pawDetailListDisplay (4 more) ...":false,"pyAgrmntWrksht":"0x4ed34eaa","relatedPAWDetailsLis (1 more) ...":"0x2796ff64","targetEDR":0.00,"totalAppliedDeductib (2 more) ...":0.00,"totalCoInsurance":0.00,"totalCoPayAmt":0.00,"totalInsCoResp":0.00,"totalInsEIVAmt":0.00,"totalRowCount":0,"totalTalbottDay":0.00}|0x3fd2e14b
07:45:04.0 (50023140)|VARIABLE_ASSIGNMENT|[EXTERNAL]|this|{"estmtCvrgeDaysObj":"0x3e358c2f","faciltyOptions":"0x421a4b17","fcltyPrgrmOptions":"0x7cde9b9a","idToOwnershipFacilit (4 more) ...":"0x446f3b83","idToTypeFacilityMap":"0x562993d5","insrncBnftMap":"0x46fb28f4","insrncBnftOptions":"0x4e7179fa","isIop":false,"isTalbott":false,"meta":"0x73ffe094","oppId":"00629000004NTeZ","pawObj":"0x69526205","ptntInsrnceOptions":"0x33c6c7bf","ptntInsrncMap":"0x29080490","ptntInsrncObj":"0x3ffdef7b","quoteObj":"0x4545e0cb","recordId":"00629000004NTeZ","rtAdjstmntOptions":"0x399210f3","showPILookup":false,"sObjectQueryStr":"","wrprObj":"0x3fd2e14b"}|0x6bb2f0a
07:45:04.0 (50042945)|VARIABLE_ASSIGNMENT|[EXTERNAL]|value|{"Id":"a1b29000000lvHQAAY","Name":"Maria Johnson - Valu (23 more) ...","Insurance_Company__c":"0012900000AXSP3AAP"}|0x7d24082b
07:45:04.0 (50056451)|VARIABLE_ASSIGNMENT|[18]|this.ptntInsrncObj|{"Id":"a1b29000000lvHQAAY","Name":"Maria Johnson - Valu (23 more) ...","Insurance_Company__c":"0012900000AXSP3AAP"}|0x6bb2f0a
07:45:04.0 (50064759)|STATEMENT_EXECUTE|[211]
07:45:04.0 (50115680)|VARIABLE_ASSIGNMENT|[EXTERNAL]|this|{"estmtCvrgeDaysObj":"0x3e358c2f","faciltyOptions":"0x421a4b17","fcltyPrgrmOptions":"0x7cde9b9a","idToOwnershipFacilit (4 more) ...":"0x446f3b83","idToTypeFacilityMap":"0x562993d5","insrncBnftMap":"0x46fb28f4","insrncBnftOptions":"0x4e7179fa","isIop":false,"isTalbott":false,"meta":"0x73ffe094","oppId":"00629000004NTeZ","pawObj":"0x69526205","ptntInsrnceOptions":"0x33c6c7bf","ptntInsrncMap":"0x29080490","ptntInsrncObj":"0x7d24082b","quoteObj":"0x4545e0cb","recordId":"00629000004NTeZ","rtAdjstmntOptions":"0x399210f3","showPILookup":false,"sObjectQueryStr":"","wrprObj":"0x3fd2e14b"}|0x6bb2f0a
07:45:04.0 (50168071)|VARIABLE_ASSIGNMENT|[EXTERNAL]|this|{"pawDetailListDisplay (4 more) ...":false,"pyAgrmntWrksht":"0x4ed34eaa","relatedPAWDetailsLis (1 more) ...":"0x2796ff64","targetEDR":0.00,"totalAppliedDeductib (2 more) ...":0.00,"totalCoInsurance":0.00,"totalCoPayAmt":0.00,"totalInsCoResp":0.00,"totalInsEIVAmt":0.00,"totalRowCount":0,"totalTalbottDay":0.00}|0x3fd2e14b
07:45:04.0 (50178256)|VARIABLE_ASSIGNMENT|[EXTERNAL]|value|""
07:45:04.0 (50184375)|VARIABLE_ASSIGNMENT|[526]|this.insrncBnftSelected|""|0x3fd2e14b
07:45:04.0 (50190700)|STATEMENT_EXECUTE|[212]
07:45:04.0 (50220209)|METHOD_ENTRY|[212]|01p0a000004sKzV|PAW_New_EditCntrllr.updateWraperValues()
07:45:04.0 (50239692)|VARIABLE_SCOPE_BEGIN|[404]|this|PAW_New_EditCntrllr|true|false
07:45:04.0 (50288118)|VARIABLE_ASSIGNMENT|[404]|this|{"estmtCvrgeDaysObj":"0x3e358c2f","faciltyOptions":"0x421a4b17","fcltyPrgrmOptions":"0x7cde9b9a","idToOwnershipFacilit (4 more) ...":"0x446f3b83","idToTypeFacilityMap":"0x562993d5","insrncBnftMap":"0x46fb28f4","insrncBnftOptions":"0x4e7179fa","isIop":false,"isTalbott":false,"meta":"0x73ffe094","oppId":"00629000004NTeZ","pawObj":"0x69526205","ptntInsrnceOptions":"0x33c6c7bf","ptntInsrncMap":"0x29080490","ptntInsrncObj":"0x7d24082b","quoteObj":"0x4545e0cb","recordId":"00629000004NTeZ","rtAdjstmntOptions":"0x399210f3","showPILookup":false,"sObjectQueryStr":"","wrprObj":"0x3fd2e14b"}|0x6bb2f0a
07:45:04.0 (50299660)|STATEMENT_EXECUTE|[404]
07:45:04.0 (50356089)|VARIABLE_ASSIGNMENT|[EXTERNAL]|this|{"estmtCvrgeDaysObj":"0x3e358c2f","faciltyOptions":"0x421a4b17","fcltyPrgrmOptions":"0x7cde9b9a","idToOwnershipFacilit (4 more) ...":"0x446f3b83","idToTypeFacilityMap":"0x562993d5","insrncBnftMap":"0x46fb28f4","insrncBnftOptions":"0x4e7179fa","isIop":false,"isTalbott":false,"meta":"0x73ffe094","oppId":"00629000004NTeZ","pawObj":"0x69526205","ptntInsrnceOptions":"0x33c6c7bf","ptntInsrncMap":"0x29080490","ptntInsrncObj":"0x7d24082b","quoteObj":"0x4545e0cb","recordId":"00629000004NTeZ","rtAdjstmntOptions":"0x399210f3","showPILookup":false,"sObjectQueryStr":"","wrprObj":"0x3fd2e14b"}|0x6bb2f0a
07:45:04.0 (50420925)|VARIABLE_ASSIGNMENT|[EXTERNAL]|this|{"estmtCvrgeDaysObj":"0x3e358c2f","faciltyOptions":"0x421a4b17","fcltyPrgrmOptions":"0x7cde9b9a","idToOwnershipFacilit (4 more) ...":"0x446f3b83","idToTypeFacilityMap":"0x562993d5","insrncBnftMap":"0x46fb28f4","insrncBnftOptions":"0x4e7179fa","isIop":false,"isTalbott":false,"meta":"0x73ffe094","oppId":"00629000004NTeZ","pawObj":"0x69526205","ptntInsrnceOptions":"0x33c6c7bf","ptntInsrncMap":"0x29080490","ptntInsrncObj":"0x7d24082b","quoteObj":"0x4545e0cb","recordId":"00629000004NTeZ","rtAdjstmntOptions":"0x399210f3","showPILookup":false,"sObjectQueryStr":"","wrprObj":"0x3fd2e14b"}|0x6bb2f0a
07:45:04.0 (50435504)|STATEMENT_EXECUTE|[420]
07:45:04.0 (50436480)|STATEMENT_EXECUTE|[421]
07:45:04.0 (57168261)|VARIABLE_SCOPE_BEGIN|[3]|PAWValueCalculationService.pawObj|Pay_Agreement_Worksheet__c|true|true
07:45:04.0 (57182543)|VARIABLE_SCOPE_BEGIN|[2]|PAWValueCalculationService.skipDML|Boolean|false|true
07:45:04.0 (57197446)|HEAP_ALLOCATE|[421]|Bytes:6
07:45:04.0 (57219277)|METHOD_ENTRY|[1]|01p0a000004sKzO|PAWFrnFacilityService.PAWFrnFacilityService()
07:45:04.0 (57224695)|STATEMENT_EXECUTE|[1]
07:45:04.0 (57228597)|STATEMENT_EXECUTE|[1]
07:45:04.0 (57244698)|SYSTEM_MODE_ENTER|false
07:45:04.0 (57256986)|HEAP_ALLOCATE|[421]|Bytes:5
07:45:04.0 (57268276)|SYSTEM_MODE_EXIT|false
07:45:04.0 (57277394)|METHOD_EXIT|[1]|PAWFrnFacilityService
07:45:04.0 (57296202)|HEAP_ALLOCATE|[421]|Bytes:4
07:45:04.0 (57309283)|CONSTRUCTOR_ENTRY|[421]|01p0a000004sKzO|<init>()
07:45:04.0 (57331258)|VARIABLE_SCOPE_BEGIN|[2]|this|PAWFrnFacilityService|true|false
07:45:04.0 (57354279)|VARIABLE_ASSIGNMENT|[2]|this|{}|0x458f25c4
07:45:04.0 (57369240)|SYSTEM_MODE_ENTER|false
07:45:04.0 (57374189)|HEAP_ALLOCATE|[2]|Bytes:5
07:45:04.0 (57377662)|STATEMENT_EXECUTE|[1]
07:45:04.0 (57383306)|HEAP_ALLOCATE|[2]|Bytes:5
07:45:04.0 (57392841)|HEAP_ALLOCATE|[2]|Bytes:39
07:45:04.0 (57397544)|HEAP_ALLOCATE|[2]|Bytes:35
07:45:04.0 (57407325)|METHOD_ENTRY|[1]|01p0a000004sKzT|PAWValueCalculationService.PAWValueCalculationService()
07:45:04.0 (57411376)|STATEMENT_EXECUTE|[1]
07:45:04.0 (57413077)|STATEMENT_EXECUTE|[1]
07:45:04.0 (57415994)|METHOD_EXIT|[1]|PAWValueCalculationService
07:45:04.0 (57421051)|CONSTRUCTOR_ENTRY|[2]|01p0a000004sKzT|<init>()
07:45:04.0 (57468338)|VARIABLE_SCOPE_BEGIN|[5]|this|PAWValueCalculationService|true|false
07:45:04.0 (57481819)|VARIABLE_ASSIGNMENT|[5]|this|{}|0x458f25c4
07:45:04.0 (57486752)|STATEMENT_EXECUTE|[1]
07:45:04.0 (57493844)|HEAP_ALLOCATE|[6]|Bytes:6
07:45:04.0 (57515177)|STATEMENT_EXECUTE|[5]
07:45:04.0 (57516301)|STATEMENT_EXECUTE|[6]
07:45:04.0 (57523148)|HEAP_ALLOCATE|[6]|Bytes:5
07:45:04.0 (57533596)|VARIABLE_ASSIGNMENT|[6]|PAWValueCalculationService.skipDML|false
07:45:04.0 (57539976)|CONSTRUCTOR_EXIT|[2]|01p0a000004sKzT|<init>()
07:45:04.0 (57544302)|STATEMENT_EXECUTE|[2]
07:45:04.0 (57547379)|SYSTEM_MODE_EXIT|false
07:45:04.0 (57552116)|CONSTRUCTOR_EXIT|[421]|01p0a000004sKzO|<init>()
07:45:04.0 (57622779)|VARIABLE_ASSIGNMENT|[EXTERNAL]|this|{"estmtCvrgeDaysObj":"0x3e358c2f","faciltyOptions":"0x421a4b17","fcltyPrgrmOptions":"0x7cde9b9a","idToOwnershipFacilit (4 more) ...":"0x446f3b83","idToTypeFacilityMap":"0x562993d5","insrncBnftMap":"0x46fb28f4","insrncBnftOptions":"0x4e7179fa","isIop":false,"isTalbott":false,"meta":"0x73ffe094","oppId":"00629000004NTeZ","pawObj":"0x69526205","ptntInsrnceOptions":"0x33c6c7bf","ptntInsrncMap":"0x29080490","ptntInsrncObj":"0x7d24082b","quoteObj":"0x4545e0cb","recordId":"00629000004NTeZ","rtAdjstmntOptions":"0x399210f3","showPILookup":false,"sObjectQueryStr":"","wrprObj":"0x3fd2e14b"}|0x6bb2f0a
07:45:04.0 (57672807)|METHOD_ENTRY|[421]|01p0a000004sKzO|PAWFrnFacilityService.calculateWraperValuesFRN(PAW_New_EditCntrllr.WraperClass, Map<Id,Facility_Program__c>, Map<Id,Insurance_Company_Rate_Adjustment__c>, Map<Id,Insurance_Benefit__c>, Estimated_Coverage_Days__c)
07:45:04.0 (57681004)|VARIABLE_SCOPE_BEGIN|[7]|this|PAWFrnFacilityService|true|false
07:45:04.0 (57692909)|VARIABLE_ASSIGNMENT|[7]|this|{}|0x458f25c4
07:45:04.0 (57697579)|VARIABLE_SCOPE_BEGIN|[7]|pWrprObj|PAW_New_EditCntrllr.WraperClass|true|false
07:45:04.0 (57737688)|VARIABLE_ASSIGNMENT|[7]|pWrprObj|{"insrncBnftSelected":"","pawDetailListDisplay (4 more) ...":false,"pyAgrmntWrksht":"0x4ed34eaa","relatedPAWDetailsLis (1 more) ...":"0x2796ff64","targetEDR":0.00,"totalAppliedDeductib (2 more) ...":0.00,"totalCoInsurance":0.00,"totalCoPayAmt":0.00,"totalInsCoResp":0.00,"totalInsEIVAmt":0.00,"totalRowCount":0,"totalTalbottDay":0.00}|0x3fd2e14b
07:45:04.0 (57747074)|VARIABLE_SCOPE_BEGIN|[7]|pFcltyPrgmMap|Map<Id,Facility_Program__c>|true|false
07:45:04.0 (57754156)|VARIABLE_ASSIGNMENT|[7]|pFcltyPrgmMap|null|
07:45:04.0 (57758496)|VARIABLE_SCOPE_BEGIN|[7]|pCmpnyRateAdjstmntMap|Map<Id,Insurance_Company_Rate_Adjustment__c>|true|false
07:45:04.0 (57764399)|VARIABLE_ASSIGNMENT|[7]|pCmpnyRateAdjstmntMap|null|
07:45:04.0 (57767963)|VARIABLE_SCOPE_BEGIN|[7]|pInsrncBnftMap|Map<Id,Insurance_Benefit__c>|true|false
07:45:04.0 (57778705)|VARIABLE_ASSIGNMENT|[7]|pInsrncBnftMap|{}|0x46fb28f4
07:45:04.0 (57788349)|VARIABLE_SCOPE_BEGIN|[7]|pEstmtCvrgeDaysObj|Estimated_Coverage_Days__c|true|false
07:45:04.0 (57797009)|VARIABLE_ASSIGNMENT|[7]|pEstmtCvrgeDaysObj|{}|0x3e358c2f
07:45:04.0 (57816380)|SYSTEM_MODE_ENTER|false
07:45:04.0 (57822495)|HEAP_ALLOCATE|[13]|Bytes:5
07:45:04.0 (57826614)|STATEMENT_EXECUTE|[12]
07:45:04.0 (57827804)|STATEMENT_EXECUTE|[13]
07:45:04.0 (57841301)|METHOD_ENTRY|[13]|01p0a000004sKzT|PAWValueCalculationService.calculateWraperValues(PAW_New_EditCntrllr.WraperClass, Map<Id,Facility_Program__c>, Map<Id,Insurance_Company_Rate_Adjustment__c>, Map<Id,Insurance_Benefit__c>, Estimated_Coverage_Days__c)
07:45:04.0 (57860126)|VARIABLE_SCOPE_BEGIN|[10]|this|PAWValueCalculationService|true|false
07:45:04.0 (57871366)|VARIABLE_ASSIGNMENT|[10]|this|{}|0x458f25c4
07:45:04.0 (57876002)|VARIABLE_SCOPE_BEGIN|[10]|pWrprObj|PAW_New_EditCntrllr.WraperClass|true|false
07:45:04.0 (57916331)|VARIABLE_ASSIGNMENT|[10]|pWrprObj|{"insrncBnftSelected":"","pawDetailListDisplay (4 more) ...":false,"pyAgrmntWrksht":"0x4ed34eaa","relatedPAWDetailsLis (1 more) ...":"0x2796ff64","targetEDR":0.00,"totalAppliedDeductib (2 more) ...":0.00,"totalCoInsurance":0.00,"totalCoPayAmt":0.00,"totalInsCoResp":0.00,"totalInsEIVAmt":0.00,"totalRowCount":0,"totalTalbottDay":0.00}|0x3fd2e14b
07:45:04.0 (57925013)|VARIABLE_SCOPE_BEGIN|[10]|pFcltyPrgmMap|Map<Id,Facility_Program__c>|true|false
07:45:04.0 (57930355)|VARIABLE_ASSIGNMENT|[10]|pFcltyPrgmMap|null|
07:45:04.0 (57933656)|VARIABLE_SCOPE_BEGIN|[10]|pCmpnyRateAdjstmntMap|Map<Id,Insurance_Company_Rate_Adjustment__c>|true|false
07:45:04.0 (57938735)|VARIABLE_ASSIGNMENT|[10]|pCmpnyRateAdjstmntMap|null|
07:45:04.0 (57941656)|VARIABLE_SCOPE_BEGIN|[10]|pInsrncBnftMap|Map<Id,Insurance_Benefit__c>|true|false
07:45:04.0 (57949198)|VARIABLE_ASSIGNMENT|[10]|pInsrncBnftMap|{}|0x46fb28f4
07:45:04.0 (57953738)|VARIABLE_SCOPE_BEGIN|[10]|pEstmtCvrgeDaysObj|Estimated_Coverage_Days__c|true|false
07:45:04.0 (57959802)|VARIABLE_ASSIGNMENT|[10]|pEstmtCvrgeDaysObj|{}|0x3e358c2f
07:45:04.0 (57965513)|STATEMENT_EXECUTE|[14]
07:45:04.0 (57966484)|STATEMENT_EXECUTE|[16]
07:45:04.0 (58008353)|VARIABLE_ASSIGNMENT|[EXTERNAL]|this|{"insrncBnftSelected":"","pawDetailListDisplay (4 more) ...":false,"pyAgrmntWrksht":"0x4ed34eaa","relatedPAWDetailsLis (1 more) ...":"0x2796ff64","targetEDR":0.00,"totalAppliedDeductib (2 more) ...":0.00,"totalCoInsurance":0.00,"totalCoPayAmt":0.00,"totalInsCoResp":0.00,"totalInsEIVAmt":0.00,"totalRowCount":0,"totalTalbottDay":0.00}|0x3fd2e14b
07:45:04.0 (58086135)|VARIABLE_ASSIGNMENT|[16]|this.Rate_Adjustment_Type__c|null|0x4ed34eaa
07:45:04.0 (58142519)|VARIABLE_ASSIGNMENT|[EXTERNAL]|this|{"insrncBnftSelected":"","pawDetailListDisplay (4 more) ...":false,"pyAgrmntWrksht":"0x4ed34eaa","relatedPAWDetailsLis (1 more) ...":"0x2796ff64","targetEDR":0.00,"totalAppliedDeductib (2 more) ...":0.00,"totalCoInsurance":0.00,"totalCoPayAmt":0.00,"totalInsCoResp":0.00,"totalInsEIVAmt":0.00,"totalRowCount":0,"totalTalbottDay":0.00}|0x3fd2e14b
07:45:04.0 (58158248)|STATEMENT_EXECUTE|[17]
07:45:04.0 (58159521)|STATEMENT_EXECUTE|[24]
07:45:04.0 (58196918)|VARIABLE_ASSIGNMENT|[EXTERNAL]|this|{"insrncBnftSelected":"","pawDetailListDisplay (4 more) ...":false,"pyAgrmntWrksht":"0x4ed34eaa","relatedPAWDetailsLis (1 more) ...":"0x2796ff64","targetEDR":0.00,"totalAppliedDeductib (2 more) ...":0.00,"totalCoInsurance":0.00,"totalCoPayAmt":0.00,"totalInsCoResp":0.00,"totalInsEIVAmt":0.00,"totalRowCount":0,"totalTalbottDay":0.00}|0x3fd2e14b
07:45:04.0 (58232961)|VARIABLE_ASSIGNMENT|[EXTERNAL]|this|{"insrncBnftSelected":"","pawDetailListDisplay (4 more) ...":false,"pyAgrmntWrksht":"0x4ed34eaa","relatedPAWDetailsLis (1 more) ...":"0x2796ff64","targetEDR":0.00,"totalAppliedDeductib (2 more) ...":0.00,"totalCoInsurance":0.00,"totalCoPayAmt":0.00,"totalInsCoResp":0.00,"totalInsEIVAmt":0.00,"totalRowCount":0,"totalTalbottDay":0.00}|0x3fd2e14b
07:45:04.0 (58303032)|HEAP_ALLOCATE|[25]|Bytes:4
07:45:04.0 (58431870)|VARIABLE_ASSIGNMENT|[EXTERNAL]|this|{"insrncBnftSelected":"","pawDetailListDisplay (4 more) ...":false,"pyAgrmntWrksht":"0x4ed34eaa","relatedPAWDetailsLis (1 more) ...":"0x2796ff64","targetEDR":0.00,"totalAppliedDeductib (2 more) ...":0.00,"totalCoInsurance":0.00,"totalCoPayAmt":0.00,"totalInsCoResp":0.00,"totalInsEIVAmt":0.00,"totalRowCount":0,"totalTalbottDay":0.00}|0x3fd2e14b
07:45:04.0 (58443504)|VARIABLE_ASSIGNMENT|[EXTERNAL]|value|{}|0x5f45745a
07:45:04.0 (58452885)|VARIABLE_ASSIGNMENT|[525]|this.insrncBnft|{}|0x3fd2e14b
07:45:04.0 (58460937)|STATEMENT_EXECUTE|[26]
07:45:04.0 (58503040)|VARIABLE_ASSIGNMENT|[EXTERNAL]|this|{"insrncBnft":"0x5f45745a","insrncBnftSelected":"","pawDetailListDisplay (4 more) ...":false,"pyAgrmntWrksht":"0x4ed34eaa","relatedPAWDetailsLis (1 more) ...":"0x2796ff64","targetEDR":0.00,"totalAppliedDeductib (2 more) ...":0.00,"totalCoInsurance":0.00,"totalCoPayAmt":0.00,"totalInsCoResp":0.00,"totalInsEIVAmt":0.00,"totalRowCount":0,"totalTalbottDay":0.00}|0x3fd2e14b
07:45:04.0 (58513648)|VARIABLE_ASSIGNMENT|[EXTERNAL]|value|0
07:45:04.0 (58518508)|HEAP_ALLOCATE|[530]|Bytes:4
07:45:04.0 (58524527)|VARIABLE_ASSIGNMENT|[530]|this.totalRowCount|0|0x3fd2e14b
07:45:04.0 (58530990)|STATEMENT_EXECUTE|[27]
07:45:04.0 (58564132)|HEAP_ALLOCATE|[27]|Bytes:28
07:45:04.0 (58568038)|HEAP_ALLOCATE|[27]|Bytes:28
07:45:04.0 (58609590)|VARIABLE_ASSIGNMENT|[EXTERNAL]|this|{"insrncBnft":"0x5f45745a","insrncBnftSelected":"","pawDetailListDisplay (4 more) ...":false,"pyAgrmntWrksht":"0x4ed34eaa","relatedPAWDetailsLis (1 more) ...":"0x2796ff64","targetEDR":0.00,"totalAppliedDeductib (2 more) ...":0.00,"totalCoInsurance":0.00,"totalCoPayAmt":0.00,"totalInsCoResp":0.00,"totalInsEIVAmt":0.00,"totalRowCount":0,"totalTalbottDay":0.00}|0x3fd2e14b
07:45:04.0 (58620999)|VARIABLE_ASSIGNMENT|[EXTERNAL]|value|0
07:45:04.0 (58627250)|VARIABLE_ASSIGNMENT|[531]|this.totalTalbottDay|0|0x3fd2e14b
07:45:04.0 (58633830)|STATEMENT_EXECUTE|[28]
07:45:04.0 (58634744)|STATEMENT_EXECUTE|[29]
07:45:04.0 (58676591)|VARIABLE_ASSIGNMENT|[EXTERNAL]|this|{"insrncBnft":"0x5f45745a","insrncBnftSelected":"","pawDetailListDisplay (4 more) ...":false,"pyAgrmntWrksht":"0x4ed34eaa","relatedPAWDetailsLis (1 more) ...":"0x2796ff64","targetEDR":0.00,"totalAppliedDeductib (2 more) ...":0.00,"totalCoInsurance":0.00,"totalCoPayAmt":0.00,"totalInsCoResp":0.00,"totalInsEIVAmt":0.00,"totalRowCount":0,"totalTalbottDay":0}|0x3fd2e14b
07:45:04.0 (58693628)|HEAP_ALLOCATE|[29]|Bytes:28
07:45:04.0 (58696605)|HEAP_ALLOCATE|[29]|Bytes:28
07:45:04.0 (58770965)|VARIABLE_ASSIGNMENT|[EXTERNAL]|this|{"insrncBnft":"0x5f45745a","insrncBnftSelected":"","pawDetailListDisplay (4 more) ...":false,"pyAgrmntWrksht":"0x4ed34eaa","relatedPAWDetailsLis (1 more) ...":"0x2796ff64","targetEDR":0.00,"totalAppliedDeductib (2 more) ...":0.00,"totalCoInsurance":0.00,"totalCoPayAmt":0.00,"totalInsCoResp":0.00,"totalInsEIVAmt":0.00,"totalRowCount":0,"totalTalbottDay":0}|0x3fd2e14b
07:45:04.0 (58780795)|VARIABLE_ASSIGNMENT|[EXTERNAL]|value|0
07:45:04.0 (58785875)|HEAP_ALLOCATE|[530]|Bytes:4
07:45:04.0 (58791241)|VARIABLE_ASSIGNMENT|[530]|this.totalRowCount|0|0x3fd2e14b
07:45:04.0 (58797096)|STATEMENT_EXECUTE|[31]
07:45:04.0 (58839481)|VARIABLE_ASSIGNMENT|[EXTERNAL]|this|{"insrncBnft":"0x5f45745a","insrncBnftSelected":"","pawDetailListDisplay (4 more) ...":false,"pyAgrmntWrksht":"0x4ed34eaa","relatedPAWDetailsLis (1 more) ...":"0x2796ff64","targetEDR":0.00,"totalAppliedDeductib (2 more) ...":0.00,"totalCoInsurance":0.00,"totalCoPayAmt":0.00,"totalInsCoResp":0.00,"totalInsEIVAmt":0.00,"totalRowCount":0,"totalTalbottDay":0}|0x3fd2e14b
07:45:04.0 (58855926)|HEAP_ALLOCATE|[31]|Bytes:28
07:45:04.0 (58859171)|HEAP_ALLOCATE|[31]|Bytes:28
07:45:04.0 (58916095)|VARIABLE_ASSIGNMENT|[EXTERNAL]|this|{"insrncBnft":"0x5f45745a","insrncBnftSelected":"","pawDetailListDisplay (4 more) ...":false,"pyAgrmntWrksht":"0x4ed34eaa","relatedPAWDetailsLis (1 more) ...":"0x2796ff64","targetEDR":0.00,"totalAppliedDeductib (2 more) ...":0.00,"totalCoInsurance":0.00,"totalCoPayAmt":0.00,"totalInsCoResp":0.00,"totalInsEIVAmt":0.00,"totalRowCount":0,"totalTalbottDay":0}|0x3fd2e14b
07:45:04.0 (58925793)|VARIABLE_ASSIGNMENT|[EXTERNAL]|value|0
07:45:04.0 (58929204)|HEAP_ALLOCATE|[530]|Bytes:4
07:45:04.0 (58934090)|VARIABLE_ASSIGNMENT|[530]|this.totalRowCount|0|0x3fd2e14b
07:45:04.0 (58939722)|STATEMENT_EXECUTE|[33]
07:45:04.0 (58973342)|VARIABLE_ASSIGNMENT|[EXTERNAL]|this|{"insrncBnft":"0x5f45745a","insrncBnftSelected":"","pawDetailListDisplay (4 more) ...":false,"pyAgrmntWrksht":"0x4ed34eaa","relatedPAWDetailsLis (1 more) ...":"0x2796ff64","targetEDR":0.00,"totalAppliedDeductib (2 more) ...":0.00,"totalCoInsurance":0.00,"totalCoPayAmt":0.00,"totalInsCoResp":0.00,"totalInsEIVAmt":0.00,"totalRowCount":0,"totalTalbottDay":0}|0x3fd2e14b
07:45:04.0 (58987795)|HEAP_ALLOCATE|[33]|Bytes:28
07:45:04.0 (58990780)|HEAP_ALLOCATE|[33]|Bytes:28
07:45:04.0 (59040413)|VARIABLE_ASSIGNMENT|[EXTERNAL]|this|{"insrncBnft":"0x5f45745a","insrncBnftSelected":"","pawDetailListDisplay (4 more) ...":false,"pyAgrmntWrksht":"0x4ed34eaa","relatedPAWDetailsLis (1 more) ...":"0x2796ff64","targetEDR":0.00,"totalAppliedDeductib (2 more) ...":0.00,"totalCoInsurance":0.00,"totalCoPayAmt":0.00,"totalInsCoResp":0.00,"totalInsEIVAmt":0.00,"totalRowCount":0,"totalTalbottDay":0}|0x3fd2e14b
07:45:04.0 (59050610)|VARIABLE_ASSIGNMENT|[EXTERNAL]|value|0
07:45:04.0 (59053692)|HEAP_ALLOCATE|[530]|Bytes:4
07:45:04.0 (59058488)|VARIABLE_ASSIGNMENT|[530]|this.totalRowCount|0|0x3fd2e14b
07:45:04.0 (59063913)|STATEMENT_EXECUTE|[35]
07:45:04.0 (59097410)|VARIABLE_ASSIGNMENT|[EXTERNAL]|this|{"insrncBnft":"0x5f45745a","insrncBnftSelected":"","pawDetailListDisplay (4 more) ...":false,"pyAgrmntWrksht":"0x4ed34eaa","relatedPAWDetailsLis (1 more) ...":"0x2796ff64","targetEDR":0.00,"totalAppliedDeductib (2 more) ...":0.00,"totalCoInsurance":0.00,"totalCoPayAmt":0.00,"totalInsCoResp":0.00,"totalInsEIVAmt":0.00,"totalRowCount":0,"totalTalbottDay":0}|0x3fd2e14b
07:45:04.0 (59111687)|HEAP_ALLOCATE|[35]|Bytes:28
07:45:04.0 (59114409)|HEAP_ALLOCATE|[35]|Bytes:28
07:45:04.0 (59164454)|VARIABLE_ASSIGNMENT|[EXTERNAL]|this|{"insrncBnft":"0x5f45745a","insrncBnftSelected":"","pawDetailListDisplay (4 more) ...":false,"pyAgrmntWrksht":"0x4ed34eaa","relatedPAWDetailsLis (1 more) ...":"0x2796ff64","targetEDR":0.00,"totalAppliedDeductib (2 more) ...":0.00,"totalCoInsurance":0.00,"totalCoPayAmt":0.00,"totalInsCoResp":0.00,"totalInsEIVAmt":0.00,"totalRowCount":0,"totalTalbottDay":0}|0x3fd2e14b
07:45:04.0 (59174016)|VARIABLE_ASSIGNMENT|[EXTERNAL]|value|0
07:45:04.0 (59177447)|HEAP_ALLOCATE|[530]|Bytes:4
07:45:04.0 (59181820)|VARIABLE_ASSIGNMENT|[530]|this.totalRowCount|0|0x3fd2e14b
07:45:04.0 (59187601)|STATEMENT_EXECUTE|[40]
07:45:04.0 (59227478)|VARIABLE_ASSIGNMENT|[EXTERNAL]|this|{"insrncBnft":"0x5f45745a","insrncBnftSelected":"","pawDetailListDisplay (4 more) ...":false,"pyAgrmntWrksht":"0x4ed34eaa","relatedPAWDetailsLis (1 more) ...":"0x2796ff64","targetEDR":0.00,"totalAppliedDeductib (2 more) ...":0.00,"totalCoInsurance":0.00,"totalCoPayAmt":0.00,"totalInsCoResp":0.00,"totalInsEIVAmt":0.00,"totalRowCount":0,"totalTalbottDay":0}|0x3fd2e14b
07:45:04.0 (59274265)|VARIABLE_ASSIGNMENT|[EXTERNAL]|this|{"insrncBnft":"0x5f45745a","insrncBnftSelected":"","pawDetailListDisplay (4 more) ...":false,"pyAgrmntWrksht":"0x4ed34eaa","relatedPAWDetailsLis (1 more) ...":"0x2796ff64","targetEDR":0.00,"totalAppliedDeductib (2 more) ...":0.00,"totalCoInsurance":0.00,"totalCoPayAmt":0.00,"totalInsCoResp":0.00,"totalInsEIVAmt":0.00,"totalRowCount":0,"totalTalbottDay":0}|0x3fd2e14b
07:45:04.0 (59301074)|HEAP_ALLOCATE|[40]|Bytes:28
07:45:04.0 (59304542)|HEAP_ALLOCATE|[40]|Bytes:28
07:45:04.0 (59341793)|VARIABLE_ASSIGNMENT|[EXTERNAL]|this|{"insrncBnft":"0x5f45745a","insrncBnftSelected":"","pawDetailListDisplay (4 more) ...":false,"pyAgrmntWrksht":"0x4ed34eaa","relatedPAWDetailsLis (1 more) ...":"0x2796ff64","targetEDR":0.00,"totalAppliedDeductib (2 more) ...":0.00,"totalCoInsurance":0.00,"totalCoPayAmt":0.00,"totalInsCoResp":0.00,"totalInsEIVAmt":0.00,"totalRowCount":0,"totalTalbottDay":0}|0x3fd2e14b
07:45:04.0 (59352396)|VARIABLE_ASSIGNMENT|[EXTERNAL]|value|0
07:45:04.0 (59358582)|VARIABLE_ASSIGNMENT|[531]|this.totalTalbottDay|0|0x3fd2e14b
07:45:04.0 (59365142)|STATEMENT_EXECUTE|[43]
07:45:04.0 (59398428)|VARIABLE_ASSIGNMENT|[EXTERNAL]|this|{"insrncBnft":"0x5f45745a","insrncBnftSelected":"","pawDetailListDisplay (4 more) ...":false,"pyAgrmntWrksht":"0x4ed34eaa","relatedPAWDetailsLis (1 more) ...":"0x2796ff64","targetEDR":0.00,"totalAppliedDeductib (2 more) ...":0.00,"totalCoInsurance":0.00,"totalCoPayAmt":0.00,"totalInsCoResp":0.00,"totalInsEIVAmt":0.00,"totalRowCount":0,"totalTalbottDay":0}|0x3fd2e14b
07:45:04.0 (59438712)|VARIABLE_ASSIGNMENT|[EXTERNAL]|this|{"insrncBnft":"0x5f45745a","insrncBnftSelected":"","pawDetailListDisplay (4 more) ...":false,"pyAgrmntWrksht":"0x4ed34eaa","relatedPAWDetailsLis (1 more) ...":"0x2796ff64","targetEDR":0.00,"totalAppliedDeductib (2 more) ...":0.00,"totalCoInsurance":0.00,"totalCoPayAmt":0.00,"totalInsCoResp":0.00,"totalInsEIVAmt":0.00,"totalRowCount":0,"totalTalbottDay":0}|0x3fd2e14b
07:45:04.0 (59462620)|HEAP_ALLOCATE|[43]|Bytes:28
07:45:04.0 (59465867)|HEAP_ALLOCATE|[43]|Bytes:28
07:45:04.0 (59497284)|VARIABLE_ASSIGNMENT|[EXTERNAL]|this|{"insrncBnft":"0x5f45745a","insrncBnftSelected":"","pawDetailListDisplay (4 more) ...":false,"pyAgrmntWrksht":"0x4ed34eaa","relatedPAWDetailsLis (1 more) ...":"0x2796ff64","targetEDR":0.00,"totalAppliedDeductib (2 more) ...":0.00,"totalCoInsurance":0.00,"totalCoPayAmt":0.00,"totalInsCoResp":0.00,"totalInsEIVAmt":0.00,"totalRowCount":0,"totalTalbottDay":0}|0x3fd2e14b
07:45:04.0 (59506109)|VARIABLE_ASSIGNMENT|[EXTERNAL]|value|0
07:45:04.0 (59511215)|VARIABLE_ASSIGNMENT|[531]|this.totalTalbottDay|0|0x3fd2e14b
07:45:04.0 (59516702)|STATEMENT_EXECUTE|[47]
07:45:04.0 (59523190)|HEAP_ALLOCATE|[47]|Bytes:28
07:45:04.0 (59526169)|HEAP_ALLOCATE|[47]|Bytes:28
07:45:04.0 (59561462)|VARIABLE_ASSIGNMENT|[EXTERNAL]|this|{"insrncBnft":"0x5f45745a","insrncBnftSelected":"","pawDetailListDisplay (4 more) ...":false,"pyAgrmntWrksht":"0x4ed34eaa","relatedPAWDetailsLis (1 more) ...":"0x2796ff64","targetEDR":0.00,"totalAppliedDeductib (2 more) ...":0.00,"totalCoInsurance":0.00,"totalCoPayAmt":0.00,"totalInsCoResp":0.00,"totalInsEIVAmt":0.00,"totalRowCount":0,"totalTalbottDay":0}|0x3fd2e14b
07:45:04.0 (59612951)|VARIABLE_ASSIGNMENT|[47]|this.Num_Days_Detox_DTX__c|0|0x4ed34eaa
07:45:04.0 (59618302)|STATEMENT_EXECUTE|[48]
07:45:04.0 (59662100)|VARIABLE_ASSIGNMENT|[EXTERNAL]|this|{"insrncBnft":"0x5f45745a","insrncBnftSelected":"","pawDetailListDisplay (4 more) ...":false,"pyAgrmntWrksht":"0x4ed34eaa","relatedPAWDetailsLis (1 more) ...":"0x2796ff64","targetEDR":0.00,"totalAppliedDeductib (2 more) ...":0.00,"totalCoInsurance":0.00,"totalCoPayAmt":0.00,"totalInsCoResp":0.00,"totalInsEIVAmt":0.00,"totalRowCount":0,"totalTalbottDay":0}|0x3fd2e14b
07:45:04.0 (59676019)|HEAP_ALLOCATE|[48]|Bytes:4
07:45:04.0 (59687919)|HEAP_ALLOCATE|[48]|Bytes:28
07:45:04.0 (59720782)|VARIABLE_ASSIGNMENT|[EXTERNAL]|this|{"insrncBnft":"0x5f45745a","insrncBnftSelected":"","pawDetailListDisplay (4 more) ...":false,"pyAgrmntWrksht":"0x4ed34eaa","relatedPAWDetailsLis (1 more) ...":"0x2796ff64","targetEDR":0.00,"totalAppliedDeductib (2 more) ...":0.00,"totalCoInsurance":0.00,"totalCoPayAmt":0.00,"totalInsCoResp":0.00,"totalInsEIVAmt":0.00,"totalRowCount":0,"totalTalbottDay":0}|0x3fd2e14b
07:45:04.0 (59761212)|VARIABLE_ASSIGNMENT|[48]|this.Detox_Over__c|0.00|0x4ed34eaa
07:45:04.0 (59765909)|STATEMENT_EXECUTE|[49]
07:45:04.0 (59804577)|VARIABLE_ASSIGNMENT|[EXTERNAL]|this|{"insrncBnft":"0x5f45745a","insrncBnftSelected":"","pawDetailListDisplay (4 more) ...":false,"pyAgrmntWrksht":"0x4ed34eaa","relatedPAWDetailsLis (1 more) ...":"0x2796ff64","targetEDR":0.00,"totalAppliedDeductib (2 more) ...":0.00,"totalCoInsurance":0.00,"totalCoPayAmt":0.00,"totalInsCoResp":0.00,"totalInsEIVAmt":0.00,"totalRowCount":0,"totalTalbottDay":0}|0x3fd2e14b
07:45:04.0 (59823256)|HEAP_ALLOCATE|[49]|Bytes:28
07:45:04.0 (59855698)|VARIABLE_ASSIGNMENT|[EXTERNAL]|this|{"insrncBnft":"0x5f45745a","insrncBnftSelected":"","pawDetailListDisplay (4 more) ...":false,"pyAgrmntWrksht":"0x4ed34eaa","relatedPAWDetailsLis (1 more) ...":"0x2796ff64","targetEDR":0.00,"totalAppliedDeductib (2 more) ...":0.00,"totalCoInsurance":0.00,"totalCoPayAmt":0.00,"totalInsCoResp":0.00,"totalInsEIVAmt":0.00,"totalRowCount":0,"totalTalbottDay":0}|0x3fd2e14b
07:45:04.0 (59898200)|VARIABLE_ASSIGNMENT|[49]|this.Detox_Pays_at__c|0.00|0x4ed34eaa
07:45:04.0 (59904208)|STATEMENT_EXECUTE|[51]
07:45:04.0 (59913471)|HEAP_ALLOCATE|[51]|Bytes:28
07:45:04.0 (59917360)|HEAP_ALLOCATE|[51]|Bytes:28
07:45:04.0 (59958933)|VARIABLE_ASSIGNMENT|[EXTERNAL]|this|{"insrncBnft":"0x5f45745a","insrncBnftSelected":"","pawDetailListDisplay (4 more) ...":false,"pyAgrmntWrksht":"0x4ed34eaa","relatedPAWDetailsLis (1 more) ...":"0x2796ff64","targetEDR":0.00,"totalAppliedDeductib (2 more) ...":0.00,"totalCoInsurance":0.00,"totalCoPayAmt":0.00,"totalInsCoResp":0.00,"totalInsEIVAmt":0.00,"totalRowCount":0,"totalTalbottDay":0}|0x3fd2e14b
07:45:04.0 (59992507)|VARIABLE_ASSIGNMENT|[51]|this.Num_Days_Residential_Treatment_RTC__c|0|0x4ed34eaa
07:45:04.0 (59997803)|STATEMENT_EXECUTE|[52]
07:45:04.0 (60035788)|VARIABLE_ASSIGNMENT|[EXTERNAL]|this|{"insrncBnft":"0x5f45745a","insrncBnftSelected":"","pawDetailListDisplay (4 more) ...":false,"pyAgrmntWrksht":"0x4ed34eaa","relatedPAWDetailsLis (1 more) ...":"0x2796ff64","targetEDR":0.00,"totalAppliedDeductib (2 more) ...":0.00,"totalCoInsurance":0.00,"totalCoPayAmt":0.00,"totalInsCoResp":0.00,"totalInsEIVAmt":0.00,"totalRowCount":0,"totalTalbottDay":0}|0x3fd2e14b
07:45:04.0 (60051825)|HEAP_ALLOCATE|[52]|Bytes:28
07:45:04.0 (60083279)|VARIABLE_ASSIGNMENT|[EXTERNAL]|this|{"insrncBnft":"0x5f45745a","insrncBnftSelected":"","pawDetailListDisplay (4 more) ...":false,"pyAgrmntWrksht":"0x4ed34eaa","relatedPAWDetailsLis (1 more) ...":"0x2796ff64","targetEDR":0.00,"totalAppliedDeductib (2 more) ...":0.00,"totalCoInsurance":0.00,"totalCoPayAmt":0.00,"totalInsCoResp":0.00,"totalInsEIVAmt":0.00,"totalRowCount":0,"totalTalbottDay":0}|0x3fd2e14b
07:45:04.0 (60114638)|VARIABLE_ASSIGNMENT|[52]|this.Residential_Treatment_Override__c|0.00|0x4ed34eaa
07:45:04.0 (60120280)|STATEMENT_EXECUTE|[53]
07:45:04.0 (60157706)|VARIABLE_ASSIGNMENT|[EXTERNAL]|this|{"insrncBnft":"0x5f45745a","insrncBnftSelected":"","pawDetailListDisplay (4 more) ...":false,"pyAgrmntWrksht":"0x4ed34eaa","relatedPAWDetailsLis (1 more) ...":"0x2796ff64","targetEDR":0.00,"totalAppliedDeductib (2 more) ...":0.00,"totalCoInsurance":0.00,"totalCoPayAmt":0.00,"totalInsCoResp":0.00,"totalInsEIVAmt":0.00,"totalRowCount":0,"totalTalbottDay":0}|0x3fd2e14b
07:45:04.0 (60172368)|HEAP_ALLOCATE|[53]|Bytes:28
07:45:04.0 (60203283)|VARIABLE_ASSIGNMENT|[EXTERNAL]|this|{"insrncBnft":"0x5f45745a","insrncBnftSelected":"","pawDetailListDisplay (4 more) ...":false,"pyAgrmntWrksht":"0x4ed34eaa","relatedPAWDetailsLis (1 more) ...":"0x2796ff64","targetEDR":0.00,"totalAppliedDeductib (2 more) ...":0.00,"totalCoInsurance":0.00,"totalCoPayAmt":0.00,"totalInsCoResp":0.00,"totalInsEIVAmt":0.00,"totalRowCount":0,"totalTalbottDay":0}|0x3fd2e14b
07:45:04.0 (60233963)|VARIABLE_ASSIGNMENT|[53]|this.RTC_Pays_at__c|0.00|0x4ed34eaa
07:45:04.0 (60239640)|STATEMENT_EXECUTE|[55]
07:45:04.0 (60247770)|HEAP_ALLOCATE|[55]|Bytes:28
07:45:04.0 (60251108)|HEAP_ALLOCATE|[55]|Bytes:28
07:45:04.0 (60290792)|VARIABLE_ASSIGNMENT|[EXTERNAL]|this|{"insrncBnft":"0x5f45745a","insrncBnftSelected":"","pawDetailListDisplay (4 more) ...":false,"pyAgrmntWrksht":"0x4ed34eaa","relatedPAWDetailsLis (1 more) ...":"0x2796ff64","targetEDR":0.00,"totalAppliedDeductib (2 more) ...":0.00,"totalCoInsurance":0.00,"totalCoPayAmt":0.00,"totalInsCoResp":0.00,"totalInsEIVAmt":0.00,"totalRowCount":0,"totalTalbottDay":0}|0x3fd2e14b
07:45:04.0 (60323210)|VARIABLE_ASSIGNMENT|[55]|this.Num_Days_Partial_Hospitalization_PHP__c|0|0x4ed34eaa
07:45:04.0 (60328070)|STATEMENT_EXECUTE|[56]
07:45:04.0 (60373593)|VARIABLE_ASSIGNMENT|[EXTERNAL]|this|{"insrncBnft":"0x5f45745a","insrncBnftSelected":"","pawDetailListDisplay (4 more) ...":false,"pyAgrmntWrksht":"0x4ed34eaa","relatedPAWDetailsLis (1 more) ...":"0x2796ff64","targetEDR":0.00,"totalAppliedDeductib (2 more) ...":0.00,"totalCoInsurance":0.00,"totalCoPayAmt":0.00,"totalInsCoResp":0.00,"totalInsEIVAmt":0.00,"totalRowCount":0,"totalTalbottDay":0}|0x3fd2e14b
07:45:04.0 (60390420)|HEAP_ALLOCATE|[56]|Bytes:28
07:45:04.0 (60422974)|VARIABLE_ASSIGNMENT|[EXTERNAL]|this|{"insrncBnft":"0x5f45745a","insrncBnftSelected":"","pawDetailListDisplay (4 more) ...":false,"pyAgrmntWrksht":"0x4ed34eaa","relatedPAWDetailsLis (1 more) ...":"0x2796ff64","targetEDR":0.00,"totalAppliedDeductib (2 more) ...":0.00,"totalCoInsurance":0.00,"totalCoPayAmt":0.00,"totalInsCoResp":0.00,"totalInsEIVAmt":0.00,"totalRowCount":0,"totalTalbottDay":0}|0x3fd2e14b
07:45:04.0 (60453892)|VARIABLE_ASSIGNMENT|[56]|this.Partial_Hospitalization_Override__c|0.00|0x4ed34eaa
07:45:04.0 (60458654)|STATEMENT_EXECUTE|[57]
07:45:04.0 (60495892)|VARIABLE_ASSIGNMENT|[EXTERNAL]|this|{"insrncBnft":"0x5f45745a","insrncBnftSelected":"","pawDetailListDisplay (4 more) ...":false,"pyAgrmntWrksht":"0x4ed34eaa","relatedPAWDetailsLis (1 more) ...":"0x2796ff64","targetEDR":0.00,"totalAppliedDeductib (2 more) ...":0.00,"totalCoInsurance":0.00,"totalCoPayAmt":0.00,"totalInsCoResp":0.00,"totalInsEIVAmt":0.00,"totalRowCount":0,"totalTalbottDay":0}|0x3fd2e14b
07:45:04.0 (60510787)|HEAP_ALLOCATE|[57]|Bytes:28
07:45:04.0 (60541424)|VARIABLE_ASSIGNMENT|[EXTERNAL]|this|{"insrncBnft":"0x5f45745a","insrncBnftSelected":"","pawDetailListDisplay (4 more) ...":false,"pyAgrmntWrksht":"0x4ed34eaa","relatedPAWDetailsLis (1 more) ...":"0x2796ff64","targetEDR":0.00,"totalAppliedDeductib (2 more) ...":0.00,"totalCoInsurance":0.00,"totalCoPayAmt":0.00,"totalInsCoResp":0.00,"totalInsEIVAmt":0.00,"totalRowCount":0,"totalTalbottDay":0}|0x3fd2e14b
07:45:04.0 (60572434)|VARIABLE_ASSIGNMENT|[57]|this.PHP_Pays_at__c|0.00|0x4ed34eaa
07:45:04.0 (60577454)|STATEMENT_EXECUTE|[59]
07:45:04.0 (60585732)|HEAP_ALLOCATE|[59]|Bytes:28
07:45:04.0 (60589125)|HEAP_ALLOCATE|[59]|Bytes:28
07:45:04.0 (60628218)|VARIABLE_ASSIGNMENT|[EXTERNAL]|this|{"insrncBnft":"0x5f45745a","insrncBnftSelected":"","pawDetailListDisplay (4 more) ...":false,"pyAgrmntWrksht":"0x4ed34eaa","relatedPAWDetailsLis (1 more) ...":"0x2796ff64","targetEDR":0.00,"totalAppliedDeductib (2 more) ...":0.00,"totalCoInsurance":0.00,"totalCoPayAmt":0.00,"totalInsCoResp":0.00,"totalInsEIVAmt":0.00,"totalRowCount":0,"totalTalbottDay":0}|0x3fd2e14b
07:45:04.0 (60660591)|VARIABLE_ASSIGNMENT|[59]|this.Num_Days_Intensive_Outpatient_IOP__c|0|0x4ed34eaa
07:45:04.0 (60665461)|STATEMENT_EXECUTE|[60]
07:45:04.0 (60704796)|VARIABLE_ASSIGNMENT|[EXTERNAL]|this|{"insrncBnft":"0x5f45745a","insrncBnftSelected":"","pawDetailListDisplay (4 more) ...":false,"pyAgrmntWrksht":"0x4ed34eaa","relatedPAWDetailsLis (1 more) ...":"0x2796ff64","targetEDR":0.00,"totalAppliedDeductib (2 more) ...":0.00,"totalCoInsurance":0.00,"totalCoPayAmt":0.00,"totalInsCoResp":0.00,"totalInsEIVAmt":0.00,"totalRowCount":0,"totalTalbottDay":0}|0x3fd2e14b
07:45:04.0 (60720456)|HEAP_ALLOCATE|[60]|Bytes:28
07:45:04.0 (60752005)|VARIABLE_ASSIGNMENT|[EXTERNAL]|this|{"insrncBnft":"0x5f45745a","insrncBnftSelected":"","pawDetailListDisplay (4 more) ...":false,"pyAgrmntWrksht":"0x4ed34eaa","relatedPAWDetailsLis (1 more) ...":"0x2796ff64","targetEDR":0.00,"totalAppliedDeductib (2 more) ...":0.00,"totalCoInsurance":0.00,"totalCoPayAmt":0.00,"totalInsCoResp":0.00,"totalInsEIVAmt":0.00,"totalRowCount":0,"totalTalbottDay":0}|0x3fd2e14b
07:45:04.0 (60783186)|VARIABLE_ASSIGNMENT|[60]|this.Intensive_Outpatient_Override__c|0.00|0x4ed34eaa
07:45:04.0 (60788208)|STATEMENT_EXECUTE|[61]
07:45:04.0 (60827531)|VARIABLE_ASSIGNMENT|[EXTERNAL]|this|{"insrncBnft":"0x5f45745a","insrncBnftSelected":"","pawDetailListDisplay (4 more) ...":false,"pyAgrmntWrksht":"0x4ed34eaa","relatedPAWDetailsLis (1 more) ...":"0x2796ff64","targetEDR":0.00,"totalAppliedDeductib (2 more) ...":0.00,"totalCoInsurance":0.00,"totalCoPayAmt":0.00,"totalInsCoResp":0.00,"totalInsEIVAmt":0.00,"totalRowCount":0,"totalTalbottDay":0}|0x3fd2e14b
07:45:04.0 (60842770)|HEAP_ALLOCATE|[61]|Bytes:28
07:45:04.0 (60876907)|VARIABLE_ASSIGNMENT|[EXTERNAL]|this|{"insrncBnft":"0x5f45745a","insrncBnftSelected":"","pawDetailListDisplay (4 more) ...":false,"pyAgrmntWrksht":"0x4ed34eaa","relatedPAWDetailsLis (1 more) ...":"0x2796ff64","targetEDR":0.00,"totalAppliedDeductib (2 more) ...":0.00,"totalCoInsurance":0.00,"totalCoPayAmt":0.00,"totalInsCoResp":0.00,"totalInsEIVAmt":0.00,"totalRowCount":0,"totalTalbottDay":0}|0x3fd2e14b
07:45:04.0 (60915985)|VARIABLE_ASSIGNMENT|[61]|this.IOP_Pays_at__c|0.00|0x4ed34eaa
07:45:04.0 (60921219)|STATEMENT_EXECUTE|[63]
07:45:04.0 (60959046)|VARIABLE_ASSIGNMENT|[EXTERNAL]|this|{"insrncBnft":"0x5f45745a","insrncBnftSelected":"","pawDetailListDisplay (4 more) ...":false,"pyAgrmntWrksht":"0x4ed34eaa","relatedPAWDetailsLis (1 more) ...":"0x2796ff64","targetEDR":0.00,"totalAppliedDeductib (2 more) ...":0.00,"totalCoInsurance":0.00,"totalCoPayAmt":0.00,"totalInsCoResp":0.00,"totalInsEIVAmt":0.00,"totalRowCount":0,"totalTalbottDay":0}|0x3fd2e14b
07:45:04.0 (60975183)|HEAP_ALLOCATE|[63]|Bytes:28
07:45:04.0 (60979137)|HEAP_ALLOCATE|[63]|Bytes:28
07:45:04.0 (61011006)|VARIABLE_ASSIGNMENT|[EXTERNAL]|this|{"insrncBnft":"0x5f45745a","insrncBnftSelected":"","pawDetailListDisplay (4 more) ...":false,"pyAgrmntWrksht":"0x4ed34eaa","relatedPAWDetailsLis (1 more) ...":"0x2796ff64","targetEDR":0.00,"totalAppliedDeductib (2 more) ...":0.00,"totalCoInsurance":0.00,"totalCoPayAmt":0.00,"totalInsCoResp":0.00,"totalInsEIVAmt":0.00,"totalRowCount":0,"totalTalbottDay":0}|0x3fd2e14b
07:45:04.0 (61043592)|VARIABLE_ASSIGNMENT|[63]|this.Num_Days_Uncovered__c|0|0x4ed34eaa
07:45:04.0 (61048614)|STATEMENT_EXECUTE|[64]
07:45:04.0 (61086271)|VARIABLE_ASSIGNMENT|[EXTERNAL]|this|{"insrncBnft":"0x5f45745a","insrncBnftSelected":"","pawDetailListDisplay (4 more) ...":false,"pyAgrmntWrksht":"0x4ed34eaa","relatedPAWDetailsLis (1 more) ...":"0x2796ff64","targetEDR":0.00,"totalAppliedDeductib (2 more) ...":0.00,"totalCoInsurance":0.00,"totalCoPayAmt":0.00,"totalInsCoResp":0.00,"totalInsEIVAmt":0.00,"totalRowCount":0,"totalTalbottDay":0}|0x3fd2e14b
07:45:04.0 (61102532)|HEAP_ALLOCATE|[64]|Bytes:28
07:45:04.0 (61105646)|HEAP_ALLOCATE|[64]|Bytes:28
07:45:04.0 (61135356)|VARIABLE_ASSIGNMENT|[EXTERNAL]|this|{"insrncBnft":"0x5f45745a","insrncBnftSelected":"","pawDetailListDisplay (4 more) ...":false,"pyAgrmntWrksht":"0x4ed34eaa","relatedPAWDetailsLis (1 more) ...":"0x2796ff64","targetEDR":0.00,"totalAppliedDeductib (2 more) ...":0.00,"totalCoInsurance":0.00,"totalCoPayAmt":0.00,"totalInsCoResp":0.00,"totalInsEIVAmt":0.00,"totalRowCount":0,"totalTalbottDay":0}|0x3fd2e14b
07:45:04.0 (61168110)|VARIABLE_ASSIGNMENT|[64]|this.Uncovered_Days_Rate__c|0|0x4ed34eaa
07:45:04.0 (61173621)|STATEMENT_EXECUTE|[65]
07:45:04.0 (61211541)|VARIABLE_ASSIGNMENT|[EXTERNAL]|this|{"insrncBnft":"0x5f45745a","insrncBnftSelected":"","pawDetailListDisplay (4 more) ...":false,"pyAgrmntWrksht":"0x4ed34eaa","relatedPAWDetailsLis (1 more) ...":"0x2796ff64","targetEDR":0.00,"totalAppliedDeductib (2 more) ...":0.00,"totalCoInsurance":0.00,"totalCoPayAmt":0.00,"totalInsCoResp":0.00,"totalInsEIVAmt":0.00,"totalRowCount":0,"totalTalbottDay":0}|0x3fd2e14b
07:45:04.0 (61227485)|HEAP_ALLOCATE|[65]|Bytes:28
07:45:04.0 (61230665)|HEAP_ALLOCATE|[65]|Bytes:28
07:45:04.0 (61260790)|VARIABLE_ASSIGNMENT|[EXTERNAL]|this|{"insrncBnft":"0x5f45745a","insrncBnftSelected":"","pawDetailListDisplay (4 more) ...":false,"pyAgrmntWrksht":"0x4ed34eaa","relatedPAWDetailsLis (1 more) ...":"0x2796ff64","targetEDR":0.00,"totalAppliedDeductib (2 more) ...":0.00,"totalCoInsurance":0.00,"totalCoPayAmt":0.00,"totalInsCoResp":0.00,"totalInsEIVAmt":0.00,"totalRowCount":0,"totalTalbottDay":0}|0x3fd2e14b
07:45:04.0 (61292732)|VARIABLE_ASSIGNMENT|[65]|this.Uncovered_Days_Override__c|0|0x4ed34eaa
07:45:04.0 (61297978)|STATEMENT_EXECUTE|[66]
07:45:04.0 (61335106)|VARIABLE_ASSIGNMENT|[EXTERNAL]|this|{"insrncBnft":"0x5f45745a","insrncBnftSelected":"","pawDetailListDisplay (4 more) ...":false,"pyAgrmntWrksht":"0x4ed34eaa","relatedPAWDetailsLis (1 more) ...":"0x2796ff64","targetEDR":0.00,"totalAppliedDeductib (2 more) ...":0.00,"totalCoInsurance":0.00,"totalCoPayAmt":0.00,"totalInsCoResp":0.00,"totalInsEIVAmt":0.00,"totalRowCount":0,"totalTalbottDay":0}|0x3fd2e14b
07:45:04.0 (61351094)|HEAP_ALLOCATE|[66]|Bytes:28
07:45:04.0 (61354427)|HEAP_ALLOCATE|[66]|Bytes:28
07:45:04.0 (61387987)|VARIABLE_ASSIGNMENT|[EXTERNAL]|this|{"insrncBnft":"0x5f45745a","insrncBnftSelected":"","pawDetailListDisplay (4 more) ...":false,"pyAgrmntWrksht":"0x4ed34eaa","relatedPAWDetailsLis (1 more) ...":"0x2796ff64","targetEDR":0.00,"totalAppliedDeductib (2 more) ...":0.00,"totalCoInsurance":0.00,"totalCoPayAmt":0.00,"totalInsCoResp":0.00,"totalInsEIVAmt":0.00,"totalRowCount":0,"totalTalbottDay":0}|0x3fd2e14b
07:45:04.0 (61426166)|VARIABLE_ASSIGNMENT|[66]|this.Num_Days_Room__c|0|0x4ed34eaa
07:45:04.0 (61431239)|STATEMENT_EXECUTE|[70]
07:45:04.0 (61470685)|VARIABLE_ASSIGNMENT|[EXTERNAL]|this|{"insrncBnft":"0x5f45745a","insrncBnftSelected":"","pawDetailListDisplay (4 more) ...":false,"pyAgrmntWrksht":"0x4ed34eaa","relatedPAWDetailsLis (1 more) ...":"0x2796ff64","targetEDR":0.00,"totalAppliedDeductib (2 more) ...":0.00,"totalCoInsurance":0.00,"totalCoPayAmt":0.00,"totalInsCoResp":0.00,"totalInsEIVAmt":0.00,"totalRowCount":0,"totalTalbottDay":0}|0x3fd2e14b
07:45:04.0 (61486635)|HEAP_ALLOCATE|[70]|Bytes:28
07:45:04.0 (61489682)|HEAP_ALLOCATE|[70]|Bytes:28
07:45:04.0 (61520540)|VARIABLE_ASSIGNMENT|[EXTERNAL]|this|{"insrncBnft":"0x5f45745a","insrncBnftSelected":"","pawDetailListDisplay (4 more) ...":false,"pyAgrmntWrksht":"0x4ed34eaa","relatedPAWDetailsLis (1 more) ...":"0x2796ff64","targetEDR":0.00,"totalAppliedDeductib (2 more) ...":0.00,"totalCoInsurance":0.00,"totalCoPayAmt":0.00,"totalInsCoResp":0.00,"totalInsEIVAmt":0.00,"totalRowCount":0,"totalTalbottDay":0}|0x3fd2e14b
07:45:04.0 (61553195)|VARIABLE_ASSIGNMENT|[70]|this.Room_and_Board_Days_Override__c|0|0x4ed34eaa
07:45:04.0 (61601729)|VARIABLE_ASSIGNMENT|[EXTERNAL]|this|{"insrncBnft":"0x5f45745a","insrncBnftSelected":"","pawDetailListDisplay (4 more) ...":false,"pyAgrmntWrksht":"0x4ed34eaa","relatedPAWDetailsLis (1 more) ...":"0x2796ff64","targetEDR":0.00,"totalAppliedDeductib (2 more) ...":0.00,"totalCoInsurance":0.00,"totalCoPayAmt":0.00,"totalInsCoResp":0.00,"totalInsEIVAmt":0.00,"totalRowCount":0,"totalTalbottDay":0}|0x3fd2e14b
07:45:04.0 (61614925)|STATEMENT_EXECUTE|[71]
07:45:04.0 (61647726)|VARIABLE_ASSIGNMENT|[EXTERNAL]|this|{"insrncBnft":"0x5f45745a","insrncBnftSelected":"","pawDetailListDisplay (4 more) ...":false,"pyAgrmntWrksht":"0x4ed34eaa","relatedPAWDetailsLis (1 more) ...":"0x2796ff64","targetEDR":0.00,"totalAppliedDeductib (2 more) ...":0.00,"totalCoInsurance":0.00,"totalCoPayAmt":0.00,"totalInsCoResp":0.00,"totalInsEIVAmt":0.00,"totalRowCount":0,"totalTalbottDay":0}|0x3fd2e14b
07:45:04.0 (61658595)|STATEMENT_EXECUTE|[77]
07:45:04.0 (61659632)|STATEMENT_EXECUTE|[78]
07:45:04.0 (61691037)|VARIABLE_ASSIGNMENT|[EXTERNAL]|this|{"insrncBnft":"0x5f45745a","insrncBnftSelected":"","pawDetailListDisplay (4 more) ...":false,"pyAgrmntWrksht":"0x4ed34eaa","relatedPAWDetailsLis (1 more) ...":"0x2796ff64","targetEDR":0.00,"totalAppliedDeductib (2 more) ...":0.00,"totalCoInsurance":0.00,"totalCoPayAmt":0.00,"totalInsCoResp":0.00,"totalInsEIVAmt":0.00,"totalRowCount":0,"totalTalbottDay":0}|0x3fd2e14b
07:45:04.0 (61727313)|VARIABLE_ASSIGNMENT|[EXTERNAL]|this|{"insrncBnft":"0x5f45745a","insrncBnftSelected":"","pawDetailListDisplay (4 more) ...":false,"pyAgrmntWrksht":"0x4ed34eaa","relatedPAWDetailsLis (1 more) ...":"0x2796ff64","targetEDR":0.00,"totalAppliedDeductib (2 more) ...":0.00,"totalCoInsurance":0.00,"totalCoPayAmt":0.00,"totalInsCoResp":0.00,"totalInsEIVAmt":0.00,"totalRowCount":0,"totalTalbottDay":0}|0x3fd2e14b
07:45:04.0 (61762212)|VARIABLE_ASSIGNMENT|[78]|this.Uncovered_Charges__c|null|0x4ed34eaa
07:45:04.0 (61768200)|STATEMENT_EXECUTE|[80]
07:45:04.0 (61774556)|HEAP_ALLOCATE|[80]|Bytes:28
07:45:04.0 (61780865)|VARIABLE_SCOPE_BEGIN|[80]|coPayRemaining|Decimal|false|false
07:45:04.0 (61789867)|VARIABLE_ASSIGNMENT|[80]|coPayRemaining|0.00
07:45:04.0 (61793483)|STATEMENT_EXECUTE|[81]
07:45:04.0 (61846968)|VARIABLE_ASSIGNMENT|[EXTERNAL]|this|{"insrncBnft":"0x5f45745a","insrncBnftSelected":"","pawDetailListDisplay (4 more) ...":false,"pyAgrmntWrksht":"0x4ed34eaa","relatedPAWDetailsLis (1 more) ...":"0x2796ff64","targetEDR":0.00,"totalAppliedDeductib (2 more) ...":0.00,"totalCoInsurance":0.00,"totalCoPayAmt":0.00,"totalInsCoResp":0.00,"totalInsEIVAmt":0.00,"totalRowCount":0,"totalTalbottDay":0}|0x3fd2e14b
07:45:04.0 (61882898)|HEAP_ALLOCATE|[81]|Bytes:28
07:45:04.0 (61934767)|VARIABLE_ASSIGNMENT|[EXTERNAL]|this|{"insrncBnft":"0x5f45745a","insrncBnftSelected":"","pawDetailListDisplay (4 more) ...":false,"pyAgrmntWrksht":"0x4ed34eaa","relatedPAWDetailsLis (1 more) ...":"0x2796ff64","targetEDR":0.00,"totalAppliedDeductib (2 more) ...":0.00,"totalCoInsurance":0.00,"totalCoPayAmt":0.00,"totalInsCoResp":0.00,"totalInsEIVAmt":0.00,"totalRowCount":0,"totalTalbottDay":0}|0x3fd2e14b
07:45:04.0 (61960846)|HEAP_ALLOCATE|[81]|Bytes:28
07:45:04.0 (61967159)|HEAP_ALLOCATE|[81]|Bytes:28
07:45:04.0 (62010350)|HEAP_ALLOCATE|[81]|Bytes:28
07:45:04.0 (62014650)|HEAP_ALLOCATE|[81]|Bytes:28
07:45:04.0 (62027381)|VARIABLE_ASSIGNMENT|[81]|coPayRemaining|0
07:45:04.0 (62031407)|STATEMENT_EXECUTE|[82]
07:45:04.0 (62073430)|VARIABLE_ASSIGNMENT|[EXTERNAL]|this|{"insrncBnft":"0x5f45745a","insrncBnftSelected":"","pawDetailListDisplay (4 more) ...":false,"pyAgrmntWrksht":"0x4ed34eaa","relatedPAWDetailsLis (1 more) ...":"0x2796ff64","targetEDR":0.00,"totalAppliedDeductib (2 more) ...":0.00,"totalCoInsurance":0.00,"totalCoPayAmt":0.00,"totalInsCoResp":0.00,"totalInsEIVAmt":0.00,"totalRowCount":0,"totalTalbottDay":0}|0x3fd2e14b
07:45:04.0 (62099934)|HEAP_ALLOCATE|[82]|Bytes:28
07:45:04.0 (62134282)|VARIABLE_ASSIGNMENT|[EXTERNAL]|this|{"insrncBnft":"0x5f45745a","insrncBnftSelected":"","pawDetailListDisplay (4 more) ...":false,"pyAgrmntWrksht":"0x4ed34eaa","relatedPAWDetailsLis (1 more) ...":"0x2796ff64","targetEDR":0.00,"totalAppliedDeductib (2 more) ...":0.00,"totalCoInsurance":0.00,"totalCoPayAmt":0.00,"totalInsCoResp":0.00,"totalInsEIVAmt":0.00,"totalRowCount":0,"totalTalbottDay":0}|0x3fd2e14b
07:45:04.0 (62149814)|HEAP_ALLOCATE|[82]|Bytes:28
07:45:04.0 (62152436)|HEAP_ALLOCATE|[82]|Bytes:28
07:45:04.0 (62166904)|HEAP_ALLOCATE|[82]|Bytes:28
07:45:04.0 (62169661)|HEAP_ALLOCATE|[82]|Bytes:28
07:45:04.0 (62186744)|HEAP_ALLOCATE|[82]|Bytes:28
07:45:04.0 (62189694)|HEAP_ALLOCATE|[82]|Bytes:28
07:45:04.0 (62198354)|VARIABLE_ASSIGNMENT|[82]|coPayRemaining|0
07:45:04.0 (62201926)|STATEMENT_EXECUTE|[83]
07:45:04.0 (62238873)|VARIABLE_ASSIGNMENT|[EXTERNAL]|this|{"insrncBnft":"0x5f45745a","insrncBnftSelected":"","pawDetailListDisplay (4 more) ...":false,"pyAgrmntWrksht":"0x4ed34eaa","relatedPAWDetailsLis (1 more) ...":"0x2796ff64","targetEDR":0.00,"totalAppliedDeductib (2 more) ...":0.00,"totalCoInsurance":0.00,"totalCoPayAmt":0.00,"totalInsCoResp":0.00,"totalInsEIVAmt":0.00,"totalRowCount":0,"totalTalbottDay":0}|0x3fd2e14b
07:45:04.0 (62260453)|HEAP_ALLOCATE|[83]|Bytes:28
07:45:04.0 (62295033)|VARIABLE_ASSIGNMENT|[EXTERNAL]|this|{"insrncBnft":"0x5f45745a","insrncBnftSelected":"","pawDetailListDisplay (4 more) ...":false,"pyAgrmntWrksht":"0x4ed34eaa","relatedPAWDetailsLis (1 more) ...":"0x2796ff64","targetEDR":0.00,"totalAppliedDeductib (2 more) ...":0.00,"totalCoInsurance":0.00,"totalCoPayAmt":0.00,"totalInsCoResp":0.00,"totalInsEIVAmt":0.00,"totalRowCount":0,"totalTalbottDay":0}|0x3fd2e14b
07:45:04.0 (62308828)|HEAP_ALLOCATE|[83]|Bytes:28
07:45:04.0 (62311739)|HEAP_ALLOCATE|[83]|Bytes:28
07:45:04.0 (62324565)|HEAP_ALLOCATE|[83]|Bytes:28
07:45:04.0 (62327237)|HEAP_ALLOCATE|[83]|Bytes:28
07:45:04.0 (62339683)|HEAP_ALLOCATE|[83]|Bytes:28
07:45:04.0 (62341966)|HEAP_ALLOCATE|[83]|Bytes:28
07:45:04.0 (62350833)|VARIABLE_ASSIGNMENT|[83]|coPayRemaining|0
07:45:04.0 (62354375)|STATEMENT_EXECUTE|[84]
07:45:04.0 (62391004)|VARIABLE_ASSIGNMENT|[EXTERNAL]|this|{"insrncBnft":"0x5f45745a","insrncBnftSelected":"","pawDetailListDisplay (4 more) ...":false,"pyAgrmntWrksht":"0x4ed34eaa","relatedPAWDetailsLis (1 more) ...":"0x2796ff64","targetEDR":0.00,"totalAppliedDeductib (2 more) ...":0.00,"totalCoInsurance":0.00,"totalCoPayAmt":0.00,"totalInsCoResp":0.00,"totalInsEIVAmt":0.00,"totalRowCount":0,"totalTalbottDay":0}|0x3fd2e14b
07:45:04.0 (62411471)|HEAP_ALLOCATE|[84]|Bytes:28
07:45:04.0 (62454775)|VARIABLE_ASSIGNMENT|[EXTERNAL]|this|{"insrncBnft":"0x5f45745a","insrncBnftSelected":"","pawDetailListDisplay (4 more) ...":false,"pyAgrmntWrksht":"0x4ed34eaa","relatedPAWDetailsLis (1 more) ...":"0x2796ff64","targetEDR":0.00,"totalAppliedDeductib (2 more) ...":0.00,"totalCoInsurance":0.00,"totalCoPayAmt":0.00,"totalInsCoResp":0.00,"totalInsEIVAmt":0.00,"totalRowCount":0,"totalTalbottDay":0}|0x3fd2e14b
07:45:04.0 (62470144)|HEAP_ALLOCATE|[84]|Bytes:28
07:45:04.0 (62472961)|HEAP_ALLOCATE|[84]|Bytes:28
07:45:04.0 (62486967)|HEAP_ALLOCATE|[84]|Bytes:28
07:45:04.0 (62489598)|HEAP_ALLOCATE|[84]|Bytes:28
07:45:04.0 (62501752)|HEAP_ALLOCATE|[84]|Bytes:28
07:45:04.0 (62504013)|HEAP_ALLOCATE|[84]|Bytes:28
07:45:04.0 (62512427)|VARIABLE_ASSIGNMENT|[84]|coPayRemaining|0
07:45:04.0 (62515793)|STATEMENT_EXECUTE|[85]
07:45:04.0 (62544621)|HEAP_ALLOCATE|[85]|Bytes:28
07:45:04.0 (62548555)|HEAP_ALLOCATE|[85]|Bytes:28
07:45:04.0 (62587785)|VARIABLE_ASSIGNMENT|[EXTERNAL]|this|{"insrncBnft":"0x5f45745a","insrncBnftSelected":"","pawDetailListDisplay (4 more) ...":false,"pyAgrmntWrksht":"0x4ed34eaa","relatedPAWDetailsLis (1 more) ...":"0x2796ff64","targetEDR":0.00,"totalAppliedDeductib (2 more) ...":0.00,"totalCoInsurance":0.00,"totalCoPayAmt":0.00,"totalInsCoResp":0.00,"totalInsEIVAmt":0.00,"totalRowCount":0,"totalTalbottDay":0}|0x3fd2e14b
07:45:04.0 (62634690)|VARIABLE_ASSIGNMENT|[85]|this.Co_Pay_Remaining__c|0.00|0x4ed34eaa
07:45:04.0 (62640207)|STATEMENT_EXECUTE|[86]
07:45:04.0 (62646291)|METHOD_EXIT|[13]|01p0a000004sKzT|PAWValueCalculationService.calculateWraperValues(PAW_New_EditCntrllr.WraperClass, Map<Id,Facility_Program__c>, Map<Id,Insurance_Company_Rate_Adjustment__c>, Map<Id,Insurance_Benefit__c>, Estimated_Coverage_Days__c)
07:45:04.0 (62683393)|VARIABLE_ASSIGNMENT|[13]|pWrprObj|{"insrncBnft":"0x5f45745a","insrncBnftSelected":"","pawDetailListDisplay (4 more) ...":false,"pyAgrmntWrksht":"0x4ed34eaa","relatedPAWDetailsLis (1 more) ...":"0x2796ff64","targetEDR":0.00,"totalAppliedDeductib (2 more) ...":0.00,"totalCoInsurance":0.00,"totalCoPayAmt":0.00,"totalInsCoResp":0.00,"totalInsEIVAmt":0.00,"totalRowCount":0,"totalTalbottDay":0}|0x3fd2e14b
07:45:04.0 (62691267)|STATEMENT_EXECUTE|[18]
07:45:04.0 (62694747)|SYSTEM_MODE_EXIT|false
07:45:04.0 (62702724)|METHOD_EXIT|[421]|01p0a000004sKzO|PAWFrnFacilityService.calculateWraperValuesFRN(PAW_New_EditCntrllr.WraperClass, Map<Id,Facility_Program__c>, Map<Id,Insurance_Company_Rate_Adjustment__c>, Map<Id,Insurance_Benefit__c>, Estimated_Coverage_Days__c)
07:45:04.0 (62767294)|VARIABLE_ASSIGNMENT|[EXTERNAL]|this|{"estmtCvrgeDaysObj":"0x3e358c2f","faciltyOptions":"0x421a4b17","fcltyPrgrmOptions":"0x7cde9b9a","idToOwnershipFacilit (4 more) ...":"0x446f3b83","idToTypeFacilityMap":"0x562993d5","insrncBnftMap":"0x46fb28f4","insrncBnftOptions":"0x4e7179fa","isIop":false,"isTalbott":false,"meta":"0x73ffe094","oppId":"00629000004NTeZ","pawObj":"0x69526205","ptntInsrnceOptions":"0x33c6c7bf","ptntInsrncMap":"0x29080490","ptntInsrncObj":"0x7d24082b","quoteObj":"0x4545e0cb","recordId":"00629000004NTeZ","rtAdjstmntOptions":"0x399210f3","showPILookup":false,"sObjectQueryStr":"","wrprObj":"0x3fd2e14b"}|0x6bb2f0a
07:45:04.0 (62805006)|VARIABLE_ASSIGNMENT|[EXTERNAL]|value|{"insrncBnft":"0x5f45745a","insrncBnftSelected":"","pawDetailListDisplay (4 more) ...":false,"pyAgrmntWrksht":"0x4ed34eaa","relatedPAWDetailsLis (1 more) ...":"0x2796ff64","targetEDR":0.00,"totalAppliedDeductib (2 more) ...":0.00,"totalCoInsurance":0.00,"totalCoPayAmt":0.00,"totalInsCoResp":0.00,"totalInsEIVAmt":0.00,"totalRowCount":0,"totalTalbottDay":0}|0x3fd2e14b
07:45:04.0 (62821699)|VARIABLE_ASSIGNMENT|[30]|this.wrprObj|0x3fd2e14b|0x6bb2f0a
07:45:04.0 (62889162)|VARIABLE_ASSIGNMENT|[EXTERNAL]|this|{"estmtCvrgeDaysObj":"0x3e358c2f","faciltyOptions":"0x421a4b17","fcltyPrgrmOptions":"0x7cde9b9a","idToOwnershipFacilit (4 more) ...":"0x446f3b83","idToTypeFacilityMap":"0x562993d5","insrncBnftMap":"0x46fb28f4","insrncBnftOptions":"0x4e7179fa","isIop":false,"isTalbott":false,"meta":"0x73ffe094","oppId":"00629000004NTeZ","pawObj":"0x69526205","ptntInsrnceOptions":"0x33c6c7bf","ptntInsrncMap":"0x29080490","ptntInsrncObj":"0x7d24082b","quoteObj":"0x4545e0cb","recordId":"00629000004NTeZ","rtAdjstmntOptions":"0x399210f3","showPILookup":false,"sObjectQueryStr":"","wrprObj":"0x3fd2e14b"}|0x6bb2f0a
07:45:04.0 (62905649)|STATEMENT_EXECUTE|[427]
07:45:04.0 (62909107)|METHOD_EXIT|[212]|01p0a000004sKzV|PAW_New_EditCntrllr.updateWraperValues()
07:45:04.72 (72887933)|SYSTEM_MODE_ENTER|true
07:45:04.72 (72953773)|HEAP_ALLOCATE|[EXTERNAL]|Bytes:8
07:45:04.72 (72963450)|VARIABLE_SCOPE_BEGIN|[88]|this|ApexPage.PageMessagesComponentController|true|false
07:45:04.72 (72990378)|VARIABLE_ASSIGNMENT|[88]|this|{}|0x46cca6fd
07:45:04.72 (72996341)|VARIABLE_SCOPE_BEGIN|[88]|escape|Boolean|false|false
07:45:04.72 (73002911)|VARIABLE_ASSIGNMENT|[88]|escape|null
07:45:04.73 (73112843)|SYSTEM_MODE_ENTER|true
07:45:04.73 (73141242)|HEAP_ALLOCATE|[EXTERNAL]|Bytes:8
07:45:04.73 (73147085)|VARIABLE_SCOPE_BEGIN|[2]|this|ApexPage.PageMessagesComponentController|true|false
07:45:04.73 (73162229)|VARIABLE_ASSIGNMENT|[2]|this|{}|0x46cca6fd
07:45:04.0 (73559927)|SYSTEM_MODE_ENTER|true
07:45:04.0 (73658888)|SYSTEM_MODE_ENTER|true
07:45:04.0 (73918782)|SYSTEM_MODE_ENTER|true
07:45:04.0 (76979514)|SYSTEM_MODE_ENTER|true
07:45:04.0 (77031516)|SYSTEM_MODE_ENTER|true
07:45:04.0 (82379457)|SYSTEM_MODE_ENTER|true
07:45:04.0 (82423489)|HEAP_ALLOCATE|[EXTERNAL]|Bytes:112
07:45:04.0 (82442857)|VARIABLE_SCOPE_BEGIN|[215]|this|PAW_New_EditCntrllr|true|false
07:45:04.0 (82536556)|VARIABLE_ASSIGNMENT|[215]|this|{"estmtCvrgeDaysObj":"0x3e358c2f","faciltyOptions":"0x421a4b17","fcltyPrgrmOptions":"0x7cde9b9a","idToOwnershipFacilit (4 more) ...":"0x446f3b83","idToTypeFacilityMap":"0x562993d5","insrncBnftMap":"0x46fb28f4","insrncBnftOptions":"0x4e7179fa","isIop":false,"isTalbott":false,"meta":"0x73ffe094","oppId":"00629000004NTeZ","pawObj":"0x69526205","ptntInsrnceOptions":"0x33c6c7bf","ptntInsrncMap":"0x29080490","ptntInsrncObj":"0x7d24082b","quoteObj":"0x4545e0cb","recordId":"00629000004NTeZ","rtAdjstmntOptions":"0x399210f3","showPILookup":false,"sObjectQueryStr":"","wrprObj":"0x3fd2e14b"}|0x6bb2f0a
07:45:04.0 (82558634)|STATEMENT_EXECUTE|[215]
07:45:04.0 (82560466)|STATEMENT_EXECUTE|[216]
07:45:04.0 (82614984)|STATEMENT_EXECUTE|[217]
07:45:04.0 (82675584)|HEAP_ALLOCATE|[EXTERNAL]|Bytes:4
07:45:04.0 (82752780)|VARIABLE_ASSIGNMENT|[EXTERNAL]|this|{"estmtCvrgeDaysObj":"0x3e358c2f","faciltyOptions":"0x421a4b17","fcltyPrgrmOptions":"0x7cde9b9a","idToOwnershipFacilit (4 more) ...":"0x446f3b83","idToTypeFacilityMap":"0x562993d5","insrncBnftMap":"0x46fb28f4","insrncBnftOptions":"0x4e7179fa","isIop":false,"isTalbott":false,"meta":"0x73ffe094","oppId":"00629000004NTeZ","pawObj":"0x69526205","ptntInsrnceOptions":"0x33c6c7bf","ptntInsrncMap":"0x29080490","ptntInsrncObj":"0x7d24082b","quoteObj":"0x4545e0cb","recordId":"00629000004NTeZ","rtAdjstmntOptions":"0x399210f3","showPILookup":false,"sObjectQueryStr":"","wrprObj":"0x3fd2e14b"}|0x6bb2f0a
07:45:04.0 (82770466)|STATEMENT_EXECUTE|[218]
07:45:04.0 (82771606)|STATEMENT_EXECUTE|[219]
07:45:04.0 (82813467)|HEAP_ALLOCATE|[219]|Bytes:4
07:45:04.0 (82821866)|HEAP_ALLOCATE|[219]|Bytes:1083
07:45:04.0 (82830859)|HEAP_ALLOCATE|[219]|Bytes:4
07:45:04.0 (82898070)|VARIABLE_ASSIGNMENT|[EXTERNAL]|this|{"estmtCvrgeDaysObj":"0x3e358c2f","faciltyOptions":"0x421a4b17","fcltyPrgrmOptions":"0x7cde9b9a","idToOwnershipFacilit (4 more) ...":"0x446f3b83","idToTypeFacilityMap":"0x562993d5","insrncBnftMap":"0x46fb28f4","insrncBnftOptions":"0x4e7179fa","isIop":false,"isTalbott":false,"meta":"0x73ffe094","oppId":"00629000004NTeZ","pawObj":"0x69526205","ptntInsrnceOptions":"0x33c6c7bf","ptntInsrncMap":"0x29080490","ptntInsrncObj":"0x7d24082b","quoteObj":"0x4545e0cb","recordId":"00629000004NTeZ","rtAdjstmntOptions":"0x399210f3","showPILookup":false,"sObjectQueryStr":"","wrprObj":"0x3fd2e14b"}|0x6bb2f0a
07:45:04.0 (86145168)|SOQL_EXECUTE_BEGIN|[219]|Aggregations:0|SELECT Id, Name, RecordType.Name, Uncovered_Charges__c, Patient_Insurance__r.Accepts_Assignment_of_Benefits__c, Patient_Insurance__r.Opportunity__c, Patient_Insurance__r.Accreditation__c, Patient_Insurance__r.Insurance_Company__r.Name, PHP_Admit_Co_Payment__c, Detox_Admit_Co_Payment__c, RTC_Admit_Co_Payment__c, Deductible__c, Deductible_Met__c, IOP_Admit_Co_Payment__c, Max_Out_of_Pocket_Remaining__c, Insurance_Company_is_Out_of_Network__c, Annual_Max_Remaining__c, Deductible_Remaining__c, Detox_Pays_at__c, Detox_Over__c, RTC_Pays_at__c, Residential_Treatment_Override__c, PHP_Pays_at__c, Partial_Hospitalization_Override__c, IOP_Pays_at__c, Intensive_Outpatient_Override__c, Num_Days_Uncovered__c, Num_Days_Room__c, Uncovered_Days_Rate__c, Room_and_Board_Days_Rate__c, Uncovered_Days_Override__c, Room_and_Board_Days_Override__c, Deductible_Included_in_OOP__c, Uncovered_Days__c, Lifetime_Max__c, Lifetime_Max_Met__c, Annual_Max__c, Annual_Max_Met__c, Max_Out_of_Pocket__c, Max_Out_of_Pocket_Met__c, Co_Pay_Met__c FROM Insurance_Benefit__c WHERE Patient_Insurance__c = :tmpVar1
07:45:04.0 (97613326)|SOQL_EXECUTE_END|[219]|Rows:2
07:45:04.0 (97642739)|HEAP_ALLOCATE|[219]|Bytes:12
07:45:04.0 (97693167)|HEAP_ALLOCATE|[219]|Bytes:2986
07:45:04.0 (97788968)|HEAP_ALLOCATE|[219]|Bytes:12
07:45:04.0 (97845195)|HEAP_ALLOCATE|[219]|Bytes:108
07:45:04.0 (97858142)|HEAP_ALLOCATE|[219]|Bytes:4
07:45:04.0 (97863666)|HEAP_ALLOCATE|[219]|Bytes:108
07:45:04.0 (97867279)|HEAP_ALLOCATE|[219]|Bytes:4
07:45:04.0 (97967356)|VARIABLE_ASSIGNMENT|[219]|this.insrncBnftMap|{"a1H29000000pRTUEA2":{"Id":"a1H29000000pRTUEA2","Name":"Insurance Benefit 75 (2 more) ...","RecordTypeId":"012j00000015GS6AAM","Patient_Insurance__c":"a1b29000000lvHQAAY","PHP_Admit_Co_Payment (3 more) ...":0.00,"Deductible__c":5000.00,"Deductible_Met__c":0.00,"Max_Out_of_Pocket_Re (10 more) ...":10000.00,"Insurance_Company_is (18 more) ...":false,"Annual_Max_Remaining (3 more) ...":1000000,"Deductible_Remaining (3 more) ...":5000.00,"Detox_Pays_at__c":80.00,"RTC_Pays_at__c":80.00,"PHP_Pays_at__c":80.00,"IOP_Pays_at__c":80.00,"Uncovered_Days_Rate_ (2 more) ...":630.00,"Room_and_Board_Days_ (7 more) ...":2000.00,"Deductible_Included_ (9 more) ...":"Yes","Lifetime_Max__c":1000000.00,"Lifetime_Max_Met__c":0.00,"Annual_Max__c":1000000.00,"Annual_Max_Met__c":0.00,"Max_Out_of_Pocket__c":10000.00,"Max_Out_of_Pocket_Me (4 more) ...":0.00,"RecordType":{"Name":"In Network","Id":"012j00000015GS6AAM"},"Patient_Insurance__r":{"Opportunity__c":"00629000004NTeZAAW","Accreditation__c":"State","Insurance_Company__c":"0012900000AXSP3AAP","Id":"a1b29000000lvHQAAY","Insurance_Company__r":{"Name":"Value Options/Beacon (7 more) ...","Id":"0012900000AXSP3AAP","RecordTypeId":"012j00000015GRqAAM"}}},"a1H29000000pRTZEA2":{"Id":"a1H29000000pRTZEA2","Name":"Insurance Benefit 75 (2 more) ...","RecordTypeId":"012j00000015GS7AAM","Patient_Insurance__c":"a1b29000000lvHQAAY","PHP_Admit_Co_Payment (3 more) ...":0.00,"Deductible__c":10000.00,"Deductible_Met__c":0.00,"Max_Out_of_Pocket_Re (10 more) ...":20000.00,"Insurance_Company_is (18 more) ...":false,"Annual_Max_Remaining (3 more) ...":1000000,"Deductible_Remaining (3 more) ...":10000.00,"Detox_Pays_at__c":60.00,"RTC_Pays_at__c":60.00,"PHP_Pays_at__c":60.00,"IOP_Pays_at__c":60.00,"Uncovered_Days_Rate_ (2 more) ...":630.00,"Room_and_Board_Days_ (7 more) ...":2000.00,"Deductible_Included_ (9 more) ...":"Yes","Lifetime_Max__c":1000000.00,"Lifetime_Max_Met__c":0.00,"Annual_Max__c":1000000.00,"Annual_Max_Met__c":0.00,"Max_Out_of_Pocket__c":20000.00,"Max_Out_of_Pocket_Me (4 more) ...":0.00,"RecordType":{"Name":"Out of Network","Id":"012j00000015GS7AAM"},"Patient_Insurance__r":{"Opportunity__c":"00629000004NTeZAAW","Accreditation__c":"State","Insurance_Company__c":"0012900000AXSP3AAP","Id":"a1b29000000lvHQAAY","Insurance_Company__r":{"Name":"Value Options/Beacon (7 more) ...","Id":"0012900000AXSP3AAP","RecordTypeId":"012j00000015GRqAAM"}}}}|0x6bb2f0a
07:45:04.0 (98048330)|HEAP_ALLOCATE|[EXTERNAL]|Bytes:12
07:45:04.0 (98073968)|HEAP_ALLOCATE|[263]|Bytes:2996
07:45:04.0 (98223322)|HEAP_ALLOCATE|[263]|Bytes:5
07:45:04.0 (98239957)|HEAP_ALLOCATE|[263]|Bytes:108
07:45:04.0 (98250396)|VARIABLE_SCOPE_BEGIN|[263]|insrncBnftInstance|Insurance_Benefit__c|true|false
07:45:04.0 (98292618)|VARIABLE_ASSIGNMENT|[263]|insrncBnftInstance|{"Id":"a1H29000000pRTUEA2","Name":"Insurance Benefit 75 (2 more) ...","RecordTypeId":"012j00000015GS6AAM","Patient_Insurance__c":"a1b29000000lvHQAAY","PHP_Admit_Co_Payment (3 more) ...":0.00,"Deductible__c":5000.00,"Deductible_Met__c":0.00,"Max_Out_of_Pocket_Re (10 more) ...":10000.00,"Insurance_Company_is (18 more) ...":false,"Annual_Max_Remaining (3 more) ...":1000000,"Deductible_Remaining (3 more) ...":5000.00,"Detox_Pays_at__c":80.00,"RTC_Pays_at__c":80.00,"PHP_Pays_at__c":80.00,"IOP_Pays_at__c":80.00,"Uncovered_Days_Rate_ (2 more) ...":630.00,"Room_and_Board_Days_ (7 more) ...":2000.00,"Deductible_Included_ (9 more) ...":"Yes","Lifetime_Max__c":1000000.00,"Lifetime_Max_Met__c":0.00,"Annual_Max__c":1000000.00,"Annual_Max_Met__c":0.00,"Max_Out_of_Pocket__c":10000.00,"Max_Out_of_Pocket_Me (4 more) ...":0.00,"RecordType":{"Name":"In Network","Id":"012j00000015GS6AAM"},"Patient_Insurance__r":{"Opportunity__c":"00629000004NTeZAAW","Accreditation__c":"State","Insurance_Company__c":"0012900000AXSP3AAP","Id":"a1b29000000lvHQAAY","Insurance_Company__r":{"Name":"Value Options/Beacon (7 more) ...","Id":"0012900000AXSP3AAP","RecordTypeId":"012j00000015GRqAAM"}}}|0x4f3ab30
07:45:04.0 (98312785)|STATEMENT_EXECUTE|[263]
07:45:04.0 (98314677)|STATEMENT_EXECUTE|[264]
07:45:04.0 (98366000)|HEAP_ALLOCATE|[264]|Bytes:18
07:45:04.0 (98425618)|HEAP_ALLOCATE|[264]|Bytes:3
07:45:04.0 (98449692)|HEAP_ALLOCATE|[264]|Bytes:35
07:45:04.0 (98519395)|HEAP_ALLOCATE|[EXTERNAL]|Bytes:4
07:45:04.0 (98534301)|HEAP_ALLOCATE|[263]|Bytes:5
07:45:04.0 (98543628)|HEAP_ALLOCATE|[263]|Bytes:108
07:45:04.0 (98549590)|VARIABLE_SCOPE_BEGIN|[263]|insrncBnftInstance|Insurance_Benefit__c|true|false
07:45:04.0 (98585280)|VARIABLE_ASSIGNMENT|[263]|insrncBnftInstance|{"Id":"a1H29000000pRTZEA2","Name":"Insurance Benefit 75 (2 more) ...","RecordTypeId":"012j00000015GS7AAM","Patient_Insurance__c":"a1b29000000lvHQAAY","PHP_Admit_Co_Payment (3 more) ...":0.00,"Deductible__c":10000.00,"Deductible_Met__c":0.00,"Max_Out_of_Pocket_Re (10 more) ...":20000.00,"Insurance_Company_is (18 more) ...":false,"Annual_Max_Remaining (3 more) ...":1000000,"Deductible_Remaining (3 more) ...":10000.00,"Detox_Pays_at__c":60.00,"RTC_Pays_at__c":60.00,"PHP_Pays_at__c":60.00,"IOP_Pays_at__c":60.00,"Uncovered_Days_Rate_ (2 more) ...":630.00,"Room_and_Board_Days_ (7 more) ...":2000.00,"Deductible_Included_ (9 more) ...":"Yes","Lifetime_Max__c":1000000.00,"Lifetime_Max_Met__c":0.00,"Annual_Max__c":1000000.00,"Annual_Max_Met__c":0.00,"Max_Out_of_Pocket__c":20000.00,"Max_Out_of_Pocket_Me (4 more) ...":0.00,"RecordType":{"Name":"Out of Network","Id":"012j00000015GS7AAM"},"Patient_Insurance__r":{"Opportunity__c":"00629000004NTeZAAW","Accreditation__c":"State","Insurance_Company__c":"0012900000AXSP3AAP","Id":"a1b29000000lvHQAAY","Insurance_Company__r":{"Name":"Value Options/Beacon (7 more) ...","Id":"0012900000AXSP3AAP","RecordTypeId":"012j00000015GRqAAM"}}}|0x1c8ea25e
07:45:04.0 (98604108)|STATEMENT_EXECUTE|[263]
07:45:04.0 (98605352)|STATEMENT_EXECUTE|[264]
07:45:04.0 (98616395)|HEAP_ALLOCATE|[264]|Bytes:18
07:45:04.0 (98633217)|HEAP_ALLOCATE|[264]|Bytes:39
07:45:04.0 (98643898)|HEAP_ALLOCATE|[EXTERNAL]|Bytes:4
07:45:04.0 (98653010)|HEAP_ALLOCATE|[263]|Bytes:5
07:45:04.0 (98662536)|VARIABLE_ASSIGNMENT|[263]|insrncBnftInstance|null|
07:45:04.0 (98759151)|VARIABLE_ASSIGNMENT|[EXTERNAL]|this|{"estmtCvrgeDaysObj":"0x3e358c2f","faciltyOptions":"0x421a4b17","fcltyPrgrmOptions":"0x7cde9b9a","idToOwnershipFacilit (4 more) ...":"0x446f3b83","idToTypeFacilityMap":"0x562993d5","insrncBnftMap":"0x4dd36506","insrncBnftOptions":"0x4e7179fa","isIop":false,"isTalbott":false,"meta":"0x73ffe094","oppId":"00629000004NTeZ","pawObj":"0x69526205","ptntInsrnceOptions":"0x33c6c7bf","ptntInsrncMap":"0x29080490","ptntInsrncObj":"0x7d24082b","quoteObj":"0x4545e0cb","recordId":"00629000004NTeZ","rtAdjstmntOptions":"0x399210f3","showPILookup":false,"sObjectQueryStr":"","wrprObj":"0x3fd2e14b"}|0x6bb2f0a
07:45:04.0 (98835221)|VARIABLE_ASSIGNMENT|[EXTERNAL]|this|{"insrncBnft":"0x5f45745a","insrncBnftSelected":"","pawDetailListDisplay (4 more) ...":false,"pyAgrmntWrksht":"0x4ed34eaa","relatedPAWDetailsLis (1 more) ...":"0x2796ff64","targetEDR":0.00,"totalAppliedDeductib (2 more) ...":0.00,"totalCoInsurance":0.00,"totalCoPayAmt":0.00,"totalInsCoResp":0.00,"totalInsEIVAmt":0.00,"totalRowCount":0,"totalTalbottDay":0}|0x3fd2e14b
07:45:04.0 (98896734)|VARIABLE_ASSIGNMENT|[EXTERNAL]|this|{"estmtCvrgeDaysObj":"0x3e358c2f","faciltyOptions":"0x421a4b17","fcltyPrgrmOptions":"0x7cde9b9a","idToOwnershipFacilit (4 more) ...":"0x446f3b83","idToTypeFacilityMap":"0x562993d5","insrncBnftMap":"0x4dd36506","insrncBnftOptions":"0x4e7179fa","isIop":false,"isTalbott":false,"meta":"0x73ffe094","oppId":"00629000004NTeZ","pawObj":"0x69526205","ptntInsrnceOptions":"0x33c6c7bf","ptntInsrncMap":"0x29080490","ptntInsrncObj":"0x7d24082b","quoteObj":"0x4545e0cb","recordId":"00629000004NTeZ","rtAdjstmntOptions":"0x399210f3","showPILookup":false,"sObjectQueryStr":"","wrprObj":"0x3fd2e14b"}|0x6bb2f0a
07:45:04.0 (98953288)|VARIABLE_ASSIGNMENT|[EXTERNAL]|this|{"insrncBnft":"0x5f45745a","insrncBnftSelected":"","pawDetailListDisplay (4 more) ...":false,"pyAgrmntWrksht":"0x4ed34eaa","relatedPAWDetailsLis (1 more) ...":"0x2796ff64","targetEDR":0.00,"totalAppliedDeductib (2 more) ...":0.00,"totalCoInsurance":0.00,"totalCoPayAmt":0.00,"totalInsCoResp":0.00,"totalInsEIVAmt":0.00,"totalRowCount":0,"totalTalbottDay":0}|0x3fd2e14b
07:45:04.0 (98979243)|STATEMENT_EXECUTE|[269]
07:45:04.0 (98980555)|STATEMENT_EXECUTE|[270]
07:45:04.0 (99032650)|VARIABLE_ASSIGNMENT|[EXTERNAL]|this|{"estmtCvrgeDaysObj":"0x3e358c2f","faciltyOptions":"0x421a4b17","fcltyPrgrmOptions":"0x7cde9b9a","idToOwnershipFacilit (4 more) ...":"0x446f3b83","idToTypeFacilityMap":"0x562993d5","insrncBnftMap":"0x4dd36506","insrncBnftOptions":"0x4e7179fa","isIop":false,"isTalbott":false,"meta":"0x73ffe094","oppId":"00629000004NTeZ","pawObj":"0x69526205","ptntInsrnceOptions":"0x33c6c7bf","ptntInsrncMap":"0x29080490","ptntInsrncObj":"0x7d24082b","quoteObj":"0x4545e0cb","recordId":"00629000004NTeZ","rtAdjstmntOptions":"0x399210f3","showPILookup":false,"sObjectQueryStr":"","wrprObj":"0x3fd2e14b"}|0x6bb2f0a
07:45:04.0 (99079233)|VARIABLE_ASSIGNMENT|[EXTERNAL]|this|{"insrncBnft":"0x5f45745a","insrncBnftSelected":"","pawDetailListDisplay (4 more) ...":false,"pyAgrmntWrksht":"0x4ed34eaa","relatedPAWDetailsLis (1 more) ...":"0x2796ff64","targetEDR":0.00,"totalAppliedDeductib (2 more) ...":0.00,"totalCoInsurance":0.00,"totalCoPayAmt":0.00,"totalInsCoResp":0.00,"totalInsEIVAmt":0.00,"totalRowCount":0,"totalTalbottDay":0}|0x3fd2e14b
07:45:04.0 (99089333)|VARIABLE_ASSIGNMENT|[EXTERNAL]|value|null|
07:45:04.0 (99096622)|VARIABLE_ASSIGNMENT|[525]|this.insrncBnft|null|0x3fd2e14b
07:45:04.0 (99103789)|STATEMENT_EXECUTE|[272]
07:45:04.0 (100139012)|SYSTEM_MODE_ENTER|true
07:45:04.0 (100394860)|SYSTEM_MODE_ENTER|true
07:45:04.0 (100432212)|HEAP_ALLOCATE|[EXTERNAL]|Bytes:112
07:45:04.0 (100442104)|VARIABLE_SCOPE_BEGIN|[379]|this|PAW_New_EditCntrllr|true|false
07:45:04.0 (100505869)|VARIABLE_ASSIGNMENT|[379]|this|{"estmtCvrgeDaysObj":"0x3e358c2f","faciltyOptions":"0x421a4b17","fcltyPrgrmOptions":"0x7cde9b9a","idToOwnershipFacilit (4 more) ...":"0x446f3b83","idToTypeFacilityMap":"0x562993d5","insrncBnftMap":"0x4dd36506","insrncBnftOptions":"0x4e7179fa","isIop":false,"isTalbott":false,"meta":"0x73ffe094","oppId":"00629000004NTeZ","pawObj":"0x69526205","ptntInsrnceOptions":"0x33c6c7bf","ptntInsrncMap":"0x29080490","ptntInsrncObj":"0x7d24082b","quoteObj":"0x4545e0cb","recordId":"00629000004NTeZ","rtAdjstmntOptions":"0x399210f3","showPILookup":false,"sObjectQueryStr":"","wrprObj":"0x3fd2e14b"}|0x6bb2f0a
07:45:04.0 (100522376)|STATEMENT_EXECUTE|[379]
07:45:04.0 (100523922)|STATEMENT_EXECUTE|[380]
07:45:04.0 (100534581)|HEAP_ALLOCATE|[380]|Bytes:4
07:45:04.0 (100581441)|HEAP_ALLOCATE|[EXTERNAL]|Bytes:4
07:45:04.0 (100590856)|VARIABLE_ASSIGNMENT|[380]|this.rtAdjstmntOptions|[]|0x6bb2f0a
07:45:04.0 (100596187)|STATEMENT_EXECUTE|[381]
07:45:04.0 (100603108)|HEAP_ALLOCATE|[381]|Bytes:8
07:45:04.0 (100643859)|HEAP_ALLOCATE|[EXTERNAL]|Bytes:4
07:45:04.0 (100720178)|VARIABLE_ASSIGNMENT|[EXTERNAL]|this|{"estmtCvrgeDaysObj":"0x3e358c2f","faciltyOptions":"0x421a4b17","fcltyPrgrmOptions":"0x7cde9b9a","idToOwnershipFacilit (4 more) ...":"0x446f3b83","idToTypeFacilityMap":"0x562993d5","insrncBnftMap":"0x4dd36506","insrncBnftOptions":"0x4e7179fa","isIop":false,"isTalbott":false,"meta":"0x73ffe094","oppId":"00629000004NTeZ","pawObj":"0x69526205","ptntInsrnceOptions":"0x33c6c7bf","ptntInsrncMap":"0x29080490","ptntInsrncObj":"0x7d24082b","quoteObj":"0x4545e0cb","recordId":"00629000004NTeZ","rtAdjstmntOptions":"0x2ea0d902","showPILookup":false,"sObjectQueryStr":"","wrprObj":"0x3fd2e14b"}|0x6bb2f0a
07:45:04.0 (100777378)|VARIABLE_ASSIGNMENT|[EXTERNAL]|this|{"insrncBnftSelected":"","pawDetailListDisplay (4 more) ...":false,"pyAgrmntWrksht":"0x4ed34eaa","relatedPAWDetailsLis (1 more) ...":"0x2796ff64","targetEDR":0.00,"totalAppliedDeductib (2 more) ...":0.00,"totalCoInsurance":0.00,"totalCoPayAmt":0.00,"totalInsCoResp":0.00,"totalInsEIVAmt":0.00,"totalRowCount":0,"totalTalbottDay":0}|0x3fd2e14b
07:45:04.0 (100790654)|STATEMENT_EXECUTE|[382]
07:45:04.0 (100791996)|STATEMENT_EXECUTE|[400]
07:45:04.0 (101082884)|SYSTEM_MODE_ENTER|true
07:45:04.0 (106790138)|VF_SERIALIZE_VIEWSTATE_BEGIN|0660a0000009uTC
07:45:04.0 (113869909)|VF_SERIALIZE_VIEWSTATE_END
07:45:04.120 (120008795)|CUMULATIVE_LIMIT_USAGE
07:45:04.120 (120008795)|LIMIT_USAGE_FOR_NS|(default)|
  Number of SOQL queries: 2 out of 100
  Number of query rows: 6 out of 50000
  Number of SOSL queries: 0 out of 20
  Number of DML statements: 0 out of 150
  Number of DML rows: 0 out of 10000
  Maximum CPU time: 0 out of 10000
  Maximum heap size: 0 out of 6000000
  Number of callouts: 0 out of 100
  Number of Email Invocations: 0 out of 10
  Number of future calls: 0 out of 50
  Number of queueable jobs added to the queue: 0 out of 50
  Number of Mobile Apex push calls: 0 out of 10

07:45:04.120 (120008795)|CUMULATIVE_LIMIT_USAGE_END

07:45:04.0 (120062494)|CODE_UNIT_FINISHED|VF: /apex/PAW_New_Edit
07:45:04.0 (120847853)|EXECUTION_FINISHED
