37.0 APEX_CODE,FINEST;APEX_PROFILING,INFO;CALLOUT,INFO;DB,INFO;SYSTEM,DEBUG;VALIDATION,INFO;VISUALFORCE,INFO;WAVE,INFO;WORKFLOW,FINER
07:06:18.0 (74706)|USER_INFO|[EXTERNAL]|00529000000zYiy|bhakti.gujrathi@eternussolutions.com.frnstgng|Central Standard Time|GMT-06:00
07:06:18.0 (129752)|EXECUTION_STARTED
07:06:18.0 (135862)|CODE_UNIT_STARTED|[EXTERNAL]|066j0000002vLOr|VF: /apex/OppotunityExtensionPage
07:06:18.0 (6807851)|SYSTEM_MODE_ENTER|true
07:06:18.0 (7222812)|HEAP_ALLOCATE|[72]|Bytes:3
07:06:18.0 (7293671)|HEAP_ALLOCATE|[77]|Bytes:152
07:06:18.0 (7325635)|HEAP_ALLOCATE|[342]|Bytes:408
07:06:18.0 (7362297)|HEAP_ALLOCATE|[355]|Bytes:408
07:06:18.0 (7396708)|HEAP_ALLOCATE|[467]|Bytes:48
07:06:18.0 (7450973)|HEAP_ALLOCATE|[139]|Bytes:6
07:06:18.0 (7481729)|HEAP_ALLOCATE|[EXTERNAL]|Bytes:84
07:06:18.0 (7493518)|HEAP_ALLOCATE|[EXTERNAL]|Bytes:3
07:06:18.0 (7500966)|HEAP_ALLOCATE|[EXTERNAL]|Bytes:5
07:06:18.0 (7517606)|METHOD_ENTRY|[1]|01pj0000004Sbw6|OppotunityExtension.OppotunityExtension()
07:06:18.0 (7528044)|STATEMENT_EXECUTE|[1]
07:06:18.0 (7533980)|STATEMENT_EXECUTE|[1]
07:06:18.0 (7542357)|METHOD_EXIT|[1]|OppotunityExtension
07:06:18.0 (7570143)|HEAP_ALLOCATE|[EXTERNAL]|Bytes:12
07:06:18.0 (7597844)|VARIABLE_SCOPE_BEGIN|[5]|this|OppotunityExtension|true|false
07:06:18.0 (7688377)|VARIABLE_ASSIGNMENT|[5]|this|{}|0xeaf319d
07:06:18.0 (7702558)|VARIABLE_SCOPE_BEGIN|[5]|controller|ApexPages.StandardController|true|false
07:06:18.0 (7947597)|VARIABLE_ASSIGNMENT|[5]|controller|"StandardController [null]"|0x8888eb8
07:06:18.0 (7965575)|STATEMENT_EXECUTE|[1]
07:06:18.0 (7968481)|STATEMENT_EXECUTE|[2]
07:06:18.0 (7970713)|STATEMENT_EXECUTE|[3]
07:06:18.0 (7983819)|HEAP_ALLOCATE|[7]|Bytes:6
07:06:18.0 (8065070)|STATEMENT_EXECUTE|[5]
07:06:18.0 (8069311)|STATEMENT_EXECUTE|[7]
07:06:18.0 (8113047)|HEAP_ALLOCATE|[7]|Bytes:4
07:06:18.0 (8280818)|VARIABLE_ASSIGNMENT|[EXTERNAL]|this|{}|0xeaf319d
07:06:18.0 (8301648)|HEAP_ALLOCATE|[EXTERNAL]|Bytes:4
07:06:18.0 (8319985)|VARIABLE_ASSIGNMENT|[EXTERNAL]|value|[]|0x4fdf8dcf
07:06:18.0 (8345342)|VARIABLE_ASSIGNMENT|[2]|this.opplist|[]|0xeaf319d
07:06:18.0 (8363082)|STATEMENT_EXECUTE|[9]
07:06:18.0 (14426098)|HEAP_ALLOCATE|[9]|Bytes:12
07:06:18.0 (14516995)|HEAP_ALLOCATE|[9]|Bytes:18
07:06:18.0 (14548972)|VARIABLE_ASSIGNMENT|[9]|this.opprec|"00629000004NTeZAAW"|0xeaf319d
07:06:18.0 (14561245)|STATEMENT_EXECUTE|[10]
07:06:18.0 (14563029)|STATEMENT_EXECUTE|[11]
07:06:18.0 (14569101)|HEAP_ALLOCATE|[11]|Bytes:117
07:06:18.0 (14597070)|HEAP_ALLOCATE|[11]|Bytes:4
07:06:18.0 (14613698)|HEAP_ALLOCATE|[11]|Bytes:7
07:06:18.0 (14661282)|HEAP_ALLOCATE|[50]|Bytes:5
07:06:18.0 (14688825)|HEAP_ALLOCATE|[56]|Bytes:5
07:06:18.0 (14700582)|HEAP_ALLOCATE|[64]|Bytes:7
07:06:18.0 (15652659)|SOQL_EXECUTE_BEGIN|[11]|Aggregations:0|SELECT Id, Contact__c, Contact__r.Name, Contact__r.MobilePhone, Contact__r.Phone FROM Opportunity WHERE Id = :tmpVar1
07:06:18.0 (20704152)|SOQL_EXECUTE_END|[11]|Rows:1
07:06:18.0 (20735141)|HEAP_ALLOCATE|[11]|Bytes:8
07:06:18.0 (20760122)|HEAP_ALLOCATE|[11]|Bytes:244
07:06:18.0 (20823573)|HEAP_ALLOCATE|[11]|Bytes:8
07:06:18.0 (20842927)|HEAP_ALLOCATE|[11]|Bytes:37
07:06:18.0 (20868416)|HEAP_ALLOCATE|[11]|Bytes:20
07:06:18.0 (20880917)|VARIABLE_SCOPE_BEGIN|[11]|oppo|Opportunity|true|false
07:06:18.0 (20919499)|VARIABLE_ASSIGNMENT|[11]|oppo|{"Id":"00629000004NTeZAAW","Contact__c":"00329000009RtzGAAS","RecordTypeId":"012j00000015GSJAA2","Contact__r":{"Name":"Maria Johnson","MobilePhone":"(706) 499-1411","Phone":"(612) 432-0607","Id":"00329000009RtzGAAS","RecordTypeId":"012j00000015GS0AAM"}}|0xdeb1c8b
07:06:18.0 (20930012)|STATEMENT_EXECUTE|[12]
07:06:18.0 (21025511)|VARIABLE_SCOPE_BEGIN|[12]|conName|String|false|false
07:06:18.0 (21044044)|VARIABLE_ASSIGNMENT|[12]|conName|"Maria Johnson"
07:06:18.0 (21065599)|STATEMENT_EXECUTE|[13]
07:06:18.0 (21067566)|STATEMENT_EXECUTE|[14]
07:06:18.0 (21071697)|HEAP_ALLOCATE|[14]|Bytes:132
07:06:18.0 (21079143)|VARIABLE_SCOPE_BEGIN|[14]|opportunityQuery|String|false|false
07:06:18.0 (21092269)|VARIABLE_ASSIGNMENT|[14]|opportunityQuery|"Select Id, Owner.Nam (112 more) ..."
07:06:18.0 (21117214)|STATEMENT_EXECUTE|[15]
07:06:18.0 (21118849)|STATEMENT_EXECUTE|[16]
07:06:18.0 (21121486)|HEAP_ALLOCATE|[16]|Bytes:1
07:06:18.0 (21206517)|HEAP_ALLOCATE|[16]|Bytes:131
07:06:18.0 (21230650)|VARIABLE_ASSIGNMENT|[16]|opportunityQuery|"Select Id, Owner.Nam (111 more) ..."
07:06:18.0 (21236151)|STATEMENT_EXECUTE|[17]
07:06:18.0 (21247376)|VARIABLE_SCOPE_BEGIN|[17]|conMobilePhone|String|false|false
07:06:18.0 (21262599)|VARIABLE_ASSIGNMENT|[17]|conMobilePhone|"(706) 499-1411"
07:06:18.0 (21267500)|STATEMENT_EXECUTE|[18]
07:06:18.0 (21271095)|HEAP_ALLOCATE|[18]|Bytes:84
07:06:18.0 (21286337)|HEAP_ALLOCATE|[18]|Bytes:215
07:06:18.0 (21295780)|VARIABLE_ASSIGNMENT|[18]|opportunityQuery|"Select Id, Owner.Nam (195 more) ..."
07:06:18.0 (21323216)|STATEMENT_EXECUTE|[20]
07:06:18.0 (21325477)|STATEMENT_EXECUTE|[21]
07:06:18.0 (21363232)|HEAP_ALLOCATE|[21]|Bytes:214
07:06:18.0 (21401374)|VARIABLE_ASSIGNMENT|[21]|opportunityQuery|"Select Id, Owner.Nam (194 more) ..."
07:06:18.0 (21417058)|STATEMENT_EXECUTE|[22]
07:06:18.0 (21435729)|VARIABLE_SCOPE_BEGIN|[22]|conPhone|String|false|false
07:06:18.0 (21455659)|VARIABLE_ASSIGNMENT|[22]|conPhone|"(612) 432-0607"
07:06:18.0 (21465284)|STATEMENT_EXECUTE|[23]
07:06:18.0 (21471025)|HEAP_ALLOCATE|[23]|Bytes:72
07:06:18.0 (21485327)|HEAP_ALLOCATE|[23]|Bytes:286
07:06:18.0 (21503798)|VARIABLE_ASSIGNMENT|[23]|opportunityQuery|"Select Id, Owner.Nam (266 more) ..."
07:06:18.0 (21513278)|STATEMENT_EXECUTE|[25]
07:06:18.0 (21518537)|HEAP_ALLOCATE|[25]|Bytes:36
07:06:18.0 (21531749)|HEAP_ALLOCATE|[25]|Bytes:322
07:06:18.0 (21547782)|VARIABLE_ASSIGNMENT|[25]|opportunityQuery|"Select Id, Owner.Nam (302 more) ..."
07:06:18.0 (21556209)|STATEMENT_EXECUTE|[26]
07:06:18.0 (21560555)|HEAP_ALLOCATE|[26]|Bytes:20
07:06:18.0 (21574021)|HEAP_ALLOCATE|[26]|Bytes:342
07:06:18.0 (21641257)|USER_DEBUG|[26]|DEBUG|opportunityQuery ::>Select Id, Owner.Name, StageName, CloseDate,Name, CreatedDate FROM Opportunity WHERE Id !=: opprec AND (Contact__r.Name =: conName  OR Contact__r.Phone =: conMobilePhone OR Contact__r.MobilePhone =: conMobilePhone  OR Contact__r.Phone =: conPhone OR Contact__r.MobilePhone =: conPhone ) order by CloseDate DESC LIMIT 50000
07:06:18.0 (21664744)|STATEMENT_EXECUTE|[27]
07:06:18.0 (24717498)|SOQL_EXECUTE_BEGIN|[27]|Aggregations:0|Select Id, Owner.Name, StageName, CloseDate,Name, CreatedDate FROM Opportunity WHERE Id !=: opprec AND (Contact__r.Name =: conName  OR Contact__r.Phone =: conMobilePhone OR Contact__r.MobilePhone =: conMobilePhone  OR Contact__r.Phone =: conPhone OR Contact__r.MobilePhone =: conPhone ) order by CloseDate DESC LIMIT 50000
07:06:18.0 (74753696)|SOQL_EXECUTE_END|[27]|Rows:4
07:06:18.0 (74804143)|HEAP_ALLOCATE|[27]|Bytes:20
07:06:18.0 (74855205)|HEAP_ALLOCATE|[27]|Bytes:1076
07:06:18.0 (74902630)|HEAP_ALLOCATE|[27]|Bytes:20
07:06:18.0 (75021713)|VARIABLE_ASSIGNMENT|[EXTERNAL]|this|{"opplist":"0x4fdf8dcf","opprec":"00629000004NTeZAAW"}|0xeaf319d
07:06:18.0 (75158929)|VARIABLE_ASSIGNMENT|[EXTERNAL]|value|[{"Id":"006290000055aTCAAY","OwnerId":"005j000000Ghdw2AAB","StageName":"In Process","CloseDate":"2018-03-11T00:00:00.000Z","Name":"Maria Johnson IOP 01 (20 more) ...","CreatedDate":"2018-01-11T01:27:48.000Z","Contact__c":"00329000009RtzGAAS","RecordTypeId":"012j00000015GSHAA2","Owner":{"Name":"AJ Lovell","Id":"005j000000Ghdw2AAB"}},{"Id":"00629000004sb5KAAQ","OwnerId":"005j000000Ghdw2AAB","StageName":"Pending Admission","CloseDate":"2018-02-11T00:00:00.000Z","Name":"Mary Johnson RTC 12/ (19 more) ...","CreatedDate":"2017-12-13T17:21:14.000Z","Contact__c":"0032900000Ahjk2AAB","RecordTypeId":"012j00000015GSJAA2","Owner":{"Name":"AJ Lovell","Id":"005j000000Ghdw2AAB"}},{"Id":"006290000055UpqAAE","OwnerId":"005j000000Ghdw2AAB","StageName":"Counter Offer Reques (3 more) ...","CloseDate":"2017-12-05T00:00:00.000Z","Name":"Maria Johnson ROO 01 (20 more) ...","CreatedDate":"2018-01-09T15:09:37.000Z","Contact__c":"00329000009RtzGAAS","RecordTypeId":"012j00000015GSIAA2","Owner":{"Name":"AJ Lovell","Id":"005j000000Ghdw2AAB"}},{"Id":"00629000004NTZTAA4","OwnerId":"005290000013pUqAAI","StageName":"In Process","CloseDate":"2017-12-05T00:00:00.000Z","Name":"Maria JohnsonEA RTC  (22 more) ...","CreatedDate":"2017-10-06T19:43:28.000Z","Contact__c":"00329000009RtyXAAS","RecordTypeId":"012j00000015GSJAA2","Owner":{"Name":"Training User3","Id":"005290000013pUqAAI"}}]|0x77ef6bd1
07:06:18.0 (75296393)|VARIABLE_ASSIGNMENT|[2]|this.opplist|[{"Id":"006290000055aTCAAY","OwnerId":"005j000000Ghdw2AAB","StageName":"In Process","CloseDate":"2018-03-11T00:00:00.000Z","Name":"Maria Johnson IOP 01 (20 more) ...","CreatedDate":"2018-01-11T01:27:48.000Z","Contact__c":"00329000009RtzGAAS","RecordTypeId":"012j00000015GSHAA2","Owner":{"Name":"AJ Lovell","Id":"005j000000Ghdw2AAB"}},{"Id":"00629000004sb5KAAQ","OwnerId":"005j000000Ghdw2AAB","StageName":"Pending Admission","CloseDate":"2018-02-11T00:00:00.000Z","Name":"Mary Johnson RTC 12/ (19 more) ...","CreatedDate":"2017-12-13T17:21:14.000Z","Contact__c":"0032900000Ahjk2AAB","RecordTypeId":"012j00000015GSJAA2","Owner":{"Name":"AJ Lovell","Id":"005j000000Ghdw2AAB"}},{"Id":"006290000055UpqAAE","OwnerId":"005j000000Ghdw2AAB","StageName":"Counter Offer Reques (3 more) ...","CloseDate":"2017-12-05T00:00:00.000Z","Name":"Maria Johnson ROO 01 (20 more) ...","CreatedDate":"2018-01-09T15:09:37.000Z","Contact__c":"00329000009RtzGAAS","RecordTypeId":"012j00000015GSIAA2","Owner":{"Name":"AJ Lovell","Id":"005j000000Ghdw2AAB"}},{"Id":"00629000004NTZTAA4","OwnerId":"005290000013pUqAAI","StageName":"In Process","CloseDate":"2017-12-05T00:00:00.000Z","Name":"Maria JohnsonEA RTC  (22 more) ...","CreatedDate":"2017-10-06T19:43:28.000Z","Contact__c":"00329000009RtyXAAS","RecordTypeId":"012j00000015GSJAA2","Owner":{"Name":"Training User3","Id":"005290000013pUqAAI"}}]|0xeaf319d
07:06:18.0 (75345600)|STATEMENT_EXECUTE|[30]
07:06:18.0 (75353457)|HEAP_ALLOCATE|[30]|Bytes:11
07:06:18.0 (75448257)|VARIABLE_ASSIGNMENT|[EXTERNAL]|this|{"opplist":"0x77ef6bd1","opprec":"00629000004NTeZAAW"}|0xeaf319d
07:06:18.0 (75536769)|HEAP_ALLOCATE|[30]|Bytes:1
07:06:18.0 (75569621)|HEAP_ALLOCATE|[30]|Bytes:12
07:06:18.0 (75597919)|USER_DEBUG|[30]|DEBUG|opplist----4
07:06:18.0 (75772502)|SYSTEM_MODE_ENTER|true
07:06:18.0 (94992752)|VF_SERIALIZE_VIEWSTATE_BEGIN|066j0000002vLOr
07:06:18.0 (97568053)|VF_SERIALIZE_VIEWSTATE_END
07:06:18.100 (100170329)|CUMULATIVE_LIMIT_USAGE
07:06:18.100 (100170329)|LIMIT_USAGE_FOR_NS|(default)|
  Number of SOQL queries: 2 out of 100
  Number of query rows: 5 out of 50000
  Number of SOSL queries: 0 out of 20
  Number of DML statements: 0 out of 150
  Number of DML rows: 0 out of 10000
  Maximum CPU time: 0 out of 10000
  Maximum heap size: 0 out of 6000000
  Number of callouts: 0 out of 100
  Number of Email Invocations: 0 out of 10
  Number of future calls: 0 out of 50
  Number of queueable jobs added to the queue: 0 out of 50
  Number of Mobile Apex push calls: 0 out of 10

07:06:18.100 (100170329)|CUMULATIVE_LIMIT_USAGE_END

07:06:18.0 (100229505)|CODE_UNIT_FINISHED|VF: /apex/OppotunityExtensionPage
07:06:18.0 (101095313)|EXECUTION_FINISHED
