40.0 APEX_CODE,FINEST;APEX_PROFILING,INFO;CALLOUT,INFO;DB,INFO;SYSTEM,DEBUG;VALIDATION,INFO;VISUALFORCE,INFO;WAVE,INFO;WORKFLOW,FINER
01:36:53.0 (293739)|USER_INFO|[EXTERNAL]|00529000000zYiy|bhakti.gujrathi@eternussolutions.com.frnstgng|Central Standard Time|GMT-06:00
01:36:53.0 (329929)|EXECUTION_STARTED
01:36:53.0 (332936)|CODE_UNIT_STARTED|[EXTERNAL]|01p0a000004sKkq|CCPullReservationConcurQueuebleJob
01:36:53.0 (511522)|HEAP_ALLOCATE|[72]|Bytes:3
01:36:53.0 (544025)|HEAP_ALLOCATE|[77]|Bytes:152
01:36:53.0 (556712)|HEAP_ALLOCATE|[342]|Bytes:408
01:36:53.0 (569674)|HEAP_ALLOCATE|[355]|Bytes:408
01:36:53.0 (580263)|HEAP_ALLOCATE|[467]|Bytes:48
01:36:53.0 (603002)|HEAP_ALLOCATE|[139]|Bytes:6
01:36:53.0 (660603)|HEAP_ALLOCATE|[EXTERNAL]|Bytes:5
01:36:53.0 (678459)|SYSTEM_METHOD_ENTRY|[14]|QueueableContextImpl.QueueableContextImpl()
01:36:53.0 (683274)|STATEMENT_EXECUTE|[14]
01:36:53.0 (692320)|SYSTEM_METHOD_EXIT|[14]|QueueableContextImpl
01:36:53.0 (698779)|HEAP_ALLOCATE|[EXTERNAL]|Bytes:8
01:36:53.0 (702607)|HEAP_ALLOCATE|[EXTERNAL]|Bytes:4
01:36:53.0 (711173)|VARIABLE_SCOPE_BEGIN|[21]|this|System.QueueableContextImpl|true|false
01:36:53.0 (762017)|VARIABLE_ASSIGNMENT|[21]|this|{}|0x7be1638c
01:36:53.0 (769324)|VARIABLE_SCOPE_BEGIN|[21]|jobId|Id|false|false
01:36:53.0 (846395)|VARIABLE_ASSIGNMENT|[21]|jobId|"7072900000OOYIwAAP"
01:36:53.0 (3927006)|HEAP_ALLOCATE|[EXTERNAL]|Bytes:4
01:36:53.0 (3948331)|METHOD_ENTRY|[1]|01p0a000004sKkq|CCPullReservationConcurQueuebleJob.CCPullReservationConcurQueuebleJob()
01:36:53.0 (3955443)|STATEMENT_EXECUTE|[1]
01:36:53.0 (3958463)|STATEMENT_EXECUTE|[1]
01:36:53.0 (3963103)|METHOD_EXIT|[1]|CCPullReservationConcurQueuebleJob
01:36:53.0 (3971693)|HEAP_ALLOCATE|[EXTERNAL]|Bytes:12
01:36:53.0 (3983844)|HEAP_ALLOCATE|[EXTERNAL]|Bytes:8
01:36:53.0 (3989707)|VARIABLE_SCOPE_BEGIN|[14]|this|CCPullReservationConcurQueuebleJob|true|false
01:36:53.0 (4020973)|VARIABLE_ASSIGNMENT|[14]|this|{"accessToken":"0_N8xDsAUI8GIF/eR8Hn (8 more) ...","mapIdConcurTrip":"0x204fd3d1"}|0x529b9b4e
01:36:53.0 (4030061)|VARIABLE_SCOPE_BEGIN|[14]|context|System.QueueableContext|true|false
01:36:53.0 (4079610)|VARIABLE_ASSIGNMENT|[14]|context|{"jobId":"7072900000OOYIwAAP"}|0x7be1638c
01:36:53.0 (4091407)|STATEMENT_EXECUTE|[15]
01:36:53.0 (4092700)|STATEMENT_EXECUTE|[16]
01:36:53.0 (4628430)|HEAP_ALLOCATE|[16]|Bytes:99
01:36:53.0 (4638550)|HEAP_ALLOCATE|[16]|Bytes:11
01:36:53.0 (4648281)|METHOD_ENTRY|[1]|01p0a000004sKko|CCPullReservationConcurBatch.CCPullReservationConcurBatch()
01:36:53.0 (4653879)|STATEMENT_EXECUTE|[1]
01:36:53.0 (4656648)|STATEMENT_EXECUTE|[1]
01:36:53.0 (4660806)|METHOD_EXIT|[1]|CCPullReservationConcurBatch
01:36:53.0 (4669809)|HEAP_ALLOCATE|[16]|Bytes:32
01:36:53.0 (4713261)|CONSTRUCTOR_ENTRY|[16]|01p0a000004sKko|<init>(Map<String,Trip__c>,String)
01:36:53.0 (4749626)|VARIABLE_SCOPE_BEGIN|[14]|this|CCPullReservationConcurBatch|true|false
01:36:53.0 (4939888)|VARIABLE_ASSIGNMENT|[14]|this|{}|0x1e8161c
01:36:53.0 (4950268)|VARIABLE_SCOPE_BEGIN|[14]|mapIdConcurTrip|Map<String,Trip__c>|true|false
01:36:53.0 (5018661)|VARIABLE_ASSIGNMENT|[14]|mapIdConcurTrip|{"gWupfQyvIhB9hYHZVnTR (16 more) ...":{"Booking_Source__c":"Sabre","Trip_Ref__c":"Trip from Des Moines (49 more) ...","Modified_Date_Time__ (1 more) ...":"2018-02-02T00:59:00.000Z","End_Date__c":"2018-02-02T09:56:00","Start_Date__c":"2018-02-02T07:15:00","Trip_ID__c":"gWupfQyvIhB9hYHZVnTR (16 more) ...","Trip_Name__c":"Trip from Des Moines (36 more) ...","ID__c":"https://www.concurso (69 more) ..."},"gWupfQyvJjx5obv70ak0 (16 more) ...":{"Booking_Source__c":"Sabre","Trip_Ref__c":"Trip from Sacramento (48 more) ...","Modified_Date_Time__ (1 more) ...":"2018-02-02T00:28:00.000Z","End_Date__c":"2018-02-04T20:55:00","Start_Date__c":"2018-02-04T16:00:00","Trip_ID__c":"gWupfQyvJjx5obv70ak0 (16 more) ...","Trip_Name__c":"Trip from Sacramento (35 more) ...","ID__c":"https://www.concurso (69 more) ..."}}|0x204fd3d1
01:36:53.0 (5040742)|VARIABLE_SCOPE_BEGIN|[14]|accessTokenParam|String|false|false
01:36:53.0 (5053225)|VARIABLE_ASSIGNMENT|[14]|accessTokenParam|"0_N8xDsAUI8GIF/eR8Hn (8 more) ..."
01:36:53.0 (5059804)|STATEMENT_EXECUTE|[1]
01:36:53.0 (5061230)|STATEMENT_EXECUTE|[6]
01:36:53.0 (5062345)|STATEMENT_EXECUTE|[7]
01:36:53.0 (5063331)|STATEMENT_EXECUTE|[8]
01:36:53.0 (5065391)|STATEMENT_EXECUTE|[9]
01:36:53.0 (5066350)|STATEMENT_EXECUTE|[10]
01:36:53.0 (5067468)|STATEMENT_EXECUTE|[11]
01:36:53.0 (5068360)|STATEMENT_EXECUTE|[12]
01:36:53.0 (5088457)|HEAP_ALLOCATE|[12]|Bytes:4
01:36:53.0 (5140970)|HEAP_ALLOCATE|[EXTERNAL]|Bytes:4
01:36:53.0 (5152221)|VARIABLE_ASSIGNMENT|[12]|this.lstApxlog|[]|0x1e8161c
01:36:53.0 (5168956)|STATEMENT_EXECUTE|[14]
01:36:53.0 (5170191)|STATEMENT_EXECUTE|[16]
01:36:53.0 (5203751)|VARIABLE_ASSIGNMENT|[16]|this.mapIdConcurNewTrip|{"gWupfQyvIhB9hYHZVnTR (16 more) ...":{"Booking_Source__c":"Sabre","Trip_Ref__c":"Trip from Des Moines (49 more) ...","Modified_Date_Time__ (1 more) ...":"2018-02-02T00:59:00.000Z","End_Date__c":"2018-02-02T09:56:00","Start_Date__c":"2018-02-02T07:15:00","Trip_ID__c":"gWupfQyvIhB9hYHZVnTR (16 more) ...","Trip_Name__c":"Trip from Des Moines (36 more) ...","ID__c":"https://www.concurso (69 more) ..."},"gWupfQyvJjx5obv70ak0 (16 more) ...":{"Booking_Source__c":"Sabre","Trip_Ref__c":"Trip from Sacramento (48 more) ...","Modified_Date_Time__ (1 more) ...":"2018-02-02T00:28:00.000Z","End_Date__c":"2018-02-04T20:55:00","Start_Date__c":"2018-02-04T16:00:00","Trip_ID__c":"gWupfQyvJjx5obv70ak0 (16 more) ...","Trip_Name__c":"Trip from Sacramento (35 more) ...","ID__c":"https://www.concurso (69 more) ..."}}|0x1e8161c
01:36:53.0 (5220743)|STATEMENT_EXECUTE|[17]
01:36:53.0 (5227291)|VARIABLE_ASSIGNMENT|[17]|this.accessToken|"0_N8xDsAUI8GIF/eR8Hn (8 more) ..."|0x1e8161c
01:36:53.0 (5232409)|STATEMENT_EXECUTE|[18]
01:36:53.0 (5253250)|HEAP_ALLOCATE|[18]|Bytes:4
01:36:53.0 (5279646)|VARIABLE_ASSIGNMENT|[18]|this.mapCncIDTrip|{}|0x1e8161c
01:36:53.0 (5285987)|STATEMENT_EXECUTE|[19]
01:36:53.0 (5302808)|HEAP_ALLOCATE|[19]|Bytes:4
01:36:53.0 (5322507)|VARIABLE_ASSIGNMENT|[19]|this.mapCncIDReservation|{}|0x1e8161c
01:36:53.0 (5328341)|STATEMENT_EXECUTE|[20]
01:36:53.0 (5335050)|HEAP_ALLOCATE|[20]|Bytes:4
01:36:53.0 (5344682)|VARIABLE_ASSIGNMENT|[20]|this.mapCncIDoppID|{}|0x1e8161c
01:36:53.0 (5350120)|STATEMENT_EXECUTE|[21]
01:36:53.0 (5365383)|HEAP_ALLOCATE|[21]|Bytes:4
01:36:53.0 (5380907)|VARIABLE_ASSIGNMENT|[21]|this.mapTripReservation|{}|0x1e8161c
01:36:53.0 (5399120)|CONSTRUCTOR_EXIT|[16]|01p0a000004sKko|<init>(Map<String,Trip__c>,String)
01:36:53.0 (5418427)|HEAP_ALLOCATE|[50]|Bytes:5
01:36:53.0 (5431733)|HEAP_ALLOCATE|[56]|Bytes:5
01:36:53.0 (5440343)|HEAP_ALLOCATE|[64]|Bytes:7
01:36:53.0 (52520837)|CODE_UNIT_FINISHED|CCPullReservationConcurQueuebleJob
01:36:53.0 (53256269)|EXECUTION_FINISHED
