37.0 APEX_CODE,FINEST;APEX_PROFILING,INFO;CALLOUT,INFO;DB,INFO;SYSTEM,DEBUG;VALIDATION,INFO;VISUALFORCE,INFO;WAVE,INFO;WORKFLOW,FINER
08:27:26.0 (248458)|USER_INFO|[EXTERNAL]|00529000000zYiy|bhakti.gujrathi@eternussolutions.com.frnstgng|Central Standard Time|GMT-06:00
08:27:26.0 (282480)|EXECUTION_STARTED
08:27:26.0 (286286)|CODE_UNIT_STARTED|[EXTERNAL]|0660a0000009uTC|VF: /apex/PAW_New_Edit
08:27:26.0 (705650)|VF_DESERIALIZE_VIEWSTATE_BEGIN|0660a0000009uTC
08:27:26.0 (4668514)|HEAP_ALLOCATE|[72]|Bytes:3
08:27:26.0 (4713984)|HEAP_ALLOCATE|[77]|Bytes:152
08:27:26.0 (4730013)|HEAP_ALLOCATE|[342]|Bytes:408
08:27:26.0 (4744392)|HEAP_ALLOCATE|[355]|Bytes:408
08:27:26.0 (4757056)|HEAP_ALLOCATE|[467]|Bytes:48
08:27:26.0 (4787051)|HEAP_ALLOCATE|[139]|Bytes:6
08:27:26.0 (4810597)|HEAP_ALLOCATE|[50]|Bytes:5
08:27:26.0 (4830095)|HEAP_ALLOCATE|[56]|Bytes:5
08:27:26.0 (4837106)|HEAP_ALLOCATE|[64]|Bytes:7
08:27:26.0 (7683304)|VARIABLE_SCOPE_BEGIN|[35]|PAW_New_EditCntrllr.globalSchemaMap|Map<String,Schema.SObjectType>|true|true
08:27:26.0 (7696802)|VARIABLE_SCOPE_BEGIN|[3]|PAW_New_EditCntrllr.yearEndMode|Boolean|false|true
08:27:26.0 (11931127)|VF_DESERIALIZE_VIEWSTATE_END
08:27:26.12 (12835167)|SYSTEM_MODE_ENTER|true
08:27:26.12 (12898584)|HEAP_ALLOCATE|[EXTERNAL]|Bytes:38
08:27:26.12 (12906205)|HEAP_ALLOCATE|[EXTERNAL]|Bytes:7
08:27:26.12 (12916133)|SYSTEM_METHOD_ENTRY|[1]|PageMessagesComponentController.PageMessagesComponentController()
08:27:26.12 (12921872)|STATEMENT_EXECUTE|[1]
08:27:26.13 (13668731)|SYSTEM_MODE_ENTER|true
08:27:26.13 (13715273)|HEAP_ALLOCATE|[EXTERNAL]|Bytes:8
08:27:26.13 (13722517)|VARIABLE_SCOPE_BEGIN|[88]|this|ApexPage.PageMessagesComponentController|true|false
08:27:26.13 (13756462)|VARIABLE_ASSIGNMENT|[88]|this|{}|0x533959d5
08:27:26.13 (13762313)|VARIABLE_SCOPE_BEGIN|[88]|escape|Boolean|false|false
08:27:26.13 (13769169)|VARIABLE_ASSIGNMENT|[88]|escape|null
08:27:26.0 (13948059)|SYSTEM_MODE_ENTER|true
08:27:26.0 (13971346)|HEAP_ALLOCATE|[EXTERNAL]|Bytes:11
08:27:26.0 (13980776)|HEAP_ALLOCATE|[EXTERNAL]|Bytes:304
08:27:26.0 (13985371)|HEAP_ALLOCATE|[EXTERNAL]|Bytes:98
08:27:26.0 (13989273)|HEAP_ALLOCATE|[EXTERNAL]|Bytes:14
08:27:26.0 (13999440)|METHOD_ENTRY|[1]|01p0a000004sKzV|PAW_New_EditCntrllr.PAW_New_EditCntrllr()
08:27:26.0 (14003926)|STATEMENT_EXECUTE|[1]
08:27:26.0 (14008356)|STATEMENT_EXECUTE|[1]
08:27:26.0 (14009672)|STATEMENT_EXECUTE|[3]
08:27:26.0 (14467362)|VARIABLE_SCOPE_BEGIN|[3]|PAW_YearEnd_Config.setting|Year_End_PAW_Settings__c|true|true
08:27:26.0 (14483050)|HEAP_ALLOCATE|[3]|Bytes:1
08:27:26.0 (14489201)|HEAP_ALLOCATE|[3]|Bytes:1
08:27:26.0 (14529034)|METHOD_ENTRY|[1]|01p29000000Aswf|PAW_YearEnd_Config.PAW_YearEnd_Config()
08:27:26.0 (14534242)|STATEMENT_EXECUTE|[1]
08:27:26.0 (14537303)|STATEMENT_EXECUTE|[1]
08:27:26.0 (14552926)|SYSTEM_MODE_ENTER|false
08:27:26.0 (14560791)|HEAP_ALLOCATE|[3]|Bytes:5
08:27:26.0 (14568162)|SYSTEM_MODE_EXIT|false
08:27:26.0 (14575927)|METHOD_EXIT|[1]|PAW_YearEnd_Config
08:27:26.0 (14586184)|METHOD_ENTRY|[3]|01p29000000Aswf|PAW_YearEnd_Config.fetch()
08:27:26.0 (14611821)|SYSTEM_MODE_ENTER|false
08:27:26.0 (14616276)|HEAP_ALLOCATE|[6]|Bytes:5
08:27:26.0 (14620101)|STATEMENT_EXECUTE|[5]
08:27:26.0 (14623898)|STATEMENT_EXECUTE|[7]
08:27:26.0 (15728430)|HEAP_ALLOCATE|[7]|Bytes:20
08:27:26.0 (15770848)|VARIABLE_ASSIGNMENT|[7]|PAW_YearEnd_Config.setting|{"IsDeleted":false,"Name":"Year End PAW Setting (11 more) ...","SetupOwnerId":"00529000000zYiyAAE","Year_End_Mode_Enable (4 more) ...":false}|0x4b44f0e3
08:27:26.0 (15778969)|STATEMENT_EXECUTE|[9]
08:27:26.0 (15782100)|HEAP_ALLOCATE|[9]|Bytes:14
08:27:26.0 (15922640)|HEAP_ALLOCATE|[9]|Bytes:145
08:27:26.0 (15945558)|HEAP_ALLOCATE|[9]|Bytes:159
08:27:26.0 (15963898)|USER_DEBUG|[9]|DEBUG|>>> setting : Year_End_PAW_Settings__c:{IsDeleted=false, Name=Year End PAW Settings (Profile), SetupOwnerId=00529000000zYiyAAE, Year_End_Mode_Enabled__c=false}
08:27:26.0 (15972172)|STATEMENT_EXECUTE|[10]
08:27:26.0 (15977627)|SYSTEM_MODE_EXIT|false
08:27:26.0 (15985594)|METHOD_EXIT|[3]|01p29000000Aswf|PAW_YearEnd_Config.fetch()
08:27:26.0 (16019249)|VARIABLE_ASSIGNMENT|[3]|PAW_New_EditCntrllr.yearEndMode|false
08:27:26.0 (16025602)|STATEMENT_EXECUTE|[523]
08:27:26.0 (16030721)|METHOD_EXIT|[1]|PAW_New_EditCntrllr
08:27:26.0 (17335382)|SYSTEM_MODE_ENTER|true
08:27:26.0 (18804586)|SYSTEM_MODE_ENTER|true
08:27:26.0 (18857461)|HEAP_ALLOCATE|[EXTERNAL]|Bytes:476
08:27:26.0 (18867767)|HEAP_ALLOCATE|[EXTERNAL]|Bytes:71
08:27:26.0 (22548780)|SYSTEM_MODE_ENTER|true
08:27:26.0 (22609514)|SYSTEM_MODE_ENTER|true
08:27:26.0 (27614653)|SYSTEM_MODE_ENTER|true
08:27:26.0 (27803321)|HEAP_ALLOCATE|[EXTERNAL]|Bytes:112
08:27:26.0 (27812518)|VARIABLE_SCOPE_BEGIN|[215]|this|PAW_New_EditCntrllr|true|false
08:27:26.0 (27895372)|VARIABLE_ASSIGNMENT|[215]|this|{"estmtCvrgeDaysObj":"0x5e7bb88","faciltyOptions":"0x1fca4076","fcltyPrgrmOptions":"0x38acc167","idToOwnershipFacilit (4 more) ...":"0x2fb62634","idToTypeFacilityMap":"0x1735e3b1","insrncBnftMap":"0x5ab1c8d1","insrncBnftOptions":"0x4488d19","isIop":false,"isTalbott":false,"meta":"0x1a519c22","oppId":"00629000004NTeZ","pawObj":"0x2241dcb2","ptntInsrnceOptions":"0x76e26f6b","ptntInsrncMap":"0x360204eb","ptntInsrncObj":"0x7a60f22f","quoteObj":"0x20242e85","recordId":"00629000004NTeZ","rtAdjstmntOptions":"0xcacc27f","showPILookup":false,"sObjectQueryStr":"","wrprObj":"0x4b1ec442"}|0x7a8d32ee
08:27:26.0 (27913043)|STATEMENT_EXECUTE|[215]
08:27:26.0 (27914826)|STATEMENT_EXECUTE|[216]
08:27:26.0 (27959081)|STATEMENT_EXECUTE|[217]
08:27:26.0 (27970563)|HEAP_ALLOCATE|[217]|Bytes:12
08:27:26.0 (28014824)|HEAP_ALLOCATE|[EXTERNAL]|Bytes:4
08:27:26.0 (28092897)|VARIABLE_ASSIGNMENT|[EXTERNAL]|this|{"estmtCvrgeDaysObj":"0x5e7bb88","faciltyOptions":"0x1fca4076","fcltyPrgrmOptions":"0x38acc167","idToOwnershipFacilit (4 more) ...":"0x2fb62634","idToTypeFacilityMap":"0x1735e3b1","insrncBnftMap":"0x5ab1c8d1","insrncBnftOptions":"0x4488d19","isIop":false,"isTalbott":false,"meta":"0x1a519c22","oppId":"00629000004NTeZ","pawObj":"0x2241dcb2","ptntInsrnceOptions":"0x76e26f6b","ptntInsrncMap":"0x360204eb","ptntInsrncObj":"0x7a60f22f","quoteObj":"0x20242e85","recordId":"00629000004NTeZ","rtAdjstmntOptions":"0xcacc27f","showPILookup":false,"sObjectQueryStr":"","wrprObj":"0x4b1ec442"}|0x7a8d32ee
08:27:26.0 (28111047)|STATEMENT_EXECUTE|[218]
08:27:26.0 (28112539)|STATEMENT_EXECUTE|[219]
08:27:26.0 (28141720)|HEAP_ALLOCATE|[219]|Bytes:4
08:27:26.0 (28148583)|HEAP_ALLOCATE|[219]|Bytes:1083
08:27:26.0 (28158511)|HEAP_ALLOCATE|[219]|Bytes:4
08:27:26.0 (28174328)|HEAP_ALLOCATE|[219]|Bytes:7
08:27:26.0 (28239707)|VARIABLE_ASSIGNMENT|[EXTERNAL]|this|{"estmtCvrgeDaysObj":"0x5e7bb88","faciltyOptions":"0x1fca4076","fcltyPrgrmOptions":"0x38acc167","idToOwnershipFacilit (4 more) ...":"0x2fb62634","idToTypeFacilityMap":"0x1735e3b1","insrncBnftMap":"0x5ab1c8d1","insrncBnftOptions":"0x4488d19","isIop":false,"isTalbott":false,"meta":"0x1a519c22","oppId":"00629000004NTeZ","pawObj":"0x2241dcb2","ptntInsrnceOptions":"0x76e26f6b","ptntInsrncMap":"0x360204eb","ptntInsrncObj":"0x7a60f22f","quoteObj":"0x20242e85","recordId":"00629000004NTeZ","rtAdjstmntOptions":"0xcacc27f","showPILookup":false,"sObjectQueryStr":"","wrprObj":"0x4b1ec442"}|0x7a8d32ee
08:27:26.0 (31311716)|SOQL_EXECUTE_BEGIN|[219]|Aggregations:0|SELECT Id, Name, RecordType.Name, Uncovered_Charges__c, Patient_Insurance__r.Accepts_Assignment_of_Benefits__c, Patient_Insurance__r.Opportunity__c, Patient_Insurance__r.Accreditation__c, Patient_Insurance__r.Insurance_Company__r.Name, PHP_Admit_Co_Payment__c, Detox_Admit_Co_Payment__c, RTC_Admit_Co_Payment__c, Deductible__c, Deductible_Met__c, IOP_Admit_Co_Payment__c, Max_Out_of_Pocket_Remaining__c, Insurance_Company_is_Out_of_Network__c, Annual_Max_Remaining__c, Deductible_Remaining__c, Detox_Pays_at__c, Detox_Over__c, RTC_Pays_at__c, Residential_Treatment_Override__c, PHP_Pays_at__c, Partial_Hospitalization_Override__c, IOP_Pays_at__c, Intensive_Outpatient_Override__c, Num_Days_Uncovered__c, Num_Days_Room__c, Uncovered_Days_Rate__c, Room_and_Board_Days_Rate__c, Uncovered_Days_Override__c, Room_and_Board_Days_Override__c, Deductible_Included_in_OOP__c, Uncovered_Days__c, Lifetime_Max__c, Lifetime_Max_Met__c, Annual_Max__c, Annual_Max_Met__c, Max_Out_of_Pocket__c, Max_Out_of_Pocket_Met__c, Co_Pay_Met__c FROM Insurance_Benefit__c WHERE Patient_Insurance__c = :tmpVar1
08:27:26.0 (44968488)|SOQL_EXECUTE_END|[219]|Rows:2
08:27:26.0 (44997841)|HEAP_ALLOCATE|[219]|Bytes:12
08:27:26.0 (45047762)|HEAP_ALLOCATE|[219]|Bytes:2986
08:27:26.0 (45125163)|HEAP_ALLOCATE|[219]|Bytes:12
08:27:26.0 (45181230)|HEAP_ALLOCATE|[219]|Bytes:108
08:27:26.0 (45195389)|HEAP_ALLOCATE|[219]|Bytes:4
08:27:26.0 (45200774)|HEAP_ALLOCATE|[219]|Bytes:108
08:27:26.0 (45205423)|HEAP_ALLOCATE|[219]|Bytes:4
08:27:26.0 (45294432)|VARIABLE_ASSIGNMENT|[219]|this.insrncBnftMap|{"a1H29000000pRTUEA2":{"Id":"a1H29000000pRTUEA2","Name":"Insurance Benefit 75 (2 more) ...","RecordTypeId":"012j00000015GS6AAM","Patient_Insurance__c":"a1b29000000lvHQAAY","PHP_Admit_Co_Payment (3 more) ...":0.00,"Deductible__c":5000.00,"Deductible_Met__c":0.00,"Max_Out_of_Pocket_Re (10 more) ...":10000.00,"Insurance_Company_is (18 more) ...":false,"Annual_Max_Remaining (3 more) ...":1000000,"Deductible_Remaining (3 more) ...":5000.00,"Detox_Pays_at__c":80.00,"RTC_Pays_at__c":80.00,"PHP_Pays_at__c":80.00,"IOP_Pays_at__c":80.00,"Uncovered_Days_Rate_ (2 more) ...":630.00,"Room_and_Board_Days_ (7 more) ...":2000.00,"Deductible_Included_ (9 more) ...":"Yes","Lifetime_Max__c":1000000.00,"Lifetime_Max_Met__c":0.00,"Annual_Max__c":1000000.00,"Annual_Max_Met__c":0.00,"Max_Out_of_Pocket__c":10000.00,"Max_Out_of_Pocket_Me (4 more) ...":0.00,"RecordType":{"Name":"In Network","Id":"012j00000015GS6AAM"},"Patient_Insurance__r":{"Opportunity__c":"00629000004NTeZAAW","Accreditation__c":"State","Insurance_Company__c":"0012900000AXSP3AAP","Id":"a1b29000000lvHQAAY","Insurance_Company__r":{"Name":"Value Options/Beacon (7 more) ...","Id":"0012900000AXSP3AAP","RecordTypeId":"012j00000015GRqAAM"}}},"a1H29000000pRTZEA2":{"Id":"a1H29000000pRTZEA2","Name":"Insurance Benefit 75 (2 more) ...","RecordTypeId":"012j00000015GS7AAM","Patient_Insurance__c":"a1b29000000lvHQAAY","PHP_Admit_Co_Payment (3 more) ...":0.00,"Deductible__c":10000.00,"Deductible_Met__c":0.00,"Max_Out_of_Pocket_Re (10 more) ...":20000.00,"Insurance_Company_is (18 more) ...":false,"Annual_Max_Remaining (3 more) ...":1000000,"Deductible_Remaining (3 more) ...":10000.00,"Detox_Pays_at__c":60.00,"RTC_Pays_at__c":60.00,"PHP_Pays_at__c":60.00,"IOP_Pays_at__c":60.00,"Uncovered_Days_Rate_ (2 more) ...":630.00,"Room_and_Board_Days_ (7 more) ...":2000.00,"Deductible_Included_ (9 more) ...":"Yes","Lifetime_Max__c":1000000.00,"Lifetime_Max_Met__c":0.00,"Annual_Max__c":1000000.00,"Annual_Max_Met__c":0.00,"Max_Out_of_Pocket__c":20000.00,"Max_Out_of_Pocket_Me (4 more) ...":0.00,"RecordType":{"Name":"Out of Network","Id":"012j00000015GS7AAM"},"Patient_Insurance__r":{"Opportunity__c":"00629000004NTeZAAW","Accreditation__c":"State","Insurance_Company__c":"0012900000AXSP3AAP","Id":"a1b29000000lvHQAAY","Insurance_Company__r":{"Name":"Value Options/Beacon (7 more) ...","Id":"0012900000AXSP3AAP","RecordTypeId":"012j00000015GRqAAM"}}}}|0x7a8d32ee
08:27:26.0 (45373661)|HEAP_ALLOCATE|[EXTERNAL]|Bytes:12
08:27:26.0 (45401124)|HEAP_ALLOCATE|[263]|Bytes:2996
08:27:26.0 (45546180)|HEAP_ALLOCATE|[263]|Bytes:5
08:27:26.0 (45562283)|HEAP_ALLOCATE|[263]|Bytes:108
08:27:26.0 (45573451)|VARIABLE_SCOPE_BEGIN|[263]|insrncBnftInstance|Insurance_Benefit__c|true|false
08:27:26.0 (45610091)|VARIABLE_ASSIGNMENT|[263]|insrncBnftInstance|{"Id":"a1H29000000pRTUEA2","Name":"Insurance Benefit 75 (2 more) ...","RecordTypeId":"012j00000015GS6AAM","Patient_Insurance__c":"a1b29000000lvHQAAY","PHP_Admit_Co_Payment (3 more) ...":0.00,"Deductible__c":5000.00,"Deductible_Met__c":0.00,"Max_Out_of_Pocket_Re (10 more) ...":10000.00,"Insurance_Company_is (18 more) ...":false,"Annual_Max_Remaining (3 more) ...":1000000,"Deductible_Remaining (3 more) ...":5000.00,"Detox_Pays_at__c":80.00,"RTC_Pays_at__c":80.00,"PHP_Pays_at__c":80.00,"IOP_Pays_at__c":80.00,"Uncovered_Days_Rate_ (2 more) ...":630.00,"Room_and_Board_Days_ (7 more) ...":2000.00,"Deductible_Included_ (9 more) ...":"Yes","Lifetime_Max__c":1000000.00,"Lifetime_Max_Met__c":0.00,"Annual_Max__c":1000000.00,"Annual_Max_Met__c":0.00,"Max_Out_of_Pocket__c":10000.00,"Max_Out_of_Pocket_Me (4 more) ...":0.00,"RecordType":{"Name":"In Network","Id":"012j00000015GS6AAM"},"Patient_Insurance__r":{"Opportunity__c":"00629000004NTeZAAW","Accreditation__c":"State","Insurance_Company__c":"0012900000AXSP3AAP","Id":"a1b29000000lvHQAAY","Insurance_Company__r":{"Name":"Value Options/Beacon (7 more) ...","Id":"0012900000AXSP3AAP","RecordTypeId":"012j00000015GRqAAM"}}}|0x25a5706e
08:27:26.0 (45629652)|STATEMENT_EXECUTE|[263]
08:27:26.0 (45631141)|STATEMENT_EXECUTE|[264]
08:27:26.0 (45678870)|HEAP_ALLOCATE|[264]|Bytes:18
08:27:26.0 (45732355)|HEAP_ALLOCATE|[264]|Bytes:3
08:27:26.0 (45751831)|HEAP_ALLOCATE|[264]|Bytes:35
08:27:26.0 (45811418)|HEAP_ALLOCATE|[EXTERNAL]|Bytes:4
08:27:26.0 (45826794)|HEAP_ALLOCATE|[263]|Bytes:5
08:27:26.0 (45836438)|HEAP_ALLOCATE|[263]|Bytes:108
08:27:26.0 (45842230)|VARIABLE_SCOPE_BEGIN|[263]|insrncBnftInstance|Insurance_Benefit__c|true|false
08:27:26.0 (45881145)|VARIABLE_ASSIGNMENT|[263]|insrncBnftInstance|{"Id":"a1H29000000pRTZEA2","Name":"Insurance Benefit 75 (2 more) ...","RecordTypeId":"012j00000015GS7AAM","Patient_Insurance__c":"a1b29000000lvHQAAY","PHP_Admit_Co_Payment (3 more) ...":0.00,"Deductible__c":10000.00,"Deductible_Met__c":0.00,"Max_Out_of_Pocket_Re (10 more) ...":20000.00,"Insurance_Company_is (18 more) ...":false,"Annual_Max_Remaining (3 more) ...":1000000,"Deductible_Remaining (3 more) ...":10000.00,"Detox_Pays_at__c":60.00,"RTC_Pays_at__c":60.00,"PHP_Pays_at__c":60.00,"IOP_Pays_at__c":60.00,"Uncovered_Days_Rate_ (2 more) ...":630.00,"Room_and_Board_Days_ (7 more) ...":2000.00,"Deductible_Included_ (9 more) ...":"Yes","Lifetime_Max__c":1000000.00,"Lifetime_Max_Met__c":0.00,"Annual_Max__c":1000000.00,"Annual_Max_Met__c":0.00,"Max_Out_of_Pocket__c":20000.00,"Max_Out_of_Pocket_Me (4 more) ...":0.00,"RecordType":{"Name":"Out of Network","Id":"012j00000015GS7AAM"},"Patient_Insurance__r":{"Opportunity__c":"00629000004NTeZAAW","Accreditation__c":"State","Insurance_Company__c":"0012900000AXSP3AAP","Id":"a1b29000000lvHQAAY","Insurance_Company__r":{"Name":"Value Options/Beacon (7 more) ...","Id":"0012900000AXSP3AAP","RecordTypeId":"012j00000015GRqAAM"}}}|0x309c4e5c
08:27:26.0 (45899200)|STATEMENT_EXECUTE|[263]
08:27:26.0 (45900305)|STATEMENT_EXECUTE|[264]
08:27:26.0 (45911818)|HEAP_ALLOCATE|[264]|Bytes:18
08:27:26.0 (45929390)|HEAP_ALLOCATE|[264]|Bytes:39
08:27:26.0 (45941346)|HEAP_ALLOCATE|[EXTERNAL]|Bytes:4
08:27:26.0 (45951626)|HEAP_ALLOCATE|[263]|Bytes:5
08:27:26.0 (45961078)|VARIABLE_ASSIGNMENT|[263]|insrncBnftInstance|null|
08:27:26.0 (46064793)|VARIABLE_ASSIGNMENT|[EXTERNAL]|this|{"estmtCvrgeDaysObj":"0x5e7bb88","faciltyOptions":"0x1fca4076","fcltyPrgrmOptions":"0x38acc167","idToOwnershipFacilit (4 more) ...":"0x2fb62634","idToTypeFacilityMap":"0x1735e3b1","insrncBnftMap":"0x268bc8ac","insrncBnftOptions":"0x4488d19","isIop":false,"isTalbott":false,"meta":"0x1a519c22","oppId":"00629000004NTeZ","pawObj":"0x2241dcb2","ptntInsrnceOptions":"0x76e26f6b","ptntInsrncMap":"0x360204eb","ptntInsrncObj":"0x7a60f22f","quoteObj":"0x20242e85","recordId":"00629000004NTeZ","rtAdjstmntOptions":"0xcacc27f","showPILookup":false,"sObjectQueryStr":"","wrprObj":"0x4b1ec442"}|0x7a8d32ee
08:27:26.0 (46142752)|VARIABLE_ASSIGNMENT|[EXTERNAL]|this|{"insrncBnftSelected":"","pawDetailListDisplay (4 more) ...":false,"pyAgrmntWrksht":"0x5cf93d0c","relatedPAWDetailsLis (1 more) ...":"0x11d6833f","targetEDR":0.00,"totalAppliedDeductib (2 more) ...":0.00,"totalCoInsurance":0.00,"totalCoPayAmt":0.00,"totalInsCoResp":0.00,"totalInsEIVAmt":0.00,"totalRowCount":0,"totalTalbottDay":0}|0x4b1ec442
08:27:26.0 (46208896)|VARIABLE_ASSIGNMENT|[EXTERNAL]|this|{"estmtCvrgeDaysObj":"0x5e7bb88","faciltyOptions":"0x1fca4076","fcltyPrgrmOptions":"0x38acc167","idToOwnershipFacilit (4 more) ...":"0x2fb62634","idToTypeFacilityMap":"0x1735e3b1","insrncBnftMap":"0x268bc8ac","insrncBnftOptions":"0x4488d19","isIop":false,"isTalbott":false,"meta":"0x1a519c22","oppId":"00629000004NTeZ","pawObj":"0x2241dcb2","ptntInsrnceOptions":"0x76e26f6b","ptntInsrncMap":"0x360204eb","ptntInsrncObj":"0x7a60f22f","quoteObj":"0x20242e85","recordId":"00629000004NTeZ","rtAdjstmntOptions":"0xcacc27f","showPILookup":false,"sObjectQueryStr":"","wrprObj":"0x4b1ec442"}|0x7a8d32ee
08:27:26.0 (46256189)|VARIABLE_ASSIGNMENT|[EXTERNAL]|this|{"insrncBnftSelected":"","pawDetailListDisplay (4 more) ...":false,"pyAgrmntWrksht":"0x5cf93d0c","relatedPAWDetailsLis (1 more) ...":"0x11d6833f","targetEDR":0.00,"totalAppliedDeductib (2 more) ...":0.00,"totalCoInsurance":0.00,"totalCoPayAmt":0.00,"totalInsCoResp":0.00,"totalInsEIVAmt":0.00,"totalRowCount":0,"totalTalbottDay":0}|0x4b1ec442
08:27:26.0 (46283801)|STATEMENT_EXECUTE|[269]
08:27:26.0 (46285224)|STATEMENT_EXECUTE|[270]
08:27:26.0 (46341971)|VARIABLE_ASSIGNMENT|[EXTERNAL]|this|{"estmtCvrgeDaysObj":"0x5e7bb88","faciltyOptions":"0x1fca4076","fcltyPrgrmOptions":"0x38acc167","idToOwnershipFacilit (4 more) ...":"0x2fb62634","idToTypeFacilityMap":"0x1735e3b1","insrncBnftMap":"0x268bc8ac","insrncBnftOptions":"0x4488d19","isIop":false,"isTalbott":false,"meta":"0x1a519c22","oppId":"00629000004NTeZ","pawObj":"0x2241dcb2","ptntInsrnceOptions":"0x76e26f6b","ptntInsrncMap":"0x360204eb","ptntInsrncObj":"0x7a60f22f","quoteObj":"0x20242e85","recordId":"00629000004NTeZ","rtAdjstmntOptions":"0xcacc27f","showPILookup":false,"sObjectQueryStr":"","wrprObj":"0x4b1ec442"}|0x7a8d32ee
08:27:26.0 (46391029)|VARIABLE_ASSIGNMENT|[EXTERNAL]|this|{"insrncBnftSelected":"","pawDetailListDisplay (4 more) ...":false,"pyAgrmntWrksht":"0x5cf93d0c","relatedPAWDetailsLis (1 more) ...":"0x11d6833f","targetEDR":0.00,"totalAppliedDeductib (2 more) ...":0.00,"totalCoInsurance":0.00,"totalCoPayAmt":0.00,"totalInsCoResp":0.00,"totalInsEIVAmt":0.00,"totalRowCount":0,"totalTalbottDay":0}|0x4b1ec442
08:27:26.0 (46400018)|VARIABLE_ASSIGNMENT|[EXTERNAL]|value|null|
08:27:26.0 (46407314)|VARIABLE_ASSIGNMENT|[525]|this.insrncBnft|null|0x4b1ec442
08:27:26.0 (46414349)|STATEMENT_EXECUTE|[272]
08:27:26.51 (51663419)|SYSTEM_MODE_ENTER|true
08:27:26.51 (51723201)|HEAP_ALLOCATE|[EXTERNAL]|Bytes:8
08:27:26.51 (51731583)|VARIABLE_SCOPE_BEGIN|[88]|this|ApexPage.PageMessagesComponentController|true|false
08:27:26.51 (51755506)|VARIABLE_ASSIGNMENT|[88]|this|{}|0x533959d5
08:27:26.51 (51761538)|VARIABLE_SCOPE_BEGIN|[88]|escape|Boolean|false|false
08:27:26.51 (51767564)|VARIABLE_ASSIGNMENT|[88]|escape|null
08:27:26.0 (52084260)|HEAP_ALLOCATE|[EXTERNAL]|Bytes:18
08:27:26.0 (52090799)|HEAP_ALLOCATE|[EXTERNAL]|Bytes:84
08:27:26.0 (52100271)|VARIABLE_ASSIGNMENT|[EXTERNAL]|this.insrncBnftSelected|"a1H29000000pRTZEA2"|0x4b1ec442
08:27:26.0 (52148348)|HEAP_ALLOCATE|[EXTERNAL]|Bytes:84
08:27:26.0 (52155350)|VARIABLE_ASSIGNMENT|[EXTERNAL]|this.facilitySelected|null|0x4b1ec442
08:27:26.0 (52200483)|HEAP_ALLOCATE|[EXTERNAL]|Bytes:84
08:27:26.0 (52207649)|VARIABLE_ASSIGNMENT|[EXTERNAL]|this.rateAdjstmntSelected|null|0x4b1ec442
08:27:26.0 (52254628)|HEAP_ALLOCATE|[EXTERNAL]|Bytes:84
08:27:26.0 (52260842)|VARIABLE_ASSIGNMENT|[EXTERNAL]|this.fcltyPrgrmSelected|null|0x4b1ec442
08:27:26.0 (56388956)|HEAP_ALLOCATE|[EXTERNAL]|Bytes:112
08:27:26.0 (56398969)|VARIABLE_SCOPE_BEGIN|[276]|this|PAW_New_EditCntrllr|true|false
08:27:26.0 (56467610)|VARIABLE_ASSIGNMENT|[276]|this|{"estmtCvrgeDaysObj":"0x5e7bb88","faciltyOptions":"0x1fca4076","fcltyPrgrmOptions":"0x38acc167","idToOwnershipFacilit (4 more) ...":"0x2fb62634","idToTypeFacilityMap":"0x1735e3b1","insrncBnftMap":"0x268bc8ac","insrncBnftOptions":"0x4488d19","isIop":false,"isTalbott":false,"meta":"0x1a519c22","oppId":"00629000004NTeZ","pawObj":"0x2241dcb2","ptntInsrnceOptions":"0x76e26f6b","ptntInsrncMap":"0x360204eb","ptntInsrncObj":"0x7a60f22f","quoteObj":"0x20242e85","recordId":"00629000004NTeZ","rtAdjstmntOptions":"0xcacc27f","showPILookup":false,"sObjectQueryStr":"","wrprObj":"0x4b1ec442"}|0x7a8d32ee
08:27:26.0 (56483566)|STATEMENT_EXECUTE|[276]
08:27:26.0 (56485380)|STATEMENT_EXECUTE|[277]
08:27:26.0 (56498036)|HEAP_ALLOCATE|[277]|Bytes:4
08:27:26.0 (56593144)|VARIABLE_ASSIGNMENT|[EXTERNAL]|this|{"estmtCvrgeDaysObj":"0x5e7bb88","faciltyOptions":"0x1fca4076","fcltyPrgrmOptions":"0x38acc167","idToOwnershipFacilit (4 more) ...":"0x2fb62634","idToTypeFacilityMap":"0x1735e3b1","insrncBnftMap":"0x268bc8ac","insrncBnftOptions":"0x4488d19","isIop":false,"isTalbott":false,"meta":"0x1a519c22","oppId":"00629000004NTeZ","pawObj":"0x2241dcb2","ptntInsrnceOptions":"0x76e26f6b","ptntInsrncMap":"0x360204eb","ptntInsrncObj":"0x7a60f22f","quoteObj":"0x20242e85","recordId":"00629000004NTeZ","rtAdjstmntOptions":"0xcacc27f","showPILookup":false,"sObjectQueryStr":"","wrprObj":"0x4b1ec442"}|0x7a8d32ee
08:27:26.0 (56628673)|HEAP_ALLOCATE|[EXTERNAL]|Bytes:4
08:27:26.0 (56639198)|VARIABLE_ASSIGNMENT|[EXTERNAL]|value|[]|0x1d3994d0
08:27:26.0 (56649891)|VARIABLE_ASSIGNMENT|[14]|this.faciltyOptions|[]|0x7a8d32ee
08:27:26.0 (56659446)|STATEMENT_EXECUTE|[278]
08:27:26.0 (56666114)|HEAP_ALLOCATE|[278]|Bytes:4
08:27:26.0 (56762518)|VARIABLE_ASSIGNMENT|[EXTERNAL]|this|{"estmtCvrgeDaysObj":"0x5e7bb88","faciltyOptions":"0x1d3994d0","fcltyPrgrmOptions":"0x38acc167","idToOwnershipFacilit (4 more) ...":"0x2fb62634","idToTypeFacilityMap":"0x1735e3b1","insrncBnftMap":"0x268bc8ac","insrncBnftOptions":"0x4488d19","isIop":false,"isTalbott":false,"meta":"0x1a519c22","oppId":"00629000004NTeZ","pawObj":"0x2241dcb2","ptntInsrnceOptions":"0x76e26f6b","ptntInsrncMap":"0x360204eb","ptntInsrncObj":"0x7a60f22f","quoteObj":"0x20242e85","recordId":"00629000004NTeZ","rtAdjstmntOptions":"0xcacc27f","showPILookup":false,"sObjectQueryStr":"","wrprObj":"0x4b1ec442"}|0x7a8d32ee
08:27:26.0 (56788276)|HEAP_ALLOCATE|[EXTERNAL]|Bytes:4
08:27:26.0 (56794218)|VARIABLE_ASSIGNMENT|[EXTERNAL]|value|[]|0x650ff173
08:27:26.0 (56803950)|VARIABLE_ASSIGNMENT|[15]|this.fcltyPrgrmOptions|[]|0x7a8d32ee
08:27:26.0 (56812377)|STATEMENT_EXECUTE|[279]
08:27:26.0 (56818775)|HEAP_ALLOCATE|[279]|Bytes:4
08:27:26.0 (56844435)|HEAP_ALLOCATE|[EXTERNAL]|Bytes:4
08:27:26.0 (56850400)|VARIABLE_ASSIGNMENT|[279]|this.rtAdjstmntOptions|[]|0x7a8d32ee
08:27:26.0 (56854912)|STATEMENT_EXECUTE|[280]
08:27:26.0 (56916751)|VARIABLE_ASSIGNMENT|[EXTERNAL]|this|{"estmtCvrgeDaysObj":"0x5e7bb88","faciltyOptions":"0x1d3994d0","fcltyPrgrmOptions":"0x650ff173","idToOwnershipFacilit (4 more) ...":"0x2fb62634","idToTypeFacilityMap":"0x1735e3b1","insrncBnftMap":"0x268bc8ac","insrncBnftOptions":"0x4488d19","isIop":false,"isTalbott":false,"meta":"0x1a519c22","oppId":"00629000004NTeZ","pawObj":"0x2241dcb2","ptntInsrnceOptions":"0x76e26f6b","ptntInsrncMap":"0x360204eb","ptntInsrncObj":"0x7a60f22f","quoteObj":"0x20242e85","recordId":"00629000004NTeZ","rtAdjstmntOptions":"0x700ba183","showPILookup":false,"sObjectQueryStr":"","wrprObj":"0x4b1ec442"}|0x7a8d32ee
08:27:26.0 (56975627)|VARIABLE_ASSIGNMENT|[EXTERNAL]|this|{"insrncBnftSelected":"a1H29000000pRTZEA2","pawDetailListDisplay (4 more) ...":false,"pyAgrmntWrksht":"0x5cf93d0c","relatedPAWDetailsLis (1 more) ...":"0x11d6833f","targetEDR":0.00,"totalAppliedDeductib (2 more) ...":0.00,"totalCoInsurance":0.00,"totalCoPayAmt":0.00,"totalInsCoResp":0.00,"totalInsEIVAmt":0.00,"totalRowCount":0,"totalTalbottDay":0}|0x4b1ec442
08:27:26.0 (56985522)|VARIABLE_ASSIGNMENT|[EXTERNAL]|value|""
08:27:26.0 (56992169)|VARIABLE_ASSIGNMENT|[527]|this.facilitySelected|""|0x4b1ec442
08:27:26.0 (56998918)|STATEMENT_EXECUTE|[281]
08:27:26.0 (57058169)|VARIABLE_ASSIGNMENT|[EXTERNAL]|this|{"estmtCvrgeDaysObj":"0x5e7bb88","faciltyOptions":"0x1d3994d0","fcltyPrgrmOptions":"0x650ff173","idToOwnershipFacilit (4 more) ...":"0x2fb62634","idToTypeFacilityMap":"0x1735e3b1","insrncBnftMap":"0x268bc8ac","insrncBnftOptions":"0x4488d19","isIop":false,"isTalbott":false,"meta":"0x1a519c22","oppId":"00629000004NTeZ","pawObj":"0x2241dcb2","ptntInsrnceOptions":"0x76e26f6b","ptntInsrncMap":"0x360204eb","ptntInsrncObj":"0x7a60f22f","quoteObj":"0x20242e85","recordId":"00629000004NTeZ","rtAdjstmntOptions":"0x700ba183","showPILookup":false,"sObjectQueryStr":"","wrprObj":"0x4b1ec442"}|0x7a8d32ee
08:27:26.0 (57076687)|HEAP_ALLOCATE|[281]|Bytes:8
08:27:26.0 (57100580)|HEAP_ALLOCATE|[EXTERNAL]|Bytes:4
08:27:26.0 (57161708)|VARIABLE_ASSIGNMENT|[EXTERNAL]|this|{"estmtCvrgeDaysObj":"0x5e7bb88","faciltyOptions":"0x1d3994d0","fcltyPrgrmOptions":"0x650ff173","idToOwnershipFacilit (4 more) ...":"0x2fb62634","idToTypeFacilityMap":"0x1735e3b1","insrncBnftMap":"0x268bc8ac","insrncBnftOptions":"0x4488d19","isIop":false,"isTalbott":false,"meta":"0x1a519c22","oppId":"00629000004NTeZ","pawObj":"0x2241dcb2","ptntInsrnceOptions":"0x76e26f6b","ptntInsrncMap":"0x360204eb","ptntInsrncObj":"0x7a60f22f","quoteObj":"0x20242e85","recordId":"00629000004NTeZ","rtAdjstmntOptions":"0x700ba183","showPILookup":false,"sObjectQueryStr":"","wrprObj":"0x4b1ec442"}|0x7a8d32ee
08:27:26.0 (57218471)|VARIABLE_ASSIGNMENT|[EXTERNAL]|this|{"facilitySelected":"","insrncBnftSelected":"a1H29000000pRTZEA2","pawDetailListDisplay (4 more) ...":false,"pyAgrmntWrksht":"0x5cf93d0c","relatedPAWDetailsLis (1 more) ...":"0x11d6833f","targetEDR":0.00,"totalAppliedDeductib (2 more) ...":0.00,"totalCoInsurance":0.00,"totalCoPayAmt":0.00,"totalInsCoResp":0.00,"totalInsEIVAmt":0.00,"totalRowCount":0,"totalTalbottDay":0}|0x4b1ec442
08:27:26.0 (57275007)|VARIABLE_ASSIGNMENT|[EXTERNAL]|this|{"estmtCvrgeDaysObj":"0x5e7bb88","faciltyOptions":"0x1d3994d0","fcltyPrgrmOptions":"0x650ff173","idToOwnershipFacilit (4 more) ...":"0x2fb62634","idToTypeFacilityMap":"0x1735e3b1","insrncBnftMap":"0x268bc8ac","insrncBnftOptions":"0x4488d19","isIop":false,"isTalbott":false,"meta":"0x1a519c22","oppId":"00629000004NTeZ","pawObj":"0x2241dcb2","ptntInsrnceOptions":"0x76e26f6b","ptntInsrncMap":"0x360204eb","ptntInsrncObj":"0x7a60f22f","quoteObj":"0x20242e85","recordId":"00629000004NTeZ","rtAdjstmntOptions":"0x700ba183","showPILookup":false,"sObjectQueryStr":"","wrprObj":"0x4b1ec442"}|0x7a8d32ee
08:27:26.0 (57319009)|VARIABLE_ASSIGNMENT|[EXTERNAL]|this|{"facilitySelected":"","insrncBnftSelected":"a1H29000000pRTZEA2","pawDetailListDisplay (4 more) ...":false,"pyAgrmntWrksht":"0x5cf93d0c","relatedPAWDetailsLis (1 more) ...":"0x11d6833f","targetEDR":0.00,"totalAppliedDeductib (2 more) ...":0.00,"totalCoInsurance":0.00,"totalCoPayAmt":0.00,"totalInsCoResp":0.00,"totalInsEIVAmt":0.00,"totalRowCount":0,"totalTalbottDay":0}|0x4b1ec442
08:27:26.0 (57341518)|STATEMENT_EXECUTE|[282]
08:27:26.0 (57342734)|STATEMENT_EXECUTE|[283]
08:27:26.0 (57396804)|VARIABLE_ASSIGNMENT|[EXTERNAL]|this|{"estmtCvrgeDaysObj":"0x5e7bb88","faciltyOptions":"0x1d3994d0","fcltyPrgrmOptions":"0x650ff173","idToOwnershipFacilit (4 more) ...":"0x2fb62634","idToTypeFacilityMap":"0x1735e3b1","insrncBnftMap":"0x268bc8ac","insrncBnftOptions":"0x4488d19","isIop":false,"isTalbott":false,"meta":"0x1a519c22","oppId":"00629000004NTeZ","pawObj":"0x2241dcb2","ptntInsrnceOptions":"0x76e26f6b","ptntInsrncMap":"0x360204eb","ptntInsrncObj":"0x7a60f22f","quoteObj":"0x20242e85","recordId":"00629000004NTeZ","rtAdjstmntOptions":"0x700ba183","showPILookup":false,"sObjectQueryStr":"","wrprObj":"0x4b1ec442"}|0x7a8d32ee
08:27:26.0 (57443888)|VARIABLE_ASSIGNMENT|[EXTERNAL]|this|{"facilitySelected":"","insrncBnftSelected":"a1H29000000pRTZEA2","pawDetailListDisplay (4 more) ...":false,"pyAgrmntWrksht":"0x5cf93d0c","relatedPAWDetailsLis (1 more) ...":"0x11d6833f","targetEDR":0.00,"totalAppliedDeductib (2 more) ...":0.00,"totalCoInsurance":0.00,"totalCoPayAmt":0.00,"totalInsCoResp":0.00,"totalInsEIVAmt":0.00,"totalRowCount":0,"totalTalbottDay":0}|0x4b1ec442
08:27:26.0 (57526331)|VARIABLE_ASSIGNMENT|[EXTERNAL]|this|{"estmtCvrgeDaysObj":"0x5e7bb88","faciltyOptions":"0x1d3994d0","fcltyPrgrmOptions":"0x650ff173","idToOwnershipFacilit (4 more) ...":"0x2fb62634","idToTypeFacilityMap":"0x1735e3b1","insrncBnftMap":"0x268bc8ac","insrncBnftOptions":"0x4488d19","isIop":false,"isTalbott":false,"meta":"0x1a519c22","oppId":"00629000004NTeZ","pawObj":"0x2241dcb2","ptntInsrnceOptions":"0x76e26f6b","ptntInsrncMap":"0x360204eb","ptntInsrncObj":"0x7a60f22f","quoteObj":"0x20242e85","recordId":"00629000004NTeZ","rtAdjstmntOptions":"0x700ba183","showPILookup":false,"sObjectQueryStr":"","wrprObj":"0x4b1ec442"}|0x7a8d32ee
08:27:26.0 (57573264)|VARIABLE_ASSIGNMENT|[EXTERNAL]|this|{"facilitySelected":"","insrncBnftSelected":"a1H29000000pRTZEA2","pawDetailListDisplay (4 more) ...":false,"pyAgrmntWrksht":"0x5cf93d0c","relatedPAWDetailsLis (1 more) ...":"0x11d6833f","targetEDR":0.00,"totalAppliedDeductib (2 more) ...":0.00,"totalCoInsurance":0.00,"totalCoPayAmt":0.00,"totalInsCoResp":0.00,"totalInsEIVAmt":0.00,"totalRowCount":0,"totalTalbottDay":0}|0x4b1ec442
08:27:26.0 (57608286)|VARIABLE_ASSIGNMENT|[EXTERNAL]|value|{"Id":"a1H29000000pRTZEA2","Name":"Insurance Benefit 75 (2 more) ...","RecordTypeId":"012j00000015GS7AAM","Patient_Insurance__c":"a1b29000000lvHQAAY","PHP_Admit_Co_Payment (3 more) ...":0.00,"Deductible__c":10000.00,"Deductible_Met__c":0.00,"Max_Out_of_Pocket_Re (10 more) ...":20000.00,"Insurance_Company_is (18 more) ...":false,"Annual_Max_Remaining (3 more) ...":1000000,"Deductible_Remaining (3 more) ...":10000.00,"Detox_Pays_at__c":60.00,"RTC_Pays_at__c":60.00,"PHP_Pays_at__c":60.00,"IOP_Pays_at__c":60.00,"Uncovered_Days_Rate_ (2 more) ...":630.00,"Room_and_Board_Days_ (7 more) ...":2000.00,"Deductible_Included_ (9 more) ...":"Yes","Lifetime_Max__c":1000000.00,"Lifetime_Max_Met__c":0.00,"Annual_Max__c":1000000.00,"Annual_Max_Met__c":0.00,"Max_Out_of_Pocket__c":20000.00,"Max_Out_of_Pocket_Me (4 more) ...":0.00,"RecordType":{"Name":"Out of Network","Id":"012j00000015GS7AAM"},"Patient_Insurance__r":{"Opportunity__c":"00629000004NTeZAAW","Accreditation__c":"State","Insurance_Company__c":"0012900000AXSP3AAP","Id":"a1b29000000lvHQAAY","Insurance_Company__r":{"Name":"Value Options/Beacon (7 more) ...","Id":"0012900000AXSP3AAP","RecordTypeId":"012j00000015GRqAAM"}}}|0x309c4e5c
08:27:26.0 (57651784)|VARIABLE_ASSIGNMENT|[525]|this.insrncBnft|{"Id":"a1H29000000pRTZEA2","Name":"Insurance Benefit 75 (2 more) ...","RecordTypeId":"012j00000015GS7AAM","Patient_Insurance__c":"a1b29000000lvHQAAY","PHP_Admit_Co_Payment (3 more) ...":0.00,"Deductible__c":10000.00,"Deductible_Met__c":0.00,"Max_Out_of_Pocket_Re (10 more) ...":20000.00,"Insurance_Company_is (18 more) ...":false,"Annual_Max_Remaining (3 more) ...":1000000,"Deductible_Remaining (3 more) ...":10000.00,"Detox_Pays_at__c":60.00,"RTC_Pays_at__c":60.00,"PHP_Pays_at__c":60.00,"IOP_Pays_at__c":60.00,"Uncovered_Days_Rate_ (2 more) ...":630.00,"Room_and_Board_Days_ (7 more) ...":2000.00,"Deductible_Included_ (9 more) ...":"Yes","Lifetime_Max__c":1000000.00,"Lifetime_Max_Met__c":0.00,"Annual_Max__c":1000000.00,"Annual_Max_Met__c":0.00,"Max_Out_of_Pocket__c":20000.00,"Max_Out_of_Pocket_Me (4 more) ...":0.00,"RecordType":{"Name":"Out of Network","Id":"012j00000015GS7AAM"},"Patient_Insurance__r":{"Opportunity__c":"00629000004NTeZAAW","Accreditation__c":"State","Insurance_Company__c":"0012900000AXSP3AAP","Id":"a1b29000000lvHQAAY","Insurance_Company__r":{"Name":"Value Options/Beacon (7 more) ...","Id":"0012900000AXSP3AAP","RecordTypeId":"012j00000015GRqAAM"}}}|0x4b1ec442
08:27:26.0 (57671391)|STATEMENT_EXECUTE|[284]
08:27:26.0 (57728432)|VARIABLE_ASSIGNMENT|[EXTERNAL]|this|{"estmtCvrgeDaysObj":"0x5e7bb88","faciltyOptions":"0x1d3994d0","fcltyPrgrmOptions":"0x650ff173","idToOwnershipFacilit (4 more) ...":"0x2fb62634","idToTypeFacilityMap":"0x1735e3b1","insrncBnftMap":"0x268bc8ac","insrncBnftOptions":"0x4488d19","isIop":false,"isTalbott":false,"meta":"0x1a519c22","oppId":"00629000004NTeZ","pawObj":"0x2241dcb2","ptntInsrnceOptions":"0x76e26f6b","ptntInsrncMap":"0x360204eb","ptntInsrncObj":"0x7a60f22f","quoteObj":"0x20242e85","recordId":"00629000004NTeZ","rtAdjstmntOptions":"0x700ba183","showPILookup":false,"sObjectQueryStr":"","wrprObj":"0x4b1ec442"}|0x7a8d32ee
08:27:26.0 (57780366)|VARIABLE_ASSIGNMENT|[EXTERNAL]|this|{"facilitySelected":"","insrncBnft":"0x309c4e5c","insrncBnftSelected":"a1H29000000pRTZEA2","pawDetailListDisplay (4 more) ...":false,"pyAgrmntWrksht":"0x5cf93d0c","relatedPAWDetailsLis (1 more) ...":"0x11d6833f","targetEDR":0.00,"totalAppliedDeductib (2 more) ...":0.00,"totalCoInsurance":0.00,"totalCoPayAmt":0.00,"totalInsCoResp":0.00,"totalInsEIVAmt":0.00,"totalRowCount":0,"totalTalbottDay":0}|0x4b1ec442
08:27:26.0 (57863186)|VARIABLE_ASSIGNMENT|[EXTERNAL]|this|{"estmtCvrgeDaysObj":"0x5e7bb88","faciltyOptions":"0x1d3994d0","fcltyPrgrmOptions":"0x650ff173","idToOwnershipFacilit (4 more) ...":"0x2fb62634","idToTypeFacilityMap":"0x1735e3b1","insrncBnftMap":"0x268bc8ac","insrncBnftOptions":"0x4488d19","isIop":false,"isTalbott":false,"meta":"0x1a519c22","oppId":"00629000004NTeZ","pawObj":"0x2241dcb2","ptntInsrnceOptions":"0x76e26f6b","ptntInsrncMap":"0x360204eb","ptntInsrncObj":"0x7a60f22f","quoteObj":"0x20242e85","recordId":"00629000004NTeZ","rtAdjstmntOptions":"0x700ba183","showPILookup":false,"sObjectQueryStr":"","wrprObj":"0x4b1ec442"}|0x7a8d32ee
08:27:26.0 (57913380)|VARIABLE_ASSIGNMENT|[EXTERNAL]|this|{"facilitySelected":"","insrncBnft":"0x309c4e5c","insrncBnftSelected":"a1H29000000pRTZEA2","pawDetailListDisplay (4 more) ...":false,"pyAgrmntWrksht":"0x5cf93d0c","relatedPAWDetailsLis (1 more) ...":"0x11d6833f","targetEDR":0.00,"totalAppliedDeductib (2 more) ...":0.00,"totalCoInsurance":0.00,"totalCoPayAmt":0.00,"totalInsCoResp":0.00,"totalInsEIVAmt":0.00,"totalRowCount":0,"totalTalbottDay":0}|0x4b1ec442
08:27:26.0 (57976401)|VARIABLE_ASSIGNMENT|[284]|this.Deductible_Included_in_OOP__c|"Yes"|0x5cf93d0c
08:27:26.0 (57982338)|STATEMENT_EXECUTE|[285]
08:27:26.0 (58041876)|HEAP_ALLOCATE|[285]|Bytes:4
08:27:26.0 (58049774)|HEAP_ALLOCATE|[285]|Bytes:315
08:27:26.0 (58060205)|HEAP_ALLOCATE|[285]|Bytes:4
08:27:26.0 (58132536)|VARIABLE_ASSIGNMENT|[EXTERNAL]|this|{"estmtCvrgeDaysObj":"0x5e7bb88","faciltyOptions":"0x1d3994d0","fcltyPrgrmOptions":"0x650ff173","idToOwnershipFacilit (4 more) ...":"0x2fb62634","idToTypeFacilityMap":"0x1735e3b1","insrncBnftMap":"0x268bc8ac","insrncBnftOptions":"0x4488d19","isIop":false,"isTalbott":false,"meta":"0x1a519c22","oppId":"00629000004NTeZ","pawObj":"0x2241dcb2","ptntInsrnceOptions":"0x76e26f6b","ptntInsrncMap":"0x360204eb","ptntInsrncObj":"0x7a60f22f","quoteObj":"0x20242e85","recordId":"00629000004NTeZ","rtAdjstmntOptions":"0x700ba183","showPILookup":false,"sObjectQueryStr":"","wrprObj":"0x4b1ec442"}|0x7a8d32ee
08:27:26.0 (58197645)|VARIABLE_ASSIGNMENT|[EXTERNAL]|this|{"facilitySelected":"","insrncBnft":"0x309c4e5c","insrncBnftSelected":"a1H29000000pRTZEA2","pawDetailListDisplay (4 more) ...":false,"pyAgrmntWrksht":"0x5cf93d0c","relatedPAWDetailsLis (1 more) ...":"0x11d6833f","targetEDR":0.00,"totalAppliedDeductib (2 more) ...":0.00,"totalCoInsurance":0.00,"totalCoPayAmt":0.00,"totalInsCoResp":0.00,"totalInsEIVAmt":0.00,"totalRowCount":0,"totalTalbottDay":0}|0x4b1ec442
08:27:26.0 (59093709)|SOQL_EXECUTE_BEGIN|[285]|Aggregations:0|SELECT Id, DTX_Days__c, FRN_Facility__c, FRN_Facility__r.Name, FRN_Facility__r.Ownership, FRN_Facility__r.FRN_Facility_Type__c, Insurance_Benefit__c, IOP_Days__c, PHP_Days__c, RTC_Days__c, Total_Copay__c FROM Estimated_Coverage_Days__c WHERE Insurance_Benefit__c = :tmpVar1 ORDER BY LastModifiedDate ASC NULLS FIRST
08:27:26.0 (62342463)|SOQL_EXECUTE_END|[285]|Rows:0
08:27:26.0 (62367614)|HEAP_ALLOCATE|[285]|Bytes:4
08:27:26.0 (62381945)|HEAP_ALLOCATE|[285]|Bytes:0
08:27:26.0 (62427242)|HEAP_ALLOCATE|[285]|Bytes:4
08:27:26.0 (62472622)|VARIABLE_ASSIGNMENT|[285]|this.estmtCnrgDaysMap|{}|0x7a8d32ee
08:27:26.0 (62510534)|HEAP_ALLOCATE|[EXTERNAL]|Bytes:4
08:27:26.0 (62517087)|HEAP_ALLOCATE|[299]|Bytes:4
08:27:26.0 (62647877)|HEAP_ALLOCATE|[299]|Bytes:5
08:27:26.0 (62664379)|VARIABLE_ASSIGNMENT|[299]|estmtInstance|null|
08:27:26.0 (62670206)|STATEMENT_EXECUTE|[299]
08:27:26.72 (72657458)|SYSTEM_MODE_ENTER|true
08:27:26.72 (72721634)|HEAP_ALLOCATE|[EXTERNAL]|Bytes:8
08:27:26.72 (72732821)|VARIABLE_SCOPE_BEGIN|[88]|this|ApexPage.PageMessagesComponentController|true|false
08:27:26.72 (72761370)|VARIABLE_ASSIGNMENT|[88]|this|{}|0x533959d5
08:27:26.72 (72767892)|VARIABLE_SCOPE_BEGIN|[88]|escape|Boolean|false|false
08:27:26.72 (72774296)|VARIABLE_ASSIGNMENT|[88]|escape|null
08:27:26.72 (72880163)|SYSTEM_MODE_ENTER|true
08:27:26.72 (72906816)|HEAP_ALLOCATE|[EXTERNAL]|Bytes:8
08:27:26.72 (72912485)|VARIABLE_SCOPE_BEGIN|[2]|this|ApexPage.PageMessagesComponentController|true|false
08:27:26.72 (72928949)|VARIABLE_ASSIGNMENT|[2]|this|{}|0x533959d5
08:27:26.0 (73335974)|SYSTEM_MODE_ENTER|true
08:27:26.0 (73441859)|SYSTEM_MODE_ENTER|true
08:27:26.0 (73692180)|SYSTEM_MODE_ENTER|true
08:27:26.0 (76608022)|SYSTEM_MODE_ENTER|true
08:27:26.0 (76660820)|SYSTEM_MODE_ENTER|true
08:27:26.80 (80530489)|SYSTEM_MODE_ENTER|true
08:27:26.80 (80574636)|HEAP_ALLOCATE|[EXTERNAL]|Bytes:8
08:27:26.80 (80581722)|VARIABLE_SCOPE_BEGIN|[88]|this|ApexPage.PageMessagesComponentController|true|false
08:27:26.80 (80602091)|VARIABLE_ASSIGNMENT|[88]|this|{}|0x533959d5
08:27:26.80 (80608284)|VARIABLE_SCOPE_BEGIN|[88]|escape|Boolean|false|false
08:27:26.80 (80614551)|VARIABLE_ASSIGNMENT|[88]|escape|null
08:27:26.80 (80739844)|SYSTEM_MODE_ENTER|true
08:27:26.80 (80765558)|HEAP_ALLOCATE|[EXTERNAL]|Bytes:8
08:27:26.80 (80770553)|VARIABLE_SCOPE_BEGIN|[2]|this|ApexPage.PageMessagesComponentController|true|false
08:27:26.80 (80787230)|VARIABLE_ASSIGNMENT|[2]|this|{}|0x533959d5
08:27:26.0 (82618353)|SYSTEM_MODE_ENTER|true
08:27:26.0 (82650080)|HEAP_ALLOCATE|[EXTERNAL]|Bytes:112
08:27:26.0 (82657339)|VARIABLE_SCOPE_BEGIN|[215]|this|PAW_New_EditCntrllr|true|false
08:27:26.0 (82743001)|VARIABLE_ASSIGNMENT|[215]|this|{"estmtCnrgDaysMap":"0x4921a430","estmtCvrgeDaysObj":"0x5e7bb88","faciltyOptions":"0x1d3994d0","fcltyPrgrmOptions":"0x650ff173","idToOwnershipFacilit (4 more) ...":"0x2fb62634","idToTypeFacilityMap":"0x1735e3b1","insrncBnftMap":"0x268bc8ac","insrncBnftOptions":"0x4488d19","isIop":false,"isTalbott":false,"meta":"0x1a519c22","oppId":"00629000004NTeZ","pawObj":"0x2241dcb2","ptntInsrnceOptions":"0x76e26f6b","ptntInsrncMap":"0x360204eb","ptntInsrncObj":"0x7a60f22f","quoteObj":"0x20242e85","recordId":"00629000004NTeZ","rtAdjstmntOptions":"0x700ba183","showPILookup":false,"sObjectQueryStr":"","wrprObj":"0x4b1ec442"}|0x7a8d32ee
08:27:26.0 (82760393)|STATEMENT_EXECUTE|[215]
08:27:26.0 (82762065)|STATEMENT_EXECUTE|[216]
08:27:26.0 (82776399)|STATEMENT_EXECUTE|[217]
08:27:26.0 (82798660)|HEAP_ALLOCATE|[EXTERNAL]|Bytes:4
08:27:26.0 (82862044)|VARIABLE_ASSIGNMENT|[EXTERNAL]|this|{"estmtCnrgDaysMap":"0x4921a430","estmtCvrgeDaysObj":"0x5e7bb88","faciltyOptions":"0x1d3994d0","fcltyPrgrmOptions":"0x650ff173","idToOwnershipFacilit (4 more) ...":"0x2fb62634","idToTypeFacilityMap":"0x1735e3b1","insrncBnftMap":"0x268bc8ac","insrncBnftOptions":"0x4488d19","isIop":false,"isTalbott":false,"meta":"0x1a519c22","oppId":"00629000004NTeZ","pawObj":"0x2241dcb2","ptntInsrnceOptions":"0x76e26f6b","ptntInsrncMap":"0x360204eb","ptntInsrncObj":"0x7a60f22f","quoteObj":"0x20242e85","recordId":"00629000004NTeZ","rtAdjstmntOptions":"0x700ba183","showPILookup":false,"sObjectQueryStr":"","wrprObj":"0x4b1ec442"}|0x7a8d32ee
08:27:26.0 (82878024)|STATEMENT_EXECUTE|[218]
08:27:26.0 (82879391)|STATEMENT_EXECUTE|[219]
08:27:26.0 (82905840)|HEAP_ALLOCATE|[219]|Bytes:4
08:27:26.0 (82917402)|HEAP_ALLOCATE|[219]|Bytes:4
08:27:26.0 (82976567)|VARIABLE_ASSIGNMENT|[EXTERNAL]|this|{"estmtCnrgDaysMap":"0x4921a430","estmtCvrgeDaysObj":"0x5e7bb88","faciltyOptions":"0x1d3994d0","fcltyPrgrmOptions":"0x650ff173","idToOwnershipFacilit (4 more) ...":"0x2fb62634","idToTypeFacilityMap":"0x1735e3b1","insrncBnftMap":"0x268bc8ac","insrncBnftOptions":"0x4488d19","isIop":false,"isTalbott":false,"meta":"0x1a519c22","oppId":"00629000004NTeZ","pawObj":"0x2241dcb2","ptntInsrnceOptions":"0x76e26f6b","ptntInsrncMap":"0x360204eb","ptntInsrncObj":"0x7a60f22f","quoteObj":"0x20242e85","recordId":"00629000004NTeZ","rtAdjstmntOptions":"0x700ba183","showPILookup":false,"sObjectQueryStr":"","wrprObj":"0x4b1ec442"}|0x7a8d32ee
08:27:26.0 (83772355)|SOQL_EXECUTE_BEGIN|[219]|Aggregations:0|SELECT Id, Name, RecordType.Name, Uncovered_Charges__c, Patient_Insurance__r.Accepts_Assignment_of_Benefits__c, Patient_Insurance__r.Opportunity__c, Patient_Insurance__r.Accreditation__c, Patient_Insurance__r.Insurance_Company__r.Name, PHP_Admit_Co_Payment__c, Detox_Admit_Co_Payment__c, RTC_Admit_Co_Payment__c, Deductible__c, Deductible_Met__c, IOP_Admit_Co_Payment__c, Max_Out_of_Pocket_Remaining__c, Insurance_Company_is_Out_of_Network__c, Annual_Max_Remaining__c, Deductible_Remaining__c, Detox_Pays_at__c, Detox_Over__c, RTC_Pays_at__c, Residential_Treatment_Override__c, PHP_Pays_at__c, Partial_Hospitalization_Override__c, IOP_Pays_at__c, Intensive_Outpatient_Override__c, Num_Days_Uncovered__c, Num_Days_Room__c, Uncovered_Days_Rate__c, Room_and_Board_Days_Rate__c, Uncovered_Days_Override__c, Room_and_Board_Days_Override__c, Deductible_Included_in_OOP__c, Uncovered_Days__c, Lifetime_Max__c, Lifetime_Max_Met__c, Annual_Max__c, Annual_Max_Met__c, Max_Out_of_Pocket__c, Max_Out_of_Pocket_Met__c, Co_Pay_Met__c FROM Insurance_Benefit__c WHERE Patient_Insurance__c = :tmpVar1
08:27:26.0 (94460420)|SOQL_EXECUTE_END|[219]|Rows:2
08:27:26.0 (94484177)|HEAP_ALLOCATE|[219]|Bytes:12
08:27:26.0 (94531962)|HEAP_ALLOCATE|[219]|Bytes:2986
08:27:26.0 (94570236)|HEAP_ALLOCATE|[219]|Bytes:12
08:27:26.0 (94589804)|HEAP_ALLOCATE|[219]|Bytes:108
08:27:26.0 (94601318)|HEAP_ALLOCATE|[219]|Bytes:4
08:27:26.0 (94605796)|HEAP_ALLOCATE|[219]|Bytes:108
08:27:26.0 (94610500)|HEAP_ALLOCATE|[219]|Bytes:4
08:27:26.0 (94689457)|VARIABLE_ASSIGNMENT|[219]|this.insrncBnftMap|{"a1H29000000pRTUEA2":{"Id":"a1H29000000pRTUEA2","Name":"Insurance Benefit 75 (2 more) ...","RecordTypeId":"012j00000015GS6AAM","Patient_Insurance__c":"a1b29000000lvHQAAY","PHP_Admit_Co_Payment (3 more) ...":0.00,"Deductible__c":5000.00,"Deductible_Met__c":0.00,"Max_Out_of_Pocket_Re (10 more) ...":10000.00,"Insurance_Company_is (18 more) ...":false,"Annual_Max_Remaining (3 more) ...":1000000,"Deductible_Remaining (3 more) ...":5000.00,"Detox_Pays_at__c":80.00,"RTC_Pays_at__c":80.00,"PHP_Pays_at__c":80.00,"IOP_Pays_at__c":80.00,"Uncovered_Days_Rate_ (2 more) ...":630.00,"Room_and_Board_Days_ (7 more) ...":2000.00,"Deductible_Included_ (9 more) ...":"Yes","Lifetime_Max__c":1000000.00,"Lifetime_Max_Met__c":0.00,"Annual_Max__c":1000000.00,"Annual_Max_Met__c":0.00,"Max_Out_of_Pocket__c":10000.00,"Max_Out_of_Pocket_Me (4 more) ...":0.00,"RecordType":{"Name":"In Network","Id":"012j00000015GS6AAM"},"Patient_Insurance__r":{"Opportunity__c":"00629000004NTeZAAW","Accreditation__c":"State","Insurance_Company__c":"0012900000AXSP3AAP","Id":"a1b29000000lvHQAAY","Insurance_Company__r":{"Name":"Value Options/Beacon (7 more) ...","Id":"0012900000AXSP3AAP","RecordTypeId":"012j00000015GRqAAM"}}},"a1H29000000pRTZEA2":{"Id":"a1H29000000pRTZEA2","Name":"Insurance Benefit 75 (2 more) ...","RecordTypeId":"012j00000015GS7AAM","Patient_Insurance__c":"a1b29000000lvHQAAY","PHP_Admit_Co_Payment (3 more) ...":0.00,"Deductible__c":10000.00,"Deductible_Met__c":0.00,"Max_Out_of_Pocket_Re (10 more) ...":20000.00,"Insurance_Company_is (18 more) ...":false,"Annual_Max_Remaining (3 more) ...":1000000,"Deductible_Remaining (3 more) ...":10000.00,"Detox_Pays_at__c":60.00,"RTC_Pays_at__c":60.00,"PHP_Pays_at__c":60.00,"IOP_Pays_at__c":60.00,"Uncovered_Days_Rate_ (2 more) ...":630.00,"Room_and_Board_Days_ (7 more) ...":2000.00,"Deductible_Included_ (9 more) ...":"Yes","Lifetime_Max__c":1000000.00,"Lifetime_Max_Met__c":0.00,"Annual_Max__c":1000000.00,"Annual_Max_Met__c":0.00,"Max_Out_of_Pocket__c":20000.00,"Max_Out_of_Pocket_Me (4 more) ...":0.00,"RecordType":{"Name":"Out of Network","Id":"012j00000015GS7AAM"},"Patient_Insurance__r":{"Opportunity__c":"00629000004NTeZAAW","Accreditation__c":"State","Insurance_Company__c":"0012900000AXSP3AAP","Id":"a1b29000000lvHQAAY","Insurance_Company__r":{"Name":"Value Options/Beacon (7 more) ...","Id":"0012900000AXSP3AAP","RecordTypeId":"012j00000015GRqAAM"}}}}|0x7a8d32ee
08:27:26.0 (94737446)|HEAP_ALLOCATE|[EXTERNAL]|Bytes:12
08:27:26.0 (94762117)|HEAP_ALLOCATE|[263]|Bytes:2996
08:27:26.0 (94786777)|HEAP_ALLOCATE|[263]|Bytes:5
08:27:26.0 (94797551)|HEAP_ALLOCATE|[263]|Bytes:108
08:27:26.0 (94807035)|VARIABLE_SCOPE_BEGIN|[263]|insrncBnftInstance|Insurance_Benefit__c|true|false
08:27:26.0 (94840481)|VARIABLE_ASSIGNMENT|[263]|insrncBnftInstance|{"Id":"a1H29000000pRTUEA2","Name":"Insurance Benefit 75 (2 more) ...","RecordTypeId":"012j00000015GS6AAM","Patient_Insurance__c":"a1b29000000lvHQAAY","PHP_Admit_Co_Payment (3 more) ...":0.00,"Deductible__c":5000.00,"Deductible_Met__c":0.00,"Max_Out_of_Pocket_Re (10 more) ...":10000.00,"Insurance_Company_is (18 more) ...":false,"Annual_Max_Remaining (3 more) ...":1000000,"Deductible_Remaining (3 more) ...":5000.00,"Detox_Pays_at__c":80.00,"RTC_Pays_at__c":80.00,"PHP_Pays_at__c":80.00,"IOP_Pays_at__c":80.00,"Uncovered_Days_Rate_ (2 more) ...":630.00,"Room_and_Board_Days_ (7 more) ...":2000.00,"Deductible_Included_ (9 more) ...":"Yes","Lifetime_Max__c":1000000.00,"Lifetime_Max_Met__c":0.00,"Annual_Max__c":1000000.00,"Annual_Max_Met__c":0.00,"Max_Out_of_Pocket__c":10000.00,"Max_Out_of_Pocket_Me (4 more) ...":0.00,"RecordType":{"Name":"In Network","Id":"012j00000015GS6AAM"},"Patient_Insurance__r":{"Opportunity__c":"00629000004NTeZAAW","Accreditation__c":"State","Insurance_Company__c":"0012900000AXSP3AAP","Id":"a1b29000000lvHQAAY","Insurance_Company__r":{"Name":"Value Options/Beacon (7 more) ...","Id":"0012900000AXSP3AAP","RecordTypeId":"012j00000015GRqAAM"}}}|0x5f159d00
08:27:26.0 (94858765)|STATEMENT_EXECUTE|[263]
08:27:26.0 (94860213)|STATEMENT_EXECUTE|[264]
08:27:26.0 (94878317)|HEAP_ALLOCATE|[264]|Bytes:18
08:27:26.0 (94903394)|HEAP_ALLOCATE|[264]|Bytes:35
08:27:26.0 (94919449)|HEAP_ALLOCATE|[EXTERNAL]|Bytes:4
08:27:26.0 (94930938)|HEAP_ALLOCATE|[263]|Bytes:5
08:27:26.0 (94939294)|HEAP_ALLOCATE|[263]|Bytes:108
08:27:26.0 (94944821)|VARIABLE_SCOPE_BEGIN|[263]|insrncBnftInstance|Insurance_Benefit__c|true|false
08:27:26.0 (94975235)|VARIABLE_ASSIGNMENT|[263]|insrncBnftInstance|{"Id":"a1H29000000pRTZEA2","Name":"Insurance Benefit 75 (2 more) ...","RecordTypeId":"012j00000015GS7AAM","Patient_Insurance__c":"a1b29000000lvHQAAY","PHP_Admit_Co_Payment (3 more) ...":0.00,"Deductible__c":10000.00,"Deductible_Met__c":0.00,"Max_Out_of_Pocket_Re (10 more) ...":20000.00,"Insurance_Company_is (18 more) ...":false,"Annual_Max_Remaining (3 more) ...":1000000,"Deductible_Remaining (3 more) ...":10000.00,"Detox_Pays_at__c":60.00,"RTC_Pays_at__c":60.00,"PHP_Pays_at__c":60.00,"IOP_Pays_at__c":60.00,"Uncovered_Days_Rate_ (2 more) ...":630.00,"Room_and_Board_Days_ (7 more) ...":2000.00,"Deductible_Included_ (9 more) ...":"Yes","Lifetime_Max__c":1000000.00,"Lifetime_Max_Met__c":0.00,"Annual_Max__c":1000000.00,"Annual_Max_Met__c":0.00,"Max_Out_of_Pocket__c":20000.00,"Max_Out_of_Pocket_Me (4 more) ...":0.00,"RecordType":{"Name":"Out of Network","Id":"012j00000015GS7AAM"},"Patient_Insurance__r":{"Opportunity__c":"00629000004NTeZAAW","Accreditation__c":"State","Insurance_Company__c":"0012900000AXSP3AAP","Id":"a1b29000000lvHQAAY","Insurance_Company__r":{"Name":"Value Options/Beacon (7 more) ...","Id":"0012900000AXSP3AAP","RecordTypeId":"012j00000015GRqAAM"}}}|0x208e52b5
08:27:26.0 (94992566)|STATEMENT_EXECUTE|[263]
08:27:26.0 (94993953)|STATEMENT_EXECUTE|[264]
08:27:26.0 (95007818)|HEAP_ALLOCATE|[264]|Bytes:18
08:27:26.0 (95024533)|HEAP_ALLOCATE|[264]|Bytes:39
08:27:26.0 (95034416)|HEAP_ALLOCATE|[EXTERNAL]|Bytes:4
08:27:26.0 (95043886)|HEAP_ALLOCATE|[263]|Bytes:5
08:27:26.0 (95052685)|VARIABLE_ASSIGNMENT|[263]|insrncBnftInstance|null|
08:27:26.0 (95128277)|VARIABLE_ASSIGNMENT|[EXTERNAL]|this|{"estmtCnrgDaysMap":"0x4921a430","estmtCvrgeDaysObj":"0x5e7bb88","faciltyOptions":"0x1d3994d0","fcltyPrgrmOptions":"0x650ff173","idToOwnershipFacilit (4 more) ...":"0x2fb62634","idToTypeFacilityMap":"0x1735e3b1","insrncBnftMap":"0x1779c86","insrncBnftOptions":"0x4488d19","isIop":false,"isTalbott":false,"meta":"0x1a519c22","oppId":"00629000004NTeZ","pawObj":"0x2241dcb2","ptntInsrnceOptions":"0x76e26f6b","ptntInsrncMap":"0x360204eb","ptntInsrncObj":"0x7a60f22f","quoteObj":"0x20242e85","recordId":"00629000004NTeZ","rtAdjstmntOptions":"0x700ba183","showPILookup":false,"sObjectQueryStr":"","wrprObj":"0x4b1ec442"}|0x7a8d32ee
08:27:26.0 (95203075)|VARIABLE_ASSIGNMENT|[EXTERNAL]|this|{"facilitySelected":"","insrncBnft":"0x309c4e5c","insrncBnftSelected":"a1H29000000pRTZEA2","pawDetailListDisplay (4 more) ...":false,"pyAgrmntWrksht":"0x5cf93d0c","relatedPAWDetailsLis (1 more) ...":"0x11d6833f","targetEDR":0.00,"totalAppliedDeductib (2 more) ...":0.00,"totalCoInsurance":0.00,"totalCoPayAmt":0.00,"totalInsCoResp":0.00,"totalInsEIVAmt":0.00,"totalRowCount":0,"totalTalbottDay":0}|0x4b1ec442
08:27:26.0 (95265448)|VARIABLE_ASSIGNMENT|[EXTERNAL]|this|{"estmtCnrgDaysMap":"0x4921a430","estmtCvrgeDaysObj":"0x5e7bb88","faciltyOptions":"0x1d3994d0","fcltyPrgrmOptions":"0x650ff173","idToOwnershipFacilit (4 more) ...":"0x2fb62634","idToTypeFacilityMap":"0x1735e3b1","insrncBnftMap":"0x1779c86","insrncBnftOptions":"0x4488d19","isIop":false,"isTalbott":false,"meta":"0x1a519c22","oppId":"00629000004NTeZ","pawObj":"0x2241dcb2","ptntInsrnceOptions":"0x76e26f6b","ptntInsrncMap":"0x360204eb","ptntInsrncObj":"0x7a60f22f","quoteObj":"0x20242e85","recordId":"00629000004NTeZ","rtAdjstmntOptions":"0x700ba183","showPILookup":false,"sObjectQueryStr":"","wrprObj":"0x4b1ec442"}|0x7a8d32ee
08:27:26.0 (95314315)|VARIABLE_ASSIGNMENT|[EXTERNAL]|this|{"facilitySelected":"","insrncBnft":"0x309c4e5c","insrncBnftSelected":"a1H29000000pRTZEA2","pawDetailListDisplay (4 more) ...":false,"pyAgrmntWrksht":"0x5cf93d0c","relatedPAWDetailsLis (1 more) ...":"0x11d6833f","targetEDR":0.00,"totalAppliedDeductib (2 more) ...":0.00,"totalCoInsurance":0.00,"totalCoPayAmt":0.00,"totalInsCoResp":0.00,"totalInsEIVAmt":0.00,"totalRowCount":0,"totalTalbottDay":0}|0x4b1ec442
08:27:26.0 (95338882)|STATEMENT_EXECUTE|[267]
08:27:26.0 (95340315)|STATEMENT_EXECUTE|[268]
08:27:26.0 (95409309)|VARIABLE_ASSIGNMENT|[EXTERNAL]|this|{"estmtCnrgDaysMap":"0x4921a430","estmtCvrgeDaysObj":"0x5e7bb88","faciltyOptions":"0x1d3994d0","fcltyPrgrmOptions":"0x650ff173","idToOwnershipFacilit (4 more) ...":"0x2fb62634","idToTypeFacilityMap":"0x1735e3b1","insrncBnftMap":"0x1779c86","insrncBnftOptions":"0x4488d19","isIop":false,"isTalbott":false,"meta":"0x1a519c22","oppId":"00629000004NTeZ","pawObj":"0x2241dcb2","ptntInsrnceOptions":"0x76e26f6b","ptntInsrncMap":"0x360204eb","ptntInsrncObj":"0x7a60f22f","quoteObj":"0x20242e85","recordId":"00629000004NTeZ","rtAdjstmntOptions":"0x700ba183","showPILookup":false,"sObjectQueryStr":"","wrprObj":"0x4b1ec442"}|0x7a8d32ee
08:27:26.0 (95459414)|VARIABLE_ASSIGNMENT|[EXTERNAL]|this|{"facilitySelected":"","insrncBnft":"0x309c4e5c","insrncBnftSelected":"a1H29000000pRTZEA2","pawDetailListDisplay (4 more) ...":false,"pyAgrmntWrksht":"0x5cf93d0c","relatedPAWDetailsLis (1 more) ...":"0x11d6833f","targetEDR":0.00,"totalAppliedDeductib (2 more) ...":0.00,"totalCoInsurance":0.00,"totalCoPayAmt":0.00,"totalInsCoResp":0.00,"totalInsEIVAmt":0.00,"totalRowCount":0,"totalTalbottDay":0}|0x4b1ec442
08:27:26.0 (95543087)|VARIABLE_ASSIGNMENT|[EXTERNAL]|this|{"estmtCnrgDaysMap":"0x4921a430","estmtCvrgeDaysObj":"0x5e7bb88","faciltyOptions":"0x1d3994d0","fcltyPrgrmOptions":"0x650ff173","idToOwnershipFacilit (4 more) ...":"0x2fb62634","idToTypeFacilityMap":"0x1735e3b1","insrncBnftMap":"0x1779c86","insrncBnftOptions":"0x4488d19","isIop":false,"isTalbott":false,"meta":"0x1a519c22","oppId":"00629000004NTeZ","pawObj":"0x2241dcb2","ptntInsrnceOptions":"0x76e26f6b","ptntInsrncMap":"0x360204eb","ptntInsrncObj":"0x7a60f22f","quoteObj":"0x20242e85","recordId":"00629000004NTeZ","rtAdjstmntOptions":"0x700ba183","showPILookup":false,"sObjectQueryStr":"","wrprObj":"0x4b1ec442"}|0x7a8d32ee
08:27:26.0 (95591418)|VARIABLE_ASSIGNMENT|[EXTERNAL]|this|{"facilitySelected":"","insrncBnft":"0x309c4e5c","insrncBnftSelected":"a1H29000000pRTZEA2","pawDetailListDisplay (4 more) ...":false,"pyAgrmntWrksht":"0x5cf93d0c","relatedPAWDetailsLis (1 more) ...":"0x11d6833f","targetEDR":0.00,"totalAppliedDeductib (2 more) ...":0.00,"totalCoInsurance":0.00,"totalCoPayAmt":0.00,"totalInsCoResp":0.00,"totalInsEIVAmt":0.00,"totalRowCount":0,"totalTalbottDay":0}|0x4b1ec442
08:27:26.0 (95624425)|VARIABLE_ASSIGNMENT|[EXTERNAL]|value|{"Id":"a1H29000000pRTZEA2","Name":"Insurance Benefit 75 (2 more) ...","RecordTypeId":"012j00000015GS7AAM","Patient_Insurance__c":"a1b29000000lvHQAAY","PHP_Admit_Co_Payment (3 more) ...":0.00,"Deductible__c":10000.00,"Deductible_Met__c":0.00,"Max_Out_of_Pocket_Re (10 more) ...":20000.00,"Insurance_Company_is (18 more) ...":false,"Annual_Max_Remaining (3 more) ...":1000000,"Deductible_Remaining (3 more) ...":10000.00,"Detox_Pays_at__c":60.00,"RTC_Pays_at__c":60.00,"PHP_Pays_at__c":60.00,"IOP_Pays_at__c":60.00,"Uncovered_Days_Rate_ (2 more) ...":630.00,"Room_and_Board_Days_ (7 more) ...":2000.00,"Deductible_Included_ (9 more) ...":"Yes","Lifetime_Max__c":1000000.00,"Lifetime_Max_Met__c":0.00,"Annual_Max__c":1000000.00,"Annual_Max_Met__c":0.00,"Max_Out_of_Pocket__c":20000.00,"Max_Out_of_Pocket_Me (4 more) ...":0.00,"RecordType":{"Name":"Out of Network","Id":"012j00000015GS7AAM"},"Patient_Insurance__r":{"Opportunity__c":"00629000004NTeZAAW","Accreditation__c":"State","Insurance_Company__c":"0012900000AXSP3AAP","Id":"a1b29000000lvHQAAY","Insurance_Company__r":{"Name":"Value Options/Beacon (7 more) ...","Id":"0012900000AXSP3AAP","RecordTypeId":"012j00000015GRqAAM"}}}|0x208e52b5
08:27:26.0 (95664121)|VARIABLE_ASSIGNMENT|[525]|this.insrncBnft|{"Id":"a1H29000000pRTZEA2","Name":"Insurance Benefit 75 (2 more) ...","RecordTypeId":"012j00000015GS7AAM","Patient_Insurance__c":"a1b29000000lvHQAAY","PHP_Admit_Co_Payment (3 more) ...":0.00,"Deductible__c":10000.00,"Deductible_Met__c":0.00,"Max_Out_of_Pocket_Re (10 more) ...":20000.00,"Insurance_Company_is (18 more) ...":false,"Annual_Max_Remaining (3 more) ...":1000000,"Deductible_Remaining (3 more) ...":10000.00,"Detox_Pays_at__c":60.00,"RTC_Pays_at__c":60.00,"PHP_Pays_at__c":60.00,"IOP_Pays_at__c":60.00,"Uncovered_Days_Rate_ (2 more) ...":630.00,"Room_and_Board_Days_ (7 more) ...":2000.00,"Deductible_Included_ (9 more) ...":"Yes","Lifetime_Max__c":1000000.00,"Lifetime_Max_Met__c":0.00,"Annual_Max__c":1000000.00,"Annual_Max_Met__c":0.00,"Max_Out_of_Pocket__c":20000.00,"Max_Out_of_Pocket_Me (4 more) ...":0.00,"RecordType":{"Name":"Out of Network","Id":"012j00000015GS7AAM"},"Patient_Insurance__r":{"Opportunity__c":"00629000004NTeZAAW","Accreditation__c":"State","Insurance_Company__c":"0012900000AXSP3AAP","Id":"a1b29000000lvHQAAY","Insurance_Company__r":{"Name":"Value Options/Beacon (7 more) ...","Id":"0012900000AXSP3AAP","RecordTypeId":"012j00000015GRqAAM"}}}|0x4b1ec442
08:27:26.0 (95684231)|STATEMENT_EXECUTE|[272]
08:27:26.0 (96522648)|SYSTEM_MODE_ENTER|true
08:27:26.0 (96811319)|SYSTEM_MODE_ENTER|true
08:27:26.0 (96840576)|HEAP_ALLOCATE|[EXTERNAL]|Bytes:112
08:27:26.0 (96847291)|VARIABLE_SCOPE_BEGIN|[379]|this|PAW_New_EditCntrllr|true|false
08:27:26.0 (96913260)|VARIABLE_ASSIGNMENT|[379]|this|{"estmtCnrgDaysMap":"0x4921a430","estmtCvrgeDaysObj":"0x5e7bb88","faciltyOptions":"0x1d3994d0","fcltyPrgrmOptions":"0x650ff173","idToOwnershipFacilit (4 more) ...":"0x2fb62634","idToTypeFacilityMap":"0x1735e3b1","insrncBnftMap":"0x1779c86","insrncBnftOptions":"0x4488d19","isIop":false,"isTalbott":false,"meta":"0x1a519c22","oppId":"00629000004NTeZ","pawObj":"0x2241dcb2","ptntInsrnceOptions":"0x76e26f6b","ptntInsrncMap":"0x360204eb","ptntInsrncObj":"0x7a60f22f","quoteObj":"0x20242e85","recordId":"00629000004NTeZ","rtAdjstmntOptions":"0x700ba183","showPILookup":false,"sObjectQueryStr":"","wrprObj":"0x4b1ec442"}|0x7a8d32ee
08:27:26.0 (96929632)|STATEMENT_EXECUTE|[379]
08:27:26.0 (96931228)|STATEMENT_EXECUTE|[380]
08:27:26.0 (96941515)|HEAP_ALLOCATE|[380]|Bytes:4
08:27:26.0 (96991247)|HEAP_ALLOCATE|[EXTERNAL]|Bytes:4
08:27:26.0 (97003081)|VARIABLE_ASSIGNMENT|[380]|this.rtAdjstmntOptions|[]|0x7a8d32ee
08:27:26.0 (97011326)|STATEMENT_EXECUTE|[381]
08:27:26.0 (97086205)|HEAP_ALLOCATE|[EXTERNAL]|Bytes:4
08:27:26.0 (97163984)|VARIABLE_ASSIGNMENT|[EXTERNAL]|this|{"estmtCnrgDaysMap":"0x4921a430","estmtCvrgeDaysObj":"0x5e7bb88","faciltyOptions":"0x1d3994d0","fcltyPrgrmOptions":"0x650ff173","idToOwnershipFacilit (4 more) ...":"0x2fb62634","idToTypeFacilityMap":"0x1735e3b1","insrncBnftMap":"0x1779c86","insrncBnftOptions":"0x4488d19","isIop":false,"isTalbott":false,"meta":"0x1a519c22","oppId":"00629000004NTeZ","pawObj":"0x2241dcb2","ptntInsrnceOptions":"0x76e26f6b","ptntInsrncMap":"0x360204eb","ptntInsrncObj":"0x7a60f22f","quoteObj":"0x20242e85","recordId":"00629000004NTeZ","rtAdjstmntOptions":"0x609ade33","showPILookup":false,"sObjectQueryStr":"","wrprObj":"0x4b1ec442"}|0x7a8d32ee
08:27:26.0 (97242439)|VARIABLE_ASSIGNMENT|[EXTERNAL]|this|{"facilitySelected":"","insrncBnft":"0x208e52b5","insrncBnftSelected":"a1H29000000pRTZEA2","pawDetailListDisplay (4 more) ...":false,"pyAgrmntWrksht":"0x5cf93d0c","relatedPAWDetailsLis (1 more) ...":"0x11d6833f","targetEDR":0.00,"totalAppliedDeductib (2 more) ...":0.00,"totalCoInsurance":0.00,"totalCoPayAmt":0.00,"totalInsCoResp":0.00,"totalInsEIVAmt":0.00,"totalRowCount":0,"totalTalbottDay":0}|0x4b1ec442
08:27:26.0 (97305406)|VARIABLE_ASSIGNMENT|[EXTERNAL]|this|{"estmtCnrgDaysMap":"0x4921a430","estmtCvrgeDaysObj":"0x5e7bb88","faciltyOptions":"0x1d3994d0","fcltyPrgrmOptions":"0x650ff173","idToOwnershipFacilit (4 more) ...":"0x2fb62634","idToTypeFacilityMap":"0x1735e3b1","insrncBnftMap":"0x1779c86","insrncBnftOptions":"0x4488d19","isIop":false,"isTalbott":false,"meta":"0x1a519c22","oppId":"00629000004NTeZ","pawObj":"0x2241dcb2","ptntInsrnceOptions":"0x76e26f6b","ptntInsrncMap":"0x360204eb","ptntInsrncObj":"0x7a60f22f","quoteObj":"0x20242e85","recordId":"00629000004NTeZ","rtAdjstmntOptions":"0x609ade33","showPILookup":false,"sObjectQueryStr":"","wrprObj":"0x4b1ec442"}|0x7a8d32ee
08:27:26.0 (97352510)|VARIABLE_ASSIGNMENT|[EXTERNAL]|this|{"facilitySelected":"","insrncBnft":"0x208e52b5","insrncBnftSelected":"a1H29000000pRTZEA2","pawDetailListDisplay (4 more) ...":false,"pyAgrmntWrksht":"0x5cf93d0c","relatedPAWDetailsLis (1 more) ...":"0x11d6833f","targetEDR":0.00,"totalAppliedDeductib (2 more) ...":0.00,"totalCoInsurance":0.00,"totalCoPayAmt":0.00,"totalInsCoResp":0.00,"totalInsEIVAmt":0.00,"totalRowCount":0,"totalTalbottDay":0}|0x4b1ec442
08:27:26.0 (97372377)|STATEMENT_EXECUTE|[382]
08:27:26.0 (97373990)|STATEMENT_EXECUTE|[400]
08:27:26.0 (97691143)|SYSTEM_MODE_ENTER|true
08:27:26.0 (105079604)|VF_SERIALIZE_VIEWSTATE_BEGIN|0660a0000009uTC
08:27:26.0 (122851135)|VF_SERIALIZE_VIEWSTATE_END
08:27:26.129 (129212981)|CUMULATIVE_LIMIT_USAGE
08:27:26.129 (129212981)|LIMIT_USAGE_FOR_NS|(default)|
  Number of SOQL queries: 3 out of 100
  Number of query rows: 4 out of 50000
  Number of SOSL queries: 0 out of 20
  Number of DML statements: 0 out of 150
  Number of DML rows: 0 out of 10000
  Maximum CPU time: 0 out of 10000
  Maximum heap size: 0 out of 6000000
  Number of callouts: 0 out of 100
  Number of Email Invocations: 0 out of 10
  Number of future calls: 0 out of 50
  Number of queueable jobs added to the queue: 0 out of 50
  Number of Mobile Apex push calls: 0 out of 10

08:27:26.129 (129212981)|CUMULATIVE_LIMIT_USAGE_END

08:27:26.0 (129253018)|CODE_UNIT_FINISHED|VF: /apex/PAW_New_Edit
08:27:26.0 (129977865)|EXECUTION_FINISHED
