37.0 APEX_CODE,FINEST;APEX_PROFILING,INFO;CALLOUT,INFO;DB,INFO;SYSTEM,DEBUG;VALIDATION,INFO;VISUALFORCE,INFO;WAVE,INFO;WORKFLOW,FINER
07:02:52.0 (55819)|USER_INFO|[EXTERNAL]|00529000000zYiy|bhakti.gujrathi@eternussolutions.com.frnstgng|Central Standard Time|GMT-06:00
07:02:52.0 (92457)|EXECUTION_STARTED
07:02:52.0 (97291)|CODE_UNIT_STARTED|[EXTERNAL]|0660a0000009uTC|VF: /apex/PAW_New_Edit
07:02:52.0 (235914)|VF_DESERIALIZE_VIEWSTATE_BEGIN|0660a0000009uTC
07:02:52.0 (3576328)|HEAP_ALLOCATE|[72]|Bytes:3
07:02:52.0 (3619575)|HEAP_ALLOCATE|[77]|Bytes:152
07:02:52.0 (3634727)|HEAP_ALLOCATE|[342]|Bytes:408
07:02:52.0 (3645408)|HEAP_ALLOCATE|[355]|Bytes:408
07:02:52.0 (3655584)|HEAP_ALLOCATE|[467]|Bytes:48
07:02:52.0 (3685025)|HEAP_ALLOCATE|[139]|Bytes:6
07:02:52.0 (3708988)|HEAP_ALLOCATE|[50]|Bytes:5
07:02:52.0 (3728734)|HEAP_ALLOCATE|[56]|Bytes:5
07:02:52.0 (3735000)|HEAP_ALLOCATE|[64]|Bytes:7
07:02:52.0 (6423953)|VARIABLE_SCOPE_BEGIN|[35]|PAW_New_EditCntrllr.globalSchemaMap|Map<String,Schema.SObjectType>|true|true
07:02:52.0 (6436906)|VARIABLE_SCOPE_BEGIN|[3]|PAW_New_EditCntrllr.yearEndMode|Boolean|false|true
07:02:52.0 (19604703)|VF_DESERIALIZE_VIEWSTATE_END
07:02:52.20 (20667540)|SYSTEM_MODE_ENTER|true
07:02:52.20 (20766670)|HEAP_ALLOCATE|[EXTERNAL]|Bytes:38
07:02:52.20 (20779098)|HEAP_ALLOCATE|[EXTERNAL]|Bytes:7
07:02:52.20 (20791670)|SYSTEM_METHOD_ENTRY|[1]|PageMessagesComponentController.PageMessagesComponentController()
07:02:52.20 (20796627)|STATEMENT_EXECUTE|[1]
07:02:52.21 (21596003)|SYSTEM_MODE_ENTER|true
07:02:52.21 (21991342)|HEAP_ALLOCATE|[EXTERNAL]|Bytes:8
07:02:52.21 (22000157)|VARIABLE_SCOPE_BEGIN|[88]|this|ApexPage.PageMessagesComponentController|true|false
07:02:52.21 (22039914)|VARIABLE_ASSIGNMENT|[88]|this|{}|0x2f847c87
07:02:52.21 (22046195)|VARIABLE_SCOPE_BEGIN|[88]|escape|Boolean|false|false
07:02:52.21 (22053974)|VARIABLE_ASSIGNMENT|[88]|escape|null
07:02:52.0 (22253315)|SYSTEM_MODE_ENTER|true
07:02:52.0 (22280487)|HEAP_ALLOCATE|[EXTERNAL]|Bytes:11
07:02:52.0 (22297797)|HEAP_ALLOCATE|[EXTERNAL]|Bytes:304
07:02:52.0 (22303067)|HEAP_ALLOCATE|[EXTERNAL]|Bytes:98
07:02:52.0 (22307058)|HEAP_ALLOCATE|[EXTERNAL]|Bytes:10
07:02:52.0 (22317537)|METHOD_ENTRY|[1]|01p0a000004sKzV|PAW_New_EditCntrllr.PAW_New_EditCntrllr()
07:02:52.0 (22323085)|STATEMENT_EXECUTE|[1]
07:02:52.0 (22327082)|STATEMENT_EXECUTE|[1]
07:02:52.0 (22328116)|STATEMENT_EXECUTE|[3]
07:02:52.0 (22433513)|VARIABLE_SCOPE_BEGIN|[3]|PAW_YearEnd_Config.setting|Year_End_PAW_Settings__c|true|true
07:02:52.0 (22445980)|HEAP_ALLOCATE|[3]|Bytes:1
07:02:52.0 (22452095)|HEAP_ALLOCATE|[3]|Bytes:1
07:02:52.0 (22511800)|METHOD_ENTRY|[1]|01p29000000Aswf|PAW_YearEnd_Config.PAW_YearEnd_Config()
07:02:52.0 (22516397)|STATEMENT_EXECUTE|[1]
07:02:52.0 (22518898)|STATEMENT_EXECUTE|[1]
07:02:52.0 (22532768)|SYSTEM_MODE_ENTER|false
07:02:52.0 (22539259)|HEAP_ALLOCATE|[3]|Bytes:5
07:02:52.0 (22546349)|SYSTEM_MODE_EXIT|false
07:02:52.0 (22553877)|METHOD_EXIT|[1]|PAW_YearEnd_Config
07:02:52.0 (22563907)|METHOD_ENTRY|[3]|01p29000000Aswf|PAW_YearEnd_Config.fetch()
07:02:52.0 (22587773)|SYSTEM_MODE_ENTER|false
07:02:52.0 (22592037)|HEAP_ALLOCATE|[6]|Bytes:5
07:02:52.0 (22596107)|STATEMENT_EXECUTE|[5]
07:02:52.0 (22599116)|STATEMENT_EXECUTE|[7]
07:02:52.0 (23488147)|HEAP_ALLOCATE|[7]|Bytes:20
07:02:52.0 (23532795)|VARIABLE_ASSIGNMENT|[7]|PAW_YearEnd_Config.setting|{"IsDeleted":false,"Name":"Year End PAW Setting (11 more) ...","SetupOwnerId":"00529000000zYiyAAE","Year_End_Mode_Enable (4 more) ...":false}|0xea9283a
07:02:52.0 (23540512)|STATEMENT_EXECUTE|[9]
07:02:52.0 (23544290)|HEAP_ALLOCATE|[9]|Bytes:14
07:02:52.0 (23699796)|HEAP_ALLOCATE|[9]|Bytes:145
07:02:52.0 (23722533)|HEAP_ALLOCATE|[9]|Bytes:159
07:02:52.0 (23742182)|USER_DEBUG|[9]|DEBUG|>>> setting : Year_End_PAW_Settings__c:{IsDeleted=false, Name=Year End PAW Settings (Profile), SetupOwnerId=00529000000zYiyAAE, Year_End_Mode_Enabled__c=false}
07:02:52.0 (23750415)|STATEMENT_EXECUTE|[10]
07:02:52.0 (23754773)|SYSTEM_MODE_EXIT|false
07:02:52.0 (23761923)|METHOD_EXIT|[3]|01p29000000Aswf|PAW_YearEnd_Config.fetch()
07:02:52.0 (23797172)|VARIABLE_ASSIGNMENT|[3]|PAW_New_EditCntrllr.yearEndMode|false
07:02:52.0 (23801106)|STATEMENT_EXECUTE|[522]
07:02:52.0 (23805775)|METHOD_EXIT|[1]|PAW_New_EditCntrllr
07:02:52.0 (24175147)|SYSTEM_MODE_ENTER|true
07:02:52.0 (24707777)|SYSTEM_MODE_ENTER|true
07:02:52.0 (24750798)|HEAP_ALLOCATE|[EXTERNAL]|Bytes:476
07:02:52.0 (24761665)|HEAP_ALLOCATE|[EXTERNAL]|Bytes:71
07:02:52.0 (28961002)|SYSTEM_MODE_ENTER|true
07:02:52.0 (29016424)|SYSTEM_MODE_ENTER|true
07:02:52.0 (33740921)|SYSTEM_MODE_ENTER|true
07:02:52.0 (33997022)|HEAP_ALLOCATE|[EXTERNAL]|Bytes:112
07:02:52.0 (34005447)|VARIABLE_SCOPE_BEGIN|[215]|this|PAW_New_EditCntrllr|true|false
07:02:52.0 (34086685)|VARIABLE_ASSIGNMENT|[215]|this|{"cmpnyRateAdjstmntMap":"0x348641ab","estmtCnrgDaysMap":"0x592be1b3","estmtCvrgeDaysObj":"0x4c687f58","faciltyOptions":"0x5596d534","fcltyPrgmMap":"0x539b5d34","fcltyPrgrmOptions":"0x55bb088d","idToOwnershipFacilit (4 more) ...":"0x5aa62fdd","idToTypeFacilityMap":"0x39fa7ec8","insrncBnftMap":"0x3001e63e","insrncBnftOptions":"0x3d737fd3","isIop":false,"isTalbott":false,"meta":"0x56407767","oppId":"00629000004NTeZ","pawObj":"0x3c264f59","ptntInsrnceOptions":"0x3296ef5","ptntInsrncMap":"0x258204a4","ptntInsrncObj":"0x3e10e85f","quoteObj":"0x702cb43c","recordId":"00629000004NTeZ","rtAdjstmntOptions":"0x7e7e61e7","showPILookup":false,"sObjectQueryStr":"","wrprObj":"0xe598c65"}|0x81de470
07:02:52.0 (34106123)|STATEMENT_EXECUTE|[215]
07:02:52.0 (34107663)|STATEMENT_EXECUTE|[216]
07:02:52.0 (34146656)|STATEMENT_EXECUTE|[217]
07:02:52.0 (34157109)|HEAP_ALLOCATE|[217]|Bytes:12
07:02:52.0 (34206296)|HEAP_ALLOCATE|[EXTERNAL]|Bytes:4
07:02:52.0 (34287943)|VARIABLE_ASSIGNMENT|[EXTERNAL]|this|{"cmpnyRateAdjstmntMap":"0x348641ab","estmtCnrgDaysMap":"0x592be1b3","estmtCvrgeDaysObj":"0x4c687f58","faciltyOptions":"0x5596d534","fcltyPrgmMap":"0x539b5d34","fcltyPrgrmOptions":"0x55bb088d","idToOwnershipFacilit (4 more) ...":"0x5aa62fdd","idToTypeFacilityMap":"0x39fa7ec8","insrncBnftMap":"0x3001e63e","insrncBnftOptions":"0x3d737fd3","isIop":false,"isTalbott":false,"meta":"0x56407767","oppId":"00629000004NTeZ","pawObj":"0x3c264f59","ptntInsrnceOptions":"0x3296ef5","ptntInsrncMap":"0x258204a4","ptntInsrncObj":"0x3e10e85f","quoteObj":"0x702cb43c","recordId":"00629000004NTeZ","rtAdjstmntOptions":"0x7e7e61e7","showPILookup":false,"sObjectQueryStr":"","wrprObj":"0xe598c65"}|0x81de470
07:02:52.0 (34305799)|STATEMENT_EXECUTE|[218]
07:02:52.0 (34307093)|STATEMENT_EXECUTE|[219]
07:02:52.0 (34337083)|HEAP_ALLOCATE|[219]|Bytes:4
07:02:52.0 (34343772)|HEAP_ALLOCATE|[219]|Bytes:1083
07:02:52.0 (34353419)|HEAP_ALLOCATE|[219]|Bytes:4
07:02:52.0 (34367153)|HEAP_ALLOCATE|[219]|Bytes:7
07:02:52.0 (34428397)|VARIABLE_ASSIGNMENT|[EXTERNAL]|this|{"cmpnyRateAdjstmntMap":"0x348641ab","estmtCnrgDaysMap":"0x592be1b3","estmtCvrgeDaysObj":"0x4c687f58","faciltyOptions":"0x5596d534","fcltyPrgmMap":"0x539b5d34","fcltyPrgrmOptions":"0x55bb088d","idToOwnershipFacilit (4 more) ...":"0x5aa62fdd","idToTypeFacilityMap":"0x39fa7ec8","insrncBnftMap":"0x3001e63e","insrncBnftOptions":"0x3d737fd3","isIop":false,"isTalbott":false,"meta":"0x56407767","oppId":"00629000004NTeZ","pawObj":"0x3c264f59","ptntInsrnceOptions":"0x3296ef5","ptntInsrncMap":"0x258204a4","ptntInsrncObj":"0x3e10e85f","quoteObj":"0x702cb43c","recordId":"00629000004NTeZ","rtAdjstmntOptions":"0x7e7e61e7","showPILookup":false,"sObjectQueryStr":"","wrprObj":"0xe598c65"}|0x81de470
07:02:52.0 (35774244)|SOQL_EXECUTE_BEGIN|[219]|Aggregations:0|SELECT Id, Name, RecordType.Name, Uncovered_Charges__c, Patient_Insurance__r.Accepts_Assignment_of_Benefits__c, Patient_Insurance__r.Opportunity__c, Patient_Insurance__r.Accreditation__c, Patient_Insurance__r.Insurance_Company__r.Name, PHP_Admit_Co_Payment__c, Detox_Admit_Co_Payment__c, RTC_Admit_Co_Payment__c, Deductible__c, Deductible_Met__c, IOP_Admit_Co_Payment__c, Max_Out_of_Pocket_Remaining__c, Insurance_Company_is_Out_of_Network__c, Annual_Max_Remaining__c, Deductible_Remaining__c, Detox_Pays_at__c, Detox_Over__c, RTC_Pays_at__c, Residential_Treatment_Override__c, PHP_Pays_at__c, Partial_Hospitalization_Override__c, IOP_Pays_at__c, Intensive_Outpatient_Override__c, Num_Days_Uncovered__c, Num_Days_Room__c, Uncovered_Days_Rate__c, Room_and_Board_Days_Rate__c, Uncovered_Days_Override__c, Room_and_Board_Days_Override__c, Deductible_Included_in_OOP__c, Uncovered_Days__c, Lifetime_Max__c, Lifetime_Max_Met__c, Annual_Max__c, Annual_Max_Met__c, Max_Out_of_Pocket__c, Max_Out_of_Pocket_Met__c, Co_Pay_Met__c FROM Insurance_Benefit__c WHERE Patient_Insurance__c = :tmpVar1
07:02:52.0 (46159432)|SOQL_EXECUTE_END|[219]|Rows:2
07:02:52.0 (46181220)|HEAP_ALLOCATE|[219]|Bytes:12
07:02:52.0 (46225653)|HEAP_ALLOCATE|[219]|Bytes:2986
07:02:52.0 (46276024)|HEAP_ALLOCATE|[219]|Bytes:12
07:02:52.0 (46309994)|HEAP_ALLOCATE|[219]|Bytes:108
07:02:52.0 (46320799)|HEAP_ALLOCATE|[219]|Bytes:4
07:02:52.0 (46325299)|HEAP_ALLOCATE|[219]|Bytes:108
07:02:52.0 (46329454)|HEAP_ALLOCATE|[219]|Bytes:4
07:02:52.0 (46401770)|VARIABLE_ASSIGNMENT|[219]|this.insrncBnftMap|{"a1H29000000pRTUEA2":{"Id":"a1H29000000pRTUEA2","Name":"Insurance Benefit 75 (2 more) ...","RecordTypeId":"012j00000015GS6AAM","Patient_Insurance__c":"a1b29000000lvHQAAY","PHP_Admit_Co_Payment (3 more) ...":0.00,"Deductible__c":5000.00,"Deductible_Met__c":0.00,"Max_Out_of_Pocket_Re (10 more) ...":10000.00,"Insurance_Company_is (18 more) ...":false,"Annual_Max_Remaining (3 more) ...":1000000,"Deductible_Remaining (3 more) ...":5000.00,"Detox_Pays_at__c":80.00,"RTC_Pays_at__c":80.00,"PHP_Pays_at__c":80.00,"IOP_Pays_at__c":80.00,"Uncovered_Days_Rate_ (2 more) ...":630.00,"Room_and_Board_Days_ (7 more) ...":2000.00,"Deductible_Included_ (9 more) ...":"Yes","Lifetime_Max__c":1000000.00,"Lifetime_Max_Met__c":0.00,"Annual_Max__c":1000000.00,"Annual_Max_Met__c":0.00,"Max_Out_of_Pocket__c":10000.00,"Max_Out_of_Pocket_Me (4 more) ...":0.00,"RecordType":{"Name":"In Network","Id":"012j00000015GS6AAM"},"Patient_Insurance__r":{"Opportunity__c":"00629000004NTeZAAW","Accreditation__c":"State","Insurance_Company__c":"0012900000AXSP3AAP","Id":"a1b29000000lvHQAAY","Insurance_Company__r":{"Name":"Value Options/Beacon (7 more) ...","Id":"0012900000AXSP3AAP","RecordTypeId":"012j00000015GRqAAM"}}},"a1H29000000pRTZEA2":{"Id":"a1H29000000pRTZEA2","Name":"Insurance Benefit 75 (2 more) ...","RecordTypeId":"012j00000015GS7AAM","Patient_Insurance__c":"a1b29000000lvHQAAY","PHP_Admit_Co_Payment (3 more) ...":0.00,"Deductible__c":10000.00,"Deductible_Met__c":0.00,"Max_Out_of_Pocket_Re (10 more) ...":20000.00,"Insurance_Company_is (18 more) ...":false,"Annual_Max_Remaining (3 more) ...":1000000,"Deductible_Remaining (3 more) ...":10000.00,"Detox_Pays_at__c":60.00,"RTC_Pays_at__c":60.00,"PHP_Pays_at__c":60.00,"IOP_Pays_at__c":60.00,"Uncovered_Days_Rate_ (2 more) ...":630.00,"Room_and_Board_Days_ (7 more) ...":2000.00,"Deductible_Included_ (9 more) ...":"Yes","Lifetime_Max__c":1000000.00,"Lifetime_Max_Met__c":0.00,"Annual_Max__c":1000000.00,"Annual_Max_Met__c":0.00,"Max_Out_of_Pocket__c":20000.00,"Max_Out_of_Pocket_Me (4 more) ...":0.00,"RecordType":{"Name":"Out of Network","Id":"012j00000015GS7AAM"},"Patient_Insurance__r":{"Opportunity__c":"00629000004NTeZAAW","Accreditation__c":"State","Insurance_Company__c":"0012900000AXSP3AAP","Id":"a1b29000000lvHQAAY","Insurance_Company__r":{"Name":"Value Options/Beacon (7 more) ...","Id":"0012900000AXSP3AAP","RecordTypeId":"012j00000015GRqAAM"}}}}|0x81de470
07:02:52.0 (46464236)|HEAP_ALLOCATE|[EXTERNAL]|Bytes:12
07:02:52.0 (46490889)|HEAP_ALLOCATE|[263]|Bytes:2996
07:02:52.0 (46619179)|HEAP_ALLOCATE|[263]|Bytes:5
07:02:52.0 (46633559)|HEAP_ALLOCATE|[263]|Bytes:108
07:02:52.0 (46640844)|VARIABLE_SCOPE_BEGIN|[263]|insrncBnftInstance|Insurance_Benefit__c|true|false
07:02:52.0 (46673930)|VARIABLE_ASSIGNMENT|[263]|insrncBnftInstance|{"Id":"a1H29000000pRTUEA2","Name":"Insurance Benefit 75 (2 more) ...","RecordTypeId":"012j00000015GS6AAM","Patient_Insurance__c":"a1b29000000lvHQAAY","PHP_Admit_Co_Payment (3 more) ...":0.00,"Deductible__c":5000.00,"Deductible_Met__c":0.00,"Max_Out_of_Pocket_Re (10 more) ...":10000.00,"Insurance_Company_is (18 more) ...":false,"Annual_Max_Remaining (3 more) ...":1000000,"Deductible_Remaining (3 more) ...":5000.00,"Detox_Pays_at__c":80.00,"RTC_Pays_at__c":80.00,"PHP_Pays_at__c":80.00,"IOP_Pays_at__c":80.00,"Uncovered_Days_Rate_ (2 more) ...":630.00,"Room_and_Board_Days_ (7 more) ...":2000.00,"Deductible_Included_ (9 more) ...":"Yes","Lifetime_Max__c":1000000.00,"Lifetime_Max_Met__c":0.00,"Annual_Max__c":1000000.00,"Annual_Max_Met__c":0.00,"Max_Out_of_Pocket__c":10000.00,"Max_Out_of_Pocket_Me (4 more) ...":0.00,"RecordType":{"Name":"In Network","Id":"012j00000015GS6AAM"},"Patient_Insurance__r":{"Opportunity__c":"00629000004NTeZAAW","Accreditation__c":"State","Insurance_Company__c":"0012900000AXSP3AAP","Id":"a1b29000000lvHQAAY","Insurance_Company__r":{"Name":"Value Options/Beacon (7 more) ...","Id":"0012900000AXSP3AAP","RecordTypeId":"012j00000015GRqAAM"}}}|0x30ed9fc1
07:02:52.0 (46692027)|STATEMENT_EXECUTE|[263]
07:02:52.0 (46693602)|STATEMENT_EXECUTE|[264]
07:02:52.0 (46728269)|HEAP_ALLOCATE|[264]|Bytes:18
07:02:52.0 (46774031)|HEAP_ALLOCATE|[264]|Bytes:3
07:02:52.0 (46790832)|HEAP_ALLOCATE|[264]|Bytes:35
07:02:52.0 (46837400)|HEAP_ALLOCATE|[EXTERNAL]|Bytes:4
07:02:52.0 (46851584)|HEAP_ALLOCATE|[263]|Bytes:5
07:02:52.0 (46861078)|HEAP_ALLOCATE|[263]|Bytes:108
07:02:52.0 (46866548)|VARIABLE_SCOPE_BEGIN|[263]|insrncBnftInstance|Insurance_Benefit__c|true|false
07:02:52.0 (46898817)|VARIABLE_ASSIGNMENT|[263]|insrncBnftInstance|{"Id":"a1H29000000pRTZEA2","Name":"Insurance Benefit 75 (2 more) ...","RecordTypeId":"012j00000015GS7AAM","Patient_Insurance__c":"a1b29000000lvHQAAY","PHP_Admit_Co_Payment (3 more) ...":0.00,"Deductible__c":10000.00,"Deductible_Met__c":0.00,"Max_Out_of_Pocket_Re (10 more) ...":20000.00,"Insurance_Company_is (18 more) ...":false,"Annual_Max_Remaining (3 more) ...":1000000,"Deductible_Remaining (3 more) ...":10000.00,"Detox_Pays_at__c":60.00,"RTC_Pays_at__c":60.00,"PHP_Pays_at__c":60.00,"IOP_Pays_at__c":60.00,"Uncovered_Days_Rate_ (2 more) ...":630.00,"Room_and_Board_Days_ (7 more) ...":2000.00,"Deductible_Included_ (9 more) ...":"Yes","Lifetime_Max__c":1000000.00,"Lifetime_Max_Met__c":0.00,"Annual_Max__c":1000000.00,"Annual_Max_Met__c":0.00,"Max_Out_of_Pocket__c":20000.00,"Max_Out_of_Pocket_Me (4 more) ...":0.00,"RecordType":{"Name":"Out of Network","Id":"012j00000015GS7AAM"},"Patient_Insurance__r":{"Opportunity__c":"00629000004NTeZAAW","Accreditation__c":"State","Insurance_Company__c":"0012900000AXSP3AAP","Id":"a1b29000000lvHQAAY","Insurance_Company__r":{"Name":"Value Options/Beacon (7 more) ...","Id":"0012900000AXSP3AAP","RecordTypeId":"012j00000015GRqAAM"}}}|0x4a0feb86
07:02:52.0 (46916167)|STATEMENT_EXECUTE|[263]
07:02:52.0 (46917371)|STATEMENT_EXECUTE|[264]
07:02:52.0 (46929099)|HEAP_ALLOCATE|[264]|Bytes:18
07:02:52.0 (46946223)|HEAP_ALLOCATE|[264]|Bytes:39
07:02:52.0 (46956988)|HEAP_ALLOCATE|[EXTERNAL]|Bytes:4
07:02:52.0 (46966283)|HEAP_ALLOCATE|[263]|Bytes:5
07:02:52.0 (46975333)|VARIABLE_ASSIGNMENT|[263]|insrncBnftInstance|null|
07:02:52.0 (47052730)|VARIABLE_ASSIGNMENT|[EXTERNAL]|this|{"cmpnyRateAdjstmntMap":"0x348641ab","estmtCnrgDaysMap":"0x592be1b3","estmtCvrgeDaysObj":"0x4c687f58","faciltyOptions":"0x5596d534","fcltyPrgmMap":"0x539b5d34","fcltyPrgrmOptions":"0x55bb088d","idToOwnershipFacilit (4 more) ...":"0x5aa62fdd","idToTypeFacilityMap":"0x39fa7ec8","insrncBnftMap":"0x76916b4","insrncBnftOptions":"0x3d737fd3","isIop":false,"isTalbott":false,"meta":"0x56407767","oppId":"00629000004NTeZ","pawObj":"0x3c264f59","ptntInsrnceOptions":"0x3296ef5","ptntInsrncMap":"0x258204a4","ptntInsrncObj":"0x3e10e85f","quoteObj":"0x702cb43c","recordId":"00629000004NTeZ","rtAdjstmntOptions":"0x7e7e61e7","showPILookup":false,"sObjectQueryStr":"","wrprObj":"0xe598c65"}|0x81de470
07:02:52.0 (47119324)|VARIABLE_ASSIGNMENT|[EXTERNAL]|this|{"facilitySelected":"001j000000NqKMtAAN","fcltyPrgrmSelected":"a1B290000003SEdEAM","insrncBnft":"0x4fd7912b","insrncBnftSelected":"a1H29000000pRTUEA2","pawDetailListDisplay (4 more) ...":false,"pyAgrmntWrksht":"0x907e8da","rateAdjstmntSelected":"a1I29000000HR5FEAW","relatedPAWDetailsLis (1 more) ...":"0x1944dc02","targetEDR":0.00,"totalAppliedDeductib (2 more) ...":0.00,"totalCoInsurance":0.00,"totalCoPayAmt":0.00,"totalInsCoResp":0.00,"totalInsEIVAmt":0.00,"totalRowCount":20,"totalTalbottDay":0}|0xe598c65
07:02:52.0 (47178548)|VARIABLE_ASSIGNMENT|[EXTERNAL]|this|{"cmpnyRateAdjstmntMap":"0x348641ab","estmtCnrgDaysMap":"0x592be1b3","estmtCvrgeDaysObj":"0x4c687f58","faciltyOptions":"0x5596d534","fcltyPrgmMap":"0x539b5d34","fcltyPrgrmOptions":"0x55bb088d","idToOwnershipFacilit (4 more) ...":"0x5aa62fdd","idToTypeFacilityMap":"0x39fa7ec8","insrncBnftMap":"0x76916b4","insrncBnftOptions":"0x3d737fd3","isIop":false,"isTalbott":false,"meta":"0x56407767","oppId":"00629000004NTeZ","pawObj":"0x3c264f59","ptntInsrnceOptions":"0x3296ef5","ptntInsrncMap":"0x258204a4","ptntInsrncObj":"0x3e10e85f","quoteObj":"0x702cb43c","recordId":"00629000004NTeZ","rtAdjstmntOptions":"0x7e7e61e7","showPILookup":false,"sObjectQueryStr":"","wrprObj":"0xe598c65"}|0x81de470
07:02:52.0 (47223979)|VARIABLE_ASSIGNMENT|[EXTERNAL]|this|{"facilitySelected":"001j000000NqKMtAAN","fcltyPrgrmSelected":"a1B290000003SEdEAM","insrncBnft":"0x4fd7912b","insrncBnftSelected":"a1H29000000pRTUEA2","pawDetailListDisplay (4 more) ...":false,"pyAgrmntWrksht":"0x907e8da","rateAdjstmntSelected":"a1I29000000HR5FEAW","relatedPAWDetailsLis (1 more) ...":"0x1944dc02","targetEDR":0.00,"totalAppliedDeductib (2 more) ...":0.00,"totalCoInsurance":0.00,"totalCoPayAmt":0.00,"totalInsCoResp":0.00,"totalInsEIVAmt":0.00,"totalRowCount":20,"totalTalbottDay":0}|0xe598c65
07:02:52.0 (47254725)|STATEMENT_EXECUTE|[267]
07:02:52.0 (47256178)|STATEMENT_EXECUTE|[268]
07:02:52.0 (47313276)|VARIABLE_ASSIGNMENT|[EXTERNAL]|this|{"cmpnyRateAdjstmntMap":"0x348641ab","estmtCnrgDaysMap":"0x592be1b3","estmtCvrgeDaysObj":"0x4c687f58","faciltyOptions":"0x5596d534","fcltyPrgmMap":"0x539b5d34","fcltyPrgrmOptions":"0x55bb088d","idToOwnershipFacilit (4 more) ...":"0x5aa62fdd","idToTypeFacilityMap":"0x39fa7ec8","insrncBnftMap":"0x76916b4","insrncBnftOptions":"0x3d737fd3","isIop":false,"isTalbott":false,"meta":"0x56407767","oppId":"00629000004NTeZ","pawObj":"0x3c264f59","ptntInsrnceOptions":"0x3296ef5","ptntInsrncMap":"0x258204a4","ptntInsrncObj":"0x3e10e85f","quoteObj":"0x702cb43c","recordId":"00629000004NTeZ","rtAdjstmntOptions":"0x7e7e61e7","showPILookup":false,"sObjectQueryStr":"","wrprObj":"0xe598c65"}|0x81de470
07:02:52.0 (47362348)|VARIABLE_ASSIGNMENT|[EXTERNAL]|this|{"facilitySelected":"001j000000NqKMtAAN","fcltyPrgrmSelected":"a1B290000003SEdEAM","insrncBnft":"0x4fd7912b","insrncBnftSelected":"a1H29000000pRTUEA2","pawDetailListDisplay (4 more) ...":false,"pyAgrmntWrksht":"0x907e8da","rateAdjstmntSelected":"a1I29000000HR5FEAW","relatedPAWDetailsLis (1 more) ...":"0x1944dc02","targetEDR":0.00,"totalAppliedDeductib (2 more) ...":0.00,"totalCoInsurance":0.00,"totalCoPayAmt":0.00,"totalInsCoResp":0.00,"totalInsEIVAmt":0.00,"totalRowCount":20,"totalTalbottDay":0}|0xe598c65
07:02:52.0 (47444369)|VARIABLE_ASSIGNMENT|[EXTERNAL]|this|{"cmpnyRateAdjstmntMap":"0x348641ab","estmtCnrgDaysMap":"0x592be1b3","estmtCvrgeDaysObj":"0x4c687f58","faciltyOptions":"0x5596d534","fcltyPrgmMap":"0x539b5d34","fcltyPrgrmOptions":"0x55bb088d","idToOwnershipFacilit (4 more) ...":"0x5aa62fdd","idToTypeFacilityMap":"0x39fa7ec8","insrncBnftMap":"0x76916b4","insrncBnftOptions":"0x3d737fd3","isIop":false,"isTalbott":false,"meta":"0x56407767","oppId":"00629000004NTeZ","pawObj":"0x3c264f59","ptntInsrnceOptions":"0x3296ef5","ptntInsrncMap":"0x258204a4","ptntInsrncObj":"0x3e10e85f","quoteObj":"0x702cb43c","recordId":"00629000004NTeZ","rtAdjstmntOptions":"0x7e7e61e7","showPILookup":false,"sObjectQueryStr":"","wrprObj":"0xe598c65"}|0x81de470
07:02:52.0 (47490917)|VARIABLE_ASSIGNMENT|[EXTERNAL]|this|{"facilitySelected":"001j000000NqKMtAAN","fcltyPrgrmSelected":"a1B290000003SEdEAM","insrncBnft":"0x4fd7912b","insrncBnftSelected":"a1H29000000pRTUEA2","pawDetailListDisplay (4 more) ...":false,"pyAgrmntWrksht":"0x907e8da","rateAdjstmntSelected":"a1I29000000HR5FEAW","relatedPAWDetailsLis (1 more) ...":"0x1944dc02","targetEDR":0.00,"totalAppliedDeductib (2 more) ...":0.00,"totalCoInsurance":0.00,"totalCoPayAmt":0.00,"totalInsCoResp":0.00,"totalInsEIVAmt":0.00,"totalRowCount":20,"totalTalbottDay":0}|0xe598c65
07:02:52.0 (47525628)|VARIABLE_ASSIGNMENT|[EXTERNAL]|value|{"Id":"a1H29000000pRTUEA2","Name":"Insurance Benefit 75 (2 more) ...","RecordTypeId":"012j00000015GS6AAM","Patient_Insurance__c":"a1b29000000lvHQAAY","PHP_Admit_Co_Payment (3 more) ...":0.00,"Deductible__c":5000.00,"Deductible_Met__c":0.00,"Max_Out_of_Pocket_Re (10 more) ...":10000.00,"Insurance_Company_is (18 more) ...":false,"Annual_Max_Remaining (3 more) ...":1000000,"Deductible_Remaining (3 more) ...":5000.00,"Detox_Pays_at__c":80.00,"RTC_Pays_at__c":80.00,"PHP_Pays_at__c":80.00,"IOP_Pays_at__c":80.00,"Uncovered_Days_Rate_ (2 more) ...":630.00,"Room_and_Board_Days_ (7 more) ...":2000.00,"Deductible_Included_ (9 more) ...":"Yes","Lifetime_Max__c":1000000.00,"Lifetime_Max_Met__c":0.00,"Annual_Max__c":1000000.00,"Annual_Max_Met__c":0.00,"Max_Out_of_Pocket__c":10000.00,"Max_Out_of_Pocket_Me (4 more) ...":0.00,"RecordType":{"Name":"In Network","Id":"012j00000015GS6AAM"},"Patient_Insurance__r":{"Opportunity__c":"00629000004NTeZAAW","Accreditation__c":"State","Insurance_Company__c":"0012900000AXSP3AAP","Id":"a1b29000000lvHQAAY","Insurance_Company__r":{"Name":"Value Options/Beacon (7 more) ...","Id":"0012900000AXSP3AAP","RecordTypeId":"012j00000015GRqAAM"}}}|0x30ed9fc1
07:02:52.0 (47565403)|VARIABLE_ASSIGNMENT|[524]|this.insrncBnft|{"Id":"a1H29000000pRTUEA2","Name":"Insurance Benefit 75 (2 more) ...","RecordTypeId":"012j00000015GS6AAM","Patient_Insurance__c":"a1b29000000lvHQAAY","PHP_Admit_Co_Payment (3 more) ...":0.00,"Deductible__c":5000.00,"Deductible_Met__c":0.00,"Max_Out_of_Pocket_Re (10 more) ...":10000.00,"Insurance_Company_is (18 more) ...":false,"Annual_Max_Remaining (3 more) ...":1000000,"Deductible_Remaining (3 more) ...":5000.00,"Detox_Pays_at__c":80.00,"RTC_Pays_at__c":80.00,"PHP_Pays_at__c":80.00,"IOP_Pays_at__c":80.00,"Uncovered_Days_Rate_ (2 more) ...":630.00,"Room_and_Board_Days_ (7 more) ...":2000.00,"Deductible_Included_ (9 more) ...":"Yes","Lifetime_Max__c":1000000.00,"Lifetime_Max_Met__c":0.00,"Annual_Max__c":1000000.00,"Annual_Max_Met__c":0.00,"Max_Out_of_Pocket__c":10000.00,"Max_Out_of_Pocket_Me (4 more) ...":0.00,"RecordType":{"Name":"In Network","Id":"012j00000015GS6AAM"},"Patient_Insurance__r":{"Opportunity__c":"00629000004NTeZAAW","Accreditation__c":"State","Insurance_Company__c":"0012900000AXSP3AAP","Id":"a1b29000000lvHQAAY","Insurance_Company__r":{"Name":"Value Options/Beacon (7 more) ...","Id":"0012900000AXSP3AAP","RecordTypeId":"012j00000015GRqAAM"}}}|0xe598c65
07:02:52.0 (47585262)|STATEMENT_EXECUTE|[272]
07:02:52.0 (48082076)|SYSTEM_MODE_ENTER|true
07:02:52.0 (48206340)|SYSTEM_MODE_ENTER|true
07:02:52.0 (48235599)|HEAP_ALLOCATE|[EXTERNAL]|Bytes:112
07:02:52.0 (48242452)|VARIABLE_SCOPE_BEGIN|[379]|this|PAW_New_EditCntrllr|true|false
07:02:52.0 (48308671)|VARIABLE_ASSIGNMENT|[379]|this|{"cmpnyRateAdjstmntMap":"0x348641ab","estmtCnrgDaysMap":"0x592be1b3","estmtCvrgeDaysObj":"0x4c687f58","faciltyOptions":"0x5596d534","fcltyPrgmMap":"0x539b5d34","fcltyPrgrmOptions":"0x55bb088d","idToOwnershipFacilit (4 more) ...":"0x5aa62fdd","idToTypeFacilityMap":"0x39fa7ec8","insrncBnftMap":"0x76916b4","insrncBnftOptions":"0x3d737fd3","isIop":false,"isTalbott":false,"meta":"0x56407767","oppId":"00629000004NTeZ","pawObj":"0x3c264f59","ptntInsrnceOptions":"0x3296ef5","ptntInsrncMap":"0x258204a4","ptntInsrncObj":"0x3e10e85f","quoteObj":"0x702cb43c","recordId":"00629000004NTeZ","rtAdjstmntOptions":"0x7e7e61e7","showPILookup":false,"sObjectQueryStr":"","wrprObj":"0xe598c65"}|0x81de470
07:02:52.0 (48325027)|STATEMENT_EXECUTE|[379]
07:02:52.0 (48326860)|STATEMENT_EXECUTE|[380]
07:02:52.0 (48336899)|HEAP_ALLOCATE|[380]|Bytes:4
07:02:52.0 (48381403)|HEAP_ALLOCATE|[EXTERNAL]|Bytes:4
07:02:52.0 (48391296)|VARIABLE_ASSIGNMENT|[380]|this.rtAdjstmntOptions|[]|0x81de470
07:02:52.0 (48395921)|STATEMENT_EXECUTE|[381]
07:02:52.0 (48401803)|HEAP_ALLOCATE|[381]|Bytes:8
07:02:52.0 (48442577)|HEAP_ALLOCATE|[EXTERNAL]|Bytes:4
07:02:52.0 (48508328)|VARIABLE_ASSIGNMENT|[EXTERNAL]|this|{"cmpnyRateAdjstmntMap":"0x348641ab","estmtCnrgDaysMap":"0x592be1b3","estmtCvrgeDaysObj":"0x4c687f58","faciltyOptions":"0x5596d534","fcltyPrgmMap":"0x539b5d34","fcltyPrgrmOptions":"0x55bb088d","idToOwnershipFacilit (4 more) ...":"0x5aa62fdd","idToTypeFacilityMap":"0x39fa7ec8","insrncBnftMap":"0x76916b4","insrncBnftOptions":"0x3d737fd3","isIop":false,"isTalbott":false,"meta":"0x56407767","oppId":"00629000004NTeZ","pawObj":"0x3c264f59","ptntInsrnceOptions":"0x3296ef5","ptntInsrncMap":"0x258204a4","ptntInsrncObj":"0x3e10e85f","quoteObj":"0x702cb43c","recordId":"00629000004NTeZ","rtAdjstmntOptions":"0x565382a8","showPILookup":false,"sObjectQueryStr":"","wrprObj":"0xe598c65"}|0x81de470
07:02:52.0 (48562937)|VARIABLE_ASSIGNMENT|[EXTERNAL]|this|{"facilitySelected":"001j000000NqKMtAAN","fcltyPrgrmSelected":"a1B290000003SEdEAM","insrncBnft":"0x30ed9fc1","insrncBnftSelected":"a1H29000000pRTUEA2","pawDetailListDisplay (4 more) ...":false,"pyAgrmntWrksht":"0x907e8da","rateAdjstmntSelected":"a1I29000000HR5FEAW","relatedPAWDetailsLis (1 more) ...":"0x1944dc02","targetEDR":0.00,"totalAppliedDeductib (2 more) ...":0.00,"totalCoInsurance":0.00,"totalCoPayAmt":0.00,"totalInsCoResp":0.00,"totalInsEIVAmt":0.00,"totalRowCount":20,"totalTalbottDay":0}|0xe598c65
07:02:52.0 (48619276)|VARIABLE_ASSIGNMENT|[EXTERNAL]|this|{"cmpnyRateAdjstmntMap":"0x348641ab","estmtCnrgDaysMap":"0x592be1b3","estmtCvrgeDaysObj":"0x4c687f58","faciltyOptions":"0x5596d534","fcltyPrgmMap":"0x539b5d34","fcltyPrgrmOptions":"0x55bb088d","idToOwnershipFacilit (4 more) ...":"0x5aa62fdd","idToTypeFacilityMap":"0x39fa7ec8","insrncBnftMap":"0x76916b4","insrncBnftOptions":"0x3d737fd3","isIop":false,"isTalbott":false,"meta":"0x56407767","oppId":"00629000004NTeZ","pawObj":"0x3c264f59","ptntInsrnceOptions":"0x3296ef5","ptntInsrncMap":"0x258204a4","ptntInsrncObj":"0x3e10e85f","quoteObj":"0x702cb43c","recordId":"00629000004NTeZ","rtAdjstmntOptions":"0x565382a8","showPILookup":false,"sObjectQueryStr":"","wrprObj":"0xe598c65"}|0x81de470
07:02:52.0 (48664024)|VARIABLE_ASSIGNMENT|[EXTERNAL]|this|{"facilitySelected":"001j000000NqKMtAAN","fcltyPrgrmSelected":"a1B290000003SEdEAM","insrncBnft":"0x30ed9fc1","insrncBnftSelected":"a1H29000000pRTUEA2","pawDetailListDisplay (4 more) ...":false,"pyAgrmntWrksht":"0x907e8da","rateAdjstmntSelected":"a1I29000000HR5FEAW","relatedPAWDetailsLis (1 more) ...":"0x1944dc02","targetEDR":0.00,"totalAppliedDeductib (2 more) ...":0.00,"totalCoInsurance":0.00,"totalCoPayAmt":0.00,"totalInsCoResp":0.00,"totalInsEIVAmt":0.00,"totalRowCount":20,"totalTalbottDay":0}|0xe598c65
07:02:52.0 (48726458)|VARIABLE_ASSIGNMENT|[EXTERNAL]|this|{"cmpnyRateAdjstmntMap":"0x348641ab","estmtCnrgDaysMap":"0x592be1b3","estmtCvrgeDaysObj":"0x4c687f58","faciltyOptions":"0x5596d534","fcltyPrgmMap":"0x539b5d34","fcltyPrgrmOptions":"0x55bb088d","idToOwnershipFacilit (4 more) ...":"0x5aa62fdd","idToTypeFacilityMap":"0x39fa7ec8","insrncBnftMap":"0x76916b4","insrncBnftOptions":"0x3d737fd3","isIop":false,"isTalbott":false,"meta":"0x56407767","oppId":"00629000004NTeZ","pawObj":"0x3c264f59","ptntInsrnceOptions":"0x3296ef5","ptntInsrncMap":"0x258204a4","ptntInsrncObj":"0x3e10e85f","quoteObj":"0x702cb43c","recordId":"00629000004NTeZ","rtAdjstmntOptions":"0x565382a8","showPILookup":false,"sObjectQueryStr":"","wrprObj":"0xe598c65"}|0x81de470
07:02:52.0 (48741392)|STATEMENT_EXECUTE|[382]
07:02:52.0 (48742744)|STATEMENT_EXECUTE|[383]
07:02:52.0 (48768781)|HEAP_ALLOCATE|[383]|Bytes:4
07:02:52.0 (48774402)|HEAP_ALLOCATE|[383]|Bytes:287
07:02:52.0 (48783740)|HEAP_ALLOCATE|[383]|Bytes:4
07:02:52.0 (48842205)|VARIABLE_ASSIGNMENT|[EXTERNAL]|this|{"cmpnyRateAdjstmntMap":"0x348641ab","estmtCnrgDaysMap":"0x592be1b3","estmtCvrgeDaysObj":"0x4c687f58","faciltyOptions":"0x5596d534","fcltyPrgmMap":"0x539b5d34","fcltyPrgrmOptions":"0x55bb088d","idToOwnershipFacilit (4 more) ...":"0x5aa62fdd","idToTypeFacilityMap":"0x39fa7ec8","insrncBnftMap":"0x76916b4","insrncBnftOptions":"0x3d737fd3","isIop":false,"isTalbott":false,"meta":"0x56407767","oppId":"00629000004NTeZ","pawObj":"0x3c264f59","ptntInsrnceOptions":"0x3296ef5","ptntInsrncMap":"0x258204a4","ptntInsrncObj":"0x3e10e85f","quoteObj":"0x702cb43c","recordId":"00629000004NTeZ","rtAdjstmntOptions":"0x565382a8","showPILookup":false,"sObjectQueryStr":"","wrprObj":"0xe598c65"}|0x81de470
07:02:52.0 (48885127)|HEAP_ALLOCATE|[383]|Bytes:7
07:02:52.0 (48940680)|VARIABLE_ASSIGNMENT|[EXTERNAL]|this|{"cmpnyRateAdjstmntMap":"0x348641ab","estmtCnrgDaysMap":"0x592be1b3","estmtCvrgeDaysObj":"0x4c687f58","faciltyOptions":"0x5596d534","fcltyPrgmMap":"0x539b5d34","fcltyPrgrmOptions":"0x55bb088d","idToOwnershipFacilit (4 more) ...":"0x5aa62fdd","idToTypeFacilityMap":"0x39fa7ec8","insrncBnftMap":"0x76916b4","insrncBnftOptions":"0x3d737fd3","isIop":false,"isTalbott":false,"meta":"0x56407767","oppId":"00629000004NTeZ","pawObj":"0x3c264f59","ptntInsrnceOptions":"0x3296ef5","ptntInsrncMap":"0x258204a4","ptntInsrncObj":"0x3e10e85f","quoteObj":"0x702cb43c","recordId":"00629000004NTeZ","rtAdjstmntOptions":"0x565382a8","showPILookup":false,"sObjectQueryStr":"","wrprObj":"0xe598c65"}|0x81de470
07:02:52.0 (48988066)|VARIABLE_ASSIGNMENT|[EXTERNAL]|this|{"facilitySelected":"001j000000NqKMtAAN","fcltyPrgrmSelected":"a1B290000003SEdEAM","insrncBnft":"0x30ed9fc1","insrncBnftSelected":"a1H29000000pRTUEA2","pawDetailListDisplay (4 more) ...":false,"pyAgrmntWrksht":"0x907e8da","rateAdjstmntSelected":"a1I29000000HR5FEAW","relatedPAWDetailsLis (1 more) ...":"0x1944dc02","targetEDR":0.00,"totalAppliedDeductib (2 more) ...":0.00,"totalCoInsurance":0.00,"totalCoPayAmt":0.00,"totalInsCoResp":0.00,"totalInsEIVAmt":0.00,"totalRowCount":20,"totalTalbottDay":0}|0xe598c65
07:02:52.0 (49389631)|SOQL_EXECUTE_BEGIN|[383]|Aggregations:0|SELECT Id, Name, Type__c, Rate_Adjustment__c, In_Network_Rate_Adjustment__c, Out_of_Network_Rate_Adjustment__c, Active_Date__c, Term_Date__c FROM Insurance_Company_Rate_Adjustment__c WHERE (Insurance_Company__c = :tmpVar1 AND FRN_Facility__c = :tmpVar2) ORDER BY Type__c DESC NULLS FIRST
07:02:52.0 (54404887)|SOQL_EXECUTE_END|[383]|Rows:2
07:02:52.0 (54423469)|HEAP_ALLOCATE|[383]|Bytes:12
07:02:52.0 (54439794)|HEAP_ALLOCATE|[383]|Bytes:319
07:02:52.0 (54479018)|HEAP_ALLOCATE|[383]|Bytes:12
07:02:52.0 (54503521)|HEAP_ALLOCATE|[383]|Bytes:24
07:02:52.0 (54513132)|HEAP_ALLOCATE|[383]|Bytes:4
07:02:52.0 (54517379)|HEAP_ALLOCATE|[383]|Bytes:24
07:02:52.0 (54521744)|HEAP_ALLOCATE|[383]|Bytes:4
07:02:52.0 (54568049)|VARIABLE_ASSIGNMENT|[383]|this.cmpnyRateAdjstmntMap|{"a1I29000000HR5FEAW":{"Id":"a1I29000000HR5FEAW","Name":"Ins Co Rate Adjstmt  (5 more) ...","Type__c":"Contracted","Rate_Adjustment__c":3.00,"Active_Date__c":"2017-02-24T00:00:00.000Z"},"a1I29000000HR5EEAW":{"Id":"a1I29000000HR5EEAW","Name":"Ins Co Rate Adjstmt  (5 more) ...","Type__c":"OON","Rate_Adjustment__c":15.00,"Active_Date__c":"2017-02-24T00:00:00.000Z"}}|0x81de470
07:02:52.0 (54601651)|HEAP_ALLOCATE|[EXTERNAL]|Bytes:12
07:02:52.0 (54612079)|HEAP_ALLOCATE|[395]|Bytes:329
07:02:52.0 (54693167)|HEAP_ALLOCATE|[395]|Bytes:5
07:02:52.0 (54704936)|HEAP_ALLOCATE|[395]|Bytes:24
07:02:52.0 (54711679)|VARIABLE_SCOPE_BEGIN|[395]|rateAdjstmntInstance|Insurance_Company_Rate_Adjustment__c|true|false
07:02:52.0 (54732253)|VARIABLE_ASSIGNMENT|[395]|rateAdjstmntInstance|{"Id":"a1I29000000HR5FEAW","Name":"Ins Co Rate Adjstmt  (5 more) ...","Type__c":"Contracted","Rate_Adjustment__c":3.00,"Active_Date__c":"2017-02-24T00:00:00.000Z"}|0x3f1c8189
07:02:52.0 (54739437)|STATEMENT_EXECUTE|[395]
07:02:52.0 (54773209)|METHOD_ENTRY|[396]|01p0a000004sKzV|PAW_New_EditCntrllr.checkIfActive(Insurance_Company_Rate_Adjustment__c)
07:02:52.0 (54789064)|VARIABLE_SCOPE_BEGIN|[495]|this|PAW_New_EditCntrllr|true|false
07:02:52.0 (54851222)|VARIABLE_ASSIGNMENT|[495]|this|{"cmpnyRateAdjstmntMap":"0xacae89b","estmtCnrgDaysMap":"0x592be1b3","estmtCvrgeDaysObj":"0x4c687f58","faciltyOptions":"0x5596d534","fcltyPrgmMap":"0x539b5d34","fcltyPrgrmOptions":"0x55bb088d","idToOwnershipFacilit (4 more) ...":"0x5aa62fdd","idToTypeFacilityMap":"0x39fa7ec8","insrncBnftMap":"0x76916b4","insrncBnftOptions":"0x3d737fd3","isIop":false,"isTalbott":false,"meta":"0x56407767","oppId":"00629000004NTeZ","pawObj":"0x3c264f59","ptntInsrnceOptions":"0x3296ef5","ptntInsrncMap":"0x258204a4","ptntInsrncObj":"0x3e10e85f","quoteObj":"0x702cb43c","recordId":"00629000004NTeZ","rtAdjstmntOptions":"0x565382a8","showPILookup":false,"sObjectQueryStr":"","wrprObj":"0xe598c65"}|0x81de470
07:02:52.0 (54864072)|VARIABLE_SCOPE_BEGIN|[495]|pInsRateAdjustmentOnj|Insurance_Company_Rate_Adjustment__c|true|false
07:02:52.0 (54878468)|VARIABLE_ASSIGNMENT|[495]|pInsRateAdjustmentOnj|{"Id":"a1I29000000HR5FEAW","Name":"Ins Co Rate Adjstmt  (5 more) ...","Type__c":"Contracted","Rate_Adjustment__c":3.00,"Active_Date__c":"2017-02-24T00:00:00.000Z"}|0x3f1c8189
07:02:52.0 (54886077)|STATEMENT_EXECUTE|[495]
07:02:52.0 (54887383)|STATEMENT_EXECUTE|[496]
07:02:52.0 (54916667)|HEAP_ALLOCATE|[496]|Bytes:4
07:02:52.0 (54932926)|VARIABLE_SCOPE_BEGIN|[496]|todayDate|Date|false|false
07:02:52.0 (54945950)|VARIABLE_ASSIGNMENT|[496]|todayDate|"2018-01-17T00:00:00.000Z"
07:02:52.0 (54965700)|STATEMENT_EXECUTE|[497]
07:02:52.0 (54966770)|STATEMENT_EXECUTE|[498]
07:02:52.0 (54972455)|VARIABLE_SCOPE_BEGIN|[498]|endDate|Date|false|false
07:02:52.0 (54983438)|VARIABLE_ASSIGNMENT|[498]|endDate|"2018-01-17T00:00:00.000Z"
07:02:52.0 (55031937)|STATEMENT_EXECUTE|[499]
07:02:52.0 (55033683)|STATEMENT_EXECUTE|[500]
07:02:52.0 (55037974)|METHOD_EXIT|[396]|01p0a000004sKzV|PAW_New_EditCntrllr.checkIfActive(Insurance_Company_Rate_Adjustment__c)
07:02:52.0 (55043617)|STATEMENT_EXECUTE|[397]
07:02:52.0 (55062894)|HEAP_ALLOCATE|[397]|Bytes:18
07:02:52.0 (55101482)|HEAP_ALLOCATE|[EXTERNAL]|Bytes:4
07:02:52.0 (55115166)|HEAP_ALLOCATE|[395]|Bytes:5
07:02:52.0 (55125484)|HEAP_ALLOCATE|[395]|Bytes:24
07:02:52.0 (55131670)|VARIABLE_SCOPE_BEGIN|[395]|rateAdjstmntInstance|Insurance_Company_Rate_Adjustment__c|true|false
07:02:52.0 (55150080)|VARIABLE_ASSIGNMENT|[395]|rateAdjstmntInstance|{"Id":"a1I29000000HR5EEAW","Name":"Ins Co Rate Adjstmt  (5 more) ...","Type__c":"OON","Rate_Adjustment__c":15.00,"Active_Date__c":"2017-02-24T00:00:00.000Z"}|0xf407b70
07:02:52.0 (55156184)|STATEMENT_EXECUTE|[395]
07:02:52.0 (55166562)|METHOD_ENTRY|[396]|01p0a000004sKzV|PAW_New_EditCntrllr.checkIfActive(Insurance_Company_Rate_Adjustment__c)
07:02:52.0 (55171651)|VARIABLE_SCOPE_BEGIN|[495]|this|PAW_New_EditCntrllr|true|false
07:02:52.0 (55227138)|VARIABLE_ASSIGNMENT|[495]|this|{"cmpnyRateAdjstmntMap":"0xacae89b","estmtCnrgDaysMap":"0x592be1b3","estmtCvrgeDaysObj":"0x4c687f58","faciltyOptions":"0x5596d534","fcltyPrgmMap":"0x539b5d34","fcltyPrgrmOptions":"0x55bb088d","idToOwnershipFacilit (4 more) ...":"0x5aa62fdd","idToTypeFacilityMap":"0x39fa7ec8","insrncBnftMap":"0x76916b4","insrncBnftOptions":"0x3d737fd3","isIop":false,"isTalbott":false,"meta":"0x56407767","oppId":"00629000004NTeZ","pawObj":"0x3c264f59","ptntInsrnceOptions":"0x3296ef5","ptntInsrncMap":"0x258204a4","ptntInsrncObj":"0x3e10e85f","quoteObj":"0x702cb43c","recordId":"00629000004NTeZ","rtAdjstmntOptions":"0x565382a8","showPILookup":false,"sObjectQueryStr":"","wrprObj":"0xe598c65"}|0x81de470
07:02:52.0 (55239800)|VARIABLE_SCOPE_BEGIN|[495]|pInsRateAdjustmentOnj|Insurance_Company_Rate_Adjustment__c|true|false
07:02:52.0 (55252531)|VARIABLE_ASSIGNMENT|[495]|pInsRateAdjustmentOnj|{"Id":"a1I29000000HR5EEAW","Name":"Ins Co Rate Adjstmt  (5 more) ...","Type__c":"OON","Rate_Adjustment__c":15.00,"Active_Date__c":"2017-02-24T00:00:00.000Z"}|0xf407b70
07:02:52.0 (55258730)|STATEMENT_EXECUTE|[495]
07:02:52.0 (55264762)|STATEMENT_EXECUTE|[496]
07:02:52.0 (55275333)|HEAP_ALLOCATE|[496]|Bytes:4
07:02:52.0 (55287038)|VARIABLE_SCOPE_BEGIN|[496]|todayDate|Date|false|false
07:02:52.0 (55298506)|VARIABLE_ASSIGNMENT|[496]|todayDate|"2018-01-17T00:00:00.000Z"
07:02:52.0 (55308377)|STATEMENT_EXECUTE|[497]
07:02:52.0 (55309599)|STATEMENT_EXECUTE|[498]
07:02:52.0 (55314322)|VARIABLE_SCOPE_BEGIN|[498]|endDate|Date|false|false
07:02:52.0 (55324143)|VARIABLE_ASSIGNMENT|[498]|endDate|"2018-01-17T00:00:00.000Z"
07:02:52.0 (55343200)|STATEMENT_EXECUTE|[499]
07:02:52.0 (55344288)|STATEMENT_EXECUTE|[500]
07:02:52.0 (55347794)|METHOD_EXIT|[396]|01p0a000004sKzV|PAW_New_EditCntrllr.checkIfActive(Insurance_Company_Rate_Adjustment__c)
07:02:52.0 (55352488)|STATEMENT_EXECUTE|[397]
07:02:52.0 (55359902)|HEAP_ALLOCATE|[397]|Bytes:18
07:02:52.0 (55372588)|HEAP_ALLOCATE|[EXTERNAL]|Bytes:4
07:02:52.0 (55383122)|HEAP_ALLOCATE|[395]|Bytes:5
07:02:52.0 (55391658)|VARIABLE_ASSIGNMENT|[395]|rateAdjstmntInstance|null|
07:02:52.0 (55395584)|STATEMENT_EXECUTE|[400]
07:02:52.0 (55858621)|SYSTEM_MODE_ENTER|true
07:02:52.61 (61401405)|SYSTEM_MODE_ENTER|true
07:02:52.61 (61457508)|HEAP_ALLOCATE|[EXTERNAL]|Bytes:8
07:02:52.61 (61465883)|VARIABLE_SCOPE_BEGIN|[88]|this|ApexPage.PageMessagesComponentController|true|false
07:02:52.61 (61488953)|VARIABLE_ASSIGNMENT|[88]|this|{}|0x2f847c87
07:02:52.61 (61494817)|VARIABLE_SCOPE_BEGIN|[88]|escape|Boolean|false|false
07:02:52.61 (61500877)|VARIABLE_ASSIGNMENT|[88]|escape|null
07:02:52.0 (61927340)|HEAP_ALLOCATE|[EXTERNAL]|Bytes:18
07:02:52.0 (61934227)|HEAP_ALLOCATE|[EXTERNAL]|Bytes:84
07:02:52.0 (61943813)|VARIABLE_ASSIGNMENT|[EXTERNAL]|this.insrncBnftSelected|"a1H29000000pRTUEA2"|0xe598c65
07:02:52.0 (62006941)|HEAP_ALLOCATE|[EXTERNAL]|Bytes:18
07:02:52.0 (62011605)|HEAP_ALLOCATE|[EXTERNAL]|Bytes:84
07:02:52.0 (62017730)|VARIABLE_ASSIGNMENT|[EXTERNAL]|this.facilitySelected|"001j000000NqKMtAAN"|0xe598c65
07:02:52.0 (62058511)|HEAP_ALLOCATE|[EXTERNAL]|Bytes:18
07:02:52.0 (62062533)|HEAP_ALLOCATE|[EXTERNAL]|Bytes:84
07:02:52.0 (62068703)|VARIABLE_ASSIGNMENT|[EXTERNAL]|this.rateAdjstmntSelected|"a1I29000000HR5FEAW"|0xe598c65
07:02:52.0 (62108036)|HEAP_ALLOCATE|[EXTERNAL]|Bytes:18
07:02:52.0 (62111547)|HEAP_ALLOCATE|[EXTERNAL]|Bytes:84
07:02:52.0 (62116474)|VARIABLE_ASSIGNMENT|[EXTERNAL]|this.fcltyPrgrmSelected|"a1B290000003SEdEAM"|0xe598c65
07:02:52.0 (66952695)|HEAP_ALLOCATE|[EXTERNAL]|Bytes:112
07:02:52.0 (66963251)|VARIABLE_SCOPE_BEGIN|[468]|this|PAW_New_EditCntrllr|true|false
07:02:52.0 (67028588)|VARIABLE_ASSIGNMENT|[468]|this|{"cmpnyRateAdjstmntMap":"0xacae89b","estmtCnrgDaysMap":"0x592be1b3","estmtCvrgeDaysObj":"0x4c687f58","faciltyOptions":"0x5596d534","fcltyPrgmMap":"0x539b5d34","fcltyPrgrmOptions":"0x55bb088d","idToOwnershipFacilit (4 more) ...":"0x5aa62fdd","idToTypeFacilityMap":"0x39fa7ec8","insrncBnftMap":"0x76916b4","insrncBnftOptions":"0x3d737fd3","isIop":false,"isTalbott":false,"meta":"0x56407767","oppId":"00629000004NTeZ","pawObj":"0x3c264f59","ptntInsrnceOptions":"0x3296ef5","ptntInsrncMap":"0x258204a4","ptntInsrncObj":"0x3e10e85f","quoteObj":"0x702cb43c","recordId":"00629000004NTeZ","rtAdjstmntOptions":"0x565382a8","showPILookup":false,"sObjectQueryStr":"","wrprObj":"0xe598c65"}|0x81de470
07:02:52.0 (67045918)|STATEMENT_EXECUTE|[468]
07:02:52.0 (67047404)|STATEMENT_EXECUTE|[470]
07:02:52.0 (67050373)|HEAP_ALLOCATE|[470]|Bytes:45
07:02:52.0 (67114328)|VARIABLE_ASSIGNMENT|[EXTERNAL]|this|{"cmpnyRateAdjstmntMap":"0xacae89b","estmtCnrgDaysMap":"0x592be1b3","estmtCvrgeDaysObj":"0x4c687f58","faciltyOptions":"0x5596d534","fcltyPrgmMap":"0x539b5d34","fcltyPrgrmOptions":"0x55bb088d","idToOwnershipFacilit (4 more) ...":"0x5aa62fdd","idToTypeFacilityMap":"0x39fa7ec8","insrncBnftMap":"0x76916b4","insrncBnftOptions":"0x3d737fd3","isIop":false,"isTalbott":false,"meta":"0x56407767","oppId":"00629000004NTeZ","pawObj":"0x3c264f59","ptntInsrnceOptions":"0x3296ef5","ptntInsrncMap":"0x258204a4","ptntInsrncObj":"0x3e10e85f","quoteObj":"0x702cb43c","recordId":"00629000004NTeZ","rtAdjstmntOptions":"0x565382a8","showPILookup":false,"sObjectQueryStr":"","wrprObj":"0xe598c65"}|0x81de470
07:02:52.0 (67171357)|VARIABLE_ASSIGNMENT|[EXTERNAL]|this|{"facilitySelected":"001j000000NqKMtAAN","fcltyPrgrmSelected":"a1B290000003SEdEAM","insrncBnft":"0x30ed9fc1","insrncBnftSelected":"a1H29000000pRTUEA2","pawDetailListDisplay (4 more) ...":false,"pyAgrmntWrksht":"0x907e8da","rateAdjstmntSelected":"a1I29000000HR5FEAW","relatedPAWDetailsLis (1 more) ...":"0x1944dc02","targetEDR":0.00,"totalAppliedDeductib (2 more) ...":0.00,"totalCoInsurance":0.00,"totalCoPayAmt":0.00,"totalInsCoResp":0.00,"totalInsEIVAmt":0.00,"totalRowCount":20,"totalTalbottDay":0}|0xe598c65
07:02:52.0 (67209217)|HEAP_ALLOCATE|[470]|Bytes:49
07:02:52.0 (67222136)|USER_DEBUG|[470]|DEBUG|>>> wrprObj  Total_Patient_Contribution__c : null
07:02:52.0 (67229156)|STATEMENT_EXECUTE|[471]
07:02:52.0 (67288951)|VARIABLE_ASSIGNMENT|[EXTERNAL]|this|{"cmpnyRateAdjstmntMap":"0xacae89b","estmtCnrgDaysMap":"0x592be1b3","estmtCvrgeDaysObj":"0x4c687f58","faciltyOptions":"0x5596d534","fcltyPrgmMap":"0x539b5d34","fcltyPrgrmOptions":"0x55bb088d","idToOwnershipFacilit (4 more) ...":"0x5aa62fdd","idToTypeFacilityMap":"0x39fa7ec8","insrncBnftMap":"0x76916b4","insrncBnftOptions":"0x3d737fd3","isIop":false,"isTalbott":false,"meta":"0x56407767","oppId":"00629000004NTeZ","pawObj":"0x3c264f59","ptntInsrnceOptions":"0x3296ef5","ptntInsrncMap":"0x258204a4","ptntInsrncObj":"0x3e10e85f","quoteObj":"0x702cb43c","recordId":"00629000004NTeZ","rtAdjstmntOptions":"0x565382a8","showPILookup":false,"sObjectQueryStr":"","wrprObj":"0xe598c65"}|0x81de470
07:02:52.0 (67353493)|VARIABLE_ASSIGNMENT|[EXTERNAL]|this|{"cmpnyRateAdjstmntMap":"0xacae89b","estmtCnrgDaysMap":"0x592be1b3","estmtCvrgeDaysObj":"0x4c687f58","faciltyOptions":"0x5596d534","fcltyPrgmMap":"0x539b5d34","fcltyPrgrmOptions":"0x55bb088d","idToOwnershipFacilit (4 more) ...":"0x5aa62fdd","idToTypeFacilityMap":"0x39fa7ec8","insrncBnftMap":"0x76916b4","insrncBnftOptions":"0x3d737fd3","isIop":false,"isTalbott":false,"meta":"0x56407767","oppId":"00629000004NTeZ","pawObj":"0x3c264f59","ptntInsrnceOptions":"0x3296ef5","ptntInsrncMap":"0x258204a4","ptntInsrncObj":"0x3e10e85f","quoteObj":"0x702cb43c","recordId":"00629000004NTeZ","rtAdjstmntOptions":"0x565382a8","showPILookup":false,"sObjectQueryStr":"","wrprObj":"0xe598c65"}|0x81de470
07:02:52.0 (67479033)|VARIABLE_SCOPE_BEGIN|[3]|PAWValueCalculationService.pawObj|Pay_Agreement_Worksheet__c|true|true
07:02:52.0 (67486779)|VARIABLE_SCOPE_BEGIN|[2]|PAWValueCalculationService.skipDML|Boolean|false|true
07:02:52.0 (67500355)|HEAP_ALLOCATE|[471]|Bytes:39
07:02:52.0 (67507208)|HEAP_ALLOCATE|[471]|Bytes:11
07:02:52.0 (67536335)|METHOD_ENTRY|[1]|01p0a000004sKzT|PAWValueCalculationService.PAWValueCalculationService()
07:02:52.0 (67541446)|STATEMENT_EXECUTE|[1]
07:02:52.0 (67544456)|STATEMENT_EXECUTE|[1]
07:02:52.0 (67549088)|METHOD_EXIT|[1]|PAWValueCalculationService
07:02:52.0 (67568334)|METHOD_ENTRY|[471]|01p0a000004sKzT|PAWValueCalculationService.commitToDB(PAW_New_EditCntrllr.WraperClass, String, Patient_Insurance__c, String, String)
07:02:52.0 (67575663)|VARIABLE_SCOPE_BEGIN|[369]|pWrprObj|PAW_New_EditCntrllr.WraperClass|true|false
07:02:52.0 (67619582)|VARIABLE_ASSIGNMENT|[369]|pWrprObj|{"facilitySelected":"001j000000NqKMtAAN","fcltyPrgrmSelected":"a1B290000003SEdEAM","insrncBnft":"0x30ed9fc1","insrncBnftSelected":"a1H29000000pRTUEA2","pawDetailListDisplay (4 more) ...":false,"pyAgrmntWrksht":"0x907e8da","rateAdjstmntSelected":"a1I29000000HR5FEAW","relatedPAWDetailsLis (1 more) ...":"0x1944dc02","targetEDR":0.00,"totalAppliedDeductib (2 more) ...":0.00,"totalCoInsurance":0.00,"totalCoPayAmt":0.00,"totalInsCoResp":0.00,"totalInsEIVAmt":0.00,"totalRowCount":20,"totalTalbottDay":0}|0xe598c65
07:02:52.0 (67630366)|VARIABLE_SCOPE_BEGIN|[369]|pOpportunityId|String|false|false
07:02:52.0 (67637135)|VARIABLE_ASSIGNMENT|[369]|pOpportunityId|"00629000004NTeZ"
07:02:52.0 (67641037)|VARIABLE_SCOPE_BEGIN|[369]|pPtntInsrncObj|Patient_Insurance__c|true|false
07:02:52.0 (67651694)|VARIABLE_ASSIGNMENT|[369]|pPtntInsrncObj|{"Id":"a1b29000000lvHQAAY","Name":"Maria Johnson - Valu (23 more) ...","Insurance_Company__c":"0012900000AXSP3AAP"}|0x3e10e85f
07:02:52.0 (67656896)|VARIABLE_SCOPE_BEGIN|[369]|pIsClone|String|false|false
07:02:52.0 (67662361)|VARIABLE_ASSIGNMENT|[369]|pIsClone|null
07:02:52.0 (67665347)|VARIABLE_SCOPE_BEGIN|[369]|pQuoteId|String|false|false
07:02:52.0 (67670014)|VARIABLE_ASSIGNMENT|[369]|pQuoteId|null
07:02:52.0 (67675175)|STATEMENT_EXECUTE|[373]
07:02:52.0 (67676453)|STATEMENT_EXECUTE|[374]
07:02:52.0 (67698861)|HEAP_ALLOCATE|[374]|Bytes:4
07:02:52.0 (67742927)|VARIABLE_SCOPE_BEGIN|[374]|pawDetailList|List<Pay_Agreement_Worksheet_Detail__c>|true|false
07:02:52.0 (67751618)|HEAP_ALLOCATE|[EXTERNAL]|Bytes:4
07:02:52.0 (67759636)|VARIABLE_ASSIGNMENT|[374]|pawDetailList|[]|0x7a63a6e2
07:02:52.0 (67764658)|STATEMENT_EXECUTE|[375]
07:02:52.0 (67782691)|HEAP_ALLOCATE|[375]|Bytes:4
07:02:52.0 (67878406)|VARIABLE_ASSIGNMENT|[375]|PAWValueCalculationService.pawObj|{}|0x25f1f449
07:02:52.0 (67937433)|VARIABLE_ASSIGNMENT|[EXTERNAL]|this|{"facilitySelected":"001j000000NqKMtAAN","fcltyPrgrmSelected":"a1B290000003SEdEAM","insrncBnft":"0x30ed9fc1","insrncBnftSelected":"a1H29000000pRTUEA2","pawDetailListDisplay (4 more) ...":false,"pyAgrmntWrksht":"0x907e8da","rateAdjstmntSelected":"a1I29000000HR5FEAW","relatedPAWDetailsLis (1 more) ...":"0x1944dc02","targetEDR":0.00,"totalAppliedDeductib (2 more) ...":0.00,"totalCoInsurance":0.00,"totalCoPayAmt":0.00,"totalInsCoResp":0.00,"totalInsEIVAmt":0.00,"totalRowCount":20,"totalTalbottDay":0}|0xe598c65
07:02:52.0 (67963658)|STATEMENT_EXECUTE|[377]
07:02:52.0 (67965154)|STATEMENT_EXECUTE|[382]
07:02:52.0 (68004799)|VARIABLE_ASSIGNMENT|[EXTERNAL]|this|{"facilitySelected":"001j000000NqKMtAAN","fcltyPrgrmSelected":"a1B290000003SEdEAM","insrncBnft":"0x30ed9fc1","insrncBnftSelected":"a1H29000000pRTUEA2","pawDetailListDisplay (4 more) ...":false,"pyAgrmntWrksht":"0x907e8da","rateAdjstmntSelected":"a1I29000000HR5FEAW","relatedPAWDetailsLis (1 more) ...":"0x1944dc02","targetEDR":0.00,"totalAppliedDeductib (2 more) ...":0.00,"totalCoInsurance":0.00,"totalCoPayAmt":0.00,"totalInsCoResp":0.00,"totalInsEIVAmt":0.00,"totalRowCount":20,"totalTalbottDay":0}|0xe598c65
07:02:52.0 (68050284)|HEAP_ALLOCATE|[382]|Bytes:28
07:02:52.0 (68064216)|METHOD_ENTRY|[382]|01p0a000004sKzT|PAWValueCalculationService.treatNullAsZero(Decimal)
07:02:52.0 (68070268)|VARIABLE_SCOPE_BEGIN|[610]|pIntgerToTreat|Decimal|false|false
07:02:52.0 (68078309)|VARIABLE_ASSIGNMENT|[610]|pIntgerToTreat|0.00
07:02:52.0 (68083356)|STATEMENT_EXECUTE|[610]
07:02:52.0 (68084683)|STATEMENT_EXECUTE|[611]
07:02:52.0 (68085884)|STATEMENT_EXECUTE|[612]
07:02:52.0 (68089020)|METHOD_EXIT|[382]|01p0a000004sKzT|PAWValueCalculationService.treatNullAsZero(Decimal)
07:02:52.0 (68128172)|VARIABLE_ASSIGNMENT|[EXTERNAL]|this|{"facilitySelected":"001j000000NqKMtAAN","fcltyPrgrmSelected":"a1B290000003SEdEAM","insrncBnft":"0x30ed9fc1","insrncBnftSelected":"a1H29000000pRTUEA2","pawDetailListDisplay (4 more) ...":false,"pyAgrmntWrksht":"0x907e8da","rateAdjstmntSelected":"a1I29000000HR5FEAW","relatedPAWDetailsLis (1 more) ...":"0x1944dc02","targetEDR":0.00,"totalAppliedDeductib (2 more) ...":0.00,"totalCoInsurance":0.00,"totalCoPayAmt":0.00,"totalInsCoResp":0.00,"totalInsEIVAmt":0.00,"totalRowCount":20,"totalTalbottDay":0}|0xe598c65
07:02:52.0 (68183025)|VARIABLE_ASSIGNMENT|[382]|this.Co_Insurance_Amount_Requested__c|0.00|0x907e8da
07:02:52.0 (68188696)|STATEMENT_EXECUTE|[383]
07:02:52.0 (68231420)|VARIABLE_ASSIGNMENT|[EXTERNAL]|this|{"facilitySelected":"001j000000NqKMtAAN","fcltyPrgrmSelected":"a1B290000003SEdEAM","insrncBnft":"0x30ed9fc1","insrncBnftSelected":"a1H29000000pRTUEA2","pawDetailListDisplay (4 more) ...":false,"pyAgrmntWrksht":"0x907e8da","rateAdjstmntSelected":"a1I29000000HR5FEAW","relatedPAWDetailsLis (1 more) ...":"0x1944dc02","targetEDR":0.00,"totalAppliedDeductib (2 more) ...":0.00,"totalCoInsurance":0.00,"totalCoPayAmt":0.00,"totalInsCoResp":0.00,"totalInsEIVAmt":0.00,"totalRowCount":20,"totalTalbottDay":0}|0xe598c65
07:02:52.0 (68263960)|HEAP_ALLOCATE|[383]|Bytes:28
07:02:52.0 (68271144)|METHOD_ENTRY|[383]|01p0a000004sKzT|PAWValueCalculationService.treatNullAsZero(Decimal)
07:02:52.0 (68275633)|VARIABLE_SCOPE_BEGIN|[610]|pIntgerToTreat|Decimal|false|false
07:02:52.0 (68283186)|VARIABLE_ASSIGNMENT|[610]|pIntgerToTreat|0.00
07:02:52.0 (68287498)|STATEMENT_EXECUTE|[610]
07:02:52.0 (68288877)|STATEMENT_EXECUTE|[611]
07:02:52.0 (68289718)|STATEMENT_EXECUTE|[612]
07:02:52.0 (68292123)|METHOD_EXIT|[383]|01p0a000004sKzT|PAWValueCalculationService.treatNullAsZero(Decimal)
07:02:52.0 (68328424)|VARIABLE_ASSIGNMENT|[EXTERNAL]|this|{"facilitySelected":"001j000000NqKMtAAN","fcltyPrgrmSelected":"a1B290000003SEdEAM","insrncBnft":"0x30ed9fc1","insrncBnftSelected":"a1H29000000pRTUEA2","pawDetailListDisplay (4 more) ...":false,"pyAgrmntWrksht":"0x907e8da","rateAdjstmntSelected":"a1I29000000HR5FEAW","relatedPAWDetailsLis (1 more) ...":"0x1944dc02","targetEDR":0.00,"totalAppliedDeductib (2 more) ...":0.00,"totalCoInsurance":0.00,"totalCoPayAmt":0.00,"totalInsCoResp":0.00,"totalInsEIVAmt":0.00,"totalRowCount":20,"totalTalbottDay":0}|0xe598c65
07:02:52.0 (68363773)|VARIABLE_ASSIGNMENT|[383]|this.Deductible_Amount_Requested__c|0.00|0x907e8da
07:02:52.0 (68368829)|STATEMENT_EXECUTE|[384]
07:02:52.0 (68409709)|VARIABLE_ASSIGNMENT|[EXTERNAL]|this|{"facilitySelected":"001j000000NqKMtAAN","fcltyPrgrmSelected":"a1B290000003SEdEAM","insrncBnft":"0x30ed9fc1","insrncBnftSelected":"a1H29000000pRTUEA2","pawDetailListDisplay (4 more) ...":false,"pyAgrmntWrksht":"0x907e8da","rateAdjstmntSelected":"a1I29000000HR5FEAW","relatedPAWDetailsLis (1 more) ...":"0x1944dc02","targetEDR":0.00,"totalAppliedDeductib (2 more) ...":0.00,"totalCoInsurance":0.00,"totalCoPayAmt":0.00,"totalInsCoResp":0.00,"totalInsEIVAmt":0.00,"totalRowCount":20,"totalTalbottDay":0}|0xe598c65
07:02:52.0 (68435279)|HEAP_ALLOCATE|[384]|Bytes:28
07:02:52.0 (68441557)|METHOD_ENTRY|[384]|01p0a000004sKzT|PAWValueCalculationService.treatNullAsZero(Decimal)
07:02:52.0 (68445519)|VARIABLE_SCOPE_BEGIN|[610]|pIntgerToTreat|Decimal|false|false
07:02:52.0 (68452445)|VARIABLE_ASSIGNMENT|[610]|pIntgerToTreat|0.00
07:02:52.0 (68456055)|STATEMENT_EXECUTE|[610]
07:02:52.0 (68457352)|STATEMENT_EXECUTE|[611]
07:02:52.0 (68458156)|STATEMENT_EXECUTE|[612]
07:02:52.0 (68460303)|METHOD_EXIT|[384]|01p0a000004sKzT|PAWValueCalculationService.treatNullAsZero(Decimal)
07:02:52.0 (68495767)|VARIABLE_ASSIGNMENT|[EXTERNAL]|this|{"facilitySelected":"001j000000NqKMtAAN","fcltyPrgrmSelected":"a1B290000003SEdEAM","insrncBnft":"0x30ed9fc1","insrncBnftSelected":"a1H29000000pRTUEA2","pawDetailListDisplay (4 more) ...":false,"pyAgrmntWrksht":"0x907e8da","rateAdjstmntSelected":"a1I29000000HR5FEAW","relatedPAWDetailsLis (1 more) ...":"0x1944dc02","targetEDR":0.00,"totalAppliedDeductib (2 more) ...":0.00,"totalCoInsurance":0.00,"totalCoPayAmt":0.00,"totalInsCoResp":0.00,"totalInsEIVAmt":0.00,"totalRowCount":20,"totalTalbottDay":0}|0xe598c65
07:02:52.0 (68527557)|VARIABLE_ASSIGNMENT|[384]|this.Co_Pay_Amount_Requested__c|0.00|0x907e8da
07:02:52.0 (68571825)|VARIABLE_ASSIGNMENT|[EXTERNAL]|this|{"facilitySelected":"001j000000NqKMtAAN","fcltyPrgrmSelected":"a1B290000003SEdEAM","insrncBnft":"0x30ed9fc1","insrncBnftSelected":"a1H29000000pRTUEA2","pawDetailListDisplay (4 more) ...":false,"pyAgrmntWrksht":"0x907e8da","rateAdjstmntSelected":"a1I29000000HR5FEAW","relatedPAWDetailsLis (1 more) ...":"0x1944dc02","targetEDR":0.00,"totalAppliedDeductib (2 more) ...":0.00,"totalCoInsurance":0.00,"totalCoPayAmt":0.00,"totalInsCoResp":0.00,"totalInsEIVAmt":0.00,"totalRowCount":20,"totalTalbottDay":0}|0xe598c65
07:02:52.0 (68620463)|VARIABLE_ASSIGNMENT|[EXTERNAL]|this|{"facilitySelected":"001j000000NqKMtAAN","fcltyPrgrmSelected":"a1B290000003SEdEAM","insrncBnft":"0x30ed9fc1","insrncBnftSelected":"a1H29000000pRTUEA2","pawDetailListDisplay (4 more) ...":false,"pyAgrmntWrksht":"0x907e8da","rateAdjstmntSelected":"a1I29000000HR5FEAW","relatedPAWDetailsLis (1 more) ...":"0x1944dc02","targetEDR":0.00,"totalAppliedDeductib (2 more) ...":0.00,"totalCoInsurance":0.00,"totalCoPayAmt":0.00,"totalInsCoResp":0.00,"totalInsEIVAmt":0.00,"totalRowCount":20,"totalTalbottDay":0}|0xe598c65
07:02:52.0 (68637244)|HEAP_ALLOCATE|[387]|Bytes:28
07:02:52.0 (68674826)|VARIABLE_ASSIGNMENT|[EXTERNAL]|this|{"facilitySelected":"001j000000NqKMtAAN","fcltyPrgrmSelected":"a1B290000003SEdEAM","insrncBnft":"0x30ed9fc1","insrncBnftSelected":"a1H29000000pRTUEA2","pawDetailListDisplay (4 more) ...":false,"pyAgrmntWrksht":"0x907e8da","rateAdjstmntSelected":"a1I29000000HR5FEAW","relatedPAWDetailsLis (1 more) ...":"0x1944dc02","targetEDR":0.00,"totalAppliedDeductib (2 more) ...":0.00,"totalCoInsurance":0.00,"totalCoPayAmt":0.00,"totalInsCoResp":0.00,"totalInsEIVAmt":0.00,"totalRowCount":20,"totalTalbottDay":0}|0xe598c65
07:02:52.0 (68690386)|HEAP_ALLOCATE|[388]|Bytes:28
07:02:52.0 (68727807)|STATEMENT_EXECUTE|[386]
07:02:52.0 (68767601)|VARIABLE_ASSIGNMENT|[EXTERNAL]|this|{"facilitySelected":"001j000000NqKMtAAN","fcltyPrgrmSelected":"a1B290000003SEdEAM","insrncBnft":"0x30ed9fc1","insrncBnftSelected":"a1H29000000pRTUEA2","pawDetailListDisplay (4 more) ...":false,"pyAgrmntWrksht":"0x907e8da","rateAdjstmntSelected":"a1I29000000HR5FEAW","relatedPAWDetailsLis (1 more) ...":"0x1944dc02","targetEDR":0.00,"totalAppliedDeductib (2 more) ...":0.00,"totalCoInsurance":0.00,"totalCoPayAmt":0.00,"totalInsCoResp":0.00,"totalInsEIVAmt":0.00,"totalRowCount":20,"totalTalbottDay":0}|0xe598c65
07:02:52.0 (68809756)|VARIABLE_ASSIGNMENT|[EXTERNAL]|this|{"facilitySelected":"001j000000NqKMtAAN","fcltyPrgrmSelected":"a1B290000003SEdEAM","insrncBnft":"0x30ed9fc1","insrncBnftSelected":"a1H29000000pRTUEA2","pawDetailListDisplay (4 more) ...":false,"pyAgrmntWrksht":"0x907e8da","rateAdjstmntSelected":"a1I29000000HR5FEAW","relatedPAWDetailsLis (1 more) ...":"0x1944dc02","targetEDR":0.00,"totalAppliedDeductib (2 more) ...":0.00,"totalCoInsurance":0.00,"totalCoPayAmt":0.00,"totalInsCoResp":0.00,"totalInsEIVAmt":0.00,"totalRowCount":20,"totalTalbottDay":0}|0xe598c65
07:02:52.0 (68832267)|STATEMENT_EXECUTE|[393]
07:02:52.0 (68868088)|VARIABLE_ASSIGNMENT|[EXTERNAL]|this|{"facilitySelected":"001j000000NqKMtAAN","fcltyPrgrmSelected":"a1B290000003SEdEAM","insrncBnft":"0x30ed9fc1","insrncBnftSelected":"a1H29000000pRTUEA2","pawDetailListDisplay (4 more) ...":false,"pyAgrmntWrksht":"0x907e8da","rateAdjstmntSelected":"a1I29000000HR5FEAW","relatedPAWDetailsLis (1 more) ...":"0x1944dc02","targetEDR":0.00,"totalAppliedDeductib (2 more) ...":0.00,"totalCoInsurance":0.00,"totalCoPayAmt":0.00,"totalInsCoResp":0.00,"totalInsEIVAmt":0.00,"totalRowCount":20,"totalTalbottDay":0}|0xe598c65
07:02:52.0 (68885072)|HEAP_ALLOCATE|[394]|Bytes:28
07:02:52.0 (68922115)|VARIABLE_ASSIGNMENT|[EXTERNAL]|this|{"facilitySelected":"001j000000NqKMtAAN","fcltyPrgrmSelected":"a1B290000003SEdEAM","insrncBnft":"0x30ed9fc1","insrncBnftSelected":"a1H29000000pRTUEA2","pawDetailListDisplay (4 more) ...":false,"pyAgrmntWrksht":"0x907e8da","rateAdjstmntSelected":"a1I29000000HR5FEAW","relatedPAWDetailsLis (1 more) ...":"0x1944dc02","targetEDR":0.00,"totalAppliedDeductib (2 more) ...":0.00,"totalCoInsurance":0.00,"totalCoPayAmt":0.00,"totalInsCoResp":0.00,"totalInsEIVAmt":0.00,"totalRowCount":20,"totalTalbottDay":0}|0xe598c65
07:02:52.0 (68971030)|STATEMENT_EXECUTE|[394]
07:02:52.0 (69010588)|VARIABLE_ASSIGNMENT|[EXTERNAL]|this|{"facilitySelected":"001j000000NqKMtAAN","fcltyPrgrmSelected":"a1B290000003SEdEAM","insrncBnft":"0x30ed9fc1","insrncBnftSelected":"a1H29000000pRTUEA2","pawDetailListDisplay (4 more) ...":false,"pyAgrmntWrksht":"0x907e8da","rateAdjstmntSelected":"a1I29000000HR5FEAW","relatedPAWDetailsLis (1 more) ...":"0x1944dc02","targetEDR":0.00,"totalAppliedDeductib (2 more) ...":0.00,"totalCoInsurance":0.00,"totalCoPayAmt":0.00,"totalInsCoResp":0.00,"totalInsEIVAmt":0.00,"totalRowCount":20,"totalTalbottDay":0}|0xe598c65
07:02:52.0 (69028101)|HEAP_ALLOCATE|[400]|Bytes:28
07:02:52.0 (69071280)|VARIABLE_ASSIGNMENT|[EXTERNAL]|this|{"facilitySelected":"001j000000NqKMtAAN","fcltyPrgrmSelected":"a1B290000003SEdEAM","insrncBnft":"0x30ed9fc1","insrncBnftSelected":"a1H29000000pRTUEA2","pawDetailListDisplay (4 more) ...":false,"pyAgrmntWrksht":"0x907e8da","rateAdjstmntSelected":"a1I29000000HR5FEAW","relatedPAWDetailsLis (1 more) ...":"0x1944dc02","targetEDR":0.00,"totalAppliedDeductib (2 more) ...":0.00,"totalCoInsurance":0.00,"totalCoPayAmt":0.00,"totalInsCoResp":0.00,"totalInsEIVAmt":0.00,"totalRowCount":20,"totalTalbottDay":0}|0xe598c65
07:02:52.0 (69097902)|STATEMENT_EXECUTE|[400]
07:02:52.0 (69099315)|STATEMENT_EXECUTE|[405]
07:02:52.0 (69102013)|HEAP_ALLOCATE|[405]|Bytes:30
07:02:52.0 (69142087)|VARIABLE_ASSIGNMENT|[EXTERNAL]|this|{"facilitySelected":"001j000000NqKMtAAN","fcltyPrgrmSelected":"a1B290000003SEdEAM","insrncBnft":"0x30ed9fc1","insrncBnftSelected":"a1H29000000pRTUEA2","pawDetailListDisplay (4 more) ...":false,"pyAgrmntWrksht":"0x907e8da","rateAdjstmntSelected":"a1I29000000HR5FEAW","relatedPAWDetailsLis (1 more) ...":"0x1944dc02","targetEDR":0.00,"totalAppliedDeductib (2 more) ...":0.00,"totalCoInsurance":0.00,"totalCoPayAmt":0.00,"totalInsCoResp":0.00,"totalInsEIVAmt":0.00,"totalRowCount":20,"totalTalbottDay":0}|0xe598c65
07:02:52.0 (69259017)|HEAP_ALLOCATE|[405]|Bytes:868
07:02:52.0 (69278202)|HEAP_ALLOCATE|[405]|Bytes:898
07:02:52.0 (69287299)|USER_DEBUG|[405]|DEBUG|>>> pWrprObj.pyAgrmntWrksht : Pay_Agreement_Worksheet__c:{Patient_Insurance__c=a1b29000000lvHQAAY, Rate_Adjustment_Type__c=Contracted, Num_Days_Detox_DTX__c=0, Detox_Over__c=0.00, Detox_Pays_at__c=80.00, Num_Days_Residential_Treatment_RTC__c=7, Residential_Treatment_Override__c=0.00, RTC_Pays_at__c=80.00, Num_Days_Partial_Hospitalization_PHP__c=13, Partial_Hospitalization_Override__c=0.00, PHP_Pays_at__c=80.00, Num_Days_Intensive_Outpatient_IOP__c=0, Intensive_Outpatient_Override__c=0.00, IOP_Pays_at__c=80.00, Num_Days_Uncovered__c=0, Uncovered_Days_Rate__c=630.00, Uncovered_Days_Override__c=0, Num_Days_Room__c=0, Room_and_Board_Days_Override__c=0, Uncovered_Charges__c=null, Co_Pay_Remaining__c=0.00, Deductible_Included_in_OOP__c=Yes, Days_60_90_Fees__c=0, Ancillary_Fees__c=350, Deductible_Amount_Requested__c=0.00, Co_Insurance_Amount_Requested__c=0.00, Co_Pay_Amount_Requested__c=0.00}
07:02:52.0 (69301305)|STATEMENT_EXECUTE|[406]
07:02:52.0 (69345743)|VARIABLE_ASSIGNMENT|[EXTERNAL]|this|{"facilitySelected":"001j000000NqKMtAAN","fcltyPrgrmSelected":"a1B290000003SEdEAM","insrncBnft":"0x30ed9fc1","insrncBnftSelected":"a1H29000000pRTUEA2","pawDetailListDisplay (4 more) ...":false,"pyAgrmntWrksht":"0x907e8da","rateAdjstmntSelected":"a1I29000000HR5FEAW","relatedPAWDetailsLis (1 more) ...":"0x1944dc02","targetEDR":0.00,"totalAppliedDeductib (2 more) ...":0.00,"totalCoInsurance":0.00,"totalCoPayAmt":0.00,"totalInsCoResp":0.00,"totalInsEIVAmt":0.00,"totalRowCount":20,"totalTalbottDay":0}|0xe598c65
07:02:52.0 (69458531)|HEAP_ALLOCATE|[406]|Bytes:1625
07:02:52.0 (69464200)|HEAP_ALLOCATE|[406]|Bytes:112
07:02:52.0 (69502929)|VARIABLE_ASSIGNMENT|[406]|PAWValueCalculationService.pawObj|{"Patient_Insurance__c":"a1b29000000lvHQAAY","Rate_Adjustment_Type (3 more) ...":"Contracted","Num_Days_Detox_DTX__ (1 more) ...":0,"Detox_Over__c":0.00,"Detox_Pays_at__c":80.00,"Num_Days_Residential (17 more) ...":7,"Residential_Treatmen (13 more) ...":0.00,"RTC_Pays_at__c":80.00,"Num_Days_Partial_Hos (19 more) ...":13,"Partial_Hospitalizat (15 more) ...":0.00,"PHP_Pays_at__c":80.00,"Num_Days_Intensive_O (16 more) ...":0,"Intensive_Outpatient (12 more) ...":0.00,"IOP_Pays_at__c":80.00,"Num_Days_Uncovered__ (1 more) ...":0,"Uncovered_Days_Rate_ (2 more) ...":630.00,"Uncovered_Days_Overr (6 more) ...":0,"Num_Days_Room__c":0,"Room_and_Board_Days_ (11 more) ...":0,"Co_Pay_Remaining__c":0.00,"Deductible_Included_ (9 more) ...":"Yes","Days_60_90_Fees__c":0,"Ancillary_Fees__c":350,"Deductible_Amount_Re (10 more) ...":0.00,"Co_Insurance_Amount_ (12 more) ...":0.00,"Co_Pay_Amount_Reques (6 more) ...":0.00}|0x5ff4b0b8
07:02:52.0 (69516728)|STATEMENT_EXECUTE|[407]
07:02:52.0 (69519943)|HEAP_ALLOCATE|[407]|Bytes:13
07:02:52.0 (69612942)|HEAP_ALLOCATE|[407]|Bytes:868
07:02:52.0 (69625288)|HEAP_ALLOCATE|[407]|Bytes:881
07:02:52.0 (69633317)|USER_DEBUG|[407]|DEBUG|>>> pawObj : Pay_Agreement_Worksheet__c:{Patient_Insurance__c=a1b29000000lvHQAAY, Rate_Adjustment_Type__c=Contracted, Num_Days_Detox_DTX__c=0, Detox_Over__c=0.00, Detox_Pays_at__c=80.00, Num_Days_Residential_Treatment_RTC__c=7, Residential_Treatment_Override__c=0.00, RTC_Pays_at__c=80.00, Num_Days_Partial_Hospitalization_PHP__c=13, Partial_Hospitalization_Override__c=0.00, PHP_Pays_at__c=80.00, Num_Days_Intensive_Outpatient_IOP__c=0, Intensive_Outpatient_Override__c=0.00, IOP_Pays_at__c=80.00, Num_Days_Uncovered__c=0, Uncovered_Days_Rate__c=630.00, Uncovered_Days_Override__c=0, Num_Days_Room__c=0, Room_and_Board_Days_Override__c=0, Uncovered_Charges__c=null, Co_Pay_Remaining__c=0.00, Deductible_Included_in_OOP__c=Yes, Days_60_90_Fees__c=0, Ancillary_Fees__c=350, Deductible_Amount_Requested__c=0.00, Co_Insurance_Amount_Requested__c=0.00, Co_Pay_Amount_Requested__c=0.00}
07:02:52.0 (69647492)|STATEMENT_EXECUTE|[408]
07:02:52.0 (69695134)|VARIABLE_ASSIGNMENT|[EXTERNAL]|this|{"facilitySelected":"001j000000NqKMtAAN","fcltyPrgrmSelected":"a1B290000003SEdEAM","insrncBnft":"0x30ed9fc1","insrncBnftSelected":"a1H29000000pRTUEA2","pawDetailListDisplay (4 more) ...":false,"pyAgrmntWrksht":"0x907e8da","rateAdjstmntSelected":"a1I29000000HR5FEAW","relatedPAWDetailsLis (1 more) ...":"0x1944dc02","targetEDR":0.00,"totalAppliedDeductib (2 more) ...":0.00,"totalCoInsurance":0.00,"totalCoPayAmt":0.00,"totalInsCoResp":0.00,"totalInsEIVAmt":0.00,"totalRowCount":20,"totalTalbottDay":0}|0xe598c65
07:02:52.0 (69742732)|VARIABLE_ASSIGNMENT|[EXTERNAL]|this|{"facilitySelected":"001j000000NqKMtAAN","fcltyPrgrmSelected":"a1B290000003SEdEAM","insrncBnft":"0x30ed9fc1","insrncBnftSelected":"a1H29000000pRTUEA2","pawDetailListDisplay (4 more) ...":false,"pyAgrmntWrksht":"0x907e8da","rateAdjstmntSelected":"a1I29000000HR5FEAW","relatedPAWDetailsLis (1 more) ...":"0x1944dc02","targetEDR":0.00,"totalAppliedDeductib (2 more) ...":0.00,"totalCoInsurance":0.00,"totalCoPayAmt":0.00,"totalInsCoResp":0.00,"totalInsEIVAmt":0.00,"totalRowCount":20,"totalTalbottDay":0}|0xe598c65
07:02:52.0 (69794305)|VARIABLE_ASSIGNMENT|[EXTERNAL]|this|{"facilitySelected":"001j000000NqKMtAAN","fcltyPrgrmSelected":"a1B290000003SEdEAM","insrncBnft":"0x30ed9fc1","insrncBnftSelected":"a1H29000000pRTUEA2","pawDetailListDisplay (4 more) ...":false,"pyAgrmntWrksht":"0x907e8da","rateAdjstmntSelected":"a1I29000000HR5FEAW","relatedPAWDetailsLis (1 more) ...":"0x1944dc02","targetEDR":0.00,"totalAppliedDeductib (2 more) ...":0.00,"totalCoInsurance":0.00,"totalCoPayAmt":0.00,"totalInsCoResp":0.00,"totalInsEIVAmt":0.00,"totalRowCount":20,"totalTalbottDay":0}|0xe598c65
07:02:52.0 (69856881)|VARIABLE_ASSIGNMENT|[EXTERNAL]|this|{"facilitySelected":"001j000000NqKMtAAN","fcltyPrgrmSelected":"a1B290000003SEdEAM","insrncBnft":"0x30ed9fc1","insrncBnftSelected":"a1H29000000pRTUEA2","pawDetailListDisplay (4 more) ...":false,"pyAgrmntWrksht":"0x907e8da","rateAdjstmntSelected":"a1I29000000HR5FEAW","relatedPAWDetailsLis (1 more) ...":"0x1944dc02","targetEDR":0.00,"totalAppliedDeductib (2 more) ...":0.00,"totalCoInsurance":0.00,"totalCoPayAmt":0.00,"totalInsCoResp":0.00,"totalInsEIVAmt":0.00,"totalRowCount":20,"totalTalbottDay":0}|0xe598c65
07:02:52.0 (69877219)|HEAP_ALLOCATE|[408]|Bytes:4
07:02:52.0 (69925128)|VARIABLE_ASSIGNMENT|[408]|this.Insurance_Benefit__c|"a1H29000000pRTUEA2"|0x5ff4b0b8
07:02:52.0 (69931095)|STATEMENT_EXECUTE|[413]
07:02:52.0 (69974306)|VARIABLE_ASSIGNMENT|[EXTERNAL]|this|{"facilitySelected":"001j000000NqKMtAAN","fcltyPrgrmSelected":"a1B290000003SEdEAM","insrncBnft":"0x30ed9fc1","insrncBnftSelected":"a1H29000000pRTUEA2","pawDetailListDisplay (4 more) ...":false,"pyAgrmntWrksht":"0x907e8da","rateAdjstmntSelected":"a1I29000000HR5FEAW","relatedPAWDetailsLis (1 more) ...":"0x1944dc02","targetEDR":0.00,"totalAppliedDeductib (2 more) ...":0.00,"totalCoInsurance":0.00,"totalCoPayAmt":0.00,"totalInsCoResp":0.00,"totalInsEIVAmt":0.00,"totalRowCount":20,"totalTalbottDay":0}|0xe598c65
07:02:52.0 (70021725)|VARIABLE_ASSIGNMENT|[413]|this.Deductible_Included_in_OOP__c|"Yes"|0x5ff4b0b8
07:02:52.0 (70027426)|STATEMENT_EXECUTE|[414]
07:02:52.0 (70070844)|VARIABLE_ASSIGNMENT|[EXTERNAL]|this|{"facilitySelected":"001j000000NqKMtAAN","fcltyPrgrmSelected":"a1B290000003SEdEAM","insrncBnft":"0x30ed9fc1","insrncBnftSelected":"a1H29000000pRTUEA2","pawDetailListDisplay (4 more) ...":false,"pyAgrmntWrksht":"0x907e8da","rateAdjstmntSelected":"a1I29000000HR5FEAW","relatedPAWDetailsLis (1 more) ...":"0x1944dc02","targetEDR":0.00,"totalAppliedDeductib (2 more) ...":0.00,"totalCoInsurance":0.00,"totalCoPayAmt":0.00,"totalInsCoResp":0.00,"totalInsEIVAmt":0.00,"totalRowCount":20,"totalTalbottDay":0}|0xe598c65
07:02:52.0 (70114949)|VARIABLE_ASSIGNMENT|[EXTERNAL]|this|{"facilitySelected":"001j000000NqKMtAAN","fcltyPrgrmSelected":"a1B290000003SEdEAM","insrncBnft":"0x30ed9fc1","insrncBnftSelected":"a1H29000000pRTUEA2","pawDetailListDisplay (4 more) ...":false,"pyAgrmntWrksht":"0x907e8da","rateAdjstmntSelected":"a1I29000000HR5FEAW","relatedPAWDetailsLis (1 more) ...":"0x1944dc02","targetEDR":0.00,"totalAppliedDeductib (2 more) ...":0.00,"totalCoInsurance":0.00,"totalCoPayAmt":0.00,"totalInsCoResp":0.00,"totalInsEIVAmt":0.00,"totalRowCount":20,"totalTalbottDay":0}|0xe598c65
07:02:52.0 (70163950)|VARIABLE_ASSIGNMENT|[EXTERNAL]|this|{"facilitySelected":"001j000000NqKMtAAN","fcltyPrgrmSelected":"a1B290000003SEdEAM","insrncBnft":"0x30ed9fc1","insrncBnftSelected":"a1H29000000pRTUEA2","pawDetailListDisplay (4 more) ...":false,"pyAgrmntWrksht":"0x907e8da","rateAdjstmntSelected":"a1I29000000HR5FEAW","relatedPAWDetailsLis (1 more) ...":"0x1944dc02","targetEDR":0.00,"totalAppliedDeductib (2 more) ...":0.00,"totalCoInsurance":0.00,"totalCoPayAmt":0.00,"totalInsCoResp":0.00,"totalInsEIVAmt":0.00,"totalRowCount":20,"totalTalbottDay":0}|0xe598c65
07:02:52.0 (70178384)|HEAP_ALLOCATE|[414]|Bytes:4
07:02:52.0 (70221093)|VARIABLE_ASSIGNMENT|[414]|this.Facility_Program__c|"a1B290000003SEdEAM"|0x5ff4b0b8
07:02:52.0 (70226637)|STATEMENT_EXECUTE|[415]
07:02:52.0 (70275493)|VARIABLE_ASSIGNMENT|[EXTERNAL]|this|{"facilitySelected":"001j000000NqKMtAAN","fcltyPrgrmSelected":"a1B290000003SEdEAM","insrncBnft":"0x30ed9fc1","insrncBnftSelected":"a1H29000000pRTUEA2","pawDetailListDisplay (4 more) ...":false,"pyAgrmntWrksht":"0x907e8da","rateAdjstmntSelected":"a1I29000000HR5FEAW","relatedPAWDetailsLis (1 more) ...":"0x1944dc02","targetEDR":0.00,"totalAppliedDeductib (2 more) ...":0.00,"totalCoInsurance":0.00,"totalCoPayAmt":0.00,"totalInsCoResp":0.00,"totalInsEIVAmt":0.00,"totalRowCount":20,"totalTalbottDay":0}|0xe598c65
07:02:52.0 (70291980)|HEAP_ALLOCATE|[415]|Bytes:4
07:02:52.0 (70328851)|VARIABLE_ASSIGNMENT|[415]|this.FRN_Facility__c|"001j000000NqKMtAAN"|0x5ff4b0b8
07:02:52.0 (70334595)|STATEMENT_EXECUTE|[416]
07:02:52.0 (70377732)|VARIABLE_ASSIGNMENT|[EXTERNAL]|this|{"facilitySelected":"001j000000NqKMtAAN","fcltyPrgrmSelected":"a1B290000003SEdEAM","insrncBnft":"0x30ed9fc1","insrncBnftSelected":"a1H29000000pRTUEA2","pawDetailListDisplay (4 more) ...":false,"pyAgrmntWrksht":"0x907e8da","rateAdjstmntSelected":"a1I29000000HR5FEAW","relatedPAWDetailsLis (1 more) ...":"0x1944dc02","targetEDR":0.00,"totalAppliedDeductib (2 more) ...":0.00,"totalCoInsurance":0.00,"totalCoPayAmt":0.00,"totalInsCoResp":0.00,"totalInsEIVAmt":0.00,"totalRowCount":20,"totalTalbottDay":0}|0xe598c65
07:02:52.0 (70408348)|METHOD_ENTRY|[416]|01p0a000004sKzT|PAWValueCalculationService.treatNullAsZero(Decimal)
07:02:52.0 (70413796)|VARIABLE_SCOPE_BEGIN|[610]|pIntgerToTreat|Decimal|false|false
07:02:52.0 (70421459)|VARIABLE_ASSIGNMENT|[610]|pIntgerToTreat|5000.00
07:02:52.0 (70425456)|STATEMENT_EXECUTE|[610]
07:02:52.0 (70426804)|STATEMENT_EXECUTE|[611]
07:02:52.0 (70427650)|STATEMENT_EXECUTE|[612]
07:02:52.0 (70430204)|METHOD_EXIT|[416]|01p0a000004sKzT|PAWValueCalculationService.treatNullAsZero(Decimal)
07:02:52.0 (70457220)|VARIABLE_ASSIGNMENT|[416]|this.Deductible__c|5000.00|0x5ff4b0b8
07:02:52.0 (70462086)|STATEMENT_EXECUTE|[417]
07:02:52.0 (70504073)|VARIABLE_ASSIGNMENT|[EXTERNAL]|this|{"facilitySelected":"001j000000NqKMtAAN","fcltyPrgrmSelected":"a1B290000003SEdEAM","insrncBnft":"0x30ed9fc1","insrncBnftSelected":"a1H29000000pRTUEA2","pawDetailListDisplay (4 more) ...":false,"pyAgrmntWrksht":"0x907e8da","rateAdjstmntSelected":"a1I29000000HR5FEAW","relatedPAWDetailsLis (1 more) ...":"0x1944dc02","targetEDR":0.00,"totalAppliedDeductib (2 more) ...":0.00,"totalCoInsurance":0.00,"totalCoPayAmt":0.00,"totalInsCoResp":0.00,"totalInsEIVAmt":0.00,"totalRowCount":20,"totalTalbottDay":0}|0xe598c65
07:02:52.0 (70530239)|HEAP_ALLOCATE|[417]|Bytes:28
07:02:52.0 (70537202)|METHOD_ENTRY|[417]|01p0a000004sKzT|PAWValueCalculationService.treatNullAsZero(Decimal)
07:02:52.0 (70541506)|VARIABLE_SCOPE_BEGIN|[610]|pIntgerToTreat|Decimal|false|false
07:02:52.0 (70548306)|VARIABLE_ASSIGNMENT|[610]|pIntgerToTreat|0.00
07:02:52.0 (70552479)|STATEMENT_EXECUTE|[610]
07:02:52.0 (70553788)|STATEMENT_EXECUTE|[611]
07:02:52.0 (70554612)|STATEMENT_EXECUTE|[612]
07:02:52.0 (70556874)|METHOD_EXIT|[417]|01p0a000004sKzT|PAWValueCalculationService.treatNullAsZero(Decimal)
07:02:52.0 (70582041)|VARIABLE_ASSIGNMENT|[417]|this.Deductible_Met__c|0.00|0x5ff4b0b8
07:02:52.0 (70586794)|STATEMENT_EXECUTE|[418]
07:02:52.0 (70627797)|VARIABLE_ASSIGNMENT|[EXTERNAL]|this|{"facilitySelected":"001j000000NqKMtAAN","fcltyPrgrmSelected":"a1B290000003SEdEAM","insrncBnft":"0x30ed9fc1","insrncBnftSelected":"a1H29000000pRTUEA2","pawDetailListDisplay (4 more) ...":false,"pyAgrmntWrksht":"0x907e8da","rateAdjstmntSelected":"a1I29000000HR5FEAW","relatedPAWDetailsLis (1 more) ...":"0x1944dc02","targetEDR":0.00,"totalAppliedDeductib (2 more) ...":0.00,"totalCoInsurance":0.00,"totalCoPayAmt":0.00,"totalInsCoResp":0.00,"totalInsEIVAmt":0.00,"totalRowCount":20,"totalTalbottDay":0}|0xe598c65
07:02:52.0 (70653965)|METHOD_ENTRY|[418]|01p0a000004sKzT|PAWValueCalculationService.treatNullAsZero(Decimal)
07:02:52.0 (70658604)|VARIABLE_SCOPE_BEGIN|[610]|pIntgerToTreat|Decimal|false|false
07:02:52.0 (70664858)|VARIABLE_ASSIGNMENT|[610]|pIntgerToTreat|1000000.00
07:02:52.0 (70668890)|STATEMENT_EXECUTE|[610]
07:02:52.0 (70670165)|STATEMENT_EXECUTE|[611]
07:02:52.0 (70671004)|STATEMENT_EXECUTE|[612]
07:02:52.0 (70673231)|METHOD_EXIT|[418]|01p0a000004sKzT|PAWValueCalculationService.treatNullAsZero(Decimal)
07:02:52.0 (70698184)|VARIABLE_ASSIGNMENT|[418]|this.Lifetime_Max__c|1000000.00|0x5ff4b0b8
07:02:52.0 (70702888)|STATEMENT_EXECUTE|[419]
07:02:52.0 (70744835)|VARIABLE_ASSIGNMENT|[EXTERNAL]|this|{"facilitySelected":"001j000000NqKMtAAN","fcltyPrgrmSelected":"a1B290000003SEdEAM","insrncBnft":"0x30ed9fc1","insrncBnftSelected":"a1H29000000pRTUEA2","pawDetailListDisplay (4 more) ...":false,"pyAgrmntWrksht":"0x907e8da","rateAdjstmntSelected":"a1I29000000HR5FEAW","relatedPAWDetailsLis (1 more) ...":"0x1944dc02","targetEDR":0.00,"totalAppliedDeductib (2 more) ...":0.00,"totalCoInsurance":0.00,"totalCoPayAmt":0.00,"totalInsCoResp":0.00,"totalInsEIVAmt":0.00,"totalRowCount":20,"totalTalbottDay":0}|0xe598c65
07:02:52.0 (70769558)|HEAP_ALLOCATE|[419]|Bytes:28
07:02:52.0 (70776109)|METHOD_ENTRY|[419]|01p0a000004sKzT|PAWValueCalculationService.treatNullAsZero(Decimal)
07:02:52.0 (70780316)|VARIABLE_SCOPE_BEGIN|[610]|pIntgerToTreat|Decimal|false|false
07:02:52.0 (70786682)|VARIABLE_ASSIGNMENT|[610]|pIntgerToTreat|0.00
07:02:52.0 (70790644)|STATEMENT_EXECUTE|[610]
07:02:52.0 (70791810)|STATEMENT_EXECUTE|[611]
07:02:52.0 (70792651)|STATEMENT_EXECUTE|[612]
07:02:52.0 (70794925)|METHOD_EXIT|[419]|01p0a000004sKzT|PAWValueCalculationService.treatNullAsZero(Decimal)
07:02:52.0 (70820068)|VARIABLE_ASSIGNMENT|[419]|this.Lifetime_Max_Used__c|0.00|0x5ff4b0b8
07:02:52.0 (70825185)|STATEMENT_EXECUTE|[420]
07:02:52.0 (70865160)|VARIABLE_ASSIGNMENT|[EXTERNAL]|this|{"facilitySelected":"001j000000NqKMtAAN","fcltyPrgrmSelected":"a1B290000003SEdEAM","insrncBnft":"0x30ed9fc1","insrncBnftSelected":"a1H29000000pRTUEA2","pawDetailListDisplay (4 more) ...":false,"pyAgrmntWrksht":"0x907e8da","rateAdjstmntSelected":"a1I29000000HR5FEAW","relatedPAWDetailsLis (1 more) ...":"0x1944dc02","targetEDR":0.00,"totalAppliedDeductib (2 more) ...":0.00,"totalCoInsurance":0.00,"totalCoPayAmt":0.00,"totalInsCoResp":0.00,"totalInsEIVAmt":0.00,"totalRowCount":20,"totalTalbottDay":0}|0xe598c65
07:02:52.0 (70890768)|METHOD_ENTRY|[420]|01p0a000004sKzT|PAWValueCalculationService.treatNullAsZero(Decimal)
07:02:52.0 (70895710)|VARIABLE_SCOPE_BEGIN|[610]|pIntgerToTreat|Decimal|false|false
07:02:52.0 (70901609)|VARIABLE_ASSIGNMENT|[610]|pIntgerToTreat|1000000.00
07:02:52.0 (70905177)|STATEMENT_EXECUTE|[610]
07:02:52.0 (70906451)|STATEMENT_EXECUTE|[611]
07:02:52.0 (70907331)|STATEMENT_EXECUTE|[612]
07:02:52.0 (70909470)|METHOD_EXIT|[420]|01p0a000004sKzT|PAWValueCalculationService.treatNullAsZero(Decimal)
07:02:52.0 (70933840)|VARIABLE_ASSIGNMENT|[420]|this.Annual_Max__c|1000000.00|0x5ff4b0b8
07:02:52.0 (70938658)|STATEMENT_EXECUTE|[421]
07:02:52.0 (70978220)|VARIABLE_ASSIGNMENT|[EXTERNAL]|this|{"facilitySelected":"001j000000NqKMtAAN","fcltyPrgrmSelected":"a1B290000003SEdEAM","insrncBnft":"0x30ed9fc1","insrncBnftSelected":"a1H29000000pRTUEA2","pawDetailListDisplay (4 more) ...":false,"pyAgrmntWrksht":"0x907e8da","rateAdjstmntSelected":"a1I29000000HR5FEAW","relatedPAWDetailsLis (1 more) ...":"0x1944dc02","targetEDR":0.00,"totalAppliedDeductib (2 more) ...":0.00,"totalCoInsurance":0.00,"totalCoPayAmt":0.00,"totalInsCoResp":0.00,"totalInsEIVAmt":0.00,"totalRowCount":20,"totalTalbottDay":0}|0xe598c65
07:02:52.0 (71002560)|HEAP_ALLOCATE|[421]|Bytes:28
07:02:52.0 (71009296)|METHOD_ENTRY|[421]|01p0a000004sKzT|PAWValueCalculationService.treatNullAsZero(Decimal)
07:02:52.0 (71013662)|VARIABLE_SCOPE_BEGIN|[610]|pIntgerToTreat|Decimal|false|false
07:02:52.0 (71023333)|VARIABLE_ASSIGNMENT|[610]|pIntgerToTreat|0.00
07:02:52.0 (71027682)|STATEMENT_EXECUTE|[610]
07:02:52.0 (71028963)|STATEMENT_EXECUTE|[611]
07:02:52.0 (71029814)|STATEMENT_EXECUTE|[612]
07:02:52.0 (71032265)|METHOD_EXIT|[421]|01p0a000004sKzT|PAWValueCalculationService.treatNullAsZero(Decimal)
07:02:52.0 (71063110)|VARIABLE_ASSIGNMENT|[421]|this.Annual_Max_Used__c|0.00|0x5ff4b0b8
07:02:52.0 (71069442)|STATEMENT_EXECUTE|[422]
07:02:52.0 (71110833)|VARIABLE_ASSIGNMENT|[EXTERNAL]|this|{"facilitySelected":"001j000000NqKMtAAN","fcltyPrgrmSelected":"a1B290000003SEdEAM","insrncBnft":"0x30ed9fc1","insrncBnftSelected":"a1H29000000pRTUEA2","pawDetailListDisplay (4 more) ...":false,"pyAgrmntWrksht":"0x907e8da","rateAdjstmntSelected":"a1I29000000HR5FEAW","relatedPAWDetailsLis (1 more) ...":"0x1944dc02","targetEDR":0.00,"totalAppliedDeductib (2 more) ...":0.00,"totalCoInsurance":0.00,"totalCoPayAmt":0.00,"totalInsCoResp":0.00,"totalInsEIVAmt":0.00,"totalRowCount":20,"totalTalbottDay":0}|0xe598c65
07:02:52.0 (71128071)|METHOD_ENTRY|[422]|01p0a000004sKzT|PAWValueCalculationService.treatNullAsZero(Decimal)
07:02:52.0 (71132516)|VARIABLE_SCOPE_BEGIN|[610]|pIntgerToTreat|Decimal|false|false
07:02:52.0 (71138121)|VARIABLE_ASSIGNMENT|[610]|pIntgerToTreat|null
07:02:52.0 (71141555)|STATEMENT_EXECUTE|[610]
07:02:52.0 (71142882)|STATEMENT_EXECUTE|[614]
07:02:52.0 (71144131)|STATEMENT_EXECUTE|[615]
07:02:52.0 (71146697)|HEAP_ALLOCATE|[615]|Bytes:4
07:02:52.0 (71159605)|HEAP_ALLOCATE|[615]|Bytes:28
07:02:52.0 (71164122)|METHOD_EXIT|[422]|01p0a000004sKzT|PAWValueCalculationService.treatNullAsZero(Decimal)
07:02:52.0 (71197290)|VARIABLE_ASSIGNMENT|[422]|this.Co_Pay_Met__c|0.00|0x5ff4b0b8
07:02:52.0 (71202340)|STATEMENT_EXECUTE|[423]
07:02:52.0 (71243764)|VARIABLE_ASSIGNMENT|[EXTERNAL]|this|{"facilitySelected":"001j000000NqKMtAAN","fcltyPrgrmSelected":"a1B290000003SEdEAM","insrncBnft":"0x30ed9fc1","insrncBnftSelected":"a1H29000000pRTUEA2","pawDetailListDisplay (4 more) ...":false,"pyAgrmntWrksht":"0x907e8da","rateAdjstmntSelected":"a1I29000000HR5FEAW","relatedPAWDetailsLis (1 more) ...":"0x1944dc02","targetEDR":0.00,"totalAppliedDeductib (2 more) ...":0.00,"totalCoInsurance":0.00,"totalCoPayAmt":0.00,"totalInsCoResp":0.00,"totalInsEIVAmt":0.00,"totalRowCount":20,"totalTalbottDay":0}|0xe598c65
07:02:52.0 (71276305)|METHOD_ENTRY|[423]|01p0a000004sKzT|PAWValueCalculationService.treatNullAsZero(Decimal)
07:02:52.0 (71281312)|VARIABLE_SCOPE_BEGIN|[610]|pIntgerToTreat|Decimal|false|false
07:02:52.0 (71287859)|VARIABLE_ASSIGNMENT|[610]|pIntgerToTreat|10000.00
07:02:52.0 (71291541)|STATEMENT_EXECUTE|[610]
07:02:52.0 (71292699)|STATEMENT_EXECUTE|[611]
07:02:52.0 (71293549)|STATEMENT_EXECUTE|[612]
07:02:52.0 (71295820)|METHOD_EXIT|[423]|01p0a000004sKzT|PAWValueCalculationService.treatNullAsZero(Decimal)
07:02:52.0 (71323919)|VARIABLE_ASSIGNMENT|[423]|this.Out_of_Pocket_Max__c|10000.00|0x5ff4b0b8
07:02:52.0 (71328811)|STATEMENT_EXECUTE|[424]
07:02:52.0 (71369138)|VARIABLE_ASSIGNMENT|[EXTERNAL]|this|{"facilitySelected":"001j000000NqKMtAAN","fcltyPrgrmSelected":"a1B290000003SEdEAM","insrncBnft":"0x30ed9fc1","insrncBnftSelected":"a1H29000000pRTUEA2","pawDetailListDisplay (4 more) ...":false,"pyAgrmntWrksht":"0x907e8da","rateAdjstmntSelected":"a1I29000000HR5FEAW","relatedPAWDetailsLis (1 more) ...":"0x1944dc02","targetEDR":0.00,"totalAppliedDeductib (2 more) ...":0.00,"totalCoInsurance":0.00,"totalCoPayAmt":0.00,"totalInsCoResp":0.00,"totalInsEIVAmt":0.00,"totalRowCount":20,"totalTalbottDay":0}|0xe598c65
07:02:52.0 (71395277)|HEAP_ALLOCATE|[424]|Bytes:28
07:02:52.0 (71401677)|METHOD_ENTRY|[424]|01p0a000004sKzT|PAWValueCalculationService.treatNullAsZero(Decimal)
07:02:52.0 (71405733)|VARIABLE_SCOPE_BEGIN|[610]|pIntgerToTreat|Decimal|false|false
07:02:52.0 (71411984)|VARIABLE_ASSIGNMENT|[610]|pIntgerToTreat|0.00
07:02:52.0 (71415278)|STATEMENT_EXECUTE|[610]
07:02:52.0 (71416748)|STATEMENT_EXECUTE|[611]
07:02:52.0 (71417702)|STATEMENT_EXECUTE|[612]
07:02:52.0 (71419956)|METHOD_EXIT|[424]|01p0a000004sKzT|PAWValueCalculationService.treatNullAsZero(Decimal)
07:02:52.0 (71448083)|VARIABLE_ASSIGNMENT|[424]|this.Out_of_Pocket_Max_Met__c|0.00|0x5ff4b0b8
07:02:52.0 (71452813)|STATEMENT_EXECUTE|[425]
07:02:52.0 (71494205)|VARIABLE_ASSIGNMENT|[EXTERNAL]|this|{"facilitySelected":"001j000000NqKMtAAN","fcltyPrgrmSelected":"a1B290000003SEdEAM","insrncBnft":"0x30ed9fc1","insrncBnftSelected":"a1H29000000pRTUEA2","pawDetailListDisplay (4 more) ...":false,"pyAgrmntWrksht":"0x907e8da","rateAdjstmntSelected":"a1I29000000HR5FEAW","relatedPAWDetailsLis (1 more) ...":"0x1944dc02","targetEDR":0.00,"totalAppliedDeductib (2 more) ...":0.00,"totalCoInsurance":0.00,"totalCoPayAmt":0.00,"totalInsCoResp":0.00,"totalInsEIVAmt":0.00,"totalRowCount":20,"totalTalbottDay":0}|0xe598c65
07:02:52.0 (71529503)|VARIABLE_ASSIGNMENT|[425]|this.Co_Pay__c|0.00|0x5ff4b0b8
07:02:52.0 (71545116)|STATEMENT_EXECUTE|[427]
07:02:52.0 (71546430)|STATEMENT_EXECUTE|[428]
07:02:52.0 (71551302)|HEAP_ALLOCATE|[428]|Bytes:4
07:02:52.0 (71586838)|VARIABLE_ASSIGNMENT|[428]|this.Opportunity__c|"00629000004NTeZAAW"|0x5ff4b0b8
07:02:52.0 (71593627)|STATEMENT_EXECUTE|[430]
07:02:52.0 (71594687)|STATEMENT_EXECUTE|[431]
07:02:52.0 (71621623)|VARIABLE_ASSIGNMENT|[431]|this.Patient_Insurance__c|"a1b29000000lvHQAAY"|0x5ff4b0b8
07:02:52.0 (71627865)|STATEMENT_EXECUTE|[433]
07:02:52.0 (71631782)|STATEMENT_EXECUTE|[436]
07:02:52.0 (71632663)|STATEMENT_EXECUTE|[436]
07:02:52.0 (71633618)|STATEMENT_EXECUTE|[437]
07:02:52.0 (71659386)|HEAP_ALLOCATE|[437]|Bytes:4
07:02:52.0 (71715140)|VARIABLE_SCOPE_BEGIN|[437]|parentOpportunity|Opportunity|true|false
07:02:52.0 (71727553)|VARIABLE_ASSIGNMENT|[437]|parentOpportunity|{}|0x2575494d
07:02:52.0 (71748332)|STATEMENT_EXECUTE|[438]
07:02:52.0 (71749479)|STATEMENT_EXECUTE|[439]
07:02:52.0 (71752292)|HEAP_ALLOCATE|[439]|Bytes:57
07:02:52.0 (71765090)|HEAP_ALLOCATE|[439]|Bytes:4
07:02:52.0 (74228595)|SOQL_EXECUTE_BEGIN|[439]|Aggregations:0|SELECT Id, StageName FROM Opportunity WHERE Id = :tmpVar1
07:02:52.0 (76796780)|SOQL_EXECUTE_END|[439]|Rows:1
07:02:52.0 (76814495)|HEAP_ALLOCATE|[439]|Bytes:8
07:02:52.0 (76826878)|HEAP_ALLOCATE|[439]|Bytes:99
07:02:52.0 (76867181)|HEAP_ALLOCATE|[439]|Bytes:8
07:02:52.0 (76877400)|HEAP_ALLOCATE|[439]|Bytes:37
07:02:52.0 (76902107)|HEAP_ALLOCATE|[439]|Bytes:16
07:02:52.0 (76918889)|VARIABLE_ASSIGNMENT|[439]|parentOpportunity|{"Id":"00629000004NTeZAAW","StageName":"Counter Offer Reques (3 more) ...","RecordTypeId":"012j00000015GSJAA2"}|0x1a14872c
07:02:52.0 (76925761)|STATEMENT_EXECUTE|[443]
07:02:52.0 (76940216)|HEAP_ALLOCATE|[443]|Bytes:4
07:02:52.0 (76970361)|VARIABLE_SCOPE_BEGIN|[443]|vobProfileId|Set<Id>|true|false
07:02:52.0 (76994327)|VARIABLE_ASSIGNMENT|[443]|vobProfileId|[]|0x3aa02c2e
07:02:52.0 (77001589)|HEAP_ALLOCATE|[444]|Bytes:78
07:02:52.0 (77011927)|HEAP_ALLOCATE|[444]|Bytes:4
07:02:52.0 (77651144)|SOQL_EXECUTE_BEGIN|[444]|Aggregations:0|SELECT Id FROM Profile 
07:02:52.0 (79264473)|SOQL_EXECUTE_END|[444]|Rows:2
07:02:52.0 (79281667)|HEAP_ALLOCATE|[EXTERNAL]|Bytes:12
07:02:52.0 (79414446)|HEAP_ALLOCATE|[444]|Bytes:54
07:02:52.0 (79422177)|HEAP_ALLOCATE|[444]|Bytes:8
07:02:52.0 (79430512)|SYSTEM_METHOD_ENTRY|[7]|QueryLocatorIterator.QueryLocatorIterator()
07:02:52.0 (79434010)|STATEMENT_EXECUTE|[7]
07:02:52.0 (79440587)|SYSTEM_METHOD_EXIT|[7]|QueryLocatorIterator
07:02:52.0 (79447105)|HEAP_ALLOCATE|[444]|Bytes:28
07:02:52.0 (79502241)|HEAP_ALLOCATE|[444]|Bytes:12
07:02:52.0 (79516237)|HEAP_ALLOCATE|[444]|Bytes:8
07:02:52.0 (79519334)|HEAP_ALLOCATE|[444]|Bytes:8
07:02:52.0 (79523304)|VARIABLE_SCOPE_BEGIN|[15]|this|Database.QueryLocatorIterator|true|false
07:02:52.0 (79543947)|VARIABLE_ASSIGNMENT|[15]|this|{}|0x590426a9
07:02:52.0 (79549891)|VARIABLE_SCOPE_BEGIN|[15]|values|List<SObject>|true|false
07:02:52.0 (79563777)|VARIABLE_ASSIGNMENT|[15]|values|[{"Id":"00ej0000001QutBAAS"},{"Id":"00ej0000001QutCAAS"}]|0x6e540e97
07:02:52.0 (79568553)|VARIABLE_SCOPE_BEGIN|[15]|ql|Database.QueryLocator|true|false
07:02:52.0 (79581483)|VARIABLE_ASSIGNMENT|[15]|ql|{"query":"SELECT Id FROM Profi (58 more) ..."}|0x6c829c32
07:02:52.0 (79585966)|VARIABLE_SCOPE_BEGIN|[15]|totalNumRecords|Integer|false|false
07:02:52.0 (79592024)|VARIABLE_ASSIGNMENT|[15]|totalNumRecords|2
07:02:52.0 (79595374)|VARIABLE_SCOPE_BEGIN|[15]|queryMoreSize|Integer|false|false
07:02:52.0 (79600337)|VARIABLE_ASSIGNMENT|[15]|queryMoreSize|49993
07:02:52.0 (79669631)|HEAP_ALLOCATE|[444]|Bytes:28
07:02:52.0 (79686540)|METHOD_ENTRY|[444]||Database.QueryLocatorIterator.hasNext()
07:02:52.0 (79733488)|METHOD_EXIT|[444]||Database.QueryLocatorIterator.hasNext()
07:02:52.0 (79740309)|METHOD_ENTRY|[444]||Database.QueryLocatorIterator.next()
07:02:52.0 (79793076)|METHOD_EXIT|[444]||Database.QueryLocatorIterator.next()
07:02:52.0 (79800202)|VARIABLE_SCOPE_BEGIN|[444]|prfl|Profile|true|false
07:02:52.0 (79811251)|VARIABLE_ASSIGNMENT|[444]|prfl|{"Id":"00ej0000001QutBAAS"}|0x37c2ce49
07:02:52.0 (79816267)|STATEMENT_EXECUTE|[444]
07:02:52.0 (79817486)|STATEMENT_EXECUTE|[445]
07:02:52.0 (79862397)|HEAP_ALLOCATE|[EXTERNAL]|Bytes:4
07:02:52.0 (79872821)|METHOD_ENTRY|[444]||Database.QueryLocatorIterator.hasNext()
07:02:52.0 (79888244)|METHOD_EXIT|[444]||Database.QueryLocatorIterator.hasNext()
07:02:52.0 (79892535)|METHOD_ENTRY|[444]||Database.QueryLocatorIterator.next()
07:02:52.0 (79927361)|METHOD_EXIT|[444]||Database.QueryLocatorIterator.next()
07:02:52.0 (79933493)|VARIABLE_SCOPE_BEGIN|[444]|prfl|Profile|true|false
07:02:52.0 (79943535)|VARIABLE_ASSIGNMENT|[444]|prfl|{"Id":"00ej0000001QutCAAS"}|0x792c4e90
07:02:52.0 (79947934)|STATEMENT_EXECUTE|[444]
07:02:52.0 (79949069)|STATEMENT_EXECUTE|[445]
07:02:52.0 (79958244)|HEAP_ALLOCATE|[EXTERNAL]|Bytes:4
07:02:52.0 (79965256)|METHOD_ENTRY|[444]||Database.QueryLocatorIterator.hasNext()
07:02:52.0 (79974349)|METHOD_EXIT|[444]||Database.QueryLocatorIterator.hasNext()
07:02:52.0 (79980553)|VARIABLE_ASSIGNMENT|[444]|prfl|null|
07:02:52.0 (80011423)|HEAP_ALLOCATE|[447]|Bytes:22
07:02:52.0 (80024990)|STATEMENT_EXECUTE|[447]
07:02:52.0 (80027848)|STATEMENT_EXECUTE|[454]
07:02:52.0 (80032009)|STATEMENT_EXECUTE|[485]
07:02:52.0 (80033253)|STATEMENT_EXECUTE|[486]
07:02:52.0 (80035109)|HEAP_ALLOCATE|[486]|Bytes:4
07:02:52.0 (80074646)|VARIABLE_ASSIGNMENT|[486]|this.Status__c|"Open"|0x5ff4b0b8
07:02:52.0 (80080102)|STATEMENT_EXECUTE|[488]
07:02:52.0 (80105199)|HEAP_ALLOCATE|[488]|Bytes:8
07:02:52.0 (80118986)|DML_BEGIN|[488]|Op:Upsert|Type:Pay_Agreement_Worksheet__c|Rows:1
07:02:52.0 (80147366)|HEAP_ALLOCATE|[EXTERNAL]|Bytes:8
07:02:52.0 (120150005)|DML_END|[488]
07:02:52.0 (120290812)|VARIABLE_ASSIGNMENT|[EXTERNAL]|this|{"facilitySelected":"001j000000NqKMtAAN","fcltyPrgrmSelected":"a1B290000003SEdEAM","insrncBnft":"0x30ed9fc1","insrncBnftSelected":"a1H29000000pRTUEA2","pawDetailListDisplay (4 more) ...":false,"pyAgrmntWrksht":"0x907e8da","rateAdjstmntSelected":"a1I29000000HR5FEAW","relatedPAWDetailsLis (1 more) ...":"0x1944dc02","targetEDR":0.00,"totalAppliedDeductib (2 more) ...":0.00,"totalCoInsurance":0.00,"totalCoPayAmt":0.00,"totalInsCoResp":0.00,"totalInsEIVAmt":0.00,"totalRowCount":20,"totalTalbottDay":0}|0xe598c65
07:02:52.0 (120445957)|HEAP_ALLOCATE|[490]|Bytes:5
07:02:52.0 (120464569)|VARIABLE_ASSIGNMENT|[490]|pawd|null|
07:02:52.0 (120470723)|STATEMENT_EXECUTE|[490]
07:02:52.0 (120500775)|STATEMENT_EXECUTE|[497]
07:02:52.0 (120502131)|STATEMENT_EXECUTE|[498]
07:02:52.0 (120505349)|HEAP_ALLOCATE|[498]|Bytes:92
07:02:52.0 (120522484)|HEAP_ALLOCATE|[498]|Bytes:4
07:02:52.0 (120891132)|SOQL_EXECUTE_BEGIN|[498]|Aggregations:0|SELECT Id FROM Pay_Agreement_Worksheet_Detail__c WHERE Pay_Agreement_Worksheet__c = :tmpVar1
07:02:52.0 (123493215)|SOQL_EXECUTE_END|[498]|Rows:0
07:02:52.0 (123516975)|HEAP_ALLOCATE|[498]|Bytes:4
07:02:52.0 (123528586)|HEAP_ALLOCATE|[498]|Bytes:0
07:02:52.0 (123565984)|HEAP_ALLOCATE|[498]|Bytes:4
07:02:52.0 (123643700)|HEAP_ALLOCATE|[EXTERNAL]|Bytes:4
07:02:52.0 (123678580)|STATEMENT_EXECUTE|[500]
07:02:52.0 (123681712)|STATEMENT_EXECUTE|[508]
07:02:52.0 (123685188)|VARIABLE_SCOPE_BEGIN|[508]|orderPage|System.PageReference|true|false
07:02:52.0 (123695431)|VARIABLE_ASSIGNMENT|[508]|orderPage|null|
07:02:52.0 (123700075)|STATEMENT_EXECUTE|[509]
07:02:52.0 (123705806)|HEAP_ALLOCATE|[509]|Bytes:1
07:02:52.0 (123755838)|HEAP_ALLOCATE|[509]|Bytes:18
07:02:52.0 (123768755)|HEAP_ALLOCATE|[509]|Bytes:19
07:02:52.0 (123900170)|VARIABLE_ASSIGNMENT|[509]|orderPage|"/a1d29000000gbSlAAI"|0x5ca9a263
07:02:52.0 (123906950)|STATEMENT_EXECUTE|[510]
07:02:52.0 (123953012)|STATEMENT_EXECUTE|[511]
07:02:52.0 (123961378)|METHOD_EXIT|[471]|01p0a000004sKzT|PAWValueCalculationService.commitToDB(PAW_New_EditCntrllr.WraperClass, String, Patient_Insurance__c, String, String)
07:02:52.133 (133741944)|CUMULATIVE_LIMIT_USAGE
07:02:52.133 (133741944)|LIMIT_USAGE_FOR_NS|(default)|
  Number of SOQL queries: 5 out of 100
  Number of query rows: 7 out of 50000
  Number of SOSL queries: 0 out of 20
  Number of DML statements: 1 out of 150
  Number of DML rows: 1 out of 10000
  Maximum CPU time: 0 out of 10000
  Maximum heap size: 0 out of 6000000
  Number of callouts: 0 out of 100
  Number of Email Invocations: 0 out of 10
  Number of future calls: 0 out of 50
  Number of queueable jobs added to the queue: 0 out of 50
  Number of Mobile Apex push calls: 0 out of 10

07:02:52.133 (133741944)|CUMULATIVE_LIMIT_USAGE_END

07:02:52.0 (133778227)|CODE_UNIT_FINISHED|VF: /apex/PAW_New_Edit
07:02:52.0 (134548810)|EXECUTION_FINISHED
