37.0 APEX_CODE,FINEST;APEX_PROFILING,INFO;CALLOUT,INFO;DB,INFO;SYSTEM,DEBUG;VALIDATION,INFO;VISUALFORCE,INFO;WAVE,INFO;WORKFLOW,FINER
08:34:56.0 (495001)|USER_INFO|[EXTERNAL]|00529000000zYiy|bhakti.gujrathi@eternussolutions.com.frnstgng|Central Standard Time|GMT-06:00
08:34:56.0 (556660)|EXECUTION_STARTED
08:34:56.0 (561971)|CODE_UNIT_STARTED|[EXTERNAL]|0660a0000009uTC|VF: /apex/PAW_New_Edit
08:34:56.0 (762312)|VF_DESERIALIZE_VIEWSTATE_BEGIN|0660a0000009uTC
08:34:56.0 (5498914)|HEAP_ALLOCATE|[72]|Bytes:3
08:34:56.0 (5580713)|HEAP_ALLOCATE|[77]|Bytes:152
08:34:56.0 (5617245)|HEAP_ALLOCATE|[342]|Bytes:408
08:34:56.0 (5643490)|HEAP_ALLOCATE|[355]|Bytes:408
08:34:56.0 (5661807)|HEAP_ALLOCATE|[467]|Bytes:48
08:34:56.0 (5706502)|HEAP_ALLOCATE|[139]|Bytes:6
08:34:56.0 (5746992)|HEAP_ALLOCATE|[50]|Bytes:5
08:34:56.0 (5778226)|HEAP_ALLOCATE|[56]|Bytes:5
08:34:56.0 (5789667)|HEAP_ALLOCATE|[64]|Bytes:7
08:34:56.0 (28768980)|VARIABLE_SCOPE_BEGIN|[35]|PAW_New_EditCntrllr.globalSchemaMap|Map<String,Schema.SObjectType>|true|true
08:34:56.0 (28799424)|VARIABLE_SCOPE_BEGIN|[3]|PAW_New_EditCntrllr.yearEndMode|Boolean|false|true
08:34:56.0 (35198756)|VF_DESERIALIZE_VIEWSTATE_END
08:34:56.181 (181327149)|CUMULATIVE_LIMIT_USAGE
08:34:56.181 (181327149)|LIMIT_USAGE_FOR_NS|(default)|
  Number of SOQL queries: 0 out of 100
  Number of query rows: 0 out of 50000
  Number of SOSL queries: 0 out of 20
  Number of DML statements: 0 out of 150
  Number of DML rows: 0 out of 10000
  Maximum CPU time: 0 out of 10000
  Maximum heap size: 0 out of 6000000
  Number of callouts: 0 out of 100
  Number of Email Invocations: 0 out of 10
  Number of future calls: 0 out of 50
  Number of queueable jobs added to the queue: 0 out of 50
  Number of Mobile Apex push calls: 0 out of 10

08:34:56.181 (181327149)|CUMULATIVE_LIMIT_USAGE_END

08:34:56.0 (181398095)|CODE_UNIT_FINISHED|VF: /apex/PAW_New_Edit
08:34:56.0 (182247774)|EXECUTION_FINISHED
