37.0 APEX_CODE,FINEST;APEX_PROFILING,INFO;CALLOUT,INFO;DB,INFO;SYSTEM,DEBUG;VALIDATION,INFO;VISUALFORCE,INFO;WAVE,INFO;WORKFLOW,FINER
08:36:43.0 (806255)|USER_INFO|[EXTERNAL]|00529000000zYiy|bhakti.gujrathi@eternussolutions.com.frnstgng|Central Standard Time|GMT-06:00
08:36:43.0 (859801)|EXECUTION_STARTED
08:36:43.0 (864547)|CODE_UNIT_STARTED|[EXTERNAL]|0660a0000009uTC|VF: /apex/PAW_New_Edit
08:36:43.0 (1490642)|VF_DESERIALIZE_VIEWSTATE_BEGIN|0660a0000009uTC
08:36:43.0 (10827606)|HEAP_ALLOCATE|[72]|Bytes:3
08:36:43.0 (10908117)|HEAP_ALLOCATE|[77]|Bytes:152
08:36:43.0 (10927986)|HEAP_ALLOCATE|[342]|Bytes:408
08:36:43.0 (10948887)|HEAP_ALLOCATE|[355]|Bytes:408
08:36:43.0 (10969678)|HEAP_ALLOCATE|[467]|Bytes:48
08:36:43.0 (11005481)|HEAP_ALLOCATE|[139]|Bytes:6
08:36:43.0 (11038669)|HEAP_ALLOCATE|[50]|Bytes:5
08:36:43.0 (11070154)|HEAP_ALLOCATE|[56]|Bytes:5
08:36:43.0 (11086707)|HEAP_ALLOCATE|[64]|Bytes:7
08:36:43.0 (17114913)|VARIABLE_SCOPE_BEGIN|[35]|PAW_New_EditCntrllr.globalSchemaMap|Map<String,Schema.SObjectType>|true|true
08:36:43.0 (17139521)|VARIABLE_SCOPE_BEGIN|[3]|PAW_New_EditCntrllr.yearEndMode|Boolean|false|true
08:36:43.0 (23147441)|VF_DESERIALIZE_VIEWSTATE_END
08:36:43.25 (25504133)|SYSTEM_MODE_ENTER|true
08:36:43.25 (25624435)|HEAP_ALLOCATE|[EXTERNAL]|Bytes:38
08:36:43.25 (25644913)|HEAP_ALLOCATE|[EXTERNAL]|Bytes:7
08:36:43.25 (25662590)|SYSTEM_METHOD_ENTRY|[1]|PageMessagesComponentController.PageMessagesComponentController()
08:36:43.25 (25670573)|STATEMENT_EXECUTE|[1]
08:36:43.26 (26877805)|SYSTEM_MODE_ENTER|true
08:36:43.26 (26941055)|HEAP_ALLOCATE|[EXTERNAL]|Bytes:8
08:36:43.26 (26950710)|VARIABLE_SCOPE_BEGIN|[88]|this|ApexPage.PageMessagesComponentController|true|false
08:36:43.26 (27007268)|VARIABLE_ASSIGNMENT|[88]|this|{}|0x465d7f40
08:36:43.26 (27015634)|VARIABLE_SCOPE_BEGIN|[88]|escape|Boolean|false|false
08:36:43.26 (27024963)|VARIABLE_ASSIGNMENT|[88]|escape|null
08:36:43.0 (27356871)|SYSTEM_MODE_ENTER|true
08:36:43.0 (27389608)|HEAP_ALLOCATE|[EXTERNAL]|Bytes:11
08:36:43.0 (27411431)|HEAP_ALLOCATE|[EXTERNAL]|Bytes:304
08:36:43.0 (27416982)|HEAP_ALLOCATE|[EXTERNAL]|Bytes:98
08:36:43.0 (27421937)|HEAP_ALLOCATE|[EXTERNAL]|Bytes:14
08:36:43.0 (27435172)|METHOD_ENTRY|[1]|01p0a000004sKzV|PAW_New_EditCntrllr.PAW_New_EditCntrllr()
08:36:43.0 (27441007)|STATEMENT_EXECUTE|[1]
08:36:43.0 (27444836)|STATEMENT_EXECUTE|[1]
08:36:43.0 (27446128)|STATEMENT_EXECUTE|[3]
08:36:43.0 (29419588)|VARIABLE_SCOPE_BEGIN|[3]|PAW_YearEnd_Config.setting|Year_End_PAW_Settings__c|true|true
08:36:43.0 (29441543)|HEAP_ALLOCATE|[3]|Bytes:1
08:36:43.0 (29451800)|HEAP_ALLOCATE|[3]|Bytes:1
08:36:43.0 (29465947)|METHOD_ENTRY|[1]|01p29000000Aswf|PAW_YearEnd_Config.PAW_YearEnd_Config()
08:36:43.0 (29471882)|STATEMENT_EXECUTE|[1]
08:36:43.0 (29475143)|STATEMENT_EXECUTE|[1]
08:36:43.0 (29496478)|SYSTEM_MODE_ENTER|false
08:36:43.0 (29507493)|HEAP_ALLOCATE|[3]|Bytes:5
08:36:43.0 (29516657)|SYSTEM_MODE_EXIT|false
08:36:43.0 (29527631)|METHOD_EXIT|[1]|PAW_YearEnd_Config
08:36:43.0 (29548473)|METHOD_ENTRY|[3]|01p29000000Aswf|PAW_YearEnd_Config.fetch()
08:36:43.0 (29590752)|SYSTEM_MODE_ENTER|false
08:36:43.0 (29599798)|HEAP_ALLOCATE|[6]|Bytes:5
08:36:43.0 (29605775)|STATEMENT_EXECUTE|[5]
08:36:43.0 (29610486)|STATEMENT_EXECUTE|[7]
08:36:43.0 (31050877)|HEAP_ALLOCATE|[7]|Bytes:20
08:36:43.0 (31118783)|VARIABLE_ASSIGNMENT|[7]|PAW_YearEnd_Config.setting|{"IsDeleted":false,"Name":"Year End PAW Setting (11 more) ...","SetupOwnerId":"00529000000zYiyAAE","Year_End_Mode_Enable (4 more) ...":false}|0x5fb9410b
08:36:43.0 (31129496)|STATEMENT_EXECUTE|[9]
08:36:43.0 (31133944)|HEAP_ALLOCATE|[9]|Bytes:14
08:36:43.0 (31346453)|HEAP_ALLOCATE|[9]|Bytes:145
08:36:43.0 (31378713)|HEAP_ALLOCATE|[9]|Bytes:159
08:36:43.0 (31411108)|USER_DEBUG|[9]|DEBUG|>>> setting : Year_End_PAW_Settings__c:{IsDeleted=false, Name=Year End PAW Settings (Profile), SetupOwnerId=00529000000zYiyAAE, Year_End_Mode_Enabled__c=false}
08:36:43.0 (31423175)|STATEMENT_EXECUTE|[10]
08:36:43.0 (31429392)|SYSTEM_MODE_EXIT|false
08:36:43.0 (31440582)|METHOD_EXIT|[3]|01p29000000Aswf|PAW_YearEnd_Config.fetch()
08:36:43.0 (31498107)|VARIABLE_ASSIGNMENT|[3]|PAW_New_EditCntrllr.yearEndMode|false
08:36:43.0 (31505581)|STATEMENT_EXECUTE|[524]
08:36:43.0 (31512036)|METHOD_EXIT|[1]|PAW_New_EditCntrllr
08:36:43.0 (33185833)|SYSTEM_MODE_ENTER|true
08:36:43.0 (35045261)|SYSTEM_MODE_ENTER|true
08:36:43.0 (35146428)|HEAP_ALLOCATE|[EXTERNAL]|Bytes:476
08:36:43.0 (35166553)|HEAP_ALLOCATE|[EXTERNAL]|Bytes:71
08:36:43.0 (40488665)|SYSTEM_MODE_ENTER|true
08:36:43.0 (40607391)|SYSTEM_MODE_ENTER|true
08:36:43.0 (48644904)|SYSTEM_MODE_ENTER|true
08:36:43.0 (49023765)|HEAP_ALLOCATE|[EXTERNAL]|Bytes:112
08:36:43.0 (49048414)|VARIABLE_SCOPE_BEGIN|[215]|this|PAW_New_EditCntrllr|true|false
08:36:43.0 (49231210)|VARIABLE_ASSIGNMENT|[215]|this|{"estmtCvrgeDaysObj":"0x5365d8eb","faciltyOptions":"0x736a885a","fcltyPrgrmOptions":"0x4a37fcf","idToOwnershipFacilit (4 more) ...":"0x310d4b5c","idToTypeFacilityMap":"0x4c527f16","insrncBnftMap":"0x6bdd069e","insrncBnftOptions":"0x749f412d","isIop":false,"isTalbott":false,"meta":"0x2f13a349","oppId":"00629000004NTeZ","pawObj":"0x7066c372","ptntInsrnceOptions":"0x738cc216","ptntInsrncMap":"0x7d146363","ptntInsrncObj":"0x52158e9f","quoteObj":"0x4faf9e63","recordId":"00629000004NTeZ","rtAdjstmntOptions":"0x914b9b7","showPILookup":false,"sObjectQueryStr":"","wrprObj":"0x60e39fb9"}|0x25c520e6
08:36:43.0 (49264530)|STATEMENT_EXECUTE|[215]
08:36:43.0 (49266508)|STATEMENT_EXECUTE|[216]
08:36:43.0 (49360973)|STATEMENT_EXECUTE|[217]
08:36:43.0 (49386246)|HEAP_ALLOCATE|[217]|Bytes:12
08:36:43.0 (49467970)|HEAP_ALLOCATE|[EXTERNAL]|Bytes:4
08:36:43.0 (49572227)|VARIABLE_ASSIGNMENT|[EXTERNAL]|this|{"estmtCvrgeDaysObj":"0x5365d8eb","faciltyOptions":"0x736a885a","fcltyPrgrmOptions":"0x4a37fcf","idToOwnershipFacilit (4 more) ...":"0x310d4b5c","idToTypeFacilityMap":"0x4c527f16","insrncBnftMap":"0x6bdd069e","insrncBnftOptions":"0x749f412d","isIop":false,"isTalbott":false,"meta":"0x2f13a349","oppId":"00629000004NTeZ","pawObj":"0x7066c372","ptntInsrnceOptions":"0x738cc216","ptntInsrncMap":"0x7d146363","ptntInsrncObj":"0x52158e9f","quoteObj":"0x4faf9e63","recordId":"00629000004NTeZ","rtAdjstmntOptions":"0x914b9b7","showPILookup":false,"sObjectQueryStr":"","wrprObj":"0x60e39fb9"}|0x25c520e6
08:36:43.0 (49600527)|STATEMENT_EXECUTE|[218]
08:36:43.0 (49602150)|STATEMENT_EXECUTE|[219]
08:36:43.0 (49653309)|HEAP_ALLOCATE|[219]|Bytes:4
08:36:43.0 (49662531)|HEAP_ALLOCATE|[219]|Bytes:1083
08:36:43.0 (49678168)|HEAP_ALLOCATE|[219]|Bytes:4
08:36:43.0 (49696537)|HEAP_ALLOCATE|[219]|Bytes:7
08:36:43.0 (49776875)|VARIABLE_ASSIGNMENT|[EXTERNAL]|this|{"estmtCvrgeDaysObj":"0x5365d8eb","faciltyOptions":"0x736a885a","fcltyPrgrmOptions":"0x4a37fcf","idToOwnershipFacilit (4 more) ...":"0x310d4b5c","idToTypeFacilityMap":"0x4c527f16","insrncBnftMap":"0x6bdd069e","insrncBnftOptions":"0x749f412d","isIop":false,"isTalbott":false,"meta":"0x2f13a349","oppId":"00629000004NTeZ","pawObj":"0x7066c372","ptntInsrnceOptions":"0x738cc216","ptntInsrncMap":"0x7d146363","ptntInsrncObj":"0x52158e9f","quoteObj":"0x4faf9e63","recordId":"00629000004NTeZ","rtAdjstmntOptions":"0x914b9b7","showPILookup":false,"sObjectQueryStr":"","wrprObj":"0x60e39fb9"}|0x25c520e6
08:36:43.0 (54293840)|SOQL_EXECUTE_BEGIN|[219]|Aggregations:0|SELECT Id, Name, RecordType.Name, Uncovered_Charges__c, Patient_Insurance__r.Accepts_Assignment_of_Benefits__c, Patient_Insurance__r.Opportunity__c, Patient_Insurance__r.Accreditation__c, Patient_Insurance__r.Insurance_Company__r.Name, PHP_Admit_Co_Payment__c, Detox_Admit_Co_Payment__c, RTC_Admit_Co_Payment__c, Deductible__c, Deductible_Met__c, IOP_Admit_Co_Payment__c, Max_Out_of_Pocket_Remaining__c, Insurance_Company_is_Out_of_Network__c, Annual_Max_Remaining__c, Deductible_Remaining__c, Detox_Pays_at__c, Detox_Over__c, RTC_Pays_at__c, Residential_Treatment_Override__c, PHP_Pays_at__c, Partial_Hospitalization_Override__c, IOP_Pays_at__c, Intensive_Outpatient_Override__c, Num_Days_Uncovered__c, Num_Days_Room__c, Uncovered_Days_Rate__c, Room_and_Board_Days_Rate__c, Uncovered_Days_Override__c, Room_and_Board_Days_Override__c, Deductible_Included_in_OOP__c, Uncovered_Days__c, Lifetime_Max__c, Lifetime_Max_Met__c, Annual_Max__c, Annual_Max_Met__c, Max_Out_of_Pocket__c, Max_Out_of_Pocket_Met__c, Co_Pay_Met__c FROM Insurance_Benefit__c WHERE Patient_Insurance__c = :tmpVar1
08:36:43.0 (73855136)|SOQL_EXECUTE_END|[219]|Rows:2
08:36:43.0 (73918216)|HEAP_ALLOCATE|[219]|Bytes:12
08:36:43.0 (73995023)|HEAP_ALLOCATE|[219]|Bytes:2986
08:36:43.0 (74132231)|HEAP_ALLOCATE|[219]|Bytes:12
08:36:43.0 (74216907)|HEAP_ALLOCATE|[219]|Bytes:108
08:36:43.0 (74238878)|HEAP_ALLOCATE|[219]|Bytes:4
08:36:43.0 (74249725)|HEAP_ALLOCATE|[219]|Bytes:108
08:36:43.0 (74257826)|HEAP_ALLOCATE|[219]|Bytes:4
08:36:43.0 (74384969)|VARIABLE_ASSIGNMENT|[219]|this.insrncBnftMap|{"a1H29000000pRTUEA2":{"Id":"a1H29000000pRTUEA2","Name":"Insurance Benefit 75 (2 more) ...","RecordTypeId":"012j00000015GS6AAM","Patient_Insurance__c":"a1b29000000lvHQAAY","PHP_Admit_Co_Payment (3 more) ...":0.00,"Deductible__c":5000.00,"Deductible_Met__c":0.00,"Max_Out_of_Pocket_Re (10 more) ...":10000.00,"Insurance_Company_is (18 more) ...":false,"Annual_Max_Remaining (3 more) ...":1000000,"Deductible_Remaining (3 more) ...":5000.00,"Detox_Pays_at__c":80.00,"RTC_Pays_at__c":80.00,"PHP_Pays_at__c":80.00,"IOP_Pays_at__c":80.00,"Uncovered_Days_Rate_ (2 more) ...":630.00,"Room_and_Board_Days_ (7 more) ...":2000.00,"Deductible_Included_ (9 more) ...":"Yes","Lifetime_Max__c":1000000.00,"Lifetime_Max_Met__c":0.00,"Annual_Max__c":1000000.00,"Annual_Max_Met__c":0.00,"Max_Out_of_Pocket__c":10000.00,"Max_Out_of_Pocket_Me (4 more) ...":0.00,"RecordType":{"Name":"In Network","Id":"012j00000015GS6AAM"},"Patient_Insurance__r":{"Opportunity__c":"00629000004NTeZAAW","Accreditation__c":"State","Insurance_Company__c":"0012900000AXSP3AAP","Id":"a1b29000000lvHQAAY","Insurance_Company__r":{"Name":"Value Options/Beacon (7 more) ...","Id":"0012900000AXSP3AAP","RecordTypeId":"012j00000015GRqAAM"}}},"a1H29000000pRTZEA2":{"Id":"a1H29000000pRTZEA2","Name":"Insurance Benefit 75 (2 more) ...","RecordTypeId":"012j00000015GS7AAM","Patient_Insurance__c":"a1b29000000lvHQAAY","PHP_Admit_Co_Payment (3 more) ...":0.00,"Deductible__c":10000.00,"Deductible_Met__c":0.00,"Max_Out_of_Pocket_Re (10 more) ...":20000.00,"Insurance_Company_is (18 more) ...":false,"Annual_Max_Remaining (3 more) ...":1000000,"Deductible_Remaining (3 more) ...":10000.00,"Detox_Pays_at__c":60.00,"RTC_Pays_at__c":60.00,"PHP_Pays_at__c":60.00,"IOP_Pays_at__c":60.00,"Uncovered_Days_Rate_ (2 more) ...":630.00,"Room_and_Board_Days_ (7 more) ...":2000.00,"Deductible_Included_ (9 more) ...":"Yes","Lifetime_Max__c":1000000.00,"Lifetime_Max_Met__c":0.00,"Annual_Max__c":1000000.00,"Annual_Max_Met__c":0.00,"Max_Out_of_Pocket__c":20000.00,"Max_Out_of_Pocket_Me (4 more) ...":0.00,"RecordType":{"Name":"Out of Network","Id":"012j00000015GS7AAM"},"Patient_Insurance__r":{"Opportunity__c":"00629000004NTeZAAW","Accreditation__c":"State","Insurance_Company__c":"0012900000AXSP3AAP","Id":"a1b29000000lvHQAAY","Insurance_Company__r":{"Name":"Value Options/Beacon (7 more) ...","Id":"0012900000AXSP3AAP","RecordTypeId":"012j00000015GRqAAM"}}}}|0x25c520e6
08:36:43.0 (74499779)|HEAP_ALLOCATE|[EXTERNAL]|Bytes:12
08:36:43.0 (74529832)|HEAP_ALLOCATE|[263]|Bytes:2996
08:36:43.0 (74722332)|HEAP_ALLOCATE|[263]|Bytes:5
08:36:43.0 (74746781)|HEAP_ALLOCATE|[263]|Bytes:108
08:36:43.0 (74763070)|VARIABLE_SCOPE_BEGIN|[263]|insrncBnftInstance|Insurance_Benefit__c|true|false
08:36:43.0 (74809526)|VARIABLE_ASSIGNMENT|[263]|insrncBnftInstance|{"Id":"a1H29000000pRTUEA2","Name":"Insurance Benefit 75 (2 more) ...","RecordTypeId":"012j00000015GS6AAM","Patient_Insurance__c":"a1b29000000lvHQAAY","PHP_Admit_Co_Payment (3 more) ...":0.00,"Deductible__c":5000.00,"Deductible_Met__c":0.00,"Max_Out_of_Pocket_Re (10 more) ...":10000.00,"Insurance_Company_is (18 more) ...":false,"Annual_Max_Remaining (3 more) ...":1000000,"Deductible_Remaining (3 more) ...":5000.00,"Detox_Pays_at__c":80.00,"RTC_Pays_at__c":80.00,"PHP_Pays_at__c":80.00,"IOP_Pays_at__c":80.00,"Uncovered_Days_Rate_ (2 more) ...":630.00,"Room_and_Board_Days_ (7 more) ...":2000.00,"Deductible_Included_ (9 more) ...":"Yes","Lifetime_Max__c":1000000.00,"Lifetime_Max_Met__c":0.00,"Annual_Max__c":1000000.00,"Annual_Max_Met__c":0.00,"Max_Out_of_Pocket__c":10000.00,"Max_Out_of_Pocket_Me (4 more) ...":0.00,"RecordType":{"Name":"In Network","Id":"012j00000015GS6AAM"},"Patient_Insurance__r":{"Opportunity__c":"00629000004NTeZAAW","Accreditation__c":"State","Insurance_Company__c":"0012900000AXSP3AAP","Id":"a1b29000000lvHQAAY","Insurance_Company__r":{"Name":"Value Options/Beacon (7 more) ...","Id":"0012900000AXSP3AAP","RecordTypeId":"012j00000015GRqAAM"}}}|0x484ce03b
08:36:43.0 (74834468)|STATEMENT_EXECUTE|[263]
08:36:43.0 (74836642)|STATEMENT_EXECUTE|[264]
08:36:43.0 (74910079)|HEAP_ALLOCATE|[264]|Bytes:18
08:36:43.0 (74997024)|HEAP_ALLOCATE|[264]|Bytes:3
08:36:43.0 (75032316)|HEAP_ALLOCATE|[264]|Bytes:35
08:36:43.0 (75135813)|HEAP_ALLOCATE|[EXTERNAL]|Bytes:4
08:36:43.0 (75157313)|HEAP_ALLOCATE|[263]|Bytes:5
08:36:43.0 (75171470)|HEAP_ALLOCATE|[263]|Bytes:108
08:36:43.0 (75180739)|VARIABLE_SCOPE_BEGIN|[263]|insrncBnftInstance|Insurance_Benefit__c|true|false
08:36:43.0 (75221969)|VARIABLE_ASSIGNMENT|[263]|insrncBnftInstance|{"Id":"a1H29000000pRTZEA2","Name":"Insurance Benefit 75 (2 more) ...","RecordTypeId":"012j00000015GS7AAM","Patient_Insurance__c":"a1b29000000lvHQAAY","PHP_Admit_Co_Payment (3 more) ...":0.00,"Deductible__c":10000.00,"Deductible_Met__c":0.00,"Max_Out_of_Pocket_Re (10 more) ...":20000.00,"Insurance_Company_is (18 more) ...":false,"Annual_Max_Remaining (3 more) ...":1000000,"Deductible_Remaining (3 more) ...":10000.00,"Detox_Pays_at__c":60.00,"RTC_Pays_at__c":60.00,"PHP_Pays_at__c":60.00,"IOP_Pays_at__c":60.00,"Uncovered_Days_Rate_ (2 more) ...":630.00,"Room_and_Board_Days_ (7 more) ...":2000.00,"Deductible_Included_ (9 more) ...":"Yes","Lifetime_Max__c":1000000.00,"Lifetime_Max_Met__c":0.00,"Annual_Max__c":1000000.00,"Annual_Max_Met__c":0.00,"Max_Out_of_Pocket__c":20000.00,"Max_Out_of_Pocket_Me (4 more) ...":0.00,"RecordType":{"Name":"Out of Network","Id":"012j00000015GS7AAM"},"Patient_Insurance__r":{"Opportunity__c":"00629000004NTeZAAW","Accreditation__c":"State","Insurance_Company__c":"0012900000AXSP3AAP","Id":"a1b29000000lvHQAAY","Insurance_Company__r":{"Name":"Value Options/Beacon (7 more) ...","Id":"0012900000AXSP3AAP","RecordTypeId":"012j00000015GRqAAM"}}}|0x5e886c36
08:36:43.0 (75247765)|STATEMENT_EXECUTE|[263]
08:36:43.0 (75249288)|STATEMENT_EXECUTE|[264]
08:36:43.0 (75265855)|HEAP_ALLOCATE|[264]|Bytes:18
08:36:43.0 (75295036)|HEAP_ALLOCATE|[264]|Bytes:39
08:36:43.0 (75312640)|HEAP_ALLOCATE|[EXTERNAL]|Bytes:4
08:36:43.0 (75327435)|HEAP_ALLOCATE|[263]|Bytes:5
08:36:43.0 (75342485)|VARIABLE_ASSIGNMENT|[263]|insrncBnftInstance|null|
08:36:43.0 (75491282)|VARIABLE_ASSIGNMENT|[EXTERNAL]|this|{"estmtCvrgeDaysObj":"0x5365d8eb","faciltyOptions":"0x736a885a","fcltyPrgrmOptions":"0x4a37fcf","idToOwnershipFacilit (4 more) ...":"0x310d4b5c","idToTypeFacilityMap":"0x4c527f16","insrncBnftMap":"0x1e09014e","insrncBnftOptions":"0x749f412d","isIop":false,"isTalbott":false,"meta":"0x2f13a349","oppId":"00629000004NTeZ","pawObj":"0x7066c372","ptntInsrnceOptions":"0x738cc216","ptntInsrncMap":"0x7d146363","ptntInsrncObj":"0x52158e9f","quoteObj":"0x4faf9e63","recordId":"00629000004NTeZ","rtAdjstmntOptions":"0x914b9b7","showPILookup":false,"sObjectQueryStr":"","wrprObj":"0x60e39fb9"}|0x25c520e6
08:36:43.0 (75642080)|VARIABLE_ASSIGNMENT|[EXTERNAL]|this|{"insrncBnftSelected":"","pawDetailListDisplay (4 more) ...":false,"pyAgrmntWrksht":"0x7cafec8a","relatedPAWDetailsLis (1 more) ...":"0x223df20c","targetEDR":0.00,"totalAppliedDeductib (2 more) ...":0.00,"totalCoInsurance":0.00,"totalCoPayAmt":0.00,"totalInsCoResp":0.00,"totalInsEIVAmt":0.00,"totalRowCount":0,"totalTalbottDay":0}|0x60e39fb9
08:36:43.0 (75727676)|VARIABLE_ASSIGNMENT|[EXTERNAL]|this|{"estmtCvrgeDaysObj":"0x5365d8eb","faciltyOptions":"0x736a885a","fcltyPrgrmOptions":"0x4a37fcf","idToOwnershipFacilit (4 more) ...":"0x310d4b5c","idToTypeFacilityMap":"0x4c527f16","insrncBnftMap":"0x1e09014e","insrncBnftOptions":"0x749f412d","isIop":false,"isTalbott":false,"meta":"0x2f13a349","oppId":"00629000004NTeZ","pawObj":"0x7066c372","ptntInsrnceOptions":"0x738cc216","ptntInsrncMap":"0x7d146363","ptntInsrncObj":"0x52158e9f","quoteObj":"0x4faf9e63","recordId":"00629000004NTeZ","rtAdjstmntOptions":"0x914b9b7","showPILookup":false,"sObjectQueryStr":"","wrprObj":"0x60e39fb9"}|0x25c520e6
08:36:43.0 (75793047)|VARIABLE_ASSIGNMENT|[EXTERNAL]|this|{"insrncBnftSelected":"","pawDetailListDisplay (4 more) ...":false,"pyAgrmntWrksht":"0x7cafec8a","relatedPAWDetailsLis (1 more) ...":"0x223df20c","targetEDR":0.00,"totalAppliedDeductib (2 more) ...":0.00,"totalCoInsurance":0.00,"totalCoPayAmt":0.00,"totalInsCoResp":0.00,"totalInsEIVAmt":0.00,"totalRowCount":0,"totalTalbottDay":0}|0x60e39fb9
08:36:43.0 (75836396)|STATEMENT_EXECUTE|[269]
08:36:43.0 (75838515)|STATEMENT_EXECUTE|[270]
08:36:43.0 (75910427)|VARIABLE_ASSIGNMENT|[EXTERNAL]|this|{"estmtCvrgeDaysObj":"0x5365d8eb","faciltyOptions":"0x736a885a","fcltyPrgrmOptions":"0x4a37fcf","idToOwnershipFacilit (4 more) ...":"0x310d4b5c","idToTypeFacilityMap":"0x4c527f16","insrncBnftMap":"0x1e09014e","insrncBnftOptions":"0x749f412d","isIop":false,"isTalbott":false,"meta":"0x2f13a349","oppId":"00629000004NTeZ","pawObj":"0x7066c372","ptntInsrnceOptions":"0x738cc216","ptntInsrncMap":"0x7d146363","ptntInsrncObj":"0x52158e9f","quoteObj":"0x4faf9e63","recordId":"00629000004NTeZ","rtAdjstmntOptions":"0x914b9b7","showPILookup":false,"sObjectQueryStr":"","wrprObj":"0x60e39fb9"}|0x25c520e6
08:36:43.0 (75984308)|VARIABLE_ASSIGNMENT|[EXTERNAL]|this|{"insrncBnftSelected":"","pawDetailListDisplay (4 more) ...":false,"pyAgrmntWrksht":"0x7cafec8a","relatedPAWDetailsLis (1 more) ...":"0x223df20c","targetEDR":0.00,"totalAppliedDeductib (2 more) ...":0.00,"totalCoInsurance":0.00,"totalCoPayAmt":0.00,"totalInsCoResp":0.00,"totalInsEIVAmt":0.00,"totalRowCount":0,"totalTalbottDay":0}|0x60e39fb9
08:36:43.0 (76000367)|VARIABLE_ASSIGNMENT|[EXTERNAL]|value|null|
08:36:43.0 (76013036)|VARIABLE_ASSIGNMENT|[526]|this.insrncBnft|null|0x60e39fb9
08:36:43.0 (76024750)|STATEMENT_EXECUTE|[272]
08:36:43.84 (84715419)|SYSTEM_MODE_ENTER|true
08:36:43.84 (84839526)|HEAP_ALLOCATE|[EXTERNAL]|Bytes:8
08:36:43.84 (84860838)|VARIABLE_SCOPE_BEGIN|[88]|this|ApexPage.PageMessagesComponentController|true|false
08:36:43.84 (84920434)|VARIABLE_ASSIGNMENT|[88]|this|{}|0x465d7f40
08:36:43.84 (84928747)|VARIABLE_SCOPE_BEGIN|[88]|escape|Boolean|false|false
08:36:43.84 (84938418)|VARIABLE_ASSIGNMENT|[88]|escape|null
08:36:43.0 (85445802)|HEAP_ALLOCATE|[EXTERNAL]|Bytes:18
08:36:43.0 (85472158)|HEAP_ALLOCATE|[EXTERNAL]|Bytes:84
08:36:43.0 (85489492)|VARIABLE_ASSIGNMENT|[EXTERNAL]|this.insrncBnftSelected|"a1H29000000pRTUEA2"|0x60e39fb9
08:36:43.0 (85564719)|HEAP_ALLOCATE|[EXTERNAL]|Bytes:84
08:36:43.0 (85576863)|VARIABLE_ASSIGNMENT|[EXTERNAL]|this.facilitySelected|null|0x60e39fb9
08:36:43.0 (85644548)|HEAP_ALLOCATE|[EXTERNAL]|Bytes:84
08:36:43.0 (85657320)|VARIABLE_ASSIGNMENT|[EXTERNAL]|this.rateAdjstmntSelected|null|0x60e39fb9
08:36:43.0 (85724764)|HEAP_ALLOCATE|[EXTERNAL]|Bytes:84
08:36:43.0 (85736099)|VARIABLE_ASSIGNMENT|[EXTERNAL]|this.fcltyPrgrmSelected|null|0x60e39fb9
08:36:43.0 (93044510)|HEAP_ALLOCATE|[EXTERNAL]|Bytes:112
08:36:43.0 (93074628)|VARIABLE_SCOPE_BEGIN|[276]|this|PAW_New_EditCntrllr|true|false
08:36:43.0 (93225900)|VARIABLE_ASSIGNMENT|[276]|this|{"estmtCvrgeDaysObj":"0x5365d8eb","faciltyOptions":"0x736a885a","fcltyPrgrmOptions":"0x4a37fcf","idToOwnershipFacilit (4 more) ...":"0x310d4b5c","idToTypeFacilityMap":"0x4c527f16","insrncBnftMap":"0x1e09014e","insrncBnftOptions":"0x749f412d","isIop":false,"isTalbott":false,"meta":"0x2f13a349","oppId":"00629000004NTeZ","pawObj":"0x7066c372","ptntInsrnceOptions":"0x738cc216","ptntInsrncMap":"0x7d146363","ptntInsrncObj":"0x52158e9f","quoteObj":"0x4faf9e63","recordId":"00629000004NTeZ","rtAdjstmntOptions":"0x914b9b7","showPILookup":false,"sObjectQueryStr":"","wrprObj":"0x60e39fb9"}|0x25c520e6
08:36:43.0 (93259070)|STATEMENT_EXECUTE|[276]
08:36:43.0 (93261382)|STATEMENT_EXECUTE|[277]
08:36:43.0 (93291528)|HEAP_ALLOCATE|[277]|Bytes:4
08:36:43.0 (93448241)|VARIABLE_ASSIGNMENT|[EXTERNAL]|this|{"estmtCvrgeDaysObj":"0x5365d8eb","faciltyOptions":"0x736a885a","fcltyPrgrmOptions":"0x4a37fcf","idToOwnershipFacilit (4 more) ...":"0x310d4b5c","idToTypeFacilityMap":"0x4c527f16","insrncBnftMap":"0x1e09014e","insrncBnftOptions":"0x749f412d","isIop":false,"isTalbott":false,"meta":"0x2f13a349","oppId":"00629000004NTeZ","pawObj":"0x7066c372","ptntInsrnceOptions":"0x738cc216","ptntInsrncMap":"0x7d146363","ptntInsrncObj":"0x52158e9f","quoteObj":"0x4faf9e63","recordId":"00629000004NTeZ","rtAdjstmntOptions":"0x914b9b7","showPILookup":false,"sObjectQueryStr":"","wrprObj":"0x60e39fb9"}|0x25c520e6
08:36:43.0 (93516715)|HEAP_ALLOCATE|[EXTERNAL]|Bytes:4
08:36:43.0 (93532004)|VARIABLE_ASSIGNMENT|[EXTERNAL]|value|[]|0x6210d387
08:36:43.0 (93554080)|VARIABLE_ASSIGNMENT|[14]|this.faciltyOptions|[]|0x25c520e6
08:36:43.0 (93568168)|STATEMENT_EXECUTE|[278]
08:36:43.0 (93578189)|HEAP_ALLOCATE|[278]|Bytes:4
08:36:43.0 (93678302)|VARIABLE_ASSIGNMENT|[EXTERNAL]|this|{"estmtCvrgeDaysObj":"0x5365d8eb","faciltyOptions":"0x6210d387","fcltyPrgrmOptions":"0x4a37fcf","idToOwnershipFacilit (4 more) ...":"0x310d4b5c","idToTypeFacilityMap":"0x4c527f16","insrncBnftMap":"0x1e09014e","insrncBnftOptions":"0x749f412d","isIop":false,"isTalbott":false,"meta":"0x2f13a349","oppId":"00629000004NTeZ","pawObj":"0x7066c372","ptntInsrnceOptions":"0x738cc216","ptntInsrncMap":"0x7d146363","ptntInsrncObj":"0x52158e9f","quoteObj":"0x4faf9e63","recordId":"00629000004NTeZ","rtAdjstmntOptions":"0x914b9b7","showPILookup":false,"sObjectQueryStr":"","wrprObj":"0x60e39fb9"}|0x25c520e6
08:36:43.0 (93711816)|HEAP_ALLOCATE|[EXTERNAL]|Bytes:4
08:36:43.0 (93720810)|VARIABLE_ASSIGNMENT|[EXTERNAL]|value|[]|0x3a6163a5
08:36:43.0 (93735637)|VARIABLE_ASSIGNMENT|[15]|this.fcltyPrgrmOptions|[]|0x25c520e6
08:36:43.0 (93747352)|STATEMENT_EXECUTE|[279]
08:36:43.0 (93756602)|HEAP_ALLOCATE|[279]|Bytes:4
08:36:43.0 (93796417)|HEAP_ALLOCATE|[EXTERNAL]|Bytes:4
08:36:43.0 (93807760)|VARIABLE_ASSIGNMENT|[279]|this.rtAdjstmntOptions|[]|0x25c520e6
08:36:43.0 (93813942)|STATEMENT_EXECUTE|[280]
08:36:43.0 (93896453)|VARIABLE_ASSIGNMENT|[EXTERNAL]|this|{"estmtCvrgeDaysObj":"0x5365d8eb","faciltyOptions":"0x6210d387","fcltyPrgrmOptions":"0x3a6163a5","idToOwnershipFacilit (4 more) ...":"0x310d4b5c","idToTypeFacilityMap":"0x4c527f16","insrncBnftMap":"0x1e09014e","insrncBnftOptions":"0x749f412d","isIop":false,"isTalbott":false,"meta":"0x2f13a349","oppId":"00629000004NTeZ","pawObj":"0x7066c372","ptntInsrnceOptions":"0x738cc216","ptntInsrncMap":"0x7d146363","ptntInsrncObj":"0x52158e9f","quoteObj":"0x4faf9e63","recordId":"00629000004NTeZ","rtAdjstmntOptions":"0x12f68a5f","showPILookup":false,"sObjectQueryStr":"","wrprObj":"0x60e39fb9"}|0x25c520e6
08:36:43.0 (94000201)|VARIABLE_ASSIGNMENT|[EXTERNAL]|this|{"insrncBnftSelected":"a1H29000000pRTUEA2","pawDetailListDisplay (4 more) ...":false,"pyAgrmntWrksht":"0x7cafec8a","relatedPAWDetailsLis (1 more) ...":"0x223df20c","targetEDR":0.00,"totalAppliedDeductib (2 more) ...":0.00,"totalCoInsurance":0.00,"totalCoPayAmt":0.00,"totalInsCoResp":0.00,"totalInsEIVAmt":0.00,"totalRowCount":0,"totalTalbottDay":0}|0x60e39fb9
08:36:43.0 (94017828)|VARIABLE_ASSIGNMENT|[EXTERNAL]|value|""
08:36:43.0 (94030838)|VARIABLE_ASSIGNMENT|[528]|this.facilitySelected|""|0x60e39fb9
08:36:43.0 (94041561)|STATEMENT_EXECUTE|[281]
08:36:43.0 (94124873)|VARIABLE_ASSIGNMENT|[EXTERNAL]|this|{"estmtCvrgeDaysObj":"0x5365d8eb","faciltyOptions":"0x6210d387","fcltyPrgrmOptions":"0x3a6163a5","idToOwnershipFacilit (4 more) ...":"0x310d4b5c","idToTypeFacilityMap":"0x4c527f16","insrncBnftMap":"0x1e09014e","insrncBnftOptions":"0x749f412d","isIop":false,"isTalbott":false,"meta":"0x2f13a349","oppId":"00629000004NTeZ","pawObj":"0x7066c372","ptntInsrnceOptions":"0x738cc216","ptntInsrncMap":"0x7d146363","ptntInsrncObj":"0x52158e9f","quoteObj":"0x4faf9e63","recordId":"00629000004NTeZ","rtAdjstmntOptions":"0x12f68a5f","showPILookup":false,"sObjectQueryStr":"","wrprObj":"0x60e39fb9"}|0x25c520e6
08:36:43.0 (94158951)|HEAP_ALLOCATE|[281]|Bytes:8
08:36:43.0 (94218601)|HEAP_ALLOCATE|[EXTERNAL]|Bytes:4
08:36:43.0 (94300639)|VARIABLE_ASSIGNMENT|[EXTERNAL]|this|{"estmtCvrgeDaysObj":"0x5365d8eb","faciltyOptions":"0x6210d387","fcltyPrgrmOptions":"0x3a6163a5","idToOwnershipFacilit (4 more) ...":"0x310d4b5c","idToTypeFacilityMap":"0x4c527f16","insrncBnftMap":"0x1e09014e","insrncBnftOptions":"0x749f412d","isIop":false,"isTalbott":false,"meta":"0x2f13a349","oppId":"00629000004NTeZ","pawObj":"0x7066c372","ptntInsrnceOptions":"0x738cc216","ptntInsrncMap":"0x7d146363","ptntInsrncObj":"0x52158e9f","quoteObj":"0x4faf9e63","recordId":"00629000004NTeZ","rtAdjstmntOptions":"0x12f68a5f","showPILookup":false,"sObjectQueryStr":"","wrprObj":"0x60e39fb9"}|0x25c520e6
08:36:43.0 (94371679)|VARIABLE_ASSIGNMENT|[EXTERNAL]|this|{"facilitySelected":"","insrncBnftSelected":"a1H29000000pRTUEA2","pawDetailListDisplay (4 more) ...":false,"pyAgrmntWrksht":"0x7cafec8a","relatedPAWDetailsLis (1 more) ...":"0x223df20c","targetEDR":0.00,"totalAppliedDeductib (2 more) ...":0.00,"totalCoInsurance":0.00,"totalCoPayAmt":0.00,"totalInsCoResp":0.00,"totalInsEIVAmt":0.00,"totalRowCount":0,"totalTalbottDay":0}|0x60e39fb9
08:36:43.0 (94449344)|VARIABLE_ASSIGNMENT|[EXTERNAL]|this|{"estmtCvrgeDaysObj":"0x5365d8eb","faciltyOptions":"0x6210d387","fcltyPrgrmOptions":"0x3a6163a5","idToOwnershipFacilit (4 more) ...":"0x310d4b5c","idToTypeFacilityMap":"0x4c527f16","insrncBnftMap":"0x1e09014e","insrncBnftOptions":"0x749f412d","isIop":false,"isTalbott":false,"meta":"0x2f13a349","oppId":"00629000004NTeZ","pawObj":"0x7066c372","ptntInsrnceOptions":"0x738cc216","ptntInsrncMap":"0x7d146363","ptntInsrncObj":"0x52158e9f","quoteObj":"0x4faf9e63","recordId":"00629000004NTeZ","rtAdjstmntOptions":"0x12f68a5f","showPILookup":false,"sObjectQueryStr":"","wrprObj":"0x60e39fb9"}|0x25c520e6
08:36:43.0 (94513691)|VARIABLE_ASSIGNMENT|[EXTERNAL]|this|{"facilitySelected":"","insrncBnftSelected":"a1H29000000pRTUEA2","pawDetailListDisplay (4 more) ...":false,"pyAgrmntWrksht":"0x7cafec8a","relatedPAWDetailsLis (1 more) ...":"0x223df20c","targetEDR":0.00,"totalAppliedDeductib (2 more) ...":0.00,"totalCoInsurance":0.00,"totalCoPayAmt":0.00,"totalInsCoResp":0.00,"totalInsEIVAmt":0.00,"totalRowCount":0,"totalTalbottDay":0}|0x60e39fb9
08:36:43.0 (94562646)|STATEMENT_EXECUTE|[282]
08:36:43.0 (94564263)|STATEMENT_EXECUTE|[283]
08:36:43.0 (94636039)|VARIABLE_ASSIGNMENT|[EXTERNAL]|this|{"estmtCvrgeDaysObj":"0x5365d8eb","faciltyOptions":"0x6210d387","fcltyPrgrmOptions":"0x3a6163a5","idToOwnershipFacilit (4 more) ...":"0x310d4b5c","idToTypeFacilityMap":"0x4c527f16","insrncBnftMap":"0x1e09014e","insrncBnftOptions":"0x749f412d","isIop":false,"isTalbott":false,"meta":"0x2f13a349","oppId":"00629000004NTeZ","pawObj":"0x7066c372","ptntInsrnceOptions":"0x738cc216","ptntInsrncMap":"0x7d146363","ptntInsrncObj":"0x52158e9f","quoteObj":"0x4faf9e63","recordId":"00629000004NTeZ","rtAdjstmntOptions":"0x12f68a5f","showPILookup":false,"sObjectQueryStr":"","wrprObj":"0x60e39fb9"}|0x25c520e6
08:36:43.0 (94702993)|VARIABLE_ASSIGNMENT|[EXTERNAL]|this|{"facilitySelected":"","insrncBnftSelected":"a1H29000000pRTUEA2","pawDetailListDisplay (4 more) ...":false,"pyAgrmntWrksht":"0x7cafec8a","relatedPAWDetailsLis (1 more) ...":"0x223df20c","targetEDR":0.00,"totalAppliedDeductib (2 more) ...":0.00,"totalCoInsurance":0.00,"totalCoPayAmt":0.00,"totalInsCoResp":0.00,"totalInsEIVAmt":0.00,"totalRowCount":0,"totalTalbottDay":0}|0x60e39fb9
08:36:43.0 (94826695)|VARIABLE_ASSIGNMENT|[EXTERNAL]|this|{"estmtCvrgeDaysObj":"0x5365d8eb","faciltyOptions":"0x6210d387","fcltyPrgrmOptions":"0x3a6163a5","idToOwnershipFacilit (4 more) ...":"0x310d4b5c","idToTypeFacilityMap":"0x4c527f16","insrncBnftMap":"0x1e09014e","insrncBnftOptions":"0x749f412d","isIop":false,"isTalbott":false,"meta":"0x2f13a349","oppId":"00629000004NTeZ","pawObj":"0x7066c372","ptntInsrnceOptions":"0x738cc216","ptntInsrncMap":"0x7d146363","ptntInsrncObj":"0x52158e9f","quoteObj":"0x4faf9e63","recordId":"00629000004NTeZ","rtAdjstmntOptions":"0x12f68a5f","showPILookup":false,"sObjectQueryStr":"","wrprObj":"0x60e39fb9"}|0x25c520e6
08:36:43.0 (94893545)|VARIABLE_ASSIGNMENT|[EXTERNAL]|this|{"facilitySelected":"","insrncBnftSelected":"a1H29000000pRTUEA2","pawDetailListDisplay (4 more) ...":false,"pyAgrmntWrksht":"0x7cafec8a","relatedPAWDetailsLis (1 more) ...":"0x223df20c","targetEDR":0.00,"totalAppliedDeductib (2 more) ...":0.00,"totalCoInsurance":0.00,"totalCoPayAmt":0.00,"totalInsCoResp":0.00,"totalInsEIVAmt":0.00,"totalRowCount":0,"totalTalbottDay":0}|0x60e39fb9
08:36:43.0 (94957469)|VARIABLE_ASSIGNMENT|[EXTERNAL]|value|{"Id":"a1H29000000pRTUEA2","Name":"Insurance Benefit 75 (2 more) ...","RecordTypeId":"012j00000015GS6AAM","Patient_Insurance__c":"a1b29000000lvHQAAY","PHP_Admit_Co_Payment (3 more) ...":0.00,"Deductible__c":5000.00,"Deductible_Met__c":0.00,"Max_Out_of_Pocket_Re (10 more) ...":10000.00,"Insurance_Company_is (18 more) ...":false,"Annual_Max_Remaining (3 more) ...":1000000,"Deductible_Remaining (3 more) ...":5000.00,"Detox_Pays_at__c":80.00,"RTC_Pays_at__c":80.00,"PHP_Pays_at__c":80.00,"IOP_Pays_at__c":80.00,"Uncovered_Days_Rate_ (2 more) ...":630.00,"Room_and_Board_Days_ (7 more) ...":2000.00,"Deductible_Included_ (9 more) ...":"Yes","Lifetime_Max__c":1000000.00,"Lifetime_Max_Met__c":0.00,"Annual_Max__c":1000000.00,"Annual_Max_Met__c":0.00,"Max_Out_of_Pocket__c":10000.00,"Max_Out_of_Pocket_Me (4 more) ...":0.00,"RecordType":{"Name":"In Network","Id":"012j00000015GS6AAM"},"Patient_Insurance__r":{"Opportunity__c":"00629000004NTeZAAW","Accreditation__c":"State","Insurance_Company__c":"0012900000AXSP3AAP","Id":"a1b29000000lvHQAAY","Insurance_Company__r":{"Name":"Value Options/Beacon (7 more) ...","Id":"0012900000AXSP3AAP","RecordTypeId":"012j00000015GRqAAM"}}}|0x484ce03b
08:36:43.0 (95010086)|VARIABLE_ASSIGNMENT|[526]|this.insrncBnft|{"Id":"a1H29000000pRTUEA2","Name":"Insurance Benefit 75 (2 more) ...","RecordTypeId":"012j00000015GS6AAM","Patient_Insurance__c":"a1b29000000lvHQAAY","PHP_Admit_Co_Payment (3 more) ...":0.00,"Deductible__c":5000.00,"Deductible_Met__c":0.00,"Max_Out_of_Pocket_Re (10 more) ...":10000.00,"Insurance_Company_is (18 more) ...":false,"Annual_Max_Remaining (3 more) ...":1000000,"Deductible_Remaining (3 more) ...":5000.00,"Detox_Pays_at__c":80.00,"RTC_Pays_at__c":80.00,"PHP_Pays_at__c":80.00,"IOP_Pays_at__c":80.00,"Uncovered_Days_Rate_ (2 more) ...":630.00,"Room_and_Board_Days_ (7 more) ...":2000.00,"Deductible_Included_ (9 more) ...":"Yes","Lifetime_Max__c":1000000.00,"Lifetime_Max_Met__c":0.00,"Annual_Max__c":1000000.00,"Annual_Max_Met__c":0.00,"Max_Out_of_Pocket__c":10000.00,"Max_Out_of_Pocket_Me (4 more) ...":0.00,"RecordType":{"Name":"In Network","Id":"012j00000015GS6AAM"},"Patient_Insurance__r":{"Opportunity__c":"00629000004NTeZAAW","Accreditation__c":"State","Insurance_Company__c":"0012900000AXSP3AAP","Id":"a1b29000000lvHQAAY","Insurance_Company__r":{"Name":"Value Options/Beacon (7 more) ...","Id":"0012900000AXSP3AAP","RecordTypeId":"012j00000015GRqAAM"}}}|0x60e39fb9
08:36:43.0 (95038276)|STATEMENT_EXECUTE|[284]
08:36:43.0 (95114482)|VARIABLE_ASSIGNMENT|[EXTERNAL]|this|{"estmtCvrgeDaysObj":"0x5365d8eb","faciltyOptions":"0x6210d387","fcltyPrgrmOptions":"0x3a6163a5","idToOwnershipFacilit (4 more) ...":"0x310d4b5c","idToTypeFacilityMap":"0x4c527f16","insrncBnftMap":"0x1e09014e","insrncBnftOptions":"0x749f412d","isIop":false,"isTalbott":false,"meta":"0x2f13a349","oppId":"00629000004NTeZ","pawObj":"0x7066c372","ptntInsrnceOptions":"0x738cc216","ptntInsrncMap":"0x7d146363","ptntInsrncObj":"0x52158e9f","quoteObj":"0x4faf9e63","recordId":"00629000004NTeZ","rtAdjstmntOptions":"0x12f68a5f","showPILookup":false,"sObjectQueryStr":"","wrprObj":"0x60e39fb9"}|0x25c520e6
08:36:43.0 (95188323)|VARIABLE_ASSIGNMENT|[EXTERNAL]|this|{"facilitySelected":"","insrncBnft":"0x484ce03b","insrncBnftSelected":"a1H29000000pRTUEA2","pawDetailListDisplay (4 more) ...":false,"pyAgrmntWrksht":"0x7cafec8a","relatedPAWDetailsLis (1 more) ...":"0x223df20c","targetEDR":0.00,"totalAppliedDeductib (2 more) ...":0.00,"totalCoInsurance":0.00,"totalCoPayAmt":0.00,"totalInsCoResp":0.00,"totalInsEIVAmt":0.00,"totalRowCount":0,"totalTalbottDay":0}|0x60e39fb9
08:36:43.0 (95315816)|VARIABLE_ASSIGNMENT|[EXTERNAL]|this|{"estmtCvrgeDaysObj":"0x5365d8eb","faciltyOptions":"0x6210d387","fcltyPrgrmOptions":"0x3a6163a5","idToOwnershipFacilit (4 more) ...":"0x310d4b5c","idToTypeFacilityMap":"0x4c527f16","insrncBnftMap":"0x1e09014e","insrncBnftOptions":"0x749f412d","isIop":false,"isTalbott":false,"meta":"0x2f13a349","oppId":"00629000004NTeZ","pawObj":"0x7066c372","ptntInsrnceOptions":"0x738cc216","ptntInsrncMap":"0x7d146363","ptntInsrncObj":"0x52158e9f","quoteObj":"0x4faf9e63","recordId":"00629000004NTeZ","rtAdjstmntOptions":"0x12f68a5f","showPILookup":false,"sObjectQueryStr":"","wrprObj":"0x60e39fb9"}|0x25c520e6
08:36:43.0 (95388498)|VARIABLE_ASSIGNMENT|[EXTERNAL]|this|{"facilitySelected":"","insrncBnft":"0x484ce03b","insrncBnftSelected":"a1H29000000pRTUEA2","pawDetailListDisplay (4 more) ...":false,"pyAgrmntWrksht":"0x7cafec8a","relatedPAWDetailsLis (1 more) ...":"0x223df20c","targetEDR":0.00,"totalAppliedDeductib (2 more) ...":0.00,"totalCoInsurance":0.00,"totalCoPayAmt":0.00,"totalInsCoResp":0.00,"totalInsEIVAmt":0.00,"totalRowCount":0,"totalTalbottDay":0}|0x60e39fb9
08:36:43.0 (95496429)|VARIABLE_ASSIGNMENT|[284]|this.Deductible_Included_in_OOP__c|"Yes"|0x7cafec8a
08:36:43.0 (95505745)|STATEMENT_EXECUTE|[285]
08:36:43.0 (95544030)|HEAP_ALLOCATE|[285]|Bytes:4
08:36:43.0 (95553360)|HEAP_ALLOCATE|[285]|Bytes:315
08:36:43.0 (95568212)|HEAP_ALLOCATE|[285]|Bytes:4
08:36:43.0 (95650920)|VARIABLE_ASSIGNMENT|[EXTERNAL]|this|{"estmtCvrgeDaysObj":"0x5365d8eb","faciltyOptions":"0x6210d387","fcltyPrgrmOptions":"0x3a6163a5","idToOwnershipFacilit (4 more) ...":"0x310d4b5c","idToTypeFacilityMap":"0x4c527f16","insrncBnftMap":"0x1e09014e","insrncBnftOptions":"0x749f412d","isIop":false,"isTalbott":false,"meta":"0x2f13a349","oppId":"00629000004NTeZ","pawObj":"0x7066c372","ptntInsrnceOptions":"0x738cc216","ptntInsrncMap":"0x7d146363","ptntInsrncObj":"0x52158e9f","quoteObj":"0x4faf9e63","recordId":"00629000004NTeZ","rtAdjstmntOptions":"0x12f68a5f","showPILookup":false,"sObjectQueryStr":"","wrprObj":"0x60e39fb9"}|0x25c520e6
08:36:43.0 (95717786)|VARIABLE_ASSIGNMENT|[EXTERNAL]|this|{"facilitySelected":"","insrncBnft":"0x484ce03b","insrncBnftSelected":"a1H29000000pRTUEA2","pawDetailListDisplay (4 more) ...":false,"pyAgrmntWrksht":"0x7cafec8a","relatedPAWDetailsLis (1 more) ...":"0x223df20c","targetEDR":0.00,"totalAppliedDeductib (2 more) ...":0.00,"totalCoInsurance":0.00,"totalCoPayAmt":0.00,"totalInsCoResp":0.00,"totalInsEIVAmt":0.00,"totalRowCount":0,"totalTalbottDay":0}|0x60e39fb9
08:36:43.0 (97347774)|SOQL_EXECUTE_BEGIN|[285]|Aggregations:0|SELECT Id, DTX_Days__c, FRN_Facility__c, FRN_Facility__r.Name, FRN_Facility__r.Ownership, FRN_Facility__r.FRN_Facility_Type__c, Insurance_Benefit__c, IOP_Days__c, PHP_Days__c, RTC_Days__c, Total_Copay__c FROM Estimated_Coverage_Days__c WHERE Insurance_Benefit__c = :tmpVar1 ORDER BY LastModifiedDate ASC NULLS FIRST
08:36:43.0 (105647376)|SOQL_EXECUTE_END|[285]|Rows:1
08:36:43.0 (105705471)|HEAP_ALLOCATE|[285]|Bytes:8
08:36:43.0 (105748772)|HEAP_ALLOCATE|[285]|Bytes:532
08:36:43.0 (105879734)|HEAP_ALLOCATE|[285]|Bytes:8
08:36:43.0 (105964595)|HEAP_ALLOCATE|[285]|Bytes:40
08:36:43.0 (105984535)|HEAP_ALLOCATE|[285]|Bytes:4
08:36:43.0 (106069706)|VARIABLE_ASSIGNMENT|[285]|this.estmtCnrgDaysMap|{"a18290000007st9AAA":{"Id":"a18290000007st9AAA","DTX_Days__c":0,"FRN_Facility__c":"001j000000NqKMtAAN","Insurance_Benefit__c":"a1H29000000pRTUEA2","IOP_Days__c":0,"PHP_Days__c":13,"RTC_Days__c":7,"Total_Copay__c":0.00,"FRN_Facility__r":{"Name":"Black Bear Lodge","Ownership":"FRN","FRN_Facility_Type__c":"Residential Treatmen (1 more) ...","Id":"001j000000NqKMtAAN","RecordTypeId":"012j00000015GRpAAM"}}}|0x25c520e6
08:36:43.0 (106159356)|HEAP_ALLOCATE|[EXTERNAL]|Bytes:8
08:36:43.0 (106177418)|HEAP_ALLOCATE|[299]|Bytes:539
08:36:43.0 (106370740)|HEAP_ALLOCATE|[299]|Bytes:5
08:36:43.0 (106395482)|HEAP_ALLOCATE|[299]|Bytes:40
08:36:43.0 (106411942)|VARIABLE_SCOPE_BEGIN|[299]|estmtInstance|Estimated_Coverage_Days__c|true|false
08:36:43.0 (106445348)|VARIABLE_ASSIGNMENT|[299]|estmtInstance|{"Id":"a18290000007st9AAA","DTX_Days__c":0,"FRN_Facility__c":"001j000000NqKMtAAN","Insurance_Benefit__c":"a1H29000000pRTUEA2","IOP_Days__c":0,"PHP_Days__c":13,"RTC_Days__c":7,"Total_Copay__c":0.00,"FRN_Facility__r":{"Name":"Black Bear Lodge","Ownership":"FRN","FRN_Facility_Type__c":"Residential Treatmen (1 more) ...","Id":"001j000000NqKMtAAN","RecordTypeId":"012j00000015GRpAAM"}}|0x1712fe72
08:36:43.0 (106459959)|STATEMENT_EXECUTE|[299]
08:36:43.0 (106461952)|STATEMENT_EXECUTE|[300]
08:36:43.0 (106647114)|HEAP_ALLOCATE|[EXTERNAL]|Bytes:-4
08:36:43.0 (106661321)|STATEMENT_EXECUTE|[301]
08:36:43.0 (106723767)|HEAP_ALLOCATE|[EXTERNAL]|Bytes:-4
08:36:43.0 (106736076)|STATEMENT_EXECUTE|[302]
08:36:43.0 (106881240)|VARIABLE_ASSIGNMENT|[EXTERNAL]|this|{"estmtCnrgDaysMap":"0x76a74257","estmtCvrgeDaysObj":"0x5365d8eb","faciltyOptions":"0x6210d387","fcltyPrgrmOptions":"0x3a6163a5","idToOwnershipFacilit (4 more) ...":"0x310d4b5c","idToTypeFacilityMap":"0x4c527f16","insrncBnftMap":"0x1e09014e","insrncBnftOptions":"0x749f412d","isIop":false,"isTalbott":false,"meta":"0x2f13a349","oppId":"00629000004NTeZ","pawObj":"0x7066c372","ptntInsrnceOptions":"0x738cc216","ptntInsrncMap":"0x7d146363","ptntInsrncObj":"0x52158e9f","quoteObj":"0x4faf9e63","recordId":"00629000004NTeZ","rtAdjstmntOptions":"0x12f68a5f","showPILookup":false,"sObjectQueryStr":"","wrprObj":"0x60e39fb9"}|0x25c520e6
08:36:43.0 (106931832)|HEAP_ALLOCATE|[302]|Bytes:18
08:36:43.0 (107015448)|HEAP_ALLOCATE|[EXTERNAL]|Bytes:4
08:36:43.0 (107034914)|HEAP_ALLOCATE|[299]|Bytes:5
08:36:43.0 (107051195)|VARIABLE_ASSIGNMENT|[299]|estmtInstance|null|
08:36:43.119 (119301820)|SYSTEM_MODE_ENTER|true
08:36:43.119 (119456793)|HEAP_ALLOCATE|[EXTERNAL]|Bytes:8
08:36:43.119 (119478149)|VARIABLE_SCOPE_BEGIN|[88]|this|ApexPage.PageMessagesComponentController|true|false
08:36:43.119 (119541867)|VARIABLE_ASSIGNMENT|[88]|this|{}|0x465d7f40
08:36:43.119 (119549879)|VARIABLE_SCOPE_BEGIN|[88]|escape|Boolean|false|false
08:36:43.119 (119559836)|VARIABLE_ASSIGNMENT|[88]|escape|null
08:36:43.119 (119733471)|SYSTEM_MODE_ENTER|true
08:36:43.119 (119775695)|HEAP_ALLOCATE|[EXTERNAL]|Bytes:8
08:36:43.119 (119784475)|VARIABLE_SCOPE_BEGIN|[2]|this|ApexPage.PageMessagesComponentController|true|false
08:36:43.119 (119806977)|VARIABLE_ASSIGNMENT|[2]|this|{}|0x465d7f40
08:36:43.0 (120441068)|SYSTEM_MODE_ENTER|true
08:36:43.0 (120605209)|SYSTEM_MODE_ENTER|true
08:36:43.0 (121046375)|SYSTEM_MODE_ENTER|true
08:36:43.0 (125520249)|SYSTEM_MODE_ENTER|true
08:36:43.0 (125603183)|SYSTEM_MODE_ENTER|true
08:36:43.131 (131775827)|SYSTEM_MODE_ENTER|true
08:36:43.131 (131896248)|HEAP_ALLOCATE|[EXTERNAL]|Bytes:8
08:36:43.131 (131918021)|VARIABLE_SCOPE_BEGIN|[88]|this|ApexPage.PageMessagesComponentController|true|false
08:36:43.131 (131979794)|VARIABLE_ASSIGNMENT|[88]|this|{}|0x465d7f40
08:36:43.131 (131988007)|VARIABLE_SCOPE_BEGIN|[88]|escape|Boolean|false|false
08:36:43.131 (131997897)|VARIABLE_ASSIGNMENT|[88]|escape|null
08:36:43.132 (132200170)|SYSTEM_MODE_ENTER|true
08:36:43.132 (132241397)|HEAP_ALLOCATE|[EXTERNAL]|Bytes:8
08:36:43.132 (132251054)|VARIABLE_SCOPE_BEGIN|[2]|this|ApexPage.PageMessagesComponentController|true|false
08:36:43.132 (132273596)|VARIABLE_ASSIGNMENT|[2]|this|{}|0x465d7f40
08:36:43.0 (135049373)|SYSTEM_MODE_ENTER|true
08:36:43.0 (135096263)|HEAP_ALLOCATE|[EXTERNAL]|Bytes:112
08:36:43.0 (135106842)|VARIABLE_SCOPE_BEGIN|[215]|this|PAW_New_EditCntrllr|true|false
08:36:43.0 (135219716)|VARIABLE_ASSIGNMENT|[215]|this|{"estmtCnrgDaysMap":"0x76a74257","estmtCvrgeDaysObj":"0x5365d8eb","faciltyOptions":"0x6210d387","fcltyPrgrmOptions":"0x3a6163a5","idToOwnershipFacilit (4 more) ...":"0x310d4b5c","idToTypeFacilityMap":"0x4c527f16","insrncBnftMap":"0x1e09014e","insrncBnftOptions":"0x749f412d","isIop":false,"isTalbott":false,"meta":"0x2f13a349","oppId":"00629000004NTeZ","pawObj":"0x7066c372","ptntInsrnceOptions":"0x738cc216","ptntInsrncMap":"0x7d146363","ptntInsrncObj":"0x52158e9f","quoteObj":"0x4faf9e63","recordId":"00629000004NTeZ","rtAdjstmntOptions":"0x12f68a5f","showPILookup":false,"sObjectQueryStr":"","wrprObj":"0x60e39fb9"}|0x25c520e6
08:36:43.0 (135242228)|STATEMENT_EXECUTE|[215]
08:36:43.0 (135244311)|STATEMENT_EXECUTE|[216]
08:36:43.0 (135263295)|STATEMENT_EXECUTE|[217]
08:36:43.0 (135300416)|HEAP_ALLOCATE|[EXTERNAL]|Bytes:4
08:36:43.0 (135379369)|VARIABLE_ASSIGNMENT|[EXTERNAL]|this|{"estmtCnrgDaysMap":"0x76a74257","estmtCvrgeDaysObj":"0x5365d8eb","faciltyOptions":"0x6210d387","fcltyPrgrmOptions":"0x3a6163a5","idToOwnershipFacilit (4 more) ...":"0x310d4b5c","idToTypeFacilityMap":"0x4c527f16","insrncBnftMap":"0x1e09014e","insrncBnftOptions":"0x749f412d","isIop":false,"isTalbott":false,"meta":"0x2f13a349","oppId":"00629000004NTeZ","pawObj":"0x7066c372","ptntInsrnceOptions":"0x738cc216","ptntInsrncMap":"0x7d146363","ptntInsrncObj":"0x52158e9f","quoteObj":"0x4faf9e63","recordId":"00629000004NTeZ","rtAdjstmntOptions":"0x12f68a5f","showPILookup":false,"sObjectQueryStr":"","wrprObj":"0x60e39fb9"}|0x25c520e6
08:36:43.0 (135403580)|STATEMENT_EXECUTE|[218]
08:36:43.0 (135405228)|STATEMENT_EXECUTE|[219]
08:36:43.0 (135442737)|HEAP_ALLOCATE|[219]|Bytes:4
08:36:43.0 (135459661)|HEAP_ALLOCATE|[219]|Bytes:4
08:36:43.0 (135535180)|VARIABLE_ASSIGNMENT|[EXTERNAL]|this|{"estmtCnrgDaysMap":"0x76a74257","estmtCvrgeDaysObj":"0x5365d8eb","faciltyOptions":"0x6210d387","fcltyPrgrmOptions":"0x3a6163a5","idToOwnershipFacilit (4 more) ...":"0x310d4b5c","idToTypeFacilityMap":"0x4c527f16","insrncBnftMap":"0x1e09014e","insrncBnftOptions":"0x749f412d","isIop":false,"isTalbott":false,"meta":"0x2f13a349","oppId":"00629000004NTeZ","pawObj":"0x7066c372","ptntInsrnceOptions":"0x738cc216","ptntInsrncMap":"0x7d146363","ptntInsrncObj":"0x52158e9f","quoteObj":"0x4faf9e63","recordId":"00629000004NTeZ","rtAdjstmntOptions":"0x12f68a5f","showPILookup":false,"sObjectQueryStr":"","wrprObj":"0x60e39fb9"}|0x25c520e6
08:36:43.0 (136767530)|SOQL_EXECUTE_BEGIN|[219]|Aggregations:0|SELECT Id, Name, RecordType.Name, Uncovered_Charges__c, Patient_Insurance__r.Accepts_Assignment_of_Benefits__c, Patient_Insurance__r.Opportunity__c, Patient_Insurance__r.Accreditation__c, Patient_Insurance__r.Insurance_Company__r.Name, PHP_Admit_Co_Payment__c, Detox_Admit_Co_Payment__c, RTC_Admit_Co_Payment__c, Deductible__c, Deductible_Met__c, IOP_Admit_Co_Payment__c, Max_Out_of_Pocket_Remaining__c, Insurance_Company_is_Out_of_Network__c, Annual_Max_Remaining__c, Deductible_Remaining__c, Detox_Pays_at__c, Detox_Over__c, RTC_Pays_at__c, Residential_Treatment_Override__c, PHP_Pays_at__c, Partial_Hospitalization_Override__c, IOP_Pays_at__c, Intensive_Outpatient_Override__c, Num_Days_Uncovered__c, Num_Days_Room__c, Uncovered_Days_Rate__c, Room_and_Board_Days_Rate__c, Uncovered_Days_Override__c, Room_and_Board_Days_Override__c, Deductible_Included_in_OOP__c, Uncovered_Days__c, Lifetime_Max__c, Lifetime_Max_Met__c, Annual_Max__c, Annual_Max_Met__c, Max_Out_of_Pocket__c, Max_Out_of_Pocket_Met__c, Co_Pay_Met__c FROM Insurance_Benefit__c WHERE Patient_Insurance__c = :tmpVar1
08:36:43.0 (152931685)|SOQL_EXECUTE_END|[219]|Rows:2
08:36:43.0 (153000507)|HEAP_ALLOCATE|[219]|Bytes:12
08:36:43.0 (153119742)|HEAP_ALLOCATE|[219]|Bytes:2986
08:36:43.0 (153224788)|HEAP_ALLOCATE|[219]|Bytes:12
08:36:43.0 (153295680)|HEAP_ALLOCATE|[219]|Bytes:108
08:36:43.0 (153324032)|HEAP_ALLOCATE|[219]|Bytes:4
08:36:43.0 (153336144)|HEAP_ALLOCATE|[219]|Bytes:108
08:36:43.0 (153347255)|HEAP_ALLOCATE|[219]|Bytes:4
08:36:43.0 (153525640)|VARIABLE_ASSIGNMENT|[219]|this.insrncBnftMap|{"a1H29000000pRTUEA2":{"Id":"a1H29000000pRTUEA2","Name":"Insurance Benefit 75 (2 more) ...","RecordTypeId":"012j00000015GS6AAM","Patient_Insurance__c":"a1b29000000lvHQAAY","PHP_Admit_Co_Payment (3 more) ...":0.00,"Deductible__c":5000.00,"Deductible_Met__c":0.00,"Max_Out_of_Pocket_Re (10 more) ...":10000.00,"Insurance_Company_is (18 more) ...":false,"Annual_Max_Remaining (3 more) ...":1000000,"Deductible_Remaining (3 more) ...":5000.00,"Detox_Pays_at__c":80.00,"RTC_Pays_at__c":80.00,"PHP_Pays_at__c":80.00,"IOP_Pays_at__c":80.00,"Uncovered_Days_Rate_ (2 more) ...":630.00,"Room_and_Board_Days_ (7 more) ...":2000.00,"Deductible_Included_ (9 more) ...":"Yes","Lifetime_Max__c":1000000.00,"Lifetime_Max_Met__c":0.00,"Annual_Max__c":1000000.00,"Annual_Max_Met__c":0.00,"Max_Out_of_Pocket__c":10000.00,"Max_Out_of_Pocket_Me (4 more) ...":0.00,"RecordType":{"Name":"In Network","Id":"012j00000015GS6AAM"},"Patient_Insurance__r":{"Opportunity__c":"00629000004NTeZAAW","Accreditation__c":"State","Insurance_Company__c":"0012900000AXSP3AAP","Id":"a1b29000000lvHQAAY","Insurance_Company__r":{"Name":"Value Options/Beacon (7 more) ...","Id":"0012900000AXSP3AAP","RecordTypeId":"012j00000015GRqAAM"}}},"a1H29000000pRTZEA2":{"Id":"a1H29000000pRTZEA2","Name":"Insurance Benefit 75 (2 more) ...","RecordTypeId":"012j00000015GS7AAM","Patient_Insurance__c":"a1b29000000lvHQAAY","PHP_Admit_Co_Payment (3 more) ...":0.00,"Deductible__c":10000.00,"Deductible_Met__c":0.00,"Max_Out_of_Pocket_Re (10 more) ...":20000.00,"Insurance_Company_is (18 more) ...":false,"Annual_Max_Remaining (3 more) ...":1000000,"Deductible_Remaining (3 more) ...":10000.00,"Detox_Pays_at__c":60.00,"RTC_Pays_at__c":60.00,"PHP_Pays_at__c":60.00,"IOP_Pays_at__c":60.00,"Uncovered_Days_Rate_ (2 more) ...":630.00,"Room_and_Board_Days_ (7 more) ...":2000.00,"Deductible_Included_ (9 more) ...":"Yes","Lifetime_Max__c":1000000.00,"Lifetime_Max_Met__c":0.00,"Annual_Max__c":1000000.00,"Annual_Max_Met__c":0.00,"Max_Out_of_Pocket__c":20000.00,"Max_Out_of_Pocket_Me (4 more) ...":0.00,"RecordType":{"Name":"Out of Network","Id":"012j00000015GS7AAM"},"Patient_Insurance__r":{"Opportunity__c":"00629000004NTeZAAW","Accreditation__c":"State","Insurance_Company__c":"0012900000AXSP3AAP","Id":"a1b29000000lvHQAAY","Insurance_Company__r":{"Name":"Value Options/Beacon (7 more) ...","Id":"0012900000AXSP3AAP","RecordTypeId":"012j00000015GRqAAM"}}}}|0x25c520e6
08:36:43.0 (153622734)|HEAP_ALLOCATE|[EXTERNAL]|Bytes:12
08:36:43.0 (153660782)|HEAP_ALLOCATE|[263]|Bytes:2996
08:36:43.0 (153720985)|HEAP_ALLOCATE|[263]|Bytes:5
08:36:43.0 (153747717)|HEAP_ALLOCATE|[263]|Bytes:108
08:36:43.0 (153768458)|VARIABLE_SCOPE_BEGIN|[263]|insrncBnftInstance|Insurance_Benefit__c|true|false
08:36:43.0 (153842900)|VARIABLE_ASSIGNMENT|[263]|insrncBnftInstance|{"Id":"a1H29000000pRTUEA2","Name":"Insurance Benefit 75 (2 more) ...","RecordTypeId":"012j00000015GS6AAM","Patient_Insurance__c":"a1b29000000lvHQAAY","PHP_Admit_Co_Payment (3 more) ...":0.00,"Deductible__c":5000.00,"Deductible_Met__c":0.00,"Max_Out_of_Pocket_Re (10 more) ...":10000.00,"Insurance_Company_is (18 more) ...":false,"Annual_Max_Remaining (3 more) ...":1000000,"Deductible_Remaining (3 more) ...":5000.00,"Detox_Pays_at__c":80.00,"RTC_Pays_at__c":80.00,"PHP_Pays_at__c":80.00,"IOP_Pays_at__c":80.00,"Uncovered_Days_Rate_ (2 more) ...":630.00,"Room_and_Board_Days_ (7 more) ...":2000.00,"Deductible_Included_ (9 more) ...":"Yes","Lifetime_Max__c":1000000.00,"Lifetime_Max_Met__c":0.00,"Annual_Max__c":1000000.00,"Annual_Max_Met__c":0.00,"Max_Out_of_Pocket__c":10000.00,"Max_Out_of_Pocket_Me (4 more) ...":0.00,"RecordType":{"Name":"In Network","Id":"012j00000015GS6AAM"},"Patient_Insurance__r":{"Opportunity__c":"00629000004NTeZAAW","Accreditation__c":"State","Insurance_Company__c":"0012900000AXSP3AAP","Id":"a1b29000000lvHQAAY","Insurance_Company__r":{"Name":"Value Options/Beacon (7 more) ...","Id":"0012900000AXSP3AAP","RecordTypeId":"012j00000015GRqAAM"}}}|0x1073dc02
08:36:43.0 (153881659)|STATEMENT_EXECUTE|[263]
08:36:43.0 (153884838)|STATEMENT_EXECUTE|[264]
08:36:43.0 (153924044)|HEAP_ALLOCATE|[264]|Bytes:18
08:36:43.0 (153987551)|HEAP_ALLOCATE|[264]|Bytes:35
08:36:43.0 (154032592)|HEAP_ALLOCATE|[EXTERNAL]|Bytes:4
08:36:43.0 (154057384)|HEAP_ALLOCATE|[263]|Bytes:5
08:36:43.0 (154083513)|HEAP_ALLOCATE|[263]|Bytes:108
08:36:43.0 (154097196)|VARIABLE_SCOPE_BEGIN|[263]|insrncBnftInstance|Insurance_Benefit__c|true|false
08:36:43.0 (154160589)|VARIABLE_ASSIGNMENT|[263]|insrncBnftInstance|{"Id":"a1H29000000pRTZEA2","Name":"Insurance Benefit 75 (2 more) ...","RecordTypeId":"012j00000015GS7AAM","Patient_Insurance__c":"a1b29000000lvHQAAY","PHP_Admit_Co_Payment (3 more) ...":0.00,"Deductible__c":10000.00,"Deductible_Met__c":0.00,"Max_Out_of_Pocket_Re (10 more) ...":20000.00,"Insurance_Company_is (18 more) ...":false,"Annual_Max_Remaining (3 more) ...":1000000,"Deductible_Remaining (3 more) ...":10000.00,"Detox_Pays_at__c":60.00,"RTC_Pays_at__c":60.00,"PHP_Pays_at__c":60.00,"IOP_Pays_at__c":60.00,"Uncovered_Days_Rate_ (2 more) ...":630.00,"Room_and_Board_Days_ (7 more) ...":2000.00,"Deductible_Included_ (9 more) ...":"Yes","Lifetime_Max__c":1000000.00,"Lifetime_Max_Met__c":0.00,"Annual_Max__c":1000000.00,"Annual_Max_Met__c":0.00,"Max_Out_of_Pocket__c":20000.00,"Max_Out_of_Pocket_Me (4 more) ...":0.00,"RecordType":{"Name":"Out of Network","Id":"012j00000015GS7AAM"},"Patient_Insurance__r":{"Opportunity__c":"00629000004NTeZAAW","Accreditation__c":"State","Insurance_Company__c":"0012900000AXSP3AAP","Id":"a1b29000000lvHQAAY","Insurance_Company__r":{"Name":"Value Options/Beacon (7 more) ...","Id":"0012900000AXSP3AAP","RecordTypeId":"012j00000015GRqAAM"}}}|0xc22e184
08:36:43.0 (154196829)|STATEMENT_EXECUTE|[263]
08:36:43.0 (154199591)|STATEMENT_EXECUTE|[264]
08:36:43.0 (154222891)|HEAP_ALLOCATE|[264]|Bytes:18
08:36:43.0 (154260079)|HEAP_ALLOCATE|[264]|Bytes:39
08:36:43.0 (154283681)|HEAP_ALLOCATE|[EXTERNAL]|Bytes:4
08:36:43.0 (154305218)|HEAP_ALLOCATE|[263]|Bytes:5
08:36:43.0 (154326004)|VARIABLE_ASSIGNMENT|[263]|insrncBnftInstance|null|
08:36:43.0 (154502697)|VARIABLE_ASSIGNMENT|[EXTERNAL]|this|{"estmtCnrgDaysMap":"0x76a74257","estmtCvrgeDaysObj":"0x5365d8eb","faciltyOptions":"0x6210d387","fcltyPrgrmOptions":"0x3a6163a5","idToOwnershipFacilit (4 more) ...":"0x310d4b5c","idToTypeFacilityMap":"0x4c527f16","insrncBnftMap":"0x62743aa8","insrncBnftOptions":"0x749f412d","isIop":false,"isTalbott":false,"meta":"0x2f13a349","oppId":"00629000004NTeZ","pawObj":"0x7066c372","ptntInsrnceOptions":"0x738cc216","ptntInsrncMap":"0x7d146363","ptntInsrncObj":"0x52158e9f","quoteObj":"0x4faf9e63","recordId":"00629000004NTeZ","rtAdjstmntOptions":"0x12f68a5f","showPILookup":false,"sObjectQueryStr":"","wrprObj":"0x60e39fb9"}|0x25c520e6
08:36:43.0 (154644862)|VARIABLE_ASSIGNMENT|[EXTERNAL]|this|{"facilitySelected":"","insrncBnft":"0x484ce03b","insrncBnftSelected":"a1H29000000pRTUEA2","pawDetailListDisplay (4 more) ...":false,"pyAgrmntWrksht":"0x7cafec8a","relatedPAWDetailsLis (1 more) ...":"0x223df20c","targetEDR":0.00,"totalAppliedDeductib (2 more) ...":0.00,"totalCoInsurance":0.00,"totalCoPayAmt":0.00,"totalInsCoResp":0.00,"totalInsEIVAmt":0.00,"totalRowCount":0,"totalTalbottDay":0}|0x60e39fb9
08:36:43.0 (154770488)|VARIABLE_ASSIGNMENT|[EXTERNAL]|this|{"estmtCnrgDaysMap":"0x76a74257","estmtCvrgeDaysObj":"0x5365d8eb","faciltyOptions":"0x6210d387","fcltyPrgrmOptions":"0x3a6163a5","idToOwnershipFacilit (4 more) ...":"0x310d4b5c","idToTypeFacilityMap":"0x4c527f16","insrncBnftMap":"0x62743aa8","insrncBnftOptions":"0x749f412d","isIop":false,"isTalbott":false,"meta":"0x2f13a349","oppId":"00629000004NTeZ","pawObj":"0x7066c372","ptntInsrnceOptions":"0x738cc216","ptntInsrncMap":"0x7d146363","ptntInsrncObj":"0x52158e9f","quoteObj":"0x4faf9e63","recordId":"00629000004NTeZ","rtAdjstmntOptions":"0x12f68a5f","showPILookup":false,"sObjectQueryStr":"","wrprObj":"0x60e39fb9"}|0x25c520e6
08:36:43.0 (154872109)|VARIABLE_ASSIGNMENT|[EXTERNAL]|this|{"facilitySelected":"","insrncBnft":"0x484ce03b","insrncBnftSelected":"a1H29000000pRTUEA2","pawDetailListDisplay (4 more) ...":false,"pyAgrmntWrksht":"0x7cafec8a","relatedPAWDetailsLis (1 more) ...":"0x223df20c","targetEDR":0.00,"totalAppliedDeductib (2 more) ...":0.00,"totalCoInsurance":0.00,"totalCoPayAmt":0.00,"totalInsCoResp":0.00,"totalInsEIVAmt":0.00,"totalRowCount":0,"totalTalbottDay":0}|0x60e39fb9
08:36:43.0 (154925185)|STATEMENT_EXECUTE|[267]
08:36:43.0 (154928090)|STATEMENT_EXECUTE|[268]
08:36:43.0 (155077836)|VARIABLE_ASSIGNMENT|[EXTERNAL]|this|{"estmtCnrgDaysMap":"0x76a74257","estmtCvrgeDaysObj":"0x5365d8eb","faciltyOptions":"0x6210d387","fcltyPrgrmOptions":"0x3a6163a5","idToOwnershipFacilit (4 more) ...":"0x310d4b5c","idToTypeFacilityMap":"0x4c527f16","insrncBnftMap":"0x62743aa8","insrncBnftOptions":"0x749f412d","isIop":false,"isTalbott":false,"meta":"0x2f13a349","oppId":"00629000004NTeZ","pawObj":"0x7066c372","ptntInsrnceOptions":"0x738cc216","ptntInsrncMap":"0x7d146363","ptntInsrncObj":"0x52158e9f","quoteObj":"0x4faf9e63","recordId":"00629000004NTeZ","rtAdjstmntOptions":"0x12f68a5f","showPILookup":false,"sObjectQueryStr":"","wrprObj":"0x60e39fb9"}|0x25c520e6
08:36:43.0 (155185183)|VARIABLE_ASSIGNMENT|[EXTERNAL]|this|{"facilitySelected":"","insrncBnft":"0x484ce03b","insrncBnftSelected":"a1H29000000pRTUEA2","pawDetailListDisplay (4 more) ...":false,"pyAgrmntWrksht":"0x7cafec8a","relatedPAWDetailsLis (1 more) ...":"0x223df20c","targetEDR":0.00,"totalAppliedDeductib (2 more) ...":0.00,"totalCoInsurance":0.00,"totalCoPayAmt":0.00,"totalInsCoResp":0.00,"totalInsEIVAmt":0.00,"totalRowCount":0,"totalTalbottDay":0}|0x60e39fb9
08:36:43.0 (155367905)|VARIABLE_ASSIGNMENT|[EXTERNAL]|this|{"estmtCnrgDaysMap":"0x76a74257","estmtCvrgeDaysObj":"0x5365d8eb","faciltyOptions":"0x6210d387","fcltyPrgrmOptions":"0x3a6163a5","idToOwnershipFacilit (4 more) ...":"0x310d4b5c","idToTypeFacilityMap":"0x4c527f16","insrncBnftMap":"0x62743aa8","insrncBnftOptions":"0x749f412d","isIop":false,"isTalbott":false,"meta":"0x2f13a349","oppId":"00629000004NTeZ","pawObj":"0x7066c372","ptntInsrnceOptions":"0x738cc216","ptntInsrncMap":"0x7d146363","ptntInsrncObj":"0x52158e9f","quoteObj":"0x4faf9e63","recordId":"00629000004NTeZ","rtAdjstmntOptions":"0x12f68a5f","showPILookup":false,"sObjectQueryStr":"","wrprObj":"0x60e39fb9"}|0x25c520e6
08:36:43.0 (155474646)|VARIABLE_ASSIGNMENT|[EXTERNAL]|this|{"facilitySelected":"","insrncBnft":"0x484ce03b","insrncBnftSelected":"a1H29000000pRTUEA2","pawDetailListDisplay (4 more) ...":false,"pyAgrmntWrksht":"0x7cafec8a","relatedPAWDetailsLis (1 more) ...":"0x223df20c","targetEDR":0.00,"totalAppliedDeductib (2 more) ...":0.00,"totalCoInsurance":0.00,"totalCoPayAmt":0.00,"totalInsCoResp":0.00,"totalInsEIVAmt":0.00,"totalRowCount":0,"totalTalbottDay":0}|0x60e39fb9
08:36:43.0 (155545884)|VARIABLE_ASSIGNMENT|[EXTERNAL]|value|{"Id":"a1H29000000pRTUEA2","Name":"Insurance Benefit 75 (2 more) ...","RecordTypeId":"012j00000015GS6AAM","Patient_Insurance__c":"a1b29000000lvHQAAY","PHP_Admit_Co_Payment (3 more) ...":0.00,"Deductible__c":5000.00,"Deductible_Met__c":0.00,"Max_Out_of_Pocket_Re (10 more) ...":10000.00,"Insurance_Company_is (18 more) ...":false,"Annual_Max_Remaining (3 more) ...":1000000,"Deductible_Remaining (3 more) ...":5000.00,"Detox_Pays_at__c":80.00,"RTC_Pays_at__c":80.00,"PHP_Pays_at__c":80.00,"IOP_Pays_at__c":80.00,"Uncovered_Days_Rate_ (2 more) ...":630.00,"Room_and_Board_Days_ (7 more) ...":2000.00,"Deductible_Included_ (9 more) ...":"Yes","Lifetime_Max__c":1000000.00,"Lifetime_Max_Met__c":0.00,"Annual_Max__c":1000000.00,"Annual_Max_Met__c":0.00,"Max_Out_of_Pocket__c":10000.00,"Max_Out_of_Pocket_Me (4 more) ...":0.00,"RecordType":{"Name":"In Network","Id":"012j00000015GS6AAM"},"Patient_Insurance__r":{"Opportunity__c":"00629000004NTeZAAW","Accreditation__c":"State","Insurance_Company__c":"0012900000AXSP3AAP","Id":"a1b29000000lvHQAAY","Insurance_Company__r":{"Name":"Value Options/Beacon (7 more) ...","Id":"0012900000AXSP3AAP","RecordTypeId":"012j00000015GRqAAM"}}}|0x1073dc02
08:36:43.0 (155633436)|VARIABLE_ASSIGNMENT|[526]|this.insrncBnft|{"Id":"a1H29000000pRTUEA2","Name":"Insurance Benefit 75 (2 more) ...","RecordTypeId":"012j00000015GS6AAM","Patient_Insurance__c":"a1b29000000lvHQAAY","PHP_Admit_Co_Payment (3 more) ...":0.00,"Deductible__c":5000.00,"Deductible_Met__c":0.00,"Max_Out_of_Pocket_Re (10 more) ...":10000.00,"Insurance_Company_is (18 more) ...":false,"Annual_Max_Remaining (3 more) ...":1000000,"Deductible_Remaining (3 more) ...":5000.00,"Detox_Pays_at__c":80.00,"RTC_Pays_at__c":80.00,"PHP_Pays_at__c":80.00,"IOP_Pays_at__c":80.00,"Uncovered_Days_Rate_ (2 more) ...":630.00,"Room_and_Board_Days_ (7 more) ...":2000.00,"Deductible_Included_ (9 more) ...":"Yes","Lifetime_Max__c":1000000.00,"Lifetime_Max_Met__c":0.00,"Annual_Max__c":1000000.00,"Annual_Max_Met__c":0.00,"Max_Out_of_Pocket__c":10000.00,"Max_Out_of_Pocket_Me (4 more) ...":0.00,"RecordType":{"Name":"In Network","Id":"012j00000015GS6AAM"},"Patient_Insurance__r":{"Opportunity__c":"00629000004NTeZAAW","Accreditation__c":"State","Insurance_Company__c":"0012900000AXSP3AAP","Id":"a1b29000000lvHQAAY","Insurance_Company__r":{"Name":"Value Options/Beacon (7 more) ...","Id":"0012900000AXSP3AAP","RecordTypeId":"012j00000015GRqAAM"}}}|0x60e39fb9
08:36:43.0 (155682243)|STATEMENT_EXECUTE|[272]
08:36:43.0 (157329122)|SYSTEM_MODE_ENTER|true
08:36:43.0 (157975371)|SYSTEM_MODE_ENTER|true
08:36:43.0 (158047278)|HEAP_ALLOCATE|[EXTERNAL]|Bytes:112
08:36:43.0 (158070039)|VARIABLE_SCOPE_BEGIN|[379]|this|PAW_New_EditCntrllr|true|false
08:36:43.0 (158204494)|VARIABLE_ASSIGNMENT|[379]|this|{"estmtCnrgDaysMap":"0x76a74257","estmtCvrgeDaysObj":"0x5365d8eb","faciltyOptions":"0x6210d387","fcltyPrgrmOptions":"0x3a6163a5","idToOwnershipFacilit (4 more) ...":"0x310d4b5c","idToTypeFacilityMap":"0x4c527f16","insrncBnftMap":"0x62743aa8","insrncBnftOptions":"0x749f412d","isIop":false,"isTalbott":false,"meta":"0x2f13a349","oppId":"00629000004NTeZ","pawObj":"0x7066c372","ptntInsrnceOptions":"0x738cc216","ptntInsrncMap":"0x7d146363","ptntInsrncObj":"0x52158e9f","quoteObj":"0x4faf9e63","recordId":"00629000004NTeZ","rtAdjstmntOptions":"0x12f68a5f","showPILookup":false,"sObjectQueryStr":"","wrprObj":"0x60e39fb9"}|0x25c520e6
08:36:43.0 (158237344)|STATEMENT_EXECUTE|[379]
08:36:43.0 (158240125)|STATEMENT_EXECUTE|[380]
08:36:43.0 (158267415)|HEAP_ALLOCATE|[380]|Bytes:4
08:36:43.0 (158373862)|HEAP_ALLOCATE|[EXTERNAL]|Bytes:4
08:36:43.0 (158394584)|VARIABLE_ASSIGNMENT|[380]|this.rtAdjstmntOptions|[]|0x25c520e6
08:36:43.0 (158405042)|STATEMENT_EXECUTE|[381]
08:36:43.0 (158520737)|HEAP_ALLOCATE|[EXTERNAL]|Bytes:4
08:36:43.0 (158652883)|VARIABLE_ASSIGNMENT|[EXTERNAL]|this|{"estmtCnrgDaysMap":"0x76a74257","estmtCvrgeDaysObj":"0x5365d8eb","faciltyOptions":"0x6210d387","fcltyPrgrmOptions":"0x3a6163a5","idToOwnershipFacilit (4 more) ...":"0x310d4b5c","idToTypeFacilityMap":"0x4c527f16","insrncBnftMap":"0x62743aa8","insrncBnftOptions":"0x749f412d","isIop":false,"isTalbott":false,"meta":"0x2f13a349","oppId":"00629000004NTeZ","pawObj":"0x7066c372","ptntInsrnceOptions":"0x738cc216","ptntInsrncMap":"0x7d146363","ptntInsrncObj":"0x52158e9f","quoteObj":"0x4faf9e63","recordId":"00629000004NTeZ","rtAdjstmntOptions":"0x4ce658b9","showPILookup":false,"sObjectQueryStr":"","wrprObj":"0x60e39fb9"}|0x25c520e6
08:36:43.0 (158777024)|VARIABLE_ASSIGNMENT|[EXTERNAL]|this|{"facilitySelected":"","insrncBnft":"0x1073dc02","insrncBnftSelected":"a1H29000000pRTUEA2","pawDetailListDisplay (4 more) ...":false,"pyAgrmntWrksht":"0x7cafec8a","relatedPAWDetailsLis (1 more) ...":"0x223df20c","targetEDR":0.00,"totalAppliedDeductib (2 more) ...":0.00,"totalCoInsurance":0.00,"totalCoPayAmt":0.00,"totalInsCoResp":0.00,"totalInsEIVAmt":0.00,"totalRowCount":0,"totalTalbottDay":0}|0x60e39fb9
08:36:43.0 (158910899)|VARIABLE_ASSIGNMENT|[EXTERNAL]|this|{"estmtCnrgDaysMap":"0x76a74257","estmtCvrgeDaysObj":"0x5365d8eb","faciltyOptions":"0x6210d387","fcltyPrgrmOptions":"0x3a6163a5","idToOwnershipFacilit (4 more) ...":"0x310d4b5c","idToTypeFacilityMap":"0x4c527f16","insrncBnftMap":"0x62743aa8","insrncBnftOptions":"0x749f412d","isIop":false,"isTalbott":false,"meta":"0x2f13a349","oppId":"00629000004NTeZ","pawObj":"0x7066c372","ptntInsrnceOptions":"0x738cc216","ptntInsrncMap":"0x7d146363","ptntInsrncObj":"0x52158e9f","quoteObj":"0x4faf9e63","recordId":"00629000004NTeZ","rtAdjstmntOptions":"0x4ce658b9","showPILookup":false,"sObjectQueryStr":"","wrprObj":"0x60e39fb9"}|0x25c520e6
08:36:43.0 (159014585)|VARIABLE_ASSIGNMENT|[EXTERNAL]|this|{"facilitySelected":"","insrncBnft":"0x1073dc02","insrncBnftSelected":"a1H29000000pRTUEA2","pawDetailListDisplay (4 more) ...":false,"pyAgrmntWrksht":"0x7cafec8a","relatedPAWDetailsLis (1 more) ...":"0x223df20c","targetEDR":0.00,"totalAppliedDeductib (2 more) ...":0.00,"totalCoInsurance":0.00,"totalCoPayAmt":0.00,"totalInsCoResp":0.00,"totalInsEIVAmt":0.00,"totalRowCount":0,"totalTalbottDay":0}|0x60e39fb9
08:36:43.0 (159066829)|STATEMENT_EXECUTE|[382]
08:36:43.0 (159069959)|STATEMENT_EXECUTE|[400]
08:36:43.0 (159646242)|SYSTEM_MODE_ENTER|true
08:36:43.0 (174958359)|VF_SERIALIZE_VIEWSTATE_BEGIN|0660a0000009uTC
08:36:43.0 (270397191)|VF_SERIALIZE_VIEWSTATE_END
08:36:43.0 (308327882)|HEAP_ALLOCATE|[EXTERNAL]|Bytes:160
08:36:43.0 (308375333)|HEAP_ALLOCATE|[EXTERNAL]|Bytes:11
08:36:43.0 (338292222)|CODE_UNIT_STARTED|[EXTERNAL]|Generate Metadata
08:36:43.0 (344614843)|CODE_UNIT_FINISHED|Generate Metadata
08:36:43.355 (355753293)|CUMULATIVE_LIMIT_USAGE
08:36:43.355 (355753293)|LIMIT_USAGE_FOR_NS|(default)|
  Number of SOQL queries: 3 out of 100
  Number of query rows: 5 out of 50000
  Number of SOSL queries: 0 out of 20
  Number of DML statements: 0 out of 150
  Number of DML rows: 0 out of 10000
  Maximum CPU time: 0 out of 10000
  Maximum heap size: 0 out of 6000000
  Number of callouts: 0 out of 100
  Number of Email Invocations: 0 out of 10
  Number of future calls: 0 out of 50
  Number of queueable jobs added to the queue: 0 out of 50
  Number of Mobile Apex push calls: 0 out of 10

08:36:43.355 (355753293)|CUMULATIVE_LIMIT_USAGE_END

08:36:43.0 (355813886)|CODE_UNIT_FINISHED|VF: /apex/PAW_New_Edit
08:36:43.0 (356677559)|EXECUTION_FINISHED
