37.0 APEX_CODE,FINEST;APEX_PROFILING,INFO;CALLOUT,INFO;DB,INFO;SYSTEM,DEBUG;VALIDATION,INFO;VISUALFORCE,INFO;WAVE,INFO;WORKFLOW,FINER
08:40:08.0 (364041)|USER_INFO|[EXTERNAL]|00529000000zYiy|bhakti.gujrathi@eternussolutions.com.frnstgng|Central Standard Time|GMT-06:00
08:40:08.0 (420370)|EXECUTION_STARTED
08:40:08.0 (428376)|CODE_UNIT_STARTED|[EXTERNAL]|0660a0000009uTC|VF: /apex/PAW_New_Edit
08:40:08.0 (1192744)|VF_DESERIALIZE_VIEWSTATE_BEGIN|0660a0000009uTC
08:40:08.0 (6619389)|HEAP_ALLOCATE|[72]|Bytes:3
08:40:08.0 (6670664)|HEAP_ALLOCATE|[77]|Bytes:152
08:40:08.0 (6700401)|HEAP_ALLOCATE|[342]|Bytes:408
08:40:08.0 (6738115)|HEAP_ALLOCATE|[355]|Bytes:408
08:40:08.0 (6768485)|HEAP_ALLOCATE|[467]|Bytes:48
08:40:08.0 (6811903)|HEAP_ALLOCATE|[139]|Bytes:6
08:40:08.0 (6853130)|HEAP_ALLOCATE|[50]|Bytes:5
08:40:08.0 (6884455)|HEAP_ALLOCATE|[56]|Bytes:5
08:40:08.0 (6898210)|HEAP_ALLOCATE|[64]|Bytes:7
08:40:08.0 (11010856)|VARIABLE_SCOPE_BEGIN|[35]|PAW_New_EditCntrllr.globalSchemaMap|Map<String,Schema.SObjectType>|true|true
08:40:08.0 (11029501)|VARIABLE_SCOPE_BEGIN|[3]|PAW_New_EditCntrllr.yearEndMode|Boolean|false|true
08:40:08.0 (17021092)|VF_DESERIALIZE_VIEWSTATE_END
08:40:08.18 (18282070)|SYSTEM_MODE_ENTER|true
08:40:08.18 (18385785)|HEAP_ALLOCATE|[EXTERNAL]|Bytes:38
08:40:08.18 (18402466)|HEAP_ALLOCATE|[EXTERNAL]|Bytes:7
08:40:08.18 (18415504)|SYSTEM_METHOD_ENTRY|[1]|PageMessagesComponentController.PageMessagesComponentController()
08:40:08.18 (18423897)|STATEMENT_EXECUTE|[1]
08:40:08.19 (19511575)|SYSTEM_MODE_ENTER|true
08:40:08.19 (19576934)|HEAP_ALLOCATE|[EXTERNAL]|Bytes:8
08:40:08.19 (19587086)|VARIABLE_SCOPE_BEGIN|[88]|this|ApexPage.PageMessagesComponentController|true|false
08:40:08.19 (19638926)|VARIABLE_ASSIGNMENT|[88]|this|{}|0x529396b3
08:40:08.19 (19646979)|VARIABLE_SCOPE_BEGIN|[88]|escape|Boolean|false|false
08:40:08.19 (19656157)|VARIABLE_ASSIGNMENT|[88]|escape|null
08:40:08.0 (19911398)|SYSTEM_MODE_ENTER|true
08:40:08.0 (19944861)|HEAP_ALLOCATE|[EXTERNAL]|Bytes:11
08:40:08.0 (19960139)|HEAP_ALLOCATE|[EXTERNAL]|Bytes:304
08:40:08.0 (19965139)|HEAP_ALLOCATE|[EXTERNAL]|Bytes:98
08:40:08.0 (19969492)|HEAP_ALLOCATE|[EXTERNAL]|Bytes:14
08:40:08.0 (19982955)|METHOD_ENTRY|[1]|01p0a000004sKzV|PAW_New_EditCntrllr.PAW_New_EditCntrllr()
08:40:08.0 (19989747)|STATEMENT_EXECUTE|[1]
08:40:08.0 (19993345)|STATEMENT_EXECUTE|[1]
08:40:08.0 (19994477)|STATEMENT_EXECUTE|[3]
08:40:08.0 (20941606)|VARIABLE_SCOPE_BEGIN|[3]|PAW_YearEnd_Config.setting|Year_End_PAW_Settings__c|true|true
08:40:08.0 (20961692)|HEAP_ALLOCATE|[3]|Bytes:1
08:40:08.0 (20970562)|HEAP_ALLOCATE|[3]|Bytes:1
08:40:08.0 (21040506)|METHOD_ENTRY|[1]|01p29000000Aswf|PAW_YearEnd_Config.PAW_YearEnd_Config()
08:40:08.0 (21054416)|STATEMENT_EXECUTE|[1]
08:40:08.0 (21057683)|STATEMENT_EXECUTE|[1]
08:40:08.0 (21078029)|SYSTEM_MODE_ENTER|false
08:40:08.0 (21087497)|HEAP_ALLOCATE|[3]|Bytes:5
08:40:08.0 (21095308)|SYSTEM_MODE_EXIT|false
08:40:08.0 (21103816)|METHOD_EXIT|[1]|PAW_YearEnd_Config
08:40:08.0 (21116453)|METHOD_ENTRY|[3]|01p29000000Aswf|PAW_YearEnd_Config.fetch()
08:40:08.0 (21157250)|SYSTEM_MODE_ENTER|false
08:40:08.0 (21166195)|HEAP_ALLOCATE|[6]|Bytes:5
08:40:08.0 (21172031)|STATEMENT_EXECUTE|[5]
08:40:08.0 (21175889)|STATEMENT_EXECUTE|[7]
08:40:08.0 (22771475)|HEAP_ALLOCATE|[7]|Bytes:20
08:40:08.0 (22824543)|VARIABLE_ASSIGNMENT|[7]|PAW_YearEnd_Config.setting|{"IsDeleted":false,"Name":"Year End PAW Setting (11 more) ...","SetupOwnerId":"00529000000zYiyAAE","Year_End_Mode_Enable (4 more) ...":false}|0x5090b5b2
08:40:08.0 (22835477)|STATEMENT_EXECUTE|[9]
08:40:08.0 (22840100)|HEAP_ALLOCATE|[9]|Bytes:14
08:40:08.0 (23020420)|HEAP_ALLOCATE|[9]|Bytes:145
08:40:08.0 (23058773)|HEAP_ALLOCATE|[9]|Bytes:159
08:40:08.0 (23087793)|USER_DEBUG|[9]|DEBUG|>>> setting : Year_End_PAW_Settings__c:{IsDeleted=false, Name=Year End PAW Settings (Profile), SetupOwnerId=00529000000zYiyAAE, Year_End_Mode_Enabled__c=false}
08:40:08.0 (23098973)|STATEMENT_EXECUTE|[10]
08:40:08.0 (23105137)|SYSTEM_MODE_EXIT|false
08:40:08.0 (23115356)|METHOD_EXIT|[3]|01p29000000Aswf|PAW_YearEnd_Config.fetch()
08:40:08.0 (23159862)|VARIABLE_ASSIGNMENT|[3]|PAW_New_EditCntrllr.yearEndMode|false
08:40:08.0 (23167463)|STATEMENT_EXECUTE|[524]
08:40:08.0 (23172998)|METHOD_EXIT|[1]|PAW_New_EditCntrllr
08:40:08.0 (24810480)|SYSTEM_MODE_ENTER|true
08:40:08.0 (26722749)|SYSTEM_MODE_ENTER|true
08:40:08.0 (26797112)|HEAP_ALLOCATE|[EXTERNAL]|Bytes:476
08:40:08.0 (26811417)|HEAP_ALLOCATE|[EXTERNAL]|Bytes:71
08:40:08.0 (35065358)|SYSTEM_MODE_ENTER|true
08:40:08.0 (35179816)|SYSTEM_MODE_ENTER|true
08:40:08.0 (44281523)|SYSTEM_MODE_ENTER|true
08:40:08.0 (44624520)|HEAP_ALLOCATE|[EXTERNAL]|Bytes:112
08:40:08.0 (44647560)|VARIABLE_SCOPE_BEGIN|[215]|this|PAW_New_EditCntrllr|true|false
08:40:08.0 (44824530)|VARIABLE_ASSIGNMENT|[215]|this|{"cmpnyRateAdjstmntMap":"0x2c3d4c19","estmtCnrgDaysMap":"0x668a11d4","estmtCvrgeDaysObj":"0x1d44403a","faciltyOptions":"0x4762bbff","fcltyPrgmMap":"0x1f96a8e","fcltyPrgrmOptions":"0x374bcfd4","idToOwnershipFacilit (4 more) ...":"0x8311c97","idToTypeFacilityMap":"0x5adee32d","insrncBnftMap":"0x10395fe2","insrncBnftOptions":"0x7965075e","isIop":false,"isTalbott":false,"meta":"0x79307941","oppId":"00629000004NTeZ","pawObj":"0x545a2ac1","ptntInsrnceOptions":"0xe46a9e7","ptntInsrncMap":"0x5f481086","ptntInsrncObj":"0x54eeb4f1","quoteObj":"0x25c8805f","recordId":"00629000004NTeZ","rtAdjstmntOptions":"0x2041ba05","showPILookup":false,"sObjectQueryStr":"","wrprObj":"0x29c9eced"}|0x463073c1
08:40:08.0 (44860507)|STATEMENT_EXECUTE|[215]
08:40:08.0 (44863079)|STATEMENT_EXECUTE|[216]
08:40:08.0 (44971381)|STATEMENT_EXECUTE|[217]
08:40:08.0 (44996240)|HEAP_ALLOCATE|[217]|Bytes:12
08:40:08.0 (45109694)|HEAP_ALLOCATE|[EXTERNAL]|Bytes:4
08:40:08.0 (45279607)|VARIABLE_ASSIGNMENT|[EXTERNAL]|this|{"cmpnyRateAdjstmntMap":"0x2c3d4c19","estmtCnrgDaysMap":"0x668a11d4","estmtCvrgeDaysObj":"0x1d44403a","faciltyOptions":"0x4762bbff","fcltyPrgmMap":"0x1f96a8e","fcltyPrgrmOptions":"0x374bcfd4","idToOwnershipFacilit (4 more) ...":"0x8311c97","idToTypeFacilityMap":"0x5adee32d","insrncBnftMap":"0x10395fe2","insrncBnftOptions":"0x7965075e","isIop":false,"isTalbott":false,"meta":"0x79307941","oppId":"00629000004NTeZ","pawObj":"0x545a2ac1","ptntInsrnceOptions":"0xe46a9e7","ptntInsrncMap":"0x5f481086","ptntInsrncObj":"0x54eeb4f1","quoteObj":"0x25c8805f","recordId":"00629000004NTeZ","rtAdjstmntOptions":"0x2041ba05","showPILookup":false,"sObjectQueryStr":"","wrprObj":"0x29c9eced"}|0x463073c1
08:40:08.0 (45322368)|STATEMENT_EXECUTE|[218]
08:40:08.0 (45325386)|STATEMENT_EXECUTE|[219]
08:40:08.0 (45379235)|HEAP_ALLOCATE|[219]|Bytes:4
08:40:08.0 (45394312)|HEAP_ALLOCATE|[219]|Bytes:1083
08:40:08.0 (45418357)|HEAP_ALLOCATE|[219]|Bytes:4
08:40:08.0 (45438195)|HEAP_ALLOCATE|[219]|Bytes:7
08:40:08.0 (45530285)|VARIABLE_ASSIGNMENT|[EXTERNAL]|this|{"cmpnyRateAdjstmntMap":"0x2c3d4c19","estmtCnrgDaysMap":"0x668a11d4","estmtCvrgeDaysObj":"0x1d44403a","faciltyOptions":"0x4762bbff","fcltyPrgmMap":"0x1f96a8e","fcltyPrgrmOptions":"0x374bcfd4","idToOwnershipFacilit (4 more) ...":"0x8311c97","idToTypeFacilityMap":"0x5adee32d","insrncBnftMap":"0x10395fe2","insrncBnftOptions":"0x7965075e","isIop":false,"isTalbott":false,"meta":"0x79307941","oppId":"00629000004NTeZ","pawObj":"0x545a2ac1","ptntInsrnceOptions":"0xe46a9e7","ptntInsrncMap":"0x5f481086","ptntInsrncObj":"0x54eeb4f1","quoteObj":"0x25c8805f","recordId":"00629000004NTeZ","rtAdjstmntOptions":"0x2041ba05","showPILookup":false,"sObjectQueryStr":"","wrprObj":"0x29c9eced"}|0x463073c1
08:40:08.0 (50345342)|SOQL_EXECUTE_BEGIN|[219]|Aggregations:0|SELECT Id, Name, RecordType.Name, Uncovered_Charges__c, Patient_Insurance__r.Accepts_Assignment_of_Benefits__c, Patient_Insurance__r.Opportunity__c, Patient_Insurance__r.Accreditation__c, Patient_Insurance__r.Insurance_Company__r.Name, PHP_Admit_Co_Payment__c, Detox_Admit_Co_Payment__c, RTC_Admit_Co_Payment__c, Deductible__c, Deductible_Met__c, IOP_Admit_Co_Payment__c, Max_Out_of_Pocket_Remaining__c, Insurance_Company_is_Out_of_Network__c, Annual_Max_Remaining__c, Deductible_Remaining__c, Detox_Pays_at__c, Detox_Over__c, RTC_Pays_at__c, Residential_Treatment_Override__c, PHP_Pays_at__c, Partial_Hospitalization_Override__c, IOP_Pays_at__c, Intensive_Outpatient_Override__c, Num_Days_Uncovered__c, Num_Days_Room__c, Uncovered_Days_Rate__c, Room_and_Board_Days_Rate__c, Uncovered_Days_Override__c, Room_and_Board_Days_Override__c, Deductible_Included_in_OOP__c, Uncovered_Days__c, Lifetime_Max__c, Lifetime_Max_Met__c, Annual_Max__c, Annual_Max_Met__c, Max_Out_of_Pocket__c, Max_Out_of_Pocket_Met__c, Co_Pay_Met__c FROM Insurance_Benefit__c WHERE Patient_Insurance__c = :tmpVar1
08:40:08.0 (73278277)|SOQL_EXECUTE_END|[219]|Rows:2
08:40:08.0 (73348788)|HEAP_ALLOCATE|[219]|Bytes:12
08:40:08.0 (73440708)|HEAP_ALLOCATE|[219]|Bytes:2986
08:40:08.0 (73551398)|HEAP_ALLOCATE|[219]|Bytes:12
08:40:08.0 (73646971)|HEAP_ALLOCATE|[219]|Bytes:108
08:40:08.0 (73674609)|HEAP_ALLOCATE|[219]|Bytes:4
08:40:08.0 (73692780)|HEAP_ALLOCATE|[219]|Bytes:108
08:40:08.0 (73713764)|HEAP_ALLOCATE|[219]|Bytes:4
08:40:08.0 (73907225)|VARIABLE_ASSIGNMENT|[219]|this.insrncBnftMap|{"a1H29000000pRTUEA2":{"Id":"a1H29000000pRTUEA2","Name":"Insurance Benefit 75 (2 more) ...","RecordTypeId":"012j00000015GS6AAM","Patient_Insurance__c":"a1b29000000lvHQAAY","PHP_Admit_Co_Payment (3 more) ...":0.00,"Deductible__c":5000.00,"Deductible_Met__c":0.00,"Max_Out_of_Pocket_Re (10 more) ...":10000.00,"Insurance_Company_is (18 more) ...":false,"Annual_Max_Remaining (3 more) ...":1000000,"Deductible_Remaining (3 more) ...":5000.00,"Detox_Pays_at__c":80.00,"RTC_Pays_at__c":80.00,"PHP_Pays_at__c":80.00,"IOP_Pays_at__c":80.00,"Uncovered_Days_Rate_ (2 more) ...":630.00,"Room_and_Board_Days_ (7 more) ...":2000.00,"Deductible_Included_ (9 more) ...":"Yes","Lifetime_Max__c":1000000.00,"Lifetime_Max_Met__c":0.00,"Annual_Max__c":1000000.00,"Annual_Max_Met__c":0.00,"Max_Out_of_Pocket__c":10000.00,"Max_Out_of_Pocket_Me (4 more) ...":0.00,"RecordType":{"Name":"In Network","Id":"012j00000015GS6AAM"},"Patient_Insurance__r":{"Opportunity__c":"00629000004NTeZAAW","Accreditation__c":"State","Insurance_Company__c":"0012900000AXSP3AAP","Id":"a1b29000000lvHQAAY","Insurance_Company__r":{"Name":"Value Options/Beacon (7 more) ...","Id":"0012900000AXSP3AAP","RecordTypeId":"012j00000015GRqAAM"}}},"a1H29000000pRTZEA2":{"Id":"a1H29000000pRTZEA2","Name":"Insurance Benefit 75 (2 more) ...","RecordTypeId":"012j00000015GS7AAM","Patient_Insurance__c":"a1b29000000lvHQAAY","PHP_Admit_Co_Payment (3 more) ...":0.00,"Deductible__c":10000.00,"Deductible_Met__c":0.00,"Max_Out_of_Pocket_Re (10 more) ...":20000.00,"Insurance_Company_is (18 more) ...":false,"Annual_Max_Remaining (3 more) ...":1000000,"Deductible_Remaining (3 more) ...":10000.00,"Detox_Pays_at__c":60.00,"RTC_Pays_at__c":60.00,"PHP_Pays_at__c":60.00,"IOP_Pays_at__c":60.00,"Uncovered_Days_Rate_ (2 more) ...":630.00,"Room_and_Board_Days_ (7 more) ...":2000.00,"Deductible_Included_ (9 more) ...":"Yes","Lifetime_Max__c":1000000.00,"Lifetime_Max_Met__c":0.00,"Annual_Max__c":1000000.00,"Annual_Max_Met__c":0.00,"Max_Out_of_Pocket__c":20000.00,"Max_Out_of_Pocket_Me (4 more) ...":0.00,"RecordType":{"Name":"Out of Network","Id":"012j00000015GS7AAM"},"Patient_Insurance__r":{"Opportunity__c":"00629000004NTeZAAW","Accreditation__c":"State","Insurance_Company__c":"0012900000AXSP3AAP","Id":"a1b29000000lvHQAAY","Insurance_Company__r":{"Name":"Value Options/Beacon (7 more) ...","Id":"0012900000AXSP3AAP","RecordTypeId":"012j00000015GRqAAM"}}}}|0x463073c1
08:40:08.0 (74059311)|HEAP_ALLOCATE|[EXTERNAL]|Bytes:12
08:40:08.0 (74107744)|HEAP_ALLOCATE|[263]|Bytes:2996
08:40:08.0 (74692832)|HEAP_ALLOCATE|[263]|Bytes:5
08:40:08.0 (74727415)|HEAP_ALLOCATE|[263]|Bytes:108
08:40:08.0 (74750091)|VARIABLE_SCOPE_BEGIN|[263]|insrncBnftInstance|Insurance_Benefit__c|true|false
08:40:08.0 (74839520)|VARIABLE_ASSIGNMENT|[263]|insrncBnftInstance|{"Id":"a1H29000000pRTUEA2","Name":"Insurance Benefit 75 (2 more) ...","RecordTypeId":"012j00000015GS6AAM","Patient_Insurance__c":"a1b29000000lvHQAAY","PHP_Admit_Co_Payment (3 more) ...":0.00,"Deductible__c":5000.00,"Deductible_Met__c":0.00,"Max_Out_of_Pocket_Re (10 more) ...":10000.00,"Insurance_Company_is (18 more) ...":false,"Annual_Max_Remaining (3 more) ...":1000000,"Deductible_Remaining (3 more) ...":5000.00,"Detox_Pays_at__c":80.00,"RTC_Pays_at__c":80.00,"PHP_Pays_at__c":80.00,"IOP_Pays_at__c":80.00,"Uncovered_Days_Rate_ (2 more) ...":630.00,"Room_and_Board_Days_ (7 more) ...":2000.00,"Deductible_Included_ (9 more) ...":"Yes","Lifetime_Max__c":1000000.00,"Lifetime_Max_Met__c":0.00,"Annual_Max__c":1000000.00,"Annual_Max_Met__c":0.00,"Max_Out_of_Pocket__c":10000.00,"Max_Out_of_Pocket_Me (4 more) ...":0.00,"RecordType":{"Name":"In Network","Id":"012j00000015GS6AAM"},"Patient_Insurance__r":{"Opportunity__c":"00629000004NTeZAAW","Accreditation__c":"State","Insurance_Company__c":"0012900000AXSP3AAP","Id":"a1b29000000lvHQAAY","Insurance_Company__r":{"Name":"Value Options/Beacon (7 more) ...","Id":"0012900000AXSP3AAP","RecordTypeId":"012j00000015GRqAAM"}}}|0xea738e6
08:40:08.0 (74880056)|STATEMENT_EXECUTE|[263]
08:40:08.0 (74883886)|STATEMENT_EXECUTE|[264]
08:40:08.0 (74949934)|HEAP_ALLOCATE|[264]|Bytes:18
08:40:08.0 (75082053)|HEAP_ALLOCATE|[264]|Bytes:3
08:40:08.0 (75142893)|HEAP_ALLOCATE|[264]|Bytes:35
08:40:08.0 (75272967)|HEAP_ALLOCATE|[EXTERNAL]|Bytes:4
08:40:08.0 (75310462)|HEAP_ALLOCATE|[263]|Bytes:5
08:40:08.0 (75339610)|HEAP_ALLOCATE|[263]|Bytes:108
08:40:08.0 (75358526)|VARIABLE_SCOPE_BEGIN|[263]|insrncBnftInstance|Insurance_Benefit__c|true|false
08:40:08.0 (75437493)|VARIABLE_ASSIGNMENT|[263]|insrncBnftInstance|{"Id":"a1H29000000pRTZEA2","Name":"Insurance Benefit 75 (2 more) ...","RecordTypeId":"012j00000015GS7AAM","Patient_Insurance__c":"a1b29000000lvHQAAY","PHP_Admit_Co_Payment (3 more) ...":0.00,"Deductible__c":10000.00,"Deductible_Met__c":0.00,"Max_Out_of_Pocket_Re (10 more) ...":20000.00,"Insurance_Company_is (18 more) ...":false,"Annual_Max_Remaining (3 more) ...":1000000,"Deductible_Remaining (3 more) ...":10000.00,"Detox_Pays_at__c":60.00,"RTC_Pays_at__c":60.00,"PHP_Pays_at__c":60.00,"IOP_Pays_at__c":60.00,"Uncovered_Days_Rate_ (2 more) ...":630.00,"Room_and_Board_Days_ (7 more) ...":2000.00,"Deductible_Included_ (9 more) ...":"Yes","Lifetime_Max__c":1000000.00,"Lifetime_Max_Met__c":0.00,"Annual_Max__c":1000000.00,"Annual_Max_Met__c":0.00,"Max_Out_of_Pocket__c":20000.00,"Max_Out_of_Pocket_Me (4 more) ...":0.00,"RecordType":{"Name":"Out of Network","Id":"012j00000015GS7AAM"},"Patient_Insurance__r":{"Opportunity__c":"00629000004NTeZAAW","Accreditation__c":"State","Insurance_Company__c":"0012900000AXSP3AAP","Id":"a1b29000000lvHQAAY","Insurance_Company__r":{"Name":"Value Options/Beacon (7 more) ...","Id":"0012900000AXSP3AAP","RecordTypeId":"012j00000015GRqAAM"}}}|0x2a60f285
08:40:08.0 (75476447)|STATEMENT_EXECUTE|[263]
08:40:08.0 (75479081)|STATEMENT_EXECUTE|[264]
08:40:08.0 (75502481)|HEAP_ALLOCATE|[264]|Bytes:18
08:40:08.0 (75550681)|HEAP_ALLOCATE|[264]|Bytes:39
08:40:08.0 (75583411)|HEAP_ALLOCATE|[EXTERNAL]|Bytes:4
08:40:08.0 (75615285)|HEAP_ALLOCATE|[263]|Bytes:5
08:40:08.0 (75644026)|VARIABLE_ASSIGNMENT|[263]|insrncBnftInstance|null|
08:40:08.0 (75867350)|VARIABLE_ASSIGNMENT|[EXTERNAL]|this|{"cmpnyRateAdjstmntMap":"0x2c3d4c19","estmtCnrgDaysMap":"0x668a11d4","estmtCvrgeDaysObj":"0x1d44403a","faciltyOptions":"0x4762bbff","fcltyPrgmMap":"0x1f96a8e","fcltyPrgrmOptions":"0x374bcfd4","idToOwnershipFacilit (4 more) ...":"0x8311c97","idToTypeFacilityMap":"0x5adee32d","insrncBnftMap":"0x5af10b2a","insrncBnftOptions":"0x7965075e","isIop":false,"isTalbott":false,"meta":"0x79307941","oppId":"00629000004NTeZ","pawObj":"0x545a2ac1","ptntInsrnceOptions":"0xe46a9e7","ptntInsrncMap":"0x5f481086","ptntInsrncObj":"0x54eeb4f1","quoteObj":"0x25c8805f","recordId":"00629000004NTeZ","rtAdjstmntOptions":"0x2041ba05","showPILookup":false,"sObjectQueryStr":"","wrprObj":"0x29c9eced"}|0x463073c1
08:40:08.0 (76038934)|VARIABLE_ASSIGNMENT|[EXTERNAL]|this|{"facilitySelected":"001j000000NqKMtAAN","fcltyPrgrmSelected":"a1B290000003SEdEAM","insrncBnft":"0x775b6ba2","insrncBnftSelected":"a1H29000000pRTUEA2","pawDetailListDisplay (4 more) ...":false,"pyAgrmntWrksht":"0x732b13f4","rateAdjstmntSelected":"a1I29000000HR5FEAW","relatedPAWDetailsLis (1 more) ...":"0x544f8c78","targetEDR":0.00,"totalAppliedDeductib (2 more) ...":0.00,"totalCoInsurance":0.00,"totalCoPayAmt":0.00,"totalInsCoResp":0.00,"totalInsEIVAmt":0.00,"totalRowCount":20,"totalTalbottDay":0}|0x29c9eced
08:40:08.0 (76209755)|VARIABLE_ASSIGNMENT|[EXTERNAL]|this|{"cmpnyRateAdjstmntMap":"0x2c3d4c19","estmtCnrgDaysMap":"0x668a11d4","estmtCvrgeDaysObj":"0x1d44403a","faciltyOptions":"0x4762bbff","fcltyPrgmMap":"0x1f96a8e","fcltyPrgrmOptions":"0x374bcfd4","idToOwnershipFacilit (4 more) ...":"0x8311c97","idToTypeFacilityMap":"0x5adee32d","insrncBnftMap":"0x5af10b2a","insrncBnftOptions":"0x7965075e","isIop":false,"isTalbott":false,"meta":"0x79307941","oppId":"00629000004NTeZ","pawObj":"0x545a2ac1","ptntInsrnceOptions":"0xe46a9e7","ptntInsrncMap":"0x5f481086","ptntInsrncObj":"0x54eeb4f1","quoteObj":"0x25c8805f","recordId":"00629000004NTeZ","rtAdjstmntOptions":"0x2041ba05","showPILookup":false,"sObjectQueryStr":"","wrprObj":"0x29c9eced"}|0x463073c1
08:40:08.0 (76337055)|VARIABLE_ASSIGNMENT|[EXTERNAL]|this|{"facilitySelected":"001j000000NqKMtAAN","fcltyPrgrmSelected":"a1B290000003SEdEAM","insrncBnft":"0x775b6ba2","insrncBnftSelected":"a1H29000000pRTUEA2","pawDetailListDisplay (4 more) ...":false,"pyAgrmntWrksht":"0x732b13f4","rateAdjstmntSelected":"a1I29000000HR5FEAW","relatedPAWDetailsLis (1 more) ...":"0x544f8c78","targetEDR":0.00,"totalAppliedDeductib (2 more) ...":0.00,"totalCoInsurance":0.00,"totalCoPayAmt":0.00,"totalInsCoResp":0.00,"totalInsEIVAmt":0.00,"totalRowCount":20,"totalTalbottDay":0}|0x29c9eced
08:40:08.0 (76399592)|STATEMENT_EXECUTE|[267]
08:40:08.0 (76403425)|STATEMENT_EXECUTE|[268]
08:40:08.0 (76548053)|VARIABLE_ASSIGNMENT|[EXTERNAL]|this|{"cmpnyRateAdjstmntMap":"0x2c3d4c19","estmtCnrgDaysMap":"0x668a11d4","estmtCvrgeDaysObj":"0x1d44403a","faciltyOptions":"0x4762bbff","fcltyPrgmMap":"0x1f96a8e","fcltyPrgrmOptions":"0x374bcfd4","idToOwnershipFacilit (4 more) ...":"0x8311c97","idToTypeFacilityMap":"0x5adee32d","insrncBnftMap":"0x5af10b2a","insrncBnftOptions":"0x7965075e","isIop":false,"isTalbott":false,"meta":"0x79307941","oppId":"00629000004NTeZ","pawObj":"0x545a2ac1","ptntInsrnceOptions":"0xe46a9e7","ptntInsrncMap":"0x5f481086","ptntInsrncObj":"0x54eeb4f1","quoteObj":"0x25c8805f","recordId":"00629000004NTeZ","rtAdjstmntOptions":"0x2041ba05","showPILookup":false,"sObjectQueryStr":"","wrprObj":"0x29c9eced"}|0x463073c1
08:40:08.0 (76673307)|VARIABLE_ASSIGNMENT|[EXTERNAL]|this|{"facilitySelected":"001j000000NqKMtAAN","fcltyPrgrmSelected":"a1B290000003SEdEAM","insrncBnft":"0x775b6ba2","insrncBnftSelected":"a1H29000000pRTUEA2","pawDetailListDisplay (4 more) ...":false,"pyAgrmntWrksht":"0x732b13f4","rateAdjstmntSelected":"a1I29000000HR5FEAW","relatedPAWDetailsLis (1 more) ...":"0x544f8c78","targetEDR":0.00,"totalAppliedDeductib (2 more) ...":0.00,"totalCoInsurance":0.00,"totalCoPayAmt":0.00,"totalInsCoResp":0.00,"totalInsEIVAmt":0.00,"totalRowCount":20,"totalTalbottDay":0}|0x29c9eced
08:40:08.0 (76878526)|VARIABLE_ASSIGNMENT|[EXTERNAL]|this|{"cmpnyRateAdjstmntMap":"0x2c3d4c19","estmtCnrgDaysMap":"0x668a11d4","estmtCvrgeDaysObj":"0x1d44403a","faciltyOptions":"0x4762bbff","fcltyPrgmMap":"0x1f96a8e","fcltyPrgrmOptions":"0x374bcfd4","idToOwnershipFacilit (4 more) ...":"0x8311c97","idToTypeFacilityMap":"0x5adee32d","insrncBnftMap":"0x5af10b2a","insrncBnftOptions":"0x7965075e","isIop":false,"isTalbott":false,"meta":"0x79307941","oppId":"00629000004NTeZ","pawObj":"0x545a2ac1","ptntInsrnceOptions":"0xe46a9e7","ptntInsrncMap":"0x5f481086","ptntInsrncObj":"0x54eeb4f1","quoteObj":"0x25c8805f","recordId":"00629000004NTeZ","rtAdjstmntOptions":"0x2041ba05","showPILookup":false,"sObjectQueryStr":"","wrprObj":"0x29c9eced"}|0x463073c1
08:40:08.0 (77008184)|VARIABLE_ASSIGNMENT|[EXTERNAL]|this|{"facilitySelected":"001j000000NqKMtAAN","fcltyPrgrmSelected":"a1B290000003SEdEAM","insrncBnft":"0x775b6ba2","insrncBnftSelected":"a1H29000000pRTUEA2","pawDetailListDisplay (4 more) ...":false,"pyAgrmntWrksht":"0x732b13f4","rateAdjstmntSelected":"a1I29000000HR5FEAW","relatedPAWDetailsLis (1 more) ...":"0x544f8c78","targetEDR":0.00,"totalAppliedDeductib (2 more) ...":0.00,"totalCoInsurance":0.00,"totalCoPayAmt":0.00,"totalInsCoResp":0.00,"totalInsEIVAmt":0.00,"totalRowCount":20,"totalTalbottDay":0}|0x29c9eced
08:40:08.0 (77100450)|VARIABLE_ASSIGNMENT|[EXTERNAL]|value|{"Id":"a1H29000000pRTUEA2","Name":"Insurance Benefit 75 (2 more) ...","RecordTypeId":"012j00000015GS6AAM","Patient_Insurance__c":"a1b29000000lvHQAAY","PHP_Admit_Co_Payment (3 more) ...":0.00,"Deductible__c":5000.00,"Deductible_Met__c":0.00,"Max_Out_of_Pocket_Re (10 more) ...":10000.00,"Insurance_Company_is (18 more) ...":false,"Annual_Max_Remaining (3 more) ...":1000000,"Deductible_Remaining (3 more) ...":5000.00,"Detox_Pays_at__c":80.00,"RTC_Pays_at__c":80.00,"PHP_Pays_at__c":80.00,"IOP_Pays_at__c":80.00,"Uncovered_Days_Rate_ (2 more) ...":630.00,"Room_and_Board_Days_ (7 more) ...":2000.00,"Deductible_Included_ (9 more) ...":"Yes","Lifetime_Max__c":1000000.00,"Lifetime_Max_Met__c":0.00,"Annual_Max__c":1000000.00,"Annual_Max_Met__c":0.00,"Max_Out_of_Pocket__c":10000.00,"Max_Out_of_Pocket_Me (4 more) ...":0.00,"RecordType":{"Name":"In Network","Id":"012j00000015GS6AAM"},"Patient_Insurance__r":{"Opportunity__c":"00629000004NTeZAAW","Accreditation__c":"State","Insurance_Company__c":"0012900000AXSP3AAP","Id":"a1b29000000lvHQAAY","Insurance_Company__r":{"Name":"Value Options/Beacon (7 more) ...","Id":"0012900000AXSP3AAP","RecordTypeId":"012j00000015GRqAAM"}}}|0xea738e6
08:40:08.0 (77203873)|VARIABLE_ASSIGNMENT|[526]|this.insrncBnft|{"Id":"a1H29000000pRTUEA2","Name":"Insurance Benefit 75 (2 more) ...","RecordTypeId":"012j00000015GS6AAM","Patient_Insurance__c":"a1b29000000lvHQAAY","PHP_Admit_Co_Payment (3 more) ...":0.00,"Deductible__c":5000.00,"Deductible_Met__c":0.00,"Max_Out_of_Pocket_Re (10 more) ...":10000.00,"Insurance_Company_is (18 more) ...":false,"Annual_Max_Remaining (3 more) ...":1000000,"Deductible_Remaining (3 more) ...":5000.00,"Detox_Pays_at__c":80.00,"RTC_Pays_at__c":80.00,"PHP_Pays_at__c":80.00,"IOP_Pays_at__c":80.00,"Uncovered_Days_Rate_ (2 more) ...":630.00,"Room_and_Board_Days_ (7 more) ...":2000.00,"Deductible_Included_ (9 more) ...":"Yes","Lifetime_Max__c":1000000.00,"Lifetime_Max_Met__c":0.00,"Annual_Max__c":1000000.00,"Annual_Max_Met__c":0.00,"Max_Out_of_Pocket__c":10000.00,"Max_Out_of_Pocket_Me (4 more) ...":0.00,"RecordType":{"Name":"In Network","Id":"012j00000015GS6AAM"},"Patient_Insurance__r":{"Opportunity__c":"00629000004NTeZAAW","Accreditation__c":"State","Insurance_Company__c":"0012900000AXSP3AAP","Id":"a1b29000000lvHQAAY","Insurance_Company__r":{"Name":"Value Options/Beacon (7 more) ...","Id":"0012900000AXSP3AAP","RecordTypeId":"012j00000015GRqAAM"}}}|0x29c9eced
08:40:08.0 (77252222)|STATEMENT_EXECUTE|[272]
08:40:08.0 (78422272)|SYSTEM_MODE_ENTER|true
08:40:08.0 (78851166)|SYSTEM_MODE_ENTER|true
08:40:08.0 (78921655)|HEAP_ALLOCATE|[EXTERNAL]|Bytes:112
08:40:08.0 (78939078)|VARIABLE_SCOPE_BEGIN|[379]|this|PAW_New_EditCntrllr|true|false
08:40:08.0 (79076349)|VARIABLE_ASSIGNMENT|[379]|this|{"cmpnyRateAdjstmntMap":"0x2c3d4c19","estmtCnrgDaysMap":"0x668a11d4","estmtCvrgeDaysObj":"0x1d44403a","faciltyOptions":"0x4762bbff","fcltyPrgmMap":"0x1f96a8e","fcltyPrgrmOptions":"0x374bcfd4","idToOwnershipFacilit (4 more) ...":"0x8311c97","idToTypeFacilityMap":"0x5adee32d","insrncBnftMap":"0x5af10b2a","insrncBnftOptions":"0x7965075e","isIop":false,"isTalbott":false,"meta":"0x79307941","oppId":"00629000004NTeZ","pawObj":"0x545a2ac1","ptntInsrnceOptions":"0xe46a9e7","ptntInsrncMap":"0x5f481086","ptntInsrncObj":"0x54eeb4f1","quoteObj":"0x25c8805f","recordId":"00629000004NTeZ","rtAdjstmntOptions":"0x2041ba05","showPILookup":false,"sObjectQueryStr":"","wrprObj":"0x29c9eced"}|0x463073c1
08:40:08.0 (79116669)|STATEMENT_EXECUTE|[379]
08:40:08.0 (79120274)|STATEMENT_EXECUTE|[380]
08:40:08.0 (79136384)|HEAP_ALLOCATE|[380]|Bytes:4
08:40:08.0 (79232157)|HEAP_ALLOCATE|[EXTERNAL]|Bytes:4
08:40:08.0 (79255741)|VARIABLE_ASSIGNMENT|[380]|this.rtAdjstmntOptions|[]|0x463073c1
08:40:08.0 (79268811)|STATEMENT_EXECUTE|[381]
08:40:08.0 (79280717)|HEAP_ALLOCATE|[381]|Bytes:8
08:40:08.0 (79366726)|HEAP_ALLOCATE|[EXTERNAL]|Bytes:4
08:40:08.0 (79532282)|VARIABLE_ASSIGNMENT|[EXTERNAL]|this|{"cmpnyRateAdjstmntMap":"0x2c3d4c19","estmtCnrgDaysMap":"0x668a11d4","estmtCvrgeDaysObj":"0x1d44403a","faciltyOptions":"0x4762bbff","fcltyPrgmMap":"0x1f96a8e","fcltyPrgrmOptions":"0x374bcfd4","idToOwnershipFacilit (4 more) ...":"0x8311c97","idToTypeFacilityMap":"0x5adee32d","insrncBnftMap":"0x5af10b2a","insrncBnftOptions":"0x7965075e","isIop":false,"isTalbott":false,"meta":"0x79307941","oppId":"00629000004NTeZ","pawObj":"0x545a2ac1","ptntInsrnceOptions":"0xe46a9e7","ptntInsrncMap":"0x5f481086","ptntInsrncObj":"0x54eeb4f1","quoteObj":"0x25c8805f","recordId":"00629000004NTeZ","rtAdjstmntOptions":"0x6c76ff71","showPILookup":false,"sObjectQueryStr":"","wrprObj":"0x29c9eced"}|0x463073c1
08:40:08.0 (79665269)|VARIABLE_ASSIGNMENT|[EXTERNAL]|this|{"facilitySelected":"001j000000NqKMtAAN","fcltyPrgrmSelected":"a1B290000003SEdEAM","insrncBnft":"0xea738e6","insrncBnftSelected":"a1H29000000pRTUEA2","pawDetailListDisplay (4 more) ...":false,"pyAgrmntWrksht":"0x732b13f4","rateAdjstmntSelected":"a1I29000000HR5FEAW","relatedPAWDetailsLis (1 more) ...":"0x544f8c78","targetEDR":0.00,"totalAppliedDeductib (2 more) ...":0.00,"totalCoInsurance":0.00,"totalCoPayAmt":0.00,"totalInsCoResp":0.00,"totalInsEIVAmt":0.00,"totalRowCount":20,"totalTalbottDay":0}|0x29c9eced
08:40:08.0 (79830965)|VARIABLE_ASSIGNMENT|[EXTERNAL]|this|{"cmpnyRateAdjstmntMap":"0x2c3d4c19","estmtCnrgDaysMap":"0x668a11d4","estmtCvrgeDaysObj":"0x1d44403a","faciltyOptions":"0x4762bbff","fcltyPrgmMap":"0x1f96a8e","fcltyPrgrmOptions":"0x374bcfd4","idToOwnershipFacilit (4 more) ...":"0x8311c97","idToTypeFacilityMap":"0x5adee32d","insrncBnftMap":"0x5af10b2a","insrncBnftOptions":"0x7965075e","isIop":false,"isTalbott":false,"meta":"0x79307941","oppId":"00629000004NTeZ","pawObj":"0x545a2ac1","ptntInsrnceOptions":"0xe46a9e7","ptntInsrncMap":"0x5f481086","ptntInsrncObj":"0x54eeb4f1","quoteObj":"0x25c8805f","recordId":"00629000004NTeZ","rtAdjstmntOptions":"0x6c76ff71","showPILookup":false,"sObjectQueryStr":"","wrprObj":"0x29c9eced"}|0x463073c1
08:40:08.0 (79958487)|VARIABLE_ASSIGNMENT|[EXTERNAL]|this|{"facilitySelected":"001j000000NqKMtAAN","fcltyPrgrmSelected":"a1B290000003SEdEAM","insrncBnft":"0xea738e6","insrncBnftSelected":"a1H29000000pRTUEA2","pawDetailListDisplay (4 more) ...":false,"pyAgrmntWrksht":"0x732b13f4","rateAdjstmntSelected":"a1I29000000HR5FEAW","relatedPAWDetailsLis (1 more) ...":"0x544f8c78","targetEDR":0.00,"totalAppliedDeductib (2 more) ...":0.00,"totalCoInsurance":0.00,"totalCoPayAmt":0.00,"totalInsCoResp":0.00,"totalInsEIVAmt":0.00,"totalRowCount":20,"totalTalbottDay":0}|0x29c9eced
08:40:08.0 (80141304)|VARIABLE_ASSIGNMENT|[EXTERNAL]|this|{"cmpnyRateAdjstmntMap":"0x2c3d4c19","estmtCnrgDaysMap":"0x668a11d4","estmtCvrgeDaysObj":"0x1d44403a","faciltyOptions":"0x4762bbff","fcltyPrgmMap":"0x1f96a8e","fcltyPrgrmOptions":"0x374bcfd4","idToOwnershipFacilit (4 more) ...":"0x8311c97","idToTypeFacilityMap":"0x5adee32d","insrncBnftMap":"0x5af10b2a","insrncBnftOptions":"0x7965075e","isIop":false,"isTalbott":false,"meta":"0x79307941","oppId":"00629000004NTeZ","pawObj":"0x545a2ac1","ptntInsrnceOptions":"0xe46a9e7","ptntInsrncMap":"0x5f481086","ptntInsrncObj":"0x54eeb4f1","quoteObj":"0x25c8805f","recordId":"00629000004NTeZ","rtAdjstmntOptions":"0x6c76ff71","showPILookup":false,"sObjectQueryStr":"","wrprObj":"0x29c9eced"}|0x463073c1
08:40:08.0 (80185569)|STATEMENT_EXECUTE|[382]
08:40:08.0 (80188883)|STATEMENT_EXECUTE|[383]
08:40:08.0 (80242239)|HEAP_ALLOCATE|[383]|Bytes:4
08:40:08.0 (80258311)|HEAP_ALLOCATE|[383]|Bytes:287
08:40:08.0 (80283485)|HEAP_ALLOCATE|[383]|Bytes:4
08:40:08.0 (80442489)|VARIABLE_ASSIGNMENT|[EXTERNAL]|this|{"cmpnyRateAdjstmntMap":"0x2c3d4c19","estmtCnrgDaysMap":"0x668a11d4","estmtCvrgeDaysObj":"0x1d44403a","faciltyOptions":"0x4762bbff","fcltyPrgmMap":"0x1f96a8e","fcltyPrgrmOptions":"0x374bcfd4","idToOwnershipFacilit (4 more) ...":"0x8311c97","idToTypeFacilityMap":"0x5adee32d","insrncBnftMap":"0x5af10b2a","insrncBnftOptions":"0x7965075e","isIop":false,"isTalbott":false,"meta":"0x79307941","oppId":"00629000004NTeZ","pawObj":"0x545a2ac1","ptntInsrnceOptions":"0xe46a9e7","ptntInsrncMap":"0x5f481086","ptntInsrncObj":"0x54eeb4f1","quoteObj":"0x25c8805f","recordId":"00629000004NTeZ","rtAdjstmntOptions":"0x6c76ff71","showPILookup":false,"sObjectQueryStr":"","wrprObj":"0x29c9eced"}|0x463073c1
08:40:08.0 (80534980)|HEAP_ALLOCATE|[383]|Bytes:7
08:40:08.0 (80686268)|VARIABLE_ASSIGNMENT|[EXTERNAL]|this|{"cmpnyRateAdjstmntMap":"0x2c3d4c19","estmtCnrgDaysMap":"0x668a11d4","estmtCvrgeDaysObj":"0x1d44403a","faciltyOptions":"0x4762bbff","fcltyPrgmMap":"0x1f96a8e","fcltyPrgrmOptions":"0x374bcfd4","idToOwnershipFacilit (4 more) ...":"0x8311c97","idToTypeFacilityMap":"0x5adee32d","insrncBnftMap":"0x5af10b2a","insrncBnftOptions":"0x7965075e","isIop":false,"isTalbott":false,"meta":"0x79307941","oppId":"00629000004NTeZ","pawObj":"0x545a2ac1","ptntInsrnceOptions":"0xe46a9e7","ptntInsrncMap":"0x5f481086","ptntInsrncObj":"0x54eeb4f1","quoteObj":"0x25c8805f","recordId":"00629000004NTeZ","rtAdjstmntOptions":"0x6c76ff71","showPILookup":false,"sObjectQueryStr":"","wrprObj":"0x29c9eced"}|0x463073c1
08:40:08.0 (80816186)|VARIABLE_ASSIGNMENT|[EXTERNAL]|this|{"facilitySelected":"001j000000NqKMtAAN","fcltyPrgrmSelected":"a1B290000003SEdEAM","insrncBnft":"0xea738e6","insrncBnftSelected":"a1H29000000pRTUEA2","pawDetailListDisplay (4 more) ...":false,"pyAgrmntWrksht":"0x732b13f4","rateAdjstmntSelected":"a1I29000000HR5FEAW","relatedPAWDetailsLis (1 more) ...":"0x544f8c78","targetEDR":0.00,"totalAppliedDeductib (2 more) ...":0.00,"totalCoInsurance":0.00,"totalCoPayAmt":0.00,"totalInsCoResp":0.00,"totalInsEIVAmt":0.00,"totalRowCount":20,"totalTalbottDay":0}|0x29c9eced
08:40:08.0 (82486884)|SOQL_EXECUTE_BEGIN|[383]|Aggregations:0|SELECT Id, Name, Type__c, Rate_Adjustment__c, In_Network_Rate_Adjustment__c, Out_of_Network_Rate_Adjustment__c, Active_Date__c, Term_Date__c FROM Insurance_Company_Rate_Adjustment__c WHERE (Insurance_Company__c = :tmpVar1 AND FRN_Facility__c = :tmpVar2) ORDER BY Type__c DESC NULLS FIRST
08:40:08.0 (90886051)|SOQL_EXECUTE_END|[383]|Rows:2
08:40:08.0 (90930248)|HEAP_ALLOCATE|[383]|Bytes:12
08:40:08.0 (90963676)|HEAP_ALLOCATE|[383]|Bytes:319
08:40:08.0 (91079601)|HEAP_ALLOCATE|[383]|Bytes:12
08:40:08.0 (91152796)|HEAP_ALLOCATE|[383]|Bytes:24
08:40:08.0 (91170295)|HEAP_ALLOCATE|[383]|Bytes:4
08:40:08.0 (91179334)|HEAP_ALLOCATE|[383]|Bytes:24
08:40:08.0 (91186463)|HEAP_ALLOCATE|[383]|Bytes:4
08:40:08.0 (91293831)|VARIABLE_ASSIGNMENT|[383]|this.cmpnyRateAdjstmntMap|{"a1I29000000HR5FEAW":{"Id":"a1I29000000HR5FEAW","Name":"Ins Co Rate Adjstmt  (5 more) ...","Type__c":"Contracted","Rate_Adjustment__c":3.00,"Active_Date__c":"2017-02-24T00:00:00.000Z"},"a1I29000000HR5EEAW":{"Id":"a1I29000000HR5EEAW","Name":"Ins Co Rate Adjstmt  (5 more) ...","Type__c":"OON","Rate_Adjustment__c":15.00,"Active_Date__c":"2017-02-24T00:00:00.000Z"}}|0x463073c1
08:40:08.0 (91379456)|HEAP_ALLOCATE|[EXTERNAL]|Bytes:12
08:40:08.0 (91394837)|HEAP_ALLOCATE|[395]|Bytes:329
08:40:08.0 (91585136)|HEAP_ALLOCATE|[395]|Bytes:5
08:40:08.0 (91606119)|HEAP_ALLOCATE|[395]|Bytes:24
08:40:08.0 (91620554)|VARIABLE_SCOPE_BEGIN|[395]|rateAdjstmntInstance|Insurance_Company_Rate_Adjustment__c|true|false
08:40:08.0 (91653022)|VARIABLE_ASSIGNMENT|[395]|rateAdjstmntInstance|{"Id":"a1I29000000HR5FEAW","Name":"Ins Co Rate Adjstmt  (5 more) ...","Type__c":"Contracted","Rate_Adjustment__c":3.00,"Active_Date__c":"2017-02-24T00:00:00.000Z"}|0x294bf0ee
08:40:08.0 (91664070)|STATEMENT_EXECUTE|[395]
08:40:08.0 (91729714)|METHOD_ENTRY|[396]|01p0a000004sKzV|PAW_New_EditCntrllr.checkIfActive(Insurance_Company_Rate_Adjustment__c)
08:40:08.0 (91762085)|VARIABLE_SCOPE_BEGIN|[497]|this|PAW_New_EditCntrllr|true|false
08:40:08.0 (91887198)|VARIABLE_ASSIGNMENT|[497]|this|{"cmpnyRateAdjstmntMap":"0x5de535d6","estmtCnrgDaysMap":"0x668a11d4","estmtCvrgeDaysObj":"0x1d44403a","faciltyOptions":"0x4762bbff","fcltyPrgmMap":"0x1f96a8e","fcltyPrgrmOptions":"0x374bcfd4","idToOwnershipFacilit (4 more) ...":"0x8311c97","idToTypeFacilityMap":"0x5adee32d","insrncBnftMap":"0x5af10b2a","insrncBnftOptions":"0x7965075e","isIop":false,"isTalbott":false,"meta":"0x79307941","oppId":"00629000004NTeZ","pawObj":"0x545a2ac1","ptntInsrnceOptions":"0xe46a9e7","ptntInsrncMap":"0x5f481086","ptntInsrncObj":"0x54eeb4f1","quoteObj":"0x25c8805f","recordId":"00629000004NTeZ","rtAdjstmntOptions":"0x6c76ff71","showPILookup":false,"sObjectQueryStr":"","wrprObj":"0x29c9eced"}|0x463073c1
08:40:08.0 (91905242)|VARIABLE_SCOPE_BEGIN|[497]|pInsRateAdjustmentOnj|Insurance_Company_Rate_Adjustment__c|true|false
08:40:08.0 (91925922)|VARIABLE_ASSIGNMENT|[497]|pInsRateAdjustmentOnj|{"Id":"a1I29000000HR5FEAW","Name":"Ins Co Rate Adjstmt  (5 more) ...","Type__c":"Contracted","Rate_Adjustment__c":3.00,"Active_Date__c":"2017-02-24T00:00:00.000Z"}|0x294bf0ee
08:40:08.0 (91936541)|STATEMENT_EXECUTE|[497]
08:40:08.0 (91938244)|STATEMENT_EXECUTE|[498]
08:40:08.0 (91987301)|HEAP_ALLOCATE|[498]|Bytes:4
08:40:08.0 (92020466)|VARIABLE_SCOPE_BEGIN|[498]|todayDate|Date|false|false
08:40:08.0 (92041841)|VARIABLE_ASSIGNMENT|[498]|todayDate|"2018-01-17T00:00:00.000Z"
08:40:08.0 (92075846)|STATEMENT_EXECUTE|[499]
08:40:08.0 (92077896)|STATEMENT_EXECUTE|[500]
08:40:08.0 (92088191)|VARIABLE_SCOPE_BEGIN|[500]|endDate|Date|false|false
08:40:08.0 (92109364)|VARIABLE_ASSIGNMENT|[500]|endDate|"2018-01-17T00:00:00.000Z"
08:40:08.0 (92193007)|STATEMENT_EXECUTE|[501]
08:40:08.0 (92195330)|STATEMENT_EXECUTE|[502]
08:40:08.0 (92200741)|METHOD_EXIT|[396]|01p0a000004sKzV|PAW_New_EditCntrllr.checkIfActive(Insurance_Company_Rate_Adjustment__c)
08:40:08.0 (92212519)|STATEMENT_EXECUTE|[397]
08:40:08.0 (92249007)|HEAP_ALLOCATE|[397]|Bytes:18
08:40:08.0 (92334552)|HEAP_ALLOCATE|[EXTERNAL]|Bytes:4
08:40:08.0 (92356982)|HEAP_ALLOCATE|[395]|Bytes:5
08:40:08.0 (92372370)|HEAP_ALLOCATE|[395]|Bytes:24
08:40:08.0 (92381981)|VARIABLE_SCOPE_BEGIN|[395]|rateAdjstmntInstance|Insurance_Company_Rate_Adjustment__c|true|false
08:40:08.0 (92408204)|VARIABLE_ASSIGNMENT|[395]|rateAdjstmntInstance|{"Id":"a1I29000000HR5EEAW","Name":"Ins Co Rate Adjstmt  (5 more) ...","Type__c":"OON","Rate_Adjustment__c":15.00,"Active_Date__c":"2017-02-24T00:00:00.000Z"}|0x22ef9354
08:40:08.0 (92416739)|STATEMENT_EXECUTE|[395]
08:40:08.0 (92431939)|METHOD_ENTRY|[396]|01p0a000004sKzV|PAW_New_EditCntrllr.checkIfActive(Insurance_Company_Rate_Adjustment__c)
08:40:08.0 (92440240)|VARIABLE_SCOPE_BEGIN|[497]|this|PAW_New_EditCntrllr|true|false
08:40:08.0 (92515018)|VARIABLE_ASSIGNMENT|[497]|this|{"cmpnyRateAdjstmntMap":"0x5de535d6","estmtCnrgDaysMap":"0x668a11d4","estmtCvrgeDaysObj":"0x1d44403a","faciltyOptions":"0x4762bbff","fcltyPrgmMap":"0x1f96a8e","fcltyPrgrmOptions":"0x374bcfd4","idToOwnershipFacilit (4 more) ...":"0x8311c97","idToTypeFacilityMap":"0x5adee32d","insrncBnftMap":"0x5af10b2a","insrncBnftOptions":"0x7965075e","isIop":false,"isTalbott":false,"meta":"0x79307941","oppId":"00629000004NTeZ","pawObj":"0x545a2ac1","ptntInsrnceOptions":"0xe46a9e7","ptntInsrncMap":"0x5f481086","ptntInsrncObj":"0x54eeb4f1","quoteObj":"0x25c8805f","recordId":"00629000004NTeZ","rtAdjstmntOptions":"0x6c76ff71","showPILookup":false,"sObjectQueryStr":"","wrprObj":"0x29c9eced"}|0x463073c1
08:40:08.0 (92531962)|VARIABLE_SCOPE_BEGIN|[497]|pInsRateAdjustmentOnj|Insurance_Company_Rate_Adjustment__c|true|false
08:40:08.0 (92551131)|VARIABLE_ASSIGNMENT|[497]|pInsRateAdjustmentOnj|{"Id":"a1I29000000HR5EEAW","Name":"Ins Co Rate Adjstmt  (5 more) ...","Type__c":"OON","Rate_Adjustment__c":15.00,"Active_Date__c":"2017-02-24T00:00:00.000Z"}|0x22ef9354
08:40:08.0 (92560522)|STATEMENT_EXECUTE|[497]
08:40:08.0 (92561904)|STATEMENT_EXECUTE|[498]
08:40:08.0 (92576247)|HEAP_ALLOCATE|[498]|Bytes:4
08:40:08.0 (92601854)|VARIABLE_SCOPE_BEGIN|[498]|todayDate|Date|false|false
08:40:08.0 (92629405)|VARIABLE_ASSIGNMENT|[498]|todayDate|"2018-01-17T00:00:00.000Z"
08:40:08.0 (92646197)|STATEMENT_EXECUTE|[499]
08:40:08.0 (92647767)|STATEMENT_EXECUTE|[500]
08:40:08.0 (92656997)|VARIABLE_SCOPE_BEGIN|[500]|endDate|Date|false|false
08:40:08.0 (92675066)|VARIABLE_ASSIGNMENT|[500]|endDate|"2018-01-17T00:00:00.000Z"
08:40:08.0 (92707477)|STATEMENT_EXECUTE|[501]
08:40:08.0 (92709205)|STATEMENT_EXECUTE|[502]
08:40:08.0 (92714808)|METHOD_EXIT|[396]|01p0a000004sKzV|PAW_New_EditCntrllr.checkIfActive(Insurance_Company_Rate_Adjustment__c)
08:40:08.0 (92722198)|STATEMENT_EXECUTE|[397]
08:40:08.0 (92733870)|HEAP_ALLOCATE|[397]|Bytes:18
08:40:08.0 (92753439)|HEAP_ALLOCATE|[EXTERNAL]|Bytes:4
08:40:08.0 (92770016)|HEAP_ALLOCATE|[395]|Bytes:5
08:40:08.0 (92785012)|VARIABLE_ASSIGNMENT|[395]|rateAdjstmntInstance|null|
08:40:08.0 (92790898)|STATEMENT_EXECUTE|[400]
08:40:08.0 (93558076)|SYSTEM_MODE_ENTER|true
08:40:08.104 (104311777)|SYSTEM_MODE_ENTER|true
08:40:08.104 (104420644)|HEAP_ALLOCATE|[EXTERNAL]|Bytes:8
08:40:08.104 (104439404)|VARIABLE_SCOPE_BEGIN|[88]|this|ApexPage.PageMessagesComponentController|true|false
08:40:08.104 (104490130)|VARIABLE_ASSIGNMENT|[88]|this|{}|0x529396b3
08:40:08.104 (104498549)|VARIABLE_SCOPE_BEGIN|[88]|escape|Boolean|false|false
08:40:08.104 (104506215)|VARIABLE_ASSIGNMENT|[88]|escape|null
08:40:08.0 (105018787)|HEAP_ALLOCATE|[EXTERNAL]|Bytes:18
08:40:08.0 (105027890)|HEAP_ALLOCATE|[EXTERNAL]|Bytes:84
08:40:08.0 (105045263)|VARIABLE_ASSIGNMENT|[EXTERNAL]|this.insrncBnftSelected|"a1H29000000pRTUEA2"|0x29c9eced
08:40:08.0 (105133480)|HEAP_ALLOCATE|[EXTERNAL]|Bytes:18
08:40:08.0 (105140402)|HEAP_ALLOCATE|[EXTERNAL]|Bytes:84
08:40:08.0 (105150429)|VARIABLE_ASSIGNMENT|[EXTERNAL]|this.facilitySelected|"001j000000NqKMtAAN"|0x29c9eced
08:40:08.0 (105231450)|HEAP_ALLOCATE|[EXTERNAL]|Bytes:18
08:40:08.0 (105238449)|HEAP_ALLOCATE|[EXTERNAL]|Bytes:84
08:40:08.0 (105249073)|VARIABLE_ASSIGNMENT|[EXTERNAL]|this.rateAdjstmntSelected|"a1I29000000HR5FEAW"|0x29c9eced
08:40:08.0 (105328029)|HEAP_ALLOCATE|[EXTERNAL]|Bytes:18
08:40:08.0 (105334928)|HEAP_ALLOCATE|[EXTERNAL]|Bytes:84
08:40:08.0 (105344189)|VARIABLE_ASSIGNMENT|[EXTERNAL]|this.fcltyPrgrmSelected|"a1B290000003SEdEAM"|0x29c9eced
08:40:08.127 (127757396)|SYSTEM_MODE_ENTER|true
08:40:08.127 (127903885)|HEAP_ALLOCATE|[EXTERNAL]|Bytes:8
08:40:08.127 (127925292)|VARIABLE_SCOPE_BEGIN|[88]|this|ApexPage.PageMessagesComponentController|true|false
08:40:08.127 (127985725)|VARIABLE_ASSIGNMENT|[88]|this|{}|0x529396b3
08:40:08.127 (127994706)|VARIABLE_SCOPE_BEGIN|[88]|escape|Boolean|false|false
08:40:08.127 (128003909)|VARIABLE_ASSIGNMENT|[88]|escape|null
08:40:08.128 (128191209)|SYSTEM_MODE_ENTER|true
08:40:08.128 (128238673)|HEAP_ALLOCATE|[EXTERNAL]|Bytes:8
08:40:08.128 (128248072)|VARIABLE_SCOPE_BEGIN|[2]|this|ApexPage.PageMessagesComponentController|true|false
08:40:08.128 (128270976)|VARIABLE_ASSIGNMENT|[2]|this|{}|0x529396b3
08:40:08.0 (128889728)|SYSTEM_MODE_ENTER|true
08:40:08.0 (129075771)|SYSTEM_MODE_ENTER|true
08:40:08.0 (129496519)|SYSTEM_MODE_ENTER|true
08:40:08.0 (134034254)|SYSTEM_MODE_ENTER|true
08:40:08.0 (134143975)|SYSTEM_MODE_ENTER|true
08:40:08.0 (149954709)|VF_SERIALIZE_VIEWSTATE_BEGIN|0660a0000009uTC
08:40:08.0 (158797895)|VF_SERIALIZE_VIEWSTATE_END
08:40:08.169 (169225199)|CUMULATIVE_LIMIT_USAGE
08:40:08.169 (169225199)|LIMIT_USAGE_FOR_NS|(default)|
  Number of SOQL queries: 2 out of 100
  Number of query rows: 4 out of 50000
  Number of SOSL queries: 0 out of 20
  Number of DML statements: 0 out of 150
  Number of DML rows: 0 out of 10000
  Maximum CPU time: 0 out of 10000
  Maximum heap size: 0 out of 6000000
  Number of callouts: 0 out of 100
  Number of Email Invocations: 0 out of 10
  Number of future calls: 0 out of 50
  Number of queueable jobs added to the queue: 0 out of 50
  Number of Mobile Apex push calls: 0 out of 10

08:40:08.169 (169225199)|CUMULATIVE_LIMIT_USAGE_END

08:40:08.0 (169288203)|CODE_UNIT_FINISHED|VF: /apex/PAW_New_Edit
08:40:08.0 (170150160)|EXECUTION_FINISHED
