37.0 APEX_CODE,FINEST;APEX_PROFILING,INFO;CALLOUT,INFO;DB,INFO;SYSTEM,DEBUG;VALIDATION,INFO;VISUALFORCE,INFO;WAVE,INFO;WORKFLOW,FINER
07:48:32.0 (282137)|USER_INFO|[EXTERNAL]|00529000000zYiy|bhakti.gujrathi@eternussolutions.com.frnstgng|Central Standard Time|GMT-06:00
07:48:32.0 (311986)|EXECUTION_STARTED
07:48:32.0 (316144)|CODE_UNIT_STARTED|[EXTERNAL]|0660a0000009uTC|VF: /apex/PAW_New_Edit
07:48:32.0 (721842)|VF_DESERIALIZE_VIEWSTATE_BEGIN|0660a0000009uTC
07:48:32.0 (4842489)|HEAP_ALLOCATE|[72]|Bytes:3
07:48:32.0 (4887963)|HEAP_ALLOCATE|[77]|Bytes:152
07:48:32.0 (4904538)|HEAP_ALLOCATE|[342]|Bytes:408
07:48:32.0 (4919000)|HEAP_ALLOCATE|[355]|Bytes:408
07:48:32.0 (4931542)|HEAP_ALLOCATE|[467]|Bytes:48
07:48:32.0 (4962125)|HEAP_ALLOCATE|[139]|Bytes:6
07:48:32.0 (4985919)|HEAP_ALLOCATE|[50]|Bytes:5
07:48:32.0 (5006606)|HEAP_ALLOCATE|[56]|Bytes:5
07:48:32.0 (5036973)|HEAP_ALLOCATE|[64]|Bytes:7
07:48:32.0 (7701521)|VARIABLE_SCOPE_BEGIN|[35]|PAW_New_EditCntrllr.globalSchemaMap|Map<String,Schema.SObjectType>|true|true
07:48:32.0 (7714981)|VARIABLE_SCOPE_BEGIN|[3]|PAW_New_EditCntrllr.yearEndMode|Boolean|false|true
07:48:32.0 (12003398)|VF_DESERIALIZE_VIEWSTATE_END
07:48:32.12 (12881115)|SYSTEM_MODE_ENTER|true
07:48:32.12 (12944919)|HEAP_ALLOCATE|[EXTERNAL]|Bytes:38
07:48:32.12 (12952692)|HEAP_ALLOCATE|[EXTERNAL]|Bytes:7
07:48:32.12 (12962521)|SYSTEM_METHOD_ENTRY|[1]|PageMessagesComponentController.PageMessagesComponentController()
07:48:32.12 (12967625)|STATEMENT_EXECUTE|[1]
07:48:32.13 (13720572)|SYSTEM_MODE_ENTER|true
07:48:32.13 (13765762)|HEAP_ALLOCATE|[EXTERNAL]|Bytes:8
07:48:32.13 (13773003)|VARIABLE_SCOPE_BEGIN|[88]|this|ApexPage.PageMessagesComponentController|true|false
07:48:32.13 (13808037)|VARIABLE_ASSIGNMENT|[88]|this|{}|0x2613de41
07:48:32.13 (13813933)|VARIABLE_SCOPE_BEGIN|[88]|escape|Boolean|false|false
07:48:32.13 (13821749)|VARIABLE_ASSIGNMENT|[88]|escape|null
07:48:32.0 (13997049)|SYSTEM_MODE_ENTER|true
07:48:32.0 (14026707)|HEAP_ALLOCATE|[EXTERNAL]|Bytes:11
07:48:32.0 (14036610)|HEAP_ALLOCATE|[EXTERNAL]|Bytes:304
07:48:32.0 (14041013)|HEAP_ALLOCATE|[EXTERNAL]|Bytes:98
07:48:32.0 (14044315)|HEAP_ALLOCATE|[EXTERNAL]|Bytes:14
07:48:32.0 (14055698)|METHOD_ENTRY|[1]|01p0a000004sKzV|PAW_New_EditCntrllr.PAW_New_EditCntrllr()
07:48:32.0 (14060251)|STATEMENT_EXECUTE|[1]
07:48:32.0 (14064089)|STATEMENT_EXECUTE|[1]
07:48:32.0 (14065182)|STATEMENT_EXECUTE|[3]
07:48:32.0 (14547340)|VARIABLE_SCOPE_BEGIN|[3]|PAW_YearEnd_Config.setting|Year_End_PAW_Settings__c|true|true
07:48:32.0 (14562756)|HEAP_ALLOCATE|[3]|Bytes:1
07:48:32.0 (14568972)|HEAP_ALLOCATE|[3]|Bytes:1
07:48:32.0 (14607384)|METHOD_ENTRY|[1]|01p29000000Aswf|PAW_YearEnd_Config.PAW_YearEnd_Config()
07:48:32.0 (14612690)|STATEMENT_EXECUTE|[1]
07:48:32.0 (14615533)|STATEMENT_EXECUTE|[1]
07:48:32.0 (14630288)|SYSTEM_MODE_ENTER|false
07:48:32.0 (14637348)|HEAP_ALLOCATE|[3]|Bytes:5
07:48:32.0 (14644633)|SYSTEM_MODE_EXIT|false
07:48:32.0 (14652516)|METHOD_EXIT|[1]|PAW_YearEnd_Config
07:48:32.0 (14662682)|METHOD_ENTRY|[3]|01p29000000Aswf|PAW_YearEnd_Config.fetch()
07:48:32.0 (14687356)|SYSTEM_MODE_ENTER|false
07:48:32.0 (14692107)|HEAP_ALLOCATE|[6]|Bytes:5
07:48:32.0 (14696546)|STATEMENT_EXECUTE|[5]
07:48:32.0 (14699842)|STATEMENT_EXECUTE|[7]
07:48:32.0 (15744495)|HEAP_ALLOCATE|[7]|Bytes:20
07:48:32.0 (15794046)|VARIABLE_ASSIGNMENT|[7]|PAW_YearEnd_Config.setting|{"IsDeleted":false,"Name":"Year End PAW Setting (11 more) ...","SetupOwnerId":"00529000000zYiyAAE","Year_End_Mode_Enable (4 more) ...":false}|0x4d3cc1a8
07:48:32.0 (15803252)|STATEMENT_EXECUTE|[9]
07:48:32.0 (15807299)|HEAP_ALLOCATE|[9]|Bytes:14
07:48:32.0 (15941682)|HEAP_ALLOCATE|[9]|Bytes:145
07:48:32.0 (15964967)|HEAP_ALLOCATE|[9]|Bytes:159
07:48:32.0 (15985233)|USER_DEBUG|[9]|DEBUG|>>> setting : Year_End_PAW_Settings__c:{IsDeleted=false, Name=Year End PAW Settings (Profile), SetupOwnerId=00529000000zYiyAAE, Year_End_Mode_Enabled__c=false}
07:48:32.0 (15993482)|STATEMENT_EXECUTE|[10]
07:48:32.0 (16004636)|SYSTEM_MODE_EXIT|false
07:48:32.0 (16015018)|METHOD_EXIT|[3]|01p29000000Aswf|PAW_YearEnd_Config.fetch()
07:48:32.0 (16051582)|VARIABLE_ASSIGNMENT|[3]|PAW_New_EditCntrllr.yearEndMode|false
07:48:32.0 (16056734)|STATEMENT_EXECUTE|[523]
07:48:32.0 (16062380)|METHOD_EXIT|[1]|PAW_New_EditCntrllr
07:48:32.0 (17324346)|SYSTEM_MODE_ENTER|true
07:48:32.0 (18860860)|SYSTEM_MODE_ENTER|true
07:48:32.0 (18914410)|HEAP_ALLOCATE|[EXTERNAL]|Bytes:476
07:48:32.0 (18925619)|HEAP_ALLOCATE|[EXTERNAL]|Bytes:71
07:48:32.0 (22698162)|SYSTEM_MODE_ENTER|true
07:48:32.0 (22755066)|SYSTEM_MODE_ENTER|true
07:48:32.0 (26264473)|SYSTEM_MODE_ENTER|true
07:48:32.0 (26463454)|HEAP_ALLOCATE|[EXTERNAL]|Bytes:112
07:48:32.0 (26475369)|VARIABLE_SCOPE_BEGIN|[186]|this|PAW_New_EditCntrllr|true|false
07:48:32.0 (26563372)|VARIABLE_ASSIGNMENT|[186]|this|{"estmtCvrgeDaysObj":"0x64f1dce","faciltyOptions":"0x12d37b","fcltyPrgrmOptions":"0x680a2d74","idToOwnershipFacilit (4 more) ...":"0x12e813f8","idToTypeFacilityMap":"0x6c37cd06","insrncBnftMap":"0x7aa852f0","insrncBnftOptions":"0x4370a15c","isIop":false,"isTalbott":false,"meta":"0x11d50d19","oppId":"00629000004NTeZ","pawObj":"0x43d8bdd8","ptntInsrnceOptions":"0x7b5f4881","ptntInsrncMap":"0x3de37cf7","ptntInsrncObj":"0x4671397","quoteObj":"0x25748be","recordId":"00629000004NTeZ","rtAdjstmntOptions":"0x3cd0335","showPILookup":false,"sObjectQueryStr":"","wrprObj":"0x43cb4fd3"}|0x71077940
07:48:32.0 (26581895)|STATEMENT_EXECUTE|[186]
07:48:32.0 (26583972)|STATEMENT_EXECUTE|[190]
07:48:32.0 (26601044)|HEAP_ALLOCATE|[190]|Bytes:4
07:48:32.0 (26666956)|HEAP_ALLOCATE|[EXTERNAL]|Bytes:4
07:48:32.0 (26680403)|VARIABLE_ASSIGNMENT|[190]|this.ptntInsrnceOptions|[]|0x71077940
07:48:32.0 (26686150)|STATEMENT_EXECUTE|[191]
07:48:32.0 (26696409)|HEAP_ALLOCATE|[191]|Bytes:12
07:48:32.0 (26756489)|HEAP_ALLOCATE|[EXTERNAL]|Bytes:4
07:48:32.0 (26765953)|STATEMENT_EXECUTE|[192]
07:48:32.0 (26794921)|HEAP_ALLOCATE|[192]|Bytes:4
07:48:32.0 (26800498)|HEAP_ALLOCATE|[192]|Bytes:95
07:48:32.0 (26810822)|HEAP_ALLOCATE|[192]|Bytes:4
07:48:32.0 (26821109)|HEAP_ALLOCATE|[192]|Bytes:7
07:48:32.0 (27097041)|SOQL_EXECUTE_BEGIN|[192]|Aggregations:0|SELECT Id, Name, Insurance_Company__c FROM Patient_Insurance__c WHERE Opportunity__c = :tmpVar1
07:48:32.0 (31139315)|SOQL_EXECUTE_END|[192]|Rows:4
07:48:32.0 (31160434)|HEAP_ALLOCATE|[192]|Bytes:20
07:48:32.0 (31184882)|HEAP_ALLOCATE|[192]|Bytes:449
07:48:32.0 (31237118)|HEAP_ALLOCATE|[192]|Bytes:20
07:48:32.0 (31275949)|HEAP_ALLOCATE|[192]|Bytes:16
07:48:32.0 (31287744)|HEAP_ALLOCATE|[192]|Bytes:4
07:48:32.0 (31291807)|HEAP_ALLOCATE|[192]|Bytes:16
07:48:32.0 (31295897)|HEAP_ALLOCATE|[192]|Bytes:4
07:48:32.0 (31298419)|HEAP_ALLOCATE|[192]|Bytes:16
07:48:32.0 (31301979)|HEAP_ALLOCATE|[192]|Bytes:4
07:48:32.0 (31304568)|HEAP_ALLOCATE|[192]|Bytes:16
07:48:32.0 (31308086)|HEAP_ALLOCATE|[192]|Bytes:4
07:48:32.0 (31345724)|VARIABLE_ASSIGNMENT|[192]|this.ptntInsrncMap|{"a1b29000000l40nAAA":{"Id":"a1b29000000l40nAAA","Name":"Maria Johnson - BCBS (17 more) ...","Insurance_Company__c":"0012900000AXSPBAA5"},"a1b29000000lvHQAAY":{"Id":"a1b29000000lvHQAAY","Name":"Maria Johnson - Valu (23 more) ...","Insurance_Company__c":"0012900000AXSP3AAP"},"a1b29000000lvHVAAY":{"Id":"a1b29000000lvHVAAY","Name":"Maria Johnson - Priv (7 more) ...","Insurance_Company__c":"0012900000AXSDqAAP"},"a1b29000000ly7uAAA":{"Id":"a1b29000000ly7uAAA","Name":"Maria Johnson - Alle (6 more) ...","Insurance_Company__c":"0012900000AXSlPAAX"}}|0x71077940
07:48:32.0 (31390807)|HEAP_ALLOCATE|[EXTERNAL]|Bytes:20
07:48:32.0 (31403059)|HEAP_ALLOCATE|[197]|Bytes:465
07:48:32.0 (31537939)|HEAP_ALLOCATE|[197]|Bytes:5
07:48:32.0 (31552693)|HEAP_ALLOCATE|[197]|Bytes:16
07:48:32.0 (31561392)|VARIABLE_SCOPE_BEGIN|[197]|ptntInsrnceInstance|Patient_Insurance__c|true|false
07:48:32.0 (31577457)|VARIABLE_ASSIGNMENT|[197]|ptntInsrnceInstance|{"Id":"a1b29000000l40nAAA","Name":"Maria Johnson - BCBS (17 more) ...","Insurance_Company__c":"0012900000AXSPBAA5"}|0x6ab519f0
07:48:32.0 (31584262)|STATEMENT_EXECUTE|[197]
07:48:32.0 (31585657)|STATEMENT_EXECUTE|[198]
07:48:32.0 (31627013)|HEAP_ALLOCATE|[198]|Bytes:18
07:48:32.0 (31678942)|HEAP_ALLOCATE|[EXTERNAL]|Bytes:4
07:48:32.0 (31692618)|HEAP_ALLOCATE|[197]|Bytes:5
07:48:32.0 (31700894)|HEAP_ALLOCATE|[197]|Bytes:16
07:48:32.0 (31706633)|VARIABLE_SCOPE_BEGIN|[197]|ptntInsrnceInstance|Patient_Insurance__c|true|false
07:48:32.0 (31719580)|VARIABLE_ASSIGNMENT|[197]|ptntInsrnceInstance|{"Id":"a1b29000000lvHQAAY","Name":"Maria Johnson - Valu (23 more) ...","Insurance_Company__c":"0012900000AXSP3AAP"}|0x4b3cf10a
07:48:32.0 (31725548)|STATEMENT_EXECUTE|[197]
07:48:32.0 (31726707)|STATEMENT_EXECUTE|[198]
07:48:32.0 (31735422)|HEAP_ALLOCATE|[198]|Bytes:18
07:48:32.0 (31747302)|HEAP_ALLOCATE|[EXTERNAL]|Bytes:4
07:48:32.0 (31756045)|HEAP_ALLOCATE|[197]|Bytes:5
07:48:32.0 (31762450)|HEAP_ALLOCATE|[197]|Bytes:16
07:48:32.0 (31766380)|VARIABLE_SCOPE_BEGIN|[197]|ptntInsrnceInstance|Patient_Insurance__c|true|false
07:48:32.0 (31777347)|VARIABLE_ASSIGNMENT|[197]|ptntInsrnceInstance|{"Id":"a1b29000000lvHVAAY","Name":"Maria Johnson - Priv (7 more) ...","Insurance_Company__c":"0012900000AXSDqAAP"}|0x7bd0bae8
07:48:32.0 (31782100)|STATEMENT_EXECUTE|[197]
07:48:32.0 (31783044)|STATEMENT_EXECUTE|[198]
07:48:32.0 (31788818)|HEAP_ALLOCATE|[198]|Bytes:18
07:48:32.0 (31797382)|HEAP_ALLOCATE|[EXTERNAL]|Bytes:4
07:48:32.0 (31805081)|HEAP_ALLOCATE|[197]|Bytes:5
07:48:32.0 (31811158)|HEAP_ALLOCATE|[197]|Bytes:16
07:48:32.0 (31815019)|VARIABLE_SCOPE_BEGIN|[197]|ptntInsrnceInstance|Patient_Insurance__c|true|false
07:48:32.0 (31825128)|VARIABLE_ASSIGNMENT|[197]|ptntInsrnceInstance|{"Id":"a1b29000000ly7uAAA","Name":"Maria Johnson - Alle (6 more) ...","Insurance_Company__c":"0012900000AXSlPAAX"}|0x44bd95d6
07:48:32.0 (31829414)|STATEMENT_EXECUTE|[197]
07:48:32.0 (31830472)|STATEMENT_EXECUTE|[198]
07:48:32.0 (31835255)|HEAP_ALLOCATE|[198]|Bytes:18
07:48:32.0 (31842723)|HEAP_ALLOCATE|[EXTERNAL]|Bytes:4
07:48:32.0 (31850209)|HEAP_ALLOCATE|[197]|Bytes:5
07:48:32.0 (31857463)|VARIABLE_ASSIGNMENT|[197]|ptntInsrnceInstance|null|
07:48:32.0 (31862376)|STATEMENT_EXECUTE|[201]
07:48:32.35 (35920407)|SYSTEM_MODE_ENTER|true
07:48:32.35 (35969898)|HEAP_ALLOCATE|[EXTERNAL]|Bytes:8
07:48:32.35 (35987040)|VARIABLE_SCOPE_BEGIN|[88]|this|ApexPage.PageMessagesComponentController|true|false
07:48:32.35 (36011558)|VARIABLE_ASSIGNMENT|[88]|this|{}|0x2613de41
07:48:32.35 (36018045)|VARIABLE_SCOPE_BEGIN|[88]|escape|Boolean|false|false
07:48:32.35 (36027964)|VARIABLE_ASSIGNMENT|[88]|escape|null
07:48:32.0 (36555118)|HEAP_ALLOCATE|[EXTERNAL]|Bytes:84
07:48:32.0 (36567390)|VARIABLE_ASSIGNMENT|[EXTERNAL]|this.insrncBnftSelected|null|0x43cb4fd3
07:48:32.0 (36626121)|HEAP_ALLOCATE|[EXTERNAL]|Bytes:84
07:48:32.0 (36634016)|VARIABLE_ASSIGNMENT|[EXTERNAL]|this.facilitySelected|null|0x43cb4fd3
07:48:32.0 (36672447)|HEAP_ALLOCATE|[EXTERNAL]|Bytes:84
07:48:32.0 (36678579)|VARIABLE_ASSIGNMENT|[EXTERNAL]|this.rateAdjstmntSelected|null|0x43cb4fd3
07:48:32.0 (36714240)|HEAP_ALLOCATE|[EXTERNAL]|Bytes:84
07:48:32.0 (36719768)|VARIABLE_ASSIGNMENT|[EXTERNAL]|this.fcltyPrgrmSelected|null|0x43cb4fd3
07:48:32.0 (39734394)|HEAP_ALLOCATE|[EXTERNAL]|Bytes:112
07:48:32.0 (39744625)|VARIABLE_SCOPE_BEGIN|[205]|this|PAW_New_EditCntrllr|true|false
07:48:32.0 (39811102)|VARIABLE_ASSIGNMENT|[205]|this|{"estmtCvrgeDaysObj":"0x64f1dce","faciltyOptions":"0x12d37b","fcltyPrgrmOptions":"0x680a2d74","idToOwnershipFacilit (4 more) ...":"0x12e813f8","idToTypeFacilityMap":"0x6c37cd06","insrncBnftMap":"0x7aa852f0","insrncBnftOptions":"0x4370a15c","isIop":false,"isTalbott":false,"meta":"0x11d50d19","oppId":"00629000004NTeZ","pawObj":"0x43d8bdd8","ptntInsrnceOptions":"0x777a809a","ptntInsrncMap":"0x63ee203","ptntInsrncObj":"0x4671397","quoteObj":"0x25748be","recordId":"00629000004NTeZ","rtAdjstmntOptions":"0x3cd0335","showPILookup":false,"sObjectQueryStr":"","wrprObj":"0x43cb4fd3"}|0x71077940
07:48:32.0 (39826688)|STATEMENT_EXECUTE|[205]
07:48:32.0 (39907135)|VARIABLE_ASSIGNMENT|[EXTERNAL]|this|{"estmtCvrgeDaysObj":"0x64f1dce","faciltyOptions":"0x12d37b","fcltyPrgrmOptions":"0x680a2d74","idToOwnershipFacilit (4 more) ...":"0x12e813f8","idToTypeFacilityMap":"0x6c37cd06","insrncBnftMap":"0x7aa852f0","insrncBnftOptions":"0x4370a15c","isIop":false,"isTalbott":false,"meta":"0x11d50d19","oppId":"00629000004NTeZ","pawObj":"0x43d8bdd8","ptntInsrnceOptions":"0x777a809a","ptntInsrncMap":"0x63ee203","ptntInsrncObj":"0x4671397","quoteObj":"0x25748be","recordId":"00629000004NTeZ","rtAdjstmntOptions":"0x3cd0335","showPILookup":false,"sObjectQueryStr":"","wrprObj":"0x43cb4fd3"}|0x71077940
07:48:32.0 (39971309)|VARIABLE_ASSIGNMENT|[EXTERNAL]|this|{"pawDetailListDisplay (4 more) ...":false,"pyAgrmntWrksht":"0x2563cc0e","relatedPAWDetailsLis (1 more) ...":"0x546b91ad","targetEDR":0.00,"totalAppliedDeductib (2 more) ...":0.00,"totalCoInsurance":0.00,"totalCoPayAmt":0.00,"totalInsCoResp":0.00,"totalInsEIVAmt":0.00,"totalRowCount":0,"totalTalbottDay":0.00}|0x43cb4fd3
07:48:32.0 (40026326)|STATEMENT_EXECUTE|[206]
07:48:32.0 (40028693)|STATEMENT_EXECUTE|[207]
07:48:32.0 (40092972)|VARIABLE_ASSIGNMENT|[EXTERNAL]|this|{"estmtCvrgeDaysObj":"0x64f1dce","faciltyOptions":"0x12d37b","fcltyPrgrmOptions":"0x680a2d74","idToOwnershipFacilit (4 more) ...":"0x12e813f8","idToTypeFacilityMap":"0x6c37cd06","insrncBnftMap":"0x7aa852f0","insrncBnftOptions":"0x4370a15c","isIop":false,"isTalbott":false,"meta":"0x11d50d19","oppId":"00629000004NTeZ","pawObj":"0x43d8bdd8","ptntInsrnceOptions":"0x777a809a","ptntInsrncMap":"0x63ee203","ptntInsrncObj":"0x4671397","quoteObj":"0x25748be","recordId":"00629000004NTeZ","rtAdjstmntOptions":"0x3cd0335","showPILookup":false,"sObjectQueryStr":"","wrprObj":"0x43cb4fd3"}|0x71077940
07:48:32.0 (40139885)|VARIABLE_ASSIGNMENT|[EXTERNAL]|this|{"pawDetailListDisplay (4 more) ...":false,"pyAgrmntWrksht":"0x2563cc0e","relatedPAWDetailsLis (1 more) ...":"0x546b91ad","targetEDR":0.00,"totalAppliedDeductib (2 more) ...":0.00,"totalCoInsurance":0.00,"totalCoPayAmt":0.00,"totalInsCoResp":0.00,"totalInsEIVAmt":0.00,"totalRowCount":0,"totalTalbottDay":0.00}|0x43cb4fd3
07:48:32.0 (40220064)|VARIABLE_ASSIGNMENT|[EXTERNAL]|this|{"estmtCvrgeDaysObj":"0x64f1dce","faciltyOptions":"0x12d37b","fcltyPrgrmOptions":"0x680a2d74","idToOwnershipFacilit (4 more) ...":"0x12e813f8","idToTypeFacilityMap":"0x6c37cd06","insrncBnftMap":"0x7aa852f0","insrncBnftOptions":"0x4370a15c","isIop":false,"isTalbott":false,"meta":"0x11d50d19","oppId":"00629000004NTeZ","pawObj":"0x43d8bdd8","ptntInsrnceOptions":"0x777a809a","ptntInsrncMap":"0x63ee203","ptntInsrncObj":"0x4671397","quoteObj":"0x25748be","recordId":"00629000004NTeZ","rtAdjstmntOptions":"0x3cd0335","showPILookup":false,"sObjectQueryStr":"","wrprObj":"0x43cb4fd3"}|0x71077940
07:48:32.0 (40238140)|VARIABLE_ASSIGNMENT|[EXTERNAL]|value|{"Id":"a1b29000000lvHQAAY","Name":"Maria Johnson - Valu (23 more) ...","Insurance_Company__c":"0012900000AXSP3AAP"}|0x4b3cf10a
07:48:32.0 (40251445)|VARIABLE_ASSIGNMENT|[18]|this.ptntInsrncObj|{"Id":"a1b29000000lvHQAAY","Name":"Maria Johnson - Valu (23 more) ...","Insurance_Company__c":"0012900000AXSP3AAP"}|0x71077940
07:48:32.0 (40259240)|STATEMENT_EXECUTE|[211]
07:48:32.0 (40308964)|VARIABLE_ASSIGNMENT|[EXTERNAL]|this|{"estmtCvrgeDaysObj":"0x64f1dce","faciltyOptions":"0x12d37b","fcltyPrgrmOptions":"0x680a2d74","idToOwnershipFacilit (4 more) ...":"0x12e813f8","idToTypeFacilityMap":"0x6c37cd06","insrncBnftMap":"0x7aa852f0","insrncBnftOptions":"0x4370a15c","isIop":false,"isTalbott":false,"meta":"0x11d50d19","oppId":"00629000004NTeZ","pawObj":"0x43d8bdd8","ptntInsrnceOptions":"0x777a809a","ptntInsrncMap":"0x63ee203","ptntInsrncObj":"0x4b3cf10a","quoteObj":"0x25748be","recordId":"00629000004NTeZ","rtAdjstmntOptions":"0x3cd0335","showPILookup":false,"sObjectQueryStr":"","wrprObj":"0x43cb4fd3"}|0x71077940
07:48:32.0 (40358541)|VARIABLE_ASSIGNMENT|[EXTERNAL]|this|{"pawDetailListDisplay (4 more) ...":false,"pyAgrmntWrksht":"0x2563cc0e","relatedPAWDetailsLis (1 more) ...":"0x546b91ad","targetEDR":0.00,"totalAppliedDeductib (2 more) ...":0.00,"totalCoInsurance":0.00,"totalCoPayAmt":0.00,"totalInsCoResp":0.00,"totalInsEIVAmt":0.00,"totalRowCount":0,"totalTalbottDay":0.00}|0x43cb4fd3
07:48:32.0 (40368331)|VARIABLE_ASSIGNMENT|[EXTERNAL]|value|""
07:48:32.0 (40375562)|VARIABLE_ASSIGNMENT|[526]|this.insrncBnftSelected|""|0x43cb4fd3
07:48:32.0 (40381626)|STATEMENT_EXECUTE|[212]
07:48:32.0 (40396294)|METHOD_ENTRY|[212]|01p0a000004sKzV|PAW_New_EditCntrllr.updateWraperValues()
07:48:32.0 (40415837)|VARIABLE_SCOPE_BEGIN|[404]|this|PAW_New_EditCntrllr|true|false
07:48:32.0 (40474009)|VARIABLE_ASSIGNMENT|[404]|this|{"estmtCvrgeDaysObj":"0x64f1dce","faciltyOptions":"0x12d37b","fcltyPrgrmOptions":"0x680a2d74","idToOwnershipFacilit (4 more) ...":"0x12e813f8","idToTypeFacilityMap":"0x6c37cd06","insrncBnftMap":"0x7aa852f0","insrncBnftOptions":"0x4370a15c","isIop":false,"isTalbott":false,"meta":"0x11d50d19","oppId":"00629000004NTeZ","pawObj":"0x43d8bdd8","ptntInsrnceOptions":"0x777a809a","ptntInsrncMap":"0x63ee203","ptntInsrncObj":"0x4b3cf10a","quoteObj":"0x25748be","recordId":"00629000004NTeZ","rtAdjstmntOptions":"0x3cd0335","showPILookup":false,"sObjectQueryStr":"","wrprObj":"0x43cb4fd3"}|0x71077940
07:48:32.0 (40486412)|STATEMENT_EXECUTE|[404]
07:48:32.0 (40543178)|VARIABLE_ASSIGNMENT|[EXTERNAL]|this|{"estmtCvrgeDaysObj":"0x64f1dce","faciltyOptions":"0x12d37b","fcltyPrgrmOptions":"0x680a2d74","idToOwnershipFacilit (4 more) ...":"0x12e813f8","idToTypeFacilityMap":"0x6c37cd06","insrncBnftMap":"0x7aa852f0","insrncBnftOptions":"0x4370a15c","isIop":false,"isTalbott":false,"meta":"0x11d50d19","oppId":"00629000004NTeZ","pawObj":"0x43d8bdd8","ptntInsrnceOptions":"0x777a809a","ptntInsrncMap":"0x63ee203","ptntInsrncObj":"0x4b3cf10a","quoteObj":"0x25748be","recordId":"00629000004NTeZ","rtAdjstmntOptions":"0x3cd0335","showPILookup":false,"sObjectQueryStr":"","wrprObj":"0x43cb4fd3"}|0x71077940
07:48:32.0 (40607394)|VARIABLE_ASSIGNMENT|[EXTERNAL]|this|{"estmtCvrgeDaysObj":"0x64f1dce","faciltyOptions":"0x12d37b","fcltyPrgrmOptions":"0x680a2d74","idToOwnershipFacilit (4 more) ...":"0x12e813f8","idToTypeFacilityMap":"0x6c37cd06","insrncBnftMap":"0x7aa852f0","insrncBnftOptions":"0x4370a15c","isIop":false,"isTalbott":false,"meta":"0x11d50d19","oppId":"00629000004NTeZ","pawObj":"0x43d8bdd8","ptntInsrnceOptions":"0x777a809a","ptntInsrncMap":"0x63ee203","ptntInsrncObj":"0x4b3cf10a","quoteObj":"0x25748be","recordId":"00629000004NTeZ","rtAdjstmntOptions":"0x3cd0335","showPILookup":false,"sObjectQueryStr":"","wrprObj":"0x43cb4fd3"}|0x71077940
07:48:32.0 (40623251)|STATEMENT_EXECUTE|[420]
07:48:32.0 (40624569)|STATEMENT_EXECUTE|[421]
07:48:32.0 (47318255)|VARIABLE_SCOPE_BEGIN|[3]|PAWValueCalculationService.pawObj|Pay_Agreement_Worksheet__c|true|true
07:48:32.0 (47328998)|VARIABLE_SCOPE_BEGIN|[2]|PAWValueCalculationService.skipDML|Boolean|false|true
07:48:32.0 (47341686)|HEAP_ALLOCATE|[421]|Bytes:6
07:48:32.0 (47361587)|METHOD_ENTRY|[1]|01p0a000004sKzO|PAWFrnFacilityService.PAWFrnFacilityService()
07:48:32.0 (47366313)|STATEMENT_EXECUTE|[1]
07:48:32.0 (47369991)|STATEMENT_EXECUTE|[1]
07:48:32.0 (47676740)|SYSTEM_MODE_ENTER|false
07:48:32.0 (47686711)|HEAP_ALLOCATE|[421]|Bytes:5
07:48:32.0 (47694762)|SYSTEM_MODE_EXIT|false
07:48:32.0 (47704392)|METHOD_EXIT|[1]|PAWFrnFacilityService
07:48:32.0 (47725861)|HEAP_ALLOCATE|[421]|Bytes:4
07:48:32.0 (47737980)|CONSTRUCTOR_ENTRY|[421]|01p0a000004sKzO|<init>()
07:48:32.0 (47759602)|VARIABLE_SCOPE_BEGIN|[2]|this|PAWFrnFacilityService|true|false
07:48:32.0 (47779933)|VARIABLE_ASSIGNMENT|[2]|this|{}|0x66f82e5b
07:48:32.0 (47798088)|SYSTEM_MODE_ENTER|false
07:48:32.0 (47804043)|HEAP_ALLOCATE|[2]|Bytes:5
07:48:32.0 (47808109)|STATEMENT_EXECUTE|[1]
07:48:32.0 (47814333)|HEAP_ALLOCATE|[2]|Bytes:5
07:48:32.0 (47824722)|HEAP_ALLOCATE|[2]|Bytes:39
07:48:32.0 (47830029)|HEAP_ALLOCATE|[2]|Bytes:35
07:48:32.0 (47859184)|METHOD_ENTRY|[1]|01p0a000004sKzT|PAWValueCalculationService.PAWValueCalculationService()
07:48:32.0 (47863901)|STATEMENT_EXECUTE|[1]
07:48:32.0 (47865871)|STATEMENT_EXECUTE|[1]
07:48:32.0 (47869261)|METHOD_EXIT|[1]|PAWValueCalculationService
07:48:32.0 (47875529)|CONSTRUCTOR_ENTRY|[2]|01p0a000004sKzT|<init>()
07:48:32.0 (47910165)|VARIABLE_SCOPE_BEGIN|[5]|this|PAWValueCalculationService|true|false
07:48:32.0 (47924651)|VARIABLE_ASSIGNMENT|[5]|this|{}|0x66f82e5b
07:48:32.0 (47929993)|STATEMENT_EXECUTE|[1]
07:48:32.0 (47937357)|HEAP_ALLOCATE|[6]|Bytes:6
07:48:32.0 (47959583)|STATEMENT_EXECUTE|[5]
07:48:32.0 (47961278)|STATEMENT_EXECUTE|[6]
07:48:32.0 (47967566)|HEAP_ALLOCATE|[6]|Bytes:5
07:48:32.0 (47975672)|VARIABLE_ASSIGNMENT|[6]|PAWValueCalculationService.skipDML|false
07:48:32.0 (47982208)|CONSTRUCTOR_EXIT|[2]|01p0a000004sKzT|<init>()
07:48:32.0 (47986458)|STATEMENT_EXECUTE|[2]
07:48:32.0 (47989498)|SYSTEM_MODE_EXIT|false
07:48:32.0 (47994208)|CONSTRUCTOR_EXIT|[421]|01p0a000004sKzO|<init>()
07:48:32.0 (48060666)|VARIABLE_ASSIGNMENT|[EXTERNAL]|this|{"estmtCvrgeDaysObj":"0x64f1dce","faciltyOptions":"0x12d37b","fcltyPrgrmOptions":"0x680a2d74","idToOwnershipFacilit (4 more) ...":"0x12e813f8","idToTypeFacilityMap":"0x6c37cd06","insrncBnftMap":"0x7aa852f0","insrncBnftOptions":"0x4370a15c","isIop":false,"isTalbott":false,"meta":"0x11d50d19","oppId":"00629000004NTeZ","pawObj":"0x43d8bdd8","ptntInsrnceOptions":"0x777a809a","ptntInsrncMap":"0x63ee203","ptntInsrncObj":"0x4b3cf10a","quoteObj":"0x25748be","recordId":"00629000004NTeZ","rtAdjstmntOptions":"0x3cd0335","showPILookup":false,"sObjectQueryStr":"","wrprObj":"0x43cb4fd3"}|0x71077940
07:48:32.0 (48177953)|METHOD_ENTRY|[421]|01p0a000004sKzO|PAWFrnFacilityService.calculateWraperValuesFRN(PAW_New_EditCntrllr.WraperClass, Map<Id,Facility_Program__c>, Map<Id,Insurance_Company_Rate_Adjustment__c>, Map<Id,Insurance_Benefit__c>, Estimated_Coverage_Days__c)
07:48:32.0 (48188324)|VARIABLE_SCOPE_BEGIN|[7]|this|PAWFrnFacilityService|true|false
07:48:32.0 (48202235)|VARIABLE_ASSIGNMENT|[7]|this|{}|0x66f82e5b
07:48:32.0 (48207580)|VARIABLE_SCOPE_BEGIN|[7]|pWrprObj|PAW_New_EditCntrllr.WraperClass|true|false
07:48:32.0 (48245196)|VARIABLE_ASSIGNMENT|[7]|pWrprObj|{"insrncBnftSelected":"","pawDetailListDisplay (4 more) ...":false,"pyAgrmntWrksht":"0x2563cc0e","relatedPAWDetailsLis (1 more) ...":"0x546b91ad","targetEDR":0.00,"totalAppliedDeductib (2 more) ...":0.00,"totalCoInsurance":0.00,"totalCoPayAmt":0.00,"totalInsCoResp":0.00,"totalInsEIVAmt":0.00,"totalRowCount":0,"totalTalbottDay":0.00}|0x43cb4fd3
07:48:32.0 (48253789)|VARIABLE_SCOPE_BEGIN|[7]|pFcltyPrgmMap|Map<Id,Facility_Program__c>|true|false
07:48:32.0 (48260231)|VARIABLE_ASSIGNMENT|[7]|pFcltyPrgmMap|null|
07:48:32.0 (48263694)|VARIABLE_SCOPE_BEGIN|[7]|pCmpnyRateAdjstmntMap|Map<Id,Insurance_Company_Rate_Adjustment__c>|true|false
07:48:32.0 (48269075)|VARIABLE_ASSIGNMENT|[7]|pCmpnyRateAdjstmntMap|null|
07:48:32.0 (48272290)|VARIABLE_SCOPE_BEGIN|[7]|pInsrncBnftMap|Map<Id,Insurance_Benefit__c>|true|false
07:48:32.0 (48281433)|VARIABLE_ASSIGNMENT|[7]|pInsrncBnftMap|{}|0x7aa852f0
07:48:32.0 (48286591)|VARIABLE_SCOPE_BEGIN|[7]|pEstmtCvrgeDaysObj|Estimated_Coverage_Days__c|true|false
07:48:32.0 (48294470)|VARIABLE_ASSIGNMENT|[7]|pEstmtCvrgeDaysObj|{}|0x64f1dce
07:48:32.0 (48313905)|SYSTEM_MODE_ENTER|false
07:48:32.0 (48320537)|HEAP_ALLOCATE|[13]|Bytes:5
07:48:32.0 (48325421)|STATEMENT_EXECUTE|[12]
07:48:32.0 (48326519)|STATEMENT_EXECUTE|[13]
07:48:32.0 (48341114)|METHOD_ENTRY|[13]|01p0a000004sKzT|PAWValueCalculationService.calculateWraperValues(PAW_New_EditCntrllr.WraperClass, Map<Id,Facility_Program__c>, Map<Id,Insurance_Company_Rate_Adjustment__c>, Map<Id,Insurance_Benefit__c>, Estimated_Coverage_Days__c)
07:48:32.0 (48359809)|VARIABLE_SCOPE_BEGIN|[10]|this|PAWValueCalculationService|true|false
07:48:32.0 (48372692)|VARIABLE_ASSIGNMENT|[10]|this|{}|0x66f82e5b
07:48:32.0 (48377770)|VARIABLE_SCOPE_BEGIN|[10]|pWrprObj|PAW_New_EditCntrllr.WraperClass|true|false
07:48:32.0 (48411934)|VARIABLE_ASSIGNMENT|[10]|pWrprObj|{"insrncBnftSelected":"","pawDetailListDisplay (4 more) ...":false,"pyAgrmntWrksht":"0x2563cc0e","relatedPAWDetailsLis (1 more) ...":"0x546b91ad","targetEDR":0.00,"totalAppliedDeductib (2 more) ...":0.00,"totalCoInsurance":0.00,"totalCoPayAmt":0.00,"totalInsCoResp":0.00,"totalInsEIVAmt":0.00,"totalRowCount":0,"totalTalbottDay":0.00}|0x43cb4fd3
07:48:32.0 (48419859)|VARIABLE_SCOPE_BEGIN|[10]|pFcltyPrgmMap|Map<Id,Facility_Program__c>|true|false
07:48:32.0 (48425855)|VARIABLE_ASSIGNMENT|[10]|pFcltyPrgmMap|null|
07:48:32.0 (48428951)|VARIABLE_SCOPE_BEGIN|[10]|pCmpnyRateAdjstmntMap|Map<Id,Insurance_Company_Rate_Adjustment__c>|true|false
07:48:32.0 (48434705)|VARIABLE_ASSIGNMENT|[10]|pCmpnyRateAdjstmntMap|null|
07:48:32.0 (48437627)|VARIABLE_SCOPE_BEGIN|[10]|pInsrncBnftMap|Map<Id,Insurance_Benefit__c>|true|false
07:48:32.0 (48445043)|VARIABLE_ASSIGNMENT|[10]|pInsrncBnftMap|{}|0x7aa852f0
07:48:32.0 (48449774)|VARIABLE_SCOPE_BEGIN|[10]|pEstmtCvrgeDaysObj|Estimated_Coverage_Days__c|true|false
07:48:32.0 (48456219)|VARIABLE_ASSIGNMENT|[10]|pEstmtCvrgeDaysObj|{}|0x64f1dce
07:48:32.0 (48462272)|STATEMENT_EXECUTE|[14]
07:48:32.0 (48463304)|STATEMENT_EXECUTE|[16]
07:48:32.0 (48504531)|VARIABLE_ASSIGNMENT|[EXTERNAL]|this|{"insrncBnftSelected":"","pawDetailListDisplay (4 more) ...":false,"pyAgrmntWrksht":"0x2563cc0e","relatedPAWDetailsLis (1 more) ...":"0x546b91ad","targetEDR":0.00,"totalAppliedDeductib (2 more) ...":0.00,"totalCoInsurance":0.00,"totalCoPayAmt":0.00,"totalInsCoResp":0.00,"totalInsEIVAmt":0.00,"totalRowCount":0,"totalTalbottDay":0.00}|0x43cb4fd3
07:48:32.0 (48571922)|VARIABLE_ASSIGNMENT|[16]|this.Rate_Adjustment_Type__c|null|0x2563cc0e
07:48:32.0 (48626379)|VARIABLE_ASSIGNMENT|[EXTERNAL]|this|{"insrncBnftSelected":"","pawDetailListDisplay (4 more) ...":false,"pyAgrmntWrksht":"0x2563cc0e","relatedPAWDetailsLis (1 more) ...":"0x546b91ad","targetEDR":0.00,"totalAppliedDeductib (2 more) ...":0.00,"totalCoInsurance":0.00,"totalCoPayAmt":0.00,"totalInsCoResp":0.00,"totalInsEIVAmt":0.00,"totalRowCount":0,"totalTalbottDay":0.00}|0x43cb4fd3
07:48:32.0 (48641161)|STATEMENT_EXECUTE|[17]
07:48:32.0 (48642371)|STATEMENT_EXECUTE|[24]
07:48:32.0 (48679175)|VARIABLE_ASSIGNMENT|[EXTERNAL]|this|{"insrncBnftSelected":"","pawDetailListDisplay (4 more) ...":false,"pyAgrmntWrksht":"0x2563cc0e","relatedPAWDetailsLis (1 more) ...":"0x546b91ad","targetEDR":0.00,"totalAppliedDeductib (2 more) ...":0.00,"totalCoInsurance":0.00,"totalCoPayAmt":0.00,"totalInsCoResp":0.00,"totalInsEIVAmt":0.00,"totalRowCount":0,"totalTalbottDay":0.00}|0x43cb4fd3
07:48:32.0 (48716089)|VARIABLE_ASSIGNMENT|[EXTERNAL]|this|{"insrncBnftSelected":"","pawDetailListDisplay (4 more) ...":false,"pyAgrmntWrksht":"0x2563cc0e","relatedPAWDetailsLis (1 more) ...":"0x546b91ad","targetEDR":0.00,"totalAppliedDeductib (2 more) ...":0.00,"totalCoInsurance":0.00,"totalCoPayAmt":0.00,"totalInsCoResp":0.00,"totalInsEIVAmt":0.00,"totalRowCount":0,"totalTalbottDay":0.00}|0x43cb4fd3
07:48:32.0 (48769188)|HEAP_ALLOCATE|[25]|Bytes:4
07:48:32.0 (48892508)|VARIABLE_ASSIGNMENT|[EXTERNAL]|this|{"insrncBnftSelected":"","pawDetailListDisplay (4 more) ...":false,"pyAgrmntWrksht":"0x2563cc0e","relatedPAWDetailsLis (1 more) ...":"0x546b91ad","targetEDR":0.00,"totalAppliedDeductib (2 more) ...":0.00,"totalCoInsurance":0.00,"totalCoPayAmt":0.00,"totalInsCoResp":0.00,"totalInsEIVAmt":0.00,"totalRowCount":0,"totalTalbottDay":0.00}|0x43cb4fd3
07:48:32.0 (48904691)|VARIABLE_ASSIGNMENT|[EXTERNAL]|value|{}|0x37172dc8
07:48:32.0 (48913918)|VARIABLE_ASSIGNMENT|[525]|this.insrncBnft|{}|0x43cb4fd3
07:48:32.0 (48921206)|STATEMENT_EXECUTE|[26]
07:48:32.0 (48976600)|VARIABLE_ASSIGNMENT|[EXTERNAL]|this|{"insrncBnft":"0x37172dc8","insrncBnftSelected":"","pawDetailListDisplay (4 more) ...":false,"pyAgrmntWrksht":"0x2563cc0e","relatedPAWDetailsLis (1 more) ...":"0x546b91ad","targetEDR":0.00,"totalAppliedDeductib (2 more) ...":0.00,"totalCoInsurance":0.00,"totalCoPayAmt":0.00,"totalInsCoResp":0.00,"totalInsEIVAmt":0.00,"totalRowCount":0,"totalTalbottDay":0.00}|0x43cb4fd3
07:48:32.0 (48988299)|VARIABLE_ASSIGNMENT|[EXTERNAL]|value|0
07:48:32.0 (48993067)|HEAP_ALLOCATE|[530]|Bytes:4
07:48:32.0 (49001377)|VARIABLE_ASSIGNMENT|[530]|this.totalRowCount|0|0x43cb4fd3
07:48:32.0 (49008768)|STATEMENT_EXECUTE|[27]
07:48:32.0 (49041743)|HEAP_ALLOCATE|[27]|Bytes:28
07:48:32.0 (49046589)|HEAP_ALLOCATE|[27]|Bytes:28
07:48:32.0 (49098604)|VARIABLE_ASSIGNMENT|[EXTERNAL]|this|{"insrncBnft":"0x37172dc8","insrncBnftSelected":"","pawDetailListDisplay (4 more) ...":false,"pyAgrmntWrksht":"0x2563cc0e","relatedPAWDetailsLis (1 more) ...":"0x546b91ad","targetEDR":0.00,"totalAppliedDeductib (2 more) ...":0.00,"totalCoInsurance":0.00,"totalCoPayAmt":0.00,"totalInsCoResp":0.00,"totalInsEIVAmt":0.00,"totalRowCount":0,"totalTalbottDay":0.00}|0x43cb4fd3
07:48:32.0 (49109538)|VARIABLE_ASSIGNMENT|[EXTERNAL]|value|0
07:48:32.0 (49116684)|VARIABLE_ASSIGNMENT|[531]|this.totalTalbottDay|0|0x43cb4fd3
07:48:32.0 (49124024)|STATEMENT_EXECUTE|[28]
07:48:32.0 (49125205)|STATEMENT_EXECUTE|[29]
07:48:32.0 (49166747)|VARIABLE_ASSIGNMENT|[EXTERNAL]|this|{"insrncBnft":"0x37172dc8","insrncBnftSelected":"","pawDetailListDisplay (4 more) ...":false,"pyAgrmntWrksht":"0x2563cc0e","relatedPAWDetailsLis (1 more) ...":"0x546b91ad","targetEDR":0.00,"totalAppliedDeductib (2 more) ...":0.00,"totalCoInsurance":0.00,"totalCoPayAmt":0.00,"totalInsCoResp":0.00,"totalInsEIVAmt":0.00,"totalRowCount":0,"totalTalbottDay":0}|0x43cb4fd3
07:48:32.0 (49184576)|HEAP_ALLOCATE|[29]|Bytes:28
07:48:32.0 (49188078)|HEAP_ALLOCATE|[29]|Bytes:28
07:48:32.0 (49256913)|VARIABLE_ASSIGNMENT|[EXTERNAL]|this|{"insrncBnft":"0x37172dc8","insrncBnftSelected":"","pawDetailListDisplay (4 more) ...":false,"pyAgrmntWrksht":"0x2563cc0e","relatedPAWDetailsLis (1 more) ...":"0x546b91ad","targetEDR":0.00,"totalAppliedDeductib (2 more) ...":0.00,"totalCoInsurance":0.00,"totalCoPayAmt":0.00,"totalInsCoResp":0.00,"totalInsEIVAmt":0.00,"totalRowCount":0,"totalTalbottDay":0}|0x43cb4fd3
07:48:32.0 (49267232)|VARIABLE_ASSIGNMENT|[EXTERNAL]|value|0
07:48:32.0 (49271087)|HEAP_ALLOCATE|[530]|Bytes:4
07:48:32.0 (49277007)|VARIABLE_ASSIGNMENT|[530]|this.totalRowCount|0|0x43cb4fd3
07:48:32.0 (49283021)|STATEMENT_EXECUTE|[31]
07:48:32.0 (49320790)|VARIABLE_ASSIGNMENT|[EXTERNAL]|this|{"insrncBnft":"0x37172dc8","insrncBnftSelected":"","pawDetailListDisplay (4 more) ...":false,"pyAgrmntWrksht":"0x2563cc0e","relatedPAWDetailsLis (1 more) ...":"0x546b91ad","targetEDR":0.00,"totalAppliedDeductib (2 more) ...":0.00,"totalCoInsurance":0.00,"totalCoPayAmt":0.00,"totalInsCoResp":0.00,"totalInsEIVAmt":0.00,"totalRowCount":0,"totalTalbottDay":0}|0x43cb4fd3
07:48:32.0 (49336467)|HEAP_ALLOCATE|[31]|Bytes:28
07:48:32.0 (49340175)|HEAP_ALLOCATE|[31]|Bytes:28
07:48:32.0 (49410674)|VARIABLE_ASSIGNMENT|[EXTERNAL]|this|{"insrncBnft":"0x37172dc8","insrncBnftSelected":"","pawDetailListDisplay (4 more) ...":false,"pyAgrmntWrksht":"0x2563cc0e","relatedPAWDetailsLis (1 more) ...":"0x546b91ad","targetEDR":0.00,"totalAppliedDeductib (2 more) ...":0.00,"totalCoInsurance":0.00,"totalCoPayAmt":0.00,"totalInsCoResp":0.00,"totalInsEIVAmt":0.00,"totalRowCount":0,"totalTalbottDay":0}|0x43cb4fd3
07:48:32.0 (49421120)|VARIABLE_ASSIGNMENT|[EXTERNAL]|value|0
07:48:32.0 (49424893)|HEAP_ALLOCATE|[530]|Bytes:4
07:48:32.0 (49430693)|VARIABLE_ASSIGNMENT|[530]|this.totalRowCount|0|0x43cb4fd3
07:48:32.0 (49437428)|STATEMENT_EXECUTE|[33]
07:48:32.0 (49475955)|VARIABLE_ASSIGNMENT|[EXTERNAL]|this|{"insrncBnft":"0x37172dc8","insrncBnftSelected":"","pawDetailListDisplay (4 more) ...":false,"pyAgrmntWrksht":"0x2563cc0e","relatedPAWDetailsLis (1 more) ...":"0x546b91ad","targetEDR":0.00,"totalAppliedDeductib (2 more) ...":0.00,"totalCoInsurance":0.00,"totalCoPayAmt":0.00,"totalInsCoResp":0.00,"totalInsEIVAmt":0.00,"totalRowCount":0,"totalTalbottDay":0}|0x43cb4fd3
07:48:32.0 (49491287)|HEAP_ALLOCATE|[33]|Bytes:28
07:48:32.0 (49494442)|HEAP_ALLOCATE|[33]|Bytes:28
07:48:32.0 (49546049)|VARIABLE_ASSIGNMENT|[EXTERNAL]|this|{"insrncBnft":"0x37172dc8","insrncBnftSelected":"","pawDetailListDisplay (4 more) ...":false,"pyAgrmntWrksht":"0x2563cc0e","relatedPAWDetailsLis (1 more) ...":"0x546b91ad","targetEDR":0.00,"totalAppliedDeductib (2 more) ...":0.00,"totalCoInsurance":0.00,"totalCoPayAmt":0.00,"totalInsCoResp":0.00,"totalInsEIVAmt":0.00,"totalRowCount":0,"totalTalbottDay":0}|0x43cb4fd3
07:48:32.0 (49555496)|VARIABLE_ASSIGNMENT|[EXTERNAL]|value|0
07:48:32.0 (49559082)|HEAP_ALLOCATE|[530]|Bytes:4
07:48:32.0 (49564286)|VARIABLE_ASSIGNMENT|[530]|this.totalRowCount|0|0x43cb4fd3
07:48:32.0 (49570506)|STATEMENT_EXECUTE|[35]
07:48:32.0 (49606556)|VARIABLE_ASSIGNMENT|[EXTERNAL]|this|{"insrncBnft":"0x37172dc8","insrncBnftSelected":"","pawDetailListDisplay (4 more) ...":false,"pyAgrmntWrksht":"0x2563cc0e","relatedPAWDetailsLis (1 more) ...":"0x546b91ad","targetEDR":0.00,"totalAppliedDeductib (2 more) ...":0.00,"totalCoInsurance":0.00,"totalCoPayAmt":0.00,"totalInsCoResp":0.00,"totalInsEIVAmt":0.00,"totalRowCount":0,"totalTalbottDay":0}|0x43cb4fd3
07:48:32.0 (49620932)|HEAP_ALLOCATE|[35]|Bytes:28
07:48:32.0 (49624032)|HEAP_ALLOCATE|[35]|Bytes:28
07:48:32.0 (49674945)|VARIABLE_ASSIGNMENT|[EXTERNAL]|this|{"insrncBnft":"0x37172dc8","insrncBnftSelected":"","pawDetailListDisplay (4 more) ...":false,"pyAgrmntWrksht":"0x2563cc0e","relatedPAWDetailsLis (1 more) ...":"0x546b91ad","targetEDR":0.00,"totalAppliedDeductib (2 more) ...":0.00,"totalCoInsurance":0.00,"totalCoPayAmt":0.00,"totalInsCoResp":0.00,"totalInsEIVAmt":0.00,"totalRowCount":0,"totalTalbottDay":0}|0x43cb4fd3
07:48:32.0 (49684307)|VARIABLE_ASSIGNMENT|[EXTERNAL]|value|0
07:48:32.0 (49687398)|HEAP_ALLOCATE|[530]|Bytes:4
07:48:32.0 (49692594)|VARIABLE_ASSIGNMENT|[530]|this.totalRowCount|0|0x43cb4fd3
07:48:32.0 (49698793)|STATEMENT_EXECUTE|[40]
07:48:32.0 (49735712)|VARIABLE_ASSIGNMENT|[EXTERNAL]|this|{"insrncBnft":"0x37172dc8","insrncBnftSelected":"","pawDetailListDisplay (4 more) ...":false,"pyAgrmntWrksht":"0x2563cc0e","relatedPAWDetailsLis (1 more) ...":"0x546b91ad","targetEDR":0.00,"totalAppliedDeductib (2 more) ...":0.00,"totalCoInsurance":0.00,"totalCoPayAmt":0.00,"totalInsCoResp":0.00,"totalInsEIVAmt":0.00,"totalRowCount":0,"totalTalbottDay":0}|0x43cb4fd3
07:48:32.0 (49784557)|VARIABLE_ASSIGNMENT|[EXTERNAL]|this|{"insrncBnft":"0x37172dc8","insrncBnftSelected":"","pawDetailListDisplay (4 more) ...":false,"pyAgrmntWrksht":"0x2563cc0e","relatedPAWDetailsLis (1 more) ...":"0x546b91ad","targetEDR":0.00,"totalAppliedDeductib (2 more) ...":0.00,"totalCoInsurance":0.00,"totalCoPayAmt":0.00,"totalInsCoResp":0.00,"totalInsEIVAmt":0.00,"totalRowCount":0,"totalTalbottDay":0}|0x43cb4fd3
07:48:32.0 (49810691)|HEAP_ALLOCATE|[40]|Bytes:28
07:48:32.0 (49813963)|HEAP_ALLOCATE|[40]|Bytes:28
07:48:32.0 (49846075)|VARIABLE_ASSIGNMENT|[EXTERNAL]|this|{"insrncBnft":"0x37172dc8","insrncBnftSelected":"","pawDetailListDisplay (4 more) ...":false,"pyAgrmntWrksht":"0x2563cc0e","relatedPAWDetailsLis (1 more) ...":"0x546b91ad","targetEDR":0.00,"totalAppliedDeductib (2 more) ...":0.00,"totalCoInsurance":0.00,"totalCoPayAmt":0.00,"totalInsCoResp":0.00,"totalInsEIVAmt":0.00,"totalRowCount":0,"totalTalbottDay":0}|0x43cb4fd3
07:48:32.0 (49855844)|VARIABLE_ASSIGNMENT|[EXTERNAL]|value|0
07:48:32.0 (49861788)|VARIABLE_ASSIGNMENT|[531]|this.totalTalbottDay|0|0x43cb4fd3
07:48:32.0 (49867978)|STATEMENT_EXECUTE|[43]
07:48:32.0 (49902490)|VARIABLE_ASSIGNMENT|[EXTERNAL]|this|{"insrncBnft":"0x37172dc8","insrncBnftSelected":"","pawDetailListDisplay (4 more) ...":false,"pyAgrmntWrksht":"0x2563cc0e","relatedPAWDetailsLis (1 more) ...":"0x546b91ad","targetEDR":0.00,"totalAppliedDeductib (2 more) ...":0.00,"totalCoInsurance":0.00,"totalCoPayAmt":0.00,"totalInsCoResp":0.00,"totalInsEIVAmt":0.00,"totalRowCount":0,"totalTalbottDay":0}|0x43cb4fd3
07:48:32.0 (49943989)|VARIABLE_ASSIGNMENT|[EXTERNAL]|this|{"insrncBnft":"0x37172dc8","insrncBnftSelected":"","pawDetailListDisplay (4 more) ...":false,"pyAgrmntWrksht":"0x2563cc0e","relatedPAWDetailsLis (1 more) ...":"0x546b91ad","targetEDR":0.00,"totalAppliedDeductib (2 more) ...":0.00,"totalCoInsurance":0.00,"totalCoPayAmt":0.00,"totalInsCoResp":0.00,"totalInsEIVAmt":0.00,"totalRowCount":0,"totalTalbottDay":0}|0x43cb4fd3
07:48:32.0 (49968064)|HEAP_ALLOCATE|[43]|Bytes:28
07:48:32.0 (49971330)|HEAP_ALLOCATE|[43]|Bytes:28
07:48:32.0 (50003323)|VARIABLE_ASSIGNMENT|[EXTERNAL]|this|{"insrncBnft":"0x37172dc8","insrncBnftSelected":"","pawDetailListDisplay (4 more) ...":false,"pyAgrmntWrksht":"0x2563cc0e","relatedPAWDetailsLis (1 more) ...":"0x546b91ad","targetEDR":0.00,"totalAppliedDeductib (2 more) ...":0.00,"totalCoInsurance":0.00,"totalCoPayAmt":0.00,"totalInsCoResp":0.00,"totalInsEIVAmt":0.00,"totalRowCount":0,"totalTalbottDay":0}|0x43cb4fd3
07:48:32.0 (50017211)|VARIABLE_ASSIGNMENT|[EXTERNAL]|value|0
07:48:32.0 (50030367)|VARIABLE_ASSIGNMENT|[531]|this.totalTalbottDay|0|0x43cb4fd3
07:48:32.0 (50046458)|STATEMENT_EXECUTE|[47]
07:48:32.0 (50054803)|HEAP_ALLOCATE|[47]|Bytes:28
07:48:32.0 (50058305)|HEAP_ALLOCATE|[47]|Bytes:28
07:48:32.0 (50098436)|VARIABLE_ASSIGNMENT|[EXTERNAL]|this|{"insrncBnft":"0x37172dc8","insrncBnftSelected":"","pawDetailListDisplay (4 more) ...":false,"pyAgrmntWrksht":"0x2563cc0e","relatedPAWDetailsLis (1 more) ...":"0x546b91ad","targetEDR":0.00,"totalAppliedDeductib (2 more) ...":0.00,"totalCoInsurance":0.00,"totalCoPayAmt":0.00,"totalInsCoResp":0.00,"totalInsEIVAmt":0.00,"totalRowCount":0,"totalTalbottDay":0}|0x43cb4fd3
07:48:32.0 (50152462)|VARIABLE_ASSIGNMENT|[47]|this.Num_Days_Detox_DTX__c|0|0x2563cc0e
07:48:32.0 (50158301)|STATEMENT_EXECUTE|[48]
07:48:32.0 (50199261)|VARIABLE_ASSIGNMENT|[EXTERNAL]|this|{"insrncBnft":"0x37172dc8","insrncBnftSelected":"","pawDetailListDisplay (4 more) ...":false,"pyAgrmntWrksht":"0x2563cc0e","relatedPAWDetailsLis (1 more) ...":"0x546b91ad","targetEDR":0.00,"totalAppliedDeductib (2 more) ...":0.00,"totalCoInsurance":0.00,"totalCoPayAmt":0.00,"totalInsCoResp":0.00,"totalInsEIVAmt":0.00,"totalRowCount":0,"totalTalbottDay":0}|0x43cb4fd3
07:48:32.0 (50213534)|HEAP_ALLOCATE|[48]|Bytes:4
07:48:32.0 (50224857)|HEAP_ALLOCATE|[48]|Bytes:28
07:48:32.0 (50257793)|VARIABLE_ASSIGNMENT|[EXTERNAL]|this|{"insrncBnft":"0x37172dc8","insrncBnftSelected":"","pawDetailListDisplay (4 more) ...":false,"pyAgrmntWrksht":"0x2563cc0e","relatedPAWDetailsLis (1 more) ...":"0x546b91ad","targetEDR":0.00,"totalAppliedDeductib (2 more) ...":0.00,"totalCoInsurance":0.00,"totalCoPayAmt":0.00,"totalInsCoResp":0.00,"totalInsEIVAmt":0.00,"totalRowCount":0,"totalTalbottDay":0}|0x43cb4fd3
07:48:32.0 (50296565)|VARIABLE_ASSIGNMENT|[48]|this.Detox_Over__c|0.00|0x2563cc0e
07:48:32.0 (50302277)|STATEMENT_EXECUTE|[49]
07:48:32.0 (50340869)|VARIABLE_ASSIGNMENT|[EXTERNAL]|this|{"insrncBnft":"0x37172dc8","insrncBnftSelected":"","pawDetailListDisplay (4 more) ...":false,"pyAgrmntWrksht":"0x2563cc0e","relatedPAWDetailsLis (1 more) ...":"0x546b91ad","targetEDR":0.00,"totalAppliedDeductib (2 more) ...":0.00,"totalCoInsurance":0.00,"totalCoPayAmt":0.00,"totalInsCoResp":0.00,"totalInsEIVAmt":0.00,"totalRowCount":0,"totalTalbottDay":0}|0x43cb4fd3
07:48:32.0 (50368336)|HEAP_ALLOCATE|[49]|Bytes:28
07:48:32.0 (50403108)|VARIABLE_ASSIGNMENT|[EXTERNAL]|this|{"insrncBnft":"0x37172dc8","insrncBnftSelected":"","pawDetailListDisplay (4 more) ...":false,"pyAgrmntWrksht":"0x2563cc0e","relatedPAWDetailsLis (1 more) ...":"0x546b91ad","targetEDR":0.00,"totalAppliedDeductib (2 more) ...":0.00,"totalCoInsurance":0.00,"totalCoPayAmt":0.00,"totalInsCoResp":0.00,"totalInsEIVAmt":0.00,"totalRowCount":0,"totalTalbottDay":0}|0x43cb4fd3
07:48:32.0 (50440261)|VARIABLE_ASSIGNMENT|[49]|this.Detox_Pays_at__c|0.00|0x2563cc0e
07:48:32.0 (50445940)|STATEMENT_EXECUTE|[51]
07:48:32.0 (50454447)|HEAP_ALLOCATE|[51]|Bytes:28
07:48:32.0 (50457985)|HEAP_ALLOCATE|[51]|Bytes:28
07:48:32.0 (50498762)|VARIABLE_ASSIGNMENT|[EXTERNAL]|this|{"insrncBnft":"0x37172dc8","insrncBnftSelected":"","pawDetailListDisplay (4 more) ...":false,"pyAgrmntWrksht":"0x2563cc0e","relatedPAWDetailsLis (1 more) ...":"0x546b91ad","targetEDR":0.00,"totalAppliedDeductib (2 more) ...":0.00,"totalCoInsurance":0.00,"totalCoPayAmt":0.00,"totalInsCoResp":0.00,"totalInsEIVAmt":0.00,"totalRowCount":0,"totalTalbottDay":0}|0x43cb4fd3
07:48:32.0 (50535632)|VARIABLE_ASSIGNMENT|[51]|this.Num_Days_Residential_Treatment_RTC__c|0|0x2563cc0e
07:48:32.0 (50540940)|STATEMENT_EXECUTE|[52]
07:48:32.0 (50579311)|VARIABLE_ASSIGNMENT|[EXTERNAL]|this|{"insrncBnft":"0x37172dc8","insrncBnftSelected":"","pawDetailListDisplay (4 more) ...":false,"pyAgrmntWrksht":"0x2563cc0e","relatedPAWDetailsLis (1 more) ...":"0x546b91ad","targetEDR":0.00,"totalAppliedDeductib (2 more) ...":0.00,"totalCoInsurance":0.00,"totalCoPayAmt":0.00,"totalInsCoResp":0.00,"totalInsEIVAmt":0.00,"totalRowCount":0,"totalTalbottDay":0}|0x43cb4fd3
07:48:32.0 (50594655)|HEAP_ALLOCATE|[52]|Bytes:28
07:48:32.0 (50626979)|VARIABLE_ASSIGNMENT|[EXTERNAL]|this|{"insrncBnft":"0x37172dc8","insrncBnftSelected":"","pawDetailListDisplay (4 more) ...":false,"pyAgrmntWrksht":"0x2563cc0e","relatedPAWDetailsLis (1 more) ...":"0x546b91ad","targetEDR":0.00,"totalAppliedDeductib (2 more) ...":0.00,"totalCoInsurance":0.00,"totalCoPayAmt":0.00,"totalInsCoResp":0.00,"totalInsEIVAmt":0.00,"totalRowCount":0,"totalTalbottDay":0}|0x43cb4fd3
07:48:32.0 (50660331)|VARIABLE_ASSIGNMENT|[52]|this.Residential_Treatment_Override__c|0.00|0x2563cc0e
07:48:32.0 (50665388)|STATEMENT_EXECUTE|[53]
07:48:32.0 (50703929)|VARIABLE_ASSIGNMENT|[EXTERNAL]|this|{"insrncBnft":"0x37172dc8","insrncBnftSelected":"","pawDetailListDisplay (4 more) ...":false,"pyAgrmntWrksht":"0x2563cc0e","relatedPAWDetailsLis (1 more) ...":"0x546b91ad","targetEDR":0.00,"totalAppliedDeductib (2 more) ...":0.00,"totalCoInsurance":0.00,"totalCoPayAmt":0.00,"totalInsCoResp":0.00,"totalInsEIVAmt":0.00,"totalRowCount":0,"totalTalbottDay":0}|0x43cb4fd3
07:48:32.0 (50719667)|HEAP_ALLOCATE|[53]|Bytes:28
07:48:32.0 (50752799)|VARIABLE_ASSIGNMENT|[EXTERNAL]|this|{"insrncBnft":"0x37172dc8","insrncBnftSelected":"","pawDetailListDisplay (4 more) ...":false,"pyAgrmntWrksht":"0x2563cc0e","relatedPAWDetailsLis (1 more) ...":"0x546b91ad","targetEDR":0.00,"totalAppliedDeductib (2 more) ...":0.00,"totalCoInsurance":0.00,"totalCoPayAmt":0.00,"totalInsCoResp":0.00,"totalInsEIVAmt":0.00,"totalRowCount":0,"totalTalbottDay":0}|0x43cb4fd3
07:48:32.0 (50784969)|VARIABLE_ASSIGNMENT|[53]|this.RTC_Pays_at__c|0.00|0x2563cc0e
07:48:32.0 (50790220)|STATEMENT_EXECUTE|[55]
07:48:32.0 (50798337)|HEAP_ALLOCATE|[55]|Bytes:28
07:48:32.0 (50801816)|HEAP_ALLOCATE|[55]|Bytes:28
07:48:32.0 (50842344)|VARIABLE_ASSIGNMENT|[EXTERNAL]|this|{"insrncBnft":"0x37172dc8","insrncBnftSelected":"","pawDetailListDisplay (4 more) ...":false,"pyAgrmntWrksht":"0x2563cc0e","relatedPAWDetailsLis (1 more) ...":"0x546b91ad","targetEDR":0.00,"totalAppliedDeductib (2 more) ...":0.00,"totalCoInsurance":0.00,"totalCoPayAmt":0.00,"totalInsCoResp":0.00,"totalInsEIVAmt":0.00,"totalRowCount":0,"totalTalbottDay":0}|0x43cb4fd3
07:48:32.0 (50876693)|VARIABLE_ASSIGNMENT|[55]|this.Num_Days_Partial_Hospitalization_PHP__c|0|0x2563cc0e
07:48:32.0 (50881646)|STATEMENT_EXECUTE|[56]
07:48:32.0 (50921007)|VARIABLE_ASSIGNMENT|[EXTERNAL]|this|{"insrncBnft":"0x37172dc8","insrncBnftSelected":"","pawDetailListDisplay (4 more) ...":false,"pyAgrmntWrksht":"0x2563cc0e","relatedPAWDetailsLis (1 more) ...":"0x546b91ad","targetEDR":0.00,"totalAppliedDeductib (2 more) ...":0.00,"totalCoInsurance":0.00,"totalCoPayAmt":0.00,"totalInsCoResp":0.00,"totalInsEIVAmt":0.00,"totalRowCount":0,"totalTalbottDay":0}|0x43cb4fd3
07:48:32.0 (50936324)|HEAP_ALLOCATE|[56]|Bytes:28
07:48:32.0 (50968915)|VARIABLE_ASSIGNMENT|[EXTERNAL]|this|{"insrncBnft":"0x37172dc8","insrncBnftSelected":"","pawDetailListDisplay (4 more) ...":false,"pyAgrmntWrksht":"0x2563cc0e","relatedPAWDetailsLis (1 more) ...":"0x546b91ad","targetEDR":0.00,"totalAppliedDeductib (2 more) ...":0.00,"totalCoInsurance":0.00,"totalCoPayAmt":0.00,"totalInsCoResp":0.00,"totalInsEIVAmt":0.00,"totalRowCount":0,"totalTalbottDay":0}|0x43cb4fd3
07:48:32.0 (51000003)|VARIABLE_ASSIGNMENT|[56]|this.Partial_Hospitalization_Override__c|0.00|0x2563cc0e
07:48:32.0 (51005967)|STATEMENT_EXECUTE|[57]
07:48:32.0 (51057662)|VARIABLE_ASSIGNMENT|[EXTERNAL]|this|{"insrncBnft":"0x37172dc8","insrncBnftSelected":"","pawDetailListDisplay (4 more) ...":false,"pyAgrmntWrksht":"0x2563cc0e","relatedPAWDetailsLis (1 more) ...":"0x546b91ad","targetEDR":0.00,"totalAppliedDeductib (2 more) ...":0.00,"totalCoInsurance":0.00,"totalCoPayAmt":0.00,"totalInsCoResp":0.00,"totalInsEIVAmt":0.00,"totalRowCount":0,"totalTalbottDay":0}|0x43cb4fd3
07:48:32.0 (51075227)|HEAP_ALLOCATE|[57]|Bytes:28
07:48:32.0 (51109572)|VARIABLE_ASSIGNMENT|[EXTERNAL]|this|{"insrncBnft":"0x37172dc8","insrncBnftSelected":"","pawDetailListDisplay (4 more) ...":false,"pyAgrmntWrksht":"0x2563cc0e","relatedPAWDetailsLis (1 more) ...":"0x546b91ad","targetEDR":0.00,"totalAppliedDeductib (2 more) ...":0.00,"totalCoInsurance":0.00,"totalCoPayAmt":0.00,"totalInsCoResp":0.00,"totalInsEIVAmt":0.00,"totalRowCount":0,"totalTalbottDay":0}|0x43cb4fd3
07:48:32.0 (51142695)|VARIABLE_ASSIGNMENT|[57]|this.PHP_Pays_at__c|0.00|0x2563cc0e
07:48:32.0 (51147876)|STATEMENT_EXECUTE|[59]
07:48:32.0 (51156150)|HEAP_ALLOCATE|[59]|Bytes:28
07:48:32.0 (51159822)|HEAP_ALLOCATE|[59]|Bytes:28
07:48:32.0 (51212543)|VARIABLE_ASSIGNMENT|[EXTERNAL]|this|{"insrncBnft":"0x37172dc8","insrncBnftSelected":"","pawDetailListDisplay (4 more) ...":false,"pyAgrmntWrksht":"0x2563cc0e","relatedPAWDetailsLis (1 more) ...":"0x546b91ad","targetEDR":0.00,"totalAppliedDeductib (2 more) ...":0.00,"totalCoInsurance":0.00,"totalCoPayAmt":0.00,"totalInsCoResp":0.00,"totalInsEIVAmt":0.00,"totalRowCount":0,"totalTalbottDay":0}|0x43cb4fd3
07:48:32.0 (51250291)|VARIABLE_ASSIGNMENT|[59]|this.Num_Days_Intensive_Outpatient_IOP__c|0|0x2563cc0e
07:48:32.0 (51255936)|STATEMENT_EXECUTE|[60]
07:48:32.0 (51296489)|VARIABLE_ASSIGNMENT|[EXTERNAL]|this|{"insrncBnft":"0x37172dc8","insrncBnftSelected":"","pawDetailListDisplay (4 more) ...":false,"pyAgrmntWrksht":"0x2563cc0e","relatedPAWDetailsLis (1 more) ...":"0x546b91ad","targetEDR":0.00,"totalAppliedDeductib (2 more) ...":0.00,"totalCoInsurance":0.00,"totalCoPayAmt":0.00,"totalInsCoResp":0.00,"totalInsEIVAmt":0.00,"totalRowCount":0,"totalTalbottDay":0}|0x43cb4fd3
07:48:32.0 (51312228)|HEAP_ALLOCATE|[60]|Bytes:28
07:48:32.0 (51358235)|VARIABLE_ASSIGNMENT|[EXTERNAL]|this|{"insrncBnft":"0x37172dc8","insrncBnftSelected":"","pawDetailListDisplay (4 more) ...":false,"pyAgrmntWrksht":"0x2563cc0e","relatedPAWDetailsLis (1 more) ...":"0x546b91ad","targetEDR":0.00,"totalAppliedDeductib (2 more) ...":0.00,"totalCoInsurance":0.00,"totalCoPayAmt":0.00,"totalInsCoResp":0.00,"totalInsEIVAmt":0.00,"totalRowCount":0,"totalTalbottDay":0}|0x43cb4fd3
07:48:32.0 (51393241)|VARIABLE_ASSIGNMENT|[60]|this.Intensive_Outpatient_Override__c|0.00|0x2563cc0e
07:48:32.0 (51398696)|STATEMENT_EXECUTE|[61]
07:48:32.0 (51437567)|VARIABLE_ASSIGNMENT|[EXTERNAL]|this|{"insrncBnft":"0x37172dc8","insrncBnftSelected":"","pawDetailListDisplay (4 more) ...":false,"pyAgrmntWrksht":"0x2563cc0e","relatedPAWDetailsLis (1 more) ...":"0x546b91ad","targetEDR":0.00,"totalAppliedDeductib (2 more) ...":0.00,"totalCoInsurance":0.00,"totalCoPayAmt":0.00,"totalInsCoResp":0.00,"totalInsEIVAmt":0.00,"totalRowCount":0,"totalTalbottDay":0}|0x43cb4fd3
07:48:32.0 (51453542)|HEAP_ALLOCATE|[61]|Bytes:28
07:48:32.0 (51486376)|VARIABLE_ASSIGNMENT|[EXTERNAL]|this|{"insrncBnft":"0x37172dc8","insrncBnftSelected":"","pawDetailListDisplay (4 more) ...":false,"pyAgrmntWrksht":"0x2563cc0e","relatedPAWDetailsLis (1 more) ...":"0x546b91ad","targetEDR":0.00,"totalAppliedDeductib (2 more) ...":0.00,"totalCoInsurance":0.00,"totalCoPayAmt":0.00,"totalInsCoResp":0.00,"totalInsEIVAmt":0.00,"totalRowCount":0,"totalTalbottDay":0}|0x43cb4fd3
07:48:32.0 (51518362)|VARIABLE_ASSIGNMENT|[61]|this.IOP_Pays_at__c|0.00|0x2563cc0e
07:48:32.0 (51523786)|STATEMENT_EXECUTE|[63]
07:48:32.0 (51562754)|VARIABLE_ASSIGNMENT|[EXTERNAL]|this|{"insrncBnft":"0x37172dc8","insrncBnftSelected":"","pawDetailListDisplay (4 more) ...":false,"pyAgrmntWrksht":"0x2563cc0e","relatedPAWDetailsLis (1 more) ...":"0x546b91ad","targetEDR":0.00,"totalAppliedDeductib (2 more) ...":0.00,"totalCoInsurance":0.00,"totalCoPayAmt":0.00,"totalInsCoResp":0.00,"totalInsEIVAmt":0.00,"totalRowCount":0,"totalTalbottDay":0}|0x43cb4fd3
07:48:32.0 (51579848)|HEAP_ALLOCATE|[63]|Bytes:28
07:48:32.0 (51583560)|HEAP_ALLOCATE|[63]|Bytes:28
07:48:32.0 (51615820)|VARIABLE_ASSIGNMENT|[EXTERNAL]|this|{"insrncBnft":"0x37172dc8","insrncBnftSelected":"","pawDetailListDisplay (4 more) ...":false,"pyAgrmntWrksht":"0x2563cc0e","relatedPAWDetailsLis (1 more) ...":"0x546b91ad","targetEDR":0.00,"totalAppliedDeductib (2 more) ...":0.00,"totalCoInsurance":0.00,"totalCoPayAmt":0.00,"totalInsCoResp":0.00,"totalInsEIVAmt":0.00,"totalRowCount":0,"totalTalbottDay":0}|0x43cb4fd3
07:48:32.0 (51648583)|VARIABLE_ASSIGNMENT|[63]|this.Num_Days_Uncovered__c|0|0x2563cc0e
07:48:32.0 (51654175)|STATEMENT_EXECUTE|[64]
07:48:32.0 (51693221)|VARIABLE_ASSIGNMENT|[EXTERNAL]|this|{"insrncBnft":"0x37172dc8","insrncBnftSelected":"","pawDetailListDisplay (4 more) ...":false,"pyAgrmntWrksht":"0x2563cc0e","relatedPAWDetailsLis (1 more) ...":"0x546b91ad","targetEDR":0.00,"totalAppliedDeductib (2 more) ...":0.00,"totalCoInsurance":0.00,"totalCoPayAmt":0.00,"totalInsCoResp":0.00,"totalInsEIVAmt":0.00,"totalRowCount":0,"totalTalbottDay":0}|0x43cb4fd3
07:48:32.0 (51709524)|HEAP_ALLOCATE|[64]|Bytes:28
07:48:32.0 (51712954)|HEAP_ALLOCATE|[64]|Bytes:28
07:48:32.0 (51744559)|VARIABLE_ASSIGNMENT|[EXTERNAL]|this|{"insrncBnft":"0x37172dc8","insrncBnftSelected":"","pawDetailListDisplay (4 more) ...":false,"pyAgrmntWrksht":"0x2563cc0e","relatedPAWDetailsLis (1 more) ...":"0x546b91ad","targetEDR":0.00,"totalAppliedDeductib (2 more) ...":0.00,"totalCoInsurance":0.00,"totalCoPayAmt":0.00,"totalInsCoResp":0.00,"totalInsEIVAmt":0.00,"totalRowCount":0,"totalTalbottDay":0}|0x43cb4fd3
07:48:32.0 (51788647)|VARIABLE_ASSIGNMENT|[64]|this.Uncovered_Days_Rate__c|0|0x2563cc0e
07:48:32.0 (51794704)|STATEMENT_EXECUTE|[65]
07:48:32.0 (51835499)|VARIABLE_ASSIGNMENT|[EXTERNAL]|this|{"insrncBnft":"0x37172dc8","insrncBnftSelected":"","pawDetailListDisplay (4 more) ...":false,"pyAgrmntWrksht":"0x2563cc0e","relatedPAWDetailsLis (1 more) ...":"0x546b91ad","targetEDR":0.00,"totalAppliedDeductib (2 more) ...":0.00,"totalCoInsurance":0.00,"totalCoPayAmt":0.00,"totalInsCoResp":0.00,"totalInsEIVAmt":0.00,"totalRowCount":0,"totalTalbottDay":0}|0x43cb4fd3
07:48:32.0 (51852997)|HEAP_ALLOCATE|[65]|Bytes:28
07:48:32.0 (51856562)|HEAP_ALLOCATE|[65]|Bytes:28
07:48:32.0 (51889332)|VARIABLE_ASSIGNMENT|[EXTERNAL]|this|{"insrncBnft":"0x37172dc8","insrncBnftSelected":"","pawDetailListDisplay (4 more) ...":false,"pyAgrmntWrksht":"0x2563cc0e","relatedPAWDetailsLis (1 more) ...":"0x546b91ad","targetEDR":0.00,"totalAppliedDeductib (2 more) ...":0.00,"totalCoInsurance":0.00,"totalCoPayAmt":0.00,"totalInsCoResp":0.00,"totalInsEIVAmt":0.00,"totalRowCount":0,"totalTalbottDay":0}|0x43cb4fd3
07:48:32.0 (51924648)|VARIABLE_ASSIGNMENT|[65]|this.Uncovered_Days_Override__c|0|0x2563cc0e
07:48:32.0 (51930354)|STATEMENT_EXECUTE|[66]
07:48:32.0 (51968932)|VARIABLE_ASSIGNMENT|[EXTERNAL]|this|{"insrncBnft":"0x37172dc8","insrncBnftSelected":"","pawDetailListDisplay (4 more) ...":false,"pyAgrmntWrksht":"0x2563cc0e","relatedPAWDetailsLis (1 more) ...":"0x546b91ad","targetEDR":0.00,"totalAppliedDeductib (2 more) ...":0.00,"totalCoInsurance":0.00,"totalCoPayAmt":0.00,"totalInsCoResp":0.00,"totalInsEIVAmt":0.00,"totalRowCount":0,"totalTalbottDay":0}|0x43cb4fd3
07:48:32.0 (51985631)|HEAP_ALLOCATE|[66]|Bytes:28
07:48:32.0 (51988850)|HEAP_ALLOCATE|[66]|Bytes:28
07:48:32.0 (52024310)|VARIABLE_ASSIGNMENT|[EXTERNAL]|this|{"insrncBnft":"0x37172dc8","insrncBnftSelected":"","pawDetailListDisplay (4 more) ...":false,"pyAgrmntWrksht":"0x2563cc0e","relatedPAWDetailsLis (1 more) ...":"0x546b91ad","targetEDR":0.00,"totalAppliedDeductib (2 more) ...":0.00,"totalCoInsurance":0.00,"totalCoPayAmt":0.00,"totalInsCoResp":0.00,"totalInsEIVAmt":0.00,"totalRowCount":0,"totalTalbottDay":0}|0x43cb4fd3
07:48:32.0 (52059143)|VARIABLE_ASSIGNMENT|[66]|this.Num_Days_Room__c|0|0x2563cc0e
07:48:32.0 (52064678)|STATEMENT_EXECUTE|[70]
07:48:32.0 (52104019)|VARIABLE_ASSIGNMENT|[EXTERNAL]|this|{"insrncBnft":"0x37172dc8","insrncBnftSelected":"","pawDetailListDisplay (4 more) ...":false,"pyAgrmntWrksht":"0x2563cc0e","relatedPAWDetailsLis (1 more) ...":"0x546b91ad","targetEDR":0.00,"totalAppliedDeductib (2 more) ...":0.00,"totalCoInsurance":0.00,"totalCoPayAmt":0.00,"totalInsCoResp":0.00,"totalInsEIVAmt":0.00,"totalRowCount":0,"totalTalbottDay":0}|0x43cb4fd3
07:48:32.0 (52120668)|HEAP_ALLOCATE|[70]|Bytes:28
07:48:32.0 (52123913)|HEAP_ALLOCATE|[70]|Bytes:28
07:48:32.0 (52156686)|VARIABLE_ASSIGNMENT|[EXTERNAL]|this|{"insrncBnft":"0x37172dc8","insrncBnftSelected":"","pawDetailListDisplay (4 more) ...":false,"pyAgrmntWrksht":"0x2563cc0e","relatedPAWDetailsLis (1 more) ...":"0x546b91ad","targetEDR":0.00,"totalAppliedDeductib (2 more) ...":0.00,"totalCoInsurance":0.00,"totalCoPayAmt":0.00,"totalInsCoResp":0.00,"totalInsEIVAmt":0.00,"totalRowCount":0,"totalTalbottDay":0}|0x43cb4fd3
07:48:32.0 (52189830)|VARIABLE_ASSIGNMENT|[70]|this.Room_and_Board_Days_Override__c|0|0x2563cc0e
07:48:32.0 (52235801)|VARIABLE_ASSIGNMENT|[EXTERNAL]|this|{"insrncBnft":"0x37172dc8","insrncBnftSelected":"","pawDetailListDisplay (4 more) ...":false,"pyAgrmntWrksht":"0x2563cc0e","relatedPAWDetailsLis (1 more) ...":"0x546b91ad","targetEDR":0.00,"totalAppliedDeductib (2 more) ...":0.00,"totalCoInsurance":0.00,"totalCoPayAmt":0.00,"totalInsCoResp":0.00,"totalInsEIVAmt":0.00,"totalRowCount":0,"totalTalbottDay":0}|0x43cb4fd3
07:48:32.0 (52248728)|STATEMENT_EXECUTE|[71]
07:48:32.0 (52281314)|VARIABLE_ASSIGNMENT|[EXTERNAL]|this|{"insrncBnft":"0x37172dc8","insrncBnftSelected":"","pawDetailListDisplay (4 more) ...":false,"pyAgrmntWrksht":"0x2563cc0e","relatedPAWDetailsLis (1 more) ...":"0x546b91ad","targetEDR":0.00,"totalAppliedDeductib (2 more) ...":0.00,"totalCoInsurance":0.00,"totalCoPayAmt":0.00,"totalInsCoResp":0.00,"totalInsEIVAmt":0.00,"totalRowCount":0,"totalTalbottDay":0}|0x43cb4fd3
07:48:32.0 (52292751)|STATEMENT_EXECUTE|[77]
07:48:32.0 (52293797)|STATEMENT_EXECUTE|[78]
07:48:32.0 (52325061)|VARIABLE_ASSIGNMENT|[EXTERNAL]|this|{"insrncBnft":"0x37172dc8","insrncBnftSelected":"","pawDetailListDisplay (4 more) ...":false,"pyAgrmntWrksht":"0x2563cc0e","relatedPAWDetailsLis (1 more) ...":"0x546b91ad","targetEDR":0.00,"totalAppliedDeductib (2 more) ...":0.00,"totalCoInsurance":0.00,"totalCoPayAmt":0.00,"totalInsCoResp":0.00,"totalInsEIVAmt":0.00,"totalRowCount":0,"totalTalbottDay":0}|0x43cb4fd3
07:48:32.0 (52361961)|VARIABLE_ASSIGNMENT|[EXTERNAL]|this|{"insrncBnft":"0x37172dc8","insrncBnftSelected":"","pawDetailListDisplay (4 more) ...":false,"pyAgrmntWrksht":"0x2563cc0e","relatedPAWDetailsLis (1 more) ...":"0x546b91ad","targetEDR":0.00,"totalAppliedDeductib (2 more) ...":0.00,"totalCoInsurance":0.00,"totalCoPayAmt":0.00,"totalInsCoResp":0.00,"totalInsEIVAmt":0.00,"totalRowCount":0,"totalTalbottDay":0}|0x43cb4fd3
07:48:32.0 (52394839)|VARIABLE_ASSIGNMENT|[78]|this.Uncovered_Charges__c|null|0x2563cc0e
07:48:32.0 (52400740)|STATEMENT_EXECUTE|[80]
07:48:32.0 (52406797)|HEAP_ALLOCATE|[80]|Bytes:28
07:48:32.0 (52412096)|VARIABLE_SCOPE_BEGIN|[80]|coPayRemaining|Decimal|false|false
07:48:32.0 (52421463)|VARIABLE_ASSIGNMENT|[80]|coPayRemaining|0.00
07:48:32.0 (52425597)|STATEMENT_EXECUTE|[81]
07:48:32.0 (52465026)|VARIABLE_ASSIGNMENT|[EXTERNAL]|this|{"insrncBnft":"0x37172dc8","insrncBnftSelected":"","pawDetailListDisplay (4 more) ...":false,"pyAgrmntWrksht":"0x2563cc0e","relatedPAWDetailsLis (1 more) ...":"0x546b91ad","targetEDR":0.00,"totalAppliedDeductib (2 more) ...":0.00,"totalCoInsurance":0.00,"totalCoPayAmt":0.00,"totalInsCoResp":0.00,"totalInsEIVAmt":0.00,"totalRowCount":0,"totalTalbottDay":0}|0x43cb4fd3
07:48:32.0 (52490099)|HEAP_ALLOCATE|[81]|Bytes:28
07:48:32.0 (52525899)|VARIABLE_ASSIGNMENT|[EXTERNAL]|this|{"insrncBnft":"0x37172dc8","insrncBnftSelected":"","pawDetailListDisplay (4 more) ...":false,"pyAgrmntWrksht":"0x2563cc0e","relatedPAWDetailsLis (1 more) ...":"0x546b91ad","targetEDR":0.00,"totalAppliedDeductib (2 more) ...":0.00,"totalCoInsurance":0.00,"totalCoPayAmt":0.00,"totalInsCoResp":0.00,"totalInsEIVAmt":0.00,"totalRowCount":0,"totalTalbottDay":0}|0x43cb4fd3
07:48:32.0 (52541273)|HEAP_ALLOCATE|[81]|Bytes:28
07:48:32.0 (52544410)|HEAP_ALLOCATE|[81]|Bytes:28
07:48:32.0 (52580592)|HEAP_ALLOCATE|[81]|Bytes:28
07:48:32.0 (52584273)|HEAP_ALLOCATE|[81]|Bytes:28
07:48:32.0 (52608321)|VARIABLE_ASSIGNMENT|[81]|coPayRemaining|0
07:48:32.0 (52613168)|STATEMENT_EXECUTE|[82]
07:48:32.0 (52653180)|VARIABLE_ASSIGNMENT|[EXTERNAL]|this|{"insrncBnft":"0x37172dc8","insrncBnftSelected":"","pawDetailListDisplay (4 more) ...":false,"pyAgrmntWrksht":"0x2563cc0e","relatedPAWDetailsLis (1 more) ...":"0x546b91ad","targetEDR":0.00,"totalAppliedDeductib (2 more) ...":0.00,"totalCoInsurance":0.00,"totalCoPayAmt":0.00,"totalInsCoResp":0.00,"totalInsEIVAmt":0.00,"totalRowCount":0,"totalTalbottDay":0}|0x43cb4fd3
07:48:32.0 (52677220)|HEAP_ALLOCATE|[82]|Bytes:28
07:48:32.0 (52712250)|VARIABLE_ASSIGNMENT|[EXTERNAL]|this|{"insrncBnft":"0x37172dc8","insrncBnftSelected":"","pawDetailListDisplay (4 more) ...":false,"pyAgrmntWrksht":"0x2563cc0e","relatedPAWDetailsLis (1 more) ...":"0x546b91ad","targetEDR":0.00,"totalAppliedDeductib (2 more) ...":0.00,"totalCoInsurance":0.00,"totalCoPayAmt":0.00,"totalInsCoResp":0.00,"totalInsEIVAmt":0.00,"totalRowCount":0,"totalTalbottDay":0}|0x43cb4fd3
07:48:32.0 (52735656)|HEAP_ALLOCATE|[82]|Bytes:28
07:48:32.0 (52739243)|HEAP_ALLOCATE|[82]|Bytes:28
07:48:32.0 (52754493)|HEAP_ALLOCATE|[82]|Bytes:28
07:48:32.0 (52757563)|HEAP_ALLOCATE|[82]|Bytes:28
07:48:32.0 (52776678)|HEAP_ALLOCATE|[82]|Bytes:28
07:48:32.0 (52779475)|HEAP_ALLOCATE|[82]|Bytes:28
07:48:32.0 (52788576)|VARIABLE_ASSIGNMENT|[82]|coPayRemaining|0
07:48:32.0 (52793060)|STATEMENT_EXECUTE|[83]
07:48:32.0 (52831559)|VARIABLE_ASSIGNMENT|[EXTERNAL]|this|{"insrncBnft":"0x37172dc8","insrncBnftSelected":"","pawDetailListDisplay (4 more) ...":false,"pyAgrmntWrksht":"0x2563cc0e","relatedPAWDetailsLis (1 more) ...":"0x546b91ad","targetEDR":0.00,"totalAppliedDeductib (2 more) ...":0.00,"totalCoInsurance":0.00,"totalCoPayAmt":0.00,"totalInsCoResp":0.00,"totalInsEIVAmt":0.00,"totalRowCount":0,"totalTalbottDay":0}|0x43cb4fd3
07:48:32.0 (52854751)|HEAP_ALLOCATE|[83]|Bytes:28
07:48:32.0 (52898843)|VARIABLE_ASSIGNMENT|[EXTERNAL]|this|{"insrncBnft":"0x37172dc8","insrncBnftSelected":"","pawDetailListDisplay (4 more) ...":false,"pyAgrmntWrksht":"0x2563cc0e","relatedPAWDetailsLis (1 more) ...":"0x546b91ad","targetEDR":0.00,"totalAppliedDeductib (2 more) ...":0.00,"totalCoInsurance":0.00,"totalCoPayAmt":0.00,"totalInsCoResp":0.00,"totalInsEIVAmt":0.00,"totalRowCount":0,"totalTalbottDay":0}|0x43cb4fd3
07:48:32.0 (52914878)|HEAP_ALLOCATE|[83]|Bytes:28
07:48:32.0 (52918117)|HEAP_ALLOCATE|[83]|Bytes:28
07:48:32.0 (52931042)|HEAP_ALLOCATE|[83]|Bytes:28
07:48:32.0 (52933717)|HEAP_ALLOCATE|[83]|Bytes:28
07:48:32.0 (52947590)|HEAP_ALLOCATE|[83]|Bytes:28
07:48:32.0 (52950197)|HEAP_ALLOCATE|[83]|Bytes:28
07:48:32.0 (52966278)|VARIABLE_ASSIGNMENT|[83]|coPayRemaining|0
07:48:32.0 (52970879)|STATEMENT_EXECUTE|[84]
07:48:32.0 (53010093)|VARIABLE_ASSIGNMENT|[EXTERNAL]|this|{"insrncBnft":"0x37172dc8","insrncBnftSelected":"","pawDetailListDisplay (4 more) ...":false,"pyAgrmntWrksht":"0x2563cc0e","relatedPAWDetailsLis (1 more) ...":"0x546b91ad","targetEDR":0.00,"totalAppliedDeductib (2 more) ...":0.00,"totalCoInsurance":0.00,"totalCoPayAmt":0.00,"totalInsCoResp":0.00,"totalInsEIVAmt":0.00,"totalRowCount":0,"totalTalbottDay":0}|0x43cb4fd3
07:48:32.0 (53037925)|HEAP_ALLOCATE|[84]|Bytes:28
07:48:32.0 (53086429)|VARIABLE_ASSIGNMENT|[EXTERNAL]|this|{"insrncBnft":"0x37172dc8","insrncBnftSelected":"","pawDetailListDisplay (4 more) ...":false,"pyAgrmntWrksht":"0x2563cc0e","relatedPAWDetailsLis (1 more) ...":"0x546b91ad","targetEDR":0.00,"totalAppliedDeductib (2 more) ...":0.00,"totalCoInsurance":0.00,"totalCoPayAmt":0.00,"totalInsCoResp":0.00,"totalInsEIVAmt":0.00,"totalRowCount":0,"totalTalbottDay":0}|0x43cb4fd3
07:48:32.0 (53102898)|HEAP_ALLOCATE|[84]|Bytes:28
07:48:32.0 (53106317)|HEAP_ALLOCATE|[84]|Bytes:28
07:48:32.0 (53119838)|HEAP_ALLOCATE|[84]|Bytes:28
07:48:32.0 (53122582)|HEAP_ALLOCATE|[84]|Bytes:28
07:48:32.0 (53135381)|HEAP_ALLOCATE|[84]|Bytes:28
07:48:32.0 (53137896)|HEAP_ALLOCATE|[84]|Bytes:28
07:48:32.0 (53146594)|VARIABLE_ASSIGNMENT|[84]|coPayRemaining|0
07:48:32.0 (53150514)|STATEMENT_EXECUTE|[85]
07:48:32.0 (53187933)|HEAP_ALLOCATE|[85]|Bytes:28
07:48:32.0 (53191674)|HEAP_ALLOCATE|[85]|Bytes:28
07:48:32.0 (53232725)|VARIABLE_ASSIGNMENT|[EXTERNAL]|this|{"insrncBnft":"0x37172dc8","insrncBnftSelected":"","pawDetailListDisplay (4 more) ...":false,"pyAgrmntWrksht":"0x2563cc0e","relatedPAWDetailsLis (1 more) ...":"0x546b91ad","targetEDR":0.00,"totalAppliedDeductib (2 more) ...":0.00,"totalCoInsurance":0.00,"totalCoPayAmt":0.00,"totalInsCoResp":0.00,"totalInsEIVAmt":0.00,"totalRowCount":0,"totalTalbottDay":0}|0x43cb4fd3
07:48:32.0 (53278093)|VARIABLE_ASSIGNMENT|[85]|this.Co_Pay_Remaining__c|0.00|0x2563cc0e
07:48:32.0 (53283898)|STATEMENT_EXECUTE|[86]
07:48:32.0 (53290459)|METHOD_EXIT|[13]|01p0a000004sKzT|PAWValueCalculationService.calculateWraperValues(PAW_New_EditCntrllr.WraperClass, Map<Id,Facility_Program__c>, Map<Id,Insurance_Company_Rate_Adjustment__c>, Map<Id,Insurance_Benefit__c>, Estimated_Coverage_Days__c)
07:48:32.0 (53326962)|VARIABLE_ASSIGNMENT|[13]|pWrprObj|{"insrncBnft":"0x37172dc8","insrncBnftSelected":"","pawDetailListDisplay (4 more) ...":false,"pyAgrmntWrksht":"0x2563cc0e","relatedPAWDetailsLis (1 more) ...":"0x546b91ad","targetEDR":0.00,"totalAppliedDeductib (2 more) ...":0.00,"totalCoInsurance":0.00,"totalCoPayAmt":0.00,"totalInsCoResp":0.00,"totalInsEIVAmt":0.00,"totalRowCount":0,"totalTalbottDay":0}|0x43cb4fd3
07:48:32.0 (53335067)|STATEMENT_EXECUTE|[18]
07:48:32.0 (53338718)|SYSTEM_MODE_EXIT|false
07:48:32.0 (53346556)|METHOD_EXIT|[421]|01p0a000004sKzO|PAWFrnFacilityService.calculateWraperValuesFRN(PAW_New_EditCntrllr.WraperClass, Map<Id,Facility_Program__c>, Map<Id,Insurance_Company_Rate_Adjustment__c>, Map<Id,Insurance_Benefit__c>, Estimated_Coverage_Days__c)
07:48:32.0 (53408234)|VARIABLE_ASSIGNMENT|[EXTERNAL]|this|{"estmtCvrgeDaysObj":"0x64f1dce","faciltyOptions":"0x12d37b","fcltyPrgrmOptions":"0x680a2d74","idToOwnershipFacilit (4 more) ...":"0x12e813f8","idToTypeFacilityMap":"0x6c37cd06","insrncBnftMap":"0x7aa852f0","insrncBnftOptions":"0x4370a15c","isIop":false,"isTalbott":false,"meta":"0x11d50d19","oppId":"00629000004NTeZ","pawObj":"0x43d8bdd8","ptntInsrnceOptions":"0x777a809a","ptntInsrncMap":"0x63ee203","ptntInsrncObj":"0x4b3cf10a","quoteObj":"0x25748be","recordId":"00629000004NTeZ","rtAdjstmntOptions":"0x3cd0335","showPILookup":false,"sObjectQueryStr":"","wrprObj":"0x43cb4fd3"}|0x71077940
07:48:32.0 (53445153)|VARIABLE_ASSIGNMENT|[EXTERNAL]|value|{"insrncBnft":"0x37172dc8","insrncBnftSelected":"","pawDetailListDisplay (4 more) ...":false,"pyAgrmntWrksht":"0x2563cc0e","relatedPAWDetailsLis (1 more) ...":"0x546b91ad","targetEDR":0.00,"totalAppliedDeductib (2 more) ...":0.00,"totalCoInsurance":0.00,"totalCoPayAmt":0.00,"totalInsCoResp":0.00,"totalInsEIVAmt":0.00,"totalRowCount":0,"totalTalbottDay":0}|0x43cb4fd3
07:48:32.0 (53459032)|VARIABLE_ASSIGNMENT|[30]|this.wrprObj|0x43cb4fd3|0x71077940
07:48:32.0 (53522666)|VARIABLE_ASSIGNMENT|[EXTERNAL]|this|{"estmtCvrgeDaysObj":"0x64f1dce","faciltyOptions":"0x12d37b","fcltyPrgrmOptions":"0x680a2d74","idToOwnershipFacilit (4 more) ...":"0x12e813f8","idToTypeFacilityMap":"0x6c37cd06","insrncBnftMap":"0x7aa852f0","insrncBnftOptions":"0x4370a15c","isIop":false,"isTalbott":false,"meta":"0x11d50d19","oppId":"00629000004NTeZ","pawObj":"0x43d8bdd8","ptntInsrnceOptions":"0x777a809a","ptntInsrncMap":"0x63ee203","ptntInsrncObj":"0x4b3cf10a","quoteObj":"0x25748be","recordId":"00629000004NTeZ","rtAdjstmntOptions":"0x3cd0335","showPILookup":false,"sObjectQueryStr":"","wrprObj":"0x43cb4fd3"}|0x71077940
07:48:32.0 (53538757)|STATEMENT_EXECUTE|[427]
07:48:32.0 (53541714)|METHOD_EXIT|[212]|01p0a000004sKzV|PAW_New_EditCntrllr.updateWraperValues()
07:48:32.62 (62859691)|SYSTEM_MODE_ENTER|true
07:48:32.62 (62912514)|HEAP_ALLOCATE|[EXTERNAL]|Bytes:8
07:48:32.62 (62920426)|VARIABLE_SCOPE_BEGIN|[88]|this|ApexPage.PageMessagesComponentController|true|false
07:48:32.62 (62941745)|VARIABLE_ASSIGNMENT|[88]|this|{}|0x2613de41
07:48:32.62 (62947363)|VARIABLE_SCOPE_BEGIN|[88]|escape|Boolean|false|false
07:48:32.62 (62953136)|VARIABLE_ASSIGNMENT|[88]|escape|null
07:48:32.63 (63057455)|SYSTEM_MODE_ENTER|true
07:48:32.63 (63082934)|HEAP_ALLOCATE|[EXTERNAL]|Bytes:8
07:48:32.63 (63088353)|VARIABLE_SCOPE_BEGIN|[2]|this|ApexPage.PageMessagesComponentController|true|false
07:48:32.63 (63104468)|VARIABLE_ASSIGNMENT|[2]|this|{}|0x2613de41
07:48:32.0 (63480233)|SYSTEM_MODE_ENTER|true
07:48:32.0 (63571946)|SYSTEM_MODE_ENTER|true
07:48:32.0 (63799878)|SYSTEM_MODE_ENTER|true
07:48:32.0 (66741718)|SYSTEM_MODE_ENTER|true
07:48:32.0 (66790451)|SYSTEM_MODE_ENTER|true
07:48:32.0 (71862457)|SYSTEM_MODE_ENTER|true
07:48:32.0 (71893088)|HEAP_ALLOCATE|[EXTERNAL]|Bytes:112
07:48:32.0 (71903786)|VARIABLE_SCOPE_BEGIN|[215]|this|PAW_New_EditCntrllr|true|false
07:48:32.0 (71968441)|VARIABLE_ASSIGNMENT|[215]|this|{"estmtCvrgeDaysObj":"0x64f1dce","faciltyOptions":"0x12d37b","fcltyPrgrmOptions":"0x680a2d74","idToOwnershipFacilit (4 more) ...":"0x12e813f8","idToTypeFacilityMap":"0x6c37cd06","insrncBnftMap":"0x7aa852f0","insrncBnftOptions":"0x4370a15c","isIop":false,"isTalbott":false,"meta":"0x11d50d19","oppId":"00629000004NTeZ","pawObj":"0x43d8bdd8","ptntInsrnceOptions":"0x777a809a","ptntInsrncMap":"0x63ee203","ptntInsrncObj":"0x4b3cf10a","quoteObj":"0x25748be","recordId":"00629000004NTeZ","rtAdjstmntOptions":"0x3cd0335","showPILookup":false,"sObjectQueryStr":"","wrprObj":"0x43cb4fd3"}|0x71077940
07:48:32.0 (71983904)|STATEMENT_EXECUTE|[215]
07:48:32.0 (71985767)|STATEMENT_EXECUTE|[216]
07:48:32.0 (72026249)|STATEMENT_EXECUTE|[217]
07:48:32.0 (72071536)|HEAP_ALLOCATE|[EXTERNAL]|Bytes:4
07:48:32.0 (72137812)|VARIABLE_ASSIGNMENT|[EXTERNAL]|this|{"estmtCvrgeDaysObj":"0x64f1dce","faciltyOptions":"0x12d37b","fcltyPrgrmOptions":"0x680a2d74","idToOwnershipFacilit (4 more) ...":"0x12e813f8","idToTypeFacilityMap":"0x6c37cd06","insrncBnftMap":"0x7aa852f0","insrncBnftOptions":"0x4370a15c","isIop":false,"isTalbott":false,"meta":"0x11d50d19","oppId":"00629000004NTeZ","pawObj":"0x43d8bdd8","ptntInsrnceOptions":"0x777a809a","ptntInsrncMap":"0x63ee203","ptntInsrncObj":"0x4b3cf10a","quoteObj":"0x25748be","recordId":"00629000004NTeZ","rtAdjstmntOptions":"0x3cd0335","showPILookup":false,"sObjectQueryStr":"","wrprObj":"0x43cb4fd3"}|0x71077940
07:48:32.0 (72154584)|STATEMENT_EXECUTE|[218]
07:48:32.0 (72156058)|STATEMENT_EXECUTE|[219]
07:48:32.0 (72182469)|HEAP_ALLOCATE|[219]|Bytes:4
07:48:32.0 (72189349)|HEAP_ALLOCATE|[219]|Bytes:1083
07:48:32.0 (72197684)|HEAP_ALLOCATE|[219]|Bytes:4
07:48:32.0 (72258572)|VARIABLE_ASSIGNMENT|[EXTERNAL]|this|{"estmtCvrgeDaysObj":"0x64f1dce","faciltyOptions":"0x12d37b","fcltyPrgrmOptions":"0x680a2d74","idToOwnershipFacilit (4 more) ...":"0x12e813f8","idToTypeFacilityMap":"0x6c37cd06","insrncBnftMap":"0x7aa852f0","insrncBnftOptions":"0x4370a15c","isIop":false,"isTalbott":false,"meta":"0x11d50d19","oppId":"00629000004NTeZ","pawObj":"0x43d8bdd8","ptntInsrnceOptions":"0x777a809a","ptntInsrncMap":"0x63ee203","ptntInsrncObj":"0x4b3cf10a","quoteObj":"0x25748be","recordId":"00629000004NTeZ","rtAdjstmntOptions":"0x3cd0335","showPILookup":false,"sObjectQueryStr":"","wrprObj":"0x43cb4fd3"}|0x71077940
07:48:32.0 (75489774)|SOQL_EXECUTE_BEGIN|[219]|Aggregations:0|SELECT Id, Name, RecordType.Name, Uncovered_Charges__c, Patient_Insurance__r.Accepts_Assignment_of_Benefits__c, Patient_Insurance__r.Opportunity__c, Patient_Insurance__r.Accreditation__c, Patient_Insurance__r.Insurance_Company__r.Name, PHP_Admit_Co_Payment__c, Detox_Admit_Co_Payment__c, RTC_Admit_Co_Payment__c, Deductible__c, Deductible_Met__c, IOP_Admit_Co_Payment__c, Max_Out_of_Pocket_Remaining__c, Insurance_Company_is_Out_of_Network__c, Annual_Max_Remaining__c, Deductible_Remaining__c, Detox_Pays_at__c, Detox_Over__c, RTC_Pays_at__c, Residential_Treatment_Override__c, PHP_Pays_at__c, Partial_Hospitalization_Override__c, IOP_Pays_at__c, Intensive_Outpatient_Override__c, Num_Days_Uncovered__c, Num_Days_Room__c, Uncovered_Days_Rate__c, Room_and_Board_Days_Rate__c, Uncovered_Days_Override__c, Room_and_Board_Days_Override__c, Deductible_Included_in_OOP__c, Uncovered_Days__c, Lifetime_Max__c, Lifetime_Max_Met__c, Annual_Max__c, Annual_Max_Met__c, Max_Out_of_Pocket__c, Max_Out_of_Pocket_Met__c, Co_Pay_Met__c FROM Insurance_Benefit__c WHERE Patient_Insurance__c = :tmpVar1
07:48:32.0 (87265139)|SOQL_EXECUTE_END|[219]|Rows:2
07:48:32.0 (87287888)|HEAP_ALLOCATE|[219]|Bytes:12
07:48:32.0 (87334257)|HEAP_ALLOCATE|[219]|Bytes:2986
07:48:32.0 (87399899)|HEAP_ALLOCATE|[219]|Bytes:12
07:48:32.0 (87444342)|HEAP_ALLOCATE|[219]|Bytes:108
07:48:32.0 (87455597)|HEAP_ALLOCATE|[219]|Bytes:4
07:48:32.0 (87460279)|HEAP_ALLOCATE|[219]|Bytes:108
07:48:32.0 (87464714)|HEAP_ALLOCATE|[219]|Bytes:4
07:48:32.0 (87542769)|VARIABLE_ASSIGNMENT|[219]|this.insrncBnftMap|{"a1H29000000pRTUEA2":{"Id":"a1H29000000pRTUEA2","Name":"Insurance Benefit 75 (2 more) ...","RecordTypeId":"012j00000015GS6AAM","Patient_Insurance__c":"a1b29000000lvHQAAY","PHP_Admit_Co_Payment (3 more) ...":0.00,"Deductible__c":5000.00,"Deductible_Met__c":0.00,"Max_Out_of_Pocket_Re (10 more) ...":10000.00,"Insurance_Company_is (18 more) ...":false,"Annual_Max_Remaining (3 more) ...":1000000,"Deductible_Remaining (3 more) ...":5000.00,"Detox_Pays_at__c":80.00,"RTC_Pays_at__c":80.00,"PHP_Pays_at__c":80.00,"IOP_Pays_at__c":80.00,"Uncovered_Days_Rate_ (2 more) ...":630.00,"Room_and_Board_Days_ (7 more) ...":2000.00,"Deductible_Included_ (9 more) ...":"Yes","Lifetime_Max__c":1000000.00,"Lifetime_Max_Met__c":0.00,"Annual_Max__c":1000000.00,"Annual_Max_Met__c":0.00,"Max_Out_of_Pocket__c":10000.00,"Max_Out_of_Pocket_Me (4 more) ...":0.00,"RecordType":{"Name":"In Network","Id":"012j00000015GS6AAM"},"Patient_Insurance__r":{"Opportunity__c":"00629000004NTeZAAW","Accreditation__c":"State","Insurance_Company__c":"0012900000AXSP3AAP","Id":"a1b29000000lvHQAAY","Insurance_Company__r":{"Name":"Value Options/Beacon (7 more) ...","Id":"0012900000AXSP3AAP","RecordTypeId":"012j00000015GRqAAM"}}},"a1H29000000pRTZEA2":{"Id":"a1H29000000pRTZEA2","Name":"Insurance Benefit 75 (2 more) ...","RecordTypeId":"012j00000015GS7AAM","Patient_Insurance__c":"a1b29000000lvHQAAY","PHP_Admit_Co_Payment (3 more) ...":0.00,"Deductible__c":10000.00,"Deductible_Met__c":0.00,"Max_Out_of_Pocket_Re (10 more) ...":20000.00,"Insurance_Company_is (18 more) ...":false,"Annual_Max_Remaining (3 more) ...":1000000,"Deductible_Remaining (3 more) ...":10000.00,"Detox_Pays_at__c":60.00,"RTC_Pays_at__c":60.00,"PHP_Pays_at__c":60.00,"IOP_Pays_at__c":60.00,"Uncovered_Days_Rate_ (2 more) ...":630.00,"Room_and_Board_Days_ (7 more) ...":2000.00,"Deductible_Included_ (9 more) ...":"Yes","Lifetime_Max__c":1000000.00,"Lifetime_Max_Met__c":0.00,"Annual_Max__c":1000000.00,"Annual_Max_Met__c":0.00,"Max_Out_of_Pocket__c":20000.00,"Max_Out_of_Pocket_Me (4 more) ...":0.00,"RecordType":{"Name":"Out of Network","Id":"012j00000015GS7AAM"},"Patient_Insurance__r":{"Opportunity__c":"00629000004NTeZAAW","Accreditation__c":"State","Insurance_Company__c":"0012900000AXSP3AAP","Id":"a1b29000000lvHQAAY","Insurance_Company__r":{"Name":"Value Options/Beacon (7 more) ...","Id":"0012900000AXSP3AAP","RecordTypeId":"012j00000015GRqAAM"}}}}|0x71077940
07:48:32.0 (87611144)|HEAP_ALLOCATE|[EXTERNAL]|Bytes:12
07:48:32.0 (87636645)|HEAP_ALLOCATE|[263]|Bytes:2996
07:48:32.0 (87787175)|HEAP_ALLOCATE|[263]|Bytes:5
07:48:32.0 (87808967)|HEAP_ALLOCATE|[263]|Bytes:108
07:48:32.0 (87821897)|VARIABLE_SCOPE_BEGIN|[263]|insrncBnftInstance|Insurance_Benefit__c|true|false
07:48:32.0 (87868028)|VARIABLE_ASSIGNMENT|[263]|insrncBnftInstance|{"Id":"a1H29000000pRTUEA2","Name":"Insurance Benefit 75 (2 more) ...","RecordTypeId":"012j00000015GS6AAM","Patient_Insurance__c":"a1b29000000lvHQAAY","PHP_Admit_Co_Payment (3 more) ...":0.00,"Deductible__c":5000.00,"Deductible_Met__c":0.00,"Max_Out_of_Pocket_Re (10 more) ...":10000.00,"Insurance_Company_is (18 more) ...":false,"Annual_Max_Remaining (3 more) ...":1000000,"Deductible_Remaining (3 more) ...":5000.00,"Detox_Pays_at__c":80.00,"RTC_Pays_at__c":80.00,"PHP_Pays_at__c":80.00,"IOP_Pays_at__c":80.00,"Uncovered_Days_Rate_ (2 more) ...":630.00,"Room_and_Board_Days_ (7 more) ...":2000.00,"Deductible_Included_ (9 more) ...":"Yes","Lifetime_Max__c":1000000.00,"Lifetime_Max_Met__c":0.00,"Annual_Max__c":1000000.00,"Annual_Max_Met__c":0.00,"Max_Out_of_Pocket__c":10000.00,"Max_Out_of_Pocket_Me (4 more) ...":0.00,"RecordType":{"Name":"In Network","Id":"012j00000015GS6AAM"},"Patient_Insurance__r":{"Opportunity__c":"00629000004NTeZAAW","Accreditation__c":"State","Insurance_Company__c":"0012900000AXSP3AAP","Id":"a1b29000000lvHQAAY","Insurance_Company__r":{"Name":"Value Options/Beacon (7 more) ...","Id":"0012900000AXSP3AAP","RecordTypeId":"012j00000015GRqAAM"}}}|0x43e83957
07:48:32.0 (87887823)|STATEMENT_EXECUTE|[263]
07:48:32.0 (87889445)|STATEMENT_EXECUTE|[264]
07:48:32.0 (87927134)|HEAP_ALLOCATE|[264]|Bytes:18
07:48:32.0 (88010530)|HEAP_ALLOCATE|[264]|Bytes:3
07:48:32.0 (88052982)|HEAP_ALLOCATE|[264]|Bytes:35
07:48:32.0 (88122804)|HEAP_ALLOCATE|[EXTERNAL]|Bytes:4
07:48:32.0 (88146329)|HEAP_ALLOCATE|[263]|Bytes:5
07:48:32.0 (88157706)|HEAP_ALLOCATE|[263]|Bytes:108
07:48:32.0 (88164649)|VARIABLE_SCOPE_BEGIN|[263]|insrncBnftInstance|Insurance_Benefit__c|true|false
07:48:32.0 (88201725)|VARIABLE_ASSIGNMENT|[263]|insrncBnftInstance|{"Id":"a1H29000000pRTZEA2","Name":"Insurance Benefit 75 (2 more) ...","RecordTypeId":"012j00000015GS7AAM","Patient_Insurance__c":"a1b29000000lvHQAAY","PHP_Admit_Co_Payment (3 more) ...":0.00,"Deductible__c":10000.00,"Deductible_Met__c":0.00,"Max_Out_of_Pocket_Re (10 more) ...":20000.00,"Insurance_Company_is (18 more) ...":false,"Annual_Max_Remaining (3 more) ...":1000000,"Deductible_Remaining (3 more) ...":10000.00,"Detox_Pays_at__c":60.00,"RTC_Pays_at__c":60.00,"PHP_Pays_at__c":60.00,"IOP_Pays_at__c":60.00,"Uncovered_Days_Rate_ (2 more) ...":630.00,"Room_and_Board_Days_ (7 more) ...":2000.00,"Deductible_Included_ (9 more) ...":"Yes","Lifetime_Max__c":1000000.00,"Lifetime_Max_Met__c":0.00,"Annual_Max__c":1000000.00,"Annual_Max_Met__c":0.00,"Max_Out_of_Pocket__c":20000.00,"Max_Out_of_Pocket_Me (4 more) ...":0.00,"RecordType":{"Name":"Out of Network","Id":"012j00000015GS7AAM"},"Patient_Insurance__r":{"Opportunity__c":"00629000004NTeZAAW","Accreditation__c":"State","Insurance_Company__c":"0012900000AXSP3AAP","Id":"a1b29000000lvHQAAY","Insurance_Company__r":{"Name":"Value Options/Beacon (7 more) ...","Id":"0012900000AXSP3AAP","RecordTypeId":"012j00000015GRqAAM"}}}|0x76e827f2
07:48:32.0 (88219969)|STATEMENT_EXECUTE|[263]
07:48:32.0 (88221346)|STATEMENT_EXECUTE|[264]
07:48:32.0 (88233963)|HEAP_ALLOCATE|[264]|Bytes:18
07:48:32.0 (88252823)|HEAP_ALLOCATE|[264]|Bytes:39
07:48:32.0 (88264044)|HEAP_ALLOCATE|[EXTERNAL]|Bytes:4
07:48:32.0 (88274473)|HEAP_ALLOCATE|[263]|Bytes:5
07:48:32.0 (88283601)|VARIABLE_ASSIGNMENT|[263]|insrncBnftInstance|null|
07:48:32.0 (88365372)|VARIABLE_ASSIGNMENT|[EXTERNAL]|this|{"estmtCvrgeDaysObj":"0x64f1dce","faciltyOptions":"0x12d37b","fcltyPrgrmOptions":"0x680a2d74","idToOwnershipFacilit (4 more) ...":"0x12e813f8","idToTypeFacilityMap":"0x6c37cd06","insrncBnftMap":"0x63635a8f","insrncBnftOptions":"0x4370a15c","isIop":false,"isTalbott":false,"meta":"0x11d50d19","oppId":"00629000004NTeZ","pawObj":"0x43d8bdd8","ptntInsrnceOptions":"0x777a809a","ptntInsrncMap":"0x63ee203","ptntInsrncObj":"0x4b3cf10a","quoteObj":"0x25748be","recordId":"00629000004NTeZ","rtAdjstmntOptions":"0x3cd0335","showPILookup":false,"sObjectQueryStr":"","wrprObj":"0x43cb4fd3"}|0x71077940
07:48:32.0 (88427029)|VARIABLE_ASSIGNMENT|[EXTERNAL]|this|{"insrncBnft":"0x37172dc8","insrncBnftSelected":"","pawDetailListDisplay (4 more) ...":false,"pyAgrmntWrksht":"0x2563cc0e","relatedPAWDetailsLis (1 more) ...":"0x546b91ad","targetEDR":0.00,"totalAppliedDeductib (2 more) ...":0.00,"totalCoInsurance":0.00,"totalCoPayAmt":0.00,"totalInsCoResp":0.00,"totalInsEIVAmt":0.00,"totalRowCount":0,"totalTalbottDay":0}|0x43cb4fd3
07:48:32.0 (88497963)|VARIABLE_ASSIGNMENT|[EXTERNAL]|this|{"estmtCvrgeDaysObj":"0x64f1dce","faciltyOptions":"0x12d37b","fcltyPrgrmOptions":"0x680a2d74","idToOwnershipFacilit (4 more) ...":"0x12e813f8","idToTypeFacilityMap":"0x6c37cd06","insrncBnftMap":"0x63635a8f","insrncBnftOptions":"0x4370a15c","isIop":false,"isTalbott":false,"meta":"0x11d50d19","oppId":"00629000004NTeZ","pawObj":"0x43d8bdd8","ptntInsrnceOptions":"0x777a809a","ptntInsrncMap":"0x63ee203","ptntInsrncObj":"0x4b3cf10a","quoteObj":"0x25748be","recordId":"00629000004NTeZ","rtAdjstmntOptions":"0x3cd0335","showPILookup":false,"sObjectQueryStr":"","wrprObj":"0x43cb4fd3"}|0x71077940
07:48:32.0 (88573799)|VARIABLE_ASSIGNMENT|[EXTERNAL]|this|{"insrncBnft":"0x37172dc8","insrncBnftSelected":"","pawDetailListDisplay (4 more) ...":false,"pyAgrmntWrksht":"0x2563cc0e","relatedPAWDetailsLis (1 more) ...":"0x546b91ad","targetEDR":0.00,"totalAppliedDeductib (2 more) ...":0.00,"totalCoInsurance":0.00,"totalCoPayAmt":0.00,"totalInsCoResp":0.00,"totalInsEIVAmt":0.00,"totalRowCount":0,"totalTalbottDay":0}|0x43cb4fd3
07:48:32.0 (88610213)|STATEMENT_EXECUTE|[269]
07:48:32.0 (88612629)|STATEMENT_EXECUTE|[270]
07:48:32.0 (88674023)|VARIABLE_ASSIGNMENT|[EXTERNAL]|this|{"estmtCvrgeDaysObj":"0x64f1dce","faciltyOptions":"0x12d37b","fcltyPrgrmOptions":"0x680a2d74","idToOwnershipFacilit (4 more) ...":"0x12e813f8","idToTypeFacilityMap":"0x6c37cd06","insrncBnftMap":"0x63635a8f","insrncBnftOptions":"0x4370a15c","isIop":false,"isTalbott":false,"meta":"0x11d50d19","oppId":"00629000004NTeZ","pawObj":"0x43d8bdd8","ptntInsrnceOptions":"0x777a809a","ptntInsrncMap":"0x63ee203","ptntInsrncObj":"0x4b3cf10a","quoteObj":"0x25748be","recordId":"00629000004NTeZ","rtAdjstmntOptions":"0x3cd0335","showPILookup":false,"sObjectQueryStr":"","wrprObj":"0x43cb4fd3"}|0x71077940
07:48:32.0 (88720382)|VARIABLE_ASSIGNMENT|[EXTERNAL]|this|{"insrncBnft":"0x37172dc8","insrncBnftSelected":"","pawDetailListDisplay (4 more) ...":false,"pyAgrmntWrksht":"0x2563cc0e","relatedPAWDetailsLis (1 more) ...":"0x546b91ad","targetEDR":0.00,"totalAppliedDeductib (2 more) ...":0.00,"totalCoInsurance":0.00,"totalCoPayAmt":0.00,"totalInsCoResp":0.00,"totalInsEIVAmt":0.00,"totalRowCount":0,"totalTalbottDay":0}|0x43cb4fd3
07:48:32.0 (88730080)|VARIABLE_ASSIGNMENT|[EXTERNAL]|value|null|
07:48:32.0 (88737773)|VARIABLE_ASSIGNMENT|[525]|this.insrncBnft|null|0x43cb4fd3
07:48:32.0 (88744611)|STATEMENT_EXECUTE|[272]
07:48:32.0 (89600000)|SYSTEM_MODE_ENTER|true
07:48:32.0 (89894670)|SYSTEM_MODE_ENTER|true
07:48:32.0 (89928556)|HEAP_ALLOCATE|[EXTERNAL]|Bytes:112
07:48:32.0 (89936006)|VARIABLE_SCOPE_BEGIN|[379]|this|PAW_New_EditCntrllr|true|false
07:48:32.0 (90030070)|VARIABLE_ASSIGNMENT|[379]|this|{"estmtCvrgeDaysObj":"0x64f1dce","faciltyOptions":"0x12d37b","fcltyPrgrmOptions":"0x680a2d74","idToOwnershipFacilit (4 more) ...":"0x12e813f8","idToTypeFacilityMap":"0x6c37cd06","insrncBnftMap":"0x63635a8f","insrncBnftOptions":"0x4370a15c","isIop":false,"isTalbott":false,"meta":"0x11d50d19","oppId":"00629000004NTeZ","pawObj":"0x43d8bdd8","ptntInsrnceOptions":"0x777a809a","ptntInsrncMap":"0x63ee203","ptntInsrncObj":"0x4b3cf10a","quoteObj":"0x25748be","recordId":"00629000004NTeZ","rtAdjstmntOptions":"0x3cd0335","showPILookup":false,"sObjectQueryStr":"","wrprObj":"0x43cb4fd3"}|0x71077940
07:48:32.0 (90054337)|STATEMENT_EXECUTE|[379]
07:48:32.0 (90056953)|STATEMENT_EXECUTE|[380]
07:48:32.0 (90069904)|HEAP_ALLOCATE|[380]|Bytes:4
07:48:32.0 (90132817)|HEAP_ALLOCATE|[EXTERNAL]|Bytes:4
07:48:32.0 (90148450)|VARIABLE_ASSIGNMENT|[380]|this.rtAdjstmntOptions|[]|0x71077940
07:48:32.0 (90156218)|STATEMENT_EXECUTE|[381]
07:48:32.0 (90164027)|HEAP_ALLOCATE|[381]|Bytes:8
07:48:32.0 (90213253)|HEAP_ALLOCATE|[EXTERNAL]|Bytes:4
07:48:32.0 (90285787)|VARIABLE_ASSIGNMENT|[EXTERNAL]|this|{"estmtCvrgeDaysObj":"0x64f1dce","faciltyOptions":"0x12d37b","fcltyPrgrmOptions":"0x680a2d74","idToOwnershipFacilit (4 more) ...":"0x12e813f8","idToTypeFacilityMap":"0x6c37cd06","insrncBnftMap":"0x63635a8f","insrncBnftOptions":"0x4370a15c","isIop":false,"isTalbott":false,"meta":"0x11d50d19","oppId":"00629000004NTeZ","pawObj":"0x43d8bdd8","ptntInsrnceOptions":"0x777a809a","ptntInsrncMap":"0x63ee203","ptntInsrncObj":"0x4b3cf10a","quoteObj":"0x25748be","recordId":"00629000004NTeZ","rtAdjstmntOptions":"0x72b5fd55","showPILookup":false,"sObjectQueryStr":"","wrprObj":"0x43cb4fd3"}|0x71077940
07:48:32.0 (90340034)|VARIABLE_ASSIGNMENT|[EXTERNAL]|this|{"insrncBnftSelected":"","pawDetailListDisplay (4 more) ...":false,"pyAgrmntWrksht":"0x2563cc0e","relatedPAWDetailsLis (1 more) ...":"0x546b91ad","targetEDR":0.00,"totalAppliedDeductib (2 more) ...":0.00,"totalCoInsurance":0.00,"totalCoPayAmt":0.00,"totalInsCoResp":0.00,"totalInsEIVAmt":0.00,"totalRowCount":0,"totalTalbottDay":0}|0x43cb4fd3
07:48:32.0 (90353081)|STATEMENT_EXECUTE|[382]
07:48:32.0 (90354438)|STATEMENT_EXECUTE|[400]
07:48:32.0 (90644283)|SYSTEM_MODE_ENTER|true
07:48:32.0 (96550270)|VF_SERIALIZE_VIEWSTATE_BEGIN|0660a0000009uTC
07:48:32.0 (104521180)|VF_SERIALIZE_VIEWSTATE_END
07:48:32.110 (110335220)|CUMULATIVE_LIMIT_USAGE
07:48:32.110 (110335220)|LIMIT_USAGE_FOR_NS|(default)|
  Number of SOQL queries: 2 out of 100
  Number of query rows: 6 out of 50000
  Number of SOSL queries: 0 out of 20
  Number of DML statements: 0 out of 150
  Number of DML rows: 0 out of 10000
  Maximum CPU time: 0 out of 10000
  Maximum heap size: 0 out of 6000000
  Number of callouts: 0 out of 100
  Number of Email Invocations: 0 out of 10
  Number of future calls: 0 out of 50
  Number of queueable jobs added to the queue: 0 out of 50
  Number of Mobile Apex push calls: 0 out of 10

07:48:32.110 (110335220)|CUMULATIVE_LIMIT_USAGE_END

07:48:32.0 (110373318)|CODE_UNIT_FINISHED|VF: /apex/PAW_New_Edit
07:48:32.0 (111079302)|EXECUTION_FINISHED
