38.0 APEX_CODE,FINEST;APEX_PROFILING,INFO;CALLOUT,INFO;DB,INFO;SYSTEM,DEBUG;VALIDATION,INFO;VISUALFORCE,INFO;WAVE,INFO;WORKFLOW,FINER
08:22:37.0 (343730)|USER_INFO|[EXTERNAL]|00529000000zYiy|bhakti.gujrathi@eternussolutions.com.frnstgng|Central Standard Time|GMT-06:00
08:22:37.0 (383307)|EXECUTION_STARTED
08:22:37.0 (389023)|CODE_UNIT_STARTED|[EXTERNAL]|01pj0000004Sbuc|BenefitsVOBStatus.VOBStatusCheck
08:22:37.0 (598547)|HEAP_ALLOCATE|[72]|Bytes:3
08:22:37.0 (655803)|HEAP_ALLOCATE|[77]|Bytes:152
08:22:37.0 (676196)|HEAP_ALLOCATE|[342]|Bytes:408
08:22:37.0 (695996)|HEAP_ALLOCATE|[355]|Bytes:408
08:22:37.0 (713402)|HEAP_ALLOCATE|[467]|Bytes:48
08:22:37.0 (750778)|HEAP_ALLOCATE|[139]|Bytes:6
08:22:37.0 (773163)|HEAP_ALLOCATE|[EXTERNAL]|Bytes:4
08:22:37.0 (787465)|METHOD_ENTRY|[1]|01pj0000004Sbuc|BenefitsVOBStatus.BenefitsVOBStatus()
08:22:37.0 (794734)|STATEMENT_EXECUTE|[1]
08:22:37.0 (800645)|STATEMENT_EXECUTE|[1]
08:22:37.0 (805020)|METHOD_EXIT|[1]|BenefitsVOBStatus
08:22:37.0 (811130)|HEAP_ALLOCATE|[EXTERNAL]|Bytes:15
08:22:37.0 (823080)|VARIABLE_SCOPE_BEGIN|[2]|agreementID|String|false|false
08:22:37.0 (846625)|VARIABLE_ASSIGNMENT|[2]|agreementID|"00629000004NTeZ"
08:22:37.0 (858425)|STATEMENT_EXECUTE|[2]
08:22:37.0 (860868)|STATEMENT_EXECUTE|[4]
08:22:37.0 (861712)|STATEMENT_EXECUTE|[5]
08:22:37.0 (864949)|HEAP_ALLOCATE|[5]|Bytes:66
08:22:37.0 (892899)|HEAP_ALLOCATE|[5]|Bytes:4
08:22:37.0 (910321)|HEAP_ALLOCATE|[5]|Bytes:7
08:22:37.0 (961097)|HEAP_ALLOCATE|[50]|Bytes:5
08:22:37.0 (991210)|HEAP_ALLOCATE|[56]|Bytes:5
08:22:37.0 (1002894)|HEAP_ALLOCATE|[64]|Bytes:7
08:22:37.0 (2133347)|SOQL_EXECUTE_BEGIN|[5]|Aggregations:0|SELECT Id, Benefits_Status__c FROM Opportunity WHERE id = :tmpVar1
08:22:37.0 (8802681)|SOQL_EXECUTE_END|[5]|Rows:1
08:22:37.0 (8835661)|HEAP_ALLOCATE|[5]|Bytes:8
08:22:37.0 (8855898)|HEAP_ALLOCATE|[5]|Bytes:69
08:22:37.0 (9016466)|HEAP_ALLOCATE|[5]|Bytes:8
08:22:37.0 (9037297)|HEAP_ALLOCATE|[5]|Bytes:37
08:22:37.0 (9097835)|HEAP_ALLOCATE|[5]|Bytes:12
08:22:37.0 (9109508)|VARIABLE_SCOPE_BEGIN|[5]|OpportunityBS|Opportunity|true|false
08:22:37.0 (9142938)|VARIABLE_ASSIGNMENT|[5]|OpportunityBS|{"Id":"00629000004NTeZAAW","Benefits_Status__c":"Benefits Submitted"}|0x34c2e308
08:22:37.0 (9150732)|STATEMENT_EXECUTE|[7]
08:22:37.0 (9190003)|HEAP_ALLOCATE|[8]|Bytes:12
08:22:37.0 (9230858)|STATEMENT_EXECUTE|[10]
08:22:37.0 (9233028)|STATEMENT_EXECUTE|[11]
08:22:37.0 (9235826)|HEAP_ALLOCATE|[11]|Bytes:16
08:22:37.9 (9276341)|CUMULATIVE_LIMIT_USAGE
08:22:37.9 (9276341)|LIMIT_USAGE_FOR_NS|(default)|
  Number of SOQL queries: 1 out of 100
  Number of query rows: 1 out of 50000
  Number of SOSL queries: 0 out of 20
  Number of DML statements: 0 out of 150
  Number of DML rows: 0 out of 10000
  Maximum CPU time: 0 out of 10000
  Maximum heap size: 0 out of 6000000
  Number of callouts: 0 out of 100
  Number of Email Invocations: 0 out of 10
  Number of future calls: 0 out of 50
  Number of queueable jobs added to the queue: 0 out of 50
  Number of Mobile Apex push calls: 0 out of 10

08:22:37.9 (9276341)|CUMULATIVE_LIMIT_USAGE_END

08:22:37.0 (9315616)|CODE_UNIT_FINISHED|BenefitsVOBStatus.VOBStatusCheck
08:22:37.0 (10129805)|EXECUTION_FINISHED
