37.0 APEX_CODE,FINEST;APEX_PROFILING,INFO;CALLOUT,INFO;DB,INFO;SYSTEM,DEBUG;VALIDATION,INFO;VISUALFORCE,INFO;WAVE,INFO;WORKFLOW,FINER
08:17:54.0 (276874)|USER_INFO|[EXTERNAL]|00529000000zYiy|bhakti.gujrathi@eternussolutions.com.frnstgng|Central Standard Time|GMT-06:00
08:17:54.0 (313327)|EXECUTION_STARTED
08:17:54.0 (316865)|CODE_UNIT_STARTED|[EXTERNAL]|0660a0000009uTC|VF: /apex/PAW_New_Edit
08:17:54.0 (811769)|VF_DESERIALIZE_VIEWSTATE_BEGIN|0660a0000009uTC
08:17:54.0 (8964194)|HEAP_ALLOCATE|[72]|Bytes:3
08:17:54.0 (9005382)|HEAP_ALLOCATE|[77]|Bytes:152
08:17:54.0 (9018009)|HEAP_ALLOCATE|[342]|Bytes:408
08:17:54.0 (9030621)|HEAP_ALLOCATE|[355]|Bytes:408
08:17:54.0 (9041901)|HEAP_ALLOCATE|[467]|Bytes:48
08:17:54.0 (9068775)|HEAP_ALLOCATE|[139]|Bytes:6
08:17:54.0 (9090639)|HEAP_ALLOCATE|[50]|Bytes:5
08:17:54.0 (9109223)|HEAP_ALLOCATE|[56]|Bytes:5
08:17:54.0 (9116369)|HEAP_ALLOCATE|[64]|Bytes:7
08:17:54.0 (13335537)|VARIABLE_SCOPE_BEGIN|[35]|PAW_New_EditCntrllr.globalSchemaMap|Map<String,Schema.SObjectType>|true|true
08:17:54.0 (13351497)|VARIABLE_SCOPE_BEGIN|[3]|PAW_New_EditCntrllr.yearEndMode|Boolean|false|true
08:17:54.0 (18709489)|VF_DESERIALIZE_VIEWSTATE_END
08:17:54.20 (20658458)|SYSTEM_MODE_ENTER|true
08:17:54.20 (20736767)|HEAP_ALLOCATE|[EXTERNAL]|Bytes:38
08:17:54.20 (20748484)|HEAP_ALLOCATE|[EXTERNAL]|Bytes:7
08:17:54.20 (20762972)|SYSTEM_METHOD_ENTRY|[1]|PageMessagesComponentController.PageMessagesComponentController()
08:17:54.20 (20768781)|STATEMENT_EXECUTE|[1]
08:17:54.21 (21679714)|SYSTEM_MODE_ENTER|true
08:17:54.21 (21731063)|HEAP_ALLOCATE|[EXTERNAL]|Bytes:8
08:17:54.21 (21739252)|VARIABLE_SCOPE_BEGIN|[88]|this|ApexPage.PageMessagesComponentController|true|false
08:17:54.21 (21810893)|VARIABLE_ASSIGNMENT|[88]|this|{}|0x5b81126
08:17:54.21 (21818185)|VARIABLE_SCOPE_BEGIN|[88]|escape|Boolean|false|false
08:17:54.21 (21826252)|VARIABLE_ASSIGNMENT|[88]|escape|null
08:17:54.0 (22107483)|SYSTEM_MODE_ENTER|true
08:17:54.0 (22134985)|HEAP_ALLOCATE|[EXTERNAL]|Bytes:11
08:17:54.0 (22148018)|HEAP_ALLOCATE|[EXTERNAL]|Bytes:304
08:17:54.0 (22153113)|HEAP_ALLOCATE|[EXTERNAL]|Bytes:98
08:17:54.0 (22157388)|HEAP_ALLOCATE|[EXTERNAL]|Bytes:14
08:17:54.0 (22168523)|METHOD_ENTRY|[1]|01p0a000004sKzV|PAW_New_EditCntrllr.PAW_New_EditCntrllr()
08:17:54.0 (22174013)|STATEMENT_EXECUTE|[1]
08:17:54.0 (22177512)|STATEMENT_EXECUTE|[1]
08:17:54.0 (22178798)|STATEMENT_EXECUTE|[3]
08:17:54.0 (23757695)|VARIABLE_SCOPE_BEGIN|[3]|PAW_YearEnd_Config.setting|Year_End_PAW_Settings__c|true|true
08:17:54.0 (23775046)|HEAP_ALLOCATE|[3]|Bytes:1
08:17:54.0 (23782226)|HEAP_ALLOCATE|[3]|Bytes:1
08:17:54.0 (23793347)|METHOD_ENTRY|[1]|01p29000000Aswf|PAW_YearEnd_Config.PAW_YearEnd_Config()
08:17:54.0 (23798425)|STATEMENT_EXECUTE|[1]
08:17:54.0 (23801225)|STATEMENT_EXECUTE|[1]
08:17:54.0 (23816982)|SYSTEM_MODE_ENTER|false
08:17:54.0 (23825275)|HEAP_ALLOCATE|[3]|Bytes:5
08:17:54.0 (23832505)|SYSTEM_MODE_EXIT|false
08:17:54.0 (23840120)|METHOD_EXIT|[1]|PAW_YearEnd_Config
08:17:54.0 (23856519)|METHOD_ENTRY|[3]|01p29000000Aswf|PAW_YearEnd_Config.fetch()
08:17:54.0 (23888678)|SYSTEM_MODE_ENTER|false
08:17:54.0 (23894429)|HEAP_ALLOCATE|[6]|Bytes:5
08:17:54.0 (23898620)|STATEMENT_EXECUTE|[5]
08:17:54.0 (23902663)|STATEMENT_EXECUTE|[7]
08:17:54.0 (25116223)|HEAP_ALLOCATE|[7]|Bytes:20
08:17:54.0 (25165641)|VARIABLE_ASSIGNMENT|[7]|PAW_YearEnd_Config.setting|{"IsDeleted":false,"Name":"Year End PAW Setting (11 more) ...","SetupOwnerId":"00529000000zYiyAAE","Year_End_Mode_Enable (4 more) ...":false}|0x7bc9c56d
08:17:54.0 (25173921)|STATEMENT_EXECUTE|[9]
08:17:54.0 (25180839)|HEAP_ALLOCATE|[9]|Bytes:14
08:17:54.0 (25332723)|HEAP_ALLOCATE|[9]|Bytes:145
08:17:54.0 (25357625)|HEAP_ALLOCATE|[9]|Bytes:159
08:17:54.0 (25378952)|USER_DEBUG|[9]|DEBUG|>>> setting : Year_End_PAW_Settings__c:{IsDeleted=false, Name=Year End PAW Settings (Profile), SetupOwnerId=00529000000zYiyAAE, Year_End_Mode_Enabled__c=false}
08:17:54.0 (25387658)|STATEMENT_EXECUTE|[10]
08:17:54.0 (25393705)|SYSTEM_MODE_EXIT|false
08:17:54.0 (25401817)|METHOD_EXIT|[3]|01p29000000Aswf|PAW_YearEnd_Config.fetch()
08:17:54.0 (25439633)|VARIABLE_ASSIGNMENT|[3]|PAW_New_EditCntrllr.yearEndMode|false
08:17:54.0 (25445047)|STATEMENT_EXECUTE|[523]
08:17:54.0 (25450375)|METHOD_EXIT|[1]|PAW_New_EditCntrllr
08:17:54.0 (26854798)|SYSTEM_MODE_ENTER|true
08:17:54.0 (28542411)|SYSTEM_MODE_ENTER|true
08:17:54.0 (28620349)|HEAP_ALLOCATE|[EXTERNAL]|Bytes:476
08:17:54.0 (28634115)|HEAP_ALLOCATE|[EXTERNAL]|Bytes:71
08:17:54.0 (33220302)|SYSTEM_MODE_ENTER|true
08:17:54.0 (33331638)|SYSTEM_MODE_ENTER|true
08:17:54.0 (37751378)|SYSTEM_MODE_ENTER|true
08:17:54.0 (37974981)|HEAP_ALLOCATE|[EXTERNAL]|Bytes:112
08:17:54.0 (37994675)|VARIABLE_SCOPE_BEGIN|[186]|this|PAW_New_EditCntrllr|true|false
08:17:54.0 (38132933)|VARIABLE_ASSIGNMENT|[186]|this|{"estmtCvrgeDaysObj":"0x4caf2628","faciltyOptions":"0x61848bf","fcltyPrgrmOptions":"0x2ba65316","idToOwnershipFacilit (4 more) ...":"0x4215c0e","idToTypeFacilityMap":"0x318aa4c4","insrncBnftMap":"0x75134ffa","insrncBnftOptions":"0x6cb48cad","isIop":false,"isTalbott":false,"meta":"0x627b6c19","oppId":"00629000004NTeZ","pawObj":"0x6b34816","ptntInsrnceOptions":"0x69b0bba5","ptntInsrncMap":"0x21a983da","ptntInsrncObj":"0x180b2852","quoteObj":"0x46420bd","recordId":"00629000004NTeZ","rtAdjstmntOptions":"0x68e5ce07","showPILookup":false,"sObjectQueryStr":"","wrprObj":"0x4dc8ef9b"}|0x31c6abf7
08:17:54.0 (38158937)|STATEMENT_EXECUTE|[186]
08:17:54.0 (38160985)|STATEMENT_EXECUTE|[190]
08:17:54.0 (38183714)|HEAP_ALLOCATE|[190]|Bytes:4
08:17:54.0 (38259826)|HEAP_ALLOCATE|[EXTERNAL]|Bytes:4
08:17:54.0 (38273159)|VARIABLE_ASSIGNMENT|[190]|this.ptntInsrnceOptions|[]|0x31c6abf7
08:17:54.0 (38277961)|STATEMENT_EXECUTE|[191]
08:17:54.0 (38290322)|HEAP_ALLOCATE|[191]|Bytes:12
08:17:54.0 (38364601)|HEAP_ALLOCATE|[EXTERNAL]|Bytes:4
08:17:54.0 (38375064)|STATEMENT_EXECUTE|[192]
08:17:54.0 (38406894)|HEAP_ALLOCATE|[192]|Bytes:4
08:17:54.0 (38412975)|HEAP_ALLOCATE|[192]|Bytes:95
08:17:54.0 (38426760)|HEAP_ALLOCATE|[192]|Bytes:4
08:17:54.0 (38438383)|HEAP_ALLOCATE|[192]|Bytes:7
08:17:54.0 (38783792)|SOQL_EXECUTE_BEGIN|[192]|Aggregations:0|SELECT Id, Name, Insurance_Company__c FROM Patient_Insurance__c WHERE Opportunity__c = :tmpVar1
08:17:54.0 (43985777)|SOQL_EXECUTE_END|[192]|Rows:4
08:17:54.0 (44011613)|HEAP_ALLOCATE|[192]|Bytes:20
08:17:54.0 (44038827)|HEAP_ALLOCATE|[192]|Bytes:449
08:17:54.0 (44104984)|HEAP_ALLOCATE|[192]|Bytes:20
08:17:54.0 (44156704)|HEAP_ALLOCATE|[192]|Bytes:16
08:17:54.0 (44169022)|HEAP_ALLOCATE|[192]|Bytes:4
08:17:54.0 (44173696)|HEAP_ALLOCATE|[192]|Bytes:16
08:17:54.0 (44177766)|HEAP_ALLOCATE|[192]|Bytes:4
08:17:54.0 (44180698)|HEAP_ALLOCATE|[192]|Bytes:16
08:17:54.0 (44184763)|HEAP_ALLOCATE|[192]|Bytes:4
08:17:54.0 (44187536)|HEAP_ALLOCATE|[192]|Bytes:16
08:17:54.0 (44191376)|HEAP_ALLOCATE|[192]|Bytes:4
08:17:54.0 (44236423)|VARIABLE_ASSIGNMENT|[192]|this.ptntInsrncMap|{"a1b29000000l40nAAA":{"Id":"a1b29000000l40nAAA","Name":"Maria Johnson - BCBS (17 more) ...","Insurance_Company__c":"0012900000AXSPBAA5"},"a1b29000000lvHQAAY":{"Id":"a1b29000000lvHQAAY","Name":"Maria Johnson - Valu (23 more) ...","Insurance_Company__c":"0012900000AXSP3AAP"},"a1b29000000lvHVAAY":{"Id":"a1b29000000lvHVAAY","Name":"Maria Johnson - Priv (7 more) ...","Insurance_Company__c":"0012900000AXSDqAAP"},"a1b29000000ly7uAAA":{"Id":"a1b29000000ly7uAAA","Name":"Maria Johnson - Alle (6 more) ...","Insurance_Company__c":"0012900000AXSlPAAX"}}|0x31c6abf7
08:17:54.0 (44287499)|HEAP_ALLOCATE|[EXTERNAL]|Bytes:20
08:17:54.0 (44304003)|HEAP_ALLOCATE|[197]|Bytes:465
08:17:54.0 (44460528)|HEAP_ALLOCATE|[197]|Bytes:5
08:17:54.0 (44478058)|HEAP_ALLOCATE|[197]|Bytes:16
08:17:54.0 (44488434)|VARIABLE_SCOPE_BEGIN|[197]|ptntInsrnceInstance|Patient_Insurance__c|true|false
08:17:54.0 (44506527)|VARIABLE_ASSIGNMENT|[197]|ptntInsrnceInstance|{"Id":"a1b29000000l40nAAA","Name":"Maria Johnson - BCBS (17 more) ...","Insurance_Company__c":"0012900000AXSPBAA5"}|0x3733ff53
08:17:54.0 (44513383)|STATEMENT_EXECUTE|[197]
08:17:54.0 (44514882)|STATEMENT_EXECUTE|[198]
08:17:54.0 (44566546)|HEAP_ALLOCATE|[198]|Bytes:18
08:17:54.0 (44632544)|HEAP_ALLOCATE|[EXTERNAL]|Bytes:4
08:17:54.0 (44648759)|HEAP_ALLOCATE|[197]|Bytes:5
08:17:54.0 (44658752)|HEAP_ALLOCATE|[197]|Bytes:16
08:17:54.0 (44665502)|VARIABLE_SCOPE_BEGIN|[197]|ptntInsrnceInstance|Patient_Insurance__c|true|false
08:17:54.0 (44679979)|VARIABLE_ASSIGNMENT|[197]|ptntInsrnceInstance|{"Id":"a1b29000000lvHQAAY","Name":"Maria Johnson - Valu (23 more) ...","Insurance_Company__c":"0012900000AXSP3AAP"}|0x57bf8bf3
08:17:54.0 (44685651)|STATEMENT_EXECUTE|[197]
08:17:54.0 (44686848)|STATEMENT_EXECUTE|[198]
08:17:54.0 (44697431)|HEAP_ALLOCATE|[198]|Bytes:18
08:17:54.0 (44709671)|HEAP_ALLOCATE|[EXTERNAL]|Bytes:4
08:17:54.0 (44719028)|HEAP_ALLOCATE|[197]|Bytes:5
08:17:54.0 (44726423)|HEAP_ALLOCATE|[197]|Bytes:16
08:17:54.0 (44731060)|VARIABLE_SCOPE_BEGIN|[197]|ptntInsrnceInstance|Patient_Insurance__c|true|false
08:17:54.0 (44743171)|VARIABLE_ASSIGNMENT|[197]|ptntInsrnceInstance|{"Id":"a1b29000000lvHVAAY","Name":"Maria Johnson - Priv (7 more) ...","Insurance_Company__c":"0012900000AXSDqAAP"}|0x5f3fccf
08:17:54.0 (44748655)|STATEMENT_EXECUTE|[197]
08:17:54.0 (44749740)|STATEMENT_EXECUTE|[198]
08:17:54.0 (44756245)|HEAP_ALLOCATE|[198]|Bytes:18
08:17:54.0 (44765634)|HEAP_ALLOCATE|[EXTERNAL]|Bytes:4
08:17:54.0 (44774092)|HEAP_ALLOCATE|[197]|Bytes:5
08:17:54.0 (44781163)|HEAP_ALLOCATE|[197]|Bytes:16
08:17:54.0 (44785724)|VARIABLE_SCOPE_BEGIN|[197]|ptntInsrnceInstance|Patient_Insurance__c|true|false
08:17:54.0 (44796387)|VARIABLE_ASSIGNMENT|[197]|ptntInsrnceInstance|{"Id":"a1b29000000ly7uAAA","Name":"Maria Johnson - Alle (6 more) ...","Insurance_Company__c":"0012900000AXSlPAAX"}|0x1e178271
08:17:54.0 (44801375)|STATEMENT_EXECUTE|[197]
08:17:54.0 (44802404)|STATEMENT_EXECUTE|[198]
08:17:54.0 (44807873)|HEAP_ALLOCATE|[198]|Bytes:18
08:17:54.0 (44816552)|HEAP_ALLOCATE|[EXTERNAL]|Bytes:4
08:17:54.0 (44824628)|HEAP_ALLOCATE|[197]|Bytes:5
08:17:54.0 (44833595)|VARIABLE_ASSIGNMENT|[197]|ptntInsrnceInstance|null|
08:17:54.0 (44838734)|STATEMENT_EXECUTE|[201]
08:17:54.49 (49874606)|SYSTEM_MODE_ENTER|true
08:17:54.49 (49940260)|HEAP_ALLOCATE|[EXTERNAL]|Bytes:8
08:17:54.49 (49954738)|VARIABLE_SCOPE_BEGIN|[88]|this|ApexPage.PageMessagesComponentController|true|false
08:17:54.49 (49992060)|VARIABLE_ASSIGNMENT|[88]|this|{}|0x5b81126
08:17:54.49 (49998389)|VARIABLE_SCOPE_BEGIN|[88]|escape|Boolean|false|false
08:17:54.49 (50005007)|VARIABLE_ASSIGNMENT|[88]|escape|null
08:17:54.0 (50621210)|HEAP_ALLOCATE|[EXTERNAL]|Bytes:84
08:17:54.0 (50665035)|VARIABLE_ASSIGNMENT|[EXTERNAL]|this.insrncBnftSelected|null|0x4dc8ef9b
08:17:54.0 (50724445)|HEAP_ALLOCATE|[EXTERNAL]|Bytes:84
08:17:54.0 (50733243)|VARIABLE_ASSIGNMENT|[EXTERNAL]|this.facilitySelected|null|0x4dc8ef9b
08:17:54.0 (50779076)|HEAP_ALLOCATE|[EXTERNAL]|Bytes:84
08:17:54.0 (50787223)|VARIABLE_ASSIGNMENT|[EXTERNAL]|this.rateAdjstmntSelected|null|0x4dc8ef9b
08:17:54.0 (50830304)|HEAP_ALLOCATE|[EXTERNAL]|Bytes:84
08:17:54.0 (50837297)|VARIABLE_ASSIGNMENT|[EXTERNAL]|this.fcltyPrgrmSelected|null|0x4dc8ef9b
08:17:54.0 (54424059)|HEAP_ALLOCATE|[EXTERNAL]|Bytes:112
08:17:54.0 (54437428)|VARIABLE_SCOPE_BEGIN|[205]|this|PAW_New_EditCntrllr|true|false
08:17:54.0 (54523909)|VARIABLE_ASSIGNMENT|[205]|this|{"estmtCvrgeDaysObj":"0x4caf2628","faciltyOptions":"0x61848bf","fcltyPrgrmOptions":"0x2ba65316","idToOwnershipFacilit (4 more) ...":"0x4215c0e","idToTypeFacilityMap":"0x318aa4c4","insrncBnftMap":"0x75134ffa","insrncBnftOptions":"0x6cb48cad","isIop":false,"isTalbott":false,"meta":"0x627b6c19","oppId":"00629000004NTeZ","pawObj":"0x6b34816","ptntInsrnceOptions":"0x40de8f3d","ptntInsrncMap":"0x24be6a17","ptntInsrncObj":"0x180b2852","quoteObj":"0x46420bd","recordId":"00629000004NTeZ","rtAdjstmntOptions":"0x68e5ce07","showPILookup":false,"sObjectQueryStr":"","wrprObj":"0x4dc8ef9b"}|0x31c6abf7
08:17:54.0 (54540829)|STATEMENT_EXECUTE|[205]
08:17:54.0 (54626768)|VARIABLE_ASSIGNMENT|[EXTERNAL]|this|{"estmtCvrgeDaysObj":"0x4caf2628","faciltyOptions":"0x61848bf","fcltyPrgrmOptions":"0x2ba65316","idToOwnershipFacilit (4 more) ...":"0x4215c0e","idToTypeFacilityMap":"0x318aa4c4","insrncBnftMap":"0x75134ffa","insrncBnftOptions":"0x6cb48cad","isIop":false,"isTalbott":false,"meta":"0x627b6c19","oppId":"00629000004NTeZ","pawObj":"0x6b34816","ptntInsrnceOptions":"0x40de8f3d","ptntInsrncMap":"0x24be6a17","ptntInsrncObj":"0x180b2852","quoteObj":"0x46420bd","recordId":"00629000004NTeZ","rtAdjstmntOptions":"0x68e5ce07","showPILookup":false,"sObjectQueryStr":"","wrprObj":"0x4dc8ef9b"}|0x31c6abf7
08:17:54.0 (55234412)|VARIABLE_ASSIGNMENT|[EXTERNAL]|this|{"pawDetailListDisplay (4 more) ...":false,"pyAgrmntWrksht":"0x430802b9","relatedPAWDetailsLis (1 more) ...":"0x1431361d","targetEDR":0.00,"totalAppliedDeductib (2 more) ...":0.00,"totalCoInsurance":0.00,"totalCoPayAmt":0.00,"totalInsCoResp":0.00,"totalInsEIVAmt":0.00,"totalRowCount":0,"totalTalbottDay":0.00}|0x4dc8ef9b
08:17:54.0 (55292919)|STATEMENT_EXECUTE|[206]
08:17:54.0 (55294883)|STATEMENT_EXECUTE|[207]
08:17:54.0 (55368326)|VARIABLE_ASSIGNMENT|[EXTERNAL]|this|{"estmtCvrgeDaysObj":"0x4caf2628","faciltyOptions":"0x61848bf","fcltyPrgrmOptions":"0x2ba65316","idToOwnershipFacilit (4 more) ...":"0x4215c0e","idToTypeFacilityMap":"0x318aa4c4","insrncBnftMap":"0x75134ffa","insrncBnftOptions":"0x6cb48cad","isIop":false,"isTalbott":false,"meta":"0x627b6c19","oppId":"00629000004NTeZ","pawObj":"0x6b34816","ptntInsrnceOptions":"0x40de8f3d","ptntInsrncMap":"0x24be6a17","ptntInsrncObj":"0x180b2852","quoteObj":"0x46420bd","recordId":"00629000004NTeZ","rtAdjstmntOptions":"0x68e5ce07","showPILookup":false,"sObjectQueryStr":"","wrprObj":"0x4dc8ef9b"}|0x31c6abf7
08:17:54.0 (55423254)|VARIABLE_ASSIGNMENT|[EXTERNAL]|this|{"pawDetailListDisplay (4 more) ...":false,"pyAgrmntWrksht":"0x430802b9","relatedPAWDetailsLis (1 more) ...":"0x1431361d","targetEDR":0.00,"totalAppliedDeductib (2 more) ...":0.00,"totalCoInsurance":0.00,"totalCoPayAmt":0.00,"totalInsCoResp":0.00,"totalInsEIVAmt":0.00,"totalRowCount":0,"totalTalbottDay":0.00}|0x4dc8ef9b
08:17:54.0 (55516365)|VARIABLE_ASSIGNMENT|[EXTERNAL]|this|{"estmtCvrgeDaysObj":"0x4caf2628","faciltyOptions":"0x61848bf","fcltyPrgrmOptions":"0x2ba65316","idToOwnershipFacilit (4 more) ...":"0x4215c0e","idToTypeFacilityMap":"0x318aa4c4","insrncBnftMap":"0x75134ffa","insrncBnftOptions":"0x6cb48cad","isIop":false,"isTalbott":false,"meta":"0x627b6c19","oppId":"00629000004NTeZ","pawObj":"0x6b34816","ptntInsrnceOptions":"0x40de8f3d","ptntInsrncMap":"0x24be6a17","ptntInsrncObj":"0x180b2852","quoteObj":"0x46420bd","recordId":"00629000004NTeZ","rtAdjstmntOptions":"0x68e5ce07","showPILookup":false,"sObjectQueryStr":"","wrprObj":"0x4dc8ef9b"}|0x31c6abf7
08:17:54.0 (55542414)|VARIABLE_ASSIGNMENT|[EXTERNAL]|value|{"Id":"a1b29000000lvHQAAY","Name":"Maria Johnson - Valu (23 more) ...","Insurance_Company__c":"0012900000AXSP3AAP"}|0x57bf8bf3
08:17:54.0 (55558345)|VARIABLE_ASSIGNMENT|[18]|this.ptntInsrncObj|{"Id":"a1b29000000lvHQAAY","Name":"Maria Johnson - Valu (23 more) ...","Insurance_Company__c":"0012900000AXSP3AAP"}|0x31c6abf7
08:17:54.0 (55567288)|STATEMENT_EXECUTE|[211]
08:17:54.0 (55627619)|VARIABLE_ASSIGNMENT|[EXTERNAL]|this|{"estmtCvrgeDaysObj":"0x4caf2628","faciltyOptions":"0x61848bf","fcltyPrgrmOptions":"0x2ba65316","idToOwnershipFacilit (4 more) ...":"0x4215c0e","idToTypeFacilityMap":"0x318aa4c4","insrncBnftMap":"0x75134ffa","insrncBnftOptions":"0x6cb48cad","isIop":false,"isTalbott":false,"meta":"0x627b6c19","oppId":"00629000004NTeZ","pawObj":"0x6b34816","ptntInsrnceOptions":"0x40de8f3d","ptntInsrncMap":"0x24be6a17","ptntInsrncObj":"0x57bf8bf3","quoteObj":"0x46420bd","recordId":"00629000004NTeZ","rtAdjstmntOptions":"0x68e5ce07","showPILookup":false,"sObjectQueryStr":"","wrprObj":"0x4dc8ef9b"}|0x31c6abf7
08:17:54.0 (55685326)|VARIABLE_ASSIGNMENT|[EXTERNAL]|this|{"pawDetailListDisplay (4 more) ...":false,"pyAgrmntWrksht":"0x430802b9","relatedPAWDetailsLis (1 more) ...":"0x1431361d","targetEDR":0.00,"totalAppliedDeductib (2 more) ...":0.00,"totalCoInsurance":0.00,"totalCoPayAmt":0.00,"totalInsCoResp":0.00,"totalInsEIVAmt":0.00,"totalRowCount":0,"totalTalbottDay":0.00}|0x4dc8ef9b
08:17:54.0 (55696087)|VARIABLE_ASSIGNMENT|[EXTERNAL]|value|""
08:17:54.0 (55704860)|VARIABLE_ASSIGNMENT|[526]|this.insrncBnftSelected|""|0x4dc8ef9b
08:17:54.0 (55711513)|STATEMENT_EXECUTE|[212]
08:17:54.0 (55744421)|METHOD_ENTRY|[212]|01p0a000004sKzV|PAW_New_EditCntrllr.updateWraperValues()
08:17:54.0 (55766781)|VARIABLE_SCOPE_BEGIN|[404]|this|PAW_New_EditCntrllr|true|false
08:17:54.0 (55822546)|VARIABLE_ASSIGNMENT|[404]|this|{"estmtCvrgeDaysObj":"0x4caf2628","faciltyOptions":"0x61848bf","fcltyPrgrmOptions":"0x2ba65316","idToOwnershipFacilit (4 more) ...":"0x4215c0e","idToTypeFacilityMap":"0x318aa4c4","insrncBnftMap":"0x75134ffa","insrncBnftOptions":"0x6cb48cad","isIop":false,"isTalbott":false,"meta":"0x627b6c19","oppId":"00629000004NTeZ","pawObj":"0x6b34816","ptntInsrnceOptions":"0x40de8f3d","ptntInsrncMap":"0x24be6a17","ptntInsrncObj":"0x57bf8bf3","quoteObj":"0x46420bd","recordId":"00629000004NTeZ","rtAdjstmntOptions":"0x68e5ce07","showPILookup":false,"sObjectQueryStr":"","wrprObj":"0x4dc8ef9b"}|0x31c6abf7
08:17:54.0 (55835711)|STATEMENT_EXECUTE|[404]
08:17:54.0 (55898529)|VARIABLE_ASSIGNMENT|[EXTERNAL]|this|{"estmtCvrgeDaysObj":"0x4caf2628","faciltyOptions":"0x61848bf","fcltyPrgrmOptions":"0x2ba65316","idToOwnershipFacilit (4 more) ...":"0x4215c0e","idToTypeFacilityMap":"0x318aa4c4","insrncBnftMap":"0x75134ffa","insrncBnftOptions":"0x6cb48cad","isIop":false,"isTalbott":false,"meta":"0x627b6c19","oppId":"00629000004NTeZ","pawObj":"0x6b34816","ptntInsrnceOptions":"0x40de8f3d","ptntInsrncMap":"0x24be6a17","ptntInsrncObj":"0x57bf8bf3","quoteObj":"0x46420bd","recordId":"00629000004NTeZ","rtAdjstmntOptions":"0x68e5ce07","showPILookup":false,"sObjectQueryStr":"","wrprObj":"0x4dc8ef9b"}|0x31c6abf7
08:17:54.0 (55972091)|VARIABLE_ASSIGNMENT|[EXTERNAL]|this|{"estmtCvrgeDaysObj":"0x4caf2628","faciltyOptions":"0x61848bf","fcltyPrgrmOptions":"0x2ba65316","idToOwnershipFacilit (4 more) ...":"0x4215c0e","idToTypeFacilityMap":"0x318aa4c4","insrncBnftMap":"0x75134ffa","insrncBnftOptions":"0x6cb48cad","isIop":false,"isTalbott":false,"meta":"0x627b6c19","oppId":"00629000004NTeZ","pawObj":"0x6b34816","ptntInsrnceOptions":"0x40de8f3d","ptntInsrncMap":"0x24be6a17","ptntInsrncObj":"0x57bf8bf3","quoteObj":"0x46420bd","recordId":"00629000004NTeZ","rtAdjstmntOptions":"0x68e5ce07","showPILookup":false,"sObjectQueryStr":"","wrprObj":"0x4dc8ef9b"}|0x31c6abf7
08:17:54.0 (55993817)|STATEMENT_EXECUTE|[420]
08:17:54.0 (55995032)|STATEMENT_EXECUTE|[421]
08:17:54.0 (63521501)|VARIABLE_SCOPE_BEGIN|[3]|PAWValueCalculationService.pawObj|Pay_Agreement_Worksheet__c|true|true
08:17:54.0 (63536222)|VARIABLE_SCOPE_BEGIN|[2]|PAWValueCalculationService.skipDML|Boolean|false|true
08:17:54.0 (63553109)|HEAP_ALLOCATE|[421]|Bytes:6
08:17:54.0 (63574526)|METHOD_ENTRY|[1]|01p0a000004sKzO|PAWFrnFacilityService.PAWFrnFacilityService()
08:17:54.0 (63580175)|STATEMENT_EXECUTE|[1]
08:17:54.0 (63583920)|STATEMENT_EXECUTE|[1]
08:17:54.0 (63598372)|SYSTEM_MODE_ENTER|false
08:17:54.0 (63613810)|HEAP_ALLOCATE|[421]|Bytes:5
08:17:54.0 (63625606)|SYSTEM_MODE_EXIT|false
08:17:54.0 (63641099)|METHOD_EXIT|[1]|PAWFrnFacilityService
08:17:54.0 (63665028)|HEAP_ALLOCATE|[421]|Bytes:4
08:17:54.0 (63682866)|CONSTRUCTOR_ENTRY|[421]|01p0a000004sKzO|<init>()
08:17:54.0 (63707200)|VARIABLE_SCOPE_BEGIN|[2]|this|PAWFrnFacilityService|true|false
08:17:54.0 (63739620)|VARIABLE_ASSIGNMENT|[2]|this|{}|0x519cdb11
08:17:54.0 (63769096)|SYSTEM_MODE_ENTER|false
08:17:54.0 (63778886)|HEAP_ALLOCATE|[2]|Bytes:5
08:17:54.0 (63784164)|STATEMENT_EXECUTE|[1]
08:17:54.0 (63792758)|HEAP_ALLOCATE|[2]|Bytes:5
08:17:54.0 (63804274)|HEAP_ALLOCATE|[2]|Bytes:39
08:17:54.0 (63809767)|HEAP_ALLOCATE|[2]|Bytes:35
08:17:54.0 (63823685)|METHOD_ENTRY|[1]|01p0a000004sKzT|PAWValueCalculationService.PAWValueCalculationService()
08:17:54.0 (63831131)|STATEMENT_EXECUTE|[1]
08:17:54.0 (63834557)|STATEMENT_EXECUTE|[1]
08:17:54.0 (63840932)|METHOD_EXIT|[1]|PAWValueCalculationService
08:17:54.0 (63851509)|CONSTRUCTOR_ENTRY|[2]|01p0a000004sKzT|<init>()
08:17:54.0 (63919782)|VARIABLE_SCOPE_BEGIN|[5]|this|PAWValueCalculationService|true|false
08:17:54.0 (63940907)|VARIABLE_ASSIGNMENT|[5]|this|{}|0x519cdb11
08:17:54.0 (63947187)|STATEMENT_EXECUTE|[1]
08:17:54.0 (63956960)|HEAP_ALLOCATE|[6]|Bytes:6
08:17:54.0 (63983877)|STATEMENT_EXECUTE|[5]
08:17:54.0 (63985179)|STATEMENT_EXECUTE|[6]
08:17:54.0 (63992995)|HEAP_ALLOCATE|[6]|Bytes:5
08:17:54.0 (64002309)|VARIABLE_ASSIGNMENT|[6]|PAWValueCalculationService.skipDML|false
08:17:54.0 (64009832)|CONSTRUCTOR_EXIT|[2]|01p0a000004sKzT|<init>()
08:17:54.0 (64014156)|STATEMENT_EXECUTE|[2]
08:17:54.0 (64017951)|SYSTEM_MODE_EXIT|false
08:17:54.0 (64023085)|CONSTRUCTOR_EXIT|[421]|01p0a000004sKzO|<init>()
08:17:54.0 (64101959)|VARIABLE_ASSIGNMENT|[EXTERNAL]|this|{"estmtCvrgeDaysObj":"0x4caf2628","faciltyOptions":"0x61848bf","fcltyPrgrmOptions":"0x2ba65316","idToOwnershipFacilit (4 more) ...":"0x4215c0e","idToTypeFacilityMap":"0x318aa4c4","insrncBnftMap":"0x75134ffa","insrncBnftOptions":"0x6cb48cad","isIop":false,"isTalbott":false,"meta":"0x627b6c19","oppId":"00629000004NTeZ","pawObj":"0x6b34816","ptntInsrnceOptions":"0x40de8f3d","ptntInsrncMap":"0x24be6a17","ptntInsrncObj":"0x57bf8bf3","quoteObj":"0x46420bd","recordId":"00629000004NTeZ","rtAdjstmntOptions":"0x68e5ce07","showPILookup":false,"sObjectQueryStr":"","wrprObj":"0x4dc8ef9b"}|0x31c6abf7
08:17:54.0 (64159179)|METHOD_ENTRY|[421]|01p0a000004sKzO|PAWFrnFacilityService.calculateWraperValuesFRN(PAW_New_EditCntrllr.WraperClass, Map<Id,Facility_Program__c>, Map<Id,Insurance_Company_Rate_Adjustment__c>, Map<Id,Insurance_Benefit__c>, Estimated_Coverage_Days__c)
08:17:54.0 (64169445)|VARIABLE_SCOPE_BEGIN|[7]|this|PAWFrnFacilityService|true|false
08:17:54.0 (64183471)|VARIABLE_ASSIGNMENT|[7]|this|{}|0x519cdb11
08:17:54.0 (64188524)|VARIABLE_SCOPE_BEGIN|[7]|pWrprObj|PAW_New_EditCntrllr.WraperClass|true|false
08:17:54.0 (64232985)|VARIABLE_ASSIGNMENT|[7]|pWrprObj|{"insrncBnftSelected":"","pawDetailListDisplay (4 more) ...":false,"pyAgrmntWrksht":"0x430802b9","relatedPAWDetailsLis (1 more) ...":"0x1431361d","targetEDR":0.00,"totalAppliedDeductib (2 more) ...":0.00,"totalCoInsurance":0.00,"totalCoPayAmt":0.00,"totalInsCoResp":0.00,"totalInsEIVAmt":0.00,"totalRowCount":0,"totalTalbottDay":0.00}|0x4dc8ef9b
08:17:54.0 (64242098)|VARIABLE_SCOPE_BEGIN|[7]|pFcltyPrgmMap|Map<Id,Facility_Program__c>|true|false
08:17:54.0 (64248727)|VARIABLE_ASSIGNMENT|[7]|pFcltyPrgmMap|null|
08:17:54.0 (64252569)|VARIABLE_SCOPE_BEGIN|[7]|pCmpnyRateAdjstmntMap|Map<Id,Insurance_Company_Rate_Adjustment__c>|true|false
08:17:54.0 (64258243)|VARIABLE_ASSIGNMENT|[7]|pCmpnyRateAdjstmntMap|null|
08:17:54.0 (64261806)|VARIABLE_SCOPE_BEGIN|[7]|pInsrncBnftMap|Map<Id,Insurance_Benefit__c>|true|false
08:17:54.0 (64272875)|VARIABLE_ASSIGNMENT|[7]|pInsrncBnftMap|{}|0x75134ffa
08:17:54.0 (64277773)|VARIABLE_SCOPE_BEGIN|[7]|pEstmtCvrgeDaysObj|Estimated_Coverage_Days__c|true|false
08:17:54.0 (64286969)|VARIABLE_ASSIGNMENT|[7]|pEstmtCvrgeDaysObj|{}|0x4caf2628
08:17:54.0 (64308041)|SYSTEM_MODE_ENTER|false
08:17:54.0 (64314410)|HEAP_ALLOCATE|[13]|Bytes:5
08:17:54.0 (64318471)|STATEMENT_EXECUTE|[12]
08:17:54.0 (64319853)|STATEMENT_EXECUTE|[13]
08:17:54.0 (64336788)|METHOD_ENTRY|[13]|01p0a000004sKzT|PAWValueCalculationService.calculateWraperValues(PAW_New_EditCntrllr.WraperClass, Map<Id,Facility_Program__c>, Map<Id,Insurance_Company_Rate_Adjustment__c>, Map<Id,Insurance_Benefit__c>, Estimated_Coverage_Days__c)
08:17:54.0 (64358073)|VARIABLE_SCOPE_BEGIN|[10]|this|PAWValueCalculationService|true|false
08:17:54.0 (64371732)|VARIABLE_ASSIGNMENT|[10]|this|{}|0x519cdb11
08:17:54.0 (64376662)|VARIABLE_SCOPE_BEGIN|[10]|pWrprObj|PAW_New_EditCntrllr.WraperClass|true|false
08:17:54.0 (64416118)|VARIABLE_ASSIGNMENT|[10]|pWrprObj|{"insrncBnftSelected":"","pawDetailListDisplay (4 more) ...":false,"pyAgrmntWrksht":"0x430802b9","relatedPAWDetailsLis (1 more) ...":"0x1431361d","targetEDR":0.00,"totalAppliedDeductib (2 more) ...":0.00,"totalCoInsurance":0.00,"totalCoPayAmt":0.00,"totalInsCoResp":0.00,"totalInsEIVAmt":0.00,"totalRowCount":0,"totalTalbottDay":0.00}|0x4dc8ef9b
08:17:54.0 (64426892)|VARIABLE_SCOPE_BEGIN|[10]|pFcltyPrgmMap|Map<Id,Facility_Program__c>|true|false
08:17:54.0 (64433228)|VARIABLE_ASSIGNMENT|[10]|pFcltyPrgmMap|null|
08:17:54.0 (64436632)|VARIABLE_SCOPE_BEGIN|[10]|pCmpnyRateAdjstmntMap|Map<Id,Insurance_Company_Rate_Adjustment__c>|true|false
08:17:54.0 (64442379)|VARIABLE_ASSIGNMENT|[10]|pCmpnyRateAdjstmntMap|null|
08:17:54.0 (64445782)|VARIABLE_SCOPE_BEGIN|[10]|pInsrncBnftMap|Map<Id,Insurance_Benefit__c>|true|false
08:17:54.0 (64453958)|VARIABLE_ASSIGNMENT|[10]|pInsrncBnftMap|{}|0x75134ffa
08:17:54.0 (64459133)|VARIABLE_SCOPE_BEGIN|[10]|pEstmtCvrgeDaysObj|Estimated_Coverage_Days__c|true|false
08:17:54.0 (64465885)|VARIABLE_ASSIGNMENT|[10]|pEstmtCvrgeDaysObj|{}|0x4caf2628
08:17:54.0 (64472076)|STATEMENT_EXECUTE|[14]
08:17:54.0 (64473356)|STATEMENT_EXECUTE|[16]
08:17:54.0 (64526610)|VARIABLE_ASSIGNMENT|[EXTERNAL]|this|{"insrncBnftSelected":"","pawDetailListDisplay (4 more) ...":false,"pyAgrmntWrksht":"0x430802b9","relatedPAWDetailsLis (1 more) ...":"0x1431361d","targetEDR":0.00,"totalAppliedDeductib (2 more) ...":0.00,"totalCoInsurance":0.00,"totalCoPayAmt":0.00,"totalInsCoResp":0.00,"totalInsEIVAmt":0.00,"totalRowCount":0,"totalTalbottDay":0.00}|0x4dc8ef9b
08:17:54.0 (64621024)|VARIABLE_ASSIGNMENT|[16]|this.Rate_Adjustment_Type__c|null|0x430802b9
08:17:54.0 (64689162)|VARIABLE_ASSIGNMENT|[EXTERNAL]|this|{"insrncBnftSelected":"","pawDetailListDisplay (4 more) ...":false,"pyAgrmntWrksht":"0x430802b9","relatedPAWDetailsLis (1 more) ...":"0x1431361d","targetEDR":0.00,"totalAppliedDeductib (2 more) ...":0.00,"totalCoInsurance":0.00,"totalCoPayAmt":0.00,"totalInsCoResp":0.00,"totalInsEIVAmt":0.00,"totalRowCount":0,"totalTalbottDay":0.00}|0x4dc8ef9b
08:17:54.0 (64707397)|STATEMENT_EXECUTE|[17]
08:17:54.0 (64708906)|STATEMENT_EXECUTE|[24]
08:17:54.0 (64755513)|VARIABLE_ASSIGNMENT|[EXTERNAL]|this|{"insrncBnftSelected":"","pawDetailListDisplay (4 more) ...":false,"pyAgrmntWrksht":"0x430802b9","relatedPAWDetailsLis (1 more) ...":"0x1431361d","targetEDR":0.00,"totalAppliedDeductib (2 more) ...":0.00,"totalCoInsurance":0.00,"totalCoPayAmt":0.00,"totalInsCoResp":0.00,"totalInsEIVAmt":0.00,"totalRowCount":0,"totalTalbottDay":0.00}|0x4dc8ef9b
08:17:54.0 (64801895)|VARIABLE_ASSIGNMENT|[EXTERNAL]|this|{"insrncBnftSelected":"","pawDetailListDisplay (4 more) ...":false,"pyAgrmntWrksht":"0x430802b9","relatedPAWDetailsLis (1 more) ...":"0x1431361d","targetEDR":0.00,"totalAppliedDeductib (2 more) ...":0.00,"totalCoInsurance":0.00,"totalCoPayAmt":0.00,"totalInsCoResp":0.00,"totalInsEIVAmt":0.00,"totalRowCount":0,"totalTalbottDay":0.00}|0x4dc8ef9b
08:17:54.0 (64871754)|HEAP_ALLOCATE|[25]|Bytes:4
08:17:54.0 (65041246)|VARIABLE_ASSIGNMENT|[EXTERNAL]|this|{"insrncBnftSelected":"","pawDetailListDisplay (4 more) ...":false,"pyAgrmntWrksht":"0x430802b9","relatedPAWDetailsLis (1 more) ...":"0x1431361d","targetEDR":0.00,"totalAppliedDeductib (2 more) ...":0.00,"totalCoInsurance":0.00,"totalCoPayAmt":0.00,"totalInsCoResp":0.00,"totalInsEIVAmt":0.00,"totalRowCount":0,"totalTalbottDay":0.00}|0x4dc8ef9b
08:17:54.0 (65065718)|VARIABLE_ASSIGNMENT|[EXTERNAL]|value|{}|0x3962bacd
08:17:54.0 (65078857)|VARIABLE_ASSIGNMENT|[525]|this.insrncBnft|{}|0x4dc8ef9b
08:17:54.0 (65087974)|STATEMENT_EXECUTE|[26]
08:17:54.0 (65157352)|VARIABLE_ASSIGNMENT|[EXTERNAL]|this|{"insrncBnft":"0x3962bacd","insrncBnftSelected":"","pawDetailListDisplay (4 more) ...":false,"pyAgrmntWrksht":"0x430802b9","relatedPAWDetailsLis (1 more) ...":"0x1431361d","targetEDR":0.00,"totalAppliedDeductib (2 more) ...":0.00,"totalCoInsurance":0.00,"totalCoPayAmt":0.00,"totalInsCoResp":0.00,"totalInsEIVAmt":0.00,"totalRowCount":0,"totalTalbottDay":0.00}|0x4dc8ef9b
08:17:54.0 (65170672)|VARIABLE_ASSIGNMENT|[EXTERNAL]|value|0
08:17:54.0 (65176915)|HEAP_ALLOCATE|[530]|Bytes:4
08:17:54.0 (65184903)|VARIABLE_ASSIGNMENT|[530]|this.totalRowCount|0|0x4dc8ef9b
08:17:54.0 (65192814)|STATEMENT_EXECUTE|[27]
08:17:54.0 (65232824)|HEAP_ALLOCATE|[27]|Bytes:28
08:17:54.0 (65236984)|HEAP_ALLOCATE|[27]|Bytes:28
08:17:54.0 (65314649)|VARIABLE_ASSIGNMENT|[EXTERNAL]|this|{"insrncBnft":"0x3962bacd","insrncBnftSelected":"","pawDetailListDisplay (4 more) ...":false,"pyAgrmntWrksht":"0x430802b9","relatedPAWDetailsLis (1 more) ...":"0x1431361d","targetEDR":0.00,"totalAppliedDeductib (2 more) ...":0.00,"totalCoInsurance":0.00,"totalCoPayAmt":0.00,"totalInsCoResp":0.00,"totalInsEIVAmt":0.00,"totalRowCount":0,"totalTalbottDay":0.00}|0x4dc8ef9b
08:17:54.0 (65329717)|VARIABLE_ASSIGNMENT|[EXTERNAL]|value|0
08:17:54.0 (65339905)|VARIABLE_ASSIGNMENT|[531]|this.totalTalbottDay|0|0x4dc8ef9b
08:17:54.0 (65349046)|STATEMENT_EXECUTE|[28]
08:17:54.0 (65350361)|STATEMENT_EXECUTE|[29]
08:17:54.0 (65419547)|VARIABLE_ASSIGNMENT|[EXTERNAL]|this|{"insrncBnft":"0x3962bacd","insrncBnftSelected":"","pawDetailListDisplay (4 more) ...":false,"pyAgrmntWrksht":"0x430802b9","relatedPAWDetailsLis (1 more) ...":"0x1431361d","targetEDR":0.00,"totalAppliedDeductib (2 more) ...":0.00,"totalCoInsurance":0.00,"totalCoPayAmt":0.00,"totalInsCoResp":0.00,"totalInsEIVAmt":0.00,"totalRowCount":0,"totalTalbottDay":0}|0x4dc8ef9b
08:17:54.0 (65445398)|HEAP_ALLOCATE|[29]|Bytes:28
08:17:54.0 (65449153)|HEAP_ALLOCATE|[29]|Bytes:28
08:17:54.0 (65543091)|VARIABLE_ASSIGNMENT|[EXTERNAL]|this|{"insrncBnft":"0x3962bacd","insrncBnftSelected":"","pawDetailListDisplay (4 more) ...":false,"pyAgrmntWrksht":"0x430802b9","relatedPAWDetailsLis (1 more) ...":"0x1431361d","targetEDR":0.00,"totalAppliedDeductib (2 more) ...":0.00,"totalCoInsurance":0.00,"totalCoPayAmt":0.00,"totalInsCoResp":0.00,"totalInsEIVAmt":0.00,"totalRowCount":0,"totalTalbottDay":0}|0x4dc8ef9b
08:17:54.0 (65557822)|VARIABLE_ASSIGNMENT|[EXTERNAL]|value|0
08:17:54.0 (65562915)|HEAP_ALLOCATE|[530]|Bytes:4
08:17:54.0 (65569944)|VARIABLE_ASSIGNMENT|[530]|this.totalRowCount|0|0x4dc8ef9b
08:17:54.0 (65578064)|STATEMENT_EXECUTE|[31]
08:17:54.0 (65623175)|VARIABLE_ASSIGNMENT|[EXTERNAL]|this|{"insrncBnft":"0x3962bacd","insrncBnftSelected":"","pawDetailListDisplay (4 more) ...":false,"pyAgrmntWrksht":"0x430802b9","relatedPAWDetailsLis (1 more) ...":"0x1431361d","targetEDR":0.00,"totalAppliedDeductib (2 more) ...":0.00,"totalCoInsurance":0.00,"totalCoPayAmt":0.00,"totalInsCoResp":0.00,"totalInsEIVAmt":0.00,"totalRowCount":0,"totalTalbottDay":0}|0x4dc8ef9b
08:17:54.0 (65642049)|HEAP_ALLOCATE|[31]|Bytes:28
08:17:54.0 (65645528)|HEAP_ALLOCATE|[31]|Bytes:28
08:17:54.0 (65717341)|VARIABLE_ASSIGNMENT|[EXTERNAL]|this|{"insrncBnft":"0x3962bacd","insrncBnftSelected":"","pawDetailListDisplay (4 more) ...":false,"pyAgrmntWrksht":"0x430802b9","relatedPAWDetailsLis (1 more) ...":"0x1431361d","targetEDR":0.00,"totalAppliedDeductib (2 more) ...":0.00,"totalCoInsurance":0.00,"totalCoPayAmt":0.00,"totalInsCoResp":0.00,"totalInsEIVAmt":0.00,"totalRowCount":0,"totalTalbottDay":0}|0x4dc8ef9b
08:17:54.0 (65728654)|VARIABLE_ASSIGNMENT|[EXTERNAL]|value|0
08:17:54.0 (65732922)|HEAP_ALLOCATE|[530]|Bytes:4
08:17:54.0 (65739328)|VARIABLE_ASSIGNMENT|[530]|this.totalRowCount|0|0x4dc8ef9b
08:17:54.0 (65746428)|STATEMENT_EXECUTE|[33]
08:17:54.0 (65788546)|VARIABLE_ASSIGNMENT|[EXTERNAL]|this|{"insrncBnft":"0x3962bacd","insrncBnftSelected":"","pawDetailListDisplay (4 more) ...":false,"pyAgrmntWrksht":"0x430802b9","relatedPAWDetailsLis (1 more) ...":"0x1431361d","targetEDR":0.00,"totalAppliedDeductib (2 more) ...":0.00,"totalCoInsurance":0.00,"totalCoPayAmt":0.00,"totalInsCoResp":0.00,"totalInsEIVAmt":0.00,"totalRowCount":0,"totalTalbottDay":0}|0x4dc8ef9b
08:17:54.0 (65809605)|HEAP_ALLOCATE|[33]|Bytes:28
08:17:54.0 (65813125)|HEAP_ALLOCATE|[33]|Bytes:28
08:17:54.0 (65876821)|VARIABLE_ASSIGNMENT|[EXTERNAL]|this|{"insrncBnft":"0x3962bacd","insrncBnftSelected":"","pawDetailListDisplay (4 more) ...":false,"pyAgrmntWrksht":"0x430802b9","relatedPAWDetailsLis (1 more) ...":"0x1431361d","targetEDR":0.00,"totalAppliedDeductib (2 more) ...":0.00,"totalCoInsurance":0.00,"totalCoPayAmt":0.00,"totalInsCoResp":0.00,"totalInsEIVAmt":0.00,"totalRowCount":0,"totalTalbottDay":0}|0x4dc8ef9b
08:17:54.0 (65887365)|VARIABLE_ASSIGNMENT|[EXTERNAL]|value|0
08:17:54.0 (65891411)|HEAP_ALLOCATE|[530]|Bytes:4
08:17:54.0 (65897358)|VARIABLE_ASSIGNMENT|[530]|this.totalRowCount|0|0x4dc8ef9b
08:17:54.0 (65904322)|STATEMENT_EXECUTE|[35]
08:17:54.0 (65949587)|VARIABLE_ASSIGNMENT|[EXTERNAL]|this|{"insrncBnft":"0x3962bacd","insrncBnftSelected":"","pawDetailListDisplay (4 more) ...":false,"pyAgrmntWrksht":"0x430802b9","relatedPAWDetailsLis (1 more) ...":"0x1431361d","targetEDR":0.00,"totalAppliedDeductib (2 more) ...":0.00,"totalCoInsurance":0.00,"totalCoPayAmt":0.00,"totalInsCoResp":0.00,"totalInsEIVAmt":0.00,"totalRowCount":0,"totalTalbottDay":0}|0x4dc8ef9b
08:17:54.0 (65972094)|HEAP_ALLOCATE|[35]|Bytes:28
08:17:54.0 (65975598)|HEAP_ALLOCATE|[35]|Bytes:28
08:17:54.0 (66042453)|VARIABLE_ASSIGNMENT|[EXTERNAL]|this|{"insrncBnft":"0x3962bacd","insrncBnftSelected":"","pawDetailListDisplay (4 more) ...":false,"pyAgrmntWrksht":"0x430802b9","relatedPAWDetailsLis (1 more) ...":"0x1431361d","targetEDR":0.00,"totalAppliedDeductib (2 more) ...":0.00,"totalCoInsurance":0.00,"totalCoPayAmt":0.00,"totalInsCoResp":0.00,"totalInsEIVAmt":0.00,"totalRowCount":0,"totalTalbottDay":0}|0x4dc8ef9b
08:17:54.0 (66053852)|VARIABLE_ASSIGNMENT|[EXTERNAL]|value|0
08:17:54.0 (66058485)|HEAP_ALLOCATE|[530]|Bytes:4
08:17:54.0 (66064746)|VARIABLE_ASSIGNMENT|[530]|this.totalRowCount|0|0x4dc8ef9b
08:17:54.0 (66071670)|STATEMENT_EXECUTE|[40]
08:17:54.0 (66137769)|VARIABLE_ASSIGNMENT|[EXTERNAL]|this|{"insrncBnft":"0x3962bacd","insrncBnftSelected":"","pawDetailListDisplay (4 more) ...":false,"pyAgrmntWrksht":"0x430802b9","relatedPAWDetailsLis (1 more) ...":"0x1431361d","targetEDR":0.00,"totalAppliedDeductib (2 more) ...":0.00,"totalCoInsurance":0.00,"totalCoPayAmt":0.00,"totalInsCoResp":0.00,"totalInsEIVAmt":0.00,"totalRowCount":0,"totalTalbottDay":0}|0x4dc8ef9b
08:17:54.0 (66224498)|VARIABLE_ASSIGNMENT|[EXTERNAL]|this|{"insrncBnft":"0x3962bacd","insrncBnftSelected":"","pawDetailListDisplay (4 more) ...":false,"pyAgrmntWrksht":"0x430802b9","relatedPAWDetailsLis (1 more) ...":"0x1431361d","targetEDR":0.00,"totalAppliedDeductib (2 more) ...":0.00,"totalCoInsurance":0.00,"totalCoPayAmt":0.00,"totalInsCoResp":0.00,"totalInsEIVAmt":0.00,"totalRowCount":0,"totalTalbottDay":0}|0x4dc8ef9b
08:17:54.0 (66279791)|HEAP_ALLOCATE|[40]|Bytes:28
08:17:54.0 (66286063)|HEAP_ALLOCATE|[40]|Bytes:28
08:17:54.0 (66346280)|VARIABLE_ASSIGNMENT|[EXTERNAL]|this|{"insrncBnft":"0x3962bacd","insrncBnftSelected":"","pawDetailListDisplay (4 more) ...":false,"pyAgrmntWrksht":"0x430802b9","relatedPAWDetailsLis (1 more) ...":"0x1431361d","targetEDR":0.00,"totalAppliedDeductib (2 more) ...":0.00,"totalCoInsurance":0.00,"totalCoPayAmt":0.00,"totalInsCoResp":0.00,"totalInsEIVAmt":0.00,"totalRowCount":0,"totalTalbottDay":0}|0x4dc8ef9b
08:17:54.0 (66358438)|VARIABLE_ASSIGNMENT|[EXTERNAL]|value|0
08:17:54.0 (66368277)|VARIABLE_ASSIGNMENT|[531]|this.totalTalbottDay|0|0x4dc8ef9b
08:17:54.0 (66380145)|STATEMENT_EXECUTE|[43]
08:17:54.0 (66441254)|VARIABLE_ASSIGNMENT|[EXTERNAL]|this|{"insrncBnft":"0x3962bacd","insrncBnftSelected":"","pawDetailListDisplay (4 more) ...":false,"pyAgrmntWrksht":"0x430802b9","relatedPAWDetailsLis (1 more) ...":"0x1431361d","targetEDR":0.00,"totalAppliedDeductib (2 more) ...":0.00,"totalCoInsurance":0.00,"totalCoPayAmt":0.00,"totalInsCoResp":0.00,"totalInsEIVAmt":0.00,"totalRowCount":0,"totalTalbottDay":0}|0x4dc8ef9b
08:17:54.0 (66511692)|VARIABLE_ASSIGNMENT|[EXTERNAL]|this|{"insrncBnft":"0x3962bacd","insrncBnftSelected":"","pawDetailListDisplay (4 more) ...":false,"pyAgrmntWrksht":"0x430802b9","relatedPAWDetailsLis (1 more) ...":"0x1431361d","targetEDR":0.00,"totalAppliedDeductib (2 more) ...":0.00,"totalCoInsurance":0.00,"totalCoPayAmt":0.00,"totalInsCoResp":0.00,"totalInsEIVAmt":0.00,"totalRowCount":0,"totalTalbottDay":0}|0x4dc8ef9b
08:17:54.0 (66552760)|HEAP_ALLOCATE|[43]|Bytes:28
08:17:54.0 (66557735)|HEAP_ALLOCATE|[43]|Bytes:28
08:17:54.0 (66618723)|VARIABLE_ASSIGNMENT|[EXTERNAL]|this|{"insrncBnft":"0x3962bacd","insrncBnftSelected":"","pawDetailListDisplay (4 more) ...":false,"pyAgrmntWrksht":"0x430802b9","relatedPAWDetailsLis (1 more) ...":"0x1431361d","targetEDR":0.00,"totalAppliedDeductib (2 more) ...":0.00,"totalCoInsurance":0.00,"totalCoPayAmt":0.00,"totalInsCoResp":0.00,"totalInsEIVAmt":0.00,"totalRowCount":0,"totalTalbottDay":0}|0x4dc8ef9b
08:17:54.0 (66634900)|VARIABLE_ASSIGNMENT|[EXTERNAL]|value|0
08:17:54.0 (66644301)|VARIABLE_ASSIGNMENT|[531]|this.totalTalbottDay|0|0x4dc8ef9b
08:17:54.0 (66651973)|STATEMENT_EXECUTE|[47]
08:17:54.0 (66662868)|HEAP_ALLOCATE|[47]|Bytes:28
08:17:54.0 (66666389)|HEAP_ALLOCATE|[47]|Bytes:28
08:17:54.0 (66718096)|VARIABLE_ASSIGNMENT|[EXTERNAL]|this|{"insrncBnft":"0x3962bacd","insrncBnftSelected":"","pawDetailListDisplay (4 more) ...":false,"pyAgrmntWrksht":"0x430802b9","relatedPAWDetailsLis (1 more) ...":"0x1431361d","targetEDR":0.00,"totalAppliedDeductib (2 more) ...":0.00,"totalCoInsurance":0.00,"totalCoPayAmt":0.00,"totalInsCoResp":0.00,"totalInsEIVAmt":0.00,"totalRowCount":0,"totalTalbottDay":0}|0x4dc8ef9b
08:17:54.0 (66781377)|VARIABLE_ASSIGNMENT|[47]|this.Num_Days_Detox_DTX__c|0|0x430802b9
08:17:54.0 (66787789)|STATEMENT_EXECUTE|[48]
08:17:54.0 (66837157)|VARIABLE_ASSIGNMENT|[EXTERNAL]|this|{"insrncBnft":"0x3962bacd","insrncBnftSelected":"","pawDetailListDisplay (4 more) ...":false,"pyAgrmntWrksht":"0x430802b9","relatedPAWDetailsLis (1 more) ...":"0x1431361d","targetEDR":0.00,"totalAppliedDeductib (2 more) ...":0.00,"totalCoInsurance":0.00,"totalCoPayAmt":0.00,"totalInsCoResp":0.00,"totalInsEIVAmt":0.00,"totalRowCount":0,"totalTalbottDay":0}|0x4dc8ef9b
08:17:54.0 (66853508)|HEAP_ALLOCATE|[48]|Bytes:4
08:17:54.0 (66867205)|HEAP_ALLOCATE|[48]|Bytes:28
08:17:54.0 (66905403)|VARIABLE_ASSIGNMENT|[EXTERNAL]|this|{"insrncBnft":"0x3962bacd","insrncBnftSelected":"","pawDetailListDisplay (4 more) ...":false,"pyAgrmntWrksht":"0x430802b9","relatedPAWDetailsLis (1 more) ...":"0x1431361d","targetEDR":0.00,"totalAppliedDeductib (2 more) ...":0.00,"totalCoInsurance":0.00,"totalCoPayAmt":0.00,"totalInsCoResp":0.00,"totalInsEIVAmt":0.00,"totalRowCount":0,"totalTalbottDay":0}|0x4dc8ef9b
08:17:54.0 (66955022)|VARIABLE_ASSIGNMENT|[48]|this.Detox_Over__c|0.00|0x430802b9
08:17:54.0 (66961549)|STATEMENT_EXECUTE|[49]
08:17:54.0 (67009416)|VARIABLE_ASSIGNMENT|[EXTERNAL]|this|{"insrncBnft":"0x3962bacd","insrncBnftSelected":"","pawDetailListDisplay (4 more) ...":false,"pyAgrmntWrksht":"0x430802b9","relatedPAWDetailsLis (1 more) ...":"0x1431361d","targetEDR":0.00,"totalAppliedDeductib (2 more) ...":0.00,"totalCoInsurance":0.00,"totalCoPayAmt":0.00,"totalInsCoResp":0.00,"totalInsEIVAmt":0.00,"totalRowCount":0,"totalTalbottDay":0}|0x4dc8ef9b
08:17:54.0 (67030520)|HEAP_ALLOCATE|[49]|Bytes:28
08:17:54.0 (67073811)|VARIABLE_ASSIGNMENT|[EXTERNAL]|this|{"insrncBnft":"0x3962bacd","insrncBnftSelected":"","pawDetailListDisplay (4 more) ...":false,"pyAgrmntWrksht":"0x430802b9","relatedPAWDetailsLis (1 more) ...":"0x1431361d","targetEDR":0.00,"totalAppliedDeductib (2 more) ...":0.00,"totalCoInsurance":0.00,"totalCoPayAmt":0.00,"totalInsCoResp":0.00,"totalInsEIVAmt":0.00,"totalRowCount":0,"totalTalbottDay":0}|0x4dc8ef9b
08:17:54.0 (67135034)|VARIABLE_ASSIGNMENT|[49]|this.Detox_Pays_at__c|0.00|0x430802b9
08:17:54.0 (67141993)|STATEMENT_EXECUTE|[51]
08:17:54.0 (67157668)|HEAP_ALLOCATE|[51]|Bytes:28
08:17:54.0 (67163465)|HEAP_ALLOCATE|[51]|Bytes:28
08:17:54.0 (67228605)|VARIABLE_ASSIGNMENT|[EXTERNAL]|this|{"insrncBnft":"0x3962bacd","insrncBnftSelected":"","pawDetailListDisplay (4 more) ...":false,"pyAgrmntWrksht":"0x430802b9","relatedPAWDetailsLis (1 more) ...":"0x1431361d","targetEDR":0.00,"totalAppliedDeductib (2 more) ...":0.00,"totalCoInsurance":0.00,"totalCoPayAmt":0.00,"totalInsCoResp":0.00,"totalInsEIVAmt":0.00,"totalRowCount":0,"totalTalbottDay":0}|0x4dc8ef9b
08:17:54.0 (67281185)|VARIABLE_ASSIGNMENT|[51]|this.Num_Days_Residential_Treatment_RTC__c|0|0x430802b9
08:17:54.0 (67287719)|STATEMENT_EXECUTE|[52]
08:17:54.0 (67335961)|VARIABLE_ASSIGNMENT|[EXTERNAL]|this|{"insrncBnft":"0x3962bacd","insrncBnftSelected":"","pawDetailListDisplay (4 more) ...":false,"pyAgrmntWrksht":"0x430802b9","relatedPAWDetailsLis (1 more) ...":"0x1431361d","targetEDR":0.00,"totalAppliedDeductib (2 more) ...":0.00,"totalCoInsurance":0.00,"totalCoPayAmt":0.00,"totalInsCoResp":0.00,"totalInsEIVAmt":0.00,"totalRowCount":0,"totalTalbottDay":0}|0x4dc8ef9b
08:17:54.0 (67357093)|HEAP_ALLOCATE|[52]|Bytes:28
08:17:54.0 (67395132)|VARIABLE_ASSIGNMENT|[EXTERNAL]|this|{"insrncBnft":"0x3962bacd","insrncBnftSelected":"","pawDetailListDisplay (4 more) ...":false,"pyAgrmntWrksht":"0x430802b9","relatedPAWDetailsLis (1 more) ...":"0x1431361d","targetEDR":0.00,"totalAppliedDeductib (2 more) ...":0.00,"totalCoInsurance":0.00,"totalCoPayAmt":0.00,"totalInsCoResp":0.00,"totalInsEIVAmt":0.00,"totalRowCount":0,"totalTalbottDay":0}|0x4dc8ef9b
08:17:54.0 (67437640)|VARIABLE_ASSIGNMENT|[52]|this.Residential_Treatment_Override__c|0.00|0x430802b9
08:17:54.0 (67444008)|STATEMENT_EXECUTE|[53]
08:17:54.0 (67490623)|VARIABLE_ASSIGNMENT|[EXTERNAL]|this|{"insrncBnft":"0x3962bacd","insrncBnftSelected":"","pawDetailListDisplay (4 more) ...":false,"pyAgrmntWrksht":"0x430802b9","relatedPAWDetailsLis (1 more) ...":"0x1431361d","targetEDR":0.00,"totalAppliedDeductib (2 more) ...":0.00,"totalCoInsurance":0.00,"totalCoPayAmt":0.00,"totalInsCoResp":0.00,"totalInsEIVAmt":0.00,"totalRowCount":0,"totalTalbottDay":0}|0x4dc8ef9b
08:17:54.0 (67509673)|HEAP_ALLOCATE|[53]|Bytes:28
08:17:54.0 (67546881)|VARIABLE_ASSIGNMENT|[EXTERNAL]|this|{"insrncBnft":"0x3962bacd","insrncBnftSelected":"","pawDetailListDisplay (4 more) ...":false,"pyAgrmntWrksht":"0x430802b9","relatedPAWDetailsLis (1 more) ...":"0x1431361d","targetEDR":0.00,"totalAppliedDeductib (2 more) ...":0.00,"totalCoInsurance":0.00,"totalCoPayAmt":0.00,"totalInsCoResp":0.00,"totalInsEIVAmt":0.00,"totalRowCount":0,"totalTalbottDay":0}|0x4dc8ef9b
08:17:54.0 (67603177)|VARIABLE_ASSIGNMENT|[53]|this.RTC_Pays_at__c|0.00|0x430802b9
08:17:54.0 (67610218)|STATEMENT_EXECUTE|[55]
08:17:54.0 (67623570)|HEAP_ALLOCATE|[55]|Bytes:28
08:17:54.0 (67626660)|HEAP_ALLOCATE|[55]|Bytes:28
08:17:54.0 (67700423)|VARIABLE_ASSIGNMENT|[EXTERNAL]|this|{"insrncBnft":"0x3962bacd","insrncBnftSelected":"","pawDetailListDisplay (4 more) ...":false,"pyAgrmntWrksht":"0x430802b9","relatedPAWDetailsLis (1 more) ...":"0x1431361d","targetEDR":0.00,"totalAppliedDeductib (2 more) ...":0.00,"totalCoInsurance":0.00,"totalCoPayAmt":0.00,"totalInsCoResp":0.00,"totalInsEIVAmt":0.00,"totalRowCount":0,"totalTalbottDay":0}|0x4dc8ef9b
08:17:54.0 (67753602)|VARIABLE_ASSIGNMENT|[55]|this.Num_Days_Partial_Hospitalization_PHP__c|0|0x430802b9
08:17:54.0 (67760199)|STATEMENT_EXECUTE|[56]
08:17:54.0 (67812222)|VARIABLE_ASSIGNMENT|[EXTERNAL]|this|{"insrncBnft":"0x3962bacd","insrncBnftSelected":"","pawDetailListDisplay (4 more) ...":false,"pyAgrmntWrksht":"0x430802b9","relatedPAWDetailsLis (1 more) ...":"0x1431361d","targetEDR":0.00,"totalAppliedDeductib (2 more) ...":0.00,"totalCoInsurance":0.00,"totalCoPayAmt":0.00,"totalInsCoResp":0.00,"totalInsEIVAmt":0.00,"totalRowCount":0,"totalTalbottDay":0}|0x4dc8ef9b
08:17:54.0 (67837553)|HEAP_ALLOCATE|[56]|Bytes:28
08:17:54.0 (67890652)|VARIABLE_ASSIGNMENT|[EXTERNAL]|this|{"insrncBnft":"0x3962bacd","insrncBnftSelected":"","pawDetailListDisplay (4 more) ...":false,"pyAgrmntWrksht":"0x430802b9","relatedPAWDetailsLis (1 more) ...":"0x1431361d","targetEDR":0.00,"totalAppliedDeductib (2 more) ...":0.00,"totalCoInsurance":0.00,"totalCoPayAmt":0.00,"totalInsCoResp":0.00,"totalInsEIVAmt":0.00,"totalRowCount":0,"totalTalbottDay":0}|0x4dc8ef9b
08:17:54.0 (67952386)|VARIABLE_ASSIGNMENT|[56]|this.Partial_Hospitalization_Override__c|0.00|0x430802b9
08:17:54.0 (67963513)|STATEMENT_EXECUTE|[57]
08:17:54.0 (68016488)|VARIABLE_ASSIGNMENT|[EXTERNAL]|this|{"insrncBnft":"0x3962bacd","insrncBnftSelected":"","pawDetailListDisplay (4 more) ...":false,"pyAgrmntWrksht":"0x430802b9","relatedPAWDetailsLis (1 more) ...":"0x1431361d","targetEDR":0.00,"totalAppliedDeductib (2 more) ...":0.00,"totalCoInsurance":0.00,"totalCoPayAmt":0.00,"totalInsCoResp":0.00,"totalInsEIVAmt":0.00,"totalRowCount":0,"totalTalbottDay":0}|0x4dc8ef9b
08:17:54.0 (68038597)|HEAP_ALLOCATE|[57]|Bytes:28
08:17:54.0 (68076449)|VARIABLE_ASSIGNMENT|[EXTERNAL]|this|{"insrncBnft":"0x3962bacd","insrncBnftSelected":"","pawDetailListDisplay (4 more) ...":false,"pyAgrmntWrksht":"0x430802b9","relatedPAWDetailsLis (1 more) ...":"0x1431361d","targetEDR":0.00,"totalAppliedDeductib (2 more) ...":0.00,"totalCoInsurance":0.00,"totalCoPayAmt":0.00,"totalInsCoResp":0.00,"totalInsEIVAmt":0.00,"totalRowCount":0,"totalTalbottDay":0}|0x4dc8ef9b
08:17:54.0 (68123113)|VARIABLE_ASSIGNMENT|[57]|this.PHP_Pays_at__c|0.00|0x430802b9
08:17:54.0 (68129615)|STATEMENT_EXECUTE|[59]
08:17:54.0 (68141718)|HEAP_ALLOCATE|[59]|Bytes:28
08:17:54.0 (68145488)|HEAP_ALLOCATE|[59]|Bytes:28
08:17:54.0 (68195301)|VARIABLE_ASSIGNMENT|[EXTERNAL]|this|{"insrncBnft":"0x3962bacd","insrncBnftSelected":"","pawDetailListDisplay (4 more) ...":false,"pyAgrmntWrksht":"0x430802b9","relatedPAWDetailsLis (1 more) ...":"0x1431361d","targetEDR":0.00,"totalAppliedDeductib (2 more) ...":0.00,"totalCoInsurance":0.00,"totalCoPayAmt":0.00,"totalInsCoResp":0.00,"totalInsEIVAmt":0.00,"totalRowCount":0,"totalTalbottDay":0}|0x4dc8ef9b
08:17:54.0 (68242350)|VARIABLE_ASSIGNMENT|[59]|this.Num_Days_Intensive_Outpatient_IOP__c|0|0x430802b9
08:17:54.0 (68248532)|STATEMENT_EXECUTE|[60]
08:17:54.0 (68301568)|VARIABLE_ASSIGNMENT|[EXTERNAL]|this|{"insrncBnft":"0x3962bacd","insrncBnftSelected":"","pawDetailListDisplay (4 more) ...":false,"pyAgrmntWrksht":"0x430802b9","relatedPAWDetailsLis (1 more) ...":"0x1431361d","targetEDR":0.00,"totalAppliedDeductib (2 more) ...":0.00,"totalCoInsurance":0.00,"totalCoPayAmt":0.00,"totalInsCoResp":0.00,"totalInsEIVAmt":0.00,"totalRowCount":0,"totalTalbottDay":0}|0x4dc8ef9b
08:17:54.0 (68322479)|HEAP_ALLOCATE|[60]|Bytes:28
08:17:54.0 (68361216)|VARIABLE_ASSIGNMENT|[EXTERNAL]|this|{"insrncBnft":"0x3962bacd","insrncBnftSelected":"","pawDetailListDisplay (4 more) ...":false,"pyAgrmntWrksht":"0x430802b9","relatedPAWDetailsLis (1 more) ...":"0x1431361d","targetEDR":0.00,"totalAppliedDeductib (2 more) ...":0.00,"totalCoInsurance":0.00,"totalCoPayAmt":0.00,"totalInsCoResp":0.00,"totalInsEIVAmt":0.00,"totalRowCount":0,"totalTalbottDay":0}|0x4dc8ef9b
08:17:54.0 (68404851)|VARIABLE_ASSIGNMENT|[60]|this.Intensive_Outpatient_Override__c|0.00|0x430802b9
08:17:54.0 (68411553)|STATEMENT_EXECUTE|[61]
08:17:54.0 (68458185)|VARIABLE_ASSIGNMENT|[EXTERNAL]|this|{"insrncBnft":"0x3962bacd","insrncBnftSelected":"","pawDetailListDisplay (4 more) ...":false,"pyAgrmntWrksht":"0x430802b9","relatedPAWDetailsLis (1 more) ...":"0x1431361d","targetEDR":0.00,"totalAppliedDeductib (2 more) ...":0.00,"totalCoInsurance":0.00,"totalCoPayAmt":0.00,"totalInsCoResp":0.00,"totalInsEIVAmt":0.00,"totalRowCount":0,"totalTalbottDay":0}|0x4dc8ef9b
08:17:54.0 (68477546)|HEAP_ALLOCATE|[61]|Bytes:28
08:17:54.0 (68514783)|VARIABLE_ASSIGNMENT|[EXTERNAL]|this|{"insrncBnft":"0x3962bacd","insrncBnftSelected":"","pawDetailListDisplay (4 more) ...":false,"pyAgrmntWrksht":"0x430802b9","relatedPAWDetailsLis (1 more) ...":"0x1431361d","targetEDR":0.00,"totalAppliedDeductib (2 more) ...":0.00,"totalCoInsurance":0.00,"totalCoPayAmt":0.00,"totalInsCoResp":0.00,"totalInsEIVAmt":0.00,"totalRowCount":0,"totalTalbottDay":0}|0x4dc8ef9b
08:17:54.0 (68556590)|VARIABLE_ASSIGNMENT|[61]|this.IOP_Pays_at__c|0.00|0x430802b9
08:17:54.0 (68562378)|STATEMENT_EXECUTE|[63]
08:17:54.0 (68624257)|VARIABLE_ASSIGNMENT|[EXTERNAL]|this|{"insrncBnft":"0x3962bacd","insrncBnftSelected":"","pawDetailListDisplay (4 more) ...":false,"pyAgrmntWrksht":"0x430802b9","relatedPAWDetailsLis (1 more) ...":"0x1431361d","targetEDR":0.00,"totalAppliedDeductib (2 more) ...":0.00,"totalCoInsurance":0.00,"totalCoPayAmt":0.00,"totalInsCoResp":0.00,"totalInsEIVAmt":0.00,"totalRowCount":0,"totalTalbottDay":0}|0x4dc8ef9b
08:17:54.0 (68649370)|HEAP_ALLOCATE|[63]|Bytes:28
08:17:54.0 (68652928)|HEAP_ALLOCATE|[63]|Bytes:28
08:17:54.0 (68716466)|VARIABLE_ASSIGNMENT|[EXTERNAL]|this|{"insrncBnft":"0x3962bacd","insrncBnftSelected":"","pawDetailListDisplay (4 more) ...":false,"pyAgrmntWrksht":"0x430802b9","relatedPAWDetailsLis (1 more) ...":"0x1431361d","targetEDR":0.00,"totalAppliedDeductib (2 more) ...":0.00,"totalCoInsurance":0.00,"totalCoPayAmt":0.00,"totalInsCoResp":0.00,"totalInsEIVAmt":0.00,"totalRowCount":0,"totalTalbottDay":0}|0x4dc8ef9b
08:17:54.0 (68781098)|VARIABLE_ASSIGNMENT|[63]|this.Num_Days_Uncovered__c|0|0x430802b9
08:17:54.0 (68789388)|STATEMENT_EXECUTE|[64]
08:17:54.0 (68857282)|VARIABLE_ASSIGNMENT|[EXTERNAL]|this|{"insrncBnft":"0x3962bacd","insrncBnftSelected":"","pawDetailListDisplay (4 more) ...":false,"pyAgrmntWrksht":"0x430802b9","relatedPAWDetailsLis (1 more) ...":"0x1431361d","targetEDR":0.00,"totalAppliedDeductib (2 more) ...":0.00,"totalCoInsurance":0.00,"totalCoPayAmt":0.00,"totalInsCoResp":0.00,"totalInsEIVAmt":0.00,"totalRowCount":0,"totalTalbottDay":0}|0x4dc8ef9b
08:17:54.0 (68884143)|HEAP_ALLOCATE|[64]|Bytes:28
08:17:54.0 (68887648)|HEAP_ALLOCATE|[64]|Bytes:28
08:17:54.0 (68930427)|VARIABLE_ASSIGNMENT|[EXTERNAL]|this|{"insrncBnft":"0x3962bacd","insrncBnftSelected":"","pawDetailListDisplay (4 more) ...":false,"pyAgrmntWrksht":"0x430802b9","relatedPAWDetailsLis (1 more) ...":"0x1431361d","targetEDR":0.00,"totalAppliedDeductib (2 more) ...":0.00,"totalCoInsurance":0.00,"totalCoPayAmt":0.00,"totalInsCoResp":0.00,"totalInsEIVAmt":0.00,"totalRowCount":0,"totalTalbottDay":0}|0x4dc8ef9b
08:17:54.0 (68980296)|VARIABLE_ASSIGNMENT|[64]|this.Uncovered_Days_Rate__c|0|0x430802b9
08:17:54.0 (68986898)|STATEMENT_EXECUTE|[65]
08:17:54.0 (69036119)|VARIABLE_ASSIGNMENT|[EXTERNAL]|this|{"insrncBnft":"0x3962bacd","insrncBnftSelected":"","pawDetailListDisplay (4 more) ...":false,"pyAgrmntWrksht":"0x430802b9","relatedPAWDetailsLis (1 more) ...":"0x1431361d","targetEDR":0.00,"totalAppliedDeductib (2 more) ...":0.00,"totalCoInsurance":0.00,"totalCoPayAmt":0.00,"totalInsCoResp":0.00,"totalInsEIVAmt":0.00,"totalRowCount":0,"totalTalbottDay":0}|0x4dc8ef9b
08:17:54.0 (69060215)|HEAP_ALLOCATE|[65]|Bytes:28
08:17:54.0 (69063866)|HEAP_ALLOCATE|[65]|Bytes:28
08:17:54.0 (69101643)|VARIABLE_ASSIGNMENT|[EXTERNAL]|this|{"insrncBnft":"0x3962bacd","insrncBnftSelected":"","pawDetailListDisplay (4 more) ...":false,"pyAgrmntWrksht":"0x430802b9","relatedPAWDetailsLis (1 more) ...":"0x1431361d","targetEDR":0.00,"totalAppliedDeductib (2 more) ...":0.00,"totalCoInsurance":0.00,"totalCoPayAmt":0.00,"totalInsCoResp":0.00,"totalInsEIVAmt":0.00,"totalRowCount":0,"totalTalbottDay":0}|0x4dc8ef9b
08:17:54.0 (69145501)|VARIABLE_ASSIGNMENT|[65]|this.Uncovered_Days_Override__c|0|0x430802b9
08:17:54.0 (69151824)|STATEMENT_EXECUTE|[66]
08:17:54.0 (69205886)|VARIABLE_ASSIGNMENT|[EXTERNAL]|this|{"insrncBnft":"0x3962bacd","insrncBnftSelected":"","pawDetailListDisplay (4 more) ...":false,"pyAgrmntWrksht":"0x430802b9","relatedPAWDetailsLis (1 more) ...":"0x1431361d","targetEDR":0.00,"totalAppliedDeductib (2 more) ...":0.00,"totalCoInsurance":0.00,"totalCoPayAmt":0.00,"totalInsCoResp":0.00,"totalInsEIVAmt":0.00,"totalRowCount":0,"totalTalbottDay":0}|0x4dc8ef9b
08:17:54.0 (69237372)|HEAP_ALLOCATE|[66]|Bytes:28
08:17:54.0 (69241567)|HEAP_ALLOCATE|[66]|Bytes:28
08:17:54.0 (69290690)|VARIABLE_ASSIGNMENT|[EXTERNAL]|this|{"insrncBnft":"0x3962bacd","insrncBnftSelected":"","pawDetailListDisplay (4 more) ...":false,"pyAgrmntWrksht":"0x430802b9","relatedPAWDetailsLis (1 more) ...":"0x1431361d","targetEDR":0.00,"totalAppliedDeductib (2 more) ...":0.00,"totalCoInsurance":0.00,"totalCoPayAmt":0.00,"totalInsCoResp":0.00,"totalInsEIVAmt":0.00,"totalRowCount":0,"totalTalbottDay":0}|0x4dc8ef9b
08:17:54.0 (69351232)|VARIABLE_ASSIGNMENT|[66]|this.Num_Days_Room__c|0|0x430802b9
08:17:54.0 (69358190)|STATEMENT_EXECUTE|[70]
08:17:54.0 (69409502)|VARIABLE_ASSIGNMENT|[EXTERNAL]|this|{"insrncBnft":"0x3962bacd","insrncBnftSelected":"","pawDetailListDisplay (4 more) ...":false,"pyAgrmntWrksht":"0x430802b9","relatedPAWDetailsLis (1 more) ...":"0x1431361d","targetEDR":0.00,"totalAppliedDeductib (2 more) ...":0.00,"totalCoInsurance":0.00,"totalCoPayAmt":0.00,"totalInsCoResp":0.00,"totalInsEIVAmt":0.00,"totalRowCount":0,"totalTalbottDay":0}|0x4dc8ef9b
08:17:54.0 (69431065)|HEAP_ALLOCATE|[70]|Bytes:28
08:17:54.0 (69434553)|HEAP_ALLOCATE|[70]|Bytes:28
08:17:54.0 (69471508)|VARIABLE_ASSIGNMENT|[EXTERNAL]|this|{"insrncBnft":"0x3962bacd","insrncBnftSelected":"","pawDetailListDisplay (4 more) ...":false,"pyAgrmntWrksht":"0x430802b9","relatedPAWDetailsLis (1 more) ...":"0x1431361d","targetEDR":0.00,"totalAppliedDeductib (2 more) ...":0.00,"totalCoInsurance":0.00,"totalCoPayAmt":0.00,"totalInsCoResp":0.00,"totalInsEIVAmt":0.00,"totalRowCount":0,"totalTalbottDay":0}|0x4dc8ef9b
08:17:54.0 (69515966)|VARIABLE_ASSIGNMENT|[70]|this.Room_and_Board_Days_Override__c|0|0x430802b9
08:17:54.0 (69579400)|VARIABLE_ASSIGNMENT|[EXTERNAL]|this|{"insrncBnft":"0x3962bacd","insrncBnftSelected":"","pawDetailListDisplay (4 more) ...":false,"pyAgrmntWrksht":"0x430802b9","relatedPAWDetailsLis (1 more) ...":"0x1431361d","targetEDR":0.00,"totalAppliedDeductib (2 more) ...":0.00,"totalCoInsurance":0.00,"totalCoPayAmt":0.00,"totalInsCoResp":0.00,"totalInsEIVAmt":0.00,"totalRowCount":0,"totalTalbottDay":0}|0x4dc8ef9b
08:17:54.0 (69596367)|STATEMENT_EXECUTE|[71]
08:17:54.0 (69636385)|VARIABLE_ASSIGNMENT|[EXTERNAL]|this|{"insrncBnft":"0x3962bacd","insrncBnftSelected":"","pawDetailListDisplay (4 more) ...":false,"pyAgrmntWrksht":"0x430802b9","relatedPAWDetailsLis (1 more) ...":"0x1431361d","targetEDR":0.00,"totalAppliedDeductib (2 more) ...":0.00,"totalCoInsurance":0.00,"totalCoPayAmt":0.00,"totalInsCoResp":0.00,"totalInsEIVAmt":0.00,"totalRowCount":0,"totalTalbottDay":0}|0x4dc8ef9b
08:17:54.0 (69649979)|STATEMENT_EXECUTE|[77]
08:17:54.0 (69651093)|STATEMENT_EXECUTE|[78]
08:17:54.0 (69693211)|VARIABLE_ASSIGNMENT|[EXTERNAL]|this|{"insrncBnft":"0x3962bacd","insrncBnftSelected":"","pawDetailListDisplay (4 more) ...":false,"pyAgrmntWrksht":"0x430802b9","relatedPAWDetailsLis (1 more) ...":"0x1431361d","targetEDR":0.00,"totalAppliedDeductib (2 more) ...":0.00,"totalCoInsurance":0.00,"totalCoPayAmt":0.00,"totalInsCoResp":0.00,"totalInsEIVAmt":0.00,"totalRowCount":0,"totalTalbottDay":0}|0x4dc8ef9b
08:17:54.0 (69736763)|VARIABLE_ASSIGNMENT|[EXTERNAL]|this|{"insrncBnft":"0x3962bacd","insrncBnftSelected":"","pawDetailListDisplay (4 more) ...":false,"pyAgrmntWrksht":"0x430802b9","relatedPAWDetailsLis (1 more) ...":"0x1431361d","targetEDR":0.00,"totalAppliedDeductib (2 more) ...":0.00,"totalCoInsurance":0.00,"totalCoPayAmt":0.00,"totalInsCoResp":0.00,"totalInsEIVAmt":0.00,"totalRowCount":0,"totalTalbottDay":0}|0x4dc8ef9b
08:17:54.0 (69779833)|VARIABLE_ASSIGNMENT|[78]|this.Uncovered_Charges__c|null|0x430802b9
08:17:54.0 (69786700)|STATEMENT_EXECUTE|[80]
08:17:54.0 (69797714)|HEAP_ALLOCATE|[80]|Bytes:28
08:17:54.0 (69806640)|VARIABLE_SCOPE_BEGIN|[80]|coPayRemaining|Decimal|false|false
08:17:54.0 (69822510)|VARIABLE_ASSIGNMENT|[80]|coPayRemaining|0.00
08:17:54.0 (69829142)|STATEMENT_EXECUTE|[81]
08:17:54.0 (69885883)|VARIABLE_ASSIGNMENT|[EXTERNAL]|this|{"insrncBnft":"0x3962bacd","insrncBnftSelected":"","pawDetailListDisplay (4 more) ...":false,"pyAgrmntWrksht":"0x430802b9","relatedPAWDetailsLis (1 more) ...":"0x1431361d","targetEDR":0.00,"totalAppliedDeductib (2 more) ...":0.00,"totalCoInsurance":0.00,"totalCoPayAmt":0.00,"totalInsCoResp":0.00,"totalInsEIVAmt":0.00,"totalRowCount":0,"totalTalbottDay":0}|0x4dc8ef9b
08:17:54.0 (69938038)|HEAP_ALLOCATE|[81]|Bytes:28
08:17:54.0 (69985638)|VARIABLE_ASSIGNMENT|[EXTERNAL]|this|{"insrncBnft":"0x3962bacd","insrncBnftSelected":"","pawDetailListDisplay (4 more) ...":false,"pyAgrmntWrksht":"0x430802b9","relatedPAWDetailsLis (1 more) ...":"0x1431361d","targetEDR":0.00,"totalAppliedDeductib (2 more) ...":0.00,"totalCoInsurance":0.00,"totalCoPayAmt":0.00,"totalInsCoResp":0.00,"totalInsEIVAmt":0.00,"totalRowCount":0,"totalTalbottDay":0}|0x4dc8ef9b
08:17:54.0 (70005030)|HEAP_ALLOCATE|[81]|Bytes:28
08:17:54.0 (70008767)|HEAP_ALLOCATE|[81]|Bytes:28
08:17:54.0 (70048252)|HEAP_ALLOCATE|[81]|Bytes:28
08:17:54.0 (70052044)|HEAP_ALLOCATE|[81]|Bytes:28
08:17:54.0 (70065664)|VARIABLE_ASSIGNMENT|[81]|coPayRemaining|0
08:17:54.0 (70070159)|STATEMENT_EXECUTE|[82]
08:17:54.0 (70117543)|VARIABLE_ASSIGNMENT|[EXTERNAL]|this|{"insrncBnft":"0x3962bacd","insrncBnftSelected":"","pawDetailListDisplay (4 more) ...":false,"pyAgrmntWrksht":"0x430802b9","relatedPAWDetailsLis (1 more) ...":"0x1431361d","targetEDR":0.00,"totalAppliedDeductib (2 more) ...":0.00,"totalCoInsurance":0.00,"totalCoPayAmt":0.00,"totalInsCoResp":0.00,"totalInsEIVAmt":0.00,"totalRowCount":0,"totalTalbottDay":0}|0x4dc8ef9b
08:17:54.0 (70151663)|HEAP_ALLOCATE|[82]|Bytes:28
08:17:54.0 (70194300)|VARIABLE_ASSIGNMENT|[EXTERNAL]|this|{"insrncBnft":"0x3962bacd","insrncBnftSelected":"","pawDetailListDisplay (4 more) ...":false,"pyAgrmntWrksht":"0x430802b9","relatedPAWDetailsLis (1 more) ...":"0x1431361d","targetEDR":0.00,"totalAppliedDeductib (2 more) ...":0.00,"totalCoInsurance":0.00,"totalCoPayAmt":0.00,"totalInsCoResp":0.00,"totalInsEIVAmt":0.00,"totalRowCount":0,"totalTalbottDay":0}|0x4dc8ef9b
08:17:54.0 (70212827)|HEAP_ALLOCATE|[82]|Bytes:28
08:17:54.0 (70215787)|HEAP_ALLOCATE|[82]|Bytes:28
08:17:54.0 (70233111)|HEAP_ALLOCATE|[82]|Bytes:28
08:17:54.0 (70236237)|HEAP_ALLOCATE|[82]|Bytes:28
08:17:54.0 (70257699)|HEAP_ALLOCATE|[82]|Bytes:28
08:17:54.0 (70260891)|HEAP_ALLOCATE|[82]|Bytes:28
08:17:54.0 (70272065)|VARIABLE_ASSIGNMENT|[82]|coPayRemaining|0
08:17:54.0 (70276251)|STATEMENT_EXECUTE|[83]
08:17:54.0 (70321080)|VARIABLE_ASSIGNMENT|[EXTERNAL]|this|{"insrncBnft":"0x3962bacd","insrncBnftSelected":"","pawDetailListDisplay (4 more) ...":false,"pyAgrmntWrksht":"0x430802b9","relatedPAWDetailsLis (1 more) ...":"0x1431361d","targetEDR":0.00,"totalAppliedDeductib (2 more) ...":0.00,"totalCoInsurance":0.00,"totalCoPayAmt":0.00,"totalInsCoResp":0.00,"totalInsEIVAmt":0.00,"totalRowCount":0,"totalTalbottDay":0}|0x4dc8ef9b
08:17:54.0 (70350762)|HEAP_ALLOCATE|[83]|Bytes:28
08:17:54.0 (70391315)|VARIABLE_ASSIGNMENT|[EXTERNAL]|this|{"insrncBnft":"0x3962bacd","insrncBnftSelected":"","pawDetailListDisplay (4 more) ...":false,"pyAgrmntWrksht":"0x430802b9","relatedPAWDetailsLis (1 more) ...":"0x1431361d","targetEDR":0.00,"totalAppliedDeductib (2 more) ...":0.00,"totalCoInsurance":0.00,"totalCoPayAmt":0.00,"totalInsCoResp":0.00,"totalInsEIVAmt":0.00,"totalRowCount":0,"totalTalbottDay":0}|0x4dc8ef9b
08:17:54.0 (70409123)|HEAP_ALLOCATE|[83]|Bytes:28
08:17:54.0 (70412141)|HEAP_ALLOCATE|[83]|Bytes:28
08:17:54.0 (70427700)|HEAP_ALLOCATE|[83]|Bytes:28
08:17:54.0 (70430710)|HEAP_ALLOCATE|[83]|Bytes:28
08:17:54.0 (70445587)|HEAP_ALLOCATE|[83]|Bytes:28
08:17:54.0 (70448524)|HEAP_ALLOCATE|[83]|Bytes:28
08:17:54.0 (70463718)|VARIABLE_ASSIGNMENT|[83]|coPayRemaining|0
08:17:54.0 (70467811)|STATEMENT_EXECUTE|[84]
08:17:54.0 (70512742)|VARIABLE_ASSIGNMENT|[EXTERNAL]|this|{"insrncBnft":"0x3962bacd","insrncBnftSelected":"","pawDetailListDisplay (4 more) ...":false,"pyAgrmntWrksht":"0x430802b9","relatedPAWDetailsLis (1 more) ...":"0x1431361d","targetEDR":0.00,"totalAppliedDeductib (2 more) ...":0.00,"totalCoInsurance":0.00,"totalCoPayAmt":0.00,"totalInsCoResp":0.00,"totalInsEIVAmt":0.00,"totalRowCount":0,"totalTalbottDay":0}|0x4dc8ef9b
08:17:54.0 (70541708)|HEAP_ALLOCATE|[84]|Bytes:28
08:17:54.0 (70582777)|VARIABLE_ASSIGNMENT|[EXTERNAL]|this|{"insrncBnft":"0x3962bacd","insrncBnftSelected":"","pawDetailListDisplay (4 more) ...":false,"pyAgrmntWrksht":"0x430802b9","relatedPAWDetailsLis (1 more) ...":"0x1431361d","targetEDR":0.00,"totalAppliedDeductib (2 more) ...":0.00,"totalCoInsurance":0.00,"totalCoPayAmt":0.00,"totalInsCoResp":0.00,"totalInsEIVAmt":0.00,"totalRowCount":0,"totalTalbottDay":0}|0x4dc8ef9b
08:17:54.0 (70600168)|HEAP_ALLOCATE|[84]|Bytes:28
08:17:54.0 (70603225)|HEAP_ALLOCATE|[84]|Bytes:28
08:17:54.0 (70618628)|HEAP_ALLOCATE|[84]|Bytes:28
08:17:54.0 (70621605)|HEAP_ALLOCATE|[84]|Bytes:28
08:17:54.0 (70636602)|HEAP_ALLOCATE|[84]|Bytes:28
08:17:54.0 (70639303)|HEAP_ALLOCATE|[84]|Bytes:28
08:17:54.0 (70649395)|VARIABLE_ASSIGNMENT|[84]|coPayRemaining|0
08:17:54.0 (70653735)|STATEMENT_EXECUTE|[85]
08:17:54.0 (70690886)|HEAP_ALLOCATE|[85]|Bytes:28
08:17:54.0 (70694813)|HEAP_ALLOCATE|[85]|Bytes:28
08:17:54.0 (70743925)|VARIABLE_ASSIGNMENT|[EXTERNAL]|this|{"insrncBnft":"0x3962bacd","insrncBnftSelected":"","pawDetailListDisplay (4 more) ...":false,"pyAgrmntWrksht":"0x430802b9","relatedPAWDetailsLis (1 more) ...":"0x1431361d","targetEDR":0.00,"totalAppliedDeductib (2 more) ...":0.00,"totalCoInsurance":0.00,"totalCoPayAmt":0.00,"totalInsCoResp":0.00,"totalInsEIVAmt":0.00,"totalRowCount":0,"totalTalbottDay":0}|0x4dc8ef9b
08:17:54.0 (70815365)|VARIABLE_ASSIGNMENT|[85]|this.Co_Pay_Remaining__c|0.00|0x430802b9
08:17:54.0 (70822519)|STATEMENT_EXECUTE|[86]
08:17:54.0 (70831085)|METHOD_EXIT|[13]|01p0a000004sKzT|PAWValueCalculationService.calculateWraperValues(PAW_New_EditCntrllr.WraperClass, Map<Id,Facility_Program__c>, Map<Id,Insurance_Company_Rate_Adjustment__c>, Map<Id,Insurance_Benefit__c>, Estimated_Coverage_Days__c)
08:17:54.0 (70894116)|VARIABLE_ASSIGNMENT|[13]|pWrprObj|{"insrncBnft":"0x3962bacd","insrncBnftSelected":"","pawDetailListDisplay (4 more) ...":false,"pyAgrmntWrksht":"0x430802b9","relatedPAWDetailsLis (1 more) ...":"0x1431361d","targetEDR":0.00,"totalAppliedDeductib (2 more) ...":0.00,"totalCoInsurance":0.00,"totalCoPayAmt":0.00,"totalInsCoResp":0.00,"totalInsEIVAmt":0.00,"totalRowCount":0,"totalTalbottDay":0}|0x4dc8ef9b
08:17:54.0 (70904776)|STATEMENT_EXECUTE|[18]
08:17:54.0 (70910035)|SYSTEM_MODE_EXIT|false
08:17:54.0 (70921677)|METHOD_EXIT|[421]|01p0a000004sKzO|PAWFrnFacilityService.calculateWraperValuesFRN(PAW_New_EditCntrllr.WraperClass, Map<Id,Facility_Program__c>, Map<Id,Insurance_Company_Rate_Adjustment__c>, Map<Id,Insurance_Benefit__c>, Estimated_Coverage_Days__c)
08:17:54.0 (71000180)|VARIABLE_ASSIGNMENT|[EXTERNAL]|this|{"estmtCvrgeDaysObj":"0x4caf2628","faciltyOptions":"0x61848bf","fcltyPrgrmOptions":"0x2ba65316","idToOwnershipFacilit (4 more) ...":"0x4215c0e","idToTypeFacilityMap":"0x318aa4c4","insrncBnftMap":"0x75134ffa","insrncBnftOptions":"0x6cb48cad","isIop":false,"isTalbott":false,"meta":"0x627b6c19","oppId":"00629000004NTeZ","pawObj":"0x6b34816","ptntInsrnceOptions":"0x40de8f3d","ptntInsrncMap":"0x24be6a17","ptntInsrncObj":"0x57bf8bf3","quoteObj":"0x46420bd","recordId":"00629000004NTeZ","rtAdjstmntOptions":"0x68e5ce07","showPILookup":false,"sObjectQueryStr":"","wrprObj":"0x4dc8ef9b"}|0x31c6abf7
08:17:54.0 (71044110)|VARIABLE_ASSIGNMENT|[EXTERNAL]|value|{"insrncBnft":"0x3962bacd","insrncBnftSelected":"","pawDetailListDisplay (4 more) ...":false,"pyAgrmntWrksht":"0x430802b9","relatedPAWDetailsLis (1 more) ...":"0x1431361d","targetEDR":0.00,"totalAppliedDeductib (2 more) ...":0.00,"totalCoInsurance":0.00,"totalCoPayAmt":0.00,"totalInsCoResp":0.00,"totalInsEIVAmt":0.00,"totalRowCount":0,"totalTalbottDay":0}|0x4dc8ef9b
08:17:54.0 (71060335)|VARIABLE_ASSIGNMENT|[30]|this.wrprObj|0x4dc8ef9b|0x31c6abf7
08:17:54.0 (71135340)|VARIABLE_ASSIGNMENT|[EXTERNAL]|this|{"estmtCvrgeDaysObj":"0x4caf2628","faciltyOptions":"0x61848bf","fcltyPrgrmOptions":"0x2ba65316","idToOwnershipFacilit (4 more) ...":"0x4215c0e","idToTypeFacilityMap":"0x318aa4c4","insrncBnftMap":"0x75134ffa","insrncBnftOptions":"0x6cb48cad","isIop":false,"isTalbott":false,"meta":"0x627b6c19","oppId":"00629000004NTeZ","pawObj":"0x6b34816","ptntInsrnceOptions":"0x40de8f3d","ptntInsrncMap":"0x24be6a17","ptntInsrncObj":"0x57bf8bf3","quoteObj":"0x46420bd","recordId":"00629000004NTeZ","rtAdjstmntOptions":"0x68e5ce07","showPILookup":false,"sObjectQueryStr":"","wrprObj":"0x4dc8ef9b"}|0x31c6abf7
08:17:54.0 (71153768)|STATEMENT_EXECUTE|[427]
08:17:54.0 (71157444)|METHOD_EXIT|[212]|01p0a000004sKzV|PAW_New_EditCntrllr.updateWraperValues()
08:17:54.82 (82432568)|SYSTEM_MODE_ENTER|true
08:17:54.82 (82511253)|HEAP_ALLOCATE|[EXTERNAL]|Bytes:8
08:17:54.82 (82523738)|VARIABLE_SCOPE_BEGIN|[88]|this|ApexPage.PageMessagesComponentController|true|false
08:17:54.82 (82556935)|VARIABLE_ASSIGNMENT|[88]|this|{}|0x5b81126
08:17:54.82 (82562954)|VARIABLE_SCOPE_BEGIN|[88]|escape|Boolean|false|false
08:17:54.82 (82569658)|VARIABLE_ASSIGNMENT|[88]|escape|null
08:17:54.82 (82698608)|SYSTEM_MODE_ENTER|true
08:17:54.82 (82730012)|HEAP_ALLOCATE|[EXTERNAL]|Bytes:8
08:17:54.82 (82736767)|VARIABLE_SCOPE_BEGIN|[2]|this|ApexPage.PageMessagesComponentController|true|false
08:17:54.82 (82755193)|VARIABLE_ASSIGNMENT|[2]|this|{}|0x5b81126
08:17:54.0 (83266207)|SYSTEM_MODE_ENTER|true
08:17:54.0 (83387945)|SYSTEM_MODE_ENTER|true
08:17:54.0 (83691290)|SYSTEM_MODE_ENTER|true
08:17:54.0 (87605636)|SYSTEM_MODE_ENTER|true
08:17:54.0 (87664339)|SYSTEM_MODE_ENTER|true
08:17:54.0 (94293379)|SYSTEM_MODE_ENTER|true
08:17:54.0 (94345250)|HEAP_ALLOCATE|[EXTERNAL]|Bytes:112
08:17:54.0 (94368638)|VARIABLE_SCOPE_BEGIN|[215]|this|PAW_New_EditCntrllr|true|false
08:17:54.0 (94496902)|VARIABLE_ASSIGNMENT|[215]|this|{"estmtCvrgeDaysObj":"0x4caf2628","faciltyOptions":"0x61848bf","fcltyPrgrmOptions":"0x2ba65316","idToOwnershipFacilit (4 more) ...":"0x4215c0e","idToTypeFacilityMap":"0x318aa4c4","insrncBnftMap":"0x75134ffa","insrncBnftOptions":"0x6cb48cad","isIop":false,"isTalbott":false,"meta":"0x627b6c19","oppId":"00629000004NTeZ","pawObj":"0x6b34816","ptntInsrnceOptions":"0x40de8f3d","ptntInsrncMap":"0x24be6a17","ptntInsrncObj":"0x57bf8bf3","quoteObj":"0x46420bd","recordId":"00629000004NTeZ","rtAdjstmntOptions":"0x68e5ce07","showPILookup":false,"sObjectQueryStr":"","wrprObj":"0x4dc8ef9b"}|0x31c6abf7
08:17:54.0 (94529291)|STATEMENT_EXECUTE|[215]
08:17:54.0 (94532627)|STATEMENT_EXECUTE|[216]
08:17:54.0 (94609724)|STATEMENT_EXECUTE|[217]
08:17:54.0 (94698956)|HEAP_ALLOCATE|[EXTERNAL]|Bytes:4
08:17:54.0 (94801134)|VARIABLE_ASSIGNMENT|[EXTERNAL]|this|{"estmtCvrgeDaysObj":"0x4caf2628","faciltyOptions":"0x61848bf","fcltyPrgrmOptions":"0x2ba65316","idToOwnershipFacilit (4 more) ...":"0x4215c0e","idToTypeFacilityMap":"0x318aa4c4","insrncBnftMap":"0x75134ffa","insrncBnftOptions":"0x6cb48cad","isIop":false,"isTalbott":false,"meta":"0x627b6c19","oppId":"00629000004NTeZ","pawObj":"0x6b34816","ptntInsrnceOptions":"0x40de8f3d","ptntInsrncMap":"0x24be6a17","ptntInsrncObj":"0x57bf8bf3","quoteObj":"0x46420bd","recordId":"00629000004NTeZ","rtAdjstmntOptions":"0x68e5ce07","showPILookup":false,"sObjectQueryStr":"","wrprObj":"0x4dc8ef9b"}|0x31c6abf7
08:17:54.0 (94823352)|STATEMENT_EXECUTE|[218]
08:17:54.0 (94824839)|STATEMENT_EXECUTE|[219]
08:17:54.0 (94866136)|HEAP_ALLOCATE|[219]|Bytes:4
08:17:54.0 (94875800)|HEAP_ALLOCATE|[219]|Bytes:1083
08:17:54.0 (94886109)|HEAP_ALLOCATE|[219]|Bytes:4
08:17:54.0 (94965821)|VARIABLE_ASSIGNMENT|[EXTERNAL]|this|{"estmtCvrgeDaysObj":"0x4caf2628","faciltyOptions":"0x61848bf","fcltyPrgrmOptions":"0x2ba65316","idToOwnershipFacilit (4 more) ...":"0x4215c0e","idToTypeFacilityMap":"0x318aa4c4","insrncBnftMap":"0x75134ffa","insrncBnftOptions":"0x6cb48cad","isIop":false,"isTalbott":false,"meta":"0x627b6c19","oppId":"00629000004NTeZ","pawObj":"0x6b34816","ptntInsrnceOptions":"0x40de8f3d","ptntInsrncMap":"0x24be6a17","ptntInsrncObj":"0x57bf8bf3","quoteObj":"0x46420bd","recordId":"00629000004NTeZ","rtAdjstmntOptions":"0x68e5ce07","showPILookup":false,"sObjectQueryStr":"","wrprObj":"0x4dc8ef9b"}|0x31c6abf7
08:17:54.0 (99064839)|SOQL_EXECUTE_BEGIN|[219]|Aggregations:0|SELECT Id, Name, RecordType.Name, Uncovered_Charges__c, Patient_Insurance__r.Accepts_Assignment_of_Benefits__c, Patient_Insurance__r.Opportunity__c, Patient_Insurance__r.Accreditation__c, Patient_Insurance__r.Insurance_Company__r.Name, PHP_Admit_Co_Payment__c, Detox_Admit_Co_Payment__c, RTC_Admit_Co_Payment__c, Deductible__c, Deductible_Met__c, IOP_Admit_Co_Payment__c, Max_Out_of_Pocket_Remaining__c, Insurance_Company_is_Out_of_Network__c, Annual_Max_Remaining__c, Deductible_Remaining__c, Detox_Pays_at__c, Detox_Over__c, RTC_Pays_at__c, Residential_Treatment_Override__c, PHP_Pays_at__c, Partial_Hospitalization_Override__c, IOP_Pays_at__c, Intensive_Outpatient_Override__c, Num_Days_Uncovered__c, Num_Days_Room__c, Uncovered_Days_Rate__c, Room_and_Board_Days_Rate__c, Uncovered_Days_Override__c, Room_and_Board_Days_Override__c, Deductible_Included_in_OOP__c, Uncovered_Days__c, Lifetime_Max__c, Lifetime_Max_Met__c, Annual_Max__c, Annual_Max_Met__c, Max_Out_of_Pocket__c, Max_Out_of_Pocket_Met__c, Co_Pay_Met__c FROM Insurance_Benefit__c WHERE Patient_Insurance__c = :tmpVar1
08:17:54.0 (121356102)|SOQL_EXECUTE_END|[219]|Rows:2
08:17:54.0 (121396037)|HEAP_ALLOCATE|[219]|Bytes:12
08:17:54.0 (121458153)|HEAP_ALLOCATE|[219]|Bytes:2986
08:17:54.0 (121556170)|HEAP_ALLOCATE|[219]|Bytes:12
08:17:54.0 (121638289)|HEAP_ALLOCATE|[219]|Bytes:108
08:17:54.0 (121664479)|HEAP_ALLOCATE|[219]|Bytes:4
08:17:54.0 (121672642)|HEAP_ALLOCATE|[219]|Bytes:108
08:17:54.0 (121677787)|HEAP_ALLOCATE|[219]|Bytes:4
08:17:54.0 (121796746)|VARIABLE_ASSIGNMENT|[219]|this.insrncBnftMap|{"a1H29000000pRTUEA2":{"Id":"a1H29000000pRTUEA2","Name":"Insurance Benefit 75 (2 more) ...","RecordTypeId":"012j00000015GS6AAM","Patient_Insurance__c":"a1b29000000lvHQAAY","PHP_Admit_Co_Payment (3 more) ...":0.00,"Deductible__c":5000.00,"Deductible_Met__c":0.00,"Max_Out_of_Pocket_Re (10 more) ...":10000.00,"Insurance_Company_is (18 more) ...":false,"Annual_Max_Remaining (3 more) ...":1000000,"Deductible_Remaining (3 more) ...":5000.00,"Detox_Pays_at__c":80.00,"RTC_Pays_at__c":80.00,"PHP_Pays_at__c":80.00,"IOP_Pays_at__c":80.00,"Uncovered_Days_Rate_ (2 more) ...":630.00,"Room_and_Board_Days_ (7 more) ...":2000.00,"Deductible_Included_ (9 more) ...":"Yes","Lifetime_Max__c":1000000.00,"Lifetime_Max_Met__c":0.00,"Annual_Max__c":1000000.00,"Annual_Max_Met__c":0.00,"Max_Out_of_Pocket__c":10000.00,"Max_Out_of_Pocket_Me (4 more) ...":0.00,"RecordType":{"Name":"In Network","Id":"012j00000015GS6AAM"},"Patient_Insurance__r":{"Opportunity__c":"00629000004NTeZAAW","Accreditation__c":"State","Insurance_Company__c":"0012900000AXSP3AAP","Id":"a1b29000000lvHQAAY","Insurance_Company__r":{"Name":"Value Options/Beacon (7 more) ...","Id":"0012900000AXSP3AAP","RecordTypeId":"012j00000015GRqAAM"}}},"a1H29000000pRTZEA2":{"Id":"a1H29000000pRTZEA2","Name":"Insurance Benefit 75 (2 more) ...","RecordTypeId":"012j00000015GS7AAM","Patient_Insurance__c":"a1b29000000lvHQAAY","PHP_Admit_Co_Payment (3 more) ...":0.00,"Deductible__c":10000.00,"Deductible_Met__c":0.00,"Max_Out_of_Pocket_Re (10 more) ...":20000.00,"Insurance_Company_is (18 more) ...":false,"Annual_Max_Remaining (3 more) ...":1000000,"Deductible_Remaining (3 more) ...":10000.00,"Detox_Pays_at__c":60.00,"RTC_Pays_at__c":60.00,"PHP_Pays_at__c":60.00,"IOP_Pays_at__c":60.00,"Uncovered_Days_Rate_ (2 more) ...":630.00,"Room_and_Board_Days_ (7 more) ...":2000.00,"Deductible_Included_ (9 more) ...":"Yes","Lifetime_Max__c":1000000.00,"Lifetime_Max_Met__c":0.00,"Annual_Max__c":1000000.00,"Annual_Max_Met__c":0.00,"Max_Out_of_Pocket__c":20000.00,"Max_Out_of_Pocket_Me (4 more) ...":0.00,"RecordType":{"Name":"Out of Network","Id":"012j00000015GS7AAM"},"Patient_Insurance__r":{"Opportunity__c":"00629000004NTeZAAW","Accreditation__c":"State","Insurance_Company__c":"0012900000AXSP3AAP","Id":"a1b29000000lvHQAAY","Insurance_Company__r":{"Name":"Value Options/Beacon (7 more) ...","Id":"0012900000AXSP3AAP","RecordTypeId":"012j00000015GRqAAM"}}}}|0x31c6abf7
08:17:54.0 (121894784)|HEAP_ALLOCATE|[EXTERNAL]|Bytes:12
08:17:54.0 (121922082)|HEAP_ALLOCATE|[263]|Bytes:2996
08:17:54.0 (122110660)|HEAP_ALLOCATE|[263]|Bytes:5
08:17:54.0 (122130612)|HEAP_ALLOCATE|[263]|Bytes:108
08:17:54.0 (122330176)|VARIABLE_SCOPE_BEGIN|[263]|insrncBnftInstance|Insurance_Benefit__c|true|false
08:17:54.0 (122395533)|VARIABLE_ASSIGNMENT|[263]|insrncBnftInstance|{"Id":"a1H29000000pRTUEA2","Name":"Insurance Benefit 75 (2 more) ...","RecordTypeId":"012j00000015GS6AAM","Patient_Insurance__c":"a1b29000000lvHQAAY","PHP_Admit_Co_Payment (3 more) ...":0.00,"Deductible__c":5000.00,"Deductible_Met__c":0.00,"Max_Out_of_Pocket_Re (10 more) ...":10000.00,"Insurance_Company_is (18 more) ...":false,"Annual_Max_Remaining (3 more) ...":1000000,"Deductible_Remaining (3 more) ...":5000.00,"Detox_Pays_at__c":80.00,"RTC_Pays_at__c":80.00,"PHP_Pays_at__c":80.00,"IOP_Pays_at__c":80.00,"Uncovered_Days_Rate_ (2 more) ...":630.00,"Room_and_Board_Days_ (7 more) ...":2000.00,"Deductible_Included_ (9 more) ...":"Yes","Lifetime_Max__c":1000000.00,"Lifetime_Max_Met__c":0.00,"Annual_Max__c":1000000.00,"Annual_Max_Met__c":0.00,"Max_Out_of_Pocket__c":10000.00,"Max_Out_of_Pocket_Me (4 more) ...":0.00,"RecordType":{"Name":"In Network","Id":"012j00000015GS6AAM"},"Patient_Insurance__r":{"Opportunity__c":"00629000004NTeZAAW","Accreditation__c":"State","Insurance_Company__c":"0012900000AXSP3AAP","Id":"a1b29000000lvHQAAY","Insurance_Company__r":{"Name":"Value Options/Beacon (7 more) ...","Id":"0012900000AXSP3AAP","RecordTypeId":"012j00000015GRqAAM"}}}|0x2f8f05d3
08:17:54.0 (122444445)|STATEMENT_EXECUTE|[263]
08:17:54.0 (122447648)|STATEMENT_EXECUTE|[264]
08:17:54.0 (122518044)|HEAP_ALLOCATE|[264]|Bytes:18
08:17:54.0 (122588085)|HEAP_ALLOCATE|[264]|Bytes:3
08:17:54.0 (122618303)|HEAP_ALLOCATE|[264]|Bytes:35
08:17:54.0 (122696699)|HEAP_ALLOCATE|[EXTERNAL]|Bytes:4
08:17:54.0 (122714296)|HEAP_ALLOCATE|[263]|Bytes:5
08:17:54.0 (122737647)|HEAP_ALLOCATE|[263]|Bytes:108
08:17:54.0 (122746491)|VARIABLE_SCOPE_BEGIN|[263]|insrncBnftInstance|Insurance_Benefit__c|true|false
08:17:54.0 (122786698)|VARIABLE_ASSIGNMENT|[263]|insrncBnftInstance|{"Id":"a1H29000000pRTZEA2","Name":"Insurance Benefit 75 (2 more) ...","RecordTypeId":"012j00000015GS7AAM","Patient_Insurance__c":"a1b29000000lvHQAAY","PHP_Admit_Co_Payment (3 more) ...":0.00,"Deductible__c":10000.00,"Deductible_Met__c":0.00,"Max_Out_of_Pocket_Re (10 more) ...":20000.00,"Insurance_Company_is (18 more) ...":false,"Annual_Max_Remaining (3 more) ...":1000000,"Deductible_Remaining (3 more) ...":10000.00,"Detox_Pays_at__c":60.00,"RTC_Pays_at__c":60.00,"PHP_Pays_at__c":60.00,"IOP_Pays_at__c":60.00,"Uncovered_Days_Rate_ (2 more) ...":630.00,"Room_and_Board_Days_ (7 more) ...":2000.00,"Deductible_Included_ (9 more) ...":"Yes","Lifetime_Max__c":1000000.00,"Lifetime_Max_Met__c":0.00,"Annual_Max__c":1000000.00,"Annual_Max_Met__c":0.00,"Max_Out_of_Pocket__c":20000.00,"Max_Out_of_Pocket_Me (4 more) ...":0.00,"RecordType":{"Name":"Out of Network","Id":"012j00000015GS7AAM"},"Patient_Insurance__r":{"Opportunity__c":"00629000004NTeZAAW","Accreditation__c":"State","Insurance_Company__c":"0012900000AXSP3AAP","Id":"a1b29000000lvHQAAY","Insurance_Company__r":{"Name":"Value Options/Beacon (7 more) ...","Id":"0012900000AXSP3AAP","RecordTypeId":"012j00000015GRqAAM"}}}|0x5f0ff4ff
08:17:54.0 (122805895)|STATEMENT_EXECUTE|[263]
08:17:54.0 (122807311)|STATEMENT_EXECUTE|[264]
08:17:54.0 (122821105)|HEAP_ALLOCATE|[264]|Bytes:18
08:17:54.0 (122841160)|HEAP_ALLOCATE|[264]|Bytes:39
08:17:54.0 (122863797)|HEAP_ALLOCATE|[EXTERNAL]|Bytes:4
08:17:54.0 (122876009)|HEAP_ALLOCATE|[263]|Bytes:5
08:17:54.0 (122888460)|VARIABLE_ASSIGNMENT|[263]|insrncBnftInstance|null|
08:17:54.0 (123023871)|VARIABLE_ASSIGNMENT|[EXTERNAL]|this|{"estmtCvrgeDaysObj":"0x4caf2628","faciltyOptions":"0x61848bf","fcltyPrgrmOptions":"0x2ba65316","idToOwnershipFacilit (4 more) ...":"0x4215c0e","idToTypeFacilityMap":"0x318aa4c4","insrncBnftMap":"0x62c65963","insrncBnftOptions":"0x6cb48cad","isIop":false,"isTalbott":false,"meta":"0x627b6c19","oppId":"00629000004NTeZ","pawObj":"0x6b34816","ptntInsrnceOptions":"0x40de8f3d","ptntInsrncMap":"0x24be6a17","ptntInsrncObj":"0x57bf8bf3","quoteObj":"0x46420bd","recordId":"00629000004NTeZ","rtAdjstmntOptions":"0x68e5ce07","showPILookup":false,"sObjectQueryStr":"","wrprObj":"0x4dc8ef9b"}|0x31c6abf7
08:17:54.0 (123105867)|VARIABLE_ASSIGNMENT|[EXTERNAL]|this|{"insrncBnft":"0x3962bacd","insrncBnftSelected":"","pawDetailListDisplay (4 more) ...":false,"pyAgrmntWrksht":"0x430802b9","relatedPAWDetailsLis (1 more) ...":"0x1431361d","targetEDR":0.00,"totalAppliedDeductib (2 more) ...":0.00,"totalCoInsurance":0.00,"totalCoPayAmt":0.00,"totalInsCoResp":0.00,"totalInsEIVAmt":0.00,"totalRowCount":0,"totalTalbottDay":0}|0x4dc8ef9b
08:17:54.0 (123168367)|VARIABLE_ASSIGNMENT|[EXTERNAL]|this|{"estmtCvrgeDaysObj":"0x4caf2628","faciltyOptions":"0x61848bf","fcltyPrgrmOptions":"0x2ba65316","idToOwnershipFacilit (4 more) ...":"0x4215c0e","idToTypeFacilityMap":"0x318aa4c4","insrncBnftMap":"0x62c65963","insrncBnftOptions":"0x6cb48cad","isIop":false,"isTalbott":false,"meta":"0x627b6c19","oppId":"00629000004NTeZ","pawObj":"0x6b34816","ptntInsrnceOptions":"0x40de8f3d","ptntInsrncMap":"0x24be6a17","ptntInsrncObj":"0x57bf8bf3","quoteObj":"0x46420bd","recordId":"00629000004NTeZ","rtAdjstmntOptions":"0x68e5ce07","showPILookup":false,"sObjectQueryStr":"","wrprObj":"0x4dc8ef9b"}|0x31c6abf7
08:17:54.0 (123217727)|VARIABLE_ASSIGNMENT|[EXTERNAL]|this|{"insrncBnft":"0x3962bacd","insrncBnftSelected":"","pawDetailListDisplay (4 more) ...":false,"pyAgrmntWrksht":"0x430802b9","relatedPAWDetailsLis (1 more) ...":"0x1431361d","targetEDR":0.00,"totalAppliedDeductib (2 more) ...":0.00,"totalCoInsurance":0.00,"totalCoPayAmt":0.00,"totalInsCoResp":0.00,"totalInsEIVAmt":0.00,"totalRowCount":0,"totalTalbottDay":0}|0x4dc8ef9b
08:17:54.0 (123246532)|STATEMENT_EXECUTE|[269]
08:17:54.0 (123248071)|STATEMENT_EXECUTE|[270]
08:17:54.0 (123307853)|VARIABLE_ASSIGNMENT|[EXTERNAL]|this|{"estmtCvrgeDaysObj":"0x4caf2628","faciltyOptions":"0x61848bf","fcltyPrgrmOptions":"0x2ba65316","idToOwnershipFacilit (4 more) ...":"0x4215c0e","idToTypeFacilityMap":"0x318aa4c4","insrncBnftMap":"0x62c65963","insrncBnftOptions":"0x6cb48cad","isIop":false,"isTalbott":false,"meta":"0x627b6c19","oppId":"00629000004NTeZ","pawObj":"0x6b34816","ptntInsrnceOptions":"0x40de8f3d","ptntInsrncMap":"0x24be6a17","ptntInsrncObj":"0x57bf8bf3","quoteObj":"0x46420bd","recordId":"00629000004NTeZ","rtAdjstmntOptions":"0x68e5ce07","showPILookup":false,"sObjectQueryStr":"","wrprObj":"0x4dc8ef9b"}|0x31c6abf7
08:17:54.0 (123361788)|VARIABLE_ASSIGNMENT|[EXTERNAL]|this|{"insrncBnft":"0x3962bacd","insrncBnftSelected":"","pawDetailListDisplay (4 more) ...":false,"pyAgrmntWrksht":"0x430802b9","relatedPAWDetailsLis (1 more) ...":"0x1431361d","targetEDR":0.00,"totalAppliedDeductib (2 more) ...":0.00,"totalCoInsurance":0.00,"totalCoPayAmt":0.00,"totalInsCoResp":0.00,"totalInsEIVAmt":0.00,"totalRowCount":0,"totalTalbottDay":0}|0x4dc8ef9b
08:17:54.0 (123372222)|VARIABLE_ASSIGNMENT|[EXTERNAL]|value|null|
08:17:54.0 (123380635)|VARIABLE_ASSIGNMENT|[525]|this.insrncBnft|null|0x4dc8ef9b
08:17:54.0 (123388123)|STATEMENT_EXECUTE|[272]
08:17:54.0 (124602257)|SYSTEM_MODE_ENTER|true
08:17:54.0 (124894827)|SYSTEM_MODE_ENTER|true
08:17:54.0 (124955287)|HEAP_ALLOCATE|[EXTERNAL]|Bytes:112
08:17:54.0 (124997601)|VARIABLE_SCOPE_BEGIN|[379]|this|PAW_New_EditCntrllr|true|false
08:17:54.0 (125086131)|VARIABLE_ASSIGNMENT|[379]|this|{"estmtCvrgeDaysObj":"0x4caf2628","faciltyOptions":"0x61848bf","fcltyPrgrmOptions":"0x2ba65316","idToOwnershipFacilit (4 more) ...":"0x4215c0e","idToTypeFacilityMap":"0x318aa4c4","insrncBnftMap":"0x62c65963","insrncBnftOptions":"0x6cb48cad","isIop":false,"isTalbott":false,"meta":"0x627b6c19","oppId":"00629000004NTeZ","pawObj":"0x6b34816","ptntInsrnceOptions":"0x40de8f3d","ptntInsrncMap":"0x24be6a17","ptntInsrncObj":"0x57bf8bf3","quoteObj":"0x46420bd","recordId":"00629000004NTeZ","rtAdjstmntOptions":"0x68e5ce07","showPILookup":false,"sObjectQueryStr":"","wrprObj":"0x4dc8ef9b"}|0x31c6abf7
08:17:54.0 (125117199)|STATEMENT_EXECUTE|[379]
08:17:54.0 (125119282)|STATEMENT_EXECUTE|[380]
08:17:54.0 (125131086)|HEAP_ALLOCATE|[380]|Bytes:4
08:17:54.0 (125189897)|HEAP_ALLOCATE|[EXTERNAL]|Bytes:4
08:17:54.0 (125200962)|VARIABLE_ASSIGNMENT|[380]|this.rtAdjstmntOptions|[]|0x31c6abf7
08:17:54.0 (125205894)|STATEMENT_EXECUTE|[381]
08:17:54.0 (125213348)|HEAP_ALLOCATE|[381]|Bytes:8
08:17:54.0 (125258937)|HEAP_ALLOCATE|[EXTERNAL]|Bytes:4
08:17:54.0 (125340571)|VARIABLE_ASSIGNMENT|[EXTERNAL]|this|{"estmtCvrgeDaysObj":"0x4caf2628","faciltyOptions":"0x61848bf","fcltyPrgrmOptions":"0x2ba65316","idToOwnershipFacilit (4 more) ...":"0x4215c0e","idToTypeFacilityMap":"0x318aa4c4","insrncBnftMap":"0x62c65963","insrncBnftOptions":"0x6cb48cad","isIop":false,"isTalbott":false,"meta":"0x627b6c19","oppId":"00629000004NTeZ","pawObj":"0x6b34816","ptntInsrnceOptions":"0x40de8f3d","ptntInsrncMap":"0x24be6a17","ptntInsrncObj":"0x57bf8bf3","quoteObj":"0x46420bd","recordId":"00629000004NTeZ","rtAdjstmntOptions":"0x53ea2b23","showPILookup":false,"sObjectQueryStr":"","wrprObj":"0x4dc8ef9b"}|0x31c6abf7
08:17:54.0 (125406203)|VARIABLE_ASSIGNMENT|[EXTERNAL]|this|{"insrncBnftSelected":"","pawDetailListDisplay (4 more) ...":false,"pyAgrmntWrksht":"0x430802b9","relatedPAWDetailsLis (1 more) ...":"0x1431361d","targetEDR":0.00,"totalAppliedDeductib (2 more) ...":0.00,"totalCoInsurance":0.00,"totalCoPayAmt":0.00,"totalInsCoResp":0.00,"totalInsEIVAmt":0.00,"totalRowCount":0,"totalTalbottDay":0}|0x4dc8ef9b
08:17:54.0 (125421800)|STATEMENT_EXECUTE|[382]
08:17:54.0 (125423327)|STATEMENT_EXECUTE|[400]
08:17:54.0 (125759744)|SYSTEM_MODE_ENTER|true
08:17:54.0 (133526114)|VF_SERIALIZE_VIEWSTATE_BEGIN|0660a0000009uTC
08:17:54.0 (143205046)|VF_SERIALIZE_VIEWSTATE_END
08:17:54.152 (152598081)|CUMULATIVE_LIMIT_USAGE
08:17:54.152 (152598081)|LIMIT_USAGE_FOR_NS|(default)|
  Number of SOQL queries: 2 out of 100
  Number of query rows: 6 out of 50000
  Number of SOSL queries: 0 out of 20
  Number of DML statements: 0 out of 150
  Number of DML rows: 0 out of 10000
  Maximum CPU time: 0 out of 10000
  Maximum heap size: 0 out of 6000000
  Number of callouts: 0 out of 100
  Number of Email Invocations: 0 out of 10
  Number of future calls: 0 out of 50
  Number of queueable jobs added to the queue: 0 out of 50
  Number of Mobile Apex push calls: 0 out of 10

08:17:54.152 (152598081)|CUMULATIVE_LIMIT_USAGE_END

08:17:54.0 (152658252)|CODE_UNIT_FINISHED|VF: /apex/PAW_New_Edit
08:17:54.0 (153519708)|EXECUTION_FINISHED
