40.0 APEX_CODE,FINEST;APEX_PROFILING,INFO;CALLOUT,INFO;DB,INFO;SYSTEM,DEBUG;VALIDATION,INFO;VISUALFORCE,INFO;WAVE,INFO;WORKFLOW,FINER
01:13:40.0 (279041)|USER_INFO|[EXTERNAL]|00529000000zYiy|bhakti.gujrathi@eternussolutions.com.frnstgng|Central Standard Time|GMT-06:00
01:13:40.0 (328453)|EXECUTION_STARTED
01:13:40.0 (333339)|CODE_UNIT_STARTED|[EXTERNAL]|01p0a000004sKko|CCPullReservationConcurBatch
01:13:40.0 (2096604)|HEAP_ALLOCATE|[72]|Bytes:3
01:13:40.0 (2167986)|HEAP_ALLOCATE|[77]|Bytes:152
01:13:40.0 (2187875)|HEAP_ALLOCATE|[342]|Bytes:408
01:13:40.0 (2201509)|HEAP_ALLOCATE|[355]|Bytes:408
01:13:40.0 (2214336)|HEAP_ALLOCATE|[467]|Bytes:48
01:13:40.0 (2246033)|HEAP_ALLOCATE|[139]|Bytes:6
01:13:40.0 (4228339)|HEAP_ALLOCATE|[EXTERNAL]|Bytes:1220
01:13:40.0 (9599540)|HEAP_ALLOCATE|[EXTERNAL]|Bytes:11
01:13:40.0 (9626168)|SYSTEM_METHOD_ENTRY|[15]|BatchableContextImpl.BatchableContextImpl()
01:13:40.0 (9633926)|STATEMENT_EXECUTE|[15]
01:13:40.0 (9644791)|SYSTEM_METHOD_EXIT|[15]|BatchableContextImpl
01:13:40.0 (9652560)|HEAP_ALLOCATE|[EXTERNAL]|Bytes:12
01:13:40.0 (9657064)|HEAP_ALLOCATE|[EXTERNAL]|Bytes:4
01:13:40.0 (9663996)|VARIABLE_SCOPE_BEGIN|[31]|this|Database.BatchableContextImpl|true|false
01:13:40.0 (9720179)|VARIABLE_ASSIGNMENT|[31]|this|{}|0x4e7acff2
01:13:40.0 (9726231)|VARIABLE_SCOPE_BEGIN|[31]|jobId|Id|false|false
01:13:40.0 (9823349)|VARIABLE_ASSIGNMENT|[31]|jobId|"7072900000OOXI4AAP"
01:13:40.0 (9832490)|VARIABLE_SCOPE_BEGIN|[31]|childJobId|Id|false|false
01:13:40.0 (9845531)|VARIABLE_ASSIGNMENT|[31]|childJobId|null
01:13:40.0 (10102986)|HEAP_ALLOCATE|[EXTERNAL]|Bytes:99
01:13:40.0 (10112133)|HEAP_ALLOCATE|[EXTERNAL]|Bytes:11
01:13:40.0 (10119168)|METHOD_ENTRY|[1]|01p0a000004sKko|CCPullReservationConcurBatch.CCPullReservationConcurBatch()
01:13:40.0 (10124168)|STATEMENT_EXECUTE|[1]
01:13:40.0 (10126939)|STATEMENT_EXECUTE|[1]
01:13:40.0 (10130244)|METHOD_EXIT|[1]|CCPullReservationConcurBatch
01:13:40.0 (10135172)|HEAP_ALLOCATE|[EXTERNAL]|Bytes:32
01:13:40.0 (10138324)|HEAP_ALLOCATE|[EXTERNAL]|Bytes:12
01:13:40.0 (10144206)|VARIABLE_SCOPE_BEGIN|[24]|this|CCPullReservationConcurBatch|true|false
01:13:40.0 (10180577)|VARIABLE_ASSIGNMENT|[24]|this|{"accessToken":"0_9mhtJyVdY5yNZmmL5U (8 more) ...","lstApxlog":"0x1b1306a0","mapCncIDoppID":"0x4f041ade","mapCncIDReservation":"0x5f32ee92","mapCncIDTrip":"0x14e1e724","mapIdConcurNewTrip":"0x4ca12398","mapTripReservation":"0x42f12e0"}|0x55c2c668
01:13:40.0 (10190087)|VARIABLE_SCOPE_BEGIN|[24]|BC|Database.BatchableContext|true|false
01:13:40.0 (10245489)|VARIABLE_ASSIGNMENT|[24]|BC|{"jobId":"7072900000OOXI4AAP"}|0x4e7acff2
01:13:40.0 (10258271)|STATEMENT_EXECUTE|[24]
01:13:40.0 (10259963)|STATEMENT_EXECUTE|[26]
01:13:40.0 (11892056)|HEAP_ALLOCATE|[26]|Bytes:54
01:13:40.0 (11913013)|HEAP_ALLOCATE|[26]|Bytes:4
01:13:40.0 (11936776)|METHOD_ENTRY|[1]|01p0a000004sKkt|CCTripIteratable.CCTripIteratable()
01:13:40.0 (11947028)|STATEMENT_EXECUTE|[1]
01:13:40.0 (11953520)|STATEMENT_EXECUTE|[1]
01:13:40.0 (11962323)|METHOD_EXIT|[1]|CCTripIteratable
01:13:40.0 (11998252)|HEAP_ALLOCATE|[26]|Bytes:8
01:13:40.0 (12044065)|CONSTRUCTOR_ENTRY|[26]|01p0a000004sKkt|<init>(Map<String,Trip__c>)
01:13:40.0 (12088424)|VARIABLE_SCOPE_BEGIN|[5]|this|CCTripIteratable|true|false
01:13:40.0 (12124236)|VARIABLE_ASSIGNMENT|[5]|this|{}|0x200e8272
01:13:40.0 (12135164)|VARIABLE_SCOPE_BEGIN|[5]|mapIdConcurTrip|Map<String,Trip__c>|true|false
01:13:40.0 (12243727)|VARIABLE_ASSIGNMENT|[5]|mapIdConcurTrip|{"gWupfQyvIhB9hYHZVnTR (16 more) ...":{"Booking_Source__c":"Sabre","Trip_Ref__c":"Trip from Des Moines (49 more) ...","Modified_Date_Time__ (1 more) ...":"2018-02-02T00:59:00.000Z","End_Date__c":"2018-02-02T09:56:00","Start_Date__c":"2018-02-02T07:15:00","Trip_ID__c":"gWupfQyvIhB9hYHZVnTR (16 more) ...","Trip_Name__c":"Trip from Des Moines (36 more) ...","ID__c":"https://www.concurso (69 more) ..."},"gWupfQyvJjx5obv70ak0 (16 more) ...":{"Booking_Source__c":"Sabre","Trip_Ref__c":"Trip from Sacramento (48 more) ...","Modified_Date_Time__ (1 more) ...":"2018-02-02T00:28:00.000Z","End_Date__c":"2018-02-04T20:55:00","Start_Date__c":"2018-02-04T16:00:00","Trip_ID__c":"gWupfQyvJjx5obv70ak0 (16 more) ...","Trip_Name__c":"Trip from Sacramento (35 more) ...","ID__c":"https://www.concurso (69 more) ..."}}|0x4ca12398
01:13:40.0 (12300183)|STATEMENT_EXECUTE|[1]
01:13:40.0 (12302661)|STATEMENT_EXECUTE|[4]
01:13:40.0 (12326416)|STATEMENT_EXECUTE|[6]
01:13:40.0 (12328546)|STATEMENT_EXECUTE|[7]
01:13:40.0 (12385620)|VARIABLE_ASSIGNMENT|[7]|this.mapIdConcurNewTrip|{"gWupfQyvIhB9hYHZVnTR (16 more) ...":{"Booking_Source__c":"Sabre","Trip_Ref__c":"Trip from Des Moines (49 more) ...","Modified_Date_Time__ (1 more) ...":"2018-02-02T00:59:00.000Z","End_Date__c":"2018-02-02T09:56:00","Start_Date__c":"2018-02-02T07:15:00","Trip_ID__c":"gWupfQyvIhB9hYHZVnTR (16 more) ...","Trip_Name__c":"Trip from Des Moines (36 more) ...","ID__c":"https://www.concurso (69 more) ..."},"gWupfQyvJjx5obv70ak0 (16 more) ...":{"Booking_Source__c":"Sabre","Trip_Ref__c":"Trip from Sacramento (48 more) ...","Modified_Date_Time__ (1 more) ...":"2018-02-02T00:28:00.000Z","End_Date__c":"2018-02-04T20:55:00","Start_Date__c":"2018-02-04T16:00:00","Trip_ID__c":"gWupfQyvJjx5obv70ak0 (16 more) ...","Trip_Name__c":"Trip from Sacramento (35 more) ...","ID__c":"https://www.concurso (69 more) ..."}}|0x200e8272
01:13:40.0 (12426132)|CONSTRUCTOR_EXIT|[26]|01p0a000004sKkt|<init>(Map<String,Trip__c>)
01:13:40.0 (13033178)|HEAP_ALLOCATE|[EXTERNAL]|Bytes:8
01:13:40.0 (13042733)|VARIABLE_SCOPE_BEGIN|[11]|this|CCTripIteratable|true|false
01:13:40.0 (13060855)|VARIABLE_ASSIGNMENT|[11]|this|{"mapIdConcurNewTrip":"0x4ca12398"}|0x200e8272
01:13:40.0 (13071998)|STATEMENT_EXECUTE|[12]
01:13:40.0 (13073436)|STATEMENT_EXECUTE|[13]
01:13:40.0 (13144922)|HEAP_ALLOCATE|[EXTERNAL]|Bytes:12
01:13:40.0 (13161591)|HEAP_ALLOCATE|[13]|Bytes:1068
01:13:40.0 (13482624)|HEAP_ALLOCATE|[EXTERNAL]|Bytes:8
01:13:40.0 (13516059)|HEAP_ALLOCATE|[50]|Bytes:5
01:13:40.0 (13537525)|HEAP_ALLOCATE|[56]|Bytes:5
01:13:40.0 (13546080)|HEAP_ALLOCATE|[64]|Bytes:7
01:13:40.0 (13600164)|HEAP_ALLOCATE|[EXTERNAL]|Bytes:5
01:13:40.0 (13650352)|HEAP_ALLOCATE|[EXTERNAL]|Bytes:8
01:13:40.0 (13670155)|HEAP_ALLOCATE|[EXTERNAL]|Bytes:36
01:13:40.0 (13688325)|HEAP_ALLOCATE|[EXTERNAL]|Bytes:8
01:13:40.0 (13693530)|HEAP_ALLOCATE|[EXTERNAL]|Bytes:5
01:13:40.0 (13707280)|HEAP_ALLOCATE|[EXTERNAL]|Bytes:8
01:13:40.0 (13713046)|HEAP_ALLOCATE|[EXTERNAL]|Bytes:36
01:13:40.0 (13723297)|HEAP_ALLOCATE|[EXTERNAL]|Bytes:8
01:13:40.0 (13727533)|HEAP_ALLOCATE|[EXTERNAL]|Bytes:5
01:13:40.0 (13845040)|HEAP_ALLOCATE|[EXTERNAL]|Bytes:4
01:13:40.0 (13855478)|HEAP_ALLOCATE|[EXTERNAL]|Bytes:4
01:13:40.0 (13907988)|HEAP_ALLOCATE|[EXTERNAL]|Bytes:4
01:13:40.0 (13922611)|HEAP_ALLOCATE|[EXTERNAL]|Bytes:4
01:13:40.35 (35183881)|CUMULATIVE_LIMIT_USAGE
01:13:40.35 (35183881)|LIMIT_USAGE_FOR_NS|(default)|
  Number of SOQL queries: 0 out of 200
  Number of query rows: 0 out of 50000
  Number of SOSL queries: 0 out of 20
  Number of DML statements: 0 out of 150
  Number of DML rows: 0 out of 10000
  Maximum CPU time: 0 out of 60000
  Maximum heap size: 0 out of 12000000
  Number of callouts: 0 out of 0
  Number of Email Invocations: 0 out of 10
  Number of future calls: 0 out of 0
  Number of queueable jobs added to the queue: 0 out of 1
  Number of Mobile Apex push calls: 0 out of 10

01:13:40.35 (35183881)|CUMULATIVE_LIMIT_USAGE_END

01:13:40.0 (35229195)|CODE_UNIT_FINISHED|CCPullReservationConcurBatch
01:13:40.0 (36179741)|EXECUTION_FINISHED
