37.0 APEX_CODE,FINEST;APEX_PROFILING,INFO;CALLOUT,INFO;DB,INFO;SYSTEM,DEBUG;VALIDATION,INFO;VISUALFORCE,INFO;WAVE,INFO;WORKFLOW,FINER
07:08:26.0 (271966)|USER_INFO|[EXTERNAL]|00529000000zYiy|bhakti.gujrathi@eternussolutions.com.frnstgng|Central Standard Time|GMT-06:00
07:08:26.0 (298593)|EXECUTION_STARTED
07:08:26.0 (301840)|CODE_UNIT_STARTED|[EXTERNAL]|0660a0000009uTC|VF: /apex/PAW_New_Edit
07:08:26.0 (677475)|VF_DESERIALIZE_VIEWSTATE_BEGIN|0660a0000009uTC
07:08:26.0 (7773618)|HEAP_ALLOCATE|[72]|Bytes:3
07:08:26.0 (7816855)|HEAP_ALLOCATE|[77]|Bytes:152
07:08:26.0 (7828279)|HEAP_ALLOCATE|[342]|Bytes:408
07:08:26.0 (7837972)|HEAP_ALLOCATE|[355]|Bytes:408
07:08:26.0 (7846585)|HEAP_ALLOCATE|[467]|Bytes:48
07:08:26.0 (7873354)|HEAP_ALLOCATE|[139]|Bytes:6
07:08:26.0 (7896936)|HEAP_ALLOCATE|[50]|Bytes:5
07:08:26.0 (7918213)|HEAP_ALLOCATE|[56]|Bytes:5
07:08:26.0 (7925070)|HEAP_ALLOCATE|[64]|Bytes:7
07:08:26.0 (12352428)|VARIABLE_SCOPE_BEGIN|[35]|PAW_New_EditCntrllr.globalSchemaMap|Map<String,Schema.SObjectType>|true|true
07:08:26.0 (12366880)|VARIABLE_SCOPE_BEGIN|[3]|PAW_New_EditCntrllr.yearEndMode|Boolean|false|true
07:08:26.0 (16863391)|VF_DESERIALIZE_VIEWSTATE_END
07:08:26.17 (17807973)|SYSTEM_MODE_ENTER|true
07:08:26.17 (17873442)|HEAP_ALLOCATE|[EXTERNAL]|Bytes:38
07:08:26.17 (17881600)|HEAP_ALLOCATE|[EXTERNAL]|Bytes:7
07:08:26.17 (17891080)|SYSTEM_METHOD_ENTRY|[1]|PageMessagesComponentController.PageMessagesComponentController()
07:08:26.17 (17897171)|STATEMENT_EXECUTE|[1]
07:08:26.18 (18636111)|SYSTEM_MODE_ENTER|true
07:08:26.18 (18680468)|HEAP_ALLOCATE|[EXTERNAL]|Bytes:8
07:08:26.18 (18687946)|VARIABLE_SCOPE_BEGIN|[88]|this|ApexPage.PageMessagesComponentController|true|false
07:08:26.18 (18719936)|VARIABLE_ASSIGNMENT|[88]|this|{}|0x2a227237
07:08:26.18 (18726079)|VARIABLE_SCOPE_BEGIN|[88]|escape|Boolean|false|false
07:08:26.18 (18732723)|VARIABLE_ASSIGNMENT|[88]|escape|null
07:08:26.0 (18963403)|SYSTEM_MODE_ENTER|true
07:08:26.0 (18989081)|HEAP_ALLOCATE|[EXTERNAL]|Bytes:11
07:08:26.0 (18998033)|HEAP_ALLOCATE|[EXTERNAL]|Bytes:304
07:08:26.0 (19001924)|HEAP_ALLOCATE|[EXTERNAL]|Bytes:98
07:08:26.0 (19006131)|HEAP_ALLOCATE|[EXTERNAL]|Bytes:10
07:08:26.0 (19013889)|METHOD_ENTRY|[1]|01p0a000004sKzV|PAW_New_EditCntrllr.PAW_New_EditCntrllr()
07:08:26.0 (19018089)|STATEMENT_EXECUTE|[1]
07:08:26.0 (19021268)|STATEMENT_EXECUTE|[1]
07:08:26.0 (19022303)|STATEMENT_EXECUTE|[3]
07:08:26.0 (20088977)|VARIABLE_SCOPE_BEGIN|[3]|PAW_YearEnd_Config.setting|Year_End_PAW_Settings__c|true|true
07:08:26.0 (20104978)|HEAP_ALLOCATE|[3]|Bytes:1
07:08:26.0 (20111678)|HEAP_ALLOCATE|[3]|Bytes:1
07:08:26.0 (20121929)|METHOD_ENTRY|[1]|01p29000000Aswf|PAW_YearEnd_Config.PAW_YearEnd_Config()
07:08:26.0 (20128281)|STATEMENT_EXECUTE|[1]
07:08:26.0 (20131736)|STATEMENT_EXECUTE|[1]
07:08:26.0 (20151093)|SYSTEM_MODE_ENTER|false
07:08:26.0 (20160938)|HEAP_ALLOCATE|[3]|Bytes:5
07:08:26.0 (20170342)|SYSTEM_MODE_EXIT|false
07:08:26.0 (20178304)|METHOD_EXIT|[1]|PAW_YearEnd_Config
07:08:26.0 (20193520)|METHOD_ENTRY|[3]|01p29000000Aswf|PAW_YearEnd_Config.fetch()
07:08:26.0 (20225438)|SYSTEM_MODE_ENTER|false
07:08:26.0 (20233451)|HEAP_ALLOCATE|[6]|Bytes:5
07:08:26.0 (20240328)|STATEMENT_EXECUTE|[5]
07:08:26.0 (20245641)|STATEMENT_EXECUTE|[7]
07:08:26.0 (21313326)|HEAP_ALLOCATE|[7]|Bytes:20
07:08:26.0 (21355333)|VARIABLE_ASSIGNMENT|[7]|PAW_YearEnd_Config.setting|{"IsDeleted":false,"Name":"Year End PAW Setting (11 more) ...","SetupOwnerId":"00529000000zYiyAAE","Year_End_Mode_Enable (4 more) ...":false}|0x310d6f0a
07:08:26.0 (21363077)|STATEMENT_EXECUTE|[9]
07:08:26.0 (21366259)|HEAP_ALLOCATE|[9]|Bytes:14
07:08:26.0 (21522963)|HEAP_ALLOCATE|[9]|Bytes:145
07:08:26.0 (21545108)|HEAP_ALLOCATE|[9]|Bytes:159
07:08:26.0 (21564357)|USER_DEBUG|[9]|DEBUG|>>> setting : Year_End_PAW_Settings__c:{IsDeleted=false, Name=Year End PAW Settings (Profile), SetupOwnerId=00529000000zYiyAAE, Year_End_Mode_Enabled__c=false}
07:08:26.0 (21572552)|STATEMENT_EXECUTE|[10]
07:08:26.0 (21577663)|SYSTEM_MODE_EXIT|false
07:08:26.0 (21585273)|METHOD_EXIT|[3]|01p29000000Aswf|PAW_YearEnd_Config.fetch()
07:08:26.0 (21620618)|VARIABLE_ASSIGNMENT|[3]|PAW_New_EditCntrllr.yearEndMode|false
07:08:26.0 (21625086)|STATEMENT_EXECUTE|[522]
07:08:26.0 (21629988)|METHOD_EXIT|[1]|PAW_New_EditCntrllr
07:08:26.0 (22830610)|SYSTEM_MODE_ENTER|true
07:08:26.0 (24276060)|SYSTEM_MODE_ENTER|true
07:08:26.0 (24328124)|HEAP_ALLOCATE|[EXTERNAL]|Bytes:476
07:08:26.0 (24336806)|HEAP_ALLOCATE|[EXTERNAL]|Bytes:71
07:08:26.0 (29765884)|SYSTEM_MODE_ENTER|true
07:08:26.0 (29824142)|SYSTEM_MODE_ENTER|true
07:08:26.0 (34387703)|SYSTEM_MODE_ENTER|true
07:08:26.0 (34578381)|HEAP_ALLOCATE|[EXTERNAL]|Bytes:112
07:08:26.0 (34587946)|VARIABLE_SCOPE_BEGIN|[215]|this|PAW_New_EditCntrllr|true|false
07:08:26.0 (34683851)|VARIABLE_ASSIGNMENT|[215]|this|{"cmpnyRateAdjstmntMap":"0x54a056f5","estmtCnrgDaysMap":"0x3aad93dd","estmtCvrgeDaysObj":"0x26ba19c7","faciltyOptions":"0x774c352","fcltyPrgmMap":"0x51353ab7","fcltyPrgrmOptions":"0x7506837","idToOwnershipFacilit (4 more) ...":"0x71d22d3b","idToTypeFacilityMap":"0x509d1e00","insrncBnftMap":"0x28057626","insrncBnftOptions":"0x2c10b2c1","isIop":false,"isTalbott":false,"meta":"0x4c4bf98d","oppId":"00629000004NTeZ","pawObj":"0x749e931a","ptntInsrnceOptions":"0x77296fe9","ptntInsrncMap":"0x5e065d77","ptntInsrncObj":"0x45375d8a","quoteObj":"0x4d1250ab","recordId":"00629000004NTeZ","rtAdjstmntOptions":"0x4d941c50","showPILookup":false,"sObjectQueryStr":"","wrprObj":"0x2a97a13f"}|0x7ec32133
07:08:26.0 (34702136)|STATEMENT_EXECUTE|[215]
07:08:26.0 (34703739)|STATEMENT_EXECUTE|[216]
07:08:26.0 (34741479)|STATEMENT_EXECUTE|[217]
07:08:26.0 (34752096)|HEAP_ALLOCATE|[217]|Bytes:12
07:08:26.0 (34797742)|HEAP_ALLOCATE|[EXTERNAL]|Bytes:4
07:08:26.0 (34870218)|VARIABLE_ASSIGNMENT|[EXTERNAL]|this|{"cmpnyRateAdjstmntMap":"0x54a056f5","estmtCnrgDaysMap":"0x3aad93dd","estmtCvrgeDaysObj":"0x26ba19c7","faciltyOptions":"0x774c352","fcltyPrgmMap":"0x51353ab7","fcltyPrgrmOptions":"0x7506837","idToOwnershipFacilit (4 more) ...":"0x71d22d3b","idToTypeFacilityMap":"0x509d1e00","insrncBnftMap":"0x28057626","insrncBnftOptions":"0x2c10b2c1","isIop":false,"isTalbott":false,"meta":"0x4c4bf98d","oppId":"00629000004NTeZ","pawObj":"0x749e931a","ptntInsrnceOptions":"0x77296fe9","ptntInsrncMap":"0x5e065d77","ptntInsrncObj":"0x45375d8a","quoteObj":"0x4d1250ab","recordId":"00629000004NTeZ","rtAdjstmntOptions":"0x4d941c50","showPILookup":false,"sObjectQueryStr":"","wrprObj":"0x2a97a13f"}|0x7ec32133
07:08:26.0 (34887900)|STATEMENT_EXECUTE|[218]
07:08:26.0 (34889236)|STATEMENT_EXECUTE|[219]
07:08:26.0 (34914473)|HEAP_ALLOCATE|[219]|Bytes:4
07:08:26.0 (34920166)|HEAP_ALLOCATE|[219]|Bytes:1083
07:08:26.0 (34929474)|HEAP_ALLOCATE|[219]|Bytes:4
07:08:26.0 (34939649)|HEAP_ALLOCATE|[219]|Bytes:7
07:08:26.0 (35000856)|VARIABLE_ASSIGNMENT|[EXTERNAL]|this|{"cmpnyRateAdjstmntMap":"0x54a056f5","estmtCnrgDaysMap":"0x3aad93dd","estmtCvrgeDaysObj":"0x26ba19c7","faciltyOptions":"0x774c352","fcltyPrgmMap":"0x51353ab7","fcltyPrgrmOptions":"0x7506837","idToOwnershipFacilit (4 more) ...":"0x71d22d3b","idToTypeFacilityMap":"0x509d1e00","insrncBnftMap":"0x28057626","insrncBnftOptions":"0x2c10b2c1","isIop":false,"isTalbott":false,"meta":"0x4c4bf98d","oppId":"00629000004NTeZ","pawObj":"0x749e931a","ptntInsrnceOptions":"0x77296fe9","ptntInsrncMap":"0x5e065d77","ptntInsrncObj":"0x45375d8a","quoteObj":"0x4d1250ab","recordId":"00629000004NTeZ","rtAdjstmntOptions":"0x4d941c50","showPILookup":false,"sObjectQueryStr":"","wrprObj":"0x2a97a13f"}|0x7ec32133
07:08:26.0 (37652984)|SOQL_EXECUTE_BEGIN|[219]|Aggregations:0|SELECT Id, Name, RecordType.Name, Uncovered_Charges__c, Patient_Insurance__r.Accepts_Assignment_of_Benefits__c, Patient_Insurance__r.Opportunity__c, Patient_Insurance__r.Accreditation__c, Patient_Insurance__r.Insurance_Company__r.Name, PHP_Admit_Co_Payment__c, Detox_Admit_Co_Payment__c, RTC_Admit_Co_Payment__c, Deductible__c, Deductible_Met__c, IOP_Admit_Co_Payment__c, Max_Out_of_Pocket_Remaining__c, Insurance_Company_is_Out_of_Network__c, Annual_Max_Remaining__c, Deductible_Remaining__c, Detox_Pays_at__c, Detox_Over__c, RTC_Pays_at__c, Residential_Treatment_Override__c, PHP_Pays_at__c, Partial_Hospitalization_Override__c, IOP_Pays_at__c, Intensive_Outpatient_Override__c, Num_Days_Uncovered__c, Num_Days_Room__c, Uncovered_Days_Rate__c, Room_and_Board_Days_Rate__c, Uncovered_Days_Override__c, Room_and_Board_Days_Override__c, Deductible_Included_in_OOP__c, Uncovered_Days__c, Lifetime_Max__c, Lifetime_Max_Met__c, Annual_Max__c, Annual_Max_Met__c, Max_Out_of_Pocket__c, Max_Out_of_Pocket_Met__c, Co_Pay_Met__c FROM Insurance_Benefit__c WHERE Patient_Insurance__c = :tmpVar1
07:08:26.0 (50019457)|SOQL_EXECUTE_END|[219]|Rows:2
07:08:26.0 (50042130)|HEAP_ALLOCATE|[219]|Bytes:12
07:08:26.0 (50087342)|HEAP_ALLOCATE|[219]|Bytes:2986
07:08:26.0 (50140842)|HEAP_ALLOCATE|[219]|Bytes:12
07:08:26.0 (50178290)|HEAP_ALLOCATE|[219]|Bytes:108
07:08:26.0 (50188529)|HEAP_ALLOCATE|[219]|Bytes:4
07:08:26.0 (50193702)|HEAP_ALLOCATE|[219]|Bytes:108
07:08:26.0 (50197612)|HEAP_ALLOCATE|[219]|Bytes:4
07:08:26.0 (50270776)|VARIABLE_ASSIGNMENT|[219]|this.insrncBnftMap|{"a1H29000000pRTUEA2":{"Id":"a1H29000000pRTUEA2","Name":"Insurance Benefit 75 (2 more) ...","RecordTypeId":"012j00000015GS6AAM","Patient_Insurance__c":"a1b29000000lvHQAAY","PHP_Admit_Co_Payment (3 more) ...":0.00,"Deductible__c":5000.00,"Deductible_Met__c":0.00,"Max_Out_of_Pocket_Re (10 more) ...":10000.00,"Insurance_Company_is (18 more) ...":false,"Annual_Max_Remaining (3 more) ...":1000000,"Deductible_Remaining (3 more) ...":5000.00,"Detox_Pays_at__c":80.00,"RTC_Pays_at__c":80.00,"PHP_Pays_at__c":80.00,"IOP_Pays_at__c":80.00,"Uncovered_Days_Rate_ (2 more) ...":630.00,"Room_and_Board_Days_ (7 more) ...":2000.00,"Deductible_Included_ (9 more) ...":"Yes","Lifetime_Max__c":1000000.00,"Lifetime_Max_Met__c":0.00,"Annual_Max__c":1000000.00,"Annual_Max_Met__c":0.00,"Max_Out_of_Pocket__c":10000.00,"Max_Out_of_Pocket_Me (4 more) ...":0.00,"RecordType":{"Name":"In Network","Id":"012j00000015GS6AAM"},"Patient_Insurance__r":{"Opportunity__c":"00629000004NTeZAAW","Accreditation__c":"State","Insurance_Company__c":"0012900000AXSP3AAP","Id":"a1b29000000lvHQAAY","Insurance_Company__r":{"Name":"Value Options/Beacon (7 more) ...","Id":"0012900000AXSP3AAP","RecordTypeId":"012j00000015GRqAAM"}}},"a1H29000000pRTZEA2":{"Id":"a1H29000000pRTZEA2","Name":"Insurance Benefit 75 (2 more) ...","RecordTypeId":"012j00000015GS7AAM","Patient_Insurance__c":"a1b29000000lvHQAAY","PHP_Admit_Co_Payment (3 more) ...":0.00,"Deductible__c":10000.00,"Deductible_Met__c":0.00,"Max_Out_of_Pocket_Re (10 more) ...":20000.00,"Insurance_Company_is (18 more) ...":false,"Annual_Max_Remaining (3 more) ...":1000000,"Deductible_Remaining (3 more) ...":10000.00,"Detox_Pays_at__c":60.00,"RTC_Pays_at__c":60.00,"PHP_Pays_at__c":60.00,"IOP_Pays_at__c":60.00,"Uncovered_Days_Rate_ (2 more) ...":630.00,"Room_and_Board_Days_ (7 more) ...":2000.00,"Deductible_Included_ (9 more) ...":"Yes","Lifetime_Max__c":1000000.00,"Lifetime_Max_Met__c":0.00,"Annual_Max__c":1000000.00,"Annual_Max_Met__c":0.00,"Max_Out_of_Pocket__c":20000.00,"Max_Out_of_Pocket_Me (4 more) ...":0.00,"RecordType":{"Name":"Out of Network","Id":"012j00000015GS7AAM"},"Patient_Insurance__r":{"Opportunity__c":"00629000004NTeZAAW","Accreditation__c":"State","Insurance_Company__c":"0012900000AXSP3AAP","Id":"a1b29000000lvHQAAY","Insurance_Company__r":{"Name":"Value Options/Beacon (7 more) ...","Id":"0012900000AXSP3AAP","RecordTypeId":"012j00000015GRqAAM"}}}}|0x7ec32133
07:08:26.0 (50335828)|HEAP_ALLOCATE|[EXTERNAL]|Bytes:12
07:08:26.0 (50360366)|HEAP_ALLOCATE|[263]|Bytes:2996
07:08:26.0 (50496336)|HEAP_ALLOCATE|[263]|Bytes:5
07:08:26.0 (50510954)|HEAP_ALLOCATE|[263]|Bytes:108
07:08:26.0 (50519379)|VARIABLE_SCOPE_BEGIN|[263]|insrncBnftInstance|Insurance_Benefit__c|true|false
07:08:26.0 (50553959)|VARIABLE_ASSIGNMENT|[263]|insrncBnftInstance|{"Id":"a1H29000000pRTUEA2","Name":"Insurance Benefit 75 (2 more) ...","RecordTypeId":"012j00000015GS6AAM","Patient_Insurance__c":"a1b29000000lvHQAAY","PHP_Admit_Co_Payment (3 more) ...":0.00,"Deductible__c":5000.00,"Deductible_Met__c":0.00,"Max_Out_of_Pocket_Re (10 more) ...":10000.00,"Insurance_Company_is (18 more) ...":false,"Annual_Max_Remaining (3 more) ...":1000000,"Deductible_Remaining (3 more) ...":5000.00,"Detox_Pays_at__c":80.00,"RTC_Pays_at__c":80.00,"PHP_Pays_at__c":80.00,"IOP_Pays_at__c":80.00,"Uncovered_Days_Rate_ (2 more) ...":630.00,"Room_and_Board_Days_ (7 more) ...":2000.00,"Deductible_Included_ (9 more) ...":"Yes","Lifetime_Max__c":1000000.00,"Lifetime_Max_Met__c":0.00,"Annual_Max__c":1000000.00,"Annual_Max_Met__c":0.00,"Max_Out_of_Pocket__c":10000.00,"Max_Out_of_Pocket_Me (4 more) ...":0.00,"RecordType":{"Name":"In Network","Id":"012j00000015GS6AAM"},"Patient_Insurance__r":{"Opportunity__c":"00629000004NTeZAAW","Accreditation__c":"State","Insurance_Company__c":"0012900000AXSP3AAP","Id":"a1b29000000lvHQAAY","Insurance_Company__r":{"Name":"Value Options/Beacon (7 more) ...","Id":"0012900000AXSP3AAP","RecordTypeId":"012j00000015GRqAAM"}}}|0x6a45d6a8
07:08:26.0 (50572568)|STATEMENT_EXECUTE|[263]
07:08:26.0 (50573957)|STATEMENT_EXECUTE|[264]
07:08:26.0 (50615182)|HEAP_ALLOCATE|[264]|Bytes:18
07:08:26.0 (50662229)|HEAP_ALLOCATE|[264]|Bytes:3
07:08:26.0 (50679057)|HEAP_ALLOCATE|[264]|Bytes:35
07:08:26.0 (50727457)|HEAP_ALLOCATE|[EXTERNAL]|Bytes:4
07:08:26.0 (50740842)|HEAP_ALLOCATE|[263]|Bytes:5
07:08:26.0 (50750213)|HEAP_ALLOCATE|[263]|Bytes:108
07:08:26.0 (50756176)|VARIABLE_SCOPE_BEGIN|[263]|insrncBnftInstance|Insurance_Benefit__c|true|false
07:08:26.0 (50789907)|VARIABLE_ASSIGNMENT|[263]|insrncBnftInstance|{"Id":"a1H29000000pRTZEA2","Name":"Insurance Benefit 75 (2 more) ...","RecordTypeId":"012j00000015GS7AAM","Patient_Insurance__c":"a1b29000000lvHQAAY","PHP_Admit_Co_Payment (3 more) ...":0.00,"Deductible__c":10000.00,"Deductible_Met__c":0.00,"Max_Out_of_Pocket_Re (10 more) ...":20000.00,"Insurance_Company_is (18 more) ...":false,"Annual_Max_Remaining (3 more) ...":1000000,"Deductible_Remaining (3 more) ...":10000.00,"Detox_Pays_at__c":60.00,"RTC_Pays_at__c":60.00,"PHP_Pays_at__c":60.00,"IOP_Pays_at__c":60.00,"Uncovered_Days_Rate_ (2 more) ...":630.00,"Room_and_Board_Days_ (7 more) ...":2000.00,"Deductible_Included_ (9 more) ...":"Yes","Lifetime_Max__c":1000000.00,"Lifetime_Max_Met__c":0.00,"Annual_Max__c":1000000.00,"Annual_Max_Met__c":0.00,"Max_Out_of_Pocket__c":20000.00,"Max_Out_of_Pocket_Me (4 more) ...":0.00,"RecordType":{"Name":"Out of Network","Id":"012j00000015GS7AAM"},"Patient_Insurance__r":{"Opportunity__c":"00629000004NTeZAAW","Accreditation__c":"State","Insurance_Company__c":"0012900000AXSP3AAP","Id":"a1b29000000lvHQAAY","Insurance_Company__r":{"Name":"Value Options/Beacon (7 more) ...","Id":"0012900000AXSP3AAP","RecordTypeId":"012j00000015GRqAAM"}}}|0x8f44dfe
07:08:26.0 (50807399)|STATEMENT_EXECUTE|[263]
07:08:26.0 (50808471)|STATEMENT_EXECUTE|[264]
07:08:26.0 (50819326)|HEAP_ALLOCATE|[264]|Bytes:18
07:08:26.0 (50836422)|HEAP_ALLOCATE|[264]|Bytes:39
07:08:26.0 (50847176)|HEAP_ALLOCATE|[EXTERNAL]|Bytes:4
07:08:26.0 (50856220)|HEAP_ALLOCATE|[263]|Bytes:5
07:08:26.0 (50864789)|VARIABLE_ASSIGNMENT|[263]|insrncBnftInstance|null|
07:08:26.0 (50945729)|VARIABLE_ASSIGNMENT|[EXTERNAL]|this|{"cmpnyRateAdjstmntMap":"0x54a056f5","estmtCnrgDaysMap":"0x3aad93dd","estmtCvrgeDaysObj":"0x26ba19c7","faciltyOptions":"0x774c352","fcltyPrgmMap":"0x51353ab7","fcltyPrgrmOptions":"0x7506837","idToOwnershipFacilit (4 more) ...":"0x71d22d3b","idToTypeFacilityMap":"0x509d1e00","insrncBnftMap":"0x54b05e92","insrncBnftOptions":"0x2c10b2c1","isIop":false,"isTalbott":false,"meta":"0x4c4bf98d","oppId":"00629000004NTeZ","pawObj":"0x749e931a","ptntInsrnceOptions":"0x77296fe9","ptntInsrncMap":"0x5e065d77","ptntInsrncObj":"0x45375d8a","quoteObj":"0x4d1250ab","recordId":"00629000004NTeZ","rtAdjstmntOptions":"0x4d941c50","showPILookup":false,"sObjectQueryStr":"","wrprObj":"0x2a97a13f"}|0x7ec32133
07:08:26.0 (51037924)|VARIABLE_ASSIGNMENT|[EXTERNAL]|this|{"facilitySelected":"001j000000NqKMtAAN","fcltyPrgrmSelected":"a1B290000003SEdEAM","insrncBnft":"0x322f8253","insrncBnftSelected":"a1H29000000pRTUEA2","pawDetailListDisplay (4 more) ...":false,"pyAgrmntWrksht":"0x192eafe8","rateAdjstmntSelected":"a1I29000000HR5FEAW","relatedPAWDetailsLis (1 more) ...":"0x4c2c54c6","targetEDR":0.00,"totalAppliedDeductib (2 more) ...":0.00,"totalCoInsurance":0.00,"totalCoPayAmt":0.00,"totalInsCoResp":0.00,"totalInsEIVAmt":0.00,"totalRowCount":20,"totalTalbottDay":0}|0x2a97a13f
07:08:26.0 (51101265)|VARIABLE_ASSIGNMENT|[EXTERNAL]|this|{"cmpnyRateAdjstmntMap":"0x54a056f5","estmtCnrgDaysMap":"0x3aad93dd","estmtCvrgeDaysObj":"0x26ba19c7","faciltyOptions":"0x774c352","fcltyPrgmMap":"0x51353ab7","fcltyPrgrmOptions":"0x7506837","idToOwnershipFacilit (4 more) ...":"0x71d22d3b","idToTypeFacilityMap":"0x509d1e00","insrncBnftMap":"0x54b05e92","insrncBnftOptions":"0x2c10b2c1","isIop":false,"isTalbott":false,"meta":"0x4c4bf98d","oppId":"00629000004NTeZ","pawObj":"0x749e931a","ptntInsrnceOptions":"0x77296fe9","ptntInsrncMap":"0x5e065d77","ptntInsrncObj":"0x45375d8a","quoteObj":"0x4d1250ab","recordId":"00629000004NTeZ","rtAdjstmntOptions":"0x4d941c50","showPILookup":false,"sObjectQueryStr":"","wrprObj":"0x2a97a13f"}|0x7ec32133
07:08:26.0 (51148079)|VARIABLE_ASSIGNMENT|[EXTERNAL]|this|{"facilitySelected":"001j000000NqKMtAAN","fcltyPrgrmSelected":"a1B290000003SEdEAM","insrncBnft":"0x322f8253","insrncBnftSelected":"a1H29000000pRTUEA2","pawDetailListDisplay (4 more) ...":false,"pyAgrmntWrksht":"0x192eafe8","rateAdjstmntSelected":"a1I29000000HR5FEAW","relatedPAWDetailsLis (1 more) ...":"0x4c2c54c6","targetEDR":0.00,"totalAppliedDeductib (2 more) ...":0.00,"totalCoInsurance":0.00,"totalCoPayAmt":0.00,"totalInsCoResp":0.00,"totalInsEIVAmt":0.00,"totalRowCount":20,"totalTalbottDay":0}|0x2a97a13f
07:08:26.0 (51179875)|STATEMENT_EXECUTE|[267]
07:08:26.0 (51181415)|STATEMENT_EXECUTE|[268]
07:08:26.0 (51236321)|VARIABLE_ASSIGNMENT|[EXTERNAL]|this|{"cmpnyRateAdjstmntMap":"0x54a056f5","estmtCnrgDaysMap":"0x3aad93dd","estmtCvrgeDaysObj":"0x26ba19c7","faciltyOptions":"0x774c352","fcltyPrgmMap":"0x51353ab7","fcltyPrgrmOptions":"0x7506837","idToOwnershipFacilit (4 more) ...":"0x71d22d3b","idToTypeFacilityMap":"0x509d1e00","insrncBnftMap":"0x54b05e92","insrncBnftOptions":"0x2c10b2c1","isIop":false,"isTalbott":false,"meta":"0x4c4bf98d","oppId":"00629000004NTeZ","pawObj":"0x749e931a","ptntInsrnceOptions":"0x77296fe9","ptntInsrncMap":"0x5e065d77","ptntInsrncObj":"0x45375d8a","quoteObj":"0x4d1250ab","recordId":"00629000004NTeZ","rtAdjstmntOptions":"0x4d941c50","showPILookup":false,"sObjectQueryStr":"","wrprObj":"0x2a97a13f"}|0x7ec32133
07:08:26.0 (51282229)|VARIABLE_ASSIGNMENT|[EXTERNAL]|this|{"facilitySelected":"001j000000NqKMtAAN","fcltyPrgrmSelected":"a1B290000003SEdEAM","insrncBnft":"0x322f8253","insrncBnftSelected":"a1H29000000pRTUEA2","pawDetailListDisplay (4 more) ...":false,"pyAgrmntWrksht":"0x192eafe8","rateAdjstmntSelected":"a1I29000000HR5FEAW","relatedPAWDetailsLis (1 more) ...":"0x4c2c54c6","targetEDR":0.00,"totalAppliedDeductib (2 more) ...":0.00,"totalCoInsurance":0.00,"totalCoPayAmt":0.00,"totalInsCoResp":0.00,"totalInsEIVAmt":0.00,"totalRowCount":20,"totalTalbottDay":0}|0x2a97a13f
07:08:26.0 (51362417)|VARIABLE_ASSIGNMENT|[EXTERNAL]|this|{"cmpnyRateAdjstmntMap":"0x54a056f5","estmtCnrgDaysMap":"0x3aad93dd","estmtCvrgeDaysObj":"0x26ba19c7","faciltyOptions":"0x774c352","fcltyPrgmMap":"0x51353ab7","fcltyPrgrmOptions":"0x7506837","idToOwnershipFacilit (4 more) ...":"0x71d22d3b","idToTypeFacilityMap":"0x509d1e00","insrncBnftMap":"0x54b05e92","insrncBnftOptions":"0x2c10b2c1","isIop":false,"isTalbott":false,"meta":"0x4c4bf98d","oppId":"00629000004NTeZ","pawObj":"0x749e931a","ptntInsrnceOptions":"0x77296fe9","ptntInsrncMap":"0x5e065d77","ptntInsrncObj":"0x45375d8a","quoteObj":"0x4d1250ab","recordId":"00629000004NTeZ","rtAdjstmntOptions":"0x4d941c50","showPILookup":false,"sObjectQueryStr":"","wrprObj":"0x2a97a13f"}|0x7ec32133
07:08:26.0 (51417797)|VARIABLE_ASSIGNMENT|[EXTERNAL]|this|{"facilitySelected":"001j000000NqKMtAAN","fcltyPrgrmSelected":"a1B290000003SEdEAM","insrncBnft":"0x322f8253","insrncBnftSelected":"a1H29000000pRTUEA2","pawDetailListDisplay (4 more) ...":false,"pyAgrmntWrksht":"0x192eafe8","rateAdjstmntSelected":"a1I29000000HR5FEAW","relatedPAWDetailsLis (1 more) ...":"0x4c2c54c6","targetEDR":0.00,"totalAppliedDeductib (2 more) ...":0.00,"totalCoInsurance":0.00,"totalCoPayAmt":0.00,"totalInsCoResp":0.00,"totalInsEIVAmt":0.00,"totalRowCount":20,"totalTalbottDay":0}|0x2a97a13f
07:08:26.0 (51455158)|VARIABLE_ASSIGNMENT|[EXTERNAL]|value|{"Id":"a1H29000000pRTUEA2","Name":"Insurance Benefit 75 (2 more) ...","RecordTypeId":"012j00000015GS6AAM","Patient_Insurance__c":"a1b29000000lvHQAAY","PHP_Admit_Co_Payment (3 more) ...":0.00,"Deductible__c":5000.00,"Deductible_Met__c":0.00,"Max_Out_of_Pocket_Re (10 more) ...":10000.00,"Insurance_Company_is (18 more) ...":false,"Annual_Max_Remaining (3 more) ...":1000000,"Deductible_Remaining (3 more) ...":5000.00,"Detox_Pays_at__c":80.00,"RTC_Pays_at__c":80.00,"PHP_Pays_at__c":80.00,"IOP_Pays_at__c":80.00,"Uncovered_Days_Rate_ (2 more) ...":630.00,"Room_and_Board_Days_ (7 more) ...":2000.00,"Deductible_Included_ (9 more) ...":"Yes","Lifetime_Max__c":1000000.00,"Lifetime_Max_Met__c":0.00,"Annual_Max__c":1000000.00,"Annual_Max_Met__c":0.00,"Max_Out_of_Pocket__c":10000.00,"Max_Out_of_Pocket_Me (4 more) ...":0.00,"RecordType":{"Name":"In Network","Id":"012j00000015GS6AAM"},"Patient_Insurance__r":{"Opportunity__c":"00629000004NTeZAAW","Accreditation__c":"State","Insurance_Company__c":"0012900000AXSP3AAP","Id":"a1b29000000lvHQAAY","Insurance_Company__r":{"Name":"Value Options/Beacon (7 more) ...","Id":"0012900000AXSP3AAP","RecordTypeId":"012j00000015GRqAAM"}}}|0x6a45d6a8
07:08:26.0 (51496401)|VARIABLE_ASSIGNMENT|[524]|this.insrncBnft|{"Id":"a1H29000000pRTUEA2","Name":"Insurance Benefit 75 (2 more) ...","RecordTypeId":"012j00000015GS6AAM","Patient_Insurance__c":"a1b29000000lvHQAAY","PHP_Admit_Co_Payment (3 more) ...":0.00,"Deductible__c":5000.00,"Deductible_Met__c":0.00,"Max_Out_of_Pocket_Re (10 more) ...":10000.00,"Insurance_Company_is (18 more) ...":false,"Annual_Max_Remaining (3 more) ...":1000000,"Deductible_Remaining (3 more) ...":5000.00,"Detox_Pays_at__c":80.00,"RTC_Pays_at__c":80.00,"PHP_Pays_at__c":80.00,"IOP_Pays_at__c":80.00,"Uncovered_Days_Rate_ (2 more) ...":630.00,"Room_and_Board_Days_ (7 more) ...":2000.00,"Deductible_Included_ (9 more) ...":"Yes","Lifetime_Max__c":1000000.00,"Lifetime_Max_Met__c":0.00,"Annual_Max__c":1000000.00,"Annual_Max_Met__c":0.00,"Max_Out_of_Pocket__c":10000.00,"Max_Out_of_Pocket_Me (4 more) ...":0.00,"RecordType":{"Name":"In Network","Id":"012j00000015GS6AAM"},"Patient_Insurance__r":{"Opportunity__c":"00629000004NTeZAAW","Accreditation__c":"State","Insurance_Company__c":"0012900000AXSP3AAP","Id":"a1b29000000lvHQAAY","Insurance_Company__r":{"Name":"Value Options/Beacon (7 more) ...","Id":"0012900000AXSP3AAP","RecordTypeId":"012j00000015GRqAAM"}}}|0x2a97a13f
07:08:26.0 (51515713)|STATEMENT_EXECUTE|[272]
07:08:26.0 (52000891)|SYSTEM_MODE_ENTER|true
07:08:26.0 (52130799)|SYSTEM_MODE_ENTER|true
07:08:26.0 (52158145)|HEAP_ALLOCATE|[EXTERNAL]|Bytes:112
07:08:26.0 (52165814)|VARIABLE_SCOPE_BEGIN|[379]|this|PAW_New_EditCntrllr|true|false
07:08:26.0 (52227136)|VARIABLE_ASSIGNMENT|[379]|this|{"cmpnyRateAdjstmntMap":"0x54a056f5","estmtCnrgDaysMap":"0x3aad93dd","estmtCvrgeDaysObj":"0x26ba19c7","faciltyOptions":"0x774c352","fcltyPrgmMap":"0x51353ab7","fcltyPrgrmOptions":"0x7506837","idToOwnershipFacilit (4 more) ...":"0x71d22d3b","idToTypeFacilityMap":"0x509d1e00","insrncBnftMap":"0x54b05e92","insrncBnftOptions":"0x2c10b2c1","isIop":false,"isTalbott":false,"meta":"0x4c4bf98d","oppId":"00629000004NTeZ","pawObj":"0x749e931a","ptntInsrnceOptions":"0x77296fe9","ptntInsrncMap":"0x5e065d77","ptntInsrncObj":"0x45375d8a","quoteObj":"0x4d1250ab","recordId":"00629000004NTeZ","rtAdjstmntOptions":"0x4d941c50","showPILookup":false,"sObjectQueryStr":"","wrprObj":"0x2a97a13f"}|0x7ec32133
07:08:26.0 (52242476)|STATEMENT_EXECUTE|[379]
07:08:26.0 (52244150)|STATEMENT_EXECUTE|[380]
07:08:26.0 (52254075)|HEAP_ALLOCATE|[380]|Bytes:4
07:08:26.0 (52298519)|HEAP_ALLOCATE|[EXTERNAL]|Bytes:4
07:08:26.0 (52307708)|VARIABLE_ASSIGNMENT|[380]|this.rtAdjstmntOptions|[]|0x7ec32133
07:08:26.0 (52312204)|STATEMENT_EXECUTE|[381]
07:08:26.0 (52319032)|HEAP_ALLOCATE|[381]|Bytes:8
07:08:26.0 (52357396)|HEAP_ALLOCATE|[EXTERNAL]|Bytes:4
07:08:26.0 (52429518)|VARIABLE_ASSIGNMENT|[EXTERNAL]|this|{"cmpnyRateAdjstmntMap":"0x54a056f5","estmtCnrgDaysMap":"0x3aad93dd","estmtCvrgeDaysObj":"0x26ba19c7","faciltyOptions":"0x774c352","fcltyPrgmMap":"0x51353ab7","fcltyPrgrmOptions":"0x7506837","idToOwnershipFacilit (4 more) ...":"0x71d22d3b","idToTypeFacilityMap":"0x509d1e00","insrncBnftMap":"0x54b05e92","insrncBnftOptions":"0x2c10b2c1","isIop":false,"isTalbott":false,"meta":"0x4c4bf98d","oppId":"00629000004NTeZ","pawObj":"0x749e931a","ptntInsrnceOptions":"0x77296fe9","ptntInsrncMap":"0x5e065d77","ptntInsrncObj":"0x45375d8a","quoteObj":"0x4d1250ab","recordId":"00629000004NTeZ","rtAdjstmntOptions":"0x185bb5d","showPILookup":false,"sObjectQueryStr":"","wrprObj":"0x2a97a13f"}|0x7ec32133
07:08:26.0 (52486854)|VARIABLE_ASSIGNMENT|[EXTERNAL]|this|{"facilitySelected":"001j000000NqKMtAAN","fcltyPrgrmSelected":"a1B290000003SEdEAM","insrncBnft":"0x6a45d6a8","insrncBnftSelected":"a1H29000000pRTUEA2","pawDetailListDisplay (4 more) ...":false,"pyAgrmntWrksht":"0x192eafe8","rateAdjstmntSelected":"a1I29000000HR5FEAW","relatedPAWDetailsLis (1 more) ...":"0x4c2c54c6","targetEDR":0.00,"totalAppliedDeductib (2 more) ...":0.00,"totalCoInsurance":0.00,"totalCoPayAmt":0.00,"totalInsCoResp":0.00,"totalInsEIVAmt":0.00,"totalRowCount":20,"totalTalbottDay":0}|0x2a97a13f
07:08:26.0 (52547901)|VARIABLE_ASSIGNMENT|[EXTERNAL]|this|{"cmpnyRateAdjstmntMap":"0x54a056f5","estmtCnrgDaysMap":"0x3aad93dd","estmtCvrgeDaysObj":"0x26ba19c7","faciltyOptions":"0x774c352","fcltyPrgmMap":"0x51353ab7","fcltyPrgrmOptions":"0x7506837","idToOwnershipFacilit (4 more) ...":"0x71d22d3b","idToTypeFacilityMap":"0x509d1e00","insrncBnftMap":"0x54b05e92","insrncBnftOptions":"0x2c10b2c1","isIop":false,"isTalbott":false,"meta":"0x4c4bf98d","oppId":"00629000004NTeZ","pawObj":"0x749e931a","ptntInsrnceOptions":"0x77296fe9","ptntInsrncMap":"0x5e065d77","ptntInsrncObj":"0x45375d8a","quoteObj":"0x4d1250ab","recordId":"00629000004NTeZ","rtAdjstmntOptions":"0x185bb5d","showPILookup":false,"sObjectQueryStr":"","wrprObj":"0x2a97a13f"}|0x7ec32133
07:08:26.0 (52594377)|VARIABLE_ASSIGNMENT|[EXTERNAL]|this|{"facilitySelected":"001j000000NqKMtAAN","fcltyPrgrmSelected":"a1B290000003SEdEAM","insrncBnft":"0x6a45d6a8","insrncBnftSelected":"a1H29000000pRTUEA2","pawDetailListDisplay (4 more) ...":false,"pyAgrmntWrksht":"0x192eafe8","rateAdjstmntSelected":"a1I29000000HR5FEAW","relatedPAWDetailsLis (1 more) ...":"0x4c2c54c6","targetEDR":0.00,"totalAppliedDeductib (2 more) ...":0.00,"totalCoInsurance":0.00,"totalCoPayAmt":0.00,"totalInsCoResp":0.00,"totalInsEIVAmt":0.00,"totalRowCount":20,"totalTalbottDay":0}|0x2a97a13f
07:08:26.0 (52657533)|VARIABLE_ASSIGNMENT|[EXTERNAL]|this|{"cmpnyRateAdjstmntMap":"0x54a056f5","estmtCnrgDaysMap":"0x3aad93dd","estmtCvrgeDaysObj":"0x26ba19c7","faciltyOptions":"0x774c352","fcltyPrgmMap":"0x51353ab7","fcltyPrgrmOptions":"0x7506837","idToOwnershipFacilit (4 more) ...":"0x71d22d3b","idToTypeFacilityMap":"0x509d1e00","insrncBnftMap":"0x54b05e92","insrncBnftOptions":"0x2c10b2c1","isIop":false,"isTalbott":false,"meta":"0x4c4bf98d","oppId":"00629000004NTeZ","pawObj":"0x749e931a","ptntInsrnceOptions":"0x77296fe9","ptntInsrncMap":"0x5e065d77","ptntInsrncObj":"0x45375d8a","quoteObj":"0x4d1250ab","recordId":"00629000004NTeZ","rtAdjstmntOptions":"0x185bb5d","showPILookup":false,"sObjectQueryStr":"","wrprObj":"0x2a97a13f"}|0x7ec32133
07:08:26.0 (52672334)|STATEMENT_EXECUTE|[382]
07:08:26.0 (52673495)|STATEMENT_EXECUTE|[383]
07:08:26.0 (52701032)|HEAP_ALLOCATE|[383]|Bytes:4
07:08:26.0 (52706830)|HEAP_ALLOCATE|[383]|Bytes:287
07:08:26.0 (52716397)|HEAP_ALLOCATE|[383]|Bytes:4
07:08:26.0 (52776374)|VARIABLE_ASSIGNMENT|[EXTERNAL]|this|{"cmpnyRateAdjstmntMap":"0x54a056f5","estmtCnrgDaysMap":"0x3aad93dd","estmtCvrgeDaysObj":"0x26ba19c7","faciltyOptions":"0x774c352","fcltyPrgmMap":"0x51353ab7","fcltyPrgrmOptions":"0x7506837","idToOwnershipFacilit (4 more) ...":"0x71d22d3b","idToTypeFacilityMap":"0x509d1e00","insrncBnftMap":"0x54b05e92","insrncBnftOptions":"0x2c10b2c1","isIop":false,"isTalbott":false,"meta":"0x4c4bf98d","oppId":"00629000004NTeZ","pawObj":"0x749e931a","ptntInsrnceOptions":"0x77296fe9","ptntInsrncMap":"0x5e065d77","ptntInsrncObj":"0x45375d8a","quoteObj":"0x4d1250ab","recordId":"00629000004NTeZ","rtAdjstmntOptions":"0x185bb5d","showPILookup":false,"sObjectQueryStr":"","wrprObj":"0x2a97a13f"}|0x7ec32133
07:08:26.0 (52818191)|HEAP_ALLOCATE|[383]|Bytes:7
07:08:26.0 (52874481)|VARIABLE_ASSIGNMENT|[EXTERNAL]|this|{"cmpnyRateAdjstmntMap":"0x54a056f5","estmtCnrgDaysMap":"0x3aad93dd","estmtCvrgeDaysObj":"0x26ba19c7","faciltyOptions":"0x774c352","fcltyPrgmMap":"0x51353ab7","fcltyPrgrmOptions":"0x7506837","idToOwnershipFacilit (4 more) ...":"0x71d22d3b","idToTypeFacilityMap":"0x509d1e00","insrncBnftMap":"0x54b05e92","insrncBnftOptions":"0x2c10b2c1","isIop":false,"isTalbott":false,"meta":"0x4c4bf98d","oppId":"00629000004NTeZ","pawObj":"0x749e931a","ptntInsrnceOptions":"0x77296fe9","ptntInsrncMap":"0x5e065d77","ptntInsrncObj":"0x45375d8a","quoteObj":"0x4d1250ab","recordId":"00629000004NTeZ","rtAdjstmntOptions":"0x185bb5d","showPILookup":false,"sObjectQueryStr":"","wrprObj":"0x2a97a13f"}|0x7ec32133
07:08:26.0 (52922080)|VARIABLE_ASSIGNMENT|[EXTERNAL]|this|{"facilitySelected":"001j000000NqKMtAAN","fcltyPrgrmSelected":"a1B290000003SEdEAM","insrncBnft":"0x6a45d6a8","insrncBnftSelected":"a1H29000000pRTUEA2","pawDetailListDisplay (4 more) ...":false,"pyAgrmntWrksht":"0x192eafe8","rateAdjstmntSelected":"a1I29000000HR5FEAW","relatedPAWDetailsLis (1 more) ...":"0x4c2c54c6","targetEDR":0.00,"totalAppliedDeductib (2 more) ...":0.00,"totalCoInsurance":0.00,"totalCoPayAmt":0.00,"totalInsCoResp":0.00,"totalInsEIVAmt":0.00,"totalRowCount":20,"totalTalbottDay":0}|0x2a97a13f
07:08:26.0 (53695548)|SOQL_EXECUTE_BEGIN|[383]|Aggregations:0|SELECT Id, Name, Type__c, Rate_Adjustment__c, In_Network_Rate_Adjustment__c, Out_of_Network_Rate_Adjustment__c, Active_Date__c, Term_Date__c FROM Insurance_Company_Rate_Adjustment__c WHERE (Insurance_Company__c = :tmpVar1 AND FRN_Facility__c = :tmpVar2) ORDER BY Type__c DESC NULLS FIRST
07:08:26.0 (60419210)|SOQL_EXECUTE_END|[383]|Rows:2
07:08:26.0 (60436820)|HEAP_ALLOCATE|[383]|Bytes:12
07:08:26.0 (60452725)|HEAP_ALLOCATE|[383]|Bytes:319
07:08:26.0 (60491340)|HEAP_ALLOCATE|[383]|Bytes:12
07:08:26.0 (60514471)|HEAP_ALLOCATE|[383]|Bytes:24
07:08:26.0 (60524091)|HEAP_ALLOCATE|[383]|Bytes:4
07:08:26.0 (60528083)|HEAP_ALLOCATE|[383]|Bytes:24
07:08:26.0 (60532128)|HEAP_ALLOCATE|[383]|Bytes:4
07:08:26.0 (60579693)|VARIABLE_ASSIGNMENT|[383]|this.cmpnyRateAdjstmntMap|{"a1I29000000HR5FEAW":{"Id":"a1I29000000HR5FEAW","Name":"Ins Co Rate Adjstmt  (5 more) ...","Type__c":"Contracted","Rate_Adjustment__c":3.00,"Active_Date__c":"2017-02-24T00:00:00.000Z"},"a1I29000000HR5EEAW":{"Id":"a1I29000000HR5EEAW","Name":"Ins Co Rate Adjstmt  (5 more) ...","Type__c":"OON","Rate_Adjustment__c":15.00,"Active_Date__c":"2017-02-24T00:00:00.000Z"}}|0x7ec32133
07:08:26.0 (60614347)|HEAP_ALLOCATE|[EXTERNAL]|Bytes:12
07:08:26.0 (60623551)|HEAP_ALLOCATE|[395]|Bytes:329
07:08:26.0 (60703955)|HEAP_ALLOCATE|[395]|Bytes:5
07:08:26.0 (60715149)|HEAP_ALLOCATE|[395]|Bytes:24
07:08:26.0 (60721808)|VARIABLE_SCOPE_BEGIN|[395]|rateAdjstmntInstance|Insurance_Company_Rate_Adjustment__c|true|false
07:08:26.0 (60741437)|VARIABLE_ASSIGNMENT|[395]|rateAdjstmntInstance|{"Id":"a1I29000000HR5FEAW","Name":"Ins Co Rate Adjstmt  (5 more) ...","Type__c":"Contracted","Rate_Adjustment__c":3.00,"Active_Date__c":"2017-02-24T00:00:00.000Z"}|0x2a0e686b
07:08:26.0 (60748368)|STATEMENT_EXECUTE|[395]
07:08:26.0 (60801077)|METHOD_ENTRY|[396]|01p0a000004sKzV|PAW_New_EditCntrllr.checkIfActive(Insurance_Company_Rate_Adjustment__c)
07:08:26.0 (60820067)|VARIABLE_SCOPE_BEGIN|[495]|this|PAW_New_EditCntrllr|true|false
07:08:26.0 (60882603)|VARIABLE_ASSIGNMENT|[495]|this|{"cmpnyRateAdjstmntMap":"0x1a3ebe85","estmtCnrgDaysMap":"0x3aad93dd","estmtCvrgeDaysObj":"0x26ba19c7","faciltyOptions":"0x774c352","fcltyPrgmMap":"0x51353ab7","fcltyPrgrmOptions":"0x7506837","idToOwnershipFacilit (4 more) ...":"0x71d22d3b","idToTypeFacilityMap":"0x509d1e00","insrncBnftMap":"0x54b05e92","insrncBnftOptions":"0x2c10b2c1","isIop":false,"isTalbott":false,"meta":"0x4c4bf98d","oppId":"00629000004NTeZ","pawObj":"0x749e931a","ptntInsrnceOptions":"0x77296fe9","ptntInsrncMap":"0x5e065d77","ptntInsrncObj":"0x45375d8a","quoteObj":"0x4d1250ab","recordId":"00629000004NTeZ","rtAdjstmntOptions":"0x185bb5d","showPILookup":false,"sObjectQueryStr":"","wrprObj":"0x2a97a13f"}|0x7ec32133
07:08:26.0 (60895959)|VARIABLE_SCOPE_BEGIN|[495]|pInsRateAdjustmentOnj|Insurance_Company_Rate_Adjustment__c|true|false
07:08:26.0 (60911200)|VARIABLE_ASSIGNMENT|[495]|pInsRateAdjustmentOnj|{"Id":"a1I29000000HR5FEAW","Name":"Ins Co Rate Adjstmt  (5 more) ...","Type__c":"Contracted","Rate_Adjustment__c":3.00,"Active_Date__c":"2017-02-24T00:00:00.000Z"}|0x2a0e686b
07:08:26.0 (60919122)|STATEMENT_EXECUTE|[495]
07:08:26.0 (60920410)|STATEMENT_EXECUTE|[496]
07:08:26.0 (60951959)|HEAP_ALLOCATE|[496]|Bytes:4
07:08:26.0 (60968067)|VARIABLE_SCOPE_BEGIN|[496]|todayDate|Date|false|false
07:08:26.0 (60981538)|VARIABLE_ASSIGNMENT|[496]|todayDate|"2018-01-17T00:00:00.000Z"
07:08:26.0 (61002050)|STATEMENT_EXECUTE|[497]
07:08:26.0 (61003890)|STATEMENT_EXECUTE|[498]
07:08:26.0 (61010128)|VARIABLE_SCOPE_BEGIN|[498]|endDate|Date|false|false
07:08:26.0 (61021407)|VARIABLE_ASSIGNMENT|[498]|endDate|"2018-01-17T00:00:00.000Z"
07:08:26.0 (61070556)|STATEMENT_EXECUTE|[499]
07:08:26.0 (61072024)|STATEMENT_EXECUTE|[500]
07:08:26.0 (61076255)|METHOD_EXIT|[396]|01p0a000004sKzV|PAW_New_EditCntrllr.checkIfActive(Insurance_Company_Rate_Adjustment__c)
07:08:26.0 (61081893)|STATEMENT_EXECUTE|[397]
07:08:26.0 (61103046)|HEAP_ALLOCATE|[397]|Bytes:18
07:08:26.0 (61142000)|HEAP_ALLOCATE|[EXTERNAL]|Bytes:4
07:08:26.0 (61155681)|HEAP_ALLOCATE|[395]|Bytes:5
07:08:26.0 (61164785)|HEAP_ALLOCATE|[395]|Bytes:24
07:08:26.0 (61170548)|VARIABLE_SCOPE_BEGIN|[395]|rateAdjstmntInstance|Insurance_Company_Rate_Adjustment__c|true|false
07:08:26.0 (61190119)|VARIABLE_ASSIGNMENT|[395]|rateAdjstmntInstance|{"Id":"a1I29000000HR5EEAW","Name":"Ins Co Rate Adjstmt  (5 more) ...","Type__c":"OON","Rate_Adjustment__c":15.00,"Active_Date__c":"2017-02-24T00:00:00.000Z"}|0x6a576bbb
07:08:26.0 (61196644)|STATEMENT_EXECUTE|[395]
07:08:26.0 (61207454)|METHOD_ENTRY|[396]|01p0a000004sKzV|PAW_New_EditCntrllr.checkIfActive(Insurance_Company_Rate_Adjustment__c)
07:08:26.0 (61213032)|VARIABLE_SCOPE_BEGIN|[495]|this|PAW_New_EditCntrllr|true|false
07:08:26.0 (61268616)|VARIABLE_ASSIGNMENT|[495]|this|{"cmpnyRateAdjstmntMap":"0x1a3ebe85","estmtCnrgDaysMap":"0x3aad93dd","estmtCvrgeDaysObj":"0x26ba19c7","faciltyOptions":"0x774c352","fcltyPrgmMap":"0x51353ab7","fcltyPrgrmOptions":"0x7506837","idToOwnershipFacilit (4 more) ...":"0x71d22d3b","idToTypeFacilityMap":"0x509d1e00","insrncBnftMap":"0x54b05e92","insrncBnftOptions":"0x2c10b2c1","isIop":false,"isTalbott":false,"meta":"0x4c4bf98d","oppId":"00629000004NTeZ","pawObj":"0x749e931a","ptntInsrnceOptions":"0x77296fe9","ptntInsrncMap":"0x5e065d77","ptntInsrncObj":"0x45375d8a","quoteObj":"0x4d1250ab","recordId":"00629000004NTeZ","rtAdjstmntOptions":"0x185bb5d","showPILookup":false,"sObjectQueryStr":"","wrprObj":"0x2a97a13f"}|0x7ec32133
07:08:26.0 (61280176)|VARIABLE_SCOPE_BEGIN|[495]|pInsRateAdjustmentOnj|Insurance_Company_Rate_Adjustment__c|true|false
07:08:26.0 (61293360)|VARIABLE_ASSIGNMENT|[495]|pInsRateAdjustmentOnj|{"Id":"a1I29000000HR5EEAW","Name":"Ins Co Rate Adjstmt  (5 more) ...","Type__c":"OON","Rate_Adjustment__c":15.00,"Active_Date__c":"2017-02-24T00:00:00.000Z"}|0x6a576bbb
07:08:26.0 (61300393)|STATEMENT_EXECUTE|[495]
07:08:26.0 (61301428)|STATEMENT_EXECUTE|[496]
07:08:26.0 (61310726)|HEAP_ALLOCATE|[496]|Bytes:4
07:08:26.0 (61321709)|VARIABLE_SCOPE_BEGIN|[496]|todayDate|Date|false|false
07:08:26.0 (61332797)|VARIABLE_ASSIGNMENT|[496]|todayDate|"2018-01-17T00:00:00.000Z"
07:08:26.0 (61339299)|STATEMENT_EXECUTE|[497]
07:08:26.0 (61340259)|STATEMENT_EXECUTE|[498]
07:08:26.0 (61344388)|VARIABLE_SCOPE_BEGIN|[498]|endDate|Date|false|false
07:08:26.0 (61353558)|VARIABLE_ASSIGNMENT|[498]|endDate|"2018-01-17T00:00:00.000Z"
07:08:26.0 (61370905)|STATEMENT_EXECUTE|[499]
07:08:26.0 (61371970)|STATEMENT_EXECUTE|[500]
07:08:26.0 (61375684)|METHOD_EXIT|[396]|01p0a000004sKzV|PAW_New_EditCntrllr.checkIfActive(Insurance_Company_Rate_Adjustment__c)
07:08:26.0 (61380193)|STATEMENT_EXECUTE|[397]
07:08:26.0 (61386964)|HEAP_ALLOCATE|[397]|Bytes:18
07:08:26.0 (61398488)|HEAP_ALLOCATE|[EXTERNAL]|Bytes:4
07:08:26.0 (61408434)|HEAP_ALLOCATE|[395]|Bytes:5
07:08:26.0 (61421526)|VARIABLE_ASSIGNMENT|[395]|rateAdjstmntInstance|null|
07:08:26.0 (61425700)|STATEMENT_EXECUTE|[400]
07:08:26.0 (61868772)|SYSTEM_MODE_ENTER|true
07:08:26.67 (67417977)|SYSTEM_MODE_ENTER|true
07:08:26.67 (67468341)|HEAP_ALLOCATE|[EXTERNAL]|Bytes:8
07:08:26.67 (67476084)|VARIABLE_SCOPE_BEGIN|[88]|this|ApexPage.PageMessagesComponentController|true|false
07:08:26.67 (67496414)|VARIABLE_ASSIGNMENT|[88]|this|{}|0x2a227237
07:08:26.67 (67502450)|VARIABLE_SCOPE_BEGIN|[88]|escape|Boolean|false|false
07:08:26.67 (67508526)|VARIABLE_ASSIGNMENT|[88]|escape|null
07:08:26.0 (67785871)|HEAP_ALLOCATE|[EXTERNAL]|Bytes:18
07:08:26.0 (67798831)|HEAP_ALLOCATE|[EXTERNAL]|Bytes:84
07:08:26.0 (67807410)|VARIABLE_ASSIGNMENT|[EXTERNAL]|this.insrncBnftSelected|"a1H29000000pRTUEA2"|0x2a97a13f
07:08:26.0 (67850825)|HEAP_ALLOCATE|[EXTERNAL]|Bytes:18
07:08:26.0 (67854462)|HEAP_ALLOCATE|[EXTERNAL]|Bytes:84
07:08:26.0 (67860042)|VARIABLE_ASSIGNMENT|[EXTERNAL]|this.facilitySelected|"001j000000NqKMtAAN"|0x2a97a13f
07:08:26.0 (67895690)|HEAP_ALLOCATE|[EXTERNAL]|Bytes:18
07:08:26.0 (67899091)|HEAP_ALLOCATE|[EXTERNAL]|Bytes:84
07:08:26.0 (67904136)|VARIABLE_ASSIGNMENT|[EXTERNAL]|this.rateAdjstmntSelected|"a1I29000000HR5FEAW"|0x2a97a13f
07:08:26.0 (67939258)|HEAP_ALLOCATE|[EXTERNAL]|Bytes:18
07:08:26.0 (67942646)|HEAP_ALLOCATE|[EXTERNAL]|Bytes:84
07:08:26.0 (67947222)|VARIABLE_ASSIGNMENT|[EXTERNAL]|this.fcltyPrgrmSelected|"a1B290000003SEdEAM"|0x2a97a13f
07:08:26.0 (72620748)|HEAP_ALLOCATE|[EXTERNAL]|Bytes:112
07:08:26.0 (72630479)|VARIABLE_SCOPE_BEGIN|[468]|this|PAW_New_EditCntrllr|true|false
07:08:26.0 (72695477)|VARIABLE_ASSIGNMENT|[468]|this|{"cmpnyRateAdjstmntMap":"0x1a3ebe85","estmtCnrgDaysMap":"0x3aad93dd","estmtCvrgeDaysObj":"0x26ba19c7","faciltyOptions":"0x774c352","fcltyPrgmMap":"0x51353ab7","fcltyPrgrmOptions":"0x7506837","idToOwnershipFacilit (4 more) ...":"0x71d22d3b","idToTypeFacilityMap":"0x509d1e00","insrncBnftMap":"0x54b05e92","insrncBnftOptions":"0x2c10b2c1","isIop":false,"isTalbott":false,"meta":"0x4c4bf98d","oppId":"00629000004NTeZ","pawObj":"0x749e931a","ptntInsrnceOptions":"0x77296fe9","ptntInsrncMap":"0x5e065d77","ptntInsrncObj":"0x45375d8a","quoteObj":"0x4d1250ab","recordId":"00629000004NTeZ","rtAdjstmntOptions":"0x185bb5d","showPILookup":false,"sObjectQueryStr":"","wrprObj":"0x2a97a13f"}|0x7ec32133
07:08:26.0 (72712255)|STATEMENT_EXECUTE|[468]
07:08:26.0 (72713668)|STATEMENT_EXECUTE|[470]
07:08:26.0 (72717086)|HEAP_ALLOCATE|[470]|Bytes:45
07:08:26.0 (72783459)|VARIABLE_ASSIGNMENT|[EXTERNAL]|this|{"cmpnyRateAdjstmntMap":"0x1a3ebe85","estmtCnrgDaysMap":"0x3aad93dd","estmtCvrgeDaysObj":"0x26ba19c7","faciltyOptions":"0x774c352","fcltyPrgmMap":"0x51353ab7","fcltyPrgrmOptions":"0x7506837","idToOwnershipFacilit (4 more) ...":"0x71d22d3b","idToTypeFacilityMap":"0x509d1e00","insrncBnftMap":"0x54b05e92","insrncBnftOptions":"0x2c10b2c1","isIop":false,"isTalbott":false,"meta":"0x4c4bf98d","oppId":"00629000004NTeZ","pawObj":"0x749e931a","ptntInsrnceOptions":"0x77296fe9","ptntInsrncMap":"0x5e065d77","ptntInsrncObj":"0x45375d8a","quoteObj":"0x4d1250ab","recordId":"00629000004NTeZ","rtAdjstmntOptions":"0x185bb5d","showPILookup":false,"sObjectQueryStr":"","wrprObj":"0x2a97a13f"}|0x7ec32133
07:08:26.0 (72841432)|VARIABLE_ASSIGNMENT|[EXTERNAL]|this|{"facilitySelected":"001j000000NqKMtAAN","fcltyPrgrmSelected":"a1B290000003SEdEAM","insrncBnft":"0x6a45d6a8","insrncBnftSelected":"a1H29000000pRTUEA2","pawDetailListDisplay (4 more) ...":false,"pyAgrmntWrksht":"0x192eafe8","rateAdjstmntSelected":"a1I29000000HR5FEAW","relatedPAWDetailsLis (1 more) ...":"0x4c2c54c6","targetEDR":0.00,"totalAppliedDeductib (2 more) ...":0.00,"totalCoInsurance":0.00,"totalCoPayAmt":0.00,"totalInsCoResp":0.00,"totalInsEIVAmt":0.00,"totalRowCount":20,"totalTalbottDay":0}|0x2a97a13f
07:08:26.0 (72880885)|HEAP_ALLOCATE|[470]|Bytes:49
07:08:26.0 (72894733)|USER_DEBUG|[470]|DEBUG|>>> wrprObj  Total_Patient_Contribution__c : null
07:08:26.0 (72900663)|STATEMENT_EXECUTE|[471]
07:08:26.0 (72958487)|VARIABLE_ASSIGNMENT|[EXTERNAL]|this|{"cmpnyRateAdjstmntMap":"0x1a3ebe85","estmtCnrgDaysMap":"0x3aad93dd","estmtCvrgeDaysObj":"0x26ba19c7","faciltyOptions":"0x774c352","fcltyPrgmMap":"0x51353ab7","fcltyPrgrmOptions":"0x7506837","idToOwnershipFacilit (4 more) ...":"0x71d22d3b","idToTypeFacilityMap":"0x509d1e00","insrncBnftMap":"0x54b05e92","insrncBnftOptions":"0x2c10b2c1","isIop":false,"isTalbott":false,"meta":"0x4c4bf98d","oppId":"00629000004NTeZ","pawObj":"0x749e931a","ptntInsrnceOptions":"0x77296fe9","ptntInsrncMap":"0x5e065d77","ptntInsrncObj":"0x45375d8a","quoteObj":"0x4d1250ab","recordId":"00629000004NTeZ","rtAdjstmntOptions":"0x185bb5d","showPILookup":false,"sObjectQueryStr":"","wrprObj":"0x2a97a13f"}|0x7ec32133
07:08:26.0 (73021130)|VARIABLE_ASSIGNMENT|[EXTERNAL]|this|{"cmpnyRateAdjstmntMap":"0x1a3ebe85","estmtCnrgDaysMap":"0x3aad93dd","estmtCvrgeDaysObj":"0x26ba19c7","faciltyOptions":"0x774c352","fcltyPrgmMap":"0x51353ab7","fcltyPrgrmOptions":"0x7506837","idToOwnershipFacilit (4 more) ...":"0x71d22d3b","idToTypeFacilityMap":"0x509d1e00","insrncBnftMap":"0x54b05e92","insrncBnftOptions":"0x2c10b2c1","isIop":false,"isTalbott":false,"meta":"0x4c4bf98d","oppId":"00629000004NTeZ","pawObj":"0x749e931a","ptntInsrnceOptions":"0x77296fe9","ptntInsrncMap":"0x5e065d77","ptntInsrncObj":"0x45375d8a","quoteObj":"0x4d1250ab","recordId":"00629000004NTeZ","rtAdjstmntOptions":"0x185bb5d","showPILookup":false,"sObjectQueryStr":"","wrprObj":"0x2a97a13f"}|0x7ec32133
07:08:26.0 (78071614)|VARIABLE_SCOPE_BEGIN|[3]|PAWValueCalculationService.pawObj|Pay_Agreement_Worksheet__c|true|true
07:08:26.0 (78083536)|VARIABLE_SCOPE_BEGIN|[2]|PAWValueCalculationService.skipDML|Boolean|false|true
07:08:26.0 (78098751)|HEAP_ALLOCATE|[471]|Bytes:39
07:08:26.0 (78106801)|HEAP_ALLOCATE|[471]|Bytes:15
07:08:26.0 (78120680)|METHOD_ENTRY|[1]|01p0a000004sKzT|PAWValueCalculationService.PAWValueCalculationService()
07:08:26.0 (78125946)|STATEMENT_EXECUTE|[1]
07:08:26.0 (78128758)|STATEMENT_EXECUTE|[1]
07:08:26.0 (78134751)|METHOD_EXIT|[1]|PAWValueCalculationService
07:08:26.0 (78154772)|METHOD_ENTRY|[471]|01p0a000004sKzT|PAWValueCalculationService.commitToDB(PAW_New_EditCntrllr.WraperClass, String, Patient_Insurance__c, String, String)
07:08:26.0 (78163272)|VARIABLE_SCOPE_BEGIN|[369]|pWrprObj|PAW_New_EditCntrllr.WraperClass|true|false
07:08:26.0 (78214764)|VARIABLE_ASSIGNMENT|[369]|pWrprObj|{"facilitySelected":"001j000000NqKMtAAN","fcltyPrgrmSelected":"a1B290000003SEdEAM","insrncBnft":"0x6a45d6a8","insrncBnftSelected":"a1H29000000pRTUEA2","pawDetailListDisplay (4 more) ...":false,"pyAgrmntWrksht":"0x192eafe8","rateAdjstmntSelected":"a1I29000000HR5FEAW","relatedPAWDetailsLis (1 more) ...":"0x4c2c54c6","targetEDR":0.00,"totalAppliedDeductib (2 more) ...":0.00,"totalCoInsurance":0.00,"totalCoPayAmt":0.00,"totalInsCoResp":0.00,"totalInsEIVAmt":0.00,"totalRowCount":20,"totalTalbottDay":0}|0x2a97a13f
07:08:26.0 (78226007)|VARIABLE_SCOPE_BEGIN|[369]|pOpportunityId|String|false|false
07:08:26.0 (78233106)|VARIABLE_ASSIGNMENT|[369]|pOpportunityId|"00629000004NTeZ"
07:08:26.0 (78237154)|VARIABLE_SCOPE_BEGIN|[369]|pPtntInsrncObj|Patient_Insurance__c|true|false
07:08:26.0 (78247511)|VARIABLE_ASSIGNMENT|[369]|pPtntInsrncObj|{"Id":"a1b29000000lvHQAAY","Name":"Maria Johnson - Valu (23 more) ...","Insurance_Company__c":"0012900000AXSP3AAP"}|0x45375d8a
07:08:26.0 (78252254)|VARIABLE_SCOPE_BEGIN|[369]|pIsClone|String|false|false
07:08:26.0 (78257135)|VARIABLE_ASSIGNMENT|[369]|pIsClone|null
07:08:26.0 (78260430)|VARIABLE_SCOPE_BEGIN|[369]|pQuoteId|String|false|false
07:08:26.0 (78264977)|VARIABLE_ASSIGNMENT|[369]|pQuoteId|null
07:08:26.0 (78269683)|STATEMENT_EXECUTE|[373]
07:08:26.0 (78271036)|STATEMENT_EXECUTE|[374]
07:08:26.0 (78294991)|HEAP_ALLOCATE|[374]|Bytes:4
07:08:26.0 (78364062)|VARIABLE_SCOPE_BEGIN|[374]|pawDetailList|List<Pay_Agreement_Worksheet_Detail__c>|true|false
07:08:26.0 (78373299)|HEAP_ALLOCATE|[EXTERNAL]|Bytes:4
07:08:26.0 (78380790)|VARIABLE_ASSIGNMENT|[374]|pawDetailList|[]|0x70365f99
07:08:26.0 (78385515)|STATEMENT_EXECUTE|[375]
07:08:26.0 (78407374)|HEAP_ALLOCATE|[375]|Bytes:4
07:08:26.0 (78511671)|VARIABLE_ASSIGNMENT|[375]|PAWValueCalculationService.pawObj|{}|0x2b1f537c
07:08:26.0 (78573745)|VARIABLE_ASSIGNMENT|[EXTERNAL]|this|{"facilitySelected":"001j000000NqKMtAAN","fcltyPrgrmSelected":"a1B290000003SEdEAM","insrncBnft":"0x6a45d6a8","insrncBnftSelected":"a1H29000000pRTUEA2","pawDetailListDisplay (4 more) ...":false,"pyAgrmntWrksht":"0x192eafe8","rateAdjstmntSelected":"a1I29000000HR5FEAW","relatedPAWDetailsLis (1 more) ...":"0x4c2c54c6","targetEDR":0.00,"totalAppliedDeductib (2 more) ...":0.00,"totalCoInsurance":0.00,"totalCoPayAmt":0.00,"totalInsCoResp":0.00,"totalInsEIVAmt":0.00,"totalRowCount":20,"totalTalbottDay":0}|0x2a97a13f
07:08:26.0 (78600596)|STATEMENT_EXECUTE|[377]
07:08:26.0 (78602161)|STATEMENT_EXECUTE|[382]
07:08:26.0 (78646389)|VARIABLE_ASSIGNMENT|[EXTERNAL]|this|{"facilitySelected":"001j000000NqKMtAAN","fcltyPrgrmSelected":"a1B290000003SEdEAM","insrncBnft":"0x6a45d6a8","insrncBnftSelected":"a1H29000000pRTUEA2","pawDetailListDisplay (4 more) ...":false,"pyAgrmntWrksht":"0x192eafe8","rateAdjstmntSelected":"a1I29000000HR5FEAW","relatedPAWDetailsLis (1 more) ...":"0x4c2c54c6","targetEDR":0.00,"totalAppliedDeductib (2 more) ...":0.00,"totalCoInsurance":0.00,"totalCoPayAmt":0.00,"totalInsCoResp":0.00,"totalInsEIVAmt":0.00,"totalRowCount":20,"totalTalbottDay":0}|0x2a97a13f
07:08:26.0 (78691508)|HEAP_ALLOCATE|[382]|Bytes:28
07:08:26.0 (78704395)|METHOD_ENTRY|[382]|01p0a000004sKzT|PAWValueCalculationService.treatNullAsZero(Decimal)
07:08:26.0 (78710859)|VARIABLE_SCOPE_BEGIN|[611]|pIntgerToTreat|Decimal|false|false
07:08:26.0 (78719274)|VARIABLE_ASSIGNMENT|[611]|pIntgerToTreat|0.00
07:08:26.0 (78723530)|STATEMENT_EXECUTE|[611]
07:08:26.0 (78725114)|STATEMENT_EXECUTE|[612]
07:08:26.0 (78726005)|STATEMENT_EXECUTE|[613]
07:08:26.0 (78729189)|METHOD_EXIT|[382]|01p0a000004sKzT|PAWValueCalculationService.treatNullAsZero(Decimal)
07:08:26.0 (78768982)|VARIABLE_ASSIGNMENT|[EXTERNAL]|this|{"facilitySelected":"001j000000NqKMtAAN","fcltyPrgrmSelected":"a1B290000003SEdEAM","insrncBnft":"0x6a45d6a8","insrncBnftSelected":"a1H29000000pRTUEA2","pawDetailListDisplay (4 more) ...":false,"pyAgrmntWrksht":"0x192eafe8","rateAdjstmntSelected":"a1I29000000HR5FEAW","relatedPAWDetailsLis (1 more) ...":"0x4c2c54c6","targetEDR":0.00,"totalAppliedDeductib (2 more) ...":0.00,"totalCoInsurance":0.00,"totalCoPayAmt":0.00,"totalInsCoResp":0.00,"totalInsEIVAmt":0.00,"totalRowCount":20,"totalTalbottDay":0}|0x2a97a13f
07:08:26.0 (78824923)|VARIABLE_ASSIGNMENT|[382]|this.Co_Insurance_Amount_Requested__c|0.00|0x192eafe8
07:08:26.0 (78830585)|STATEMENT_EXECUTE|[383]
07:08:26.0 (78874946)|VARIABLE_ASSIGNMENT|[EXTERNAL]|this|{"facilitySelected":"001j000000NqKMtAAN","fcltyPrgrmSelected":"a1B290000003SEdEAM","insrncBnft":"0x6a45d6a8","insrncBnftSelected":"a1H29000000pRTUEA2","pawDetailListDisplay (4 more) ...":false,"pyAgrmntWrksht":"0x192eafe8","rateAdjstmntSelected":"a1I29000000HR5FEAW","relatedPAWDetailsLis (1 more) ...":"0x4c2c54c6","targetEDR":0.00,"totalAppliedDeductib (2 more) ...":0.00,"totalCoInsurance":0.00,"totalCoPayAmt":0.00,"totalInsCoResp":0.00,"totalInsEIVAmt":0.00,"totalRowCount":20,"totalTalbottDay":0}|0x2a97a13f
07:08:26.0 (78903057)|HEAP_ALLOCATE|[383]|Bytes:28
07:08:26.0 (78910625)|METHOD_ENTRY|[383]|01p0a000004sKzT|PAWValueCalculationService.treatNullAsZero(Decimal)
07:08:26.0 (78915480)|VARIABLE_SCOPE_BEGIN|[611]|pIntgerToTreat|Decimal|false|false
07:08:26.0 (78922512)|VARIABLE_ASSIGNMENT|[611]|pIntgerToTreat|0.00
07:08:26.0 (78926319)|STATEMENT_EXECUTE|[611]
07:08:26.0 (78927469)|STATEMENT_EXECUTE|[612]
07:08:26.0 (78928323)|STATEMENT_EXECUTE|[613]
07:08:26.0 (78930705)|METHOD_EXIT|[383]|01p0a000004sKzT|PAWValueCalculationService.treatNullAsZero(Decimal)
07:08:26.0 (78967945)|VARIABLE_ASSIGNMENT|[EXTERNAL]|this|{"facilitySelected":"001j000000NqKMtAAN","fcltyPrgrmSelected":"a1B290000003SEdEAM","insrncBnft":"0x6a45d6a8","insrncBnftSelected":"a1H29000000pRTUEA2","pawDetailListDisplay (4 more) ...":false,"pyAgrmntWrksht":"0x192eafe8","rateAdjstmntSelected":"a1I29000000HR5FEAW","relatedPAWDetailsLis (1 more) ...":"0x4c2c54c6","targetEDR":0.00,"totalAppliedDeductib (2 more) ...":0.00,"totalCoInsurance":0.00,"totalCoPayAmt":0.00,"totalInsCoResp":0.00,"totalInsEIVAmt":0.00,"totalRowCount":20,"totalTalbottDay":0}|0x2a97a13f
07:08:26.0 (79003705)|VARIABLE_ASSIGNMENT|[383]|this.Deductible_Amount_Requested__c|0.00|0x192eafe8
07:08:26.0 (79010071)|STATEMENT_EXECUTE|[384]
07:08:26.0 (79051189)|VARIABLE_ASSIGNMENT|[EXTERNAL]|this|{"facilitySelected":"001j000000NqKMtAAN","fcltyPrgrmSelected":"a1B290000003SEdEAM","insrncBnft":"0x6a45d6a8","insrncBnftSelected":"a1H29000000pRTUEA2","pawDetailListDisplay (4 more) ...":false,"pyAgrmntWrksht":"0x192eafe8","rateAdjstmntSelected":"a1I29000000HR5FEAW","relatedPAWDetailsLis (1 more) ...":"0x4c2c54c6","targetEDR":0.00,"totalAppliedDeductib (2 more) ...":0.00,"totalCoInsurance":0.00,"totalCoPayAmt":0.00,"totalInsCoResp":0.00,"totalInsEIVAmt":0.00,"totalRowCount":20,"totalTalbottDay":0}|0x2a97a13f
07:08:26.0 (79075947)|HEAP_ALLOCATE|[384]|Bytes:28
07:08:26.0 (79082916)|METHOD_ENTRY|[384]|01p0a000004sKzT|PAWValueCalculationService.treatNullAsZero(Decimal)
07:08:26.0 (79087476)|VARIABLE_SCOPE_BEGIN|[611]|pIntgerToTreat|Decimal|false|false
07:08:26.0 (79094253)|VARIABLE_ASSIGNMENT|[611]|pIntgerToTreat|0.00
07:08:26.0 (79097856)|STATEMENT_EXECUTE|[611]
07:08:26.0 (79099000)|STATEMENT_EXECUTE|[612]
07:08:26.0 (79099832)|STATEMENT_EXECUTE|[613]
07:08:26.0 (79102151)|METHOD_EXIT|[384]|01p0a000004sKzT|PAWValueCalculationService.treatNullAsZero(Decimal)
07:08:26.0 (79139351)|VARIABLE_ASSIGNMENT|[EXTERNAL]|this|{"facilitySelected":"001j000000NqKMtAAN","fcltyPrgrmSelected":"a1B290000003SEdEAM","insrncBnft":"0x6a45d6a8","insrncBnftSelected":"a1H29000000pRTUEA2","pawDetailListDisplay (4 more) ...":false,"pyAgrmntWrksht":"0x192eafe8","rateAdjstmntSelected":"a1I29000000HR5FEAW","relatedPAWDetailsLis (1 more) ...":"0x4c2c54c6","targetEDR":0.00,"totalAppliedDeductib (2 more) ...":0.00,"totalCoInsurance":0.00,"totalCoPayAmt":0.00,"totalInsCoResp":0.00,"totalInsEIVAmt":0.00,"totalRowCount":20,"totalTalbottDay":0}|0x2a97a13f
07:08:26.0 (79172024)|VARIABLE_ASSIGNMENT|[384]|this.Co_Pay_Amount_Requested__c|0.00|0x192eafe8
07:08:26.0 (79215444)|VARIABLE_ASSIGNMENT|[EXTERNAL]|this|{"facilitySelected":"001j000000NqKMtAAN","fcltyPrgrmSelected":"a1B290000003SEdEAM","insrncBnft":"0x6a45d6a8","insrncBnftSelected":"a1H29000000pRTUEA2","pawDetailListDisplay (4 more) ...":false,"pyAgrmntWrksht":"0x192eafe8","rateAdjstmntSelected":"a1I29000000HR5FEAW","relatedPAWDetailsLis (1 more) ...":"0x4c2c54c6","targetEDR":0.00,"totalAppliedDeductib (2 more) ...":0.00,"totalCoInsurance":0.00,"totalCoPayAmt":0.00,"totalInsCoResp":0.00,"totalInsEIVAmt":0.00,"totalRowCount":20,"totalTalbottDay":0}|0x2a97a13f
07:08:26.0 (79262263)|VARIABLE_ASSIGNMENT|[EXTERNAL]|this|{"facilitySelected":"001j000000NqKMtAAN","fcltyPrgrmSelected":"a1B290000003SEdEAM","insrncBnft":"0x6a45d6a8","insrncBnftSelected":"a1H29000000pRTUEA2","pawDetailListDisplay (4 more) ...":false,"pyAgrmntWrksht":"0x192eafe8","rateAdjstmntSelected":"a1I29000000HR5FEAW","relatedPAWDetailsLis (1 more) ...":"0x4c2c54c6","targetEDR":0.00,"totalAppliedDeductib (2 more) ...":0.00,"totalCoInsurance":0.00,"totalCoPayAmt":0.00,"totalInsCoResp":0.00,"totalInsEIVAmt":0.00,"totalRowCount":20,"totalTalbottDay":0}|0x2a97a13f
07:08:26.0 (79280101)|HEAP_ALLOCATE|[387]|Bytes:28
07:08:26.0 (79318208)|VARIABLE_ASSIGNMENT|[EXTERNAL]|this|{"facilitySelected":"001j000000NqKMtAAN","fcltyPrgrmSelected":"a1B290000003SEdEAM","insrncBnft":"0x6a45d6a8","insrncBnftSelected":"a1H29000000pRTUEA2","pawDetailListDisplay (4 more) ...":false,"pyAgrmntWrksht":"0x192eafe8","rateAdjstmntSelected":"a1I29000000HR5FEAW","relatedPAWDetailsLis (1 more) ...":"0x4c2c54c6","targetEDR":0.00,"totalAppliedDeductib (2 more) ...":0.00,"totalCoInsurance":0.00,"totalCoPayAmt":0.00,"totalInsCoResp":0.00,"totalInsEIVAmt":0.00,"totalRowCount":20,"totalTalbottDay":0}|0x2a97a13f
07:08:26.0 (79333644)|HEAP_ALLOCATE|[388]|Bytes:28
07:08:26.0 (79371516)|STATEMENT_EXECUTE|[386]
07:08:26.0 (79415686)|VARIABLE_ASSIGNMENT|[EXTERNAL]|this|{"facilitySelected":"001j000000NqKMtAAN","fcltyPrgrmSelected":"a1B290000003SEdEAM","insrncBnft":"0x6a45d6a8","insrncBnftSelected":"a1H29000000pRTUEA2","pawDetailListDisplay (4 more) ...":false,"pyAgrmntWrksht":"0x192eafe8","rateAdjstmntSelected":"a1I29000000HR5FEAW","relatedPAWDetailsLis (1 more) ...":"0x4c2c54c6","targetEDR":0.00,"totalAppliedDeductib (2 more) ...":0.00,"totalCoInsurance":0.00,"totalCoPayAmt":0.00,"totalInsCoResp":0.00,"totalInsEIVAmt":0.00,"totalRowCount":20,"totalTalbottDay":0}|0x2a97a13f
07:08:26.0 (79458012)|VARIABLE_ASSIGNMENT|[EXTERNAL]|this|{"facilitySelected":"001j000000NqKMtAAN","fcltyPrgrmSelected":"a1B290000003SEdEAM","insrncBnft":"0x6a45d6a8","insrncBnftSelected":"a1H29000000pRTUEA2","pawDetailListDisplay (4 more) ...":false,"pyAgrmntWrksht":"0x192eafe8","rateAdjstmntSelected":"a1I29000000HR5FEAW","relatedPAWDetailsLis (1 more) ...":"0x4c2c54c6","targetEDR":0.00,"totalAppliedDeductib (2 more) ...":0.00,"totalCoInsurance":0.00,"totalCoPayAmt":0.00,"totalInsCoResp":0.00,"totalInsEIVAmt":0.00,"totalRowCount":20,"totalTalbottDay":0}|0x2a97a13f
07:08:26.0 (79478339)|STATEMENT_EXECUTE|[393]
07:08:26.0 (79518455)|VARIABLE_ASSIGNMENT|[EXTERNAL]|this|{"facilitySelected":"001j000000NqKMtAAN","fcltyPrgrmSelected":"a1B290000003SEdEAM","insrncBnft":"0x6a45d6a8","insrncBnftSelected":"a1H29000000pRTUEA2","pawDetailListDisplay (4 more) ...":false,"pyAgrmntWrksht":"0x192eafe8","rateAdjstmntSelected":"a1I29000000HR5FEAW","relatedPAWDetailsLis (1 more) ...":"0x4c2c54c6","targetEDR":0.00,"totalAppliedDeductib (2 more) ...":0.00,"totalCoInsurance":0.00,"totalCoPayAmt":0.00,"totalInsCoResp":0.00,"totalInsEIVAmt":0.00,"totalRowCount":20,"totalTalbottDay":0}|0x2a97a13f
07:08:26.0 (79536223)|HEAP_ALLOCATE|[394]|Bytes:28
07:08:26.0 (79575285)|VARIABLE_ASSIGNMENT|[EXTERNAL]|this|{"facilitySelected":"001j000000NqKMtAAN","fcltyPrgrmSelected":"a1B290000003SEdEAM","insrncBnft":"0x6a45d6a8","insrncBnftSelected":"a1H29000000pRTUEA2","pawDetailListDisplay (4 more) ...":false,"pyAgrmntWrksht":"0x192eafe8","rateAdjstmntSelected":"a1I29000000HR5FEAW","relatedPAWDetailsLis (1 more) ...":"0x4c2c54c6","targetEDR":0.00,"totalAppliedDeductib (2 more) ...":0.00,"totalCoInsurance":0.00,"totalCoPayAmt":0.00,"totalInsCoResp":0.00,"totalInsEIVAmt":0.00,"totalRowCount":20,"totalTalbottDay":0}|0x2a97a13f
07:08:26.0 (79626371)|STATEMENT_EXECUTE|[394]
07:08:26.0 (79667670)|VARIABLE_ASSIGNMENT|[EXTERNAL]|this|{"facilitySelected":"001j000000NqKMtAAN","fcltyPrgrmSelected":"a1B290000003SEdEAM","insrncBnft":"0x6a45d6a8","insrncBnftSelected":"a1H29000000pRTUEA2","pawDetailListDisplay (4 more) ...":false,"pyAgrmntWrksht":"0x192eafe8","rateAdjstmntSelected":"a1I29000000HR5FEAW","relatedPAWDetailsLis (1 more) ...":"0x4c2c54c6","targetEDR":0.00,"totalAppliedDeductib (2 more) ...":0.00,"totalCoInsurance":0.00,"totalCoPayAmt":0.00,"totalInsCoResp":0.00,"totalInsEIVAmt":0.00,"totalRowCount":20,"totalTalbottDay":0}|0x2a97a13f
07:08:26.0 (79684824)|HEAP_ALLOCATE|[400]|Bytes:28
07:08:26.0 (79722874)|VARIABLE_ASSIGNMENT|[EXTERNAL]|this|{"facilitySelected":"001j000000NqKMtAAN","fcltyPrgrmSelected":"a1B290000003SEdEAM","insrncBnft":"0x6a45d6a8","insrncBnftSelected":"a1H29000000pRTUEA2","pawDetailListDisplay (4 more) ...":false,"pyAgrmntWrksht":"0x192eafe8","rateAdjstmntSelected":"a1I29000000HR5FEAW","relatedPAWDetailsLis (1 more) ...":"0x4c2c54c6","targetEDR":0.00,"totalAppliedDeductib (2 more) ...":0.00,"totalCoInsurance":0.00,"totalCoPayAmt":0.00,"totalInsCoResp":0.00,"totalInsEIVAmt":0.00,"totalRowCount":20,"totalTalbottDay":0}|0x2a97a13f
07:08:26.0 (79749323)|STATEMENT_EXECUTE|[400]
07:08:26.0 (79750528)|STATEMENT_EXECUTE|[405]
07:08:26.0 (79753080)|HEAP_ALLOCATE|[405]|Bytes:67
07:08:26.0 (79793080)|VARIABLE_ASSIGNMENT|[EXTERNAL]|this|{"facilitySelected":"001j000000NqKMtAAN","fcltyPrgrmSelected":"a1B290000003SEdEAM","insrncBnft":"0x6a45d6a8","insrncBnftSelected":"a1H29000000pRTUEA2","pawDetailListDisplay (4 more) ...":false,"pyAgrmntWrksht":"0x192eafe8","rateAdjstmntSelected":"a1I29000000HR5FEAW","relatedPAWDetailsLis (1 more) ...":"0x4c2c54c6","targetEDR":0.00,"totalAppliedDeductib (2 more) ...":0.00,"totalCoInsurance":0.00,"totalCoPayAmt":0.00,"totalInsCoResp":0.00,"totalInsEIVAmt":0.00,"totalRowCount":20,"totalTalbottDay":0}|0x2a97a13f
07:08:26.0 (79818419)|HEAP_ALLOCATE|[405]|Bytes:71
07:08:26.0 (79827338)|USER_DEBUG|[405]|DEBUG|>>> pWrprObj.pyAgrmntWrksht.Insurance_Company_Rate_Adjustment__c : null
07:08:26.0 (79832948)|STATEMENT_EXECUTE|[406]
07:08:26.0 (79835189)|HEAP_ALLOCATE|[406]|Bytes:54
07:08:26.0 (79875422)|VARIABLE_ASSIGNMENT|[EXTERNAL]|this|{"facilitySelected":"001j000000NqKMtAAN","fcltyPrgrmSelected":"a1B290000003SEdEAM","insrncBnft":"0x6a45d6a8","insrncBnftSelected":"a1H29000000pRTUEA2","pawDetailListDisplay (4 more) ...":false,"pyAgrmntWrksht":"0x192eafe8","rateAdjstmntSelected":"a1I29000000HR5FEAW","relatedPAWDetailsLis (1 more) ...":"0x4c2c54c6","targetEDR":0.00,"totalAppliedDeductib (2 more) ...":0.00,"totalCoInsurance":0.00,"totalCoPayAmt":0.00,"totalInsCoResp":0.00,"totalInsEIVAmt":0.00,"totalRowCount":20,"totalTalbottDay":0}|0x2a97a13f
07:08:26.0 (79903912)|HEAP_ALLOCATE|[406]|Bytes:64
07:08:26.0 (79912295)|USER_DEBUG|[406]|DEBUG|>>> pWrprObj.pyAgrmntWrksht.Rate_Adjustment_Type__c : Contracted
07:08:26.0 (79917535)|STATEMENT_EXECUTE|[407]
07:08:26.0 (79955978)|VARIABLE_ASSIGNMENT|[EXTERNAL]|this|{"facilitySelected":"001j000000NqKMtAAN","fcltyPrgrmSelected":"a1B290000003SEdEAM","insrncBnft":"0x6a45d6a8","insrncBnftSelected":"a1H29000000pRTUEA2","pawDetailListDisplay (4 more) ...":false,"pyAgrmntWrksht":"0x192eafe8","rateAdjstmntSelected":"a1I29000000HR5FEAW","relatedPAWDetailsLis (1 more) ...":"0x4c2c54c6","targetEDR":0.00,"totalAppliedDeductib (2 more) ...":0.00,"totalCoInsurance":0.00,"totalCoPayAmt":0.00,"totalInsCoResp":0.00,"totalInsEIVAmt":0.00,"totalRowCount":20,"totalTalbottDay":0}|0x2a97a13f
07:08:26.0 (80110559)|HEAP_ALLOCATE|[407]|Bytes:1625
07:08:26.0 (80117027)|HEAP_ALLOCATE|[407]|Bytes:112
07:08:26.0 (80160482)|VARIABLE_ASSIGNMENT|[407]|PAWValueCalculationService.pawObj|{"Patient_Insurance__c":"a1b29000000lvHQAAY","Rate_Adjustment_Type (3 more) ...":"Contracted","Num_Days_Detox_DTX__ (1 more) ...":0,"Detox_Over__c":0.00,"Detox_Pays_at__c":80.00,"Num_Days_Residential (17 more) ...":7,"Residential_Treatmen (13 more) ...":0.00,"RTC_Pays_at__c":80.00,"Num_Days_Partial_Hos (19 more) ...":13,"Partial_Hospitalizat (15 more) ...":0.00,"PHP_Pays_at__c":80.00,"Num_Days_Intensive_O (16 more) ...":0,"Intensive_Outpatient (12 more) ...":0.00,"IOP_Pays_at__c":80.00,"Num_Days_Uncovered__ (1 more) ...":0,"Uncovered_Days_Rate_ (2 more) ...":630.00,"Uncovered_Days_Overr (6 more) ...":0,"Num_Days_Room__c":0,"Room_and_Board_Days_ (11 more) ...":0,"Co_Pay_Remaining__c":0.00,"Deductible_Included_ (9 more) ...":"Yes","Days_60_90_Fees__c":0,"Ancillary_Fees__c":350,"Deductible_Amount_Re (10 more) ...":0.00,"Co_Insurance_Amount_ (12 more) ...":0.00,"Co_Pay_Amount_Reques (6 more) ...":0.00}|0x2f5dd1ef
07:08:26.0 (80175583)|STATEMENT_EXECUTE|[408]
07:08:26.0 (80178664)|HEAP_ALLOCATE|[408]|Bytes:13
07:08:26.0 (80277567)|HEAP_ALLOCATE|[408]|Bytes:868
07:08:26.0 (80290129)|HEAP_ALLOCATE|[408]|Bytes:881
07:08:26.0 (80298291)|USER_DEBUG|[408]|DEBUG|>>> pawObj : Pay_Agreement_Worksheet__c:{Patient_Insurance__c=a1b29000000lvHQAAY, Rate_Adjustment_Type__c=Contracted, Num_Days_Detox_DTX__c=0, Detox_Over__c=0.00, Detox_Pays_at__c=80.00, Num_Days_Residential_Treatment_RTC__c=7, Residential_Treatment_Override__c=0.00, RTC_Pays_at__c=80.00, Num_Days_Partial_Hospitalization_PHP__c=13, Partial_Hospitalization_Override__c=0.00, PHP_Pays_at__c=80.00, Num_Days_Intensive_Outpatient_IOP__c=0, Intensive_Outpatient_Override__c=0.00, IOP_Pays_at__c=80.00, Num_Days_Uncovered__c=0, Uncovered_Days_Rate__c=630.00, Uncovered_Days_Override__c=0, Num_Days_Room__c=0, Room_and_Board_Days_Override__c=0, Uncovered_Charges__c=null, Co_Pay_Remaining__c=0.00, Deductible_Included_in_OOP__c=Yes, Days_60_90_Fees__c=0, Ancillary_Fees__c=350, Deductible_Amount_Requested__c=0.00, Co_Insurance_Amount_Requested__c=0.00, Co_Pay_Amount_Requested__c=0.00}
07:08:26.0 (80312475)|STATEMENT_EXECUTE|[409]
07:08:26.0 (80360112)|VARIABLE_ASSIGNMENT|[EXTERNAL]|this|{"facilitySelected":"001j000000NqKMtAAN","fcltyPrgrmSelected":"a1B290000003SEdEAM","insrncBnft":"0x6a45d6a8","insrncBnftSelected":"a1H29000000pRTUEA2","pawDetailListDisplay (4 more) ...":false,"pyAgrmntWrksht":"0x192eafe8","rateAdjstmntSelected":"a1I29000000HR5FEAW","relatedPAWDetailsLis (1 more) ...":"0x4c2c54c6","targetEDR":0.00,"totalAppliedDeductib (2 more) ...":0.00,"totalCoInsurance":0.00,"totalCoPayAmt":0.00,"totalInsCoResp":0.00,"totalInsEIVAmt":0.00,"totalRowCount":20,"totalTalbottDay":0}|0x2a97a13f
07:08:26.0 (80409174)|VARIABLE_ASSIGNMENT|[EXTERNAL]|this|{"facilitySelected":"001j000000NqKMtAAN","fcltyPrgrmSelected":"a1B290000003SEdEAM","insrncBnft":"0x6a45d6a8","insrncBnftSelected":"a1H29000000pRTUEA2","pawDetailListDisplay (4 more) ...":false,"pyAgrmntWrksht":"0x192eafe8","rateAdjstmntSelected":"a1I29000000HR5FEAW","relatedPAWDetailsLis (1 more) ...":"0x4c2c54c6","targetEDR":0.00,"totalAppliedDeductib (2 more) ...":0.00,"totalCoInsurance":0.00,"totalCoPayAmt":0.00,"totalInsCoResp":0.00,"totalInsEIVAmt":0.00,"totalRowCount":20,"totalTalbottDay":0}|0x2a97a13f
07:08:26.0 (80466928)|VARIABLE_ASSIGNMENT|[EXTERNAL]|this|{"facilitySelected":"001j000000NqKMtAAN","fcltyPrgrmSelected":"a1B290000003SEdEAM","insrncBnft":"0x6a45d6a8","insrncBnftSelected":"a1H29000000pRTUEA2","pawDetailListDisplay (4 more) ...":false,"pyAgrmntWrksht":"0x192eafe8","rateAdjstmntSelected":"a1I29000000HR5FEAW","relatedPAWDetailsLis (1 more) ...":"0x4c2c54c6","targetEDR":0.00,"totalAppliedDeductib (2 more) ...":0.00,"totalCoInsurance":0.00,"totalCoPayAmt":0.00,"totalInsCoResp":0.00,"totalInsEIVAmt":0.00,"totalRowCount":20,"totalTalbottDay":0}|0x2a97a13f
07:08:26.0 (80534815)|VARIABLE_ASSIGNMENT|[EXTERNAL]|this|{"facilitySelected":"001j000000NqKMtAAN","fcltyPrgrmSelected":"a1B290000003SEdEAM","insrncBnft":"0x6a45d6a8","insrncBnftSelected":"a1H29000000pRTUEA2","pawDetailListDisplay (4 more) ...":false,"pyAgrmntWrksht":"0x192eafe8","rateAdjstmntSelected":"a1I29000000HR5FEAW","relatedPAWDetailsLis (1 more) ...":"0x4c2c54c6","targetEDR":0.00,"totalAppliedDeductib (2 more) ...":0.00,"totalCoInsurance":0.00,"totalCoPayAmt":0.00,"totalInsCoResp":0.00,"totalInsEIVAmt":0.00,"totalRowCount":20,"totalTalbottDay":0}|0x2a97a13f
07:08:26.0 (80554838)|HEAP_ALLOCATE|[409]|Bytes:4
07:08:26.0 (80603597)|VARIABLE_ASSIGNMENT|[409]|this.Insurance_Benefit__c|"a1H29000000pRTUEA2"|0x2f5dd1ef
07:08:26.0 (80609038)|STATEMENT_EXECUTE|[414]
07:08:26.0 (80655075)|VARIABLE_ASSIGNMENT|[EXTERNAL]|this|{"facilitySelected":"001j000000NqKMtAAN","fcltyPrgrmSelected":"a1B290000003SEdEAM","insrncBnft":"0x6a45d6a8","insrncBnftSelected":"a1H29000000pRTUEA2","pawDetailListDisplay (4 more) ...":false,"pyAgrmntWrksht":"0x192eafe8","rateAdjstmntSelected":"a1I29000000HR5FEAW","relatedPAWDetailsLis (1 more) ...":"0x4c2c54c6","targetEDR":0.00,"totalAppliedDeductib (2 more) ...":0.00,"totalCoInsurance":0.00,"totalCoPayAmt":0.00,"totalInsCoResp":0.00,"totalInsEIVAmt":0.00,"totalRowCount":20,"totalTalbottDay":0}|0x2a97a13f
07:08:26.0 (80701633)|VARIABLE_ASSIGNMENT|[414]|this.Deductible_Included_in_OOP__c|"Yes"|0x2f5dd1ef
07:08:26.0 (80706762)|STATEMENT_EXECUTE|[415]
07:08:26.0 (80752981)|VARIABLE_ASSIGNMENT|[EXTERNAL]|this|{"facilitySelected":"001j000000NqKMtAAN","fcltyPrgrmSelected":"a1B290000003SEdEAM","insrncBnft":"0x6a45d6a8","insrncBnftSelected":"a1H29000000pRTUEA2","pawDetailListDisplay (4 more) ...":false,"pyAgrmntWrksht":"0x192eafe8","rateAdjstmntSelected":"a1I29000000HR5FEAW","relatedPAWDetailsLis (1 more) ...":"0x4c2c54c6","targetEDR":0.00,"totalAppliedDeductib (2 more) ...":0.00,"totalCoInsurance":0.00,"totalCoPayAmt":0.00,"totalInsCoResp":0.00,"totalInsEIVAmt":0.00,"totalRowCount":20,"totalTalbottDay":0}|0x2a97a13f
07:08:26.0 (80796271)|VARIABLE_ASSIGNMENT|[EXTERNAL]|this|{"facilitySelected":"001j000000NqKMtAAN","fcltyPrgrmSelected":"a1B290000003SEdEAM","insrncBnft":"0x6a45d6a8","insrncBnftSelected":"a1H29000000pRTUEA2","pawDetailListDisplay (4 more) ...":false,"pyAgrmntWrksht":"0x192eafe8","rateAdjstmntSelected":"a1I29000000HR5FEAW","relatedPAWDetailsLis (1 more) ...":"0x4c2c54c6","targetEDR":0.00,"totalAppliedDeductib (2 more) ...":0.00,"totalCoInsurance":0.00,"totalCoPayAmt":0.00,"totalInsCoResp":0.00,"totalInsEIVAmt":0.00,"totalRowCount":20,"totalTalbottDay":0}|0x2a97a13f
07:08:26.0 (80844993)|VARIABLE_ASSIGNMENT|[EXTERNAL]|this|{"facilitySelected":"001j000000NqKMtAAN","fcltyPrgrmSelected":"a1B290000003SEdEAM","insrncBnft":"0x6a45d6a8","insrncBnftSelected":"a1H29000000pRTUEA2","pawDetailListDisplay (4 more) ...":false,"pyAgrmntWrksht":"0x192eafe8","rateAdjstmntSelected":"a1I29000000HR5FEAW","relatedPAWDetailsLis (1 more) ...":"0x4c2c54c6","targetEDR":0.00,"totalAppliedDeductib (2 more) ...":0.00,"totalCoInsurance":0.00,"totalCoPayAmt":0.00,"totalInsCoResp":0.00,"totalInsEIVAmt":0.00,"totalRowCount":20,"totalTalbottDay":0}|0x2a97a13f
07:08:26.0 (80859520)|HEAP_ALLOCATE|[415]|Bytes:4
07:08:26.0 (80900887)|VARIABLE_ASSIGNMENT|[415]|this.Facility_Program__c|"a1B290000003SEdEAM"|0x2f5dd1ef
07:08:26.0 (80906187)|STATEMENT_EXECUTE|[416]
07:08:26.0 (80949494)|VARIABLE_ASSIGNMENT|[EXTERNAL]|this|{"facilitySelected":"001j000000NqKMtAAN","fcltyPrgrmSelected":"a1B290000003SEdEAM","insrncBnft":"0x6a45d6a8","insrncBnftSelected":"a1H29000000pRTUEA2","pawDetailListDisplay (4 more) ...":false,"pyAgrmntWrksht":"0x192eafe8","rateAdjstmntSelected":"a1I29000000HR5FEAW","relatedPAWDetailsLis (1 more) ...":"0x4c2c54c6","targetEDR":0.00,"totalAppliedDeductib (2 more) ...":0.00,"totalCoInsurance":0.00,"totalCoPayAmt":0.00,"totalInsCoResp":0.00,"totalInsEIVAmt":0.00,"totalRowCount":20,"totalTalbottDay":0}|0x2a97a13f
07:08:26.0 (80965345)|HEAP_ALLOCATE|[416]|Bytes:4
07:08:26.0 (81000437)|VARIABLE_ASSIGNMENT|[416]|this.FRN_Facility__c|"001j000000NqKMtAAN"|0x2f5dd1ef
07:08:26.0 (81005714)|STATEMENT_EXECUTE|[417]
07:08:26.0 (81046895)|VARIABLE_ASSIGNMENT|[EXTERNAL]|this|{"facilitySelected":"001j000000NqKMtAAN","fcltyPrgrmSelected":"a1B290000003SEdEAM","insrncBnft":"0x6a45d6a8","insrncBnftSelected":"a1H29000000pRTUEA2","pawDetailListDisplay (4 more) ...":false,"pyAgrmntWrksht":"0x192eafe8","rateAdjstmntSelected":"a1I29000000HR5FEAW","relatedPAWDetailsLis (1 more) ...":"0x4c2c54c6","targetEDR":0.00,"totalAppliedDeductib (2 more) ...":0.00,"totalCoInsurance":0.00,"totalCoPayAmt":0.00,"totalInsCoResp":0.00,"totalInsEIVAmt":0.00,"totalRowCount":20,"totalTalbottDay":0}|0x2a97a13f
07:08:26.0 (81075997)|METHOD_ENTRY|[417]|01p0a000004sKzT|PAWValueCalculationService.treatNullAsZero(Decimal)
07:08:26.0 (81081887)|VARIABLE_SCOPE_BEGIN|[611]|pIntgerToTreat|Decimal|false|false
07:08:26.0 (81089319)|VARIABLE_ASSIGNMENT|[611]|pIntgerToTreat|5000.00
07:08:26.0 (81093342)|STATEMENT_EXECUTE|[611]
07:08:26.0 (81094632)|STATEMENT_EXECUTE|[612]
07:08:26.0 (81095424)|STATEMENT_EXECUTE|[613]
07:08:26.0 (81098029)|METHOD_EXIT|[417]|01p0a000004sKzT|PAWValueCalculationService.treatNullAsZero(Decimal)
07:08:26.0 (81124636)|VARIABLE_ASSIGNMENT|[417]|this.Deductible__c|5000.00|0x2f5dd1ef
07:08:26.0 (81129409)|STATEMENT_EXECUTE|[418]
07:08:26.0 (81170327)|VARIABLE_ASSIGNMENT|[EXTERNAL]|this|{"facilitySelected":"001j000000NqKMtAAN","fcltyPrgrmSelected":"a1B290000003SEdEAM","insrncBnft":"0x6a45d6a8","insrncBnftSelected":"a1H29000000pRTUEA2","pawDetailListDisplay (4 more) ...":false,"pyAgrmntWrksht":"0x192eafe8","rateAdjstmntSelected":"a1I29000000HR5FEAW","relatedPAWDetailsLis (1 more) ...":"0x4c2c54c6","targetEDR":0.00,"totalAppliedDeductib (2 more) ...":0.00,"totalCoInsurance":0.00,"totalCoPayAmt":0.00,"totalInsCoResp":0.00,"totalInsEIVAmt":0.00,"totalRowCount":20,"totalTalbottDay":0}|0x2a97a13f
07:08:26.0 (81195965)|HEAP_ALLOCATE|[418]|Bytes:28
07:08:26.0 (81202750)|METHOD_ENTRY|[418]|01p0a000004sKzT|PAWValueCalculationService.treatNullAsZero(Decimal)
07:08:26.0 (81206905)|VARIABLE_SCOPE_BEGIN|[611]|pIntgerToTreat|Decimal|false|false
07:08:26.0 (81214350)|VARIABLE_ASSIGNMENT|[611]|pIntgerToTreat|0.00
07:08:26.0 (81218630)|STATEMENT_EXECUTE|[611]
07:08:26.0 (81219869)|STATEMENT_EXECUTE|[612]
07:08:26.0 (81220689)|STATEMENT_EXECUTE|[613]
07:08:26.0 (81223068)|METHOD_EXIT|[418]|01p0a000004sKzT|PAWValueCalculationService.treatNullAsZero(Decimal)
07:08:26.0 (81247346)|VARIABLE_ASSIGNMENT|[418]|this.Deductible_Met__c|0.00|0x2f5dd1ef
07:08:26.0 (81252409)|STATEMENT_EXECUTE|[419]
07:08:26.0 (81294518)|VARIABLE_ASSIGNMENT|[EXTERNAL]|this|{"facilitySelected":"001j000000NqKMtAAN","fcltyPrgrmSelected":"a1B290000003SEdEAM","insrncBnft":"0x6a45d6a8","insrncBnftSelected":"a1H29000000pRTUEA2","pawDetailListDisplay (4 more) ...":false,"pyAgrmntWrksht":"0x192eafe8","rateAdjstmntSelected":"a1I29000000HR5FEAW","relatedPAWDetailsLis (1 more) ...":"0x4c2c54c6","targetEDR":0.00,"totalAppliedDeductib (2 more) ...":0.00,"totalCoInsurance":0.00,"totalCoPayAmt":0.00,"totalInsCoResp":0.00,"totalInsEIVAmt":0.00,"totalRowCount":20,"totalTalbottDay":0}|0x2a97a13f
07:08:26.0 (81320356)|METHOD_ENTRY|[419]|01p0a000004sKzT|PAWValueCalculationService.treatNullAsZero(Decimal)
07:08:26.0 (81324957)|VARIABLE_SCOPE_BEGIN|[611]|pIntgerToTreat|Decimal|false|false
07:08:26.0 (81332018)|VARIABLE_ASSIGNMENT|[611]|pIntgerToTreat|1000000.00
07:08:26.0 (81335703)|STATEMENT_EXECUTE|[611]
07:08:26.0 (81336970)|STATEMENT_EXECUTE|[612]
07:08:26.0 (81337784)|STATEMENT_EXECUTE|[613]
07:08:26.0 (81340093)|METHOD_EXIT|[419]|01p0a000004sKzT|PAWValueCalculationService.treatNullAsZero(Decimal)
07:08:26.0 (81363769)|VARIABLE_ASSIGNMENT|[419]|this.Lifetime_Max__c|1000000.00|0x2f5dd1ef
07:08:26.0 (81368407)|STATEMENT_EXECUTE|[420]
07:08:26.0 (81408064)|VARIABLE_ASSIGNMENT|[EXTERNAL]|this|{"facilitySelected":"001j000000NqKMtAAN","fcltyPrgrmSelected":"a1B290000003SEdEAM","insrncBnft":"0x6a45d6a8","insrncBnftSelected":"a1H29000000pRTUEA2","pawDetailListDisplay (4 more) ...":false,"pyAgrmntWrksht":"0x192eafe8","rateAdjstmntSelected":"a1I29000000HR5FEAW","relatedPAWDetailsLis (1 more) ...":"0x4c2c54c6","targetEDR":0.00,"totalAppliedDeductib (2 more) ...":0.00,"totalCoInsurance":0.00,"totalCoPayAmt":0.00,"totalInsCoResp":0.00,"totalInsEIVAmt":0.00,"totalRowCount":20,"totalTalbottDay":0}|0x2a97a13f
07:08:26.0 (81434971)|HEAP_ALLOCATE|[420]|Bytes:28
07:08:26.0 (81441726)|METHOD_ENTRY|[420]|01p0a000004sKzT|PAWValueCalculationService.treatNullAsZero(Decimal)
07:08:26.0 (81446060)|VARIABLE_SCOPE_BEGIN|[611]|pIntgerToTreat|Decimal|false|false
07:08:26.0 (81452517)|VARIABLE_ASSIGNMENT|[611]|pIntgerToTreat|0.00
07:08:26.0 (81456164)|STATEMENT_EXECUTE|[611]
07:08:26.0 (81457429)|STATEMENT_EXECUTE|[612]
07:08:26.0 (81458333)|STATEMENT_EXECUTE|[613]
07:08:26.0 (81460519)|METHOD_EXIT|[420]|01p0a000004sKzT|PAWValueCalculationService.treatNullAsZero(Decimal)
07:08:26.0 (81488473)|VARIABLE_ASSIGNMENT|[420]|this.Lifetime_Max_Used__c|0.00|0x2f5dd1ef
07:08:26.0 (81493955)|STATEMENT_EXECUTE|[421]
07:08:26.0 (81534309)|VARIABLE_ASSIGNMENT|[EXTERNAL]|this|{"facilitySelected":"001j000000NqKMtAAN","fcltyPrgrmSelected":"a1B290000003SEdEAM","insrncBnft":"0x6a45d6a8","insrncBnftSelected":"a1H29000000pRTUEA2","pawDetailListDisplay (4 more) ...":false,"pyAgrmntWrksht":"0x192eafe8","rateAdjstmntSelected":"a1I29000000HR5FEAW","relatedPAWDetailsLis (1 more) ...":"0x4c2c54c6","targetEDR":0.00,"totalAppliedDeductib (2 more) ...":0.00,"totalCoInsurance":0.00,"totalCoPayAmt":0.00,"totalInsCoResp":0.00,"totalInsEIVAmt":0.00,"totalRowCount":20,"totalTalbottDay":0}|0x2a97a13f
07:08:26.0 (81559605)|METHOD_ENTRY|[421]|01p0a000004sKzT|PAWValueCalculationService.treatNullAsZero(Decimal)
07:08:26.0 (81564791)|VARIABLE_SCOPE_BEGIN|[611]|pIntgerToTreat|Decimal|false|false
07:08:26.0 (81571199)|VARIABLE_ASSIGNMENT|[611]|pIntgerToTreat|1000000.00
07:08:26.0 (81574756)|STATEMENT_EXECUTE|[611]
07:08:26.0 (81575949)|STATEMENT_EXECUTE|[612]
07:08:26.0 (81576771)|STATEMENT_EXECUTE|[613]
07:08:26.0 (81579265)|METHOD_EXIT|[421]|01p0a000004sKzT|PAWValueCalculationService.treatNullAsZero(Decimal)
07:08:26.0 (81602611)|VARIABLE_ASSIGNMENT|[421]|this.Annual_Max__c|1000000.00|0x2f5dd1ef
07:08:26.0 (81607056)|STATEMENT_EXECUTE|[422]
07:08:26.0 (81646759)|VARIABLE_ASSIGNMENT|[EXTERNAL]|this|{"facilitySelected":"001j000000NqKMtAAN","fcltyPrgrmSelected":"a1B290000003SEdEAM","insrncBnft":"0x6a45d6a8","insrncBnftSelected":"a1H29000000pRTUEA2","pawDetailListDisplay (4 more) ...":false,"pyAgrmntWrksht":"0x192eafe8","rateAdjstmntSelected":"a1I29000000HR5FEAW","relatedPAWDetailsLis (1 more) ...":"0x4c2c54c6","targetEDR":0.00,"totalAppliedDeductib (2 more) ...":0.00,"totalCoInsurance":0.00,"totalCoPayAmt":0.00,"totalInsCoResp":0.00,"totalInsEIVAmt":0.00,"totalRowCount":20,"totalTalbottDay":0}|0x2a97a13f
07:08:26.0 (81670598)|HEAP_ALLOCATE|[422]|Bytes:28
07:08:26.0 (81676639)|METHOD_ENTRY|[422]|01p0a000004sKzT|PAWValueCalculationService.treatNullAsZero(Decimal)
07:08:26.0 (81681396)|VARIABLE_SCOPE_BEGIN|[611]|pIntgerToTreat|Decimal|false|false
07:08:26.0 (81687926)|VARIABLE_ASSIGNMENT|[611]|pIntgerToTreat|0.00
07:08:26.0 (81691427)|STATEMENT_EXECUTE|[611]
07:08:26.0 (81692600)|STATEMENT_EXECUTE|[612]
07:08:26.0 (81693419)|STATEMENT_EXECUTE|[613]
07:08:26.0 (81695597)|METHOD_EXIT|[422]|01p0a000004sKzT|PAWValueCalculationService.treatNullAsZero(Decimal)
07:08:26.0 (81719189)|VARIABLE_ASSIGNMENT|[422]|this.Annual_Max_Used__c|0.00|0x2f5dd1ef
07:08:26.0 (81723718)|STATEMENT_EXECUTE|[423]
07:08:26.0 (81763801)|VARIABLE_ASSIGNMENT|[EXTERNAL]|this|{"facilitySelected":"001j000000NqKMtAAN","fcltyPrgrmSelected":"a1B290000003SEdEAM","insrncBnft":"0x6a45d6a8","insrncBnftSelected":"a1H29000000pRTUEA2","pawDetailListDisplay (4 more) ...":false,"pyAgrmntWrksht":"0x192eafe8","rateAdjstmntSelected":"a1I29000000HR5FEAW","relatedPAWDetailsLis (1 more) ...":"0x4c2c54c6","targetEDR":0.00,"totalAppliedDeductib (2 more) ...":0.00,"totalCoInsurance":0.00,"totalCoPayAmt":0.00,"totalInsCoResp":0.00,"totalInsEIVAmt":0.00,"totalRowCount":20,"totalTalbottDay":0}|0x2a97a13f
07:08:26.0 (81779510)|METHOD_ENTRY|[423]|01p0a000004sKzT|PAWValueCalculationService.treatNullAsZero(Decimal)
07:08:26.0 (81784054)|VARIABLE_SCOPE_BEGIN|[611]|pIntgerToTreat|Decimal|false|false
07:08:26.0 (81789623)|VARIABLE_ASSIGNMENT|[611]|pIntgerToTreat|null
07:08:26.0 (81792593)|STATEMENT_EXECUTE|[611]
07:08:26.0 (81793732)|STATEMENT_EXECUTE|[615]
07:08:26.0 (81794586)|STATEMENT_EXECUTE|[616]
07:08:26.0 (81797118)|HEAP_ALLOCATE|[616]|Bytes:4
07:08:26.0 (81808213)|HEAP_ALLOCATE|[616]|Bytes:28
07:08:26.0 (81812650)|METHOD_EXIT|[423]|01p0a000004sKzT|PAWValueCalculationService.treatNullAsZero(Decimal)
07:08:26.0 (81839089)|VARIABLE_ASSIGNMENT|[423]|this.Co_Pay_Met__c|0.00|0x2f5dd1ef
07:08:26.0 (81844404)|STATEMENT_EXECUTE|[424]
07:08:26.0 (81884967)|VARIABLE_ASSIGNMENT|[EXTERNAL]|this|{"facilitySelected":"001j000000NqKMtAAN","fcltyPrgrmSelected":"a1B290000003SEdEAM","insrncBnft":"0x6a45d6a8","insrncBnftSelected":"a1H29000000pRTUEA2","pawDetailListDisplay (4 more) ...":false,"pyAgrmntWrksht":"0x192eafe8","rateAdjstmntSelected":"a1I29000000HR5FEAW","relatedPAWDetailsLis (1 more) ...":"0x4c2c54c6","targetEDR":0.00,"totalAppliedDeductib (2 more) ...":0.00,"totalCoInsurance":0.00,"totalCoPayAmt":0.00,"totalInsCoResp":0.00,"totalInsEIVAmt":0.00,"totalRowCount":20,"totalTalbottDay":0}|0x2a97a13f
07:08:26.0 (81909321)|METHOD_ENTRY|[424]|01p0a000004sKzT|PAWValueCalculationService.treatNullAsZero(Decimal)
07:08:26.0 (81914380)|VARIABLE_SCOPE_BEGIN|[611]|pIntgerToTreat|Decimal|false|false
07:08:26.0 (81921226)|VARIABLE_ASSIGNMENT|[611]|pIntgerToTreat|10000.00
07:08:26.0 (81924919)|STATEMENT_EXECUTE|[611]
07:08:26.0 (81926096)|STATEMENT_EXECUTE|[612]
07:08:26.0 (81926919)|STATEMENT_EXECUTE|[613]
07:08:26.0 (81929087)|METHOD_EXIT|[424]|01p0a000004sKzT|PAWValueCalculationService.treatNullAsZero(Decimal)
07:08:26.0 (81953023)|VARIABLE_ASSIGNMENT|[424]|this.Out_of_Pocket_Max__c|10000.00|0x2f5dd1ef
07:08:26.0 (81957521)|STATEMENT_EXECUTE|[425]
07:08:26.0 (81997417)|VARIABLE_ASSIGNMENT|[EXTERNAL]|this|{"facilitySelected":"001j000000NqKMtAAN","fcltyPrgrmSelected":"a1B290000003SEdEAM","insrncBnft":"0x6a45d6a8","insrncBnftSelected":"a1H29000000pRTUEA2","pawDetailListDisplay (4 more) ...":false,"pyAgrmntWrksht":"0x192eafe8","rateAdjstmntSelected":"a1I29000000HR5FEAW","relatedPAWDetailsLis (1 more) ...":"0x4c2c54c6","targetEDR":0.00,"totalAppliedDeductib (2 more) ...":0.00,"totalCoInsurance":0.00,"totalCoPayAmt":0.00,"totalInsCoResp":0.00,"totalInsEIVAmt":0.00,"totalRowCount":20,"totalTalbottDay":0}|0x2a97a13f
07:08:26.0 (82020556)|HEAP_ALLOCATE|[425]|Bytes:28
07:08:26.0 (82027303)|METHOD_ENTRY|[425]|01p0a000004sKzT|PAWValueCalculationService.treatNullAsZero(Decimal)
07:08:26.0 (82032566)|VARIABLE_SCOPE_BEGIN|[611]|pIntgerToTreat|Decimal|false|false
07:08:26.0 (82039135)|VARIABLE_ASSIGNMENT|[611]|pIntgerToTreat|0.00
07:08:26.0 (82042744)|STATEMENT_EXECUTE|[611]
07:08:26.0 (82043903)|STATEMENT_EXECUTE|[612]
07:08:26.0 (82044744)|STATEMENT_EXECUTE|[613]
07:08:26.0 (82047478)|METHOD_EXIT|[425]|01p0a000004sKzT|PAWValueCalculationService.treatNullAsZero(Decimal)
07:08:26.0 (82071967)|VARIABLE_ASSIGNMENT|[425]|this.Out_of_Pocket_Max_Met__c|0.00|0x2f5dd1ef
07:08:26.0 (82076685)|STATEMENT_EXECUTE|[426]
07:08:26.0 (82119064)|VARIABLE_ASSIGNMENT|[EXTERNAL]|this|{"facilitySelected":"001j000000NqKMtAAN","fcltyPrgrmSelected":"a1B290000003SEdEAM","insrncBnft":"0x6a45d6a8","insrncBnftSelected":"a1H29000000pRTUEA2","pawDetailListDisplay (4 more) ...":false,"pyAgrmntWrksht":"0x192eafe8","rateAdjstmntSelected":"a1I29000000HR5FEAW","relatedPAWDetailsLis (1 more) ...":"0x4c2c54c6","targetEDR":0.00,"totalAppliedDeductib (2 more) ...":0.00,"totalCoInsurance":0.00,"totalCoPayAmt":0.00,"totalInsCoResp":0.00,"totalInsEIVAmt":0.00,"totalRowCount":20,"totalTalbottDay":0}|0x2a97a13f
07:08:26.0 (82152019)|VARIABLE_ASSIGNMENT|[426]|this.Co_Pay__c|0.00|0x2f5dd1ef
07:08:26.0 (82166133)|STATEMENT_EXECUTE|[428]
07:08:26.0 (82167282)|STATEMENT_EXECUTE|[429]
07:08:26.0 (82172498)|HEAP_ALLOCATE|[429]|Bytes:4
07:08:26.0 (82206348)|VARIABLE_ASSIGNMENT|[429]|this.Opportunity__c|"00629000004NTeZAAW"|0x2f5dd1ef
07:08:26.0 (82212094)|STATEMENT_EXECUTE|[431]
07:08:26.0 (82213011)|STATEMENT_EXECUTE|[432]
07:08:26.0 (82237611)|VARIABLE_ASSIGNMENT|[432]|this.Patient_Insurance__c|"a1b29000000lvHQAAY"|0x2f5dd1ef
07:08:26.0 (82242892)|STATEMENT_EXECUTE|[434]
07:08:26.0 (82243840)|STATEMENT_EXECUTE|[437]
07:08:26.0 (82244704)|STATEMENT_EXECUTE|[437]
07:08:26.0 (82245520)|STATEMENT_EXECUTE|[438]
07:08:26.0 (82271360)|HEAP_ALLOCATE|[438]|Bytes:4
07:08:26.0 (82324518)|VARIABLE_SCOPE_BEGIN|[438]|parentOpportunity|Opportunity|true|false
07:08:26.0 (82336672)|VARIABLE_ASSIGNMENT|[438]|parentOpportunity|{}|0x39226b9f
07:08:26.0 (82356191)|STATEMENT_EXECUTE|[439]
07:08:26.0 (82357357)|STATEMENT_EXECUTE|[440]
07:08:26.0 (82360040)|HEAP_ALLOCATE|[440]|Bytes:57
07:08:26.0 (82372597)|HEAP_ALLOCATE|[440]|Bytes:4
07:08:26.0 (84473799)|SOQL_EXECUTE_BEGIN|[440]|Aggregations:0|SELECT Id, StageName FROM Opportunity WHERE Id = :tmpVar1
07:08:26.0 (92568774)|SOQL_EXECUTE_END|[440]|Rows:1
07:08:26.0 (92586065)|HEAP_ALLOCATE|[440]|Bytes:8
07:08:26.0 (92597424)|HEAP_ALLOCATE|[440]|Bytes:99
07:08:26.0 (92637346)|HEAP_ALLOCATE|[440]|Bytes:8
07:08:26.0 (92646803)|HEAP_ALLOCATE|[440]|Bytes:37
07:08:26.0 (92671651)|HEAP_ALLOCATE|[440]|Bytes:16
07:08:26.0 (92689569)|VARIABLE_ASSIGNMENT|[440]|parentOpportunity|{"Id":"00629000004NTeZAAW","StageName":"Counter Offer Reques (3 more) ...","RecordTypeId":"012j00000015GSJAA2"}|0x152e5082
07:08:26.0 (92695160)|STATEMENT_EXECUTE|[444]
07:08:26.0 (92707991)|HEAP_ALLOCATE|[444]|Bytes:4
07:08:26.0 (92737649)|VARIABLE_SCOPE_BEGIN|[444]|vobProfileId|Set<Id>|true|false
07:08:26.0 (92760100)|VARIABLE_ASSIGNMENT|[444]|vobProfileId|[]|0x63f502bd
07:08:26.0 (92766708)|HEAP_ALLOCATE|[445]|Bytes:78
07:08:26.0 (92776920)|HEAP_ALLOCATE|[445]|Bytes:4
07:08:26.0 (93680070)|SOQL_EXECUTE_BEGIN|[445]|Aggregations:0|SELECT Id FROM Profile 
07:08:26.0 (98661523)|SOQL_EXECUTE_END|[445]|Rows:2
07:08:26.0 (98676298)|HEAP_ALLOCATE|[EXTERNAL]|Bytes:12
07:08:26.0 (98807193)|HEAP_ALLOCATE|[445]|Bytes:54
07:08:26.0 (98814554)|HEAP_ALLOCATE|[445]|Bytes:8
07:08:26.0 (98822646)|SYSTEM_METHOD_ENTRY|[7]|QueryLocatorIterator.QueryLocatorIterator()
07:08:26.0 (98826357)|STATEMENT_EXECUTE|[7]
07:08:26.0 (98833010)|SYSTEM_METHOD_EXIT|[7]|QueryLocatorIterator
07:08:26.0 (98840295)|HEAP_ALLOCATE|[445]|Bytes:28
07:08:26.0 (98895166)|HEAP_ALLOCATE|[445]|Bytes:12
07:08:26.0 (98908684)|HEAP_ALLOCATE|[445]|Bytes:8
07:08:26.0 (98911495)|HEAP_ALLOCATE|[445]|Bytes:8
07:08:26.0 (98916145)|VARIABLE_SCOPE_BEGIN|[15]|this|Database.QueryLocatorIterator|true|false
07:08:26.0 (98935535)|VARIABLE_ASSIGNMENT|[15]|this|{}|0x4a559050
07:08:26.0 (98941125)|VARIABLE_SCOPE_BEGIN|[15]|values|List<SObject>|true|false
07:08:26.0 (98954288)|VARIABLE_ASSIGNMENT|[15]|values|[{"Id":"00ej0000001QutBAAS"},{"Id":"00ej0000001QutCAAS"}]|0x7daea2b9
07:08:26.0 (98958958)|VARIABLE_SCOPE_BEGIN|[15]|ql|Database.QueryLocator|true|false
07:08:26.0 (98973008)|VARIABLE_ASSIGNMENT|[15]|ql|{"query":"SELECT Id FROM Profi (58 more) ..."}|0xf9cf06d
07:08:26.0 (98977956)|VARIABLE_SCOPE_BEGIN|[15]|totalNumRecords|Integer|false|false
07:08:26.0 (98983580)|VARIABLE_ASSIGNMENT|[15]|totalNumRecords|2
07:08:26.0 (98987136)|VARIABLE_SCOPE_BEGIN|[15]|queryMoreSize|Integer|false|false
07:08:26.0 (98992029)|VARIABLE_ASSIGNMENT|[15]|queryMoreSize|49993
07:08:26.0 (99058537)|HEAP_ALLOCATE|[445]|Bytes:28
07:08:26.0 (99075490)|METHOD_ENTRY|[445]||Database.QueryLocatorIterator.hasNext()
07:08:26.0 (99121119)|METHOD_EXIT|[445]||Database.QueryLocatorIterator.hasNext()
07:08:26.0 (99127658)|METHOD_ENTRY|[445]||Database.QueryLocatorIterator.next()
07:08:26.0 (99178775)|METHOD_EXIT|[445]||Database.QueryLocatorIterator.next()
07:08:26.0 (99185352)|VARIABLE_SCOPE_BEGIN|[445]|prfl|Profile|true|false
07:08:26.0 (99197127)|VARIABLE_ASSIGNMENT|[445]|prfl|{"Id":"00ej0000001QutBAAS"}|0x3d2b717
07:08:26.0 (99202276)|STATEMENT_EXECUTE|[445]
07:08:26.0 (99203613)|STATEMENT_EXECUTE|[446]
07:08:26.0 (99244660)|HEAP_ALLOCATE|[EXTERNAL]|Bytes:4
07:08:26.0 (99254073)|METHOD_ENTRY|[445]||Database.QueryLocatorIterator.hasNext()
07:08:26.0 (99267850)|METHOD_EXIT|[445]||Database.QueryLocatorIterator.hasNext()
07:08:26.0 (99271877)|METHOD_ENTRY|[445]||Database.QueryLocatorIterator.next()
07:08:26.0 (99304792)|METHOD_EXIT|[445]||Database.QueryLocatorIterator.next()
07:08:26.0 (99310109)|VARIABLE_SCOPE_BEGIN|[445]|prfl|Profile|true|false
07:08:26.0 (99320681)|VARIABLE_ASSIGNMENT|[445]|prfl|{"Id":"00ej0000001QutCAAS"}|0xbe166be
07:08:26.0 (99325378)|STATEMENT_EXECUTE|[445]
07:08:26.0 (99326778)|STATEMENT_EXECUTE|[446]
07:08:26.0 (99335348)|HEAP_ALLOCATE|[EXTERNAL]|Bytes:4
07:08:26.0 (99341363)|METHOD_ENTRY|[445]||Database.QueryLocatorIterator.hasNext()
07:08:26.0 (99349670)|METHOD_EXIT|[445]||Database.QueryLocatorIterator.hasNext()
07:08:26.0 (99355893)|VARIABLE_ASSIGNMENT|[445]|prfl|null|
07:08:26.0 (99383351)|HEAP_ALLOCATE|[448]|Bytes:22
07:08:26.0 (99395196)|STATEMENT_EXECUTE|[448]
07:08:26.0 (99397196)|STATEMENT_EXECUTE|[455]
07:08:26.0 (99401626)|STATEMENT_EXECUTE|[486]
07:08:26.0 (99402476)|STATEMENT_EXECUTE|[487]
07:08:26.0 (99403973)|HEAP_ALLOCATE|[487]|Bytes:4
07:08:26.0 (99448753)|VARIABLE_ASSIGNMENT|[487]|this.Status__c|"Open"|0x2f5dd1ef
07:08:26.0 (99454720)|STATEMENT_EXECUTE|[489]
07:08:26.0 (99479274)|HEAP_ALLOCATE|[489]|Bytes:8
07:08:26.0 (99493235)|DML_BEGIN|[489]|Op:Upsert|Type:Pay_Agreement_Worksheet__c|Rows:1
07:08:26.0 (99519789)|HEAP_ALLOCATE|[EXTERNAL]|Bytes:8
07:08:26.0 (144485575)|DML_END|[489]
07:08:26.0 (144572626)|VARIABLE_ASSIGNMENT|[EXTERNAL]|this|{"facilitySelected":"001j000000NqKMtAAN","fcltyPrgrmSelected":"a1B290000003SEdEAM","insrncBnft":"0x6a45d6a8","insrncBnftSelected":"a1H29000000pRTUEA2","pawDetailListDisplay (4 more) ...":false,"pyAgrmntWrksht":"0x192eafe8","rateAdjstmntSelected":"a1I29000000HR5FEAW","relatedPAWDetailsLis (1 more) ...":"0x4c2c54c6","targetEDR":0.00,"totalAppliedDeductib (2 more) ...":0.00,"totalCoInsurance":0.00,"totalCoPayAmt":0.00,"totalInsCoResp":0.00,"totalInsEIVAmt":0.00,"totalRowCount":20,"totalTalbottDay":0}|0x2a97a13f
07:08:26.0 (144696222)|HEAP_ALLOCATE|[491]|Bytes:5
07:08:26.0 (144711156)|VARIABLE_ASSIGNMENT|[491]|pawd|null|
07:08:26.0 (144716797)|STATEMENT_EXECUTE|[491]
07:08:26.0 (144740288)|STATEMENT_EXECUTE|[498]
07:08:26.0 (144741700)|STATEMENT_EXECUTE|[499]
07:08:26.0 (144744949)|HEAP_ALLOCATE|[499]|Bytes:92
07:08:26.0 (144758143)|HEAP_ALLOCATE|[499]|Bytes:4
07:08:26.0 (145449080)|SOQL_EXECUTE_BEGIN|[499]|Aggregations:0|SELECT Id FROM Pay_Agreement_Worksheet_Detail__c WHERE Pay_Agreement_Worksheet__c = :tmpVar1
07:08:26.0 (155429614)|SOQL_EXECUTE_END|[499]|Rows:0
07:08:26.0 (155450959)|HEAP_ALLOCATE|[499]|Bytes:4
07:08:26.0 (155460693)|HEAP_ALLOCATE|[499]|Bytes:0
07:08:26.0 (155490734)|HEAP_ALLOCATE|[499]|Bytes:4
07:08:26.0 (155565760)|HEAP_ALLOCATE|[EXTERNAL]|Bytes:4
07:08:26.0 (155599692)|STATEMENT_EXECUTE|[501]
07:08:26.0 (155602353)|STATEMENT_EXECUTE|[509]
07:08:26.0 (155605441)|VARIABLE_SCOPE_BEGIN|[509]|orderPage|System.PageReference|true|false
07:08:26.0 (155615602)|VARIABLE_ASSIGNMENT|[509]|orderPage|null|
07:08:26.0 (155619242)|STATEMENT_EXECUTE|[510]
07:08:26.0 (155625169)|HEAP_ALLOCATE|[510]|Bytes:1
07:08:26.0 (155665816)|HEAP_ALLOCATE|[510]|Bytes:18
07:08:26.0 (155677065)|HEAP_ALLOCATE|[510]|Bytes:19
07:08:26.0 (155807999)|VARIABLE_ASSIGNMENT|[510]|orderPage|"/a1d29000000gbSqAAI"|0xee8eb0f
07:08:26.0 (155814971)|STATEMENT_EXECUTE|[511]
07:08:26.0 (155860339)|STATEMENT_EXECUTE|[512]
07:08:26.0 (155866842)|METHOD_EXIT|[471]|01p0a000004sKzT|PAWValueCalculationService.commitToDB(PAW_New_EditCntrllr.WraperClass, String, Patient_Insurance__c, String, String)
07:08:26.165 (165427217)|CUMULATIVE_LIMIT_USAGE
07:08:26.165 (165427217)|LIMIT_USAGE_FOR_NS|(default)|
  Number of SOQL queries: 5 out of 100
  Number of query rows: 7 out of 50000
  Number of SOSL queries: 0 out of 20
  Number of DML statements: 1 out of 150
  Number of DML rows: 1 out of 10000
  Maximum CPU time: 0 out of 10000
  Maximum heap size: 0 out of 6000000
  Number of callouts: 0 out of 100
  Number of Email Invocations: 0 out of 10
  Number of future calls: 0 out of 50
  Number of queueable jobs added to the queue: 0 out of 50
  Number of Mobile Apex push calls: 0 out of 10

07:08:26.165 (165427217)|CUMULATIVE_LIMIT_USAGE_END

07:08:26.0 (165474713)|CODE_UNIT_FINISHED|VF: /apex/PAW_New_Edit
07:08:26.0 (166215011)|EXECUTION_FINISHED
