37.0 APEX_CODE,FINEST;APEX_PROFILING,INFO;CALLOUT,INFO;DB,INFO;SYSTEM,DEBUG;VALIDATION,INFO;VISUALFORCE,INFO;WAVE,INFO;WORKFLOW,FINER
07:06:18.0 (275875)|USER_INFO|[EXTERNAL]|00529000000zYiy|bhakti.gujrathi@eternussolutions.com.frnstgng|Central Standard Time|GMT-06:00
07:06:18.0 (313824)|EXECUTION_STARTED
07:06:18.0 (318171)|CODE_UNIT_STARTED|[EXTERNAL]|066j0000002vLOn|VF: /apex/Opp_vfpage
07:06:18.0 (11239710)|SYSTEM_MODE_ENTER|true
07:06:18.0 (11577822)|HEAP_ALLOCATE|[72]|Bytes:3
07:06:18.0 (11620732)|HEAP_ALLOCATE|[77]|Bytes:152
07:06:18.0 (11632925)|HEAP_ALLOCATE|[342]|Bytes:408
07:06:18.0 (11644731)|HEAP_ALLOCATE|[355]|Bytes:408
07:06:18.0 (11655582)|HEAP_ALLOCATE|[467]|Bytes:48
07:06:18.0 (11683866)|HEAP_ALLOCATE|[139]|Bytes:6
07:06:18.0 (11698815)|HEAP_ALLOCATE|[EXTERNAL]|Bytes:348
07:06:18.0 (11704167)|HEAP_ALLOCATE|[EXTERNAL]|Bytes:33
07:06:18.0 (11707458)|HEAP_ALLOCATE|[EXTERNAL]|Bytes:84
07:06:18.0 (11717588)|METHOD_ENTRY|[1]|01pj0000004SbwI|PatientNameforOppObj.PatientNameforOppObj()
07:06:18.0 (11723797)|STATEMENT_EXECUTE|[1]
07:06:18.0 (11728082)|STATEMENT_EXECUTE|[1]
07:06:18.0 (11732604)|METHOD_EXIT|[1]|PatientNameforOppObj
07:06:18.0 (11987750)|HEAP_ALLOCATE|[EXTERNAL]|Bytes:60
07:06:18.0 (12010355)|VARIABLE_SCOPE_BEGIN|[17]|this|PatientNameforOppObj|true|false
07:06:18.0 (12092786)|VARIABLE_ASSIGNMENT|[17]|this|{}|0x5cbd32ce
07:06:18.0 (12101997)|VARIABLE_SCOPE_BEGIN|[17]|controller|ApexPages.StandardController|true|false
07:06:18.0 (12300514)|VARIABLE_ASSIGNMENT|[17]|controller|"StandardController [null]"|0x316260ed
07:06:18.0 (12312578)|STATEMENT_EXECUTE|[1]
07:06:18.0 (12314436)|STATEMENT_EXECUTE|[2]
07:06:18.0 (12315693)|STATEMENT_EXECUTE|[3]
07:06:18.0 (12316779)|STATEMENT_EXECUTE|[4]
07:06:18.0 (12317671)|STATEMENT_EXECUTE|[5]
07:06:18.0 (12318595)|STATEMENT_EXECUTE|[6]
07:06:18.0 (12319547)|STATEMENT_EXECUTE|[7]
07:06:18.0 (12320570)|STATEMENT_EXECUTE|[8]
07:06:18.0 (12321471)|STATEMENT_EXECUTE|[9]
07:06:18.0 (12322467)|STATEMENT_EXECUTE|[10]
07:06:18.0 (12323628)|STATEMENT_EXECUTE|[11]
07:06:18.0 (12324608)|STATEMENT_EXECUTE|[12]
07:06:18.0 (12325513)|STATEMENT_EXECUTE|[13]
07:06:18.0 (12326419)|STATEMENT_EXECUTE|[14]
07:06:18.0 (12327339)|STATEMENT_EXECUTE|[15]
07:06:18.0 (12336815)|HEAP_ALLOCATE|[18]|Bytes:6
07:06:18.0 (12395051)|STATEMENT_EXECUTE|[17]
07:06:18.0 (12396545)|STATEMENT_EXECUTE|[18]
07:06:18.0 (12411474)|VARIABLE_ASSIGNMENT|[18]|this.recTypeLocal|""|0x5cbd32ce
07:06:18.0 (12416643)|STATEMENT_EXECUTE|[19]
07:06:18.0 (12508744)|VARIABLE_ASSIGNMENT|[EXTERNAL]|this|{"recTypeLocal":""}|0x5cbd32ce
07:06:18.0 (12519120)|VARIABLE_ASSIGNMENT|[EXTERNAL]|value|""
07:06:18.0 (12529129)|VARIABLE_ASSIGNMENT|[13]|this.recTypeName|""|0x5cbd32ce
07:06:18.0 (12539472)|STATEMENT_EXECUTE|[20]
07:06:18.0 (12557148)|HEAP_ALLOCATE|[50]|Bytes:5
07:06:18.0 (12573589)|HEAP_ALLOCATE|[56]|Bytes:5
07:06:18.0 (12581716)|HEAP_ALLOCATE|[64]|Bytes:7
07:06:18.0 (12627310)|HEAP_ALLOCATE|[20]|Bytes:44
07:06:18.0 (12676180)|HEAP_ALLOCATE|[20]|Bytes:24
07:06:18.0 (12702590)|HEAP_ALLOCATE|[20]|Bytes:2
07:06:18.0 (12723756)|VARIABLE_SCOPE_BEGIN|[20]|currentObjId|String|false|false
07:06:18.0 (12735556)|VARIABLE_ASSIGNMENT|[20]|currentObjId|"00629000004NTeZ"
07:06:18.0 (12739395)|STATEMENT_EXECUTE|[21]
07:06:18.0 (12741863)|HEAP_ALLOCATE|[21]|Bytes:45
07:06:18.0 (12761890)|HEAP_ALLOCATE|[21]|Bytes:60
07:06:18.0 (12789244)|USER_DEBUG|[21]|DEBUG|currentObjId_________________________________00629000004NTeZ
07:06:18.0 (12797144)|STATEMENT_EXECUTE|[24]
07:06:18.0 (12798966)|HEAP_ALLOCATE|[24]|Bytes:11
07:06:18.0 (13279947)|HEAP_ALLOCATE|[24]|Bytes:4
07:06:18.0 (13314528)|HEAP_ALLOCATE|[24]|Bytes:3
07:06:18.0 (13320673)|VARIABLE_SCOPE_BEGIN|[24]|oppKeyPrif|String|false|false
07:06:18.0 (13331580)|VARIABLE_ASSIGNMENT|[24]|oppKeyPrif|"006"
07:06:18.0 (13335337)|STATEMENT_EXECUTE|[25]
07:06:18.0 (13338070)|HEAP_ALLOCATE|[25]|Bytes:36
07:06:18.0 (13345619)|HEAP_ALLOCATE|[25]|Bytes:39
07:06:18.0 (13363922)|USER_DEBUG|[25]|DEBUG|oppKeyPrif__________________________006
07:06:18.0 (13412946)|STATEMENT_EXECUTE|[26]
07:06:18.0 (13414420)|STATEMENT_EXECUTE|[27]
07:06:18.0 (13437547)|HEAP_ALLOCATE|[27]|Bytes:4
07:06:18.0 (13584787)|VARIABLE_ASSIGNMENT|[EXTERNAL]|this|{"recTypeLocal":"","recTypeName":""}|0x5cbd32ce
07:06:18.0 (13600884)|VARIABLE_ASSIGNMENT|[EXTERNAL]|value|{}|0x716cd0ca
07:06:18.0 (13612061)|VARIABLE_ASSIGNMENT|[2]|this.oppty|{}|0x5cbd32ce
07:06:18.0 (13620525)|STATEMENT_EXECUTE|[28]
07:06:18.0 (13663550)|VARIABLE_ASSIGNMENT|[EXTERNAL]|this|{"oppty":"0x716cd0ca","recTypeLocal":"","recTypeName":""}|0x5cbd32ce
07:06:18.0 (13671837)|VARIABLE_ASSIGNMENT|[EXTERNAL]|value|""
07:06:18.0 (13680127)|VARIABLE_ASSIGNMENT|[15]|this.finalName|""|0x5cbd32ce
07:06:18.0 (13687920)|STATEMENT_EXECUTE|[29]
07:06:18.0 (13690872)|HEAP_ALLOCATE|[29]|Bytes:140
07:06:18.0 (13708430)|HEAP_ALLOCATE|[29]|Bytes:4
07:06:18.0 (13719323)|HEAP_ALLOCATE|[29]|Bytes:7
07:06:18.0 (14197670)|SOQL_EXECUTE_BEGIN|[29]|Aggregations:0|SELECT Id, Contact__c, Contact__r.FirstName, Contact__r.LastName, Contact__r.Birthdate, RecordType.Name FROM Opportunity WHERE Id = :tmpVar1
07:06:18.0 (22098778)|SOQL_EXECUTE_END|[29]|Rows:1
07:06:18.0 (22126686)|HEAP_ALLOCATE|[29]|Bytes:8
07:06:18.0 (22151192)|HEAP_ALLOCATE|[29]|Bytes:296
07:06:18.0 (22267888)|HEAP_ALLOCATE|[29]|Bytes:8
07:06:18.0 (22284666)|HEAP_ALLOCATE|[29]|Bytes:37
07:06:18.0 (22342836)|HEAP_ALLOCATE|[29]|Bytes:24
07:06:18.0 (22415306)|VARIABLE_ASSIGNMENT|[EXTERNAL]|this|{"finalName":"","oppty":"0x716cd0ca","recTypeLocal":"","recTypeName":""}|0x5cbd32ce
07:06:18.0 (22461316)|VARIABLE_ASSIGNMENT|[EXTERNAL]|value|{"Id":"00629000004NTeZAAW","Contact__c":"00329000009RtzGAAS","RecordTypeId":"012j00000015GSJAA2","Contact__r":{"FirstName":"Maria","LastName":"Johnson","Birthdate":"1963-09-13T00:00:00.000Z","Id":"00329000009RtzGAAS","RecordTypeId":"012j00000015GS0AAM"},"RecordType":{"Name":"Residential Treatmen (1 more) ...","Id":"012j00000015GSJAA2"}}|0x4fb41e81
07:06:18.0 (22491278)|VARIABLE_ASSIGNMENT|[2]|this.oppty|{"Id":"00629000004NTeZAAW","Contact__c":"00329000009RtzGAAS","RecordTypeId":"012j00000015GSJAA2","Contact__r":{"FirstName":"Maria","LastName":"Johnson","Birthdate":"1963-09-13T00:00:00.000Z","Id":"00329000009RtzGAAS","RecordTypeId":"012j00000015GS0AAM"},"RecordType":{"Name":"Residential Treatmen (1 more) ...","Id":"012j00000015GSJAA2"}}|0x5cbd32ce
07:06:18.0 (22506364)|STATEMENT_EXECUTE|[30]
07:06:18.0 (22558682)|VARIABLE_ASSIGNMENT|[EXTERNAL]|this|{"finalName":"","oppty":"0x4fb41e81","recTypeLocal":"","recTypeName":""}|0x5cbd32ce
07:06:18.0 (22651709)|VARIABLE_ASSIGNMENT|[30]|this.recTypeLocal|"Residential Treatmen (1 more) ..."|0x5cbd32ce
07:06:18.0 (22658330)|STATEMENT_EXECUTE|[31]
07:06:18.0 (22661682)|HEAP_ALLOCATE|[31]|Bytes:31
07:06:18.0 (22701682)|VARIABLE_ASSIGNMENT|[EXTERNAL]|this|{"finalName":"","oppty":"0x4fb41e81","recTypeLocal":"Residential Treatmen (1 more) ...","recTypeName":""}|0x5cbd32ce
07:06:18.0 (22774439)|HEAP_ALLOCATE|[31]|Bytes:99
07:06:18.0 (22791560)|HEAP_ALLOCATE|[31]|Bytes:130
07:06:18.0 (22805021)|USER_DEBUG|[31]|DEBUG|oppty__________________________Opportunity:{Id=00629000004NTeZAAW, Contact__c=00329000009RtzGAAS, RecordTypeId=012j00000015GSJAA2}
07:06:18.0 (22853256)|VARIABLE_ASSIGNMENT|[EXTERNAL]|this|{"finalName":"","oppty":"0x4fb41e81","recTypeLocal":"Residential Treatmen (1 more) ...","recTypeName":""}|0x5cbd32ce
07:06:18.0 (22956336)|VARIABLE_ASSIGNMENT|[EXTERNAL]|this|{"finalName":"","oppty":"0x4fb41e81","recTypeLocal":"Residential Treatmen (1 more) ...","recTypeName":""}|0x5cbd32ce
07:06:18.0 (23000392)|STATEMENT_EXECUTE|[33]
07:06:18.0 (23036825)|VARIABLE_ASSIGNMENT|[EXTERNAL]|this|{"finalName":"","oppty":"0x4fb41e81","recTypeLocal":"Residential Treatmen (1 more) ...","recTypeName":""}|0x5cbd32ce
07:06:18.0 (23074387)|VARIABLE_ASSIGNMENT|[EXTERNAL]|this|{"finalName":"","oppty":"0x4fb41e81","recTypeLocal":"Residential Treatmen (1 more) ...","recTypeName":""}|0x5cbd32ce
07:06:18.0 (23082212)|VARIABLE_ASSIGNMENT|[EXTERNAL]|value|"Maria"
07:06:18.0 (23090104)|VARIABLE_ASSIGNMENT|[15]|this.finalName|"Maria"|0x5cbd32ce
07:06:18.0 (23097195)|STATEMENT_EXECUTE|[34]
07:06:18.0 (23133546)|VARIABLE_ASSIGNMENT|[EXTERNAL]|this|{"finalName":"Maria","oppty":"0x4fb41e81","recTypeLocal":"Residential Treatmen (1 more) ...","recTypeName":""}|0x5cbd32ce
07:06:18.0 (23165491)|VARIABLE_ASSIGNMENT|[EXTERNAL]|this|{"finalName":"Maria","oppty":"0x4fb41e81","recTypeLocal":"Residential Treatmen (1 more) ...","recTypeName":""}|0x5cbd32ce
07:06:18.0 (23174230)|HEAP_ALLOCATE|[34]|Bytes:1
07:06:18.0 (23197660)|VARIABLE_ASSIGNMENT|[EXTERNAL]|this|{"finalName":"Maria","oppty":"0x4fb41e81","recTypeLocal":"Residential Treatmen (1 more) ...","recTypeName":""}|0x5cbd32ce
07:06:18.0 (23229454)|HEAP_ALLOCATE|[34]|Bytes:13
07:06:18.0 (23259384)|VARIABLE_ASSIGNMENT|[EXTERNAL]|this|{"finalName":"Maria","oppty":"0x4fb41e81","recTypeLocal":"Residential Treatmen (1 more) ...","recTypeName":""}|0x5cbd32ce
07:06:18.0 (23265941)|VARIABLE_ASSIGNMENT|[EXTERNAL]|value|"Maria Johnson"
07:06:18.0 (23273008)|VARIABLE_ASSIGNMENT|[15]|this.finalName|"Maria Johnson"|0x5cbd32ce
07:06:18.0 (23280075)|STATEMENT_EXECUTE|[39]
07:06:18.0 (23283191)|HEAP_ALLOCATE|[39]|Bytes:19
07:06:18.0 (23831219)|HEAP_ALLOCATE|[39]|Bytes:4
07:06:18.0 (23862550)|HEAP_ALLOCATE|[39]|Bytes:3
07:06:18.0 (23869083)|VARIABLE_SCOPE_BEGIN|[39]|abusedKeyPrif|String|false|false
07:06:18.0 (23880204)|VARIABLE_ASSIGNMENT|[39]|abusedKeyPrif|"a0n"
07:06:18.0 (23884102)|STATEMENT_EXECUTE|[40]
07:06:18.0 (23887100)|HEAP_ALLOCATE|[40]|Bytes:39
07:06:18.0 (23894674)|HEAP_ALLOCATE|[40]|Bytes:42
07:06:18.0 (23915984)|USER_DEBUG|[40]|DEBUG|abusedKeyPrif__________________________a0n
07:06:18.0 (23956407)|STATEMENT_EXECUTE|[41]
07:06:18.0 (23958021)|STATEMENT_EXECUTE|[54]
07:06:18.0 (23960549)|HEAP_ALLOCATE|[54]|Bytes:20
07:06:18.0 (24287187)|HEAP_ALLOCATE|[54]|Bytes:4
07:06:18.0 (24309020)|HEAP_ALLOCATE|[54]|Bytes:3
07:06:18.0 (24314717)|VARIABLE_SCOPE_BEGIN|[54]|tHstKeyPrif|String|false|false
07:06:18.0 (24325563)|VARIABLE_ASSIGNMENT|[54]|tHstKeyPrif|"a20"
07:06:18.0 (24329294)|STATEMENT_EXECUTE|[55]
07:06:18.0 (24331923)|HEAP_ALLOCATE|[55]|Bytes:37
07:06:18.0 (24339356)|HEAP_ALLOCATE|[55]|Bytes:40
07:06:18.0 (24357870)|USER_DEBUG|[55]|DEBUG|tHstKeyPrif__________________________a20
07:06:18.0 (24390233)|STATEMENT_EXECUTE|[56]
07:06:18.0 (24391847)|STATEMENT_EXECUTE|[69]
07:06:18.0 (24394103)|HEAP_ALLOCATE|[69]|Bytes:26
07:06:18.0 (24703600)|HEAP_ALLOCATE|[69]|Bytes:4
07:06:18.0 (24723676)|HEAP_ALLOCATE|[69]|Bytes:3
07:06:18.0 (24729165)|VARIABLE_SCOPE_BEGIN|[69]|medPSKeyPrif|String|false|false
07:06:18.0 (24739479)|VARIABLE_ASSIGNMENT|[69]|medPSKeyPrif|"a1R"
07:06:18.0 (24743702)|STATEMENT_EXECUTE|[70]
07:06:18.0 (24746328)|HEAP_ALLOCATE|[70]|Bytes:38
07:06:18.0 (24759259)|HEAP_ALLOCATE|[70]|Bytes:41
07:06:18.0 (24776977)|USER_DEBUG|[70]|DEBUG|medPSKeyPrif__________________________a1R
07:06:18.0 (24808025)|STATEMENT_EXECUTE|[71]
07:06:18.0 (24809596)|STATEMENT_EXECUTE|[84]
07:06:18.0 (24812343)|HEAP_ALLOCATE|[84]|Bytes:26
07:06:18.0 (25159872)|HEAP_ALLOCATE|[84]|Bytes:4
07:06:18.0 (25180525)|HEAP_ALLOCATE|[84]|Bytes:3
07:06:18.0 (25186055)|VARIABLE_SCOPE_BEGIN|[84]|pMedKeyPrif|String|false|false
07:06:18.0 (25196198)|VARIABLE_ASSIGNMENT|[84]|pMedKeyPrif|"a1h"
07:06:18.0 (25200221)|STATEMENT_EXECUTE|[85]
07:06:18.0 (25202902)|HEAP_ALLOCATE|[85]|Bytes:37
07:06:18.0 (25209792)|HEAP_ALLOCATE|[85]|Bytes:40
07:06:18.0 (25227034)|USER_DEBUG|[85]|DEBUG|pMedKeyPrif__________________________a1h
07:06:18.0 (25257238)|STATEMENT_EXECUTE|[86]
07:06:18.0 (25258777)|STATEMENT_EXECUTE|[99]
07:06:18.0 (25260979)|HEAP_ALLOCATE|[99]|Bytes:24
07:06:18.0 (37035905)|HEAP_ALLOCATE|[99]|Bytes:4
07:06:18.0 (37106324)|HEAP_ALLOCATE|[99]|Bytes:3
07:06:18.0 (37117556)|VARIABLE_SCOPE_BEGIN|[99]|HSymKeyPrif|String|false|false
07:06:18.0 (37141172)|VARIABLE_ASSIGNMENT|[99]|HSymKeyPrif|"a1T"
07:06:18.0 (37146789)|STATEMENT_EXECUTE|[100]
07:06:18.0 (37152415)|HEAP_ALLOCATE|[100]|Bytes:37
07:06:18.0 (37168852)|HEAP_ALLOCATE|[100]|Bytes:40
07:06:18.0 (37218403)|USER_DEBUG|[100]|DEBUG|HSymKeyPrif__________________________a1T
07:06:18.0 (37277630)|STATEMENT_EXECUTE|[101]
07:06:18.0 (37279248)|STATEMENT_EXECUTE|[114]
07:06:18.0 (37281626)|HEAP_ALLOCATE|[114]|Bytes:24
07:06:18.0 (37631472)|HEAP_ALLOCATE|[114]|Bytes:4
07:06:18.0 (37652272)|HEAP_ALLOCATE|[114]|Bytes:3
07:06:18.0 (37658023)|VARIABLE_SCOPE_BEGIN|[114]|psDiKeyPrif|String|false|false
07:06:18.0 (37668960)|VARIABLE_ASSIGNMENT|[114]|psDiKeyPrif|"a1k"
07:06:18.0 (37673097)|STATEMENT_EXECUTE|[115]
07:06:18.0 (37675952)|HEAP_ALLOCATE|[115]|Bytes:37
07:06:18.0 (37683013)|HEAP_ALLOCATE|[115]|Bytes:40
07:06:18.0 (37700636)|USER_DEBUG|[115]|DEBUG|psDiKeyPrif__________________________a1k
07:06:18.0 (37731339)|STATEMENT_EXECUTE|[116]
07:06:18.0 (37732830)|STATEMENT_EXECUTE|[129]
07:06:18.0 (37735433)|HEAP_ALLOCATE|[129]|Bytes:21
07:06:18.0 (38048134)|HEAP_ALLOCATE|[129]|Bytes:4
07:06:18.0 (38069504)|HEAP_ALLOCATE|[129]|Bytes:3
07:06:18.0 (38075020)|VARIABLE_SCOPE_BEGIN|[129]|InDiseaseKeyPrif|String|false|false
07:06:18.0 (38086210)|VARIABLE_ASSIGNMENT|[129]|InDiseaseKeyPrif|"a1G"
07:06:18.0 (38090636)|STATEMENT_EXECUTE|[130]
07:06:18.0 (38093281)|HEAP_ALLOCATE|[130]|Bytes:42
07:06:18.0 (38100365)|HEAP_ALLOCATE|[130]|Bytes:45
07:06:18.0 (38118110)|USER_DEBUG|[130]|DEBUG|InDiseaseKeyPrif__________________________a1G
07:06:18.0 (38149642)|STATEMENT_EXECUTE|[131]
07:06:18.0 (38151213)|STATEMENT_EXECUTE|[144]
07:06:18.0 (38154129)|HEAP_ALLOCATE|[144]|Bytes:20
07:06:18.0 (38479728)|HEAP_ALLOCATE|[144]|Bytes:4
07:06:18.0 (38499289)|HEAP_ALLOCATE|[144]|Bytes:3
07:06:18.0 (38504557)|VARIABLE_SCOPE_BEGIN|[144]|MeEqKeyPrif|String|false|false
07:06:18.0 (38515301)|VARIABLE_ASSIGNMENT|[144]|MeEqKeyPrif|"a1P"
07:06:18.0 (38519571)|STATEMENT_EXECUTE|[145]
07:06:18.0 (38522047)|HEAP_ALLOCATE|[145]|Bytes:37
07:06:18.0 (38528962)|HEAP_ALLOCATE|[145]|Bytes:40
07:06:18.0 (38546405)|USER_DEBUG|[145]|DEBUG|MeEqKeyPrif__________________________a1P
07:06:18.0 (38576793)|STATEMENT_EXECUTE|[146]
07:06:18.0 (38578355)|STATEMENT_EXECUTE|[159]
07:06:18.0 (38581534)|HEAP_ALLOCATE|[159]|Bytes:16
07:06:18.0 (38901718)|HEAP_ALLOCATE|[159]|Bytes:4
07:06:18.0 (38921597)|HEAP_ALLOCATE|[159]|Bytes:3
07:06:18.0 (38927110)|VARIABLE_SCOPE_BEGIN|[159]|LeOffKeyPrif|String|false|false
07:06:18.0 (38938071)|VARIABLE_ASSIGNMENT|[159]|LeOffKeyPrif|"a1L"
07:06:18.0 (38942416)|STATEMENT_EXECUTE|[160]
07:06:18.0 (38945400)|HEAP_ALLOCATE|[160]|Bytes:38
07:06:18.0 (38952341)|HEAP_ALLOCATE|[160]|Bytes:41
07:06:18.0 (38969676)|USER_DEBUG|[160]|DEBUG|LeOffKeyPrif__________________________a1L
07:06:18.0 (38999731)|STATEMENT_EXECUTE|[161]
07:06:18.0 (39001383)|STATEMENT_EXECUTE|[174]
07:06:18.0 (39004557)|HEAP_ALLOCATE|[174]|Bytes:40
07:06:18.0 (39357898)|HEAP_ALLOCATE|[174]|Bytes:4
07:06:18.0 (39378966)|HEAP_ALLOCATE|[174]|Bytes:3
07:06:18.0 (39384734)|VARIABLE_SCOPE_BEGIN|[174]|SubAbHFKeyPrif|String|false|false
07:06:18.0 (39395556)|VARIABLE_ASSIGNMENT|[174]|SubAbHFKeyPrif|"a1u"
07:06:18.0 (39399811)|STATEMENT_EXECUTE|[175]
07:06:18.0 (39402539)|HEAP_ALLOCATE|[175]|Bytes:40
07:06:18.0 (39409802)|HEAP_ALLOCATE|[175]|Bytes:43
07:06:18.0 (39427950)|USER_DEBUG|[175]|DEBUG|SubAbHFKeyPrif__________________________a1u
07:06:18.0 (39459930)|STATEMENT_EXECUTE|[176]
07:06:18.0 (39470580)|HEAP_ALLOCATE|[190]|Bytes:21
07:06:18.0 (39495998)|STATEMENT_EXECUTE|[190]
07:06:18.0 (39497167)|STATEMENT_EXECUTE|[191]
07:06:18.0 (39498970)|HEAP_ALLOCATE|[191]|Bytes:3
07:06:18.0 (39585751)|VARIABLE_ASSIGNMENT|[EXTERNAL]|this|{"finalName":"Maria Johnson","oppty":"0x4fb41e81","recTypeLocal":"Residential Treatmen (1 more) ...","recTypeName":""}|0x5cbd32ce
07:06:18.0 (39595788)|VARIABLE_ASSIGNMENT|[EXTERNAL]|value|"RTC"
07:06:18.0 (39607821)|VARIABLE_ASSIGNMENT|[13]|this.recTypeName|"RTC"|0x5cbd32ce
07:06:18.0 (39617847)|STATEMENT_EXECUTE|[196]
07:06:18.0 (39620393)|HEAP_ALLOCATE|[196]|Bytes:32
07:06:18.0 (39663148)|VARIABLE_ASSIGNMENT|[EXTERNAL]|this|{"finalName":"Maria Johnson","oppty":"0x4fb41e81","recTypeLocal":"Residential Treatmen (1 more) ...","recTypeName":"RTC"}|0x5cbd32ce
07:06:18.0 (39679466)|HEAP_ALLOCATE|[196]|Bytes:35
07:06:18.0 (39687104)|USER_DEBUG|[196]|DEBUG|recTypeName_____________________RTC
07:06:18.0 (39836445)|SYSTEM_MODE_ENTER|true
07:06:18.0 (42192449)|SYSTEM_MODE_ENTER|true
07:06:18.45 (45345226)|CUMULATIVE_LIMIT_USAGE
07:06:18.45 (45345226)|LIMIT_USAGE_FOR_NS|(default)|
  Number of SOQL queries: 1 out of 100
  Number of query rows: 1 out of 50000
  Number of SOSL queries: 0 out of 20
  Number of DML statements: 0 out of 150
  Number of DML rows: 0 out of 10000
  Maximum CPU time: 0 out of 10000
  Maximum heap size: 0 out of 6000000
  Number of callouts: 0 out of 100
  Number of Email Invocations: 0 out of 10
  Number of future calls: 0 out of 50
  Number of queueable jobs added to the queue: 0 out of 50
  Number of Mobile Apex push calls: 0 out of 10

07:06:18.45 (45345226)|CUMULATIVE_LIMIT_USAGE_END

07:06:18.0 (45385638)|CODE_UNIT_FINISHED|VF: /apex/Opp_vfpage
07:06:18.0 (46195916)|EXECUTION_FINISHED
