37.0 APEX_CODE,FINEST;APEX_PROFILING,INFO;CALLOUT,INFO;DB,INFO;SYSTEM,DEBUG;VALIDATION,INFO;VISUALFORCE,INFO;WAVE,INFO;WORKFLOW,FINER
07:34:25.0 (283405)|USER_INFO|[EXTERNAL]|00529000000zYiy|bhakti.gujrathi@eternussolutions.com.frnstgng|Central Standard Time|GMT-06:00
07:34:25.0 (325881)|EXECUTION_STARTED
07:34:25.0 (332079)|CODE_UNIT_STARTED|[EXTERNAL]|0660a0000009uTC|VF: /apex/PAW_New_Edit
07:34:25.0 (831962)|VF_DESERIALIZE_VIEWSTATE_BEGIN|0660a0000009uTC
07:34:25.0 (5462644)|HEAP_ALLOCATE|[72]|Bytes:3
07:34:25.0 (5522259)|HEAP_ALLOCATE|[77]|Bytes:152
07:34:25.0 (5537645)|HEAP_ALLOCATE|[342]|Bytes:408
07:34:25.0 (5554052)|HEAP_ALLOCATE|[355]|Bytes:408
07:34:25.0 (5575133)|HEAP_ALLOCATE|[467]|Bytes:48
07:34:25.0 (5618247)|HEAP_ALLOCATE|[139]|Bytes:6
07:34:25.0 (5658343)|HEAP_ALLOCATE|[50]|Bytes:5
07:34:25.0 (5686400)|HEAP_ALLOCATE|[56]|Bytes:5
07:34:25.0 (5699471)|HEAP_ALLOCATE|[64]|Bytes:7
07:34:25.0 (9338604)|VARIABLE_SCOPE_BEGIN|[35]|PAW_New_EditCntrllr.globalSchemaMap|Map<String,Schema.SObjectType>|true|true
07:34:25.0 (9353351)|VARIABLE_SCOPE_BEGIN|[3]|PAW_New_EditCntrllr.yearEndMode|Boolean|false|true
07:34:25.0 (14781990)|VF_DESERIALIZE_VIEWSTATE_END
07:34:25.15 (15835656)|SYSTEM_MODE_ENTER|true
07:34:25.15 (15918053)|HEAP_ALLOCATE|[EXTERNAL]|Bytes:38
07:34:25.15 (15929211)|HEAP_ALLOCATE|[EXTERNAL]|Bytes:7
07:34:25.15 (15942411)|SYSTEM_METHOD_ENTRY|[1]|PageMessagesComponentController.PageMessagesComponentController()
07:34:25.15 (15947942)|STATEMENT_EXECUTE|[1]
07:34:25.16 (16804146)|SYSTEM_MODE_ENTER|true
07:34:25.16 (16863255)|HEAP_ALLOCATE|[EXTERNAL]|Bytes:8
07:34:25.16 (16872542)|VARIABLE_SCOPE_BEGIN|[88]|this|ApexPage.PageMessagesComponentController|true|false
07:34:25.16 (16912720)|VARIABLE_ASSIGNMENT|[88]|this|{}|0x67f46a5d
07:34:25.16 (16918676)|VARIABLE_SCOPE_BEGIN|[88]|escape|Boolean|false|false
07:34:25.16 (16926348)|VARIABLE_ASSIGNMENT|[88]|escape|null
07:34:25.0 (17124211)|SYSTEM_MODE_ENTER|true
07:34:25.0 (17147845)|HEAP_ALLOCATE|[EXTERNAL]|Bytes:11
07:34:25.0 (17160442)|HEAP_ALLOCATE|[EXTERNAL]|Bytes:304
07:34:25.0 (17165101)|HEAP_ALLOCATE|[EXTERNAL]|Bytes:98
07:34:25.0 (17169228)|HEAP_ALLOCATE|[EXTERNAL]|Bytes:10
07:34:25.0 (17181750)|METHOD_ENTRY|[1]|01p0a000004sKzV|PAW_New_EditCntrllr.PAW_New_EditCntrllr()
07:34:25.0 (17186806)|STATEMENT_EXECUTE|[1]
07:34:25.0 (17189564)|STATEMENT_EXECUTE|[1]
07:34:25.0 (17190855)|STATEMENT_EXECUTE|[3]
07:34:25.0 (17762223)|VARIABLE_SCOPE_BEGIN|[3]|PAW_YearEnd_Config.setting|Year_End_PAW_Settings__c|true|true
07:34:25.0 (17780087)|HEAP_ALLOCATE|[3]|Bytes:1
07:34:25.0 (17786862)|HEAP_ALLOCATE|[3]|Bytes:1
07:34:25.0 (17837002)|METHOD_ENTRY|[1]|01p29000000Aswf|PAW_YearEnd_Config.PAW_YearEnd_Config()
07:34:25.0 (17842897)|STATEMENT_EXECUTE|[1]
07:34:25.0 (17845533)|STATEMENT_EXECUTE|[1]
07:34:25.0 (17862239)|SYSTEM_MODE_ENTER|false
07:34:25.0 (17874982)|HEAP_ALLOCATE|[3]|Bytes:5
07:34:25.0 (17882863)|SYSTEM_MODE_EXIT|false
07:34:25.0 (17890317)|METHOD_EXIT|[1]|PAW_YearEnd_Config
07:34:25.0 (17901786)|METHOD_ENTRY|[3]|01p29000000Aswf|PAW_YearEnd_Config.fetch()
07:34:25.0 (17929125)|SYSTEM_MODE_ENTER|false
07:34:25.0 (17934466)|HEAP_ALLOCATE|[6]|Bytes:5
07:34:25.0 (17938785)|STATEMENT_EXECUTE|[5]
07:34:25.0 (17941960)|STATEMENT_EXECUTE|[7]
07:34:25.0 (19064284)|HEAP_ALLOCATE|[7]|Bytes:20
07:34:25.0 (19113742)|VARIABLE_ASSIGNMENT|[7]|PAW_YearEnd_Config.setting|{"IsDeleted":false,"Name":"Year End PAW Setting (11 more) ...","SetupOwnerId":"00529000000zYiyAAE","Year_End_Mode_Enable (4 more) ...":false}|0x5b4e426e
07:34:25.0 (19121987)|STATEMENT_EXECUTE|[9]
07:34:25.0 (19125758)|HEAP_ALLOCATE|[9]|Bytes:14
07:34:25.0 (19272887)|HEAP_ALLOCATE|[9]|Bytes:145
07:34:25.0 (19298055)|HEAP_ALLOCATE|[9]|Bytes:159
07:34:25.0 (19316932)|USER_DEBUG|[9]|DEBUG|>>> setting : Year_End_PAW_Settings__c:{IsDeleted=false, Name=Year End PAW Settings (Profile), SetupOwnerId=00529000000zYiyAAE, Year_End_Mode_Enabled__c=false}
07:34:25.0 (19326033)|STATEMENT_EXECUTE|[10]
07:34:25.0 (19331750)|SYSTEM_MODE_EXIT|false
07:34:25.0 (19339834)|METHOD_EXIT|[3]|01p29000000Aswf|PAW_YearEnd_Config.fetch()
07:34:25.0 (19377170)|VARIABLE_ASSIGNMENT|[3]|PAW_New_EditCntrllr.yearEndMode|false
07:34:25.0 (19382391)|STATEMENT_EXECUTE|[522]
07:34:25.0 (19387576)|METHOD_EXIT|[1]|PAW_New_EditCntrllr
07:34:25.0 (20810375)|SYSTEM_MODE_ENTER|true
07:34:25.0 (22626205)|SYSTEM_MODE_ENTER|true
07:34:25.0 (22683098)|HEAP_ALLOCATE|[EXTERNAL]|Bytes:476
07:34:25.0 (22694747)|HEAP_ALLOCATE|[EXTERNAL]|Bytes:71
07:34:25.0 (28770578)|SYSTEM_MODE_ENTER|true
07:34:25.0 (28840189)|SYSTEM_MODE_ENTER|true
07:34:25.0 (34629627)|SYSTEM_MODE_ENTER|true
07:34:25.0 (34838136)|HEAP_ALLOCATE|[EXTERNAL]|Bytes:112
07:34:25.0 (34852573)|VARIABLE_SCOPE_BEGIN|[215]|this|PAW_New_EditCntrllr|true|false
07:34:25.0 (34975317)|VARIABLE_ASSIGNMENT|[215]|this|{"cmpnyRateAdjstmntMap":"0x68b73ee8","estmtCnrgDaysMap":"0x3d8a110f","estmtCvrgeDaysObj":"0x275c60e1","faciltyOptions":"0x597ca841","fcltyPrgmMap":"0x86d9df8","fcltyPrgrmOptions":"0x6582f793","idToOwnershipFacilit (4 more) ...":"0x211dd8aa","idToTypeFacilityMap":"0x1d9f4268","insrncBnftMap":"0x79798e7e","insrncBnftOptions":"0xbb5c0ad","isIop":false,"isTalbott":false,"meta":"0x44a291f9","oppId":"00629000004NTeZ","pawObj":"0x23490707","ptntInsrnceOptions":"0x1676676e","ptntInsrncMap":"0x33636da5","ptntInsrncObj":"0x2f05c1bf","quoteObj":"0x639e1f69","recordId":"00629000004NTeZ","rtAdjstmntOptions":"0x8044d22","showPILookup":false,"sObjectQueryStr":"","wrprObj":"0x5e87493f"}|0x2c0181f8
07:34:25.0 (34999503)|STATEMENT_EXECUTE|[215]
07:34:25.0 (35002069)|STATEMENT_EXECUTE|[216]
07:34:25.0 (35076843)|STATEMENT_EXECUTE|[217]
07:34:25.0 (35095564)|HEAP_ALLOCATE|[217]|Bytes:12
07:34:25.0 (35153205)|HEAP_ALLOCATE|[EXTERNAL]|Bytes:4
07:34:25.0 (35238590)|VARIABLE_ASSIGNMENT|[EXTERNAL]|this|{"cmpnyRateAdjstmntMap":"0x68b73ee8","estmtCnrgDaysMap":"0x3d8a110f","estmtCvrgeDaysObj":"0x275c60e1","faciltyOptions":"0x597ca841","fcltyPrgmMap":"0x86d9df8","fcltyPrgrmOptions":"0x6582f793","idToOwnershipFacilit (4 more) ...":"0x211dd8aa","idToTypeFacilityMap":"0x1d9f4268","insrncBnftMap":"0x79798e7e","insrncBnftOptions":"0xbb5c0ad","isIop":false,"isTalbott":false,"meta":"0x44a291f9","oppId":"00629000004NTeZ","pawObj":"0x23490707","ptntInsrnceOptions":"0x1676676e","ptntInsrncMap":"0x33636da5","ptntInsrncObj":"0x2f05c1bf","quoteObj":"0x639e1f69","recordId":"00629000004NTeZ","rtAdjstmntOptions":"0x8044d22","showPILookup":false,"sObjectQueryStr":"","wrprObj":"0x5e87493f"}|0x2c0181f8
07:34:25.0 (35259602)|STATEMENT_EXECUTE|[218]
07:34:25.0 (35260965)|STATEMENT_EXECUTE|[219]
07:34:25.0 (35305730)|HEAP_ALLOCATE|[219]|Bytes:4
07:34:25.0 (35312784)|HEAP_ALLOCATE|[219]|Bytes:1083
07:34:25.0 (35324500)|HEAP_ALLOCATE|[219]|Bytes:4
07:34:25.0 (35337196)|HEAP_ALLOCATE|[219]|Bytes:7
07:34:25.0 (35426196)|VARIABLE_ASSIGNMENT|[EXTERNAL]|this|{"cmpnyRateAdjstmntMap":"0x68b73ee8","estmtCnrgDaysMap":"0x3d8a110f","estmtCvrgeDaysObj":"0x275c60e1","faciltyOptions":"0x597ca841","fcltyPrgmMap":"0x86d9df8","fcltyPrgrmOptions":"0x6582f793","idToOwnershipFacilit (4 more) ...":"0x211dd8aa","idToTypeFacilityMap":"0x1d9f4268","insrncBnftMap":"0x79798e7e","insrncBnftOptions":"0xbb5c0ad","isIop":false,"isTalbott":false,"meta":"0x44a291f9","oppId":"00629000004NTeZ","pawObj":"0x23490707","ptntInsrnceOptions":"0x1676676e","ptntInsrncMap":"0x33636da5","ptntInsrncObj":"0x2f05c1bf","quoteObj":"0x639e1f69","recordId":"00629000004NTeZ","rtAdjstmntOptions":"0x8044d22","showPILookup":false,"sObjectQueryStr":"","wrprObj":"0x5e87493f"}|0x2c0181f8
07:34:25.0 (38675248)|SOQL_EXECUTE_BEGIN|[219]|Aggregations:0|SELECT Id, Name, RecordType.Name, Uncovered_Charges__c, Patient_Insurance__r.Accepts_Assignment_of_Benefits__c, Patient_Insurance__r.Opportunity__c, Patient_Insurance__r.Accreditation__c, Patient_Insurance__r.Insurance_Company__r.Name, PHP_Admit_Co_Payment__c, Detox_Admit_Co_Payment__c, RTC_Admit_Co_Payment__c, Deductible__c, Deductible_Met__c, IOP_Admit_Co_Payment__c, Max_Out_of_Pocket_Remaining__c, Insurance_Company_is_Out_of_Network__c, Annual_Max_Remaining__c, Deductible_Remaining__c, Detox_Pays_at__c, Detox_Over__c, RTC_Pays_at__c, Residential_Treatment_Override__c, PHP_Pays_at__c, Partial_Hospitalization_Override__c, IOP_Pays_at__c, Intensive_Outpatient_Override__c, Num_Days_Uncovered__c, Num_Days_Room__c, Uncovered_Days_Rate__c, Room_and_Board_Days_Rate__c, Uncovered_Days_Override__c, Room_and_Board_Days_Override__c, Deductible_Included_in_OOP__c, Uncovered_Days__c, Lifetime_Max__c, Lifetime_Max_Met__c, Annual_Max__c, Annual_Max_Met__c, Max_Out_of_Pocket__c, Max_Out_of_Pocket_Met__c, Co_Pay_Met__c FROM Insurance_Benefit__c WHERE Patient_Insurance__c = :tmpVar1
07:34:25.0 (60574348)|SOQL_EXECUTE_END|[219]|Rows:2
07:34:25.0 (60602778)|HEAP_ALLOCATE|[219]|Bytes:12
07:34:25.0 (60655124)|HEAP_ALLOCATE|[219]|Bytes:2986
07:34:25.0 (60733849)|HEAP_ALLOCATE|[219]|Bytes:12
07:34:25.0 (60784249)|HEAP_ALLOCATE|[219]|Bytes:108
07:34:25.0 (60797478)|HEAP_ALLOCATE|[219]|Bytes:4
07:34:25.0 (60818812)|HEAP_ALLOCATE|[219]|Bytes:108
07:34:25.0 (60828921)|HEAP_ALLOCATE|[219]|Bytes:4
07:34:25.0 (60971928)|VARIABLE_ASSIGNMENT|[219]|this.insrncBnftMap|{"a1H29000000pRTUEA2":{"Id":"a1H29000000pRTUEA2","Name":"Insurance Benefit 75 (2 more) ...","RecordTypeId":"012j00000015GS6AAM","Patient_Insurance__c":"a1b29000000lvHQAAY","PHP_Admit_Co_Payment (3 more) ...":0.00,"Deductible__c":5000.00,"Deductible_Met__c":0.00,"Max_Out_of_Pocket_Re (10 more) ...":10000.00,"Insurance_Company_is (18 more) ...":false,"Annual_Max_Remaining (3 more) ...":1000000,"Deductible_Remaining (3 more) ...":5000.00,"Detox_Pays_at__c":80.00,"RTC_Pays_at__c":80.00,"PHP_Pays_at__c":80.00,"IOP_Pays_at__c":80.00,"Uncovered_Days_Rate_ (2 more) ...":630.00,"Room_and_Board_Days_ (7 more) ...":2000.00,"Deductible_Included_ (9 more) ...":"Yes","Lifetime_Max__c":1000000.00,"Lifetime_Max_Met__c":0.00,"Annual_Max__c":1000000.00,"Annual_Max_Met__c":0.00,"Max_Out_of_Pocket__c":10000.00,"Max_Out_of_Pocket_Me (4 more) ...":0.00,"RecordType":{"Name":"In Network","Id":"012j00000015GS6AAM"},"Patient_Insurance__r":{"Opportunity__c":"00629000004NTeZAAW","Accreditation__c":"State","Insurance_Company__c":"0012900000AXSP3AAP","Id":"a1b29000000lvHQAAY","Insurance_Company__r":{"Name":"Value Options/Beacon (7 more) ...","Id":"0012900000AXSP3AAP","RecordTypeId":"012j00000015GRqAAM"}}},"a1H29000000pRTZEA2":{"Id":"a1H29000000pRTZEA2","Name":"Insurance Benefit 75 (2 more) ...","RecordTypeId":"012j00000015GS7AAM","Patient_Insurance__c":"a1b29000000lvHQAAY","PHP_Admit_Co_Payment (3 more) ...":0.00,"Deductible__c":10000.00,"Deductible_Met__c":0.00,"Max_Out_of_Pocket_Re (10 more) ...":20000.00,"Insurance_Company_is (18 more) ...":false,"Annual_Max_Remaining (3 more) ...":1000000,"Deductible_Remaining (3 more) ...":10000.00,"Detox_Pays_at__c":60.00,"RTC_Pays_at__c":60.00,"PHP_Pays_at__c":60.00,"IOP_Pays_at__c":60.00,"Uncovered_Days_Rate_ (2 more) ...":630.00,"Room_and_Board_Days_ (7 more) ...":2000.00,"Deductible_Included_ (9 more) ...":"Yes","Lifetime_Max__c":1000000.00,"Lifetime_Max_Met__c":0.00,"Annual_Max__c":1000000.00,"Annual_Max_Met__c":0.00,"Max_Out_of_Pocket__c":20000.00,"Max_Out_of_Pocket_Me (4 more) ...":0.00,"RecordType":{"Name":"Out of Network","Id":"012j00000015GS7AAM"},"Patient_Insurance__r":{"Opportunity__c":"00629000004NTeZAAW","Accreditation__c":"State","Insurance_Company__c":"0012900000AXSP3AAP","Id":"a1b29000000lvHQAAY","Insurance_Company__r":{"Name":"Value Options/Beacon (7 more) ...","Id":"0012900000AXSP3AAP","RecordTypeId":"012j00000015GRqAAM"}}}}|0x2c0181f8
07:34:25.0 (61062099)|HEAP_ALLOCATE|[EXTERNAL]|Bytes:12
07:34:25.0 (61102976)|HEAP_ALLOCATE|[263]|Bytes:2996
07:34:25.0 (61283022)|HEAP_ALLOCATE|[263]|Bytes:5
07:34:25.0 (61303459)|HEAP_ALLOCATE|[263]|Bytes:108
07:34:25.0 (61315055)|VARIABLE_SCOPE_BEGIN|[263]|insrncBnftInstance|Insurance_Benefit__c|true|false
07:34:25.0 (61369405)|VARIABLE_ASSIGNMENT|[263]|insrncBnftInstance|{"Id":"a1H29000000pRTUEA2","Name":"Insurance Benefit 75 (2 more) ...","RecordTypeId":"012j00000015GS6AAM","Patient_Insurance__c":"a1b29000000lvHQAAY","PHP_Admit_Co_Payment (3 more) ...":0.00,"Deductible__c":5000.00,"Deductible_Met__c":0.00,"Max_Out_of_Pocket_Re (10 more) ...":10000.00,"Insurance_Company_is (18 more) ...":false,"Annual_Max_Remaining (3 more) ...":1000000,"Deductible_Remaining (3 more) ...":5000.00,"Detox_Pays_at__c":80.00,"RTC_Pays_at__c":80.00,"PHP_Pays_at__c":80.00,"IOP_Pays_at__c":80.00,"Uncovered_Days_Rate_ (2 more) ...":630.00,"Room_and_Board_Days_ (7 more) ...":2000.00,"Deductible_Included_ (9 more) ...":"Yes","Lifetime_Max__c":1000000.00,"Lifetime_Max_Met__c":0.00,"Annual_Max__c":1000000.00,"Annual_Max_Met__c":0.00,"Max_Out_of_Pocket__c":10000.00,"Max_Out_of_Pocket_Me (4 more) ...":0.00,"RecordType":{"Name":"In Network","Id":"012j00000015GS6AAM"},"Patient_Insurance__r":{"Opportunity__c":"00629000004NTeZAAW","Accreditation__c":"State","Insurance_Company__c":"0012900000AXSP3AAP","Id":"a1b29000000lvHQAAY","Insurance_Company__r":{"Name":"Value Options/Beacon (7 more) ...","Id":"0012900000AXSP3AAP","RecordTypeId":"012j00000015GRqAAM"}}}|0x21c03591
07:34:25.0 (61404680)|STATEMENT_EXECUTE|[263]
07:34:25.0 (61407339)|STATEMENT_EXECUTE|[264]
07:34:25.0 (61468598)|HEAP_ALLOCATE|[264]|Bytes:18
07:34:25.0 (61529157)|HEAP_ALLOCATE|[264]|Bytes:3
07:34:25.0 (61549840)|HEAP_ALLOCATE|[264]|Bytes:35
07:34:25.0 (61616529)|HEAP_ALLOCATE|[EXTERNAL]|Bytes:4
07:34:25.0 (61634324)|HEAP_ALLOCATE|[263]|Bytes:5
07:34:25.0 (61645321)|HEAP_ALLOCATE|[263]|Bytes:108
07:34:25.0 (61652446)|VARIABLE_SCOPE_BEGIN|[263]|insrncBnftInstance|Insurance_Benefit__c|true|false
07:34:25.0 (61692886)|VARIABLE_ASSIGNMENT|[263]|insrncBnftInstance|{"Id":"a1H29000000pRTZEA2","Name":"Insurance Benefit 75 (2 more) ...","RecordTypeId":"012j00000015GS7AAM","Patient_Insurance__c":"a1b29000000lvHQAAY","PHP_Admit_Co_Payment (3 more) ...":0.00,"Deductible__c":10000.00,"Deductible_Met__c":0.00,"Max_Out_of_Pocket_Re (10 more) ...":20000.00,"Insurance_Company_is (18 more) ...":false,"Annual_Max_Remaining (3 more) ...":1000000,"Deductible_Remaining (3 more) ...":10000.00,"Detox_Pays_at__c":60.00,"RTC_Pays_at__c":60.00,"PHP_Pays_at__c":60.00,"IOP_Pays_at__c":60.00,"Uncovered_Days_Rate_ (2 more) ...":630.00,"Room_and_Board_Days_ (7 more) ...":2000.00,"Deductible_Included_ (9 more) ...":"Yes","Lifetime_Max__c":1000000.00,"Lifetime_Max_Met__c":0.00,"Annual_Max__c":1000000.00,"Annual_Max_Met__c":0.00,"Max_Out_of_Pocket__c":20000.00,"Max_Out_of_Pocket_Me (4 more) ...":0.00,"RecordType":{"Name":"Out of Network","Id":"012j00000015GS7AAM"},"Patient_Insurance__r":{"Opportunity__c":"00629000004NTeZAAW","Accreditation__c":"State","Insurance_Company__c":"0012900000AXSP3AAP","Id":"a1b29000000lvHQAAY","Insurance_Company__r":{"Name":"Value Options/Beacon (7 more) ...","Id":"0012900000AXSP3AAP","RecordTypeId":"012j00000015GRqAAM"}}}|0x371fa70d
07:34:25.0 (61712151)|STATEMENT_EXECUTE|[263]
07:34:25.0 (61713494)|STATEMENT_EXECUTE|[264]
07:34:25.0 (61726527)|HEAP_ALLOCATE|[264]|Bytes:18
07:34:25.0 (61746518)|HEAP_ALLOCATE|[264]|Bytes:39
07:34:25.0 (61757939)|HEAP_ALLOCATE|[EXTERNAL]|Bytes:4
07:34:25.0 (61769350)|HEAP_ALLOCATE|[263]|Bytes:5
07:34:25.0 (61779791)|VARIABLE_ASSIGNMENT|[263]|insrncBnftInstance|null|
07:34:25.0 (61878109)|VARIABLE_ASSIGNMENT|[EXTERNAL]|this|{"cmpnyRateAdjstmntMap":"0x68b73ee8","estmtCnrgDaysMap":"0x3d8a110f","estmtCvrgeDaysObj":"0x275c60e1","faciltyOptions":"0x597ca841","fcltyPrgmMap":"0x86d9df8","fcltyPrgrmOptions":"0x6582f793","idToOwnershipFacilit (4 more) ...":"0x211dd8aa","idToTypeFacilityMap":"0x1d9f4268","insrncBnftMap":"0x1ab1c9e1","insrncBnftOptions":"0xbb5c0ad","isIop":false,"isTalbott":false,"meta":"0x44a291f9","oppId":"00629000004NTeZ","pawObj":"0x23490707","ptntInsrnceOptions":"0x1676676e","ptntInsrncMap":"0x33636da5","ptntInsrncObj":"0x2f05c1bf","quoteObj":"0x639e1f69","recordId":"00629000004NTeZ","rtAdjstmntOptions":"0x8044d22","showPILookup":false,"sObjectQueryStr":"","wrprObj":"0x5e87493f"}|0x2c0181f8
07:34:25.0 (61964844)|VARIABLE_ASSIGNMENT|[EXTERNAL]|this|{"facilitySelected":"001j000000NqKMtAAN","fcltyPrgrmSelected":"a1B290000003SEdEAM","insrncBnft":"0x168a8a1d","insrncBnftSelected":"a1H29000000pRTUEA2","pawDetailListDisplay (4 more) ...":false,"pyAgrmntWrksht":"0x6a2ce772","rateAdjstmntSelected":"a1I29000000HR5FEAW","relatedPAWDetailsLis (1 more) ...":"0x6bde049f","targetEDR":0.00,"totalAppliedDeductib (2 more) ...":0.00,"totalCoInsurance":0.00,"totalCoPayAmt":0.00,"totalInsCoResp":0.00,"totalInsEIVAmt":0.00,"totalRowCount":20,"totalTalbottDay":0}|0x5e87493f
07:34:25.0 (62032208)|VARIABLE_ASSIGNMENT|[EXTERNAL]|this|{"cmpnyRateAdjstmntMap":"0x68b73ee8","estmtCnrgDaysMap":"0x3d8a110f","estmtCvrgeDaysObj":"0x275c60e1","faciltyOptions":"0x597ca841","fcltyPrgmMap":"0x86d9df8","fcltyPrgrmOptions":"0x6582f793","idToOwnershipFacilit (4 more) ...":"0x211dd8aa","idToTypeFacilityMap":"0x1d9f4268","insrncBnftMap":"0x1ab1c9e1","insrncBnftOptions":"0xbb5c0ad","isIop":false,"isTalbott":false,"meta":"0x44a291f9","oppId":"00629000004NTeZ","pawObj":"0x23490707","ptntInsrnceOptions":"0x1676676e","ptntInsrncMap":"0x33636da5","ptntInsrncObj":"0x2f05c1bf","quoteObj":"0x639e1f69","recordId":"00629000004NTeZ","rtAdjstmntOptions":"0x8044d22","showPILookup":false,"sObjectQueryStr":"","wrprObj":"0x5e87493f"}|0x2c0181f8
07:34:25.0 (62084808)|VARIABLE_ASSIGNMENT|[EXTERNAL]|this|{"facilitySelected":"001j000000NqKMtAAN","fcltyPrgrmSelected":"a1B290000003SEdEAM","insrncBnft":"0x168a8a1d","insrncBnftSelected":"a1H29000000pRTUEA2","pawDetailListDisplay (4 more) ...":false,"pyAgrmntWrksht":"0x6a2ce772","rateAdjstmntSelected":"a1I29000000HR5FEAW","relatedPAWDetailsLis (1 more) ...":"0x6bde049f","targetEDR":0.00,"totalAppliedDeductib (2 more) ...":0.00,"totalCoInsurance":0.00,"totalCoPayAmt":0.00,"totalInsCoResp":0.00,"totalInsEIVAmt":0.00,"totalRowCount":20,"totalTalbottDay":0}|0x5e87493f
07:34:25.0 (62122584)|STATEMENT_EXECUTE|[267]
07:34:25.0 (62124251)|STATEMENT_EXECUTE|[268]
07:34:25.0 (62187816)|VARIABLE_ASSIGNMENT|[EXTERNAL]|this|{"cmpnyRateAdjstmntMap":"0x68b73ee8","estmtCnrgDaysMap":"0x3d8a110f","estmtCvrgeDaysObj":"0x275c60e1","faciltyOptions":"0x597ca841","fcltyPrgmMap":"0x86d9df8","fcltyPrgrmOptions":"0x6582f793","idToOwnershipFacilit (4 more) ...":"0x211dd8aa","idToTypeFacilityMap":"0x1d9f4268","insrncBnftMap":"0x1ab1c9e1","insrncBnftOptions":"0xbb5c0ad","isIop":false,"isTalbott":false,"meta":"0x44a291f9","oppId":"00629000004NTeZ","pawObj":"0x23490707","ptntInsrnceOptions":"0x1676676e","ptntInsrncMap":"0x33636da5","ptntInsrncObj":"0x2f05c1bf","quoteObj":"0x639e1f69","recordId":"00629000004NTeZ","rtAdjstmntOptions":"0x8044d22","showPILookup":false,"sObjectQueryStr":"","wrprObj":"0x5e87493f"}|0x2c0181f8
07:34:25.0 (62240413)|VARIABLE_ASSIGNMENT|[EXTERNAL]|this|{"facilitySelected":"001j000000NqKMtAAN","fcltyPrgrmSelected":"a1B290000003SEdEAM","insrncBnft":"0x168a8a1d","insrncBnftSelected":"a1H29000000pRTUEA2","pawDetailListDisplay (4 more) ...":false,"pyAgrmntWrksht":"0x6a2ce772","rateAdjstmntSelected":"a1I29000000HR5FEAW","relatedPAWDetailsLis (1 more) ...":"0x6bde049f","targetEDR":0.00,"totalAppliedDeductib (2 more) ...":0.00,"totalCoInsurance":0.00,"totalCoPayAmt":0.00,"totalInsCoResp":0.00,"totalInsEIVAmt":0.00,"totalRowCount":20,"totalTalbottDay":0}|0x5e87493f
07:34:25.0 (62332352)|VARIABLE_ASSIGNMENT|[EXTERNAL]|this|{"cmpnyRateAdjstmntMap":"0x68b73ee8","estmtCnrgDaysMap":"0x3d8a110f","estmtCvrgeDaysObj":"0x275c60e1","faciltyOptions":"0x597ca841","fcltyPrgmMap":"0x86d9df8","fcltyPrgrmOptions":"0x6582f793","idToOwnershipFacilit (4 more) ...":"0x211dd8aa","idToTypeFacilityMap":"0x1d9f4268","insrncBnftMap":"0x1ab1c9e1","insrncBnftOptions":"0xbb5c0ad","isIop":false,"isTalbott":false,"meta":"0x44a291f9","oppId":"00629000004NTeZ","pawObj":"0x23490707","ptntInsrnceOptions":"0x1676676e","ptntInsrncMap":"0x33636da5","ptntInsrncObj":"0x2f05c1bf","quoteObj":"0x639e1f69","recordId":"00629000004NTeZ","rtAdjstmntOptions":"0x8044d22","showPILookup":false,"sObjectQueryStr":"","wrprObj":"0x5e87493f"}|0x2c0181f8
07:34:25.0 (62385288)|VARIABLE_ASSIGNMENT|[EXTERNAL]|this|{"facilitySelected":"001j000000NqKMtAAN","fcltyPrgrmSelected":"a1B290000003SEdEAM","insrncBnft":"0x168a8a1d","insrncBnftSelected":"a1H29000000pRTUEA2","pawDetailListDisplay (4 more) ...":false,"pyAgrmntWrksht":"0x6a2ce772","rateAdjstmntSelected":"a1I29000000HR5FEAW","relatedPAWDetailsLis (1 more) ...":"0x6bde049f","targetEDR":0.00,"totalAppliedDeductib (2 more) ...":0.00,"totalCoInsurance":0.00,"totalCoPayAmt":0.00,"totalInsCoResp":0.00,"totalInsEIVAmt":0.00,"totalRowCount":20,"totalTalbottDay":0}|0x5e87493f
07:34:25.0 (62462182)|VARIABLE_ASSIGNMENT|[EXTERNAL]|value|{"Id":"a1H29000000pRTUEA2","Name":"Insurance Benefit 75 (2 more) ...","RecordTypeId":"012j00000015GS6AAM","Patient_Insurance__c":"a1b29000000lvHQAAY","PHP_Admit_Co_Payment (3 more) ...":0.00,"Deductible__c":5000.00,"Deductible_Met__c":0.00,"Max_Out_of_Pocket_Re (10 more) ...":10000.00,"Insurance_Company_is (18 more) ...":false,"Annual_Max_Remaining (3 more) ...":1000000,"Deductible_Remaining (3 more) ...":5000.00,"Detox_Pays_at__c":80.00,"RTC_Pays_at__c":80.00,"PHP_Pays_at__c":80.00,"IOP_Pays_at__c":80.00,"Uncovered_Days_Rate_ (2 more) ...":630.00,"Room_and_Board_Days_ (7 more) ...":2000.00,"Deductible_Included_ (9 more) ...":"Yes","Lifetime_Max__c":1000000.00,"Lifetime_Max_Met__c":0.00,"Annual_Max__c":1000000.00,"Annual_Max_Met__c":0.00,"Max_Out_of_Pocket__c":10000.00,"Max_Out_of_Pocket_Me (4 more) ...":0.00,"RecordType":{"Name":"In Network","Id":"012j00000015GS6AAM"},"Patient_Insurance__r":{"Opportunity__c":"00629000004NTeZAAW","Accreditation__c":"State","Insurance_Company__c":"0012900000AXSP3AAP","Id":"a1b29000000lvHQAAY","Insurance_Company__r":{"Name":"Value Options/Beacon (7 more) ...","Id":"0012900000AXSP3AAP","RecordTypeId":"012j00000015GRqAAM"}}}|0x21c03591
07:34:25.0 (62544064)|VARIABLE_ASSIGNMENT|[524]|this.insrncBnft|{"Id":"a1H29000000pRTUEA2","Name":"Insurance Benefit 75 (2 more) ...","RecordTypeId":"012j00000015GS6AAM","Patient_Insurance__c":"a1b29000000lvHQAAY","PHP_Admit_Co_Payment (3 more) ...":0.00,"Deductible__c":5000.00,"Deductible_Met__c":0.00,"Max_Out_of_Pocket_Re (10 more) ...":10000.00,"Insurance_Company_is (18 more) ...":false,"Annual_Max_Remaining (3 more) ...":1000000,"Deductible_Remaining (3 more) ...":5000.00,"Detox_Pays_at__c":80.00,"RTC_Pays_at__c":80.00,"PHP_Pays_at__c":80.00,"IOP_Pays_at__c":80.00,"Uncovered_Days_Rate_ (2 more) ...":630.00,"Room_and_Board_Days_ (7 more) ...":2000.00,"Deductible_Included_ (9 more) ...":"Yes","Lifetime_Max__c":1000000.00,"Lifetime_Max_Met__c":0.00,"Annual_Max__c":1000000.00,"Annual_Max_Met__c":0.00,"Max_Out_of_Pocket__c":10000.00,"Max_Out_of_Pocket_Me (4 more) ...":0.00,"RecordType":{"Name":"In Network","Id":"012j00000015GS6AAM"},"Patient_Insurance__r":{"Opportunity__c":"00629000004NTeZAAW","Accreditation__c":"State","Insurance_Company__c":"0012900000AXSP3AAP","Id":"a1b29000000lvHQAAY","Insurance_Company__r":{"Name":"Value Options/Beacon (7 more) ...","Id":"0012900000AXSP3AAP","RecordTypeId":"012j00000015GRqAAM"}}}|0x5e87493f
07:34:25.0 (62570795)|STATEMENT_EXECUTE|[272]
07:34:25.0 (63233919)|SYSTEM_MODE_ENTER|true
07:34:25.0 (63435540)|SYSTEM_MODE_ENTER|true
07:34:25.0 (63477056)|HEAP_ALLOCATE|[EXTERNAL]|Bytes:112
07:34:25.0 (63485416)|VARIABLE_SCOPE_BEGIN|[379]|this|PAW_New_EditCntrllr|true|false
07:34:25.0 (63555392)|VARIABLE_ASSIGNMENT|[379]|this|{"cmpnyRateAdjstmntMap":"0x68b73ee8","estmtCnrgDaysMap":"0x3d8a110f","estmtCvrgeDaysObj":"0x275c60e1","faciltyOptions":"0x597ca841","fcltyPrgmMap":"0x86d9df8","fcltyPrgrmOptions":"0x6582f793","idToOwnershipFacilit (4 more) ...":"0x211dd8aa","idToTypeFacilityMap":"0x1d9f4268","insrncBnftMap":"0x1ab1c9e1","insrncBnftOptions":"0xbb5c0ad","isIop":false,"isTalbott":false,"meta":"0x44a291f9","oppId":"00629000004NTeZ","pawObj":"0x23490707","ptntInsrnceOptions":"0x1676676e","ptntInsrncMap":"0x33636da5","ptntInsrncObj":"0x2f05c1bf","quoteObj":"0x639e1f69","recordId":"00629000004NTeZ","rtAdjstmntOptions":"0x8044d22","showPILookup":false,"sObjectQueryStr":"","wrprObj":"0x5e87493f"}|0x2c0181f8
07:34:25.0 (63573082)|STATEMENT_EXECUTE|[379]
07:34:25.0 (63575459)|STATEMENT_EXECUTE|[380]
07:34:25.0 (63587253)|HEAP_ALLOCATE|[380]|Bytes:4
07:34:25.0 (63642843)|HEAP_ALLOCATE|[EXTERNAL]|Bytes:4
07:34:25.0 (63654418)|VARIABLE_ASSIGNMENT|[380]|this.rtAdjstmntOptions|[]|0x2c0181f8
07:34:25.0 (63660037)|STATEMENT_EXECUTE|[381]
07:34:25.0 (63666414)|HEAP_ALLOCATE|[381]|Bytes:8
07:34:25.0 (63712486)|HEAP_ALLOCATE|[EXTERNAL]|Bytes:4
07:34:25.0 (63790535)|VARIABLE_ASSIGNMENT|[EXTERNAL]|this|{"cmpnyRateAdjstmntMap":"0x68b73ee8","estmtCnrgDaysMap":"0x3d8a110f","estmtCvrgeDaysObj":"0x275c60e1","faciltyOptions":"0x597ca841","fcltyPrgmMap":"0x86d9df8","fcltyPrgrmOptions":"0x6582f793","idToOwnershipFacilit (4 more) ...":"0x211dd8aa","idToTypeFacilityMap":"0x1d9f4268","insrncBnftMap":"0x1ab1c9e1","insrncBnftOptions":"0xbb5c0ad","isIop":false,"isTalbott":false,"meta":"0x44a291f9","oppId":"00629000004NTeZ","pawObj":"0x23490707","ptntInsrnceOptions":"0x1676676e","ptntInsrncMap":"0x33636da5","ptntInsrncObj":"0x2f05c1bf","quoteObj":"0x639e1f69","recordId":"00629000004NTeZ","rtAdjstmntOptions":"0x5d507d06","showPILookup":false,"sObjectQueryStr":"","wrprObj":"0x5e87493f"}|0x2c0181f8
07:34:25.0 (63854073)|VARIABLE_ASSIGNMENT|[EXTERNAL]|this|{"facilitySelected":"001j000000NqKMtAAN","fcltyPrgrmSelected":"a1B290000003SEdEAM","insrncBnft":"0x21c03591","insrncBnftSelected":"a1H29000000pRTUEA2","pawDetailListDisplay (4 more) ...":false,"pyAgrmntWrksht":"0x6a2ce772","rateAdjstmntSelected":"a1I29000000HR5FEAW","relatedPAWDetailsLis (1 more) ...":"0x6bde049f","targetEDR":0.00,"totalAppliedDeductib (2 more) ...":0.00,"totalCoInsurance":0.00,"totalCoPayAmt":0.00,"totalInsCoResp":0.00,"totalInsEIVAmt":0.00,"totalRowCount":20,"totalTalbottDay":0}|0x5e87493f
07:34:25.0 (63919735)|VARIABLE_ASSIGNMENT|[EXTERNAL]|this|{"cmpnyRateAdjstmntMap":"0x68b73ee8","estmtCnrgDaysMap":"0x3d8a110f","estmtCvrgeDaysObj":"0x275c60e1","faciltyOptions":"0x597ca841","fcltyPrgmMap":"0x86d9df8","fcltyPrgrmOptions":"0x6582f793","idToOwnershipFacilit (4 more) ...":"0x211dd8aa","idToTypeFacilityMap":"0x1d9f4268","insrncBnftMap":"0x1ab1c9e1","insrncBnftOptions":"0xbb5c0ad","isIop":false,"isTalbott":false,"meta":"0x44a291f9","oppId":"00629000004NTeZ","pawObj":"0x23490707","ptntInsrnceOptions":"0x1676676e","ptntInsrncMap":"0x33636da5","ptntInsrncObj":"0x2f05c1bf","quoteObj":"0x639e1f69","recordId":"00629000004NTeZ","rtAdjstmntOptions":"0x5d507d06","showPILookup":false,"sObjectQueryStr":"","wrprObj":"0x5e87493f"}|0x2c0181f8
07:34:25.0 (63976012)|VARIABLE_ASSIGNMENT|[EXTERNAL]|this|{"facilitySelected":"001j000000NqKMtAAN","fcltyPrgrmSelected":"a1B290000003SEdEAM","insrncBnft":"0x21c03591","insrncBnftSelected":"a1H29000000pRTUEA2","pawDetailListDisplay (4 more) ...":false,"pyAgrmntWrksht":"0x6a2ce772","rateAdjstmntSelected":"a1I29000000HR5FEAW","relatedPAWDetailsLis (1 more) ...":"0x6bde049f","targetEDR":0.00,"totalAppliedDeductib (2 more) ...":0.00,"totalCoInsurance":0.00,"totalCoPayAmt":0.00,"totalInsCoResp":0.00,"totalInsEIVAmt":0.00,"totalRowCount":20,"totalTalbottDay":0}|0x5e87493f
07:34:25.0 (64052437)|VARIABLE_ASSIGNMENT|[EXTERNAL]|this|{"cmpnyRateAdjstmntMap":"0x68b73ee8","estmtCnrgDaysMap":"0x3d8a110f","estmtCvrgeDaysObj":"0x275c60e1","faciltyOptions":"0x597ca841","fcltyPrgmMap":"0x86d9df8","fcltyPrgrmOptions":"0x6582f793","idToOwnershipFacilit (4 more) ...":"0x211dd8aa","idToTypeFacilityMap":"0x1d9f4268","insrncBnftMap":"0x1ab1c9e1","insrncBnftOptions":"0xbb5c0ad","isIop":false,"isTalbott":false,"meta":"0x44a291f9","oppId":"00629000004NTeZ","pawObj":"0x23490707","ptntInsrnceOptions":"0x1676676e","ptntInsrncMap":"0x33636da5","ptntInsrncObj":"0x2f05c1bf","quoteObj":"0x639e1f69","recordId":"00629000004NTeZ","rtAdjstmntOptions":"0x5d507d06","showPILookup":false,"sObjectQueryStr":"","wrprObj":"0x5e87493f"}|0x2c0181f8
07:34:25.0 (64070275)|STATEMENT_EXECUTE|[382]
07:34:25.0 (64071876)|STATEMENT_EXECUTE|[383]
07:34:25.0 (64105358)|HEAP_ALLOCATE|[383]|Bytes:4
07:34:25.0 (64112789)|HEAP_ALLOCATE|[383]|Bytes:287
07:34:25.0 (64124246)|HEAP_ALLOCATE|[383]|Bytes:4
07:34:25.0 (64196690)|VARIABLE_ASSIGNMENT|[EXTERNAL]|this|{"cmpnyRateAdjstmntMap":"0x68b73ee8","estmtCnrgDaysMap":"0x3d8a110f","estmtCvrgeDaysObj":"0x275c60e1","faciltyOptions":"0x597ca841","fcltyPrgmMap":"0x86d9df8","fcltyPrgrmOptions":"0x6582f793","idToOwnershipFacilit (4 more) ...":"0x211dd8aa","idToTypeFacilityMap":"0x1d9f4268","insrncBnftMap":"0x1ab1c9e1","insrncBnftOptions":"0xbb5c0ad","isIop":false,"isTalbott":false,"meta":"0x44a291f9","oppId":"00629000004NTeZ","pawObj":"0x23490707","ptntInsrnceOptions":"0x1676676e","ptntInsrncMap":"0x33636da5","ptntInsrncObj":"0x2f05c1bf","quoteObj":"0x639e1f69","recordId":"00629000004NTeZ","rtAdjstmntOptions":"0x5d507d06","showPILookup":false,"sObjectQueryStr":"","wrprObj":"0x5e87493f"}|0x2c0181f8
07:34:25.0 (64262038)|HEAP_ALLOCATE|[383]|Bytes:7
07:34:25.0 (64335691)|VARIABLE_ASSIGNMENT|[EXTERNAL]|this|{"cmpnyRateAdjstmntMap":"0x68b73ee8","estmtCnrgDaysMap":"0x3d8a110f","estmtCvrgeDaysObj":"0x275c60e1","faciltyOptions":"0x597ca841","fcltyPrgmMap":"0x86d9df8","fcltyPrgrmOptions":"0x6582f793","idToOwnershipFacilit (4 more) ...":"0x211dd8aa","idToTypeFacilityMap":"0x1d9f4268","insrncBnftMap":"0x1ab1c9e1","insrncBnftOptions":"0xbb5c0ad","isIop":false,"isTalbott":false,"meta":"0x44a291f9","oppId":"00629000004NTeZ","pawObj":"0x23490707","ptntInsrnceOptions":"0x1676676e","ptntInsrncMap":"0x33636da5","ptntInsrncObj":"0x2f05c1bf","quoteObj":"0x639e1f69","recordId":"00629000004NTeZ","rtAdjstmntOptions":"0x5d507d06","showPILookup":false,"sObjectQueryStr":"","wrprObj":"0x5e87493f"}|0x2c0181f8
07:34:25.0 (64391943)|VARIABLE_ASSIGNMENT|[EXTERNAL]|this|{"facilitySelected":"001j000000NqKMtAAN","fcltyPrgrmSelected":"a1B290000003SEdEAM","insrncBnft":"0x21c03591","insrncBnftSelected":"a1H29000000pRTUEA2","pawDetailListDisplay (4 more) ...":false,"pyAgrmntWrksht":"0x6a2ce772","rateAdjstmntSelected":"a1I29000000HR5FEAW","relatedPAWDetailsLis (1 more) ...":"0x6bde049f","targetEDR":0.00,"totalAppliedDeductib (2 more) ...":0.00,"totalCoInsurance":0.00,"totalCoPayAmt":0.00,"totalInsCoResp":0.00,"totalInsEIVAmt":0.00,"totalRowCount":20,"totalTalbottDay":0}|0x5e87493f
07:34:25.0 (65423904)|SOQL_EXECUTE_BEGIN|[383]|Aggregations:0|SELECT Id, Name, Type__c, Rate_Adjustment__c, In_Network_Rate_Adjustment__c, Out_of_Network_Rate_Adjustment__c, Active_Date__c, Term_Date__c FROM Insurance_Company_Rate_Adjustment__c WHERE (Insurance_Company__c = :tmpVar1 AND FRN_Facility__c = :tmpVar2) ORDER BY Type__c DESC NULLS FIRST
07:34:25.0 (72459557)|SOQL_EXECUTE_END|[383]|Rows:2
07:34:25.0 (72483390)|HEAP_ALLOCATE|[383]|Bytes:12
07:34:25.0 (72505759)|HEAP_ALLOCATE|[383]|Bytes:319
07:34:25.0 (72570058)|HEAP_ALLOCATE|[383]|Bytes:12
07:34:25.0 (72604462)|HEAP_ALLOCATE|[383]|Bytes:24
07:34:25.0 (72616847)|HEAP_ALLOCATE|[383]|Bytes:4
07:34:25.0 (72621944)|HEAP_ALLOCATE|[383]|Bytes:24
07:34:25.0 (72642690)|HEAP_ALLOCATE|[383]|Bytes:4
07:34:25.0 (72716139)|VARIABLE_ASSIGNMENT|[383]|this.cmpnyRateAdjstmntMap|{"a1I29000000HR5FEAW":{"Id":"a1I29000000HR5FEAW","Name":"Ins Co Rate Adjstmt  (5 more) ...","Type__c":"Contracted","Rate_Adjustment__c":3.00,"Active_Date__c":"2017-02-24T00:00:00.000Z"},"a1I29000000HR5EEAW":{"Id":"a1I29000000HR5EEAW","Name":"Ins Co Rate Adjstmt  (5 more) ...","Type__c":"OON","Rate_Adjustment__c":15.00,"Active_Date__c":"2017-02-24T00:00:00.000Z"}}|0x2c0181f8
07:34:25.0 (72773917)|HEAP_ALLOCATE|[EXTERNAL]|Bytes:12
07:34:25.0 (72787084)|HEAP_ALLOCATE|[395]|Bytes:329
07:34:25.0 (72916852)|HEAP_ALLOCATE|[395]|Bytes:5
07:34:25.0 (72931521)|HEAP_ALLOCATE|[395]|Bytes:24
07:34:25.0 (72944397)|VARIABLE_SCOPE_BEGIN|[395]|rateAdjstmntInstance|Insurance_Company_Rate_Adjustment__c|true|false
07:34:25.0 (72970017)|VARIABLE_ASSIGNMENT|[395]|rateAdjstmntInstance|{"Id":"a1I29000000HR5FEAW","Name":"Ins Co Rate Adjstmt  (5 more) ...","Type__c":"Contracted","Rate_Adjustment__c":3.00,"Active_Date__c":"2017-02-24T00:00:00.000Z"}|0x4e4038eb
07:34:25.0 (72977699)|STATEMENT_EXECUTE|[395]
07:34:25.0 (73025276)|METHOD_ENTRY|[396]|01p0a000004sKzV|PAW_New_EditCntrllr.checkIfActive(Insurance_Company_Rate_Adjustment__c)
07:34:25.0 (73048144)|VARIABLE_SCOPE_BEGIN|[495]|this|PAW_New_EditCntrllr|true|false
07:34:25.0 (73119669)|VARIABLE_ASSIGNMENT|[495]|this|{"cmpnyRateAdjstmntMap":"0x214fc883","estmtCnrgDaysMap":"0x3d8a110f","estmtCvrgeDaysObj":"0x275c60e1","faciltyOptions":"0x597ca841","fcltyPrgmMap":"0x86d9df8","fcltyPrgrmOptions":"0x6582f793","idToOwnershipFacilit (4 more) ...":"0x211dd8aa","idToTypeFacilityMap":"0x1d9f4268","insrncBnftMap":"0x1ab1c9e1","insrncBnftOptions":"0xbb5c0ad","isIop":false,"isTalbott":false,"meta":"0x44a291f9","oppId":"00629000004NTeZ","pawObj":"0x23490707","ptntInsrnceOptions":"0x1676676e","ptntInsrncMap":"0x33636da5","ptntInsrncObj":"0x2f05c1bf","quoteObj":"0x639e1f69","recordId":"00629000004NTeZ","rtAdjstmntOptions":"0x5d507d06","showPILookup":false,"sObjectQueryStr":"","wrprObj":"0x5e87493f"}|0x2c0181f8
07:34:25.0 (73134161)|VARIABLE_SCOPE_BEGIN|[495]|pInsRateAdjustmentOnj|Insurance_Company_Rate_Adjustment__c|true|false
07:34:25.0 (73176059)|VARIABLE_ASSIGNMENT|[495]|pInsRateAdjustmentOnj|{"Id":"a1I29000000HR5FEAW","Name":"Ins Co Rate Adjstmt  (5 more) ...","Type__c":"Contracted","Rate_Adjustment__c":3.00,"Active_Date__c":"2017-02-24T00:00:00.000Z"}|0x4e4038eb
07:34:25.0 (73190316)|STATEMENT_EXECUTE|[495]
07:34:25.0 (73192486)|STATEMENT_EXECUTE|[496]
07:34:25.0 (73242463)|HEAP_ALLOCATE|[496]|Bytes:4
07:34:25.0 (73271509)|VARIABLE_SCOPE_BEGIN|[496]|todayDate|Date|false|false
07:34:25.0 (73290461)|VARIABLE_ASSIGNMENT|[496]|todayDate|"2018-01-17T00:00:00.000Z"
07:34:25.0 (73315479)|STATEMENT_EXECUTE|[497]
07:34:25.0 (73316847)|STATEMENT_EXECUTE|[498]
07:34:25.0 (73324145)|VARIABLE_SCOPE_BEGIN|[498]|endDate|Date|false|false
07:34:25.0 (73338466)|VARIABLE_ASSIGNMENT|[498]|endDate|"2018-01-17T00:00:00.000Z"
07:34:25.0 (73397780)|STATEMENT_EXECUTE|[499]
07:34:25.0 (73399541)|STATEMENT_EXECUTE|[500]
07:34:25.0 (73404732)|METHOD_EXIT|[396]|01p0a000004sKzV|PAW_New_EditCntrllr.checkIfActive(Insurance_Company_Rate_Adjustment__c)
07:34:25.0 (73411316)|STATEMENT_EXECUTE|[397]
07:34:25.0 (73438910)|HEAP_ALLOCATE|[397]|Bytes:18
07:34:25.0 (73514859)|HEAP_ALLOCATE|[EXTERNAL]|Bytes:4
07:34:25.0 (73540332)|HEAP_ALLOCATE|[395]|Bytes:5
07:34:25.0 (73557352)|HEAP_ALLOCATE|[395]|Bytes:24
07:34:25.0 (73568818)|VARIABLE_SCOPE_BEGIN|[395]|rateAdjstmntInstance|Insurance_Company_Rate_Adjustment__c|true|false
07:34:25.0 (73604677)|VARIABLE_ASSIGNMENT|[395]|rateAdjstmntInstance|{"Id":"a1I29000000HR5EEAW","Name":"Ins Co Rate Adjstmt  (5 more) ...","Type__c":"OON","Rate_Adjustment__c":15.00,"Active_Date__c":"2017-02-24T00:00:00.000Z"}|0x5ded1dde
07:34:25.0 (73616406)|STATEMENT_EXECUTE|[395]
07:34:25.0 (73631423)|METHOD_ENTRY|[396]|01p0a000004sKzV|PAW_New_EditCntrllr.checkIfActive(Insurance_Company_Rate_Adjustment__c)
07:34:25.0 (73638142)|VARIABLE_SCOPE_BEGIN|[495]|this|PAW_New_EditCntrllr|true|false
07:34:25.0 (73732284)|VARIABLE_ASSIGNMENT|[495]|this|{"cmpnyRateAdjstmntMap":"0x214fc883","estmtCnrgDaysMap":"0x3d8a110f","estmtCvrgeDaysObj":"0x275c60e1","faciltyOptions":"0x597ca841","fcltyPrgmMap":"0x86d9df8","fcltyPrgrmOptions":"0x6582f793","idToOwnershipFacilit (4 more) ...":"0x211dd8aa","idToTypeFacilityMap":"0x1d9f4268","insrncBnftMap":"0x1ab1c9e1","insrncBnftOptions":"0xbb5c0ad","isIop":false,"isTalbott":false,"meta":"0x44a291f9","oppId":"00629000004NTeZ","pawObj":"0x23490707","ptntInsrnceOptions":"0x1676676e","ptntInsrncMap":"0x33636da5","ptntInsrncObj":"0x2f05c1bf","quoteObj":"0x639e1f69","recordId":"00629000004NTeZ","rtAdjstmntOptions":"0x5d507d06","showPILookup":false,"sObjectQueryStr":"","wrprObj":"0x5e87493f"}|0x2c0181f8
07:34:25.0 (73748833)|VARIABLE_SCOPE_BEGIN|[495]|pInsRateAdjustmentOnj|Insurance_Company_Rate_Adjustment__c|true|false
07:34:25.0 (73767914)|VARIABLE_ASSIGNMENT|[495]|pInsRateAdjustmentOnj|{"Id":"a1I29000000HR5EEAW","Name":"Ins Co Rate Adjstmt  (5 more) ...","Type__c":"OON","Rate_Adjustment__c":15.00,"Active_Date__c":"2017-02-24T00:00:00.000Z"}|0x5ded1dde
07:34:25.0 (73775511)|STATEMENT_EXECUTE|[495]
07:34:25.0 (73776877)|STATEMENT_EXECUTE|[496]
07:34:25.0 (73790688)|HEAP_ALLOCATE|[496]|Bytes:4
07:34:25.0 (73805728)|VARIABLE_SCOPE_BEGIN|[496]|todayDate|Date|false|false
07:34:25.0 (73821557)|VARIABLE_ASSIGNMENT|[496]|todayDate|"2018-01-17T00:00:00.000Z"
07:34:25.0 (73834602)|STATEMENT_EXECUTE|[497]
07:34:25.0 (73836498)|STATEMENT_EXECUTE|[498]
07:34:25.0 (73846285)|VARIABLE_SCOPE_BEGIN|[498]|endDate|Date|false|false
07:34:25.0 (73868240)|VARIABLE_ASSIGNMENT|[498]|endDate|"2018-01-17T00:00:00.000Z"
07:34:25.0 (73902244)|STATEMENT_EXECUTE|[499]
07:34:25.0 (73903838)|STATEMENT_EXECUTE|[500]
07:34:25.0 (73909362)|METHOD_EXIT|[396]|01p0a000004sKzV|PAW_New_EditCntrllr.checkIfActive(Insurance_Company_Rate_Adjustment__c)
07:34:25.0 (73915298)|STATEMENT_EXECUTE|[397]
07:34:25.0 (73924594)|HEAP_ALLOCATE|[397]|Bytes:18
07:34:25.0 (73943748)|HEAP_ALLOCATE|[EXTERNAL]|Bytes:4
07:34:25.0 (73957853)|HEAP_ALLOCATE|[395]|Bytes:5
07:34:25.0 (73975998)|VARIABLE_ASSIGNMENT|[395]|rateAdjstmntInstance|null|
07:34:25.0 (73984720)|STATEMENT_EXECUTE|[400]
07:34:25.0 (74519748)|SYSTEM_MODE_ENTER|true
07:34:25.82 (82057572)|SYSTEM_MODE_ENTER|true
07:34:25.82 (82136583)|HEAP_ALLOCATE|[EXTERNAL]|Bytes:8
07:34:25.82 (82146654)|VARIABLE_SCOPE_BEGIN|[88]|this|ApexPage.PageMessagesComponentController|true|false
07:34:25.82 (82183247)|VARIABLE_ASSIGNMENT|[88]|this|{}|0x67f46a5d
07:34:25.82 (82193546)|VARIABLE_SCOPE_BEGIN|[88]|escape|Boolean|false|false
07:34:25.82 (82204467)|VARIABLE_ASSIGNMENT|[88]|escape|null
07:34:25.0 (82569375)|HEAP_ALLOCATE|[EXTERNAL]|Bytes:18
07:34:25.0 (82576911)|HEAP_ALLOCATE|[EXTERNAL]|Bytes:84
07:34:25.0 (82587597)|VARIABLE_ASSIGNMENT|[EXTERNAL]|this.insrncBnftSelected|"a1H29000000pRTUEA2"|0x5e87493f
07:34:25.0 (82645669)|HEAP_ALLOCATE|[EXTERNAL]|Bytes:18
07:34:25.0 (82650440)|HEAP_ALLOCATE|[EXTERNAL]|Bytes:84
07:34:25.0 (82657761)|VARIABLE_ASSIGNMENT|[EXTERNAL]|this.facilitySelected|"001j000000NqKMtAAN"|0x5e87493f
07:34:25.0 (82705684)|HEAP_ALLOCATE|[EXTERNAL]|Bytes:18
07:34:25.0 (82710189)|HEAP_ALLOCATE|[EXTERNAL]|Bytes:84
07:34:25.0 (82717208)|VARIABLE_ASSIGNMENT|[EXTERNAL]|this.rateAdjstmntSelected|"a1I29000000HR5FEAW"|0x5e87493f
07:34:25.0 (82772741)|HEAP_ALLOCATE|[EXTERNAL]|Bytes:18
07:34:25.0 (82777487)|HEAP_ALLOCATE|[EXTERNAL]|Bytes:84
07:34:25.0 (82784663)|VARIABLE_ASSIGNMENT|[EXTERNAL]|this.fcltyPrgrmSelected|"a1B290000003SEdEAM"|0x5e87493f
07:34:25.101 (101893507)|SYSTEM_MODE_ENTER|true
07:34:25.101 (101969880)|HEAP_ALLOCATE|[EXTERNAL]|Bytes:8
07:34:25.101 (101979436)|VARIABLE_SCOPE_BEGIN|[88]|this|ApexPage.PageMessagesComponentController|true|false
07:34:25.101 (102004637)|VARIABLE_ASSIGNMENT|[88]|this|{}|0x67f46a5d
07:34:25.101 (102010703)|VARIABLE_SCOPE_BEGIN|[88]|escape|Boolean|false|false
07:34:25.101 (102017072)|VARIABLE_ASSIGNMENT|[88]|escape|null
07:34:25.102 (102120759)|SYSTEM_MODE_ENTER|true
07:34:25.102 (102168726)|HEAP_ALLOCATE|[EXTERNAL]|Bytes:8
07:34:25.102 (102176074)|VARIABLE_SCOPE_BEGIN|[2]|this|ApexPage.PageMessagesComponentController|true|false
07:34:25.102 (102195306)|VARIABLE_ASSIGNMENT|[2]|this|{}|0x67f46a5d
07:34:25.0 (102614740)|SYSTEM_MODE_ENTER|true
07:34:25.0 (102735181)|SYSTEM_MODE_ENTER|true
07:34:25.0 (103015408)|SYSTEM_MODE_ENTER|true
07:34:25.0 (106015651)|SYSTEM_MODE_ENTER|true
07:34:25.0 (106069433)|SYSTEM_MODE_ENTER|true
07:34:25.0 (116371789)|VF_SERIALIZE_VIEWSTATE_BEGIN|0660a0000009uTC
07:34:25.0 (125890857)|VF_SERIALIZE_VIEWSTATE_END
07:34:25.133 (133548841)|CUMULATIVE_LIMIT_USAGE
07:34:25.133 (133548841)|LIMIT_USAGE_FOR_NS|(default)|
  Number of SOQL queries: 2 out of 100
  Number of query rows: 4 out of 50000
  Number of SOSL queries: 0 out of 20
  Number of DML statements: 0 out of 150
  Number of DML rows: 0 out of 10000
  Maximum CPU time: 0 out of 10000
  Maximum heap size: 0 out of 6000000
  Number of callouts: 0 out of 100
  Number of Email Invocations: 0 out of 10
  Number of future calls: 0 out of 50
  Number of queueable jobs added to the queue: 0 out of 50
  Number of Mobile Apex push calls: 0 out of 10

07:34:25.133 (133548841)|CUMULATIVE_LIMIT_USAGE_END

07:34:25.0 (133587572)|CODE_UNIT_FINISHED|VF: /apex/PAW_New_Edit
07:34:25.0 (134314786)|EXECUTION_FINISHED
