37.0 APEX_CODE,FINEST;APEX_PROFILING,INFO;CALLOUT,INFO;DB,INFO;SYSTEM,DEBUG;VALIDATION,INFO;VISUALFORCE,INFO;WAVE,INFO;WORKFLOW,FINER
08:26:48.0 (319233)|USER_INFO|[EXTERNAL]|00529000000zYiy|bhakti.gujrathi@eternussolutions.com.frnstgng|Central Standard Time|GMT-06:00
08:26:48.0 (374377)|EXECUTION_STARTED
08:26:48.0 (382644)|CODE_UNIT_STARTED|[EXTERNAL]|0660a0000009uTC|VF: /apex/PAW_New_Edit
08:26:48.0 (11803912)|SYSTEM_MODE_ENTER|true
08:26:48.0 (12144503)|VARIABLE_SCOPE_BEGIN|[35]|PAW_New_EditCntrllr.globalSchemaMap|Map<String,Schema.SObjectType>|true|true
08:26:48.0 (12158980)|VARIABLE_SCOPE_BEGIN|[3]|PAW_New_EditCntrllr.yearEndMode|Boolean|false|true
08:26:48.0 (12326516)|HEAP_ALLOCATE|[72]|Bytes:3
08:26:48.0 (12374648)|HEAP_ALLOCATE|[77]|Bytes:152
08:26:48.0 (12392926)|HEAP_ALLOCATE|[342]|Bytes:408
08:26:48.0 (12413072)|HEAP_ALLOCATE|[355]|Bytes:408
08:26:48.0 (12431114)|HEAP_ALLOCATE|[467]|Bytes:48
08:26:48.0 (12473239)|HEAP_ALLOCATE|[139]|Bytes:6
08:26:48.0 (12495038)|HEAP_ALLOCATE|[EXTERNAL]|Bytes:11
08:26:48.0 (12505376)|HEAP_ALLOCATE|[EXTERNAL]|Bytes:304
08:26:48.0 (12511684)|HEAP_ALLOCATE|[EXTERNAL]|Bytes:98
08:26:48.0 (12517856)|HEAP_ALLOCATE|[EXTERNAL]|Bytes:14
08:26:48.0 (12538183)|METHOD_ENTRY|[1]|01p0a000004sKzV|PAW_New_EditCntrllr.PAW_New_EditCntrllr()
08:26:48.0 (12545754)|STATEMENT_EXECUTE|[1]
08:26:48.0 (12552400)|STATEMENT_EXECUTE|[1]
08:26:48.0 (12553664)|STATEMENT_EXECUTE|[3]
08:26:48.0 (17451568)|VARIABLE_SCOPE_BEGIN|[3]|PAW_YearEnd_Config.setting|Year_End_PAW_Settings__c|true|true
08:26:48.0 (17474845)|HEAP_ALLOCATE|[3]|Bytes:1
08:26:48.0 (17483407)|HEAP_ALLOCATE|[3]|Bytes:1
08:26:48.0 (17831969)|METHOD_ENTRY|[1]|01p29000000Aswf|PAW_YearEnd_Config.PAW_YearEnd_Config()
08:26:48.0 (17839953)|STATEMENT_EXECUTE|[1]
08:26:48.0 (17843917)|STATEMENT_EXECUTE|[1]
08:26:48.0 (17874355)|HEAP_ALLOCATE|[50]|Bytes:5
08:26:48.0 (17902767)|HEAP_ALLOCATE|[56]|Bytes:5
08:26:48.0 (17915233)|HEAP_ALLOCATE|[64]|Bytes:7
08:26:48.0 (18264858)|SYSTEM_MODE_ENTER|false
08:26:48.0 (18284955)|HEAP_ALLOCATE|[3]|Bytes:5
08:26:48.0 (18296219)|SYSTEM_MODE_EXIT|false
08:26:48.0 (18308188)|METHOD_EXIT|[1]|PAW_YearEnd_Config
08:26:48.0 (18322994)|METHOD_ENTRY|[3]|01p29000000Aswf|PAW_YearEnd_Config.fetch()
08:26:48.0 (18365747)|SYSTEM_MODE_ENTER|false
08:26:48.0 (18374563)|HEAP_ALLOCATE|[6]|Bytes:5
08:26:48.0 (18380357)|STATEMENT_EXECUTE|[5]
08:26:48.0 (18386073)|STATEMENT_EXECUTE|[7]
08:26:48.0 (19923864)|HEAP_ALLOCATE|[7]|Bytes:20
08:26:48.0 (20010440)|VARIABLE_ASSIGNMENT|[7]|PAW_YearEnd_Config.setting|{"IsDeleted":false,"Name":"Year End PAW Setting (11 more) ...","SetupOwnerId":"00529000000zYiyAAE","Year_End_Mode_Enable (4 more) ...":false}|0x649b7bf0
08:26:48.0 (20023331)|STATEMENT_EXECUTE|[9]
08:26:48.0 (20027510)|HEAP_ALLOCATE|[9]|Bytes:14
08:26:48.0 (20264531)|HEAP_ALLOCATE|[9]|Bytes:145
08:26:48.0 (20299171)|HEAP_ALLOCATE|[9]|Bytes:159
08:26:48.0 (20326683)|USER_DEBUG|[9]|DEBUG|>>> setting : Year_End_PAW_Settings__c:{IsDeleted=false, Name=Year End PAW Settings (Profile), SetupOwnerId=00529000000zYiyAAE, Year_End_Mode_Enabled__c=false}
08:26:48.0 (20337888)|STATEMENT_EXECUTE|[10]
08:26:48.0 (20343989)|SYSTEM_MODE_EXIT|false
08:26:48.0 (20353697)|METHOD_EXIT|[3]|01p29000000Aswf|PAW_YearEnd_Config.fetch()
08:26:48.0 (20423072)|VARIABLE_ASSIGNMENT|[3]|PAW_New_EditCntrllr.yearEndMode|false
08:26:48.0 (20431316)|STATEMENT_EXECUTE|[523]
08:26:48.0 (20441857)|METHOD_EXIT|[1]|PAW_New_EditCntrllr
08:26:48.0 (20451381)|HEAP_ALLOCATE|[EXTERNAL]|Bytes:112
08:26:48.0 (20461959)|VARIABLE_SCOPE_BEGIN|[41]|this|PAW_New_EditCntrllr|true|false
08:26:48.0 (20558091)|VARIABLE_ASSIGNMENT|[41]|this|{}|0x43bdbfa4
08:26:48.0 (20570625)|STATEMENT_EXECUTE|[1]
08:26:48.0 (20572443)|STATEMENT_EXECUTE|[7]
08:26:48.0 (20573418)|STATEMENT_EXECUTE|[8]
08:26:48.0 (20574314)|STATEMENT_EXECUTE|[9]
08:26:48.0 (20575235)|STATEMENT_EXECUTE|[10]
08:26:48.0 (20576313)|STATEMENT_EXECUTE|[11]
08:26:48.0 (20592057)|VARIABLE_ASSIGNMENT|[11]|this.oppId|""|0x43bdbfa4
08:26:48.0 (20597860)|STATEMENT_EXECUTE|[12]
08:26:48.0 (20599563)|STATEMENT_EXECUTE|[13]
08:26:48.0 (20600563)|STATEMENT_EXECUTE|[14]
08:26:48.0 (20601438)|STATEMENT_EXECUTE|[15]
08:26:48.0 (20602381)|STATEMENT_EXECUTE|[16]
08:26:48.0 (20603461)|STATEMENT_EXECUTE|[18]
08:26:48.0 (20604409)|STATEMENT_EXECUTE|[19]
08:26:48.0 (20605284)|STATEMENT_EXECUTE|[20]
08:26:48.0 (20606351)|STATEMENT_EXECUTE|[21]
08:26:48.0 (20607355)|STATEMENT_EXECUTE|[22]
08:26:48.0 (20608356)|STATEMENT_EXECUTE|[23]
08:26:48.0 (20624455)|STATEMENT_EXECUTE|[24]
08:26:48.0 (20626635)|STATEMENT_EXECUTE|[25]
08:26:48.0 (20628513)|STATEMENT_EXECUTE|[26]
08:26:48.0 (20630062)|STATEMENT_EXECUTE|[27]
08:26:48.0 (20631603)|STATEMENT_EXECUTE|[28]
08:26:48.0 (20633375)|STATEMENT_EXECUTE|[30]
08:26:48.0 (20635412)|STATEMENT_EXECUTE|[31]
08:26:48.0 (20637179)|STATEMENT_EXECUTE|[32]
08:26:48.0 (20638989)|STATEMENT_EXECUTE|[33]
08:26:48.0 (20640780)|STATEMENT_EXECUTE|[37]
08:26:48.0 (20642597)|STATEMENT_EXECUTE|[38]
08:26:48.0 (20654958)|HEAP_ALLOCATE|[11]|Bytes:6
08:26:48.0 (20700200)|STATEMENT_EXECUTE|[41]
08:26:48.0 (20702368)|STATEMENT_EXECUTE|[44]
08:26:48.0 (73992323)|HEAP_ALLOCATE|[44]|Bytes:2408
08:26:48.0 (74558833)|VARIABLE_ASSIGNMENT|[44]|PAW_New_EditCntrllr.globalSchemaMap|"{abused_substance__c=Abused_Substance__c, abused_substance__feed=Abused_Substance__Feed, abused_substance__history=Abused_Substance__History, acceptedeventrelation=AcceptedEventRelation, account=Account, account_review__c=Account_Review__c, account_review__history=Account_Review__History, account_satisfaction_survey__c=Account_Satisfaction_Survey__c, accountcontactrole=AccountContactRole, accountfeed=AccountFeed, ...}"|0x121a2b51
08:26:48.0 (74579010)|STATEMENT_EXECUTE|[45]
08:26:48.0 (74767485)|VARIABLE_ASSIGNMENT|[EXTERNAL]|this|{"oppId":""}|0x43bdbfa4
08:26:48.0 (74786553)|VARIABLE_ASSIGNMENT|[EXTERNAL]|value|false
08:26:48.0 (74797026)|HEAP_ALLOCATE|[32]|Bytes:5
08:26:48.0 (74812560)|VARIABLE_ASSIGNMENT|[32]|this.isTalbott|false|0x43bdbfa4
08:26:48.0 (74825527)|STATEMENT_EXECUTE|[46]
08:26:48.0 (74902358)|VARIABLE_ASSIGNMENT|[EXTERNAL]|this|{"isTalbott":false,"oppId":""}|0x43bdbfa4
08:26:48.0 (74916217)|VARIABLE_ASSIGNMENT|[EXTERNAL]|value|false
08:26:48.0 (74924387)|HEAP_ALLOCATE|[33]|Bytes:5
08:26:48.0 (74934714)|VARIABLE_ASSIGNMENT|[33]|this.isIop|false|0x43bdbfa4
08:26:48.0 (74945929)|STATEMENT_EXECUTE|[47]
08:26:48.0 (74955456)|VARIABLE_ASSIGNMENT|[47]|this.sObjectQueryStr|""|0x43bdbfa4
08:26:48.0 (74961064)|STATEMENT_EXECUTE|[48]
08:26:48.0 (75026459)|HEAP_ALLOCATE|[48]|Bytes:4
08:26:48.0 (75155369)|VARIABLE_ASSIGNMENT|[48]|this.quoteObj|{}|0x43bdbfa4
08:26:48.0 (75164007)|STATEMENT_EXECUTE|[49]
08:26:48.0 (75287928)|HEAP_ALLOCATE|[49]|Bytes:476
08:26:48.0 (75299358)|HEAP_ALLOCATE|[49]|Bytes:71
08:26:48.0 (75312342)|HEAP_ALLOCATE|[49]|Bytes:84
08:26:48.0 (75328577)|CONSTRUCTOR_ENTRY|[49]|01p0a000004sKzV|<init>()
08:26:48.0 (75355379)|VARIABLE_SCOPE_BEGIN|[545]|this|PAW_New_EditCntrllr.WraperClass|true|false
08:26:48.0 (75397911)|VARIABLE_ASSIGNMENT|[545]|this|{}|0x4f9333b8
08:26:48.0 (75406398)|STATEMENT_EXECUTE|[523]
08:26:48.0 (75408305)|STATEMENT_EXECUTE|[524]
08:26:48.0 (75409463)|STATEMENT_EXECUTE|[525]
08:26:48.0 (75410574)|STATEMENT_EXECUTE|[526]
08:26:48.0 (75411523)|STATEMENT_EXECUTE|[527]
08:26:48.0 (75412631)|STATEMENT_EXECUTE|[528]
08:26:48.0 (75413773)|STATEMENT_EXECUTE|[529]
08:26:48.0 (75414716)|STATEMENT_EXECUTE|[530]
08:26:48.0 (75415711)|STATEMENT_EXECUTE|[531]
08:26:48.0 (75416616)|STATEMENT_EXECUTE|[532]
08:26:48.0 (75417639)|STATEMENT_EXECUTE|[533]
08:26:48.0 (75418528)|STATEMENT_EXECUTE|[534]
08:26:48.0 (75419654)|STATEMENT_EXECUTE|[535]
08:26:48.0 (75420548)|STATEMENT_EXECUTE|[536]
08:26:48.0 (75421549)|STATEMENT_EXECUTE|[537]
08:26:48.0 (75422555)|STATEMENT_EXECUTE|[538]
08:26:48.0 (75423435)|STATEMENT_EXECUTE|[539]
08:26:48.0 (75424620)|STATEMENT_EXECUTE|[540]
08:26:48.0 (75426027)|STATEMENT_EXECUTE|[541]
08:26:48.0 (75427740)|STATEMENT_EXECUTE|[542]
08:26:48.0 (75429214)|STATEMENT_EXECUTE|[543]
08:26:48.0 (75449939)|STATEMENT_EXECUTE|[545]
08:26:48.0 (75451556)|STATEMENT_EXECUTE|[546]
08:26:48.0 (75494529)|HEAP_ALLOCATE|[546]|Bytes:4
08:26:48.0 (75682874)|VARIABLE_ASSIGNMENT|[EXTERNAL]|this|{}|0x4f9333b8
08:26:48.0 (75697741)|VARIABLE_ASSIGNMENT|[EXTERNAL]|value|{}|0x1e3f44d5
08:26:48.0 (75710622)|VARIABLE_ASSIGNMENT|[524]|this.pyAgrmntWrksht|{}|0x4f9333b8
08:26:48.0 (75722025)|STATEMENT_EXECUTE|[547]
08:26:48.0 (75762900)|HEAP_ALLOCATE|[547]|Bytes:4
08:26:48.0 (75890803)|VARIABLE_ASSIGNMENT|[EXTERNAL]|this|{"pyAgrmntWrksht":"0x1e3f44d5"}|0x4f9333b8
08:26:48.0 (75903593)|VARIABLE_ASSIGNMENT|[EXTERNAL]|value|{}|0x142bd85b
08:26:48.0 (75914613)|VARIABLE_ASSIGNMENT|[525]|this.insrncBnft|{}|0x4f9333b8
08:26:48.0 (75925844)|STATEMENT_EXECUTE|[548]
08:26:48.0 (75990435)|VARIABLE_ASSIGNMENT|[EXTERNAL]|this|{"insrncBnft":"0x142bd85b","pyAgrmntWrksht":"0x1e3f44d5"}|0x4f9333b8
08:26:48.0 (76002105)|VARIABLE_ASSIGNMENT|[EXTERNAL]|value|""
08:26:48.0 (76013565)|VARIABLE_ASSIGNMENT|[526]|this.insrncBnftSelected|""|0x4f9333b8
08:26:48.0 (76023722)|STATEMENT_EXECUTE|[549]
08:26:48.0 (76085334)|VARIABLE_ASSIGNMENT|[EXTERNAL]|this|{"insrncBnft":"0x142bd85b","insrncBnftSelected":"","pyAgrmntWrksht":"0x1e3f44d5"}|0x4f9333b8
08:26:48.0 (76096232)|VARIABLE_ASSIGNMENT|[EXTERNAL]|value|""
08:26:48.0 (76105494)|VARIABLE_ASSIGNMENT|[527]|this.facilitySelected|""|0x4f9333b8
08:26:48.0 (76115800)|STATEMENT_EXECUTE|[550]
08:26:48.0 (76179051)|VARIABLE_ASSIGNMENT|[EXTERNAL]|this|{"facilitySelected":"","insrncBnft":"0x142bd85b","insrncBnftSelected":"","pyAgrmntWrksht":"0x1e3f44d5"}|0x4f9333b8
08:26:48.0 (76190734)|VARIABLE_ASSIGNMENT|[EXTERNAL]|value|""
08:26:48.0 (76200600)|VARIABLE_ASSIGNMENT|[528]|this.fcltyPrgrmSelected|""|0x4f9333b8
08:26:48.0 (76212903)|STATEMENT_EXECUTE|[551]
08:26:48.0 (76298402)|VARIABLE_ASSIGNMENT|[EXTERNAL]|this|{"facilitySelected":"","fcltyPrgrmSelected":"","insrncBnft":"0x142bd85b","insrncBnftSelected":"","pyAgrmntWrksht":"0x1e3f44d5"}|0x4f9333b8
08:26:48.0 (76311179)|VARIABLE_ASSIGNMENT|[EXTERNAL]|value|""
08:26:48.0 (76321765)|VARIABLE_ASSIGNMENT|[529]|this.rateAdjstmntSelected|""|0x4f9333b8
08:26:48.0 (76332489)|STATEMENT_EXECUTE|[552]
08:26:48.0 (76408065)|VARIABLE_ASSIGNMENT|[EXTERNAL]|this|{"facilitySelected":"","fcltyPrgrmSelected":"","insrncBnft":"0x142bd85b","insrncBnftSelected":"","pyAgrmntWrksht":"0x1e3f44d5","rateAdjstmntSelected":""}|0x4f9333b8
08:26:48.0 (76423137)|VARIABLE_ASSIGNMENT|[EXTERNAL]|value|0
08:26:48.0 (76432424)|HEAP_ALLOCATE|[530]|Bytes:4
08:26:48.0 (76443099)|VARIABLE_ASSIGNMENT|[530]|this.totalRowCount|0|0x4f9333b8
08:26:48.0 (76453888)|STATEMENT_EXECUTE|[553]
08:26:48.0 (76458099)|HEAP_ALLOCATE|[553]|Bytes:4
08:26:48.0 (76498381)|HEAP_ALLOCATE|[553]|Bytes:28
08:26:48.0 (76557720)|VARIABLE_ASSIGNMENT|[EXTERNAL]|this|{"facilitySelected":"","fcltyPrgrmSelected":"","insrncBnft":"0x142bd85b","insrncBnftSelected":"","pyAgrmntWrksht":"0x1e3f44d5","rateAdjstmntSelected":"","totalRowCount":0}|0x4f9333b8
08:26:48.0 (76574459)|VARIABLE_ASSIGNMENT|[EXTERNAL]|value|0.00
08:26:48.0 (76585455)|VARIABLE_ASSIGNMENT|[531]|this.totalTalbottDay|0.00|0x4f9333b8
08:26:48.0 (76595674)|STATEMENT_EXECUTE|[554]
08:26:48.0 (76604848)|HEAP_ALLOCATE|[554]|Bytes:28
08:26:48.0 (76680213)|VARIABLE_ASSIGNMENT|[EXTERNAL]|this|{"facilitySelected":"","fcltyPrgrmSelected":"","insrncBnft":"0x142bd85b","insrncBnftSelected":"","pyAgrmntWrksht":"0x1e3f44d5","rateAdjstmntSelected":"","totalRowCount":0,"totalTalbottDay":0.00}|0x4f9333b8
08:26:48.0 (76693586)|VARIABLE_ASSIGNMENT|[EXTERNAL]|value|0.00
08:26:48.0 (76704843)|VARIABLE_ASSIGNMENT|[532]|this.totalInsCoResp|0.00|0x4f9333b8
08:26:48.0 (76715062)|STATEMENT_EXECUTE|[555]
08:26:48.0 (76723977)|HEAP_ALLOCATE|[555]|Bytes:28
08:26:48.0 (76794538)|VARIABLE_ASSIGNMENT|[EXTERNAL]|this|{"facilitySelected":"","fcltyPrgrmSelected":"","insrncBnft":"0x142bd85b","insrncBnftSelected":"","pyAgrmntWrksht":"0x1e3f44d5","rateAdjstmntSelected":"","totalInsCoResp":0.00,"totalRowCount":0,"totalTalbottDay":0.00}|0x4f9333b8
08:26:48.0 (76808663)|VARIABLE_ASSIGNMENT|[EXTERNAL]|value|0.00
08:26:48.0 (76819785)|VARIABLE_ASSIGNMENT|[533]|this.totalCoPayAmt|0.00|0x4f9333b8
08:26:48.0 (76830288)|STATEMENT_EXECUTE|[556]
08:26:48.0 (76839293)|HEAP_ALLOCATE|[556]|Bytes:28
08:26:48.0 (76910602)|VARIABLE_ASSIGNMENT|[EXTERNAL]|this|{"facilitySelected":"","fcltyPrgrmSelected":"","insrncBnft":"0x142bd85b","insrncBnftSelected":"","pyAgrmntWrksht":"0x1e3f44d5","rateAdjstmntSelected":"","totalCoPayAmt":0.00,"totalInsCoResp":0.00,"totalRowCount":0,"totalTalbottDay":0.00}|0x4f9333b8
08:26:48.0 (76924406)|VARIABLE_ASSIGNMENT|[EXTERNAL]|value|0.00
08:26:48.0 (76943081)|VARIABLE_ASSIGNMENT|[534]|this.targetEDR|0.00|0x4f9333b8
08:26:48.0 (76954247)|STATEMENT_EXECUTE|[557]
08:26:48.0 (76963048)|HEAP_ALLOCATE|[557]|Bytes:28
08:26:48.0 (76975695)|VARIABLE_ASSIGNMENT|[557]|this.totalAppliedDeductible|0.00|0x4f9333b8
08:26:48.0 (76981550)|STATEMENT_EXECUTE|[558]
08:26:48.0 (76987101)|HEAP_ALLOCATE|[558]|Bytes:28
08:26:48.0 (76997310)|VARIABLE_ASSIGNMENT|[558]|this.totalCoInsurance|0.00|0x4f9333b8
08:26:48.0 (77002875)|STATEMENT_EXECUTE|[559]
08:26:48.0 (77009099)|HEAP_ALLOCATE|[559]|Bytes:28
08:26:48.0 (77019739)|VARIABLE_ASSIGNMENT|[559]|this.totalInsEIVAmt|0.00|0x4f9333b8
08:26:48.0 (77025234)|STATEMENT_EXECUTE|[560]
08:26:48.0 (77100453)|VARIABLE_ASSIGNMENT|[EXTERNAL]|this|{"facilitySelected":"","fcltyPrgrmSelected":"","insrncBnft":"0x142bd85b","insrncBnftSelected":"","pyAgrmntWrksht":"0x1e3f44d5","rateAdjstmntSelected":"","targetEDR":0.00,"totalAppliedDeductib (2 more) ...":0.00,"totalCoInsurance":0.00,"totalCoPayAmt":0.00,"totalInsCoResp":0.00,"totalInsEIVAmt":0.00,"totalRowCount":0,"totalTalbottDay":0.00}|0x4f9333b8
08:26:48.0 (77118479)|VARIABLE_ASSIGNMENT|[EXTERNAL]|value|false
08:26:48.0 (77126451)|HEAP_ALLOCATE|[542]|Bytes:5
08:26:48.0 (77135578)|VARIABLE_ASSIGNMENT|[542]|this.pawDetailListDisplayFlag|false|0x4f9333b8
08:26:48.0 (77146081)|STATEMENT_EXECUTE|[561]
08:26:48.0 (77248774)|HEAP_ALLOCATE|[561]|Bytes:4
08:26:48.0 (77383411)|VARIABLE_ASSIGNMENT|[EXTERNAL]|this|{"facilitySelected":"","fcltyPrgrmSelected":"","insrncBnft":"0x142bd85b","insrncBnftSelected":"","pawDetailListDisplay (4 more) ...":false,"pyAgrmntWrksht":"0x1e3f44d5","rateAdjstmntSelected":"","targetEDR":0.00,"totalAppliedDeductib (2 more) ...":0.00,"totalCoInsurance":0.00,"totalCoPayAmt":0.00,"totalInsCoResp":0.00,"totalInsEIVAmt":0.00,"totalRowCount":0,"totalTalbottDay":0.00}|0x4f9333b8
08:26:48.0 (77405271)|HEAP_ALLOCATE|[EXTERNAL]|Bytes:4
08:26:48.0 (77417428)|VARIABLE_ASSIGNMENT|[EXTERNAL]|value|[]|0x3dfb0aa5
08:26:48.0 (77432221)|VARIABLE_ASSIGNMENT|[543]|this.relatedPAWDetailsList|[]|0x4f9333b8
08:26:48.0 (77446589)|CONSTRUCTOR_EXIT|[49]|01p0a000004sKzV|<init>()
08:26:48.0 (77502977)|VARIABLE_ASSIGNMENT|[EXTERNAL]|this|{"isIop":false,"isTalbott":false,"oppId":"","quoteObj":"0x17d0f20c","sObjectQueryStr":""}|0x43bdbfa4
08:26:48.0 (77550142)|VARIABLE_ASSIGNMENT|[EXTERNAL]|value|{"facilitySelected":"","fcltyPrgrmSelected":"","insrncBnft":"0x142bd85b","insrncBnftSelected":"","pawDetailListDisplay (4 more) ...":false,"pyAgrmntWrksht":"0x1e3f44d5","rateAdjstmntSelected":"","relatedPAWDetailsLis (1 more) ...":"0x3dfb0aa5","targetEDR":0.00,"totalAppliedDeductib (2 more) ...":0.00,"totalCoInsurance":0.00,"totalCoPayAmt":0.00,"totalInsCoResp":0.00,"totalInsEIVAmt":0.00,"totalRowCount":0,"totalTalbottDay":0.00}|0x4f9333b8
08:26:48.0 (77569889)|VARIABLE_ASSIGNMENT|[30]|this.wrprObj|0x4f9333b8|0x43bdbfa4
08:26:48.0 (77580161)|STATEMENT_EXECUTE|[50]
08:26:48.0 (77622603)|HEAP_ALLOCATE|[50]|Bytes:4
08:26:48.0 (77767183)|VARIABLE_ASSIGNMENT|[EXTERNAL]|this|{"isIop":false,"isTalbott":false,"oppId":"","quoteObj":"0x17d0f20c","sObjectQueryStr":"","wrprObj":"0x4f9333b8"}|0x43bdbfa4
08:26:48.0 (77782244)|VARIABLE_ASSIGNMENT|[EXTERNAL]|value|{}|0x2d739062
08:26:48.0 (77796069)|VARIABLE_ASSIGNMENT|[18]|this.ptntInsrncObj|{}|0x43bdbfa4
08:26:48.0 (77806779)|STATEMENT_EXECUTE|[51]
08:26:48.0 (77823358)|HEAP_ALLOCATE|[51]|Bytes:4
08:26:48.0 (77882140)|HEAP_ALLOCATE|[EXTERNAL]|Bytes:4
08:26:48.0 (77894767)|VARIABLE_ASSIGNMENT|[51]|this.ptntInsrnceOptions|[]|0x43bdbfa4
08:26:48.0 (77900932)|STATEMENT_EXECUTE|[52]
08:26:48.0 (77909371)|HEAP_ALLOCATE|[52]|Bytes:4
08:26:48.0 (77948226)|HEAP_ALLOCATE|[EXTERNAL]|Bytes:4
08:26:48.0 (77958821)|VARIABLE_ASSIGNMENT|[52]|this.insrncBnftOptions|[]|0x43bdbfa4
08:26:48.0 (77964640)|STATEMENT_EXECUTE|[53]
08:26:48.0 (77972443)|HEAP_ALLOCATE|[53]|Bytes:4
08:26:48.0 (78049941)|VARIABLE_ASSIGNMENT|[EXTERNAL]|this|{"insrncBnftOptions":"0x48b8094b","isIop":false,"isTalbott":false,"oppId":"","ptntInsrnceOptions":"0x58e8c2c2","ptntInsrncObj":"0x2d739062","quoteObj":"0x17d0f20c","sObjectQueryStr":"","wrprObj":"0x4f9333b8"}|0x43bdbfa4
08:26:48.0 (78076417)|HEAP_ALLOCATE|[EXTERNAL]|Bytes:4
08:26:48.0 (78084256)|VARIABLE_ASSIGNMENT|[EXTERNAL]|value|[]|0x5677a3b2
08:26:48.0 (78097035)|VARIABLE_ASSIGNMENT|[14]|this.faciltyOptions|[]|0x43bdbfa4
08:26:48.0 (78107779)|STATEMENT_EXECUTE|[54]
08:26:48.0 (78116469)|HEAP_ALLOCATE|[54]|Bytes:4
08:26:48.0 (78189996)|VARIABLE_ASSIGNMENT|[EXTERNAL]|this|{"faciltyOptions":"0x5677a3b2","insrncBnftOptions":"0x48b8094b","isIop":false,"isTalbott":false,"oppId":"","ptntInsrnceOptions":"0x58e8c2c2","ptntInsrncObj":"0x2d739062","quoteObj":"0x17d0f20c","sObjectQueryStr":"","wrprObj":"0x4f9333b8"}|0x43bdbfa4
08:26:48.0 (78215982)|HEAP_ALLOCATE|[EXTERNAL]|Bytes:4
08:26:48.0 (78224192)|VARIABLE_ASSIGNMENT|[EXTERNAL]|value|[]|0x67b6d99e
08:26:48.0 (78237196)|VARIABLE_ASSIGNMENT|[15]|this.fcltyPrgrmOptions|[]|0x43bdbfa4
08:26:48.0 (78247699)|STATEMENT_EXECUTE|[55]
08:26:48.0 (78256093)|HEAP_ALLOCATE|[55]|Bytes:4
08:26:48.0 (78299564)|HEAP_ALLOCATE|[EXTERNAL]|Bytes:4
08:26:48.0 (78310155)|VARIABLE_ASSIGNMENT|[55]|this.rtAdjstmntOptions|[]|0x43bdbfa4
08:26:48.0 (78315774)|STATEMENT_EXECUTE|[56]
08:26:48.0 (78333660)|HEAP_ALLOCATE|[56]|Bytes:4
08:26:48.0 (78359407)|VARIABLE_ASSIGNMENT|[56]|this.idToOwnershipFacilityMap|{}|0x43bdbfa4
08:26:48.0 (78365800)|STATEMENT_EXECUTE|[57]
08:26:48.0 (78373864)|HEAP_ALLOCATE|[57]|Bytes:4
08:26:48.0 (78388641)|VARIABLE_ASSIGNMENT|[57]|this.idToTypeFacilityMap|{}|0x43bdbfa4
08:26:48.0 (78394342)|STATEMENT_EXECUTE|[58]
08:26:48.0 (78447199)|HEAP_ALLOCATE|[58]|Bytes:4
08:26:48.0 (78488531)|VARIABLE_ASSIGNMENT|[58]|this.insrncBnftMap|{}|0x43bdbfa4
08:26:48.0 (78496063)|STATEMENT_EXECUTE|[59]
08:26:48.0 (78535998)|HEAP_ALLOCATE|[59]|Bytes:4
08:26:48.0 (78609909)|VARIABLE_ASSIGNMENT|[59]|this.estmtCvrgeDaysObj|{}|0x43bdbfa4
08:26:48.0 (78618191)|STATEMENT_EXECUTE|[60]
08:26:48.0 (78637611)|HEAP_ALLOCATE|[60]|Bytes:4
08:26:48.0 (78663600)|VARIABLE_ASSIGNMENT|[60]|this.pawObj|{}|0x43bdbfa4
08:26:48.0 (78670416)|STATEMENT_EXECUTE|[61]
08:26:48.0 (78762237)|HEAP_ALLOCATE|[61]|Bytes:39
08:26:48.0 (78814930)|HEAP_ALLOCATE|[61]|Bytes:17
08:26:48.0 (78839705)|HEAP_ALLOCATE|[61]|Bytes:2
08:26:48.0 (78932481)|VARIABLE_ASSIGNMENT|[EXTERNAL]|this|{"estmtCvrgeDaysObj":"0x712c578b","faciltyOptions":"0x5677a3b2","fcltyPrgrmOptions":"0x67b6d99e","idToOwnershipFacilit (4 more) ...":"0x1aad102f","idToTypeFacilityMap":"0x4b0640cd","insrncBnftMap":"0x47f54039","insrncBnftOptions":"0x48b8094b","isIop":false,"isTalbott":false,"oppId":"","pawObj":"0x54f6c743","ptntInsrnceOptions":"0x58e8c2c2","ptntInsrncObj":"0x2d739062","quoteObj":"0x17d0f20c","rtAdjstmntOptions":"0x26a8899a","sObjectQueryStr":"","wrprObj":"0x4f9333b8"}|0x43bdbfa4
08:26:48.0 (78949947)|VARIABLE_ASSIGNMENT|[EXTERNAL]|value|"00629000004NTeZ"
08:26:48.0 (78962676)|VARIABLE_ASSIGNMENT|[7]|this.recordId|"00629000004NTeZ"|0x43bdbfa4
08:26:48.0 (78972919)|STATEMENT_EXECUTE|[62]
08:26:48.0 (78995807)|HEAP_ALLOCATE|[62]|Bytes:39
08:26:48.0 (79025193)|HEAP_ALLOCATE|[62]|Bytes:17
08:26:48.0 (79045747)|HEAP_ALLOCATE|[62]|Bytes:5
08:26:48.0 (79068531)|VARIABLE_ASSIGNMENT|[62]|this.isClone|null|0x43bdbfa4
08:26:48.0 (79075087)|STATEMENT_EXECUTE|[63]
08:26:48.0 (79096598)|HEAP_ALLOCATE|[63]|Bytes:39
08:26:48.0 (79124053)|HEAP_ALLOCATE|[63]|Bytes:17
08:26:48.0 (79143067)|HEAP_ALLOCATE|[63]|Bytes:7
08:26:48.0 (79166153)|VARIABLE_ASSIGNMENT|[63]|this.quoteId|null|0x43bdbfa4
08:26:48.0 (79172926)|STATEMENT_EXECUTE|[64]
08:26:48.0 (80135243)|HEAP_ALLOCATE|[64]|Bytes:160
08:26:48.0 (80147630)|HEAP_ALLOCATE|[64]|Bytes:11
08:26:48.0 (80161081)|HEAP_ALLOCATE|[64]|Bytes:44
08:26:48.0 (80180043)|CONSTRUCTOR_ENTRY|[64]|01p29000000Aswe|<init>()
08:26:48.0 (80206830)|VARIABLE_SCOPE_BEGIN|[12]|this|PAW_Editor_YearEndController.MetaData|true|false
08:26:48.0 (80254812)|VARIABLE_ASSIGNMENT|[12]|this|{}|0x32c8c2f1
08:26:48.0 (80279966)|STATEMENT_EXECUTE|[12]
08:26:48.0 (80281806)|STATEMENT_EXECUTE|[13]
08:26:48.0 (80282996)|STATEMENT_EXECUTE|[14]
08:26:48.0 (80284200)|STATEMENT_EXECUTE|[15]
08:26:48.0 (80285215)|STATEMENT_EXECUTE|[16]
08:26:48.0 (80286097)|STATEMENT_EXECUTE|[17]
08:26:48.0 (80287208)|STATEMENT_EXECUTE|[18]
08:26:48.0 (80288167)|STATEMENT_EXECUTE|[19]
08:26:48.0 (80289030)|STATEMENT_EXECUTE|[20]
08:26:48.0 (80290061)|STATEMENT_EXECUTE|[21]
08:26:48.0 (80291045)|STATEMENT_EXECUTE|[22]
08:26:48.0 (80294623)|CONSTRUCTOR_EXIT|[64]|01p29000000Aswe|<init>()
08:26:48.0 (80370819)|VARIABLE_ASSIGNMENT|[EXTERNAL]|this|{"estmtCvrgeDaysObj":"0x712c578b","faciltyOptions":"0x5677a3b2","fcltyPrgrmOptions":"0x67b6d99e","idToOwnershipFacilit (4 more) ...":"0x1aad102f","idToTypeFacilityMap":"0x4b0640cd","insrncBnftMap":"0x47f54039","insrncBnftOptions":"0x48b8094b","isIop":false,"isTalbott":false,"oppId":"","pawObj":"0x54f6c743","ptntInsrnceOptions":"0x58e8c2c2","ptntInsrncObj":"0x2d739062","quoteObj":"0x17d0f20c","recordId":"00629000004NTeZ","rtAdjstmntOptions":"0x26a8899a","sObjectQueryStr":"","wrprObj":"0x4f9333b8"}|0x43bdbfa4
08:26:48.0 (80404070)|VARIABLE_ASSIGNMENT|[EXTERNAL]|value|{}|0x32c8c2f1
08:26:48.0 (80417445)|VARIABLE_ASSIGNMENT|[37]|this.meta|0x32c8c2f1|0x43bdbfa4
08:26:48.0 (86722362)|HEAP_ALLOCATE|[EXTERNAL]|Bytes:112
08:26:48.0 (86745887)|VARIABLE_SCOPE_BEGIN|[69]|this|PAW_New_EditCntrllr|true|false
08:26:48.0 (86823575)|VARIABLE_ASSIGNMENT|[69]|this|{"estmtCvrgeDaysObj":"0x712c578b","faciltyOptions":"0x5677a3b2","fcltyPrgrmOptions":"0x67b6d99e","idToOwnershipFacilit (4 more) ...":"0x1aad102f","idToTypeFacilityMap":"0x4b0640cd","insrncBnftMap":"0x47f54039","insrncBnftOptions":"0x48b8094b","isIop":false,"isTalbott":false,"meta":"0x32c8c2f1","oppId":"","pawObj":"0x54f6c743","ptntInsrnceOptions":"0x58e8c2c2","ptntInsrncObj":"0x2d739062","quoteObj":"0x17d0f20c","recordId":"00629000004NTeZ","rtAdjstmntOptions":"0x26a8899a","sObjectQueryStr":"","wrprObj":"0x4f9333b8"}|0x43bdbfa4
08:26:48.0 (86845743)|STATEMENT_EXECUTE|[69]
08:26:48.0 (86863664)|STATEMENT_EXECUTE|[71]
08:26:48.0 (86869645)|HEAP_ALLOCATE|[71]|Bytes:5
08:26:48.0 (86913255)|USER_DEBUG|[71]|DEBUG|>>> 1
08:26:48.0 (86932033)|STATEMENT_EXECUTE|[72]
08:26:48.0 (87041361)|VARIABLE_ASSIGNMENT|[EXTERNAL]|this|{"estmtCvrgeDaysObj":"0x712c578b","faciltyOptions":"0x5677a3b2","fcltyPrgrmOptions":"0x67b6d99e","idToOwnershipFacilit (4 more) ...":"0x1aad102f","idToTypeFacilityMap":"0x4b0640cd","insrncBnftMap":"0x47f54039","insrncBnftOptions":"0x48b8094b","isIop":false,"isTalbott":false,"meta":"0x32c8c2f1","oppId":"","pawObj":"0x54f6c743","ptntInsrnceOptions":"0x58e8c2c2","ptntInsrncObj":"0x2d739062","quoteObj":"0x17d0f20c","recordId":"00629000004NTeZ","rtAdjstmntOptions":"0x26a8899a","sObjectQueryStr":"","wrprObj":"0x4f9333b8"}|0x43bdbfa4
08:26:48.0 (87129293)|VARIABLE_ASSIGNMENT|[EXTERNAL]|this|{"estmtCvrgeDaysObj":"0x712c578b","faciltyOptions":"0x5677a3b2","fcltyPrgrmOptions":"0x67b6d99e","idToOwnershipFacilit (4 more) ...":"0x1aad102f","idToTypeFacilityMap":"0x4b0640cd","insrncBnftMap":"0x47f54039","insrncBnftOptions":"0x48b8094b","isIop":false,"isTalbott":false,"meta":"0x32c8c2f1","oppId":"","pawObj":"0x54f6c743","ptntInsrnceOptions":"0x58e8c2c2","ptntInsrncObj":"0x2d739062","quoteObj":"0x17d0f20c","recordId":"00629000004NTeZ","rtAdjstmntOptions":"0x26a8899a","sObjectQueryStr":"","wrprObj":"0x4f9333b8"}|0x43bdbfa4
08:26:48.0 (87211138)|STATEMENT_EXECUTE|[79]
08:26:48.0 (87314300)|VARIABLE_ASSIGNMENT|[EXTERNAL]|this|{"estmtCvrgeDaysObj":"0x712c578b","faciltyOptions":"0x5677a3b2","fcltyPrgrmOptions":"0x67b6d99e","idToOwnershipFacilit (4 more) ...":"0x1aad102f","idToTypeFacilityMap":"0x4b0640cd","insrncBnftMap":"0x47f54039","insrncBnftOptions":"0x48b8094b","isIop":false,"isTalbott":false,"meta":"0x32c8c2f1","oppId":"","pawObj":"0x54f6c743","ptntInsrnceOptions":"0x58e8c2c2","ptntInsrncObj":"0x2d739062","quoteObj":"0x17d0f20c","recordId":"00629000004NTeZ","rtAdjstmntOptions":"0x26a8899a","sObjectQueryStr":"","wrprObj":"0x4f9333b8"}|0x43bdbfa4
08:26:48.0 (87346434)|HEAP_ALLOCATE|[81]|Bytes:11
08:26:48.0 (88064116)|HEAP_ALLOCATE|[81]|Bytes:4
08:26:48.0 (88104230)|HEAP_ALLOCATE|[81]|Bytes:3
08:26:48.0 (88147957)|STATEMENT_EXECUTE|[81]
08:26:48.0 (88150129)|STATEMENT_EXECUTE|[82]
08:26:48.0 (88244999)|VARIABLE_ASSIGNMENT|[EXTERNAL]|this|{"estmtCvrgeDaysObj":"0x712c578b","faciltyOptions":"0x5677a3b2","fcltyPrgrmOptions":"0x67b6d99e","idToOwnershipFacilit (4 more) ...":"0x1aad102f","idToTypeFacilityMap":"0x4b0640cd","insrncBnftMap":"0x47f54039","insrncBnftOptions":"0x48b8094b","isIop":false,"isTalbott":false,"meta":"0x32c8c2f1","oppId":"","pawObj":"0x54f6c743","ptntInsrnceOptions":"0x58e8c2c2","ptntInsrncObj":"0x2d739062","quoteObj":"0x17d0f20c","recordId":"00629000004NTeZ","rtAdjstmntOptions":"0x26a8899a","sObjectQueryStr":"","wrprObj":"0x4f9333b8"}|0x43bdbfa4
08:26:48.0 (88266145)|VARIABLE_ASSIGNMENT|[EXTERNAL]|value|false
08:26:48.0 (88274397)|HEAP_ALLOCATE|[31]|Bytes:5
08:26:48.0 (88286659)|VARIABLE_ASSIGNMENT|[31]|this.showPILookup|false|0x43bdbfa4
08:26:48.0 (88298401)|STATEMENT_EXECUTE|[83]
08:26:48.0 (88367353)|VARIABLE_ASSIGNMENT|[EXTERNAL]|this|{"estmtCvrgeDaysObj":"0x712c578b","faciltyOptions":"0x5677a3b2","fcltyPrgrmOptions":"0x67b6d99e","idToOwnershipFacilit (4 more) ...":"0x1aad102f","idToTypeFacilityMap":"0x4b0640cd","insrncBnftMap":"0x47f54039","insrncBnftOptions":"0x48b8094b","isIop":false,"isTalbott":false,"meta":"0x32c8c2f1","oppId":"","pawObj":"0x54f6c743","ptntInsrnceOptions":"0x58e8c2c2","ptntInsrncObj":"0x2d739062","quoteObj":"0x17d0f20c","recordId":"00629000004NTeZ","rtAdjstmntOptions":"0x26a8899a","showPILookup":false,"sObjectQueryStr":"","wrprObj":"0x4f9333b8"}|0x43bdbfa4
08:26:48.0 (88396773)|VARIABLE_ASSIGNMENT|[83]|this.oppId|"00629000004NTeZ"|0x43bdbfa4
08:26:48.0 (88403000)|STATEMENT_EXECUTE|[84]
08:26:48.0 (88416961)|METHOD_ENTRY|[84]|01p0a000004sKzV|PAW_New_EditCntrllr.getPtntInsrnceOptions()
08:26:48.0 (88441485)|VARIABLE_SCOPE_BEGIN|[186]|this|PAW_New_EditCntrllr|true|false
08:26:48.0 (88501583)|VARIABLE_ASSIGNMENT|[186]|this|{"estmtCvrgeDaysObj":"0x712c578b","faciltyOptions":"0x5677a3b2","fcltyPrgrmOptions":"0x67b6d99e","idToOwnershipFacilit (4 more) ...":"0x1aad102f","idToTypeFacilityMap":"0x4b0640cd","insrncBnftMap":"0x47f54039","insrncBnftOptions":"0x48b8094b","isIop":false,"isTalbott":false,"meta":"0x32c8c2f1","oppId":"00629000004NTeZ","pawObj":"0x54f6c743","ptntInsrnceOptions":"0x58e8c2c2","ptntInsrncObj":"0x2d739062","quoteObj":"0x17d0f20c","recordId":"00629000004NTeZ","rtAdjstmntOptions":"0x26a8899a","showPILookup":false,"sObjectQueryStr":"","wrprObj":"0x4f9333b8"}|0x43bdbfa4
08:26:48.0 (88518524)|STATEMENT_EXECUTE|[186]
08:26:48.0 (88520234)|STATEMENT_EXECUTE|[190]
08:26:48.0 (88531797)|HEAP_ALLOCATE|[190]|Bytes:4
08:26:48.0 (88584404)|HEAP_ALLOCATE|[EXTERNAL]|Bytes:4
08:26:48.0 (88596691)|VARIABLE_ASSIGNMENT|[190]|this.ptntInsrnceOptions|[]|0x43bdbfa4
08:26:48.0 (88602409)|STATEMENT_EXECUTE|[191]
08:26:48.0 (88611853)|HEAP_ALLOCATE|[191]|Bytes:12
08:26:48.0 (88683546)|HEAP_ALLOCATE|[EXTERNAL]|Bytes:4
08:26:48.0 (88694948)|STATEMENT_EXECUTE|[192]
08:26:48.0 (88744710)|HEAP_ALLOCATE|[192]|Bytes:4
08:26:48.0 (88755827)|HEAP_ALLOCATE|[192]|Bytes:95
08:26:48.0 (88770519)|HEAP_ALLOCATE|[192]|Bytes:4
08:26:48.0 (88787158)|HEAP_ALLOCATE|[192]|Bytes:7
08:26:48.0 (90779959)|SOQL_EXECUTE_BEGIN|[192]|Aggregations:0|SELECT Id, Name, Insurance_Company__c FROM Patient_Insurance__c WHERE Opportunity__c = :tmpVar1
08:26:48.0 (94954947)|SOQL_EXECUTE_END|[192]|Rows:4
08:26:48.0 (94984904)|HEAP_ALLOCATE|[192]|Bytes:20
08:26:48.0 (95009289)|HEAP_ALLOCATE|[192]|Bytes:449
08:26:48.0 (95069217)|HEAP_ALLOCATE|[192]|Bytes:20
08:26:48.0 (95116933)|HEAP_ALLOCATE|[192]|Bytes:16
08:26:48.0 (95132524)|HEAP_ALLOCATE|[192]|Bytes:4
08:26:48.0 (95139701)|HEAP_ALLOCATE|[192]|Bytes:16
08:26:48.0 (95147299)|HEAP_ALLOCATE|[192]|Bytes:4
08:26:48.0 (95153163)|HEAP_ALLOCATE|[192]|Bytes:16
08:26:48.0 (95160110)|HEAP_ALLOCATE|[192]|Bytes:4
08:26:48.0 (95165298)|HEAP_ALLOCATE|[192]|Bytes:16
08:26:48.0 (95172115)|HEAP_ALLOCATE|[192]|Bytes:4
08:26:48.0 (95222611)|VARIABLE_ASSIGNMENT|[192]|this.ptntInsrncMap|{"a1b29000000l40nAAA":{"Id":"a1b29000000l40nAAA","Name":"Maria Johnson - BCBS (17 more) ...","Insurance_Company__c":"0012900000AXSPBAA5"},"a1b29000000lvHQAAY":{"Id":"a1b29000000lvHQAAY","Name":"Maria Johnson - Valu (23 more) ...","Insurance_Company__c":"0012900000AXSP3AAP"},"a1b29000000lvHVAAY":{"Id":"a1b29000000lvHVAAY","Name":"Maria Johnson - Priv (7 more) ...","Insurance_Company__c":"0012900000AXSDqAAP"},"a1b29000000ly7uAAA":{"Id":"a1b29000000ly7uAAA","Name":"Maria Johnson - Alle (6 more) ...","Insurance_Company__c":"0012900000AXSlPAAX"}}|0x43bdbfa4
08:26:48.0 (95288363)|HEAP_ALLOCATE|[EXTERNAL]|Bytes:20
08:26:48.0 (95303723)|HEAP_ALLOCATE|[197]|Bytes:465
08:26:48.0 (95531769)|HEAP_ALLOCATE|[197]|Bytes:5
08:26:48.0 (95564082)|HEAP_ALLOCATE|[197]|Bytes:16
08:26:48.0 (95585255)|VARIABLE_SCOPE_BEGIN|[197]|ptntInsrnceInstance|Patient_Insurance__c|true|false
08:26:48.0 (95622433)|VARIABLE_ASSIGNMENT|[197]|ptntInsrnceInstance|{"Id":"a1b29000000l40nAAA","Name":"Maria Johnson - BCBS (17 more) ...","Insurance_Company__c":"0012900000AXSPBAA5"}|0x3920d042
08:26:48.0 (95637724)|STATEMENT_EXECUTE|[197]
08:26:48.0 (95640556)|STATEMENT_EXECUTE|[198]
08:26:48.0 (95746995)|HEAP_ALLOCATE|[198]|Bytes:18
08:26:48.0 (95907066)|HEAP_ALLOCATE|[EXTERNAL]|Bytes:4
08:26:48.0 (95948445)|HEAP_ALLOCATE|[197]|Bytes:5
08:26:48.0 (95983658)|HEAP_ALLOCATE|[197]|Bytes:16
08:26:48.0 (96008016)|VARIABLE_SCOPE_BEGIN|[197]|ptntInsrnceInstance|Patient_Insurance__c|true|false
08:26:48.0 (96031632)|VARIABLE_ASSIGNMENT|[197]|ptntInsrnceInstance|{"Id":"a1b29000000lvHQAAY","Name":"Maria Johnson - Valu (23 more) ...","Insurance_Company__c":"0012900000AXSP3AAP"}|0x5cea8b3f
08:26:48.0 (96039369)|STATEMENT_EXECUTE|[197]
08:26:48.0 (96040775)|STATEMENT_EXECUTE|[198]
08:26:48.0 (96080406)|HEAP_ALLOCATE|[198]|Bytes:18
08:26:48.0 (96120635)|HEAP_ALLOCATE|[EXTERNAL]|Bytes:4
08:26:48.0 (96151676)|HEAP_ALLOCATE|[197]|Bytes:5
08:26:48.0 (96195485)|HEAP_ALLOCATE|[197]|Bytes:16
08:26:48.0 (96205399)|VARIABLE_SCOPE_BEGIN|[197]|ptntInsrnceInstance|Patient_Insurance__c|true|false
08:26:48.0 (96239064)|VARIABLE_ASSIGNMENT|[197]|ptntInsrnceInstance|{"Id":"a1b29000000lvHVAAY","Name":"Maria Johnson - Priv (7 more) ...","Insurance_Company__c":"0012900000AXSDqAAP"}|0x7d252c90
08:26:48.0 (96247331)|STATEMENT_EXECUTE|[197]
08:26:48.0 (96248599)|STATEMENT_EXECUTE|[198]
08:26:48.0 (96263102)|HEAP_ALLOCATE|[198]|Bytes:18
08:26:48.0 (96315584)|HEAP_ALLOCATE|[EXTERNAL]|Bytes:4
08:26:48.0 (96351453)|HEAP_ALLOCATE|[197]|Bytes:5
08:26:48.0 (96377390)|HEAP_ALLOCATE|[197]|Bytes:16
08:26:48.0 (96394153)|VARIABLE_SCOPE_BEGIN|[197]|ptntInsrnceInstance|Patient_Insurance__c|true|false
08:26:48.0 (96443795)|VARIABLE_ASSIGNMENT|[197]|ptntInsrnceInstance|{"Id":"a1b29000000ly7uAAA","Name":"Maria Johnson - Alle (6 more) ...","Insurance_Company__c":"0012900000AXSlPAAX"}|0x51f62a08
08:26:48.0 (96453140)|STATEMENT_EXECUTE|[197]
08:26:48.0 (96454390)|STATEMENT_EXECUTE|[198]
08:26:48.0 (96469001)|HEAP_ALLOCATE|[198]|Bytes:18
08:26:48.0 (96508133)|HEAP_ALLOCATE|[EXTERNAL]|Bytes:4
08:26:48.0 (96524723)|HEAP_ALLOCATE|[197]|Bytes:5
08:26:48.0 (96566655)|VARIABLE_ASSIGNMENT|[197]|ptntInsrnceInstance|null|
08:26:48.0 (96581732)|STATEMENT_EXECUTE|[201]
08:26:48.0 (96609157)|METHOD_EXIT|[84]|01p0a000004sKzV|PAW_New_EditCntrllr.getPtntInsrnceOptions()
08:26:48.0 (96770375)|VARIABLE_ASSIGNMENT|[EXTERNAL]|this|{"estmtCvrgeDaysObj":"0x712c578b","faciltyOptions":"0x5677a3b2","fcltyPrgrmOptions":"0x67b6d99e","idToOwnershipFacilit (4 more) ...":"0x1aad102f","idToTypeFacilityMap":"0x4b0640cd","insrncBnftMap":"0x47f54039","insrncBnftOptions":"0x48b8094b","isIop":false,"isTalbott":false,"meta":"0x32c8c2f1","oppId":"00629000004NTeZ","pawObj":"0x54f6c743","ptntInsrnceOptions":"0x2a4424c9","ptntInsrncMap":"0x7889853e","ptntInsrncObj":"0x2d739062","quoteObj":"0x17d0f20c","recordId":"00629000004NTeZ","rtAdjstmntOptions":"0x26a8899a","showPILookup":false,"sObjectQueryStr":"","wrprObj":"0x4f9333b8"}|0x43bdbfa4
08:26:48.0 (96801776)|HEAP_ALLOCATE|[86]|Bytes:26
08:26:48.0 (97099563)|HEAP_ALLOCATE|[86]|Bytes:4
08:26:48.0 (97131066)|HEAP_ALLOCATE|[86]|Bytes:3
08:26:48.0 (97161730)|STATEMENT_EXECUTE|[86]
08:26:48.0 (97164285)|STATEMENT_EXECUTE|[156]
08:26:48.0 (97180579)|METHOD_ENTRY|[156]|01p0a000004sKzV|PAW_New_EditCntrllr.getRedirect()
08:26:48.0 (97204733)|VARIABLE_SCOPE_BEGIN|[159]|this|PAW_New_EditCntrllr|true|false
08:26:48.0 (97273932)|VARIABLE_ASSIGNMENT|[159]|this|{"estmtCvrgeDaysObj":"0x712c578b","faciltyOptions":"0x5677a3b2","fcltyPrgrmOptions":"0x67b6d99e","idToOwnershipFacilit (4 more) ...":"0x1aad102f","idToTypeFacilityMap":"0x4b0640cd","insrncBnftMap":"0x47f54039","insrncBnftOptions":"0x48b8094b","isIop":false,"isTalbott":false,"meta":"0x32c8c2f1","oppId":"00629000004NTeZ","pawObj":"0x54f6c743","ptntInsrnceOptions":"0x2a4424c9","ptntInsrncMap":"0x7889853e","ptntInsrncObj":"0x2d739062","quoteObj":"0x17d0f20c","recordId":"00629000004NTeZ","rtAdjstmntOptions":"0x26a8899a","showPILookup":false,"sObjectQueryStr":"","wrprObj":"0x4f9333b8"}|0x43bdbfa4
08:26:48.0 (97292370)|STATEMENT_EXECUTE|[159]
08:26:48.0 (97293755)|STATEMENT_EXECUTE|[160]
08:26:48.0 (97298050)|HEAP_ALLOCATE|[160]|Bytes:5
08:26:48.0 (97329457)|USER_DEBUG|[160]|DEBUG|>>> 2
08:26:48.0 (97339664)|STATEMENT_EXECUTE|[161]
08:26:48.0 (97351030)|METHOD_ENTRY|[161]|01p0a000004sKzV|PAW_New_EditCntrllr.redirectIfLocked()
08:26:48.0 (97369654)|VARIABLE_SCOPE_BEGIN|[177]|this|PAW_New_EditCntrllr|true|false
08:26:48.0 (97437555)|VARIABLE_ASSIGNMENT|[177]|this|{"estmtCvrgeDaysObj":"0x712c578b","faciltyOptions":"0x5677a3b2","fcltyPrgrmOptions":"0x67b6d99e","idToOwnershipFacilit (4 more) ...":"0x1aad102f","idToTypeFacilityMap":"0x4b0640cd","insrncBnftMap":"0x47f54039","insrncBnftOptions":"0x48b8094b","isIop":false,"isTalbott":false,"meta":"0x32c8c2f1","oppId":"00629000004NTeZ","pawObj":"0x54f6c743","ptntInsrnceOptions":"0x2a4424c9","ptntInsrncMap":"0x7889853e","ptntInsrncObj":"0x2d739062","quoteObj":"0x17d0f20c","recordId":"00629000004NTeZ","rtAdjstmntOptions":"0x26a8899a","showPILookup":false,"sObjectQueryStr":"","wrprObj":"0x4f9333b8"}|0x43bdbfa4
08:26:48.0 (97454391)|STATEMENT_EXECUTE|[177]
08:26:48.0 (97529784)|VARIABLE_ASSIGNMENT|[EXTERNAL]|this|{"estmtCvrgeDaysObj":"0x712c578b","faciltyOptions":"0x5677a3b2","fcltyPrgrmOptions":"0x67b6d99e","idToOwnershipFacilit (4 more) ...":"0x1aad102f","idToTypeFacilityMap":"0x4b0640cd","insrncBnftMap":"0x47f54039","insrncBnftOptions":"0x48b8094b","isIop":false,"isTalbott":false,"meta":"0x32c8c2f1","oppId":"00629000004NTeZ","pawObj":"0x54f6c743","ptntInsrnceOptions":"0x2a4424c9","ptntInsrncMap":"0x7889853e","ptntInsrncObj":"0x2d739062","quoteObj":"0x17d0f20c","recordId":"00629000004NTeZ","rtAdjstmntOptions":"0x26a8899a","showPILookup":false,"sObjectQueryStr":"","wrprObj":"0x4f9333b8"}|0x43bdbfa4
08:26:48.0 (97553370)|STATEMENT_EXECUTE|[178]
08:26:48.0 (97555140)|STATEMENT_EXECUTE|[182]
08:26:48.0 (97623869)|VARIABLE_ASSIGNMENT|[EXTERNAL]|this|{"estmtCvrgeDaysObj":"0x712c578b","faciltyOptions":"0x5677a3b2","fcltyPrgrmOptions":"0x67b6d99e","idToOwnershipFacilit (4 more) ...":"0x1aad102f","idToTypeFacilityMap":"0x4b0640cd","insrncBnftMap":"0x47f54039","insrncBnftOptions":"0x48b8094b","isIop":false,"isTalbott":false,"meta":"0x32c8c2f1","oppId":"00629000004NTeZ","pawObj":"0x54f6c743","ptntInsrnceOptions":"0x2a4424c9","ptntInsrncMap":"0x7889853e","ptntInsrncObj":"0x2d739062","quoteObj":"0x17d0f20c","recordId":"00629000004NTeZ","rtAdjstmntOptions":"0x26a8899a","showPILookup":false,"sObjectQueryStr":"","wrprObj":"0x4f9333b8"}|0x43bdbfa4
08:26:48.0 (101656215)|VARIABLE_SCOPE_BEGIN|[4]|RecordLockUtility.isLockedFlag|Boolean|false|true
08:26:48.0 (101682442)|HEAP_ALLOCATE|[182]|Bytes:13
08:26:48.0 (101708199)|METHOD_ENTRY|[1]|01p0a000004sCDb|RecordLockUtility.RecordLockUtility()
08:26:48.0 (101714636)|STATEMENT_EXECUTE|[1]
08:26:48.0 (101719045)|STATEMENT_EXECUTE|[1]
08:26:48.0 (102140882)|SYSTEM_MODE_ENTER|false
08:26:48.0 (102155684)|HEAP_ALLOCATE|[182]|Bytes:5
08:26:48.0 (102166025)|SYSTEM_MODE_EXIT|false
08:26:48.0 (102179397)|METHOD_EXIT|[1]|RecordLockUtility
08:26:48.0 (102204169)|METHOD_ENTRY|[182]|01p0a000004sCDb|RecordLockUtility.redirectIfLocked(String)
08:26:48.0 (102215504)|VARIABLE_SCOPE_BEGIN|[29]|recordId|String|false|false
08:26:48.0 (102226619)|VARIABLE_ASSIGNMENT|[29]|recordId|"00629000004NTeZ"
08:26:48.0 (102248097)|SYSTEM_MODE_ENTER|false
08:26:48.0 (102256390)|HEAP_ALLOCATE|[30]|Bytes:5
08:26:48.0 (102262515)|STATEMENT_EXECUTE|[29]
08:26:48.0 (102263978)|STATEMENT_EXECUTE|[30]
08:26:48.0 (102278931)|HEAP_ALLOCATE|[30]|Bytes:4
08:26:48.0 (102298234)|METHOD_ENTRY|[30]|01p0a000004sCDb|RecordLockUtility.verifyIfLocked(Id)
08:26:48.0 (102349729)|VARIABLE_SCOPE_BEGIN|[14]|pRecordId|Id|false|false
08:26:48.0 (102607500)|VARIABLE_ASSIGNMENT|[14]|pRecordId|"00629000004NTeZAAW"
08:26:48.0 (102633665)|HEAP_ALLOCATE|[15]|Bytes:5
08:26:48.0 (102639900)|STATEMENT_EXECUTE|[14]
08:26:48.0 (102641191)|STATEMENT_EXECUTE|[15]
08:26:48.0 (103381312)|HEAP_ALLOCATE|[15]|Bytes:5
08:26:48.0 (103395999)|METHOD_EXIT|[30]|01p0a000004sCDb|RecordLockUtility.verifyIfLocked(Id)
08:26:48.0 (103406886)|HEAP_ALLOCATE|[30]|Bytes:5
08:26:48.0 (103421176)|VARIABLE_ASSIGNMENT|[30]|RecordLockUtility.isLockedFlag|false
08:26:48.0 (103429035)|STATEMENT_EXECUTE|[35]
08:26:48.0 (103430387)|STATEMENT_EXECUTE|[36]
08:26:48.0 (103438069)|SYSTEM_MODE_EXIT|false
08:26:48.0 (103448217)|METHOD_EXIT|[182]|01p0a000004sCDb|RecordLockUtility.redirectIfLocked(String)
08:26:48.0 (103455914)|METHOD_EXIT|[161]|01p0a000004sKzV|PAW_New_EditCntrllr.redirectIfLocked()
08:26:48.0 (103463275)|VARIABLE_SCOPE_BEGIN|[161]|redirectPR|System.PageReference|true|false
08:26:48.0 (103474422)|VARIABLE_ASSIGNMENT|[161]|redirectPR|null|
08:26:48.0 (103479384)|STATEMENT_EXECUTE|[162]
08:26:48.0 (103485511)|STATEMENT_EXECUTE|[166]
08:26:48.0 (103486847)|STATEMENT_EXECUTE|[173]
08:26:48.0 (103491546)|METHOD_EXIT|[156]|01p0a000004sKzV|PAW_New_EditCntrllr.getRedirect()
08:26:48.104 (104039012)|SYSTEM_MODE_ENTER|true
08:26:48.104 (104092404)|HEAP_ALLOCATE|[EXTERNAL]|Bytes:38
08:26:48.104 (104101109)|HEAP_ALLOCATE|[EXTERNAL]|Bytes:7
08:26:48.104 (104114089)|SYSTEM_METHOD_ENTRY|[1]|PageMessagesComponentController.PageMessagesComponentController()
08:26:48.104 (104118881)|STATEMENT_EXECUTE|[1]
08:26:48.104 (104304044)|SYSTEM_MODE_ENTER|true
08:26:48.104 (104376220)|HEAP_ALLOCATE|[EXTERNAL]|Bytes:8
08:26:48.104 (104385844)|VARIABLE_SCOPE_BEGIN|[88]|this|ApexPage.PageMessagesComponentController|true|false
08:26:48.104 (104414147)|VARIABLE_ASSIGNMENT|[88]|this|{}|0x2809ef7f
08:26:48.104 (104421573)|VARIABLE_SCOPE_BEGIN|[88]|escape|Boolean|false|false
08:26:48.104 (104428830)|VARIABLE_ASSIGNMENT|[88]|escape|null
08:26:48.104 (104614646)|SYSTEM_MODE_ENTER|true
08:26:48.104 (104684554)|HEAP_ALLOCATE|[EXTERNAL]|Bytes:8
08:26:48.104 (104698522)|VARIABLE_SCOPE_BEGIN|[2]|this|ApexPage.PageMessagesComponentController|true|false
08:26:48.104 (104739710)|VARIABLE_ASSIGNMENT|[2]|this|{}|0x2809ef7f
08:26:48.0 (105792033)|SYSTEM_MODE_ENTER|true
08:26:48.0 (106183614)|SYSTEM_MODE_ENTER|true
08:26:48.0 (106756057)|SYSTEM_MODE_ENTER|true
08:26:48.0 (115493428)|SYSTEM_MODE_ENTER|true
08:26:48.0 (115591839)|SYSTEM_MODE_ENTER|true
08:26:48.141 (141420502)|SYSTEM_MODE_ENTER|true
08:26:48.141 (141556258)|HEAP_ALLOCATE|[EXTERNAL]|Bytes:8
08:26:48.141 (141576541)|VARIABLE_SCOPE_BEGIN|[88]|this|ApexPage.PageMessagesComponentController|true|false
08:26:48.141 (141627035)|VARIABLE_ASSIGNMENT|[88]|this|{}|0x2809ef7f
08:26:48.141 (141635764)|VARIABLE_SCOPE_BEGIN|[88]|escape|Boolean|false|false
08:26:48.141 (141643797)|VARIABLE_ASSIGNMENT|[88]|escape|null
08:26:48.141 (141847513)|SYSTEM_MODE_ENTER|true
08:26:48.141 (141891475)|HEAP_ALLOCATE|[EXTERNAL]|Bytes:8
08:26:48.141 (141900185)|VARIABLE_SCOPE_BEGIN|[2]|this|ApexPage.PageMessagesComponentController|true|false
08:26:48.141 (141921914)|VARIABLE_ASSIGNMENT|[2]|this|{}|0x2809ef7f
08:26:48.0 (145169854)|SYSTEM_MODE_ENTER|true
08:26:48.0 (145215628)|HEAP_ALLOCATE|[EXTERNAL]|Bytes:112
08:26:48.0 (145225581)|VARIABLE_SCOPE_BEGIN|[186]|this|PAW_New_EditCntrllr|true|false
08:26:48.0 (145327088)|VARIABLE_ASSIGNMENT|[186]|this|{"estmtCvrgeDaysObj":"0x712c578b","faciltyOptions":"0x5677a3b2","fcltyPrgrmOptions":"0x67b6d99e","idToOwnershipFacilit (4 more) ...":"0x1aad102f","idToTypeFacilityMap":"0x4b0640cd","insrncBnftMap":"0x47f54039","insrncBnftOptions":"0x48b8094b","isIop":false,"isTalbott":false,"meta":"0x32c8c2f1","oppId":"00629000004NTeZ","pawObj":"0x54f6c743","ptntInsrnceOptions":"0x2a4424c9","ptntInsrncMap":"0x7889853e","ptntInsrncObj":"0x2d739062","quoteObj":"0x17d0f20c","recordId":"00629000004NTeZ","rtAdjstmntOptions":"0x26a8899a","showPILookup":false,"sObjectQueryStr":"","wrprObj":"0x4f9333b8"}|0x43bdbfa4
08:26:48.0 (145350162)|STATEMENT_EXECUTE|[186]
08:26:48.0 (145352216)|STATEMENT_EXECUTE|[190]
08:26:48.0 (145362870)|HEAP_ALLOCATE|[190]|Bytes:4
08:26:48.0 (145404287)|HEAP_ALLOCATE|[EXTERNAL]|Bytes:4
08:26:48.0 (145419264)|VARIABLE_ASSIGNMENT|[190]|this.ptntInsrnceOptions|[]|0x43bdbfa4
08:26:48.0 (145425136)|STATEMENT_EXECUTE|[191]
08:26:48.0 (145460167)|HEAP_ALLOCATE|[EXTERNAL]|Bytes:4
08:26:48.0 (145469727)|STATEMENT_EXECUTE|[192]
08:26:48.0 (145495062)|HEAP_ALLOCATE|[192]|Bytes:4
08:26:48.0 (145510241)|HEAP_ALLOCATE|[192]|Bytes:4
08:26:48.0 (145773680)|SOQL_EXECUTE_BEGIN|[192]|Aggregations:0|SELECT Id, Name, Insurance_Company__c FROM Patient_Insurance__c WHERE Opportunity__c = :tmpVar1
08:26:48.0 (149711752)|SOQL_EXECUTE_END|[192]|Rows:4
08:26:48.0 (149741467)|HEAP_ALLOCATE|[192]|Bytes:20
08:26:48.0 (149766308)|HEAP_ALLOCATE|[192]|Bytes:449
08:26:48.0 (149807942)|HEAP_ALLOCATE|[192]|Bytes:20
08:26:48.0 (149830476)|HEAP_ALLOCATE|[192]|Bytes:16
08:26:48.0 (149844227)|HEAP_ALLOCATE|[192]|Bytes:4
08:26:48.0 (149851967)|HEAP_ALLOCATE|[192]|Bytes:16
08:26:48.0 (149859326)|HEAP_ALLOCATE|[192]|Bytes:4
08:26:48.0 (149864946)|HEAP_ALLOCATE|[192]|Bytes:16
08:26:48.0 (149872000)|HEAP_ALLOCATE|[192]|Bytes:4
08:26:48.0 (149877483)|HEAP_ALLOCATE|[192]|Bytes:16
08:26:48.0 (149884498)|HEAP_ALLOCATE|[192]|Bytes:4
08:26:48.0 (149933817)|VARIABLE_ASSIGNMENT|[192]|this.ptntInsrncMap|{"a1b29000000l40nAAA":{"Id":"a1b29000000l40nAAA","Name":"Maria Johnson - BCBS (17 more) ...","Insurance_Company__c":"0012900000AXSPBAA5"},"a1b29000000lvHQAAY":{"Id":"a1b29000000lvHQAAY","Name":"Maria Johnson - Valu (23 more) ...","Insurance_Company__c":"0012900000AXSP3AAP"},"a1b29000000lvHVAAY":{"Id":"a1b29000000lvHVAAY","Name":"Maria Johnson - Priv (7 more) ...","Insurance_Company__c":"0012900000AXSDqAAP"},"a1b29000000ly7uAAA":{"Id":"a1b29000000ly7uAAA","Name":"Maria Johnson - Alle (6 more) ...","Insurance_Company__c":"0012900000AXSlPAAX"}}|0x43bdbfa4
08:26:48.0 (149966025)|HEAP_ALLOCATE|[EXTERNAL]|Bytes:20
08:26:48.0 (149979513)|HEAP_ALLOCATE|[197]|Bytes:465
08:26:48.0 (150009369)|HEAP_ALLOCATE|[197]|Bytes:5
08:26:48.0 (150026655)|HEAP_ALLOCATE|[197]|Bytes:16
08:26:48.0 (150039273)|VARIABLE_SCOPE_BEGIN|[197]|ptntInsrnceInstance|Patient_Insurance__c|true|false
08:26:48.0 (150058402)|VARIABLE_ASSIGNMENT|[197]|ptntInsrnceInstance|{"Id":"a1b29000000l40nAAA","Name":"Maria Johnson - BCBS (17 more) ...","Insurance_Company__c":"0012900000AXSPBAA5"}|0x5682603c
08:26:48.0 (150066639)|STATEMENT_EXECUTE|[197]
08:26:48.0 (150068299)|STATEMENT_EXECUTE|[198]
08:26:48.0 (150088558)|HEAP_ALLOCATE|[198]|Bytes:18
08:26:48.0 (150116449)|HEAP_ALLOCATE|[EXTERNAL]|Bytes:4
08:26:48.0 (150132948)|HEAP_ALLOCATE|[197]|Bytes:5
08:26:48.0 (150147405)|HEAP_ALLOCATE|[197]|Bytes:16
08:26:48.0 (150156368)|VARIABLE_SCOPE_BEGIN|[197]|ptntInsrnceInstance|Patient_Insurance__c|true|false
08:26:48.0 (150172911)|VARIABLE_ASSIGNMENT|[197]|ptntInsrnceInstance|{"Id":"a1b29000000lvHQAAY","Name":"Maria Johnson - Valu (23 more) ...","Insurance_Company__c":"0012900000AXSP3AAP"}|0x15b3b6f3
08:26:48.0 (150180638)|STATEMENT_EXECUTE|[197]
08:26:48.0 (150181899)|STATEMENT_EXECUTE|[198]
08:26:48.0 (150194613)|HEAP_ALLOCATE|[198]|Bytes:18
08:26:48.0 (150213803)|HEAP_ALLOCATE|[EXTERNAL]|Bytes:4
08:26:48.0 (150229289)|HEAP_ALLOCATE|[197]|Bytes:5
08:26:48.0 (150242615)|HEAP_ALLOCATE|[197]|Bytes:16
08:26:48.0 (150251230)|VARIABLE_SCOPE_BEGIN|[197]|ptntInsrnceInstance|Patient_Insurance__c|true|false
08:26:48.0 (150267415)|VARIABLE_ASSIGNMENT|[197]|ptntInsrnceInstance|{"Id":"a1b29000000lvHVAAY","Name":"Maria Johnson - Priv (7 more) ...","Insurance_Company__c":"0012900000AXSDqAAP"}|0x1785b66e
08:26:48.0 (150274667)|STATEMENT_EXECUTE|[197]
08:26:48.0 (150275873)|STATEMENT_EXECUTE|[198]
08:26:48.0 (150288185)|HEAP_ALLOCATE|[198]|Bytes:18
08:26:48.0 (150305794)|HEAP_ALLOCATE|[EXTERNAL]|Bytes:4
08:26:48.0 (150320724)|HEAP_ALLOCATE|[197]|Bytes:5
08:26:48.0 (150334383)|HEAP_ALLOCATE|[197]|Bytes:16
08:26:48.0 (150342717)|VARIABLE_SCOPE_BEGIN|[197]|ptntInsrnceInstance|Patient_Insurance__c|true|false
08:26:48.0 (150358932)|VARIABLE_ASSIGNMENT|[197]|ptntInsrnceInstance|{"Id":"a1b29000000ly7uAAA","Name":"Maria Johnson - Alle (6 more) ...","Insurance_Company__c":"0012900000AXSlPAAX"}|0x3ce64f1f
08:26:48.0 (150365617)|STATEMENT_EXECUTE|[197]
08:26:48.0 (150366803)|STATEMENT_EXECUTE|[198]
08:26:48.0 (150378835)|HEAP_ALLOCATE|[198]|Bytes:18
08:26:48.0 (150396430)|HEAP_ALLOCATE|[EXTERNAL]|Bytes:4
08:26:48.0 (150411320)|HEAP_ALLOCATE|[197]|Bytes:5
08:26:48.0 (150425888)|VARIABLE_ASSIGNMENT|[197]|ptntInsrnceInstance|null|
08:26:48.0 (150431327)|STATEMENT_EXECUTE|[201]
08:26:48.0 (153493577)|SYSTEM_MODE_ENTER|true
08:26:48.0 (153551408)|HEAP_ALLOCATE|[EXTERNAL]|Bytes:112
08:26:48.0 (153563540)|VARIABLE_SCOPE_BEGIN|[215]|this|PAW_New_EditCntrllr|true|false
08:26:48.0 (153651748)|VARIABLE_ASSIGNMENT|[215]|this|{"estmtCvrgeDaysObj":"0x712c578b","faciltyOptions":"0x5677a3b2","fcltyPrgrmOptions":"0x67b6d99e","idToOwnershipFacilit (4 more) ...":"0x1aad102f","idToTypeFacilityMap":"0x4b0640cd","insrncBnftMap":"0x47f54039","insrncBnftOptions":"0x48b8094b","isIop":false,"isTalbott":false,"meta":"0x32c8c2f1","oppId":"00629000004NTeZ","pawObj":"0x54f6c743","ptntInsrnceOptions":"0x765ece02","ptntInsrncMap":"0x68e6d580","ptntInsrncObj":"0x2d739062","quoteObj":"0x17d0f20c","recordId":"00629000004NTeZ","rtAdjstmntOptions":"0x26a8899a","showPILookup":false,"sObjectQueryStr":"","wrprObj":"0x4f9333b8"}|0x43bdbfa4
08:26:48.0 (153673166)|STATEMENT_EXECUTE|[215]
08:26:48.0 (153675071)|STATEMENT_EXECUTE|[216]
08:26:48.0 (153735431)|STATEMENT_EXECUTE|[217]
08:26:48.0 (153804825)|HEAP_ALLOCATE|[EXTERNAL]|Bytes:4
08:26:48.0 (153899537)|VARIABLE_ASSIGNMENT|[EXTERNAL]|this|{"estmtCvrgeDaysObj":"0x712c578b","faciltyOptions":"0x5677a3b2","fcltyPrgrmOptions":"0x67b6d99e","idToOwnershipFacilit (4 more) ...":"0x1aad102f","idToTypeFacilityMap":"0x4b0640cd","insrncBnftMap":"0x47f54039","insrncBnftOptions":"0x48b8094b","isIop":false,"isTalbott":false,"meta":"0x32c8c2f1","oppId":"00629000004NTeZ","pawObj":"0x54f6c743","ptntInsrnceOptions":"0x765ece02","ptntInsrncMap":"0x68e6d580","ptntInsrncObj":"0x2d739062","quoteObj":"0x17d0f20c","recordId":"00629000004NTeZ","rtAdjstmntOptions":"0x26a8899a","showPILookup":false,"sObjectQueryStr":"","wrprObj":"0x4f9333b8"}|0x43bdbfa4
08:26:48.0 (153924563)|STATEMENT_EXECUTE|[218]
08:26:48.0 (153926247)|STATEMENT_EXECUTE|[219]
08:26:48.0 (153957444)|HEAP_ALLOCATE|[219]|Bytes:4
08:26:48.0 (153967174)|HEAP_ALLOCATE|[219]|Bytes:1083
08:26:48.0 (153979180)|HEAP_ALLOCATE|[219]|Bytes:4
08:26:48.0 (154064644)|VARIABLE_ASSIGNMENT|[EXTERNAL]|this|{"estmtCvrgeDaysObj":"0x712c578b","faciltyOptions":"0x5677a3b2","fcltyPrgrmOptions":"0x67b6d99e","idToOwnershipFacilit (4 more) ...":"0x1aad102f","idToTypeFacilityMap":"0x4b0640cd","insrncBnftMap":"0x47f54039","insrncBnftOptions":"0x48b8094b","isIop":false,"isTalbott":false,"meta":"0x32c8c2f1","oppId":"00629000004NTeZ","pawObj":"0x54f6c743","ptntInsrnceOptions":"0x765ece02","ptntInsrncMap":"0x68e6d580","ptntInsrncObj":"0x2d739062","quoteObj":"0x17d0f20c","recordId":"00629000004NTeZ","rtAdjstmntOptions":"0x26a8899a","showPILookup":false,"sObjectQueryStr":"","wrprObj":"0x4f9333b8"}|0x43bdbfa4
08:26:48.0 (158204318)|SOQL_EXECUTE_BEGIN|[219]|Aggregations:0|SELECT Id, Name, RecordType.Name, Uncovered_Charges__c, Patient_Insurance__r.Accepts_Assignment_of_Benefits__c, Patient_Insurance__r.Opportunity__c, Patient_Insurance__r.Accreditation__c, Patient_Insurance__r.Insurance_Company__r.Name, PHP_Admit_Co_Payment__c, Detox_Admit_Co_Payment__c, RTC_Admit_Co_Payment__c, Deductible__c, Deductible_Met__c, IOP_Admit_Co_Payment__c, Max_Out_of_Pocket_Remaining__c, Insurance_Company_is_Out_of_Network__c, Annual_Max_Remaining__c, Deductible_Remaining__c, Detox_Pays_at__c, Detox_Over__c, RTC_Pays_at__c, Residential_Treatment_Override__c, PHP_Pays_at__c, Partial_Hospitalization_Override__c, IOP_Pays_at__c, Intensive_Outpatient_Override__c, Num_Days_Uncovered__c, Num_Days_Room__c, Uncovered_Days_Rate__c, Room_and_Board_Days_Rate__c, Uncovered_Days_Override__c, Room_and_Board_Days_Override__c, Deductible_Included_in_OOP__c, Uncovered_Days__c, Lifetime_Max__c, Lifetime_Max_Met__c, Annual_Max__c, Annual_Max_Met__c, Max_Out_of_Pocket__c, Max_Out_of_Pocket_Met__c, Co_Pay_Met__c FROM Insurance_Benefit__c WHERE Patient_Insurance__c = :tmpVar1
08:26:48.0 (162905208)|SOQL_EXECUTE_END|[219]|Rows:0
08:26:48.0 (162934317)|HEAP_ALLOCATE|[219]|Bytes:4
08:26:48.0 (162952368)|HEAP_ALLOCATE|[219]|Bytes:0
08:26:48.0 (163025316)|HEAP_ALLOCATE|[219]|Bytes:4
08:26:48.0 (163076728)|VARIABLE_ASSIGNMENT|[219]|this.insrncBnftMap|{}|0x43bdbfa4
08:26:48.0 (163126974)|HEAP_ALLOCATE|[EXTERNAL]|Bytes:4
08:26:48.0 (163135474)|HEAP_ALLOCATE|[263]|Bytes:4
08:26:48.0 (163340526)|HEAP_ALLOCATE|[263]|Bytes:5
08:26:48.0 (163362906)|VARIABLE_ASSIGNMENT|[263]|insrncBnftInstance|null|
08:26:48.0 (163370073)|STATEMENT_EXECUTE|[263]
08:26:48.0 (163483211)|VARIABLE_ASSIGNMENT|[EXTERNAL]|this|{"estmtCvrgeDaysObj":"0x712c578b","faciltyOptions":"0x5677a3b2","fcltyPrgrmOptions":"0x67b6d99e","idToOwnershipFacilit (4 more) ...":"0x1aad102f","idToTypeFacilityMap":"0x4b0640cd","insrncBnftMap":"0x5e0fade4","insrncBnftOptions":"0x48b8094b","isIop":false,"isTalbott":false,"meta":"0x32c8c2f1","oppId":"00629000004NTeZ","pawObj":"0x54f6c743","ptntInsrnceOptions":"0x765ece02","ptntInsrncMap":"0x68e6d580","ptntInsrncObj":"0x2d739062","quoteObj":"0x17d0f20c","recordId":"00629000004NTeZ","rtAdjstmntOptions":"0x26a8899a","showPILookup":false,"sObjectQueryStr":"","wrprObj":"0x4f9333b8"}|0x43bdbfa4
08:26:48.0 (163587428)|VARIABLE_ASSIGNMENT|[EXTERNAL]|this|{"facilitySelected":"","fcltyPrgrmSelected":"","insrncBnft":"0x142bd85b","insrncBnftSelected":"","pawDetailListDisplay (4 more) ...":false,"pyAgrmntWrksht":"0x1e3f44d5","rateAdjstmntSelected":"","relatedPAWDetailsLis (1 more) ...":"0x3dfb0aa5","targetEDR":0.00,"totalAppliedDeductib (2 more) ...":0.00,"totalCoInsurance":0.00,"totalCoPayAmt":0.00,"totalInsCoResp":0.00,"totalInsEIVAmt":0.00,"totalRowCount":0,"totalTalbottDay":0.00}|0x4f9333b8
08:26:48.0 (163668632)|VARIABLE_ASSIGNMENT|[EXTERNAL]|this|{"estmtCvrgeDaysObj":"0x712c578b","faciltyOptions":"0x5677a3b2","fcltyPrgrmOptions":"0x67b6d99e","idToOwnershipFacilit (4 more) ...":"0x1aad102f","idToTypeFacilityMap":"0x4b0640cd","insrncBnftMap":"0x5e0fade4","insrncBnftOptions":"0x48b8094b","isIop":false,"isTalbott":false,"meta":"0x32c8c2f1","oppId":"00629000004NTeZ","pawObj":"0x54f6c743","ptntInsrnceOptions":"0x765ece02","ptntInsrncMap":"0x68e6d580","ptntInsrncObj":"0x2d739062","quoteObj":"0x17d0f20c","recordId":"00629000004NTeZ","rtAdjstmntOptions":"0x26a8899a","showPILookup":false,"sObjectQueryStr":"","wrprObj":"0x4f9333b8"}|0x43bdbfa4
08:26:48.0 (163737330)|VARIABLE_ASSIGNMENT|[EXTERNAL]|this|{"facilitySelected":"","fcltyPrgrmSelected":"","insrncBnft":"0x142bd85b","insrncBnftSelected":"","pawDetailListDisplay (4 more) ...":false,"pyAgrmntWrksht":"0x1e3f44d5","rateAdjstmntSelected":"","relatedPAWDetailsLis (1 more) ...":"0x3dfb0aa5","targetEDR":0.00,"totalAppliedDeductib (2 more) ...":0.00,"totalCoInsurance":0.00,"totalCoPayAmt":0.00,"totalInsCoResp":0.00,"totalInsEIVAmt":0.00,"totalRowCount":0,"totalTalbottDay":0.00}|0x4f9333b8
08:26:48.0 (163772454)|STATEMENT_EXECUTE|[269]
08:26:48.0 (163774571)|STATEMENT_EXECUTE|[270]
08:26:48.0 (163845624)|VARIABLE_ASSIGNMENT|[EXTERNAL]|this|{"estmtCvrgeDaysObj":"0x712c578b","faciltyOptions":"0x5677a3b2","fcltyPrgrmOptions":"0x67b6d99e","idToOwnershipFacilit (4 more) ...":"0x1aad102f","idToTypeFacilityMap":"0x4b0640cd","insrncBnftMap":"0x5e0fade4","insrncBnftOptions":"0x48b8094b","isIop":false,"isTalbott":false,"meta":"0x32c8c2f1","oppId":"00629000004NTeZ","pawObj":"0x54f6c743","ptntInsrnceOptions":"0x765ece02","ptntInsrncMap":"0x68e6d580","ptntInsrncObj":"0x2d739062","quoteObj":"0x17d0f20c","recordId":"00629000004NTeZ","rtAdjstmntOptions":"0x26a8899a","showPILookup":false,"sObjectQueryStr":"","wrprObj":"0x4f9333b8"}|0x43bdbfa4
08:26:48.0 (163915429)|VARIABLE_ASSIGNMENT|[EXTERNAL]|this|{"facilitySelected":"","fcltyPrgrmSelected":"","insrncBnft":"0x142bd85b","insrncBnftSelected":"","pawDetailListDisplay (4 more) ...":false,"pyAgrmntWrksht":"0x1e3f44d5","rateAdjstmntSelected":"","relatedPAWDetailsLis (1 more) ...":"0x3dfb0aa5","targetEDR":0.00,"totalAppliedDeductib (2 more) ...":0.00,"totalCoInsurance":0.00,"totalCoPayAmt":0.00,"totalInsCoResp":0.00,"totalInsEIVAmt":0.00,"totalRowCount":0,"totalTalbottDay":0.00}|0x4f9333b8
08:26:48.0 (163930218)|VARIABLE_ASSIGNMENT|[EXTERNAL]|value|null|
08:26:48.0 (163940099)|VARIABLE_ASSIGNMENT|[525]|this.insrncBnft|null|0x4f9333b8
08:26:48.0 (163950963)|STATEMENT_EXECUTE|[272]
08:26:48.0 (164885185)|SYSTEM_MODE_ENTER|true
08:26:48.0 (165256506)|SYSTEM_MODE_ENTER|true
08:26:48.0 (165302936)|HEAP_ALLOCATE|[EXTERNAL]|Bytes:112
08:26:48.0 (165313914)|VARIABLE_SCOPE_BEGIN|[379]|this|PAW_New_EditCntrllr|true|false
08:26:48.0 (165382266)|VARIABLE_ASSIGNMENT|[379]|this|{"estmtCvrgeDaysObj":"0x712c578b","faciltyOptions":"0x5677a3b2","fcltyPrgrmOptions":"0x67b6d99e","idToOwnershipFacilit (4 more) ...":"0x1aad102f","idToTypeFacilityMap":"0x4b0640cd","insrncBnftMap":"0x5e0fade4","insrncBnftOptions":"0x48b8094b","isIop":false,"isTalbott":false,"meta":"0x32c8c2f1","oppId":"00629000004NTeZ","pawObj":"0x54f6c743","ptntInsrnceOptions":"0x765ece02","ptntInsrncMap":"0x68e6d580","ptntInsrncObj":"0x2d739062","quoteObj":"0x17d0f20c","recordId":"00629000004NTeZ","rtAdjstmntOptions":"0x26a8899a","showPILookup":false,"sObjectQueryStr":"","wrprObj":"0x4f9333b8"}|0x43bdbfa4
08:26:48.0 (165402448)|STATEMENT_EXECUTE|[379]
08:26:48.0 (165404250)|STATEMENT_EXECUTE|[380]
08:26:48.0 (165416195)|HEAP_ALLOCATE|[380]|Bytes:4
08:26:48.0 (165479103)|HEAP_ALLOCATE|[EXTERNAL]|Bytes:4
08:26:48.0 (165493441)|VARIABLE_ASSIGNMENT|[380]|this.rtAdjstmntOptions|[]|0x43bdbfa4
08:26:48.0 (165499576)|STATEMENT_EXECUTE|[381]
08:26:48.0 (165507774)|HEAP_ALLOCATE|[381]|Bytes:8
08:26:48.0 (165581270)|HEAP_ALLOCATE|[EXTERNAL]|Bytes:4
08:26:48.0 (165668350)|VARIABLE_ASSIGNMENT|[EXTERNAL]|this|{"estmtCvrgeDaysObj":"0x712c578b","faciltyOptions":"0x5677a3b2","fcltyPrgrmOptions":"0x67b6d99e","idToOwnershipFacilit (4 more) ...":"0x1aad102f","idToTypeFacilityMap":"0x4b0640cd","insrncBnftMap":"0x5e0fade4","insrncBnftOptions":"0x48b8094b","isIop":false,"isTalbott":false,"meta":"0x32c8c2f1","oppId":"00629000004NTeZ","pawObj":"0x54f6c743","ptntInsrnceOptions":"0x765ece02","ptntInsrncMap":"0x68e6d580","ptntInsrncObj":"0x2d739062","quoteObj":"0x17d0f20c","recordId":"00629000004NTeZ","rtAdjstmntOptions":"0x23fad43f","showPILookup":false,"sObjectQueryStr":"","wrprObj":"0x4f9333b8"}|0x43bdbfa4
08:26:48.0 (165744780)|VARIABLE_ASSIGNMENT|[EXTERNAL]|this|{"facilitySelected":"","fcltyPrgrmSelected":"","insrncBnftSelected":"","pawDetailListDisplay (4 more) ...":false,"pyAgrmntWrksht":"0x1e3f44d5","rateAdjstmntSelected":"","relatedPAWDetailsLis (1 more) ...":"0x3dfb0aa5","targetEDR":0.00,"totalAppliedDeductib (2 more) ...":0.00,"totalCoInsurance":0.00,"totalCoPayAmt":0.00,"totalInsCoResp":0.00,"totalInsEIVAmt":0.00,"totalRowCount":0,"totalTalbottDay":0.00}|0x4f9333b8
08:26:48.0 (165825112)|VARIABLE_ASSIGNMENT|[EXTERNAL]|this|{"estmtCvrgeDaysObj":"0x712c578b","faciltyOptions":"0x5677a3b2","fcltyPrgrmOptions":"0x67b6d99e","idToOwnershipFacilit (4 more) ...":"0x1aad102f","idToTypeFacilityMap":"0x4b0640cd","insrncBnftMap":"0x5e0fade4","insrncBnftOptions":"0x48b8094b","isIop":false,"isTalbott":false,"meta":"0x32c8c2f1","oppId":"00629000004NTeZ","pawObj":"0x54f6c743","ptntInsrnceOptions":"0x765ece02","ptntInsrncMap":"0x68e6d580","ptntInsrncObj":"0x2d739062","quoteObj":"0x17d0f20c","recordId":"00629000004NTeZ","rtAdjstmntOptions":"0x23fad43f","showPILookup":false,"sObjectQueryStr":"","wrprObj":"0x4f9333b8"}|0x43bdbfa4
08:26:48.0 (165891088)|VARIABLE_ASSIGNMENT|[EXTERNAL]|this|{"facilitySelected":"","fcltyPrgrmSelected":"","insrncBnftSelected":"","pawDetailListDisplay (4 more) ...":false,"pyAgrmntWrksht":"0x1e3f44d5","rateAdjstmntSelected":"","relatedPAWDetailsLis (1 more) ...":"0x3dfb0aa5","targetEDR":0.00,"totalAppliedDeductib (2 more) ...":0.00,"totalCoInsurance":0.00,"totalCoPayAmt":0.00,"totalInsCoResp":0.00,"totalInsEIVAmt":0.00,"totalRowCount":0,"totalTalbottDay":0.00}|0x4f9333b8
08:26:48.0 (165918489)|STATEMENT_EXECUTE|[382]
08:26:48.0 (165920477)|STATEMENT_EXECUTE|[400]
08:26:48.0 (166310939)|SYSTEM_MODE_ENTER|true
08:26:48.0 (192974465)|VF_SERIALIZE_VIEWSTATE_BEGIN|0660a0000009uTC
08:26:48.0 (201591618)|VF_SERIALIZE_VIEWSTATE_END
08:26:48.210 (210493098)|CUMULATIVE_LIMIT_USAGE
08:26:48.210 (210493098)|LIMIT_USAGE_FOR_NS|(default)|
  Number of SOQL queries: 3 out of 100
  Number of query rows: 8 out of 50000
  Number of SOSL queries: 0 out of 20
  Number of DML statements: 0 out of 150
  Number of DML rows: 0 out of 10000
  Maximum CPU time: 0 out of 10000
  Maximum heap size: 0 out of 6000000
  Number of callouts: 0 out of 100
  Number of Email Invocations: 0 out of 10
  Number of future calls: 0 out of 50
  Number of queueable jobs added to the queue: 0 out of 50
  Number of Mobile Apex push calls: 0 out of 10

08:26:48.210 (210493098)|CUMULATIVE_LIMIT_USAGE_END

08:26:48.0 (210537714)|CODE_UNIT_FINISHED|VF: /apex/PAW_New_Edit
08:26:48.0 (211364677)|EXECUTION_FINISHED
