42.0 APEX_CODE,FINEST;APEX_PROFILING,INFO;CALLOUT,INFO;DB,INFO;SYSTEM,DEBUG;VALIDATION,INFO;VISUALFORCE,INFO;WAVE,INFO;WORKFLOW,FINER
Execute Anonymous: for (CronTrigger obj1 : [SELECT Id, CronJobDetail.Id, CronJobDetail.Name, CronJobDetail.JobType FROM CronTrigger where CronJobDetail.Name LIKE 'CCPull%' LIMIT 150]){
Execute Anonymous:     system.debug('>>>');
Execute Anonymous:     System.abortjob(obj1.Id);
Execute Anonymous: }
09:02:30.1 (1347678)|USER_INFO|[EXTERNAL]|00529000000zYiy|bhakti.gujrathi@eternussolutions.com.frnstgng|Central Standard Time|GMT-06:00
09:02:30.1 (1367764)|EXECUTION_STARTED
09:02:30.1 (1371325)|CODE_UNIT_STARTED|[EXTERNAL]|execute_anonymous_apex
09:02:30.1 (1558102)|HEAP_ALLOCATE|[72]|Bytes:3
09:02:30.1 (1591360)|HEAP_ALLOCATE|[77]|Bytes:152
09:02:30.1 (1608985)|HEAP_ALLOCATE|[342]|Bytes:408
09:02:30.1 (1635418)|HEAP_ALLOCATE|[355]|Bytes:408
09:02:30.1 (1656488)|HEAP_ALLOCATE|[467]|Bytes:48
09:02:30.1 (1687201)|HEAP_ALLOCATE|[139]|Bytes:6
09:02:30.1 (1726607)|HEAP_ALLOCATE|[EXTERNAL]|Bytes:5
09:02:30.1 (1883862)|STATEMENT_EXECUTE|[1]
09:02:30.1 (1890282)|HEAP_ALLOCATE|[1]|Bytes:137
09:02:30.1 (1911972)|HEAP_ALLOCATE|[1]|Bytes:4
09:02:30.1 (1953599)|HEAP_ALLOCATE|[50]|Bytes:5
09:02:30.1 (1976221)|HEAP_ALLOCATE|[56]|Bytes:5
09:02:30.1 (1987803)|HEAP_ALLOCATE|[64]|Bytes:7
09:02:30.1 (2406878)|SOQL_EXECUTE_BEGIN|[1]|Aggregations:0|SELECT Id, CronJobDetail.Id, CronJobDetail.Name, CronJobDetail.JobType FROM CronTrigger 
09:02:30.1 (17835060)|SOQL_EXECUTE_END|[1]|Rows:97
09:02:30.1 (17872486)|HEAP_ALLOCATE|[EXTERNAL]|Bytes:392
09:02:30.1 (18127273)|HEAP_ALLOCATE|[1]|Bytes:54
09:02:30.1 (18142766)|HEAP_ALLOCATE|[1]|Bytes:8
09:02:30.1 (18157456)|SYSTEM_METHOD_ENTRY|[7]|QueryLocatorIterator.QueryLocatorIterator()
09:02:30.1 (18163331)|STATEMENT_EXECUTE|[7]
09:02:30.1 (18175008)|SYSTEM_METHOD_EXIT|[7]|QueryLocatorIterator
09:02:30.1 (18183527)|HEAP_ALLOCATE|[1]|Bytes:28
09:02:30.1 (18259841)|HEAP_ALLOCATE|[1]|Bytes:392
09:02:30.1 (18304571)|HEAP_ALLOCATE|[1]|Bytes:8
09:02:30.1 (18314548)|HEAP_ALLOCATE|[1]|Bytes:8
09:02:30.1 (18325542)|VARIABLE_SCOPE_BEGIN|[15]|this|Database.QueryLocatorIterator|true|false
09:02:30.1 (18376044)|VARIABLE_ASSIGNMENT|[15]|this|{}|0x66d013ba
09:02:30.1 (18384752)|VARIABLE_SCOPE_BEGIN|[15]|values|List<SObject>|true|false
09:02:30.1 (18403236)|VARIABLE_ASSIGNMENT|[15]|values|"List of size 97 too large to display"|0x55734f99
09:02:30.1 (18409721)|VARIABLE_SCOPE_BEGIN|[15]|ql|Database.QueryLocator|true|false
09:02:30.1 (18434830)|VARIABLE_ASSIGNMENT|[15]|ql|{"query":"SELECT Id, CronJobDe (117 more) ..."}|0x5d164166
09:02:30.1 (18441116)|VARIABLE_SCOPE_BEGIN|[15]|totalNumRecords|Integer|false|false
09:02:30.1 (18450442)|VARIABLE_ASSIGNMENT|[15]|totalNumRecords|97
09:02:30.1 (18454376)|VARIABLE_SCOPE_BEGIN|[15]|queryMoreSize|Integer|false|false
09:02:30.1 (18460791)|VARIABLE_ASSIGNMENT|[15]|queryMoreSize|49903
09:02:30.1 (18568347)|HEAP_ALLOCATE|[1]|Bytes:28
09:02:30.1 (18593513)|METHOD_ENTRY|[1]||Database.QueryLocatorIterator.hasNext()
09:02:30.1 (18677062)|METHOD_EXIT|[1]||Database.QueryLocatorIterator.hasNext()
09:02:30.1 (18689815)|METHOD_ENTRY|[1]||Database.QueryLocatorIterator.next()
09:02:30.1 (18779124)|METHOD_EXIT|[1]||Database.QueryLocatorIterator.next()
09:02:30.1 (18792634)|VARIABLE_SCOPE_BEGIN|[1]|obj1|CronTrigger|true|false
09:02:30.1 (18814487)|VARIABLE_ASSIGNMENT|[1]|obj1|{"Id":"08e29000006zpy8AAA","CronJobDetailId":"08a29000006zqHoAAI","CronJobDetail":{"Id":"08a29000006zqHoAAI","Name":"CCPullTripFromConcur (23 more) ...","JobType":"7"}}|0x234449c5
09:02:30.1 (18822727)|STATEMENT_EXECUTE|[1]
09:02:30.1 (18824529)|STATEMENT_EXECUTE|[2]
09:02:30.1 (18828262)|HEAP_ALLOCATE|[2]|Bytes:3
09:02:30.1 (18864996)|USER_DEBUG|[2]|DEBUG|>>>
09:02:30.1 (18876989)|STATEMENT_EXECUTE|[3]
09:02:30.1 (18919550)|HEAP_ALLOCATE|[3]|Bytes:18
09:02:30.1 (52408372)|METHOD_ENTRY|[1]||Database.QueryLocatorIterator.hasNext()
09:02:30.1 (52475196)|METHOD_EXIT|[1]||Database.QueryLocatorIterator.hasNext()
09:02:30.1 (52488207)|METHOD_ENTRY|[1]||Database.QueryLocatorIterator.next()
09:02:30.1 (52579356)|METHOD_EXIT|[1]||Database.QueryLocatorIterator.next()
09:02:30.1 (52593136)|VARIABLE_SCOPE_BEGIN|[1]|obj1|CronTrigger|true|false
09:02:30.1 (52634421)|VARIABLE_ASSIGNMENT|[1]|obj1|{"Id":"08e29000006zq2PAAQ","CronJobDetailId":"08a29000006zqM5AAI","CronJobDetail":{"Id":"08a29000006zqM5AAI","Name":"CCPullTripFromConcur (23 more) ...","JobType":"7"}}|0x5523bc14
09:02:30.1 (52646121)|STATEMENT_EXECUTE|[1]
09:02:30.1 (52648691)|STATEMENT_EXECUTE|[2]
09:02:30.1 (52664609)|USER_DEBUG|[2]|DEBUG|>>>
09:02:30.1 (52673701)|STATEMENT_EXECUTE|[3]
09:02:30.1 (52691402)|HEAP_ALLOCATE|[3]|Bytes:18
09:02:30.1 (80471155)|METHOD_ENTRY|[1]||Database.QueryLocatorIterator.hasNext()
09:02:30.1 (80531219)|METHOD_EXIT|[1]||Database.QueryLocatorIterator.hasNext()
09:02:30.1 (80542321)|METHOD_ENTRY|[1]||Database.QueryLocatorIterator.next()
09:02:30.1 (80624279)|METHOD_EXIT|[1]||Database.QueryLocatorIterator.next()
09:02:30.1 (80637709)|VARIABLE_SCOPE_BEGIN|[1]|obj1|CronTrigger|true|false
09:02:30.1 (80676430)|VARIABLE_ASSIGNMENT|[1]|obj1|{"Id":"08e29000006zq76AAA","CronJobDetailId":"08a29000006zqQmAAI","CronJobDetail":{"Id":"08a29000006zqQmAAI","Name":"CCPullTripFromConcur (23 more) ...","JobType":"7"}}|0x341060fe
09:02:30.1 (80686504)|STATEMENT_EXECUTE|[1]
09:02:30.1 (80688730)|STATEMENT_EXECUTE|[2]
09:02:30.1 (80702811)|USER_DEBUG|[2]|DEBUG|>>>
09:02:30.1 (80712643)|STATEMENT_EXECUTE|[3]
09:02:30.1 (80731282)|HEAP_ALLOCATE|[3]|Bytes:18
09:02:30.1 (108275220)|METHOD_ENTRY|[1]||Database.QueryLocatorIterator.hasNext()
09:02:30.1 (108336157)|METHOD_EXIT|[1]||Database.QueryLocatorIterator.hasNext()
09:02:30.1 (108347638)|METHOD_ENTRY|[1]||Database.QueryLocatorIterator.next()
09:02:30.1 (108475917)|METHOD_EXIT|[1]||Database.QueryLocatorIterator.next()
09:02:30.1 (108491027)|VARIABLE_SCOPE_BEGIN|[1]|obj1|CronTrigger|true|false
09:02:30.1 (108544910)|VARIABLE_ASSIGNMENT|[1]|obj1|{"Id":"08e29000006zqBbAAI","CronJobDetailId":"08a29000006zqVHAAY","CronJobDetail":{"Id":"08a29000006zqVHAAY","Name":"CCPullTripFromConcur (23 more) ...","JobType":"7"}}|0x413ceb2
09:02:30.1 (108557884)|STATEMENT_EXECUTE|[1]
09:02:30.1 (108560396)|STATEMENT_EXECUTE|[2]
09:02:30.1 (108578534)|USER_DEBUG|[2]|DEBUG|>>>
09:02:30.1 (108588973)|STATEMENT_EXECUTE|[3]
09:02:30.1 (108605091)|HEAP_ALLOCATE|[3]|Bytes:18
09:02:30.1 (138020193)|METHOD_ENTRY|[1]||Database.QueryLocatorIterator.hasNext()
09:02:30.1 (138085912)|METHOD_EXIT|[1]||Database.QueryLocatorIterator.hasNext()
09:02:30.1 (138098172)|METHOD_ENTRY|[1]||Database.QueryLocatorIterator.next()
09:02:30.1 (138217734)|METHOD_EXIT|[1]||Database.QueryLocatorIterator.next()
09:02:30.1 (138233631)|VARIABLE_SCOPE_BEGIN|[1]|obj1|CronTrigger|true|false
09:02:30.1 (138277667)|VARIABLE_ASSIGNMENT|[1]|obj1|{"Id":"08e29000006zqFYAAY","CronJobDetailId":"08a29000006zqZEAAY","CronJobDetail":{"Id":"08a29000006zqZEAAY","Name":"CCPullTripFromConcur (23 more) ...","JobType":"7"}}|0x6a9f48ce
09:02:30.1 (138288898)|STATEMENT_EXECUTE|[1]
09:02:30.1 (138291306)|STATEMENT_EXECUTE|[2]
09:02:30.1 (138316430)|USER_DEBUG|[2]|DEBUG|>>>
09:02:30.1 (138334498)|STATEMENT_EXECUTE|[3]
09:02:30.1 (138353680)|HEAP_ALLOCATE|[3]|Bytes:18
09:02:30.1 (160316150)|METHOD_ENTRY|[1]||Database.QueryLocatorIterator.hasNext()
09:02:30.1 (160371896)|METHOD_EXIT|[1]||Database.QueryLocatorIterator.hasNext()
09:02:30.1 (160382720)|METHOD_ENTRY|[1]||Database.QueryLocatorIterator.next()
09:02:30.1 (160464864)|METHOD_EXIT|[1]||Database.QueryLocatorIterator.next()
09:02:30.1 (160478669)|VARIABLE_SCOPE_BEGIN|[1]|obj1|CronTrigger|true|false
09:02:30.1 (160521430)|VARIABLE_ASSIGNMENT|[1]|obj1|{"Id":"08e29000006zqLlAAI","CronJobDetailId":"08a29000006zqfRAAQ","CronJobDetail":{"Id":"08a29000006zqfRAAQ","Name":"CCPullTripFromConcur (22 more) ...","JobType":"7"}}|0x2831a625
09:02:30.1 (160532649)|STATEMENT_EXECUTE|[1]
09:02:30.1 (160534809)|STATEMENT_EXECUTE|[2]
09:02:30.1 (160550095)|USER_DEBUG|[2]|DEBUG|>>>
09:02:30.1 (160559822)|STATEMENT_EXECUTE|[3]
09:02:30.1 (160577281)|HEAP_ALLOCATE|[3]|Bytes:18
09:02:30.1 (181330981)|METHOD_ENTRY|[1]||Database.QueryLocatorIterator.hasNext()
09:02:30.1 (181383339)|METHOD_EXIT|[1]||Database.QueryLocatorIterator.hasNext()
09:02:30.1 (181394291)|METHOD_ENTRY|[1]||Database.QueryLocatorIterator.next()
09:02:30.1 (181472916)|METHOD_EXIT|[1]||Database.QueryLocatorIterator.next()
09:02:30.1 (181485921)|VARIABLE_SCOPE_BEGIN|[1]|obj1|CronTrigger|true|false
09:02:30.1 (181525234)|VARIABLE_ASSIGNMENT|[1]|obj1|{"Id":"08e29000006zqRUAAY","CronJobDetailId":"08a29000006zqlAAAQ","CronJobDetail":{"Id":"08a29000006zqlAAAQ","Name":"CCPullTripFromConcur (22 more) ...","JobType":"7"}}|0x79372ead
09:02:30.1 (181534940)|STATEMENT_EXECUTE|[1]
09:02:30.1 (181537445)|STATEMENT_EXECUTE|[2]
09:02:30.1 (181551399)|USER_DEBUG|[2]|DEBUG|>>>
09:02:30.1 (181561016)|STATEMENT_EXECUTE|[3]
09:02:30.1 (181576037)|HEAP_ALLOCATE|[3]|Bytes:18
09:02:30.1 (205866040)|METHOD_ENTRY|[1]||Database.QueryLocatorIterator.hasNext()
09:02:30.1 (205917816)|METHOD_EXIT|[1]||Database.QueryLocatorIterator.hasNext()
09:02:30.1 (205928511)|METHOD_ENTRY|[1]||Database.QueryLocatorIterator.next()
09:02:30.1 (206008877)|METHOD_EXIT|[1]||Database.QueryLocatorIterator.next()
09:02:30.1 (206023130)|VARIABLE_SCOPE_BEGIN|[1]|obj1|CronTrigger|true|false
09:02:30.1 (206066279)|VARIABLE_ASSIGNMENT|[1]|obj1|{"Id":"08e29000006zqWUAAY","CronJobDetailId":"08a29000006zqqAAAQ","CronJobDetail":{"Id":"08a29000006zqqAAAQ","Name":"CCPullTripFromConcur (22 more) ...","JobType":"7"}}|0x13626656
09:02:30.1 (206076187)|STATEMENT_EXECUTE|[1]
09:02:30.1 (206078427)|STATEMENT_EXECUTE|[2]
09:02:30.1 (206093222)|USER_DEBUG|[2]|DEBUG|>>>
09:02:30.1 (206102670)|STATEMENT_EXECUTE|[3]
09:02:30.1 (206117043)|HEAP_ALLOCATE|[3]|Bytes:18
09:02:30.1 (227752433)|METHOD_ENTRY|[1]||Database.QueryLocatorIterator.hasNext()
09:02:30.1 (227811160)|METHOD_EXIT|[1]||Database.QueryLocatorIterator.hasNext()
09:02:30.1 (227822124)|METHOD_ENTRY|[1]||Database.QueryLocatorIterator.next()
09:02:30.1 (227904465)|METHOD_EXIT|[1]||Database.QueryLocatorIterator.next()
09:02:30.1 (227918706)|VARIABLE_SCOPE_BEGIN|[1]|obj1|CronTrigger|true|false
09:02:30.1 (227956807)|VARIABLE_ASSIGNMENT|[1]|obj1|{"Id":"08e29000006zqbZAAQ","CronJobDetailId":"08a29000006zqvFAAQ","CronJobDetail":{"Id":"08a29000006zqvFAAQ","Name":"CCPullTripFromConcur (22 more) ...","JobType":"7"}}|0x6d9a8987
09:02:30.1 (227967131)|STATEMENT_EXECUTE|[1]
09:02:30.1 (227969465)|STATEMENT_EXECUTE|[2]
09:02:30.1 (227984216)|USER_DEBUG|[2]|DEBUG|>>>
09:02:30.1 (227994709)|STATEMENT_EXECUTE|[3]
09:02:30.1 (228011830)|HEAP_ALLOCATE|[3]|Bytes:18
09:02:30.1 (259378443)|METHOD_ENTRY|[1]||Database.QueryLocatorIterator.hasNext()
09:02:30.1 (259431623)|METHOD_EXIT|[1]||Database.QueryLocatorIterator.hasNext()
09:02:30.1 (259442193)|METHOD_ENTRY|[1]||Database.QueryLocatorIterator.next()
09:02:30.1 (259521395)|METHOD_EXIT|[1]||Database.QueryLocatorIterator.next()
09:02:30.1 (259534410)|VARIABLE_SCOPE_BEGIN|[1]|obj1|CronTrigger|true|false
09:02:30.1 (259572085)|VARIABLE_ASSIGNMENT|[1]|obj1|{"Id":"08e29000006zqhSAAQ","CronJobDetailId":"08a29000006zr18AAA","CronJobDetail":{"Id":"08a29000006zr18AAA","Name":"CCPullTripFromConcur (22 more) ...","JobType":"7"}}|0x7bb765e5
09:02:30.1 (259582061)|STATEMENT_EXECUTE|[1]
09:02:30.1 (259584192)|STATEMENT_EXECUTE|[2]
09:02:30.1 (259598060)|USER_DEBUG|[2]|DEBUG|>>>
09:02:30.1 (259607410)|STATEMENT_EXECUTE|[3]
09:02:30.1 (259622393)|HEAP_ALLOCATE|[3]|Bytes:18
09:02:30.1 (286614417)|METHOD_ENTRY|[1]||Database.QueryLocatorIterator.hasNext()
09:02:30.1 (286666581)|METHOD_EXIT|[1]||Database.QueryLocatorIterator.hasNext()
09:02:30.1 (286677182)|METHOD_ENTRY|[1]||Database.QueryLocatorIterator.next()
09:02:30.1 (286757316)|METHOD_EXIT|[1]||Database.QueryLocatorIterator.next()
09:02:30.1 (286770090)|VARIABLE_SCOPE_BEGIN|[1]|obj1|CronTrigger|true|false
09:02:30.1 (286809658)|VARIABLE_ASSIGNMENT|[1]|obj1|{"Id":"08e29000006zqm4AAA","CronJobDetailId":"08a29000006zr5kAAA","CronJobDetail":{"Id":"08a29000006zr5kAAA","Name":"CCPullTripFromConcur (22 more) ...","JobType":"7"}}|0x3725e1fb
09:02:30.1 (286818941)|STATEMENT_EXECUTE|[1]
09:02:30.1 (286821284)|STATEMENT_EXECUTE|[2]
09:02:30.1 (286836503)|USER_DEBUG|[2]|DEBUG|>>>
09:02:30.1 (286845788)|STATEMENT_EXECUTE|[3]
09:02:30.1 (286860631)|HEAP_ALLOCATE|[3]|Bytes:18
09:02:30.1 (316395717)|METHOD_ENTRY|[1]||Database.QueryLocatorIterator.hasNext()
09:02:30.1 (316450300)|METHOD_EXIT|[1]||Database.QueryLocatorIterator.hasNext()
09:02:30.1 (316461193)|METHOD_ENTRY|[1]||Database.QueryLocatorIterator.next()
09:02:30.1 (316539866)|METHOD_EXIT|[1]||Database.QueryLocatorIterator.next()
09:02:30.1 (316553410)|VARIABLE_SCOPE_BEGIN|[1]|obj1|CronTrigger|true|false
09:02:30.1 (316592416)|VARIABLE_ASSIGNMENT|[1]|obj1|{"Id":"08e29000006zqqyAAA","CronJobDetailId":"08a29000006zrAeAAI","CronJobDetail":{"Id":"08a29000006zrAeAAI","Name":"CCPullTripFromConcur (22 more) ...","JobType":"7"}}|0x1c82fcbe
09:02:30.1 (316602180)|STATEMENT_EXECUTE|[1]
09:02:30.1 (316604386)|STATEMENT_EXECUTE|[2]
09:02:30.1 (316617929)|USER_DEBUG|[2]|DEBUG|>>>
09:02:30.1 (316627045)|STATEMENT_EXECUTE|[3]
09:02:30.1 (316642015)|HEAP_ALLOCATE|[3]|Bytes:18
09:02:30.1 (342823385)|METHOD_ENTRY|[1]||Database.QueryLocatorIterator.hasNext()
09:02:30.1 (342884865)|METHOD_EXIT|[1]||Database.QueryLocatorIterator.hasNext()
09:02:30.1 (342895645)|METHOD_ENTRY|[1]||Database.QueryLocatorIterator.next()
09:02:30.1 (342987410)|METHOD_EXIT|[1]||Database.QueryLocatorIterator.next()
09:02:30.1 (343001719)|VARIABLE_SCOPE_BEGIN|[1]|obj1|CronTrigger|true|false
09:02:30.1 (343040744)|VARIABLE_ASSIGNMENT|[1]|obj1|{"Id":"08e29000006zqwDAAQ","CronJobDetailId":"08a29000006zrFtAAI","CronJobDetail":{"Id":"08a29000006zrFtAAI","Name":"CCPullTripFromConcur (22 more) ...","JobType":"7"}}|0x6756e858
09:02:30.1 (343050196)|STATEMENT_EXECUTE|[1]
09:02:30.1 (343053158)|STATEMENT_EXECUTE|[2]
09:02:30.1 (343075840)|USER_DEBUG|[2]|DEBUG|>>>
09:02:30.1 (343086934)|STATEMENT_EXECUTE|[3]
09:02:30.1 (343103263)|HEAP_ALLOCATE|[3]|Bytes:18
09:02:30.1 (368366372)|METHOD_ENTRY|[1]||Database.QueryLocatorIterator.hasNext()
09:02:30.1 (368423966)|METHOD_EXIT|[1]||Database.QueryLocatorIterator.hasNext()
09:02:30.1 (368435078)|METHOD_ENTRY|[1]||Database.QueryLocatorIterator.next()
09:02:30.1 (368521078)|METHOD_EXIT|[1]||Database.QueryLocatorIterator.next()
09:02:30.1 (368534805)|VARIABLE_SCOPE_BEGIN|[1]|obj1|CronTrigger|true|false
09:02:30.1 (368574301)|VARIABLE_ASSIGNMENT|[1]|obj1|{"Id":"08e29000006zr0yAAA","CronJobDetailId":"08a29000006zrKeAAI","CronJobDetail":{"Id":"08a29000006zrKeAAI","Name":"CCPullTripFromConcur (22 more) ...","JobType":"7"}}|0x536b9fcd
09:02:30.1 (368584683)|STATEMENT_EXECUTE|[1]
09:02:30.1 (368586972)|STATEMENT_EXECUTE|[2]
09:02:30.1 (368601900)|USER_DEBUG|[2]|DEBUG|>>>
09:02:30.1 (368611423)|STATEMENT_EXECUTE|[3]
09:02:30.1 (368628167)|HEAP_ALLOCATE|[3]|Bytes:18
09:02:30.1 (401379991)|METHOD_ENTRY|[1]||Database.QueryLocatorIterator.hasNext()
09:02:30.1 (401453092)|METHOD_EXIT|[1]||Database.QueryLocatorIterator.hasNext()
09:02:30.1 (401469706)|METHOD_ENTRY|[1]||Database.QueryLocatorIterator.next()
09:02:30.1 (401585704)|METHOD_EXIT|[1]||Database.QueryLocatorIterator.next()
09:02:30.1 (401604531)|VARIABLE_SCOPE_BEGIN|[1]|obj1|CronTrigger|true|false
09:02:30.1 (401654955)|VARIABLE_ASSIGNMENT|[1]|obj1|{"Id":"08e29000006zr5eAAA","CronJobDetailId":"08a29000006zrPKAAY","CronJobDetail":{"Id":"08a29000006zrPKAAY","Name":"CCPullTripFromConcur (22 more) ...","JobType":"7"}}|0x280d9eb5
09:02:30.1 (401670441)|STATEMENT_EXECUTE|[1]
09:02:30.1 (401673894)|STATEMENT_EXECUTE|[2]
09:02:30.1 (401692939)|USER_DEBUG|[2]|DEBUG|>>>
09:02:30.1 (401707750)|STATEMENT_EXECUTE|[3]
09:02:30.1 (401726858)|HEAP_ALLOCATE|[3]|Bytes:18
09:02:30.1 (429582259)|METHOD_ENTRY|[1]||Database.QueryLocatorIterator.hasNext()
09:02:30.1 (429638005)|METHOD_EXIT|[1]||Database.QueryLocatorIterator.hasNext()
09:02:30.1 (429648667)|METHOD_ENTRY|[1]||Database.QueryLocatorIterator.next()
09:02:30.1 (429729696)|METHOD_EXIT|[1]||Database.QueryLocatorIterator.next()
09:02:30.1 (429743906)|VARIABLE_SCOPE_BEGIN|[1]|obj1|CronTrigger|true|false
09:02:30.1 (429781441)|VARIABLE_ASSIGNMENT|[1]|obj1|{"Id":"08e29000006zqxHAAQ","CronJobDetailId":"08a29000006zrGxAAI","CronJobDetail":{"Id":"08a29000006zrGxAAI","Name":"CCPullTripFromConcur (22 more) ...","JobType":"7"}}|0x727e850f
09:02:30.1 (429791635)|STATEMENT_EXECUTE|[1]
09:02:30.1 (429793647)|STATEMENT_EXECUTE|[2]
09:02:30.1 (429807591)|USER_DEBUG|[2]|DEBUG|>>>
09:02:30.1 (429816705)|STATEMENT_EXECUTE|[3]
09:02:30.1 (429832249)|HEAP_ALLOCATE|[3]|Bytes:18
09:02:30.1 (461340568)|METHOD_ENTRY|[1]||Database.QueryLocatorIterator.hasNext()
09:02:30.1 (461394467)|METHOD_EXIT|[1]||Database.QueryLocatorIterator.hasNext()
09:02:30.1 (461404974)|METHOD_ENTRY|[1]||Database.QueryLocatorIterator.next()
09:02:30.1 (461488242)|METHOD_EXIT|[1]||Database.QueryLocatorIterator.next()
09:02:30.1 (461502169)|VARIABLE_SCOPE_BEGIN|[1]|obj1|CronTrigger|true|false
09:02:30.1 (461540428)|VARIABLE_ASSIGNMENT|[1]|obj1|{"Id":"08e29000006zrHLAAY","CronJobDetailId":"08a29000006zrb1AAA","CronJobDetail":{"Id":"08a29000006zrb1AAA","Name":"CCPullTripFromConcur (22 more) ...","JobType":"7"}}|0x60dc4564
09:02:30.1 (461550661)|STATEMENT_EXECUTE|[1]
09:02:30.1 (461553310)|STATEMENT_EXECUTE|[2]
09:02:30.1 (461567447)|USER_DEBUG|[2]|DEBUG|>>>
09:02:30.1 (461576589)|STATEMENT_EXECUTE|[3]
09:02:30.1 (461591034)|HEAP_ALLOCATE|[3]|Bytes:18
09:02:30.1 (485146814)|METHOD_ENTRY|[1]||Database.QueryLocatorIterator.hasNext()
09:02:30.1 (485197535)|METHOD_EXIT|[1]||Database.QueryLocatorIterator.hasNext()
09:02:30.1 (485208512)|METHOD_ENTRY|[1]||Database.QueryLocatorIterator.next()
09:02:30.1 (485287981)|METHOD_EXIT|[1]||Database.QueryLocatorIterator.next()
09:02:30.1 (485300972)|VARIABLE_SCOPE_BEGIN|[1]|obj1|CronTrigger|true|false
09:02:30.1 (485337605)|VARIABLE_ASSIGNMENT|[1]|obj1|{"Id":"08e29000006zrMLAAY","CronJobDetailId":"08a29000006zrg1AAA","CronJobDetail":{"Id":"08a29000006zrg1AAA","Name":"CCPullTripFromConcur (22 more) ...","JobType":"7"}}|0xb994742
09:02:30.1 (485347279)|STATEMENT_EXECUTE|[1]
09:02:30.1 (485349761)|STATEMENT_EXECUTE|[2]
09:02:30.1 (485364444)|USER_DEBUG|[2]|DEBUG|>>>
09:02:30.1 (485373704)|STATEMENT_EXECUTE|[3]
09:02:30.1 (485386694)|HEAP_ALLOCATE|[3]|Bytes:18
09:02:30.1 (520880502)|METHOD_ENTRY|[1]||Database.QueryLocatorIterator.hasNext()
09:02:30.1 (520944300)|METHOD_EXIT|[1]||Database.QueryLocatorIterator.hasNext()
09:02:30.1 (520955340)|METHOD_ENTRY|[1]||Database.QueryLocatorIterator.next()
09:02:30.1 (521043423)|METHOD_EXIT|[1]||Database.QueryLocatorIterator.next()
09:02:30.1 (521062694)|VARIABLE_SCOPE_BEGIN|[1]|obj1|CronTrigger|true|false
09:02:30.1 (521103610)|VARIABLE_ASSIGNMENT|[1]|obj1|{"Id":"08e29000006zrRVAAY","CronJobDetailId":"08a29000006zrlBAAQ","CronJobDetail":{"Id":"08a29000006zrlBAAQ","Name":"CCPullTripFromConcur (22 more) ...","JobType":"7"}}|0x6e8decf3
09:02:30.1 (521114288)|STATEMENT_EXECUTE|[1]
09:02:30.1 (521116815)|STATEMENT_EXECUTE|[2]
09:02:30.1 (521131590)|USER_DEBUG|[2]|DEBUG|>>>
09:02:30.1 (521141109)|STATEMENT_EXECUTE|[3]
09:02:30.1 (521157501)|HEAP_ALLOCATE|[3]|Bytes:18
09:02:30.1 (544508900)|METHOD_ENTRY|[1]||Database.QueryLocatorIterator.hasNext()
09:02:30.1 (544566493)|METHOD_EXIT|[1]||Database.QueryLocatorIterator.hasNext()
09:02:30.1 (544577333)|METHOD_ENTRY|[1]||Database.QueryLocatorIterator.next()
09:02:30.1 (544659346)|METHOD_EXIT|[1]||Database.QueryLocatorIterator.next()
09:02:30.1 (544676704)|VARIABLE_SCOPE_BEGIN|[1]|obj1|CronTrigger|true|false
09:02:30.1 (544715416)|VARIABLE_ASSIGNMENT|[1]|obj1|{"Id":"08e29000006zrW6AAI","CronJobDetailId":"08a29000006zrpmAAA","CronJobDetail":{"Id":"08a29000006zrpmAAA","Name":"CCPullTripFromConcur (22 more) ...","JobType":"7"}}|0x200feafe
09:02:30.1 (544725513)|STATEMENT_EXECUTE|[1]
09:02:30.1 (544727844)|STATEMENT_EXECUTE|[2]
09:02:30.1 (544742880)|USER_DEBUG|[2]|DEBUG|>>>
09:02:30.1 (544752103)|STATEMENT_EXECUTE|[3]
09:02:30.1 (544768598)|HEAP_ALLOCATE|[3]|Bytes:18
09:02:30.1 (598689585)|METHOD_ENTRY|[1]||Database.QueryLocatorIterator.hasNext()
09:02:30.1 (598752152)|METHOD_EXIT|[1]||Database.QueryLocatorIterator.hasNext()
09:02:30.1 (598763051)|METHOD_ENTRY|[1]||Database.QueryLocatorIterator.next()
09:02:30.1 (598846401)|METHOD_EXIT|[1]||Database.QueryLocatorIterator.next()
09:02:30.1 (598861133)|VARIABLE_SCOPE_BEGIN|[1]|obj1|CronTrigger|true|false
09:02:30.1 (598900205)|VARIABLE_ASSIGNMENT|[1]|obj1|{"Id":"08e29000006zrbVAAQ","CronJobDetailId":"08a29000006zrvBAAQ","CronJobDetail":{"Id":"08a29000006zrvBAAQ","Name":"CCPullTripFromConcur (22 more) ...","JobType":"7"}}|0x41c9ea87
09:02:30.1 (598911134)|STATEMENT_EXECUTE|[1]
09:02:30.1 (598913452)|STATEMENT_EXECUTE|[2]
09:02:30.1 (598929443)|USER_DEBUG|[2]|DEBUG|>>>
09:02:30.1 (598938971)|STATEMENT_EXECUTE|[3]
09:02:30.1 (598957481)|HEAP_ALLOCATE|[3]|Bytes:18
09:02:30.1 (632331854)|METHOD_ENTRY|[1]||Database.QueryLocatorIterator.hasNext()
09:02:30.1 (632387813)|METHOD_EXIT|[1]||Database.QueryLocatorIterator.hasNext()
09:02:30.1 (632397969)|METHOD_ENTRY|[1]||Database.QueryLocatorIterator.next()
09:02:30.1 (632476667)|METHOD_EXIT|[1]||Database.QueryLocatorIterator.next()
09:02:30.1 (632490338)|VARIABLE_SCOPE_BEGIN|[1]|obj1|CronTrigger|true|false
09:02:30.1 (632530948)|VARIABLE_ASSIGNMENT|[1]|obj1|{"Id":"08e29000006zrgLAAQ","CronJobDetailId":"08a29000006zs01AAA","CronJobDetail":{"Id":"08a29000006zs01AAA","Name":"CCPullTripFromConcur (22 more) ...","JobType":"7"}}|0x7db95e15
09:02:30.1 (632541419)|STATEMENT_EXECUTE|[1]
09:02:30.1 (632543656)|STATEMENT_EXECUTE|[2]
09:02:30.1 (632558641)|USER_DEBUG|[2]|DEBUG|>>>
09:02:30.1 (632568274)|STATEMENT_EXECUTE|[3]
09:02:30.1 (632582927)|HEAP_ALLOCATE|[3]|Bytes:18
09:02:30.1 (656670666)|METHOD_ENTRY|[1]||Database.QueryLocatorIterator.hasNext()
09:02:30.1 (656724141)|METHOD_EXIT|[1]||Database.QueryLocatorIterator.hasNext()
09:02:30.1 (656738110)|METHOD_ENTRY|[1]||Database.QueryLocatorIterator.next()
09:02:30.1 (656833745)|METHOD_EXIT|[1]||Database.QueryLocatorIterator.next()
09:02:30.1 (656847070)|VARIABLE_SCOPE_BEGIN|[1]|obj1|CronTrigger|true|false
09:02:30.1 (656886657)|VARIABLE_ASSIGNMENT|[1]|obj1|{"Id":"08e29000006zrlzAAA","CronJobDetailId":"08a29000006zs5fAAA","CronJobDetail":{"Id":"08a29000006zs5fAAA","Name":"CCPullTripFromConcur (22 more) ...","JobType":"7"}}|0x4a030ae4
09:02:30.1 (656896396)|STATEMENT_EXECUTE|[1]
09:02:30.1 (656898493)|STATEMENT_EXECUTE|[2]
09:02:30.1 (656915281)|USER_DEBUG|[2]|DEBUG|>>>
09:02:30.1 (656924955)|STATEMENT_EXECUTE|[3]
09:02:30.1 (656939637)|HEAP_ALLOCATE|[3]|Bytes:18
09:02:30.1 (688509383)|METHOD_ENTRY|[1]||Database.QueryLocatorIterator.hasNext()
09:02:30.1 (688570668)|METHOD_EXIT|[1]||Database.QueryLocatorIterator.hasNext()
09:02:30.1 (688581641)|METHOD_ENTRY|[1]||Database.QueryLocatorIterator.next()
09:02:30.1 (688665443)|METHOD_EXIT|[1]||Database.QueryLocatorIterator.next()
09:02:30.1 (688679900)|VARIABLE_SCOPE_BEGIN|[1]|obj1|CronTrigger|true|false
09:02:30.1 (688723134)|VARIABLE_ASSIGNMENT|[1]|obj1|{"Id":"08e29000006zrnIAAQ","CronJobDetailId":"08a29000006zs6yAAA","CronJobDetail":{"Id":"08a29000006zs6yAAA","Name":"CCPullTripFromConcur (22 more) ...","JobType":"7"}}|0x5cc5143d
09:02:30.1 (688733505)|STATEMENT_EXECUTE|[1]
09:02:30.1 (688735808)|STATEMENT_EXECUTE|[2]
09:02:30.1 (688752472)|USER_DEBUG|[2]|DEBUG|>>>
09:02:30.1 (688762026)|STATEMENT_EXECUTE|[3]
09:02:30.1 (688780115)|HEAP_ALLOCATE|[3]|Bytes:18
09:02:30.1 (740405178)|METHOD_ENTRY|[1]||Database.QueryLocatorIterator.hasNext()
09:02:30.1 (740460666)|METHOD_EXIT|[1]||Database.QueryLocatorIterator.hasNext()
09:02:30.1 (740471307)|METHOD_ENTRY|[1]||Database.QueryLocatorIterator.next()
09:02:30.1 (740557819)|METHOD_EXIT|[1]||Database.QueryLocatorIterator.next()
09:02:30.1 (740571696)|VARIABLE_SCOPE_BEGIN|[1]|obj1|CronTrigger|true|false
09:02:30.1 (740610091)|VARIABLE_ASSIGNMENT|[1]|obj1|{"Id":"08e29000006zrxCAAQ","CronJobDetailId":"08a29000006zsGsAAI","CronJobDetail":{"Id":"08a29000006zsGsAAI","Name":"CCPullTripFromConcur (22 more) ...","JobType":"7"}}|0x6626d93
09:02:30.1 (740620348)|STATEMENT_EXECUTE|[1]
09:02:30.1 (740622610)|STATEMENT_EXECUTE|[2]
09:02:30.1 (740637441)|USER_DEBUG|[2]|DEBUG|>>>
09:02:30.1 (740647019)|STATEMENT_EXECUTE|[3]
09:02:30.1 (740662330)|HEAP_ALLOCATE|[3]|Bytes:18
09:02:30.1 (763103222)|METHOD_ENTRY|[1]||Database.QueryLocatorIterator.hasNext()
09:02:30.1 (763159110)|METHOD_EXIT|[1]||Database.QueryLocatorIterator.hasNext()
09:02:30.1 (763169474)|METHOD_ENTRY|[1]||Database.QueryLocatorIterator.next()
09:02:30.1 (763250234)|METHOD_EXIT|[1]||Database.QueryLocatorIterator.next()
09:02:30.1 (763263668)|VARIABLE_SCOPE_BEGIN|[1]|obj1|CronTrigger|true|false
09:02:30.1 (763301816)|VARIABLE_ASSIGNMENT|[1]|obj1|{"Id":"08e29000006zs0gAAA","CronJobDetailId":"08a29000006zsKMAAY","CronJobDetail":{"Id":"08a29000006zsKMAAY","Name":"CCPullTripFromConcur (22 more) ...","JobType":"7"}}|0xe3858ee
09:02:30.1 (763311251)|STATEMENT_EXECUTE|[1]
09:02:30.1 (763313680)|STATEMENT_EXECUTE|[2]
09:02:30.1 (763328093)|USER_DEBUG|[2]|DEBUG|>>>
09:02:30.1 (763337629)|STATEMENT_EXECUTE|[3]
09:02:30.1 (763352950)|HEAP_ALLOCATE|[3]|Bytes:18
09:02:30.1 (785782616)|METHOD_ENTRY|[1]||Database.QueryLocatorIterator.hasNext()
09:02:30.1 (785840857)|METHOD_EXIT|[1]||Database.QueryLocatorIterator.hasNext()
09:02:30.1 (785851722)|METHOD_ENTRY|[1]||Database.QueryLocatorIterator.next()
09:02:30.1 (785939598)|METHOD_EXIT|[1]||Database.QueryLocatorIterator.next()
09:02:30.1 (785952930)|VARIABLE_SCOPE_BEGIN|[1]|obj1|CronTrigger|true|false
09:02:30.1 (785992314)|VARIABLE_ASSIGNMENT|[1]|obj1|{"Id":"08e29000006zs5zAAA","CronJobDetailId":"08a29000006zsPfAAI","CronJobDetail":{"Id":"08a29000006zsPfAAI","Name":"CCPullTripFromConcur (22 more) ...","JobType":"7"}}|0x5bb4fd52
09:02:30.1 (786002625)|STATEMENT_EXECUTE|[1]
09:02:30.1 (786005350)|STATEMENT_EXECUTE|[2]
09:02:30.1 (786019646)|USER_DEBUG|[2]|DEBUG|>>>
09:02:30.1 (786028749)|STATEMENT_EXECUTE|[3]
09:02:30.1 (786046655)|HEAP_ALLOCATE|[3]|Bytes:18
09:02:30.1 (838545673)|METHOD_ENTRY|[1]||Database.QueryLocatorIterator.hasNext()
09:02:30.1 (838601793)|METHOD_EXIT|[1]||Database.QueryLocatorIterator.hasNext()
09:02:30.1 (838613306)|METHOD_ENTRY|[1]||Database.QueryLocatorIterator.next()
09:02:30.1 (838695159)|METHOD_EXIT|[1]||Database.QueryLocatorIterator.next()
09:02:30.1 (838707976)|VARIABLE_SCOPE_BEGIN|[1]|obj1|CronTrigger|true|false
09:02:30.1 (838746827)|VARIABLE_ASSIGNMENT|[1]|obj1|{"Id":"08e29000006zsBkAAI","CronJobDetailId":"08a29000006zsVQAAY","CronJobDetail":{"Id":"08a29000006zsVQAAY","Name":"CCPullTripFromConcur (22 more) ...","JobType":"7"}}|0xb06a1d3
09:02:30.1 (838756791)|STATEMENT_EXECUTE|[1]
09:02:30.1 (838759078)|STATEMENT_EXECUTE|[2]
09:02:30.1 (838774156)|USER_DEBUG|[2]|DEBUG|>>>
09:02:30.1 (838783912)|STATEMENT_EXECUTE|[3]
09:02:30.1 (838799128)|HEAP_ALLOCATE|[3]|Bytes:18
09:02:30.1 (860569486)|METHOD_ENTRY|[1]||Database.QueryLocatorIterator.hasNext()
09:02:30.1 (860628095)|METHOD_EXIT|[1]||Database.QueryLocatorIterator.hasNext()
09:02:30.1 (860639112)|METHOD_ENTRY|[1]||Database.QueryLocatorIterator.next()
09:02:30.1 (860729220)|METHOD_EXIT|[1]||Database.QueryLocatorIterator.next()
09:02:30.1 (860742751)|VARIABLE_SCOPE_BEGIN|[1]|obj1|CronTrigger|true|false
09:02:30.1 (860778222)|VARIABLE_ASSIGNMENT|[1]|obj1|{"Id":"08e29000006zsGOAAY","CronJobDetailId":"08a29000006zsa4AAA","CronJobDetail":{"Id":"08a29000006zsa4AAA","Name":"CCPullTripFromConcur (22 more) ...","JobType":"7"}}|0x331a7d7c
09:02:30.1 (860788596)|STATEMENT_EXECUTE|[1]
09:02:30.1 (860791171)|STATEMENT_EXECUTE|[2]
09:02:30.1 (860806660)|USER_DEBUG|[2]|DEBUG|>>>
09:02:30.1 (860816065)|STATEMENT_EXECUTE|[3]
09:02:30.1 (860833061)|HEAP_ALLOCATE|[3]|Bytes:18
09:02:30.1 (883193032)|METHOD_ENTRY|[1]||Database.QueryLocatorIterator.hasNext()
09:02:30.1 (883252339)|METHOD_EXIT|[1]||Database.QueryLocatorIterator.hasNext()
09:02:30.1 (883262982)|METHOD_ENTRY|[1]||Database.QueryLocatorIterator.next()
09:02:30.1 (883346157)|METHOD_EXIT|[1]||Database.QueryLocatorIterator.next()
09:02:30.1 (883359894)|VARIABLE_SCOPE_BEGIN|[1]|obj1|CronTrigger|true|false
09:02:30.1 (883398299)|VARIABLE_ASSIGNMENT|[1]|obj1|{"Id":"08e29000006zsLdAAI","CronJobDetailId":"08a29000006zsfJAAQ","CronJobDetail":{"Id":"08a29000006zsfJAAQ","Name":"CCPullTripFromConcur (22 more) ...","JobType":"7"}}|0x13f418fa
09:02:30.1 (883408036)|STATEMENT_EXECUTE|[1]
09:02:30.1 (883410998)|STATEMENT_EXECUTE|[2]
09:02:30.1 (883426816)|USER_DEBUG|[2]|DEBUG|>>>
09:02:30.1 (883436383)|STATEMENT_EXECUTE|[3]
09:02:30.1 (883453584)|HEAP_ALLOCATE|[3]|Bytes:18
09:02:30.1 (907299932)|METHOD_ENTRY|[1]||Database.QueryLocatorIterator.hasNext()
09:02:30.1 (907365902)|METHOD_EXIT|[1]||Database.QueryLocatorIterator.hasNext()
09:02:30.1 (907376640)|METHOD_ENTRY|[1]||Database.QueryLocatorIterator.next()
09:02:30.1 (907467433)|METHOD_EXIT|[1]||Database.QueryLocatorIterator.next()
09:02:30.1 (907482056)|VARIABLE_SCOPE_BEGIN|[1]|obj1|CronTrigger|true|false
09:02:30.1 (907517083)|VARIABLE_ASSIGNMENT|[1]|obj1|{"Id":"08e29000006zsPUAAY","CronJobDetailId":"08a29000006zsjAAAQ","CronJobDetail":{"Id":"08a29000006zsjAAAQ","Name":"CCPullTripFromConcur (22 more) ...","JobType":"7"}}|0x2c87cfa
09:02:30.1 (907528025)|STATEMENT_EXECUTE|[1]
09:02:30.1 (907530318)|STATEMENT_EXECUTE|[2]
09:02:30.1 (907546457)|USER_DEBUG|[2]|DEBUG|>>>
09:02:30.1 (907555991)|STATEMENT_EXECUTE|[3]
09:02:30.1 (907574695)|HEAP_ALLOCATE|[3]|Bytes:18
09:02:30.1 (928386694)|METHOD_ENTRY|[1]||Database.QueryLocatorIterator.hasNext()
09:02:30.1 (928448134)|METHOD_EXIT|[1]||Database.QueryLocatorIterator.hasNext()
09:02:30.1 (928458845)|METHOD_ENTRY|[1]||Database.QueryLocatorIterator.next()
09:02:30.1 (928541579)|METHOD_EXIT|[1]||Database.QueryLocatorIterator.next()
09:02:30.1 (928554899)|VARIABLE_SCOPE_BEGIN|[1]|obj1|CronTrigger|true|false
09:02:30.1 (928593484)|VARIABLE_ASSIGNMENT|[1]|obj1|{"Id":"08e29000006zsVEAAY","CronJobDetailId":"08a29000006zsouAAA","CronJobDetail":{"Id":"08a29000006zsouAAA","Name":"CCPullTripFromConcur (22 more) ...","JobType":"7"}}|0x390f010
09:02:30.1 (928604783)|STATEMENT_EXECUTE|[1]
09:02:30.1 (928607012)|STATEMENT_EXECUTE|[2]
09:02:30.1 (928622583)|USER_DEBUG|[2]|DEBUG|>>>
09:02:30.1 (928632385)|STATEMENT_EXECUTE|[3]
09:02:30.1 (928650648)|HEAP_ALLOCATE|[3]|Bytes:18
09:02:30.1 (951767640)|METHOD_ENTRY|[1]||Database.QueryLocatorIterator.hasNext()
09:02:30.1 (951835597)|METHOD_EXIT|[1]||Database.QueryLocatorIterator.hasNext()
09:02:30.1 (951850064)|METHOD_ENTRY|[1]||Database.QueryLocatorIterator.next()
09:02:30.1 (951936749)|METHOD_EXIT|[1]||Database.QueryLocatorIterator.next()
09:02:30.1 (951951223)|VARIABLE_SCOPE_BEGIN|[1]|obj1|CronTrigger|true|false
09:02:30.1 (951989071)|VARIABLE_ASSIGNMENT|[1]|obj1|{"Id":"08e29000006zsZaAAI","CronJobDetailId":"08a29000006zstGAAQ","CronJobDetail":{"Id":"08a29000006zstGAAQ","Name":"CCPullTripFromConcur (22 more) ...","JobType":"7"}}|0x2310d0cf
09:02:30.1 (951999648)|STATEMENT_EXECUTE|[1]
09:02:30.1 (952002031)|STATEMENT_EXECUTE|[2]
09:02:30.1 (952017792)|USER_DEBUG|[2]|DEBUG|>>>
09:02:30.1 (952027558)|STATEMENT_EXECUTE|[3]
09:02:30.1 (952045948)|HEAP_ALLOCATE|[3]|Bytes:18
09:02:30.1 (972882629)|METHOD_ENTRY|[1]||Database.QueryLocatorIterator.hasNext()
09:02:30.1 (972943765)|METHOD_EXIT|[1]||Database.QueryLocatorIterator.hasNext()
09:02:30.1 (972955024)|METHOD_ENTRY|[1]||Database.QueryLocatorIterator.next()
09:02:30.1 (973038108)|METHOD_EXIT|[1]||Database.QueryLocatorIterator.next()
09:02:30.1 (973052791)|VARIABLE_SCOPE_BEGIN|[1]|obj1|CronTrigger|true|false
09:02:30.1 (973099002)|VARIABLE_ASSIGNMENT|[1]|obj1|{"Id":"08e29000006zseWAAQ","CronJobDetailId":"08a29000006zsyCAAQ","CronJobDetail":{"Id":"08a29000006zsyCAAQ","Name":"CCPullTripFromConcur (22 more) ...","JobType":"7"}}|0x64777df4
09:02:30.1 (973109689)|STATEMENT_EXECUTE|[1]
09:02:30.1 (973112086)|STATEMENT_EXECUTE|[2]
09:02:30.1 (973126650)|USER_DEBUG|[2]|DEBUG|>>>
09:02:30.1 (973136075)|STATEMENT_EXECUTE|[3]
09:02:30.1 (973152063)|HEAP_ALLOCATE|[3]|Bytes:18
09:02:30.1 (993164426)|METHOD_ENTRY|[1]||Database.QueryLocatorIterator.hasNext()
09:02:30.1 (993226081)|METHOD_EXIT|[1]||Database.QueryLocatorIterator.hasNext()
09:02:30.1 (993236803)|METHOD_ENTRY|[1]||Database.QueryLocatorIterator.next()
09:02:30.1 (993319786)|METHOD_EXIT|[1]||Database.QueryLocatorIterator.next()
09:02:30.1 (993333489)|VARIABLE_SCOPE_BEGIN|[1]|obj1|CronTrigger|true|false
09:02:30.1 (993370776)|VARIABLE_ASSIGNMENT|[1]|obj1|{"Id":"08e29000006zsg8AAA","CronJobDetailId":"08a29000006zszoAAA","CronJobDetail":{"Id":"08a29000006zszoAAA","Name":"CCPullTripFromConcur (22 more) ...","JobType":"7"}}|0x2ac96458
09:02:30.1 (993381075)|STATEMENT_EXECUTE|[1]
09:02:30.1 (993383350)|STATEMENT_EXECUTE|[2]
09:02:30.1 (993398264)|USER_DEBUG|[2]|DEBUG|>>>
09:02:30.1 (993407730)|STATEMENT_EXECUTE|[3]
09:02:30.1 (993425396)|HEAP_ALLOCATE|[3]|Bytes:18
09:02:31.15 (1015151146)|METHOD_ENTRY|[1]||Database.QueryLocatorIterator.hasNext()
09:02:31.15 (1015212038)|METHOD_EXIT|[1]||Database.QueryLocatorIterator.hasNext()
09:02:31.15 (1015222953)|METHOD_ENTRY|[1]||Database.QueryLocatorIterator.next()
09:02:31.15 (1015305378)|METHOD_EXIT|[1]||Database.QueryLocatorIterator.next()
09:02:31.15 (1015317728)|VARIABLE_SCOPE_BEGIN|[1]|obj1|CronTrigger|true|false
09:02:31.15 (1015355293)|VARIABLE_ASSIGNMENT|[1]|obj1|{"Id":"08e29000006zspTAAQ","CronJobDetailId":"08a29000006zt99AAA","CronJobDetail":{"Id":"08a29000006zt99AAA","Name":"CCPullTripFromConcur (22 more) ...","JobType":"7"}}|0x14fc89fd
09:02:31.15 (1015365955)|STATEMENT_EXECUTE|[1]
09:02:31.15 (1015368619)|STATEMENT_EXECUTE|[2]
09:02:31.15 (1015382521)|USER_DEBUG|[2]|DEBUG|>>>
09:02:31.15 (1015392080)|STATEMENT_EXECUTE|[3]
09:02:31.15 (1015406863)|HEAP_ALLOCATE|[3]|Bytes:18
09:02:31.15 (1036606965)|METHOD_ENTRY|[1]||Database.QueryLocatorIterator.hasNext()
09:02:31.15 (1036661076)|METHOD_EXIT|[1]||Database.QueryLocatorIterator.hasNext()
09:02:31.15 (1036671818)|METHOD_ENTRY|[1]||Database.QueryLocatorIterator.next()
09:02:31.15 (1036753369)|METHOD_EXIT|[1]||Database.QueryLocatorIterator.next()
09:02:31.15 (1036766783)|VARIABLE_SCOPE_BEGIN|[1]|obj1|CronTrigger|true|false
09:02:31.15 (1036804186)|VARIABLE_ASSIGNMENT|[1]|obj1|{"Id":"08e29000006zsudAAA","CronJobDetailId":"08a29000006ztEJAAY","CronJobDetail":{"Id":"08a29000006ztEJAAY","Name":"CCPullTripFromConcur (22 more) ...","JobType":"7"}}|0x4b3af7bd
09:02:31.15 (1036814037)|STATEMENT_EXECUTE|[1]
09:02:31.15 (1036816326)|STATEMENT_EXECUTE|[2]
09:02:31.15 (1036830072)|USER_DEBUG|[2]|DEBUG|>>>
09:02:31.15 (1036839252)|STATEMENT_EXECUTE|[3]
09:02:31.15 (1036855991)|HEAP_ALLOCATE|[3]|Bytes:18
09:02:31.15 (1059577495)|METHOD_ENTRY|[1]||Database.QueryLocatorIterator.hasNext()
09:02:31.15 (1059633154)|METHOD_EXIT|[1]||Database.QueryLocatorIterator.hasNext()
09:02:31.15 (1059643689)|METHOD_ENTRY|[1]||Database.QueryLocatorIterator.next()
09:02:31.15 (1059725271)|METHOD_EXIT|[1]||Database.QueryLocatorIterator.next()
09:02:31.15 (1059739361)|VARIABLE_SCOPE_BEGIN|[1]|obj1|CronTrigger|true|false
09:02:31.15 (1059777476)|VARIABLE_ASSIGNMENT|[1]|obj1|{"Id":"08e29000006zszOAAQ","CronJobDetailId":"08a29000006ztJ4AAI","CronJobDetail":{"Id":"08a29000006ztJ4AAI","Name":"CCPullTripFromConcur (22 more) ...","JobType":"7"}}|0x62e07154
09:02:31.15 (1059787962)|STATEMENT_EXECUTE|[1]
09:02:31.15 (1059790493)|STATEMENT_EXECUTE|[2]
09:02:31.15 (1059805009)|USER_DEBUG|[2]|DEBUG|>>>
09:02:31.15 (1059814304)|STATEMENT_EXECUTE|[3]
09:02:31.15 (1059831485)|HEAP_ALLOCATE|[3]|Bytes:18
09:02:31.15 (1081038360)|METHOD_ENTRY|[1]||Database.QueryLocatorIterator.hasNext()
09:02:31.15 (1081100172)|METHOD_EXIT|[1]||Database.QueryLocatorIterator.hasNext()
09:02:31.15 (1081114805)|METHOD_ENTRY|[1]||Database.QueryLocatorIterator.next()
09:02:31.15 (1081198109)|METHOD_EXIT|[1]||Database.QueryLocatorIterator.next()
09:02:31.15 (1081212431)|VARIABLE_SCOPE_BEGIN|[1]|obj1|CronTrigger|true|false
09:02:31.15 (1081249800)|VARIABLE_ASSIGNMENT|[1]|obj1|{"Id":"08e29000006zt1fAAA","CronJobDetailId":"08a29000006ztLLAAY","CronJobDetail":{"Id":"08a29000006ztLLAAY","Name":"CCPullTripFromConcur (22 more) ...","JobType":"7"}}|0x71ab5257
09:02:31.15 (1081259741)|STATEMENT_EXECUTE|[1]
09:02:31.15 (1081262320)|STATEMENT_EXECUTE|[2]
09:02:31.15 (1081277755)|USER_DEBUG|[2]|DEBUG|>>>
09:02:31.15 (1081287616)|STATEMENT_EXECUTE|[3]
09:02:31.15 (1081305607)|HEAP_ALLOCATE|[3]|Bytes:18
09:02:31.15 (1100847985)|METHOD_ENTRY|[1]||Database.QueryLocatorIterator.hasNext()
09:02:31.15 (1100899990)|METHOD_EXIT|[1]||Database.QueryLocatorIterator.hasNext()
09:02:31.15 (1100910858)|METHOD_ENTRY|[1]||Database.QueryLocatorIterator.next()
09:02:31.15 (1100994441)|METHOD_EXIT|[1]||Database.QueryLocatorIterator.next()
09:02:31.15 (1101008277)|VARIABLE_SCOPE_BEGIN|[1]|obj1|CronTrigger|true|false
09:02:31.15 (1101046659)|VARIABLE_ASSIGNMENT|[1]|obj1|{"Id":"08e29000006ztAvAAI","CronJobDetailId":"08a29000006ztUbAAI","CronJobDetail":{"Id":"08a29000006ztUbAAI","Name":"CCPullTripFromConcur (22 more) ...","JobType":"7"}}|0x76c4e921
09:02:31.15 (1101061173)|STATEMENT_EXECUTE|[1]
09:02:31.15 (1101063863)|STATEMENT_EXECUTE|[2]
09:02:31.15 (1101078600)|USER_DEBUG|[2]|DEBUG|>>>
09:02:31.15 (1101088272)|STATEMENT_EXECUTE|[3]
09:02:31.15 (1101101654)|HEAP_ALLOCATE|[3]|Bytes:18
09:02:31.15 (1121677711)|METHOD_ENTRY|[1]||Database.QueryLocatorIterator.hasNext()
09:02:31.15 (1121738652)|METHOD_EXIT|[1]||Database.QueryLocatorIterator.hasNext()
09:02:31.15 (1121748857)|METHOD_ENTRY|[1]||Database.QueryLocatorIterator.next()
09:02:31.15 (1121831264)|METHOD_EXIT|[1]||Database.QueryLocatorIterator.next()
09:02:31.15 (1121845134)|VARIABLE_SCOPE_BEGIN|[1]|obj1|CronTrigger|true|false
09:02:31.15 (1121883215)|VARIABLE_ASSIGNMENT|[1]|obj1|{"Id":"08e29000006ztGAAAY","CronJobDetailId":"08a29000006ztZqAAI","CronJobDetail":{"Id":"08a29000006ztZqAAI","Name":"CCPullTripFromConcur (22 more) ...","JobType":"7"}}|0x19a3dcd1
09:02:31.15 (1121893511)|STATEMENT_EXECUTE|[1]
09:02:31.15 (1121895978)|STATEMENT_EXECUTE|[2]
09:02:31.15 (1121911526)|USER_DEBUG|[2]|DEBUG|>>>
09:02:31.15 (1121921116)|STATEMENT_EXECUTE|[3]
09:02:31.15 (1121939866)|HEAP_ALLOCATE|[3]|Bytes:18
09:02:31.15 (1143452201)|METHOD_ENTRY|[1]||Database.QueryLocatorIterator.hasNext()
09:02:31.15 (1143508499)|METHOD_EXIT|[1]||Database.QueryLocatorIterator.hasNext()
09:02:31.15 (1143518569)|METHOD_ENTRY|[1]||Database.QueryLocatorIterator.next()
09:02:31.15 (1143599634)|METHOD_EXIT|[1]||Database.QueryLocatorIterator.next()
09:02:31.15 (1143613312)|VARIABLE_SCOPE_BEGIN|[1]|obj1|CronTrigger|true|false
09:02:31.15 (1143644059)|VARIABLE_ASSIGNMENT|[1]|obj1|{"Id":"08e29000006ztLeAAI","CronJobDetailId":"08a29000006ztfKAAQ","CronJobDetail":{"Id":"08a29000006ztfKAAQ","Name":"CCPullTripFromConcur (22 more) ...","JobType":"7"}}|0x5842dcf6
09:02:31.15 (1143654507)|STATEMENT_EXECUTE|[1]
09:02:31.15 (1143656670)|STATEMENT_EXECUTE|[2]
09:02:31.15 (1143671775)|USER_DEBUG|[2]|DEBUG|>>>
09:02:31.15 (1143681762)|STATEMENT_EXECUTE|[3]
09:02:31.15 (1143697308)|HEAP_ALLOCATE|[3]|Bytes:18
09:02:31.15 (1167082657)|METHOD_ENTRY|[1]||Database.QueryLocatorIterator.hasNext()
09:02:31.15 (1167143897)|METHOD_EXIT|[1]||Database.QueryLocatorIterator.hasNext()
09:02:31.15 (1167155179)|METHOD_ENTRY|[1]||Database.QueryLocatorIterator.next()
09:02:31.15 (1167241345)|METHOD_EXIT|[1]||Database.QueryLocatorIterator.next()
09:02:31.15 (1167255072)|VARIABLE_SCOPE_BEGIN|[1]|obj1|CronTrigger|true|false
09:02:31.15 (1167295551)|VARIABLE_ASSIGNMENT|[1]|obj1|{"Id":"08e29000006ztPcAAI","CronJobDetailId":"08a29000006ztjIAAQ","CronJobDetail":{"Id":"08a29000006ztjIAAQ","Name":"CCPullTripFromConcur (22 more) ...","JobType":"7"}}|0x667785f3
09:02:31.15 (1167306022)|STATEMENT_EXECUTE|[1]
09:02:31.15 (1167308199)|STATEMENT_EXECUTE|[2]
09:02:31.15 (1167324044)|USER_DEBUG|[2]|DEBUG|>>>
09:02:31.15 (1167333271)|STATEMENT_EXECUTE|[3]
09:02:31.15 (1167351222)|HEAP_ALLOCATE|[3]|Bytes:18
09:02:31.15 (1189474021)|METHOD_ENTRY|[1]||Database.QueryLocatorIterator.hasNext()
09:02:31.15 (1189549752)|METHOD_EXIT|[1]||Database.QueryLocatorIterator.hasNext()
09:02:31.15 (1189570414)|METHOD_ENTRY|[1]||Database.QueryLocatorIterator.next()
09:02:31.15 (1189700474)|METHOD_EXIT|[1]||Database.QueryLocatorIterator.next()
09:02:31.15 (1189721184)|VARIABLE_SCOPE_BEGIN|[1]|obj1|CronTrigger|true|false
09:02:31.15 (1189774434)|VARIABLE_ASSIGNMENT|[1]|obj1|{"Id":"08e29000006ztW3AAI","CronJobDetailId":"08a29000006ztpjAAA","CronJobDetail":{"Id":"08a29000006ztpjAAA","Name":"CCPullTripFromConcur (22 more) ...","JobType":"7"}}|0x340a6715
09:02:31.15 (1189793177)|STATEMENT_EXECUTE|[1]
09:02:31.15 (1189797189)|STATEMENT_EXECUTE|[2]
09:02:31.15 (1189815952)|USER_DEBUG|[2]|DEBUG|>>>
09:02:31.15 (1189834961)|STATEMENT_EXECUTE|[3]
09:02:31.15 (1189856692)|HEAP_ALLOCATE|[3]|Bytes:18
09:02:31.15 (1209581354)|METHOD_ENTRY|[1]||Database.QueryLocatorIterator.hasNext()
09:02:31.15 (1209634035)|METHOD_EXIT|[1]||Database.QueryLocatorIterator.hasNext()
09:02:31.15 (1209648092)|METHOD_ENTRY|[1]||Database.QueryLocatorIterator.next()
09:02:31.15 (1209730007)|METHOD_EXIT|[1]||Database.QueryLocatorIterator.next()
09:02:31.15 (1209743250)|VARIABLE_SCOPE_BEGIN|[1]|obj1|CronTrigger|true|false
09:02:31.15 (1209780876)|VARIABLE_ASSIGNMENT|[1]|obj1|{"Id":"08e29000006ztb8AAA","CronJobDetailId":"08a29000006ztuoAAA","CronJobDetail":{"Id":"08a29000006ztuoAAA","Name":"CCPullTripFromConcur (22 more) ...","JobType":"7"}}|0x15f44ffc
09:02:31.15 (1209791205)|STATEMENT_EXECUTE|[1]
09:02:31.15 (1209793598)|STATEMENT_EXECUTE|[2]
09:02:31.15 (1209807033)|USER_DEBUG|[2]|DEBUG|>>>
09:02:31.15 (1209816616)|STATEMENT_EXECUTE|[3]
09:02:31.15 (1209830546)|HEAP_ALLOCATE|[3]|Bytes:18
09:02:31.15 (1234064041)|METHOD_ENTRY|[1]||Database.QueryLocatorIterator.hasNext()
09:02:31.15 (1234127713)|METHOD_EXIT|[1]||Database.QueryLocatorIterator.hasNext()
09:02:31.15 (1234138390)|METHOD_ENTRY|[1]||Database.QueryLocatorIterator.next()
09:02:31.15 (1234221778)|METHOD_EXIT|[1]||Database.QueryLocatorIterator.next()
09:02:31.15 (1234236176)|VARIABLE_SCOPE_BEGIN|[1]|obj1|CronTrigger|true|false
09:02:31.15 (1234276982)|VARIABLE_ASSIGNMENT|[1]|obj1|{"Id":"08e29000006ztgrAAA","CronJobDetailId":"08a29000006zu0XAAQ","CronJobDetail":{"Id":"08a29000006zu0XAAQ","Name":"CCPullTripFromConcur (22 more) ...","JobType":"7"}}|0x79834ee9
09:02:31.15 (1234288055)|STATEMENT_EXECUTE|[1]
09:02:31.15 (1234290321)|STATEMENT_EXECUTE|[2]
09:02:31.15 (1234306425)|USER_DEBUG|[2]|DEBUG|>>>
09:02:31.15 (1234315776)|STATEMENT_EXECUTE|[3]
09:02:31.15 (1234334017)|HEAP_ALLOCATE|[3]|Bytes:18
09:02:31.15 (1259938793)|METHOD_ENTRY|[1]||Database.QueryLocatorIterator.hasNext()
09:02:31.15 (1260028948)|METHOD_EXIT|[1]||Database.QueryLocatorIterator.hasNext()
09:02:31.15 (1260052512)|METHOD_ENTRY|[1]||Database.QueryLocatorIterator.next()
09:02:31.15 (1260169077)|METHOD_EXIT|[1]||Database.QueryLocatorIterator.next()
09:02:31.15 (1260183712)|VARIABLE_SCOPE_BEGIN|[1]|obj1|CronTrigger|true|false
09:02:31.15 (1260222526)|VARIABLE_ASSIGNMENT|[1]|obj1|{"Id":"08e29000006ztmfAAA","CronJobDetailId":"08a29000006zu6LAAQ","CronJobDetail":{"Id":"08a29000006zu6LAAQ","Name":"CCPullTripFromConcur (22 more) ...","JobType":"7"}}|0x5faa760f
09:02:31.15 (1260233626)|STATEMENT_EXECUTE|[1]
09:02:31.15 (1260236057)|STATEMENT_EXECUTE|[2]
09:02:31.15 (1260251964)|USER_DEBUG|[2]|DEBUG|>>>
09:02:31.15 (1260261716)|STATEMENT_EXECUTE|[3]
09:02:31.15 (1260278815)|HEAP_ALLOCATE|[3]|Bytes:18
09:02:31.15 (1283829809)|METHOD_ENTRY|[1]||Database.QueryLocatorIterator.hasNext()
09:02:31.15 (1283892130)|METHOD_EXIT|[1]||Database.QueryLocatorIterator.hasNext()
09:02:31.15 (1283903393)|METHOD_ENTRY|[1]||Database.QueryLocatorIterator.next()
09:02:31.15 (1283992901)|METHOD_EXIT|[1]||Database.QueryLocatorIterator.next()
09:02:31.15 (1284006522)|VARIABLE_SCOPE_BEGIN|[1]|obj1|CronTrigger|true|false
09:02:31.15 (1284049019)|VARIABLE_ASSIGNMENT|[1]|obj1|{"Id":"08e29000006ztrBAAQ","CronJobDetailId":"08a29000006zuArAAI","CronJobDetail":{"Id":"08a29000006zuArAAI","Name":"CCPullTripFromConcur (22 more) ...","JobType":"7"}}|0x20870236
09:02:31.15 (1284066625)|STATEMENT_EXECUTE|[1]
09:02:31.15 (1284068898)|STATEMENT_EXECUTE|[2]
09:02:31.15 (1284083487)|USER_DEBUG|[2]|DEBUG|>>>
09:02:31.15 (1284093166)|STATEMENT_EXECUTE|[3]
09:02:31.15 (1284110022)|HEAP_ALLOCATE|[3]|Bytes:18
09:02:31.15 (1303853581)|METHOD_ENTRY|[1]||Database.QueryLocatorIterator.hasNext()
09:02:31.15 (1303915433)|METHOD_EXIT|[1]||Database.QueryLocatorIterator.hasNext()
09:02:31.15 (1303926086)|METHOD_ENTRY|[1]||Database.QueryLocatorIterator.next()
09:02:31.15 (1304021072)|METHOD_EXIT|[1]||Database.QueryLocatorIterator.next()
09:02:31.15 (1304038868)|VARIABLE_SCOPE_BEGIN|[1]|obj1|CronTrigger|true|false
09:02:31.15 (1304087329)|VARIABLE_ASSIGNMENT|[1]|obj1|{"Id":"08e29000006ztwaAAA","CronJobDetailId":"08a29000006zuGGAAY","CronJobDetail":{"Id":"08a29000006zuGGAAY","Name":"CCPullTripFromConcur (22 more) ...","JobType":"7"}}|0x1847b5cb
09:02:31.15 (1304099250)|STATEMENT_EXECUTE|[1]
09:02:31.15 (1304101375)|STATEMENT_EXECUTE|[2]
09:02:31.15 (1304117023)|USER_DEBUG|[2]|DEBUG|>>>
09:02:31.15 (1304130608)|STATEMENT_EXECUTE|[3]
09:02:31.15 (1304148379)|HEAP_ALLOCATE|[3]|Bytes:18
09:02:31.15 (1323687959)|METHOD_ENTRY|[1]||Database.QueryLocatorIterator.hasNext()
09:02:31.15 (1323749390)|METHOD_EXIT|[1]||Database.QueryLocatorIterator.hasNext()
09:02:31.15 (1323759966)|METHOD_ENTRY|[1]||Database.QueryLocatorIterator.next()
09:02:31.15 (1323843925)|METHOD_EXIT|[1]||Database.QueryLocatorIterator.next()
09:02:31.15 (1323857862)|VARIABLE_SCOPE_BEGIN|[1]|obj1|CronTrigger|true|false
09:02:31.15 (1323896458)|VARIABLE_ASSIGNMENT|[1]|obj1|{"Id":"08e29000006zu1QAAQ","CronJobDetailId":"08a29000006zuL6AAI","CronJobDetail":{"Id":"08a29000006zuL6AAI","Name":"CCPullTripFromConcur (22 more) ...","JobType":"7"}}|0x5063fc57
09:02:31.15 (1323907259)|STATEMENT_EXECUTE|[1]
09:02:31.15 (1323909468)|STATEMENT_EXECUTE|[2]
09:02:31.15 (1323925870)|USER_DEBUG|[2]|DEBUG|>>>
09:02:31.15 (1323935387)|STATEMENT_EXECUTE|[3]
09:02:31.15 (1323953085)|HEAP_ALLOCATE|[3]|Bytes:18
09:02:31.15 (1344755099)|METHOD_ENTRY|[1]||Database.QueryLocatorIterator.hasNext()
09:02:31.15 (1344817797)|METHOD_EXIT|[1]||Database.QueryLocatorIterator.hasNext()
09:02:31.15 (1344831689)|METHOD_ENTRY|[1]||Database.QueryLocatorIterator.next()
09:02:31.15 (1344918364)|METHOD_EXIT|[1]||Database.QueryLocatorIterator.next()
09:02:31.15 (1344936579)|VARIABLE_SCOPE_BEGIN|[1]|obj1|CronTrigger|true|false
09:02:31.15 (1344981051)|VARIABLE_ASSIGNMENT|[1]|obj1|{"Id":"08e29000006zu8WAAQ","CronJobDetailId":"08a29000006zuSCAAY","CronJobDetail":{"Id":"08a29000006zuSCAAY","Name":"CCPullTripFromConcur (22 more) ...","JobType":"7"}}|0x4e15e751
09:02:31.15 (1344992107)|STATEMENT_EXECUTE|[1]
09:02:31.15 (1344994199)|STATEMENT_EXECUTE|[2]
09:02:31.15 (1345009970)|USER_DEBUG|[2]|DEBUG|>>>
09:02:31.15 (1345020456)|STATEMENT_EXECUTE|[3]
09:02:31.15 (1345040201)|HEAP_ALLOCATE|[3]|Bytes:18
09:02:31.15 (1366337282)|METHOD_ENTRY|[1]||Database.QueryLocatorIterator.hasNext()
09:02:31.15 (1366390475)|METHOD_EXIT|[1]||Database.QueryLocatorIterator.hasNext()
09:02:31.15 (1366400779)|METHOD_ENTRY|[1]||Database.QueryLocatorIterator.next()
09:02:31.15 (1366481531)|METHOD_EXIT|[1]||Database.QueryLocatorIterator.next()
09:02:31.15 (1366494564)|VARIABLE_SCOPE_BEGIN|[1]|obj1|CronTrigger|true|false
09:02:31.15 (1366531090)|VARIABLE_ASSIGNMENT|[1]|obj1|{"Id":"08e29000006zu6HAAQ","CronJobDetailId":"08a29000006zuPxAAI","CronJobDetail":{"Id":"08a29000006zuPxAAI","Name":"CCPullTripFromConcur (22 more) ...","JobType":"7"}}|0x3ad8280a
09:02:31.15 (1366541355)|STATEMENT_EXECUTE|[1]
09:02:31.15 (1366543394)|STATEMENT_EXECUTE|[2]
09:02:31.15 (1366555728)|USER_DEBUG|[2]|DEBUG|>>>
09:02:31.15 (1366564989)|STATEMENT_EXECUTE|[3]
09:02:31.15 (1366580195)|HEAP_ALLOCATE|[3]|Bytes:18
09:02:31.15 (1388967152)|METHOD_ENTRY|[1]||Database.QueryLocatorIterator.hasNext()
09:02:31.15 (1389023671)|METHOD_EXIT|[1]||Database.QueryLocatorIterator.hasNext()
09:02:31.15 (1389034708)|METHOD_ENTRY|[1]||Database.QueryLocatorIterator.next()
09:02:31.15 (1389122979)|METHOD_EXIT|[1]||Database.QueryLocatorIterator.next()
09:02:31.15 (1389137692)|VARIABLE_SCOPE_BEGIN|[1]|obj1|CronTrigger|true|false
09:02:31.15 (1389175386)|VARIABLE_ASSIGNMENT|[1]|obj1|{"Id":"08e29000006zuICAAY","CronJobDetailId":"08a29000006zubsAAA","CronJobDetail":{"Id":"08a29000006zubsAAA","Name":"CCPullTripFromConcur (22 more) ...","JobType":"7"}}|0x517e8855
09:02:31.15 (1389185382)|STATEMENT_EXECUTE|[1]
09:02:31.15 (1389187726)|STATEMENT_EXECUTE|[2]
09:02:31.15 (1389202024)|USER_DEBUG|[2]|DEBUG|>>>
09:02:31.15 (1389211412)|STATEMENT_EXECUTE|[3]
09:02:31.15 (1389229180)|HEAP_ALLOCATE|[3]|Bytes:18
09:02:31.15 (1409194490)|METHOD_ENTRY|[1]||Database.QueryLocatorIterator.hasNext()
09:02:31.15 (1409259164)|METHOD_EXIT|[1]||Database.QueryLocatorIterator.hasNext()
09:02:31.15 (1409270119)|METHOD_ENTRY|[1]||Database.QueryLocatorIterator.next()
09:02:31.15 (1409395767)|METHOD_EXIT|[1]||Database.QueryLocatorIterator.next()
09:02:31.15 (1409411388)|VARIABLE_SCOPE_BEGIN|[1]|obj1|CronTrigger|true|false
09:02:31.15 (1409452503)|VARIABLE_ASSIGNMENT|[1]|obj1|{"Id":"08e29000006zuNWAAY","CronJobDetailId":"08a29000006zuhCAAQ","CronJobDetail":{"Id":"08a29000006zuhCAAQ","Name":"CCPullTripFromConcur (22 more) ...","JobType":"7"}}|0x38b82264
09:02:31.15 (1409462735)|STATEMENT_EXECUTE|[1]
09:02:31.15 (1409465492)|STATEMENT_EXECUTE|[2]
09:02:31.15 (1409481574)|USER_DEBUG|[2]|DEBUG|>>>
09:02:31.15 (1409492162)|STATEMENT_EXECUTE|[3]
09:02:31.15 (1409510235)|HEAP_ALLOCATE|[3]|Bytes:18
09:02:31.15 (1429868965)|METHOD_ENTRY|[1]||Database.QueryLocatorIterator.hasNext()
09:02:31.15 (1429928746)|METHOD_EXIT|[1]||Database.QueryLocatorIterator.hasNext()
09:02:31.15 (1429940263)|METHOD_ENTRY|[1]||Database.QueryLocatorIterator.next()
09:02:31.15 (1430026053)|METHOD_EXIT|[1]||Database.QueryLocatorIterator.next()
09:02:31.15 (1430040382)|VARIABLE_SCOPE_BEGIN|[1]|obj1|CronTrigger|true|false
09:02:31.15 (1430631549)|VARIABLE_ASSIGNMENT|[1]|obj1|{"Id":"08e29000006zuSqAAI","CronJobDetailId":"08a29000006zumWAAQ","CronJobDetail":{"Id":"08a29000006zumWAAQ","Name":"CCPullTripFromConcur (22 more) ...","JobType":"7"}}|0x6e5f707
09:02:31.15 (1430645122)|STATEMENT_EXECUTE|[1]
09:02:31.15 (1430647428)|STATEMENT_EXECUTE|[2]
09:02:31.15 (1430663540)|USER_DEBUG|[2]|DEBUG|>>>
09:02:31.15 (1430673087)|STATEMENT_EXECUTE|[3]
09:02:31.15 (1430690005)|HEAP_ALLOCATE|[3]|Bytes:18
09:02:31.15 (1452874920)|METHOD_ENTRY|[1]||Database.QueryLocatorIterator.hasNext()
09:02:31.15 (1452935558)|METHOD_EXIT|[1]||Database.QueryLocatorIterator.hasNext()
09:02:31.15 (1452946652)|METHOD_ENTRY|[1]||Database.QueryLocatorIterator.next()
09:02:31.15 (1453033849)|METHOD_EXIT|[1]||Database.QueryLocatorIterator.next()
09:02:31.15 (1453048859)|VARIABLE_SCOPE_BEGIN|[1]|obj1|CronTrigger|true|false
09:02:31.15 (1453096490)|VARIABLE_ASSIGNMENT|[1]|obj1|{"Id":"08e29000006zuYAAAY","CronJobDetailId":"08a29000006zurqAAA","CronJobDetail":{"Id":"08a29000006zurqAAA","Name":"CCPullTripFromConcur (22 more) ...","JobType":"7"}}|0x21b1efb3
09:02:31.15 (1453106652)|STATEMENT_EXECUTE|[1]
09:02:31.15 (1453109171)|STATEMENT_EXECUTE|[2]
09:02:31.15 (1453124474)|USER_DEBUG|[2]|DEBUG|>>>
09:02:31.15 (1453133956)|STATEMENT_EXECUTE|[3]
09:02:31.15 (1453150713)|HEAP_ALLOCATE|[3]|Bytes:18
09:02:31.15 (1477042489)|METHOD_ENTRY|[1]||Database.QueryLocatorIterator.hasNext()
09:02:31.15 (1477117417)|METHOD_EXIT|[1]||Database.QueryLocatorIterator.hasNext()
09:02:31.15 (1477129172)|METHOD_ENTRY|[1]||Database.QueryLocatorIterator.next()
09:02:31.15 (1477224507)|METHOD_EXIT|[1]||Database.QueryLocatorIterator.next()
09:02:31.15 (1477239833)|VARIABLE_SCOPE_BEGIN|[1]|obj1|CronTrigger|true|false
09:02:31.15 (1477281740)|VARIABLE_ASSIGNMENT|[1]|obj1|{"Id":"08e29000006zudPAAQ","CronJobDetailId":"08a29000006zux5AAA","CronJobDetail":{"Id":"08a29000006zux5AAA","Name":"CCPullTripFromConcur (22 more) ...","JobType":"7"}}|0x6259531c
09:02:31.15 (1477291603)|STATEMENT_EXECUTE|[1]
09:02:31.15 (1477294116)|STATEMENT_EXECUTE|[2]
09:02:31.15 (1477310302)|USER_DEBUG|[2]|DEBUG|>>>
09:02:31.15 (1477319817)|STATEMENT_EXECUTE|[3]
09:02:31.15 (1477336369)|HEAP_ALLOCATE|[3]|Bytes:18
09:02:31.15 (1502753012)|METHOD_ENTRY|[1]||Database.QueryLocatorIterator.hasNext()
09:02:31.15 (1502811975)|METHOD_EXIT|[1]||Database.QueryLocatorIterator.hasNext()
09:02:31.15 (1502822963)|METHOD_ENTRY|[1]||Database.QueryLocatorIterator.next()
09:02:31.15 (1502904683)|METHOD_EXIT|[1]||Database.QueryLocatorIterator.next()
09:02:31.15 (1502918541)|VARIABLE_SCOPE_BEGIN|[1]|obj1|CronTrigger|true|false
09:02:31.15 (1502958211)|VARIABLE_ASSIGNMENT|[1]|obj1|{"Id":"08e29000006zuiAAAQ","CronJobDetailId":"08a29000006zv1qAAA","CronJobDetail":{"Id":"08a29000006zv1qAAA","Name":"CCPullTripFromConcur (22 more) ...","JobType":"7"}}|0x3e91d25e
09:02:31.15 (1502968721)|STATEMENT_EXECUTE|[1]
09:02:31.15 (1502971260)|STATEMENT_EXECUTE|[2]
09:02:31.15 (1502985484)|USER_DEBUG|[2]|DEBUG|>>>
09:02:31.15 (1502994434)|STATEMENT_EXECUTE|[3]
09:02:31.15 (1503011073)|HEAP_ALLOCATE|[3]|Bytes:18
09:02:31.15 (1523772155)|METHOD_ENTRY|[1]||Database.QueryLocatorIterator.hasNext()
09:02:31.15 (1523831975)|METHOD_EXIT|[1]||Database.QueryLocatorIterator.hasNext()
09:02:31.15 (1523843444)|METHOD_ENTRY|[1]||Database.QueryLocatorIterator.next()
09:02:31.15 (1523926647)|METHOD_EXIT|[1]||Database.QueryLocatorIterator.next()
09:02:31.15 (1523940733)|VARIABLE_SCOPE_BEGIN|[1]|obj1|CronTrigger|true|false
09:02:31.15 (1523981130)|VARIABLE_ASSIGNMENT|[1]|obj1|{"Id":"08e29000006zumgAAA","CronJobDetailId":"08a29000006zv6MAAQ","CronJobDetail":{"Id":"08a29000006zv6MAAQ","Name":"CCPullTripFromConcur (22 more) ...","JobType":"7"}}|0x715af333
09:02:31.15 (1523991324)|STATEMENT_EXECUTE|[1]
09:02:31.15 (1523993865)|STATEMENT_EXECUTE|[2]
09:02:31.15 (1524009931)|USER_DEBUG|[2]|DEBUG|>>>
09:02:31.15 (1524020030)|STATEMENT_EXECUTE|[3]
09:02:31.15 (1524037512)|HEAP_ALLOCATE|[3]|Bytes:18
09:02:31.15 (1546211826)|METHOD_ENTRY|[1]||Database.QueryLocatorIterator.hasNext()
09:02:31.15 (1546269315)|METHOD_EXIT|[1]||Database.QueryLocatorIterator.hasNext()
09:02:31.15 (1546280438)|METHOD_ENTRY|[1]||Database.QueryLocatorIterator.next()
09:02:31.15 (1546363208)|METHOD_EXIT|[1]||Database.QueryLocatorIterator.next()
09:02:31.15 (1546376906)|VARIABLE_SCOPE_BEGIN|[1]|obj1|CronTrigger|true|false
09:02:31.15 (1546415325)|VARIABLE_ASSIGNMENT|[1]|obj1|{"Id":"08e29000006zurHAAQ","CronJobDetailId":"08a29000006zvAxAAI","CronJobDetail":{"Id":"08a29000006zvAxAAI","Name":"CCPullTripFromConcur (22 more) ...","JobType":"7"}}|0x4b29fb1d
09:02:31.15 (1546425694)|STATEMENT_EXECUTE|[1]
09:02:31.15 (1546428077)|STATEMENT_EXECUTE|[2]
09:02:31.15 (1546442041)|USER_DEBUG|[2]|DEBUG|>>>
09:02:31.15 (1546452022)|STATEMENT_EXECUTE|[3]
09:02:31.15 (1546467178)|HEAP_ALLOCATE|[3]|Bytes:18
09:02:31.15 (1567885813)|METHOD_ENTRY|[1]||Database.QueryLocatorIterator.hasNext()
09:02:31.15 (1567945994)|METHOD_EXIT|[1]||Database.QueryLocatorIterator.hasNext()
09:02:31.15 (1567961210)|METHOD_ENTRY|[1]||Database.QueryLocatorIterator.next()
09:02:31.15 (1568044062)|METHOD_EXIT|[1]||Database.QueryLocatorIterator.next()
09:02:31.15 (1568064016)|VARIABLE_SCOPE_BEGIN|[1]|obj1|CronTrigger|true|false
09:02:31.15 (1568104785)|VARIABLE_ASSIGNMENT|[1]|obj1|{"Id":"08e29000006zuwqAAA","CronJobDetailId":"08a29000006zvGWAAY","CronJobDetail":{"Id":"08a29000006zvGWAAY","Name":"CCPullTripFromConcur (22 more) ...","JobType":"7"}}|0x682240c1
09:02:31.15 (1568115336)|STATEMENT_EXECUTE|[1]
09:02:31.15 (1568117715)|STATEMENT_EXECUTE|[2]
09:02:31.15 (1568133363)|USER_DEBUG|[2]|DEBUG|>>>
09:02:31.15 (1568143298)|STATEMENT_EXECUTE|[3]
09:02:31.15 (1568160537)|HEAP_ALLOCATE|[3]|Bytes:18
09:02:31.15 (1589227139)|METHOD_ENTRY|[1]||Database.QueryLocatorIterator.hasNext()
09:02:31.15 (1589286900)|METHOD_EXIT|[1]||Database.QueryLocatorIterator.hasNext()
09:02:31.15 (1589297848)|METHOD_ENTRY|[1]||Database.QueryLocatorIterator.next()
09:02:31.15 (1589380903)|METHOD_EXIT|[1]||Database.QueryLocatorIterator.next()
09:02:31.15 (1589395031)|VARIABLE_SCOPE_BEGIN|[1]|obj1|CronTrigger|true|false
09:02:31.15 (1589434962)|VARIABLE_ASSIGNMENT|[1]|obj1|{"Id":"08e29000006zujsAAA","CronJobDetailId":"08a29000006zv3YAAQ","CronJobDetail":{"Id":"08a29000006zv3YAAQ","Name":"CCPullTripFromConcur (22 more) ...","JobType":"7"}}|0x68fb17a3
09:02:31.15 (1589445669)|STATEMENT_EXECUTE|[1]
09:02:31.15 (1589448178)|STATEMENT_EXECUTE|[2]
09:02:31.15 (1589463407)|USER_DEBUG|[2]|DEBUG|>>>
09:02:31.15 (1589472865)|STATEMENT_EXECUTE|[3]
09:02:31.15 (1589491433)|HEAP_ALLOCATE|[3]|Bytes:18
09:02:31.15 (1611356660)|METHOD_ENTRY|[1]||Database.QueryLocatorIterator.hasNext()
09:02:31.15 (1611420688)|METHOD_EXIT|[1]||Database.QueryLocatorIterator.hasNext()
09:02:31.15 (1611432367)|METHOD_ENTRY|[1]||Database.QueryLocatorIterator.next()
09:02:31.15 (1611519743)|METHOD_EXIT|[1]||Database.QueryLocatorIterator.next()
09:02:31.15 (1611533624)|VARIABLE_SCOPE_BEGIN|[1]|obj1|CronTrigger|true|false
09:02:31.15 (1611576826)|VARIABLE_ASSIGNMENT|[1]|obj1|{"Id":"08e29000006zv7tAAA","CronJobDetailId":"08a29000006zvRZAAY","CronJobDetail":{"Id":"08a29000006zvRZAAY","Name":"CCPullTripFromConcur (22 more) ...","JobType":"7"}}|0x563a0129
09:02:31.15 (1611586999)|STATEMENT_EXECUTE|[1]
09:02:31.15 (1611589087)|STATEMENT_EXECUTE|[2]
09:02:31.15 (1611605342)|USER_DEBUG|[2]|DEBUG|>>>
09:02:31.15 (1611615010)|STATEMENT_EXECUTE|[3]
09:02:31.15 (1611633208)|HEAP_ALLOCATE|[3]|Bytes:18
09:02:31.15 (1632468898)|METHOD_ENTRY|[1]||Database.QueryLocatorIterator.hasNext()
09:02:31.15 (1632525704)|METHOD_EXIT|[1]||Database.QueryLocatorIterator.hasNext()
09:02:31.15 (1632536209)|METHOD_ENTRY|[1]||Database.QueryLocatorIterator.next()
09:02:31.15 (1632617186)|METHOD_EXIT|[1]||Database.QueryLocatorIterator.next()
09:02:31.15 (1632630172)|VARIABLE_SCOPE_BEGIN|[1]|obj1|CronTrigger|true|false
09:02:31.15 (1632666661)|VARIABLE_ASSIGNMENT|[1]|obj1|{"Id":"08e29000006zvDIAAY","CronJobDetailId":"08a29000006zvWyAAI","CronJobDetail":{"Id":"08a29000006zvWyAAI","Name":"CCPullTripFromConcur (22 more) ...","JobType":"7"}}|0x7dd93fc1
09:02:31.15 (1632676514)|STATEMENT_EXECUTE|[1]
09:02:31.15 (1632678851)|STATEMENT_EXECUTE|[2]
09:02:31.15 (1632693566)|USER_DEBUG|[2]|DEBUG|>>>
09:02:31.15 (1632703031)|STATEMENT_EXECUTE|[3]
09:02:31.15 (1632717753)|HEAP_ALLOCATE|[3]|Bytes:18
09:02:31.15 (1652441193)|METHOD_ENTRY|[1]||Database.QueryLocatorIterator.hasNext()
09:02:31.15 (1652503902)|METHOD_EXIT|[1]||Database.QueryLocatorIterator.hasNext()
09:02:31.15 (1652514557)|METHOD_ENTRY|[1]||Database.QueryLocatorIterator.next()
09:02:31.15 (1652601664)|METHOD_EXIT|[1]||Database.QueryLocatorIterator.next()
09:02:31.15 (1652615673)|VARIABLE_SCOPE_BEGIN|[1]|obj1|CronTrigger|true|false
09:02:31.15 (1652648675)|VARIABLE_ASSIGNMENT|[1]|obj1|{"Id":"08e29000006zvI8AAI","CronJobDetailId":"08a29000006zvboAAA","CronJobDetail":{"Id":"08a29000006zvboAAA","Name":"CCPullTripFromConcur (22 more) ...","JobType":"7"}}|0x7f252574
09:02:31.15 (1652659029)|STATEMENT_EXECUTE|[1]
09:02:31.15 (1652661233)|STATEMENT_EXECUTE|[2]
09:02:31.15 (1652677278)|USER_DEBUG|[2]|DEBUG|>>>
09:02:31.15 (1652687209)|STATEMENT_EXECUTE|[3]
09:02:31.15 (1652705440)|HEAP_ALLOCATE|[3]|Bytes:18
09:02:31.15 (1676934309)|METHOD_ENTRY|[1]||Database.QueryLocatorIterator.hasNext()
09:02:31.15 (1676994134)|METHOD_EXIT|[1]||Database.QueryLocatorIterator.hasNext()
09:02:31.15 (1677005489)|METHOD_ENTRY|[1]||Database.QueryLocatorIterator.next()
09:02:31.15 (1677100809)|METHOD_EXIT|[1]||Database.QueryLocatorIterator.next()
09:02:31.15 (1677116019)|VARIABLE_SCOPE_BEGIN|[1]|obj1|CronTrigger|true|false
09:02:31.15 (1677153275)|VARIABLE_ASSIGNMENT|[1]|obj1|{"Id":"08e29000006zvM2AAI","CronJobDetailId":"08a29000006zvfiAAA","CronJobDetail":{"Id":"08a29000006zvfiAAA","Name":"CCPullTripFromConcur (22 more) ...","JobType":"7"}}|0x3f0e5a26
09:02:31.15 (1677164013)|STATEMENT_EXECUTE|[1]
09:02:31.15 (1677166651)|STATEMENT_EXECUTE|[2]
09:02:31.15 (1677182063)|USER_DEBUG|[2]|DEBUG|>>>
09:02:31.15 (1677191761)|STATEMENT_EXECUTE|[3]
09:02:31.15 (1677209838)|HEAP_ALLOCATE|[3]|Bytes:18
09:02:31.15 (1728428238)|METHOD_ENTRY|[1]||Database.QueryLocatorIterator.hasNext()
09:02:31.15 (1728492873)|METHOD_EXIT|[1]||Database.QueryLocatorIterator.hasNext()
09:02:31.15 (1728503307)|METHOD_ENTRY|[1]||Database.QueryLocatorIterator.next()
09:02:31.15 (1728600582)|METHOD_EXIT|[1]||Database.QueryLocatorIterator.next()
09:02:31.15 (1728614850)|VARIABLE_SCOPE_BEGIN|[1]|obj1|CronTrigger|true|false
09:02:31.15 (1728653933)|VARIABLE_ASSIGNMENT|[1]|obj1|{"Id":"08e29000006zvRtAAI","CronJobDetailId":"08a29000006zvlZAAQ","CronJobDetail":{"Id":"08a29000006zvlZAAQ","Name":"CCPullTripFromConcur (22 more) ...","JobType":"7"}}|0x5e36b81d
09:02:31.15 (1728664023)|STATEMENT_EXECUTE|[1]
09:02:31.15 (1728666639)|STATEMENT_EXECUTE|[2]
09:02:31.15 (1728681010)|USER_DEBUG|[2]|DEBUG|>>>
09:02:31.15 (1728690471)|STATEMENT_EXECUTE|[3]
09:02:31.15 (1728708798)|HEAP_ALLOCATE|[3]|Bytes:18
09:02:31.15 (1751208276)|METHOD_ENTRY|[1]||Database.QueryLocatorIterator.hasNext()
09:02:31.15 (1751266487)|METHOD_EXIT|[1]||Database.QueryLocatorIterator.hasNext()
09:02:31.15 (1751283183)|METHOD_ENTRY|[1]||Database.QueryLocatorIterator.next()
09:02:31.15 (1751371823)|METHOD_EXIT|[1]||Database.QueryLocatorIterator.next()
09:02:31.15 (1751385730)|VARIABLE_SCOPE_BEGIN|[1]|obj1|CronTrigger|true|false
09:02:31.15 (1751428086)|VARIABLE_ASSIGNMENT|[1]|obj1|{"Id":"08e29000006zvWtAAI","CronJobDetailId":"08a29000006zvqZAAQ","CronJobDetail":{"Id":"08a29000006zvqZAAQ","Name":"CCPullTripFromConcur (22 more) ...","JobType":"7"}}|0x15d49733
09:02:31.15 (1751438274)|STATEMENT_EXECUTE|[1]
09:02:31.15 (1751440692)|STATEMENT_EXECUTE|[2]
09:02:31.15 (1751458706)|USER_DEBUG|[2]|DEBUG|>>>
09:02:31.15 (1751468367)|STATEMENT_EXECUTE|[3]
09:02:31.15 (1751483698)|HEAP_ALLOCATE|[3]|Bytes:18
09:02:31.15 (1771726477)|METHOD_ENTRY|[1]||Database.QueryLocatorIterator.hasNext()
09:02:31.15 (1771802083)|METHOD_EXIT|[1]||Database.QueryLocatorIterator.hasNext()
09:02:31.15 (1771817525)|METHOD_ENTRY|[1]||Database.QueryLocatorIterator.next()
09:02:31.15 (1771906482)|METHOD_EXIT|[1]||Database.QueryLocatorIterator.next()
09:02:31.15 (1771920560)|VARIABLE_SCOPE_BEGIN|[1]|obj1|CronTrigger|true|false
09:02:31.15 (1771958502)|VARIABLE_ASSIGNMENT|[1]|obj1|{"Id":"08e29000006zvc3AAA","CronJobDetailId":"08a29000006zvvjAAA","CronJobDetail":{"Id":"08a29000006zvvjAAA","Name":"CCPullTripFromConcur (22 more) ...","JobType":"7"}}|0x7c417aca
09:02:31.15 (1771973220)|STATEMENT_EXECUTE|[1]
09:02:31.15 (1771975727)|STATEMENT_EXECUTE|[2]
09:02:31.15 (1771990813)|USER_DEBUG|[2]|DEBUG|>>>
09:02:31.15 (1772000235)|STATEMENT_EXECUTE|[3]
09:02:31.15 (1772016086)|HEAP_ALLOCATE|[3]|Bytes:18
09:02:31.15 (1792238080)|METHOD_ENTRY|[1]||Database.QueryLocatorIterator.hasNext()
09:02:31.15 (1792298762)|METHOD_EXIT|[1]||Database.QueryLocatorIterator.hasNext()
09:02:31.15 (1792309506)|METHOD_ENTRY|[1]||Database.QueryLocatorIterator.next()
09:02:31.15 (1792398561)|METHOD_EXIT|[1]||Database.QueryLocatorIterator.next()
09:02:31.15 (1792411555)|VARIABLE_SCOPE_BEGIN|[1]|obj1|CronTrigger|true|false
09:02:31.15 (1792447092)|VARIABLE_ASSIGNMENT|[1]|obj1|{"Id":"08e29000006zvhDAAQ","CronJobDetailId":"08a29000006zw0tAAA","CronJobDetail":{"Id":"08a29000006zw0tAAA","Name":"CCPullTripFromConcur (22 more) ...","JobType":"7"}}|0x68a57284
09:02:31.15 (1792457199)|STATEMENT_EXECUTE|[1]
09:02:31.15 (1792460045)|STATEMENT_EXECUTE|[2]
09:02:31.15 (1792476324)|USER_DEBUG|[2]|DEBUG|>>>
09:02:31.15 (1792486055)|STATEMENT_EXECUTE|[3]
09:02:31.15 (1792504243)|HEAP_ALLOCATE|[3]|Bytes:18
09:02:31.15 (1813201171)|METHOD_ENTRY|[1]||Database.QueryLocatorIterator.hasNext()
09:02:31.15 (1813262791)|METHOD_EXIT|[1]||Database.QueryLocatorIterator.hasNext()
09:02:31.15 (1813273393)|METHOD_ENTRY|[1]||Database.QueryLocatorIterator.next()
09:02:31.15 (1813356328)|METHOD_EXIT|[1]||Database.QueryLocatorIterator.next()
09:02:31.15 (1813369890)|VARIABLE_SCOPE_BEGIN|[1]|obj1|CronTrigger|true|false
09:02:31.15 (1813406234)|VARIABLE_ASSIGNMENT|[1]|obj1|{"Id":"08e29000006zvltAAA","CronJobDetailId":"08a29000006zw5ZAAQ","CronJobDetail":{"Id":"08a29000006zw5ZAAQ","Name":"CCPullTripFromConcur (22 more) ...","JobType":"7"}}|0x58408f5
09:02:31.15 (1813417514)|STATEMENT_EXECUTE|[1]
09:02:31.15 (1813420089)|STATEMENT_EXECUTE|[2]
09:02:31.15 (1813436808)|USER_DEBUG|[2]|DEBUG|>>>
09:02:31.15 (1813446522)|STATEMENT_EXECUTE|[3]
09:02:31.15 (1813464799)|HEAP_ALLOCATE|[3]|Bytes:18
09:02:31.15 (1833028773)|METHOD_ENTRY|[1]||Database.QueryLocatorIterator.hasNext()
09:02:31.15 (1833094258)|METHOD_EXIT|[1]||Database.QueryLocatorIterator.hasNext()
09:02:31.15 (1833106430)|METHOD_ENTRY|[1]||Database.QueryLocatorIterator.next()
09:02:31.15 (1833187773)|METHOD_EXIT|[1]||Database.QueryLocatorIterator.next()
09:02:31.15 (1833202558)|VARIABLE_SCOPE_BEGIN|[1]|obj1|CronTrigger|true|false
09:02:31.15 (1833237401)|VARIABLE_ASSIGNMENT|[1]|obj1|{"Id":"08e29000006zvqGAAQ","CronJobDetailId":"08a29000006zw9wAAA","CronJobDetail":{"Id":"08a29000006zw9wAAA","Name":"CCPullTripFromConcur (22 more) ...","JobType":"7"}}|0x7cbcaca6
09:02:31.15 (1833246847)|STATEMENT_EXECUTE|[1]
09:02:31.15 (1833249266)|STATEMENT_EXECUTE|[2]
09:02:31.15 (1833263326)|USER_DEBUG|[2]|DEBUG|>>>
09:02:31.15 (1833272441)|STATEMENT_EXECUTE|[3]
09:02:31.15 (1833288008)|HEAP_ALLOCATE|[3]|Bytes:18
09:02:31.15 (1854051020)|METHOD_ENTRY|[1]||Database.QueryLocatorIterator.hasNext()
09:02:31.15 (1854133050)|METHOD_EXIT|[1]||Database.QueryLocatorIterator.hasNext()
09:02:31.15 (1854145281)|METHOD_ENTRY|[1]||Database.QueryLocatorIterator.next()
09:02:31.15 (1854242250)|METHOD_EXIT|[1]||Database.QueryLocatorIterator.next()
09:02:31.15 (1854257970)|VARIABLE_SCOPE_BEGIN|[1]|obj1|CronTrigger|true|false
09:02:31.15 (1854292238)|VARIABLE_ASSIGNMENT|[1]|obj1|{"Id":"08e29000006zvuHAAQ","CronJobDetailId":"08a29000006zwDxAAI","CronJobDetail":{"Id":"08a29000006zwDxAAI","Name":"CCPullTripFromConcur (22 more) ...","JobType":"7"}}|0x7b843c46
09:02:31.15 (1854302606)|STATEMENT_EXECUTE|[1]
09:02:31.15 (1854304828)|STATEMENT_EXECUTE|[2]
09:02:31.15 (1854319546)|USER_DEBUG|[2]|DEBUG|>>>
09:02:31.15 (1854328813)|STATEMENT_EXECUTE|[3]
09:02:31.15 (1854346802)|HEAP_ALLOCATE|[3]|Bytes:18
09:02:31.15 (1876552774)|METHOD_ENTRY|[1]||Database.QueryLocatorIterator.hasNext()
09:02:31.15 (1876644227)|METHOD_EXIT|[1]||Database.QueryLocatorIterator.hasNext()
09:02:31.15 (1876664275)|METHOD_ENTRY|[1]||Database.QueryLocatorIterator.next()
09:02:31.15 (1876803494)|METHOD_EXIT|[1]||Database.QueryLocatorIterator.next()
09:02:31.15 (1876832608)|VARIABLE_SCOPE_BEGIN|[1]|obj1|CronTrigger|true|false
09:02:31.15 (1876899975)|VARIABLE_ASSIGNMENT|[1]|obj1|{"Id":"08e29000006zw26AAA","CronJobDetailId":"08a29000006zwLmAAI","CronJobDetail":{"Id":"08a29000006zwLmAAI","Name":"CCPullTripFromConcur (22 more) ...","JobType":"7"}}|0x6c0974f9
09:02:31.15 (1876920818)|STATEMENT_EXECUTE|[1]
09:02:31.15 (1876924348)|STATEMENT_EXECUTE|[2]
09:02:31.15 (1876947804)|USER_DEBUG|[2]|DEBUG|>>>
09:02:31.15 (1876968426)|STATEMENT_EXECUTE|[3]
09:02:31.15 (1876989476)|HEAP_ALLOCATE|[3]|Bytes:18
09:02:31.15 (1942839123)|METHOD_ENTRY|[1]||Database.QueryLocatorIterator.hasNext()
09:02:31.15 (1942911786)|METHOD_EXIT|[1]||Database.QueryLocatorIterator.hasNext()
09:02:31.15 (1942931117)|METHOD_ENTRY|[1]||Database.QueryLocatorIterator.next()
09:02:31.15 (1943080220)|METHOD_EXIT|[1]||Database.QueryLocatorIterator.next()
09:02:31.15 (1943102431)|VARIABLE_SCOPE_BEGIN|[1]|obj1|CronTrigger|true|false
09:02:31.15 (1943152619)|VARIABLE_ASSIGNMENT|[1]|obj1|{"Id":"08e29000006zw0pAAA","CronJobDetailId":"08a29000006zwKVAAY","CronJobDetail":{"Id":"08a29000006zwKVAAY","Name":"CCPullTripFromConcur (22 more) ...","JobType":"7"}}|0xfcc121e
09:02:31.15 (1943172428)|STATEMENT_EXECUTE|[1]
09:02:31.15 (1943176010)|STATEMENT_EXECUTE|[2]
09:02:31.15 (1943199934)|USER_DEBUG|[2]|DEBUG|>>>
09:02:31.15 (1943224099)|STATEMENT_EXECUTE|[3]
09:02:31.15 (1943248547)|HEAP_ALLOCATE|[3]|Bytes:18
09:02:31.15 (1976287390)|METHOD_ENTRY|[1]||Database.QueryLocatorIterator.hasNext()
09:02:31.15 (1976387189)|METHOD_EXIT|[1]||Database.QueryLocatorIterator.hasNext()
09:02:31.15 (1976413760)|METHOD_ENTRY|[1]||Database.QueryLocatorIterator.next()
09:02:31.15 (1976569366)|METHOD_EXIT|[1]||Database.QueryLocatorIterator.next()
09:02:31.15 (1976592146)|VARIABLE_SCOPE_BEGIN|[1]|obj1|CronTrigger|true|false
09:02:31.15 (1976659744)|VARIABLE_ASSIGNMENT|[1]|obj1|{"Id":"08e29000006zwCGAAY","CronJobDetailId":"08a29000006zwVwAAI","CronJobDetail":{"Id":"08a29000006zwVwAAI","Name":"CCPullTripFromConcur (22 more) ...","JobType":"7"}}|0x3b79efee
09:02:31.15 (1976680578)|STATEMENT_EXECUTE|[1]
09:02:31.15 (1976684118)|STATEMENT_EXECUTE|[2]
09:02:31.15 (1976708553)|USER_DEBUG|[2]|DEBUG|>>>
09:02:31.15 (1976732646)|STATEMENT_EXECUTE|[3]
09:02:31.15 (1976754906)|HEAP_ALLOCATE|[3]|Bytes:18
09:02:31.15 (2012618736)|METHOD_ENTRY|[1]||Database.QueryLocatorIterator.hasNext()
09:02:31.15 (2012696629)|METHOD_EXIT|[1]||Database.QueryLocatorIterator.hasNext()
09:02:31.15 (2012720493)|METHOD_ENTRY|[1]||Database.QueryLocatorIterator.next()
09:02:31.15 (2012847177)|METHOD_EXIT|[1]||Database.QueryLocatorIterator.next()
09:02:31.15 (2012873321)|VARIABLE_SCOPE_BEGIN|[1]|obj1|CronTrigger|true|false
09:02:31.15 (2012934861)|VARIABLE_ASSIGNMENT|[1]|obj1|{"Id":"08e29000006zwGmAAI","CronJobDetailId":"08a29000006zwaSAAQ","CronJobDetail":{"Id":"08a29000006zwaSAAQ","Name":"CCPullTripFromConcur (22 more) ...","JobType":"7"}}|0x1b5479cd
09:02:31.15 (2012955463)|STATEMENT_EXECUTE|[1]
09:02:31.15 (2012959329)|STATEMENT_EXECUTE|[2]
09:02:31.15 (2012979388)|USER_DEBUG|[2]|DEBUG|>>>
09:02:31.15 (2012997599)|STATEMENT_EXECUTE|[3]
09:02:31.15 (2013019674)|HEAP_ALLOCATE|[3]|Bytes:18
09:02:32.41 (2041441156)|METHOD_ENTRY|[1]||Database.QueryLocatorIterator.hasNext()
09:02:32.41 (2041521658)|METHOD_EXIT|[1]||Database.QueryLocatorIterator.hasNext()
09:02:32.41 (2041539937)|METHOD_ENTRY|[1]||Database.QueryLocatorIterator.next()
09:02:32.41 (2041692065)|METHOD_EXIT|[1]||Database.QueryLocatorIterator.next()
09:02:32.41 (2041713266)|VARIABLE_SCOPE_BEGIN|[1]|obj1|CronTrigger|true|false
09:02:32.41 (2041764884)|VARIABLE_ASSIGNMENT|[1]|obj1|{"Id":"08e29000006zwLDAAY","CronJobDetailId":"08a29000006zwetAAA","CronJobDetail":{"Id":"08a29000006zwetAAA","Name":"CCPullTripFromConcur (22 more) ...","JobType":"7"}}|0x196a631e
09:02:32.41 (2041785692)|STATEMENT_EXECUTE|[1]
09:02:32.41 (2041789443)|STATEMENT_EXECUTE|[2]
09:02:32.41 (2041813564)|USER_DEBUG|[2]|DEBUG|>>>
09:02:32.41 (2041838895)|STATEMENT_EXECUTE|[3]
09:02:32.41 (2041864173)|HEAP_ALLOCATE|[3]|Bytes:18
09:02:32.41 (2069248866)|METHOD_ENTRY|[1]||Database.QueryLocatorIterator.hasNext()
09:02:32.41 (2069349973)|METHOD_EXIT|[1]||Database.QueryLocatorIterator.hasNext()
09:02:32.41 (2069373628)|METHOD_ENTRY|[1]||Database.QueryLocatorIterator.next()
09:02:32.41 (2069500795)|METHOD_EXIT|[1]||Database.QueryLocatorIterator.next()
09:02:32.41 (2069528160)|VARIABLE_SCOPE_BEGIN|[1]|obj1|CronTrigger|true|false
09:02:32.41 (2069583057)|VARIABLE_ASSIGNMENT|[1]|obj1|{"Id":"08e29000006zwQXAAY","CronJobDetailId":"08a29000006zwkDAAQ","CronJobDetail":{"Id":"08a29000006zwkDAAQ","Name":"CCPullTripFromConcur (22 more) ...","JobType":"7"}}|0x1884aecc
09:02:32.41 (2069599912)|STATEMENT_EXECUTE|[1]
09:02:32.41 (2069602932)|STATEMENT_EXECUTE|[2]
09:02:32.41 (2069623240)|USER_DEBUG|[2]|DEBUG|>>>
09:02:32.41 (2069640295)|STATEMENT_EXECUTE|[3]
09:02:32.41 (2069662379)|HEAP_ALLOCATE|[3]|Bytes:18
09:02:32.41 (2092983714)|METHOD_ENTRY|[1]||Database.QueryLocatorIterator.hasNext()
09:02:32.41 (2093071211)|METHOD_EXIT|[1]||Database.QueryLocatorIterator.hasNext()
09:02:32.41 (2093095957)|METHOD_ENTRY|[1]||Database.QueryLocatorIterator.next()
09:02:32.41 (2093260214)|METHOD_EXIT|[1]||Database.QueryLocatorIterator.next()
09:02:32.41 (2093282554)|VARIABLE_SCOPE_BEGIN|[1]|obj1|CronTrigger|true|false
09:02:32.41 (2093334359)|VARIABLE_ASSIGNMENT|[1]|obj1|{"Id":"08e29000006zwVDAAY","CronJobDetailId":"08a29000006zwotAAA","CronJobDetail":{"Id":"08a29000006zwotAAA","Name":"CCPullTripFromConcur (22 more) ...","JobType":"7"}}|0x786471c5
09:02:32.41 (2093351768)|STATEMENT_EXECUTE|[1]
09:02:32.41 (2093355928)|STATEMENT_EXECUTE|[2]
09:02:32.41 (2093381218)|USER_DEBUG|[2]|DEBUG|>>>
09:02:32.41 (2093405681)|STATEMENT_EXECUTE|[3]
09:02:32.41 (2093432859)|HEAP_ALLOCATE|[3]|Bytes:18
09:02:32.41 (2119625135)|METHOD_ENTRY|[1]||Database.QueryLocatorIterator.hasNext()
09:02:32.41 (2119978296)|METHOD_EXIT|[1]||Database.QueryLocatorIterator.hasNext()
09:02:32.41 (2119999830)|METHOD_ENTRY|[1]||Database.QueryLocatorIterator.next()
09:02:32.41 (2120450126)|METHOD_EXIT|[1]||Database.QueryLocatorIterator.next()
09:02:32.41 (2120473374)|VARIABLE_SCOPE_BEGIN|[1]|obj1|CronTrigger|true|false
09:02:32.41 (2120529048)|VARIABLE_ASSIGNMENT|[1]|obj1|{"Id":"08e29000006zwaSAAQ","CronJobDetailId":"08a29000006zwu8AAA","CronJobDetail":{"Id":"08a29000006zwu8AAA","Name":"CCPullTripFromConcur (22 more) ...","JobType":"7"}}|0x1dcbb594
09:02:32.41 (2120547474)|STATEMENT_EXECUTE|[1]
09:02:32.41 (2120551291)|STATEMENT_EXECUTE|[2]
09:02:32.41 (2120572294)|USER_DEBUG|[2]|DEBUG|>>>
09:02:32.41 (2120593604)|STATEMENT_EXECUTE|[3]
09:02:32.41 (2120618735)|HEAP_ALLOCATE|[3]|Bytes:18
09:02:32.41 (2151039225)|METHOD_ENTRY|[1]||Database.QueryLocatorIterator.hasNext()
09:02:32.41 (2151112215)|METHOD_EXIT|[1]||Database.QueryLocatorIterator.hasNext()
09:02:32.41 (2151124074)|METHOD_ENTRY|[1]||Database.QueryLocatorIterator.next()
09:02:32.41 (2151220209)|METHOD_EXIT|[1]||Database.QueryLocatorIterator.next()
09:02:32.41 (2151235630)|VARIABLE_SCOPE_BEGIN|[1]|obj1|CronTrigger|true|false
09:02:32.41 (2151283079)|VARIABLE_ASSIGNMENT|[1]|obj1|{"Id":"08e29000006zwf8AAA","CronJobDetailId":"08a29000006zwyoAAA","CronJobDetail":{"Id":"08a29000006zwyoAAA","Name":"CCPullTripFromConcur (22 more) ...","JobType":"7"}}|0x2e94a1
09:02:32.41 (2151294294)|STATEMENT_EXECUTE|[1]
09:02:32.41 (2151296545)|STATEMENT_EXECUTE|[2]
09:02:32.41 (2151316719)|USER_DEBUG|[2]|DEBUG|>>>
09:02:32.41 (2151326503)|STATEMENT_EXECUTE|[3]
09:02:32.41 (2151344933)|HEAP_ALLOCATE|[3]|Bytes:18
09:02:32.41 (2177104723)|METHOD_ENTRY|[1]||Database.QueryLocatorIterator.hasNext()
09:02:32.41 (2177164892)|METHOD_EXIT|[1]||Database.QueryLocatorIterator.hasNext()
09:02:32.41 (2177176154)|METHOD_ENTRY|[1]||Database.QueryLocatorIterator.next()
09:02:32.41 (2177261903)|METHOD_EXIT|[1]||Database.QueryLocatorIterator.next()
09:02:32.41 (2177276201)|VARIABLE_SCOPE_BEGIN|[1]|obj1|CronTrigger|true|false
09:02:32.41 (2177314976)|VARIABLE_ASSIGNMENT|[1]|obj1|{"Id":"08e29000006zwgbAAA","CronJobDetailId":"08a29000006zx0HAAQ","CronJobDetail":{"Id":"08a29000006zx0HAAQ","Name":"CCPullTripFromConcur (22 more) ...","JobType":"7"}}|0x1b4a5546
09:02:32.41 (2177325957)|STATEMENT_EXECUTE|[1]
09:02:32.41 (2177328377)|STATEMENT_EXECUTE|[2]
09:02:32.41 (2177344994)|USER_DEBUG|[2]|DEBUG|>>>
09:02:32.41 (2177354159)|STATEMENT_EXECUTE|[3]
09:02:32.41 (2177371080)|HEAP_ALLOCATE|[3]|Bytes:18
09:02:32.41 (2197793996)|METHOD_ENTRY|[1]||Database.QueryLocatorIterator.hasNext()
09:02:32.41 (2197848974)|METHOD_EXIT|[1]||Database.QueryLocatorIterator.hasNext()
09:02:32.41 (2197860156)|METHOD_ENTRY|[1]||Database.QueryLocatorIterator.next()
09:02:32.41 (2197942589)|METHOD_EXIT|[1]||Database.QueryLocatorIterator.next()
09:02:32.41 (2197956592)|VARIABLE_SCOPE_BEGIN|[1]|obj1|CronTrigger|true|false
09:02:32.41 (2197996864)|VARIABLE_ASSIGNMENT|[1]|obj1|{"Id":"08e29000006zwmqAAA","CronJobDetailId":"08a29000006zx6WAAQ","CronJobDetail":{"Id":"08a29000006zx6WAAQ","Name":"CCPullTripFromConcur (22 more) ...","JobType":"7"}}|0x132c1e31
09:02:32.41 (2198007223)|STATEMENT_EXECUTE|[1]
09:02:32.41 (2198010556)|STATEMENT_EXECUTE|[2]
09:02:32.41 (2198025024)|USER_DEBUG|[2]|DEBUG|>>>
09:02:32.41 (2198034574)|STATEMENT_EXECUTE|[3]
09:02:32.41 (2198049545)|HEAP_ALLOCATE|[3]|Bytes:18
09:02:32.41 (2218796397)|METHOD_ENTRY|[1]||Database.QueryLocatorIterator.hasNext()
09:02:32.41 (2218855088)|METHOD_EXIT|[1]||Database.QueryLocatorIterator.hasNext()
09:02:32.41 (2218866766)|METHOD_ENTRY|[1]||Database.QueryLocatorIterator.next()
09:02:32.41 (2218952825)|METHOD_EXIT|[1]||Database.QueryLocatorIterator.next()
09:02:32.41 (2218967121)|VARIABLE_SCOPE_BEGIN|[1]|obj1|CronTrigger|true|false
09:02:32.41 (2219008602)|VARIABLE_ASSIGNMENT|[1]|obj1|{"Id":"08e29000006zwsHAAQ","CronJobDetailId":"08a29000006zxBxAAI","CronJobDetail":{"Id":"08a29000006zxBxAAI","Name":"CCPullTripFromConcur (22 more) ...","JobType":"7"}}|0x21335a91
09:02:32.41 (2219019310)|STATEMENT_EXECUTE|[1]
09:02:32.41 (2219021957)|STATEMENT_EXECUTE|[2]
09:02:32.41 (2219038066)|USER_DEBUG|[2]|DEBUG|>>>
09:02:32.41 (2219047857)|STATEMENT_EXECUTE|[3]
09:02:32.41 (2219072353)|HEAP_ALLOCATE|[3]|Bytes:18
09:02:32.41 (2240997434)|METHOD_ENTRY|[1]||Database.QueryLocatorIterator.hasNext()
09:02:32.41 (2241065958)|METHOD_EXIT|[1]||Database.QueryLocatorIterator.hasNext()
09:02:32.41 (2241079489)|METHOD_ENTRY|[1]||Database.QueryLocatorIterator.next()
09:02:32.41 (2241170218)|METHOD_EXIT|[1]||Database.QueryLocatorIterator.next()
09:02:32.41 (2241184475)|VARIABLE_SCOPE_BEGIN|[1]|obj1|CronTrigger|true|false
09:02:32.41 (2241224336)|VARIABLE_ASSIGNMENT|[1]|obj1|{"Id":"08e29000006zwyyAAA","CronJobDetailId":"08a29000006zxIeAAI","CronJobDetail":{"Id":"08a29000006zxIeAAI","Name":"CCPullTripFromConcur (22 more) ...","JobType":"7"}}|0x475a9e35
09:02:32.41 (2241234950)|STATEMENT_EXECUTE|[1]
09:02:32.41 (2241237581)|STATEMENT_EXECUTE|[2]
09:02:32.41 (2241252191)|USER_DEBUG|[2]|DEBUG|>>>
09:02:32.41 (2241261610)|STATEMENT_EXECUTE|[3]
09:02:32.41 (2241278356)|HEAP_ALLOCATE|[3]|Bytes:18
09:02:32.41 (2261236541)|METHOD_ENTRY|[1]||Database.QueryLocatorIterator.hasNext()
09:02:32.41 (2261296522)|METHOD_EXIT|[1]||Database.QueryLocatorIterator.hasNext()
09:02:32.41 (2261307265)|METHOD_ENTRY|[1]||Database.QueryLocatorIterator.next()
09:02:32.41 (2261391316)|METHOD_EXIT|[1]||Database.QueryLocatorIterator.next()
09:02:32.41 (2261404756)|VARIABLE_SCOPE_BEGIN|[1]|obj1|CronTrigger|true|false
09:02:32.41 (2261445140)|VARIABLE_ASSIGNMENT|[1]|obj1|{"Id":"08e29000006zx3eAAA","CronJobDetailId":"08a29000006zxNKAAY","CronJobDetail":{"Id":"08a29000006zxNKAAY","Name":"CCPullTripFromConcur (22 more) ...","JobType":"7"}}|0x56e2ccff
09:02:32.41 (2261455673)|STATEMENT_EXECUTE|[1]
09:02:32.41 (2261457996)|STATEMENT_EXECUTE|[2]
09:02:32.41 (2261473590)|USER_DEBUG|[2]|DEBUG|>>>
09:02:32.41 (2261483696)|STATEMENT_EXECUTE|[3]
09:02:32.41 (2261502050)|HEAP_ALLOCATE|[3]|Bytes:18
09:02:32.41 (2283794456)|METHOD_ENTRY|[1]||Database.QueryLocatorIterator.hasNext()
09:02:32.41 (2283848362)|METHOD_EXIT|[1]||Database.QueryLocatorIterator.hasNext()
09:02:32.41 (2283858967)|METHOD_ENTRY|[1]||Database.QueryLocatorIterator.next()
09:02:32.41 (2283940511)|METHOD_EXIT|[1]||Database.QueryLocatorIterator.next()
09:02:32.41 (2283953925)|VARIABLE_SCOPE_BEGIN|[1]|obj1|CronTrigger|true|false
09:02:32.41 (2283994384)|VARIABLE_ASSIGNMENT|[1]|obj1|{"Id":"08e29000006zx9cAAA","CronJobDetailId":"08a29000006zxTIAAY","CronJobDetail":{"Id":"08a29000006zxTIAAY","Name":"CCPullTripFromConcur (22 more) ...","JobType":"7"}}|0x1ce24de2
09:02:32.41 (2284004353)|STATEMENT_EXECUTE|[1]
09:02:32.41 (2284007442)|STATEMENT_EXECUTE|[2]
09:02:32.41 (2284022417)|USER_DEBUG|[2]|DEBUG|>>>
09:02:32.41 (2284031629)|STATEMENT_EXECUTE|[3]
09:02:32.41 (2284048248)|HEAP_ALLOCATE|[3]|Bytes:18
09:02:32.41 (2308125022)|METHOD_ENTRY|[1]||Database.QueryLocatorIterator.hasNext()
09:02:32.41 (2308185926)|METHOD_EXIT|[1]||Database.QueryLocatorIterator.hasNext()
09:02:32.41 (2308196888)|METHOD_ENTRY|[1]||Database.QueryLocatorIterator.next()
09:02:32.41 (2308280947)|METHOD_EXIT|[1]||Database.QueryLocatorIterator.next()
09:02:32.41 (2308294866)|VARIABLE_SCOPE_BEGIN|[1]|obj1|CronTrigger|true|false
09:02:32.41 (2308339185)|VARIABLE_ASSIGNMENT|[1]|obj1|{"Id":"08e29000006zxDUAAY","CronJobDetailId":"08a29000006zxXAAAY","CronJobDetail":{"Id":"08a29000006zxXAAAY","Name":"CCPullTripFromConcur (22 more) ...","JobType":"7"}}|0x430a884f
09:02:32.41 (2308351809)|STATEMENT_EXECUTE|[1]
09:02:32.41 (2308354349)|STATEMENT_EXECUTE|[2]
09:02:32.41 (2308368061)|USER_DEBUG|[2]|DEBUG|>>>
09:02:32.41 (2308377748)|STATEMENT_EXECUTE|[3]
09:02:32.41 (2308395500)|HEAP_ALLOCATE|[3]|Bytes:18
09:02:32.41 (2331898458)|METHOD_ENTRY|[1]||Database.QueryLocatorIterator.hasNext()
09:02:32.41 (2331958374)|METHOD_EXIT|[1]||Database.QueryLocatorIterator.hasNext()
09:02:32.41 (2331969194)|METHOD_ENTRY|[1]||Database.QueryLocatorIterator.next()
09:02:32.41 (2332075733)|METHOD_EXIT|[1]||Database.QueryLocatorIterator.next()
09:02:32.41 (2332092139)|VARIABLE_SCOPE_BEGIN|[1]|obj1|CronTrigger|true|false
09:02:32.41 (2332129639)|VARIABLE_ASSIGNMENT|[1]|obj1|{"Id":"08e29000006zxIoAAI","CronJobDetailId":"08a29000006zxcUAAQ","CronJobDetail":{"Id":"08a29000006zxcUAAQ","Name":"CCPullTripFromConcur (22 more) ...","JobType":"7"}}|0x2058ae2f
09:02:32.41 (2332139621)|STATEMENT_EXECUTE|[1]
09:02:32.41 (2332142013)|STATEMENT_EXECUTE|[2]
09:02:32.41 (2332157062)|USER_DEBUG|[2]|DEBUG|>>>
09:02:32.41 (2332166562)|STATEMENT_EXECUTE|[3]
09:02:32.41 (2332182360)|HEAP_ALLOCATE|[3]|Bytes:18
09:02:32.41 (2352716972)|METHOD_ENTRY|[1]||Database.QueryLocatorIterator.hasNext()
09:02:32.41 (2352774268)|METHOD_EXIT|[1]||Database.QueryLocatorIterator.hasNext()
09:02:32.41 (2352785011)|METHOD_ENTRY|[1]||Database.QueryLocatorIterator.next()
09:02:32.41 (2352869088)|METHOD_EXIT|[1]||Database.QueryLocatorIterator.next()
09:02:32.41 (2352883397)|VARIABLE_SCOPE_BEGIN|[1]|obj1|CronTrigger|true|false
09:02:32.41 (2352923217)|VARIABLE_ASSIGNMENT|[1]|obj1|{"Id":"08e29000006zxO3AAI","CronJobDetailId":"08a29000006zxhjAAA","CronJobDetail":{"Id":"08a29000006zxhjAAA","Name":"CCPullTripFromConcur (22 more) ...","JobType":"7"}}|0x76cd596d
09:02:32.41 (2352933287)|STATEMENT_EXECUTE|[1]
09:02:32.41 (2352935696)|STATEMENT_EXECUTE|[2]
09:02:32.41 (2352951776)|USER_DEBUG|[2]|DEBUG|>>>
09:02:32.41 (2352961503)|STATEMENT_EXECUTE|[3]
09:02:32.41 (2352978917)|HEAP_ALLOCATE|[3]|Bytes:18
09:02:32.41 (2375357892)|METHOD_ENTRY|[1]||Database.QueryLocatorIterator.hasNext()
09:02:32.41 (2375416722)|METHOD_EXIT|[1]||Database.QueryLocatorIterator.hasNext()
09:02:32.41 (2375427517)|METHOD_ENTRY|[1]||Database.QueryLocatorIterator.next()
09:02:32.41 (2375520482)|METHOD_EXIT|[1]||Database.QueryLocatorIterator.next()
09:02:32.41 (2375534957)|VARIABLE_SCOPE_BEGIN|[1]|obj1|CronTrigger|true|false
09:02:32.41 (2375573176)|VARIABLE_ASSIGNMENT|[1]|obj1|{"Id":"08e29000006zxQeAAI","CronJobDetailId":"08a29000006zxkKAAQ","CronJobDetail":{"Id":"08a29000006zxkKAAQ","Name":"CCPullTripFromConcur (22 more) ...","JobType":"7"}}|0x4bc5f9a7
09:02:32.41 (2375583551)|STATEMENT_EXECUTE|[1]
09:02:32.41 (2375585687)|STATEMENT_EXECUTE|[2]
09:02:32.41 (2375603515)|USER_DEBUG|[2]|DEBUG|>>>
09:02:32.41 (2375612828)|STATEMENT_EXECUTE|[3]
09:02:32.41 (2375636182)|HEAP_ALLOCATE|[3]|Bytes:18
09:02:32.41 (2408634123)|METHOD_ENTRY|[1]||Database.QueryLocatorIterator.hasNext()
09:02:32.41 (2408713621)|METHOD_EXIT|[1]||Database.QueryLocatorIterator.hasNext()
09:02:32.41 (2408726499)|METHOD_ENTRY|[1]||Database.QueryLocatorIterator.next()
09:02:32.41 (2408817231)|METHOD_EXIT|[1]||Database.QueryLocatorIterator.next()
09:02:32.41 (2408831937)|VARIABLE_SCOPE_BEGIN|[1]|obj1|CronTrigger|true|false
09:02:32.41 (2408872306)|VARIABLE_ASSIGNMENT|[1]|obj1|{"Id":"08e29000006zxX5AAI","CronJobDetailId":"08a29000006zxqlAAA","CronJobDetail":{"Id":"08a29000006zxqlAAA","Name":"CCPullTripFromConcur (22 more) ...","JobType":"7"}}|0x1f18f4f8
09:02:32.41 (2408883653)|STATEMENT_EXECUTE|[1]
09:02:32.41 (2408886035)|STATEMENT_EXECUTE|[2]
09:02:32.41 (2408905084)|USER_DEBUG|[2]|DEBUG|>>>
09:02:32.41 (2408916025)|STATEMENT_EXECUTE|[3]
09:02:32.41 (2408936147)|HEAP_ALLOCATE|[3]|Bytes:18
09:02:32.41 (2433200314)|METHOD_ENTRY|[1]||Database.QueryLocatorIterator.hasNext()
09:02:32.41 (2433258428)|METHOD_EXIT|[1]||Database.QueryLocatorIterator.hasNext()
09:02:32.41 (2433268971)|METHOD_ENTRY|[1]||Database.QueryLocatorIterator.next()
09:02:32.41 (2433355239)|METHOD_EXIT|[1]||Database.QueryLocatorIterator.next()
09:02:32.41 (2433369864)|VARIABLE_SCOPE_BEGIN|[1]|obj1|CronTrigger|true|false
09:02:32.41 (2433409463)|VARIABLE_ASSIGNMENT|[1]|obj1|{"Id":"08e29000006zxbvAAA","CronJobDetailId":"08a29000006zxvbAAA","CronJobDetail":{"Id":"08a29000006zxvbAAA","Name":"CCPullTripFromConcur (22 more) ...","JobType":"7"}}|0x49132e58
09:02:32.41 (2433419940)|STATEMENT_EXECUTE|[1]
09:02:32.41 (2433422517)|STATEMENT_EXECUTE|[2]
09:02:32.41 (2433437996)|USER_DEBUG|[2]|DEBUG|>>>
09:02:32.41 (2433447513)|STATEMENT_EXECUTE|[3]
09:02:32.41 (2433464919)|HEAP_ALLOCATE|[3]|Bytes:18
09:02:32.41 (2464291088)|METHOD_ENTRY|[1]||Database.QueryLocatorIterator.hasNext()
09:02:32.41 (2464354324)|METHOD_EXIT|[1]||Database.QueryLocatorIterator.hasNext()
09:02:32.41 (2464364949)|METHOD_ENTRY|[1]||Database.QueryLocatorIterator.next()
09:02:32.41 (2464448098)|METHOD_EXIT|[1]||Database.QueryLocatorIterator.next()
09:02:32.41 (2464461760)|VARIABLE_SCOPE_BEGIN|[1]|obj1|CronTrigger|true|false
09:02:32.41 (2464502067)|VARIABLE_ASSIGNMENT|[1]|obj1|{"Id":"08e29000006zxgCAAQ","CronJobDetailId":"08a29000006zxzsAAA","CronJobDetail":{"Id":"08a29000006zxzsAAA","Name":"CCPullTripFromConcur (22 more) ...","JobType":"7"}}|0x2a1c2ea4
09:02:32.41 (2464512681)|STATEMENT_EXECUTE|[1]
09:02:32.41 (2464515157)|STATEMENT_EXECUTE|[2]
09:02:32.41 (2464529534)|USER_DEBUG|[2]|DEBUG|>>>
09:02:32.41 (2464538784)|STATEMENT_EXECUTE|[3]
09:02:32.41 (2464556603)|HEAP_ALLOCATE|[3]|Bytes:18
09:02:32.41 (2487461731)|METHOD_ENTRY|[1]||Database.QueryLocatorIterator.hasNext()
09:02:32.41 (2487519168)|METHOD_EXIT|[1]||Database.QueryLocatorIterator.hasNext()
09:02:32.41 (2487529710)|METHOD_ENTRY|[1]||Database.QueryLocatorIterator.next()
09:02:32.41 (2487612137)|METHOD_EXIT|[1]||Database.QueryLocatorIterator.next()
09:02:32.41 (2487625451)|VARIABLE_SCOPE_BEGIN|[1]|obj1|CronTrigger|true|false
09:02:32.41 (2487664469)|VARIABLE_ASSIGNMENT|[1]|obj1|{"Id":"08e29000006zxl7AAA","CronJobDetailId":"08a29000006zy4nAAA","CronJobDetail":{"Id":"08a29000006zy4nAAA","Name":"CCPullTripFromConcur (22 more) ...","JobType":"7"}}|0x23657c7
09:02:32.41 (2487674237)|STATEMENT_EXECUTE|[1]
09:02:32.41 (2487676580)|STATEMENT_EXECUTE|[2]
09:02:32.41 (2487693381)|USER_DEBUG|[2]|DEBUG|>>>
09:02:32.41 (2487703238)|STATEMENT_EXECUTE|[3]
09:02:32.41 (2487718126)|HEAP_ALLOCATE|[3]|Bytes:18
09:02:32.41 (2520062195)|METHOD_ENTRY|[1]||Database.QueryLocatorIterator.hasNext()
09:02:32.41 (2520119303)|METHOD_EXIT|[1]||Database.QueryLocatorIterator.hasNext()
09:02:32.41 (2520130013)|METHOD_ENTRY|[1]||Database.QueryLocatorIterator.next()
09:02:32.41 (2520209552)|METHOD_EXIT|[1]||Database.QueryLocatorIterator.next()
09:02:32.41 (2520223300)|VARIABLE_SCOPE_BEGIN|[1]|obj1|CronTrigger|true|false
09:02:32.41 (2520264181)|VARIABLE_ASSIGNMENT|[1]|obj1|{"Id":"08e29000006zxr6AAA","CronJobDetailId":"08a29000006zyAmAAI","CronJobDetail":{"Id":"08a29000006zyAmAAI","Name":"CCPullTripFromConcur (22 more) ...","JobType":"7"}}|0x291e72b0
09:02:32.41 (2520274871)|STATEMENT_EXECUTE|[1]
09:02:32.41 (2520277539)|STATEMENT_EXECUTE|[2]
09:02:32.41 (2520291115)|USER_DEBUG|[2]|DEBUG|>>>
09:02:32.41 (2520301003)|STATEMENT_EXECUTE|[3]
09:02:32.41 (2520316306)|HEAP_ALLOCATE|[3]|Bytes:18
09:02:32.41 (2545560666)|METHOD_ENTRY|[1]||Database.QueryLocatorIterator.hasNext()
09:02:32.41 (2545605531)|METHOD_EXIT|[1]||Database.QueryLocatorIterator.hasNext()
09:02:32.41 (2545629962)|VARIABLE_ASSIGNMENT|[1]|obj1|null|
09:02:32.549 (2549887227)|CUMULATIVE_LIMIT_USAGE
09:02:32.549 (2549887227)|LIMIT_USAGE_FOR_NS|(default)|
  Number of SOQL queries: 1 out of 100
  Number of query rows: 97 out of 50000
  Number of SOSL queries: 0 out of 20
  Number of DML statements: 97 out of 150 ******* CLOSE TO LIMIT
  Number of DML rows: 97 out of 10000
  Maximum CPU time: 499 out of 10000
  Maximum heap size: 0 out of 6000000
  Number of callouts: 0 out of 100
  Number of Email Invocations: 0 out of 10
  Number of future calls: 0 out of 50
  Number of queueable jobs added to the queue: 0 out of 50
  Number of Mobile Apex push calls: 0 out of 10

09:02:32.549 (2549887227)|CUMULATIVE_LIMIT_USAGE_END

09:02:32.41 (2549937807)|CODE_UNIT_FINISHED|execute_anonymous_apex
09:02:32.41 (2551905330)|EXECUTION_FINISHED
