38.0 APEX_CODE,FINEST;APEX_PROFILING,INFO;CALLOUT,INFO;DB,INFO;SYSTEM,DEBUG;VALIDATION,INFO;VISUALFORCE,INFO;WAVE,INFO;WORKFLOW,FINER
08:17:43.0 (289262)|USER_INFO|[EXTERNAL]|00529000000zYiy|bhakti.gujrathi@eternussolutions.com.frnstgng|Central Standard Time|GMT-06:00
08:17:43.0 (323683)|EXECUTION_STARTED
08:17:43.0 (328610)|CODE_UNIT_STARTED|[EXTERNAL]|01pj0000004Sbuc|BenefitsVOBStatus.VOBStatusCheck
08:17:43.0 (486416)|HEAP_ALLOCATE|[72]|Bytes:3
08:17:43.0 (528472)|HEAP_ALLOCATE|[77]|Bytes:152
08:17:43.0 (539552)|HEAP_ALLOCATE|[342]|Bytes:408
08:17:43.0 (549797)|HEAP_ALLOCATE|[355]|Bytes:408
08:17:43.0 (558517)|HEAP_ALLOCATE|[467]|Bytes:48
08:17:43.0 (587266)|HEAP_ALLOCATE|[139]|Bytes:6
08:17:43.0 (601411)|HEAP_ALLOCATE|[EXTERNAL]|Bytes:4
08:17:43.0 (610263)|METHOD_ENTRY|[1]|01pj0000004Sbuc|BenefitsVOBStatus.BenefitsVOBStatus()
08:17:43.0 (616397)|STATEMENT_EXECUTE|[1]
08:17:43.0 (620053)|STATEMENT_EXECUTE|[1]
08:17:43.0 (624036)|METHOD_EXIT|[1]|BenefitsVOBStatus
08:17:43.0 (628365)|HEAP_ALLOCATE|[EXTERNAL]|Bytes:15
08:17:43.0 (636249)|VARIABLE_SCOPE_BEGIN|[2]|agreementID|String|false|false
08:17:43.0 (657268)|VARIABLE_ASSIGNMENT|[2]|agreementID|"00629000004NTeZ"
08:17:43.0 (666284)|STATEMENT_EXECUTE|[2]
08:17:43.0 (668026)|STATEMENT_EXECUTE|[4]
08:17:43.0 (668944)|STATEMENT_EXECUTE|[5]
08:17:43.0 (670771)|HEAP_ALLOCATE|[5]|Bytes:66
08:17:43.0 (693887)|HEAP_ALLOCATE|[5]|Bytes:4
08:17:43.0 (705863)|HEAP_ALLOCATE|[5]|Bytes:7
08:17:43.0 (748988)|HEAP_ALLOCATE|[50]|Bytes:5
08:17:43.0 (769742)|HEAP_ALLOCATE|[56]|Bytes:5
08:17:43.0 (775894)|HEAP_ALLOCATE|[64]|Bytes:7
08:17:43.0 (3331357)|SOQL_EXECUTE_BEGIN|[5]|Aggregations:0|SELECT Id, Benefits_Status__c FROM Opportunity WHERE id = :tmpVar1
08:17:43.0 (9420638)|SOQL_EXECUTE_END|[5]|Rows:1
08:17:43.0 (9445077)|HEAP_ALLOCATE|[5]|Bytes:8
08:17:43.0 (9462899)|HEAP_ALLOCATE|[5]|Bytes:69
08:17:43.0 (9577772)|HEAP_ALLOCATE|[5]|Bytes:8
08:17:43.0 (9590065)|HEAP_ALLOCATE|[5]|Bytes:37
08:17:43.0 (9638750)|HEAP_ALLOCATE|[5]|Bytes:12
08:17:43.0 (9646117)|VARIABLE_SCOPE_BEGIN|[5]|OpportunityBS|Opportunity|true|false
08:17:43.0 (9675807)|VARIABLE_ASSIGNMENT|[5]|OpportunityBS|{"Id":"00629000004NTeZAAW","Benefits_Status__c":"Benefits Submitted"}|0x23da78b5
08:17:43.0 (9682841)|STATEMENT_EXECUTE|[7]
08:17:43.0 (9713663)|HEAP_ALLOCATE|[8]|Bytes:12
08:17:43.0 (9745004)|STATEMENT_EXECUTE|[10]
08:17:43.0 (9746493)|STATEMENT_EXECUTE|[11]
08:17:43.0 (9748444)|HEAP_ALLOCATE|[11]|Bytes:16
08:17:43.9 (9773125)|CUMULATIVE_LIMIT_USAGE
08:17:43.9 (9773125)|LIMIT_USAGE_FOR_NS|(default)|
  Number of SOQL queries: 1 out of 100
  Number of query rows: 1 out of 50000
  Number of SOSL queries: 0 out of 20
  Number of DML statements: 0 out of 150
  Number of DML rows: 0 out of 10000
  Maximum CPU time: 0 out of 10000
  Maximum heap size: 0 out of 6000000
  Number of callouts: 0 out of 100
  Number of Email Invocations: 0 out of 10
  Number of future calls: 0 out of 50
  Number of queueable jobs added to the queue: 0 out of 50
  Number of Mobile Apex push calls: 0 out of 10

08:17:43.9 (9773125)|CUMULATIVE_LIMIT_USAGE_END

08:17:43.0 (9804659)|CODE_UNIT_FINISHED|BenefitsVOBStatus.VOBStatusCheck
08:17:43.0 (10597709)|EXECUTION_FINISHED
