34.0 APEX_CODE,FINEST;APEX_PROFILING,INFO;CALLOUT,INFO;DB,INFO;SYSTEM,DEBUG;VALIDATION,INFO;VISUALFORCE,INFO;WAVE,INFO;WORKFLOW,INFO
02:23:52.0 (511436)|USER_INFO|[EXTERNAL]|005r0000001MDcg|arjun.khatri@sfmta.com.shuttledev|Pacific Standard Time|GMT-07:00
02:23:52.0 (583479)|EXECUTION_STARTED
02:23:52.0 (590239)|CODE_UNIT_STARTED|[EXTERNAL]|01pr0000000AexO|VehicleSubmittedNotificationBatchTest.test_CreateBulkVehicles
02:23:52.0 (1154849)|HEAP_ALLOCATE|[72]|Bytes:3
02:23:52.0 (1224158)|HEAP_ALLOCATE|[77]|Bytes:152
02:23:52.0 (1267422)|HEAP_ALLOCATE|[342]|Bytes:408
02:23:52.0 (1315235)|HEAP_ALLOCATE|[355]|Bytes:408
02:23:52.0 (1359302)|HEAP_ALLOCATE|[467]|Bytes:48
02:23:52.0 (1431221)|HEAP_ALLOCATE|[139]|Bytes:6
02:23:52.0 (1464050)|HEAP_ALLOCATE|[EXTERNAL]|Bytes:33
02:23:52.0 (1493320)|METHOD_ENTRY|[2]|01pr0000000AexO|VehicleSubmittedNotificationBatchTest.VehicleSubmittedNotificationBatchTest()
02:23:52.0 (1501776)|STATEMENT_EXECUTE|[2]
02:23:52.0 (1508586)|STATEMENT_EXECUTE|[2]
02:23:52.0 (1515559)|METHOD_EXIT|[2]|VehicleSubmittedNotificationBatchTest
02:23:52.0 (1593604)|HEAP_ALLOCATE|[50]|Bytes:5
02:23:52.0 (1652816)|HEAP_ALLOCATE|[56]|Bytes:5
02:23:52.0 (1680330)|HEAP_ALLOCATE|[64]|Bytes:7
02:23:52.0 (1879117)|STATEMENT_EXECUTE|[5]
02:23:52.0 (1883054)|STATEMENT_EXECUTE|[6]
02:23:52.0 (1958173)|HEAP_ALLOCATE|[6]|Bytes:4
02:23:52.0 (2022121)|VARIABLE_SCOPE_BEGIN|[6]|fieldValueMap|Map<Schema.SObjectField,ANY>|true|false
02:23:52.0 (2063960)|VARIABLE_ASSIGNMENT|[6]|fieldValueMap|{}|0x274ee06d
02:23:52.0 (2071395)|STATEMENT_EXECUTE|[9]
02:23:52.0 (2076000)|HEAP_ALLOCATE|[9]|Bytes:7
02:23:52.0 (2081259)|HEAP_ALLOCATE|[9]|Bytes:4
02:23:52.0 (2157067)|HEAP_ALLOCATE|[9]|Bytes:12
02:23:52.0 (2226578)|HEAP_ALLOCATE|[EXTERNAL]|Bytes:-4
02:23:52.0 (2241283)|STATEMENT_EXECUTE|[10]
02:23:52.0 (2246187)|HEAP_ALLOCATE|[10]|Bytes:14
02:23:52.0 (2286130)|HEAP_ALLOCATE|[10]|Bytes:13
02:23:52.0 (2322789)|HEAP_ALLOCATE|[EXTERNAL]|Bytes:-4
02:23:52.0 (2333744)|STATEMENT_EXECUTE|[11]
02:23:52.0 (2338600)|HEAP_ALLOCATE|[11]|Bytes:13
02:23:52.0 (2424175)|HEAP_ALLOCATE|[11]|Bytes:4
02:23:52.0 (2442158)|HEAP_ALLOCATE|[11]|Bytes:9
02:23:52.0 (2457056)|HEAP_ALLOCATE|[11]|Bytes:13
02:23:52.0 (2471676)|HEAP_ALLOCATE|[EXTERNAL]|Bytes:-4
02:23:52.0 (2479852)|STATEMENT_EXECUTE|[12]
02:23:52.0 (2483898)|HEAP_ALLOCATE|[12]|Bytes:11
02:23:52.0 (2518407)|HEAP_ALLOCATE|[12]|Bytes:4
02:23:52.0 (2553970)|HEAP_ALLOCATE|[EXTERNAL]|Bytes:-4
02:23:52.0 (2564611)|STATEMENT_EXECUTE|[13]
02:23:52.0 (2569245)|HEAP_ALLOCATE|[13]|Bytes:17
02:23:52.0 (2603164)|HEAP_ALLOCATE|[13]|Bytes:4
02:23:52.0 (2636883)|HEAP_ALLOCATE|[EXTERNAL]|Bytes:-4
02:23:52.0 (2647166)|STATEMENT_EXECUTE|[14]
02:23:52.0 (2651680)|HEAP_ALLOCATE|[14]|Bytes:12
02:23:52.0 (2689514)|HEAP_ALLOCATE|[14]|Bytes:4
02:23:52.0 (2723846)|HEAP_ALLOCATE|[EXTERNAL]|Bytes:-4
02:23:52.0 (2734277)|STATEMENT_EXECUTE|[15]
02:23:52.0 (2739034)|HEAP_ALLOCATE|[15]|Bytes:5
02:23:52.0 (2774581)|HEAP_ALLOCATE|[15]|Bytes:6
02:23:52.0 (2812773)|HEAP_ALLOCATE|[EXTERNAL]|Bytes:-4
02:23:52.0 (2824261)|STATEMENT_EXECUTE|[16]
02:23:52.0 (2829375)|HEAP_ALLOCATE|[16]|Bytes:7
02:23:52.0 (2866297)|HEAP_ALLOCATE|[16]|Bytes:19
02:23:52.0 (2901043)|HEAP_ALLOCATE|[EXTERNAL]|Bytes:-4
02:23:52.0 (2911407)|STATEMENT_EXECUTE|[17]
02:23:52.0 (2915748)|HEAP_ALLOCATE|[17]|Bytes:18
02:23:52.0 (3027828)|HEAP_ALLOCATE|[17]|Bytes:2
02:23:52.0 (3067494)|HEAP_ALLOCATE|[EXTERNAL]|Bytes:-4
02:23:52.0 (3078580)|STATEMENT_EXECUTE|[18]
02:23:52.0 (3121151)|HEAP_ALLOCATE|[18]|Bytes:46
02:23:52.0 (3160509)|METHOD_ENTRY|[36]|01pt0000000Tahz|SObjectBuilder.SObjectBuilder()
02:23:52.0 (3168047)|STATEMENT_EXECUTE|[36]
02:23:52.0 (3172752)|STATEMENT_EXECUTE|[36]
02:23:52.0 (3177463)|METHOD_EXIT|[36]|SObjectBuilder
02:23:52.0 (3237909)|HEAP_ALLOCATE|[18]|Bytes:24
02:23:52.0 (3286695)|CONSTRUCTOR_ENTRY|[18]|01pt0000000Tahz|<init>(Schema.SObjectType)
02:23:52.0 (3319458)|VARIABLE_SCOPE_BEGIN|[48]|this|SObjectBuilder|true|false
02:23:52.0 (3363936)|VARIABLE_ASSIGNMENT|[48]|this|{}|0x5491e34f
02:23:52.0 (3372814)|VARIABLE_SCOPE_BEGIN|[48]|sObjectType|Schema.SObjectType|true|false
02:23:52.0 (3563254)|VARIABLE_ASSIGNMENT|[48]|sObjectType|"common.apex.runtime.impl.ApexSObjectTypeToken@7120eb0b"|0x7120eb0b
02:23:52.0 (3657422)|STATEMENT_EXECUTE|[36]
02:23:52.0 (3660209)|STATEMENT_EXECUTE|[37]
02:23:52.0 (3661197)|STATEMENT_EXECUTE|[38]
02:23:52.0 (3662033)|STATEMENT_EXECUTE|[39]
02:23:52.0 (3663010)|STATEMENT_EXECUTE|[41]
02:23:52.0 (3663925)|STATEMENT_EXECUTE|[42]
02:23:52.0 (3672200)|HEAP_ALLOCATE|[49]|Bytes:6
02:23:52.0 (3703020)|STATEMENT_EXECUTE|[48]
02:23:52.0 (3704788)|STATEMENT_EXECUTE|[49]
02:23:52.0 (3709558)|HEAP_ALLOCATE|[49]|Bytes:4
02:23:52.0 (3726473)|VARIABLE_ASSIGNMENT|[49]|this.recordCount|1|0x5491e34f
02:23:52.0 (3731782)|STATEMENT_EXECUTE|[50]
02:23:52.0 (3805246)|VARIABLE_ASSIGNMENT|[50]|this.sObjectType|"common.apex.runtime.impl.ApexSObjectTypeToken@7120eb0b"|0x5491e34f
02:23:52.0 (3819522)|STATEMENT_EXECUTE|[51]
02:23:52.0 (3824865)|HEAP_ALLOCATE|[51]|Bytes:4
02:23:52.0 (3847742)|VARIABLE_ASSIGNMENT|[51]|this.fieldToValue|{}|0x5491e34f
02:23:52.0 (3862843)|CONSTRUCTOR_EXIT|[18]|01pt0000000Tahz|<init>(Schema.SObjectType)
02:23:52.0 (3903693)|METHOD_ENTRY|[18]|01pt0000000Tahz|SObjectBuilder.count(Integer)
02:23:52.0 (3914441)|VARIABLE_SCOPE_BEGIN|[70]|this|SObjectBuilder|true|false
02:23:52.0 (4056793)|VARIABLE_ASSIGNMENT|[70]|this|{"fieldToValue":"0x786329b5","recordCount":1,"sObjectType":"common.apex.runtime.impl.ApexSObjectTypeToken@7120eb0b"}|0x5491e34f
02:23:52.0 (4077577)|VARIABLE_SCOPE_BEGIN|[70]|recordCount|Integer|false|false
02:23:52.0 (4094164)|VARIABLE_ASSIGNMENT|[70]|recordCount|3
02:23:52.0 (4163601)|STATEMENT_EXECUTE|[70]
02:23:52.0 (4167553)|STATEMENT_EXECUTE|[71]
02:23:52.0 (4172407)|HEAP_ALLOCATE|[71]|Bytes:4
02:23:52.0 (4190999)|VARIABLE_ASSIGNMENT|[71]|this.recordCount|3|0x5491e34f
02:23:52.0 (4203052)|STATEMENT_EXECUTE|[72]
02:23:52.0 (4213945)|METHOD_EXIT|[18]|01pt0000000Tahz|SObjectBuilder.count(Integer)
02:23:52.0 (4278033)|HEAP_ALLOCATE|[18]|Bytes:11
02:23:52.0 (4319346)|METHOD_ENTRY|[18]|01pt0000000Tahz|SObjectBuilder.put(Schema.SObjectField, Object)
02:23:52.0 (4337607)|VARIABLE_SCOPE_BEGIN|[83]|this|SObjectBuilder|true|false
02:23:52.0 (4448245)|VARIABLE_ASSIGNMENT|[83]|this|{"fieldToValue":"0x786329b5","recordCount":3,"sObjectType":"common.apex.runtime.impl.ApexSObjectTypeToken@7120eb0b"}|0x5491e34f
02:23:52.0 (4460068)|VARIABLE_SCOPE_BEGIN|[83]|field|Schema.SObjectField|true|false
02:23:52.0 (4518386)|VARIABLE_ASSIGNMENT|[83]|field|"common.apex.runtime.impl.ApexFieldToken@3dae3bd6"|0x3dae3bd6
02:23:52.0 (4535924)|VARIABLE_SCOPE_BEGIN|[83]|value|Object|false|false
02:23:52.0 (4545731)|VARIABLE_ASSIGNMENT|[83]|value|"TestAccount"
02:23:52.0 (4571377)|STATEMENT_EXECUTE|[83]
02:23:52.0 (4573365)|STATEMENT_EXECUTE|[84]
02:23:52.0 (4642797)|HEAP_ALLOCATE|[EXTERNAL]|Bytes:-4
02:23:52.0 (4656334)|STATEMENT_EXECUTE|[85]
02:23:52.0 (4662516)|METHOD_EXIT|[18]|01pt0000000Tahz|SObjectBuilder.put(Schema.SObjectField, Object)
02:23:52.0 (4675103)|METHOD_ENTRY|[18]|01pt0000000Tahz|SObjectBuilder.create()
02:23:52.0 (4683940)|VARIABLE_SCOPE_BEGIN|[128]|this|SObjectBuilder|true|false
02:23:52.0 (4771739)|VARIABLE_ASSIGNMENT|[128]|this|{"fieldToValue":"0x786329b5","recordCount":3,"sObjectType":"common.apex.runtime.impl.ApexSObjectTypeToken@7120eb0b"}|0x5491e34f
02:23:52.0 (4817795)|STATEMENT_EXECUTE|[128]
02:23:52.0 (4820240)|STATEMENT_EXECUTE|[129]
02:23:52.0 (4830522)|METHOD_ENTRY|[129]|01pt0000000Tahz|SObjectBuilder.getState()
02:23:52.0 (4871955)|VARIABLE_SCOPE_BEGIN|[183]|this|SObjectBuilder|true|false
02:23:52.0 (4959865)|VARIABLE_ASSIGNMENT|[183]|this|{"fieldToValue":"0x786329b5","recordCount":3,"sObjectType":"common.apex.runtime.impl.ApexSObjectTypeToken@7120eb0b"}|0x5491e34f
02:23:52.0 (4985925)|STATEMENT_EXECUTE|[183]
02:23:52.0 (4987979)|STATEMENT_EXECUTE|[184]
02:23:52.0 (4993643)|HEAP_ALLOCATE|[184]|Bytes:5
02:23:52.0 (5014502)|METHOD_ENTRY|[8]|01pt0000000Tai1|SObjectFactoryState.SObjectFactoryState()
02:23:52.0 (5024553)|STATEMENT_EXECUTE|[8]
02:23:52.0 (5028662)|STATEMENT_EXECUTE|[8]
02:23:52.0 (5033510)|METHOD_EXIT|[8]|SObjectFactoryState
02:23:52.0 (5056785)|HEAP_ALLOCATE|[184]|Bytes:16
02:23:52.0 (5077271)|CONSTRUCTOR_ENTRY|[184]|01pt0000000Tai1|<init>(Integer,Schema.SObjectType,String)
02:23:52.0 (5101002)|VARIABLE_SCOPE_BEGIN|[28]|this|SObjectFactoryState|true|false
02:23:52.0 (5128191)|VARIABLE_ASSIGNMENT|[28]|this|{}|0x103d1b6d
02:23:52.0 (5136435)|VARIABLE_SCOPE_BEGIN|[28]|count|Integer|false|false
02:23:52.0 (5144676)|VARIABLE_ASSIGNMENT|[28]|count|3
02:23:52.0 (5149226)|VARIABLE_SCOPE_BEGIN|[28]|sObjectType|Schema.SObjectType|true|false
02:23:52.0 (5203331)|VARIABLE_ASSIGNMENT|[28]|sObjectType|"common.apex.runtime.impl.ApexSObjectTypeToken@7120eb0b"|0x7120eb0b
02:23:52.0 (5214259)|VARIABLE_SCOPE_BEGIN|[28]|template|String|false|false
02:23:52.0 (5222493)|VARIABLE_ASSIGNMENT|[28]|template|null
02:23:52.0 (5239790)|STATEMENT_EXECUTE|[8]
02:23:52.0 (5241434)|STATEMENT_EXECUTE|[12]
02:23:52.0 (5242466)|STATEMENT_EXECUTE|[16]
02:23:52.0 (5243370)|STATEMENT_EXECUTE|[20]
02:23:52.0 (5257273)|STATEMENT_EXECUTE|[28]
02:23:52.0 (5258729)|STATEMENT_EXECUTE|[29]
02:23:52.0 (5272078)|VARIABLE_ASSIGNMENT|[29]|this.count|3|0x103d1b6d
02:23:52.0 (5279323)|STATEMENT_EXECUTE|[30]
02:23:52.0 (5333767)|VARIABLE_ASSIGNMENT|[30]|this.sObjectType|"common.apex.runtime.impl.ApexSObjectTypeToken@7120eb0b"|0x103d1b6d
02:23:52.0 (5344062)|STATEMENT_EXECUTE|[31]
02:23:52.0 (5358453)|VARIABLE_ASSIGNMENT|[31]|this.template|null|0x103d1b6d
02:23:52.0 (5371922)|CONSTRUCTOR_EXIT|[184]|01pt0000000Tai1|<init>(Integer,Schema.SObjectType,String)
02:23:52.0 (5381318)|METHOD_EXIT|[129]|01pt0000000Tahz|SObjectBuilder.getState()
02:23:52.0 (5486174)|VARIABLE_SCOPE_BEGIN|[30]|SObjectFactory.ADMIN_USER|User|true|true
02:23:52.0 (5499037)|VARIABLE_SCOPE_BEGIN|[23]|SObjectFactory.CREATE_ERROR|String|false|true
02:23:52.0 (5512434)|HEAP_ALLOCATE|[129]|Bytes:23
02:23:52.0 (5519501)|HEAP_ALLOCATE|[129]|Bytes:108
02:23:52.0 (5524033)|HEAP_ALLOCATE|[129]|Bytes:159
02:23:52.0 (5528638)|HEAP_ALLOCATE|[129]|Bytes:52
02:23:52.0 (5539396)|VARIABLE_ASSIGNMENT|[129]|SObjectFactory.CREATE_ERROR|"SObjectFactory Creat (32 more) ..."
02:23:52.0 (5557292)|METHOD_ENTRY|[21]|01pt0000000Tai0|SObjectFactory.SObjectFactory()
02:23:52.0 (5563148)|STATEMENT_EXECUTE|[21]
02:23:52.0 (5566524)|STATEMENT_EXECUTE|[21]
02:23:52.0 (5568045)|STATEMENT_EXECUTE|[24]
02:23:52.0 (5572082)|METHOD_EXIT|[21]|SObjectFactory
02:23:52.0 (5592439)|METHOD_ENTRY|[129]|01pt0000000Tai0|SObjectFactory.create(SObjectFactoryState, Map<Schema.SObjectField,ANY>)
02:23:52.0 (5603040)|VARIABLE_SCOPE_BEGIN|[123]|state|SObjectFactoryState|true|false
02:23:52.0 (5687728)|VARIABLE_ASSIGNMENT|[123]|state|{"count":3,"sObjectType":"common.apex.runtime.impl.ApexSObjectTypeToken@7120eb0b"}|0x103d1b6d
02:23:52.0 (5698624)|VARIABLE_SCOPE_BEGIN|[123]|fieldToValue|Map<Schema.SObjectField,ANY>|true|false
02:23:52.0 (5919548)|VARIABLE_ASSIGNMENT|[123]|fieldToValue|"{Name=TestAccount}"|0x786329b5
02:23:52.0 (5948129)|STATEMENT_EXECUTE|[123]
02:23:52.0 (5949947)|STATEMENT_EXECUTE|[124]
02:23:52.0 (5967530)|METHOD_ENTRY|[124]|01pt0000000Tai0|SObjectFactory.build(SObjectFactoryState, Map<Schema.SObjectField,ANY>)
02:23:52.0 (6070786)|VARIABLE_SCOPE_BEGIN|[144]|state|SObjectFactoryState|true|false
02:23:52.0 (6154636)|VARIABLE_ASSIGNMENT|[144]|state|{"count":3,"sObjectType":"common.apex.runtime.impl.ApexSObjectTypeToken@7120eb0b"}|0x103d1b6d
02:23:52.0 (6165212)|VARIABLE_SCOPE_BEGIN|[144]|fieldToValue|Map<Schema.SObjectField,ANY>|true|false
02:23:52.0 (6323757)|VARIABLE_ASSIGNMENT|[144]|fieldToValue|"{Name=TestAccount}"|0x786329b5
02:23:52.0 (6351378)|STATEMENT_EXECUTE|[144]
02:23:52.0 (6353175)|STATEMENT_EXECUTE|[145]
02:23:52.0 (6392363)|VARIABLE_SCOPE_BEGIN|[15]|RequiredFieldsCache.DEFAULT_DATE|Date|false|true
02:23:52.0 (6404436)|VARIABLE_SCOPE_BEGIN|[14]|RequiredFieldsCache.TEMPLATE_ERROR_MSG|String|false|true
02:23:52.0 (6466718)|VARIABLE_SCOPE_BEGIN|[56]|RequiredFieldsCache.objectTypeToFields|Map<Schema.SObjectType,Map<Schema.SObjectField,ANY>>|true|true
02:23:52.0 (6528198)|VARIABLE_SCOPE_BEGIN|[151]|RequiredFieldsCache.templateToFields|Map<Schema.SObjectType,Map<String,Map<Schema.SObjectField,ANY>>>|true|true
02:23:52.0 (6556908)|HEAP_ALLOCATE|[145]|Bytes:28
02:23:52.0 (6572437)|HEAP_ALLOCATE|[145]|Bytes:2
02:23:52.0 (6597656)|HEAP_ALLOCATE|[145]|Bytes:106
02:23:52.0 (6621378)|VARIABLE_ASSIGNMENT|[145]|RequiredFieldsCache.TEMPLATE_ERROR_MSG|"The template \"{0}\" f (86 more) ..."
02:23:52.0 (6647912)|METHOD_ENTRY|[12]|01pt0000000Tahy|RequiredFieldsCache.RequiredFieldsCache()
02:23:52.0 (6658029)|STATEMENT_EXECUTE|[12]
02:23:52.0 (6662703)|STATEMENT_EXECUTE|[12]
02:23:52.0 (6664952)|STATEMENT_EXECUTE|[13]
02:23:52.0 (6666711)|STATEMENT_EXECUTE|[15]
02:23:52.0 (6735433)|HEAP_ALLOCATE|[15]|Bytes:4
02:23:52.0 (6779118)|HEAP_ALLOCATE|[15]|Bytes:4
02:23:52.0 (6846555)|VARIABLE_ASSIGNMENT|[15]|RequiredFieldsCache.DEFAULT_DATE|"2017-09-14T00:00:00.000Z"
02:23:52.0 (6858125)|STATEMENT_EXECUTE|[56]
02:23:52.0 (6864888)|HEAP_ALLOCATE|[57]|Bytes:4
02:23:52.0 (6921867)|HEAP_ALLOCATE|[59]|Bytes:4
02:23:52.0 (6967618)|HEAP_ALLOCATE|[61]|Bytes:12
02:23:52.0 (7105262)|HEAP_ALLOCATE|[63]|Bytes:8
02:23:52.0 (7147861)|HEAP_ALLOCATE|[63]|Bytes:4
02:23:52.0 (7195985)|HEAP_ALLOCATE|[65]|Bytes:12
02:23:52.0 (7263485)|HEAP_ALLOCATE|[67]|Bytes:7
02:23:52.0 (7301348)|HEAP_ALLOCATE|[67]|Bytes:4
02:23:52.0 (7314660)|HEAP_ALLOCATE|[67]|Bytes:8
02:23:52.0 (7359266)|HEAP_ALLOCATE|[69]|Bytes:9
02:23:52.0 (7435774)|HEAP_ALLOCATE|[71]|Bytes:8
02:23:52.0 (7478129)|HEAP_ALLOCATE|[71]|Bytes:4
02:23:52.0 (7502251)|HEAP_ALLOCATE|[75]|Bytes:5
02:23:52.0 (7558565)|HEAP_ALLOCATE|[75]|Bytes:4
02:23:52.0 (7591250)|HEAP_ALLOCATE|[75]|Bytes:17
02:23:52.0 (7686915)|HEAP_ALLOCATE|[75]|Bytes:4
02:23:52.0 (7727898)|HEAP_ALLOCATE|[75]|Bytes:16
02:23:52.0 (7823960)|HEAP_ALLOCATE|[80]|Bytes:5
02:23:52.0 (7860543)|HEAP_ALLOCATE|[80]|Bytes:4
02:23:52.0 (7912268)|HEAP_ALLOCATE|[82]|Bytes:10
02:23:52.0 (7986352)|HEAP_ALLOCATE|[84]|Bytes:4
02:23:52.0 (8021183)|HEAP_ALLOCATE|[84]|Bytes:4
02:23:52.0 (8034288)|HEAP_ALLOCATE|[84]|Bytes:5
02:23:52.0 (8070705)|HEAP_ALLOCATE|[86]|Bytes:2
02:23:52.0 (8143906)|HEAP_ALLOCATE|[87]|Bytes:6
02:23:52.0 (8166413)|HEAP_ALLOCATE|[84]|Bytes:7
02:23:52.0 (8200508)|HEAP_ALLOCATE|[88]|Bytes:10
02:23:52.0 (8225546)|HEAP_ALLOCATE|[90]|Bytes:11
02:23:52.0 (8249387)|HEAP_ALLOCATE|[90]|Bytes:4
02:23:52.0 (8258830)|HEAP_ALLOCATE|[90]|Bytes:9
02:23:52.0 (8290565)|HEAP_ALLOCATE|[92]|Bytes:5
02:23:52.0 (8363934)|HEAP_ALLOCATE|[93]|Bytes:16
02:23:52.0 (8385638)|HEAP_ALLOCATE|[90]|Bytes:9
02:23:52.0 (8446067)|HEAP_ALLOCATE|[96]|Bytes:10
02:23:52.0 (8480800)|HEAP_ALLOCATE|[96]|Bytes:4
02:23:52.0 (8517883)|HEAP_ALLOCATE|[98]|Bytes:14
02:23:52.0 (8564648)|HEAP_ALLOCATE|[100]|Bytes:14
02:23:52.0 (8598592)|HEAP_ALLOCATE|[100]|Bytes:4
02:23:52.0 (8608985)|HEAP_ALLOCATE|[100]|Bytes:12
02:23:52.0 (8692421)|HEAP_ALLOCATE|[103]|Bytes:63
02:23:52.0 (8727500)|SYSTEM_METHOD_ENTRY|[1]|Test.Test()
02:23:52.0 (8733332)|STATEMENT_EXECUTE|[1]
02:23:52.0 (8740616)|SYSTEM_METHOD_EXIT|[1]|Test
02:23:52.0 (8755486)|METHOD_ENTRY|[103]||System.Test.getStandardPricebookId()
02:23:52.0 (20950852)|METHOD_EXIT|[103]||System.Test.getStandardPricebookId()
02:23:52.0 (21029072)|HEAP_ALLOCATE|[100]|Bytes:9
02:23:52.0 (21097558)|HEAP_ALLOCATE|[100]|Bytes:4
02:23:52.0 (21130219)|HEAP_ALLOCATE|[106]|Bytes:8
02:23:52.0 (21178364)|HEAP_ALLOCATE|[106]|Bytes:4
02:23:52.0 (21218685)|HEAP_ALLOCATE|[108]|Bytes:15
02:23:52.0 (21268900)|HEAP_ALLOCATE|[110]|Bytes:4
02:23:52.0 (21306818)|HEAP_ALLOCATE|[110]|Bytes:4
02:23:52.0 (21323729)|HEAP_ALLOCATE|[110]|Bytes:8
02:23:52.0 (21415106)|HEAP_ALLOCATE|[110]|Bytes:5
02:23:52.0 (21464882)|HEAP_ALLOCATE|[113]|Bytes:3
02:23:52.0 (21486965)|HEAP_ALLOCATE|[110]|Bytes:12
02:23:52.0 (21521109)|HEAP_ALLOCATE|[114]|Bytes:5
02:23:52.0 (21541955)|HEAP_ALLOCATE|[110]|Bytes:17
02:23:52.0 (21604727)|HEAP_ALLOCATE|[110]|Bytes:16
02:23:52.0 (21651626)|HEAP_ALLOCATE|[116]|Bytes:10
02:23:52.0 (21673758)|HEAP_ALLOCATE|[110]|Bytes:5
02:23:52.0 (21707403)|HEAP_ALLOCATE|[117]|Bytes:22
02:23:52.0 (21727437)|HEAP_ALLOCATE|[110]|Bytes:14
02:23:52.0 (21759537)|HEAP_ALLOCATE|[118]|Bytes:16
02:23:52.0 (21779550)|HEAP_ALLOCATE|[110]|Bytes:9
02:23:52.0 (21935288)|VARIABLE_SCOPE_BEGIN|[8]|SObjectFieldProviders.ERROR_INVALID_PADDING|String|false|true
02:23:52.0 (21948784)|VARIABLE_SCOPE_BEGIN|[10]|SObjectFieldProviders.ERROR_MISSING_PROFILE|String|false|true
02:23:52.0 (21957044)|VARIABLE_SCOPE_BEGIN|[9]|SObjectFieldProviders.ERROR_NON_ID_FIELD|String|false|true
02:23:52.0 (21974609)|VARIABLE_SCOPE_BEGIN|[51]|SObjectFieldProviders.adminProfileProvider|IFieldProvider|true|true
02:23:52.0 (22044727)|VARIABLE_SCOPE_BEGIN|[22]|SObjectFieldProviders.profilesByName|Map<String,Profile>|true|true
02:23:52.0 (22060797)|VARIABLE_SCOPE_BEGIN|[38]|SObjectFieldProviders.standardProfileProvider|IFieldProvider|true|true
02:23:52.0 (22069802)|VARIABLE_SCOPE_BEGIN|[12]|SObjectFieldProviders.uniqueCounter|Integer|false|true
02:23:52.0 (22085443)|HEAP_ALLOCATE|[119]|Bytes:138
02:23:52.0 (22093620)|HEAP_ALLOCATE|[119]|Bytes:180
02:23:52.0 (22098302)|HEAP_ALLOCATE|[119]|Bytes:11
02:23:52.0 (22102551)|HEAP_ALLOCATE|[119]|Bytes:81
02:23:52.0 (22119300)|VARIABLE_ASSIGNMENT|[119]|SObjectFieldProviders.ERROR_INVALID_PADDING|"The character \"{0}\"  (61 more) ..."
02:23:52.0 (22126008)|HEAP_ALLOCATE|[119]|Bytes:33
02:23:52.0 (22134769)|VARIABLE_ASSIGNMENT|[119]|SObjectFieldProviders.ERROR_MISSING_PROFILE|"The profile \"{0}\" do (13 more) ..."
02:23:52.0 (22139793)|HEAP_ALLOCATE|[119]|Bytes:102
02:23:52.0 (22147217)|VARIABLE_ASSIGNMENT|[119]|SObjectFieldProviders.ERROR_NON_ID_FIELD|"Dynamic ID providers (82 more) ..."
02:23:52.0 (22172108)|METHOD_ENTRY|[7]|01pt0000000Tai2|SObjectFieldProviders.SObjectFieldProviders()
02:23:52.0 (22178670)|STATEMENT_EXECUTE|[7]
02:23:52.0 (22183962)|STATEMENT_EXECUTE|[7]
02:23:52.0 (22185297)|STATEMENT_EXECUTE|[12]
02:23:52.0 (22191295)|HEAP_ALLOCATE|[12]|Bytes:4
02:23:52.0 (22201888)|VARIABLE_ASSIGNMENT|[12]|SObjectFieldProviders.uniqueCounter|0
02:23:52.0 (22206910)|STATEMENT_EXECUTE|[19]
02:23:52.0 (22208125)|STATEMENT_EXECUTE|[69]
02:23:52.0 (22209137)|STATEMENT_EXECUTE|[101]
02:23:52.0 (22210612)|STATEMENT_EXECUTE|[184]
02:23:52.0 (22211667)|STATEMENT_EXECUTE|[266]
02:23:52.0 (22213292)|STATEMENT_EXECUTE|[310]
02:23:52.0 (22214422)|STATEMENT_EXECUTE|[364]
02:23:52.0 (22220847)|METHOD_EXIT|[7]|SObjectFieldProviders
02:23:52.0 (22274184)|STATEMENT_EXECUTE|[39]
02:23:52.0 (22281257)|STATEMENT_EXECUTE|[40]
02:23:52.0 (22282463)|STATEMENT_EXECUTE|[41]
02:23:52.0 (22306940)|HEAP_ALLOCATE|[41]|Bytes:96
02:23:52.0 (22315404)|HEAP_ALLOCATE|[41]|Bytes:11
02:23:52.0 (22338409)|HEAP_ALLOCATE|[41]|Bytes:12
02:23:52.0 (22345303)|HEAP_ALLOCATE|[41]|Bytes:13
02:23:52.0 (22373313)|CONSTRUCTOR_ENTRY|[41]|01pt0000000Tai2|<init>(String)
02:23:52.0 (22414538)|VARIABLE_SCOPE_BEGIN|[387]|this|SObjectFieldProviders.ProfileProvider|true|false
02:23:52.0 (22458095)|VARIABLE_ASSIGNMENT|[387]|this|{}|0x183bbaa9
02:23:52.0 (22466591)|VARIABLE_SCOPE_BEGIN|[387]|profileName|String|false|false
02:23:52.0 (22475582)|VARIABLE_ASSIGNMENT|[387]|profileName|"Standard User"
02:23:52.0 (22511139)|STATEMENT_EXECUTE|[364]
02:23:52.0 (22513462)|STATEMENT_EXECUTE|[365]
02:23:52.0 (22514541)|STATEMENT_EXECUTE|[366]
02:23:52.0 (22546319)|STATEMENT_EXECUTE|[387]
02:23:52.0 (22549516)|STATEMENT_EXECUTE|[388]
02:23:52.0 (22566716)|VARIABLE_ASSIGNMENT|[388]|this.profileName|"Standard User"|0x183bbaa9
02:23:52.0 (22593258)|CONSTRUCTOR_EXIT|[41]|01pt0000000Tai2|<init>(String)
02:23:52.0 (22641995)|VARIABLE_ASSIGNMENT|[41]|SObjectFieldProviders.standardProfileProvider|{"profileName":"Standard User"}|0x183bbaa9
02:23:52.0 (22656614)|STATEMENT_EXECUTE|[43]
02:23:52.0 (22710685)|HEAP_ALLOCATE|[110]|Bytes:5
02:23:52.0 (22781865)|HEAP_ALLOCATE|[120]|Bytes:120
02:23:52.0 (22791770)|HEAP_ALLOCATE|[120]|Bytes:27
02:23:52.0 (22812741)|HEAP_ALLOCATE|[120]|Bytes:16
02:23:52.0 (22820070)|HEAP_ALLOCATE|[120]|Bytes:3
02:23:52.0 (22845799)|CONSTRUCTOR_ENTRY|[120]|01pt0000000Tai2|<init>(String,Integer)
02:23:52.0 (22872555)|VARIABLE_SCOPE_BEGIN|[129]|this|SObjectFieldProviders.UniqueFixedLengthStringProvider|true|false
02:23:52.0 (22907192)|HEAP_ALLOCATE|[130]|Bytes:84
02:23:52.0 (23009630)|HEAP_ALLOCATE|[130]|Bytes:11
02:23:52.0 (23036626)|VARIABLE_ASSIGNMENT|[129]|this|{}|0x34f2c3b2
02:23:52.0 (23045527)|VARIABLE_SCOPE_BEGIN|[129]|base|String|false|false
02:23:52.0 (23054726)|VARIABLE_ASSIGNMENT|[129]|base|"abc"
02:23:52.0 (23059584)|VARIABLE_SCOPE_BEGIN|[129]|length|Integer|false|false
02:23:52.0 (23066730)|VARIABLE_ASSIGNMENT|[129]|length|7
02:23:52.0 (23083292)|STATEMENT_EXECUTE|[130]
02:23:52.0 (23087659)|HEAP_ALLOCATE|[130]|Bytes:1
02:23:52.0 (23112919)|CONSTRUCTOR_ENTRY|[130]|01pt0000000Tai2|<init>(String,Integer,String)
02:23:52.0 (23153511)|VARIABLE_SCOPE_BEGIN|[151]|this|SObjectFieldProviders.UniqueFixedLengthStringProvider|true|false
02:23:52.0 (23175602)|VARIABLE_ASSIGNMENT|[151]|this|{}|0x34f2c3b2
02:23:52.0 (23182963)|VARIABLE_SCOPE_BEGIN|[151]|base|String|false|false
02:23:52.0 (23190738)|VARIABLE_ASSIGNMENT|[151]|base|"abc"
02:23:52.0 (23195894)|VARIABLE_SCOPE_BEGIN|[151]|length|Integer|false|false
02:23:52.0 (23203566)|VARIABLE_ASSIGNMENT|[151]|length|7
02:23:52.0 (23207659)|VARIABLE_SCOPE_BEGIN|[151]|character|String|false|false
02:23:52.0 (23214591)|VARIABLE_ASSIGNMENT|[151]|character|"0"
02:23:52.0 (23229502)|STATEMENT_EXECUTE|[101]
02:23:52.0 (23231419)|STATEMENT_EXECUTE|[108]
02:23:52.0 (23232573)|STATEMENT_EXECUTE|[112]
02:23:52.0 (23233499)|STATEMENT_EXECUTE|[152]
02:23:52.0 (23250337)|CONSTRUCTOR_ENTRY|[152]|01pt0000000Tai2|<init>(String)
02:23:52.0 (23273896)|VARIABLE_SCOPE_BEGIN|[83]|this|SObjectFieldProviders.UniqueStringProvider|true|false
02:23:52.0 (23294623)|VARIABLE_ASSIGNMENT|[83]|this|{}|0x34f2c3b2
02:23:52.0 (23301936)|VARIABLE_SCOPE_BEGIN|[83]|base|String|false|false
02:23:52.0 (23309742)|VARIABLE_ASSIGNMENT|[83]|base|"abc"
02:23:52.0 (23323976)|STATEMENT_EXECUTE|[69]
02:23:52.0 (23325635)|STATEMENT_EXECUTE|[70]
02:23:52.0 (23339807)|STATEMENT_EXECUTE|[83]
02:23:52.0 (23341361)|STATEMENT_EXECUTE|[84]
02:23:52.0 (23393222)|VARIABLE_ASSIGNMENT|[EXTERNAL]|this|{}|0x34f2c3b2
02:23:52.0 (23408162)|VARIABLE_ASSIGNMENT|[EXTERNAL]|value|"abc"
02:23:52.0 (23431822)|CONSTRUCTOR_EXIT|[152]|01pt0000000Tai2|<init>(String)
02:23:52.0 (23440256)|STATEMENT_EXECUTE|[151]
02:23:52.0 (23486456)|STATEMENT_EXECUTE|[153]
02:23:52.0 (23488669)|STATEMENT_EXECUTE|[158]
02:23:52.0 (23534082)|VARIABLE_ASSIGNMENT|[EXTERNAL]|this|{"base":"abc"}|0x34f2c3b2
02:23:52.0 (23545463)|VARIABLE_ASSIGNMENT|[EXTERNAL]|value|"0"
02:23:52.0 (23558761)|VARIABLE_ASSIGNMENT|[112]|this.character|"0"|0x34f2c3b2
02:23:52.0 (23570005)|STATEMENT_EXECUTE|[159]
02:23:52.0 (23624704)|VARIABLE_ASSIGNMENT|[EXTERNAL]|this|{"character":"0","base":"abc"}|0x34f2c3b2
02:23:52.0 (23645465)|VARIABLE_ASSIGNMENT|[EXTERNAL]|value|7
02:23:52.0 (23658930)|HEAP_ALLOCATE|[108]|Bytes:4
02:23:52.0 (23678661)|VARIABLE_ASSIGNMENT|[108]|this.length|7|0x34f2c3b2
02:23:52.0 (23712643)|CONSTRUCTOR_EXIT|[130]|01pt0000000Tai2|<init>(String,Integer,String)
02:23:52.0 (23728963)|STATEMENT_EXECUTE|[129]
02:23:52.0 (23740773)|CONSTRUCTOR_EXIT|[120]|01pt0000000Tai2|<init>(String,Integer)
02:23:52.0 (23774332)|HEAP_ALLOCATE|[110]|Bytes:17
02:23:52.0 (23829668)|HEAP_ALLOCATE|[121]|Bytes:8
02:23:52.0 (23841808)|HEAP_ALLOCATE|[121]|Bytes:7
02:23:52.0 (23858299)|CONSTRUCTOR_ENTRY|[121]|01pt0000000Tai2|<init>(String)
02:23:52.0 (23875650)|VARIABLE_SCOPE_BEGIN|[83]|this|SObjectFieldProviders.UniqueStringProvider|true|false
02:23:52.0 (23896026)|VARIABLE_ASSIGNMENT|[83]|this|{}|0x5db27ab8
02:23:52.0 (23902357)|VARIABLE_SCOPE_BEGIN|[83]|base|String|false|false
02:23:52.0 (23910311)|VARIABLE_ASSIGNMENT|[83]|base|"johndoe"
02:23:52.0 (23922114)|STATEMENT_EXECUTE|[69]
02:23:52.0 (23923617)|STATEMENT_EXECUTE|[70]
02:23:52.0 (23935158)|STATEMENT_EXECUTE|[83]
02:23:52.0 (23936539)|STATEMENT_EXECUTE|[84]
02:23:52.0 (23951273)|VARIABLE_ASSIGNMENT|[EXTERNAL]|this|{}|0x5db27ab8
02:23:52.0 (23973793)|VARIABLE_ASSIGNMENT|[EXTERNAL]|value|"johndoe"
02:23:52.0 (24002172)|VARIABLE_ASSIGNMENT|[70]|this.base|"johndoe"|0x5db27ab8
02:23:52.0 (24042067)|CONSTRUCTOR_EXIT|[121]|01pt0000000Tai2|<init>(String)
02:23:52.0 (24079561)|HEAP_ALLOCATE|[110]|Bytes:8
02:23:52.0 (24138761)|HEAP_ALLOCATE|[122]|Bytes:8
02:23:52.0 (24175134)|HEAP_ALLOCATE|[122]|Bytes:28
02:23:52.0 (24194626)|CONSTRUCTOR_ENTRY|[122]|01pt0000000Tai2|<init>(String)
02:23:52.0 (24220004)|VARIABLE_SCOPE_BEGIN|[83]|this|SObjectFieldProviders.UniqueStringProvider|true|false
02:23:52.0 (24241987)|VARIABLE_ASSIGNMENT|[83]|this|{}|0x3311a81e
02:23:52.0 (24248510)|VARIABLE_SCOPE_BEGIN|[83]|base|String|false|false
02:23:52.0 (24258355)|VARIABLE_ASSIGNMENT|[83]|base|"test_xyz=exmaple@exa (8 more) ..."
02:23:52.0 (24270441)|STATEMENT_EXECUTE|[69]
02:23:52.0 (24278674)|STATEMENT_EXECUTE|[70]
02:23:52.0 (24291419)|STATEMENT_EXECUTE|[83]
02:23:52.0 (24292858)|STATEMENT_EXECUTE|[84]
02:23:52.0 (24308596)|VARIABLE_ASSIGNMENT|[EXTERNAL]|this|{}|0x3311a81e
02:23:52.0 (24320102)|VARIABLE_ASSIGNMENT|[EXTERNAL]|value|"test_xyz=exmaple@exa (8 more) ..."
02:23:52.0 (24329633)|VARIABLE_ASSIGNMENT|[70]|this.base|"test_xyz=exmaple@exa (8 more) ..."|0x3311a81e
02:23:52.0 (24355715)|CONSTRUCTOR_EXIT|[122]|01pt0000000Tai2|<init>(String)
02:23:52.0 (24390117)|HEAP_ALLOCATE|[124]|Bytes:4
02:23:52.0 (24432889)|HEAP_ALLOCATE|[124]|Bytes:4
02:23:52.0 (24446172)|HEAP_ALLOCATE|[124]|Bytes:12
02:23:52.0 (24526071)|HEAP_ALLOCATE|[126]|Bytes:3
02:23:52.0 (24621050)|VARIABLE_ASSIGNMENT|[56]|RequiredFieldsCache.objectTypeToFields|"Map of size 13 too large to display"|0x48a8cfe1
02:23:52.0 (24630235)|STATEMENT_EXECUTE|[151]
02:23:52.0 (24646727)|HEAP_ALLOCATE|[152]|Bytes:4
02:23:52.0 (24732765)|HEAP_ALLOCATE|[154]|Bytes:4
02:23:52.0 (24762539)|HEAP_ALLOCATE|[156]|Bytes:19
02:23:52.0 (24772263)|HEAP_ALLOCATE|[156]|Bytes:4
02:23:52.0 (24814518)|HEAP_ALLOCATE|[158]|Bytes:23
02:23:52.0 (24893558)|HEAP_ALLOCATE|[160]|Bytes:14
02:23:52.0 (24904903)|HEAP_ALLOCATE|[160]|Bytes:4
02:23:52.0 (24956501)|HEAP_ALLOCATE|[162]|Bytes:27
02:23:52.0 (25021782)|HEAP_ALLOCATE|[160]|Bytes:17
02:23:52.0 (25078311)|HEAP_ALLOCATE|[160]|Bytes:4
02:23:52.0 (25110362)|HEAP_ALLOCATE|[165]|Bytes:17
02:23:52.0 (25120147)|HEAP_ALLOCATE|[165]|Bytes:4
02:23:52.0 (25154537)|HEAP_ALLOCATE|[167]|Bytes:34
02:23:52.0 (25227987)|HEAP_ALLOCATE|[168]|Bytes:2
02:23:52.0 (25306622)|HEAP_ALLOCATE|[171]|Bytes:4
02:23:52.0 (25341034)|HEAP_ALLOCATE|[173]|Bytes:7
02:23:52.0 (25348332)|HEAP_ALLOCATE|[173]|Bytes:4
02:23:52.0 (25355529)|HEAP_ALLOCATE|[173]|Bytes:4
02:23:52.0 (25392967)|HEAP_ALLOCATE|[175]|Bytes:12
02:23:52.0 (25458560)|HEAP_ALLOCATE|[177]|Bytes:5
02:23:52.0 (25469763)|HEAP_ALLOCATE|[177]|Bytes:4
02:23:52.0 (25488560)|HEAP_ALLOCATE|[177]|Bytes:10
02:23:52.0 (25541055)|HEAP_ALLOCATE|[179]|Bytes:3
02:23:52.0 (26471545)|VARIABLE_ASSIGNMENT|[151]|RequiredFieldsCache.templateToFields|"{Account={Enterprise_Business={Name=Some Enterprise Account}, Government_Entity={Name=Some Washington Government Account, BillingState=WA}, Small_Business={Name=Some Small Business Account, NumberOfEmployees=10}}, Opportunity={Sales={LeadSource=Web}, Service={Type=Service Only}}}"|0x6493e27b
02:23:52.0 (26504270)|METHOD_EXIT|[12]|RequiredFieldsCache
02:23:52.0 (26531941)|METHOD_ENTRY|[145]|01pt0000000Tahy|RequiredFieldsCache.get(Schema.SObjectType, String)
02:23:52.0 (26557449)|VARIABLE_SCOPE_BEGIN|[24]|sObjectType|Schema.SObjectType|true|false
02:23:52.0 (26623081)|VARIABLE_ASSIGNMENT|[24]|sObjectType|"common.apex.runtime.impl.ApexSObjectTypeToken@7120eb0b"|0x7120eb0b
02:23:52.0 (26634549)|VARIABLE_SCOPE_BEGIN|[24]|template|String|false|false
02:23:52.0 (26643612)|VARIABLE_ASSIGNMENT|[24]|template|null
02:23:52.0 (26670472)|STATEMENT_EXECUTE|[24]
02:23:52.0 (26672375)|STATEMENT_EXECUTE|[25]
02:23:52.0 (26822096)|HEAP_ALLOCATE|[26]|Bytes:20
02:23:52.0 (26839662)|VARIABLE_SCOPE_BEGIN|[25]|fieldToValue|Map<Schema.SObjectField,ANY>|true|false
02:23:52.0 (27020858)|VARIABLE_ASSIGNMENT|[25]|fieldToValue|"{Name=Some account}"|0x30add40a
02:23:52.0 (27095672)|STATEMENT_EXECUTE|[28]
02:23:52.0 (27098419)|STATEMENT_EXECUTE|[37]
02:23:52.0 (27104823)|METHOD_EXIT|[145]|01pt0000000Tahy|RequiredFieldsCache.get(Schema.SObjectType, String)
02:23:52.0 (27114859)|VARIABLE_SCOPE_BEGIN|[145]|fieldMap|Map<Schema.SObjectField,ANY>|true|false
02:23:52.0 (27273491)|VARIABLE_ASSIGNMENT|[145]|fieldMap|"{Name=Some account}"|0x30add40a
02:23:52.0 (27284867)|STATEMENT_EXECUTE|[146]
02:23:52.0 (27286197)|STATEMENT_EXECUTE|[147]
02:23:52.0 (27344390)|HEAP_ALLOCATE|[147]|Bytes:0
02:23:52.0 (27365771)|STATEMENT_EXECUTE|[149]
02:23:52.0 (27389706)|METHOD_ENTRY|[149]|01pt0000000Tai0|SObjectFactory.initializeDynamicProviders(Map<Schema.SObjectField,ANY>, SObjectFactoryState)
02:23:52.0 (27424383)|VARIABLE_SCOPE_BEGIN|[212]|fieldToValue|Map<Schema.SObjectField,ANY>|true|false
02:23:52.0 (27585712)|VARIABLE_ASSIGNMENT|[212]|fieldToValue|"{Name=TestAccount}"|0x30add40a
02:23:52.0 (27597061)|VARIABLE_SCOPE_BEGIN|[212]|state|SObjectFactoryState|true|false
02:23:52.0 (27683502)|VARIABLE_ASSIGNMENT|[212]|state|{"count":3,"sObjectType":"common.apex.runtime.impl.ApexSObjectTypeToken@7120eb0b"}|0x103d1b6d
02:23:52.0 (27709887)|STATEMENT_EXECUTE|[212]
02:23:52.0 (27711845)|STATEMENT_EXECUTE|[213]
02:23:52.0 (27722223)|VARIABLE_SCOPE_BEGIN|[213]|value|Object|false|false
02:23:52.0 (27749646)|VARIABLE_ASSIGNMENT|[213]|value|null
02:23:52.0 (27773705)|HEAP_ALLOCATE|[214]|Bytes:4
02:23:52.0 (27887104)|HEAP_ALLOCATE|[214]|Bytes:8
02:23:52.0 (27920188)|HEAP_ALLOCATE|[214]|Bytes:4
02:23:52.0 (28037961)|HEAP_ALLOCATE|[214]|Bytes:5
02:23:52.0 (28068578)|VARIABLE_SCOPE_BEGIN|[214]|field|Schema.SObjectField|true|false
02:23:52.0 (28130204)|VARIABLE_ASSIGNMENT|[214]|field|"common.apex.runtime.impl.ApexFieldToken@3dae3bd6"|0x3dae3bd6
02:23:52.0 (28140550)|STATEMENT_EXECUTE|[214]
02:23:52.0 (28141906)|STATEMENT_EXECUTE|[215]
02:23:52.0 (28184971)|VARIABLE_ASSIGNMENT|[215]|value|"TestAccount"
02:23:52.0 (28193057)|STATEMENT_EXECUTE|[216]
02:23:52.0 (28197325)|HEAP_ALLOCATE|[217]|Bytes:16
02:23:52.0 (28235854)|HEAP_ALLOCATE|[219]|Bytes:50
02:23:52.0 (28254788)|STATEMENT_EXECUTE|[217]
02:23:52.0 (28268387)|HEAP_ALLOCATE|[214]|Bytes:5
02:23:52.0 (28286536)|VARIABLE_ASSIGNMENT|[214]|field|null|
02:23:52.0 (28298024)|METHOD_EXIT|[149]|01pt0000000Tai0|SObjectFactory.initializeDynamicProviders(Map<Schema.SObjectField,ANY>, SObjectFactoryState)
02:23:52.0 (28304687)|STATEMENT_EXECUTE|[151]
02:23:52.0 (28310466)|HEAP_ALLOCATE|[151]|Bytes:4
02:23:52.0 (28337744)|VARIABLE_SCOPE_BEGIN|[151]|records|List<SObject>|true|false
02:23:52.0 (28351993)|HEAP_ALLOCATE|[EXTERNAL]|Bytes:4
02:23:52.0 (28364522)|VARIABLE_ASSIGNMENT|[151]|records|[]|0x7b1a787b
02:23:52.0 (28370549)|STATEMENT_EXECUTE|[152]
02:23:52.0 (28374000)|VARIABLE_SCOPE_BEGIN|[152]|i|Integer|false|false
02:23:52.0 (28381107)|HEAP_ALLOCATE|[152]|Bytes:4
02:23:52.0 (28389786)|VARIABLE_ASSIGNMENT|[152]|i|0
02:23:52.0 (28400579)|STATEMENT_EXECUTE|[152]
02:23:52.0 (28401786)|STATEMENT_EXECUTE|[153]
02:23:52.0 (28418338)|METHOD_ENTRY|[153]|01pt0000000Tai0|SObjectFactory.buildRecord(Schema.SObjectType, Map<Schema.SObjectField,ANY>)
02:23:52.0 (28440455)|VARIABLE_SCOPE_BEGIN|[184]|sObjectType|Schema.SObjectType|true|false
02:23:52.0 (28498415)|VARIABLE_ASSIGNMENT|[184]|sObjectType|"common.apex.runtime.impl.ApexSObjectTypeToken@7120eb0b"|0x7120eb0b
02:23:52.0 (28509683)|VARIABLE_SCOPE_BEGIN|[184]|fieldMap|Map<Schema.SObjectField,ANY>|true|false
02:23:52.0 (28668717)|VARIABLE_ASSIGNMENT|[184]|fieldMap|"{Name=TestAccount}"|0x30add40a
02:23:52.0 (28695819)|STATEMENT_EXECUTE|[184]
02:23:52.0 (28697721)|STATEMENT_EXECUTE|[185]
02:23:52.0 (28701227)|VARIABLE_SCOPE_BEGIN|[185]|recordId|Id|false|false
02:23:52.0 (28712721)|VARIABLE_ASSIGNMENT|[185]|recordId|null
02:23:52.0 (28717313)|STATEMENT_EXECUTE|[186]
02:23:52.0 (28792590)|HEAP_ALLOCATE|[186]|Bytes:4
02:23:52.0 (28813611)|VARIABLE_SCOPE_BEGIN|[186]|record|SObject|true|false
02:23:52.0 (28831589)|VARIABLE_ASSIGNMENT|[186]|record|{}|0x6aa7f61c
02:23:52.0 (28841316)|HEAP_ALLOCATE|[188]|Bytes:4
02:23:52.0 (28896082)|HEAP_ALLOCATE|[188]|Bytes:8
02:23:52.0 (28931446)|HEAP_ALLOCATE|[188]|Bytes:4
02:23:52.0 (28972285)|HEAP_ALLOCATE|[188]|Bytes:5
02:23:52.0 (28995473)|VARIABLE_SCOPE_BEGIN|[188]|field|Schema.SObjectField|true|false
02:23:52.0 (29054606)|VARIABLE_ASSIGNMENT|[188]|field|"common.apex.runtime.impl.ApexFieldToken@3dae3bd6"|0x3dae3bd6
02:23:52.0 (29065484)|STATEMENT_EXECUTE|[188]
02:23:52.0 (29118036)|HEAP_ALLOCATE|[189]|Bytes:4
02:23:52.0 (29139263)|HEAP_ALLOCATE|[189]|Bytes:2
02:23:52.0 (29168620)|STATEMENT_EXECUTE|[191]
02:23:52.0 (29170401)|STATEMENT_EXECUTE|[192]
02:23:52.0 (29211737)|METHOD_ENTRY|[192]|01pt0000000Tai0|SObjectFactory.handleProviders(Object)
02:23:52.0 (29240593)|VARIABLE_SCOPE_BEGIN|[227]|value|Object|false|false
02:23:52.0 (29258209)|VARIABLE_ASSIGNMENT|[227]|value|"TestAccount"
02:23:52.0 (29286611)|STATEMENT_EXECUTE|[227]
02:23:52.0 (29290925)|STATEMENT_EXECUTE|[228]
02:23:52.0 (29297195)|HEAP_ALLOCATE|[229]|Bytes:14
02:23:52.0 (29327258)|STATEMENT_EXECUTE|[229]
02:23:52.0 (29331685)|HEAP_ALLOCATE|[232]|Bytes:33
02:23:52.0 (29350437)|STATEMENT_EXECUTE|[232]
02:23:52.0 (29352439)|STATEMENT_EXECUTE|[236]
02:23:52.0 (29358096)|METHOD_EXIT|[192]|01pt0000000Tai0|SObjectFactory.handleProviders(Object)
02:23:52.0 (29514028)|HEAP_ALLOCATE|[188]|Bytes:5
02:23:52.0 (29535286)|VARIABLE_ASSIGNMENT|[188]|field|null|
02:23:52.0 (29541986)|STATEMENT_EXECUTE|[198]
02:23:52.0 (29592227)|VARIABLE_ASSIGNMENT|[198]|this.Id|null|0x6aa7f61c
02:23:52.0 (29600114)|STATEMENT_EXECUTE|[199]
02:23:52.0 (29607874)|METHOD_EXIT|[153]|01pt0000000Tai0|SObjectFactory.buildRecord(Schema.SObjectType, Map<Schema.SObjectField,ANY>)
02:23:52.0 (29633170)|HEAP_ALLOCATE|[EXTERNAL]|Bytes:4
02:23:52.0 (29643823)|HEAP_ALLOCATE|[152]|Bytes:4
02:23:52.0 (29665592)|VARIABLE_ASSIGNMENT|[152]|i|1
02:23:52.0 (29679730)|STATEMENT_EXECUTE|[152]
02:23:52.0 (29682091)|STATEMENT_EXECUTE|[153]
02:23:52.0 (29691972)|METHOD_ENTRY|[153]|01pt0000000Tai0|SObjectFactory.buildRecord(Schema.SObjectType, Map<Schema.SObjectField,ANY>)
02:23:52.0 (29704615)|VARIABLE_SCOPE_BEGIN|[184]|sObjectType|Schema.SObjectType|true|false
02:23:52.0 (29775980)|VARIABLE_ASSIGNMENT|[184]|sObjectType|"common.apex.runtime.impl.ApexSObjectTypeToken@7120eb0b"|0x7120eb0b
02:23:52.0 (29786255)|VARIABLE_SCOPE_BEGIN|[184]|fieldMap|Map<Schema.SObjectField,ANY>|true|false
02:23:52.0 (29945256)|VARIABLE_ASSIGNMENT|[184]|fieldMap|"{Name=TestAccount}"|0x30add40a
02:23:52.0 (29976501)|STATEMENT_EXECUTE|[184]
02:23:52.0 (29980141)|STATEMENT_EXECUTE|[185]
02:23:52.0 (29986406)|VARIABLE_SCOPE_BEGIN|[185]|recordId|Id|false|false
02:23:52.0 (30003498)|VARIABLE_ASSIGNMENT|[185]|recordId|null
02:23:52.0 (30011991)|STATEMENT_EXECUTE|[186]
02:23:52.0 (30036317)|HEAP_ALLOCATE|[186]|Bytes:4
02:23:52.0 (30060335)|VARIABLE_SCOPE_BEGIN|[186]|record|SObject|true|false
02:23:52.0 (30076666)|VARIABLE_ASSIGNMENT|[186]|record|{}|0x2c621d1
02:23:52.0 (30085976)|HEAP_ALLOCATE|[188]|Bytes:4
02:23:52.0 (30114839)|HEAP_ALLOCATE|[188]|Bytes:8
02:23:52.0 (30135352)|HEAP_ALLOCATE|[188]|Bytes:4
02:23:52.0 (30158352)|HEAP_ALLOCATE|[188]|Bytes:5
02:23:52.0 (30176225)|VARIABLE_SCOPE_BEGIN|[188]|field|Schema.SObjectField|true|false
02:23:52.0 (30233500)|VARIABLE_ASSIGNMENT|[188]|field|"common.apex.runtime.impl.ApexFieldToken@3dae3bd6"|0x3dae3bd6
02:23:52.0 (30243279)|STATEMENT_EXECUTE|[188]
02:23:52.0 (30274757)|HEAP_ALLOCATE|[189]|Bytes:4
02:23:52.0 (30300603)|STATEMENT_EXECUTE|[191]
02:23:52.0 (30302943)|STATEMENT_EXECUTE|[192]
02:23:52.0 (30315669)|METHOD_ENTRY|[192]|01pt0000000Tai0|SObjectFactory.handleProviders(Object)
02:23:52.0 (30324093)|VARIABLE_SCOPE_BEGIN|[227]|value|Object|false|false
02:23:52.0 (30333634)|VARIABLE_ASSIGNMENT|[227]|value|"TestAccount"
02:23:52.0 (30348269)|STATEMENT_EXECUTE|[227]
02:23:52.0 (30350227)|STATEMENT_EXECUTE|[228]
02:23:52.0 (30362881)|STATEMENT_EXECUTE|[229]
02:23:52.0 (30369589)|STATEMENT_EXECUTE|[232]
02:23:52.0 (30371068)|STATEMENT_EXECUTE|[236]
02:23:52.0 (30375852)|METHOD_EXIT|[192]|01pt0000000Tai0|SObjectFactory.handleProviders(Object)
02:23:52.0 (30450910)|HEAP_ALLOCATE|[188]|Bytes:5
02:23:52.0 (30478893)|VARIABLE_ASSIGNMENT|[188]|field|null|
02:23:52.0 (30489840)|STATEMENT_EXECUTE|[198]
02:23:52.0 (30525325)|VARIABLE_ASSIGNMENT|[198]|this.Id|null|0x2c621d1
02:23:52.0 (30533553)|STATEMENT_EXECUTE|[199]
02:23:52.0 (30541257)|METHOD_EXIT|[153]|01pt0000000Tai0|SObjectFactory.buildRecord(Schema.SObjectType, Map<Schema.SObjectField,ANY>)
02:23:52.0 (30564061)|HEAP_ALLOCATE|[EXTERNAL]|Bytes:4
02:23:52.0 (30573165)|HEAP_ALLOCATE|[152]|Bytes:4
02:23:52.0 (30584712)|VARIABLE_ASSIGNMENT|[152]|i|2
02:23:52.0 (30592721)|STATEMENT_EXECUTE|[152]
02:23:52.0 (30594011)|STATEMENT_EXECUTE|[153]
02:23:52.0 (30600173)|METHOD_ENTRY|[153]|01pt0000000Tai0|SObjectFactory.buildRecord(Schema.SObjectType, Map<Schema.SObjectField,ANY>)
02:23:52.0 (30608101)|VARIABLE_SCOPE_BEGIN|[184]|sObjectType|Schema.SObjectType|true|false
02:23:52.0 (30663190)|VARIABLE_ASSIGNMENT|[184]|sObjectType|"common.apex.runtime.impl.ApexSObjectTypeToken@7120eb0b"|0x7120eb0b
02:23:52.0 (30673057)|VARIABLE_SCOPE_BEGIN|[184]|fieldMap|Map<Schema.SObjectField,ANY>|true|false
02:23:52.0 (30829029)|VARIABLE_ASSIGNMENT|[184]|fieldMap|"{Name=TestAccount}"|0x30add40a
02:23:52.0 (30850646)|STATEMENT_EXECUTE|[184]
02:23:52.0 (30852199)|STATEMENT_EXECUTE|[185]
02:23:52.0 (30856088)|VARIABLE_SCOPE_BEGIN|[185]|recordId|Id|false|false
02:23:52.0 (30866689)|VARIABLE_ASSIGNMENT|[185]|recordId|null
02:23:52.0 (30871423)|STATEMENT_EXECUTE|[186]
02:23:52.0 (30891648)|HEAP_ALLOCATE|[186]|Bytes:4
02:23:52.0 (30905018)|VARIABLE_SCOPE_BEGIN|[186]|record|SObject|true|false
02:23:52.0 (30918464)|VARIABLE_ASSIGNMENT|[186]|record|{}|0x6c9bf2a
02:23:52.0 (30927425)|HEAP_ALLOCATE|[188]|Bytes:4
02:23:52.0 (30954326)|HEAP_ALLOCATE|[188]|Bytes:8
02:23:52.0 (30996948)|HEAP_ALLOCATE|[188]|Bytes:4
02:23:52.0 (31034731)|HEAP_ALLOCATE|[188]|Bytes:5
02:23:52.0 (31055530)|VARIABLE_SCOPE_BEGIN|[188]|field|Schema.SObjectField|true|false
02:23:52.0 (31138103)|VARIABLE_ASSIGNMENT|[188]|field|"common.apex.runtime.impl.ApexFieldToken@3dae3bd6"|0x3dae3bd6
02:23:52.0 (31156293)|STATEMENT_EXECUTE|[188]
02:23:52.0 (31188891)|HEAP_ALLOCATE|[189]|Bytes:4
02:23:52.0 (31217745)|STATEMENT_EXECUTE|[191]
02:23:52.0 (31219600)|STATEMENT_EXECUTE|[192]
02:23:52.0 (31232503)|METHOD_ENTRY|[192]|01pt0000000Tai0|SObjectFactory.handleProviders(Object)
02:23:52.0 (31240947)|VARIABLE_SCOPE_BEGIN|[227]|value|Object|false|false
02:23:52.0 (31250519)|VARIABLE_ASSIGNMENT|[227]|value|"TestAccount"
02:23:52.0 (31265539)|STATEMENT_EXECUTE|[227]
02:23:52.0 (31267423)|STATEMENT_EXECUTE|[228]
02:23:52.0 (31280000)|STATEMENT_EXECUTE|[229]
02:23:52.0 (31286769)|STATEMENT_EXECUTE|[232]
02:23:52.0 (31288251)|STATEMENT_EXECUTE|[236]
02:23:52.0 (31293080)|METHOD_EXIT|[192]|01pt0000000Tai0|SObjectFactory.handleProviders(Object)
02:23:52.0 (31352279)|HEAP_ALLOCATE|[188]|Bytes:5
02:23:52.0 (31372764)|VARIABLE_ASSIGNMENT|[188]|field|null|
02:23:52.0 (31378792)|STATEMENT_EXECUTE|[198]
02:23:52.0 (31404660)|VARIABLE_ASSIGNMENT|[198]|this.Id|null|0x6c9bf2a
02:23:52.0 (31411704)|STATEMENT_EXECUTE|[199]
02:23:52.0 (31431634)|METHOD_EXIT|[153]|01pt0000000Tai0|SObjectFactory.buildRecord(Schema.SObjectType, Map<Schema.SObjectField,ANY>)
02:23:52.0 (31461750)|HEAP_ALLOCATE|[EXTERNAL]|Bytes:4
02:23:52.0 (31477403)|HEAP_ALLOCATE|[152]|Bytes:4
02:23:52.0 (31499258)|VARIABLE_ASSIGNMENT|[152]|i|3
02:23:52.0 (31509918)|STATEMENT_EXECUTE|[155]
02:23:52.0 (31517440)|METHOD_EXIT|[124]|01pt0000000Tai0|SObjectFactory.build(SObjectFactoryState, Map<Schema.SObjectField,ANY>)
02:23:52.0 (31526473)|VARIABLE_SCOPE_BEGIN|[124]|records|List<SObject>|true|false
02:23:52.0 (31546499)|VARIABLE_ASSIGNMENT|[124]|records|[{"Name":"TestAccount"},{"Name":"TestAccount"},{"Name":"TestAccount"}]|0x7b1a787b
02:23:52.0 (31553537)|STATEMENT_EXECUTE|[125]
02:23:52.0 (31554672)|STATEMENT_EXECUTE|[125]
02:23:52.0 (31555599)|STATEMENT_EXECUTE|[126]
02:23:52.0 (31605320)|DML_BEGIN|[126]|Op:Insert|Type:SObject|Rows:3
02:23:52.0 (31804681)|HEAP_ALLOCATE|[EXTERNAL]|Bytes:16
02:23:52.0 (42518859)|CODE_UNIT_STARTED|[EXTERNAL]|DuplicateDetector
02:23:52.0 (42645882)|DUPLICATE_DETECTION_BEGIN
02:23:52.0 (43493237)|DUPLICATE_DETECTION_RULE_INVOCATION|DuplicateRuleId:0Bmt0000000CaSC|DuplicateRuleName:Standard Account Duplicate Rule|DmlType:INSERT
02:23:52.0 (122723416)|DUPLICATE_DETECTION_MATCH_INVOCATION_DETAILS|EntityType:Account|ActionTaken:Allow_[Alert,Report]|DuplicateRecordIds:
02:23:52.0 (122753055)|DUPLICATE_DETECTION_MATCH_INVOCATION_DETAILS|EntityType:Account|ActionTaken:Allow_[Alert,Report]|DuplicateRecordIds:
02:23:52.0 (122761752)|DUPLICATE_DETECTION_MATCH_INVOCATION_DETAILS|EntityType:Account|ActionTaken:Allow_[Alert,Report]|DuplicateRecordIds:
02:23:52.0 (122775658)|DUPLICATE_DETECTION_MATCH_INVOCATION_SUMMARY|EntityType:Account|NumRecordsToBeSaved:3|NumRecordsToBeSavedWithDuplicates:0|NumDuplicateRecordsFound:0
02:23:52.0 (122947585)|DUPLICATE_DETECTION_END
02:23:52.0 (122958084)|CODE_UNIT_FINISHED|DuplicateDetector
02:23:52.0 (288054083)|DML_END|[126]
02:23:52.0 (288187829)|HEAP_ALLOCATE|[EXTERNAL]|Bytes:16
02:23:52.0 (288224416)|STATEMENT_EXECUTE|[127]
02:23:52.0 (288249237)|METHOD_EXIT|[129]|01pt0000000Tai0|SObjectFactory.create(SObjectFactoryState, Map<Schema.SObjectField,ANY>)
02:23:52.0 (288321247)|VARIABLE_ASSIGNMENT|[129]|this.records|[{"Name":"TestAccount","Id":"001r0000007vzJ7AAI"},{"Name":"TestAccount","Id":"001r0000007vzJ8AAI"},{"Name":"TestAccount","Id":"001r0000007vzJ9AAI"}]|0x5491e34f
02:23:52.0 (288331403)|STATEMENT_EXECUTE|[130]
02:23:52.0 (288341367)|METHOD_EXIT|[18]|01pt0000000Tahz|SObjectBuilder.create()
02:23:52.0 (288369878)|METHOD_ENTRY|[18]|01pt0000000Tahz|SObjectBuilder.getRecords()
02:23:52.0 (288387699)|VARIABLE_SCOPE_BEGIN|[178]|this|SObjectBuilder|true|false
02:23:52.0 (288552090)|VARIABLE_ASSIGNMENT|[178]|this|{"fieldToValue":"0x786329b5","recordCount":3,"records":"0x7b1a787b","sObjectType":"common.apex.runtime.impl.ApexSObjectTypeToken@7120eb0b"}|0x5491e34f
02:23:52.0 (288642207)|STATEMENT_EXECUTE|[178]
02:23:52.0 (288644606)|STATEMENT_EXECUTE|[179]
02:23:52.0 (288654906)|METHOD_EXIT|[18]|01pt0000000Tahz|SObjectBuilder.getRecords()
02:23:52.0 (288721890)|VARIABLE_SCOPE_BEGIN|[18]|accountList|List<Account>|true|false
02:23:52.0 (288747982)|VARIABLE_ASSIGNMENT|[18]|accountList|[{"Name":"TestAccount","Id":"001r0000007vzJ7AAI"},{"Name":"TestAccount","Id":"001r0000007vzJ8AAI"},{"Name":"TestAccount","Id":"001r0000007vzJ9AAI"}]|0x7b1a787b
02:23:52.0 (288756461)|STATEMENT_EXECUTE|[19]
02:23:52.0 (288765548)|HEAP_ALLOCATE|[19]|Bytes:18
02:23:52.0 (288920546)|HEAP_ALLOCATE|[19]|Bytes:153
02:23:52.0 (288950583)|HEAP_ALLOCATE|[19]|Bytes:171
02:23:52.0 (288980827)|USER_DEBUG|[19]|DEBUG|>>> accountList : (Account:{Name=TestAccount, Id=001r0000007vzJ7AAI}, Account:{Name=TestAccount, Id=001r0000007vzJ8AAI}, Account:{Name=TestAccount, Id=001r0000007vzJ9AAI})
02:23:52.289 (289001827)|CUMULATIVE_LIMIT_USAGE
02:23:52.289 (289001827)|LIMIT_USAGE_FOR_NS|(default)|
  Number of SOQL queries: 0 out of 100
  Number of query rows: 0 out of 50000
  Number of SOSL queries: 0 out of 20
  Number of DML statements: 1 out of 150
  Number of DML rows: 3 out of 10000
  Maximum CPU time: 0 out of 10000
  Maximum heap size: 0 out of 6000000
  Number of callouts: 0 out of 100
  Number of Email Invocations: 0 out of 10
  Number of future calls: 0 out of 50
  Number of queueable jobs added to the queue: 0 out of 50
  Number of Mobile Apex push calls: 0 out of 10

02:23:52.289 (289001827)|CUMULATIVE_LIMIT_USAGE_END

02:23:52.0 (289152039)|CODE_UNIT_FINISHED|VehicleSubmittedNotificationBatchTest.test_CreateBulkVehicles
02:23:52.0 (290828486)|EXECUTION_FINISHED
02:23:52.499 (499581628)|USER_INFO|[EXTERNAL]|005r0000001MDcg|arjun.khatri@sfmta.com.shuttledev|Pacific Standard Time|GMT-07:00
02:23:52.499 (499616683)|EXECUTION_STARTED
02:23:52.499 (499621620)|CODE_UNIT_STARTED|[EXTERNAL]|DuplicateDetector
02:23:52.499 (499789748)|DUPLICATE_DETECTION_BEGIN
02:23:52.499 (499871791)|DUPLICATE_DETECTION_RULE_INVOCATION|DuplicateRuleId:0Bmt0000000CaSC|DuplicateRuleName:Standard Account Duplicate Rule|DmlType:INSERT
02:23:52.499 (522263059)|DUPLICATE_DETECTION_END
02:23:52.499 (522270778)|CODE_UNIT_FINISHED|DuplicateDetector
02:23:52.499 (523952937)|EXECUTION_FINISHED
