34.0 APEX_CODE,FINEST;APEX_PROFILING,INFO;CALLOUT,INFO;DB,INFO;SYSTEM,DEBUG;VALIDATION,INFO;VISUALFORCE,INFO;WAVE,INFO;WORKFLOW,INFO
00:07:29.0 (403192)|USER_INFO|[EXTERNAL]|005r0000001MDcg|arjun.khatri@sfmta.com.shuttledev|Pacific Standard Time|GMT-07:00
00:07:29.0 (471727)|EXECUTION_STARTED
00:07:29.0 (476834)|CODE_UNIT_STARTED|[EXTERNAL]|01pr0000000AexO|VehicleSubmittedNotificationBatchTest.setup
00:07:29.0 (693794)|HEAP_ALLOCATE|[72]|Bytes:3
00:07:29.0 (745763)|HEAP_ALLOCATE|[77]|Bytes:152
00:07:29.0 (764127)|HEAP_ALLOCATE|[342]|Bytes:408
00:07:29.0 (787190)|HEAP_ALLOCATE|[355]|Bytes:408
00:07:29.0 (809323)|HEAP_ALLOCATE|[467]|Bytes:48
00:07:29.0 (842833)|HEAP_ALLOCATE|[139]|Bytes:6
00:07:29.0 (862692)|HEAP_ALLOCATE|[EXTERNAL]|Bytes:29
00:07:29.0 (876279)|METHOD_ENTRY|[2]|01pr0000000AexO|VehicleSubmittedNotificationBatchTest.VehicleSubmittedNotificationBatchTest()
00:07:29.0 (883523)|STATEMENT_EXECUTE|[2]
00:07:29.0 (888363)|STATEMENT_EXECUTE|[2]
00:07:29.0 (896296)|METHOD_EXIT|[2]|VehicleSubmittedNotificationBatchTest
00:07:29.0 (939830)|HEAP_ALLOCATE|[50]|Bytes:5
00:07:29.0 (967595)|HEAP_ALLOCATE|[56]|Bytes:5
00:07:29.0 (978297)|HEAP_ALLOCATE|[64]|Bytes:7
00:07:29.0 (1024214)|STATEMENT_EXECUTE|[4]
00:07:29.0 (1026927)|STATEMENT_EXECUTE|[6]
00:07:29.0 (1076160)|VARIABLE_SCOPE_BEGIN|[22]|TestDataUtility.PORTAL_PROFILE_ID|Id|false|true
00:07:29.0 (1091435)|VARIABLE_SCOPE_BEGIN|[8]|TestDataUtility.STR_API_SPECIFICATION_ACKNOWLEDGMENT|String|false|true
00:07:29.0 (1100282)|VARIABLE_SCOPE_BEGIN|[16]|TestDataUtility.STR_ASSIGNED|String|false|true
00:07:29.0 (1107763)|VARIABLE_SCOPE_BEGIN|[9]|TestDataUtility.STR_CHP_INSPECTION_FORM|String|false|true
00:07:29.0 (1115508)|VARIABLE_SCOPE_BEGIN|[10]|TestDataUtility.STR_COMPLIANCE_PLAN|String|false|true
00:07:29.0 (1123247)|VARIABLE_SCOPE_BEGIN|[11]|TestDataUtility.STR_CPUC_INSURANCE_COMPLIANCE|String|false|true
00:07:29.0 (1130542)|VARIABLE_SCOPE_BEGIN|[12]|TestDataUtility.STR_CPUC_VERIFICATION|String|false|true
00:07:29.0 (1137738)|VARIABLE_SCOPE_BEGIN|[13]|TestDataUtility.STR_DRIVER_SAFE_STREETS_CERTIFICATION|String|false|true
00:07:29.0 (1145495)|VARIABLE_SCOPE_BEGIN|[14]|TestDataUtility.STR_PER_TERMS_ACKNOWLEDGEMENT|String|false|true
00:07:29.0 (1152534)|VARIABLE_SCOPE_BEGIN|[15]|TestDataUtility.STR_SERVICE_DISRUPTION_PREVENTION_PLAN|String|false|true
00:07:29.0 (1159980)|VARIABLE_SCOPE_BEGIN|[17]|TestDataUtility.STR_USERNAME|String|false|true
00:07:29.0 (1171671)|HEAP_ALLOCATE|[6]|Bytes:100
00:07:29.0 (1179083)|HEAP_ALLOCATE|[6]|Bytes:64
00:07:29.0 (1184309)|HEAP_ALLOCATE|[6]|Bytes:32
00:07:29.0 (1214214)|VARIABLE_ASSIGNMENT|[6]|TestDataUtility.STR_API_SPECIFICATION_ACKNOWLEDGMENT|"API Specification Ac (12 more) ..."
00:07:29.0 (1221038)|HEAP_ALLOCATE|[6]|Bytes:8
00:07:29.0 (1228593)|VARIABLE_ASSIGNMENT|[6]|TestDataUtility.STR_ASSIGNED|"Assigned"
00:07:29.0 (1233649)|HEAP_ALLOCATE|[6]|Bytes:19
00:07:29.0 (1240601)|VARIABLE_ASSIGNMENT|[6]|TestDataUtility.STR_CHP_INSPECTION_FORM|"CHP Inspection Form"
00:07:29.0 (1245499)|HEAP_ALLOCATE|[6]|Bytes:15
00:07:29.0 (1252333)|VARIABLE_ASSIGNMENT|[6]|TestDataUtility.STR_COMPLIANCE_PLAN|"Compliance Plan"
00:07:29.0 (1257484)|HEAP_ALLOCATE|[6]|Bytes:25
00:07:29.0 (1265015)|VARIABLE_ASSIGNMENT|[6]|TestDataUtility.STR_CPUC_INSURANCE_COMPLIANCE|"CPUC Insurance Compl (5 more) ..."
00:07:29.0 (1270174)|HEAP_ALLOCATE|[6]|Bytes:17
00:07:29.0 (1276889)|VARIABLE_ASSIGNMENT|[6]|TestDataUtility.STR_CPUC_VERIFICATION|"CPUC Verification"
00:07:29.0 (1281734)|HEAP_ALLOCATE|[6]|Bytes:33
00:07:29.0 (1289159)|VARIABLE_ASSIGNMENT|[6]|TestDataUtility.STR_DRIVER_SAFE_STREETS_CERTIFICATION|"Driver Safe Streets  (13 more) ..."
00:07:29.0 (1294438)|HEAP_ALLOCATE|[6]|Bytes:25
00:07:29.0 (1302459)|VARIABLE_ASSIGNMENT|[6]|TestDataUtility.STR_PER_TERMS_ACKNOWLEDGEMENT|"Per Terms Acknowledg (5 more) ..."
00:07:29.0 (1307761)|HEAP_ALLOCATE|[6]|Bytes:34
00:07:29.0 (1315213)|VARIABLE_ASSIGNMENT|[6]|TestDataUtility.STR_SERVICE_DISRUPTION_PREVENTION_PLAN|"Service Disruption P (14 more) ..."
00:07:29.0 (1320245)|HEAP_ALLOCATE|[6]|Bytes:28
00:07:29.0 (1327489)|VARIABLE_ASSIGNMENT|[6]|TestDataUtility.STR_USERNAME|"probablynotauser@exa (8 more) ..."
00:07:29.0 (1342742)|METHOD_ENTRY|[6]|01pt00000000Hzf|TestDataUtility.TestDataUtility()
00:07:29.0 (1348125)|STATEMENT_EXECUTE|[6]
00:07:29.0 (1351017)|STATEMENT_EXECUTE|[6]
00:07:29.0 (1356001)|METHOD_EXIT|[6]|TestDataUtility
00:07:29.0 (1378994)|METHOD_ENTRY|[6]|01pt00000000Hzf|TestDataUtility.createTestUser(Boolean)
00:07:29.0 (1455743)|VARIABLE_SCOPE_BEGIN|[78]|doInsert|Boolean|false|false
00:07:29.0 (1471772)|VARIABLE_ASSIGNMENT|[78]|doInsert|true
00:07:29.0 (1493139)|STATEMENT_EXECUTE|[78]
00:07:29.0 (1494743)|STATEMENT_EXECUTE|[80]
00:07:29.0 (1498322)|HEAP_ALLOCATE|[80]|Bytes:67
00:07:29.0 (1512414)|HEAP_ALLOCATE|[80]|Bytes:4
00:07:29.0 (1732776)|SOQL_EXECUTE_BEGIN|[80]|Aggregations:0|SELECT Id FROM UserRole WHERE Name = 'System Administrator' LIMIT 1
00:07:29.0 (41323166)|SOQL_EXECUTE_END|[80]|Rows:1
00:07:29.0 (41344137)|HEAP_ALLOCATE|[80]|Bytes:8
00:07:29.0 (41362481)|HEAP_ALLOCATE|[80]|Bytes:29
00:07:29.0 (41459865)|HEAP_ALLOCATE|[80]|Bytes:8
00:07:29.0 (41473452)|HEAP_ALLOCATE|[80]|Bytes:34
00:07:29.0 (41545592)|HEAP_ALLOCATE|[80]|Bytes:8
00:07:29.0 (41557744)|VARIABLE_SCOPE_BEGIN|[80]|portalRole|UserRole|true|false
00:07:29.0 (41580872)|VARIABLE_ASSIGNMENT|[80]|portalRole|{"Id":"00Et0000000gkEIEAY"}|0x394c8373
00:07:29.0 (41587466)|STATEMENT_EXECUTE|[81]
00:07:29.0 (41591215)|HEAP_ALLOCATE|[81]|Bytes:51
00:07:29.0 (41598342)|HEAP_ALLOCATE|[81]|Bytes:4
00:07:29.0 (41753319)|SOQL_EXECUTE_BEGIN|[81]|Aggregations:0|SELECT Id FROM Profile WHERE Name = 'Standard User'
00:07:29.0 (63511707)|SOQL_EXECUTE_END|[81]|Rows:1
00:07:29.0 (63530710)|HEAP_ALLOCATE|[81]|Bytes:8
00:07:29.0 (63542695)|HEAP_ALLOCATE|[81]|Bytes:29
00:07:29.0 (63589986)|HEAP_ALLOCATE|[81]|Bytes:8
00:07:29.0 (63602069)|HEAP_ALLOCATE|[81]|Bytes:33
00:07:29.0 (63645790)|HEAP_ALLOCATE|[81]|Bytes:8
00:07:29.0 (63680223)|VARIABLE_SCOPE_BEGIN|[81]|profile|Id|false|false
00:07:29.0 (63866777)|VARIABLE_ASSIGNMENT|[81]|profile|"00et0000000HgMJAA0"
00:07:29.0 (63875736)|STATEMENT_EXECUTE|[82]
00:07:29.0 (63880665)|HEAP_ALLOCATE|[82]|Bytes:93
00:07:29.0 (63889104)|HEAP_ALLOCATE|[82]|Bytes:4
00:07:29.0 (64145666)|SOQL_EXECUTE_BEGIN|[82]|Aggregations:0|SELECT Id FROM User WHERE (Profile.Name = 'System Administrator' AND isActive = TRUE) LIMIT 1
00:07:29.0 (141593980)|SOQL_EXECUTE_END|[82]|Rows:1
00:07:29.0 (141649519)|HEAP_ALLOCATE|[82]|Bytes:8
00:07:29.0 (141680621)|HEAP_ALLOCATE|[82]|Bytes:60
00:07:29.0 (141781139)|HEAP_ALLOCATE|[82]|Bytes:8
00:07:29.0 (141810716)|VARIABLE_SCOPE_BEGIN|[82]|userAdmin|List<User>|true|false
00:07:29.0 (141858256)|VARIABLE_ASSIGNMENT|[82]|userAdmin|[{"Id":"005t0000000GxsLAAS","ProfileId":"00et0000000HgM7AAK"}]|0x737119ae
00:07:29.0 (141867616)|STATEMENT_EXECUTE|[83]
00:07:29.0 (141890340)|HEAP_ALLOCATE|[83]|Bytes:4
00:07:29.0 (142018896)|HEAP_ALLOCATE|[83]|Bytes:7
00:07:29.0 (142103538)|VARIABLE_ASSIGNMENT|[83]|this.Alias|"hasrole"|0x123abf9d
00:07:29.0 (142183279)|VARIABLE_ASSIGNMENT|[83]|this.UserRoleId|"00Et0000000gkEIEAY"|0x123abf9d
00:07:29.0 (142194254)|HEAP_ALLOCATE|[85]|Bytes:16
00:07:29.0 (142224942)|VARIABLE_ASSIGNMENT|[83]|this.Email|"kramer@gmail.com"|0x123abf9d
00:07:29.0 (142234449)|HEAP_ALLOCATE|[86]|Bytes:5
00:07:29.0 (142262690)|VARIABLE_ASSIGNMENT|[83]|this.EmailEncodingKey|"UTF-8"|0x123abf9d
00:07:29.0 (142272301)|HEAP_ALLOCATE|[87]|Bytes:6
00:07:29.0 (142299264)|VARIABLE_ASSIGNMENT|[83]|this.LastName|"kramer"|0x123abf9d
00:07:29.0 (142308572)|HEAP_ALLOCATE|[88]|Bytes:5
00:07:29.0 (142334382)|VARIABLE_ASSIGNMENT|[83]|this.LanguageLocaleKey|"en_US"|0x123abf9d
00:07:29.0 (142366021)|VARIABLE_ASSIGNMENT|[83]|this.LocaleSidKey|"en_US"|0x123abf9d
00:07:29.0 (142402619)|VARIABLE_ASSIGNMENT|[83]|this.ProfileId|"00et0000000HgMJAA0"|0x123abf9d
00:07:29.0 (142412620)|HEAP_ALLOCATE|[91]|Bytes:19
00:07:29.0 (142442000)|VARIABLE_ASSIGNMENT|[83]|this.TimeZoneSidKey|"America/Los_Angeles"|0x123abf9d
00:07:29.0 (142484232)|VARIABLE_ASSIGNMENT|[83]|this.Username|"probablynotauser@exa (8 more) ..."|0x123abf9d
00:07:29.0 (142528773)|VARIABLE_SCOPE_BEGIN|[83]|user|User|true|false
00:07:29.0 (142559976)|VARIABLE_ASSIGNMENT|[83]|user|{"Alias":"hasrole","UserRoleId":"00Et0000000gkEIEAY","Email":"kramer@gmail.com","EmailEncodingKey":"UTF-8","LastName":"kramer","LanguageLocaleKey":"en_US","LocaleSidKey":"en_US","ProfileId":"00et0000000HgMJAA0","TimeZoneSidKey":"America/Los_Angeles","Username":"probablynotauser@exa (8 more) ..."}|0x123abf9d
00:07:29.0 (142577287)|STATEMENT_EXECUTE|[94]
00:07:29.0 (142645908)|HEAP_ALLOCATE|[95]|Bytes:12
00:07:29.0 (153709030)|HEAP_ALLOCATE|[95]|Bytes:8
00:07:29.0 (153723087)|STATEMENT_EXECUTE|[95]
00:07:29.0 (153725197)|STATEMENT_EXECUTE|[96]
00:07:29.0 (153762933)|HEAP_ALLOCATE|[96]|Bytes:8
00:07:29.0 (153776477)|DML_BEGIN|[96]|Op:Insert|Type:User|Rows:1
00:07:29.0 (153801778)|HEAP_ALLOCATE|[EXTERNAL]|Bytes:8
00:07:31.272 (2272932327)|DML_END|[96]
00:07:31.272 (2280387977)|STATEMENT_EXECUTE|[99]
00:07:31.272 (2280410016)|METHOD_EXIT|[6]|01pt00000000Hzf|TestDataUtility.createTestUser(Boolean)
00:07:31.272 (2280434037)|VARIABLE_SCOPE_BEGIN|[6]|internalUser|User|true|false
00:07:31.272 (2280482963)|VARIABLE_ASSIGNMENT|[6]|internalUser|{"Alias":"hasrole","UserRoleId":"00Et0000000gkEIEAY","Email":"kramer@gmail.com","EmailEncodingKey":"UTF-8","LastName":"kramer","LanguageLocaleKey":"en_US","LocaleSidKey":"en_US","ProfileId":"00et0000000HgMJAA0","TimeZoneSidKey":"America/Los_Angeles","Username":"probablynotauser@exa (8 more) ...","Id":"005r0000001MNU8AAO"}|0x123abf9d
00:07:31.272 (2280494730)|STATEMENT_EXECUTE|[8]
00:07:31.272 (2280526720)|METHOD_ENTRY|[8]|01pt00000000Hzf|TestDataUtility.createAccounts(Integer, Integer, Boolean)
00:07:31.272 (2280630613)|VARIABLE_SCOPE_BEGIN|[103]|countStart|Integer|false|false
00:07:31.272 (2280645406)|VARIABLE_ASSIGNMENT|[103]|countStart|1
00:07:31.272 (2280650606)|VARIABLE_SCOPE_BEGIN|[103]|countEnd|Integer|false|false
00:07:31.272 (2280656952)|VARIABLE_ASSIGNMENT|[103]|countEnd|2
00:07:31.272 (2280671286)|VARIABLE_SCOPE_BEGIN|[103]|isInsert|Boolean|false|false
00:07:31.272 (2280679097)|VARIABLE_ASSIGNMENT|[103]|isInsert|true
00:07:31.272 (2280715352)|STATEMENT_EXECUTE|[103]
00:07:31.272 (2280717263)|STATEMENT_EXECUTE|[104]
00:07:31.272 (2280729207)|HEAP_ALLOCATE|[104]|Bytes:4
00:07:31.272 (2280810209)|VARIABLE_SCOPE_BEGIN|[104]|lstAccount|List<Account>|true|false
00:07:31.272 (2280824272)|HEAP_ALLOCATE|[EXTERNAL]|Bytes:4
00:07:31.272 (2280839066)|VARIABLE_ASSIGNMENT|[104]|lstAccount|[]|0x3d3b98e5
00:07:31.272 (2280846128)|STATEMENT_EXECUTE|[106]
00:07:31.272 (2280849328)|VARIABLE_SCOPE_BEGIN|[106]|i|Integer|false|false
00:07:31.272 (2280856100)|HEAP_ALLOCATE|[106]|Bytes:4
00:07:31.272 (2280862361)|VARIABLE_ASSIGNMENT|[106]|i|1
00:07:31.272 (2280872809)|STATEMENT_EXECUTE|[106]
00:07:31.272 (2280874042)|STATEMENT_EXECUTE|[107]
00:07:31.272 (2280900688)|HEAP_ALLOCATE|[108]|Bytes:4
00:07:31.272 (2280992967)|HEAP_ALLOCATE|[109]|Bytes:13
00:07:31.272 (2281067785)|HEAP_ALLOCATE|[109]|Bytes:1
00:07:31.272 (2281093069)|HEAP_ALLOCATE|[109]|Bytes:14
00:07:31.272 (2281159884)|VARIABLE_ASSIGNMENT|[108]|this.Name|"Test Account 1"|0x9dc2d3d
00:07:31.272 (2281171208)|HEAP_ALLOCATE|[110]|Bytes:13
00:07:31.272 (2281207056)|HEAP_ALLOCATE|[110]|Bytes:1
00:07:31.272 (2281223885)|HEAP_ALLOCATE|[110]|Bytes:14
00:07:31.272 (2281259262)|VARIABLE_ASSIGNMENT|[108]|this.BillingCountry|"United States1"|0x9dc2d3d
00:07:31.272 (2281310797)|HEAP_ALLOCATE|[111]|Bytes:4
00:07:31.272 (2281326596)|HEAP_ALLOCATE|[111]|Bytes:9
00:07:31.272 (2281339456)|HEAP_ALLOCATE|[111]|Bytes:1
00:07:31.272 (2281355807)|HEAP_ALLOCATE|[111]|Bytes:14
00:07:31.272 (2281400819)|VARIABLE_ASSIGNMENT|[108]|this.BillingStreet|"1079 WEST AVE1"|0x9dc2d3d
00:07:31.272 (2281412669)|HEAP_ALLOCATE|[112]|Bytes:4
00:07:31.272 (2281445833)|HEAP_ALLOCATE|[112]|Bytes:1
00:07:31.272 (2281462135)|HEAP_ALLOCATE|[112]|Bytes:5
00:07:31.272 (2281494464)|VARIABLE_ASSIGNMENT|[108]|this.BillingCity|"KENT1"|0x9dc2d3d
00:07:31.272 (2281504738)|HEAP_ALLOCATE|[113]|Bytes:4
00:07:31.272 (2281535062)|HEAP_ALLOCATE|[113]|Bytes:1
00:07:31.272 (2281550498)|HEAP_ALLOCATE|[113]|Bytes:5
00:07:31.272 (2281581592)|VARIABLE_ASSIGNMENT|[108]|this.BillingPostalCode|"42111"|0x9dc2d3d
00:07:31.272 (2281592152)|HEAP_ALLOCATE|[114]|Bytes:4
00:07:31.272 (2281621762)|HEAP_ALLOCATE|[114]|Bytes:1
00:07:31.272 (2281637276)|HEAP_ALLOCATE|[114]|Bytes:5
00:07:31.272 (2281667978)|VARIABLE_ASSIGNMENT|[108]|this.BillingState|"Ohio1"|0x9dc2d3d
00:07:31.272 (2281678073)|HEAP_ALLOCATE|[115]|Bytes:6
00:07:31.272 (2281707276)|HEAP_ALLOCATE|[115]|Bytes:1
00:07:31.272 (2281722979)|HEAP_ALLOCATE|[115]|Bytes:7
00:07:31.272 (2281756972)|VARIABLE_ASSIGNMENT|[108]|this.Phone|"1234561"|0x9dc2d3d
00:07:31.272 (2281767833)|HEAP_ALLOCATE|[116]|Bytes:15
00:07:31.272 (2281798320)|HEAP_ALLOCATE|[116]|Bytes:1
00:07:31.272 (2281811656)|HEAP_ALLOCATE|[116]|Bytes:4
00:07:31.272 (2281819185)|HEAP_ALLOCATE|[116]|Bytes:20
00:07:31.272 (2281852504)|VARIABLE_ASSIGNMENT|[108]|this.Website|"www.testaccount1.com"|0x9dc2d3d
00:07:31.272 (2281862375)|HEAP_ALLOCATE|[117]|Bytes:2
00:07:31.272 (2281896319)|VARIABLE_ASSIGNMENT|[108]|this.STL_Customer_ID__c|"01"|0x9dc2d3d
00:07:31.272 (2281972382)|HEAP_ALLOCATE|[EXTERNAL]|Bytes:4
00:07:31.272 (2281986230)|HEAP_ALLOCATE|[106]|Bytes:4
00:07:31.272 (2281995235)|VARIABLE_ASSIGNMENT|[106]|i|2
00:07:31.272 (2282005178)|STATEMENT_EXECUTE|[122]
00:07:31.272 (2282007214)|STATEMENT_EXECUTE|[123]
00:07:31.272 (2282064520)|DML_BEGIN|[123]|Op:Insert|Type:Account|Rows:1
00:07:31.272 (2282104907)|HEAP_ALLOCATE|[EXTERNAL]|Bytes:8
00:07:31.272 (2357188807)|CODE_UNIT_STARTED|[EXTERNAL]|DuplicateDetector
00:07:31.272 (2357210715)|DUPLICATE_DETECTION_BEGIN
00:07:31.272 (2360284993)|DUPLICATE_DETECTION_RULE_INVOCATION|DuplicateRuleId:0Bmt0000000CaSC|DuplicateRuleName:Standard Account Duplicate Rule|DmlType:INSERT
00:07:31.272 (2440975621)|DUPLICATE_DETECTION_MATCH_INVOCATION_DETAILS|EntityType:Account|ActionTaken:Allow_[Alert,Report]|DuplicateRecordIds:
00:07:31.272 (2440999141)|DUPLICATE_DETECTION_MATCH_INVOCATION_SUMMARY|EntityType:Account|NumRecordsToBeSaved:1|NumRecordsToBeSavedWithDuplicates:0|NumDuplicateRecordsFound:0
00:07:31.272 (2441131301)|DUPLICATE_DETECTION_END
00:07:31.272 (2441142761)|CODE_UNIT_FINISHED|DuplicateDetector
00:07:31.272 (2906029093)|DML_END|[123]
00:07:31.272 (2906119743)|HEAP_ALLOCATE|[EXTERNAL]|Bytes:8
00:07:31.272 (2906147974)|STATEMENT_EXECUTE|[126]
00:07:31.272 (2906168151)|METHOD_EXIT|[8]|01pt00000000Hzf|TestDataUtility.createAccounts(Integer, Integer, Boolean)
00:07:31.272 (2906189534)|VARIABLE_SCOPE_BEGIN|[8]|lstAccount|List<Account>|true|false
00:07:31.272 (2906247809)|VARIABLE_ASSIGNMENT|[8]|lstAccount|[{"Name":"Test Account 1","BillingCountry":"United States1","BillingStreet":"1079 WEST AVE1","BillingCity":"KENT1","BillingPostalCode":"42111","BillingState":"Ohio1","Phone":"1234561","Website":"www.testaccount1.com","STL_Customer_ID__c":"01","Id":"001r0000007vyffAAA"}]|0x3d3b98e5
00:07:31.272 (2906258605)|STATEMENT_EXECUTE|[10]
00:07:31.272 (2906277628)|HEAP_ALLOCATE|[10]|Bytes:44
00:07:31.272 (2906383907)|METHOD_ENTRY|[10]|01pt00000000Hzf|TestDataUtility.createContacts(Integer, Boolean, Id)
00:07:31.272 (2906464829)|VARIABLE_SCOPE_BEGIN|[131]|count|Integer|false|false
00:07:31.272 (2906479850)|VARIABLE_ASSIGNMENT|[131]|count|1
00:07:31.272 (2906488247)|VARIABLE_SCOPE_BEGIN|[131]|isInsert|Boolean|false|false
00:07:31.272 (2906496065)|VARIABLE_ASSIGNMENT|[131]|isInsert|true
00:07:31.272 (2906501082)|VARIABLE_SCOPE_BEGIN|[131]|acctId|Id|false|false
00:07:31.272 (2906609910)|VARIABLE_ASSIGNMENT|[131]|acctId|"001r0000007vyffAAA"
00:07:31.272 (2906648814)|STATEMENT_EXECUTE|[131]
00:07:31.272 (2906650663)|STATEMENT_EXECUTE|[132]
00:07:31.272 (2906656631)|HEAP_ALLOCATE|[132]|Bytes:4
00:07:31.272 (2906723192)|VARIABLE_SCOPE_BEGIN|[132]|lstContact|List<Contact>|true|false
00:07:31.272 (2906736916)|HEAP_ALLOCATE|[EXTERNAL]|Bytes:4
00:07:31.272 (2906746270)|VARIABLE_ASSIGNMENT|[132]|lstContact|[]|0x45bd688e
00:07:31.272 (2906753503)|STATEMENT_EXECUTE|[134]
00:07:31.272 (2906756935)|VARIABLE_SCOPE_BEGIN|[134]|i|Integer|false|false
00:07:31.272 (2906763994)|HEAP_ALLOCATE|[134]|Bytes:4
00:07:31.272 (2906770027)|VARIABLE_ASSIGNMENT|[134]|i|0
00:07:31.272 (2906777134)|STATEMENT_EXECUTE|[134]
00:07:31.272 (2906778233)|STATEMENT_EXECUTE|[135]
00:07:31.272 (2906797207)|HEAP_ALLOCATE|[136]|Bytes:4
00:07:31.272 (2906853330)|HEAP_ALLOCATE|[137]|Bytes:11
00:07:31.272 (2906903046)|HEAP_ALLOCATE|[137]|Bytes:1
00:07:31.272 (2906922189)|HEAP_ALLOCATE|[137]|Bytes:12
00:07:31.272 (2906969166)|VARIABLE_ASSIGNMENT|[136]|this.LastName|"TestContact0"|0x63ac418f
00:07:31.272 (2906980872)|HEAP_ALLOCATE|[138]|Bytes:14
00:07:31.272 (2907011213)|VARIABLE_ASSIGNMENT|[136]|this.Email|"test@gmail.com"|0x63ac418f
00:07:31.272 (2907051262)|VARIABLE_ASSIGNMENT|[136]|this.AccountId|"001r0000007vyffAAA"|0x63ac418f
00:07:31.272 (2907112760)|HEAP_ALLOCATE|[EXTERNAL]|Bytes:4
00:07:31.272 (2907126110)|HEAP_ALLOCATE|[134]|Bytes:4
00:07:31.272 (2907135264)|VARIABLE_ASSIGNMENT|[134]|i|1
00:07:31.272 (2907143613)|STATEMENT_EXECUTE|[144]
00:07:31.272 (2907144813)|STATEMENT_EXECUTE|[145]
00:07:31.272 (2907194740)|DML_BEGIN|[145]|Op:Insert|Type:Contact|Rows:1
00:07:31.272 (2907220792)|HEAP_ALLOCATE|[EXTERNAL]|Bytes:8
00:07:31.272 (2970196327)|CODE_UNIT_STARTED|[EXTERNAL]|DuplicateDetector
00:07:31.272 (2970222204)|DUPLICATE_DETECTION_BEGIN
00:07:31.272 (2970354904)|DUPLICATE_DETECTION_RULE_INVOCATION|DuplicateRuleId:0Bmt0000000CaSB|DuplicateRuleName:Standard Contact Duplicate Rule|DmlType:INSERT
00:07:31.272 (3028965725)|DUPLICATE_DETECTION_MATCH_INVOCATION_DETAILS|EntityType:Contact|ActionTaken:Allow_[Alert,Report]|DuplicateRecordIds:
00:07:31.272 (3028988008)|DUPLICATE_DETECTION_MATCH_INVOCATION_SUMMARY|EntityType:Contact|NumRecordsToBeSaved:1|NumRecordsToBeSavedWithDuplicates:0|NumDuplicateRecordsFound:0
00:07:31.272 (3029003306)|DUPLICATE_DETECTION_MATCH_INVOCATION_DETAILS|EntityType:Contact|ActionTaken:Allow_[Alert,Report]|DuplicateRecordIds:
00:07:31.272 (3029010398)|DUPLICATE_DETECTION_MATCH_INVOCATION_SUMMARY|EntityType:Contact|NumRecordsToBeSaved:1|NumRecordsToBeSavedWithDuplicates:0|NumDuplicateRecordsFound:0
00:07:31.272 (3029159564)|DUPLICATE_DETECTION_END
00:07:31.272 (3029167614)|CODE_UNIT_FINISHED|DuplicateDetector
00:07:32.679 (3679946296)|DML_END|[145]
00:07:32.679 (3680011823)|HEAP_ALLOCATE|[EXTERNAL]|Bytes:8
00:07:32.679 (3680044178)|STATEMENT_EXECUTE|[148]
00:07:32.679 (3680067094)|METHOD_EXIT|[10]|01pt00000000Hzf|TestDataUtility.createContacts(Integer, Boolean, Id)
00:07:32.679 (3680083919)|VARIABLE_SCOPE_BEGIN|[10]|lstContact|List<Contact>|true|false
00:07:32.679 (3680143335)|VARIABLE_ASSIGNMENT|[10]|lstContact|[{"LastName":"TestContact0","Email":"test@gmail.com","AccountId":"001r0000007vyffAAA","Id":"003r000000768e1AAA"}]|0x45bd688e
00:07:32.679 (3680151556)|STATEMENT_EXECUTE|[12]
00:07:32.679 (3680166572)|HEAP_ALLOCATE|[14]|Bytes:6
00:07:32.679 (3680212926)|METHOD_ENTRY|[12]|01pt00000000Hzf|TestDataUtility.createVehicles(Integer, Boolean, List<Account>, String)
00:07:32.679 (3680332606)|VARIABLE_SCOPE_BEGIN|[185]|count|Integer|false|false
00:07:32.679 (3680347942)|VARIABLE_ASSIGNMENT|[185]|count|200
00:07:32.679 (3680363267)|VARIABLE_SCOPE_BEGIN|[185]|isInsert|Boolean|false|false
00:07:32.679 (3680373204)|VARIABLE_ASSIGNMENT|[185]|isInsert|true
00:07:32.679 (3680378106)|VARIABLE_SCOPE_BEGIN|[185]|lstAccount|List<Account>|true|false
00:07:32.679 (3680411476)|VARIABLE_ASSIGNMENT|[185]|lstAccount|[{"Name":"Test Account 1","BillingCountry":"United States1","BillingStreet":"1079 WEST AVE1","BillingCity":"KENT1","BillingPostalCode":"42111","BillingState":"Ohio1","Phone":"1234561","Website":"www.testaccount1.com","STL_Customer_ID__c":"01","Id":"001r0000007vyffAAA"}]|0x3d3b98e5
00:07:32.679 (3680422056)|VARIABLE_SCOPE_BEGIN|[185]|strLicensePlate|String|false|false
00:07:32.679 (3680430770)|VARIABLE_ASSIGNMENT|[185]|strLicensePlate|"VWX432"
00:07:32.679 (3680478118)|STATEMENT_EXECUTE|[188]
00:07:32.679 (3680480119)|STATEMENT_EXECUTE|[189]
00:07:32.679 (3680490797)|HEAP_ALLOCATE|[189]|Bytes:4
00:07:32.679 (3680578504)|VARIABLE_SCOPE_BEGIN|[189]|lstVehicle|List<Vehicle__c>|true|false
00:07:32.679 (3680591566)|HEAP_ALLOCATE|[EXTERNAL]|Bytes:4
00:07:32.679 (3680603217)|VARIABLE_ASSIGNMENT|[189]|lstVehicle|[]|0x554fa0c
00:07:32.679 (3680611705)|STATEMENT_EXECUTE|[190]
00:07:32.679 (3680615367)|VARIABLE_SCOPE_BEGIN|[190]|i|Integer|false|false
00:07:32.679 (3680622604)|HEAP_ALLOCATE|[190]|Bytes:4
00:07:32.679 (3680628802)|VARIABLE_ASSIGNMENT|[190]|i|0
00:07:32.679 (3680636844)|STATEMENT_EXECUTE|[190]
00:07:32.679 (3680638185)|STATEMENT_EXECUTE|[191]
00:07:32.679 (3680666990)|HEAP_ALLOCATE|[192]|Bytes:4
00:07:32.679 (3680777909)|HEAP_ALLOCATE|[193]|Bytes:44
00:07:32.679 (3680877449)|VARIABLE_ASSIGNMENT|[192]|this.Account__c|"001r0000007vyffAAA"|0x4daec525
00:07:32.679 (3680928379)|HEAP_ALLOCATE|[192]|Bytes:28
00:07:32.679 (3680971883)|VARIABLE_ASSIGNMENT|[192]|this.Length_ft__c|54|0x4daec525
00:07:32.679 (3680982826)|HEAP_ALLOCATE|[196]|Bytes:6
00:07:32.679 (3681016495)|VARIABLE_ASSIGNMENT|[192]|this.Status__c|"Active"|0x4daec525
00:07:32.679 (3681095676)|HEAP_ALLOCATE|[197]|Bytes:4
00:07:32.679 (3681126769)|HEAP_ALLOCATE|[197]|Bytes:4
00:07:32.679 (3681201591)|VARIABLE_ASSIGNMENT|[192]|this.Registration_Expiration_Date__c|"2017-12-23T00:00:00.000Z"|0x4daec525
00:07:32.679 (3681213792)|HEAP_ALLOCATE|[198]|Bytes:3
00:07:32.679 (3681248878)|VARIABLE_ASSIGNMENT|[192]|this.Vehicle_Model__c|"Van"|0x4daec525
00:07:32.679 (3681259015)|HEAP_ALLOCATE|[199]|Bytes:5
00:07:32.679 (3681289211)|VARIABLE_ASSIGNMENT|[192]|this.Vehicle_Make__c|"Honda"|0x4daec525
00:07:32.679 (3681298631)|HEAP_ALLOCATE|[200]|Bytes:4
00:07:32.679 (3681327798)|VARIABLE_ASSIGNMENT|[192]|this.Vehicle_Year__c|"2017"|0x4daec525
00:07:32.679 (3681343616)|HEAP_ALLOCATE|[201]|Bytes:44
00:07:32.679 (3681397328)|HEAP_ALLOCATE|[201]|Bytes:18
00:07:32.679 (3681419339)|HEAP_ALLOCATE|[201]|Bytes:1
00:07:32.679 (3681434794)|HEAP_ALLOCATE|[201]|Bytes:25
00:07:32.679 (3681476141)|VARIABLE_ASSIGNMENT|[192]|this.License_Plate__c|"VWX432001r0000007vyf (5 more) ..."|0x4daec525
00:07:32.679 (3681548177)|HEAP_ALLOCATE|[EXTERNAL]|Bytes:4
00:07:32.679 (3681561354)|HEAP_ALLOCATE|[190]|Bytes:4
00:07:32.679 (3681570257)|VARIABLE_ASSIGNMENT|[190]|i|1
00:07:32.679 (3681577413)|STATEMENT_EXECUTE|[190]
00:07:32.679 (3681578678)|STATEMENT_EXECUTE|[191]
00:07:32.679 (3681592708)|HEAP_ALLOCATE|[192]|Bytes:4
00:07:32.679 (3682096513)|HEAP_ALLOCATE|[193]|Bytes:31
00:07:32.679 (3682117498)|METHOD_EXIT|[12]|01pt00000000Hzf|TestDataUtility.createVehicles(Integer, Boolean, List<Account>, String)
00:07:32.679 (3682318145)|FATAL_ERROR|System.ListException: List index out of bounds: 1

Class.TestDataUtility.createVehicles: line 193, column 1
Class.VehicleSubmittedNotificationBatchTest.setup: line 12, column 1
00:07:32.679 (3682336085)|FATAL_ERROR|System.ListException: List index out of bounds: 1

Class.TestDataUtility.createVehicles: line 193, column 1
Class.VehicleSubmittedNotificationBatchTest.setup: line 12, column 1
00:07:32.682 (3682346460)|CUMULATIVE_LIMIT_USAGE
00:07:32.682 (3682346460)|LIMIT_USAGE_FOR_NS|(default)|
  Number of SOQL queries: 3 out of 100
  Number of query rows: 3 out of 50000
  Number of SOSL queries: 0 out of 20
  Number of DML statements: 4 out of 150
  Number of DML rows: 4 out of 10000
  Maximum CPU time: 0 out of 10000
  Maximum heap size: 0 out of 6000000
  Number of callouts: 0 out of 100
  Number of Email Invocations: 0 out of 10
  Number of future calls: 0 out of 50
  Number of queueable jobs added to the queue: 0 out of 50
  Number of Mobile Apex push calls: 0 out of 10

00:07:32.682 (3682346460)|CUMULATIVE_LIMIT_USAGE_END

00:07:32.679 (3682392597)|CODE_UNIT_FINISHED|VehicleSubmittedNotificationBatchTest.setup
00:07:32.679 (3684469705)|EXECUTION_FINISHED
00:07:32.844 (3844324757)|USER_INFO|[EXTERNAL]|005r0000001MDcg|arjun.khatri@sfmta.com.shuttledev|Pacific Standard Time|GMT-07:00
00:07:32.844 (3844351965)|EXECUTION_STARTED
00:07:32.844 (3844356683)|CODE_UNIT_STARTED|[EXTERNAL]|DuplicateDetector
00:07:32.844 (3844366089)|DUPLICATE_DETECTION_BEGIN
00:07:32.844 (3844514012)|DUPLICATE_DETECTION_RULE_INVOCATION|DuplicateRuleId:0Bmt0000000CaSB|DuplicateRuleName:Standard Contact Duplicate Rule|DmlType:INSERT
00:07:32.844 (3865648450)|DUPLICATE_DETECTION_END
00:07:32.844 (3865673145)|CODE_UNIT_FINISHED|DuplicateDetector
00:07:32.844 (3867504694)|EXECUTION_FINISHED
00:07:32.870 (3870547624)|USER_INFO|[EXTERNAL]|005r0000001MDcg|arjun.khatri@sfmta.com.shuttledev|Pacific Standard Time|GMT-07:00
00:07:32.870 (3870564995)|EXECUTION_STARTED
00:07:32.870 (3870567501)|CODE_UNIT_STARTED|[EXTERNAL]|DuplicateDetector
00:07:32.870 (3870573080)|DUPLICATE_DETECTION_BEGIN
00:07:32.870 (3870626500)|DUPLICATE_DETECTION_RULE_INVOCATION|DuplicateRuleId:0Bmt0000000CaSC|DuplicateRuleName:Standard Account Duplicate Rule|DmlType:INSERT
00:07:32.870 (3886243025)|DUPLICATE_DETECTION_END
00:07:32.870 (3886249077)|CODE_UNIT_FINISHED|DuplicateDetector
00:07:32.870 (3888239288)|EXECUTION_FINISHED
