34.0 APEX_CODE,FINEST;APEX_PROFILING,INFO;CALLOUT,INFO;DB,INFO;SYSTEM,DEBUG;VALIDATION,INFO;VISUALFORCE,INFO;WAVE,INFO;WORKFLOW,INFO
00:09:35.0 (537957)|USER_INFO|[EXTERNAL]|005r0000001MDcg|arjun.khatri@sfmta.com.shuttledev|Pacific Standard Time|GMT-07:00
00:09:35.0 (628151)|EXECUTION_STARTED
00:09:35.0 (634021)|CODE_UNIT_STARTED|[EXTERNAL]|01pr0000000AexO|VehicleSubmittedNotificationBatchTest.test_1
00:09:35.0 (1178807)|HEAP_ALLOCATE|[72]|Bytes:3
00:09:35.0 (1240698)|HEAP_ALLOCATE|[77]|Bytes:152
00:09:35.0 (1278085)|HEAP_ALLOCATE|[342]|Bytes:408
00:09:35.0 (1323050)|HEAP_ALLOCATE|[355]|Bytes:408
00:09:35.0 (1367716)|HEAP_ALLOCATE|[467]|Bytes:48
00:09:35.0 (1456476)|HEAP_ALLOCATE|[139]|Bytes:6
00:09:35.0 (1495955)|HEAP_ALLOCATE|[EXTERNAL]|Bytes:5
00:09:35.0 (1542550)|METHOD_ENTRY|[2]|01pr0000000AexO|VehicleSubmittedNotificationBatchTest.VehicleSubmittedNotificationBatchTest()
00:09:35.0 (1558358)|STATEMENT_EXECUTE|[2]
00:09:35.0 (1566843)|STATEMENT_EXECUTE|[2]
00:09:35.0 (1574836)|METHOD_EXIT|[2]|VehicleSubmittedNotificationBatchTest
00:09:35.0 (1673848)|HEAP_ALLOCATE|[50]|Bytes:5
00:09:35.0 (1721308)|HEAP_ALLOCATE|[56]|Bytes:5
00:09:35.0 (1747293)|HEAP_ALLOCATE|[64]|Bytes:7
00:09:35.0 (1913316)|STATEMENT_EXECUTE|[37]
00:09:35.0 (1917052)|STATEMENT_EXECUTE|[38]
00:09:35.0 (1961345)|HEAP_ALLOCATE|[38]|Bytes:46
00:09:35.0 (2010135)|METHOD_ENTRY|[36]|01pt0000000Tahz|SObjectBuilder.SObjectBuilder()
00:09:35.0 (2023480)|STATEMENT_EXECUTE|[36]
00:09:35.0 (2029385)|STATEMENT_EXECUTE|[36]
00:09:35.0 (2036537)|METHOD_EXIT|[36]|SObjectBuilder
00:09:35.0 (2160027)|HEAP_ALLOCATE|[38]|Bytes:24
00:09:35.0 (2173148)|HEAP_ALLOCATE|[38]|Bytes:7
00:09:35.0 (2248604)|CONSTRUCTOR_ENTRY|[38]|01pt0000000Tahz|<init>(Schema.SObjectType)
00:09:35.0 (2299087)|VARIABLE_SCOPE_BEGIN|[48]|this|SObjectBuilder|true|false
00:09:35.0 (2384953)|VARIABLE_ASSIGNMENT|[48]|this|{}|0x408bd430
00:09:35.0 (2401495)|VARIABLE_SCOPE_BEGIN|[48]|sObjectType|Schema.SObjectType|true|false
00:09:35.0 (2567183)|VARIABLE_ASSIGNMENT|[48]|sObjectType|"common.apex.runtime.impl.ApexSObjectTypeToken@6c50c9c0"|0x6c50c9c0
00:09:35.0 (2702335)|STATEMENT_EXECUTE|[36]
00:09:35.0 (2706852)|STATEMENT_EXECUTE|[37]
00:09:35.0 (2708804)|STATEMENT_EXECUTE|[38]
00:09:35.0 (2710569)|STATEMENT_EXECUTE|[39]
00:09:35.0 (2712203)|STATEMENT_EXECUTE|[41]
00:09:35.0 (2713637)|STATEMENT_EXECUTE|[42]
00:09:35.0 (2726875)|HEAP_ALLOCATE|[49]|Bytes:6
00:09:35.0 (2774265)|STATEMENT_EXECUTE|[48]
00:09:35.0 (2777574)|STATEMENT_EXECUTE|[49]
00:09:35.0 (2785999)|HEAP_ALLOCATE|[49]|Bytes:4
00:09:35.0 (2808158)|VARIABLE_ASSIGNMENT|[49]|this.recordCount|1|0x408bd430
00:09:35.0 (2818766)|STATEMENT_EXECUTE|[50]
00:09:35.0 (2920175)|VARIABLE_ASSIGNMENT|[50]|this.sObjectType|"common.apex.runtime.impl.ApexSObjectTypeToken@6c50c9c0"|0x408bd430
00:09:35.0 (2935077)|STATEMENT_EXECUTE|[51]
00:09:35.0 (2945161)|HEAP_ALLOCATE|[51]|Bytes:4
00:09:35.0 (3016784)|VARIABLE_ASSIGNMENT|[51]|this.fieldToValue|{}|0x408bd430
00:09:35.0 (3041728)|CONSTRUCTOR_EXIT|[38]|01pt0000000Tahz|<init>(Schema.SObjectType)
00:09:35.0 (3056082)|HEAP_ALLOCATE|[38]|Bytes:4
00:09:35.0 (3134530)|HEAP_ALLOCATE|[38]|Bytes:25
00:09:35.0 (3203414)|METHOD_ENTRY|[38]|01pt0000000Tahz|SObjectBuilder.put(Schema.SObjectField, Object)
00:09:35.0 (3222373)|VARIABLE_SCOPE_BEGIN|[83]|this|SObjectBuilder|true|false
00:09:35.0 (3375128)|VARIABLE_ASSIGNMENT|[83]|this|{"fieldToValue":"0x501cf3e6","recordCount":1,"sObjectType":"common.apex.runtime.impl.ApexSObjectTypeToken@6c50c9c0"}|0x408bd430
00:09:35.0 (3394030)|VARIABLE_SCOPE_BEGIN|[83]|field|Schema.SObjectField|true|false
00:09:35.0 (3477822)|VARIABLE_ASSIGNMENT|[83]|field|"common.apex.runtime.impl.ApexFieldToken@6870d614"|0x6870d614
00:09:35.0 (3528848)|VARIABLE_SCOPE_BEGIN|[83]|value|Object|false|false
00:09:35.0 (3549662)|VARIABLE_ASSIGNMENT|[83]|value|"TestBuilderCreatedAc (5 more) ..."
00:09:35.0 (3590029)|STATEMENT_EXECUTE|[83]
00:09:35.0 (3592763)|STATEMENT_EXECUTE|[84]
00:09:35.0 (3676179)|HEAP_ALLOCATE|[EXTERNAL]|Bytes:-4
00:09:35.0 (3691281)|STATEMENT_EXECUTE|[85]
00:09:35.0 (3699581)|METHOD_EXIT|[38]|01pt0000000Tahz|SObjectBuilder.put(Schema.SObjectField, Object)
00:09:35.0 (3713962)|METHOD_ENTRY|[38]|01pt0000000Tahz|SObjectBuilder.create()
00:09:35.0 (3723338)|VARIABLE_SCOPE_BEGIN|[128]|this|SObjectBuilder|true|false
00:09:35.0 (3828462)|VARIABLE_ASSIGNMENT|[128]|this|{"fieldToValue":"0x501cf3e6","recordCount":1,"sObjectType":"common.apex.runtime.impl.ApexSObjectTypeToken@6c50c9c0"}|0x408bd430
00:09:35.0 (3856333)|STATEMENT_EXECUTE|[128]
00:09:35.0 (3858292)|STATEMENT_EXECUTE|[129]
00:09:35.0 (3867912)|METHOD_ENTRY|[129]|01pt0000000Tahz|SObjectBuilder.getState()
00:09:35.0 (3907459)|VARIABLE_SCOPE_BEGIN|[183]|this|SObjectBuilder|true|false
00:09:35.0 (4002739)|VARIABLE_ASSIGNMENT|[183]|this|{"fieldToValue":"0x501cf3e6","recordCount":1,"sObjectType":"common.apex.runtime.impl.ApexSObjectTypeToken@6c50c9c0"}|0x408bd430
00:09:35.0 (4030255)|STATEMENT_EXECUTE|[183]
00:09:35.0 (4032094)|STATEMENT_EXECUTE|[184]
00:09:35.0 (4038164)|HEAP_ALLOCATE|[184]|Bytes:5
00:09:35.0 (4060274)|METHOD_ENTRY|[8]|01pt0000000Tai1|SObjectFactoryState.SObjectFactoryState()
00:09:35.0 (4066814)|STATEMENT_EXECUTE|[8]
00:09:35.0 (4070009)|STATEMENT_EXECUTE|[8]
00:09:35.0 (4074133)|METHOD_EXIT|[8]|SObjectFactoryState
00:09:35.0 (4090214)|HEAP_ALLOCATE|[184]|Bytes:16
00:09:35.0 (4110945)|CONSTRUCTOR_ENTRY|[184]|01pt0000000Tai1|<init>(Integer,Schema.SObjectType,String)
00:09:35.0 (4134366)|VARIABLE_SCOPE_BEGIN|[28]|this|SObjectFactoryState|true|false
00:09:35.0 (4161298)|VARIABLE_ASSIGNMENT|[28]|this|{}|0x5cbd5c38
00:09:35.0 (4169069)|VARIABLE_SCOPE_BEGIN|[28]|count|Integer|false|false
00:09:35.0 (4177148)|VARIABLE_ASSIGNMENT|[28]|count|1
00:09:35.0 (4181836)|VARIABLE_SCOPE_BEGIN|[28]|sObjectType|Schema.SObjectType|true|false
00:09:35.0 (4240110)|VARIABLE_ASSIGNMENT|[28]|sObjectType|"common.apex.runtime.impl.ApexSObjectTypeToken@6c50c9c0"|0x6c50c9c0
00:09:35.0 (4252209)|VARIABLE_SCOPE_BEGIN|[28]|template|String|false|false
00:09:35.0 (4260584)|VARIABLE_ASSIGNMENT|[28]|template|null
00:09:35.0 (4276772)|STATEMENT_EXECUTE|[8]
00:09:35.0 (4278373)|STATEMENT_EXECUTE|[12]
00:09:35.0 (4280177)|STATEMENT_EXECUTE|[16]
00:09:35.0 (4281191)|STATEMENT_EXECUTE|[20]
00:09:35.0 (4294228)|STATEMENT_EXECUTE|[28]
00:09:35.0 (4295709)|STATEMENT_EXECUTE|[29]
00:09:35.0 (4311809)|VARIABLE_ASSIGNMENT|[29]|this.count|1|0x5cbd5c38
00:09:35.0 (4318822)|STATEMENT_EXECUTE|[30]
00:09:35.0 (4373093)|VARIABLE_ASSIGNMENT|[30]|this.sObjectType|"common.apex.runtime.impl.ApexSObjectTypeToken@6c50c9c0"|0x5cbd5c38
00:09:35.0 (4382818)|STATEMENT_EXECUTE|[31]
00:09:35.0 (4405166)|VARIABLE_ASSIGNMENT|[31]|this.template|null|0x5cbd5c38
00:09:35.0 (4419078)|CONSTRUCTOR_EXIT|[184]|01pt0000000Tai1|<init>(Integer,Schema.SObjectType,String)
00:09:35.0 (4427656)|METHOD_EXIT|[129]|01pt0000000Tahz|SObjectBuilder.getState()
00:09:35.0 (4500395)|VARIABLE_SCOPE_BEGIN|[30]|SObjectFactory.ADMIN_USER|User|true|true
00:09:35.0 (4513961)|VARIABLE_SCOPE_BEGIN|[23]|SObjectFactory.CREATE_ERROR|String|false|true
00:09:35.0 (4526742)|HEAP_ALLOCATE|[129]|Bytes:23
00:09:35.0 (4534573)|HEAP_ALLOCATE|[129]|Bytes:108
00:09:35.0 (4539990)|HEAP_ALLOCATE|[129]|Bytes:159
00:09:35.0 (4544727)|HEAP_ALLOCATE|[129]|Bytes:52
00:09:35.0 (4561971)|VARIABLE_ASSIGNMENT|[129]|SObjectFactory.CREATE_ERROR|"SObjectFactory Creat (32 more) ..."
00:09:35.0 (4579792)|METHOD_ENTRY|[21]|01pt0000000Tai0|SObjectFactory.SObjectFactory()
00:09:35.0 (4586193)|STATEMENT_EXECUTE|[21]
00:09:35.0 (4589153)|STATEMENT_EXECUTE|[21]
00:09:35.0 (4590211)|STATEMENT_EXECUTE|[24]
00:09:35.0 (4593979)|METHOD_EXIT|[21]|SObjectFactory
00:09:35.0 (4618398)|METHOD_ENTRY|[129]|01pt0000000Tai0|SObjectFactory.create(SObjectFactoryState, Map<Schema.SObjectField,ANY>)
00:09:35.0 (4628904)|VARIABLE_SCOPE_BEGIN|[123]|state|SObjectFactoryState|true|false
00:09:35.0 (4715792)|VARIABLE_ASSIGNMENT|[123]|state|{"count":1,"sObjectType":"common.apex.runtime.impl.ApexSObjectTypeToken@6c50c9c0"}|0x5cbd5c38
00:09:35.0 (4727441)|VARIABLE_SCOPE_BEGIN|[123]|fieldToValue|Map<Schema.SObjectField,ANY>|true|false
00:09:35.0 (4934974)|VARIABLE_ASSIGNMENT|[123]|fieldToValue|"{Name=TestBuilderCreatedAccount}"|0x501cf3e6
00:09:35.0 (4968403)|STATEMENT_EXECUTE|[123]
00:09:35.0 (4970361)|STATEMENT_EXECUTE|[124]
00:09:35.0 (4989178)|METHOD_ENTRY|[124]|01pt0000000Tai0|SObjectFactory.build(SObjectFactoryState, Map<Schema.SObjectField,ANY>)
00:09:35.0 (5082112)|VARIABLE_SCOPE_BEGIN|[144]|state|SObjectFactoryState|true|false
00:09:35.0 (5169107)|VARIABLE_ASSIGNMENT|[144]|state|{"count":1,"sObjectType":"common.apex.runtime.impl.ApexSObjectTypeToken@6c50c9c0"}|0x5cbd5c38
00:09:35.0 (5180582)|VARIABLE_SCOPE_BEGIN|[144]|fieldToValue|Map<Schema.SObjectField,ANY>|true|false
00:09:35.0 (5352184)|VARIABLE_ASSIGNMENT|[144]|fieldToValue|"{Name=TestBuilderCreatedAccount}"|0x501cf3e6
00:09:35.0 (5379243)|STATEMENT_EXECUTE|[144]
00:09:35.0 (5381179)|STATEMENT_EXECUTE|[145]
00:09:35.0 (5432673)|VARIABLE_SCOPE_BEGIN|[15]|RequiredFieldsCache.DEFAULT_DATE|Date|false|true
00:09:35.0 (5445256)|VARIABLE_SCOPE_BEGIN|[14]|RequiredFieldsCache.TEMPLATE_ERROR_MSG|String|false|true
00:09:35.0 (5510804)|VARIABLE_SCOPE_BEGIN|[56]|RequiredFieldsCache.objectTypeToFields|Map<Schema.SObjectType,Map<Schema.SObjectField,ANY>>|true|true
00:09:35.0 (5572730)|VARIABLE_SCOPE_BEGIN|[151]|RequiredFieldsCache.templateToFields|Map<Schema.SObjectType,Map<String,Map<Schema.SObjectField,ANY>>>|true|true
00:09:35.0 (5589749)|HEAP_ALLOCATE|[145]|Bytes:28
00:09:35.0 (5598328)|HEAP_ALLOCATE|[145]|Bytes:2
00:09:35.0 (5612714)|HEAP_ALLOCATE|[145]|Bytes:106
00:09:35.0 (5627826)|VARIABLE_ASSIGNMENT|[145]|RequiredFieldsCache.TEMPLATE_ERROR_MSG|"The template \"{0}\" f (86 more) ..."
00:09:35.0 (5646744)|METHOD_ENTRY|[12]|01pt0000000Tahy|RequiredFieldsCache.RequiredFieldsCache()
00:09:35.0 (5653008)|STATEMENT_EXECUTE|[12]
00:09:35.0 (5656330)|STATEMENT_EXECUTE|[12]
00:09:35.0 (5657407)|STATEMENT_EXECUTE|[13]
00:09:35.0 (5658265)|STATEMENT_EXECUTE|[15]
00:09:35.0 (5722915)|HEAP_ALLOCATE|[15]|Bytes:4
00:09:35.0 (5757667)|HEAP_ALLOCATE|[15]|Bytes:4
00:09:35.0 (5802847)|VARIABLE_ASSIGNMENT|[15]|RequiredFieldsCache.DEFAULT_DATE|"2017-09-14T00:00:00.000Z"
00:09:35.0 (5810188)|STATEMENT_EXECUTE|[56]
00:09:35.0 (5815659)|HEAP_ALLOCATE|[57]|Bytes:4
00:09:35.0 (5859343)|HEAP_ALLOCATE|[59]|Bytes:4
00:09:35.0 (5895997)|HEAP_ALLOCATE|[61]|Bytes:12
00:09:35.0 (5988164)|HEAP_ALLOCATE|[63]|Bytes:8
00:09:35.0 (6020878)|HEAP_ALLOCATE|[63]|Bytes:4
00:09:35.0 (6061666)|HEAP_ALLOCATE|[65]|Bytes:12
00:09:35.0 (6109587)|HEAP_ALLOCATE|[67]|Bytes:7
00:09:35.0 (6138316)|HEAP_ALLOCATE|[67]|Bytes:4
00:09:35.0 (6147273)|HEAP_ALLOCATE|[67]|Bytes:8
00:09:35.0 (6179735)|HEAP_ALLOCATE|[69]|Bytes:9
00:09:35.0 (6225926)|HEAP_ALLOCATE|[71]|Bytes:8
00:09:35.0 (6255601)|HEAP_ALLOCATE|[71]|Bytes:4
00:09:35.0 (6273525)|HEAP_ALLOCATE|[75]|Bytes:5
00:09:35.0 (6314605)|HEAP_ALLOCATE|[75]|Bytes:4
00:09:35.0 (6326640)|HEAP_ALLOCATE|[75]|Bytes:17
00:09:35.0 (6397160)|HEAP_ALLOCATE|[75]|Bytes:4
00:09:35.0 (6429205)|HEAP_ALLOCATE|[75]|Bytes:16
00:09:35.0 (6497586)|HEAP_ALLOCATE|[80]|Bytes:5
00:09:35.0 (6525773)|HEAP_ALLOCATE|[80]|Bytes:4
00:09:35.0 (6561856)|HEAP_ALLOCATE|[82]|Bytes:10
00:09:35.0 (6607789)|HEAP_ALLOCATE|[84]|Bytes:4
00:09:35.0 (6635877)|HEAP_ALLOCATE|[84]|Bytes:4
00:09:35.0 (6644889)|HEAP_ALLOCATE|[84]|Bytes:5
00:09:35.0 (6677854)|HEAP_ALLOCATE|[86]|Bytes:2
00:09:35.0 (6747002)|HEAP_ALLOCATE|[87]|Bytes:6
00:09:35.0 (6768205)|HEAP_ALLOCATE|[84]|Bytes:7
00:09:35.0 (6807377)|HEAP_ALLOCATE|[88]|Bytes:10
00:09:35.0 (6835851)|HEAP_ALLOCATE|[90]|Bytes:11
00:09:35.0 (6860163)|HEAP_ALLOCATE|[90]|Bytes:4
00:09:35.0 (6870071)|HEAP_ALLOCATE|[90]|Bytes:9
00:09:35.0 (6904770)|HEAP_ALLOCATE|[92]|Bytes:5
00:09:35.0 (6973933)|HEAP_ALLOCATE|[93]|Bytes:16
00:09:35.0 (6995018)|HEAP_ALLOCATE|[90]|Bytes:9
00:09:35.0 (7052489)|HEAP_ALLOCATE|[96]|Bytes:10
00:09:35.0 (7088873)|HEAP_ALLOCATE|[96]|Bytes:4
00:09:35.0 (7126500)|HEAP_ALLOCATE|[98]|Bytes:14
00:09:35.0 (7172660)|HEAP_ALLOCATE|[100]|Bytes:14
00:09:35.0 (7206682)|HEAP_ALLOCATE|[100]|Bytes:4
00:09:35.0 (7216536)|HEAP_ALLOCATE|[100]|Bytes:12
00:09:35.0 (7296378)|HEAP_ALLOCATE|[103]|Bytes:63
00:09:35.0 (7328045)|SYSTEM_METHOD_ENTRY|[1]|Test.Test()
00:09:35.0 (7333377)|STATEMENT_EXECUTE|[1]
00:09:35.0 (7340660)|SYSTEM_METHOD_EXIT|[1]|Test
00:09:35.0 (7357281)|METHOD_ENTRY|[103]||System.Test.getStandardPricebookId()
00:09:35.0 (8599010)|METHOD_EXIT|[103]||System.Test.getStandardPricebookId()
00:09:35.0 (8646270)|HEAP_ALLOCATE|[100]|Bytes:9
00:09:35.0 (8697650)|HEAP_ALLOCATE|[100]|Bytes:4
00:09:35.0 (8725053)|HEAP_ALLOCATE|[106]|Bytes:8
00:09:35.0 (8755929)|HEAP_ALLOCATE|[106]|Bytes:4
00:09:35.0 (8792981)|HEAP_ALLOCATE|[108]|Bytes:15
00:09:35.0 (8841703)|HEAP_ALLOCATE|[110]|Bytes:4
00:09:35.0 (8868825)|HEAP_ALLOCATE|[110]|Bytes:4
00:09:35.0 (8877541)|HEAP_ALLOCATE|[110]|Bytes:8
00:09:35.0 (8940226)|HEAP_ALLOCATE|[110]|Bytes:5
00:09:35.0 (8986422)|HEAP_ALLOCATE|[113]|Bytes:3
00:09:35.0 (9007831)|HEAP_ALLOCATE|[110]|Bytes:12
00:09:35.0 (9042795)|HEAP_ALLOCATE|[114]|Bytes:5
00:09:35.0 (9062439)|HEAP_ALLOCATE|[110]|Bytes:17
00:09:35.0 (9107252)|HEAP_ALLOCATE|[110]|Bytes:16
00:09:35.0 (9142343)|HEAP_ALLOCATE|[116]|Bytes:10
00:09:35.0 (9161810)|HEAP_ALLOCATE|[110]|Bytes:5
00:09:35.0 (9194457)|HEAP_ALLOCATE|[117]|Bytes:22
00:09:35.0 (9214156)|HEAP_ALLOCATE|[110]|Bytes:14
00:09:35.0 (9246534)|HEAP_ALLOCATE|[118]|Bytes:16
00:09:35.0 (9265736)|HEAP_ALLOCATE|[110]|Bytes:9
00:09:35.0 (9344370)|VARIABLE_SCOPE_BEGIN|[8]|SObjectFieldProviders.ERROR_INVALID_PADDING|String|false|true
00:09:35.0 (9355984)|VARIABLE_SCOPE_BEGIN|[10]|SObjectFieldProviders.ERROR_MISSING_PROFILE|String|false|true
00:09:35.0 (9364096)|VARIABLE_SCOPE_BEGIN|[9]|SObjectFieldProviders.ERROR_NON_ID_FIELD|String|false|true
00:09:35.0 (9377028)|VARIABLE_SCOPE_BEGIN|[51]|SObjectFieldProviders.adminProfileProvider|IFieldProvider|true|true
00:09:35.0 (9427532)|VARIABLE_SCOPE_BEGIN|[22]|SObjectFieldProviders.profilesByName|Map<String,Profile>|true|true
00:09:35.0 (9442641)|VARIABLE_SCOPE_BEGIN|[38]|SObjectFieldProviders.standardProfileProvider|IFieldProvider|true|true
00:09:35.0 (9450705)|VARIABLE_SCOPE_BEGIN|[12]|SObjectFieldProviders.uniqueCounter|Integer|false|true
00:09:35.0 (9463223)|HEAP_ALLOCATE|[119]|Bytes:138
00:09:35.0 (9471463)|HEAP_ALLOCATE|[119]|Bytes:180
00:09:35.0 (9476669)|HEAP_ALLOCATE|[119]|Bytes:11
00:09:35.0 (9481085)|HEAP_ALLOCATE|[119]|Bytes:81
00:09:35.0 (9494802)|VARIABLE_ASSIGNMENT|[119]|SObjectFieldProviders.ERROR_INVALID_PADDING|"The character \"{0}\"  (61 more) ..."
00:09:35.0 (9501018)|HEAP_ALLOCATE|[119]|Bytes:33
00:09:35.0 (9510302)|VARIABLE_ASSIGNMENT|[119]|SObjectFieldProviders.ERROR_MISSING_PROFILE|"The profile \"{0}\" do (13 more) ..."
00:09:35.0 (9515427)|HEAP_ALLOCATE|[119]|Bytes:102
00:09:35.0 (9523639)|VARIABLE_ASSIGNMENT|[119]|SObjectFieldProviders.ERROR_NON_ID_FIELD|"Dynamic ID providers (82 more) ..."
00:09:35.0 (9543359)|METHOD_ENTRY|[7]|01pt0000000Tai2|SObjectFieldProviders.SObjectFieldProviders()
00:09:35.0 (9549870)|STATEMENT_EXECUTE|[7]
00:09:35.0 (9553070)|STATEMENT_EXECUTE|[7]
00:09:35.0 (9554234)|STATEMENT_EXECUTE|[12]
00:09:35.0 (9559097)|HEAP_ALLOCATE|[12]|Bytes:4
00:09:35.0 (9570111)|VARIABLE_ASSIGNMENT|[12]|SObjectFieldProviders.uniqueCounter|0
00:09:35.0 (9574829)|STATEMENT_EXECUTE|[19]
00:09:35.0 (9576313)|STATEMENT_EXECUTE|[69]
00:09:35.0 (9577318)|STATEMENT_EXECUTE|[101]
00:09:35.0 (9578271)|STATEMENT_EXECUTE|[184]
00:09:35.0 (9579300)|STATEMENT_EXECUTE|[266]
00:09:35.0 (9580460)|STATEMENT_EXECUTE|[310]
00:09:35.0 (9581605)|STATEMENT_EXECUTE|[364]
00:09:35.0 (9586149)|METHOD_EXIT|[7]|SObjectFieldProviders
00:09:35.0 (9617868)|STATEMENT_EXECUTE|[39]
00:09:35.0 (9622955)|STATEMENT_EXECUTE|[40]
00:09:35.0 (9624154)|STATEMENT_EXECUTE|[41]
00:09:35.0 (9644297)|HEAP_ALLOCATE|[41]|Bytes:96
00:09:35.0 (9652504)|HEAP_ALLOCATE|[41]|Bytes:11
00:09:35.0 (9666100)|HEAP_ALLOCATE|[41]|Bytes:12
00:09:35.0 (9672739)|HEAP_ALLOCATE|[41]|Bytes:13
00:09:35.0 (9696742)|CONSTRUCTOR_ENTRY|[41]|01pt0000000Tai2|<init>(String)
00:09:35.0 (9730263)|VARIABLE_SCOPE_BEGIN|[387]|this|SObjectFieldProviders.ProfileProvider|true|false
00:09:35.0 (9764858)|VARIABLE_ASSIGNMENT|[387]|this|{}|0x62d923a3
00:09:35.0 (9772752)|VARIABLE_SCOPE_BEGIN|[387]|profileName|String|false|false
00:09:35.0 (9781433)|VARIABLE_ASSIGNMENT|[387]|profileName|"Standard User"
00:09:35.0 (9797951)|STATEMENT_EXECUTE|[364]
00:09:35.0 (9799723)|STATEMENT_EXECUTE|[365]
00:09:35.0 (9800926)|STATEMENT_EXECUTE|[366]
00:09:35.0 (9813563)|STATEMENT_EXECUTE|[387]
00:09:35.0 (9815214)|STATEMENT_EXECUTE|[388]
00:09:35.0 (9823501)|VARIABLE_ASSIGNMENT|[388]|this.profileName|"Standard User"|0x62d923a3
00:09:35.0 (9839499)|CONSTRUCTOR_EXIT|[41]|01pt0000000Tai2|<init>(String)
00:09:35.0 (9878157)|VARIABLE_ASSIGNMENT|[41]|SObjectFieldProviders.standardProfileProvider|{"profileName":"Standard User"}|0x62d923a3
00:09:35.0 (9887029)|STATEMENT_EXECUTE|[43]
00:09:35.0 (9919519)|HEAP_ALLOCATE|[110]|Bytes:5
00:09:35.0 (9981403)|HEAP_ALLOCATE|[120]|Bytes:120
00:09:35.0 (9990426)|HEAP_ALLOCATE|[120]|Bytes:27
00:09:35.0 (10006521)|HEAP_ALLOCATE|[120]|Bytes:16
00:09:35.0 (10014248)|HEAP_ALLOCATE|[120]|Bytes:3
00:09:35.0 (10037087)|CONSTRUCTOR_ENTRY|[120]|01pt0000000Tai2|<init>(String,Integer)
00:09:35.0 (10061485)|VARIABLE_SCOPE_BEGIN|[129]|this|SObjectFieldProviders.UniqueFixedLengthStringProvider|true|false
00:09:35.0 (10097960)|HEAP_ALLOCATE|[130]|Bytes:84
00:09:35.0 (10237169)|HEAP_ALLOCATE|[130]|Bytes:11
00:09:35.0 (10786803)|VARIABLE_ASSIGNMENT|[129]|this|{}|0x49e743fa
00:09:35.0 (10795885)|VARIABLE_SCOPE_BEGIN|[129]|base|String|false|false
00:09:35.0 (10805095)|VARIABLE_ASSIGNMENT|[129]|base|"abc"
00:09:35.0 (10810295)|VARIABLE_SCOPE_BEGIN|[129]|length|Integer|false|false
00:09:35.0 (10818126)|VARIABLE_ASSIGNMENT|[129]|length|7
00:09:35.0 (10843227)|STATEMENT_EXECUTE|[130]
00:09:35.0 (10848933)|HEAP_ALLOCATE|[130]|Bytes:1
00:09:35.0 (10889251)|CONSTRUCTOR_ENTRY|[130]|01pt0000000Tai2|<init>(String,Integer,String)
00:09:35.0 (10928526)|VARIABLE_SCOPE_BEGIN|[151]|this|SObjectFieldProviders.UniqueFixedLengthStringProvider|true|false
00:09:35.0 (10953047)|VARIABLE_ASSIGNMENT|[151]|this|{}|0x49e743fa
00:09:35.0 (10960273)|VARIABLE_SCOPE_BEGIN|[151]|base|String|false|false
00:09:35.0 (10968348)|VARIABLE_ASSIGNMENT|[151]|base|"abc"
00:09:35.0 (10973039)|VARIABLE_SCOPE_BEGIN|[151]|length|Integer|false|false
00:09:35.0 (10980584)|VARIABLE_ASSIGNMENT|[151]|length|7
00:09:35.0 (10984810)|VARIABLE_SCOPE_BEGIN|[151]|character|String|false|false
00:09:35.0 (10991719)|VARIABLE_ASSIGNMENT|[151]|character|"0"
00:09:35.0 (11007146)|STATEMENT_EXECUTE|[101]
00:09:35.0 (11009605)|STATEMENT_EXECUTE|[108]
00:09:35.0 (11010832)|STATEMENT_EXECUTE|[112]
00:09:35.0 (11011803)|STATEMENT_EXECUTE|[152]
00:09:35.0 (11030374)|CONSTRUCTOR_ENTRY|[152]|01pt0000000Tai2|<init>(String)
00:09:35.0 (11053313)|VARIABLE_SCOPE_BEGIN|[83]|this|SObjectFieldProviders.UniqueStringProvider|true|false
00:09:35.0 (11075455)|VARIABLE_ASSIGNMENT|[83]|this|{}|0x49e743fa
00:09:35.0 (11082589)|VARIABLE_SCOPE_BEGIN|[83]|base|String|false|false
00:09:35.0 (11090529)|VARIABLE_ASSIGNMENT|[83]|base|"abc"
00:09:35.0 (11104937)|STATEMENT_EXECUTE|[69]
00:09:35.0 (11106760)|STATEMENT_EXECUTE|[70]
00:09:35.0 (11119892)|STATEMENT_EXECUTE|[83]
00:09:35.0 (11121310)|STATEMENT_EXECUTE|[84]
00:09:35.0 (11171316)|VARIABLE_ASSIGNMENT|[EXTERNAL]|this|{}|0x49e743fa
00:09:35.0 (11183482)|VARIABLE_ASSIGNMENT|[EXTERNAL]|value|"abc"
00:09:35.0 (11205631)|CONSTRUCTOR_EXIT|[152]|01pt0000000Tai2|<init>(String)
00:09:35.0 (11212109)|STATEMENT_EXECUTE|[151]
00:09:35.0 (11259069)|STATEMENT_EXECUTE|[153]
00:09:35.0 (11261460)|STATEMENT_EXECUTE|[158]
00:09:35.0 (11308471)|VARIABLE_ASSIGNMENT|[EXTERNAL]|this|{"base":"abc"}|0x49e743fa
00:09:35.0 (11320162)|VARIABLE_ASSIGNMENT|[EXTERNAL]|value|"0"
00:09:35.0 (11333160)|VARIABLE_ASSIGNMENT|[112]|this.character|"0"|0x49e743fa
00:09:35.0 (11343918)|STATEMENT_EXECUTE|[159]
00:09:35.0 (11388918)|VARIABLE_ASSIGNMENT|[EXTERNAL]|this|{"character":"0","base":"abc"}|0x49e743fa
00:09:35.0 (11405482)|VARIABLE_ASSIGNMENT|[EXTERNAL]|value|7
00:09:35.0 (11414117)|HEAP_ALLOCATE|[108]|Bytes:4
00:09:35.0 (11440436)|VARIABLE_ASSIGNMENT|[108]|this.length|7|0x49e743fa
00:09:35.0 (11460076)|CONSTRUCTOR_EXIT|[130]|01pt0000000Tai2|<init>(String,Integer,String)
00:09:35.0 (11466438)|STATEMENT_EXECUTE|[129]
00:09:35.0 (11473487)|CONSTRUCTOR_EXIT|[120]|01pt0000000Tai2|<init>(String,Integer)
00:09:35.0 (11504261)|HEAP_ALLOCATE|[110]|Bytes:17
00:09:35.0 (11567049)|HEAP_ALLOCATE|[121]|Bytes:8
00:09:35.0 (11579999)|HEAP_ALLOCATE|[121]|Bytes:7
00:09:35.0 (11599741)|CONSTRUCTOR_ENTRY|[121]|01pt0000000Tai2|<init>(String)
00:09:35.0 (11622688)|VARIABLE_SCOPE_BEGIN|[83]|this|SObjectFieldProviders.UniqueStringProvider|true|false
00:09:35.0 (11644911)|VARIABLE_ASSIGNMENT|[83]|this|{}|0x3c516d62
00:09:35.0 (11651130)|VARIABLE_SCOPE_BEGIN|[83]|base|String|false|false
00:09:35.0 (11658920)|VARIABLE_ASSIGNMENT|[83]|base|"johndoe"
00:09:35.0 (11670913)|STATEMENT_EXECUTE|[69]
00:09:35.0 (11672317)|STATEMENT_EXECUTE|[70]
00:09:35.0 (11683412)|STATEMENT_EXECUTE|[83]
00:09:35.0 (11684772)|STATEMENT_EXECUTE|[84]
00:09:35.0 (11700772)|VARIABLE_ASSIGNMENT|[EXTERNAL]|this|{}|0x3c516d62
00:09:35.0 (11709879)|VARIABLE_ASSIGNMENT|[EXTERNAL]|value|"johndoe"
00:09:35.0 (11718604)|VARIABLE_ASSIGNMENT|[70]|this.base|"johndoe"|0x3c516d62
00:09:35.0 (11734597)|CONSTRUCTOR_EXIT|[121]|01pt0000000Tai2|<init>(String)
00:09:35.0 (11763019)|HEAP_ALLOCATE|[110]|Bytes:8
00:09:35.0 (11809760)|HEAP_ALLOCATE|[122]|Bytes:8
00:09:35.0 (11821613)|HEAP_ALLOCATE|[122]|Bytes:28
00:09:35.0 (11837743)|CONSTRUCTOR_ENTRY|[122]|01pt0000000Tai2|<init>(String)
00:09:35.0 (11853697)|VARIABLE_SCOPE_BEGIN|[83]|this|SObjectFieldProviders.UniqueStringProvider|true|false
00:09:35.0 (11873441)|VARIABLE_ASSIGNMENT|[83]|this|{}|0x706531a5
00:09:35.0 (11879463)|VARIABLE_SCOPE_BEGIN|[83]|base|String|false|false
00:09:35.0 (11888610)|VARIABLE_ASSIGNMENT|[83]|base|"test_xyz=exmaple@exa (8 more) ..."
00:09:35.0 (11900055)|STATEMENT_EXECUTE|[69]
00:09:35.0 (11901473)|STATEMENT_EXECUTE|[70]
00:09:35.0 (11911805)|STATEMENT_EXECUTE|[83]
00:09:35.0 (11912961)|STATEMENT_EXECUTE|[84]
00:09:35.0 (11927961)|VARIABLE_ASSIGNMENT|[EXTERNAL]|this|{}|0x706531a5
00:09:35.0 (11938121)|VARIABLE_ASSIGNMENT|[EXTERNAL]|value|"test_xyz=exmaple@exa (8 more) ..."
00:09:35.0 (11947643)|VARIABLE_ASSIGNMENT|[70]|this.base|"test_xyz=exmaple@exa (8 more) ..."|0x706531a5
00:09:35.0 (11963784)|CONSTRUCTOR_EXIT|[122]|01pt0000000Tai2|<init>(String)
00:09:35.0 (11996479)|HEAP_ALLOCATE|[124]|Bytes:4
00:09:35.0 (12029838)|HEAP_ALLOCATE|[124]|Bytes:4
00:09:35.0 (12044199)|HEAP_ALLOCATE|[124]|Bytes:12
00:09:35.0 (12153724)|HEAP_ALLOCATE|[126]|Bytes:3
00:09:35.0 (12257480)|VARIABLE_ASSIGNMENT|[56]|RequiredFieldsCache.objectTypeToFields|"Map of size 13 too large to display"|0x46925285
00:09:35.0 (12267464)|STATEMENT_EXECUTE|[151]
00:09:35.0 (12272860)|HEAP_ALLOCATE|[152]|Bytes:4
00:09:35.0 (12320138)|HEAP_ALLOCATE|[154]|Bytes:4
00:09:35.0 (12343844)|HEAP_ALLOCATE|[156]|Bytes:19
00:09:35.0 (12352866)|HEAP_ALLOCATE|[156]|Bytes:4
00:09:35.0 (12387687)|HEAP_ALLOCATE|[158]|Bytes:23
00:09:35.0 (12462657)|HEAP_ALLOCATE|[160]|Bytes:14
00:09:35.0 (12474649)|HEAP_ALLOCATE|[160]|Bytes:4
00:09:35.0 (12512660)|HEAP_ALLOCATE|[162]|Bytes:27
00:09:35.0 (12556901)|HEAP_ALLOCATE|[160]|Bytes:17
00:09:35.0 (12605889)|HEAP_ALLOCATE|[160]|Bytes:4
00:09:35.0 (12637041)|HEAP_ALLOCATE|[165]|Bytes:17
00:09:35.0 (12647552)|HEAP_ALLOCATE|[165]|Bytes:4
00:09:35.0 (12682378)|HEAP_ALLOCATE|[167]|Bytes:34
00:09:35.0 (12726608)|HEAP_ALLOCATE|[165]|Bytes:12
00:09:35.0 (12768551)|HEAP_ALLOCATE|[168]|Bytes:2
00:09:35.0 (12843090)|HEAP_ALLOCATE|[171]|Bytes:4
00:09:35.0 (12857091)|HEAP_ALLOCATE|[173]|Bytes:7
00:09:35.0 (12864045)|HEAP_ALLOCATE|[173]|Bytes:4
00:09:35.0 (12871922)|HEAP_ALLOCATE|[173]|Bytes:4
00:09:35.0 (12906386)|HEAP_ALLOCATE|[175]|Bytes:12
00:09:35.0 (12971532)|HEAP_ALLOCATE|[177]|Bytes:5
00:09:35.0 (12983145)|HEAP_ALLOCATE|[177]|Bytes:4
00:09:35.0 (12992713)|HEAP_ALLOCATE|[177]|Bytes:10
00:09:35.0 (13029096)|HEAP_ALLOCATE|[179]|Bytes:3
00:09:35.0 (13729148)|VARIABLE_ASSIGNMENT|[151]|RequiredFieldsCache.templateToFields|"{Account={Enterprise_Business={Name=Some Enterprise Account}, Government_Entity={Name=Some Washington Government Account, BillingState=WA}, Small_Business={Name=Some Small Business Account, NumberOfEmployees=10}}, Opportunity={Sales={LeadSource=Web}, Service={Type=Service Only}}}"|0x56abfaef
00:09:35.0 (13764696)|METHOD_EXIT|[12]|RequiredFieldsCache
00:09:35.0 (13788211)|METHOD_ENTRY|[145]|01pt0000000Tahy|RequiredFieldsCache.get(Schema.SObjectType, String)
00:09:35.0 (13809877)|VARIABLE_SCOPE_BEGIN|[24]|sObjectType|Schema.SObjectType|true|false
00:09:35.0 (13868276)|VARIABLE_ASSIGNMENT|[24]|sObjectType|"common.apex.runtime.impl.ApexSObjectTypeToken@6c50c9c0"|0x6c50c9c0
00:09:35.0 (13880186)|VARIABLE_SCOPE_BEGIN|[24]|template|String|false|false
00:09:35.0 (13888521)|VARIABLE_ASSIGNMENT|[24]|template|null
00:09:35.0 (13911466)|STATEMENT_EXECUTE|[24]
00:09:35.0 (13913440)|STATEMENT_EXECUTE|[25]
00:09:35.0 (14013590)|HEAP_ALLOCATE|[26]|Bytes:20
00:09:35.0 (14031081)|VARIABLE_SCOPE_BEGIN|[25]|fieldToValue|Map<Schema.SObjectField,ANY>|true|false
00:09:35.0 (14192023)|VARIABLE_ASSIGNMENT|[25]|fieldToValue|"{Name=Some account}"|0x464c6fd8
00:09:35.0 (14241519)|STATEMENT_EXECUTE|[28]
00:09:35.0 (14243718)|STATEMENT_EXECUTE|[37]
00:09:35.0 (14249114)|METHOD_EXIT|[145]|01pt0000000Tahy|RequiredFieldsCache.get(Schema.SObjectType, String)
00:09:35.0 (14258924)|VARIABLE_SCOPE_BEGIN|[145]|fieldMap|Map<Schema.SObjectField,ANY>|true|false
00:09:35.0 (14417863)|VARIABLE_ASSIGNMENT|[145]|fieldMap|"{Name=Some account}"|0x464c6fd8
00:09:35.0 (14428466)|STATEMENT_EXECUTE|[146]
00:09:35.0 (14429988)|STATEMENT_EXECUTE|[147]
00:09:35.0 (14490793)|HEAP_ALLOCATE|[147]|Bytes:0
00:09:35.0 (14508581)|STATEMENT_EXECUTE|[149]
00:09:35.0 (14523143)|METHOD_ENTRY|[149]|01pt0000000Tai0|SObjectFactory.initializeDynamicProviders(Map<Schema.SObjectField,ANY>, SObjectFactoryState)
00:09:35.0 (14548739)|VARIABLE_SCOPE_BEGIN|[212]|fieldToValue|Map<Schema.SObjectField,ANY>|true|false
00:09:35.0 (14714118)|VARIABLE_ASSIGNMENT|[212]|fieldToValue|"{Name=TestBuilderCreatedAccount}"|0x464c6fd8
00:09:35.0 (14725663)|VARIABLE_SCOPE_BEGIN|[212]|state|SObjectFactoryState|true|false
00:09:35.0 (14813178)|VARIABLE_ASSIGNMENT|[212]|state|{"count":1,"sObjectType":"common.apex.runtime.impl.ApexSObjectTypeToken@6c50c9c0"}|0x5cbd5c38
00:09:35.0 (14841405)|STATEMENT_EXECUTE|[212]
00:09:35.0 (14843203)|STATEMENT_EXECUTE|[213]
00:09:35.0 (14852839)|VARIABLE_SCOPE_BEGIN|[213]|value|Object|false|false
00:09:35.0 (14866968)|VARIABLE_ASSIGNMENT|[213]|value|null
00:09:35.0 (14882000)|HEAP_ALLOCATE|[214]|Bytes:4
00:09:35.0 (14971882)|HEAP_ALLOCATE|[214]|Bytes:8
00:09:35.0 (15004462)|HEAP_ALLOCATE|[214]|Bytes:4
00:09:35.0 (15074384)|HEAP_ALLOCATE|[214]|Bytes:5
00:09:35.0 (15116725)|VARIABLE_SCOPE_BEGIN|[214]|field|Schema.SObjectField|true|false
00:09:35.0 (15173834)|VARIABLE_ASSIGNMENT|[214]|field|"common.apex.runtime.impl.ApexFieldToken@6870d614"|0x6870d614
00:09:35.0 (15184145)|STATEMENT_EXECUTE|[214]
00:09:35.0 (15185517)|STATEMENT_EXECUTE|[215]
00:09:35.0 (15228870)|VARIABLE_ASSIGNMENT|[215]|value|"TestBuilderCreatedAc (5 more) ..."
00:09:35.0 (15236512)|STATEMENT_EXECUTE|[216]
00:09:35.0 (15240788)|HEAP_ALLOCATE|[217]|Bytes:16
00:09:35.0 (15297679)|HEAP_ALLOCATE|[219]|Bytes:50
00:09:35.0 (15320068)|STATEMENT_EXECUTE|[217]
00:09:35.0 (15333354)|HEAP_ALLOCATE|[214]|Bytes:5
00:09:35.0 (15352809)|VARIABLE_ASSIGNMENT|[214]|field|null|
00:09:35.0 (15362945)|METHOD_EXIT|[149]|01pt0000000Tai0|SObjectFactory.initializeDynamicProviders(Map<Schema.SObjectField,ANY>, SObjectFactoryState)
00:09:35.0 (15368811)|STATEMENT_EXECUTE|[151]
00:09:35.0 (15373482)|HEAP_ALLOCATE|[151]|Bytes:4
00:09:35.0 (15403974)|VARIABLE_SCOPE_BEGIN|[151]|records|List<SObject>|true|false
00:09:35.0 (15419131)|HEAP_ALLOCATE|[EXTERNAL]|Bytes:4
00:09:35.0 (15432435)|VARIABLE_ASSIGNMENT|[151]|records|[]|0x416f1969
00:09:35.0 (15438642)|STATEMENT_EXECUTE|[152]
00:09:35.0 (15442228)|VARIABLE_SCOPE_BEGIN|[152]|i|Integer|false|false
00:09:35.0 (15448887)|HEAP_ALLOCATE|[152]|Bytes:4
00:09:35.0 (15458942)|VARIABLE_ASSIGNMENT|[152]|i|0
00:09:35.0 (15467962)|STATEMENT_EXECUTE|[152]
00:09:35.0 (15469146)|STATEMENT_EXECUTE|[153]
00:09:35.0 (15484248)|METHOD_ENTRY|[153]|01pt0000000Tai0|SObjectFactory.buildRecord(Schema.SObjectType, Map<Schema.SObjectField,ANY>)
00:09:35.0 (15506383)|VARIABLE_SCOPE_BEGIN|[184]|sObjectType|Schema.SObjectType|true|false
00:09:35.0 (15563688)|VARIABLE_ASSIGNMENT|[184]|sObjectType|"common.apex.runtime.impl.ApexSObjectTypeToken@6c50c9c0"|0x6c50c9c0
00:09:35.0 (15575487)|VARIABLE_SCOPE_BEGIN|[184]|fieldMap|Map<Schema.SObjectField,ANY>|true|false
00:09:35.0 (15729491)|VARIABLE_ASSIGNMENT|[184]|fieldMap|"{Name=TestBuilderCreatedAccount}"|0x464c6fd8
00:09:35.0 (15756192)|STATEMENT_EXECUTE|[184]
00:09:35.0 (15757998)|STATEMENT_EXECUTE|[185]
00:09:35.0 (15761683)|VARIABLE_SCOPE_BEGIN|[185]|recordId|Id|false|false
00:09:35.0 (15772631)|VARIABLE_ASSIGNMENT|[185]|recordId|null
00:09:35.0 (15777175)|STATEMENT_EXECUTE|[186]
00:09:35.0 (15850847)|HEAP_ALLOCATE|[186]|Bytes:4
00:09:35.0 (15882628)|VARIABLE_SCOPE_BEGIN|[186]|record|SObject|true|false
00:09:35.0 (15899467)|VARIABLE_ASSIGNMENT|[186]|record|{}|0x7994c285
00:09:35.0 (15909643)|HEAP_ALLOCATE|[188]|Bytes:4
00:09:35.0 (15956809)|HEAP_ALLOCATE|[188]|Bytes:8
00:09:35.0 (15981477)|HEAP_ALLOCATE|[188]|Bytes:4
00:09:35.0 (16006922)|HEAP_ALLOCATE|[188]|Bytes:5
00:09:35.0 (16028085)|VARIABLE_SCOPE_BEGIN|[188]|field|Schema.SObjectField|true|false
00:09:35.0 (16085087)|VARIABLE_ASSIGNMENT|[188]|field|"common.apex.runtime.impl.ApexFieldToken@6870d614"|0x6870d614
00:09:35.0 (16095180)|STATEMENT_EXECUTE|[188]
00:09:35.0 (16152172)|HEAP_ALLOCATE|[189]|Bytes:4
00:09:35.0 (16174563)|HEAP_ALLOCATE|[189]|Bytes:2
00:09:35.0 (16203602)|STATEMENT_EXECUTE|[191]
00:09:35.0 (16205520)|STATEMENT_EXECUTE|[192]
00:09:35.0 (16247130)|METHOD_ENTRY|[192]|01pt0000000Tai0|SObjectFactory.handleProviders(Object)
00:09:35.0 (16261935)|VARIABLE_SCOPE_BEGIN|[227]|value|Object|false|false
00:09:35.0 (16274175)|VARIABLE_ASSIGNMENT|[227]|value|"TestBuilderCreatedAc (5 more) ..."
00:09:35.0 (16294498)|STATEMENT_EXECUTE|[227]
00:09:35.0 (16296914)|STATEMENT_EXECUTE|[228]
00:09:35.0 (16300853)|HEAP_ALLOCATE|[229]|Bytes:14
00:09:35.0 (16327135)|STATEMENT_EXECUTE|[229]
00:09:35.0 (16331159)|HEAP_ALLOCATE|[232]|Bytes:33
00:09:35.0 (16350477)|STATEMENT_EXECUTE|[232]
00:09:35.0 (16352642)|STATEMENT_EXECUTE|[236]
00:09:35.0 (16360534)|METHOD_EXIT|[192]|01pt0000000Tai0|SObjectFactory.handleProviders(Object)
00:09:35.0 (16480505)|HEAP_ALLOCATE|[188]|Bytes:5
00:09:35.0 (16502225)|VARIABLE_ASSIGNMENT|[188]|field|null|
00:09:35.0 (16508392)|STATEMENT_EXECUTE|[198]
00:09:35.0 (16552450)|VARIABLE_ASSIGNMENT|[198]|this.Id|null|0x7994c285
00:09:35.0 (16560170)|STATEMENT_EXECUTE|[199]
00:09:35.0 (16567439)|METHOD_EXIT|[153]|01pt0000000Tai0|SObjectFactory.buildRecord(Schema.SObjectType, Map<Schema.SObjectField,ANY>)
00:09:35.0 (16661098)|HEAP_ALLOCATE|[EXTERNAL]|Bytes:4
00:09:35.0 (16675494)|HEAP_ALLOCATE|[152]|Bytes:4
00:09:35.0 (16688854)|VARIABLE_ASSIGNMENT|[152]|i|1
00:09:35.0 (16697490)|STATEMENT_EXECUTE|[155]
00:09:35.0 (16703634)|METHOD_EXIT|[124]|01pt0000000Tai0|SObjectFactory.build(SObjectFactoryState, Map<Schema.SObjectField,ANY>)
00:09:35.0 (16711447)|VARIABLE_SCOPE_BEGIN|[124]|records|List<SObject>|true|false
00:09:35.0 (16731743)|VARIABLE_ASSIGNMENT|[124]|records|[{"Name":"TestBuilderCreatedAc (5 more) ..."}]|0x416f1969
00:09:35.0 (16738982)|STATEMENT_EXECUTE|[125]
00:09:35.0 (16740089)|STATEMENT_EXECUTE|[125]
00:09:35.0 (16741024)|STATEMENT_EXECUTE|[126]
00:09:35.0 (16798714)|DML_BEGIN|[126]|Op:Insert|Type:SObject|Rows:1
00:09:35.0 (16926506)|HEAP_ALLOCATE|[EXTERNAL]|Bytes:8
00:09:35.0 (25755052)|CODE_UNIT_STARTED|[EXTERNAL]|DuplicateDetector
00:09:35.0 (25901303)|DUPLICATE_DETECTION_BEGIN
00:09:35.0 (26548074)|DUPLICATE_DETECTION_RULE_INVOCATION|DuplicateRuleId:0Bmt0000000CaSC|DuplicateRuleName:Standard Account Duplicate Rule|DmlType:INSERT
00:09:35.0 (68454079)|DUPLICATE_DETECTION_MATCH_INVOCATION_DETAILS|EntityType:Account|ActionTaken:Allow_[Alert,Report]|DuplicateRecordIds:
00:09:35.0 (68481471)|DUPLICATE_DETECTION_MATCH_INVOCATION_SUMMARY|EntityType:Account|NumRecordsToBeSaved:1|NumRecordsToBeSavedWithDuplicates:0|NumDuplicateRecordsFound:0
00:09:35.0 (68626930)|DUPLICATE_DETECTION_END
00:09:35.0 (68637313)|CODE_UNIT_FINISHED|DuplicateDetector
00:09:35.0 (229242365)|DML_END|[126]
00:09:35.0 (229325949)|HEAP_ALLOCATE|[EXTERNAL]|Bytes:8
00:09:35.0 (229348461)|STATEMENT_EXECUTE|[127]
00:09:35.0 (229363173)|METHOD_EXIT|[129]|01pt0000000Tai0|SObjectFactory.create(SObjectFactoryState, Map<Schema.SObjectField,ANY>)
00:09:35.0 (229419996)|VARIABLE_ASSIGNMENT|[129]|this.records|[{"Name":"TestBuilderCreatedAc (5 more) ...","Id":"001r0000007vyhgAAA"}]|0x408bd430
00:09:35.0 (229428073)|STATEMENT_EXECUTE|[130]
00:09:35.0 (229435562)|METHOD_EXIT|[38]|01pt0000000Tahz|SObjectBuilder.create()
00:09:35.0 (229455686)|METHOD_ENTRY|[38]|01pt0000000Tahz|SObjectBuilder.getRecords()
00:09:35.0 (229471162)|VARIABLE_SCOPE_BEGIN|[178]|this|SObjectBuilder|true|false
00:09:35.0 (229621855)|VARIABLE_ASSIGNMENT|[178]|this|{"fieldToValue":"0x501cf3e6","recordCount":1,"records":"0x416f1969","sObjectType":"common.apex.runtime.impl.ApexSObjectTypeToken@6c50c9c0"}|0x408bd430
00:09:35.0 (229655134)|STATEMENT_EXECUTE|[178]
00:09:35.0 (229657052)|STATEMENT_EXECUTE|[179]
00:09:35.0 (229665248)|METHOD_EXIT|[38]|01pt0000000Tahz|SObjectBuilder.getRecords()
00:09:35.0 (229707536)|VARIABLE_SCOPE_BEGIN|[38]|accounts|List<Account>|true|false
00:09:35.0 (229734247)|VARIABLE_ASSIGNMENT|[38]|accounts|[{"Name":"TestBuilderCreatedAc (5 more) ...","Id":"001r0000007vyhgAAA"}]|0x416f1969
00:09:35.0 (229741165)|STATEMENT_EXECUTE|[39]
00:09:35.0 (229748486)|HEAP_ALLOCATE|[39]|Bytes:15
00:09:35.0 (229865016)|HEAP_ALLOCATE|[39]|Bytes:65
00:09:35.0 (229891562)|HEAP_ALLOCATE|[39]|Bytes:80
00:09:35.0 (229913877)|USER_DEBUG|[39]|DEBUG|>>> accounts : (Account:{Name=TestBuilderCreatedAccount, Id=001r0000007vyhgAAA})
00:09:35.229 (229930809)|CUMULATIVE_LIMIT_USAGE
00:09:35.229 (229930809)|LIMIT_USAGE_FOR_NS|(default)|
  Number of SOQL queries: 0 out of 100
  Number of query rows: 0 out of 50000
  Number of SOSL queries: 0 out of 20
  Number of DML statements: 1 out of 150
  Number of DML rows: 1 out of 10000
  Maximum CPU time: 0 out of 10000
  Maximum heap size: 0 out of 6000000
  Number of callouts: 0 out of 100
  Number of Email Invocations: 0 out of 10
  Number of future calls: 0 out of 50
  Number of queueable jobs added to the queue: 0 out of 50
  Number of Mobile Apex push calls: 0 out of 10

00:09:35.229 (229930809)|CUMULATIVE_LIMIT_USAGE_END

00:09:35.0 (230052027)|CODE_UNIT_FINISHED|VehicleSubmittedNotificationBatchTest.test_1
00:09:35.0 (231914127)|EXECUTION_FINISHED
00:09:35.425 (425585111)|USER_INFO|[EXTERNAL]|005r0000001MDcg|arjun.khatri@sfmta.com.shuttledev|Pacific Standard Time|GMT-07:00
00:09:35.425 (425615564)|EXECUTION_STARTED
00:09:35.425 (425619453)|CODE_UNIT_STARTED|[EXTERNAL]|DuplicateDetector
00:09:35.425 (425900479)|DUPLICATE_DETECTION_BEGIN
00:09:35.425 (425979837)|DUPLICATE_DETECTION_RULE_INVOCATION|DuplicateRuleId:0Bmt0000000CaSC|DuplicateRuleName:Standard Account Duplicate Rule|DmlType:INSERT
00:09:35.425 (445854526)|DUPLICATE_DETECTION_END
00:09:35.425 (445867141)|CODE_UNIT_FINISHED|DuplicateDetector
00:09:35.425 (447367231)|EXECUTION_FINISHED
