40.0 APEX_CODE,FINEST;APEX_PROFILING,INFO;CALLOUT,INFO;DB,INFO;SYSTEM,DEBUG;VALIDATION,INFO;VISUALFORCE,INFO;WAVE,INFO;WORKFLOW,INFO
00:43:06.0 (94881)|EXECUTION_STARTED
00:43:06.0 (140412)|CODE_UNIT_STARTED|[EXTERNAL]|VisualForce View State
00:43:06.0 (12303005)|CODE_UNIT_FINISHED|VisualForce View State
00:43:06.0 (13855349)|EXECUTION_FINISHED
00:43:06.247 (247919410)|CUMULATIVE_LIMIT_USAGE
00:43:06.247 (247919410)|LIMIT_USAGE_FOR_NS|(default)|
  Number of SOQL queries: 0 out of 100
  Number of query rows: 0 out of 50000
  Number of SOSL queries: 0 out of 20
  Number of DML statements: 0 out of 150
  Number of DML rows: 0 out of 10000
  Maximum CPU time: 0 out of 10000
  Maximum heap size: 0 out of 6000000
  Number of callouts: 0 out of 100
  Number of Email Invocations: 0 out of 10
  Number of future calls: 0 out of 50
  Number of queueable jobs added to the queue: 0 out of 50
  Number of Mobile Apex push calls: 0 out of 10

00:43:06.247 (247919410)|CUMULATIVE_LIMIT_USAGE_END

