34.0 APEX_CODE,FINEST;APEX_PROFILING,INFO;CALLOUT,INFO;DB,INFO;SYSTEM,DEBUG;VALIDATION,INFO;VISUALFORCE,INFO;WAVE,INFO;WORKFLOW,INFO
00:41:22.0 (734521)|USER_INFO|[EXTERNAL]|005r0000001MDcg|arjun.khatri@sfmta.com.shuttledev|Pacific Standard Time|GMT-07:00
00:41:22.0 (800946)|EXECUTION_STARTED
00:41:22.0 (806161)|CODE_UNIT_STARTED|[EXTERNAL]|01pr0000000AfNH|NotificationSchedulerTest.testExecute
00:41:22.0 (1828395)|HEAP_ALLOCATE|[72]|Bytes:3
00:41:22.0 (1881419)|HEAP_ALLOCATE|[77]|Bytes:152
00:41:22.0 (1905643)|HEAP_ALLOCATE|[342]|Bytes:408
00:41:22.0 (1930628)|HEAP_ALLOCATE|[355]|Bytes:408
00:41:22.0 (1952906)|HEAP_ALLOCATE|[467]|Bytes:48
00:41:22.0 (1989287)|HEAP_ALLOCATE|[139]|Bytes:6
00:41:22.0 (2008502)|HEAP_ALLOCATE|[EXTERNAL]|Bytes:9
00:41:22.0 (2021099)|METHOD_ENTRY|[2]|01pr0000000AfNH|NotificationSchedulerTest.NotificationSchedulerTest()
00:41:22.0 (2027146)|STATEMENT_EXECUTE|[2]
00:41:22.0 (2034290)|STATEMENT_EXECUTE|[2]
00:41:22.0 (2038446)|METHOD_EXIT|[2]|NotificationSchedulerTest
00:41:22.0 (2081383)|HEAP_ALLOCATE|[50]|Bytes:5
00:41:22.0 (2112492)|HEAP_ALLOCATE|[56]|Bytes:5
00:41:22.0 (2124171)|HEAP_ALLOCATE|[64]|Bytes:7
00:41:22.0 (2175487)|STATEMENT_EXECUTE|[4]
00:41:22.0 (2177521)|STATEMENT_EXECUTE|[5]
00:41:22.0 (2212545)|HEAP_ALLOCATE|[5]|Bytes:63
00:41:22.0 (2224606)|SYSTEM_METHOD_ENTRY|[1]|Test.Test()
00:41:22.0 (2228375)|STATEMENT_EXECUTE|[1]
00:41:22.0 (2235753)|SYSTEM_METHOD_EXIT|[1]|Test
00:41:22.0 (2250912)|METHOD_ENTRY|[5]||System.Test.startTest()
00:41:22.0 (3975542)|METHOD_EXIT|[5]||System.Test.startTest()
00:41:22.0 (3985716)|STATEMENT_EXECUTE|[6]
00:41:22.0 (12531074)|HEAP_ALLOCATE|[6]|Bytes:1
00:41:22.0 (12552860)|METHOD_ENTRY|[1]|01pr0000000Ae5q|NotificationScheduler.NotificationScheduler()
00:41:22.0 (12558583)|STATEMENT_EXECUTE|[1]
00:41:22.0 (12562783)|STATEMENT_EXECUTE|[1]
00:41:22.0 (12566898)|METHOD_EXIT|[1]|NotificationScheduler
00:41:22.0 (12586845)|HEAP_ALLOCATE|[6]|Bytes:4
00:41:22.0 (12606382)|CONSTRUCTOR_ENTRY|[6]|01pr0000000Ae5q|<init>()
00:41:22.0 (12637142)|VARIABLE_SCOPE_BEGIN|[1]|this|NotificationScheduler|true|false
00:41:22.0 (12688112)|VARIABLE_ASSIGNMENT|[1]|this|{}|0x7e94bafa
00:41:22.0 (12701027)|HEAP_ALLOCATE|[EXTERNAL]|Bytes:6
00:41:22.0 (12725937)|STATEMENT_EXECUTE|[1]
00:41:22.0 (12735865)|CONSTRUCTOR_EXIT|[6]|01pr0000000Ae5q|<init>()
00:41:22.0 (12743323)|VARIABLE_SCOPE_BEGIN|[6]|objNotificationScheduler|NotificationScheduler|true|false
00:41:22.0 (12759919)|VARIABLE_ASSIGNMENT|[6]|objNotificationScheduler|{}|0x7e94bafa
00:41:22.0 (12765758)|STATEMENT_EXECUTE|[7]
00:41:22.0 (12769343)|HEAP_ALLOCATE|[7]|Bytes:14
00:41:22.0 (12776048)|VARIABLE_SCOPE_BEGIN|[7]|schCron|String|false|false
00:41:22.0 (12788868)|VARIABLE_ASSIGNMENT|[7]|schCron|"0 1 24 * * ? *"
00:41:22.0 (12792856)|STATEMENT_EXECUTE|[8]
00:41:22.0 (12795116)|HEAP_ALLOCATE|[8]|Bytes:15
00:41:22.0 (14749333)|EXCEPTION_THROWN|[8]|System.StringException: Hour values must be between 0 and 23
00:41:22.0 (14872318)|HEAP_ALLOCATE|[8]|Bytes:40
00:41:22.0 (14930030)|FATAL_ERROR|System.StringException: Hour values must be between 0 and 23

Class.NotificationSchedulerTest.testExecute: line 8, column 1
00:41:22.0 (14942064)|FATAL_ERROR|System.StringException: Hour values must be between 0 and 23

Class.NotificationSchedulerTest.testExecute: line 8, column 1
00:41:22.14 (14948692)|CUMULATIVE_LIMIT_USAGE
00:41:22.14 (14948692)|LIMIT_USAGE_FOR_NS|(default)|
  Number of SOQL queries: 0 out of 100
  Number of query rows: 0 out of 50000
  Number of SOSL queries: 0 out of 20
  Number of DML statements: 0 out of 150
  Number of DML rows: 0 out of 10000
  Maximum CPU time: 0 out of 10000
  Maximum heap size: 0 out of 6000000
  Number of callouts: 0 out of 100
  Number of Email Invocations: 0 out of 10
  Number of future calls: 0 out of 50
  Number of queueable jobs added to the queue: 0 out of 50
  Number of Mobile Apex push calls: 0 out of 10

00:41:22.14 (14948692)|CUMULATIVE_LIMIT_USAGE_END

00:41:22.0 (14979255)|CODE_UNIT_FINISHED|NotificationSchedulerTest.testExecute
00:41:22.0 (17003420)|EXECUTION_FINISHED
