40.0 APEX_CODE,FINEST;APEX_PROFILING,INFO;CALLOUT,INFO;DB,INFO;SYSTEM,DEBUG;VALIDATION,INFO;VISUALFORCE,INFO;WAVE,INFO;WORKFLOW,INFO
Execute Anonymous: Id gId = [Select id from Group where Name = 'Commuter Shuttle'].Id;
Execute Anonymous: system.debug(VehicleNotificationService.GetUserIdsFromGroup(gId));
02:59:43.1 (1453037)|USER_INFO|[EXTERNAL]|005r0000001MDcg|arjun.khatri@sfmta.com.shuttledev|Pacific Standard Time|GMT-07:00
02:59:43.1 (1484283)|EXECUTION_STARTED
02:59:43.1 (1490342)|CODE_UNIT_STARTED|[EXTERNAL]|execute_anonymous_apex
02:59:43.1 (1604034)|VARIABLE_SCOPE_BEGIN|[1]|gId|Id|false|false
02:59:43.1 (1738640)|HEAP_ALLOCATE|[72]|Bytes:3
02:59:43.1 (1790025)|HEAP_ALLOCATE|[77]|Bytes:152
02:59:43.1 (1814169)|HEAP_ALLOCATE|[342]|Bytes:408
02:59:43.1 (1838513)|HEAP_ALLOCATE|[355]|Bytes:408
02:59:43.1 (1859949)|HEAP_ALLOCATE|[467]|Bytes:48
02:59:43.1 (1896012)|HEAP_ALLOCATE|[139]|Bytes:6
02:59:43.1 (1919406)|HEAP_ALLOCATE|[EXTERNAL]|Bytes:3
02:59:43.1 (2035206)|STATEMENT_EXECUTE|[1]
02:59:43.1 (2039322)|STATEMENT_EXECUTE|[1]
02:59:43.1 (2042845)|HEAP_ALLOCATE|[1]|Bytes:52
02:59:43.1 (2059774)|HEAP_ALLOCATE|[1]|Bytes:4
02:59:43.1 (2105556)|HEAP_ALLOCATE|[50]|Bytes:5
02:59:43.1 (2135522)|HEAP_ALLOCATE|[56]|Bytes:5
02:59:43.1 (2146799)|HEAP_ALLOCATE|[64]|Bytes:7
02:59:43.1 (2675796)|SOQL_EXECUTE_BEGIN|[1]|Aggregations:0|SELECT id FROM Group WHERE Name = 'Commuter Shuttle'
02:59:43.1 (4616719)|SOQL_EXECUTE_END|[1]|Rows:1
02:59:43.1 (4638924)|HEAP_ALLOCATE|[1]|Bytes:8
02:59:43.1 (4654156)|HEAP_ALLOCATE|[1]|Bytes:29
02:59:43.1 (4772503)|HEAP_ALLOCATE|[1]|Bytes:8
02:59:43.1 (4785030)|HEAP_ALLOCATE|[1]|Bytes:31
02:59:43.1 (4851534)|HEAP_ALLOCATE|[1]|Bytes:8
02:59:43.1 (5073072)|VARIABLE_ASSIGNMENT|[1]|gId|"00Gt0000000K0CxEAK"
02:59:43.1 (5084331)|STATEMENT_EXECUTE|[2]
02:59:43.1 (5125049)|SYSTEM_MODE_ENTER|false
02:59:43.1 (5150886)|HEAP_ALLOCATE|[2]|Bytes:5
02:59:43.1 (19238524)|VARIABLE_SCOPE_BEGIN|[3]|VehicleNotificationService.setUserId|Set<Id>|true|true
02:59:43.1 (19288604)|HEAP_ALLOCATE|[2]|Bytes:14
02:59:43.1 (19298008)|HEAP_ALLOCATE|[2]|Bytes:9
02:59:43.1 (19314382)|METHOD_ENTRY|[1]|01pr0000000Aenx|VehicleNotificationService.VehicleNotificationService()
02:59:43.1 (19320328)|STATEMENT_EXECUTE|[1]
02:59:43.1 (19324680)|STATEMENT_EXECUTE|[1]
02:59:43.1 (19332900)|HEAP_ALLOCATE|[3]|Bytes:5
02:59:43.1 (19338053)|STATEMENT_EXECUTE|[3]
02:59:43.1 (19345407)|HEAP_ALLOCATE|[3]|Bytes:4
02:59:43.1 (19424685)|VARIABLE_ASSIGNMENT|[3]|VehicleNotificationService.setUserId|[]|0x5b54ebc5
02:59:43.1 (19450203)|METHOD_EXIT|[1]|VehicleNotificationService
02:59:43.1 (19475211)|METHOD_ENTRY|[2]|01pr0000000Aenx|VehicleNotificationService.getUserIdsFromGroup(Id)
02:59:43.1 (19498298)|VARIABLE_SCOPE_BEGIN|[57]|groupId|Id|false|false
02:59:43.1 (19561734)|VARIABLE_ASSIGNMENT|[57]|groupId|"00Gt0000000K0CxEAK"
02:59:43.1 (19581415)|HEAP_ALLOCATE|[58]|Bytes:5
02:59:43.1 (19587775)|STATEMENT_EXECUTE|[57]
02:59:43.1 (19589095)|STATEMENT_EXECUTE|[58]
02:59:43.1 (19593387)|HEAP_ALLOCATE|[58]|Bytes:4
02:59:43.1 (19639384)|VARIABLE_SCOPE_BEGIN|[58]|setGroupId|Set<Id>|true|false
02:59:43.1 (19660173)|VARIABLE_ASSIGNMENT|[58]|setGroupId|[]|0x3119b5b8
02:59:43.1 (19666600)|STATEMENT_EXECUTE|[59]
02:59:43.1 (19669665)|HEAP_ALLOCATE|[59]|Bytes:4
02:59:43.1 (19949784)|HEAP_ALLOCATE|[59]|Bytes:4
02:59:43.1 (19988602)|HEAP_ALLOCATE|[59]|Bytes:3
02:59:43.1 (19997373)|VARIABLE_SCOPE_BEGIN|[59]|userType|String|false|false
02:59:43.1 (20010283)|VARIABLE_ASSIGNMENT|[59]|userType|"005"
02:59:43.1 (20018048)|HEAP_ALLOCATE|[61]|Bytes:151
02:59:43.1 (20025772)|HEAP_ALLOCATE|[61]|Bytes:4
02:59:43.1 (20033223)|HEAP_ALLOCATE|[61]|Bytes:7
02:59:43.1 (20525018)|SOQL_EXECUTE_BEGIN|[61]|Aggregations:1|SELECT Id, Type, DeveloperName, RelatedId, (SELECT Id, UserOrGroupId FROM GroupMembers LIMIT 100) FROM Group 
02:59:43.1 (28803829)|SOQL_EXECUTE_END|[61]|Rows:1
02:59:43.1 (28821415)|HEAP_ALLOCATE|[EXTERNAL]|Bytes:8
02:59:43.1 (28974303)|HEAP_ALLOCATE|[61]|Bytes:49
02:59:43.1 (28985532)|HEAP_ALLOCATE|[61]|Bytes:8
02:59:43.1 (28994188)|SYSTEM_METHOD_ENTRY|[7]|QueryLocatorIterator.QueryLocatorIterator()
02:59:43.1 (28998581)|STATEMENT_EXECUTE|[7]
02:59:43.1 (29007070)|SYSTEM_METHOD_EXIT|[7]|QueryLocatorIterator
02:59:43.1 (29016153)|HEAP_ALLOCATE|[61]|Bytes:28
02:59:43.1 (29033796)|HEAP_ALLOCATE|[61]|Bytes:8
02:59:43.1 (29051111)|HEAP_ALLOCATE|[61]|Bytes:8
02:59:43.1 (29055926)|HEAP_ALLOCATE|[61]|Bytes:8
02:59:43.1 (29063758)|VARIABLE_SCOPE_BEGIN|[15]|this|Database.QueryLocatorIterator|true|false
02:59:43.1 (29110478)|VARIABLE_ASSIGNMENT|[15]|this|{}|0x3ae437b0
02:59:43.1 (29119324)|VARIABLE_SCOPE_BEGIN|[15]|values|List<SObject>|true|false
02:59:43.1 (29148395)|VARIABLE_ASSIGNMENT|[15]|values|[{"Id":"00Gt0000000K0CxEAK","Type":"Regular","DeveloperName":"Commuter_Shuttle","GroupMembers":[{"GroupId":"00Gt0000000K0CxEAK","Id":"011t0000000EPpjAAG","UserOrGroupId":"00Gt0000000K0CvEAK"},{"GroupId":"00Gt0000000K0CxEAK","Id":"011t0000000EPpoAAG","UserOrGroupId":"00Gt0000000lipfEAA"}]}]|0x765d4da
02:59:43.1 (29160502)|VARIABLE_SCOPE_BEGIN|[15]|ql|Database.QueryLocator|true|false
02:59:43.1 (29179272)|VARIABLE_ASSIGNMENT|[15]|ql|{"query":"SELECT Id, Type, Dev (131 more) ..."}|0x7ef97255
02:59:43.1 (29186683)|VARIABLE_SCOPE_BEGIN|[15]|totalNumRecords|Integer|false|false
02:59:43.1 (29195379)|VARIABLE_ASSIGNMENT|[15]|totalNumRecords|1
02:59:43.1 (29200341)|VARIABLE_SCOPE_BEGIN|[15]|queryMoreSize|Integer|false|false
02:59:43.1 (29207208)|VARIABLE_ASSIGNMENT|[15]|queryMoreSize|49998
02:59:43.1 (29288119)|HEAP_ALLOCATE|[61]|Bytes:28
02:59:43.1 (29310802)|METHOD_ENTRY|[61]||Database.QueryLocatorIterator.hasNext()
02:59:43.1 (29366780)|METHOD_EXIT|[61]||Database.QueryLocatorIterator.hasNext()
02:59:43.1 (29377561)|METHOD_ENTRY|[61]||Database.QueryLocatorIterator.next()
02:59:43.1 (29473833)|METHOD_EXIT|[61]||Database.QueryLocatorIterator.next()
02:59:43.1 (29487726)|VARIABLE_SCOPE_BEGIN|[61]|objGroup|Group|true|false
02:59:43.1 (29511864)|VARIABLE_ASSIGNMENT|[61]|objGroup|{"Id":"00Gt0000000K0CxEAK","Type":"Regular","DeveloperName":"Commuter_Shuttle","GroupMembers":[{"GroupId":"00Gt0000000K0CxEAK","Id":"011t0000000EPpjAAG","UserOrGroupId":"00Gt0000000K0CvEAK"},{"GroupId":"00Gt0000000K0CxEAK","Id":"011t0000000EPpoAAG","UserOrGroupId":"00Gt0000000lipfEAA"}]}|0x36b788ab
02:59:43.1 (29523132)|STATEMENT_EXECUTE|[65]
02:59:43.1 (29524732)|STATEMENT_EXECUTE|[66]
02:59:43.1 (29527801)|HEAP_ALLOCATE|[66]|Bytes:19
02:59:43.1 (29620889)|HEAP_ALLOCATE|[66]|Bytes:75
02:59:43.1 (29648603)|HEAP_ALLOCATE|[66]|Bytes:94
02:59:43.1 (29671694)|USER_DEBUG|[66]|DEBUG|--- objGroup --- : Group:{Id=00Gt0000000K0CxEAK, Type=Regular, DeveloperName=Commuter_Shuttle}
02:59:43.1 (29681305)|STATEMENT_EXECUTE|[67]
02:59:43.1 (29684155)|HEAP_ALLOCATE|[67]|Bytes:32
02:59:43.1 (29689343)|HEAP_ALLOCATE|[67]|Bytes:12
02:59:43.1 (29692788)|HEAP_ALLOCATE|[67]|Bytes:11
02:59:43.1 (29732053)|HEAP_ALLOCATE|[EXTERNAL]|Bytes:12
02:59:43.1 (29778309)|HEAP_ALLOCATE|[67]|Bytes:12
02:59:43.1 (29862034)|HEAP_ALLOCATE|[67]|Bytes:198
02:59:43.1 (29882569)|HEAP_ALLOCATE|[67]|Bytes:230
02:59:43.1 (29894361)|USER_DEBUG|[67]|DEBUG|--- objGroup.GroupMembers --- : (GroupMember:{GroupId=00Gt0000000K0CxEAK, Id=011t0000000EPpjAAG, UserOrGroupId=00Gt0000000K0CvEAK}, GroupMember:{GroupId=00Gt0000000K0CxEAK, Id=011t0000000EPpoAAG, UserOrGroupId=00Gt0000000lipfEAA})
02:59:43.1 (29922516)|HEAP_ALLOCATE|[EXTERNAL]|Bytes:12
02:59:43.1 (29934798)|HEAP_ALLOCATE|[68]|Bytes:12
02:59:43.1 (29983666)|STATEMENT_EXECUTE|[68]
02:59:43.1 (30006811)|HEAP_ALLOCATE|[70]|Bytes:12
02:59:43.1 (30079964)|HEAP_ALLOCATE|[70]|Bytes:28
02:59:43.1 (30096840)|HEAP_ALLOCATE|[70]|Bytes:12
02:59:43.1 (30112139)|HEAP_ALLOCATE|[70]|Bytes:8
02:59:43.1 (30116576)|HEAP_ALLOCATE|[70]|Bytes:8
02:59:43.1 (30122598)|VARIABLE_SCOPE_BEGIN|[15]|this|Database.QueryLocatorIterator|true|false
02:59:43.1 (30147214)|VARIABLE_ASSIGNMENT|[15]|this|{}|0x26905780
02:59:43.1 (30155399)|VARIABLE_SCOPE_BEGIN|[15]|values|List<SObject>|true|false
02:59:43.1 (30173697)|VARIABLE_ASSIGNMENT|[15]|values|[{"GroupId":"00Gt0000000K0CxEAK","Id":"011t0000000EPpjAAG","UserOrGroupId":"00Gt0000000K0CvEAK"},{"GroupId":"00Gt0000000K0CxEAK","Id":"011t0000000EPpoAAG","UserOrGroupId":"00Gt0000000lipfEAA"}]|0x537592b0
02:59:43.1 (30183277)|VARIABLE_SCOPE_BEGIN|[15]|ql|Database.QueryLocator|true|false
02:59:43.1 (30194393)|VARIABLE_ASSIGNMENT|[15]|ql|{}|0x661d96da
02:59:43.1 (30200119)|VARIABLE_SCOPE_BEGIN|[15]|totalNumRecords|Integer|false|false
02:59:43.1 (30207557)|VARIABLE_ASSIGNMENT|[15]|totalNumRecords|2
02:59:43.1 (30212259)|VARIABLE_SCOPE_BEGIN|[15]|queryMoreSize|Integer|false|false
02:59:43.1 (30218897)|VARIABLE_ASSIGNMENT|[15]|queryMoreSize|200
02:59:43.1 (30258810)|HEAP_ALLOCATE|[70]|Bytes:28
02:59:43.1 (30273872)|METHOD_ENTRY|[70]||Database.QueryLocatorIterator.hasNext()
02:59:43.1 (30299800)|METHOD_EXIT|[70]||Database.QueryLocatorIterator.hasNext()
02:59:43.1 (30308528)|METHOD_ENTRY|[70]||Database.QueryLocatorIterator.next()
02:59:43.1 (30373193)|METHOD_EXIT|[70]||Database.QueryLocatorIterator.next()
02:59:43.1 (30384684)|VARIABLE_SCOPE_BEGIN|[70]|objGroupMem|GroupMember|true|false
02:59:43.1 (30402197)|VARIABLE_ASSIGNMENT|[70]|objGroupMem|{"GroupId":"00Gt0000000K0CxEAK","Id":"011t0000000EPpjAAG","UserOrGroupId":"00Gt0000000K0CvEAK"}|0x99921bf
02:59:43.1 (30408578)|STATEMENT_EXECUTE|[70]
02:59:43.1 (30444655)|HEAP_ALLOCATE|[71]|Bytes:18
02:59:43.1 (30510219)|HEAP_ALLOCATE|[76]|Bytes:7
02:59:43.1 (30534853)|STATEMENT_EXECUTE|[76]
02:59:43.1 (30536725)|STATEMENT_EXECUTE|[78]
02:59:43.1 (30570828)|HEAP_ALLOCATE|[EXTERNAL]|Bytes:4
02:59:43.1 (30585102)|METHOD_ENTRY|[70]||Database.QueryLocatorIterator.hasNext()
02:59:43.1 (30610356)|METHOD_EXIT|[70]||Database.QueryLocatorIterator.hasNext()
02:59:43.1 (30617685)|METHOD_ENTRY|[70]||Database.QueryLocatorIterator.next()
02:59:43.1 (30681025)|METHOD_EXIT|[70]||Database.QueryLocatorIterator.next()
02:59:43.1 (30692156)|VARIABLE_SCOPE_BEGIN|[70]|objGroupMem|GroupMember|true|false
02:59:43.1 (30709865)|VARIABLE_ASSIGNMENT|[70]|objGroupMem|{"GroupId":"00Gt0000000K0CxEAK","Id":"011t0000000EPpoAAG","UserOrGroupId":"00Gt0000000lipfEAA"}|0x2d914b5b
02:59:43.1 (30716466)|STATEMENT_EXECUTE|[70]
02:59:43.1 (30726599)|HEAP_ALLOCATE|[71]|Bytes:18
02:59:43.1 (30758617)|STATEMENT_EXECUTE|[76]
02:59:43.1 (30760616)|STATEMENT_EXECUTE|[78]
02:59:43.1 (30769838)|HEAP_ALLOCATE|[EXTERNAL]|Bytes:4
02:59:43.1 (30780941)|METHOD_ENTRY|[70]||Database.QueryLocatorIterator.hasNext()
02:59:43.1 (30799327)|METHOD_EXIT|[70]||Database.QueryLocatorIterator.hasNext()
02:59:43.1 (30809300)|VARIABLE_ASSIGNMENT|[70]|objGroupMem|null|
02:59:43.1 (30816983)|METHOD_ENTRY|[61]||Database.QueryLocatorIterator.hasNext()
02:59:43.1 (30830406)|METHOD_EXIT|[61]||Database.QueryLocatorIterator.hasNext()
02:59:43.1 (30838374)|VARIABLE_ASSIGNMENT|[61]|objGroup|null|
02:59:43.1 (30854339)|STATEMENT_EXECUTE|[84]
02:59:43.1 (30866574)|METHOD_ENTRY|[84]|01pr0000000Aenx|VehicleNotificationService.getAllUserIdFromRoleIds(Set<Id>)
02:59:43.1 (30887664)|VARIABLE_SCOPE_BEGIN|[93]|setGroupIds|Set<Id>|true|false
02:59:43.1 (30902931)|VARIABLE_ASSIGNMENT|[93]|setGroupIds|["00Gt0000000K0CvEAK","00Gt0000000lipfEAA"]|0x3119b5b8
02:59:43.1 (30915347)|HEAP_ALLOCATE|[94]|Bytes:5
02:59:43.1 (30920829)|STATEMENT_EXECUTE|[93]
02:59:43.1 (30922023)|STATEMENT_EXECUTE|[94]
02:59:43.1 (30926091)|HEAP_ALLOCATE|[94]|Bytes:4
02:59:43.1 (30949868)|VARIABLE_SCOPE_BEGIN|[94]|setRelateRoleId|Set<Id>|true|false
02:59:43.1 (30968054)|VARIABLE_ASSIGNMENT|[94]|setRelateRoleId|[]|0x582f5b96
02:59:43.1 (30974332)|STATEMENT_EXECUTE|[95]
02:59:43.1 (30978201)|HEAP_ALLOCATE|[95]|Bytes:4
02:59:43.1 (30999772)|VARIABLE_SCOPE_BEGIN|[95]|roleUserId|Set<Id>|true|false
02:59:43.1 (31015852)|VARIABLE_ASSIGNMENT|[95]|roleUserId|[]|0x18fb1df5
02:59:43.1 (31022702)|STATEMENT_EXECUTE|[96]
02:59:43.1 (31026330)|HEAP_ALLOCATE|[96]|Bytes:4
02:59:43.1 (31046949)|VARIABLE_SCOPE_BEGIN|[96]|setUserIds|Set<Id>|true|false
02:59:43.1 (31062220)|VARIABLE_ASSIGNMENT|[96]|setUserIds|[]|0x3f174622
02:59:43.1 (31068111)|STATEMENT_EXECUTE|[97]
02:59:43.1 (31099051)|HEAP_ALLOCATE|[97]|Bytes:4
02:59:43.1 (31106865)|HEAP_ALLOCATE|[97]|Bytes:114
02:59:43.1 (31112152)|HEAP_ALLOCATE|[97]|Bytes:4
02:59:43.1 (31140051)|HEAP_ALLOCATE|[97]|Bytes:12
02:59:43.1 (31150007)|HEAP_ALLOCATE|[97]|Bytes:12
02:59:43.1 (31455000)|SOQL_EXECUTE_BEGIN|[97]|Aggregations:0|SELECT Id, Type, DeveloperName, RelatedId FROM Group WHERE (Id = :tmpVar1 AND Type = 'Role' AND RelatedId != NULL)
02:59:43.1 (39994110)|SOQL_EXECUTE_END|[97]|Rows:2
02:59:43.1 (40012764)|HEAP_ALLOCATE|[97]|Bytes:12
02:59:43.1 (40029631)|HEAP_ALLOCATE|[97]|Bytes:211
02:59:43.1 (40044961)|HEAP_ALLOCATE|[97]|Bytes:12
02:59:43.1 (40091852)|HEAP_ALLOCATE|[97]|Bytes:20
02:59:43.1 (40105451)|HEAP_ALLOCATE|[97]|Bytes:4
02:59:43.1 (40115884)|HEAP_ALLOCATE|[97]|Bytes:20
02:59:43.1 (40123412)|HEAP_ALLOCATE|[97]|Bytes:4
02:59:43.1 (40136955)|VARIABLE_SCOPE_BEGIN|[97]|groupMap|Map<Id,Group>|true|false
02:59:43.1 (40169982)|VARIABLE_ASSIGNMENT|[97]|groupMap|{"00Gt0000000K0CvEAK":{"Id":"00Gt0000000K0CvEAK","Type":"Role","DeveloperName":"Shuttle_Admin","RelatedId":"00Et0000000DbULEA0"},"00Gt0000000lipfEAA":{"Id":"00Gt0000000lipfEAA","Type":"Role","DeveloperName":"System_Administrator","RelatedId":"00Et0000000gkEIEAY"}}|0x6cbd2717
02:59:43.1 (40210784)|STATEMENT_EXECUTE|[101]
02:59:43.1 (40213108)|STATEMENT_EXECUTE|[102]
02:59:43.1 (40216152)|HEAP_ALLOCATE|[102]|Bytes:9
02:59:43.1 (50824139)|HEAP_ALLOCATE|[102]|Bytes:242
02:59:43.1 (50845679)|METHOD_ENTRY|[1]|01pr0000000Adbg|Pluck.Pluck()
02:59:43.1 (50851974)|STATEMENT_EXECUTE|[1]
02:59:43.1 (50856236)|STATEMENT_EXECUTE|[1]
02:59:43.1 (50860898)|METHOD_EXIT|[1]|Pluck
02:59:43.1 (50886061)|METHOD_ENTRY|[102]|01pr0000000Adbg|Pluck.ids(String, Map<Id,SObject>)
02:59:43.1 (50910145)|VARIABLE_SCOPE_BEGIN|[318]|field|String|false|false
02:59:43.1 (50923147)|VARIABLE_ASSIGNMENT|[318]|field|"RelatedId"
02:59:43.1 (50929235)|VARIABLE_SCOPE_BEGIN|[318]|objs|Map<Id,SObject>|true|false
02:59:43.1 (50951561)|VARIABLE_ASSIGNMENT|[318]|objs|{"00Gt0000000K0CvEAK":{"Id":"00Gt0000000K0CvEAK","Type":"Role","DeveloperName":"Shuttle_Admin","RelatedId":"00Et0000000DbULEA0"},"00Gt0000000lipfEAA":{"Id":"00Gt0000000lipfEAA","Type":"Role","DeveloperName":"System_Administrator","RelatedId":"00Et0000000gkEIEAY"}}|0x6cbd2717
02:59:43.1 (50964760)|STATEMENT_EXECUTE|[319]
02:59:43.1 (50966268)|STATEMENT_EXECUTE|[320]
02:59:43.1 (69490977)|HEAP_ALLOCATE|[320]|Bytes:63
02:59:43.1 (69503046)|HEAP_ALLOCATE|[320]|Bytes:4
02:59:43.1 (69515705)|METHOD_ENTRY|[1]|01pr0000000Adbb|FieldReference.FieldReference()
02:59:43.1 (69521304)|STATEMENT_EXECUTE|[1]
02:59:43.1 (69525622)|STATEMENT_EXECUTE|[1]
02:59:43.1 (69527045)|STATEMENT_EXECUTE|[28]
02:59:43.1 (69528173)|STATEMENT_EXECUTE|[48]
02:59:43.1 (69529067)|STATEMENT_EXECUTE|[68]
02:59:43.1 (69533181)|METHOD_EXIT|[1]|FieldReference
02:59:43.1 (69552243)|METHOD_ENTRY|[320]|01pr0000000Adbb|FieldReference.build(String)
02:59:43.1 (69670383)|VARIABLE_SCOPE_BEGIN|[14]|field|String|false|false
02:59:43.1 (69684574)|VARIABLE_ASSIGNMENT|[14]|field|"RelatedId"
02:59:43.1 (69691431)|STATEMENT_EXECUTE|[15]
02:59:43.1 (69692731)|STATEMENT_EXECUTE|[16]
02:59:43.1 (69696009)|HEAP_ALLOCATE|[16]|Bytes:1
02:59:43.1 (69757140)|VARIABLE_SCOPE_BEGIN|[16]|index|Integer|false|false
02:59:43.1 (69768340)|HEAP_ALLOCATE|[16]|Bytes:4
02:59:43.1 (69776766)|VARIABLE_ASSIGNMENT|[16]|index|-1
02:59:43.1 (69784593)|STATEMENT_EXECUTE|[19]
02:59:43.1 (69785851)|STATEMENT_EXECUTE|[20]
02:59:43.1 (69951028)|HEAP_ALLOCATE|[20]|Bytes:8
02:59:43.1 (69975866)|HEAP_ALLOCATE|[20]|Bytes:8
02:59:43.1 (69995631)|CONSTRUCTOR_ENTRY|[20]|01pr0000000Adbb|<init>(String)
02:59:43.1 (70020236)|VARIABLE_SCOPE_BEGIN|[52]|this|FieldReference.SimpleFieldReference|true|false
02:59:43.1 (70049589)|VARIABLE_ASSIGNMENT|[52]|this|{}|0x6960b00e
02:59:43.1 (70057963)|VARIABLE_SCOPE_BEGIN|[52]|field|String|false|false
02:59:43.1 (70067355)|VARIABLE_ASSIGNMENT|[52]|field|"RelatedId"
02:59:43.1 (70073273)|STATEMENT_EXECUTE|[48]
02:59:43.1 (70074575)|STATEMENT_EXECUTE|[50]
02:59:43.1 (70083471)|CONSTRUCTOR_ENTRY|[52]|01pr0000000Adbb|<init>()
02:59:43.1 (70114475)|VARIABLE_SCOPE_BEGIN|[1]|this|FieldReference|true|false
02:59:43.1 (70135908)|VARIABLE_ASSIGNMENT|[1]|this|{}|0x6960b00e
02:59:43.1 (70158024)|STATEMENT_EXECUTE|[1]
02:59:43.1 (70163390)|CONSTRUCTOR_EXIT|[52]|01pr0000000Adbb|<init>()
02:59:43.1 (70169340)|STATEMENT_EXECUTE|[53]
02:59:43.1 (70170477)|STATEMENT_EXECUTE|[54]
02:59:43.1 (70179593)|VARIABLE_ASSIGNMENT|[54]|this.field|"RelatedId"|0x6960b00e
02:59:43.1 (70189954)|CONSTRUCTOR_EXIT|[20]|01pr0000000Adbb|<init>(String)
02:59:43.1 (70197805)|METHOD_EXIT|[320]|01pr0000000Adbb|FieldReference.build(String)
02:59:43.1 (70214426)|METHOD_ENTRY|[320]|01pr0000000Adbg|Pluck.ids(FieldReference, Map<Id,SObject>)
02:59:43.1 (70226277)|VARIABLE_SCOPE_BEGIN|[328]|field|FieldReference|true|false
02:59:43.1 (70246652)|VARIABLE_ASSIGNMENT|[328]|field|{"field":"RelatedId"}|0x6960b00e
02:59:43.1 (70254989)|VARIABLE_SCOPE_BEGIN|[328]|objs|Map<Id,SObject>|true|false
02:59:43.1 (70275108)|VARIABLE_ASSIGNMENT|[328]|objs|{"00Gt0000000K0CvEAK":{"Id":"00Gt0000000K0CvEAK","Type":"Role","DeveloperName":"Shuttle_Admin","RelatedId":"00Et0000000DbULEA0"},"00Gt0000000lipfEAA":{"Id":"00Gt0000000lipfEAA","Type":"Role","DeveloperName":"System_Administrator","RelatedId":"00Et0000000gkEIEAY"}}|0x6cbd2717
02:59:43.1 (70288126)|STATEMENT_EXECUTE|[329]
02:59:43.1 (70289657)|STATEMENT_EXECUTE|[330]
02:59:43.1 (70321137)|HEAP_ALLOCATE|[EXTERNAL]|Bytes:12
02:59:43.1 (70334093)|HEAP_ALLOCATE|[330]|Bytes:221
02:59:43.1 (70377572)|METHOD_ENTRY|[330]|01pr0000000Adbg|Pluck.ids(FieldReference, List<SObject>)
02:59:43.1 (70389953)|VARIABLE_SCOPE_BEGIN|[343]|field|FieldReference|true|false
02:59:43.1 (70411317)|VARIABLE_ASSIGNMENT|[343]|field|{"field":"RelatedId"}|0x6960b00e
02:59:43.1 (70419377)|VARIABLE_SCOPE_BEGIN|[343]|objs|List<SObject>|true|false
02:59:43.1 (70443498)|VARIABLE_ASSIGNMENT|[343]|objs|[{"Id":"00Gt0000000K0CvEAK","Type":"Role","DeveloperName":"Shuttle_Admin","RelatedId":"00Et0000000DbULEA0"},{"Id":"00Gt0000000lipfEAA","Type":"Role","DeveloperName":"System_Administrator","RelatedId":"00Et0000000gkEIEAY"}]|0x1eb7dc85
02:59:43.1 (70456258)|STATEMENT_EXECUTE|[344]
02:59:43.1 (70457890)|STATEMENT_EXECUTE|[345]
02:59:43.1 (70463119)|HEAP_ALLOCATE|[345]|Bytes:4
02:59:43.1 (70490294)|VARIABLE_SCOPE_BEGIN|[345]|plucked|Set<Id>|true|false
02:59:43.1 (70510425)|VARIABLE_ASSIGNMENT|[345]|plucked|[]|0x21b3f5a0
02:59:43.1 (70647632)|HEAP_ALLOCATE|[347]|Bytes:5
02:59:43.1 (70667980)|HEAP_ALLOCATE|[347]|Bytes:20
02:59:43.1 (70689987)|VARIABLE_SCOPE_BEGIN|[347]|obj|SObject|true|false
02:59:43.1 (70708876)|VARIABLE_ASSIGNMENT|[347]|obj|{"Id":"00Gt0000000K0CvEAK","Type":"Role","DeveloperName":"Shuttle_Admin","RelatedId":"00Et0000000DbULEA0"}|0x15e5dc93
02:59:43.1 (70716216)|STATEMENT_EXECUTE|[348]
02:59:43.1 (70717441)|STATEMENT_EXECUTE|[349]
02:59:43.1 (70731813)|METHOD_ENTRY|[349]|01pr0000000Adbg|Pluck.pluckId(FieldReference, SObject)
02:59:43.1 (70752759)|VARIABLE_SCOPE_BEGIN|[313]|field|FieldReference|true|false
02:59:43.1 (70774720)|VARIABLE_ASSIGNMENT|[313]|field|{"field":"RelatedId"}|0x6960b00e
02:59:43.1 (70782988)|VARIABLE_SCOPE_BEGIN|[313]|obj|SObject|true|false
02:59:43.1 (70794821)|VARIABLE_ASSIGNMENT|[313]|obj|{"Id":"00Gt0000000K0CvEAK","Type":"Role","DeveloperName":"Shuttle_Admin","RelatedId":"00Et0000000DbULEA0"}|0x15e5dc93
02:59:43.1 (70802284)|STATEMENT_EXECUTE|[314]
02:59:43.1 (70803457)|STATEMENT_EXECUTE|[315]
02:59:43.1 (70816027)|METHOD_ENTRY|[315]|01pr0000000Adbg|Pluck.pluck(FieldReference, SObject)
02:59:43.1 (70840859)|VARIABLE_SCOPE_BEGIN|[13]|field|FieldReference|true|false
02:59:43.1 (70862022)|VARIABLE_ASSIGNMENT|[13]|field|{"field":"RelatedId"}|0x6960b00e
02:59:43.1 (70869984)|VARIABLE_SCOPE_BEGIN|[13]|obj|SObject|true|false
02:59:43.1 (70881438)|VARIABLE_ASSIGNMENT|[13]|obj|{"Id":"00Gt0000000K0CvEAK","Type":"Role","DeveloperName":"Shuttle_Admin","RelatedId":"00Et0000000DbULEA0"}|0x15e5dc93
02:59:43.1 (70888843)|STATEMENT_EXECUTE|[14]
02:59:43.1 (70890216)|STATEMENT_EXECUTE|[15]
02:59:43.1 (70909984)|METHOD_ENTRY|[15]|01pr0000000Adbb|FieldReference.SimpleFieldReference.getFrom(SObject)
02:59:43.1 (70933350)|VARIABLE_SCOPE_BEGIN|[57]|this|FieldReference.SimpleFieldReference|true|false
02:59:43.1 (70954248)|VARIABLE_ASSIGNMENT|[57]|this|{"field":"RelatedId"}|0x6960b00e
02:59:43.1 (70962000)|VARIABLE_SCOPE_BEGIN|[57]|record|SObject|true|false
02:59:43.1 (70973721)|VARIABLE_ASSIGNMENT|[57]|record|{"Id":"00Gt0000000K0CvEAK","Type":"Role","DeveloperName":"Shuttle_Admin","RelatedId":"00Et0000000DbULEA0"}|0x15e5dc93
02:59:43.1 (70981687)|STATEMENT_EXECUTE|[58]
02:59:43.1 (70982913)|STATEMENT_EXECUTE|[59]
02:59:43.1 (71059786)|HEAP_ALLOCATE|[59]|Bytes:4
02:59:43.1 (71080163)|METHOD_EXIT|[15]|01pr0000000Adbb|FieldReference.SimpleFieldReference.getFrom(SObject)
02:59:43.1 (71088010)|METHOD_EXIT|[315]|01pr0000000Adbg|Pluck.pluck(FieldReference, SObject)
02:59:43.1 (71103143)|HEAP_ALLOCATE|[315]|Bytes:4
02:59:43.1 (71110888)|METHOD_EXIT|[349]|01pr0000000Adbg|Pluck.pluckId(FieldReference, SObject)
02:59:43.1 (71118674)|VARIABLE_SCOPE_BEGIN|[349]|val|Id|false|false
02:59:43.1 (71219220)|VARIABLE_ASSIGNMENT|[349]|val|"00Et0000000DbULEA0"
02:59:43.1 (71228272)|STATEMENT_EXECUTE|[351]
02:59:43.1 (71229440)|STATEMENT_EXECUTE|[352]
02:59:43.1 (71256869)|HEAP_ALLOCATE|[EXTERNAL]|Bytes:4
02:59:43.1 (71276027)|HEAP_ALLOCATE|[347]|Bytes:5
02:59:43.1 (71288701)|HEAP_ALLOCATE|[347]|Bytes:20
02:59:43.1 (71307359)|VARIABLE_SCOPE_BEGIN|[347]|obj|SObject|true|false
02:59:43.1 (71326343)|VARIABLE_ASSIGNMENT|[347]|obj|{"Id":"00Gt0000000lipfEAA","Type":"Role","DeveloperName":"System_Administrator","RelatedId":"00Et0000000gkEIEAY"}|0x2aae4296
02:59:43.1 (71333351)|STATEMENT_EXECUTE|[348]
02:59:43.1 (71334527)|STATEMENT_EXECUTE|[349]
02:59:43.1 (71340628)|METHOD_ENTRY|[349]|01pr0000000Adbg|Pluck.pluckId(FieldReference, SObject)
02:59:43.1 (71348553)|VARIABLE_SCOPE_BEGIN|[313]|field|FieldReference|true|false
02:59:43.1 (71368320)|VARIABLE_ASSIGNMENT|[313]|field|{"field":"RelatedId"}|0x6960b00e
02:59:43.1 (71375285)|VARIABLE_SCOPE_BEGIN|[313]|obj|SObject|true|false
02:59:43.1 (71386169)|VARIABLE_ASSIGNMENT|[313]|obj|{"Id":"00Gt0000000lipfEAA","Type":"Role","DeveloperName":"System_Administrator","RelatedId":"00Et0000000gkEIEAY"}|0x2aae4296
02:59:43.1 (71393248)|STATEMENT_EXECUTE|[314]
02:59:43.1 (71394348)|STATEMENT_EXECUTE|[315]
02:59:43.1 (71399754)|METHOD_ENTRY|[315]|01pr0000000Adbg|Pluck.pluck(FieldReference, SObject)
02:59:43.1 (71406856)|VARIABLE_SCOPE_BEGIN|[13]|field|FieldReference|true|false
02:59:43.1 (71423576)|VARIABLE_ASSIGNMENT|[13]|field|{"field":"RelatedId"}|0x6960b00e
02:59:43.1 (71430453)|VARIABLE_SCOPE_BEGIN|[13]|obj|SObject|true|false
02:59:43.1 (71446229)|VARIABLE_ASSIGNMENT|[13]|obj|{"Id":"00Gt0000000lipfEAA","Type":"Role","DeveloperName":"System_Administrator","RelatedId":"00Et0000000gkEIEAY"}|0x2aae4296
02:59:43.1 (71453792)|STATEMENT_EXECUTE|[14]
02:59:43.1 (71454998)|STATEMENT_EXECUTE|[15]
02:59:43.1 (71461797)|METHOD_ENTRY|[15]|01pr0000000Adbb|FieldReference.SimpleFieldReference.getFrom(SObject)
02:59:43.1 (71469719)|VARIABLE_SCOPE_BEGIN|[57]|this|FieldReference.SimpleFieldReference|true|false
02:59:43.1 (71488212)|VARIABLE_ASSIGNMENT|[57]|this|{"field":"RelatedId"}|0x6960b00e
02:59:43.1 (71494985)|VARIABLE_SCOPE_BEGIN|[57]|record|SObject|true|false
02:59:43.1 (71505389)|VARIABLE_ASSIGNMENT|[57]|record|{"Id":"00Gt0000000lipfEAA","Type":"Role","DeveloperName":"System_Administrator","RelatedId":"00Et0000000gkEIEAY"}|0x2aae4296
02:59:43.1 (71512389)|STATEMENT_EXECUTE|[58]
02:59:43.1 (71513609)|STATEMENT_EXECUTE|[59]
02:59:43.1 (71547578)|HEAP_ALLOCATE|[59]|Bytes:4
02:59:43.1 (71565012)|METHOD_EXIT|[15]|01pr0000000Adbb|FieldReference.SimpleFieldReference.getFrom(SObject)
02:59:43.1 (71572258)|METHOD_EXIT|[315]|01pr0000000Adbg|Pluck.pluck(FieldReference, SObject)
02:59:43.1 (71579467)|HEAP_ALLOCATE|[315]|Bytes:4
02:59:43.1 (71585270)|METHOD_EXIT|[349]|01pr0000000Adbg|Pluck.pluckId(FieldReference, SObject)
02:59:43.1 (71592508)|VARIABLE_SCOPE_BEGIN|[349]|val|Id|false|false
02:59:43.1 (71645696)|VARIABLE_ASSIGNMENT|[349]|val|"00Et0000000gkEIEAY"
02:59:43.1 (71655196)|STATEMENT_EXECUTE|[351]
02:59:43.1 (71656517)|STATEMENT_EXECUTE|[352]
02:59:43.1 (71665401)|HEAP_ALLOCATE|[EXTERNAL]|Bytes:4
02:59:43.1 (71680950)|HEAP_ALLOCATE|[347]|Bytes:5
02:59:43.1 (71693695)|VARIABLE_ASSIGNMENT|[347]|obj|null|
02:59:43.1 (71699282)|STATEMENT_EXECUTE|[356]
02:59:43.1 (71704076)|METHOD_EXIT|[330]|01pr0000000Adbg|Pluck.ids(FieldReference, List<SObject>)
02:59:43.1 (71710890)|METHOD_EXIT|[320]|01pr0000000Adbg|Pluck.ids(FieldReference, Map<Id,SObject>)
02:59:43.1 (71717243)|METHOD_EXIT|[102]|01pr0000000Adbg|Pluck.ids(String, Map<Id,SObject>)
02:59:43.1 (71746019)|HEAP_ALLOCATE|[EXTERNAL]|Bytes:4
02:59:43.1 (71753453)|HEAP_ALLOCATE|[EXTERNAL]|Bytes:4
02:59:43.1 (71756900)|HEAP_ALLOCATE|[102]|Bytes:8
02:59:43.1 (71783519)|STATEMENT_EXECUTE|[112]
02:59:43.1 (71785482)|STATEMENT_EXECUTE|[113]
02:59:43.1 (71796161)|METHOD_ENTRY|[113]|01pr0000000Aenx|VehicleNotificationService.getAllSubordinateRoleIds(Set<Id>)
02:59:43.1 (71814934)|VARIABLE_SCOPE_BEGIN|[128]|roleIds|Set<Id>|true|false
02:59:43.1 (71830860)|VARIABLE_ASSIGNMENT|[128]|roleIds|["00Et0000000DbULEA0","00Et0000000gkEIEAY"]|0x582f5b96
02:59:43.1 (71843254)|HEAP_ALLOCATE|[129]|Bytes:5
02:59:43.1 (71848888)|STATEMENT_EXECUTE|[128]
02:59:43.1 (71850117)|STATEMENT_EXECUTE|[129]
02:59:43.1 (71854620)|VARIABLE_SCOPE_BEGIN|[129]|level|Integer|false|false
02:59:43.1 (71861721)|HEAP_ALLOCATE|[129]|Bytes:4
02:59:43.1 (71868000)|VARIABLE_ASSIGNMENT|[129]|level|1
02:59:43.1 (71872166)|STATEMENT_EXECUTE|[130]
02:59:43.1 (71875524)|VARIABLE_SCOPE_BEGIN|[130]|SUPPORTING_LEVEL|Integer|false|false
02:59:43.1 (71882475)|HEAP_ALLOCATE|[130]|Bytes:4
02:59:43.1 (71887581)|VARIABLE_ASSIGNMENT|[130]|SUPPORTING_LEVEL|4
02:59:43.1 (71891649)|STATEMENT_EXECUTE|[131]
02:59:43.1 (71896035)|HEAP_ALLOCATE|[131]|Bytes:4
02:59:43.1 (71919639)|VARIABLE_SCOPE_BEGIN|[131]|currentRoleIds|Set<Id>|true|false
02:59:43.1 (71938036)|VARIABLE_ASSIGNMENT|[131]|currentRoleIds|[]|0x437be1d6
02:59:43.1 (71944763)|STATEMENT_EXECUTE|[132]
02:59:43.1 (71947834)|HEAP_ALLOCATE|[132]|Bytes:80
02:59:43.1 (71956280)|HEAP_ALLOCATE|[132]|Bytes:4
02:59:43.1 (71985063)|HEAP_ALLOCATE|[132]|Bytes:12
02:59:43.1 (71994154)|HEAP_ALLOCATE|[132]|Bytes:12
02:59:43.1 (72260547)|SOQL_EXECUTE_BEGIN|[132]|Aggregations:0|SELECT Id FROM UserRole WHERE (ParentRoleId = :tmpVar1 AND ParentRoleId != NULL)
02:59:43.1 (74314762)|SOQL_EXECUTE_END|[132]|Rows:0
02:59:43.1 (74335586)|HEAP_ALLOCATE|[132]|Bytes:4
02:59:43.1 (74344812)|HEAP_ALLOCATE|[132]|Bytes:0
02:59:43.1 (74397629)|HEAP_ALLOCATE|[132]|Bytes:4
02:59:43.1 (74413798)|VARIABLE_SCOPE_BEGIN|[132]|usersRole|List<UserRole>|true|false
02:59:43.1 (74428805)|VARIABLE_ASSIGNMENT|[132]|usersRole|[]|0x14752837
02:59:43.1 (74484550)|STATEMENT_EXECUTE|[136]
02:59:43.1 (74502191)|STATEMENT_EXECUTE|[142]
02:59:43.1 (74503830)|STATEMENT_EXECUTE|[143]
02:59:43.1 (74530949)|HEAP_ALLOCATE|[EXTERNAL]|Bytes:4
02:59:43.1 (74539884)|HEAP_ALLOCATE|[EXTERNAL]|Bytes:4
02:59:43.1 (74542920)|HEAP_ALLOCATE|[143]|Bytes:8
02:59:43.1 (74551828)|STATEMENT_EXECUTE|[145]
02:59:43.1 (74561452)|METHOD_EXIT|[113]|01pr0000000Aenx|VehicleNotificationService.getAllSubordinateRoleIds(Set<Id>)
02:59:43.1 (74577831)|HEAP_ALLOCATE|[EXTERNAL]|Bytes:4
02:59:43.1 (74584169)|HEAP_ALLOCATE|[EXTERNAL]|Bytes:4
02:59:43.1 (74587018)|HEAP_ALLOCATE|[113]|Bytes:8
02:59:43.1 (74594200)|STATEMENT_EXECUTE|[115]
02:59:43.1 (74633928)|HEAP_ALLOCATE|[115]|Bytes:4
02:59:43.1 (74643086)|HEAP_ALLOCATE|[115]|Bytes:53
02:59:43.1 (74648158)|HEAP_ALLOCATE|[115]|Bytes:4
02:59:43.1 (74677239)|HEAP_ALLOCATE|[115]|Bytes:12
02:59:43.1 (74686240)|HEAP_ALLOCATE|[115]|Bytes:12
02:59:43.1 (74870920)|SOQL_EXECUTE_BEGIN|[115]|Aggregations:0|SELECT Id, Name FROM User WHERE UserRoleId = :tmpVar1
02:59:43.1 (85249553)|SOQL_EXECUTE_END|[115]|Rows:12
02:59:43.1 (85267926)|HEAP_ALLOCATE|[115]|Bytes:52
02:59:43.1 (85292387)|HEAP_ALLOCATE|[115]|Bytes:592
02:59:43.1 (85329005)|HEAP_ALLOCATE|[115]|Bytes:52
02:59:43.1 (85376524)|HEAP_ALLOCATE|[115]|Bytes:12
02:59:43.1 (85389628)|HEAP_ALLOCATE|[115]|Bytes:4
02:59:43.1 (85399751)|HEAP_ALLOCATE|[115]|Bytes:12
02:59:43.1 (85406914)|HEAP_ALLOCATE|[115]|Bytes:4
02:59:43.1 (85415067)|HEAP_ALLOCATE|[115]|Bytes:12
02:59:43.1 (85421836)|HEAP_ALLOCATE|[115]|Bytes:4
02:59:43.1 (85429629)|HEAP_ALLOCATE|[115]|Bytes:12
02:59:43.1 (85436761)|HEAP_ALLOCATE|[115]|Bytes:4
02:59:43.1 (85448644)|HEAP_ALLOCATE|[115]|Bytes:12
02:59:43.1 (85456714)|HEAP_ALLOCATE|[115]|Bytes:4
02:59:43.1 (85465038)|HEAP_ALLOCATE|[115]|Bytes:12
02:59:43.1 (85471967)|HEAP_ALLOCATE|[115]|Bytes:4
02:59:43.1 (85479715)|HEAP_ALLOCATE|[115]|Bytes:12
02:59:43.1 (85486548)|HEAP_ALLOCATE|[115]|Bytes:4
02:59:43.1 (85495027)|HEAP_ALLOCATE|[115]|Bytes:12
02:59:43.1 (85501827)|HEAP_ALLOCATE|[115]|Bytes:4
02:59:43.1 (85509590)|HEAP_ALLOCATE|[115]|Bytes:12
02:59:43.1 (85516496)|HEAP_ALLOCATE|[115]|Bytes:4
02:59:43.1 (85524406)|HEAP_ALLOCATE|[115]|Bytes:12
02:59:43.1 (85531350)|HEAP_ALLOCATE|[115]|Bytes:4
02:59:43.1 (85539692)|HEAP_ALLOCATE|[115]|Bytes:12
02:59:43.1 (85546710)|HEAP_ALLOCATE|[115]|Bytes:4
02:59:43.1 (85554417)|HEAP_ALLOCATE|[115]|Bytes:12
02:59:43.1 (85561274)|HEAP_ALLOCATE|[115]|Bytes:4
02:59:43.1 (85572538)|VARIABLE_SCOPE_BEGIN|[115]|usersMaptemp|Map<Id,User>|true|false
02:59:43.1 (85595205)|VARIABLE_ASSIGNMENT|[115]|usersMaptemp|"Map of size 12 too large to display"|0x729d4d2b
02:59:43.1 (85629453)|STATEMENT_EXECUTE|[116]
02:59:43.1 (85631764)|STATEMENT_EXECUTE|[117]
02:59:43.1 (85644246)|METHOD_ENTRY|[117]|01pr0000000Adbg|Pluck.ids(Map<Id,SObject>)
02:59:43.1 (85665075)|VARIABLE_SCOPE_BEGIN|[298]|objs|Map<Id,SObject>|true|false
02:59:43.1 (85679967)|VARIABLE_ASSIGNMENT|[298]|objs|"Map of size 12 too large to display"|0x729d4d2b
02:59:43.1 (85687228)|STATEMENT_EXECUTE|[299]
02:59:43.1 (85688639)|STATEMENT_EXECUTE|[300]
02:59:43.1 (85709614)|HEAP_ALLOCATE|[EXTERNAL]|Bytes:52
02:59:43.1 (85726441)|HEAP_ALLOCATE|[300]|Bytes:632
02:59:43.1 (85761532)|METHOD_ENTRY|[300]|01pr0000000Adbg|Pluck.ids(List<SObject>)
02:59:43.1 (85774071)|VARIABLE_SCOPE_BEGIN|[291]|objs|List<SObject>|true|false
02:59:43.1 (85787563)|VARIABLE_ASSIGNMENT|[291]|objs|"List of size 12 too large to display"|0x4d565fb6
02:59:43.1 (85794775)|STATEMENT_EXECUTE|[292]
02:59:43.1 (85796121)|STATEMENT_EXECUTE|[293]
02:59:43.1 (85800375)|HEAP_ALLOCATE|[293]|Bytes:4
02:59:43.1 (85813003)|VARIABLE_SCOPE_BEGIN|[293]|objectMap|Map<Id,SObject>|true|false
02:59:43.1 (85827384)|VARIABLE_ASSIGNMENT|[293]|objectMap|{}|0x5d1d87a4
02:59:43.1 (85833774)|STATEMENT_EXECUTE|[294]
02:59:43.1 (85868218)|HEAP_ALLOCATE|[294]|Bytes:12
02:59:43.1 (85883635)|HEAP_ALLOCATE|[294]|Bytes:12
02:59:43.1 (85951376)|HEAP_ALLOCATE|[EXTERNAL]|Bytes:-4
02:59:43.1 (85960756)|HEAP_ALLOCATE|[294]|Bytes:12
02:59:43.1 (85970633)|HEAP_ALLOCATE|[EXTERNAL]|Bytes:-4
02:59:43.1 (85975124)|HEAP_ALLOCATE|[294]|Bytes:12
02:59:43.1 (85982355)|HEAP_ALLOCATE|[EXTERNAL]|Bytes:-4
02:59:43.1 (85986435)|HEAP_ALLOCATE|[294]|Bytes:12
02:59:43.1 (85993654)|HEAP_ALLOCATE|[EXTERNAL]|Bytes:-4
02:59:43.1 (85997698)|HEAP_ALLOCATE|[294]|Bytes:12
02:59:43.1 (86004647)|HEAP_ALLOCATE|[EXTERNAL]|Bytes:-4
02:59:43.1 (86009453)|HEAP_ALLOCATE|[294]|Bytes:12
02:59:43.1 (86016890)|HEAP_ALLOCATE|[EXTERNAL]|Bytes:-4
02:59:43.1 (86020975)|HEAP_ALLOCATE|[294]|Bytes:12
02:59:43.1 (86028284)|HEAP_ALLOCATE|[EXTERNAL]|Bytes:-4
02:59:43.1 (86032298)|HEAP_ALLOCATE|[294]|Bytes:12
02:59:43.1 (86039118)|HEAP_ALLOCATE|[EXTERNAL]|Bytes:-4
02:59:43.1 (86043169)|HEAP_ALLOCATE|[294]|Bytes:12
02:59:43.1 (86050325)|HEAP_ALLOCATE|[EXTERNAL]|Bytes:-4
02:59:43.1 (86054364)|HEAP_ALLOCATE|[294]|Bytes:12
02:59:43.1 (86061294)|HEAP_ALLOCATE|[EXTERNAL]|Bytes:-4
02:59:43.1 (86065286)|HEAP_ALLOCATE|[294]|Bytes:12
02:59:43.1 (86072064)|HEAP_ALLOCATE|[EXTERNAL]|Bytes:-4
02:59:43.1 (86076065)|HEAP_ALLOCATE|[294]|Bytes:12
02:59:43.1 (86082917)|HEAP_ALLOCATE|[EXTERNAL]|Bytes:-4
02:59:43.1 (86090196)|HEAP_ALLOCATE|[294]|Bytes:48
02:59:43.1 (86100808)|STATEMENT_EXECUTE|[295]
02:59:43.1 (86134454)|HEAP_ALLOCATE|[295]|Bytes:268
02:59:43.1 (86164701)|HEAP_ALLOCATE|[295]|Bytes:268
02:59:43.1 (86175699)|METHOD_EXIT|[300]|01pr0000000Adbg|Pluck.ids(List<SObject>)
02:59:43.1 (86182813)|METHOD_EXIT|[117]|01pr0000000Adbg|Pluck.ids(Map<Id,SObject>)
02:59:43.1 (86201404)|HEAP_ALLOCATE|[EXTERNAL]|Bytes:4
02:59:43.1 (86208616)|HEAP_ALLOCATE|[EXTERNAL]|Bytes:4
02:59:43.1 (86213781)|HEAP_ALLOCATE|[EXTERNAL]|Bytes:4
02:59:43.1 (86218402)|HEAP_ALLOCATE|[EXTERNAL]|Bytes:4
02:59:43.1 (86222838)|HEAP_ALLOCATE|[EXTERNAL]|Bytes:4
02:59:43.1 (86227336)|HEAP_ALLOCATE|[EXTERNAL]|Bytes:4
02:59:43.1 (86236489)|HEAP_ALLOCATE|[EXTERNAL]|Bytes:4
02:59:43.1 (86241246)|HEAP_ALLOCATE|[EXTERNAL]|Bytes:4
02:59:43.1 (86245785)|HEAP_ALLOCATE|[EXTERNAL]|Bytes:4
02:59:43.1 (86250550)|HEAP_ALLOCATE|[EXTERNAL]|Bytes:4
02:59:43.1 (86255239)|HEAP_ALLOCATE|[EXTERNAL]|Bytes:4
02:59:43.1 (86259801)|HEAP_ALLOCATE|[EXTERNAL]|Bytes:4
02:59:43.1 (86262702)|HEAP_ALLOCATE|[117]|Bytes:48
02:59:43.1 (86271678)|STATEMENT_EXECUTE|[119]
02:59:43.1 (86274902)|HEAP_ALLOCATE|[119]|Bytes:25
02:59:43.1 (86319463)|HEAP_ALLOCATE|[119]|Bytes:205
02:59:43.1 (86338904)|HEAP_ALLOCATE|[119]|Bytes:230
02:59:43.1 (86353807)|USER_DEBUG|[119]|DEBUG|--- setUserIds end --- : {005t0000000afd1AAA, 005t0000000ejRGAAY, 005t0000000fGTKAA2, 005t0000000fGTUAA2, 005t0000000fGToAAM, 005t0000000fOX5AAM, 005t0000000fwojAAA, 005t0000000ntGyAAI, 005t0000000s8b9AAA, 005t0000001KMGkAAO, ...}
02:59:43.1 (86365440)|STATEMENT_EXECUTE|[120]
02:59:43.1 (86374523)|METHOD_EXIT|[84]|01pr0000000Aenx|VehicleNotificationService.getAllUserIdFromRoleIds(Set<Id>)
02:59:43.1 (86393933)|HEAP_ALLOCATE|[EXTERNAL]|Bytes:4
02:59:43.1 (86400470)|HEAP_ALLOCATE|[EXTERNAL]|Bytes:4
02:59:43.1 (86405132)|HEAP_ALLOCATE|[EXTERNAL]|Bytes:4
02:59:43.1 (86409565)|HEAP_ALLOCATE|[EXTERNAL]|Bytes:4
02:59:43.1 (86414086)|HEAP_ALLOCATE|[EXTERNAL]|Bytes:4
02:59:43.1 (86418682)|HEAP_ALLOCATE|[EXTERNAL]|Bytes:4
02:59:43.1 (86423252)|HEAP_ALLOCATE|[EXTERNAL]|Bytes:4
02:59:43.1 (86427920)|HEAP_ALLOCATE|[EXTERNAL]|Bytes:4
02:59:43.1 (86432447)|HEAP_ALLOCATE|[EXTERNAL]|Bytes:4
02:59:43.1 (86436896)|HEAP_ALLOCATE|[EXTERNAL]|Bytes:4
02:59:43.1 (86445446)|HEAP_ALLOCATE|[EXTERNAL]|Bytes:4
02:59:43.1 (86451722)|HEAP_ALLOCATE|[EXTERNAL]|Bytes:4
02:59:43.1 (86454941)|HEAP_ALLOCATE|[84]|Bytes:48
02:59:43.1 (86463493)|STATEMENT_EXECUTE|[85]
02:59:43.1 (86475569)|METHOD_EXIT|[2]|01pr0000000Aenx|VehicleNotificationService.getUserIdsFromGroup(Id)
02:59:43.1 (86484024)|SYSTEM_MODE_EXIT|false
02:59:43.1 (86504536)|USER_DEBUG|[2]|DEBUG|{005t0000000afd1AAA, 005t0000000ejRGAAY, 005t0000000fGTKAA2, 005t0000000fGTUAA2, 005t0000000fGToAAM, 005t0000000fOX5AAM, 005t0000000fwojAAA, 005t0000000ntGyAAI, 005t0000000s8b9AAA, 005t0000001KMGkAAO, ...}
02:59:43.86 (86553934)|CUMULATIVE_LIMIT_USAGE
02:59:43.86 (86553934)|LIMIT_USAGE_FOR_NS|(default)|
  Number of SOQL queries: 5 out of 100
  Number of query rows: 16 out of 50000
  Number of SOSL queries: 0 out of 20
  Number of DML statements: 0 out of 150
  Number of DML rows: 0 out of 10000
  Maximum CPU time: 0 out of 10000
  Maximum heap size: 0 out of 6000000
  Number of callouts: 0 out of 100
  Number of Email Invocations: 0 out of 10
  Number of future calls: 0 out of 50
  Number of queueable jobs added to the queue: 0 out of 50
  Number of Mobile Apex push calls: 0 out of 10

02:59:43.86 (86553934)|CUMULATIVE_LIMIT_USAGE_END

02:59:43.1 (86594110)|CODE_UNIT_FINISHED|execute_anonymous_apex
02:59:43.1 (88778203)|EXECUTION_FINISHED
