40.0 APEX_CODE,FINEST;APEX_PROFILING,INFO;CALLOUT,INFO;DB,INFO;SYSTEM,DEBUG;VALIDATION,INFO;VISUALFORCE,INFO;WAVE,INFO;WORKFLOW,INFO
Execute Anonymous: DELETE [Select id From Vehicle__c];
04:27:20.1 (1889935)|USER_INFO|[EXTERNAL]|005r0000001MDcg|arjun.khatri@sfmta.com.shuttledev|Pacific Standard Time|GMT-07:00
04:27:20.1 (1920958)|EXECUTION_STARTED
04:27:20.1 (1927995)|CODE_UNIT_STARTED|[EXTERNAL]|execute_anonymous_apex
04:27:20.1 (2164285)|HEAP_ALLOCATE|[72]|Bytes:3
04:27:20.1 (2217079)|HEAP_ALLOCATE|[77]|Bytes:152
04:27:20.1 (2244518)|HEAP_ALLOCATE|[342]|Bytes:408
04:27:20.1 (2270743)|HEAP_ALLOCATE|[355]|Bytes:408
04:27:20.1 (2291982)|HEAP_ALLOCATE|[467]|Bytes:48
04:27:20.1 (2327750)|HEAP_ALLOCATE|[139]|Bytes:6
04:27:20.1 (2359130)|HEAP_ALLOCATE|[EXTERNAL]|Bytes:1
04:27:20.1 (2467952)|STATEMENT_EXECUTE|[1]
04:27:20.1 (2471180)|STATEMENT_EXECUTE|[1]
04:27:20.1 (2474776)|HEAP_ALLOCATE|[1]|Bytes:25
04:27:20.1 (2490522)|HEAP_ALLOCATE|[1]|Bytes:4
04:27:20.1 (2538088)|HEAP_ALLOCATE|[50]|Bytes:5
04:27:20.1 (2568188)|HEAP_ALLOCATE|[56]|Bytes:5
04:27:20.1 (2580247)|HEAP_ALLOCATE|[64]|Bytes:7
04:27:20.1 (2860732)|SOQL_EXECUTE_BEGIN|[1]|Aggregations:0|SELECT id FROM Vehicle__c
04:27:20.1 (5452233)|SOQL_EXECUTE_END|[1]|Rows:0
04:27:20.1 (5479583)|HEAP_ALLOCATE|[1]|Bytes:4
04:27:20.1 (5492828)|HEAP_ALLOCATE|[1]|Bytes:0
04:27:20.1 (5631063)|HEAP_ALLOCATE|[1]|Bytes:4
04:27:20.1 (5737959)|HEAP_ALLOCATE|[EXTERNAL]|Bytes:4
04:27:20.5 (5784362)|CUMULATIVE_LIMIT_USAGE
04:27:20.5 (5784362)|LIMIT_USAGE_FOR_NS|(default)|
  Number of SOQL queries: 1 out of 100
  Number of query rows: 0 out of 50000
  Number of SOSL queries: 0 out of 20
  Number of DML statements: 0 out of 150
  Number of DML rows: 0 out of 10000
  Maximum CPU time: 0 out of 10000
  Maximum heap size: 0 out of 6000000
  Number of callouts: 0 out of 100
  Number of Email Invocations: 0 out of 10
  Number of future calls: 0 out of 50
  Number of queueable jobs added to the queue: 0 out of 50
  Number of Mobile Apex push calls: 0 out of 10

04:27:20.5 (5784362)|CUMULATIVE_LIMIT_USAGE_END

04:27:20.1 (5839639)|CODE_UNIT_FINISHED|execute_anonymous_apex
04:27:20.1 (7816180)|EXECUTION_FINISHED
