40.0 APEX_CODE,FINEST;APEX_PROFILING,INFO;CALLOUT,INFO;DB,INFO;SYSTEM,DEBUG;VALIDATION,INFO;VISUALFORCE,INFO;WAVE,INFO;WORKFLOW,INFO
Execute Anonymous: 
Execute Anonymous: system.debug((Group)new SObjectBuilder(Group.sObjectType)
Execute Anonymous:            .create().getRecord());
04:27:04.2 (2075777)|USER_INFO|[EXTERNAL]|005r0000001MDcg|arjun.khatri@sfmta.com.shuttledev|Pacific Standard Time|GMT-07:00
04:27:04.2 (2103585)|EXECUTION_STARTED
04:27:04.2 (2108554)|CODE_UNIT_STARTED|[EXTERNAL]|execute_anonymous_apex
04:27:04.2 (2334769)|HEAP_ALLOCATE|[72]|Bytes:3
04:27:04.2 (2388919)|HEAP_ALLOCATE|[77]|Bytes:152
04:27:04.2 (2409283)|HEAP_ALLOCATE|[342]|Bytes:408
04:27:04.2 (2431187)|HEAP_ALLOCATE|[355]|Bytes:408
04:27:04.2 (2450990)|HEAP_ALLOCATE|[467]|Bytes:48
04:27:04.2 (2484219)|HEAP_ALLOCATE|[139]|Bytes:6
04:27:04.2 (2512243)|HEAP_ALLOCATE|[EXTERNAL]|Bytes:3
04:27:04.2 (2612870)|STATEMENT_EXECUTE|[1]
04:27:04.2 (2616243)|STATEMENT_EXECUTE|[2]
04:27:04.2 (18871532)|HEAP_ALLOCATE|[2]|Bytes:46
04:27:04.2 (18912986)|METHOD_ENTRY|[36]|01pt0000000Tahz|SObjectBuilder.SObjectBuilder()
04:27:04.2 (18921310)|STATEMENT_EXECUTE|[36]
04:27:04.2 (18926034)|STATEMENT_EXECUTE|[36]
04:27:04.2 (18933398)|METHOD_EXIT|[36]|SObjectBuilder
04:27:04.2 (18995506)|HEAP_ALLOCATE|[2]|Bytes:24
04:27:04.2 (19005327)|HEAP_ALLOCATE|[2]|Bytes:5
04:27:04.2 (19026088)|HEAP_ALLOCATE|[50]|Bytes:5
04:27:04.2 (19052968)|HEAP_ALLOCATE|[56]|Bytes:5
04:27:04.2 (19063736)|HEAP_ALLOCATE|[64]|Bytes:7
04:27:04.2 (19171054)|SYSTEM_MODE_ENTER|false
04:27:04.2 (19210477)|HEAP_ALLOCATE|[2]|Bytes:5
04:27:04.2 (19234226)|CONSTRUCTOR_ENTRY|[2]|01pt0000000Tahz|<init>(Schema.SObjectType)
04:27:04.2 (19266373)|VARIABLE_SCOPE_BEGIN|[48]|this|SObjectBuilder|true|false
04:27:04.2 (19339228)|VARIABLE_ASSIGNMENT|[48]|this|{}|0x57832b28
04:27:04.2 (19348753)|VARIABLE_SCOPE_BEGIN|[48]|sObjectType|Schema.SObjectType|true|false
04:27:04.2 (19464923)|VARIABLE_ASSIGNMENT|[48]|sObjectType|"common.apex.runtime.impl.ApexSObjectTypeToken@42854b78"|0x42854b78
04:27:04.2 (19850649)|EXCEPTION_THROWN|[EXTERNAL]|System.TypeException: Cannot call test methods in non-test context
04:27:04.2 (20083562)|HEAP_ALLOCATE|[49]|Bytes:48
04:27:04.2 (20104716)|CONSTRUCTOR_EXIT|[2]|01pt0000000Tahz|<init>(Schema.SObjectType)
04:27:04.2 (20117918)|SYSTEM_MODE_EXIT|false
04:27:04.2 (20343865)|FATAL_ERROR|System.TypeException: Cannot call test methods in non-test context

External entry point
AnonymousBlock: line 2, column 1
AnonymousBlock: line 2, column 1
04:27:04.20 (20405303)|CUMULATIVE_LIMIT_USAGE
04:27:04.20 (20405303)|LIMIT_USAGE_FOR_NS|(default)|
  Number of SOQL queries: 0 out of 100
  Number of query rows: 0 out of 50000
  Number of SOSL queries: 0 out of 20
  Number of DML statements: 0 out of 150
  Number of DML rows: 0 out of 10000
  Maximum CPU time: 0 out of 10000
  Maximum heap size: 0 out of 6000000
  Number of callouts: 0 out of 100
  Number of Email Invocations: 0 out of 10
  Number of future calls: 0 out of 50
  Number of queueable jobs added to the queue: 0 out of 50
  Number of Mobile Apex push calls: 0 out of 10

04:27:04.20 (20405303)|CUMULATIVE_LIMIT_USAGE_END

04:27:04.2 (20449649)|CODE_UNIT_FINISHED|execute_anonymous_apex
04:27:04.2 (22342399)|EXECUTION_FINISHED
