40.0 APEX_CODE,FINEST;APEX_PROFILING,INFO;CALLOUT,INFO;DB,INFO;SYSTEM,DEBUG;VALIDATION,INFO;VISUALFORCE,INFO;WAVE,INFO;WORKFLOW,INFO
Execute Anonymous: Id gId = [Select id from Group where Name = 'Commuter Shuttle'].Id;
Execute Anonymous: system.debug(VehicleNotificationService.GetUserIdsFromGroup(gId));
01:59:38.1 (1466128)|USER_INFO|[EXTERNAL]|005r0000001MDcg|arjun.khatri@sfmta.com.shuttledev|Pacific Standard Time|GMT-07:00
01:59:38.1 (1493830)|EXECUTION_STARTED
01:59:38.1 (1500359)|CODE_UNIT_STARTED|[EXTERNAL]|execute_anonymous_apex
01:59:38.1 (1644587)|VARIABLE_SCOPE_BEGIN|[1]|gId|Id|false|false
01:59:38.1 (1834281)|HEAP_ALLOCATE|[72]|Bytes:3
01:59:38.1 (1887482)|HEAP_ALLOCATE|[77]|Bytes:152
01:59:38.1 (1914784)|HEAP_ALLOCATE|[342]|Bytes:408
01:59:38.1 (1961448)|HEAP_ALLOCATE|[355]|Bytes:408
01:59:38.1 (2015529)|HEAP_ALLOCATE|[467]|Bytes:48
01:59:38.1 (2071228)|HEAP_ALLOCATE|[139]|Bytes:6
01:59:38.1 (2102895)|HEAP_ALLOCATE|[EXTERNAL]|Bytes:3
01:59:38.1 (2229361)|STATEMENT_EXECUTE|[1]
01:59:38.1 (2232718)|STATEMENT_EXECUTE|[1]
01:59:38.1 (2236091)|HEAP_ALLOCATE|[1]|Bytes:52
01:59:38.1 (2252301)|HEAP_ALLOCATE|[1]|Bytes:4
01:59:38.1 (2298536)|HEAP_ALLOCATE|[50]|Bytes:5
01:59:38.1 (2328943)|HEAP_ALLOCATE|[56]|Bytes:5
01:59:38.1 (2340414)|HEAP_ALLOCATE|[64]|Bytes:7
01:59:38.1 (3002175)|SOQL_EXECUTE_BEGIN|[1]|Aggregations:0|SELECT id FROM Group WHERE Name = 'Commuter Shuttle'
01:59:38.1 (5661993)|SOQL_EXECUTE_END|[1]|Rows:1
01:59:38.1 (5685403)|HEAP_ALLOCATE|[1]|Bytes:8
01:59:38.1 (5703068)|HEAP_ALLOCATE|[1]|Bytes:29
01:59:38.1 (5877507)|HEAP_ALLOCATE|[1]|Bytes:8
01:59:38.1 (5892307)|HEAP_ALLOCATE|[1]|Bytes:31
01:59:38.1 (5972153)|HEAP_ALLOCATE|[1]|Bytes:8
01:59:38.1 (6177402)|VARIABLE_ASSIGNMENT|[1]|gId|"00Gt0000000K0CxEAK"
01:59:38.1 (6187447)|STATEMENT_EXECUTE|[2]
01:59:38.1 (6250594)|SYSTEM_MODE_ENTER|false
01:59:38.1 (6302957)|HEAP_ALLOCATE|[2]|Bytes:5
01:59:38.1 (36657791)|VARIABLE_SCOPE_BEGIN|[3]|VehicleNotificationService.setUserId|Set<Id>|true|true
01:59:38.1 (36728261)|VARIABLE_SCOPE_BEGIN|[4]|VehicleNotificationService.usersMap|Map<Id,User>|true|true
01:59:38.1 (36776344)|HEAP_ALLOCATE|[2]|Bytes:14
01:59:38.1 (36786177)|HEAP_ALLOCATE|[2]|Bytes:24
01:59:38.1 (36802070)|METHOD_ENTRY|[1]|01pr0000000Aenx|VehicleNotificationService.VehicleNotificationService()
01:59:38.1 (36808977)|STATEMENT_EXECUTE|[1]
01:59:38.1 (36813306)|STATEMENT_EXECUTE|[1]
01:59:38.1 (36821918)|HEAP_ALLOCATE|[3]|Bytes:5
01:59:38.1 (36826993)|STATEMENT_EXECUTE|[3]
01:59:38.1 (36835606)|HEAP_ALLOCATE|[3]|Bytes:4
01:59:38.1 (36919269)|VARIABLE_ASSIGNMENT|[3]|VehicleNotificationService.setUserId|[]|0x5c2f3f2b
01:59:38.1 (36928583)|STATEMENT_EXECUTE|[4]
01:59:38.1 (36933850)|HEAP_ALLOCATE|[4]|Bytes:4
01:59:38.1 (36980953)|VARIABLE_ASSIGNMENT|[4]|VehicleNotificationService.usersMap|{}|0x526082f6
01:59:38.1 (37007309)|METHOD_EXIT|[1]|VehicleNotificationService
01:59:38.1 (37038297)|METHOD_ENTRY|[2]|01pr0000000Aenx|VehicleNotificationService.GetUserIdsFromGroup(Id)
01:59:38.1 (37069193)|VARIABLE_SCOPE_BEGIN|[51]|groupId|Id|false|false
01:59:38.1 (37198160)|VARIABLE_ASSIGNMENT|[51]|groupId|"00Gt0000000K0CxEAK"
01:59:38.1 (37217951)|HEAP_ALLOCATE|[52]|Bytes:5
01:59:38.1 (37224062)|STATEMENT_EXECUTE|[51]
01:59:38.1 (37225420)|STATEMENT_EXECUTE|[52]
01:59:38.1 (37229710)|HEAP_ALLOCATE|[52]|Bytes:4
01:59:38.1 (37276716)|VARIABLE_SCOPE_BEGIN|[52]|roleUserId|Set<Id>|true|false
01:59:38.1 (37296786)|VARIABLE_ASSIGNMENT|[52]|roleUserId|[]|0x40a4ef6b
01:59:38.1 (37303771)|STATEMENT_EXECUTE|[53]
01:59:38.1 (37308065)|HEAP_ALLOCATE|[53]|Bytes:4
01:59:38.1 (37330365)|VARIABLE_SCOPE_BEGIN|[53]|setGroupId|Set<Id>|true|false
01:59:38.1 (37346045)|VARIABLE_ASSIGNMENT|[53]|setGroupId|[]|0x1605a2bb
01:59:38.1 (37352853)|STATEMENT_EXECUTE|[54]
01:59:38.1 (37356689)|HEAP_ALLOCATE|[54]|Bytes:4
01:59:38.1 (37376842)|VARIABLE_SCOPE_BEGIN|[54]|setRelateRoleId|Set<Id>|true|false
01:59:38.1 (37394092)|VARIABLE_ASSIGNMENT|[54]|setRelateRoleId|[]|0x6871ae12
01:59:38.1 (37406624)|STATEMENT_EXECUTE|[55]
01:59:38.1 (37412323)|HEAP_ALLOCATE|[55]|Bytes:4
01:59:38.1 (37757527)|HEAP_ALLOCATE|[55]|Bytes:4
01:59:38.1 (37801685)|HEAP_ALLOCATE|[55]|Bytes:3
01:59:38.1 (37810249)|VARIABLE_SCOPE_BEGIN|[55]|userType|String|false|false
01:59:38.1 (37823087)|VARIABLE_ASSIGNMENT|[55]|userType|"005"
01:59:38.1 (37830193)|HEAP_ALLOCATE|[56]|Bytes:151
01:59:38.1 (37837297)|HEAP_ALLOCATE|[56]|Bytes:4
01:59:38.1 (37845647)|HEAP_ALLOCATE|[56]|Bytes:7
01:59:38.1 (38562523)|SOQL_EXECUTE_BEGIN|[56]|Aggregations:1|SELECT Id, Type, DeveloperName, RelatedId, (SELECT Id, UserOrGroupId FROM GroupMembers LIMIT 100) FROM Group 
01:59:38.1 (43755266)|SOQL_EXECUTE_END|[56]|Rows:1
01:59:38.1 (43773915)|HEAP_ALLOCATE|[EXTERNAL]|Bytes:8
01:59:38.1 (43934170)|HEAP_ALLOCATE|[56]|Bytes:49
01:59:38.1 (43944746)|HEAP_ALLOCATE|[56]|Bytes:8
01:59:38.1 (43954871)|SYSTEM_METHOD_ENTRY|[7]|QueryLocatorIterator.QueryLocatorIterator()
01:59:38.1 (43959536)|STATEMENT_EXECUTE|[7]
01:59:38.1 (43968689)|SYSTEM_METHOD_EXIT|[7]|QueryLocatorIterator
01:59:38.1 (43977976)|HEAP_ALLOCATE|[56]|Bytes:28
01:59:38.1 (43997287)|HEAP_ALLOCATE|[56]|Bytes:8
01:59:38.1 (44015243)|HEAP_ALLOCATE|[56]|Bytes:8
01:59:38.1 (44020897)|HEAP_ALLOCATE|[56]|Bytes:8
01:59:38.1 (44026686)|VARIABLE_SCOPE_BEGIN|[15]|this|Database.QueryLocatorIterator|true|false
01:59:38.1 (44083211)|VARIABLE_ASSIGNMENT|[15]|this|{}|0x464b37e2
01:59:38.1 (44101663)|VARIABLE_SCOPE_BEGIN|[15]|values|List<SObject>|true|false
01:59:38.1 (44163335)|VARIABLE_ASSIGNMENT|[15]|values|[{"Id":"00Gt0000000K0CxEAK","Type":"Regular","DeveloperName":"Commuter_Shuttle","GroupMembers":[{"GroupId":"00Gt0000000K0CxEAK","Id":"011t0000000EPpjAAG","UserOrGroupId":"00Gt0000000K0CvEAK"},{"GroupId":"00Gt0000000K0CxEAK","Id":"011t0000000EPpoAAG","UserOrGroupId":"00Gt0000000lipfEAA"}]}]|0x1c481515
01:59:38.1 (44182459)|VARIABLE_SCOPE_BEGIN|[15]|ql|Database.QueryLocator|true|false
01:59:38.1 (44210988)|VARIABLE_ASSIGNMENT|[15]|ql|{"query":"SELECT Id, Type, Dev (131 more) ..."}|0x674148ed
01:59:38.1 (44217819)|VARIABLE_SCOPE_BEGIN|[15]|totalNumRecords|Integer|false|false
01:59:38.1 (44227076)|VARIABLE_ASSIGNMENT|[15]|totalNumRecords|1
01:59:38.1 (44231503)|VARIABLE_SCOPE_BEGIN|[15]|queryMoreSize|Integer|false|false
01:59:38.1 (44238397)|VARIABLE_ASSIGNMENT|[15]|queryMoreSize|49998
01:59:38.1 (44328858)|HEAP_ALLOCATE|[56]|Bytes:28
01:59:38.1 (44354064)|METHOD_ENTRY|[56]||Database.QueryLocatorIterator.hasNext()
01:59:38.1 (44414151)|METHOD_EXIT|[56]||Database.QueryLocatorIterator.hasNext()
01:59:38.1 (44425921)|METHOD_ENTRY|[56]||Database.QueryLocatorIterator.next()
01:59:38.1 (44522877)|METHOD_EXIT|[56]||Database.QueryLocatorIterator.next()
01:59:38.1 (44535786)|VARIABLE_SCOPE_BEGIN|[56]|objGroup|Group|true|false
01:59:38.1 (44558960)|VARIABLE_ASSIGNMENT|[56]|objGroup|{"Id":"00Gt0000000K0CxEAK","Type":"Regular","DeveloperName":"Commuter_Shuttle","GroupMembers":[{"GroupId":"00Gt0000000K0CxEAK","Id":"011t0000000EPpjAAG","UserOrGroupId":"00Gt0000000K0CvEAK"},{"GroupId":"00Gt0000000K0CxEAK","Id":"011t0000000EPpoAAG","UserOrGroupId":"00Gt0000000lipfEAA"}]}|0x412f88d0
01:59:38.1 (44570088)|STATEMENT_EXECUTE|[59]
01:59:38.1 (44571636)|STATEMENT_EXECUTE|[60]
01:59:38.1 (44575530)|HEAP_ALLOCATE|[60]|Bytes:19
01:59:38.1 (44733145)|HEAP_ALLOCATE|[60]|Bytes:75
01:59:38.1 (44763796)|HEAP_ALLOCATE|[60]|Bytes:94
01:59:38.1 (44789675)|USER_DEBUG|[60]|DEBUG|--- objGroup --- : Group:{Id=00Gt0000000K0CxEAK, Type=Regular, DeveloperName=Commuter_Shuttle}
01:59:38.1 (44800199)|STATEMENT_EXECUTE|[61]
01:59:38.1 (44803943)|HEAP_ALLOCATE|[61]|Bytes:32
01:59:38.1 (44809641)|HEAP_ALLOCATE|[61]|Bytes:12
01:59:38.1 (44813238)|HEAP_ALLOCATE|[61]|Bytes:11
01:59:38.1 (44852279)|HEAP_ALLOCATE|[EXTERNAL]|Bytes:12
01:59:38.1 (44898008)|HEAP_ALLOCATE|[61]|Bytes:12
01:59:38.1 (44981253)|HEAP_ALLOCATE|[61]|Bytes:198
01:59:38.1 (45003640)|HEAP_ALLOCATE|[61]|Bytes:230
01:59:38.1 (45030762)|USER_DEBUG|[61]|DEBUG|--- objGroup.GroupMembers --- : (GroupMember:{GroupId=00Gt0000000K0CxEAK, Id=011t0000000EPpjAAG, UserOrGroupId=00Gt0000000K0CvEAK}, GroupMember:{GroupId=00Gt0000000K0CxEAK, Id=011t0000000EPpoAAG, UserOrGroupId=00Gt0000000lipfEAA})
01:59:38.1 (45097636)|HEAP_ALLOCATE|[EXTERNAL]|Bytes:12
01:59:38.1 (45126099)|HEAP_ALLOCATE|[62]|Bytes:12
01:59:38.1 (45191207)|STATEMENT_EXECUTE|[62]
01:59:38.1 (45220104)|HEAP_ALLOCATE|[64]|Bytes:12
01:59:38.1 (45295526)|HEAP_ALLOCATE|[64]|Bytes:28
01:59:38.1 (45311707)|HEAP_ALLOCATE|[64]|Bytes:12
01:59:38.1 (45327878)|HEAP_ALLOCATE|[64]|Bytes:8
01:59:38.1 (45332682)|HEAP_ALLOCATE|[64]|Bytes:8
01:59:38.1 (45338247)|VARIABLE_SCOPE_BEGIN|[15]|this|Database.QueryLocatorIterator|true|false
01:59:38.1 (45360027)|VARIABLE_ASSIGNMENT|[15]|this|{}|0x31127c08
01:59:38.1 (45367369)|VARIABLE_SCOPE_BEGIN|[15]|values|List<SObject>|true|false
01:59:38.1 (45384866)|VARIABLE_ASSIGNMENT|[15]|values|[{"GroupId":"00Gt0000000K0CxEAK","Id":"011t0000000EPpjAAG","UserOrGroupId":"00Gt0000000K0CvEAK"},{"GroupId":"00Gt0000000K0CxEAK","Id":"011t0000000EPpoAAG","UserOrGroupId":"00Gt0000000lipfEAA"}]|0x32e8a642
01:59:38.1 (45393502)|VARIABLE_SCOPE_BEGIN|[15]|ql|Database.QueryLocator|true|false
01:59:38.1 (45403976)|VARIABLE_ASSIGNMENT|[15]|ql|{}|0x5e67155
01:59:38.1 (45409489)|VARIABLE_SCOPE_BEGIN|[15]|totalNumRecords|Integer|false|false
01:59:38.1 (45417341)|VARIABLE_ASSIGNMENT|[15]|totalNumRecords|2
01:59:38.1 (45421144)|VARIABLE_SCOPE_BEGIN|[15]|queryMoreSize|Integer|false|false
01:59:38.1 (45427887)|VARIABLE_ASSIGNMENT|[15]|queryMoreSize|200
01:59:38.1 (45468687)|HEAP_ALLOCATE|[64]|Bytes:28
01:59:38.1 (45486366)|METHOD_ENTRY|[64]||Database.QueryLocatorIterator.hasNext()
01:59:38.1 (45513094)|METHOD_EXIT|[64]||Database.QueryLocatorIterator.hasNext()
01:59:38.1 (45522085)|METHOD_ENTRY|[64]||Database.QueryLocatorIterator.next()
01:59:38.1 (45590152)|METHOD_EXIT|[64]||Database.QueryLocatorIterator.next()
01:59:38.1 (45601170)|VARIABLE_SCOPE_BEGIN|[64]|objGroupMem|GroupMember|true|false
01:59:38.1 (45617394)|VARIABLE_ASSIGNMENT|[64]|objGroupMem|{"GroupId":"00Gt0000000K0CxEAK","Id":"011t0000000EPpjAAG","UserOrGroupId":"00Gt0000000K0CvEAK"}|0x397e997d
01:59:38.1 (45624205)|STATEMENT_EXECUTE|[64]
01:59:38.1 (45658008)|HEAP_ALLOCATE|[65]|Bytes:18
01:59:38.1 (45726108)|HEAP_ALLOCATE|[70]|Bytes:7
01:59:38.1 (45753118)|STATEMENT_EXECUTE|[70]
01:59:38.1 (45754831)|STATEMENT_EXECUTE|[72]
01:59:38.1 (45791944)|HEAP_ALLOCATE|[EXTERNAL]|Bytes:4
01:59:38.1 (45809058)|METHOD_ENTRY|[64]||Database.QueryLocatorIterator.hasNext()
01:59:38.1 (45834225)|METHOD_EXIT|[64]||Database.QueryLocatorIterator.hasNext()
01:59:38.1 (45841856)|METHOD_ENTRY|[64]||Database.QueryLocatorIterator.next()
01:59:38.1 (45918716)|METHOD_EXIT|[64]||Database.QueryLocatorIterator.next()
01:59:38.1 (45936444)|VARIABLE_SCOPE_BEGIN|[64]|objGroupMem|GroupMember|true|false
01:59:38.1 (45971856)|VARIABLE_ASSIGNMENT|[64]|objGroupMem|{"GroupId":"00Gt0000000K0CxEAK","Id":"011t0000000EPpoAAG","UserOrGroupId":"00Gt0000000lipfEAA"}|0x1bae4066
01:59:38.1 (45989956)|STATEMENT_EXECUTE|[64]
01:59:38.1 (46010128)|HEAP_ALLOCATE|[65]|Bytes:18
01:59:38.1 (46066836)|STATEMENT_EXECUTE|[70]
01:59:38.1 (46069386)|STATEMENT_EXECUTE|[72]
01:59:38.1 (46081080)|HEAP_ALLOCATE|[EXTERNAL]|Bytes:4
01:59:38.1 (46094720)|METHOD_ENTRY|[64]||Database.QueryLocatorIterator.hasNext()
01:59:38.1 (46113066)|METHOD_EXIT|[64]||Database.QueryLocatorIterator.hasNext()
01:59:38.1 (46124186)|VARIABLE_ASSIGNMENT|[64]|objGroupMem|null|
01:59:38.1 (46133063)|METHOD_ENTRY|[56]||Database.QueryLocatorIterator.hasNext()
01:59:38.1 (46146789)|METHOD_EXIT|[56]||Database.QueryLocatorIterator.hasNext()
01:59:38.1 (46155235)|VARIABLE_ASSIGNMENT|[56]|objGroup|null|
01:59:38.1 (46173346)|HEAP_ALLOCATE|[79]|Bytes:114
01:59:38.1 (46181558)|HEAP_ALLOCATE|[79]|Bytes:4
01:59:38.1 (46610061)|SOQL_EXECUTE_BEGIN|[79]|Aggregations:0|SELECT Id, Type, DeveloperName, RelatedId FROM Group 
01:59:38.1 (49903888)|SOQL_EXECUTE_END|[79]|Rows:2
01:59:38.1 (49920445)|HEAP_ALLOCATE|[EXTERNAL]|Bytes:12
01:59:38.1 (50001988)|HEAP_ALLOCATE|[79]|Bytes:28
01:59:38.1 (50030246)|HEAP_ALLOCATE|[79]|Bytes:12
01:59:38.1 (50082930)|HEAP_ALLOCATE|[79]|Bytes:8
01:59:38.1 (50094860)|HEAP_ALLOCATE|[79]|Bytes:8
01:59:38.1 (50103607)|VARIABLE_SCOPE_BEGIN|[15]|this|Database.QueryLocatorIterator|true|false
01:59:38.1 (50133438)|VARIABLE_ASSIGNMENT|[15]|this|{}|0x7b7ebeae
01:59:38.1 (50141442)|VARIABLE_SCOPE_BEGIN|[15]|values|List<SObject>|true|false
01:59:38.1 (50161442)|VARIABLE_ASSIGNMENT|[15]|values|[{"Id":"00Gt0000000K0CvEAK","Type":"Role","DeveloperName":"Shuttle_Admin","RelatedId":"00Et0000000DbULEA0"},{"Id":"00Gt0000000lipfEAA","Type":"Role","DeveloperName":"System_Administrator","RelatedId":"00Et0000000gkEIEAY"}]|0x222ce171
01:59:38.1 (50171903)|VARIABLE_SCOPE_BEGIN|[15]|ql|Database.QueryLocator|true|false
01:59:38.1 (50185037)|VARIABLE_ASSIGNMENT|[15]|ql|{"query":"SELECT Id, Type, Dev (94 more) ..."}|0x6717017f
01:59:38.1 (50190947)|VARIABLE_SCOPE_BEGIN|[15]|totalNumRecords|Integer|false|false
01:59:38.1 (50203093)|VARIABLE_ASSIGNMENT|[15]|totalNumRecords|2
01:59:38.1 (50207683)|VARIABLE_SCOPE_BEGIN|[15]|queryMoreSize|Integer|false|false
01:59:38.1 (50214490)|VARIABLE_ASSIGNMENT|[15]|queryMoreSize|49996
01:59:38.1 (50257872)|HEAP_ALLOCATE|[79]|Bytes:28
01:59:38.1 (50275935)|METHOD_ENTRY|[79]||Database.QueryLocatorIterator.hasNext()
01:59:38.1 (50304550)|METHOD_EXIT|[79]||Database.QueryLocatorIterator.hasNext()
01:59:38.1 (50314025)|METHOD_ENTRY|[79]||Database.QueryLocatorIterator.next()
01:59:38.1 (50384815)|METHOD_EXIT|[79]||Database.QueryLocatorIterator.next()
01:59:38.1 (50396069)|VARIABLE_SCOPE_BEGIN|[79]|objGroup|Group|true|false
01:59:38.1 (50413362)|VARIABLE_ASSIGNMENT|[79]|objGroup|{"Id":"00Gt0000000K0CvEAK","Type":"Role","DeveloperName":"Shuttle_Admin","RelatedId":"00Et0000000DbULEA0"}|0x43e0e145
01:59:38.1 (50420601)|STATEMENT_EXECUTE|[80]
01:59:38.1 (50422036)|STATEMENT_EXECUTE|[81]
01:59:38.1 (50487407)|HEAP_ALLOCATE|[81]|Bytes:99
01:59:38.1 (50531303)|HEAP_ALLOCATE|[81]|Bytes:118
01:59:38.1 (50578631)|USER_DEBUG|[81]|DEBUG|--- objGroup --- : Group:{Id=00Gt0000000K0CvEAK, Type=Role, DeveloperName=Shuttle_Admin, RelatedId=00Et0000000DbULEA0}
01:59:38.1 (50599454)|STATEMENT_EXECUTE|[82]
01:59:38.1 (50605183)|HEAP_ALLOCATE|[82]|Bytes:18
01:59:38.1 (50666749)|HEAP_ALLOCATE|[82]|Bytes:18
01:59:38.1 (50686123)|HEAP_ALLOCATE|[82]|Bytes:36
01:59:38.1 (50698951)|USER_DEBUG|[82]|DEBUG|--- in role --- : 00Et0000000DbULEA0
01:59:38.1 (50707072)|STATEMENT_EXECUTE|[83]
01:59:38.1 (50737034)|HEAP_ALLOCATE|[EXTERNAL]|Bytes:4
01:59:38.1 (50752368)|METHOD_ENTRY|[79]||Database.QueryLocatorIterator.hasNext()
01:59:38.1 (50779467)|METHOD_EXIT|[79]||Database.QueryLocatorIterator.hasNext()
01:59:38.1 (50787688)|METHOD_ENTRY|[79]||Database.QueryLocatorIterator.next()
01:59:38.1 (50854072)|METHOD_EXIT|[79]||Database.QueryLocatorIterator.next()
01:59:38.1 (50865180)|VARIABLE_SCOPE_BEGIN|[79]|objGroup|Group|true|false
01:59:38.1 (50882961)|VARIABLE_ASSIGNMENT|[79]|objGroup|{"Id":"00Gt0000000lipfEAA","Type":"Role","DeveloperName":"System_Administrator","RelatedId":"00Et0000000gkEIEAY"}|0x4de5ac59
01:59:38.1 (50890407)|STATEMENT_EXECUTE|[80]
01:59:38.1 (50891702)|STATEMENT_EXECUTE|[81]
01:59:38.1 (50968395)|HEAP_ALLOCATE|[81]|Bytes:106
01:59:38.1 (51019143)|HEAP_ALLOCATE|[81]|Bytes:125
01:59:38.1 (51042219)|USER_DEBUG|[81]|DEBUG|--- objGroup --- : Group:{Id=00Gt0000000lipfEAA, Type=Role, DeveloperName=System_Administrator, RelatedId=00Et0000000gkEIEAY}
01:59:38.1 (51054885)|STATEMENT_EXECUTE|[82]
01:59:38.1 (51075364)|HEAP_ALLOCATE|[82]|Bytes:18
01:59:38.1 (51089323)|HEAP_ALLOCATE|[82]|Bytes:36
01:59:38.1 (51098367)|USER_DEBUG|[82]|DEBUG|--- in role --- : 00Et0000000gkEIEAY
01:59:38.1 (51105742)|STATEMENT_EXECUTE|[83]
01:59:38.1 (51117371)|HEAP_ALLOCATE|[EXTERNAL]|Bytes:4
01:59:38.1 (51129619)|METHOD_ENTRY|[79]||Database.QueryLocatorIterator.hasNext()
01:59:38.1 (51147483)|METHOD_EXIT|[79]||Database.QueryLocatorIterator.hasNext()
01:59:38.1 (51158258)|VARIABLE_ASSIGNMENT|[79]|objGroup|null|
01:59:38.1 (51193629)|STATEMENT_EXECUTE|[86]
01:59:38.1 (51199740)|STATEMENT_EXECUTE|[87]
01:59:38.1 (51212283)|METHOD_ENTRY|[87]|01pr0000000Aenx|VehicleNotificationService.getAllSubordinateRoleIds(Set<Id>)
01:59:38.1 (51233525)|VARIABLE_SCOPE_BEGIN|[106]|roleIds|Set<Id>|true|false
01:59:38.1 (51248632)|VARIABLE_ASSIGNMENT|[106]|roleIds|["00Et0000000DbULEA0","00Et0000000gkEIEAY"]|0x6871ae12
01:59:38.1 (51262348)|HEAP_ALLOCATE|[107]|Bytes:5
01:59:38.1 (51267892)|STATEMENT_EXECUTE|[106]
01:59:38.1 (51269225)|STATEMENT_EXECUTE|[107]
01:59:38.1 (51272665)|VARIABLE_SCOPE_BEGIN|[107]|level|Integer|false|false
01:59:38.1 (51279601)|HEAP_ALLOCATE|[107]|Bytes:4
01:59:38.1 (51286421)|VARIABLE_ASSIGNMENT|[107]|level|1
01:59:38.1 (51291024)|STATEMENT_EXECUTE|[108]
01:59:38.1 (51293743)|HEAP_ALLOCATE|[108]|Bytes:18
01:59:38.1 (51346064)|HEAP_ALLOCATE|[108]|Bytes:40
01:59:38.1 (51380250)|HEAP_ALLOCATE|[108]|Bytes:58
01:59:38.1 (51430582)|USER_DEBUG|[108]|DEBUG|---roleIds  --- : {00Et0000000DbULEA0, 00Et0000000gkEIEAY}
01:59:38.1 (51446523)|STATEMENT_EXECUTE|[109]
01:59:38.1 (51454028)|VARIABLE_SCOPE_BEGIN|[109]|SUPPORTING_LEVEL|Integer|false|false
01:59:38.1 (51463594)|HEAP_ALLOCATE|[109]|Bytes:4
01:59:38.1 (51471980)|VARIABLE_ASSIGNMENT|[109]|SUPPORTING_LEVEL|4
01:59:38.1 (51476579)|STATEMENT_EXECUTE|[110]
01:59:38.1 (51481517)|HEAP_ALLOCATE|[110]|Bytes:4
01:59:38.1 (51506423)|VARIABLE_SCOPE_BEGIN|[110]|currentRoleIds|Set<Id>|true|false
01:59:38.1 (51525009)|VARIABLE_ASSIGNMENT|[110]|currentRoleIds|[]|0x57440f6b
01:59:38.1 (51534072)|HEAP_ALLOCATE|[111]|Bytes:80
01:59:38.1 (51541311)|HEAP_ALLOCATE|[111]|Bytes:4
01:59:38.1 (51786002)|SOQL_EXECUTE_BEGIN|[111]|Aggregations:0|SELECT Id FROM UserRole 
01:59:38.1 (63465674)|SOQL_EXECUTE_END|[111]|Rows:0
01:59:38.1 (63544853)|HEAP_ALLOCATE|[111]|Bytes:28
01:59:38.1 (63567083)|HEAP_ALLOCATE|[111]|Bytes:8
01:59:38.1 (63572477)|HEAP_ALLOCATE|[111]|Bytes:8
01:59:38.1 (63577557)|VARIABLE_SCOPE_BEGIN|[15]|this|Database.QueryLocatorIterator|true|false
01:59:38.1 (63600945)|VARIABLE_ASSIGNMENT|[15]|this|{}|0x170c0bec
01:59:38.1 (63608378)|VARIABLE_SCOPE_BEGIN|[15]|values|List<SObject>|true|false
01:59:38.1 (63615867)|VARIABLE_ASSIGNMENT|[15]|values|null|
01:59:38.1 (63619700)|VARIABLE_SCOPE_BEGIN|[15]|ql|Database.QueryLocator|true|false
01:59:38.1 (63634005)|VARIABLE_ASSIGNMENT|[15]|ql|{"query":"SELECT Id FROM UserR (60 more) ..."}|0x5a617374
01:59:38.1 (63639709)|VARIABLE_SCOPE_BEGIN|[15]|totalNumRecords|Integer|false|false
01:59:38.1 (63647239)|VARIABLE_ASSIGNMENT|[15]|totalNumRecords|0
01:59:38.1 (63651112)|VARIABLE_SCOPE_BEGIN|[15]|queryMoreSize|Integer|false|false
01:59:38.1 (63657644)|VARIABLE_ASSIGNMENT|[15]|queryMoreSize|49996
01:59:38.1 (63699393)|HEAP_ALLOCATE|[111]|Bytes:28
01:59:38.1 (63717170)|METHOD_ENTRY|[111]||Database.QueryLocatorIterator.hasNext()
01:59:38.1 (63734302)|METHOD_EXIT|[111]||Database.QueryLocatorIterator.hasNext()
01:59:38.1 (63771098)|VARIABLE_ASSIGNMENT|[111]|userRole|null|
01:59:38.1 (63778837)|STATEMENT_EXECUTE|[111]
01:59:38.1 (63815941)|STATEMENT_EXECUTE|[117]
01:59:38.1 (63817971)|STATEMENT_EXECUTE|[118]
01:59:38.1 (63969265)|HEAP_ALLOCATE|[EXTERNAL]|Bytes:4
01:59:38.1 (63988642)|HEAP_ALLOCATE|[EXTERNAL]|Bytes:4
01:59:38.1 (63998481)|HEAP_ALLOCATE|[118]|Bytes:8
01:59:38.1 (64011640)|STATEMENT_EXECUTE|[120]
01:59:38.1 (64022801)|METHOD_EXIT|[87]|01pr0000000Aenx|VehicleNotificationService.getAllSubordinateRoleIds(Set<Id>)
01:59:38.1 (64109180)|HEAP_ALLOCATE|[EXTERNAL]|Bytes:4
01:59:38.1 (64123413)|HEAP_ALLOCATE|[EXTERNAL]|Bytes:4
01:59:38.1 (64129296)|HEAP_ALLOCATE|[87]|Bytes:8
01:59:38.1 (64141902)|STATEMENT_EXECUTE|[90]
01:59:38.1 (64147396)|HEAP_ALLOCATE|[90]|Bytes:4
01:59:38.1 (64153327)|HEAP_ALLOCATE|[90]|Bytes:53
01:59:38.1 (64157928)|HEAP_ALLOCATE|[90]|Bytes:4
01:59:38.1 (64189650)|HEAP_ALLOCATE|[90]|Bytes:12
01:59:38.1 (64205235)|HEAP_ALLOCATE|[90]|Bytes:12
01:59:38.1 (64509460)|SOQL_EXECUTE_BEGIN|[90]|Aggregations:0|SELECT Id, Name FROM User WHERE UserRoleId = :tmpVar1
01:59:38.1 (84328129)|SOQL_EXECUTE_END|[90]|Rows:12
01:59:38.1 (84350150)|HEAP_ALLOCATE|[90]|Bytes:52
01:59:38.1 (84379683)|HEAP_ALLOCATE|[90]|Bytes:592
01:59:38.1 (84428712)|HEAP_ALLOCATE|[90]|Bytes:52
01:59:38.1 (84478054)|HEAP_ALLOCATE|[90]|Bytes:12
01:59:38.1 (84492373)|HEAP_ALLOCATE|[90]|Bytes:4
01:59:38.1 (84503621)|HEAP_ALLOCATE|[90]|Bytes:12
01:59:38.1 (84511694)|HEAP_ALLOCATE|[90]|Bytes:4
01:59:38.1 (84520678)|HEAP_ALLOCATE|[90]|Bytes:12
01:59:38.1 (84527872)|HEAP_ALLOCATE|[90]|Bytes:4
01:59:38.1 (84536843)|HEAP_ALLOCATE|[90]|Bytes:12
01:59:38.1 (84543847)|HEAP_ALLOCATE|[90]|Bytes:4
01:59:38.1 (84552446)|HEAP_ALLOCATE|[90]|Bytes:12
01:59:38.1 (84559400)|HEAP_ALLOCATE|[90]|Bytes:4
01:59:38.1 (84568096)|HEAP_ALLOCATE|[90]|Bytes:12
01:59:38.1 (84575203)|HEAP_ALLOCATE|[90]|Bytes:4
01:59:38.1 (84583751)|HEAP_ALLOCATE|[90]|Bytes:12
01:59:38.1 (84590925)|HEAP_ALLOCATE|[90]|Bytes:4
01:59:38.1 (84599886)|HEAP_ALLOCATE|[90]|Bytes:12
01:59:38.1 (84606983)|HEAP_ALLOCATE|[90]|Bytes:4
01:59:38.1 (84615674)|HEAP_ALLOCATE|[90]|Bytes:12
01:59:38.1 (84622707)|HEAP_ALLOCATE|[90]|Bytes:4
01:59:38.1 (84631180)|HEAP_ALLOCATE|[90]|Bytes:12
01:59:38.1 (84638149)|HEAP_ALLOCATE|[90]|Bytes:4
01:59:38.1 (84646718)|HEAP_ALLOCATE|[90]|Bytes:12
01:59:38.1 (84653809)|HEAP_ALLOCATE|[90]|Bytes:4
01:59:38.1 (84662484)|HEAP_ALLOCATE|[90]|Bytes:12
01:59:38.1 (84669915)|HEAP_ALLOCATE|[90]|Bytes:4
01:59:38.1 (84678988)|VARIABLE_SCOPE_BEGIN|[90]|usersMaptemp|Map<Id,User>|true|false
01:59:38.1 (84701087)|VARIABLE_ASSIGNMENT|[90]|usersMaptemp|"Map of size 12 too large to display"|0x35647b15
01:59:38.1 (84708862)|STATEMENT_EXECUTE|[91]
01:59:38.1 (84780972)|HEAP_ALLOCATE|[EXTERNAL]|Bytes:-48
01:59:38.1 (84788613)|HEAP_ALLOCATE|[91]|Bytes:48
01:59:38.1 (84805073)|STATEMENT_EXECUTE|[93]
01:59:38.1 (84842960)|HEAP_ALLOCATE|[93]|Bytes:268
01:59:38.1 (84879137)|HEAP_ALLOCATE|[EXTERNAL]|Bytes:4
01:59:38.1 (84889968)|HEAP_ALLOCATE|[EXTERNAL]|Bytes:4
01:59:38.1 (84897347)|HEAP_ALLOCATE|[EXTERNAL]|Bytes:4
01:59:38.1 (84904132)|HEAP_ALLOCATE|[EXTERNAL]|Bytes:4
01:59:38.1 (84910999)|HEAP_ALLOCATE|[EXTERNAL]|Bytes:4
01:59:38.1 (84917488)|HEAP_ALLOCATE|[EXTERNAL]|Bytes:4
01:59:38.1 (84924208)|HEAP_ALLOCATE|[EXTERNAL]|Bytes:4
01:59:38.1 (84930893)|HEAP_ALLOCATE|[EXTERNAL]|Bytes:4
01:59:38.1 (84937968)|HEAP_ALLOCATE|[EXTERNAL]|Bytes:4
01:59:38.1 (84944651)|HEAP_ALLOCATE|[EXTERNAL]|Bytes:4
01:59:38.1 (84951618)|HEAP_ALLOCATE|[EXTERNAL]|Bytes:4
01:59:38.1 (84958136)|HEAP_ALLOCATE|[EXTERNAL]|Bytes:4
01:59:38.1 (84963572)|HEAP_ALLOCATE|[93]|Bytes:48
01:59:38.1 (84974149)|STATEMENT_EXECUTE|[94]
01:59:38.1 (84977897)|HEAP_ALLOCATE|[94]|Bytes:23
01:59:38.1 (85106378)|HEAP_ALLOCATE|[94]|Bytes:689
01:59:38.1 (85130620)|HEAP_ALLOCATE|[94]|Bytes:712
01:59:38.1 (85146996)|USER_DEBUG|[94]|DEBUG|--- usersMap end --- : {005t0000000afd1AAA=User:{Id=005t0000000afd1AAA, Name=Donovan Corliss}, 005t0000000ejRGAAY=User:{Id=005t0000000ejRGAAY, Name=APIServiceUser}, 005t0000000fGTKAA2=User:{Id=005t0000000fGTKAA2, Name=Sean Osterday}, 005t0000000fGTUAA2=User:{Id=005t0000000fGTUAA2, Name=Leti Luna}, 005t0000000fGToAAM=User:{Id=005t0000000fGToAAM, Name=Sally Bin}, 005t0000000fOX5AAM=User:{Id=005t0000000fOX5AAM, Name=Kristin Smith}, 005t0000000fwojAAA=User:{Id=005t0000000fwojAAA, Name=Juergen Hoehne}, 005t0000000ntGyAAI=User:{Id=005t0000000ntGyAAI, Name=Alan Marcus}, 005t0000000s8b9AAA=User:{Id=005t0000000s8b9AAA, Name=sfmtaBW}, 005t0000001KMGkAAO=User:{Id=005t0000001KMGkAAO, Name=Francesca Napolitan}, ...}
01:59:38.1 (85170887)|STATEMENT_EXECUTE|[95]
01:59:38.1 (85174198)|HEAP_ALLOCATE|[95]|Bytes:23
01:59:38.1 (85211221)|HEAP_ALLOCATE|[95]|Bytes:268
01:59:38.1 (85243883)|HEAP_ALLOCATE|[95]|Bytes:205
01:59:38.1 (85260243)|HEAP_ALLOCATE|[95]|Bytes:228
01:59:38.1 (85271974)|USER_DEBUG|[95]|DEBUG|--- usersMap set --- : {005t0000000afd1AAA, 005t0000000ejRGAAY, 005t0000000fGTKAA2, 005t0000000fGTUAA2, 005t0000000fGToAAM, 005t0000000fOX5AAM, 005t0000000fwojAAA, 005t0000000ntGyAAI, 005t0000000s8b9AAA, 005t0000001KMGkAAO, ...}
01:59:38.1 (85283607)|STATEMENT_EXECUTE|[96]
01:59:38.1 (85286816)|HEAP_ALLOCATE|[96]|Bytes:24
01:59:38.1 (85328135)|HEAP_ALLOCATE|[96]|Bytes:2
01:59:38.1 (85343965)|HEAP_ALLOCATE|[96]|Bytes:26
01:59:38.1 (85355466)|USER_DEBUG|[96]|DEBUG|--- usersMap.size --- : 12
01:59:38.1 (85363558)|STATEMENT_EXECUTE|[98]
01:59:38.1 (85376207)|METHOD_EXIT|[2]|01pr0000000Aenx|VehicleNotificationService.GetUserIdsFromGroup(Id)
01:59:38.1 (85385916)|SYSTEM_MODE_EXIT|false
01:59:38.1 (85407198)|USER_DEBUG|[2]|DEBUG|{005t0000000afd1AAA, 005t0000000ejRGAAY, 005t0000000fGTKAA2, 005t0000000fGTUAA2, 005t0000000fGToAAM, 005t0000000fOX5AAM, 005t0000000fwojAAA, 005t0000000ntGyAAI, 005t0000000s8b9AAA, 005t0000001KMGkAAO, ...}
01:59:38.85 (85464539)|CUMULATIVE_LIMIT_USAGE
01:59:38.85 (85464539)|LIMIT_USAGE_FOR_NS|(default)|
  Number of SOQL queries: 5 out of 100
  Number of query rows: 16 out of 50000
  Number of SOSL queries: 0 out of 20
  Number of DML statements: 0 out of 150
  Number of DML rows: 0 out of 10000
  Maximum CPU time: 0 out of 10000
  Maximum heap size: 0 out of 6000000
  Number of callouts: 0 out of 100
  Number of Email Invocations: 0 out of 10
  Number of future calls: 0 out of 50
  Number of queueable jobs added to the queue: 0 out of 50
  Number of Mobile Apex push calls: 0 out of 10

01:59:38.85 (85464539)|CUMULATIVE_LIMIT_USAGE_END

01:59:38.1 (85509124)|CODE_UNIT_FINISHED|execute_anonymous_apex
01:59:38.1 (87822686)|EXECUTION_FINISHED
