40.0 APEX_CODE,FINEST;APEX_PROFILING,INFO;CALLOUT,INFO;DB,INFO;SYSTEM,DEBUG;VALIDATION,INFO;VISUALFORCE,INFO;WAVE,INFO;WORKFLOW,INFO
Execute Anonymous: Id gId = [Select id from Group where Name = 'Commuter Shuttle'].Id;
Execute Anonymous: system.debug(VehicleNotificationService.GetUserIdsFromGroup(gId));
02:54:21.2 (2399433)|USER_INFO|[EXTERNAL]|005r0000001MDcg|arjun.khatri@sfmta.com.shuttledev|Pacific Standard Time|GMT-07:00
02:54:21.2 (2428833)|EXECUTION_STARTED
02:54:21.2 (2434183)|CODE_UNIT_STARTED|[EXTERNAL]|execute_anonymous_apex
02:54:21.2 (2650015)|VARIABLE_SCOPE_BEGIN|[1]|gId|Id|false|false
02:54:21.2 (2811683)|HEAP_ALLOCATE|[72]|Bytes:3
02:54:21.2 (2866912)|HEAP_ALLOCATE|[77]|Bytes:152
02:54:21.2 (2892219)|HEAP_ALLOCATE|[342]|Bytes:408
02:54:21.2 (2915715)|HEAP_ALLOCATE|[355]|Bytes:408
02:54:21.2 (2936920)|HEAP_ALLOCATE|[467]|Bytes:48
02:54:21.2 (2973025)|HEAP_ALLOCATE|[139]|Bytes:6
02:54:21.2 (2997365)|HEAP_ALLOCATE|[EXTERNAL]|Bytes:3
02:54:21.2 (3121044)|STATEMENT_EXECUTE|[1]
02:54:21.2 (3125220)|STATEMENT_EXECUTE|[1]
02:54:21.2 (3128855)|HEAP_ALLOCATE|[1]|Bytes:52
02:54:21.2 (3146384)|HEAP_ALLOCATE|[1]|Bytes:4
02:54:21.2 (3192541)|HEAP_ALLOCATE|[50]|Bytes:5
02:54:21.2 (3223825)|HEAP_ALLOCATE|[56]|Bytes:5
02:54:21.2 (3240722)|HEAP_ALLOCATE|[64]|Bytes:7
02:54:21.2 (3876245)|SOQL_EXECUTE_BEGIN|[1]|Aggregations:0|SELECT id FROM Group WHERE Name = 'Commuter Shuttle'
02:54:21.2 (14238707)|SOQL_EXECUTE_END|[1]|Rows:1
02:54:21.2 (14274679)|HEAP_ALLOCATE|[1]|Bytes:8
02:54:21.2 (14314541)|HEAP_ALLOCATE|[1]|Bytes:29
02:54:21.2 (14479164)|HEAP_ALLOCATE|[1]|Bytes:8
02:54:21.2 (14512099)|HEAP_ALLOCATE|[1]|Bytes:31
02:54:21.2 (14602250)|HEAP_ALLOCATE|[1]|Bytes:8
02:54:21.2 (14962688)|VARIABLE_ASSIGNMENT|[1]|gId|"00Gt0000000K0CxEAK"
02:54:21.2 (14979725)|STATEMENT_EXECUTE|[2]
02:54:21.2 (15048898)|SYSTEM_MODE_ENTER|false
02:54:21.2 (15080759)|HEAP_ALLOCATE|[2]|Bytes:5
02:54:21.2 (68518728)|VARIABLE_SCOPE_BEGIN|[3]|VehicleNotificationService.setUserId|Set<Id>|true|true
02:54:21.2 (68693110)|VARIABLE_SCOPE_BEGIN|[4]|VehicleNotificationService.usersMap|Map<Id,User>|true|true
02:54:21.2 (68791485)|HEAP_ALLOCATE|[2]|Bytes:17
02:54:21.2 (68813852)|HEAP_ALLOCATE|[2]|Bytes:17
02:54:21.2 (68853253)|METHOD_ENTRY|[1]|01pr0000000Aenx|VehicleNotificationService.VehicleNotificationService()
02:54:21.2 (68867374)|STATEMENT_EXECUTE|[1]
02:54:21.2 (68880544)|STATEMENT_EXECUTE|[1]
02:54:21.2 (68910868)|HEAP_ALLOCATE|[3]|Bytes:5
02:54:21.2 (68921948)|STATEMENT_EXECUTE|[3]
02:54:21.2 (68938191)|HEAP_ALLOCATE|[3]|Bytes:4
02:54:21.2 (69124053)|VARIABLE_ASSIGNMENT|[3]|VehicleNotificationService.setUserId|[]|0x587619c5
02:54:21.2 (69136555)|STATEMENT_EXECUTE|[4]
02:54:21.2 (69144918)|HEAP_ALLOCATE|[4]|Bytes:4
02:54:21.2 (69215740)|VARIABLE_ASSIGNMENT|[4]|VehicleNotificationService.usersMap|{}|0x31abe779
02:54:21.2 (69243866)|METHOD_EXIT|[1]|VehicleNotificationService
02:54:21.2 (69280228)|METHOD_ENTRY|[2]|01pr0000000Aenx|VehicleNotificationService.getUserIdsFromGroup(Id)
02:54:21.2 (69326428)|VARIABLE_SCOPE_BEGIN|[61]|groupId|Id|false|false
02:54:21.2 (69425861)|VARIABLE_ASSIGNMENT|[61]|groupId|"00Gt0000000K0CxEAK"
02:54:21.2 (69446100)|HEAP_ALLOCATE|[62]|Bytes:5
02:54:21.2 (69452173)|STATEMENT_EXECUTE|[61]
02:54:21.2 (69453533)|STATEMENT_EXECUTE|[62]
02:54:21.2 (69457912)|HEAP_ALLOCATE|[62]|Bytes:4
02:54:21.2 (69517964)|VARIABLE_SCOPE_BEGIN|[62]|setGroupId|Set<Id>|true|false
02:54:21.2 (69540905)|VARIABLE_ASSIGNMENT|[62]|setGroupId|[]|0x5b8981c2
02:54:21.2 (69547828)|STATEMENT_EXECUTE|[63]
02:54:21.2 (69552636)|HEAP_ALLOCATE|[63]|Bytes:4
02:54:21.2 (70117324)|HEAP_ALLOCATE|[63]|Bytes:4
02:54:21.2 (70159493)|HEAP_ALLOCATE|[63]|Bytes:3
02:54:21.2 (70170764)|VARIABLE_SCOPE_BEGIN|[63]|userType|String|false|false
02:54:21.2 (70184970)|VARIABLE_ASSIGNMENT|[63]|userType|"005"
02:54:21.2 (70196600)|HEAP_ALLOCATE|[65]|Bytes:151
02:54:21.2 (70204887)|HEAP_ALLOCATE|[65]|Bytes:4
02:54:21.2 (70213328)|HEAP_ALLOCATE|[65]|Bytes:7
02:54:21.2 (70920445)|SOQL_EXECUTE_BEGIN|[65]|Aggregations:1|SELECT Id, Type, DeveloperName, RelatedId, (SELECT Id, UserOrGroupId FROM GroupMembers LIMIT 100) FROM Group 
02:54:21.2 (84288217)|SOQL_EXECUTE_END|[65]|Rows:1
02:54:21.2 (84332109)|HEAP_ALLOCATE|[EXTERNAL]|Bytes:8
02:54:21.2 (84645501)|HEAP_ALLOCATE|[65]|Bytes:49
02:54:21.2 (84661660)|HEAP_ALLOCATE|[65]|Bytes:8
02:54:21.2 (84677532)|SYSTEM_METHOD_ENTRY|[7]|QueryLocatorIterator.QueryLocatorIterator()
02:54:21.2 (84682686)|STATEMENT_EXECUTE|[7]
02:54:21.2 (84699134)|SYSTEM_METHOD_EXIT|[7]|QueryLocatorIterator
02:54:21.2 (84714010)|HEAP_ALLOCATE|[65]|Bytes:28
02:54:21.2 (84746221)|HEAP_ALLOCATE|[65]|Bytes:8
02:54:21.2 (84764540)|HEAP_ALLOCATE|[65]|Bytes:8
02:54:21.2 (84769620)|HEAP_ALLOCATE|[65]|Bytes:8
02:54:21.2 (84788097)|VARIABLE_SCOPE_BEGIN|[15]|this|Database.QueryLocatorIterator|true|false
02:54:21.2 (84848283)|VARIABLE_ASSIGNMENT|[15]|this|{}|0x182e35f1
02:54:21.2 (84858464)|VARIABLE_SCOPE_BEGIN|[15]|values|List<SObject>|true|false
02:54:21.2 (84895526)|VARIABLE_ASSIGNMENT|[15]|values|[{"Id":"00Gt0000000K0CxEAK","Type":"Regular","DeveloperName":"Commuter_Shuttle","GroupMembers":[{"GroupId":"00Gt0000000K0CxEAK","Id":"011t0000000EPpjAAG","UserOrGroupId":"00Gt0000000K0CvEAK"},{"GroupId":"00Gt0000000K0CxEAK","Id":"011t0000000EPpoAAG","UserOrGroupId":"00Gt0000000lipfEAA"}]}]|0x72fd5108
02:54:21.2 (84909428)|VARIABLE_SCOPE_BEGIN|[15]|ql|Database.QueryLocator|true|false
02:54:21.2 (84930844)|VARIABLE_ASSIGNMENT|[15]|ql|{"query":"SELECT Id, Type, Dev (131 more) ..."}|0x77b7417f
02:54:21.2 (84938298)|VARIABLE_SCOPE_BEGIN|[15]|totalNumRecords|Integer|false|false
02:54:21.2 (84947642)|VARIABLE_ASSIGNMENT|[15]|totalNumRecords|1
02:54:21.2 (84953011)|VARIABLE_SCOPE_BEGIN|[15]|queryMoreSize|Integer|false|false
02:54:21.2 (84960013)|VARIABLE_ASSIGNMENT|[15]|queryMoreSize|49998
02:54:21.2 (85066052)|HEAP_ALLOCATE|[65]|Bytes:28
02:54:21.2 (85101208)|METHOD_ENTRY|[65]||Database.QueryLocatorIterator.hasNext()
02:54:21.2 (85182266)|METHOD_EXIT|[65]||Database.QueryLocatorIterator.hasNext()
02:54:21.2 (85194381)|METHOD_ENTRY|[65]||Database.QueryLocatorIterator.next()
02:54:21.2 (85315154)|METHOD_EXIT|[65]||Database.QueryLocatorIterator.next()
02:54:21.2 (85333025)|VARIABLE_SCOPE_BEGIN|[65]|objGroup|Group|true|false
02:54:21.2 (85358790)|VARIABLE_ASSIGNMENT|[65]|objGroup|{"Id":"00Gt0000000K0CxEAK","Type":"Regular","DeveloperName":"Commuter_Shuttle","GroupMembers":[{"GroupId":"00Gt0000000K0CxEAK","Id":"011t0000000EPpjAAG","UserOrGroupId":"00Gt0000000K0CvEAK"},{"GroupId":"00Gt0000000K0CxEAK","Id":"011t0000000EPpoAAG","UserOrGroupId":"00Gt0000000lipfEAA"}]}|0x7b8d275e
02:54:21.2 (85373366)|STATEMENT_EXECUTE|[69]
02:54:21.2 (85375131)|STATEMENT_EXECUTE|[70]
02:54:21.2 (85380510)|HEAP_ALLOCATE|[70]|Bytes:19
02:54:21.2 (85517963)|HEAP_ALLOCATE|[70]|Bytes:75
02:54:21.2 (85552090)|HEAP_ALLOCATE|[70]|Bytes:94
02:54:21.2 (85589289)|USER_DEBUG|[70]|DEBUG|--- objGroup --- : Group:{Id=00Gt0000000K0CxEAK, Type=Regular, DeveloperName=Commuter_Shuttle}
02:54:21.2 (85607647)|STATEMENT_EXECUTE|[71]
02:54:21.2 (85614315)|HEAP_ALLOCATE|[71]|Bytes:32
02:54:21.2 (85622302)|HEAP_ALLOCATE|[71]|Bytes:12
02:54:21.2 (85626305)|HEAP_ALLOCATE|[71]|Bytes:11
02:54:21.2 (85671796)|HEAP_ALLOCATE|[EXTERNAL]|Bytes:12
02:54:21.2 (85735680)|HEAP_ALLOCATE|[71]|Bytes:12
02:54:21.2 (85829177)|HEAP_ALLOCATE|[71]|Bytes:198
02:54:21.2 (85854425)|HEAP_ALLOCATE|[71]|Bytes:230
02:54:21.2 (85875669)|USER_DEBUG|[71]|DEBUG|--- objGroup.GroupMembers --- : (GroupMember:{GroupId=00Gt0000000K0CxEAK, Id=011t0000000EPpjAAG, UserOrGroupId=00Gt0000000K0CvEAK}, GroupMember:{GroupId=00Gt0000000K0CxEAK, Id=011t0000000EPpoAAG, UserOrGroupId=00Gt0000000lipfEAA})
02:54:21.2 (85912629)|HEAP_ALLOCATE|[EXTERNAL]|Bytes:12
02:54:21.2 (85926465)|HEAP_ALLOCATE|[72]|Bytes:12
02:54:21.2 (85995016)|STATEMENT_EXECUTE|[72]
02:54:21.2 (86020422)|HEAP_ALLOCATE|[74]|Bytes:12
02:54:21.2 (86101974)|HEAP_ALLOCATE|[74]|Bytes:28
02:54:21.2 (86119266)|HEAP_ALLOCATE|[74]|Bytes:12
02:54:21.2 (86134856)|HEAP_ALLOCATE|[74]|Bytes:8
02:54:21.2 (86139299)|HEAP_ALLOCATE|[74]|Bytes:8
02:54:21.2 (86146755)|VARIABLE_SCOPE_BEGIN|[15]|this|Database.QueryLocatorIterator|true|false
02:54:21.2 (86172942)|VARIABLE_ASSIGNMENT|[15]|this|{}|0x43581d2f
02:54:21.2 (86182764)|VARIABLE_SCOPE_BEGIN|[15]|values|List<SObject>|true|false
02:54:21.2 (86205603)|VARIABLE_ASSIGNMENT|[15]|values|[{"GroupId":"00Gt0000000K0CxEAK","Id":"011t0000000EPpjAAG","UserOrGroupId":"00Gt0000000K0CvEAK"},{"GroupId":"00Gt0000000K0CxEAK","Id":"011t0000000EPpoAAG","UserOrGroupId":"00Gt0000000lipfEAA"}]|0x73dbf863
02:54:21.2 (86225720)|VARIABLE_SCOPE_BEGIN|[15]|ql|Database.QueryLocator|true|false
02:54:21.2 (86247855)|VARIABLE_ASSIGNMENT|[15]|ql|{}|0x7a54840c
02:54:21.2 (86263669)|VARIABLE_SCOPE_BEGIN|[15]|totalNumRecords|Integer|false|false
02:54:21.2 (86280404)|VARIABLE_ASSIGNMENT|[15]|totalNumRecords|2
02:54:21.2 (86291670)|VARIABLE_SCOPE_BEGIN|[15]|queryMoreSize|Integer|false|false
02:54:21.2 (86305881)|VARIABLE_ASSIGNMENT|[15]|queryMoreSize|200
02:54:21.2 (86350605)|HEAP_ALLOCATE|[74]|Bytes:28
02:54:21.2 (86367887)|METHOD_ENTRY|[74]||Database.QueryLocatorIterator.hasNext()
02:54:21.2 (86399326)|METHOD_EXIT|[74]||Database.QueryLocatorIterator.hasNext()
02:54:21.2 (86409163)|METHOD_ENTRY|[74]||Database.QueryLocatorIterator.next()
02:54:21.2 (86490380)|METHOD_EXIT|[74]||Database.QueryLocatorIterator.next()
02:54:21.2 (86503787)|VARIABLE_SCOPE_BEGIN|[74]|objGroupMem|GroupMember|true|false
02:54:21.2 (86522279)|VARIABLE_ASSIGNMENT|[74]|objGroupMem|{"GroupId":"00Gt0000000K0CxEAK","Id":"011t0000000EPpjAAG","UserOrGroupId":"00Gt0000000K0CvEAK"}|0x1131ecd1
02:54:21.2 (86529149)|STATEMENT_EXECUTE|[74]
02:54:21.2 (86571462)|HEAP_ALLOCATE|[75]|Bytes:18
02:54:21.2 (86645967)|HEAP_ALLOCATE|[80]|Bytes:7
02:54:21.2 (86675950)|STATEMENT_EXECUTE|[80]
02:54:21.2 (86679172)|STATEMENT_EXECUTE|[82]
02:54:21.2 (86723528)|HEAP_ALLOCATE|[EXTERNAL]|Bytes:4
02:54:21.2 (86739226)|METHOD_ENTRY|[74]||Database.QueryLocatorIterator.hasNext()
02:54:21.2 (86767455)|METHOD_EXIT|[74]||Database.QueryLocatorIterator.hasNext()
02:54:21.2 (86780791)|METHOD_ENTRY|[74]||Database.QueryLocatorIterator.next()
02:54:21.2 (86898160)|METHOD_EXIT|[74]||Database.QueryLocatorIterator.next()
02:54:21.2 (86911137)|VARIABLE_SCOPE_BEGIN|[74]|objGroupMem|GroupMember|true|false
02:54:21.2 (86929689)|VARIABLE_ASSIGNMENT|[74]|objGroupMem|{"GroupId":"00Gt0000000K0CxEAK","Id":"011t0000000EPpoAAG","UserOrGroupId":"00Gt0000000lipfEAA"}|0x12833abd
02:54:21.2 (86936843)|STATEMENT_EXECUTE|[74]
02:54:21.2 (86947850)|HEAP_ALLOCATE|[75]|Bytes:18
02:54:21.2 (86981445)|STATEMENT_EXECUTE|[80]
02:54:21.2 (86983476)|STATEMENT_EXECUTE|[82]
02:54:21.2 (86992473)|HEAP_ALLOCATE|[EXTERNAL]|Bytes:4
02:54:21.2 (87004132)|METHOD_ENTRY|[74]||Database.QueryLocatorIterator.hasNext()
02:54:21.2 (87025466)|METHOD_EXIT|[74]||Database.QueryLocatorIterator.hasNext()
02:54:21.2 (87036115)|VARIABLE_ASSIGNMENT|[74]|objGroupMem|null|
02:54:21.2 (87044590)|METHOD_ENTRY|[65]||Database.QueryLocatorIterator.hasNext()
02:54:21.2 (87059557)|METHOD_EXIT|[65]||Database.QueryLocatorIterator.hasNext()
02:54:21.2 (87068185)|VARIABLE_ASSIGNMENT|[65]|objGroup|null|
02:54:21.2 (87087299)|STATEMENT_EXECUTE|[88]
02:54:21.2 (87109802)|METHOD_ENTRY|[88]|01pr0000000Aenx|VehicleNotificationService.getAllUserIdFromRoleIds(Set<Id>)
02:54:21.2 (87134173)|VARIABLE_SCOPE_BEGIN|[97]|setGroupIds|Set<Id>|true|false
02:54:21.2 (87152871)|VARIABLE_ASSIGNMENT|[97]|setGroupIds|["00Gt0000000K0CvEAK","00Gt0000000lipfEAA"]|0x5b8981c2
02:54:21.2 (87171676)|HEAP_ALLOCATE|[98]|Bytes:5
02:54:21.2 (87177471)|STATEMENT_EXECUTE|[97]
02:54:21.2 (87178698)|STATEMENT_EXECUTE|[98]
02:54:21.2 (87186992)|HEAP_ALLOCATE|[98]|Bytes:4
02:54:21.2 (87228661)|VARIABLE_SCOPE_BEGIN|[98]|setRelateRoleId|Set<Id>|true|false
02:54:21.2 (87263299)|VARIABLE_ASSIGNMENT|[98]|setRelateRoleId|[]|0x609d4740
02:54:21.2 (87276535)|STATEMENT_EXECUTE|[99]
02:54:21.2 (87283769)|HEAP_ALLOCATE|[99]|Bytes:4
02:54:21.2 (87315177)|VARIABLE_SCOPE_BEGIN|[99]|roleUserId|Set<Id>|true|false
02:54:21.2 (87334383)|VARIABLE_ASSIGNMENT|[99]|roleUserId|[]|0x7e5478e6
02:54:21.2 (87340848)|STATEMENT_EXECUTE|[100]
02:54:21.2 (87345143)|HEAP_ALLOCATE|[100]|Bytes:4
02:54:21.2 (87368417)|VARIABLE_SCOPE_BEGIN|[100]|setUserIds|Set<Id>|true|false
02:54:21.2 (87386170)|VARIABLE_ASSIGNMENT|[100]|setUserIds|[]|0x7509e343
02:54:21.2 (87392382)|STATEMENT_EXECUTE|[101]
02:54:21.2 (87434659)|HEAP_ALLOCATE|[101]|Bytes:4
02:54:21.2 (87447840)|HEAP_ALLOCATE|[101]|Bytes:114
02:54:21.2 (87454888)|HEAP_ALLOCATE|[101]|Bytes:4
02:54:21.2 (87496072)|HEAP_ALLOCATE|[101]|Bytes:12
02:54:21.2 (87506377)|HEAP_ALLOCATE|[101]|Bytes:12
02:54:21.2 (87933852)|SOQL_EXECUTE_BEGIN|[101]|Aggregations:0|SELECT Id, Type, DeveloperName, RelatedId FROM Group WHERE (Id = :tmpVar1 AND Type = 'Role' AND RelatedId != NULL)
02:54:21.2 (98784229)|SOQL_EXECUTE_END|[101]|Rows:2
02:54:21.2 (98818656)|HEAP_ALLOCATE|[101]|Bytes:12
02:54:21.2 (98843760)|HEAP_ALLOCATE|[101]|Bytes:211
02:54:21.2 (98875914)|HEAP_ALLOCATE|[101]|Bytes:12
02:54:21.2 (98951104)|HEAP_ALLOCATE|[101]|Bytes:20
02:54:21.2 (98967461)|HEAP_ALLOCATE|[101]|Bytes:4
02:54:21.2 (98980211)|HEAP_ALLOCATE|[101]|Bytes:20
02:54:21.2 (98987792)|HEAP_ALLOCATE|[101]|Bytes:4
02:54:21.2 (99012796)|VARIABLE_SCOPE_BEGIN|[101]|groupMap|Map<Id,Group>|true|false
02:54:21.2 (99063211)|VARIABLE_ASSIGNMENT|[101]|groupMap|{"00Gt0000000K0CvEAK":{"Id":"00Gt0000000K0CvEAK","Type":"Role","DeveloperName":"Shuttle_Admin","RelatedId":"00Et0000000DbULEA0"},"00Gt0000000lipfEAA":{"Id":"00Gt0000000lipfEAA","Type":"Role","DeveloperName":"System_Administrator","RelatedId":"00Et0000000gkEIEAY"}}|0x525421b5
02:54:21.2 (99127749)|STATEMENT_EXECUTE|[105]
02:54:21.2 (99130360)|STATEMENT_EXECUTE|[106]
02:54:21.2 (99135867)|HEAP_ALLOCATE|[106]|Bytes:9
02:54:21.2 (118105657)|HEAP_ALLOCATE|[106]|Bytes:242
02:54:21.2 (118154742)|METHOD_ENTRY|[1]|01pr0000000Adbg|Pluck.Pluck()
02:54:21.2 (118164243)|STATEMENT_EXECUTE|[1]
02:54:21.2 (118175641)|STATEMENT_EXECUTE|[1]
02:54:21.2 (118185099)|METHOD_EXIT|[1]|Pluck
02:54:21.2 (118247969)|METHOD_ENTRY|[106]|01pr0000000Adbg|Pluck.ids(String, Map<Id,SObject>)
02:54:21.2 (118303937)|VARIABLE_SCOPE_BEGIN|[318]|field|String|false|false
02:54:21.2 (118329686)|VARIABLE_ASSIGNMENT|[318]|field|"RelatedId"
02:54:21.2 (118337328)|VARIABLE_SCOPE_BEGIN|[318]|objs|Map<Id,SObject>|true|false
02:54:21.2 (118374983)|VARIABLE_ASSIGNMENT|[318]|objs|{"00Gt0000000K0CvEAK":{"Id":"00Gt0000000K0CvEAK","Type":"Role","DeveloperName":"Shuttle_Admin","RelatedId":"00Et0000000DbULEA0"},"00Gt0000000lipfEAA":{"Id":"00Gt0000000lipfEAA","Type":"Role","DeveloperName":"System_Administrator","RelatedId":"00Et0000000gkEIEAY"}}|0x525421b5
02:54:21.2 (118392573)|STATEMENT_EXECUTE|[319]
02:54:21.2 (118394056)|STATEMENT_EXECUTE|[320]
02:54:21.2 (127113716)|HEAP_ALLOCATE|[320]|Bytes:63
02:54:21.2 (127136861)|HEAP_ALLOCATE|[320]|Bytes:4
02:54:21.2 (127156484)|METHOD_ENTRY|[1]|01pr0000000Adbb|FieldReference.FieldReference()
02:54:21.2 (127164406)|STATEMENT_EXECUTE|[1]
02:54:21.2 (127172031)|STATEMENT_EXECUTE|[1]
02:54:21.2 (127173363)|STATEMENT_EXECUTE|[28]
02:54:21.2 (127174476)|STATEMENT_EXECUTE|[48]
02:54:21.2 (127175430)|STATEMENT_EXECUTE|[68]
02:54:21.2 (127181808)|METHOD_EXIT|[1]|FieldReference
02:54:21.2 (127214294)|METHOD_ENTRY|[320]|01pr0000000Adbb|FieldReference.build(String)
02:54:21.2 (127398428)|VARIABLE_SCOPE_BEGIN|[14]|field|String|false|false
02:54:21.2 (127420631)|VARIABLE_ASSIGNMENT|[14]|field|"RelatedId"
02:54:21.2 (127429696)|STATEMENT_EXECUTE|[15]
02:54:21.2 (127431052)|STATEMENT_EXECUTE|[16]
02:54:21.2 (127435890)|HEAP_ALLOCATE|[16]|Bytes:1
02:54:21.2 (127519949)|VARIABLE_SCOPE_BEGIN|[16]|index|Integer|false|false
02:54:21.2 (127533058)|HEAP_ALLOCATE|[16]|Bytes:4
02:54:21.2 (127544414)|VARIABLE_ASSIGNMENT|[16]|index|-1
02:54:21.2 (127554994)|STATEMENT_EXECUTE|[19]
02:54:21.2 (127556302)|STATEMENT_EXECUTE|[20]
02:54:21.2 (127891189)|HEAP_ALLOCATE|[20]|Bytes:8
02:54:21.2 (127924516)|HEAP_ALLOCATE|[20]|Bytes:8
02:54:21.2 (127952458)|CONSTRUCTOR_ENTRY|[20]|01pr0000000Adbb|<init>(String)
02:54:21.2 (127981982)|VARIABLE_SCOPE_BEGIN|[52]|this|FieldReference.SimpleFieldReference|true|false
02:54:21.2 (128027898)|VARIABLE_ASSIGNMENT|[52]|this|{}|0x45269fc6
02:54:21.2 (128038381)|VARIABLE_SCOPE_BEGIN|[52]|field|String|false|false
02:54:21.2 (128048628)|VARIABLE_ASSIGNMENT|[52]|field|"RelatedId"
02:54:21.2 (128054460)|STATEMENT_EXECUTE|[48]
02:54:21.2 (128055746)|STATEMENT_EXECUTE|[50]
02:54:21.2 (128063782)|CONSTRUCTOR_ENTRY|[52]|01pr0000000Adbb|<init>()
02:54:21.2 (128096712)|VARIABLE_SCOPE_BEGIN|[1]|this|FieldReference|true|false
02:54:21.2 (128119434)|VARIABLE_ASSIGNMENT|[1]|this|{}|0x45269fc6
02:54:21.2 (128151889)|STATEMENT_EXECUTE|[1]
02:54:21.2 (128158878)|CONSTRUCTOR_EXIT|[52]|01pr0000000Adbb|<init>()
02:54:21.2 (128165285)|STATEMENT_EXECUTE|[53]
02:54:21.2 (128166473)|STATEMENT_EXECUTE|[54]
02:54:21.2 (128179331)|VARIABLE_ASSIGNMENT|[54]|this.field|"RelatedId"|0x45269fc6
02:54:21.2 (128190241)|CONSTRUCTOR_EXIT|[20]|01pr0000000Adbb|<init>(String)
02:54:21.2 (128199150)|METHOD_EXIT|[320]|01pr0000000Adbb|FieldReference.build(String)
02:54:21.2 (128219357)|METHOD_ENTRY|[320]|01pr0000000Adbg|Pluck.ids(FieldReference, Map<Id,SObject>)
02:54:21.2 (128238037)|VARIABLE_SCOPE_BEGIN|[328]|field|FieldReference|true|false
02:54:21.2 (128260424)|VARIABLE_ASSIGNMENT|[328]|field|{"field":"RelatedId"}|0x45269fc6
02:54:21.2 (128270403)|VARIABLE_SCOPE_BEGIN|[328]|objs|Map<Id,SObject>|true|false
02:54:21.2 (128299839)|VARIABLE_ASSIGNMENT|[328]|objs|{"00Gt0000000K0CvEAK":{"Id":"00Gt0000000K0CvEAK","Type":"Role","DeveloperName":"Shuttle_Admin","RelatedId":"00Et0000000DbULEA0"},"00Gt0000000lipfEAA":{"Id":"00Gt0000000lipfEAA","Type":"Role","DeveloperName":"System_Administrator","RelatedId":"00Et0000000gkEIEAY"}}|0x525421b5
02:54:21.2 (128314011)|STATEMENT_EXECUTE|[329]
02:54:21.2 (128315685)|STATEMENT_EXECUTE|[330]
02:54:21.2 (128364121)|HEAP_ALLOCATE|[EXTERNAL]|Bytes:12
02:54:21.2 (128384277)|HEAP_ALLOCATE|[330]|Bytes:221
02:54:21.2 (128445795)|METHOD_ENTRY|[330]|01pr0000000Adbg|Pluck.ids(FieldReference, List<SObject>)
02:54:21.2 (128459607)|VARIABLE_SCOPE_BEGIN|[343]|field|FieldReference|true|false
02:54:21.2 (128482394)|VARIABLE_ASSIGNMENT|[343]|field|{"field":"RelatedId"}|0x45269fc6
02:54:21.2 (128491895)|VARIABLE_SCOPE_BEGIN|[343]|objs|List<SObject>|true|false
02:54:21.2 (128513327)|VARIABLE_ASSIGNMENT|[343]|objs|[{"Id":"00Gt0000000K0CvEAK","Type":"Role","DeveloperName":"Shuttle_Admin","RelatedId":"00Et0000000DbULEA0"},{"Id":"00Gt0000000lipfEAA","Type":"Role","DeveloperName":"System_Administrator","RelatedId":"00Et0000000gkEIEAY"}]|0x673ea21
02:54:21.2 (128525544)|STATEMENT_EXECUTE|[344]
02:54:21.2 (128527005)|STATEMENT_EXECUTE|[345]
02:54:21.2 (128535719)|HEAP_ALLOCATE|[345]|Bytes:4
02:54:21.2 (128575266)|VARIABLE_SCOPE_BEGIN|[345]|plucked|Set<Id>|true|false
02:54:21.2 (128602472)|VARIABLE_ASSIGNMENT|[345]|plucked|[]|0x338477c
02:54:21.2 (128762029)|HEAP_ALLOCATE|[347]|Bytes:5
02:54:21.2 (128785920)|HEAP_ALLOCATE|[347]|Bytes:20
02:54:21.2 (128818242)|VARIABLE_SCOPE_BEGIN|[347]|obj|SObject|true|false
02:54:21.2 (128838925)|VARIABLE_ASSIGNMENT|[347]|obj|{"Id":"00Gt0000000K0CvEAK","Type":"Role","DeveloperName":"Shuttle_Admin","RelatedId":"00Et0000000DbULEA0"}|0x49d72324
02:54:21.2 (128846730)|STATEMENT_EXECUTE|[348]
02:54:21.2 (128848058)|STATEMENT_EXECUTE|[349]
02:54:21.2 (128863600)|METHOD_ENTRY|[349]|01pr0000000Adbg|Pluck.pluckId(FieldReference, SObject)
02:54:21.2 (128886635)|VARIABLE_SCOPE_BEGIN|[313]|field|FieldReference|true|false
02:54:21.2 (128909637)|VARIABLE_ASSIGNMENT|[313]|field|{"field":"RelatedId"}|0x45269fc6
02:54:21.2 (128919140)|VARIABLE_SCOPE_BEGIN|[313]|obj|SObject|true|false
02:54:21.2 (128931448)|VARIABLE_ASSIGNMENT|[313]|obj|{"Id":"00Gt0000000K0CvEAK","Type":"Role","DeveloperName":"Shuttle_Admin","RelatedId":"00Et0000000DbULEA0"}|0x49d72324
02:54:21.2 (128939120)|STATEMENT_EXECUTE|[314]
02:54:21.2 (128940404)|STATEMENT_EXECUTE|[315]
02:54:21.2 (128954790)|METHOD_ENTRY|[315]|01pr0000000Adbg|Pluck.pluck(FieldReference, SObject)
02:54:21.2 (128982690)|VARIABLE_SCOPE_BEGIN|[13]|field|FieldReference|true|false
02:54:21.2 (129005300)|VARIABLE_ASSIGNMENT|[13]|field|{"field":"RelatedId"}|0x45269fc6
02:54:21.2 (129015672)|VARIABLE_SCOPE_BEGIN|[13]|obj|SObject|true|false
02:54:21.2 (129028255)|VARIABLE_ASSIGNMENT|[13]|obj|{"Id":"00Gt0000000K0CvEAK","Type":"Role","DeveloperName":"Shuttle_Admin","RelatedId":"00Et0000000DbULEA0"}|0x49d72324
02:54:21.2 (129036361)|STATEMENT_EXECUTE|[14]
02:54:21.2 (129037750)|STATEMENT_EXECUTE|[15]
02:54:21.2 (129063259)|METHOD_ENTRY|[15]|01pr0000000Adbb|FieldReference.SimpleFieldReference.getFrom(SObject)
02:54:21.2 (129089155)|VARIABLE_SCOPE_BEGIN|[57]|this|FieldReference.SimpleFieldReference|true|false
02:54:21.2 (129111945)|VARIABLE_ASSIGNMENT|[57]|this|{"field":"RelatedId"}|0x45269fc6
02:54:21.2 (129121727)|VARIABLE_SCOPE_BEGIN|[57]|record|SObject|true|false
02:54:21.2 (129133878)|VARIABLE_ASSIGNMENT|[57]|record|{"Id":"00Gt0000000K0CvEAK","Type":"Role","DeveloperName":"Shuttle_Admin","RelatedId":"00Et0000000DbULEA0"}|0x49d72324
02:54:21.2 (129141450)|STATEMENT_EXECUTE|[58]
02:54:21.2 (129142725)|STATEMENT_EXECUTE|[59]
02:54:21.2 (129244456)|HEAP_ALLOCATE|[59]|Bytes:4
02:54:21.2 (129264941)|METHOD_EXIT|[15]|01pr0000000Adbb|FieldReference.SimpleFieldReference.getFrom(SObject)
02:54:21.2 (129273237)|METHOD_EXIT|[315]|01pr0000000Adbg|Pluck.pluck(FieldReference, SObject)
02:54:21.2 (129287842)|HEAP_ALLOCATE|[315]|Bytes:4
02:54:21.2 (129295129)|METHOD_EXIT|[349]|01pr0000000Adbg|Pluck.pluckId(FieldReference, SObject)
02:54:21.2 (129304419)|VARIABLE_SCOPE_BEGIN|[349]|val|Id|false|false
02:54:21.2 (129464439)|VARIABLE_ASSIGNMENT|[349]|val|"00Et0000000DbULEA0"
02:54:21.2 (129474527)|STATEMENT_EXECUTE|[351]
02:54:21.2 (129475977)|STATEMENT_EXECUTE|[352]
02:54:21.2 (129510628)|HEAP_ALLOCATE|[EXTERNAL]|Bytes:4
02:54:21.2 (129530934)|HEAP_ALLOCATE|[347]|Bytes:5
02:54:21.2 (129543823)|HEAP_ALLOCATE|[347]|Bytes:20
02:54:21.2 (129564466)|VARIABLE_SCOPE_BEGIN|[347]|obj|SObject|true|false
02:54:21.2 (129584410)|VARIABLE_ASSIGNMENT|[347]|obj|{"Id":"00Gt0000000lipfEAA","Type":"Role","DeveloperName":"System_Administrator","RelatedId":"00Et0000000gkEIEAY"}|0x44a0a847
02:54:21.2 (129591699)|STATEMENT_EXECUTE|[348]
02:54:21.2 (129592905)|STATEMENT_EXECUTE|[349]
02:54:21.2 (129599321)|METHOD_ENTRY|[349]|01pr0000000Adbg|Pluck.pluckId(FieldReference, SObject)
02:54:21.2 (129608525)|VARIABLE_SCOPE_BEGIN|[313]|field|FieldReference|true|false
02:54:21.2 (129629388)|VARIABLE_ASSIGNMENT|[313]|field|{"field":"RelatedId"}|0x45269fc6
02:54:21.2 (129637204)|VARIABLE_SCOPE_BEGIN|[313]|obj|SObject|true|false
02:54:21.2 (129649033)|VARIABLE_ASSIGNMENT|[313]|obj|{"Id":"00Gt0000000lipfEAA","Type":"Role","DeveloperName":"System_Administrator","RelatedId":"00Et0000000gkEIEAY"}|0x44a0a847
02:54:21.2 (129656451)|STATEMENT_EXECUTE|[314]
02:54:21.2 (129657682)|STATEMENT_EXECUTE|[315]
02:54:21.2 (129663547)|METHOD_ENTRY|[315]|01pr0000000Adbg|Pluck.pluck(FieldReference, SObject)
02:54:21.2 (129671839)|VARIABLE_SCOPE_BEGIN|[13]|field|FieldReference|true|false
02:54:21.2 (129690129)|VARIABLE_ASSIGNMENT|[13]|field|{"field":"RelatedId"}|0x45269fc6
02:54:21.2 (129698098)|VARIABLE_SCOPE_BEGIN|[13]|obj|SObject|true|false
02:54:21.2 (129709304)|VARIABLE_ASSIGNMENT|[13]|obj|{"Id":"00Gt0000000lipfEAA","Type":"Role","DeveloperName":"System_Administrator","RelatedId":"00Et0000000gkEIEAY"}|0x44a0a847
02:54:21.2 (129716184)|STATEMENT_EXECUTE|[14]
02:54:21.2 (129717407)|STATEMENT_EXECUTE|[15]
02:54:21.2 (129723441)|METHOD_ENTRY|[15]|01pr0000000Adbb|FieldReference.SimpleFieldReference.getFrom(SObject)
02:54:21.2 (129731634)|VARIABLE_SCOPE_BEGIN|[57]|this|FieldReference.SimpleFieldReference|true|false
02:54:21.2 (129750168)|VARIABLE_ASSIGNMENT|[57]|this|{"field":"RelatedId"}|0x45269fc6
02:54:21.2 (129758581)|VARIABLE_SCOPE_BEGIN|[57]|record|SObject|true|false
02:54:21.2 (129769613)|VARIABLE_ASSIGNMENT|[57]|record|{"Id":"00Gt0000000lipfEAA","Type":"Role","DeveloperName":"System_Administrator","RelatedId":"00Et0000000gkEIEAY"}|0x44a0a847
02:54:21.2 (129776612)|STATEMENT_EXECUTE|[58]
02:54:21.2 (129777995)|STATEMENT_EXECUTE|[59]
02:54:21.2 (129812819)|HEAP_ALLOCATE|[59]|Bytes:4
02:54:21.2 (129830072)|METHOD_EXIT|[15]|01pr0000000Adbb|FieldReference.SimpleFieldReference.getFrom(SObject)
02:54:21.2 (129837370)|METHOD_EXIT|[315]|01pr0000000Adbg|Pluck.pluck(FieldReference, SObject)
02:54:21.2 (129844948)|HEAP_ALLOCATE|[315]|Bytes:4
02:54:21.2 (129850655)|METHOD_EXIT|[349]|01pr0000000Adbg|Pluck.pluckId(FieldReference, SObject)
02:54:21.2 (129859092)|VARIABLE_SCOPE_BEGIN|[349]|val|Id|false|false
02:54:21.2 (129913068)|VARIABLE_ASSIGNMENT|[349]|val|"00Et0000000gkEIEAY"
02:54:21.2 (129921872)|STATEMENT_EXECUTE|[351]
02:54:21.2 (129923102)|STATEMENT_EXECUTE|[352]
02:54:21.2 (129932246)|HEAP_ALLOCATE|[EXTERNAL]|Bytes:4
02:54:21.2 (129947501)|HEAP_ALLOCATE|[347]|Bytes:5
02:54:21.2 (129961397)|VARIABLE_ASSIGNMENT|[347]|obj|null|
02:54:21.2 (129968494)|STATEMENT_EXECUTE|[356]
02:54:21.2 (129973224)|METHOD_EXIT|[330]|01pr0000000Adbg|Pluck.ids(FieldReference, List<SObject>)
02:54:21.2 (129980062)|METHOD_EXIT|[320]|01pr0000000Adbg|Pluck.ids(FieldReference, Map<Id,SObject>)
02:54:21.2 (129987587)|METHOD_EXIT|[106]|01pr0000000Adbg|Pluck.ids(String, Map<Id,SObject>)
02:54:21.2 (130019838)|HEAP_ALLOCATE|[EXTERNAL]|Bytes:4
02:54:21.2 (130028077)|HEAP_ALLOCATE|[EXTERNAL]|Bytes:4
02:54:21.2 (130031871)|HEAP_ALLOCATE|[106]|Bytes:8
02:54:21.2 (130060498)|STATEMENT_EXECUTE|[116]
02:54:21.2 (130062594)|STATEMENT_EXECUTE|[117]
02:54:21.2 (130076036)|METHOD_ENTRY|[117]|01pr0000000Aenx|VehicleNotificationService.getAllSubordinateRoleIds(Set<Id>)
02:54:21.2 (130097188)|VARIABLE_SCOPE_BEGIN|[134]|roleIds|Set<Id>|true|false
02:54:21.2 (130113167)|VARIABLE_ASSIGNMENT|[134]|roleIds|["00Et0000000DbULEA0","00Et0000000gkEIEAY"]|0x609d4740
02:54:21.2 (130127637)|HEAP_ALLOCATE|[135]|Bytes:5
02:54:21.2 (130133317)|STATEMENT_EXECUTE|[134]
02:54:21.2 (130134549)|STATEMENT_EXECUTE|[135]
02:54:21.2 (130139896)|VARIABLE_SCOPE_BEGIN|[135]|level|Integer|false|false
02:54:21.2 (130148011)|HEAP_ALLOCATE|[135]|Bytes:4
02:54:21.2 (130154187)|VARIABLE_ASSIGNMENT|[135]|level|1
02:54:21.2 (130158838)|STATEMENT_EXECUTE|[136]
02:54:21.2 (130163101)|VARIABLE_SCOPE_BEGIN|[136]|SUPPORTING_LEVEL|Integer|false|false
02:54:21.2 (130170130)|HEAP_ALLOCATE|[136]|Bytes:4
02:54:21.2 (130175440)|VARIABLE_ASSIGNMENT|[136]|SUPPORTING_LEVEL|4
02:54:21.2 (130179509)|STATEMENT_EXECUTE|[137]
02:54:21.2 (130184055)|HEAP_ALLOCATE|[137]|Bytes:4
02:54:21.2 (130209711)|VARIABLE_SCOPE_BEGIN|[137]|currentRoleIds|Set<Id>|true|false
02:54:21.2 (130229058)|VARIABLE_ASSIGNMENT|[137]|currentRoleIds|[]|0x42910c36
02:54:21.2 (130242850)|STATEMENT_EXECUTE|[138]
02:54:21.2 (130246629)|HEAP_ALLOCATE|[138]|Bytes:80
02:54:21.2 (130257456)|HEAP_ALLOCATE|[138]|Bytes:4
02:54:21.2 (130303757)|HEAP_ALLOCATE|[138]|Bytes:12
02:54:21.2 (130313081)|HEAP_ALLOCATE|[138]|Bytes:12
02:54:21.2 (130651574)|SOQL_EXECUTE_BEGIN|[138]|Aggregations:0|SELECT Id FROM UserRole WHERE (ParentRoleId = :tmpVar1 AND ParentRoleId != NULL)
02:54:21.2 (148279963)|SOQL_EXECUTE_END|[138]|Rows:0
02:54:21.2 (148307942)|HEAP_ALLOCATE|[138]|Bytes:4
02:54:21.2 (148321290)|HEAP_ALLOCATE|[138]|Bytes:0
02:54:21.2 (148393331)|HEAP_ALLOCATE|[138]|Bytes:4
02:54:21.2 (148417263)|VARIABLE_SCOPE_BEGIN|[138]|usersRole|List<UserRole>|true|false
02:54:21.2 (148437090)|VARIABLE_ASSIGNMENT|[138]|usersRole|[]|0x6bf46de3
02:54:21.2 (148514895)|STATEMENT_EXECUTE|[142]
02:54:21.2 (148536196)|STATEMENT_EXECUTE|[148]
02:54:21.2 (148538018)|STATEMENT_EXECUTE|[149]
02:54:21.2 (148571137)|HEAP_ALLOCATE|[EXTERNAL]|Bytes:4
02:54:21.2 (148580423)|HEAP_ALLOCATE|[EXTERNAL]|Bytes:4
02:54:21.2 (148583472)|HEAP_ALLOCATE|[149]|Bytes:8
02:54:21.2 (148592652)|STATEMENT_EXECUTE|[151]
02:54:21.2 (148605484)|METHOD_EXIT|[117]|01pr0000000Aenx|VehicleNotificationService.getAllSubordinateRoleIds(Set<Id>)
02:54:21.2 (148622100)|HEAP_ALLOCATE|[EXTERNAL]|Bytes:4
02:54:21.2 (148628492)|HEAP_ALLOCATE|[EXTERNAL]|Bytes:4
02:54:21.2 (148632171)|HEAP_ALLOCATE|[117]|Bytes:8
02:54:21.2 (148639824)|STATEMENT_EXECUTE|[119]
02:54:21.2 (148646742)|HEAP_ALLOCATE|[119]|Bytes:4
02:54:21.2 (148654702)|HEAP_ALLOCATE|[119]|Bytes:53
02:54:21.2 (148660572)|HEAP_ALLOCATE|[119]|Bytes:4
02:54:21.2 (148695427)|HEAP_ALLOCATE|[119]|Bytes:12
02:54:21.2 (148704726)|HEAP_ALLOCATE|[119]|Bytes:12
02:54:21.2 (148913865)|SOQL_EXECUTE_BEGIN|[119]|Aggregations:0|SELECT Id, Name FROM User WHERE UserRoleId = :tmpVar1
02:54:21.2 (164781454)|SOQL_EXECUTE_END|[119]|Rows:12
02:54:21.2 (164827219)|HEAP_ALLOCATE|[119]|Bytes:52
02:54:21.2 (164866800)|HEAP_ALLOCATE|[119]|Bytes:592
02:54:21.2 (164977764)|HEAP_ALLOCATE|[119]|Bytes:52
02:54:21.2 (165048472)|HEAP_ALLOCATE|[119]|Bytes:12
02:54:21.2 (165066045)|HEAP_ALLOCATE|[119]|Bytes:4
02:54:21.2 (165079994)|HEAP_ALLOCATE|[119]|Bytes:12
02:54:21.2 (165087529)|HEAP_ALLOCATE|[119]|Bytes:4
02:54:21.2 (165095798)|HEAP_ALLOCATE|[119]|Bytes:12
02:54:21.2 (165102724)|HEAP_ALLOCATE|[119]|Bytes:4
02:54:21.2 (165110705)|HEAP_ALLOCATE|[119]|Bytes:12
02:54:21.2 (165117591)|HEAP_ALLOCATE|[119]|Bytes:4
02:54:21.2 (165125422)|HEAP_ALLOCATE|[119]|Bytes:12
02:54:21.2 (165132398)|HEAP_ALLOCATE|[119]|Bytes:4
02:54:21.2 (165140991)|HEAP_ALLOCATE|[119]|Bytes:12
02:54:21.2 (165147983)|HEAP_ALLOCATE|[119]|Bytes:4
02:54:21.2 (165155964)|HEAP_ALLOCATE|[119]|Bytes:12
02:54:21.2 (165173114)|HEAP_ALLOCATE|[119]|Bytes:4
02:54:21.2 (165184418)|HEAP_ALLOCATE|[119]|Bytes:12
02:54:21.2 (165191855)|HEAP_ALLOCATE|[119]|Bytes:4
02:54:21.2 (165200248)|HEAP_ALLOCATE|[119]|Bytes:12
02:54:21.2 (165207289)|HEAP_ALLOCATE|[119]|Bytes:4
02:54:21.2 (165215217)|HEAP_ALLOCATE|[119]|Bytes:12
02:54:21.2 (165222198)|HEAP_ALLOCATE|[119]|Bytes:4
02:54:21.2 (165230160)|HEAP_ALLOCATE|[119]|Bytes:12
02:54:21.2 (165242521)|HEAP_ALLOCATE|[119]|Bytes:4
02:54:21.2 (165251462)|HEAP_ALLOCATE|[119]|Bytes:12
02:54:21.2 (165258544)|HEAP_ALLOCATE|[119]|Bytes:4
02:54:21.2 (165284052)|VARIABLE_SCOPE_BEGIN|[119]|usersMaptemp|Map<Id,User>|true|false
02:54:21.2 (165329623)|VARIABLE_ASSIGNMENT|[119]|usersMaptemp|"Map of size 12 too large to display"|0xc6df264
02:54:21.2 (165339916)|STATEMENT_EXECUTE|[120]
02:54:21.2 (165435367)|HEAP_ALLOCATE|[EXTERNAL]|Bytes:-48
02:54:21.2 (165471544)|HEAP_ALLOCATE|[120]|Bytes:48
02:54:21.2 (165486091)|STATEMENT_EXECUTE|[122]
02:54:21.2 (165527171)|HEAP_ALLOCATE|[122]|Bytes:268
02:54:21.2 (165572771)|HEAP_ALLOCATE|[EXTERNAL]|Bytes:4
02:54:21.2 (165580828)|HEAP_ALLOCATE|[EXTERNAL]|Bytes:4
02:54:21.2 (165585802)|HEAP_ALLOCATE|[EXTERNAL]|Bytes:4
02:54:21.2 (165590348)|HEAP_ALLOCATE|[EXTERNAL]|Bytes:4
02:54:21.2 (165595139)|HEAP_ALLOCATE|[EXTERNAL]|Bytes:4
02:54:21.2 (165599569)|HEAP_ALLOCATE|[EXTERNAL]|Bytes:4
02:54:21.2 (165604015)|HEAP_ALLOCATE|[EXTERNAL]|Bytes:4
02:54:21.2 (165608665)|HEAP_ALLOCATE|[EXTERNAL]|Bytes:4
02:54:21.2 (165616664)|HEAP_ALLOCATE|[EXTERNAL]|Bytes:4
02:54:21.2 (165621480)|HEAP_ALLOCATE|[EXTERNAL]|Bytes:4
02:54:21.2 (165626070)|HEAP_ALLOCATE|[EXTERNAL]|Bytes:4
02:54:21.2 (165630498)|HEAP_ALLOCATE|[EXTERNAL]|Bytes:4
02:54:21.2 (165633992)|HEAP_ALLOCATE|[122]|Bytes:48
02:54:21.2 (165642089)|STATEMENT_EXECUTE|[123]
02:54:21.2 (165647966)|HEAP_ALLOCATE|[123]|Bytes:25
02:54:21.2 (165712160)|HEAP_ALLOCATE|[123]|Bytes:205
02:54:21.2 (165735133)|HEAP_ALLOCATE|[123]|Bytes:230
02:54:21.2 (165761341)|USER_DEBUG|[123]|DEBUG|--- setUserIds end --- : {005t0000000afd1AAA, 005t0000000ejRGAAY, 005t0000000fGTKAA2, 005t0000000fGTUAA2, 005t0000000fGToAAM, 005t0000000fOX5AAM, 005t0000000fwojAAA, 005t0000000ntGyAAI, 005t0000000s8b9AAA, 005t0000001KMGkAAO, ...}
02:54:21.2 (165773744)|STATEMENT_EXECUTE|[124]
02:54:21.2 (165777532)|HEAP_ALLOCATE|[124]|Bytes:23
02:54:21.2 (165811727)|HEAP_ALLOCATE|[124]|Bytes:268
02:54:21.2 (165840183)|HEAP_ALLOCATE|[124]|Bytes:205
02:54:21.2 (165854616)|HEAP_ALLOCATE|[124]|Bytes:228
02:54:21.2 (165865471)|USER_DEBUG|[124]|DEBUG|--- usersMap set --- : {005t0000000afd1AAA, 005t0000000ejRGAAY, 005t0000000fGTKAA2, 005t0000000fGTUAA2, 005t0000000fGToAAM, 005t0000000fOX5AAM, 005t0000000fwojAAA, 005t0000000ntGyAAI, 005t0000000s8b9AAA, 005t0000001KMGkAAO, ...}
02:54:21.2 (165876261)|STATEMENT_EXECUTE|[125]
02:54:21.2 (165880181)|HEAP_ALLOCATE|[125]|Bytes:24
02:54:21.2 (165916716)|HEAP_ALLOCATE|[125]|Bytes:2
02:54:21.2 (165931133)|HEAP_ALLOCATE|[125]|Bytes:26
02:54:21.2 (165941300)|USER_DEBUG|[125]|DEBUG|--- usersMap.size --- : 12
02:54:21.2 (165948693)|STATEMENT_EXECUTE|[126]
02:54:21.2 (165969135)|METHOD_EXIT|[88]|01pr0000000Aenx|VehicleNotificationService.getAllUserIdFromRoleIds(Set<Id>)
02:54:21.2 (165990188)|HEAP_ALLOCATE|[EXTERNAL]|Bytes:4
02:54:21.2 (165996876)|HEAP_ALLOCATE|[EXTERNAL]|Bytes:4
02:54:21.2 (166001896)|HEAP_ALLOCATE|[EXTERNAL]|Bytes:4
02:54:21.2 (166007649)|HEAP_ALLOCATE|[EXTERNAL]|Bytes:4
02:54:21.2 (166012174)|HEAP_ALLOCATE|[EXTERNAL]|Bytes:4
02:54:21.2 (166016747)|HEAP_ALLOCATE|[EXTERNAL]|Bytes:4
02:54:21.2 (166021385)|HEAP_ALLOCATE|[EXTERNAL]|Bytes:4
02:54:21.2 (166026100)|HEAP_ALLOCATE|[EXTERNAL]|Bytes:4
02:54:21.2 (166030858)|HEAP_ALLOCATE|[EXTERNAL]|Bytes:4
02:54:21.2 (166035517)|HEAP_ALLOCATE|[EXTERNAL]|Bytes:4
02:54:21.2 (166040164)|HEAP_ALLOCATE|[EXTERNAL]|Bytes:4
02:54:21.2 (166044748)|HEAP_ALLOCATE|[EXTERNAL]|Bytes:4
02:54:21.2 (166047611)|HEAP_ALLOCATE|[88]|Bytes:48
02:54:21.2 (166055551)|STATEMENT_EXECUTE|[89]
02:54:21.2 (166068174)|METHOD_EXIT|[2]|01pr0000000Aenx|VehicleNotificationService.getUserIdsFromGroup(Id)
02:54:21.2 (166077138)|SYSTEM_MODE_EXIT|false
02:54:21.2 (166100526)|USER_DEBUG|[2]|DEBUG|{005t0000000afd1AAA, 005t0000000ejRGAAY, 005t0000000fGTKAA2, 005t0000000fGTUAA2, 005t0000000fGToAAM, 005t0000000fOX5AAM, 005t0000000fwojAAA, 005t0000000ntGyAAI, 005t0000000s8b9AAA, 005t0000001KMGkAAO, ...}
02:54:21.166 (166164903)|CUMULATIVE_LIMIT_USAGE
02:54:21.166 (166164903)|LIMIT_USAGE_FOR_NS|(default)|
  Number of SOQL queries: 5 out of 100
  Number of query rows: 16 out of 50000
  Number of SOSL queries: 0 out of 20
  Number of DML statements: 0 out of 150
  Number of DML rows: 0 out of 10000
  Maximum CPU time: 0 out of 10000
  Maximum heap size: 0 out of 6000000
  Number of callouts: 0 out of 100
  Number of Email Invocations: 0 out of 10
  Number of future calls: 0 out of 50
  Number of queueable jobs added to the queue: 0 out of 50
  Number of Mobile Apex push calls: 0 out of 10

02:54:21.166 (166164903)|CUMULATIVE_LIMIT_USAGE_END

02:54:21.2 (166206420)|CODE_UNIT_FINISHED|execute_anonymous_apex
02:54:21.2 (174346488)|EXECUTION_FINISHED
