40.0 APEX_CODE,FINEST;APEX_PROFILING,INFO;CALLOUT,INFO;DB,INFO;SYSTEM,DEBUG;VALIDATION,INFO;VISUALFORCE,INFO;WAVE,INFO;WORKFLOW,INFO
05:11:23.0 (75872)|EXECUTION_STARTED
05:11:23.0 (117962)|CODE_UNIT_STARTED|[EXTERNAL]|VisualForce View State
05:11:23.0 (10588436)|CODE_UNIT_FINISHED|VisualForce View State
05:11:23.0 (12268898)|EXECUTION_FINISHED
05:11:23.184 (184109280)|CUMULATIVE_LIMIT_USAGE
05:11:23.184 (184109280)|LIMIT_USAGE_FOR_NS|(default)|
  Number of SOQL queries: 0 out of 100
  Number of query rows: 0 out of 50000
  Number of SOSL queries: 0 out of 20
  Number of DML statements: 0 out of 150
  Number of DML rows: 0 out of 10000
  Maximum CPU time: 0 out of 10000
  Maximum heap size: 0 out of 6000000
  Number of callouts: 0 out of 100
  Number of Email Invocations: 0 out of 10
  Number of future calls: 0 out of 50
  Number of queueable jobs added to the queue: 0 out of 50
  Number of Mobile Apex push calls: 0 out of 10

05:11:23.184 (184109280)|CUMULATIVE_LIMIT_USAGE_END

