 WARN [2015-06-16 21:31:58,383] (ConnectionFactory.java:clearCache:212) - Clearing the following cached connections
 WARN [2015-06-16 21:31:59,803] (DescribeObjectRegistry.java:clearCache:657) - Clearing cached describes
 WARN [2015-06-16 21:31:59,853] (MetadataFactory.java:clearCache:120) - No cached metadata stubs
 WARN [2015-06-17 18:35:39,064] (BaseRetryAspect.java:isLoginExceptionRetryable:95) - Login evaluation deemed exception not retry-able:
 UnknownHostException: www.salesforce.com
 WARN [2015-06-17 18:35:39,064] (BaseRetryAspect.java:isLoginExceptionRetryable:95) - Login evaluation deemed exception not retry-able:
 UnknownHostException: www.salesforce.com
 WARN [2015-06-17 18:35:40,273] (BaseRetryAspect.java:isConnectionExceptionRetryable:131) - Connection evaluation deemed exception not retry-able:
 UnknownHostException: www.salesforce.com
 WARN [2015-06-17 18:35:40,283] (BaseRetryAspect.java:isConnectionExceptionRetryable:131) - Connection evaluation deemed exception not retry-able:
 UnknownHostException: www.salesforce.com
 WARN [2015-06-17 18:35:40,312] (ApexCodeScanner.java:generateKeywordRule:139) - Unable to get describe object for type project 'MCA Dev Org'
java.net.UnknownHostException: www.salesforce.com
	at java.net.AbstractPlainSocketImpl.connect(Unknown Source)
	at java.net.PlainSocketImpl.connect(Unknown Source)
	at java.net.SocksSocketImpl.connect(Unknown Source)
	at java.net.Socket.connect(Unknown Source)
	at sun.security.ssl.SSLSocketImpl.connect(Unknown Source)
	at sun.net.NetworkClient.doConnect(Unknown Source)
	at sun.net.www.http.HttpClient.openServer(Unknown Source)
	at sun.net.www.http.HttpClient.openServer(Unknown Source)
	at sun.net.www.protocol.https.HttpsClient.<init>(Unknown Source)
	at sun.net.www.protocol.https.HttpsClient.New(Unknown Source)
	at sun.net.www.protocol.https.AbstractDelegateHttpsURLConnection.getNewHttpClient(Unknown Source)
	at sun.net.www.protocol.http.HttpURLConnection.plainConnect0(Unknown Source)
	at sun.net.www.protocol.http.HttpURLConnection.plainConnect(Unknown Source)
	at sun.net.www.protocol.https.AbstractDelegateHttpsURLConnection.connect(Unknown Source)
	at sun.net.www.protocol.http.HttpURLConnection.getOutputStream0(Unknown Source)
	at sun.net.www.protocol.http.HttpURLConnection.getOutputStream(Unknown Source)
	at sun.net.www.protocol.https.HttpsURLConnectionImpl.getOutputStream(Unknown Source)
	at com.sforce.ws.transport.JdkHttpTransport.connectRaw(JdkHttpTransport.java:135)
	at com.sforce.ws.transport.JdkHttpTransport.connectLocal(JdkHttpTransport.java:99)
	at com.sforce.ws.transport.JdkHttpTransport.connectLocal(JdkHttpTransport.java:94)
	at com.sforce.ws.transport.JdkHttpTransport.connect(JdkHttpTransport.java:90)
	at com.sforce.ws.transport.SoapConnection.send(SoapConnection.java:94)
	at com.sforce.soap.partner.wsc.PartnerConnection.login(PartnerConnection.java:1382)
	at com.salesforce.ide.core.remote.Connection.login(Connection.java:217)
	at com.salesforce.ide.core.remote.Connection.relogin(Connection.java:386)
	at com.salesforce.ide.core.remote.Connection$$FastClassByCGLIB$$8e61a81d.invoke(<generated>)
	at net.sf.cglib.proxy.MethodProxy.invoke(MethodProxy.java:149)
	at org.springframework.aop.framework.Cglib2AopProxy$CglibMethodInvocation.invokeJoinpoint(Cglib2AopProxy.java:700)
	at org.springframework.aop.framework.ReflectiveMethodInvocation.proceed(ReflectiveMethodInvocation.java:149)
	at org.springframework.aop.aspectj.MethodInvocationProceedingJoinPoint.proceed(MethodInvocationProceedingJoinPoint.java:77)
	at com.salesforce.ide.core.internal.aspects.LoginRetryAspect.loginRetry(LoginRetryAspect.java:24)
	at sun.reflect.NativeMethodAccessorImpl.invoke0(Native Method)
	at sun.reflect.NativeMethodAccessorImpl.invoke(Unknown Source)
	at sun.reflect.DelegatingMethodAccessorImpl.invoke(Unknown Source)
	at java.lang.reflect.Method.invoke(Unknown Source)
	at org.springframework.aop.aspectj.AbstractAspectJAdvice.invokeAdviceMethodWithGivenArgs(AbstractAspectJAdvice.java:627)
	at org.springframework.aop.aspectj.AbstractAspectJAdvice.invokeAdviceMethod(AbstractAspectJAdvice.java:616)
	at org.springframework.aop.aspectj.AspectJAroundAdvice.invoke(AspectJAroundAdvice.java:64)
	at org.springframework.aop.framework.ReflectiveMethodInvocation.proceed(ReflectiveMethodInvocation.java:171)
	at org.springframework.aop.framework.adapter.MethodBeforeAdviceInterceptor.invoke(MethodBeforeAdviceInterceptor.java:50)
	at org.springframework.aop.framework.ReflectiveMethodInvocation.proceed(ReflectiveMethodInvocation.java:171)
	at org.springframework.aop.interceptor.ExposeInvocationInterceptor.invoke(ExposeInvocationInterceptor.java:90)
	at org.springframework.aop.framework.ReflectiveMethodInvocation.proceed(ReflectiveMethodInvocation.java:171)
	at org.springframework.aop.framework.Cglib2AopProxy$DynamicAdvisedInterceptor.intercept(Cglib2AopProxy.java:635)
	at com.salesforce.ide.core.remote.Connection$$EnhancerByCGLIB$$d6dd6ef4.relogin(<generated>)
	at com.salesforce.ide.core.factories.ConnectionFactory.getConnection(ConnectionFactory.java:134)
	at com.salesforce.ide.core.factories.ConnectionFactory.getConnection(ConnectionFactory.java:149)
	at com.salesforce.ide.core.remote.registries.DescribeObjectRegistry.getCachedDescribeSObjects(DescribeObjectRegistry.java:500)
	at com.salesforce.ide.ui.editors.apex.assistance.ApexCodeScanner.generateKeywordRule(ApexCodeScanner.java:127)
	at com.salesforce.ide.ui.editors.apex.assistance.ApexCodeScanner.init(ApexCodeScanner.java:99)
	at com.salesforce.ide.ui.editors.apex.ApexSourceViewerConfiguration.init(ApexSourceViewerConfiguration.java:101)
	at com.salesforce.ide.ui.editors.apex.ApexCodeEditor.initializeEditor(ApexCodeEditor.java:315)
	at com.salesforce.ide.ui.editors.apex.ApexCodeEditor.<init>(ApexCodeEditor.java:83)
	at com.salesforce.ide.ui.editors.apex.AstEditor.<init>(AstEditor.java:12)
	at com.salesforce.ide.ui.editors.apex.ApexCodeMultiPageEditor.createSourcePage(ApexCodeMultiPageEditor.java:105)
	at com.salesforce.ide.ui.editors.apex.ApexCodeMultiPageEditor.preparePages(ApexCodeMultiPageEditor.java:72)
	at com.salesforce.ide.ui.editors.apex.ApexCodeMultiPageEditor.createPages(ApexCodeMultiPageEditor.java:64)
	at org.eclipse.ui.part.MultiPageEditorPart.createPartControl(MultiPageEditorPart.java:348)
	at org.eclipse.ui.internal.EditorReference.createPartHelper(EditorReference.java:670)
	at org.eclipse.ui.internal.EditorReference.createPart(EditorReference.java:465)
	at org.eclipse.ui.internal.WorkbenchPartReference.getPart(WorkbenchPartReference.java:595)
	at org.eclipse.ui.internal.EditorReference.getEditor(EditorReference.java:289)
	at org.eclipse.ui.internal.WorkbenchPage.busyOpenEditorBatched(WorkbenchPage.java:2945)
	at org.eclipse.ui.internal.WorkbenchPage.busyOpenEditor(WorkbenchPage.java:2850)
	at org.eclipse.ui.internal.WorkbenchPage.access$11(WorkbenchPage.java:2842)
	at org.eclipse.ui.internal.WorkbenchPage$10.run(WorkbenchPage.java:2793)
	at org.eclipse.swt.custom.BusyIndicator.showWhile(BusyIndicator.java:70)
	at org.eclipse.ui.internal.WorkbenchPage.openEditor(WorkbenchPage.java:2789)
	at org.eclipse.ui.internal.WorkbenchPage.openEditor(WorkbenchPage.java:2773)
	at org.eclipse.ui.internal.WorkbenchPage.openEditor(WorkbenchPage.java:2764)
	at org.eclipse.ui.ide.IDE.openEditor(IDE.java:651)
	at org.eclipse.ui.ide.IDE.openEditor(IDE.java:610)
	at org.eclipse.jdt.internal.ui.javaeditor.EditorUtility.openInEditor(EditorUtility.java:355)
	at org.eclipse.jdt.internal.ui.javaeditor.EditorUtility.openInEditor(EditorUtility.java:164)
	at org.eclipse.jdt.ui.actions.OpenAction.run(OpenAction.java:249)
	at org.eclipse.jdt.ui.actions.OpenAction.run(OpenAction.java:228)
	at org.eclipse.jdt.ui.actions.SelectionDispatchAction.dispatchRun(SelectionDispatchAction.java:275)
	at org.eclipse.jdt.ui.actions.SelectionDispatchAction.run(SelectionDispatchAction.java:251)
	at org.eclipse.jdt.internal.ui.packageview.PackageExplorerActionGroup.handleOpen(PackageExplorerActionGroup.java:376)
	at org.eclipse.jdt.internal.ui.packageview.PackageExplorerPart$4.open(PackageExplorerPart.java:538)
	at org.eclipse.ui.OpenAndLinkWithEditorHelper$InternalListener.open(OpenAndLinkWithEditorHelper.java:48)
	at org.eclipse.jface.viewers.StructuredViewer$2.run(StructuredViewer.java:866)
	at org.eclipse.core.runtime.SafeRunner.run(SafeRunner.java:42)
	at org.eclipse.ui.internal.JFaceUtil$1.run(JFaceUtil.java:49)
	at org.eclipse.jface.util.SafeRunnable.run(SafeRunnable.java:175)
	at org.eclipse.jface.viewers.StructuredViewer.fireOpen(StructuredViewer.java:864)
	at org.eclipse.jface.viewers.StructuredViewer.handleOpen(StructuredViewer.java:1152)
	at org.eclipse.jface.viewers.StructuredViewer$6.handleOpen(StructuredViewer.java:1256)
	at org.eclipse.jface.util.OpenStrategy.fireOpenEvent(OpenStrategy.java:275)
	at org.eclipse.jface.util.OpenStrategy.access$2(OpenStrategy.java:269)
	at org.eclipse.jface.util.OpenStrategy$1.handleEvent(OpenStrategy.java:309)
	at org.eclipse.swt.widgets.EventTable.sendEvent(EventTable.java:84)
	at org.eclipse.swt.widgets.Widget.sendEvent(Widget.java:1053)
	at org.eclipse.swt.widgets.Display.runDeferredEvents(Display.java:4165)
	at org.eclipse.swt.widgets.Display.readAndDispatch(Display.java:3754)
	at org.eclipse.ui.internal.Workbench.runEventLoop(Workbench.java:2701)
	at org.eclipse.ui.internal.Workbench.runUI(Workbench.java:2665)
	at org.eclipse.ui.internal.Workbench.access$4(Workbench.java:2499)
	at org.eclipse.ui.internal.Workbench$7.run(Workbench.java:679)
	at org.eclipse.core.databinding.observable.Realm.runWithDefault(Realm.java:332)
	at org.eclipse.ui.internal.Workbench.createAndRunWorkbench(Workbench.java:668)
	at org.eclipse.ui.PlatformUI.createAndRunWorkbench(PlatformUI.java:149)
	at org.eclipse.ui.internal.ide.application.IDEApplication.start(IDEApplication.java:123)
	at org.eclipse.equinox.internal.app.EclipseAppHandle.run(EclipseAppHandle.java:196)
	at org.eclipse.core.runtime.internal.adaptor.EclipseAppLauncher.runApplication(EclipseAppLauncher.java:110)
	at org.eclipse.core.runtime.internal.adaptor.EclipseAppLauncher.start(EclipseAppLauncher.java:79)
	at org.eclipse.core.runtime.adaptor.EclipseStarter.run(EclipseStarter.java:344)
	at org.eclipse.core.runtime.adaptor.EclipseStarter.run(EclipseStarter.java:179)
	at sun.reflect.NativeMethodAccessorImpl.invoke0(Native Method)
	at sun.reflect.NativeMethodAccessorImpl.invoke(Unknown Source)
	at sun.reflect.DelegatingMethodAccessorImpl.invoke(Unknown Source)
	at java.lang.reflect.Method.invoke(Unknown Source)
	at org.eclipse.equinox.launcher.Main.invokeFramework(Main.java:622)
	at org.eclipse.equinox.launcher.Main.basicRun(Main.java:577)
	at org.eclipse.equinox.launcher.Main.run(Main.java:1410)
	at org.eclipse.equinox.launcher.Main.main(Main.java:1386)
ERROR [2015-06-17 18:35:40,313] (BaseMultiPageEditorPart.java:run:117) - Unable to get describe object for project 'MCA Dev Org'
com.salesforce.ide.core.remote.ForceConnectionException: Unable to create connection to server 'www.salesforce.com':

Unknown host: www.salesforce.com

Please verify your proxy settings.
	at com.salesforce.ide.core.internal.utils.ForceExceptionUtils.handleConnectionException(ForceExceptionUtils.java:77)
	at com.salesforce.ide.core.remote.Connection.login(Connection.java:259)
	at com.salesforce.ide.core.remote.Connection.relogin(Connection.java:386)
	at com.salesforce.ide.core.remote.Connection$$FastClassByCGLIB$$8e61a81d.invoke(<generated>)
	at net.sf.cglib.proxy.MethodProxy.invoke(MethodProxy.java:149)
	at org.springframework.aop.framework.Cglib2AopProxy$CglibMethodInvocation.invokeJoinpoint(Cglib2AopProxy.java:700)
	at org.springframework.aop.framework.ReflectiveMethodInvocation.proceed(ReflectiveMethodInvocation.java:149)
	at org.springframework.aop.aspectj.MethodInvocationProceedingJoinPoint.proceed(MethodInvocationProceedingJoinPoint.java:77)
	at com.salesforce.ide.core.internal.aspects.LoginRetryAspect.loginRetry(LoginRetryAspect.java:24)
	at sun.reflect.NativeMethodAccessorImpl.invoke0(Native Method)
	at sun.reflect.NativeMethodAccessorImpl.invoke(Unknown Source)
	at sun.reflect.DelegatingMethodAccessorImpl.invoke(Unknown Source)
	at java.lang.reflect.Method.invoke(Unknown Source)
	at org.springframework.aop.aspectj.AbstractAspectJAdvice.invokeAdviceMethodWithGivenArgs(AbstractAspectJAdvice.java:627)
	at org.springframework.aop.aspectj.AbstractAspectJAdvice.invokeAdviceMethod(AbstractAspectJAdvice.java:616)
	at org.springframework.aop.aspectj.AspectJAroundAdvice.invoke(AspectJAroundAdvice.java:64)
	at org.springframework.aop.framework.ReflectiveMethodInvocation.proceed(ReflectiveMethodInvocation.java:171)
	at org.springframework.aop.framework.adapter.MethodBeforeAdviceInterceptor.invoke(MethodBeforeAdviceInterceptor.java:50)
	at org.springframework.aop.framework.ReflectiveMethodInvocation.proceed(ReflectiveMethodInvocation.java:171)
	at org.springframework.aop.interceptor.ExposeInvocationInterceptor.invoke(ExposeInvocationInterceptor.java:90)
	at org.springframework.aop.framework.ReflectiveMethodInvocation.proceed(ReflectiveMethodInvocation.java:171)
	at org.springframework.aop.framework.Cglib2AopProxy$DynamicAdvisedInterceptor.intercept(Cglib2AopProxy.java:635)
	at com.salesforce.ide.core.remote.Connection$$EnhancerByCGLIB$$d6dd6ef4.relogin(<generated>)
	at com.salesforce.ide.core.factories.ConnectionFactory.getConnection(ConnectionFactory.java:134)
	at com.salesforce.ide.core.factories.ConnectionFactory.getConnection(ConnectionFactory.java:149)
	at com.salesforce.ide.core.remote.registries.DescribeObjectRegistry.getCachedDescribeSObjects(DescribeObjectRegistry.java:500)
	at com.salesforce.ide.ui.internal.editor.BaseMultiPageEditorPart$1.run(BaseMultiPageEditorPart.java:105)
	at org.eclipse.core.internal.jobs.Worker.run(Worker.java:54)
Caused by: com.sforce.ws.ConnectionException: Failed to send request to https://www.salesforce.com/services/Soap/u/28.0
	at com.sforce.ws.transport.SoapConnection.send(SoapConnection.java:120)
	at com.sforce.soap.partner.wsc.PartnerConnection.login(PartnerConnection.java:1382)
	at com.salesforce.ide.core.remote.Connection.login(Connection.java:217)
	... 26 more
Caused by: java.net.UnknownHostException: www.salesforce.com
	at java.net.AbstractPlainSocketImpl.connect(Unknown Source)
	at java.net.PlainSocketImpl.connect(Unknown Source)
	at java.net.SocksSocketImpl.connect(Unknown Source)
	at java.net.Socket.connect(Unknown Source)
	at sun.security.ssl.SSLSocketImpl.connect(Unknown Source)
	at sun.net.NetworkClient.doConnect(Unknown Source)
	at sun.net.www.http.HttpClient.openServer(Unknown Source)
	at sun.net.www.http.HttpClient.openServer(Unknown Source)
	at sun.net.www.protocol.https.HttpsClient.<init>(Unknown Source)
	at sun.net.www.protocol.https.HttpsClient.New(Unknown Source)
	at sun.net.www.protocol.https.AbstractDelegateHttpsURLConnection.getNewHttpClient(Unknown Source)
	at sun.net.www.protocol.http.HttpURLConnection.plainConnect0(Unknown Source)
	at sun.net.www.protocol.http.HttpURLConnection.plainConnect(Unknown Source)
	at sun.net.www.protocol.https.AbstractDelegateHttpsURLConnection.connect(Unknown Source)
	at sun.net.www.protocol.http.HttpURLConnection.getOutputStream0(Unknown Source)
	at sun.net.www.protocol.http.HttpURLConnection.getOutputStream(Unknown Source)
	at sun.net.www.protocol.https.HttpsURLConnectionImpl.getOutputStream(Unknown Source)
	at com.sforce.ws.transport.JdkHttpTransport.connectRaw(JdkHttpTransport.java:135)
	at com.sforce.ws.transport.JdkHttpTransport.connectLocal(JdkHttpTransport.java:99)
	at com.sforce.ws.transport.JdkHttpTransport.connectLocal(JdkHttpTransport.java:94)
	at com.sforce.ws.transport.JdkHttpTransport.connect(JdkHttpTransport.java:90)
	at com.sforce.ws.transport.SoapConnection.send(SoapConnection.java:94)
	... 28 more
 WARN [2015-06-17 20:26:21,801] (ConnectionFactory.java:clearCache:212) - Clearing the following cached connections
 WARN [2015-06-17 20:26:21,862] (DescribeObjectRegistry.java:clearCache:654) - No cached describes
 WARN [2015-06-17 20:26:21,878] (MetadataFactory.java:clearCache:123) - Clearing the following cached metadata stubs
 WARN [2015-06-22 20:24:02,668] (ConnectionFactory.java:clearCache:212) - Clearing the following cached connections
 WARN [2015-06-22 20:24:03,924] (DescribeObjectRegistry.java:clearCache:657) - Clearing cached describes
 WARN [2015-06-22 20:24:03,930] (MetadataFactory.java:clearCache:123) - Clearing the following cached metadata stubs
 WARN [2015-06-23 19:51:54,971] (BaseComponentMultiPageEditorPart.java:setInput:143) - Unable to open Apex Editor for file 'SubmissionWizardController.cls'
com.salesforce.ide.core.factories.FactoryException: org.eclipse.core.internal.resources.ResourceException: Resource is out of sync with the file system: '/MCA Demo org/src/classes/SubmissionWizardController.cls'.
	at com.salesforce.ide.core.factories.ComponentFactory.getComponentFromFile(ComponentFactory.java:882)
	at com.salesforce.ide.ui.editors.internal.BaseComponentMultiPageEditorPart.setInput(BaseComponentMultiPageEditorPart.java:115)
	at org.eclipse.ui.part.MultiPageEditorPart.init(MultiPageEditorPart.java:777)
	at com.salesforce.ide.ui.editors.internal.BaseComponentMultiPageEditorPart.init(BaseComponentMultiPageEditorPart.java:102)
	at com.salesforce.ide.ui.editors.apex.ApexCodeMultiPageEditor.init(ApexCodeMultiPageEditor.java:55)
	at org.eclipse.ui.internal.EditorManager.createSite(EditorManager.java:828)
	at org.eclipse.ui.internal.EditorReference.createPartHelper(EditorReference.java:647)
	at org.eclipse.ui.internal.EditorReference.createPart(EditorReference.java:465)
	at org.eclipse.ui.internal.WorkbenchPartReference.getPart(WorkbenchPartReference.java:595)
	at org.eclipse.ui.internal.PartPane.setVisible(PartPane.java:313)
	at org.eclipse.ui.internal.presentations.PresentablePart.setVisible(PresentablePart.java:180)
	at org.eclipse.ui.internal.presentations.util.PresentablePartFolder.select(PresentablePartFolder.java:270)
	at org.eclipse.ui.internal.presentations.util.LeftToRightTabOrder.select(LeftToRightTabOrder.java:65)
	at org.eclipse.ui.internal.presentations.util.TabbedStackPresentation.selectPart(TabbedStackPresentation.java:473)
	at org.eclipse.ui.internal.PartStack.refreshPresentationSelection(PartStack.java:1245)
	at org.eclipse.ui.internal.PartStack.setSelection(PartStack.java:1198)
	at org.eclipse.ui.internal.PartStack.showPart(PartStack.java:1597)
	at org.eclipse.ui.internal.PartStack.add(PartStack.java:493)
	at org.eclipse.ui.internal.EditorStack.add(EditorStack.java:103)
	at org.eclipse.ui.internal.PartStack.add(PartStack.java:479)
	at org.eclipse.ui.internal.EditorStack.add(EditorStack.java:112)
	at org.eclipse.ui.internal.EditorSashContainer.addEditor(EditorSashContainer.java:63)
	at org.eclipse.ui.internal.EditorAreaHelper.addToLayout(EditorAreaHelper.java:225)
	at org.eclipse.ui.internal.EditorAreaHelper.addEditor(EditorAreaHelper.java:213)
	at org.eclipse.ui.internal.EditorManager.createEditorTab(EditorManager.java:808)
	at org.eclipse.ui.internal.EditorManager.openEditorFromDescriptor(EditorManager.java:707)
	at org.eclipse.ui.internal.EditorManager.openEditor(EditorManager.java:666)
	at org.eclipse.ui.internal.WorkbenchPage.busyOpenEditorBatched(WorkbenchPage.java:2942)
	at org.eclipse.ui.internal.WorkbenchPage.busyOpenEditor(WorkbenchPage.java:2850)
	at org.eclipse.ui.internal.WorkbenchPage.access$11(WorkbenchPage.java:2842)
	at org.eclipse.ui.internal.WorkbenchPage$10.run(WorkbenchPage.java:2793)
	at org.eclipse.swt.custom.BusyIndicator.showWhile(BusyIndicator.java:70)
	at org.eclipse.ui.internal.WorkbenchPage.openEditor(WorkbenchPage.java:2789)
	at org.eclipse.ui.internal.WorkbenchPage.openEditor(WorkbenchPage.java:2773)
	at org.eclipse.ui.internal.WorkbenchPage.openEditor(WorkbenchPage.java:2764)
	at org.eclipse.ui.ide.IDE.openEditor(IDE.java:651)
	at org.eclipse.ui.ide.IDE.openEditor(IDE.java:610)
	at org.eclipse.jdt.internal.ui.javaeditor.EditorUtility.openInEditor(EditorUtility.java:355)
	at org.eclipse.jdt.internal.ui.javaeditor.EditorUtility.openInEditor(EditorUtility.java:164)
	at org.eclipse.jdt.ui.actions.OpenAction.run(OpenAction.java:249)
	at org.eclipse.jdt.ui.actions.OpenAction.run(OpenAction.java:228)
	at org.eclipse.jdt.ui.actions.SelectionDispatchAction.dispatchRun(SelectionDispatchAction.java:275)
	at org.eclipse.jdt.ui.actions.SelectionDispatchAction.run(SelectionDispatchAction.java:251)
	at org.eclipse.jdt.internal.ui.packageview.PackageExplorerActionGroup.handleOpen(PackageExplorerActionGroup.java:376)
	at org.eclipse.jdt.internal.ui.packageview.PackageExplorerPart$4.open(PackageExplorerPart.java:538)
	at org.eclipse.ui.OpenAndLinkWithEditorHelper$InternalListener.open(OpenAndLinkWithEditorHelper.java:48)
	at org.eclipse.jface.viewers.StructuredViewer$2.run(StructuredViewer.java:866)
	at org.eclipse.core.runtime.SafeRunner.run(SafeRunner.java:42)
	at org.eclipse.ui.internal.JFaceUtil$1.run(JFaceUtil.java:49)
	at org.eclipse.jface.util.SafeRunnable.run(SafeRunnable.java:175)
	at org.eclipse.jface.viewers.StructuredViewer.fireOpen(StructuredViewer.java:864)
	at org.eclipse.jface.viewers.StructuredViewer.handleOpen(StructuredViewer.java:1152)
	at org.eclipse.jface.viewers.StructuredViewer$6.handleOpen(StructuredViewer.java:1256)
	at org.eclipse.jface.util.OpenStrategy.fireOpenEvent(OpenStrategy.java:275)
	at org.eclipse.jface.util.OpenStrategy.access$2(OpenStrategy.java:269)
	at org.eclipse.jface.util.OpenStrategy$1.handleEvent(OpenStrategy.java:309)
	at org.eclipse.swt.widgets.EventTable.sendEvent(EventTable.java:84)
	at org.eclipse.swt.widgets.Widget.sendEvent(Widget.java:1053)
	at org.eclipse.swt.widgets.Display.runDeferredEvents(Display.java:4165)
	at org.eclipse.swt.widgets.Display.readAndDispatch(Display.java:3754)
	at org.eclipse.ui.internal.Workbench.runEventLoop(Workbench.java:2701)
	at org.eclipse.ui.internal.Workbench.runUI(Workbench.java:2665)
	at org.eclipse.ui.internal.Workbench.access$4(Workbench.java:2499)
	at org.eclipse.ui.internal.Workbench$7.run(Workbench.java:679)
	at org.eclipse.core.databinding.observable.Realm.runWithDefault(Realm.java:332)
	at org.eclipse.ui.internal.Workbench.createAndRunWorkbench(Workbench.java:668)
	at org.eclipse.ui.PlatformUI.createAndRunWorkbench(PlatformUI.java:149)
	at org.eclipse.ui.internal.ide.application.IDEApplication.start(IDEApplication.java:123)
	at org.eclipse.equinox.internal.app.EclipseAppHandle.run(EclipseAppHandle.java:196)
	at org.eclipse.core.runtime.internal.adaptor.EclipseAppLauncher.runApplication(EclipseAppLauncher.java:110)
	at org.eclipse.core.runtime.internal.adaptor.EclipseAppLauncher.start(EclipseAppLauncher.java:79)
	at org.eclipse.core.runtime.adaptor.EclipseStarter.run(EclipseStarter.java:344)
	at org.eclipse.core.runtime.adaptor.EclipseStarter.run(EclipseStarter.java:179)
	at sun.reflect.NativeMethodAccessorImpl.invoke0(Native Method)
	at sun.reflect.NativeMethodAccessorImpl.invoke(Unknown Source)
	at sun.reflect.DelegatingMethodAccessorImpl.invoke(Unknown Source)
	at java.lang.reflect.Method.invoke(Unknown Source)
	at org.eclipse.equinox.launcher.Main.invokeFramework(Main.java:622)
	at org.eclipse.equinox.launcher.Main.basicRun(Main.java:577)
	at org.eclipse.equinox.launcher.Main.run(Main.java:1410)
	at org.eclipse.equinox.launcher.Main.main(Main.java:1386)
Caused by: org.eclipse.core.internal.resources.ResourceException: Resource is out of sync with the file system: '/MCA Demo org/src/classes/SubmissionWizardController.cls'.
	at org.eclipse.core.internal.localstore.FileSystemResourceManager.read(FileSystemResourceManager.java:793)
	at org.eclipse.core.internal.resources.File.getContents(File.java:289)
	at org.eclipse.core.internal.resources.File.getContents(File.java:278)
	at com.salesforce.ide.core.internal.utils.Utils.getContentString(Utils.java:933)
	at com.salesforce.ide.core.model.ComponentResource.getContentString(ComponentResource.java:522)
	at com.salesforce.ide.core.model.ComponentResource.loadBodyFromFile(ComponentResource.java:486)
	at com.salesforce.ide.core.model.ComponentResource.loadFromFile(ComponentResource.java:469)
	at com.salesforce.ide.core.factories.ComponentFactory.getComponentFromFile(ComponentFactory.java:880)
	... 80 more
 WARN [2015-06-23 19:52:03,016] (BaseRetryAspect.java:isLoginExceptionRetryable:95) - Login evaluation deemed exception not retry-able:
 LoginFault: Invalid username, password, security token; or user locked out.
 WARN [2015-06-23 19:52:03,024] (BaseRetryAspect.java:isConnectionExceptionRetryable:131) - Connection evaluation deemed exception not retry-able:
 LoginFault: Invalid username, password, security token; or user locked out.
 WARN [2015-06-23 19:52:03,028] (BaseMultiPageEditorPart.java:run:108) - Unable to get describe object for project 'MCA Demo org':Invalid username, password, security token; or user locked out.
 WARN [2015-06-23 19:52:03,090] (BaseRetryAspect.java:isLoginExceptionRetryable:95) - Login evaluation deemed exception not retry-able:
 LoginFault: Invalid username, password, security token; or user locked out.
 WARN [2015-06-23 19:52:03,097] (BaseRetryAspect.java:isConnectionExceptionRetryable:131) - Connection evaluation deemed exception not retry-able:
 LoginFault: Invalid username, password, security token; or user locked out.
 WARN [2015-06-23 19:52:03,108] (ApexCodeScanner.java:generateKeywordRule:139) - Unable to get describe object for type project 'MCA Demo org'
[LoginFault [ApiFault  exceptionCode='INVALID_LOGIN'
 exceptionMessage='Invalid username, password, security token; or user locked out.'
 upgradeURL='null'
 upgradeMessage='null'
]
]

	at sun.reflect.NativeConstructorAccessorImpl.newInstance0(Native Method)
	at sun.reflect.NativeConstructorAccessorImpl.newInstance(Unknown Source)
	at sun.reflect.DelegatingConstructorAccessorImpl.newInstance(Unknown Source)
	at java.lang.reflect.Constructor.newInstance(Unknown Source)
	at java.lang.Class.newInstance(Unknown Source)
	at com.sforce.ws.bind.TypeMapper.readSingle(TypeMapper.java:627)
	at com.sforce.ws.bind.TypeMapper.readObject(TypeMapper.java:504)
	at com.sforce.ws.transport.SoapConnection.parseDetail(SoapConnection.java:229)
	at com.sforce.ws.transport.SoapConnection.createException(SoapConnection.java:203)
	at com.sforce.ws.transport.SoapConnection.receive(SoapConnection.java:149)
	at com.sforce.ws.transport.SoapConnection.send(SoapConnection.java:98)
	at com.sforce.soap.partner.wsc.PartnerConnection.login(PartnerConnection.java:1382)
	at com.salesforce.ide.core.remote.Connection.login(Connection.java:217)
	at com.salesforce.ide.core.remote.Connection$$FastClassByCGLIB$$8e61a81d.invoke(<generated>)
	at net.sf.cglib.proxy.MethodProxy.invoke(MethodProxy.java:149)
	at org.springframework.aop.framework.Cglib2AopProxy$CglibMethodInvocation.invokeJoinpoint(Cglib2AopProxy.java:700)
	at org.springframework.aop.framework.ReflectiveMethodInvocation.proceed(ReflectiveMethodInvocation.java:149)
	at org.springframework.aop.aspectj.MethodInvocationProceedingJoinPoint.proceed(MethodInvocationProceedingJoinPoint.java:77)
	at com.salesforce.ide.core.internal.aspects.LoginRetryAspect.loginRetry(LoginRetryAspect.java:24)
	at sun.reflect.NativeMethodAccessorImpl.invoke0(Native Method)
	at sun.reflect.NativeMethodAccessorImpl.invoke(Unknown Source)
	at sun.reflect.DelegatingMethodAccessorImpl.invoke(Unknown Source)
	at java.lang.reflect.Method.invoke(Unknown Source)
	at org.springframework.aop.aspectj.AbstractAspectJAdvice.invokeAdviceMethodWithGivenArgs(AbstractAspectJAdvice.java:627)
	at org.springframework.aop.aspectj.AbstractAspectJAdvice.invokeAdviceMethod(AbstractAspectJAdvice.java:616)
	at org.springframework.aop.aspectj.AspectJAroundAdvice.invoke(AspectJAroundAdvice.java:64)
	at org.springframework.aop.framework.ReflectiveMethodInvocation.proceed(ReflectiveMethodInvocation.java:171)
	at org.springframework.aop.framework.adapter.MethodBeforeAdviceInterceptor.invoke(MethodBeforeAdviceInterceptor.java:50)
	at org.springframework.aop.framework.ReflectiveMethodInvocation.proceed(ReflectiveMethodInvocation.java:171)
	at org.springframework.aop.interceptor.ExposeInvocationInterceptor.invoke(ExposeInvocationInterceptor.java:90)
	at org.springframework.aop.framework.ReflectiveMethodInvocation.proceed(ReflectiveMethodInvocation.java:171)
	at org.springframework.aop.framework.Cglib2AopProxy$DynamicAdvisedInterceptor.intercept(Cglib2AopProxy.java:635)
	at com.salesforce.ide.core.remote.Connection$$EnhancerByCGLIB$$42f6a924.login(<generated>)
	at com.salesforce.ide.core.factories.ConnectionFactory.getNewConnection(ConnectionFactory.java:73)
	at com.salesforce.ide.core.factories.ConnectionFactory.storeConnection(ConnectionFactory.java:159)
	at com.salesforce.ide.core.factories.ConnectionFactory.getConnection(ConnectionFactory.java:126)
	at com.salesforce.ide.core.factories.ConnectionFactory.getConnection(ConnectionFactory.java:149)
	at com.salesforce.ide.core.remote.registries.DescribeObjectRegistry.getCachedDescribeSObjects(DescribeObjectRegistry.java:500)
	at com.salesforce.ide.ui.editors.apex.assistance.ApexCodeScanner.generateKeywordRule(ApexCodeScanner.java:127)
	at com.salesforce.ide.ui.editors.apex.assistance.ApexCodeScanner.init(ApexCodeScanner.java:99)
	at com.salesforce.ide.ui.editors.apex.ApexSourceViewerConfiguration.init(ApexSourceViewerConfiguration.java:101)
	at com.salesforce.ide.ui.editors.apex.ApexCodeEditor.initializeEditor(ApexCodeEditor.java:315)
	at com.salesforce.ide.ui.editors.apex.ApexCodeEditor.<init>(ApexCodeEditor.java:83)
	at com.salesforce.ide.ui.editors.apex.AstEditor.<init>(AstEditor.java:12)
	at com.salesforce.ide.ui.editors.apex.ApexCodeMultiPageEditor.createSourcePage(ApexCodeMultiPageEditor.java:105)
	at com.salesforce.ide.ui.editors.apex.ApexCodeMultiPageEditor.preparePages(ApexCodeMultiPageEditor.java:72)
	at com.salesforce.ide.ui.editors.apex.ApexCodeMultiPageEditor.createPages(ApexCodeMultiPageEditor.java:64)
	at org.eclipse.ui.part.MultiPageEditorPart.createPartControl(MultiPageEditorPart.java:348)
	at org.eclipse.ui.internal.EditorReference.createPartHelper(EditorReference.java:670)
	at org.eclipse.ui.internal.EditorReference.createPart(EditorReference.java:465)
	at org.eclipse.ui.internal.WorkbenchPartReference.getPart(WorkbenchPartReference.java:595)
	at org.eclipse.ui.internal.PartPane.setVisible(PartPane.java:313)
	at org.eclipse.ui.internal.presentations.PresentablePart.setVisible(PresentablePart.java:180)
	at org.eclipse.ui.internal.presentations.util.PresentablePartFolder.select(PresentablePartFolder.java:270)
	at org.eclipse.ui.internal.presentations.util.LeftToRightTabOrder.select(LeftToRightTabOrder.java:65)
	at org.eclipse.ui.internal.presentations.util.TabbedStackPresentation.selectPart(TabbedStackPresentation.java:473)
	at org.eclipse.ui.internal.PartStack.refreshPresentationSelection(PartStack.java:1245)
	at org.eclipse.ui.internal.PartStack.setSelection(PartStack.java:1198)
	at org.eclipse.ui.internal.PartStack.showPart(PartStack.java:1597)
	at org.eclipse.ui.internal.PartStack.add(PartStack.java:493)
	at org.eclipse.ui.internal.EditorStack.add(EditorStack.java:103)
	at org.eclipse.ui.internal.PartStack.add(PartStack.java:479)
	at org.eclipse.ui.internal.EditorStack.add(EditorStack.java:112)
	at org.eclipse.ui.internal.EditorSashContainer.addEditor(EditorSashContainer.java:63)
	at org.eclipse.ui.internal.EditorAreaHelper.addToLayout(EditorAreaHelper.java:225)
	at org.eclipse.ui.internal.EditorAreaHelper.addEditor(EditorAreaHelper.java:213)
	at org.eclipse.ui.internal.EditorManager.createEditorTab(EditorManager.java:808)
	at org.eclipse.ui.internal.EditorManager.openEditorFromDescriptor(EditorManager.java:707)
	at org.eclipse.ui.internal.EditorManager.openEditor(EditorManager.java:666)
	at org.eclipse.ui.internal.WorkbenchPage.busyOpenEditorBatched(WorkbenchPage.java:2942)
	at org.eclipse.ui.internal.WorkbenchPage.busyOpenEditor(WorkbenchPage.java:2850)
	at org.eclipse.ui.internal.WorkbenchPage.access$11(WorkbenchPage.java:2842)
	at org.eclipse.ui.internal.WorkbenchPage$10.run(WorkbenchPage.java:2793)
	at org.eclipse.swt.custom.BusyIndicator.showWhile(BusyIndicator.java:70)
	at org.eclipse.ui.internal.WorkbenchPage.openEditor(WorkbenchPage.java:2789)
	at org.eclipse.ui.internal.WorkbenchPage.openEditor(WorkbenchPage.java:2773)
	at org.eclipse.ui.internal.WorkbenchPage.openEditor(WorkbenchPage.java:2764)
	at org.eclipse.ui.ide.IDE.openEditor(IDE.java:651)
	at org.eclipse.ui.ide.IDE.openEditor(IDE.java:610)
	at org.eclipse.jdt.internal.ui.javaeditor.EditorUtility.openInEditor(EditorUtility.java:355)
	at org.eclipse.jdt.internal.ui.javaeditor.EditorUtility.openInEditor(EditorUtility.java:164)
	at org.eclipse.jdt.ui.actions.OpenAction.run(OpenAction.java:249)
	at org.eclipse.jdt.ui.actions.OpenAction.run(OpenAction.java:228)
	at org.eclipse.jdt.ui.actions.SelectionDispatchAction.dispatchRun(SelectionDispatchAction.java:275)
	at org.eclipse.jdt.ui.actions.SelectionDispatchAction.run(SelectionDispatchAction.java:251)
	at org.eclipse.jdt.internal.ui.packageview.PackageExplorerActionGroup.handleOpen(PackageExplorerActionGroup.java:376)
	at org.eclipse.jdt.internal.ui.packageview.PackageExplorerPart$4.open(PackageExplorerPart.java:538)
	at org.eclipse.ui.OpenAndLinkWithEditorHelper$InternalListener.open(OpenAndLinkWithEditorHelper.java:48)
	at org.eclipse.jface.viewers.StructuredViewer$2.run(StructuredViewer.java:866)
	at org.eclipse.core.runtime.SafeRunner.run(SafeRunner.java:42)
	at org.eclipse.ui.internal.JFaceUtil$1.run(JFaceUtil.java:49)
	at org.eclipse.jface.util.SafeRunnable.run(SafeRunnable.java:175)
	at org.eclipse.jface.viewers.StructuredViewer.fireOpen(StructuredViewer.java:864)
	at org.eclipse.jface.viewers.StructuredViewer.handleOpen(StructuredViewer.java:1152)
	at org.eclipse.jface.viewers.StructuredViewer$6.handleOpen(StructuredViewer.java:1256)
	at org.eclipse.jface.util.OpenStrategy.fireOpenEvent(OpenStrategy.java:275)
	at org.eclipse.jface.util.OpenStrategy.access$2(OpenStrategy.java:269)
	at org.eclipse.jface.util.OpenStrategy$1.handleEvent(OpenStrategy.java:309)
	at org.eclipse.swt.widgets.EventTable.sendEvent(EventTable.java:84)
	at org.eclipse.swt.widgets.Widget.sendEvent(Widget.java:1053)
	at org.eclipse.swt.widgets.Display.runDeferredEvents(Display.java:4165)
	at org.eclipse.swt.widgets.Display.readAndDispatch(Display.java:3754)
	at org.eclipse.ui.internal.Workbench.runEventLoop(Workbench.java:2701)
	at org.eclipse.ui.internal.Workbench.runUI(Workbench.java:2665)
	at org.eclipse.ui.internal.Workbench.access$4(Workbench.java:2499)
	at org.eclipse.ui.internal.Workbench$7.run(Workbench.java:679)
	at org.eclipse.core.databinding.observable.Realm.runWithDefault(Realm.java:332)
	at org.eclipse.ui.internal.Workbench.createAndRunWorkbench(Workbench.java:668)
	at org.eclipse.ui.PlatformUI.createAndRunWorkbench(PlatformUI.java:149)
	at org.eclipse.ui.internal.ide.application.IDEApplication.start(IDEApplication.java:123)
	at org.eclipse.equinox.internal.app.EclipseAppHandle.run(EclipseAppHandle.java:196)
	at org.eclipse.core.runtime.internal.adaptor.EclipseAppLauncher.runApplication(EclipseAppLauncher.java:110)
	at org.eclipse.core.runtime.internal.adaptor.EclipseAppLauncher.start(EclipseAppLauncher.java:79)
	at org.eclipse.core.runtime.adaptor.EclipseStarter.run(EclipseStarter.java:344)
	at org.eclipse.core.runtime.adaptor.EclipseStarter.run(EclipseStarter.java:179)
	at sun.reflect.NativeMethodAccessorImpl.invoke0(Native Method)
	at sun.reflect.NativeMethodAccessorImpl.invoke(Unknown Source)
	at sun.reflect.DelegatingMethodAccessorImpl.invoke(Unknown Source)
	at java.lang.reflect.Method.invoke(Unknown Source)
	at org.eclipse.equinox.launcher.Main.invokeFramework(Main.java:622)
	at org.eclipse.equinox.launcher.Main.basicRun(Main.java:577)
	at org.eclipse.equinox.launcher.Main.run(Main.java:1410)
	at org.eclipse.equinox.launcher.Main.main(Main.java:1386)
ERROR [2015-06-23 19:52:21,932] (PackageManifestFactory.java:getPackageManifest:114) - Unable to create package manifest
java.lang.ClassCastException: com.salesforce.ide.api.metadata.types.Metadata$JaxbAccessorF_fullName cannot be cast to com.sun.xml.internal.bind.v2.runtime.reflect.Accessor
	at com.sun.xml.internal.bind.v2.runtime.reflect.opt.OptimizedAccessorFactory.instanciate(Unknown Source)
	at com.sun.xml.internal.bind.v2.runtime.reflect.opt.OptimizedAccessorFactory.get(Unknown Source)
	at com.sun.xml.internal.bind.v2.runtime.reflect.Accessor$FieldReflection.optimize(Unknown Source)
	at com.sun.xml.internal.bind.v2.runtime.property.SingleElementLeafProperty.<init>(Unknown Source)
	at sun.reflect.NativeConstructorAccessorImpl.newInstance0(Native Method)
	at sun.reflect.NativeConstructorAccessorImpl.newInstance(Unknown Source)
	at sun.reflect.DelegatingConstructorAccessorImpl.newInstance(Unknown Source)
	at java.lang.reflect.Constructor.newInstance(Unknown Source)
	at com.sun.xml.internal.bind.v2.runtime.property.PropertyFactory.create(Unknown Source)
	at com.sun.xml.internal.bind.v2.runtime.ClassBeanInfoImpl.<init>(Unknown Source)
	at com.sun.xml.internal.bind.v2.runtime.JAXBContextImpl.getOrCreate(Unknown Source)
	at com.sun.xml.internal.bind.v2.runtime.ClassBeanInfoImpl.<init>(Unknown Source)
	at com.sun.xml.internal.bind.v2.runtime.JAXBContextImpl.getOrCreate(Unknown Source)
	at com.sun.xml.internal.bind.v2.runtime.ClassBeanInfoImpl.<init>(Unknown Source)
	at com.sun.xml.internal.bind.v2.runtime.JAXBContextImpl.getOrCreate(Unknown Source)
	at com.sun.xml.internal.bind.v2.runtime.JAXBContextImpl.<init>(Unknown Source)
	at com.sun.xml.internal.bind.v2.runtime.JAXBContextImpl.<init>(Unknown Source)
	at com.sun.xml.internal.bind.v2.runtime.JAXBContextImpl$JAXBContextBuilder.build(Unknown Source)
	at com.sun.xml.internal.bind.v2.ContextFactory.createContext(Unknown Source)
	at sun.reflect.NativeMethodAccessorImpl.invoke0(Native Method)
	at sun.reflect.NativeMethodAccessorImpl.invoke(Unknown Source)
	at sun.reflect.DelegatingMethodAccessorImpl.invoke(Unknown Source)
	at java.lang.reflect.Method.invoke(Unknown Source)
	at javax.xml.bind.ContextFinder.newInstance(Unknown Source)
	at javax.xml.bind.ContextFinder.newInstance(Unknown Source)
	at javax.xml.bind.ContextFinder.find(Unknown Source)
	at javax.xml.bind.JAXBContext.newInstance(Unknown Source)
	at javax.xml.bind.JAXBContext.newInstance(Unknown Source)
	at com.salesforce.ide.core.factories.PackageManifestFactory.parsePackageManifest(PackageManifestFactory.java:957)
	at com.salesforce.ide.core.factories.PackageManifestFactory.getPackageManifest(PackageManifestFactory.java:112)
	at com.salesforce.ide.core.factories.PackageManifestFactory.getPackageManifest(PackageManifestFactory.java:142)
	at com.salesforce.ide.core.factories.PackageManifestFactory.getDefaultPackageManifest(PackageManifestFactory.java:89)
	at com.salesforce.ide.core.services.PackageRetrieveService.retrievePackage(PackageRetrieveService.java:308)
	at com.salesforce.ide.core.project.ProjectController.fetchComponents(ProjectController.java:621)
	at com.salesforce.ide.ui.wizards.project.ProjectCreateOperation.fetchComponents(ProjectCreateOperation.java:180)
	at com.salesforce.ide.ui.wizards.project.ProjectCreateOperation.fetchComponents(ProjectCreateOperation.java:171)
	at com.salesforce.ide.ui.properties.ProjectUpdateOperation.execute(ProjectUpdateOperation.java:123)
	at org.eclipse.ui.actions.WorkspaceModifyOperation$1.run(WorkspaceModifyOperation.java:106)
	at org.eclipse.core.internal.resources.Workspace.run(Workspace.java:2344)
	at org.eclipse.ui.actions.WorkspaceModifyOperation.run(WorkspaceModifyOperation.java:118)
	at org.eclipse.jface.operation.ModalContext.runInCurrentThread(ModalContext.java:464)
	at org.eclipse.jface.operation.ModalContext.run(ModalContext.java:372)
	at org.eclipse.jface.dialogs.ProgressMonitorDialog.run(ProgressMonitorDialog.java:507)
	at com.salesforce.ide.ui.properties.ProjectUpdateOperation.update(ProjectUpdateOperation.java:59)
	at com.salesforce.ide.ui.properties.ProjectPropertyPage.updateProject(ProjectPropertyPage.java:146)
	at com.salesforce.ide.ui.properties.ProjectPropertyPage.performApply(ProjectPropertyPage.java:120)
	at org.eclipse.jface.preference.PreferencePage$2.widgetSelected(PreferencePage.java:281)
	at org.eclipse.swt.widgets.TypedListener.handleEvent(TypedListener.java:240)
	at org.eclipse.swt.widgets.EventTable.sendEvent(EventTable.java:84)
	at org.eclipse.swt.widgets.Widget.sendEvent(Widget.java:1053)
	at org.eclipse.swt.widgets.Display.runDeferredEvents(Display.java:4165)
	at org.eclipse.swt.widgets.Display.readAndDispatch(Display.java:3754)
	at org.eclipse.jface.window.Window.runEventLoop(Window.java:825)
	at org.eclipse.jface.window.Window.open(Window.java:801)
	at com.salesforce.ide.ui.actions.OpenProjectPropertiesAction.execute(OpenProjectPropertiesAction.java:29)
	at com.salesforce.ide.ui.actions.BaseAction.run(BaseAction.java:197)
	at org.eclipse.ui.internal.PluginAction.runWithEvent(PluginAction.java:251)
	at org.eclipse.jface.action.ActionContributionItem.handleWidgetSelection(ActionContributionItem.java:584)
	at org.eclipse.jface.action.ActionContributionItem.access$2(ActionContributionItem.java:501)
	at org.eclipse.jface.action.ActionContributionItem$5.handleEvent(ActionContributionItem.java:411)
	at org.eclipse.swt.widgets.EventTable.sendEvent(EventTable.java:84)
	at org.eclipse.swt.widgets.Widget.sendEvent(Widget.java:1053)
	at org.eclipse.swt.widgets.Display.runDeferredEvents(Display.java:4165)
	at org.eclipse.swt.widgets.Display.readAndDispatch(Display.java:3754)
	at org.eclipse.ui.internal.Workbench.runEventLoop(Workbench.java:2701)
	at org.eclipse.ui.internal.Workbench.runUI(Workbench.java:2665)
	at org.eclipse.ui.internal.Workbench.access$4(Workbench.java:2499)
	at org.eclipse.ui.internal.Workbench$7.run(Workbench.java:679)
	at org.eclipse.core.databinding.observable.Realm.runWithDefault(Realm.java:332)
	at org.eclipse.ui.internal.Workbench.createAndRunWorkbench(Workbench.java:668)
	at org.eclipse.ui.PlatformUI.createAndRunWorkbench(PlatformUI.java:149)
	at org.eclipse.ui.internal.ide.application.IDEApplication.start(IDEApplication.java:123)
	at org.eclipse.equinox.internal.app.EclipseAppHandle.run(EclipseAppHandle.java:196)
	at org.eclipse.core.runtime.internal.adaptor.EclipseAppLauncher.runApplication(EclipseAppLauncher.java:110)
	at org.eclipse.core.runtime.internal.adaptor.EclipseAppLauncher.start(EclipseAppLauncher.java:79)
	at org.eclipse.core.runtime.adaptor.EclipseStarter.run(EclipseStarter.java:344)
	at org.eclipse.core.runtime.adaptor.EclipseStarter.run(EclipseStarter.java:179)
	at sun.reflect.NativeMethodAccessorImpl.invoke0(Native Method)
	at sun.reflect.NativeMethodAccessorImpl.invoke(Unknown Source)
	at sun.reflect.DelegatingMethodAccessorImpl.invoke(Unknown Source)
	at java.lang.reflect.Method.invoke(Unknown Source)
	at org.eclipse.equinox.launcher.Main.invokeFramework(Main.java:622)
	at org.eclipse.equinox.launcher.Main.basicRun(Main.java:577)
	at org.eclipse.equinox.launcher.Main.run(Main.java:1410)
	at org.eclipse.equinox.launcher.Main.main(Main.java:1386)
 WARN [2015-06-23 19:52:34,678] (BaseComponentMultiPageEditorPart.java:setInput:143) - Unable to open Apex Editor for file 'SubmissionWizardController.cls'
com.salesforce.ide.core.factories.FactoryException: org.eclipse.core.internal.resources.ResourceException: Resource is out of sync with the file system: '/MCA Demo org/src/classes/SubmissionWizardController.cls'.
	at com.salesforce.ide.core.factories.ComponentFactory.getComponentFromFile(ComponentFactory.java:882)
	at com.salesforce.ide.ui.editors.internal.BaseComponentMultiPageEditorPart.setInput(BaseComponentMultiPageEditorPart.java:115)
	at org.eclipse.ui.part.MultiPageEditorPart.init(MultiPageEditorPart.java:777)
	at com.salesforce.ide.ui.editors.internal.BaseComponentMultiPageEditorPart.init(BaseComponentMultiPageEditorPart.java:102)
	at com.salesforce.ide.ui.editors.apex.ApexCodeMultiPageEditor.init(ApexCodeMultiPageEditor.java:55)
	at org.eclipse.ui.internal.EditorManager.createSite(EditorManager.java:828)
	at org.eclipse.ui.internal.EditorReference.createPartHelper(EditorReference.java:647)
	at org.eclipse.ui.internal.EditorReference.createPart(EditorReference.java:465)
	at org.eclipse.ui.internal.WorkbenchPartReference.getPart(WorkbenchPartReference.java:595)
	at org.eclipse.ui.internal.PartPane.setVisible(PartPane.java:313)
	at org.eclipse.ui.internal.presentations.PresentablePart.setVisible(PresentablePart.java:180)
	at org.eclipse.ui.internal.presentations.util.PresentablePartFolder.select(PresentablePartFolder.java:270)
	at org.eclipse.ui.internal.presentations.util.LeftToRightTabOrder.select(LeftToRightTabOrder.java:65)
	at org.eclipse.ui.internal.presentations.util.TabbedStackPresentation.selectPart(TabbedStackPresentation.java:473)
	at org.eclipse.ui.internal.PartStack.refreshPresentationSelection(PartStack.java:1245)
	at org.eclipse.ui.internal.PartStack.setSelection(PartStack.java:1198)
	at org.eclipse.ui.internal.PartStack.showPart(PartStack.java:1597)
	at org.eclipse.ui.internal.PartStack.add(PartStack.java:493)
	at org.eclipse.ui.internal.EditorStack.add(EditorStack.java:103)
	at org.eclipse.ui.internal.PartStack.add(PartStack.java:479)
	at org.eclipse.ui.internal.EditorStack.add(EditorStack.java:112)
	at org.eclipse.ui.internal.EditorSashContainer.addEditor(EditorSashContainer.java:63)
	at org.eclipse.ui.internal.EditorAreaHelper.addToLayout(EditorAreaHelper.java:225)
	at org.eclipse.ui.internal.EditorAreaHelper.addEditor(EditorAreaHelper.java:213)
	at org.eclipse.ui.internal.EditorManager.createEditorTab(EditorManager.java:808)
	at org.eclipse.ui.internal.EditorManager.openEditorFromDescriptor(EditorManager.java:707)
	at org.eclipse.ui.internal.EditorManager.openEditor(EditorManager.java:666)
	at org.eclipse.ui.internal.WorkbenchPage.busyOpenEditorBatched(WorkbenchPage.java:2942)
	at org.eclipse.ui.internal.WorkbenchPage.busyOpenEditor(WorkbenchPage.java:2850)
	at org.eclipse.ui.internal.WorkbenchPage.access$11(WorkbenchPage.java:2842)
	at org.eclipse.ui.internal.WorkbenchPage$10.run(WorkbenchPage.java:2793)
	at org.eclipse.swt.custom.BusyIndicator.showWhile(BusyIndicator.java:70)
	at org.eclipse.ui.internal.WorkbenchPage.openEditor(WorkbenchPage.java:2789)
	at org.eclipse.ui.internal.WorkbenchPage.openEditor(WorkbenchPage.java:2773)
	at org.eclipse.ui.internal.WorkbenchPage.openEditor(WorkbenchPage.java:2764)
	at org.eclipse.ui.ide.IDE.openEditor(IDE.java:651)
	at org.eclipse.ui.ide.IDE.openEditor(IDE.java:610)
	at org.eclipse.jdt.internal.ui.javaeditor.EditorUtility.openInEditor(EditorUtility.java:355)
	at org.eclipse.jdt.internal.ui.javaeditor.EditorUtility.openInEditor(EditorUtility.java:164)
	at org.eclipse.jdt.ui.actions.OpenAction.run(OpenAction.java:249)
	at org.eclipse.jdt.ui.actions.OpenAction.run(OpenAction.java:228)
	at org.eclipse.jdt.ui.actions.SelectionDispatchAction.dispatchRun(SelectionDispatchAction.java:275)
	at org.eclipse.jdt.ui.actions.SelectionDispatchAction.run(SelectionDispatchAction.java:251)
	at org.eclipse.jdt.internal.ui.packageview.PackageExplorerActionGroup.handleOpen(PackageExplorerActionGroup.java:376)
	at org.eclipse.jdt.internal.ui.packageview.PackageExplorerPart$4.open(PackageExplorerPart.java:538)
	at org.eclipse.ui.OpenAndLinkWithEditorHelper$InternalListener.open(OpenAndLinkWithEditorHelper.java:48)
	at org.eclipse.jface.viewers.StructuredViewer$2.run(StructuredViewer.java:866)
	at org.eclipse.core.runtime.SafeRunner.run(SafeRunner.java:42)
	at org.eclipse.ui.internal.JFaceUtil$1.run(JFaceUtil.java:49)
	at org.eclipse.jface.util.SafeRunnable.run(SafeRunnable.java:175)
	at org.eclipse.jface.viewers.StructuredViewer.fireOpen(StructuredViewer.java:864)
	at org.eclipse.jface.viewers.StructuredViewer.handleOpen(StructuredViewer.java:1152)
	at org.eclipse.jface.viewers.StructuredViewer$6.handleOpen(StructuredViewer.java:1256)
	at org.eclipse.jface.util.OpenStrategy.fireOpenEvent(OpenStrategy.java:275)
	at org.eclipse.jface.util.OpenStrategy.access$2(OpenStrategy.java:269)
	at org.eclipse.jface.util.OpenStrategy$1.handleEvent(OpenStrategy.java:309)
	at org.eclipse.swt.widgets.EventTable.sendEvent(EventTable.java:84)
	at org.eclipse.swt.widgets.Widget.sendEvent(Widget.java:1053)
	at org.eclipse.swt.widgets.Display.runDeferredEvents(Display.java:4165)
	at org.eclipse.swt.widgets.Display.readAndDispatch(Display.java:3754)
	at org.eclipse.ui.internal.Workbench.runEventLoop(Workbench.java:2701)
	at org.eclipse.ui.internal.Workbench.runUI(Workbench.java:2665)
	at org.eclipse.ui.internal.Workbench.access$4(Workbench.java:2499)
	at org.eclipse.ui.internal.Workbench$7.run(Workbench.java:679)
	at org.eclipse.core.databinding.observable.Realm.runWithDefault(Realm.java:332)
	at org.eclipse.ui.internal.Workbench.createAndRunWorkbench(Workbench.java:668)
	at org.eclipse.ui.PlatformUI.createAndRunWorkbench(PlatformUI.java:149)
	at org.eclipse.ui.internal.ide.application.IDEApplication.start(IDEApplication.java:123)
	at org.eclipse.equinox.internal.app.EclipseAppHandle.run(EclipseAppHandle.java:196)
	at org.eclipse.core.runtime.internal.adaptor.EclipseAppLauncher.runApplication(EclipseAppLauncher.java:110)
	at org.eclipse.core.runtime.internal.adaptor.EclipseAppLauncher.start(EclipseAppLauncher.java:79)
	at org.eclipse.core.runtime.adaptor.EclipseStarter.run(EclipseStarter.java:344)
	at org.eclipse.core.runtime.adaptor.EclipseStarter.run(EclipseStarter.java:179)
	at sun.reflect.NativeMethodAccessorImpl.invoke0(Native Method)
	at sun.reflect.NativeMethodAccessorImpl.invoke(Unknown Source)
	at sun.reflect.DelegatingMethodAccessorImpl.invoke(Unknown Source)
	at java.lang.reflect.Method.invoke(Unknown Source)
	at org.eclipse.equinox.launcher.Main.invokeFramework(Main.java:622)
	at org.eclipse.equinox.launcher.Main.basicRun(Main.java:577)
	at org.eclipse.equinox.launcher.Main.run(Main.java:1410)
	at org.eclipse.equinox.launcher.Main.main(Main.java:1386)
Caused by: org.eclipse.core.internal.resources.ResourceException: Resource is out of sync with the file system: '/MCA Demo org/src/classes/SubmissionWizardController.cls'.
	at org.eclipse.core.internal.localstore.FileSystemResourceManager.read(FileSystemResourceManager.java:793)
	at org.eclipse.core.internal.resources.File.getContents(File.java:289)
	at org.eclipse.core.internal.resources.File.getContents(File.java:278)
	at com.salesforce.ide.core.internal.utils.Utils.getContentString(Utils.java:933)
	at com.salesforce.ide.core.model.ComponentResource.getContentString(ComponentResource.java:522)
	at com.salesforce.ide.core.model.ComponentResource.loadBodyFromFile(ComponentResource.java:486)
	at com.salesforce.ide.core.model.ComponentResource.loadFromFile(ComponentResource.java:469)
	at com.salesforce.ide.core.factories.ComponentFactory.getComponentFromFile(ComponentFactory.java:880)
	... 80 more
 WARN [2015-06-23 19:53:40,779] (BaseComponentMultiPageEditorPart.java:setInput:143) - Unable to open S-Control Editor for file 'SubmissionWizard.page'
com.salesforce.ide.core.factories.FactoryException: org.eclipse.core.internal.resources.ResourceException: Resource is out of sync with the file system: '/MCA Demo org/src/pages/SubmissionWizard.page'.
	at com.salesforce.ide.core.factories.ComponentFactory.getComponentFromFile(ComponentFactory.java:882)
	at com.salesforce.ide.ui.editors.internal.BaseComponentMultiPageEditorPart.setInput(BaseComponentMultiPageEditorPart.java:115)
	at org.eclipse.ui.part.MultiPageEditorPart.init(MultiPageEditorPart.java:777)
	at com.salesforce.ide.ui.editors.internal.BaseComponentMultiPageEditorPart.init(BaseComponentMultiPageEditorPart.java:102)
	at com.salesforce.ide.ui.editors.scontrol.SControlMultiPageEditor.init(SControlMultiPageEditor.java:60)
	at org.eclipse.ui.internal.EditorManager.createSite(EditorManager.java:828)
	at org.eclipse.ui.internal.EditorReference.createPartHelper(EditorReference.java:647)
	at org.eclipse.ui.internal.EditorReference.createPart(EditorReference.java:465)
	at org.eclipse.ui.internal.WorkbenchPartReference.getPart(WorkbenchPartReference.java:595)
	at org.eclipse.ui.internal.PartPane.setVisible(PartPane.java:313)
	at org.eclipse.ui.internal.presentations.PresentablePart.setVisible(PresentablePart.java:180)
	at org.eclipse.ui.internal.presentations.util.PresentablePartFolder.select(PresentablePartFolder.java:270)
	at org.eclipse.ui.internal.presentations.util.LeftToRightTabOrder.select(LeftToRightTabOrder.java:65)
	at org.eclipse.ui.internal.presentations.util.TabbedStackPresentation.selectPart(TabbedStackPresentation.java:473)
	at org.eclipse.ui.internal.PartStack.refreshPresentationSelection(PartStack.java:1245)
	at org.eclipse.ui.internal.PartStack.setSelection(PartStack.java:1198)
	at org.eclipse.ui.internal.PartStack.showPart(PartStack.java:1597)
	at org.eclipse.ui.internal.PartStack.add(PartStack.java:493)
	at org.eclipse.ui.internal.EditorStack.add(EditorStack.java:103)
	at org.eclipse.ui.internal.PartStack.add(PartStack.java:479)
	at org.eclipse.ui.internal.EditorStack.add(EditorStack.java:112)
	at org.eclipse.ui.internal.EditorSashContainer.addEditor(EditorSashContainer.java:63)
	at org.eclipse.ui.internal.EditorAreaHelper.addToLayout(EditorAreaHelper.java:225)
	at org.eclipse.ui.internal.EditorAreaHelper.addEditor(EditorAreaHelper.java:213)
	at org.eclipse.ui.internal.EditorManager.createEditorTab(EditorManager.java:808)
	at org.eclipse.ui.internal.EditorManager.openEditorFromDescriptor(EditorManager.java:707)
	at org.eclipse.ui.internal.EditorManager.openEditor(EditorManager.java:666)
	at org.eclipse.ui.internal.WorkbenchPage.busyOpenEditorBatched(WorkbenchPage.java:2942)
	at org.eclipse.ui.internal.WorkbenchPage.busyOpenEditor(WorkbenchPage.java:2850)
	at org.eclipse.ui.internal.WorkbenchPage.access$11(WorkbenchPage.java:2842)
	at org.eclipse.ui.internal.WorkbenchPage$10.run(WorkbenchPage.java:2793)
	at org.eclipse.swt.custom.BusyIndicator.showWhile(BusyIndicator.java:70)
	at org.eclipse.ui.internal.WorkbenchPage.openEditor(WorkbenchPage.java:2789)
	at org.eclipse.ui.internal.WorkbenchPage.openEditor(WorkbenchPage.java:2773)
	at org.eclipse.ui.internal.WorkbenchPage.openEditor(WorkbenchPage.java:2764)
	at org.eclipse.ui.ide.IDE.openEditor(IDE.java:651)
	at org.eclipse.ui.ide.IDE.openEditor(IDE.java:610)
	at org.eclipse.jdt.internal.ui.javaeditor.EditorUtility.openInEditor(EditorUtility.java:355)
	at org.eclipse.jdt.internal.ui.javaeditor.EditorUtility.openInEditor(EditorUtility.java:164)
	at org.eclipse.jdt.ui.actions.OpenAction.run(OpenAction.java:249)
	at org.eclipse.jdt.ui.actions.OpenAction.run(OpenAction.java:228)
	at org.eclipse.jdt.ui.actions.SelectionDispatchAction.dispatchRun(SelectionDispatchAction.java:275)
	at org.eclipse.jdt.ui.actions.SelectionDispatchAction.run(SelectionDispatchAction.java:251)
	at org.eclipse.jdt.internal.ui.packageview.PackageExplorerActionGroup.handleOpen(PackageExplorerActionGroup.java:376)
	at org.eclipse.jdt.internal.ui.packageview.PackageExplorerPart$4.open(PackageExplorerPart.java:538)
	at org.eclipse.ui.OpenAndLinkWithEditorHelper$InternalListener.open(OpenAndLinkWithEditorHelper.java:48)
	at org.eclipse.jface.viewers.StructuredViewer$2.run(StructuredViewer.java:866)
	at org.eclipse.core.runtime.SafeRunner.run(SafeRunner.java:42)
	at org.eclipse.ui.internal.JFaceUtil$1.run(JFaceUtil.java:49)
	at org.eclipse.jface.util.SafeRunnable.run(SafeRunnable.java:175)
	at org.eclipse.jface.viewers.StructuredViewer.fireOpen(StructuredViewer.java:864)
	at org.eclipse.jface.viewers.StructuredViewer.handleOpen(StructuredViewer.java:1152)
	at org.eclipse.jface.viewers.StructuredViewer$6.handleOpen(StructuredViewer.java:1256)
	at org.eclipse.jface.util.OpenStrategy.fireOpenEvent(OpenStrategy.java:275)
	at org.eclipse.jface.util.OpenStrategy.access$2(OpenStrategy.java:269)
	at org.eclipse.jface.util.OpenStrategy$1.handleEvent(OpenStrategy.java:309)
	at org.eclipse.swt.widgets.EventTable.sendEvent(EventTable.java:84)
	at org.eclipse.swt.widgets.Widget.sendEvent(Widget.java:1053)
	at org.eclipse.swt.widgets.Display.runDeferredEvents(Display.java:4165)
	at org.eclipse.swt.widgets.Display.readAndDispatch(Display.java:3754)
	at org.eclipse.ui.internal.Workbench.runEventLoop(Workbench.java:2701)
	at org.eclipse.ui.internal.Workbench.runUI(Workbench.java:2665)
	at org.eclipse.ui.internal.Workbench.access$4(Workbench.java:2499)
	at org.eclipse.ui.internal.Workbench$7.run(Workbench.java:679)
	at org.eclipse.core.databinding.observable.Realm.runWithDefault(Realm.java:332)
	at org.eclipse.ui.internal.Workbench.createAndRunWorkbench(Workbench.java:668)
	at org.eclipse.ui.PlatformUI.createAndRunWorkbench(PlatformUI.java:149)
	at org.eclipse.ui.internal.ide.application.IDEApplication.start(IDEApplication.java:123)
	at org.eclipse.equinox.internal.app.EclipseAppHandle.run(EclipseAppHandle.java:196)
	at org.eclipse.core.runtime.internal.adaptor.EclipseAppLauncher.runApplication(EclipseAppLauncher.java:110)
	at org.eclipse.core.runtime.internal.adaptor.EclipseAppLauncher.start(EclipseAppLauncher.java:79)
	at org.eclipse.core.runtime.adaptor.EclipseStarter.run(EclipseStarter.java:344)
	at org.eclipse.core.runtime.adaptor.EclipseStarter.run(EclipseStarter.java:179)
	at sun.reflect.NativeMethodAccessorImpl.invoke0(Native Method)
	at sun.reflect.NativeMethodAccessorImpl.invoke(Unknown Source)
	at sun.reflect.DelegatingMethodAccessorImpl.invoke(Unknown Source)
	at java.lang.reflect.Method.invoke(Unknown Source)
	at org.eclipse.equinox.launcher.Main.invokeFramework(Main.java:622)
	at org.eclipse.equinox.launcher.Main.basicRun(Main.java:577)
	at org.eclipse.equinox.launcher.Main.run(Main.java:1410)
	at org.eclipse.equinox.launcher.Main.main(Main.java:1386)
Caused by: org.eclipse.core.internal.resources.ResourceException: Resource is out of sync with the file system: '/MCA Demo org/src/pages/SubmissionWizard.page'.
	at org.eclipse.core.internal.localstore.FileSystemResourceManager.read(FileSystemResourceManager.java:793)
	at org.eclipse.core.internal.resources.File.getContents(File.java:289)
	at org.eclipse.core.internal.resources.File.getContents(File.java:278)
	at com.salesforce.ide.core.internal.utils.Utils.getContentString(Utils.java:933)
	at com.salesforce.ide.core.model.ComponentResource.getContentString(ComponentResource.java:522)
	at com.salesforce.ide.core.model.ComponentResource.loadBodyFromFile(ComponentResource.java:486)
	at com.salesforce.ide.core.model.ComponentResource.loadFromFile(ComponentResource.java:469)
	at com.salesforce.ide.core.factories.ComponentFactory.getComponentFromFile(ComponentFactory.java:880)
	... 80 more
ERROR [2015-06-23 19:53:46,359] (ComponentList.java:add:352) - Unable to get composite component from filepath 'pages/SubmissionWizard.page-meta.xml'org.eclipse.core.internal.resources.ResourceException: Resource is out of sync with the file system: '/MCA Demo org/src/pages/SubmissionWizard.page-meta.xml'.
 WARN [2015-06-23 19:54:06,908] (ConnectionFactory.java:clearCache:212) - Clearing the following cached connections
 WARN [2015-06-23 19:54:06,913] (DescribeObjectRegistry.java:clearCache:657) - Clearing cached describes
 WARN [2015-06-23 19:54:06,917] (MetadataFactory.java:clearCache:123) - Clearing the following cached metadata stubs
 WARN [2015-06-23 19:54:38,991] (BaseComponentMultiPageEditorPart.java:setInput:143) - Unable to open Apex Editor for file 'SubmissionWizardController.cls'
com.salesforce.ide.core.factories.FactoryException: org.eclipse.core.internal.resources.ResourceException: Resource is out of sync with the file system: '/MCA Demo org/src/classes/SubmissionWizardController.cls'.
	at com.salesforce.ide.core.factories.ComponentFactory.getComponentFromFile(ComponentFactory.java:882)
	at com.salesforce.ide.ui.editors.internal.BaseComponentMultiPageEditorPart.setInput(BaseComponentMultiPageEditorPart.java:115)
	at org.eclipse.ui.part.MultiPageEditorPart.init(MultiPageEditorPart.java:777)
	at com.salesforce.ide.ui.editors.internal.BaseComponentMultiPageEditorPart.init(BaseComponentMultiPageEditorPart.java:102)
	at com.salesforce.ide.ui.editors.apex.ApexCodeMultiPageEditor.init(ApexCodeMultiPageEditor.java:55)
	at org.eclipse.ui.internal.EditorManager.createSite(EditorManager.java:828)
	at org.eclipse.ui.internal.EditorReference.createPartHelper(EditorReference.java:647)
	at org.eclipse.ui.internal.EditorReference.createPart(EditorReference.java:465)
	at org.eclipse.ui.internal.WorkbenchPartReference.getPart(WorkbenchPartReference.java:595)
	at org.eclipse.ui.internal.PartPane.setVisible(PartPane.java:313)
	at org.eclipse.ui.internal.presentations.PresentablePart.setVisible(PresentablePart.java:180)
	at org.eclipse.ui.internal.presentations.util.PresentablePartFolder.select(PresentablePartFolder.java:270)
	at org.eclipse.ui.internal.presentations.util.LeftToRightTabOrder.select(LeftToRightTabOrder.java:65)
	at org.eclipse.ui.internal.presentations.util.TabbedStackPresentation.selectPart(TabbedStackPresentation.java:473)
	at org.eclipse.ui.internal.PartStack.refreshPresentationSelection(PartStack.java:1245)
	at org.eclipse.ui.internal.PartStack.setSelection(PartStack.java:1198)
	at org.eclipse.ui.internal.PartStack.showPart(PartStack.java:1597)
	at org.eclipse.ui.internal.PartStack.add(PartStack.java:493)
	at org.eclipse.ui.internal.EditorStack.add(EditorStack.java:103)
	at org.eclipse.ui.internal.PartStack.add(PartStack.java:479)
	at org.eclipse.ui.internal.EditorStack.add(EditorStack.java:112)
	at org.eclipse.ui.internal.EditorSashContainer.addEditor(EditorSashContainer.java:63)
	at org.eclipse.ui.internal.EditorAreaHelper.addToLayout(EditorAreaHelper.java:225)
	at org.eclipse.ui.internal.EditorAreaHelper.addEditor(EditorAreaHelper.java:213)
	at org.eclipse.ui.internal.EditorManager.createEditorTab(EditorManager.java:808)
	at org.eclipse.ui.internal.EditorManager.openEditorFromDescriptor(EditorManager.java:707)
	at org.eclipse.ui.internal.EditorManager.openEditor(EditorManager.java:666)
	at org.eclipse.ui.internal.WorkbenchPage.busyOpenEditorBatched(WorkbenchPage.java:2942)
	at org.eclipse.ui.internal.WorkbenchPage.busyOpenEditor(WorkbenchPage.java:2850)
	at org.eclipse.ui.internal.WorkbenchPage.access$11(WorkbenchPage.java:2842)
	at org.eclipse.ui.internal.WorkbenchPage$10.run(WorkbenchPage.java:2793)
	at org.eclipse.swt.custom.BusyIndicator.showWhile(BusyIndicator.java:70)
	at org.eclipse.ui.internal.WorkbenchPage.openEditor(WorkbenchPage.java:2789)
	at org.eclipse.ui.internal.WorkbenchPage.openEditor(WorkbenchPage.java:2773)
	at org.eclipse.ui.internal.WorkbenchPage.openEditor(WorkbenchPage.java:2764)
	at org.eclipse.ui.ide.IDE.openEditor(IDE.java:651)
	at org.eclipse.ui.ide.IDE.openEditor(IDE.java:610)
	at org.eclipse.jdt.internal.ui.javaeditor.EditorUtility.openInEditor(EditorUtility.java:355)
	at org.eclipse.jdt.internal.ui.javaeditor.EditorUtility.openInEditor(EditorUtility.java:164)
	at org.eclipse.jdt.ui.actions.OpenAction.run(OpenAction.java:249)
	at org.eclipse.jdt.ui.actions.OpenAction.run(OpenAction.java:228)
	at org.eclipse.jdt.ui.actions.SelectionDispatchAction.dispatchRun(SelectionDispatchAction.java:275)
	at org.eclipse.jdt.ui.actions.SelectionDispatchAction.run(SelectionDispatchAction.java:251)
	at org.eclipse.jdt.internal.ui.packageview.PackageExplorerActionGroup.handleOpen(PackageExplorerActionGroup.java:376)
	at org.eclipse.jdt.internal.ui.packageview.PackageExplorerPart$4.open(PackageExplorerPart.java:538)
	at org.eclipse.ui.OpenAndLinkWithEditorHelper$InternalListener.open(OpenAndLinkWithEditorHelper.java:48)
	at org.eclipse.jface.viewers.StructuredViewer$2.run(StructuredViewer.java:866)
	at org.eclipse.core.runtime.SafeRunner.run(SafeRunner.java:42)
	at org.eclipse.ui.internal.JFaceUtil$1.run(JFaceUtil.java:49)
	at org.eclipse.jface.util.SafeRunnable.run(SafeRunnable.java:175)
	at org.eclipse.jface.viewers.StructuredViewer.fireOpen(StructuredViewer.java:864)
	at org.eclipse.jface.viewers.StructuredViewer.handleOpen(StructuredViewer.java:1152)
	at org.eclipse.jface.viewers.StructuredViewer$6.handleOpen(StructuredViewer.java:1256)
	at org.eclipse.jface.util.OpenStrategy.fireOpenEvent(OpenStrategy.java:275)
	at org.eclipse.jface.util.OpenStrategy.access$2(OpenStrategy.java:269)
	at org.eclipse.jface.util.OpenStrategy$1.handleEvent(OpenStrategy.java:309)
	at org.eclipse.swt.widgets.EventTable.sendEvent(EventTable.java:84)
	at org.eclipse.swt.widgets.Widget.sendEvent(Widget.java:1053)
	at org.eclipse.swt.widgets.Display.runDeferredEvents(Display.java:4165)
	at org.eclipse.swt.widgets.Display.readAndDispatch(Display.java:3754)
	at org.eclipse.ui.internal.Workbench.runEventLoop(Workbench.java:2701)
	at org.eclipse.ui.internal.Workbench.runUI(Workbench.java:2665)
	at org.eclipse.ui.internal.Workbench.access$4(Workbench.java:2499)
	at org.eclipse.ui.internal.Workbench$7.run(Workbench.java:679)
	at org.eclipse.core.databinding.observable.Realm.runWithDefault(Realm.java:332)
	at org.eclipse.ui.internal.Workbench.createAndRunWorkbench(Workbench.java:668)
	at org.eclipse.ui.PlatformUI.createAndRunWorkbench(PlatformUI.java:149)
	at org.eclipse.ui.internal.ide.application.IDEApplication.start(IDEApplication.java:123)
	at org.eclipse.equinox.internal.app.EclipseAppHandle.run(EclipseAppHandle.java:196)
	at org.eclipse.core.runtime.internal.adaptor.EclipseAppLauncher.runApplication(EclipseAppLauncher.java:110)
	at org.eclipse.core.runtime.internal.adaptor.EclipseAppLauncher.start(EclipseAppLauncher.java:79)
	at org.eclipse.core.runtime.adaptor.EclipseStarter.run(EclipseStarter.java:344)
	at org.eclipse.core.runtime.adaptor.EclipseStarter.run(EclipseStarter.java:179)
	at sun.reflect.NativeMethodAccessorImpl.invoke0(Native Method)
	at sun.reflect.NativeMethodAccessorImpl.invoke(Unknown Source)
	at sun.reflect.DelegatingMethodAccessorImpl.invoke(Unknown Source)
	at java.lang.reflect.Method.invoke(Unknown Source)
	at org.eclipse.equinox.launcher.Main.invokeFramework(Main.java:622)
	at org.eclipse.equinox.launcher.Main.basicRun(Main.java:577)
	at org.eclipse.equinox.launcher.Main.run(Main.java:1410)
	at org.eclipse.equinox.launcher.Main.main(Main.java:1386)
Caused by: org.eclipse.core.internal.resources.ResourceException: Resource is out of sync with the file system: '/MCA Demo org/src/classes/SubmissionWizardController.cls'.
	at org.eclipse.core.internal.localstore.FileSystemResourceManager.read(FileSystemResourceManager.java:793)
	at org.eclipse.core.internal.resources.File.getContents(File.java:289)
	at org.eclipse.core.internal.resources.File.getContents(File.java:278)
	at com.salesforce.ide.core.internal.utils.Utils.getContentString(Utils.java:933)
	at com.salesforce.ide.core.model.ComponentResource.getContentString(ComponentResource.java:522)
	at com.salesforce.ide.core.model.ComponentResource.loadBodyFromFile(ComponentResource.java:486)
	at com.salesforce.ide.core.model.ComponentResource.loadFromFile(ComponentResource.java:469)
	at com.salesforce.ide.core.factories.ComponentFactory.getComponentFromFile(ComponentFactory.java:880)
	... 80 more
 WARN [2015-06-23 19:55:36,862] (ConnectionFactory.java:clearCache:212) - Clearing the following cached connections
 WARN [2015-06-23 19:55:36,880] (DescribeObjectRegistry.java:clearCache:657) - Clearing cached describes
 WARN [2015-06-23 19:55:36,884] (MetadataFactory.java:clearCache:120) - No cached metadata stubs
 WARN [2015-06-24 11:35:52,235] (BuilderPayload.java:handleConflict:377) - Conflict found while preparing to save 'MCATabPage.page' to server.  Remote instance has been updated since last save or sync.  Use the Synchronize Perspective to resolve the conflict.
 WARN [2015-06-24 11:35:56,686] (BuilderPayload.java:handleConflict:377) - Conflict found while preparing to save 'MCATabPage.page' to server.  Remote instance has been updated since last save or sync.  Use the Synchronize Perspective to resolve the conflict.
 WARN [2015-06-24 12:00:08,648] (ProjectService.java:handleDeployResult:1909) - Save failed!
 WARN [2015-06-24 12:00:08,660] (ProjectService.java:handleRetrieveResult:2085) - Nothing to save to project - retrieve result is empty
 WARN [2015-06-24 12:02:51,654] (ProjectService.java:handleDeployResult:1909) - Save failed!
 WARN [2015-06-24 12:02:51,667] (ProjectService.java:handleRetrieveResult:2085) - Nothing to save to project - retrieve result is empty
 WARN [2015-06-24 12:26:54,427] (ResolveChainedReturnTypeProposal.java:staticMethodReturnType:279) - Core exception happened on Apex class 'SCHEMA' in project 'MCA Dev Org'
org.eclipse.core.runtime.CoreException: Unable to locate class 'SCHEMA' in project 'MCA Dev Org'
	at com.salesforce.ide.ui.editors.apex.ast.IdeApexParserFactory.lookupApexClzOrTrigger(IdeApexParserFactory.java:77)
	at com.salesforce.ide.ui.editors.apex.ast.IdeApexParserFactory.newParser(IdeApexParserFactory.java:34)
	at com.salesforce.ide.ui.editors.apex.assistance.proposals.ResolveChainedReturnTypeProposal$ResolveStaticMethodReturnType.staticMethodReturnType(ResolveChainedReturnTypeProposal.java:246)
	at com.salesforce.ide.ui.editors.apex.assistance.proposals.ResolveChainedReturnTypeProposal$ResolveStaticMethodReturnType.resolveChainedReturnType(ResolveChainedReturnTypeProposal.java:207)
	at com.salesforce.ide.ui.editors.apex.assistance.proposals.ResolveChainedReturnTypeProposal.resolveVarType(ResolveChainedReturnTypeProposal.java:59)
	at com.salesforce.ide.ui.editors.apex.assistance.proposals.ResolveInstVarProposal.construct(ResolveInstVarProposal.java:38)
	at com.salesforce.ide.ui.editors.apex.assistance.proposals.ProposalAggregator.construct(ProposalAggregator.java:171)
	at com.salesforce.ide.ui.editors.apex.assistance.proposals.ApexCompletionProposalDelegate.construct(ApexCompletionProposalDelegate.java:88)
	at com.salesforce.ide.ui.editors.apex.assistance.ApexCompletionProcessor.computeCompletionProposals(ApexCompletionProcessor.java:93)
	at org.eclipse.jface.text.contentassist.ContentAssistant.computeCompletionProposals(ContentAssistant.java:1830)
	at org.eclipse.jface.text.contentassist.CompletionProposalPopup.computeProposals(CompletionProposalPopup.java:556)
	at org.eclipse.jface.text.contentassist.CompletionProposalPopup.access$16(CompletionProposalPopup.java:553)
	at org.eclipse.jface.text.contentassist.CompletionProposalPopup$2.run(CompletionProposalPopup.java:488)
	at org.eclipse.swt.custom.BusyIndicator.showWhile(BusyIndicator.java:70)
	at org.eclipse.jface.text.contentassist.CompletionProposalPopup.showProposals(CompletionProposalPopup.java:482)
	at org.eclipse.jface.text.contentassist.ContentAssistant$2.run(ContentAssistant.java:377)
	at org.eclipse.swt.widgets.RunnableLock.run(RunnableLock.java:35)
	at org.eclipse.swt.widgets.Synchronizer.runAsyncMessages(Synchronizer.java:135)
	at org.eclipse.swt.widgets.Display.runAsyncMessages(Display.java:4140)
	at org.eclipse.swt.widgets.Display.readAndDispatch(Display.java:3757)
	at org.eclipse.ui.internal.Workbench.runEventLoop(Workbench.java:2701)
	at org.eclipse.ui.internal.Workbench.runUI(Workbench.java:2665)
	at org.eclipse.ui.internal.Workbench.access$4(Workbench.java:2499)
	at org.eclipse.ui.internal.Workbench$7.run(Workbench.java:679)
	at org.eclipse.core.databinding.observable.Realm.runWithDefault(Realm.java:332)
	at org.eclipse.ui.internal.Workbench.createAndRunWorkbench(Workbench.java:668)
	at org.eclipse.ui.PlatformUI.createAndRunWorkbench(PlatformUI.java:149)
	at org.eclipse.ui.internal.ide.application.IDEApplication.start(IDEApplication.java:123)
	at org.eclipse.equinox.internal.app.EclipseAppHandle.run(EclipseAppHandle.java:196)
	at org.eclipse.core.runtime.internal.adaptor.EclipseAppLauncher.runApplication(EclipseAppLauncher.java:110)
	at org.eclipse.core.runtime.internal.adaptor.EclipseAppLauncher.start(EclipseAppLauncher.java:79)
	at org.eclipse.core.runtime.adaptor.EclipseStarter.run(EclipseStarter.java:344)
	at org.eclipse.core.runtime.adaptor.EclipseStarter.run(EclipseStarter.java:179)
	at sun.reflect.NativeMethodAccessorImpl.invoke0(Native Method)
	at sun.reflect.NativeMethodAccessorImpl.invoke(Unknown Source)
	at sun.reflect.DelegatingMethodAccessorImpl.invoke(Unknown Source)
	at java.lang.reflect.Method.invoke(Unknown Source)
	at org.eclipse.equinox.launcher.Main.invokeFramework(Main.java:622)
	at org.eclipse.equinox.launcher.Main.basicRun(Main.java:577)
	at org.eclipse.equinox.launcher.Main.run(Main.java:1410)
	at org.eclipse.equinox.launcher.Main.main(Main.java:1386)
